1099596916	betfair	http://betfair.se/
1099596916	betfair	http://betfair.se:2082/
1099596916	betfair	http://betfair.se:2086/
1099596916	betfair	http://betfair.se:8080/
1099596916	betfair	http://betfair.se:8880/
1099596916	betfair	http://fcq.betfair.se/
1099596916	betfair	http://maintenance.betfair.se/
1099596916	betfair	http://maintenance.betfair.se:8080/
1099596916	betfair	http://myfunds.betfair.se/
1099596916	betfair	http://myfunds.betfair.se:8080/
1099596916	betfair	http://play.betfair.se/
1099596916	betfair	http://play.betfair.se:8080/
1099596916	betfair	http://promotions.betfair.se/
1099596916	betfair	http://promotions.betfair.se:8080/
1099596916	betfair	https://betfair.se/
1099596916	betfair	https://betfair.se:2087/
1099596916	betfair	https://betfair.se:8443/
1099596916	betfair	https://fcq.betfair.se/
1099596916	betfair	https://identitysso.betfair.se/
1099596916	betfair	https://maintenance.betfair.se/
1099596916	betfair	https://myfunds.betfair.se/
1099596916	betfair	http://splash.betfair.se/
1099596916	betfair	https://play.betfair.se/
1099596916	betfair	https://promotions.betfair.se/
1099596916	betfair	http://ssc.betfair.se/
1099596916	betfair	http://ssc.betfair.se:8080/
1099596916	betfair	https://splash.betfair.se/
1099596916	betfair	https://ssc.betfair.se/
1099596916	betfair	https://www.betfair.se/
1099596916	betfair	http://www.betfair.se/
1099596916	betfair	http://www.betfair.se:8080/
e1a5e31d7c92c7ad54b8fd072f53b1b5	betfair	http://betfair.se/
e1a5e31d7c92c7ad54b8fd072f53b1b5	betfair	http://betfair.se:2082/
e1a5e31d7c92c7ad54b8fd072f53b1b5	betfair	http://betfair.se:2086/
e1a5e31d7c92c7ad54b8fd072f53b1b5	betfair	http://betfair.se:8080/
e1a5e31d7c92c7ad54b8fd072f53b1b5	betfair	http://betfair.se:8880/
e1a5e31d7c92c7ad54b8fd072f53b1b5	betfair	http://fcq.betfair.se/
e1a5e31d7c92c7ad54b8fd072f53b1b5	betfair	http://maintenance.betfair.se/
e1a5e31d7c92c7ad54b8fd072f53b1b5	betfair	http://maintenance.betfair.se:8080/
e1a5e31d7c92c7ad54b8fd072f53b1b5	betfair	http://myfunds.betfair.se/
e1a5e31d7c92c7ad54b8fd072f53b1b5	betfair	http://myfunds.betfair.se:8080/
e1a5e31d7c92c7ad54b8fd072f53b1b5	betfair	http://play.betfair.se/
e1a5e31d7c92c7ad54b8fd072f53b1b5	betfair	http://play.betfair.se:8080/
e1a5e31d7c92c7ad54b8fd072f53b1b5	betfair	http://promotions.betfair.se/
e1a5e31d7c92c7ad54b8fd072f53b1b5	betfair	http://promotions.betfair.se:8080/
e1a5e31d7c92c7ad54b8fd072f53b1b5	betfair	https://betfair.se/
e1a5e31d7c92c7ad54b8fd072f53b1b5	betfair	https://betfair.se:2087/
e1a5e31d7c92c7ad54b8fd072f53b1b5	betfair	https://betfair.se:8443/
e1a5e31d7c92c7ad54b8fd072f53b1b5	betfair	https://fcq.betfair.se/
e1a5e31d7c92c7ad54b8fd072f53b1b5	betfair	https://identitysso.betfair.se/
e1a5e31d7c92c7ad54b8fd072f53b1b5	betfair	https://maintenance.betfair.se/
e1a5e31d7c92c7ad54b8fd072f53b1b5	betfair	https://myfunds.betfair.se/
e1a5e31d7c92c7ad54b8fd072f53b1b5	betfair	http://splash.betfair.se/
e1a5e31d7c92c7ad54b8fd072f53b1b5	betfair	https://play.betfair.se/
e1a5e31d7c92c7ad54b8fd072f53b1b5	betfair	https://promotions.betfair.se/
e1a5e31d7c92c7ad54b8fd072f53b1b5	betfair	http://ssc.betfair.se/
e1a5e31d7c92c7ad54b8fd072f53b1b5	betfair	http://ssc.betfair.se:8080/
e1a5e31d7c92c7ad54b8fd072f53b1b5	betfair	https://splash.betfair.se/
e1a5e31d7c92c7ad54b8fd072f53b1b5	betfair	https://ssc.betfair.se/
e1a5e31d7c92c7ad54b8fd072f53b1b5	betfair	https://www.betfair.se/
e1a5e31d7c92c7ad54b8fd072f53b1b5	betfair	http://www.betfair.se/
e1a5e31d7c92c7ad54b8fd072f53b1b5	betfair	http://www.betfair.se:8080/
