1099596916	betfair	http://betfair.it/
1099596916	betfair	http://betfair.it:2052/
1099596916	betfair	http://betfair.it:2082/
1099596916	betfair	http://betfair.it:2086/
1099596916	betfair	http://betfair.it:8080/
1099596916	betfair	http://betfair.it:8880/
1099596916	betfair	http://cashrace.betfair.it/
1099596916	betfair	http://cashrace.betfair.it:8080/
1099596916	betfair	http://ie1-launcher.betfair.it/
1099596916	betfair	http://maintenance.betfair.it/
1099596916	betfair	http://maintenance.betfair.it:8080/
1099596916	betfair	http://myfunds.betfair.it/
1099596916	betfair	http://myfunds.betfair.it:8080/
1099596916	betfair	http://partnerships.betfair.it/
1099596916	betfair	http://partnerships.betfair.it:8080/
1099596916	betfair	http://play.betfair.it/
1099596916	betfair	http://play.betfair.it:8080/
1099596916	betfair	http://poker.betfair.it/
1099596916	betfair	http://poker.betfair.it:8080/
1099596916	betfair	http://promotions.betfair.it/
1099596916	betfair	http://promotions.betfair.it:8080/
1099596916	betfair	https://betfair.it/
1099596916	betfair	https://betfair.it:2083/
1099596916	betfair	https://betfair.it:2087/
1099596916	betfair	https://betfair.it:2096/
1099596916	betfair	https://betfair.it:8443/
1099596916	betfair	https://cashrace.betfair.it/
1099596916	betfair	http://scommesse.betfair.it/
1099596916	betfair	http://scommesse.betfair.it:8080/
1099596916	betfair	http://scommesseonline.betfair.it/
1099596916	betfair	http://scommesseonline.betfair.it:8080/
1099596916	betfair	http://segnalaeguadagna.betfair.it/
1099596916	betfair	http://segnalaeguadagna.betfair.it:8080/
1099596916	betfair	https://identitysso.betfair.it/
1099596916	betfair	https://ie1-launcher.betfair.it/
1099596916	betfair	https://maintenance.betfair.it/
1099596916	betfair	https://myfunds.betfair.it/
1099596916	betfair	https://partnerships.betfair.it/
1099596916	betfair	https://play.betfair.it/
1099596916	betfair	https://poker.betfair.it/
1099596916	betfair	https://promotions.betfair.it/
1099596916	betfair	http://ssc.betfair.it/
1099596916	betfair	http://ssc.betfair.it:8080/
1099596916	betfair	https://scommesse.betfair.it/
1099596916	betfair	https://scommesseonline.betfair.it/
1099596916	betfair	https://segnalaeguadagna.betfair.it/
1099596916	betfair	https://ssc.betfair.it/
1099596916	betfair	https://www.betfair.it/
1099596916	betfair	http://www.betfair.it/
1099596916	betfair	http://www.betfair.it:8080/
e1a5e31d7c92c7ad54b8fd072f53b1b5	betfair	http://betfair.it/
e1a5e31d7c92c7ad54b8fd072f53b1b5	betfair	http://betfair.it:2052/
e1a5e31d7c92c7ad54b8fd072f53b1b5	betfair	http://betfair.it:2082/
e1a5e31d7c92c7ad54b8fd072f53b1b5	betfair	http://betfair.it:2086/
e1a5e31d7c92c7ad54b8fd072f53b1b5	betfair	http://betfair.it:8080/
e1a5e31d7c92c7ad54b8fd072f53b1b5	betfair	http://betfair.it:8880/
e1a5e31d7c92c7ad54b8fd072f53b1b5	betfair	http://cashrace.betfair.it/
e1a5e31d7c92c7ad54b8fd072f53b1b5	betfair	http://cashrace.betfair.it:8080/
e1a5e31d7c92c7ad54b8fd072f53b1b5	betfair	http://ie1-launcher.betfair.it/
e1a5e31d7c92c7ad54b8fd072f53b1b5	betfair	http://maintenance.betfair.it/
e1a5e31d7c92c7ad54b8fd072f53b1b5	betfair	http://maintenance.betfair.it:8080/
e1a5e31d7c92c7ad54b8fd072f53b1b5	betfair	http://myfunds.betfair.it/
e1a5e31d7c92c7ad54b8fd072f53b1b5	betfair	http://myfunds.betfair.it:8080/
e1a5e31d7c92c7ad54b8fd072f53b1b5	betfair	http://partnerships.betfair.it/
e1a5e31d7c92c7ad54b8fd072f53b1b5	betfair	http://partnerships.betfair.it:8080/
e1a5e31d7c92c7ad54b8fd072f53b1b5	betfair	http://play.betfair.it/
e1a5e31d7c92c7ad54b8fd072f53b1b5	betfair	http://play.betfair.it:8080/
e1a5e31d7c92c7ad54b8fd072f53b1b5	betfair	http://poker.betfair.it/
e1a5e31d7c92c7ad54b8fd072f53b1b5	betfair	http://poker.betfair.it:8080/
e1a5e31d7c92c7ad54b8fd072f53b1b5	betfair	http://promotions.betfair.it/
e1a5e31d7c92c7ad54b8fd072f53b1b5	betfair	http://promotions.betfair.it:8080/
e1a5e31d7c92c7ad54b8fd072f53b1b5	betfair	https://betfair.it/
e1a5e31d7c92c7ad54b8fd072f53b1b5	betfair	https://betfair.it:2083/
e1a5e31d7c92c7ad54b8fd072f53b1b5	betfair	https://betfair.it:2087/
e1a5e31d7c92c7ad54b8fd072f53b1b5	betfair	https://betfair.it:2096/
e1a5e31d7c92c7ad54b8fd072f53b1b5	betfair	https://betfair.it:8443/
e1a5e31d7c92c7ad54b8fd072f53b1b5	betfair	https://cashrace.betfair.it/
e1a5e31d7c92c7ad54b8fd072f53b1b5	betfair	http://scommesse.betfair.it/
e1a5e31d7c92c7ad54b8fd072f53b1b5	betfair	http://scommesse.betfair.it:8080/
e1a5e31d7c92c7ad54b8fd072f53b1b5	betfair	http://scommesseonline.betfair.it/
e1a5e31d7c92c7ad54b8fd072f53b1b5	betfair	http://scommesseonline.betfair.it:8080/
e1a5e31d7c92c7ad54b8fd072f53b1b5	betfair	http://segnalaeguadagna.betfair.it/
e1a5e31d7c92c7ad54b8fd072f53b1b5	betfair	http://segnalaeguadagna.betfair.it:8080/
e1a5e31d7c92c7ad54b8fd072f53b1b5	betfair	https://identitysso.betfair.it/
e1a5e31d7c92c7ad54b8fd072f53b1b5	betfair	https://ie1-launcher.betfair.it/
e1a5e31d7c92c7ad54b8fd072f53b1b5	betfair	https://maintenance.betfair.it/
e1a5e31d7c92c7ad54b8fd072f53b1b5	betfair	https://myfunds.betfair.it/
e1a5e31d7c92c7ad54b8fd072f53b1b5	betfair	https://partnerships.betfair.it/
e1a5e31d7c92c7ad54b8fd072f53b1b5	betfair	https://play.betfair.it/
e1a5e31d7c92c7ad54b8fd072f53b1b5	betfair	https://poker.betfair.it/
e1a5e31d7c92c7ad54b8fd072f53b1b5	betfair	https://promotions.betfair.it/
e1a5e31d7c92c7ad54b8fd072f53b1b5	betfair	http://ssc.betfair.it/
e1a5e31d7c92c7ad54b8fd072f53b1b5	betfair	http://ssc.betfair.it:8080/
e1a5e31d7c92c7ad54b8fd072f53b1b5	betfair	https://scommesse.betfair.it/
e1a5e31d7c92c7ad54b8fd072f53b1b5	betfair	https://scommesseonline.betfair.it/
e1a5e31d7c92c7ad54b8fd072f53b1b5	betfair	https://segnalaeguadagna.betfair.it/
e1a5e31d7c92c7ad54b8fd072f53b1b5	betfair	https://ssc.betfair.it/
e1a5e31d7c92c7ad54b8fd072f53b1b5	betfair	https://www.betfair.it/
e1a5e31d7c92c7ad54b8fd072f53b1b5	betfair	http://www.betfair.it/
e1a5e31d7c92c7ad54b8fd072f53b1b5	betfair	http://www.betfair.it:8080/
