116323821	springboot	http://mediasvc-as.sys.comcast.net/
116323821	springboot	http://mediasvc-ho.sys.comcast.net/
116323821	springboot	https://bigid-prod-collibra-connector.sys.comcast.net:8443/
116323821	springboot	https://cameraservice-beta-cvr-aws-eu1.sys.comcast.net/
116323821	springboot	https://cameraservice-cvr-aws-eu1.sys.comcast.net/
116323821	springboot	https://cameraservice-qa-cvr-aws-eu1.sys.comcast.net/
116323821	springboot	https://mediasvc-as.sys.comcast.net/
116323821	springboot	https://mediasvc-ho.sys.comcast.net/
116323821	springboot	https://mediasvc-po.sys.comcast.net/
116323821	springboot	https://mediasvc-wc.sys.comcast.net/
-1441956789	tableau	https://ct-tableau.sys.comcast.net/
1624375939	zimbra	https://aamail.sys.comcast.net/
4a5b37666948d3bab5abd91629070c30	zimbra	https://aamail.sys.comcast.net/
628535358	atlassian	https://ccp.sys.comcast.net/
628535358	atlassian	https://ccp.sys.comcast.net:443/
628535358	atlassian	https://deaa-ccp-stage.sys.comcast.net/
628535358	atlassian	https://deaa-ccp-stage.sys.comcast.net:443/
743365239	atlassian	https://timsapp-as-az2-1p.sys.comcast.net/
743365239	atlassian	https://timsjira.sys.comcast.net/
743365239	atlassian	https://tims.sys.comcast.net/
743365239	atlassian	https://timstest.sys.comcast.net/
855273746	jira	http://ccp.sys.comcast.net/
855273746	jira	http://deaa-ccp-prod.sys.comcast.net/
855273746	jira	http://deaa-ccp-stage.sys.comcast.net/
855273746	jira	http://deaa-tkts-prod.sys.comcast.net/
855273746	jira	http://deaa-tkts-stage.sys.comcast.net/
855273746	jira	http://deaa-tpx-stage.sys.comcast.net/
855273746	jira	https://ccp.sys.comcast.net/
855273746	jira	https://deaa-ccp-prod.sys.comcast.net/
855273746	jira	https://deaa-ccp-stage.sys.comcast.net/
855273746	jira	https://deaa-tkts-prod.sys.comcast.net/
855273746	jira	https://deaa-tkts-stage.sys.comcast.net/
855273746	jira	https://deaa-tpx-stage.sys.comcast.net/
855273746	jira	https://jiradevapp-as-az2-1d.sys.comcast.net/
855273746	jira	https://jiradev.sys.comcast.net/
855273746	jira	https://npsapp-ho-az2-1p.sys.comcast.net/
855273746	jira	https://npselevations.sys.comcast.net/
855273746	jira	https://sdapp-as-az2-1p.sys.comcast.net/
855273746	jira	https://sdjira.sys.comcast.net/
855273746	jira	https://sd.sys.comcast.net/
855273746	jira	https://sdtest.sys.comcast.net/
855273746	jira	https://timsapp-as-az2-1p.sys.comcast.net/
855273746	jira	https://timsjira.sys.comcast.net/
855273746	jira	https://tims.sys.comcast.net/
855273746	jira	https://timstest.sys.comcast.net/
855273746	jira	https://tkts.sys.comcast.net/
855273746	jira	https://tpx.sys.comcast.net/
855273746	jira	http://tkts.sys.comcast.net/
855273746	jira	http://tpx.sys.comcast.net/
e71ed563d9c0742ee87ad93ec1a22238	springboot	http://mediasvc-as.sys.comcast.net/
e71ed563d9c0742ee87ad93ec1a22238	springboot	http://mediasvc-ho.sys.comcast.net/
e71ed563d9c0742ee87ad93ec1a22238	springboot	https://bigid-prod-collibra-connector.sys.comcast.net:8443/
e71ed563d9c0742ee87ad93ec1a22238	springboot	https://cameraservice-beta-cvr-aws-eu1.sys.comcast.net/
e71ed563d9c0742ee87ad93ec1a22238	springboot	https://cameraservice-cvr-aws-eu1.sys.comcast.net/
e71ed563d9c0742ee87ad93ec1a22238	springboot	https://cameraservice-qa-cvr-aws-eu1.sys.comcast.net/
e71ed563d9c0742ee87ad93ec1a22238	springboot	https://mediasvc-as.sys.comcast.net/
e71ed563d9c0742ee87ad93ec1a22238	springboot	https://mediasvc-ho.sys.comcast.net/
e71ed563d9c0742ee87ad93ec1a22238	springboot	https://mediasvc-po.sys.comcast.net/
e71ed563d9c0742ee87ad93ec1a22238	springboot	https://mediasvc-wc.sys.comcast.net/
