116323821	springboot	http://avatar.line.me/
116323821	springboot	http://growthy-analytics.game.line.me/
116323821	springboot	https://avatar.line.me/
116323821	springboot	https://gdc.game.line.me/
116323821	springboot	https://growthy-analytics.game.line.me/
116323821	springboot	https://lush.game.line.me/
116323821	springboot	https://scc.line.me/
116323821	springboot	https://talk-care-cms.line.me/
116323821	springboot	https://wallet-coupon-api-thailand.line.me/
116323821	springboot	https://wallet-coupon-ogp.line.me/
116323821	springboot	http://talk-care-cms.line.me/
-1252041730	vue.js	https://fact-checker.line.me/
e71ed563d9c0742ee87ad93ec1a22238	springboot	http://avatar.line.me/
e71ed563d9c0742ee87ad93ec1a22238	springboot	http://growthy-analytics.game.line.me/
e71ed563d9c0742ee87ad93ec1a22238	springboot	https://avatar.line.me/
e71ed563d9c0742ee87ad93ec1a22238	springboot	https://gdc.game.line.me/
e71ed563d9c0742ee87ad93ec1a22238	springboot	https://growthy-analytics.game.line.me/
e71ed563d9c0742ee87ad93ec1a22238	springboot	https://lush.game.line.me/
e71ed563d9c0742ee87ad93ec1a22238	springboot	https://scc.line.me/
e71ed563d9c0742ee87ad93ec1a22238	springboot	https://talk-care-cms.line.me/
e71ed563d9c0742ee87ad93ec1a22238	springboot	https://wallet-coupon-api-thailand.line.me/
e71ed563d9c0742ee87ad93ec1a22238	springboot	https://wallet-coupon-ogp.line.me/
e71ed563d9c0742ee87ad93ec1a22238	springboot	http://talk-care-cms.line.me/
