116323821	springboot	http://censor.line-apps.com/
116323821	springboot	http://growthy-sandbox-growthywebcollector-80.line-apps.com/
116323821	springboot	http://growthy-staging-growthywebcollector-80.line-apps.com/
116323821	springboot	http://lg-growthy.line-apps.com/
116323821	springboot	http://lg-growthy-sdbx.line-apps.com/
116323821	springboot	http://lg-internal-growthy-sdbx.line-apps.com/
116323821	springboot	http://pty-web.line-apps.com/
116323821	springboot	https://categoryweb.line-apps.com/
116323821	springboot	http://sc-oms-api.line-apps.com/
116323821	springboot	https://fido-rp-pay.line-apps.com/
116323821	springboot	https://growthy-sandbox-growthywebcollector-80.line-apps.com/
116323821	springboot	https://growthy-staging-growthywebcollector-80.line-apps.com/
116323821	springboot	https://lineman.line-apps.com/
116323821	springboot	https://lm-partner-uob.line-apps.com/
116323821	springboot	https://man-api.line-apps.com/
116323821	springboot	https://pty-web.line-apps.com/
116323821	springboot	https://sc-oms-api.line-apps.com/
116323821	springboot	https://wallet-coupon-api.line-apps.com/
e71ed563d9c0742ee87ad93ec1a22238	springboot	http://censor.line-apps.com/
e71ed563d9c0742ee87ad93ec1a22238	springboot	http://growthy-sandbox-growthywebcollector-80.line-apps.com/
e71ed563d9c0742ee87ad93ec1a22238	springboot	http://growthy-staging-growthywebcollector-80.line-apps.com/
e71ed563d9c0742ee87ad93ec1a22238	springboot	http://lg-growthy.line-apps.com/
e71ed563d9c0742ee87ad93ec1a22238	springboot	http://lg-growthy-sdbx.line-apps.com/
e71ed563d9c0742ee87ad93ec1a22238	springboot	http://lg-internal-growthy-sdbx.line-apps.com/
e71ed563d9c0742ee87ad93ec1a22238	springboot	http://pty-web.line-apps.com/
e71ed563d9c0742ee87ad93ec1a22238	springboot	https://categoryweb.line-apps.com/
e71ed563d9c0742ee87ad93ec1a22238	springboot	http://sc-oms-api.line-apps.com/
e71ed563d9c0742ee87ad93ec1a22238	springboot	https://fido-rp-pay.line-apps.com/
e71ed563d9c0742ee87ad93ec1a22238	springboot	https://growthy-sandbox-growthywebcollector-80.line-apps.com/
e71ed563d9c0742ee87ad93ec1a22238	springboot	https://growthy-staging-growthywebcollector-80.line-apps.com/
e71ed563d9c0742ee87ad93ec1a22238	springboot	https://lineman.line-apps.com/
e71ed563d9c0742ee87ad93ec1a22238	springboot	https://lm-partner-uob.line-apps.com/
e71ed563d9c0742ee87ad93ec1a22238	springboot	https://man-api.line-apps.com/
e71ed563d9c0742ee87ad93ec1a22238	springboot	https://pty-web.line-apps.com/
e71ed563d9c0742ee87ad93ec1a22238	springboot	https://sc-oms-api.line-apps.com/
e71ed563d9c0742ee87ad93ec1a22238	springboot	https://wallet-coupon-api.line-apps.com/
