-1897520417	goldman-sachs	http://beta.invest.api.marcus.com/
-1897520417	goldman-sachs	http://invest.api.marcus.com/
-1897520417	goldman-sachs	http://invest.marcus.com/
-1897520417	goldman-sachs	http://kpmg.invest.api.marcus.com/
-1897520417	goldman-sachs	http://kpmg.invest.marcus.com/
-1897520417	goldman-sachs	http://pilot.invest.api.marcus.com/
-1897520417	goldman-sachs	https://beta.invest.api.marcus.com/
-1897520417	goldman-sachs	https://invest.api.marcus.com/
-1897520417	goldman-sachs	https://invest.marcus.com/
-1897520417	goldman-sachs	https://kpmg.invest.api.marcus.com/
-1897520417	goldman-sachs	https://kpmg.invest.marcus.com/
-1897520417	goldman-sachs	https://pilot.invest.api.marcus.com/
76e778ae5fbbb18ba7c575dbc924dfc5	goldman-sachs	http://beta.invest.api.marcus.com/
76e778ae5fbbb18ba7c575dbc924dfc5	goldman-sachs	http://invest.api.marcus.com/
76e778ae5fbbb18ba7c575dbc924dfc5	goldman-sachs	http://invest.marcus.com/
76e778ae5fbbb18ba7c575dbc924dfc5	goldman-sachs	http://kpmg.invest.api.marcus.com/
76e778ae5fbbb18ba7c575dbc924dfc5	goldman-sachs	http://kpmg.invest.marcus.com/
76e778ae5fbbb18ba7c575dbc924dfc5	goldman-sachs	http://pilot.invest.api.marcus.com/
76e778ae5fbbb18ba7c575dbc924dfc5	goldman-sachs	https://beta.invest.api.marcus.com/
76e778ae5fbbb18ba7c575dbc924dfc5	goldman-sachs	https://invest.api.marcus.com/
76e778ae5fbbb18ba7c575dbc924dfc5	goldman-sachs	https://invest.marcus.com/
76e778ae5fbbb18ba7c575dbc924dfc5	goldman-sachs	https://kpmg.invest.api.marcus.com/
76e778ae5fbbb18ba7c575dbc924dfc5	goldman-sachs	https://kpmg.invest.marcus.com/
76e778ae5fbbb18ba7c575dbc924dfc5	goldman-sachs	https://pilot.invest.api.marcus.com/
7b763f677d8fb39cf1092ca2f502b668	goldman-sachs	https://login.marcus.com/
