116323821	springboot	http://adv.sec.intl.miui.com/
116323821	springboot	http://adv.sec.miui.com/
116323821	springboot	http://api.browser.miui.com/
116323821	springboot	http://cp.assistant.miui.com/
116323821	springboot	http://data.sec.intl.miui.com/
116323821	springboot	http://data.sec.miui.com/
116323821	springboot	http://heimdall.assistant.miui.com/
116323821	springboot	http://r.browser.miui.com/
116323821	springboot	https://adv.sec.intl.miui.com/
116323821	springboot	https://adv.sec.miui.com/
116323821	springboot	https://api.browser.miui.com/
116323821	springboot	https://cp.assistant.miui.com/
116323821	springboot	https://data.sec.intl.miui.com/
116323821	springboot	https://data.sec.miui.com/
116323821	springboot	https://heimdall.assistant.miui.com/
116323821	springboot	https://r.browser.miui.com/
116323821	springboot	https://trading.assistant.miui.com/
116323821	springboot	http://trading.assistant.miui.com/
-1252041730	vue.js	http://gamespace.sec.intl.miui.com/
-1252041730	vue.js	https://gamespace.sec.intl.miui.com/
5c86ac7d198a3f67f96e859f58cd1b51	xiaomi	http://flash.sec.intl.miui.com/
5c86ac7d198a3f67f96e859f58cd1b51	xiaomi	http://flash.sec.miui.com/
5c86ac7d198a3f67f96e859f58cd1b51	xiaomi	http://in-protect-dev.sec.intl.miui.com/
5c86ac7d198a3f67f96e859f58cd1b51	xiaomi	http://in-unlock.update.intl.miui.com/
5c86ac7d198a3f67f96e859f58cd1b51	xiaomi	http://misys.api.comm.miui.com/
5c86ac7d198a3f67f96e859f58cd1b51	xiaomi	http://orig.static.bbs.miui.com/
5c86ac7d198a3f67f96e859f58cd1b51	xiaomi	http://protect.dev.sec.intl.miui.com/
5c86ac7d198a3f67f96e859f58cd1b51	xiaomi	http://protect.dev.sec.miui.com/
5c86ac7d198a3f67f96e859f58cd1b51	xiaomi	http://ru-unlock.update.intl.miui.com/
5c86ac7d198a3f67f96e859f58cd1b51	xiaomi	https://default.mcc.inf.miui.com/
5c86ac7d198a3f67f96e859f58cd1b51	xiaomi	https://flash.sec.intl.miui.com/
5c86ac7d198a3f67f96e859f58cd1b51	xiaomi	https://flash.sec.miui.com/
5c86ac7d198a3f67f96e859f58cd1b51	xiaomi	https://in-protect-dev.sec.intl.miui.com/
5c86ac7d198a3f67f96e859f58cd1b51	xiaomi	https://in-unlock.update.intl.miui.com/
5c86ac7d198a3f67f96e859f58cd1b51	xiaomi	https://protect.dev.sec.intl.miui.com/
5c86ac7d198a3f67f96e859f58cd1b51	xiaomi	https://protect.dev.sec.miui.com/
5c86ac7d198a3f67f96e859f58cd1b51	xiaomi	https://ru-unlock.update.intl.miui.com/
5c86ac7d198a3f67f96e859f58cd1b51	xiaomi	http://srv.sec.intl.miui.com/
5c86ac7d198a3f67f96e859f58cd1b51	xiaomi	http://srv.sec.miui.com/
5c86ac7d198a3f67f96e859f58cd1b51	xiaomi	https://srv.sec.intl.miui.com/
5c86ac7d198a3f67f96e859f58cd1b51	xiaomi	https://srv.sec.miui.com/
5c86ac7d198a3f67f96e859f58cd1b51	xiaomi	https://unlock.update.intl.miui.com/
5c86ac7d198a3f67f96e859f58cd1b51	xiaomi	https://unlock.update.miui.com/
5c86ac7d198a3f67f96e859f58cd1b51	xiaomi	https://web.huangye.miui.com/
5c86ac7d198a3f67f96e859f58cd1b51	xiaomi	http://trial.api.comm.miui.com/
5c86ac7d198a3f67f96e859f58cd1b51	xiaomi	http://unlock.update.intl.miui.com/
5c86ac7d198a3f67f96e859f58cd1b51	xiaomi	http://web.comm.miui.com/
5c86ac7d198a3f67f96e859f58cd1b51	xiaomi	http://web.huangye.miui.com/
-927895498	xiaomi	http://flash.sec.intl.miui.com/
-927895498	xiaomi	http://flash.sec.miui.com/
-927895498	xiaomi	http://in-protect-dev.sec.intl.miui.com/
-927895498	xiaomi	http://in-unlock.update.intl.miui.com/
-927895498	xiaomi	http://misys.api.comm.miui.com/
-927895498	xiaomi	http://orig.static.bbs.miui.com/
-927895498	xiaomi	http://protect.dev.sec.intl.miui.com/
-927895498	xiaomi	http://protect.dev.sec.miui.com/
-927895498	xiaomi	http://ru-unlock.update.intl.miui.com/
-927895498	xiaomi	https://default.mcc.inf.miui.com/
-927895498	xiaomi	https://flash.sec.intl.miui.com/
-927895498	xiaomi	https://flash.sec.miui.com/
-927895498	xiaomi	https://in-protect-dev.sec.intl.miui.com/
-927895498	xiaomi	https://in-unlock.update.intl.miui.com/
-927895498	xiaomi	https://protect.dev.sec.intl.miui.com/
-927895498	xiaomi	https://protect.dev.sec.miui.com/
-927895498	xiaomi	https://ru-unlock.update.intl.miui.com/
-927895498	xiaomi	http://srv.sec.intl.miui.com/
-927895498	xiaomi	http://srv.sec.miui.com/
-927895498	xiaomi	https://srv.sec.intl.miui.com/
-927895498	xiaomi	https://srv.sec.miui.com/
-927895498	xiaomi	https://unlock.update.intl.miui.com/
-927895498	xiaomi	https://unlock.update.miui.com/
-927895498	xiaomi	https://web.huangye.miui.com/
-927895498	xiaomi	http://unlock.update.intl.miui.com/
-927895498	xiaomi	http://web.comm.miui.com/
-927895498	xiaomi	http://web.huangye.miui.com/
e71ed563d9c0742ee87ad93ec1a22238	springboot	http://adv.sec.intl.miui.com/
e71ed563d9c0742ee87ad93ec1a22238	springboot	http://adv.sec.miui.com/
e71ed563d9c0742ee87ad93ec1a22238	springboot	http://api.browser.miui.com/
e71ed563d9c0742ee87ad93ec1a22238	springboot	http://cp.assistant.miui.com/
e71ed563d9c0742ee87ad93ec1a22238	springboot	http://data.sec.intl.miui.com/
e71ed563d9c0742ee87ad93ec1a22238	springboot	http://data.sec.miui.com/
e71ed563d9c0742ee87ad93ec1a22238	springboot	http://heimdall.assistant.miui.com/
e71ed563d9c0742ee87ad93ec1a22238	springboot	http://r.browser.miui.com/
e71ed563d9c0742ee87ad93ec1a22238	springboot	https://adv.sec.intl.miui.com/
e71ed563d9c0742ee87ad93ec1a22238	springboot	https://adv.sec.miui.com/
e71ed563d9c0742ee87ad93ec1a22238	springboot	https://api.browser.miui.com/
e71ed563d9c0742ee87ad93ec1a22238	springboot	https://cp.assistant.miui.com/
e71ed563d9c0742ee87ad93ec1a22238	springboot	https://data.sec.intl.miui.com/
e71ed563d9c0742ee87ad93ec1a22238	springboot	https://data.sec.miui.com/
e71ed563d9c0742ee87ad93ec1a22238	springboot	https://heimdall.assistant.miui.com/
e71ed563d9c0742ee87ad93ec1a22238	springboot	https://r.browser.miui.com/
e71ed563d9c0742ee87ad93ec1a22238	springboot	https://trading.assistant.miui.com/
e71ed563d9c0742ee87ad93ec1a22238	springboot	http://trading.assistant.miui.com/
