1099596916	betfair	http://ie1-rdr.paddypower.com/
1099596916	betfair	http://ie2-rdr.paddypower.com/
1099596916	betfair	http://rdr.lb.paddypower.com/
1099596916	betfair	http://rdr.paddypower.com/
1099596916	betfair	http://redirect.paddypower.com/
1099596916	betfair	https://ie1-rdr.paddypower.com/
1099596916	betfair	https://ie2-rdr.paddypower.com/
1099596916	betfair	https://rdr.lb.paddypower.com/
1099596916	betfair	https://rdr.paddypower.com/
1099596916	betfair	https://redirect.paddypower.com/
e1a5e31d7c92c7ad54b8fd072f53b1b5	betfair	http://ie1-rdr.paddypower.com/
e1a5e31d7c92c7ad54b8fd072f53b1b5	betfair	http://ie2-rdr.paddypower.com/
e1a5e31d7c92c7ad54b8fd072f53b1b5	betfair	http://rdr.lb.paddypower.com/
e1a5e31d7c92c7ad54b8fd072f53b1b5	betfair	http://rdr.paddypower.com/
e1a5e31d7c92c7ad54b8fd072f53b1b5	betfair	http://redirect.paddypower.com/
e1a5e31d7c92c7ad54b8fd072f53b1b5	betfair	https://ie1-rdr.paddypower.com/
e1a5e31d7c92c7ad54b8fd072f53b1b5	betfair	https://ie2-rdr.paddypower.com/
e1a5e31d7c92c7ad54b8fd072f53b1b5	betfair	https://rdr.lb.paddypower.com/
e1a5e31d7c92c7ad54b8fd072f53b1b5	betfair	https://rdr.paddypower.com/
e1a5e31d7c92c7ad54b8fd072f53b1b5	betfair	https://redirect.paddypower.com/
