http://01-fizz-buzz.berush.com
http://060-class-as-a-module.berush.com
http://10-semtix-server.berush.com
http://120-32-1.berush.com
http://2016-04-20-androidtestexample.berush.com
http://39m.berush.com
http://8d-local.berush.com
http://account.berush.com
http://aeskulab.berush.com
http://agentmodel.berush.com
http://ampcentral-cvsroot.berush.com
http://apd4wubk3ei0psiwrz82w74sux8weyq4.berush.com
http://api.berush.com
http://api.berush.com:8080
http://apieu.berush.com
http://apiv1.berush.com
http://au2file.berush.com
http://azurehelloworld.berush.com
http://bandcampy.berush.com
http://basiccompose.berush.com
http://bbboutique.berush.com
http://benchtop.berush.com
http://berush.com
http://beta.berush.com
http://beta.mall.berush.com
http://bnpparibas.berush.com
http://boardadd.berush.com
http://button-cropped.berush.com
http://cbraille.berush.com
http://cf.berush.com
http://cf.berush.com:8080
http://cf-lax1.berush.com
http://common-graphics.berush.com
http://content-exposition.berush.com
http://converttored.berush.com
http://correlatedvariants.berush.com
http://ctmirror.berush.com
http://cubesatreleaseconcept.berush.com
http://cusmanhofex01.cu.berush.com
http://dao-repository.berush.com
http://datamash.berush.com
http://decoderserial.berush.com
http://demoopencart.berush.com
http://depject.berush.com
http://deploy-virtualmachine.berush.com
http://device2763935-f647228d-local.berush.com
http://domrob-ote.berush.com
http://editor-webapp.berush.com
http://educationandtraining.berush.com
http://egoterm.berush.com
http://emplymnt.berush.com
http://en-im.berush.com
http://errorcorrection.berush.com
http://evaluation-web.berush.com
http://face-eng.berush.com
http://fastqlib.berush.com
http://fdroidgit.berush.com
http://filamentbot.berush.com
http://generic-schematic-elements.berush.com
http://getmime.berush.com
http://hakbins.berush.com
http://halma.berush.com
http://hard6.berush.com
http://haveapi-fs.berush.com
http://hidestackoverflowdeletedanswers.berush.com
http://i2cdetect.berush.com
http://iapproductinfo.berush.com
http://inductionapplet.berush.com
http://instalarapachephpmysql.berush.com
http://interactiveplot.berush.com
http://keymochitests.berush.com
http://langfile.berush.com
http://loaddatacustomers.berush.com
http://lpviewanimation.berush.com
http://mail.berush.com
http://mail.gladiolus.gladiolus-web10755.berush.berush.com
http://manageronly.berush.com
http://media1.berush.com
http://media.berush.com
http://media-net.berush.com
http://memwild.berush.com
http://mysql04.kaplast.berush.com
http://netsgiro.berush.com
http://networkled.berush.com
http://nightly-2015-05-18.berush.com
http://novacast.berush.com
http://nyxnyx.berush.com
http://opensoc-indexing.berush.com
http://page-pipe.berush.com
http://phystricksmantisse.berush.com
http://pimp.berush.com
http://pm.berush.com
http://pm.berush.com:8080
http://polytexnic.berush.com
http://privwww.berush.com
http://readmeattachments.berush.com
http://ru.berush.com
http://running8.berush.com
https://01-fizz-buzz.berush.com
https://060-class-as-a-module.berush.com
https://10-semtix-server.berush.com
https://120-32-1.berush.com
https://2016-04-20-androidtestexample.berush.com
https://39m.berush.com
https://8d-local.berush.com
https://account.berush.com
https://aeskulab.berush.com
https://agentmodel.berush.com
https://ampcentral-cvsroot.berush.com
https://apd4wubk3ei0psiwrz82w74sux8weyq4.berush.com
https://api.berush.com
https://apieu.berush.com
https://apiv1.berush.com
https://au2file.berush.com
http://saveputtywinscp.berush.com
https://azurehelloworld.berush.com
https://bandcampy.berush.com
https://basiccompose.berush.com
https://bbboutique.berush.com
https://benchtop.berush.com
https://berush.com
https://beta.berush.com
https://beta.mall.berush.com
https://bnpparibas.berush.com
https://boardadd.berush.com
https://button-cropped.berush.com
https://cbraille.berush.com
https://cf.berush.com
https://cf-lax1.berush.com
https://common-graphics.berush.com
https://content-exposition.berush.com
https://converttored.berush.com
https://correlatedvariants.berush.com
https://ctmirror.berush.com
https://cubesatreleaseconcept.berush.com
https://cusmanhofex01.cu.berush.com
https://dao-repository.berush.com
https://datamash.berush.com
https://decoderserial.berush.com
https://demoopencart.berush.com
https://depject.berush.com
https://deploy-virtualmachine.berush.com
https://device2763935-f647228d-local.berush.com
https://domrob-ote.berush.com
http://seasalt.berush.com
https://editor-webapp.berush.com
https://educationandtraining.berush.com
https://egoterm.berush.com
https://emplymnt.berush.com
https://en-im.berush.com
https://errorcorrection.berush.com
http://service255-amy-l-applebaum.berush.com
https://evaluation-web.berush.com
https://face-eng.berush.com
https://fastqlib.berush.com
https://fdroidgit.berush.com
https://filamentbot.berush.com
https://generic-schematic-elements.berush.com
https://getmime.berush.com
https://hakbins.berush.com
https://halma.berush.com
https://hard6.berush.com
https://haveapi-fs.berush.com
https://hidestackoverflowdeletedanswers.berush.com
https://i2cdetect.berush.com
https://iapproductinfo.berush.com
https://inductionapplet.berush.com
https://instalarapachephpmysql.berush.com
https://interactiveplot.berush.com
https://keymochitests.berush.com
https://langfile.berush.com
https://loaddatacustomers.berush.com
https://lpviewanimation.berush.com
https://mail.gladiolus.gladiolus-web10755.berush.berush.com
https://manageronly.berush.com
https://media1.berush.com
https://media.berush.com
https://media-net.berush.com
https://memwild.berush.com
https://mysql04.kaplast.berush.com
https://netsgiro.berush.com
https://networkled.berush.com
https://nightly-2015-05-18.berush.com
https://novacast.berush.com
https://nyxnyx.berush.com
https://opensoc-indexing.berush.com
https://page-pipe.berush.com
https://phystricksmantisse.berush.com
https://pimp.berush.com
https://pm.berush.com
https://polytexnic.berush.com
https://privwww.berush.com
http://sqlshell.berush.com
http://src2.berush.com
https://readmeattachments.berush.com
https://ru.berush.com
https://running8.berush.com
https://saveputtywinscp.berush.com
https://seasalt.berush.com
https://service255-amy-l-applebaum.berush.com
https://sqlshell.berush.com
https://src2.berush.com
https://stage-120-passed.berush.com
https://static.berush.com
https://svgsupport.berush.com
https://swagger-account.berush.com
https://t6.berush.com
http://stage-120-passed.berush.com
https://tahosting.berush.com
http://static.berush.com
https://teaser.berush.com
https://tei2docx-fn.berush.com
https://terminal-visualizer.berush.com
https://tesora-dve-install-community.berush.com
https://test.berush.com
https://test-b-portal.berush.com
https://touchpadhandler.berush.com
https://uk-secure.berush.com
https://unauthorized.berush.com
https://vcrurlconnectiontests.berush.com
http://svgsupport.berush.com
http://swagger-account.berush.com
https://w.berush.com
https://wilmgpvpn.berush.com
https://ww.berush.com
https://www.berush.com
https://wwwlax.berush.com
https://xecryption-decrypt.berush.com
https://xmodmapvim.berush.com
https://xrx3o8ervp8nzoxacdbpqmvqtiinmk9v.berush.com
http://t6.berush.com
http://tahosting.berush.com
http://teaser.berush.com
http://tei2docx-fn.berush.com
http://terminal-visualizer.berush.com
http://tesora-dve-install-community.berush.com
http://test.berush.com
http://test-b-portal.berush.com
http://touchpadhandler.berush.com
http://uk-secure.berush.com
http://unauthorized.berush.com
http://vcrurlconnectiontests.berush.com
http://w.berush.com
http://wilmgpvpn.berush.com
http://ww.berush.com
http://www.berush.com
http://www.berush.com:8080
http://wwwlax.berush.com
http://xecryption-decrypt.berush.com
http://xmodmapvim.berush.com
http://xrx3o8ervp8nzoxacdbpqmvqtiinmk9v.berush.com
