http://alpha.facebook.com
http://beta.facebook.com
http://cinyour.facebook.com
http://cinyourrc.facebook.com
http://cstools.facebook.com
http://facebook.com
http://fb.alpha.facebook.com
http://fb.beta.facebook.com
http://fb.m.alpha.facebook.com
http://fb.m.beta.facebook.com
http://intern.facebook.com
http://internmc.facebook.com
http://m.alpha.facebook.com
http://m.beta.facebook.com
http://m.facebook.com
http://m.intern.facebook.com
http://m.internmc.facebook.com
http://p.facebook.com
http://prod.facebook.com
https://alpha.facebook.com
https://beta.facebook.com
https://cinyour.facebook.com
https://cinyourrc.facebook.com
https://cstools.facebook.com
http://secure.intern.facebook.com
http://secure.internmc.facebook.com
http://secure.latest.facebook.com
https://facebook.com
https://fb.alpha.facebook.com
https://fb.beta.facebook.com
https://fb.m.alpha.facebook.com
https://fb.m.beta.facebook.com
http://shortwave.facebook.com
https://intern.facebook.com
https://internmc.facebook.com
https://m.alpha.facebook.com
https://m.beta.facebook.com
https://m.facebook.com
https://m.intern.facebook.com
https://m.internmc.facebook.com
https://p.facebook.com
https://prod.facebook.com
https://secure.intern.facebook.com
https://secure.internmc.facebook.com
https://secure.latest.facebook.com
https://shortwave.facebook.com
https://trunkstable.facebook.com
http://trunkstable.facebook.com
