http://0003-pt-br.facebookbrand-2018-dev.fb.com
http://0121wip.facebookbrand-2018-dev.fb.com
http://033online.facebookbrand-2018-dev.fb.com
http://052500.facebookbrand-2018-dev.fb.com
http://05dgw.facebookbrand-preprod.fb.com
http://0621dfd.facebookbrand-2018-dev.fb.com
http://06694910.facebookbrand-2018-dev.fb.com
http://082682.facebookbrand-2018-dev.fb.com
http://08i91.facebookbrand-2018-dev.fb.com
http://08l21.facebookbrand-2018-dev.fb.com
http://09ar.facebookbrand-2018-dev.fb.com
http://0acea.facebookbrand-2018-dev.fb.com
http://0ans.facebookbrand-2018-dev.fb.com
http://0antbr.facebookbrand-2018-dev.fb.com
http://0authfiles78t98799.facebookbrand-2018-dev.fb.com
http://0aw48j.facebookbrand-2018-dev.fb.com
http://0bd8a6ms5xl8tfas0uhrfm80b.facebookbrand-2018-dev.fb.com
http://0c801c53c1114e128504e0ca98dca5ea.facebookbrand-2018-dev.fb.com
http://0crzr.facebookbrand-2018-dev.fb.com
http://0facebook360vi.facebookbrand-2018-dev.fb.com
http://0famfgq.facebookbrand-2018-dev.fb.com
http://0fs1tf3.facebookbrand-2018-dev.fb.com
http://0-fsour.facebookbrand-2018-dev.fb.com
http://0fssw.facebookbrand-2018-dev.fb.com
http://0gd7v.facebookbrand-2018-dev.fb.com
http://0getr.facebookbrand-2018-dev.fb.com
http://0i8u16.facebookbrand-2018-dev.fb.com
http://0j9z2gvao.facebookbrand-2018-dev.fb.com
http://0jvwt56.facebookbrand-2018-dev.fb.com
http://0kaqckwu.facebookbrand-2018-dev.fb.com
http://0kxvv.facebookbrand-2018-dev.fb.com
http://0lmne.facebookbrand-2018-dev.fb.com
http://0o4c55sgfhtn3oqu.facebookbrand-2018-dev.fb.com
http://0ook665video.facebookbrand-2018-dev.fb.com
http://0ormentrol0hans.facebookbrand-2018-dev.fb.com
http://0ovp5v.facebookbrand-2018-dev.fb.com
http://0p2qz.facebookbrand-2018-dev.fb.com
http://0pqx.facebookbrand-2018-dev.fb.com
http://0qk5d.facebookbrand-2018-dev.fb.com
http://0r8m.facebookbrand-2018-dev.fb.com
http://0raj3.facebookbrand-2018-dev.fb.com
http://0sexyprincess86.facebookbrand-2018-dev.fb.com
http://0sfeedback.facebookbrand-2018-dev.fb.com
http://0spreprototype.facebookbrand-2018-dev.fb.com
http://0t-br.facebookbrand-2018-dev.fb.com
http://0tcka.facebookbrand-2018-dev.fb.com
http://0tinzx5ctu-u1et-r0o6wdlr3lcnpk6.facebookbrand-2018-dev.fb.com
http://0tmy.facebookbrand-2018-dev.fb.com
http://0utsrqponmlkji.facebookbrand-2018-dev.fb.com
http://0vgzhsuh20.facebookbrand-2018-dev.fb.com
http://0w9yysp.facebookbrand-2018-dev.fb.com
http://0wyt6.facebookbrand-2018-dev.fb.com
http://0xfo8cy.facebookbrand-2018-dev.fb.com
http://0yc46fm.facebookbrand-2018-dev.fb.com
http://0yd7p.facebookbrand-2018-dev.fb.com
http://0yuk2.facebookbrand-2018-dev.fb.com
http://100000000f75.facebookbrand-2018-dev.fb.com
http://100021146ma.facebookbrand-2018-dev.fb.com
http://1000tacosdecanastax1200pesos.facebookbrand-2018-dev.fb.com
http://1001livres.facebookbrand-2018-dev.fb.com
http://1006577.facebookbrand-2018-dev.fb.com
http://100waystolivewell.facebookbrand-2018-dev.fb.com
http://1010es-la.facebookbrand-2018-dev.fb.com
http://101dingenomtedoen.facebookbrand-2018-dev.fb.com
http://102013-aisweb.facebookbrand-2018-dev.fb.com
http://10-2013tr.facebookbrand-2018-dev.fb.com
http://1024as.facebookbrand-2018-dev.fb.com
http://1038prairieavenue.facebookbrand-2018-dev.fb.com
http://104106205198inaddrarpa.facebookbrand-2018-dev.fb.com
http://106308.facebookbrand-2018-dev.fb.com
http://1080pk1.facebookbrand-2018-dev.fb.com
http://109123221137.facebookbrand-2018-dev.fb.com
http://1099486137.facebookbrand-2018-dev.fb.com
http://10analyticspt-br.facebookbrand-2018-dev.fb.com
http://10backend-pt-pt.facebookbrand-2018-dev.fb.com
http://10bi.facebookbrand-2018-dev.fb.com
http://10-brazilzh-hans.facebookbrand-2018-dev.fb.com
http://10coco.facebookbrand-2018-dev.fb.com
http://10data-ja.facebookbrand-2018-dev.fb.com
http://10demo-ko-kr.facebookbrand-2018-dev.fb.com
http://10e1a.facebookbrand-2018-dev.fb.com
http://10es-la-7.facebookbrand-2018-dev.fb.com
http://10gymiliou.facebookbrand-2018-dev.fb.com
http://10-helm.facebookbrand-2018-dev.fb.com
http://10-ja.facebookbrand-2018-dev.fb.com
http://10legal.facebookbrand-2018-dev.fb.com
http://10mob.facebookbrand-2018-dev.fb.com
http://10ns6.facebookbrand-2018-dev.fb.com
http://10-property.facebookbrand-2018-dev.fb.com
http://10-ru.facebookbrand-2018-dev.fb.com
http://10silver.facebookbrand-2018-dev.fb.com
http://10teena.facebookbrand-2018-dev.fb.com
http://10test11.facebookbrand-2018-dev.fb.com
http://10video.facebookbrand-2018-dev.fb.com
http://10-yaroslavl.facebookbrand-2018-dev.fb.com
http://10zh-hans.facebookbrand-2018-dev.fb.com
http://11-10es-la.facebookbrand-2018-dev.fb.com
http://11110169.facebookbrand-2018-dev.fb.com
http://1-11192521403954.facebookbrand-2018-dev.fb.com
http://11.11-es-la.facebookbrand-2018-dev.fb.com
http://1-12-ko-kr.facebookbrand-2018-dev.fb.com
http://11-b-coressabores2012.facebookbrand-2018-dev.fb.com
http://11-bts.facebookbrand-2018-dev.fb.com
http://11-bucket-de.facebookbrand-2018-dev.fb.com
http://11-cloudfrontzh-hans.facebookbrand-2018-dev.fb.com
http://11-dsl.facebookbrand-2018-dev.fb.com
http://11-g2.facebookbrand-2018-dev.fb.com
http://11-home1.facebookbrand-2018-dev.fb.com
http://11-ko-kr-6.facebookbrand-2018-dev.fb.com
http://11-notes.facebookbrand-2018-dev.fb.com
http://11-speedtest1.facebookbrand-2018-dev.fb.com
http://11-sr2.facebookbrand-2018-dev.fb.com
http://11-story.facebookbrand-2018-dev.fb.com
http://11-visa.facebookbrand-2018-dev.fb.com
http://1-2016es.facebookbrand-2018-dev.fb.com
http://1412.facebookbrand-preprod.fb.com
http://1-5-pt-pt.facebookbrand-2018-dev.fb.com
http://17.11-ar.facebookbrand-2018-dev.fb.com
http://1-8-appstore.facebookbrand-2018-dev.fb.com
http://1-8-en.facebookbrand-2018-dev.fb.com
http://18wus.facebookbrand-preprod.fb.com
http://19.10-es-la.facebookbrand-2018-dev.fb.com
http://1-aisweb-3.facebookbrand-2018-dev.fb.com
http://1-av.facebookbrand-2018-dev.fb.com
http://1-cloudfrontru.facebookbrand-2018-dev.fb.com
http://1-cms1coressabores2012.facebookbrand-2018-dev.fb.com
http://1-en-9.facebookbrand-2018-dev.fb.com
http://1-js4h97ik0qtb.facebookbrand-2018-dev.fb.com
http://1-ru.facebookbrand-2018-dev.fb.com
http://360.fb.com
http://360video.fb.com
http://360videos.fb.com
http://4.www.1.facebookbrand-2018-dev.fb.com
http://9i.facebookbrand-release.fb.com
http://a.10zh-hant.facebookbrand-2018-dev.fb.com
http://about.fb.com
http://abpstories.fb.com
http://access.fb.com
http://active.www.facebookbrand-preprod.fb.com
http://admin.100.facebookbrand-2018-dev.fb.com
http://adminaffordablevaccines.facebookbrand-preprod.fb.com
http://affordablevaccines.facebookbrand-preprod.fb.com
http://agencies.fb.com
http://ai.fb.com
http://aisweb.facebookbrand-2018-dev.fb.com
http://alniddfatis-vip2.facebookbrand-release.fb.com
http://alnnggts403-dmz2.facebookbrand-release.fb.com
http://antivirus-extension.facebookbrand-preprod.fb.com
http://antivirus-for-all.facebookbrand-release.fb.com
http://aotearoanz.fb.com
http://apacpolicy.fb.com
http://apmms.fb.com
http://aprenda-dev.fb.com
http://aprenda.fb.com
http://aprenda-preprod.fb.com
http://aprenda-uat.fb.com
http://aprenda-usdev.fb.com
http://aprenda-uspreprod.fb.com
http://aprenda-usuat.fb.com
http://aprende-dev.fb.com
http://aprende.fb.com
http://aprende-preprod.fb.com
http://aprende-uat.fb.com
http://aprende-usdev.fb.com
http://aprende-uspreprod.fb.com
http://aprende-usuat.fb.com
http://ar.facebookbrand-2018-dev.fb.com
http://ar.facebookbrand-2018.fb.com
http://ar.facebookbrand-2018-preprod.fb.com
http://ar.facebookbrand-2018-release.fb.com
http://ar.facebookbrand-dev.fb.com
http://ar.facebookbrand-preprod.fb.com
http://ar.facebookbrand-release.fb.com
http://argentina.fb.com
http://ar.yearinreview.fb.com
http://asahdigital.fb.com
http://audio360.fb.com
http://au.newsroom.fb.com
http://australia.fb.com
http://autodiscover.bi.fb.com
http://autodiscover.binariof.fb.com
http://autodiscover.business.fb.com
http://autodiscover.cl.fb.com
http://autodiscover.co.fb.com
http://autodiscover.comm.fb.com
http://autodiscover.creators.fb.com
http://autodiscover.dro.fb.com
http://autodiscover.extern.fb.com
http://autodiscover.fb.com
http://autodiscover.fbp.fb.com
http://autodiscover.fmp.fb.com
http://autodiscover.infra.fb.com
http://autodiscover.infraoutpost.fb.com
http://autodiscover.mediapartnerships.fb.com
http://autodiscover.mo.fb.com
http://autodiscover.ob.fb.com
http://autodiscover.pdo.fb.com
http://autodiscover.przestrzen.fb.com
http://autodiscover.rp.fb.com
http://autodiscover.supportcenter.fb.com
http://autodiscover.support.fb.com
http://autodiscover.uxr.fb.com
http://autodiscover.waco.fb.com
http://autodiscover.wa.fb.com
http://autos.fb.com
http://au.yearinreview.fb.com
http://avira-free-antivirus.facebookbrand-preprod.fb.com
http://beatsunlocked.fb.com
http://belajarmenjaga.fb.com
http://benefits.fb.com
http://binario-f.fb.com
http://binariof.fb.com
http://biz.fb.com
http://brasil.fb.com
http://brazil.fb.com
http://br.instantarticles.fb.com
http://br.newsroom.fb.com
http://br.yearinreview.fb.com
http://businesspartners.fb.com
http://buy.fb.com
http://ca.newsroom.fb.com
http://careerconnections.fb.com
http://cdp.fb.com
http://ch.instantarticles.fb.com
http://cityguides.fb.com
http://classof2020.fb.com
http://code-dev.fb.com
http://code.fb.com
http://colombia.fb.com
http://communities.fb.com
http://connectivity.fb.com
http://contentdistributionpolicies.fb.com
http://contentdistributionpolicy.fb.com
http://content.fb.com
http://coressabores2012.facebookbrand-2018-dev.fb.com
http://coronarytorture.facebookbrand-release.fb.com
http://counterspeech.fb.com
http://covid-survey.dataforgood.fb.com
http://creative.fb.com
http://creativehub.fb.com
http://da-dk.facebookbrand-2018-dev.fb.com
http://da-dk.facebookbrand-2018.fb.com
http://da-dk.facebookbrand-2018-preprod.fb.com
http://da-dk.facebookbrand-2018-release.fb.com
http://da-dk.facebookbrand-dev.fb.com
http://da-dk.facebookbrand-preprod.fb.com
http://da-dk.facebookbrand-release.fb.com
http://datacenters.fb.com
http://dataforgood.fb.com
http://dataportability.fb.com
http://de.events.fb.com
http://de.facebookbrand-2018-dev.fb.com
http://de.facebookbrand-2018.fb.com
http://de.facebookbrand-2018-preprod.fb.com
http://de.facebookbrand-2018-release.fb.com
http://de.facebookbrand-dev.fb.com
http://de.facebookbrand-preprod.fb.com
http://de.facebookbrand-release.fb.com
http://de.instantarticles.fb.com
http://demotrainingportal.fb.com
http://de.newsroom.fb.com
http://depannage-ordinateur-windows-virus.facebookbrand-dev.fb.com
http://de.sustainability.fb.com
http://deutschland.fb.com
http://developerevents.fb.com
http://dev.fb.com
http://de.yearinreview.fb.com
http://digitaleslernen.fb.com
http://digitaleslernzentrum.fb.com
http://digitalskill.fb.com
http://digitalskills.fb.com
http://digitalskillsmichigan.fb.com
http://digitalskillsus.fb.com
http://digitaltayo.fb.com
http://digitaltraining.fb.com
http://diversity.fb.com
http://diversityreport.fb.com
http://donate.fb.com
http://donations.fb.com
http://ds1-dev.fb.com
http://ds1-preprod.fb.com
http://ds1-uat.fb.com
http://ds1-usdev.fb.com
http://ds1-uspreprod.fb.com
http://ds1-usuat.fb.com
http://ds2-dev.fb.com
http://ds2-preprod.fb.com
http://economy.fb.com
http://education.fb.com
http://edu.fb.com
http://ehrenamt.fb.com
http://emeapolicycovidhub.fb.com
http://en.facebookbrand-2018-dev.fb.com
http://en.facebookbrand-2018.fb.com
http://en.facebookbrand-2018-preprod.fb.com
http://en.facebookbrand-2018-release.fb.com
http://en.facebookbrand-dev.fb.com
http://en.facebookbrand-preprod.fb.com
http://en.facebookbrand-release.fb.com
http://engineerfortheweek.fb.com
http://engineering.fb.com
http://enterpriseenrollment.fb.com
http://enterpriseregistration.fb.com
http://es.events.fb.com
http://es.facebookbrand-2018-dev.fb.com
http://es.facebookbrand-2018.fb.com
http://es.facebookbrand-2018-preprod.fb.com
http://es.facebookbrand-2018-release.fb.com
http://es.facebookbrand-dev.fb.com
http://es.facebookbrand-preprod.fb.com
http://es.facebookbrand-release.fb.com
http://es-hub.fb.com
http://eshub.fb.com
http://es.instantarticles.fb.com
http://es-la.facebookbrand-2018-dev.fb.com
http://es-la.facebookbrand-2018.fb.com
http://es-la.facebookbrand-2018-preprod.fb.com
http://es-la.facebookbrand-2018-release.fb.com
http://es-la.facebookbrand-dev.fb.com
http://es-la.facebookbrand-preprod.fb.com
http://es-la.facebookbrand-release.fb.com
http://es.newsroom.fb.com
http://espana.fb.com
http://es.sustainability.fb.com
http://estacaohack.fb.com
http://es.techprep.fb.com
http://es.yearinreview.fb.com
http://eu-dev.fb.com
http://eu.fb.com
http://eu-preprod.fb.com
http://europeanunion.fb.com
http://events.fb.com
http://expresswifi.fb.com
http://f1-dev.fb.com
http://f1-preprod.fb.com
http://f1-uat.fb.com
http://f1-usdev.fb.com
http://f1-uspreprod.fb.com
http://f1-usuat.fb.com
http://facebook360.fb.com
http://facebookatunga.fb.com
http://facebookbrand-2018-dev.fb.com
http://facebookbrand-2018.fb.com
http://facebookbrand-2018-preprod.fb.com
http://facebookbrand-2018-release.fb.com
http://facebookbrand-dev.fb.com
http://facebookbrand-preprod.fb.com
http://facebookbrand-release.fb.com
http://facebookforums.fb.com
http://facebookinnigeria.fb.com
http://fb.com
http://fbindia.fb.com
http://fightcovidmisinfo.fb.com
http://formation.fb.com
http://fort.fb.com
http://forwardtogether.fb.com
http://france.fb.com
http://free.fb.com
http://fr.events.fb.com
http://fr.facebookbrand-2018-dev.fb.com
http://fr.facebookbrand-2018.fb.com
http://fr.facebookbrand-2018-preprod.fb.com
http://fr.facebookbrand-2018-release.fb.com
http://fr.facebookbrand-dev.fb.com
http://fr.facebookbrand-preprod.fb.com
http://fr.facebookbrand-release.fb.com
http://fr.instantarticles.fb.com
http://frljourneymap.fb.com
http://fr.newsroom.fb.com
http://fr.sustainability.fb.com
http://fr.yearinreview.fb.com
http://fs.fb.com
http://gb.newsroom.fb.com
http://germany.fb.com
http://giftofgiving.fb.com
http://go.fb.com
http://going-global.fb.com
http://graph-hack.fb.com
http://groups.fb.com
http://gs.fb.com
http://hacktober.fb.com
http://hardquestions.fb.com
http://hardquestionstour.fb.com
http://h.fb.com
http://hk.instantarticles.fb.com
http://humanrights.fb.com
http://id.instantarticles.fb.com
http://immersivelearningacademy.fb.com
http://impara-dev.fb.com
http://impara.fb.com
http://impara-preprod.fb.com
http://impara-uat.fb.com
http://impara-usdev.fb.com
http://impara-uspreprod.fb.com
http://impara-usuat.fb.com
http://indiaeconomy.fb.com
http://india.fb.com
http://indonesia.fb.com
http://initiatives.france.fb.com
http://in.newsroom.fb.com
http://innovationlabkorea-en.fb.com
http://innovationlabkorea.fb.com
http://insidefeed.fb.com
http://insights.fb.com
http://inspired.fb.com
http://instantarticles.fb.com
http://investor.fb.com
http://investor.fb.com:2052
http://investor.fb.com:2082
http://investor.fb.com:2086
http://investor.fb.com:2095
http://investor.fb.com:8080
http://investor.fb.com:8880
http://in.yearinreview.fb.com
http://istasyon.fb.com
http://italia.fb.com
http://italy.fb.com
http://it.events.fb.com
http://it.facebookbrand-2018-dev.fb.com
http://it.facebookbrand-2018.fb.com
http://it.facebookbrand-2018-preprod.fb.com
http://it.facebookbrand-2018-release.fb.com
http://it.facebookbrand-dev.fb.com
http://it.facebookbrand-preprod.fb.com
http://it.facebookbrand-release.fb.com
http://it.instantarticles.fb.com
http://it.newsroom.fb.com
http://it.yearinreview.fb.com
http://ja.facebookbrand-2018-dev.fb.com
http://ja.facebookbrand-2018.fb.com
http://ja.facebookbrand-2018-preprod.fb.com
http://ja.facebookbrand-2018-release.fb.com
http://ja.facebookbrand-dev.fb.com
http://ja.facebookbrand-preprod.fb.com
http://ja.facebookbrand-release.fb.com
http://ja.newsroom.fb.com
http://jawbreaker.facebookbrand-2018-preprod.fb.com
http://jp.instantarticles.fb.com
http://jp.yearinreview.fb.com
http://keepingthepromise.fb.com
http://ko-kr.facebookbrand-2018-dev.fb.com
http://ko-kr.facebookbrand-2018.fb.com
http://ko-kr.facebookbrand-2018-preprod.fb.com
http://ko-kr.facebookbrand-2018-release.fb.com
http://ko-kr.facebookbrand-dev.fb.com
http://ko-kr.facebookbrand-preprod.fb.com
http://ko-kr.facebookbrand-release.fb.com
http://ko.newsroom.fb.com
http://korea.fb.com
http://kr.instantarticles.fb.com
http://kr.yearinreview.fb.com
http://l1-dev.fb.com
http://l1-preprod.fb.com
http://l1-uat.fb.com
http://l1-usdev.fb.com
http://l1-uspreprod.fb.com
http://l1-usuat.fb.com
http://ldnlabcreators.fb.com
http://ldnlab.fb.com
http://learn.fb.com
http://learn.terragraph.fb.com
http://learntoprotect.fb.com
http://learn-us-dev.fb.com
http://learn-us-preprod.fb.com
http://learn-us-uat.fb.com
http://learn-us-usdev.fb.com
http://learn-us-uspreprod.fb.com
http://learn-us-usuat.fb.com
http://lernen.fb.com
http://linux.fb.com
http://live.fb.com
http://loncov3.facebookbrand-preprod.fb.com
http://loncov5.facebookbrand-dev.fb.com
http://ltam.newsroom.fb.com
http://madeby.fb.com
http://madebyyou.fb.com
http://managingbias.fb.com
http://media.fb.com
http://messenger.fb.com
http://messengernews.fb.com
http://messengerplatform.fb.com
http://mexico.fb.com
http://middlemileinfra.fb.com
http://minecraft-virusz.facebookbrand-preprod.fb.com
http://mx.instantarticles.fb.com
http://mx.yearinreview.fb.com
http://mydigitalworld.fb.com
http://newsfeed.fb.com
http://newsroom.fb.com
http://n.fb.com
http://nghub.fb.com
http://nigeria.fb.com
http://nl.facebookbrand-2018-dev.fb.com
http://nl.facebookbrand-2018.fb.com
http://nl.facebookbrand-2018-preprod.fb.com
http://nl.facebookbrand-2018-release.fb.com
http://nl.facebookbrand-dev.fb.com
http://nl.facebookbrand-preprod.fb.com
http://nl.facebookbrand-release.fb.com
http://nonprofits.fb.com
http://npe.fb.com
http://oculusforbusiness.fb.com
http://oculusweb.fb.com
http://openg.fb.com
http://opensource.fb.com
http://pay.fb.com
http://peoplepractices.fb.com
http://phabricator.cstools.fb.com
http://phabricator.fb.com
http://phabricatorfiles.cstools.fb.com
http://phabricatorfiles.fb.com
http://phabricatorfiles.intern.fb.com
http://phabricatorfiles.internmc.fb.com
http://phabricator.intern.fb.com
http://phabricator.internmc.fb.com
http://philippines.fb.com
http://pilipinas.fb.com
http://placetips.fb.com
http://pl.facebookbrand-2018-dev.fb.com
http://pl.facebookbrand-2018.fb.com
http://pl.facebookbrand-2018-preprod.fb.com
http://pl.facebookbrand-2018-release.fb.com
http://pl.facebookbrand-dev.fb.com
http://pl.facebookbrand-preprod.fb.com
http://pl.facebookbrand-release.fb.com
http://pmp.fb.com
http://poland.fb.com
http://politics.fb.com
http://polska.fb.com
http://portal.fb.com
http://preventivehealth.fb.com
http://privacytech.fb.com
http://programswhatsapp.fb.com
http://przestrzen.fb.com
http://pt-br.facebookbrand-2018-dev.fb.com
http://pt-br.facebookbrand-2018.fb.com
http://pt-br.facebookbrand-2018-preprod.fb.com
http://pt-br.facebookbrand-2018-release.fb.com
http://pt-br.facebookbrand-dev.fb.com
http://pt-br.facebookbrand-preprod.fb.com
http://pt-br.facebookbrand-release.fb.com
http://pt.events.fb.com
http://pt-pt.facebookbrand-2018-dev.fb.com
http://pt-pt.facebookbrand-2018.fb.com
http://pt-pt.facebookbrand-2018-preprod.fb.com
http://pt-pt.facebookbrand-2018-release.fb.com
http://pt-pt.facebookbrand-dev.fb.com
http://pt-pt.facebookbrand-preprod.fb.com
http://pt-pt.facebookbrand-release.fb.com
http://questday.fb.com
http://quill.fb.com
http://realitylabsacademy.fb.com
http://reports.fb.com
http://research.fb.com
http://rightsmanager.fb.com
http://router-reboot-story.fb.com
http://rozwoj-dev.fb.com
http://rozwoj.fb.com
http://rozwoj-preprod.fb.com
http://rozwoj-uat.fb.com
http://rozwoj-usdev.fb.com
http://rozwoj-uspreprod.fb.com
http://rozwoj-usuat.fb.com
http://ru.facebookbrand-2018-dev.fb.com
http://ru.facebookbrand-2018.fb.com
http://ru.facebookbrand-2018-preprod.fb.com
http://ru.facebookbrand-2018-release.fb.com
http://ru.facebookbrand-dev.fb.com
http://ru.facebookbrand-preprod.fb.com
http://ru.facebookbrand-release.fb.com
http://ru.instantarticles.fb.com
https://0003-pt-br.facebookbrand-2018-dev.fb.com
https://0121wip.facebookbrand-2018-dev.fb.com
https://033online.facebookbrand-2018-dev.fb.com
https://052500.facebookbrand-2018-dev.fb.com
https://05dgw.facebookbrand-preprod.fb.com
https://0621dfd.facebookbrand-2018-dev.fb.com
https://06694910.facebookbrand-2018-dev.fb.com
https://082682.facebookbrand-2018-dev.fb.com
https://08i91.facebookbrand-2018-dev.fb.com
https://08l21.facebookbrand-2018-dev.fb.com
https://09ar.facebookbrand-2018-dev.fb.com
https://0acea.facebookbrand-2018-dev.fb.com
https://0ans.facebookbrand-2018-dev.fb.com
https://0antbr.facebookbrand-2018-dev.fb.com
https://0authfiles78t98799.facebookbrand-2018-dev.fb.com
https://0aw48j.facebookbrand-2018-dev.fb.com
https://0bd8a6ms5xl8tfas0uhrfm80b.facebookbrand-2018-dev.fb.com
https://0c801c53c1114e128504e0ca98dca5ea.facebookbrand-2018-dev.fb.com
https://0crzr.facebookbrand-2018-dev.fb.com
https://0facebook360vi.facebookbrand-2018-dev.fb.com
https://0famfgq.facebookbrand-2018-dev.fb.com
https://0fs1tf3.facebookbrand-2018-dev.fb.com
https://0-fsour.facebookbrand-2018-dev.fb.com
https://0fssw.facebookbrand-2018-dev.fb.com
https://0gd7v.facebookbrand-2018-dev.fb.com
https://0getr.facebookbrand-2018-dev.fb.com
https://0i8u16.facebookbrand-2018-dev.fb.com
https://0j9z2gvao.facebookbrand-2018-dev.fb.com
https://0jvwt56.facebookbrand-2018-dev.fb.com
https://0kaqckwu.facebookbrand-2018-dev.fb.com
https://0kxvv.facebookbrand-2018-dev.fb.com
https://0lmne.facebookbrand-2018-dev.fb.com
https://0o4c55sgfhtn3oqu.facebookbrand-2018-dev.fb.com
https://0ook665video.facebookbrand-2018-dev.fb.com
https://0ormentrol0hans.facebookbrand-2018-dev.fb.com
https://0ovp5v.facebookbrand-2018-dev.fb.com
https://0p2qz.facebookbrand-2018-dev.fb.com
https://0pqx.facebookbrand-2018-dev.fb.com
https://0qk5d.facebookbrand-2018-dev.fb.com
https://0r8m.facebookbrand-2018-dev.fb.com
https://0raj3.facebookbrand-2018-dev.fb.com
https://0sexyprincess86.facebookbrand-2018-dev.fb.com
https://0sfeedback.facebookbrand-2018-dev.fb.com
https://0spreprototype.facebookbrand-2018-dev.fb.com
https://0t-br.facebookbrand-2018-dev.fb.com
https://0tcka.facebookbrand-2018-dev.fb.com
https://0tinzx5ctu-u1et-r0o6wdlr3lcnpk6.facebookbrand-2018-dev.fb.com
https://0tmy.facebookbrand-2018-dev.fb.com
https://0utsrqponmlkji.facebookbrand-2018-dev.fb.com
https://0vgzhsuh20.facebookbrand-2018-dev.fb.com
https://0w9yysp.facebookbrand-2018-dev.fb.com
https://0wyt6.facebookbrand-2018-dev.fb.com
https://0xfo8cy.facebookbrand-2018-dev.fb.com
https://0yc46fm.facebookbrand-2018-dev.fb.com
https://0yd7p.facebookbrand-2018-dev.fb.com
https://0yuk2.facebookbrand-2018-dev.fb.com
https://100000000f75.facebookbrand-2018-dev.fb.com
https://100021146ma.facebookbrand-2018-dev.fb.com
https://1000tacosdecanastax1200pesos.facebookbrand-2018-dev.fb.com
https://1001livres.facebookbrand-2018-dev.fb.com
https://1006577.facebookbrand-2018-dev.fb.com
https://100waystolivewell.facebookbrand-2018-dev.fb.com
https://1010es-la.facebookbrand-2018-dev.fb.com
https://101dingenomtedoen.facebookbrand-2018-dev.fb.com
https://102013-aisweb.facebookbrand-2018-dev.fb.com
https://10-2013tr.facebookbrand-2018-dev.fb.com
https://1024as.facebookbrand-2018-dev.fb.com
https://1038prairieavenue.facebookbrand-2018-dev.fb.com
https://104106205198inaddrarpa.facebookbrand-2018-dev.fb.com
https://106308.facebookbrand-2018-dev.fb.com
https://1080pk1.facebookbrand-2018-dev.fb.com
https://109123221137.facebookbrand-2018-dev.fb.com
https://1099486137.facebookbrand-2018-dev.fb.com
https://10analyticspt-br.facebookbrand-2018-dev.fb.com
https://10backend-pt-pt.facebookbrand-2018-dev.fb.com
https://10bi.facebookbrand-2018-dev.fb.com
https://10-brazilzh-hans.facebookbrand-2018-dev.fb.com
https://10coco.facebookbrand-2018-dev.fb.com
https://10data-ja.facebookbrand-2018-dev.fb.com
https://10demo-ko-kr.facebookbrand-2018-dev.fb.com
https://10e1a.facebookbrand-2018-dev.fb.com
https://10es-la-7.facebookbrand-2018-dev.fb.com
https://10gymiliou.facebookbrand-2018-dev.fb.com
https://10-helm.facebookbrand-2018-dev.fb.com
https://10-ja.facebookbrand-2018-dev.fb.com
https://10legal.facebookbrand-2018-dev.fb.com
https://10mob.facebookbrand-2018-dev.fb.com
https://10ns6.facebookbrand-2018-dev.fb.com
https://10-property.facebookbrand-2018-dev.fb.com
https://10-ru.facebookbrand-2018-dev.fb.com
https://10silver.facebookbrand-2018-dev.fb.com
https://10teena.facebookbrand-2018-dev.fb.com
https://10test11.facebookbrand-2018-dev.fb.com
https://10video.facebookbrand-2018-dev.fb.com
https://10-yaroslavl.facebookbrand-2018-dev.fb.com
https://10zh-hans.facebookbrand-2018-dev.fb.com
https://11-10es-la.facebookbrand-2018-dev.fb.com
https://11110169.facebookbrand-2018-dev.fb.com
https://1-11192521403954.facebookbrand-2018-dev.fb.com
https://11.11-es-la.facebookbrand-2018-dev.fb.com
https://1-12-ko-kr.facebookbrand-2018-dev.fb.com
https://11-b-coressabores2012.facebookbrand-2018-dev.fb.com
https://11-bts.facebookbrand-2018-dev.fb.com
https://11-bucket-de.facebookbrand-2018-dev.fb.com
https://11-cloudfrontzh-hans.facebookbrand-2018-dev.fb.com
https://11-dsl.facebookbrand-2018-dev.fb.com
https://11-g2.facebookbrand-2018-dev.fb.com
https://11-home1.facebookbrand-2018-dev.fb.com
https://11-ko-kr-6.facebookbrand-2018-dev.fb.com
https://11-notes.facebookbrand-2018-dev.fb.com
https://11-speedtest1.facebookbrand-2018-dev.fb.com
https://11-sr2.facebookbrand-2018-dev.fb.com
https://11-story.facebookbrand-2018-dev.fb.com
https://11-visa.facebookbrand-2018-dev.fb.com
https://1-2016es.facebookbrand-2018-dev.fb.com
https://1412.facebookbrand-preprod.fb.com
https://1-5-pt-pt.facebookbrand-2018-dev.fb.com
https://17.11-ar.facebookbrand-2018-dev.fb.com
https://1-8-appstore.facebookbrand-2018-dev.fb.com
https://1-8-en.facebookbrand-2018-dev.fb.com
https://18wus.facebookbrand-preprod.fb.com
https://19.10-es-la.facebookbrand-2018-dev.fb.com
https://1-aisweb-3.facebookbrand-2018-dev.fb.com
https://1-av.facebookbrand-2018-dev.fb.com
https://1-cloudfrontru.facebookbrand-2018-dev.fb.com
https://1-cms1coressabores2012.facebookbrand-2018-dev.fb.com
https://1-en-9.facebookbrand-2018-dev.fb.com
https://1-js4h97ik0qtb.facebookbrand-2018-dev.fb.com
https://1-ru.facebookbrand-2018-dev.fb.com
https://360.fb.com
https://360video.fb.com
https://360videos.fb.com
https://4.www.1.facebookbrand-2018-dev.fb.com
https://9i.facebookbrand-release.fb.com
https://a.10zh-hant.facebookbrand-2018-dev.fb.com
https://about.fb.com
https://abpstories.fb.com
https://access.fb.com
https://acs.global.dev.us-west-2.vdi.fb.com
https://acs.global.prod.ap-south-1.vdi.fb.com
https://acs.global.prod.ap-southeast-1.vdi.fb.com
https://acs.global.prod.eu-west-2.vdi.fb.com
https://acs.global.prod.us-east-1.vdi.fb.com
https://acs.global.prod.us-east-2.vdi.fb.com
https://acs.global.prod.us-west-2.vdi.fb.com
https://acs.regional.dev.us-west-2.vdi.fb.com
https://acs.regional.prod.ap-south-1.vdi.fb.com
https://acs.regional.prod.ap-southeast-1.vdi.fb.com
https://acs.regional.prod.eu-west-2.vdi.fb.com
https://acs.regional.prod.us-east-1.vdi.fb.com
https://acs.regional.prod.us-east-2.vdi.fb.com
https://acs.regional.prod.us-west-2.vdi.fb.com
https://active.www.facebookbrand-preprod.fb.com
https://admin.100.facebookbrand-2018-dev.fb.com
https://adminaffordablevaccines.facebookbrand-preprod.fb.com
https://ads-manager-dev.status.fb.com
https://ads-manager.status.fb.com
https://ads-transparency-dev.status.fb.com
https://ads-transparency.status.fb.com
https://affordablevaccines.facebookbrand-preprod.fb.com
https://agencies.fb.com
https://ai.fb.com
https://aisweb.facebookbrand-2018-dev.fb.com
https://alniddfatis-vip2.facebookbrand-release.fb.com
https://alnnggts403-dmz2.facebookbrand-release.fb.com
https://antivirus-extension.facebookbrand-preprod.fb.com
https://antivirus-for-all.facebookbrand-release.fb.com
https://aotearoanz.fb.com
https://apacpolicy.fb.com
https://apmms.fb.com
https://aprenda-dev.fb.com
https://aprenda.fb.com
https://aprenda-preprod.fb.com
https://aprenda-uat.fb.com
https://aprenda-usdev.fb.com
https://aprenda-uspreprod.fb.com
https://aprenda-usuat.fb.com
https://aprende-dev.fb.com
https://aprende.fb.com
https://aprende-preprod.fb.com
https://aprende-uat.fb.com
https://aprende-usdev.fb.com
https://aprende-uspreprod.fb.com
https://aprende-usuat.fb.com
https://ar.facebookbrand-2018-dev.fb.com
https://ar.facebookbrand-2018.fb.com
https://ar.facebookbrand-2018-preprod.fb.com
https://ar.facebookbrand-2018-release.fb.com
https://ar.facebookbrand-dev.fb.com
https://ar.facebookbrand-preprod.fb.com
https://ar.facebookbrand-release.fb.com
https://argentina.fb.com
https://ar.yearinreview.fb.com
https://asahdigital.fb.com
https://ash-fsoutpost.fb.com
https://ath-o1-primary.supernova.fb.com
https://ath-o1-secondary.supernova.fb.com
https://ath-o1.supernova.fb.com
https://audio360.fb.com
https://au.newsroom.fb.com
https://australia.fb.com
https://autos.fb.com
https://au.yearinreview.fb.com
https://avira-free-antivirus.facebookbrand-preprod.fb.com
https://bcn-o1-primary.supernova.fb.com
https://bcn-o1-secondary.supernova.fb.com
https://bcn-o1.supernova.fb.com
https://beatsunlocked.fb.com
https://belajarmenjaga.fb.com
https://benefits.fb.com
https://binario-f.fb.com
https://binariof.fb.com
https://biz.fb.com
https://bkk-o1-primary.supernova.fb.com
https://bkk-o1-secondary.supernova.fb.com
https://bkk-o1.supernova.fb.com
https://bog-o1-primary.supernova.fb.com
https://bog-o1-secondary.supernova.fb.com
https://bog-o1.supernova.fb.com
https://bog-o2-primary.supernova.fb.com
https://bog-o2-secondary.supernova.fb.com
https://bog-o2.supernova.fb.com
https://bom-o1-primary.supernova.fb.com
https://bom-o1-secondary.supernova.fb.com
https://bom-o1.supernova.fb.com
https://bom-o2-primary.supernova.fb.com
https://bom-o2-secondary.supernova.fb.com
https://bom-o2.supernova.fb.com
https://bom-o4-primary.supernova.fb.com
https://bom-o4.supernova.fb.com
https://brasil.fb.com
https://brazil.fb.com
https://br.instantarticles.fb.com
https://br.newsroom.fb.com
https://br.yearinreview.fb.com
https://businesspartners.fb.com
https://buy.fb.com
https://ca.newsroom.fb.com
https://careerconnections.fb.com
https://cdp.fb.com
https://ch.instantarticles.fb.com
https://cityguides.fb.com
https://classof2020.fb.com
https://cm.iad-1.prod.us-east-1.vdi.fb.com
https://cm.pdx-1.dev.us-west-2.vdi.fb.com
https://cm.pdx-2.prod.us-west-2.vdi.fb.com
https://cm.primary.ath.1.cop.eu-central-1.supernova.fb.com
https://cm.primary.bcn.1.coo.eu-west-2.supernova.fb.com
https://cm.primary.bkk.1.coo.ap-southeast-1.supernova.fb.com
https://cm.primary.bog.1.cop.ca-central-1.supernova.fb.com
https://cm.primary.bom.1.coo.ap-southeast-1.supernova.fb.com
https://cm.primary.bom.2.bio.ap-southeast-1.supernova.fb.com
https://cm.primary.bom.4.bcp.ap-south-1.supernova.fb.com
https://cm.primary.crk.1.cbi.ap-southeast-1.supernova.fb.com
https://cm.primary.dmo.1.coo.dev.us-west-2.supernova.fb.com
https://cm.primary.dmo.2.coo.eu-west-2.supernova.fb.com
https://cm.primary.dmo.3.coo.us-west-2.supernova.fb.com
https://cm.primary.dmo.4.coo.ap-southeast-1.supernova.fb.com
https://cm.primary.dub.1.coo.eu-west-1.supernova.fb.com
https://cm.primary.dub.2.cbi.eu-west-1.supernova.fb.com
https://cm.primary.dub.4.cbi.eu-west-1.supernova.fb.com
https://cm.primary.dvo.1.bio.ap-south-1.supernova.fb.com
https://cm.primary.ess.1.coo.eu-west-2.supernova.fb.com
https://cm.primary.hyd.2.bio.ap-southeast-1.supernova.fb.com
https://cm.primary.hyd.4.coo.ap-south-1.supernova.fb.com
https://cm.primary.hyd.6.com.ap-south-1.supernova.fb.com
https://cm.primary.hyd.7.bio.ap-south-1.supernova.fb.com
https://cm.primary.hyd.8.cop.ap-south-1.supernova.fb.com
https://cm.primary.idr.1.com.ap-south-1.supernova.fb.com
https://cm.primary.idr.2.pdo.ap-south-1.supernova.fb.com
https://cm.primary.kul.1.coo.ap-southeast-1.supernova.fb.com
https://cm.primary.lis.1.coo.eu-west-1.supernova.fb.com
https://cm.primary.lis.3.wps.eu-west-2.supernova.fb.com
https://cm.primary.mac.1.rnp.ap-south-1.supernova.fb.com
https://cm.primary.mac.2.com.ap-southeast-1.supernova.fb.com
https://cm.primary.mac.3.bio.ap-southeast-1.supernova.fb.com
https://cm.primary.mnl.1.coo.ap-southeast-1.supernova.fb.com
https://cm.primary.mnl.3.coo.ap-southeast-1.supernova.fb.com
https://cm.primary.mnl.6.bio.ap-south-1.supernova.fb.com
https://cm.primary.mnl.7.com.ap-south-1.supernova.fb.com
https://cm.primary.mnl.8.rnp.ap-south-1.supernova.fb.com
https://cm.primary.nbo.1.coo.eu-central-1.supernova.fb.com
https://cm.primary.pdx.1.bcp.us-west-2.supernova.fb.com
https://cm.primary.rix.1.coo.eu-west-2.supernova.fb.com
https://cm.primary.sin.1.coo.ap-southeast-1.supernova.fb.com
https://cm.primary.sin.3.fpl.ap-southeast-1.supernova.fb.com
https://cm.primary.sof.1.coo.eu-central-1.supernova.fb.com
https://cm.secondary.bcn.1.coo.eu-west-1.supernova.fb.com
https://cm.secondary.bkk.1.coo.ap-northeast-1.supernova.fb.com
https://cm.secondary.bog.1.cop.us-east-1.supernova.fb.com
https://cm.secondary.bom.1.coo.ap-northeast-1.supernova.fb.com
https://cm.secondary.bom.2.bio.ap-northeast-1.supernova.fb.com
https://cm.secondary.crk.1.cbi.ap-northeast-1.supernova.fb.com
https://cm.secondary.dub.1.coo.eu-west-2.supernova.fb.com
https://cm.secondary.dub.2.cbi.eu-west-2.supernova.fb.com
https://cm.secondary.dub.4.cbi.eu-west-2.supernova.fb.com
https://cm.secondary.dvo.1.bio.ap-southeast-1.supernova.fb.com
https://cm.secondary.ess.1.coo.eu-west-1.supernova.fb.com
https://cm.secondary.hyd.2.bio.ap-northeast-1.supernova.fb.com
https://cm.secondary.hyd.4.coo.ap-southeast-1.supernova.fb.com
https://cm.secondary.hyd.7.bio.ap-southeast-1.supernova.fb.com
https://cm.secondary.hyd.8.cop.ap-southeast-1.supernova.fb.com
https://cm.secondary.idr.1.com.ap-southeast-1.supernova.fb.com
https://cm.secondary.idr.2.pdo.ap-southeast-1.supernova.fb.com
https://cm.secondary.kul.1.coo.ap-northeast-1.supernova.fb.com
https://cm.secondary.lis.1.coo.eu-west-2.supernova.fb.com
https://cm.secondary.lis.3.wps.eu-central-1.supernova.fb.com
https://cm.secondary.mac.1.rnp.ap-southeast-1.supernova.fb.com
https://cm.secondary.mac.2.com.ap-south-1.supernova.fb.com
https://cm.secondary.mac.3.bio.ap-south-1.supernova.fb.com
https://cm.secondary.mnl.1.coo.ap-northeast-1.supernova.fb.com
https://cm.secondary.mnl.3.coo.ap-northeast-1.supernova.fb.com
https://cm.secondary.mnl.6.bio.ap-southeast-1.supernova.fb.com
https://cm.secondary.mnl.7.com.ap-southeast-1.supernova.fb.com
https://cm.secondary.mnl.8.rnp.ap-southeast-1.supernova.fb.com
https://cm.secondary.nbo.1.coo.eu-west-1.supernova.fb.com
https://cm.secondary.rix.1.coo.eu-west-1.supernova.fb.com
https://cm.secondary.sin.1.coo.ap-northeast-1.supernova.fb.com
https://cm.secondary.sin.3.fpl.ap-northeast-1.supernova.fb.com
https://cm.secondary.sof.1.coo.eu-west-1.supernova.fb.com
https://code-dev.fb.com
https://code.fb.com
https://colombia.fb.com
https://commerce-dev.status.fb.com
https://commerce.status.fb.com
https://communities.fb.com
https://connectivity.fb.com
https://contentdistributionpolicies.fb.com
https://contentdistributionpolicy.fb.com
https://content.fb.com
https://coressabores2012.facebookbrand-2018-dev.fb.com
https://coronarytorture.facebookbrand-release.fb.com
https://counterspeech.fb.com
https://covid-survey.dataforgood.fb.com
https://creative.fb.com
https://creativehub.fb.com
https://crk-o1-primary.supernova.fb.com
https://crk-o1-secondary.supernova.fb.com
https://crk-o1.supernova.fb.com
https://da-dk.facebookbrand-2018-dev.fb.com
https://da-dk.facebookbrand-2018.fb.com
https://da-dk.facebookbrand-2018-preprod.fb.com
https://da-dk.facebookbrand-2018-release.fb.com
https://da-dk.facebookbrand-dev.fb.com
https://da-dk.facebookbrand-preprod.fb.com
https://da-dk.facebookbrand-release.fb.com
https://datacenters.fb.com
https://dataforgood.fb.com
https://dataportability.fb.com
https://de.events.fb.com
https://de.facebookbrand-2018-dev.fb.com
https://de.facebookbrand-2018.fb.com
https://de.facebookbrand-2018-preprod.fb.com
https://de.facebookbrand-2018-release.fb.com
https://de.facebookbrand-dev.fb.com
https://de.facebookbrand-preprod.fb.com
https://de.facebookbrand-release.fb.com
https://de.instantarticles.fb.com
https://demo.supernova.fb.com
https://demotrainingportal.fb.com
https://de.newsroom.fb.com
https://depannage-ordinateur-windows-virus.facebookbrand-dev.fb.com
https://de.sustainability.fb.com
https://deutschland.fb.com
https://developerevents.fb.com
https://dev.fb.com
https://de.yearinreview.fb.com
https://digitaleslernen.fb.com
https://digitaleslernzentrum.fb.com
https://digitalskill.fb.com
https://digitalskills.fb.com
https://digitalskillsmichigan.fb.com
https://digitalskillsus.fb.com
https://digitaltayo.fb.com
https://digitaltraining.fb.com
https://diversity.fb.com
https://diversityreport.fb.com
https://dmo-o1-primary.supernova.fb.com
https://dmo-o1.supernova.fb.com
https://dmo-o2-primary.supernova.fb.com
https://dmo-o2.supernova.fb.com
https://dmo-o3-primary.supernova.fb.com
https://dmo-o3.supernova.fb.com
https://dmo-o4-primary.supernova.fb.com
https://dmo-o4.supernova.fb.com
https://donate.fb.com
https://donations.fb.com
https://ds1-dev.fb.com
https://ds1-preprod.fb.com
https://ds1-uat.fb.com
https://ds1-usdev.fb.com
https://ds1-uspreprod.fb.com
https://ds1-usuat.fb.com
https://ds2-dev.fb.com
https://ds2-preprod.fb.com
https://dub-o1-primary.supernova.fb.com
https://dub-o1-secondary.supernova.fb.com
https://dub-o1.supernova.fb.com
https://dub-o2-primary.supernova.fb.com
https://dub-o2-secondary.supernova.fb.com
https://dub-o2.supernova.fb.com
https://dub-o4-primary.supernova.fb.com
https://dub-o4-secondary.supernova.fb.com
https://dub-o4.supernova.fb.com
https://dvo-o1-primary.supernova.fb.com
https://dvo-o1-secondary.supernova.fb.com
https://dvo-o1.supernova.fb.com
http://search.fb.com
https://economy.fb.com
https://education.fb.com
https://edu.fb.com
http://seformer.fb.com
https://ehrenamt.fb.com
https://email.frlstudies.fb.com
https://emeapolicycovidhub.fb.com
https://en.facebookbrand-2018-dev.fb.com
https://en.facebookbrand-2018.fb.com
https://en.facebookbrand-2018-preprod.fb.com
https://en.facebookbrand-2018-release.fb.com
https://en.facebookbrand-dev.fb.com
https://en.facebookbrand-preprod.fb.com
https://en.facebookbrand-release.fb.com
https://engineerfortheweek.fb.com
https://engineering.fb.com
https://enterpriseenrollment.fb.com
https://enterpriseregistration.fb.com
https://es.events.fb.com
https://es.facebookbrand-2018-dev.fb.com
https://es.facebookbrand-2018.fb.com
https://es.facebookbrand-2018-preprod.fb.com
https://es.facebookbrand-2018-release.fb.com
https://es.facebookbrand-dev.fb.com
https://es.facebookbrand-preprod.fb.com
https://es.facebookbrand-release.fb.com
https://es-hub.fb.com
https://eshub.fb.com
https://es.instantarticles.fb.com
https://es-la.facebookbrand-2018-dev.fb.com
https://es-la.facebookbrand-2018.fb.com
https://es-la.facebookbrand-2018-preprod.fb.com
https://es-la.facebookbrand-2018-release.fb.com
https://es-la.facebookbrand-dev.fb.com
https://es-la.facebookbrand-preprod.fb.com
https://es-la.facebookbrand-release.fb.com
https://es.newsroom.fb.com
https://espana.fb.com
https://ess-o1-primary.supernova.fb.com
https://ess-o1-secondary.supernova.fb.com
https://ess-o1.supernova.fb.com
https://es.sustainability.fb.com
https://estacaohack.fb.com
https://es.techprep.fb.com
https://es.yearinreview.fb.com
https://eu-dev.fb.com
https://eu.fb.com
https://eu-preprod.fb.com
https://europeanunion.fb.com
https://events.fb.com
https://expresswifi.fb.com
https://f1-dev.fb.com
https://f1-preprod.fb.com
https://f1-uat.fb.com
https://f1-usdev.fb.com
https://f1-uspreprod.fb.com
https://f1-usuat.fb.com
https://facebook360.fb.com
https://facebookatunga.fb.com
https://facebookbrand-2018-dev.fb.com
https://facebookbrand-2018.fb.com
https://facebookbrand-2018-preprod.fb.com
https://facebookbrand-2018-release.fb.com
https://facebookbrand-dev.fb.com
https://facebookbrand-preprod.fb.com
https://facebookbrand-release.fb.com
https://facebookforums.fb.com
https://facebookinnigeria.fb.com
http://s.fb.com
https://fb.com
https://fbindia.fb.com
https://fbs-dev.status.fb.com
https://fbs.status.fb.com
https://fightcovidmisinfo.fb.com
https://formation.fb.com
https://fort.fb.com
https://forwardtogether.fb.com
https://france.fb.com
https://free.fb.com
https://fr.events.fb.com
https://fr.facebookbrand-2018-dev.fb.com
https://fr.facebookbrand-2018.fb.com
https://fr.facebookbrand-2018-preprod.fb.com
https://fr.facebookbrand-2018-release.fb.com
https://fr.facebookbrand-dev.fb.com
https://fr.facebookbrand-preprod.fb.com
https://fr.facebookbrand-release.fb.com
https://fr.instantarticles.fb.com
https://frljourneymap.fb.com
https://fr.newsroom.fb.com
https://fr.sustainability.fb.com
https://fr.yearinreview.fb.com
https://fs.fb.com
https://fsoutpost.fb.com
https://gb.newsroom.fb.com
https://germany.fb.com
https://giftofgiving.fb.com
https://go.fb.com
https://going-global.fb.com
https://graph-api.status.fb.com
https://graph-hack.fb.com
https://groups.fb.com
https://gs.fb.com
https://hacktober.fb.com
https://hardquestions.fb.com
https://hardquestionstour.fb.com
http://sheleadstechin.fb.com
http://shemeansbusiness.fb.com
https://h.fb.com
https://hk.instantarticles.fb.com
https://humanrights.fb.com
https://hyd-o10-primary.supernova.fb.com
https://hyd-o10.supernova.fb.com
https://hyd-o2-primary.supernova.fb.com
https://hyd-o2-secondary.supernova.fb.com
https://hyd-o2.supernova.fb.com
https://hyd-o4-primary.supernova.fb.com
https://hyd-o4-secondary.supernova.fb.com
https://hyd-o4.supernova.fb.com
https://hyd-o6-primary.supernova.fb.com
https://hyd-o6-secondary.supernova.fb.com
https://hyd-o6.supernova.fb.com
https://hyd-o7-primary.supernova.fb.com
https://hyd-o7-secondary.supernova.fb.com
https://hyd-o7.supernova.fb.com
https://hyd-o8-primary.supernova.fb.com
https://hyd-o8-secondary.supernova.fb.com
https://hyd-o8.supernova.fb.com
https://iad-1.vdi.fb.com
https://id.instantarticles.fb.com
https://idr-o1-primary.supernova.fb.com
https://idr-o1-secondary.supernova.fb.com
https://idr-o1.supernova.fb.com
https://idr-o2-primary.supernova.fb.com
https://idr-o2-secondary.supernova.fb.com
https://idr-o2.supernova.fb.com
http://signal.fb.com
https://immersivelearningacademy.fb.com
https://impara-dev.fb.com
https://impara.fb.com
https://impara-preprod.fb.com
https://impara-uat.fb.com
https://impara-usdev.fb.com
https://impara-uspreprod.fb.com
https://impara-usuat.fb.com
https://indiaeconomy.fb.com
https://india.fb.com
https://indonesia.fb.com
https://initiatives.france.fb.com
https://in.newsroom.fb.com
https://innovationlabkorea-en.fb.com
https://innovationlabkorea.fb.com
https://insidefeed.fb.com
https://insights.fb.com
https://inspired.fb.com
https://instantarticles.fb.com
https://investor.fb.com
https://investor.fb.com:2053
https://investor.fb.com:2083
https://investor.fb.com:2087
https://investor.fb.com:2096
https://investor.fb.com:8443
https://in.yearinreview.fb.com
https://istasyon.fb.com
https://italia.fb.com
https://italy.fb.com
https://it.events.fb.com
https://it.facebookbrand-2018-dev.fb.com
https://it.facebookbrand-2018.fb.com
https://it.facebookbrand-2018-preprod.fb.com
https://it.facebookbrand-2018-release.fb.com
https://it.facebookbrand-dev.fb.com
https://it.facebookbrand-preprod.fb.com
https://it.facebookbrand-release.fb.com
https://it.instantarticles.fb.com
https://it.newsroom.fb.com
https://it.yearinreview.fb.com
https://ja.facebookbrand-2018-dev.fb.com
https://ja.facebookbrand-2018.fb.com
https://ja.facebookbrand-2018-preprod.fb.com
https://ja.facebookbrand-2018-release.fb.com
https://ja.facebookbrand-dev.fb.com
https://ja.facebookbrand-preprod.fb.com
https://ja.facebookbrand-release.fb.com
https://ja.newsroom.fb.com
https://jawbreaker.facebookbrand-2018-preprod.fb.com
https://jp.instantarticles.fb.com
https://jp.yearinreview.fb.com
https://keepingthepromise.fb.com
https://ko-kr.facebookbrand-2018-dev.fb.com
https://ko-kr.facebookbrand-2018.fb.com
https://ko-kr.facebookbrand-2018-preprod.fb.com
https://ko-kr.facebookbrand-2018-release.fb.com
https://ko-kr.facebookbrand-dev.fb.com
https://ko-kr.facebookbrand-preprod.fb.com
https://ko-kr.facebookbrand-release.fb.com
https://ko.newsroom.fb.com
https://korea.fb.com
https://kr.instantarticles.fb.com
https://kr.yearinreview.fb.com
https://l1-dev.fb.com
https://l1-preprod.fb.com
https://l1-uat.fb.com
https://l1-usdev.fb.com
https://l1-uspreprod.fb.com
https://l1-usuat.fb.com
https://ldnlabcreators.fb.com
https://ldnlab.fb.com
https://learn.fb.com
https://learn.terragraph.fb.com
https://learntoprotect.fb.com
https://learn-us-dev.fb.com
https://learn-us-preprod.fb.com
https://learn-us-uat.fb.com
https://learn-us-usdev.fb.com
https://learn-us-uspreprod.fb.com
https://learn-us-usuat.fb.com
https://lernen.fb.com
https://linux.fb.com
https://lis-o1-primary.supernova.fb.com
https://lis-o1-secondary.supernova.fb.com
https://lis-o1.supernova.fb.com
https://lis-o3-primary.supernova.fb.com
https://lis-o3-secondary.supernova.fb.com
https://lis-o3.supernova.fb.com
https://live.ath.1.cop.eu-central-1.supernova.fb.com
https://live.bcn.1.coo.eu-west-2.supernova.fb.com
https://live.bkk.1.coo.ap-southeast-1.supernova.fb.com
https://live.bom.1.coo.ap-southeast-1.supernova.fb.com
https://live.bom.2.bio.ap-southeast-1.supernova.fb.com
https://live.bom.4.bcp.ap-south-1.supernova.fb.com
https://live.crk.1.cbi.ap-southeast-1.supernova.fb.com
https://live.dmo.1.coo.dev.us-west-2.supernova.fb.com
https://live.dmo.2.coo.eu-west-2.supernova.fb.com
https://live.dmo.3.coo.us-west-2.supernova.fb.com
https://live.dmo.4.coo.ap-southeast-1.supernova.fb.com
https://live.dub.1.coo.eu-west-1.supernova.fb.com
https://live.dub.2.cbi.eu-west-1.supernova.fb.com
https://live.dub.4.cbi.eu-west-1.supernova.fb.com
https://live.dvo.1.bio.ap-south-1.supernova.fb.com
https://live.ess.1.coo.eu-west-2.supernova.fb.com
https://live.fb.com
https://live.hyd.2.bio.ap-southeast-1.supernova.fb.com
https://live.hyd.4.coo.ap-south-1.supernova.fb.com
https://live.iad-1.prod.us-east-1.vdi.fb.com
https://live.idr.1.com.ap-south-1.supernova.fb.com
https://live.idr.2.pdo.ap-south-1.supernova.fb.com
https://live.kul.1.coo.ap-southeast-1.supernova.fb.com
https://live.lis.1.coo.eu-west-1.supernova.fb.com
https://live.lis.3.wps.eu-west-2.supernova.fb.com
https://live.mac.2.com.ap-southeast-1.supernova.fb.com
https://live.mac.3.bio.ap-southeast-1.supernova.fb.com
https://live.mnl.1.coo.ap-southeast-1.supernova.fb.com
https://live.mnl.3.coo.ap-southeast-1.supernova.fb.com
https://live.mnl.6.bio.ap-south-1.supernova.fb.com
https://live.mnl.7.com.ap-south-1.supernova.fb.com
https://live.mnl.8.rnp.ap-south-1.supernova.fb.com
https://live.nbo.1.coo.eu-central-1.supernova.fb.com
https://live.pdx.1.bcp.us-west-2.supernova.fb.com
https://live.pdx-1.dev.us-west-2.vdi.fb.com
https://live.pdx-2.prod.us-west-2.vdi.fb.com
https://live.rix.1.coo.eu-west-2.supernova.fb.com
https://live.sin.1.coo.ap-southeast-1.supernova.fb.com
https://live.sin.3.fpl.ap-southeast-1.supernova.fb.com
https://live.sof.1.coo.eu-central-1.supernova.fb.com
https://loncov3.facebookbrand-preprod.fb.com
https://loncov5.facebookbrand-dev.fb.com
https://ltam.newsroom.fb.com
https://mac-o1-primary.supernova.fb.com
https://mac-o1-secondary.supernova.fb.com
https://mac-o1.supernova.fb.com
https://mac-o2-primary.supernova.fb.com
https://mac-o2-secondary.supernova.fb.com
https://mac-o2.supernova.fb.com
https://mac-o3-primary.supernova.fb.com
https://mac-o3-secondary.supernova.fb.com
https://madeby.fb.com
https://madebyyou.fb.com
https://managingbias.fb.com
https://media.fb.com
https://messenger.fb.com
https://messengernews.fb.com
https://messengerplatform.fb.com
https://mexico.fb.com
https://middlemileinfra.fb.com
https://minecraft-virusz.facebookbrand-preprod.fb.com
https://mnl-o1-primary.supernova.fb.com
https://mnl-o1-secondary.supernova.fb.com
https://mnl-o1.supernova.fb.com
https://mnl-o3-primary.supernova.fb.com
https://mnl-o3-secondary.supernova.fb.com
https://mnl-o3.supernova.fb.com
https://mnl-o6-primary.supernova.fb.com
https://mnl-o6-secondary.supernova.fb.com
https://mnl-o6.supernova.fb.com
https://mnl-o7-primary.supernova.fb.com
https://mnl-o7-secondary.supernova.fb.com
https://mnl-o7.supernova.fb.com
https://mnl-o8-primary.supernova.fb.com
https://mnl-o8-secondary.supernova.fb.com
https://mnl-o8.supernova.fb.com
https://mx.instantarticles.fb.com
https://mx.yearinreview.fb.com
https://mydigitalworld.fb.com
https://nbo-o1-primary.supernova.fb.com
https://nbo-o1-secondary.supernova.fb.com
https://nbo-o1.supernova.fb.com
https://newsfeed.fb.com
https://newsroom.fb.com
https://n.fb.com
https://nghub.fb.com
https://nigeria.fb.com
https://nl.facebookbrand-2018-dev.fb.com
https://nl.facebookbrand-2018.fb.com
https://nl.facebookbrand-2018-preprod.fb.com
https://nl.facebookbrand-2018-release.fb.com
https://nl.facebookbrand-dev.fb.com
https://nl.facebookbrand-preprod.fb.com
https://nl.facebookbrand-release.fb.com
https://nonprofits.fb.com
https://npe.fb.com
http://socialgood.fb.com
http://socialimpact.fb.com
https://oculusforbusiness.fb.com
https://oculusweb.fb.com
https://openg.fb.com
http://soydigitalco.fb.com
http://soydigitalcr.fb.com
http://soydigital.fb.com
http://soydigitalmx.fb.com
http://spain.fb.com
http://sparkar.fb.com
http://sparkar-partners.fb.com
https://pay.fb.com
https://pdx-2.vdi.fb.com
https://pdx-o1-primary.supernova.fb.com
https://pdx-o1.supernova.fb.com
https://peoplepractices.fb.com
https://phabricator.cstools.fb.com
https://phabricator.fb.com
https://phabricatorfiles.cstools.fb.com
https://phabricatorfiles.fb.com
https://phabricatorfiles.intern.fb.com
https://phabricatorfiles.internmc.fb.com
https://phabricator.intern.fb.com
https://phabricator.internmc.fb.com
https://philippines.fb.com
https://pilipinas.fb.com
https://placetips.fb.com
https://pl.facebookbrand-2018-dev.fb.com
https://pl.facebookbrand-2018.fb.com
https://pl.facebookbrand-2018-preprod.fb.com
https://pl.facebookbrand-2018-release.fb.com
https://pl.facebookbrand-dev.fb.com
https://pl.facebookbrand-preprod.fb.com
https://pl.facebookbrand-release.fb.com
https://pmp.fb.com
https://poland.fb.com
https://politics.fb.com
https://polska.fb.com
https://portal.fb.com
https://preventivehealth.fb.com
https://privacytech.fb.com
https://prod-acs.vdi.fb.com
https://programswhatsapp.fb.com
https://przestrzen.fb.com
https://pt-br.facebookbrand-2018-dev.fb.com
https://pt-br.facebookbrand-2018.fb.com
https://pt-br.facebookbrand-2018-preprod.fb.com
https://pt-br.facebookbrand-2018-release.fb.com
https://pt-br.facebookbrand-dev.fb.com
https://pt-br.facebookbrand-preprod.fb.com
https://pt-br.facebookbrand-release.fb.com
https://pt.events.fb.com
https://pt-pt.facebookbrand-2018-dev.fb.com
https://pt-pt.facebookbrand-2018.fb.com
https://pt-pt.facebookbrand-2018-preprod.fb.com
https://pt-pt.facebookbrand-2018-release.fb.com
https://pt-pt.facebookbrand-dev.fb.com
https://pt-pt.facebookbrand-preprod.fb.com
https://pt-pt.facebookbrand-release.fb.com
https://questday.fb.com
https://quill.fb.com
https://realitylabsacademy.fb.com
https://reports.fb.com
https://research.fb.com
https://rightsmanager.fb.com
https://rix-o1-primary.supernova.fb.com
https://rix-o1-secondary.supernova.fb.com
https://rix-o1.supernova.fb.com
https://rix-o3-primary.supernova.fb.com
https://rix-o3-secondary.supernova.fb.com
https://rix-o3.supernova.fb.com
https://router-reboot-story.fb.com
https://rozwoj-dev.fb.com
https://rozwoj.fb.com
https://rozwoj-preprod.fb.com
https://rozwoj-uat.fb.com
https://rozwoj-usdev.fb.com
https://rozwoj-uspreprod.fb.com
https://rozwoj-usuat.fb.com
https://ru.facebookbrand-2018-dev.fb.com
https://ru.facebookbrand-2018.fb.com
https://ru.facebookbrand-2018-preprod.fb.com
https://ru.facebookbrand-2018-release.fb.com
https://ru.facebookbrand-dev.fb.com
https://ru.facebookbrand-preprod.fb.com
https://ru.facebookbrand-release.fb.com
https://ru.instantarticles.fb.com
https://search.fb.com
https://seformer.fb.com
https://s.fb.com
https://sheleadstechin.fb.com
https://shemeansbusiness.fb.com
https://signal.fb.com
https://sin-o1-primary.supernova.fb.com
https://sin-o1-secondary.supernova.fb.com
https://sin-o1.supernova.fb.com
https://sin-o3-primary.supernova.fb.com
https://sin-o3-secondary.supernova.fb.com
https://sin-o3.supernova.fb.com
https://snc-fsoutpost.fb.com
https://socialgood.fb.com
https://socialimpact.fb.com
https://sof-o1-primary.supernova.fb.com
https://sof-o1-secondary.supernova.fb.com
https://sof-o1.supernova.fb.com
https://soydigitalco.fb.com
https://soydigitalcr.fb.com
https://soydigital.fb.com
https://soydigitalmx.fb.com
https://spain.fb.com
https://sparkar.fb.com
https://sparkar-partners.fb.com
https://startupevents.fb.com
https://startup.fb.com
https://startupgarage.fb.com
https://startuphub.fb.com
https://startups.fb.com
https://status.fb.com
https://stories.fb.com
https://su1-dev.fb.com
https://su1-preprod.fb.com
https://su1-uat.fb.com
https://su1-usdev.fb.com
https://su1-uspreprod.fb.com
https://su1-usuat.fb.com
https://surround360.fb.com
https://sustainabilitybeta.fb.com
https://sustainability.fb.com
https://sv-se.facebookbrand-2018-dev.fb.com
https://sv-se.facebookbrand-2018.fb.com
https://sv-se.facebookbrand-2018-preprod.fb.com
https://sv-se.facebookbrand-2018-release.fb.com
https://sv-se.facebookbrand-dev.fb.com
https://sv-se.facebookbrand-preprod.fb.com
https://sv-se.facebookbrand-release.fb.com
http://startupevents.fb.com
http://startup.fb.com
http://startupgarage.fb.com
http://startuphub.fb.com
http://startups.fb.com
http://status.fb.com
https://tech.fb.com
https://techprep.fb.com
https://techstart.fb.com
https://test.supernova.fb.com
https://th.instantarticles.fb.com
https://threatexchange.fb.com
https://thrive.fb.com
http://stories.fb.com
https://transparency.fb.com
https://tr.facebookbrand-2018-dev.fb.com
https://tr.facebookbrand-2018.fb.com
https://tr.facebookbrand-2018-preprod.fb.com
https://tr.facebookbrand-2018-release.fb.com
https://tr.facebookbrand-dev.fb.com
https://tr.facebookbrand-preprod.fb.com
https://tr.facebookbrand-release.fb.com
https://tw.instantarticles.fb.com
http://su1-dev.fb.com
http://su1-preprod.fb.com
http://su1-uat.fb.com
http://su1-usdev.fb.com
http://su1-uspreprod.fb.com
http://su1-usuat.fb.com
https://uk.yearinreview.fb.com
http://surround360.fb.com
http://sustainabilitybeta.fb.com
http://sustainability.fb.com
https://videoapp.fb.com
https://vieprivee.fb.com
https://viewpoints.fb.com
https://virus-design.facebookbrand-preprod.fb.com
https://vi-vn.facebookbrand-2018-dev.fb.com
https://vi-vn.facebookbrand-2018.fb.com
https://vi-vn.facebookbrand-2018-preprod.fb.com
https://vi-vn.facebookbrand-2018-release.fb.com
https://vi-vn.facebookbrand-dev.fb.com
https://vi-vn.facebookbrand-preprod.fb.com
https://vi-vn.facebookbrand-release.fb.com
https://vn.instantarticles.fb.com
https://vrfitness.fb.com
https://vrforinclusion.fb.com
http://sv-se.facebookbrand-2018-dev.fb.com
http://sv-se.facebookbrand-2018.fb.com
http://sv-se.facebookbrand-2018-preprod.fb.com
http://sv-se.facebookbrand-2018-release.fb.com
http://sv-se.facebookbrand-dev.fb.com
http://sv-se.facebookbrand-preprod.fb.com
http://sv-se.facebookbrand-release.fb.com
https://vsp.fb.com
https://wethinkdigital.fb.com
https://whatsapp-business-api.status.fb.com
https://whatsapppolicy.fb.com
https://wi-fi.fb.com
https://wifi.fb.com
https://workplaceblog.fb.com
https://workplace.fb.com
https://www.360.fb.com
https://www.360video.fb.com
https://www.360videos.fb.com
https://www.about.fb.com
https://www.abpstories.fb.com
https://www.access.fb.com
https://www.agencies.fb.com
https://www.ai.fb.com
https://www.aotearoanz.fb.com
https://www.apacpolicy.fb.com
https://www.apmms.fb.com
https://www.aprenda-dev.fb.com
https://www.aprenda.fb.com
https://www.aprenda-preprod.fb.com
https://www.aprenda-uat.fb.com
https://www.aprenda-usdev.fb.com
https://www.aprenda-uspreprod.fb.com
https://www.aprenda-usuat.fb.com
https://www.aprende-dev.fb.com
https://www.aprende.fb.com
https://www.aprende-preprod.fb.com
https://www.aprende-uat.fb.com
https://www.aprende-usdev.fb.com
https://www.aprende-uspreprod.fb.com
https://www.aprende-usuat.fb.com
https://www.argentina.fb.com
https://www.asahdigital.fb.com
https://www.audio360.fb.com
https://www.australia.fb.com
https://www.beatsunlocked.fb.com
https://www.belajarmenjaga.fb.com
https://www.binario-f.fb.com
https://www.binariof.fb.com
https://www.brasil.fb.com
https://www.brazil.fb.com
https://www.businesspartners.fb.com
https://www.buy.fb.com
https://www.careerconnections.fb.com
https://www.cdp.fb.com
https://www.cityguides.fb.com
https://www.classof2020.fb.com
https://www.code-dev.fb.com
https://www.code.fb.com
https://www.colombia.fb.com
https://www.communities.fb.com
https://www.connectivity.fb.com
https://www.contentdistributionpolicies.fb.com
https://www.contentdistributionpolicy.fb.com
https://www.counterspeech.fb.com
https://www.datacenters.fb.com
https://www.dataforgood.fb.com
https://www.dataportability.fb.com
https://www.demotrainingportal.fb.com
https://www.de.sustainability.fb.com
https://www.deutschland.fb.com
https://www.developerevents.fb.com
https://www.digitaleslernen.fb.com
https://www.digitaleslernzentrum.fb.com
https://www.digitalskill.fb.com
https://www.digitalskills.fb.com
https://www.digitalskillsmichigan.fb.com
https://www.digitalskillsus.fb.com
https://www.digitaltayo.fb.com
https://www.digitaltraining.fb.com
https://www.diversity.fb.com
https://www.diversityreport.fb.com
https://www.donations.fb.com
https://www.ds1-usdev.fb.com
https://www.ds1-uspreprod.fb.com
https://www.ds1-usuat.fb.com
https://www.ds2-dev.fb.com
https://www.ds2-preprod.fb.com
https://www.education.fb.com
https://www.edu.fb.com
https://www.ehrenamt.fb.com
https://www.emeapolicycovidhub.fb.com
https://www.engineerfortheweek.fb.com
https://www.engineering.fb.com
https://www.es-hub.fb.com
https://www.eshub.fb.com
https://www.espana.fb.com
https://www.es.sustainability.fb.com
https://www.estacaohack.fb.com
https://www.eu-dev.fb.com
https://www.eu.fb.com
https://www.eu-preprod.fb.com
https://www.europeanunion.fb.com
https://www.events.fb.com
https://www.expresswifi.fb.com
https://www.f1-dev.fb.com
https://www.f1-preprod.fb.com
https://www.f1-usdev.fb.com
https://www.f1-uspreprod.fb.com
https://www.f1-usuat.fb.com
https://www.facebook360.fb.com
https://www.facebookatunga.fb.com
https://www.facebookforums.fb.com
https://www.facebookinnigeria.fb.com
https://www.fb.com
https://www.fbindia.fb.com
https://www.fightcovidmisinfo.fb.com
https://www.formation.fb.com
https://www.fort.fb.com
https://www.forwardtogether.fb.com
https://www.france.fb.com
https://www.frljourneymap.fb.com
https://www.fr.sustainability.fb.com
https://www.germany.fb.com
https://www.going-global.fb.com
https://www.graph-hack.fb.com
https://www.gs.fb.com
https://www.hacktober.fb.com
https://www.hardquestions.fb.com
https://www.hardquestionstour.fb.com
https://www.humanrights.fb.com
https://www.immersivelearningacademy.fb.com
https://www.impara-dev.fb.com
https://www.impara.fb.com
https://www.impara-preprod.fb.com
https://www.impara-uat.fb.com
https://www.impara-usdev.fb.com
https://www.impara-uspreprod.fb.com
https://www.impara-usuat.fb.com
https://www.indiaeconomy.fb.com
https://www.india.fb.com
https://www.indonesia.fb.com
https://www.innovationlabkorea-en.fb.com
https://www.innovationlabkorea.fb.com
https://www.insidefeed.fb.com
https://www.insights.fb.com
https://www.inspired.fb.com
https://www.instantarticles.fb.com
https://www.istasyon.fb.com
https://www.italia.fb.com
https://www.italy.fb.com
https://www.keepingthepromise.fb.com
https://www.korea.fb.com
https://www.l1-dev.fb.com
https://www.l1-preprod.fb.com
https://www.l1-usdev.fb.com
https://www.l1-uspreprod.fb.com
https://www.l1-usuat.fb.com
https://www.learn.fb.com
https://www.learntoprotect.fb.com
https://www.learn-us-dev.fb.com
https://www.learn-us-preprod.fb.com
https://www.learn-us-uat.fb.com
https://www.learn-us-usdev.fb.com
https://www.learn-us-uspreprod.fb.com
https://www.learn-us-usuat.fb.com
https://www.lernen.fb.com
https://www.linux.fb.com
https://www.live.fb.com
https://www.madebyyou.fb.com
https://www.managingbias.fb.com
https://www.media.fb.com
https://www.messenger.fb.com
https://www.messengernews.fb.com
https://www.messengerplatform.fb.com
https://www.mexico.fb.com
https://www.middlemileinfra.fb.com
https://www.mydigitalworld.fb.com
https://www.newsfeed.fb.com
https://www.newsroom.fb.com
https://www.nghub.fb.com
https://www.nigeria.fb.com
https://www.nonprofits.fb.com
https://www.npe.fb.com
https://www.openg.fb.com
https://www.peoplepractices.fb.com
https://www.philippines.fb.com
https://www.pilipinas.fb.com
https://www.placetips.fb.com
https://www.pmp.fb.com
https://www.poland.fb.com
https://www.politics.fb.com
https://www.polska.fb.com
https://www.privacytech.fb.com
https://www.programswhatsapp.fb.com
https://www.przestrzen.fb.com
https://www.questday.fb.com
https://www.realitylabsacademy.fb.com
https://www.research.fb.com
https://www.rightsmanager.fb.com
https://www.rozwoj-dev.fb.com
https://www.rozwoj.fb.com
https://www.rozwoj-preprod.fb.com
https://www.rozwoj-uat.fb.com
https://www.rozwoj-usdev.fb.com
https://www.rozwoj-uspreprod.fb.com
https://www.rozwoj-usuat.fb.com
https://www.seformer.fb.com
https://www.sheleadstechin.fb.com
https://www.shemeansbusiness.fb.com
https://www.socialgood.fb.com
https://www.socialimpact.fb.com
https://www.soydigitalco.fb.com
https://www.soydigitalcr.fb.com
https://www.soydigital.fb.com
https://www.soydigitalmx.fb.com
https://www.spain.fb.com
https://www.sparkar.fb.com
https://www.sparkar-partners.fb.com
https://www.startupevents.fb.com
https://www.startup.fb.com
https://www.startupgarage.fb.com
https://www.startuphub.fb.com
https://www.startups.fb.com
https://www.status.fb.com
https://www.stories.fb.com
https://www.su1-usdev.fb.com
https://www.su1-uspreprod.fb.com
https://www.su1-usuat.fb.com
https://www.surround360.fb.com
https://www.sustainabilitybeta.fb.com
https://www.sustainability.fb.com
https://www.tech.fb.com
https://www.techprep.fb.com
https://www.techstart.fb.com
https://www.threatexchange.fb.com
https://www.thrive.fb.com
https://www.transparency.fb.com
https://www.videoapp.fb.com
https://www.viewpoints.fb.com
https://www.vrfitness.fb.com
https://www.vrforinclusion.fb.com
https://www.wethinkdigital.fb.com
https://www.whatsapppolicy.fb.com
https://www.wi-fi.fb.com
https://www.wifi.fb.com
https://www.workplaceblog.fb.com
https://www.yearinreview.fb.com
https://www.your.fb.com
https://www.yourhome.fb.com
https://www.zona.fb.com
https://yearinreview.fb.com
https://yourbusinessstory.fb.com
https://your.fb.com
https://yourhome.fb.com
https://zh-hans.facebookbrand-2018-dev.fb.com
https://zh-hans.facebookbrand-2018.fb.com
https://zh-hans.facebookbrand-2018-preprod.fb.com
https://zh-hans.facebookbrand-2018-release.fb.com
https://zh-hans.facebookbrand-dev.fb.com
https://zh-hans.facebookbrand-preprod.fb.com
https://zh-hans.facebookbrand-release.fb.com
https://zh-hant.facebookbrand-2018-dev.fb.com
https://zh-hant.facebookbrand-2018.fb.com
https://zh-hant.facebookbrand-2018-preprod.fb.com
https://zh-hant.facebookbrand-2018-release.fb.com
https://zh-hant.facebookbrand-dev.fb.com
https://zh-hant.facebookbrand-preprod.fb.com
https://zh-hant.facebookbrand-release.fb.com
https://z-m-portal.fb.com
https://zona.fb.com
http://tech.fb.com
http://techprep.fb.com
http://techstart.fb.com
http://th.instantarticles.fb.com
http://threatexchange.fb.com
http://thrive.fb.com
http://transparency.fb.com
http://tr.facebookbrand-2018-dev.fb.com
http://tr.facebookbrand-2018.fb.com
http://tr.facebookbrand-2018-preprod.fb.com
http://tr.facebookbrand-2018-release.fb.com
http://tr.facebookbrand-dev.fb.com
http://tr.facebookbrand-preprod.fb.com
http://tr.facebookbrand-release.fb.com
http://tw.instantarticles.fb.com
http://uk.yearinreview.fb.com
http://videoapp.fb.com
http://vieprivee.fb.com
http://viewpoints.fb.com
http://virus-design.facebookbrand-preprod.fb.com
http://vi-vn.facebookbrand-2018-dev.fb.com
http://vi-vn.facebookbrand-2018.fb.com
http://vi-vn.facebookbrand-2018-preprod.fb.com
http://vi-vn.facebookbrand-2018-release.fb.com
http://vi-vn.facebookbrand-dev.fb.com
http://vi-vn.facebookbrand-preprod.fb.com
http://vi-vn.facebookbrand-release.fb.com
http://vn.instantarticles.fb.com
http://vrfitness.fb.com
http://vrforinclusion.fb.com
http://vsp.fb.com
http://wethinkdigital.fb.com
http://whatsapppolicy.fb.com
http://wi-fi.fb.com
http://wifi.fb.com
http://workplaceblog.fb.com
http://workplace.fb.com
http://www.360.fb.com
http://www.360video.fb.com
http://www.360videos.fb.com
http://www.about.fb.com
http://www.abpstories.fb.com
http://www.access.fb.com
http://www.agencies.fb.com
http://www.ai.fb.com
http://www.aotearoanz.fb.com
http://www.apacpolicy.fb.com
http://www.apmms.fb.com
http://www.aprenda-dev.fb.com
http://www.aprenda.fb.com
http://www.aprenda-preprod.fb.com
http://www.aprenda-uat.fb.com
http://www.aprenda-usdev.fb.com
http://www.aprenda-uspreprod.fb.com
http://www.aprenda-usuat.fb.com
http://www.aprende-dev.fb.com
http://www.aprende.fb.com
http://www.aprende-preprod.fb.com
http://www.aprende-uat.fb.com
http://www.aprende-usdev.fb.com
http://www.aprende-uspreprod.fb.com
http://www.aprende-usuat.fb.com
http://www.argentina.fb.com
http://www.asahdigital.fb.com
http://www.audio360.fb.com
http://www.australia.fb.com
http://www.beatsunlocked.fb.com
http://www.belajarmenjaga.fb.com
http://www.binario-f.fb.com
http://www.binariof.fb.com
http://www.brasil.fb.com
http://www.brazil.fb.com
http://www.businesspartners.fb.com
http://www.buy.fb.com
http://www.careerconnections.fb.com
http://www.cdp.fb.com
http://www.cityguides.fb.com
http://www.classof2020.fb.com
http://www.code-dev.fb.com
http://www.code.fb.com
http://www.colombia.fb.com
http://www.communities.fb.com
http://www.connectivity.fb.com
http://www.contentdistributionpolicies.fb.com
http://www.contentdistributionpolicy.fb.com
http://www.counterspeech.fb.com
http://www.datacenters.fb.com
http://www.dataforgood.fb.com
http://www.dataportability.fb.com
http://www.demotrainingportal.fb.com
http://www.de.sustainability.fb.com
http://www.deutschland.fb.com
http://www.developerevents.fb.com
http://www.digitaleslernen.fb.com
http://www.digitaleslernzentrum.fb.com
http://www.digitalskill.fb.com
http://www.digitalskills.fb.com
http://www.digitalskillsmichigan.fb.com
http://www.digitalskillsus.fb.com
http://www.digitaltayo.fb.com
http://www.digitaltraining.fb.com
http://www.diversity.fb.com
http://www.diversityreport.fb.com
http://www.donations.fb.com
http://www.ds1-usdev.fb.com
http://www.ds1-uspreprod.fb.com
http://www.ds1-usuat.fb.com
http://www.ds2-dev.fb.com
http://www.ds2-preprod.fb.com
http://www.education.fb.com
http://www.edu.fb.com
http://www.ehrenamt.fb.com
http://www.emeapolicycovidhub.fb.com
http://www.engineerfortheweek.fb.com
http://www.engineering.fb.com
http://www.es-hub.fb.com
http://www.eshub.fb.com
http://www.espana.fb.com
http://www.es.sustainability.fb.com
http://www.estacaohack.fb.com
http://www.eu-dev.fb.com
http://www.eu.fb.com
http://www.eu-preprod.fb.com
http://www.europeanunion.fb.com
http://www.events.fb.com
http://www.expresswifi.fb.com
http://www.f1-dev.fb.com
http://www.f1-preprod.fb.com
http://www.f1-usdev.fb.com
http://www.f1-uspreprod.fb.com
http://www.f1-usuat.fb.com
http://www.facebook360.fb.com
http://www.facebookatunga.fb.com
http://www.facebookforums.fb.com
http://www.facebookinnigeria.fb.com
http://www.fb.com
http://www.fbindia.fb.com
http://www.fightcovidmisinfo.fb.com
http://www.formation.fb.com
http://www.fort.fb.com
http://www.forwardtogether.fb.com
http://www.france.fb.com
http://www.frljourneymap.fb.com
http://www.fr.sustainability.fb.com
http://www.germany.fb.com
http://www.going-global.fb.com
http://www.graph-hack.fb.com
http://www.gs.fb.com
http://www.hacktober.fb.com
http://www.hardquestions.fb.com
http://www.hardquestionstour.fb.com
http://www.humanrights.fb.com
http://www.immersivelearningacademy.fb.com
http://www.impara-dev.fb.com
http://www.impara.fb.com
http://www.impara-preprod.fb.com
http://www.impara-uat.fb.com
http://www.impara-usdev.fb.com
http://www.impara-uspreprod.fb.com
http://www.impara-usuat.fb.com
http://www.indiaeconomy.fb.com
http://www.india.fb.com
http://www.indonesia.fb.com
http://www.innovationlabkorea-en.fb.com
http://www.innovationlabkorea.fb.com
http://www.insidefeed.fb.com
http://www.insights.fb.com
http://www.inspired.fb.com
http://www.instantarticles.fb.com
http://www.istasyon.fb.com
http://www.italia.fb.com
http://www.italy.fb.com
http://www.keepingthepromise.fb.com
http://www.korea.fb.com
http://www.l1-dev.fb.com
http://www.l1-preprod.fb.com
http://www.l1-usdev.fb.com
http://www.l1-uspreprod.fb.com
http://www.l1-usuat.fb.com
http://www.learn.fb.com
http://www.learntoprotect.fb.com
http://www.learn-us-dev.fb.com
http://www.learn-us-preprod.fb.com
http://www.learn-us-uat.fb.com
http://www.learn-us-usdev.fb.com
http://www.learn-us-uspreprod.fb.com
http://www.learn-us-usuat.fb.com
http://www.lernen.fb.com
http://www.linux.fb.com
http://www.live.fb.com
http://www.madebyyou.fb.com
http://www.managingbias.fb.com
http://www.media.fb.com
http://www.messenger.fb.com
http://www.messengernews.fb.com
http://www.messengerplatform.fb.com
http://www.mexico.fb.com
http://www.middlemileinfra.fb.com
http://www.mydigitalworld.fb.com
http://www.newsfeed.fb.com
http://www.newsroom.fb.com
http://www.nghub.fb.com
http://www.nigeria.fb.com
http://www.nonprofits.fb.com
http://www.npe.fb.com
http://www.openg.fb.com
http://www.opensource.fb.com
http://www.peoplepractices.fb.com
http://www.philippines.fb.com
http://www.pilipinas.fb.com
http://www.placetips.fb.com
http://www.pmp.fb.com
http://www.poland.fb.com
http://www.politics.fb.com
http://www.polska.fb.com
http://www.privacytech.fb.com
http://www.programswhatsapp.fb.com
http://www.przestrzen.fb.com
http://www.questday.fb.com
http://www.realitylabsacademy.fb.com
http://www.research.fb.com
http://www.rightsmanager.fb.com
http://www.router-reboot-story.fb.com
http://www.rozwoj-dev.fb.com
http://www.rozwoj.fb.com
http://www.rozwoj-preprod.fb.com
http://www.rozwoj-uat.fb.com
http://www.rozwoj-usdev.fb.com
http://www.rozwoj-uspreprod.fb.com
http://www.rozwoj-usuat.fb.com
http://www.seformer.fb.com
http://www.sheleadstechin.fb.com
http://www.shemeansbusiness.fb.com
http://www.socialgood.fb.com
http://www.socialimpact.fb.com
http://www.soydigitalco.fb.com
http://www.soydigitalcr.fb.com
http://www.soydigital.fb.com
http://www.soydigitalmx.fb.com
http://www.spain.fb.com
http://www.sparkar.fb.com
http://www.sparkar-partners.fb.com
http://www.startupevents.fb.com
http://www.startup.fb.com
http://www.startupgarage.fb.com
http://www.startuphub.fb.com
http://www.startups.fb.com
http://www.status.fb.com
http://www.stories.fb.com
http://www.su1-usdev.fb.com
http://www.su1-uspreprod.fb.com
http://www.su1-usuat.fb.com
http://www.surround360.fb.com
http://www.sustainabilitybeta.fb.com
http://www.sustainability.fb.com
http://www.tech.fb.com
http://www.techprep.fb.com
http://www.techstart.fb.com
http://www.threatexchange.fb.com
http://www.thrive.fb.com
http://www.transparency.fb.com
http://www.videoapp.fb.com
http://www.viewpoints.fb.com
http://www.vrfitness.fb.com
http://www.vrforinclusion.fb.com
http://www.wethinkdigital.fb.com
http://www.whatsapppolicy.fb.com
http://www.wi-fi.fb.com
http://www.wifi.fb.com
http://www.workplaceblog.fb.com
http://www.yearinreview.fb.com
http://www.your.fb.com
http://www.yourhome.fb.com
http://www.zimride.fb.com
http://www.zona.fb.com
http://yearinreview.fb.com
http://yourbusinessstory.fb.com
http://your.fb.com
http://yourhome.fb.com
http://zh-hans.facebookbrand-2018-dev.fb.com
http://zh-hans.facebookbrand-2018.fb.com
http://zh-hans.facebookbrand-2018-preprod.fb.com
http://zh-hans.facebookbrand-2018-release.fb.com
http://zh-hans.facebookbrand-dev.fb.com
http://zh-hans.facebookbrand-preprod.fb.com
http://zh-hans.facebookbrand-release.fb.com
http://zh-hant.facebookbrand-2018-dev.fb.com
http://zh-hant.facebookbrand-2018.fb.com
http://zh-hant.facebookbrand-2018-preprod.fb.com
http://zh-hant.facebookbrand-2018-release.fb.com
http://zh-hant.facebookbrand-dev.fb.com
http://zh-hant.facebookbrand-preprod.fb.com
http://zh-hant.facebookbrand-release.fb.com
http://zimride.fb.com
http://z-m-portal.fb.com
http://zona.fb.com
