http://accounts.google.com
http://android.clients.google.com
http://appengine.google.com
http://cloud.google.com
http://cnsviewer-static.corp.google.com
http://cnsviewer-static-dev.corp.google.com
http://corp.google.com
http://crowdsource.google.com
http://datacompute.google.com
http://google.com
http://goto.google.com
http://grow.google.com
http://inbox.google.com
http://ldap.google.com
http://login-canary.corp.google.com
http://login.corp.google.com
http://login-dev.corp.google.com
http://login-stable.corp.google.com
http://login-test.corp.google.com
http://mail.google.com
http://mtls.sandbox.google.com
http://news.google.com
http://printer.corp.google.com
https://accounts.google.com
https://android.clients.google.com
https://appengine.google.com
https://cloud.google.com
https://cnsviewer-static.corp.google.com
https://cnsviewer-static.corp.google.com:5030
https://cnsviewer-static.corp.google.com:5033
https://cnsviewer-static-dev.corp.google.com
https://cnsviewer-static-dev.corp.google.com:5030
https://cnsviewer-static-dev.corp.google.com:5033
https://corp.google.com
https://corp.google.com:5030
https://corp.google.com:5033
https://crowdsource.google.com
https://da-mtv-6.da.ext.google.com
https://datacompute.google.com
https://da-twd-4.da.ext.google.com
https://google.com
https://goto.google.com
https://goto.google.com:5030
https://goto.google.com:5033
https://grow.google.com
https://inbox.google.com
https://ldap.google.com
https://login-canary.corp.google.com
https://login-canary.corp.google.com:5030
https://login-canary.corp.google.com:5033
https://login.corp.google.com
https://login.corp.google.com:5030
https://login.corp.google.com:5033
https://login-dev.corp.google.com
https://login-dev.corp.google.com:5030
https://login-dev.corp.google.com:5033
https://login-stable.corp.google.com
https://login-stable.corp.google.com:5030
https://login-stable.corp.google.com:5033
https://login-test.corp.google.com
https://login-test.corp.google.com:5030
https://login-test.corp.google.com:5033
https://mail.google.com
https://mtls.sandbox.google.com
https://news.google.com
https://printer.corp.google.com
https://printer.corp.google.com:5030
https://printer.corp.google.com:5033
https://time.google.com
https://uberproxy.corp.google.com
https://uberproxy.corp.google.com:5030
https://uberproxy.corp.google.com:5033
https://uberproxy-san.cnsviewer-static.corp.google.com
https://uberproxy-san.cnsviewer-static.corp.google.com:5030
https://uberproxy-san.cnsviewer-static.corp.google.com:5033
https://uberproxy-san.viceroy.corp.google.com
https://uberproxy-san.viceroy.corp.google.com:5030
https://uberproxy-san.viceroy.corp.google.com:5033
https://viceroy.corp.google.com
https://viceroy.corp.google.com:5030
https://viceroy.corp.google.com:5033
https://viceroy-old.corp.google.com
https://viceroy-old.corp.google.com:5030
https://viceroy-old.corp.google.com:5033
https://viceroy-qa.corp.google.com
https://viceroy-qa.corp.google.com:5030
https://viceroy-qa.corp.google.com:5033
https://vi.corp.google.com
https://vi.corp.google.com:5030
https://vi.corp.google.com:5033
https://vi-old.corp.google.com
https://vi-old.corp.google.com:5030
https://vi-old.corp.google.com:5033
https://vi-qa.corp.google.com
https://vi-qa.corp.google.com:5030
https://vi-qa.corp.google.com:5033
http://time.google.com
http://uberproxy.corp.google.com
http://uberproxy-san.cnsviewer-static.corp.google.com
http://uberproxy-san.viceroy.corp.google.com
http://viceroy.corp.google.com
http://viceroy-old.corp.google.com
http://viceroy-qa.corp.google.com
http://vi.corp.google.com
http://vi-old.corp.google.com
http://vi-qa.corp.google.com
