http://0-11.messenger.com
http://0-2018.messenger.com
http://0-edge-chat-3.messenger.com
http://0-edge-chat-latest.messenger.com
http://0-edge-chat.messenger.com
http://0.messenger.com
http://0-undefined.messenger.com
http://12frenz.messenger.com
http://1374374522791369-togethersdk.messenger.com
http://14yki77.messenger.com
http://168.messenger.com
http://16nuy81.messenger.com
http://1-edege-chat.messenger.com
http://1-edge-chat.messenger.com
http://1kj4tcj.messenger.com
http://1.messenger.com
http://1sbipau.messenger.com
http://1-undefined.messenger.com
http://1www.messenger.com
http://205962049613862-togethersdk.messenger.com
http://24im.messenger.com
http://252fwww.messenger.com
http://2-edge-chat-latest.messenger.com
http://2-edge-chat.messenger.com
http://2fl.messenger.com
http://2fwww.messenger.com
http://2-undefined.messenger.com
http://3-edge-chat-latest.messenger.com
http://3-edge-chat.messenger.com
http://3-undefined.messenger.com
http://3x.messenger.com
http://4-edge-chat-latest.messenger.com
http://4-edge-chat.messenger.com
http://4-undefined.messenger.com
http://5-edge-chat-latest.messenger.com
http://5-edge-chat.messenger.com
http://5-undefined.messenger.com
http://6-edge-chat.messenger.com
http://6osgc9q4.messenger.com
http://6-undefined.messenger.com
http://7-edge-chat.messenger.com
http://818-v-ironmask.messenger.com
http://89mats.spaces.messenger.com
http://8-edge-chat.messenger.com
http://8kf58bpx.messenger.com
http://9-edge-chat.messenger.com
http://9pruw2rj.messenger.com
http://about.messenger.com
http://access.messenger.com
http://accountsecuritylockdown.messenger.com
http://ac.messenger.com
http://acp.messenger.com
http://adistance.messenger.com
http://ad.messenger.com
http://admin.messenger.com
http://admin.tts.messenger.com
http://adm.messenger.com
http://adserver.messenger.com
http://ads.messenger.com
http://affiliate.messenger.com
http://affiliates.messenger.com
http://affordablevaccines.beta.messenger.com
http://afstand-meten.messenger.com
http://af-za.developers.messenger.com
http://af-za.messenger.com
http://af-za.r.e.messenger.com
http://af-za.thenews.messenger.com
http://af-za.yahoo.messenger.com
http://agenda.messenger.com
http://ai.messenger.com
http://aim.messenger.com
http://ajt.messenger.com
http://alexandrasicignano.messenger.com
http://alfa.messenger.com
http://alisg.messenger.com
http://allday20.messenger.com
http://alpha.messenger.com
http://alumni.messenger.com
http://a.messenger.com
http://am-et.messenger.com
http://amsn.messenger.com
http://analytics.messenger.com
http://andrea.messenger.com
http://ann.messenger.com
http://aol.messenger.com
http://api.messenger.com
http://app.messenger.com
http://apps.messenger.com
http://ar-ar.messenger.com
http://ar-ar.thenews.messenger.com
http://ar-ar.yahoo.messenger.com
http://archive.messenger.com
http://ar.messenger.com
http://art.messenger.com
http://ashtonhsu20.messenger.com
http://as-in.messenger.com
http://askimaskim.messenger.com
http://assets.messenger.com
http://atlas.messenger.com
http://att.my.yahoo.messenger.com
http://auth.messenger.com
http://autoconfig.messenger.com
http://autodiscover.beta.messenger.com
http://autodiscover.messenger.com
http://auto.messenger.com
http://av.messenger.com
http://az-az.messenger.com
http://b2b.messenger.com
http://backup.messenger.com
http://badge.messenger.com
http://badoo.messenger.com
http://baidu.messenger.com
http://baijialemask.messenger.com
http://banner.messenger.com
http://banuba-live-selfie-filters-and-face-masks-camera.messenger.com
http://barncover.beta.messenger.com
http://barracuda.messenger.com
http://baymsgr2011706.gateway.messenger.com
http://bb.messenger.com
http://bbm.messenger.com
http://bbs.messenger.com
http://be.messenger.com
http://be.msn.messenger.com
http://beta.messenger.com
http://beta.yahoo.messenger.com
http://bg-bg.messenger.com
http://bg.messenger.com
http://biblioteca.messenger.com
http://bigzipfiles.messenger.com
http://billing.messenger.com
http://bip.messenger.com
http://blackber.messenger.com
http://blackberry.messenger.com
http://blackmask1.messenger.com
http://black.messenger.com
http://blogmask.messenger.com
http://blog.messenger.com
http://blogs.messenger.com
http://blueberry.messenger.com
http://b.messenger.com
http://bn-in.developers.messenger.com
http://bn-in.messenger.com
http://bn-in.r.e.messenger.com
http://bn-in.thenews.messenger.com
http://bn-in.yahoo.messenger.com
http://board.messenger.com
http://bookmarks.messenger.com
http://book.messenger.com
http://br-fr.messenger.com
http://br.messenger.com
http://br.msn.messenger.com
http://broadcast-ip.messenger.com
http://bs-ba.messenger.com
http://buddypoke.messenger.com
http://bugs.messenger.com
http://builder.messenger.com
http://business.messenger.com
http://b-www.messenger.com
http://cache.messenger.com
http://ca-es.developers.messenger.com
http://ca-es.messenger.com
http://ca-es.r.e.messenger.com
http://ca-es.thenews.messenger.com
http://ca-es.yahoo.messenger.com
http://cal.messenger.com
http://ca.messenger.com
http://careers.messenger.com
http://cas.messenger.com
http://catalog.messenger.com
http://cb-iq.messenger.com
http://cc.messenger.com
http://cdn1.messenger.com
http://cdn2.messenger.com
http://cdn.messenger.com
http://centrocorona.messenger.com
http://chat.messenger.com
http://che-messenger.com-docker.dev.messenger.com
http://chikka.messenger.com
http://chikkatext.messenger.com
http://chrome.messenger.com
http://cinyour.messenger.com
http://cinyourrc.messenger.com
http://cisco.messenger.com
http://citrix.messenger.com
http://cj.messenger.com
http://claro.messenger.com
http://class.messenger.com
http://client.messenger.com
http://clients.messenger.com
http://cl.messenger.com
http://cloudflare-resolve-to.messenger.com
http://cloud.messenger.com
http://club.messenger.com
http://c.messenger.com
http://cms.messenger.com
http://cname.messenger.com
http://cn.messenger.com
http://code.messenger.com
http://co-fr.messenger.com
http://collamask.messenger.com
http://com4-edge-chat.messenger.com
http://com.messenger.com
http://community.messenger.com
http://comune.messenger.com
http://conference.messenger.com
http://config.messenger.com
http://connect.messenger.com
http://consumo.messenger.com
http://content.messenger.com
http://control.messenger.com
http://corona1.messenger.com
http://coronaangelica.messenger.com
http://corona-de-tucson.messenger.com
http://corona-dev2.messenger.com
http://coronae.messenger.com
http://corona.messenger.com
http://corona-trunk-development-manhattan.messenger.com
http://coronaviruswa.messenger.com
http://corp.beta.messenger.com
http://corp.messenger.com
http://cpanel.messenger.com
http://cp.messenger.com
http://crm.messenger.com
http://cs-cz.developers.messenger.com
http://cs-cz.messenger.com
http://cs-cz.r.e.messenger.com
http://cs-cz.thenews.messenger.com
http://cse.messenger.com
http://csi.messenger.com
http://cs.messenger.com
http://css.messenger.com
http://cuba.messenger.com
http://cu.messenger.com
http://cvs.messenger.com
http://cy-gb.developers.messenger.com
http://cy-gb.messenger.com
http://cy-gb.r.e.messenger.com
http://cy-gb.thenews.messenger.com
http://cy-gb.yahoo.messenger.com
http://da-dk.developers.messenger.com
http://da-dk.messenger.com
http://da-dk.r.e.messenger.com
http://da-dk.thenews.messenger.com
http://da-dk.yahoo.messenger.com
http://data.messenger.com
http://datr.messenger.com
http://db1.messenger.com
http://db2.messenger.com
http://dbadmin.messenger.com
http://db.messenger.com
http://dc.messenger.com
http://dd.messenger.com
http://de-de.developers.messenger.com
http://de-de.messenger.com
http://de-de.r.e.messenger.com
http://de-de.thenews.messenger.com
http://de.messenger.com
http://demo.messenger.com
http://descubrewindowslive.messenger.com
http://design.messenger.com
http://desktop.messenger.com
http://dev1.messenger.com
http://dev2.messenger.com
http://devel.messenger.com
http://developer.messenger.com
http://developers.messenger.com
http://development.messenger.com
http://dev.messenger.com
http://dialin.messenger.com
http://digilander.messenger.com
http://direct.messenger.com
http://directory.messenger.com
http://distance1.messenger.com
http://distancelearnpre.messenger.com
http://dk.messenger.com
http://dl.messenger.com
http://d.messenger.com
http://dnm.messenger.com
http://dns1.messenger.com
http://dns2.messenger.com
http://dns4.messenger.com
http://dns.messenger.com
http://docker.messenger.com
http://doc.messenger.com
http://docs.messenger.com
http://domain.messenger.com
http://domains.messenger.com
http://donwload.messenger.com
http://download.cdn.messenger.com
http://download.messenger.com
http://downloads.messenger.com
http://drupal.messenger.com
http://dyn.messenger.com
http://eamobile.com.messenger.com
http://ebuddy.com.web.messenger.com
http://ebuddy.msn.messenger.com
http://ebudy.messenger.com
http://ec.messenger.com
http://edge-chat.messenger.com
http://edge.messenger.com
http://edu.messenger.com
http://elastic.messenger.com
http://elearning.messenger.com
http://el-gr.developers.messenger.com
http://el-gr.messenger.com
http://el-gr.r.e.messenger.com
http://el-gr.thenews.messenger.com
http://el-gr.yahoo.messenger.com
http://email.messenger.com
http://email-quarantine.messenger.com
http://e.messenger.com
http://emma1111l.messenger.com
http://e-msn.messenger.com
http://en-en.messenger.com
http://en-gb.developers.messenger.com
http://en-gb.messenger.com
http://en.gb.messenger.com
http://en-gb.yahoo.messenger.com
http://english.messenger.com
http://eng.messenger.com
http://en-maktoob.yahoo.messenger.com
http://en.messenger.com
http://en-ud.messenger.com
http://en-us.messenger.com
http://eo-eo.messenger.com
http://erp.messenger.com
http://es-es.messenger.com
http://es-es.r.e.messenger.com
http://es-es.thenews.messenger.com
http://es-es.yahoo.messenger.com
http://es-la.messenger.com
http://es-la.r.e.messenger.com
http://es-la.thenews.messenger.com
http://es-la.yahoo.messenger.com
http://es.messenger.com
http://es.msn.messenger.com
http://es.yahoo.messenger.com
http://et-ee.messenger.com
http://eu-es.developers.messenger.com
http://eu-es.messenger.com
http://eu-es.r.e.messenger.com
http://eu-es.thenews.messenger.com
http://eu-es.yahoo.messenger.com
http://eunmask.messenger.com
http://event.messenger.com
http://events.messenger.com
http://exchange.messenger.com
http://extranet.messenger.com
http://facebbok.messenger.com
http://facebook.messenger.com
http://face.messenger.com
http://fa-ir.messenger.com
http://fax.messenger.com
http://fb.alpha.messenger.com
http://fb.beta.messenger.com
http://fb-lt.messenger.com
http://fb.m.alpha.messenger.com
http://fb.m.beta.messenger.com
http://fb.messenger.com
http://feedback.messenger.com
http://feeds.messenger.com
http://ff.messenger.com
http://ff-ng.messenger.com
http://ffp2.messenger.com
http://fi-fi.developers.messenger.com
http://fi-fi.messenger.com
http://fi-fi.r.e.messenger.com
http://fi-fi.thenews.messenger.com
http://fi-fi.yahoo.messenger.com
http://file.messenger.com
http://files.messenger.com
http://fi.messenger.com
http://find.messenger.com
http://firewall.messenger.com
http://f.messenger.com
http://fo-fo.messenger.com
http://formation-distance.messenger.com
http://forms.messenger.com
http://forum.messenger.com
http://forums.messenger.com
http://foto.messenger.com
http://frankk.messenger.com
http://fr-ca.developers.messenger.com
http://fr-ca.messenger.com
http://fr-ca.r.e.messenger.com
http://fr-ca.thenews.messenger.com
http://fr-ca.yahoo.messenger.com
http://freebasic.messenger.com
http://freebasics-fbcdn.messenger.com
http://free.messenger.com
http://fr-fr.developers.messenger.com
http://fr-fr.messenger.com
http://fr-fr.r.e.messenger.com
http://fr.messenger.com
http://fr.msn.messenger.com
http://fs.messenger.com
http://ftp1.messenger.com
http://ftp2.messenger.com
http://ftp.messenger.com
http://fw.messenger.com
http://fy-nl.messenger.com
http://gaia-voyance-distance.messenger.com
http://ga-ie.messenger.com
http://gallery.messenger.com
http://game.messenger.com
http://games.messenger.com
http://gamma.messenger.com
http://garena.messenger.com
http://gate.messenger.com
http://gb.messenger.com
http://ge-chat.messenger.com
http://gente.messenger.com
http://geo.messenger.com
http://get.live.messenger.com
http://getlive.messenger.com
http://ghostfacemask.messenger.com
http://gis.messenger.com
http://gitlab.messenger.com
http://git.messenger.com
http://gl-es.messenger.com
http://globe-telegram.messenger.com
http://gmail.messenger.com
http://g.messenger.com
http://gn-py.messenger.com
http://go.messenger.com
http://google.messenger.com
http://graph.messenger.com
http://grc2go.messenger.com
http://groups.messenger.com
http://gu-in.messenger.com
http://gw.messenger.com
http://h2.messenger.com
http://h3.messenger.com
http://h4.messenger.com
http://h6.messenger.com
http://h7.messenger.com
http://ha-ng.messenger.com
http://health.messenger.com
http://he-il.developers.messenger.com
http://he-il.messenger.com
http://he-il.r.e.messenger.com
http://he-il.thenews.messenger.com
http://he-il.yahoo.messenger.com
http://helgab.messenger.com
http://helpdesk.messenger.com
http://help.messenger.com
http://hermes.messenger.com
http://hermiolviajes.messenger.com
http://hh.messenger.com
http://hi5.messenger.com
http://hi-in.developers.messenger.com
http://hi-in.messenger.com
http://hi-in.r.e.messenger.com
http://hi-in.thenews.messenger.com
http://hi-in.yahoo.messenger.com
http://hk.messenger.com
http://hk.msn.messenger.com
http://hk.yahoo.messenger.com
http://h.messenger.com
http://home.live.messenger.com
http://home.messenger.com
http://homepage1.messenger.com
http://homepage2.messenger.com
http://homepage3.messenger.com
http://homepage.messenger.com
http://hon.messenger.com
http://host2.messenger.com
http://hosting.messenger.com
http://hostmaster.messenger.com
http://host.messenger.com
http://hotmail.com.messenger.com
http://hotmail.messenger.com
http://hotmail.msn.messenger.com
http://hotmai.messenger.com
http://hr-hr.messenger.com
http://hr.messenger.com
http://ht-ht.messenger.com
http://ht.messenger.com
http://htp.www.messenger.com
http://http.messenger.com
http://httpsecurevirus.beta.messenger.com
http://httpyahoo.messenger.com
http://hu-hu.developers.messenger.com
http://hu-hu.messenger.com
http://hu-hu.r.e.messenger.com
http://hu-hu.thenews.messenger.com
http://hu-hu.yahoo.messenger.com
http://hu.messenger.com
http://hy-am.messenger.com
http://icq.messenger.com
http://id-id.developers.messenger.com
http://id-id.messenger.com
http://id-id.r.e.messenger.com
http://id-id.thenews.messenger.com
http://id-id.yahoo.messenger.com
http://id.messenger.com
http://idp.messenger.com
http://id.yahoo.messenger.com
http://iimahd.messenger.com
http://il.messenger.com
http://iloveim.messenger.com
http://ilove.messenger.com
http://image.messenger.com
http://images1.messenger.com
http://images2.messenger.com
http://images3.messenger.com
http://images4.messenger.com
http://images5.messenger.com
http://images6.messenger.com
http://images7.messenger.com
http://images8.messenger.com
http://images.messenger.com
http://imap4.messenger.com
http://imap.messenger.com
http://i.messenger.com
http://img1.messenger.com
http://img2.messenger.com
http://img3.messenger.com
http://img.messenger.com
http://im.live.messenger.com
http://im.messenger.com
http://inbound.messenger.com
http://indosat.messenger.com
http://indosatooredoo.messenger.com
http://infeccionvaginal.messenger.com
http://infection-resources-co.messenger.com
http://infolab.messenger.com
http://info.messenger.com
http://informatik.messenger.com
http://infr.search.messenger.com
http://in.messenger.com
http://inspired.messenger.com
http://inst.messenger.com
http://internal.beta.messenger.com
http://intra.download.messenger.com
http://intra.messenger.com
http://intranet.messenger.com
http://in.yahoo.messenger.com
http://inyour.messenger.com
http://iowww.messenger.com
http://ipfixe.messenger.com
http://iphone.messenger.com
http://ip.messenger.com
http://ipv4.messenger.com
http://ipv6.messenger.com
http://irc.messenger.com
http://is-is.messenger.com
http://it-it.messenger.com
http://it-it.r.e.messenger.com
http://it.messenger.com
http://it.yahoo.messenger.com
http://jabber.messenger.com
http://ja-en.messenger.com
http://ja-jp.developers.messenger.com
http://ja-jp.messenger.com
http://ja-jp.r.e.messenger.com
http://ja-jp.thenews.messenger.com
http://ja-jp.yahoo.messenger.com
http://ja-ks.messenger.com
http://jhoos.messenger.com
http://jira.messenger.com
http://job.messenger.com
http://jobs.messenger.com
http://jp.messenger.com
http://js.messenger.com
http://jumia.messenger.com
http://jupiter.messenger.com
http://jv-id.messenger.com
http://k2.messenger.com
http://k3.messenger.com
http://k4.messenger.com
http://k5.messenger.com
http://k8s.messenger.com
http://ka-ge.messenger.com
http://kb.messenger.com
http://kfcoronacpa.messenger.com
http://kik.messenger.com
http://kk.messenger.com
http://kmdistance.messenger.com
http://km-kh.messenger.com
http://kn-in.messenger.com
http://ko-kr.messenger.com
http://kr.messenger.com
http://kr.yahoo.messenger.com
http://ku1720.messenger.com
http://kubernetes.messenger.com
http://kunstimuuseum.messenger.com
http://ku-tr.messenger.com
http://ky-kg.messenger.com
http://lab.messenger.com
http://labs.messenger.com
http://lacouronne.messenger.com
http://la.messenger.com
http://latam.msn.messenger.com
http://latest.messenger.com
http://latino.messenger.com
http://latino.msn.messenger.com
http://la-va.messenger.com
http://l.chrome.messenger.com
http://ldap.messenger.com
http://l.developers.messenger.com
http://legacy.messenger.com
http://l.es-la.messenger.com
http://l.fb.messenger.com
http://lfhv9g8yjx72c5s3u0kiw1t4deopm6barqnz.messenger.com
http://l.g.e.messenger.com
http://l.http.messenger.com
http://liammaskell.messenger.com
http://lib.messenger.com
http://library.messenger.com
http://line.messenger.com
http://link.messenger.com
http://links.messenger.com
http://linux.messenger.com
http://list.messenger.com
http://lists.messenger.com
http://live.messenger.com
http://liveupdate.messenger.com
http://llc.messenger.com
http://llive.messenger.com
http://l.messenger.com
http://l.m.messenger.com
http://lm.messenger.com
http://lms.messenger.com
http://localhost.messenger.com
http://local.messenger.com
http://loghost.messenger.com
http://login.live.messenger.com
http://loginlive.messenger.com
http://login.messenger.com
http://login.windows.live.messenger.com
http://log.in.yahoo.messenger.com
http://login.yahoo.messenger.com
http://lo-la.messenger.com
http://loopback.messenger.com
http://love.messenger.com
http://lovin.messenger.com
http://lp.messenger.com
http://l.r.e.messenger.com
http://lt-lt.developers.messenger.com
http://lt-lt.messenger.com
http://lt-lt.r.e.messenger.com
http://lt-lt.thenews.messenger.com
http://lt-lt.yahoo.messenger.com
http://lt.messenger.com
http://lv-lv.messenger.com
http://l.www.messenger.com
http://lyncdiscoverinternal.messenger.com
http://lyncdiscoverinternal.tts.messenger.com
http://lyncdiscover.messenger.com
http://lyncdiscover.tts.messenger.com
http://lync.messenger.com
http://m1.messenger.com
http://m2.messenger.com
http://mail01.messenger.com
http://mail1.messenger.com
http://mail2.messenger.com
http://mail3.messenger.com
http://mail4.messenger.com
http://mail5.messenger.com
http://mail7-massmutual.messenger.com
http://mailadmin.messenger.com
http://mailer.messenger.com
http://mailhost.messenger.com
http://mailing.messenger.com
http://mail-mail.messenger.com
http://mailman.messenger.com
http://mailserver.messenger.com
http://main.messenger.com
http://maktoob.yahoo.messenger.com
http://malaysia.msn.messenger.com
http://mamaskruemel.messenger.com
http://manage.messenger.com
http://manager.messenger.com
http://manila.messenger.com
http://mantis.messenger.com
http://map.messenger.com
http://maps.messenger.com
http://marcacorona.messenger.com
http://marketing.messenger.com
http://market.messenger.com
http://mask8.messenger.com
http://maskerade.messenger.com
http://maskerchlorina.messenger.com
http://maskingtape.messenger.com
http://maskurblog.messenger.com
http://master.messenger.com
http://math.messenger.com
http://maven.messenger.com
http://maximiles.co.messenger.com
http://mbasic.messenger.com
http://mb.messenger.com
http://mc.messenger.com
http://mcraffets.messenger.com
http://mdm.messenger.com
http://media.messenger.com
http://meebo.messenger.com
http://meet.messenger.com
http://member.messenger.com
http://members.messenger.com
http://messenger.com
http://messenger.yahoo.messenger.com
http://metformin.messenger.com
http://m.facebook.messenger.com
http://m.fb.messenger.com
http://mg-mg.messenger.com
http://microsoft.messenger.com
http://microsoft.msn.hotmail.messenger.com
http://midcity.messenger.com
http://mike032craffets.messenger.com
http://mikecraffets.messenger.com
http://mi.messenger.com
http://mirror.messenger.com
http://mk-mk.messenger.com
http://ml-in.developers.messenger.com
http://ml-in.messenger.com
http://ml-in.r.e.messenger.com
http://ml-in.thenews.messenger.com
http://ml-in.yahoo.messenger.com
http://ml.messenger.com
http://mm.messenger.com
http://mmm.messenger.com
http://mn-mn.messenger.com
http://mns.messenger.com
http://mobile.facebook.messenger.com
http://mobile.messenger.com
http://mobil.messenger.com
http://mongodb.messenger.com
http://mongo.messenger.com
http://monitoring.messenger.com
http://monitor.messenger.com
http://moodle.messenger.com
http://mordor.believe.messenger.com
http://movistar.messenger.com
http://mpk.messenger.com
http://mr-in.messenger.com
http://mrtg.messenger.com
http://ms.messenger.com
http://ms-my.developers.messenger.com
http://ms-my.messenger.com
http://ms-my.r.e.messenger.com
http://ms-my.thenews.messenger.com
http://ms-my.yahoo.messenger.com
http://msn.live.messenger.com
http://m.s.n.messenger.com
http://msn.messenger.com
http://msn.net.messenger.com
http://msnweb.messenger.com
http://msoid.messenger.com
http://msp.messenger.com
http://mssql.messenger.com
http://_mta-sts.messenger.com
http://mta-sts.messenger.com
http://mt-mt.messenger.com
http://multi.messenger.com
http://munin.messenger.com
http://music.messenger.com
http://mvn.messenger.com
http://mx01.messenger.com
http://mx1.messenger.com
http://mx2.messenger.com
http://mx3.messenger.com
http://mx.messenger.com
http://mx.yahoo.messenger.com
http://myhome.messenger.com
http://my.messenger.com
http://my-mm.messenger.com
http://my.msn.messenger.com
http://mymsn.messenger.com
http://myproject.messenger.com
http://myspace.messenger.com
http://mysql.messenger.com
http://n0-edge-chat.messenger.com
http://n0.messenger.com
http://n105.messenger.com
http://n17.messenger.com
http://n1-edege-chat.messenger.com
http://n1-edge-chat.messenger.com
http://n215.messenger.com
http://n229.messenger.com
http://n251.messenger.com
http://n2-edge-chat-latest.messenger.com
http://n2-edge-chat.messenger.com
http://n3-edge-chat.messenger.com
http://n3-undefined.messenger.com
http://n4-edge-chat.messenger.com
http://n4-undefined.messenger.com
http://n5-undefined.messenger.com
http://n6-edge-chat.messenger.com
http://n6osgc9q4.messenger.com
http://n6-undefined.messenger.com
http://n9pruw2rj.messenger.com
http://nadmin.tts.messenger.com
http://naf-za.messenger.com
http://nagios.messenger.com
http://nalpha.messenger.com
http://nb-no.developers.messenger.com
http://nb-no.messenger.com
http://nb-no.r.e.messenger.com
http://nb-no.thenews.messenger.com
http://ne-np.messenger.com
http://nerado.novellrouter.messenger.com
http://net.messenger.com
http://network-ip.messenger.com
http://new.messenger.com
http://newsletter.messenger.com
http://news.messenger.com
http://nidia_bebitalinda55.messenger.com
http://nl-be.messenger.com
http://nl.messenger.com
http://nl-nl.messenger.com
http://nl-nl.r.e.messenger.com
http://nl-nl.thenews.messenger.com
http://nl-nl.yahoo.messenger.com
http://n.messenger.com
http://nn.messenger.com
http://nn-no.messenger.com
http://noc.messenger.com
http://novtestcloud.messenger.com
http://ns01.messenger.com
http://ns0.messenger.com
http://ns10.messenger.com
http://ns11.messenger.com
http://ns12.messenger.com
http://ns1.messenger.com
http://ns2.messenger.com
http://ns3.messenger.com
http://ns4.messenger.com
http://ns5.messenger.com
http://ns6.messenger.com
http://ns7.messenger.com
http://ns8.messenger.com
http://ns.messenger.com
http://ntp1.messenger.com
http://ntp.messenger.com
http://nuri.rolland.messenger.com
http://nwww.messenger.com
http://oa.messenger.com
http://oec16-normal-alisg.messenger.com
http://offers.thenews.messenger.com
http://office.messenger.com
http://oldmail.messenger.com
http://old.messenger.com
http://online-distance.messenger.com
http://online.messenger.com
http://openid.messenger.com
http://opensource.messenger.com
http://order.messenger.com
http://org.messenger.com
http://origin.messenger.com
http://or-in.messenger.com
http://outlook.messenger.com
http://owa.messenger.com
http://pa-in.developers.messenger.com
http://painel.messenger.com
http://pa-in.messenger.com
http://pa-in.r.e.messenger.com
http://pa-in.thenews.messenger.com
http://pa-in.yahoo.messenger.com
http://paltalk.messenger.com
http://panel.messenger.com
http://partner.messenger.com
http://partners.messenger.com
http://passport.messenger.com
http://payment.messenger.com
http://pay.messenger.com
http://pbx.messenger.com
http://pda.messenger.com
http://pe.messenger.com
http://people.messenger.com
http://pf.messenger.com
http://pgp.messenger.com
http://pgsql.messenger.com
http://ph.messenger.com
http://photo.messenger.com
http://photos.messenger.com
http://php.messenger.com
http://phpmyadmin.messenger.com
http://pics.messenger.com
http://pixel.messenger.com
http://platform.messenger.com
http://pl.messenger.com
http://pl-pl.developers.messenger.com
http://pl-pl.messenger.com
http://pl-pl.r.e.messenger.com
http://pl-pl.thenews.messenger.com
http://pma.messenger.com
http://p.messenger.com
http://pm.messenger.com
http://poczta.messenger.com
http://pop3.messenger.com
http://pop.messenger.com
http://pop.pop.messenger.com
http://portal.messenger.com
http://postmaster.messenger.com
http://post.messenger.com
http://pp.messenger.com
http://pptp.messenger.com
http://prelive.messenger.com
http://preprod.messenger.com
http://press.messenger.com
http://preview.messenger.com
http://pr.messenger.com
http://prodigy.messenger.com
http://prod.messenger.com
http://profiles.yahoo.messenger.com
http://prof.messenger.com
http://project.messenger.com
http://projects.messenger.com
http://pro.messenger.com
http://provincia.messenger.com
http://proxy.messenger.com
http://prudential.messenger.com
http://ps-af.messenger.com
http://pt-br.messenger.com
http://pt-br.r.e.messenger.com
http://pt-br.thenews.messenger.com
http://pt-br.yahoo.messenger.com
http://pt.messenger.com
http://pt.msn.messenger.com
http://pt-pt.developers.messenger.com
http://pt-pt.messenger.com
http://pt-pt.thenews.messenger.com
http://pt-pt.yahoo.messenger.com
http://public.messenger.com
http://p-upload.messenger.com
http://pup.messenger.com
http://puskesmaskota.messenger.com
http://qa.messenger.com
http://quarantined.messenger.com
http://quarentena.messenger.com
http://qwest.live.messenger.com
http://qz-mm.messenger.com
http://radio.messenger.com
http://radius.messenger.com
http://redirect.messenger.com
http://redmine.messenger.com
http://regione.messenger.com
http://register.messenger.com
http://relay.messenger.com
http://release.messenger.com
http://r.e.messenger.com
http://remote.messenger.com
http://report.messenger.com
http://reports.messenger.com
http://research.messenger.com
http://resources.messenger.com
http://respiratory-research.messenger.com
http://resume.messenger.com
http://reviews.messenger.com
http://ro.messenger.com
http://root.messenger.com
http://rootsweb.messenger.com
http://ro-ro.developers.messenger.com
http://ro-ro.messenger.com
http://ro-ro.r.e.messenger.com
http://ro-ro.thenews.messenger.com
http://ro-ro.yahoo.messenger.com
http://router.messenger.com
http://ro.yahoo.messenger.com
http://rss.messenger.com
http://rt.messenger.com
http://ru.messenger.com
http://ru-ru.developers.messenger.com
http://ru-ru.messenger.com
http://ru-ru.r.e.messenger.com
http://ru-ru.thenews.messenger.com
http://ru-ru.yahoo.messenger.com
http://rw-rw.messenger.com
https://0-11.messenger.com
https://0-2018.messenger.com
https://0-edge-chat-3.messenger.com
https://0-edge-chat-latest.messenger.com
https://0-edge-chat.messenger.com
https://0.messenger.com
https://0-undefined.messenger.com
https://12frenz.messenger.com
https://1374374522791369-togethersdk.messenger.com
https://14yki77.messenger.com
https://168.messenger.com
https://16nuy81.messenger.com
https://1-edege-chat.messenger.com
https://1-edge-chat.messenger.com
https://1kj4tcj.messenger.com
https://1.messenger.com
https://1sbipau.messenger.com
https://1-undefined.messenger.com
https://1www.messenger.com
https://205962049613862-togethersdk.messenger.com
https://24im.messenger.com
https://252fwww.messenger.com
https://2-edge-chat-latest.messenger.com
https://2-edge-chat.messenger.com
https://2fl.messenger.com
https://2fwww.messenger.com
http://s2.messenger.com
https://2-undefined.messenger.com
https://3-edge-chat-latest.messenger.com
https://3-edge-chat.messenger.com
http://s3.messenger.com
https://3-undefined.messenger.com
https://3x.messenger.com
https://4-edge-chat-latest.messenger.com
https://4-edge-chat.messenger.com
http://s4.messenger.com
https://4-undefined.messenger.com
https://5-edge-chat-latest.messenger.com
https://5-edge-chat.messenger.com
https://5-undefined.messenger.com
https://6-edge-chat.messenger.com
https://6osgc9q4.messenger.com
https://6-undefined.messenger.com
https://7-edge-chat.messenger.com
https://818-v-ironmask.messenger.com
https://89mats.spaces.messenger.com
https://8-edge-chat.messenger.com
https://8kf58bpx.messenger.com
https://9-edge-chat.messenger.com
https://9pruw2rj.messenger.com
https://about.messenger.com
https://access.messenger.com
https://accountsecuritylockdown.messenger.com
https://ac.messenger.com
https://acp.messenger.com
https://adistance.messenger.com
https://ad.messenger.com
https://admin.messenger.com
https://admin.tts.messenger.com
https://adm.messenger.com
https://adserver.messenger.com
https://ads.messenger.com
https://affiliate.messenger.com
https://affiliates.messenger.com
https://affordablevaccines.beta.messenger.com
https://afstand-meten.messenger.com
https://af-za.developers.messenger.com
https://af-za.messenger.com
https://af-za.r.e.messenger.com
https://af-za.thenews.messenger.com
https://af-za.yahoo.messenger.com
https://agenda.messenger.com
https://ai.messenger.com
https://aim.messenger.com
https://ajt.messenger.com
http://sales.messenger.com
https://alexandrasicignano.messenger.com
https://alfa.messenger.com
https://alisg.messenger.com
https://allday20.messenger.com
https://alpha.messenger.com
https://alumni.messenger.com
https://a.messenger.com
https://am-et.messenger.com
https://amsn.messenger.com
https://analytics.messenger.com
http://sandbox.messenger.com
https://andrea.messenger.com
https://ann.messenger.com
https://aol.messenger.com
https://api.messenger.com
http://sapo.messenger.com
https://app.messenger.com
https://apps.messenger.com
https://ar-ar.messenger.com
https://ar-ar.thenews.messenger.com
https://ar-ar.yahoo.messenger.com
https://archive.messenger.com
https://ar.messenger.com
https://art.messenger.com
https://ashtonhsu20.messenger.com
https://as-in.messenger.com
https://askimaskim.messenger.com
https://assets.messenger.com
https://atlas.messenger.com
https://att.my.yahoo.messenger.com
https://auth.messenger.com
https://autoconfig.messenger.com
https://autodiscover.beta.messenger.com
https://autodiscover.messenger.com
https://auto.messenger.com
https://av.messenger.com
https://az-az.messenger.com
https://b2b.messenger.com
https://backup.messenger.com
https://badge.messenger.com
https://badoo.messenger.com
https://baidu.messenger.com
https://baijialemask.messenger.com
https://banner.messenger.com
https://banuba-live-selfie-filters-and-face-masks-camera.messenger.com
https://barncover.beta.messenger.com
https://barracuda.messenger.com
https://baymsgr2011706.gateway.messenger.com
https://bb.messenger.com
https://bbm.messenger.com
https://bbs.messenger.com
https://be.messenger.com
https://be.msn.messenger.com
https://beta.messenger.com
https://beta.yahoo.messenger.com
https://bg-bg.messenger.com
https://bg.messenger.com
https://biblioteca.messenger.com
https://bigzipfiles.messenger.com
https://billing.messenger.com
https://bip.messenger.com
https://blackber.messenger.com
https://blackberry.messenger.com
https://blackmask1.messenger.com
https://black.messenger.com
https://blogmask.messenger.com
https://blog.messenger.com
https://blogs.messenger.com
https://blueberry.messenger.com
https://b.messenger.com
https://bn-in.developers.messenger.com
https://bn-in.messenger.com
https://bn-in.r.e.messenger.com
https://bn-in.thenews.messenger.com
https://bn-in.yahoo.messenger.com
https://board.messenger.com
https://bookmarks.messenger.com
https://book.messenger.com
https://br-fr.messenger.com
https://br.messenger.com
https://br.msn.messenger.com
https://broadcast-ip.messenger.com
https://bs-ba.messenger.com
https://buddypoke.messenger.com
https://bugs.messenger.com
https://builder.messenger.com
https://business.messenger.com
https://b-www.messenger.com
https://cache.messenger.com
https://ca-es.developers.messenger.com
https://ca-es.messenger.com
https://ca-es.r.e.messenger.com
https://ca-es.thenews.messenger.com
https://ca-es.yahoo.messenger.com
https://cal.messenger.com
https://ca.messenger.com
http://scan.messenger.com
https://careers.messenger.com
https://cas.messenger.com
https://catalog.messenger.com
https://cb-iq.messenger.com
https://cc.messenger.com
https://cdn1.messenger.com
https://cdn2.messenger.com
https://cdn.messenger.com
https://centrocorona.messenger.com
https://chat.messenger.com
https://che-messenger.com-docker.dev.messenger.com
https://chikka.messenger.com
https://chikkatext.messenger.com
https://chrome.messenger.com
https://cinyour.messenger.com
https://cinyourrc.messenger.com
https://cisco.messenger.com
http://sc-it.messenger.com
https://citrix.messenger.com
https://cj.messenger.com
https://claro.messenger.com
https://class.messenger.com
https://client.messenger.com
https://clients.messenger.com
https://cl.messenger.com
https://cloudflare-resolve-to.messenger.com
https://cloud.messenger.com
https://club.messenger.com
http://sc.messenger.com
https://c.messenger.com
https://cms.messenger.com
https://cname.messenger.com
https://cn.messenger.com
https://code.messenger.com
https://co-fr.messenger.com
https://collamask.messenger.com
https://com4-edge-chat.messenger.com
https://com.messenger.com
https://community.messenger.com
https://comune.messenger.com
https://conference.messenger.com
https://config.messenger.com
https://connect.messenger.com
https://consumo.messenger.com
https://content.messenger.com
https://control.messenger.com
https://corona1.messenger.com
https://coronaangelica.messenger.com
https://corona-de-tucson.messenger.com
https://corona-dev2.messenger.com
https://coronae.messenger.com
https://corona.messenger.com
https://corona-trunk-development-manhattan.messenger.com
https://coronaviruswa.messenger.com
https://corp.beta.messenger.com
https://corp.messenger.com
https://cpanel.messenger.com
https://cp.messenger.com
https://crm.messenger.com
https://cs-cz.developers.messenger.com
https://cs-cz.messenger.com
https://cs-cz.r.e.messenger.com
https://cs-cz.thenews.messenger.com
https://cse.messenger.com
https://csi.messenger.com
https://cs.messenger.com
https://css.messenger.com
https://cuba.messenger.com
https://cu.messenger.com
https://cvs.messenger.com
https://cy-gb.developers.messenger.com
https://cy-gb.messenger.com
https://cy-gb.r.e.messenger.com
https://cy-gb.thenews.messenger.com
https://cy-gb.yahoo.messenger.com
https://da-dk.developers.messenger.com
https://da-dk.messenger.com
https://da-dk.r.e.messenger.com
https://da-dk.thenews.messenger.com
https://da-dk.yahoo.messenger.com
https://data.messenger.com
https://datr.messenger.com
https://db1.messenger.com
https://db2.messenger.com
https://dbadmin.messenger.com
https://db.messenger.com
https://dc.messenger.com
https://dd.messenger.com
https://de-de.developers.messenger.com
https://de-de.messenger.com
https://de-de.r.e.messenger.com
https://de-de.thenews.messenger.com
https://de.messenger.com
https://demo.messenger.com
https://descubrewindowslive.messenger.com
https://design.messenger.com
https://desktop.messenger.com
https://dev1.messenger.com
https://dev2.messenger.com
https://devel.messenger.com
https://developer.messenger.com
https://developers.messenger.com
https://development.messenger.com
https://dev.messenger.com
https://dialin.messenger.com
https://digilander.messenger.com
https://direct.messenger.com
https://directory.messenger.com
https://distance1.messenger.com
https://distancelearnpre.messenger.com
https://dk.messenger.com
https://dl.messenger.com
https://d.messenger.com
https://dnm.messenger.com
https://dns1.messenger.com
https://dns2.messenger.com
https://dns4.messenger.com
https://dns.messenger.com
https://docker.messenger.com
https://doc.messenger.com
https://docs.messenger.com
https://domain.messenger.com
https://domains.messenger.com
https://donwload.messenger.com
https://download.cdn.messenger.com
https://download.messenger.com
https://downloads.messenger.com
https://drupal.messenger.com
https://dyn.messenger.com
https://eamobile.com.messenger.com
http://search.messenger.com
https://ebuddy.com.web.messenger.com
https://ebuddy.msn.messenger.com
https://ebudy.messenger.com
https://ec.messenger.com
http://secure.insightexpressai.com4-edge-chat.messenger.com
http://secure.messenger.com
https://edge-chat.messenger.com
https://edge.messenger.com
https://edu.messenger.com
https://elastic.messenger.com
https://elearning.messenger.com
https://el-gr.developers.messenger.com
https://el-gr.messenger.com
https://el-gr.r.e.messenger.com
https://el-gr.thenews.messenger.com
https://el-gr.yahoo.messenger.com
https://email.messenger.com
https://email-quarantine.messenger.com
http://se.messenger.com
https://e.messenger.com
https://emma1111l.messenger.com
http://se.msn.messenger.com
https://e-msn.messenger.com
https://en-en.messenger.com
https://en-gb.developers.messenger.com
https://en-gb.messenger.com
https://en.gb.messenger.com
https://en-gb.yahoo.messenger.com
https://english.messenger.com
https://eng.messenger.com
https://en-maktoob.yahoo.messenger.com
https://en.messenger.com
https://en-ud.messenger.com
https://en-us.messenger.com
https://eo-eo.messenger.com
http://seo.messenger.com
http://sequarantine.messenger.com
https://erp.messenger.com
http://server1.messenger.com
http://server2.messenger.com
http://server.messenger.com
http://service.messenger.com
http://services.messenger.com
https://es-es.messenger.com
https://es-es.r.e.messenger.com
https://es-es.thenews.messenger.com
https://es-es.yahoo.messenger.com
https://es-la.messenger.com
https://es-la.r.e.messenger.com
https://es-la.thenews.messenger.com
https://es-la.yahoo.messenger.com
https://es.messenger.com
https://es.msn.messenger.com
https://es.yahoo.messenger.com
https://et-ee.messenger.com
https://eu-es.developers.messenger.com
https://eu-es.messenger.com
https://eu-es.r.e.messenger.com
https://eu-es.thenews.messenger.com
https://eu-es.yahoo.messenger.com
https://eunmask.messenger.com
https://event.messenger.com
https://events.messenger.com
https://exchange.messenger.com
https://extranet.messenger.com
https://facebbok.messenger.com
https://facebook.messenger.com
https://face.messenger.com
https://fa-ir.messenger.com
https://fax.messenger.com
https://fb.alpha.messenger.com
https://fb.beta.messenger.com
https://fb-lt.messenger.com
https://fb.m.alpha.messenger.com
https://fb.m.beta.messenger.com
https://fb.messenger.com
https://feedback.messenger.com
https://feeds.messenger.com
https://ff.messenger.com
https://ff-ng.messenger.com
https://ffp2.messenger.com
https://fi-fi.developers.messenger.com
https://fi-fi.messenger.com
https://fi-fi.r.e.messenger.com
https://fi-fi.thenews.messenger.com
https://fi-fi.yahoo.messenger.com
https://file.messenger.com
https://files.messenger.com
https://fi.messenger.com
https://find.messenger.com
https://firewall.messenger.com
https://f.messenger.com
https://fo-fo.messenger.com
https://formation-distance.messenger.com
https://forms.messenger.com
https://forum.messenger.com
https://forums.messenger.com
https://foto.messenger.com
https://frankk.messenger.com
https://fr-ca.developers.messenger.com
https://fr-ca.messenger.com
https://fr-ca.r.e.messenger.com
https://fr-ca.thenews.messenger.com
https://fr-ca.yahoo.messenger.com
https://freebasic.messenger.com
https://freebasics-fbcdn.messenger.com
https://free.messenger.com
https://fr-fr.developers.messenger.com
https://fr-fr.messenger.com
https://fr-fr.r.e.messenger.com
http://sfr.messenger.com
https://fr.messenger.com
https://fr.msn.messenger.com
https://fs.messenger.com
https://ftp1.messenger.com
https://ftp2.messenger.com
http://sftp.messenger.com
https://ftp.messenger.com
https://fw.messenger.com
https://fy-nl.messenger.com
https://gaia-voyance-distance.messenger.com
https://ga-ie.messenger.com
https://gallery.messenger.com
https://game.messenger.com
https://games.messenger.com
https://gamma.messenger.com
https://garena.messenger.com
https://gate.messenger.com
https://gateway.messenger.com
https://gb.messenger.com
https://ge-chat.messenger.com
https://gente.messenger.com
https://geo.messenger.com
https://get.live.messenger.com
https://getlive.messenger.com
https://ghostfacemask.messenger.com
https://gis.messenger.com
https://gitlab.messenger.com
https://git.messenger.com
https://gl-es.messenger.com
https://globe-telegram.messenger.com
https://gmail.messenger.com
http://sg.messenger.com
https://g.messenger.com
http://sg.msn.messenger.com
https://gn-py.messenger.com
https://go.messenger.com
https://google.messenger.com
https://graph.messenger.com
https://grc2go.messenger.com
https://groups.messenger.com
https://gu-in.messenger.com
https://gw.messenger.com
https://h2.messenger.com
https://h3.messenger.com
https://h4.messenger.com
https://h6.messenger.com
https://h7.messenger.com
https://ha-ng.messenger.com
http://share.messenger.com
http://sharepoint.messenger.com
https://health.messenger.com
http://sheffield.messenger.com
https://he-il.developers.messenger.com
https://he-il.messenger.com
https://he-il.r.e.messenger.com
https://he-il.thenews.messenger.com
https://he-il.yahoo.messenger.com
https://helgab.messenger.com
https://helpdesk.messenger.com
https://help.messenger.com
https://hermes.messenger.com
https://hermiolviajes.messenger.com
https://hh.messenger.com
https://hi5.messenger.com
https://hi-in.developers.messenger.com
https://hi-in.messenger.com
https://hi-in.r.e.messenger.com
https://hi-in.thenews.messenger.com
https://hi-in.yahoo.messenger.com
https://hk.messenger.com
https://hk.msn.messenger.com
https://hk.yahoo.messenger.com
https://h.messenger.com
https://home.live.messenger.com
https://home.messenger.com
https://homepage1.messenger.com
https://homepage2.messenger.com
https://homepage3.messenger.com
https://homepage.messenger.com
https://hon.messenger.com
http://shopbot.messenger.com
http://shop.messenger.com
http://shopping.messenger.com
https://host2.messenger.com
https://hosting.messenger.com
https://hostmaster.messenger.com
https://host.messenger.com
https://hotmail.com.messenger.com
https://hotmail.messenger.com
https://hotmail.msn.messenger.com
https://hotmai.messenger.com
https://hr-hr.messenger.com
https://hr.messenger.com
https://ht-ht.messenger.com
https://ht.messenger.com
https://htp.www.messenger.com
https://http.messenger.com
https://httpsecurevirus.beta.messenger.com
https://httpyahoo.messenger.com
https://hu-hu.developers.messenger.com
https://hu-hu.messenger.com
https://hu-hu.r.e.messenger.com
https://hu-hu.thenews.messenger.com
https://hu-hu.yahoo.messenger.com
https://hu.messenger.com
https://hy-am.messenger.com
https://icq.messenger.com
https://id-id.developers.messenger.com
https://id-id.messenger.com
https://id-id.r.e.messenger.com
https://id-id.thenews.messenger.com
https://id-id.yahoo.messenger.com
https://id.messenger.com
https://idp.messenger.com
https://id.yahoo.messenger.com
http://signal.messenger.com
http://sign.up.messenger.com
https://iimahd.messenger.com
http://si-lk.messenger.com
https://il.messenger.com
https://iloveim.messenger.com
https://ilove.messenger.com
https://image.messenger.com
https://images1.messenger.com
https://images2.messenger.com
https://images3.messenger.com
https://images4.messenger.com
https://images5.messenger.com
https://images6.messenger.com
https://images7.messenger.com
https://images8.messenger.com
https://images.messenger.com
https://imap4.messenger.com
https://imap.messenger.com
http://si.messenger.com
https://i.messenger.com
https://img1.messenger.com
https://img2.messenger.com
https://img3.messenger.com
https://img.messenger.com
https://im.live.messenger.com
https://im.messenger.com
https://inbound.messenger.com
https://indosat.messenger.com
https://indosatooredoo.messenger.com
https://infeccionvaginal.messenger.com
https://infection-resources-co.messenger.com
https://infolab.messenger.com
https://info.messenger.com
https://informatik.messenger.com
https://infr.search.messenger.com
https://in.messenger.com
https://inspired.messenger.com
https://inst.messenger.com
https://internal.beta.messenger.com
https://intra.download.messenger.com
https://intra.messenger.com
https://intranet.messenger.com
https://in.yahoo.messenger.com
https://inyour.messenger.com
https://iowww.messenger.com
http://sipexternal.messenger.com
http://sipexternal.tts.messenger.com
https://ipfixe.messenger.com
https://iphone.messenger.com
http://sipinternal.messenger.com
http://sipinternal.tts.messenger.com
http://sip.messenger.com
https://ip.messenger.com
http://sip.tts.messenger.com
https://ipv4.messenger.com
https://ipv6.messenger.com
https://irc.messenger.com
https://is-is.messenger.com
http://sitebuilder.messenger.com
http://site.messenger.com
http://sites.messenger.com
https://it-it.messenger.com
https://it-it.r.e.messenger.com
https://it.messenger.com
https://it.yahoo.messenger.com
https://jabber.messenger.com
https://ja-en.messenger.com
https://ja-jp.developers.messenger.com
https://ja-jp.messenger.com
https://ja-jp.r.e.messenger.com
https://ja-jp.thenews.messenger.com
https://ja-jp.yahoo.messenger.com
https://ja-ks.messenger.com
https://jhoos.messenger.com
https://jira.messenger.com
https://job.messenger.com
https://jobs.messenger.com
https://jp.messenger.com
https://js.messenger.com
https://jumia.messenger.com
https://jupiter.messenger.com
https://jv-id.messenger.com
https://k2.messenger.com
https://k3.messenger.com
https://k4.messenger.com
https://k5.messenger.com
https://k8s.messenger.com
https://ka-ge.messenger.com
https://kb.messenger.com
https://kfcoronacpa.messenger.com
https://kik.messenger.com
https://kk.messenger.com
https://kmdistance.messenger.com
http://sk.messenger.com
https://km-kh.messenger.com
https://kn-in.messenger.com
https://ko-kr.messenger.com
https://kr.messenger.com
https://kr.yahoo.messenger.com
http://sk-sk.developers.messenger.com
http://sk-sk.messenger.com
http://sk-sk.r.e.messenger.com
http://sk-sk.thenews.messenger.com
http://sk-sk.yahoo.messenger.com
https://ku1720.messenger.com
https://kubernetes.messenger.com
https://kunstimuuseum.messenger.com
https://ku-tr.messenger.com
http://skycorp.m.fb.work-57913414-alpha.messenger.com
https://ky-kg.messenger.com
http://skype.messenger.com
https://lab.messenger.com
https://labs.messenger.com
https://lacouronne.messenger.com
https://la.messenger.com
https://latam.msn.messenger.com
https://latest.messenger.com
https://latino.messenger.com
https://latino.msn.messenger.com
https://la-va.messenger.com
https://l.chrome.messenger.com
https://ldap.messenger.com
https://l.developers.messenger.com
http://sleepmask.messenger.com
https://legacy.messenger.com
https://l.es-la.messenger.com
https://l.fb.messenger.com
https://lfhv9g8yjx72c5s3u0kiw1t4deopm6barqnz.messenger.com
https://l.g.e.messenger.com
https://l.http.messenger.com
https://liammaskell.messenger.com
https://lib.messenger.com
https://library.messenger.com
https://line.messenger.com
https://link.messenger.com
https://links.messenger.com
https://linux.messenger.com
https://list.messenger.com
https://lists.messenger.com
https://live.messenger.com
https://liveupdate.messenger.com
https://llc.messenger.com
https://llive.messenger.com
https://l.messenger.com
https://l.m.messenger.com
https://lm.messenger.com
https://lms.messenger.com
https://localhost.messenger.com
https://local.messenger.com
https://loghost.messenger.com
https://login.live.messenger.com
https://loginlive.messenger.com
https://login.messenger.com
https://login.windows.live.messenger.com
https://log.in.yahoo.messenger.com
https://login.yahoo.messenger.com
https://lo-la.messenger.com
https://loopback.messenger.com
http://slovari.messenger.com
https://love.messenger.com
https://lovin.messenger.com
https://lp.messenger.com
https://l.r.e.messenger.com
http://sl-si.developers.messenger.com
http://sl-si.messenger.com
http://sl-si.r.e.messenger.com
http://sl-si.thenews.messenger.com
http://sl-si.yahoo.messenger.com
https://lt-lt.developers.messenger.com
https://lt-lt.messenger.com
https://lt-lt.r.e.messenger.com
https://lt-lt.thenews.messenger.com
https://lt-lt.yahoo.messenger.com
https://lt.messenger.com
https://lv-lv.messenger.com
https://l.www.messenger.com
https://lyncdiscoverinternal.messenger.com
https://lyncdiscoverinternal.tts.messenger.com
https://lyncdiscover.messenger.com
https://lyncdiscover.tts.messenger.com
https://lync.messenger.com
https://m1.messenger.com
https://m2.messenger.com
https://mail01.messenger.com
https://mail1.messenger.com
https://mail2.messenger.com
https://mail3.messenger.com
https://mail4.messenger.com
https://mail5.messenger.com
https://mail7-massmutual.messenger.com
https://mailadmin.messenger.com
https://mailer.messenger.com
https://mailhost.messenger.com
https://mailing.messenger.com
https://mail-mail.messenger.com
https://mailman.messenger.com
https://mailserver.messenger.com
https://main.messenger.com
https://maktoob.yahoo.messenger.com
https://malaysia.msn.messenger.com
https://mamaskruemel.messenger.com
https://manage.messenger.com
https://manager.messenger.com
https://manila.messenger.com
https://mantis.messenger.com
https://map.messenger.com
https://maps.messenger.com
https://marcacorona.messenger.com
https://marketing.messenger.com
https://market.messenger.com
https://mask8.messenger.com
https://maskerade.messenger.com
https://maskerchlorina.messenger.com
http://smasketch.messenger.com
https://maskingtape.messenger.com
https://maskurblog.messenger.com
https://master.messenger.com
https://math.messenger.com
https://maven.messenger.com
https://maximiles.co.messenger.com
https://mbasic.messenger.com
https://mb.messenger.com
https://mc.messenger.com
https://mcraffets.messenger.com
https://mdm.messenger.com
https://media.messenger.com
https://meebo.messenger.com
https://meet.messenger.com
https://member.messenger.com
https://members.messenger.com
http://s.messenger.com
https://messenger.com
https://messenger.yahoo.messenger.com
https://metformin.messenger.com
https://m.facebook.messenger.com
https://m.fb.messenger.com
https://mg-mg.messenger.com
https://microsoft.messenger.com
https://microsoft.msn.hotmail.messenger.com
https://midcity.messenger.com
https://mike032craffets.messenger.com
https://mikecraffets.messenger.com
https://mi.messenger.com
https://mirror.messenger.com
https://mk-mk.messenger.com
https://ml-in.developers.messenger.com
https://ml-in.messenger.com
https://ml-in.r.e.messenger.com
https://ml-in.thenews.messenger.com
https://ml-in.yahoo.messenger.com
https://ml.messenger.com
https://mm.messenger.com
https://mmm.messenger.com
https://mn-mn.messenger.com
https://mns.messenger.com
https://mobile.facebook.messenger.com
https://mobile.messenger.com
https://mobil.messenger.com
https://mongodb.messenger.com
https://mongo.messenger.com
https://monitoring.messenger.com
https://monitor.messenger.com
https://moodle.messenger.com
https://mordor.believe.messenger.com
https://movistar.messenger.com
https://mpk.messenger.com
https://mr-in.messenger.com
https://mrtg.messenger.com
http://sms.messenger.com
https://ms.messenger.com
https://ms-my.developers.messenger.com
https://ms-my.messenger.com
https://ms-my.r.e.messenger.com
https://ms-my.thenews.messenger.com
https://ms-my.yahoo.messenger.com
https://msn.live.messenger.com
https://m.s.n.messenger.com
https://msn.messenger.com
https://msn.net.messenger.com
https://msnweb.messenger.com
https://msoid.messenger.com
https://msp.messenger.com
https://mssql.messenger.com
https://_mta-sts.messenger.com
https://mta-sts.messenger.com
https://mt-mt.messenger.com
http://smtp1.messenger.com
http://smtp2.messenger.com
http://smtp3.messenger.com
http://smtp.messenger.com
https://multi.messenger.com
https://munin.messenger.com
https://music.messenger.com
https://mvn.messenger.com
https://mx01.messenger.com
https://mx1.messenger.com
https://mx2.messenger.com
https://mx3.messenger.com
https://mx.messenger.com
https://mx.yahoo.messenger.com
https://myhome.messenger.com
https://my.messenger.com
https://my-mm.messenger.com
https://my.msn.messenger.com
https://mymsn.messenger.com
https://myproject.messenger.com
https://myspace.messenger.com
https://mysql.messenger.com
https://n0-edge-chat.messenger.com
https://n0.messenger.com
https://n105.messenger.com
https://n17.messenger.com
https://n1-edege-chat.messenger.com
https://n1-edge-chat.messenger.com
https://n215.messenger.com
https://n229.messenger.com
https://n251.messenger.com
https://n2-edge-chat-latest.messenger.com
https://n2-edge-chat.messenger.com
https://n3-edge-chat.messenger.com
https://n3-undefined.messenger.com
https://n4-edge-chat.messenger.com
https://n4-undefined.messenger.com
https://n5-undefined.messenger.com
https://n6-edge-chat.messenger.com
https://n6osgc9q4.messenger.com
https://n6-undefined.messenger.com
https://n9pruw2rj.messenger.com
https://nadmin.tts.messenger.com
https://naf-za.messenger.com
https://nagios.messenger.com
https://nalpha.messenger.com
https://nb-no.developers.messenger.com
https://nb-no.messenger.com
https://nb-no.r.e.messenger.com
https://nb-no.thenews.messenger.com
http://snc8.messenger.com
https://ne-np.messenger.com
https://nerado.novellrouter.messenger.com
https://net.messenger.com
https://network-ip.messenger.com
https://new.messenger.com
https://newsletter.messenger.com
https://news.messenger.com
https://nidia_bebitalinda55.messenger.com
https://nl-be.messenger.com
https://nl.messenger.com
https://nl-nl.messenger.com
https://nl-nl.r.e.messenger.com
https://nl-nl.thenews.messenger.com
https://nl-nl.yahoo.messenger.com
https://n.messenger.com
https://nn.messenger.com
https://nn-no.messenger.com
https://noc.messenger.com
https://novtestcloud.messenger.com
https://ns01.messenger.com
https://ns0.messenger.com
https://ns10.messenger.com
https://ns11.messenger.com
https://ns12.messenger.com
https://ns1.messenger.com
https://ns2.messenger.com
https://ns3.messenger.com
https://ns4.messenger.com
https://ns5.messenger.com
https://ns6.messenger.com
https://ns7.messenger.com
https://ns8.messenger.com
https://ns.messenger.com
https://ntp1.messenger.com
https://ntp.messenger.com
https://nuri.rolland.messenger.com
https://nwww.messenger.com
http://sn-zw.messenger.com
https://oa.messenger.com
http://social.messenger.com
https://oec16-normal-alisg.messenger.com
https://offers.thenews.messenger.com
https://office.messenger.com
http://software.messenger.com
https://oldmail.messenger.com
https://old.messenger.com
https://online-distance.messenger.com
https://online.messenger.com
https://openid.messenger.com
https://opensource.messenger.com
https://order.messenger.com
https://org.messenger.com
https://origin.messenger.com
https://or-in.messenger.com
https://outlook.messenger.com
https://owa.messenger.com
http://space.messenger.com
https://pa-in.developers.messenger.com
https://painel.messenger.com
https://pa-in.messenger.com
https://pa-in.r.e.messenger.com
https://pa-in.thenews.messenger.com
https://pa-in.yahoo.messenger.com
https://paltalk.messenger.com
http://spam.messenger.com
https://panel.messenger.com
https://partner.messenger.com
https://partners.messenger.com
https://passport.messenger.com
https://payment.messenger.com
https://pay.messenger.com
https://pbx.messenger.com
https://pda.messenger.com
http://speedtest.messenger.com
https://pe.messenger.com
https://people.messenger.com
https://pf.messenger.com
https://pgp.messenger.com
https://pgsql.messenger.com
https://ph.messenger.com
https://photo.messenger.com
https://photos.messenger.com
https://php.messenger.com
https://phpmyadmin.messenger.com
https://pics.messenger.com
https://pixel.messenger.com
https://platform.messenger.com
https://pl.messenger.com
https://pl-pl.developers.messenger.com
https://pl-pl.messenger.com
https://pl-pl.r.e.messenger.com
https://pl-pl.thenews.messenger.com
https://pma.messenger.com
http://sp.messenger.com
https://p.messenger.com
https://pm.messenger.com
https://poczta.messenger.com
http://spool.messenger.com
https://pop3.messenger.com
https://pop.messenger.com
https://pop.pop.messenger.com
https://portal.messenger.com
http://sport.messenger.com
http://sports.messenger.com
https://postmaster.messenger.com
https://post.messenger.com
http://spotify.messenger.com
https://pp.messenger.com
https://pptp.messenger.com
https://prelive.messenger.com
https://preprod.messenger.com
https://press.messenger.com
https://preview.messenger.com
http://sprint.messenger.com
https://pr.messenger.com
https://prodigy.messenger.com
https://prod.messenger.com
https://profiles.yahoo.messenger.com
https://prof.messenger.com
https://project.messenger.com
https://projects.messenger.com
https://pro.messenger.com
https://provincia.messenger.com
https://proxy.messenger.com
https://prudential.messenger.com
https://ps-af.messenger.com
https://pt-br.messenger.com
https://pt-br.r.e.messenger.com
https://pt-br.thenews.messenger.com
https://pt-br.yahoo.messenger.com
https://pt.messenger.com
https://pt.msn.messenger.com
https://pt-pt.developers.messenger.com
https://pt-pt.messenger.com
https://pt-pt.thenews.messenger.com
https://pt-pt.yahoo.messenger.com
https://public.messenger.com
https://p-upload.messenger.com
https://pup.messenger.com
https://puskesmaskota.messenger.com
http://sq-al.messenger.com
https://qa.messenger.com
http://sql.messenger.com
https://quarantined.messenger.com
https://quarentena.messenger.com
https://qwest.live.messenger.com
https://qz-mm.messenger.com
https://radio.messenger.com
https://radius.messenger.com
https://redirect.messenger.com
https://redmine.messenger.com
https://regione.messenger.com
https://register.messenger.com
https://relay.messenger.com
https://release.messenger.com
https://r.e.messenger.com
https://remote.messenger.com
https://report.messenger.com
https://reports.messenger.com
https://research.messenger.com
https://resources.messenger.com
https://respiratory-research.messenger.com
https://resume.messenger.com
https://reviews.messenger.com
https://ro.messenger.com
https://root.messenger.com
https://rootsweb.messenger.com
https://ro-ro.developers.messenger.com
https://ro-ro.messenger.com
https://ro-ro.r.e.messenger.com
https://ro-ro.thenews.messenger.com
https://ro-ro.yahoo.messenger.com
https://router.messenger.com
https://ro.yahoo.messenger.com
http://sr-rs.developers.messenger.com
http://sr-rs.messenger.com
http://sr-rs.r.e.messenger.com
http://sr-rs.thenews.messenger.com
https://rss.messenger.com
https://rt.messenger.com
https://ru.messenger.com
https://ru-ru.developers.messenger.com
https://ru-ru.messenger.com
https://ru-ru.r.e.messenger.com
https://ru-ru.thenews.messenger.com
https://ru-ru.yahoo.messenger.com
https://rw-rw.messenger.com
https://s2.messenger.com
https://s3.messenger.com
https://s4.messenger.com
https://sales.messenger.com
https://sandbox.messenger.com
https://sapo.messenger.com
https://scan.messenger.com
https://sc-it.messenger.com
https://sc.messenger.com
https://search.messenger.com
https://secure.insightexpressai.com4-edge-chat.messenger.com
https://secure.messenger.com
https://se.messenger.com
https://se.msn.messenger.com
https://seo.messenger.com
https://sequarantine.messenger.com
https://server1.messenger.com
https://server2.messenger.com
https://server.messenger.com
https://service.messenger.com
https://services.messenger.com
https://sfr.messenger.com
https://sftp.messenger.com
https://sg.messenger.com
https://sg.msn.messenger.com
https://share.messenger.com
https://sharepoint.messenger.com
https://sheffield.messenger.com
http://ssh.messenger.com
https://shopbot.messenger.com
https://shop.messenger.com
https://shopping.messenger.com
https://signal.messenger.com
https://sign.up.messenger.com
https://si-lk.messenger.com
https://si.messenger.com
https://sipexternal.messenger.com
https://sipexternal.tts.messenger.com
https://sipinternal.messenger.com
https://sipinternal.tts.messenger.com
https://sip.messenger.com
https://sip.tts.messenger.com
https://sitebuilder.messenger.com
https://site.messenger.com
https://sites.messenger.com
https://sk.messenger.com
https://sk-sk.developers.messenger.com
https://sk-sk.messenger.com
https://sk-sk.r.e.messenger.com
https://sk-sk.thenews.messenger.com
https://sk-sk.yahoo.messenger.com
https://skycorp.m.fb.work-57913414-alpha.messenger.com
https://skype.messenger.com
https://sleepmask.messenger.com
http://ssl.messenger.com
https://slovari.messenger.com
https://sl-si.developers.messenger.com
https://sl-si.messenger.com
https://sl-si.r.e.messenger.com
https://sl-si.thenews.messenger.com
https://sl-si.yahoo.messenger.com
http://sslvpn.messenger.com
https://smasketch.messenger.com
http://ss.messenger.com
https://s.messenger.com
https://sms.messenger.com
https://smtp1.messenger.com
https://smtp2.messenger.com
https://smtp3.messenger.com
https://smtp.messenger.com
https://snc8.messenger.com
https://sn-zw.messenger.com
https://social.messenger.com
https://software.messenger.com
http://sso.messenger.com
https://space.messenger.com
https://spam.messenger.com
https://speedtest.messenger.com
https://sp.messenger.com
https://spool.messenger.com
https://sport.messenger.com
https://sports.messenger.com
https://spotify.messenger.com
https://sprint.messenger.com
https://sq-al.messenger.com
https://sql.messenger.com
https://sr-rs.developers.messenger.com
https://sr-rs.messenger.com
https://sr-rs.r.e.messenger.com
https://sr-rs.thenews.messenger.com
https://ssh.messenger.com
https://ssl.messenger.com
https://sslvpn.messenger.com
https://ss.messenger.com
https://sso.messenger.com
https://staff.messenger.com
https://stage.messenger.com
https://staging.messenger.com
https://start.messenger.com
https://static1.messenger.com
https://static2.messenger.com
https://static.messenger.com
https://staticxx.messenger.com
https://stat.messenger.com
https://stats.business.messenger.com
https://stats.messenger.com
https://status.messenger.com
https://status.msn.messenger.com
https://st.messenger.com
https://stopcovid.messenger.com
https://storage.messenger.com
https://store.messenger.com
https://streaming.messenger.com
https://stream.messenger.com
https://stromectol.messenger.com
https://student.messenger.com
https://sundanceeid.messenger.com
https://support.messenger.com
https://survey.messenger.com
https://sv.messenger.com
https://svn.messenger.com
https://sv-se.developers.messenger.com
https://sv-se.messenger.com
https://sv-se.r.e.messenger.com
https://sv-se.thenews.messenger.com
https://sv-se.yahoo.messenger.com
https://sw-ke.messenger.com
https://symposium.messenger.com
https://syncovh.alpha.messenger.com
https://sy-sy.messenger.com
https://sz-pl.messenger.com
https://tadvin.messenger.com
http://staff.messenger.com
http://stage.messenger.com
http://staging.messenger.com
https://ta-in.developers.messenger.com
https://ta-in.messenger.com
https://ta-in.m.messenger.com
https://ta-in.r.e.messenger.com
https://ta-in.thenews.messenger.com
https://ta-in.yahoo.messenger.com
https://talkatone.messenger.com
http://start.messenger.com
http://static1.messenger.com
http://static2.messenger.com
http://static.messenger.com
http://staticxx.messenger.com
http://stat.messenger.com
http://stats.business.messenger.com
http://stats.messenger.com
http://status.messenger.com
http://status.msn.messenger.com
https://tcp.messenger.com
https://tech.messenger.com
https://te-in.messenger.com
https://te-in.r.e.messenger.com
https://te-in.thenews.messenger.com
https://te-in.yahoo.messenger.com
https://telcel.messenger.com
https://telegram.messenger.com
https://telkomsel.messenger.com
https://tellonym.lt-lt.gist-messenger.msn.messenger.com
https://temp.messenger.com
https://test1.messenger.com
https://test2.messenger.com
https://test3.messenger.com
https://test-apex.messenger.com
https://testcloud02ads.messenger.com
https://testing.messenger.com
https://testkitchen.messenger.com
https://testmask.messenger.com
https://test.messenger.com
https://tg-tj.messenger.com
https://themaskedmoron.messenger.com
https://thenews.messenger.com
https://thevaccinesuk.messenger.com
https://th.messenger.com
https://th.msn.messenger.com
https://th-th.developers.messenger.com
https://th-th.messenger.com
https://th-th.r.e.messenger.com
https://th-th.thenews.messenger.com
https://th-th.yahoo.messenger.com
https://thumbs.messenger.com
https://ticket.messenger.com
https://tickets.messenger.com
https://time.messenger.com
https://tl-ph.developers.messenger.com
https://tl-ph.messenger.com
https://tl-ph.r.e.messenger.com
https://tl-ph.thenews.messenger.com
https://tl-ph.yahoo.messenger.com
http://st.messenger.com
https://t.messenger.com
https://togethersdk.messenger.com
https://tomask.messenger.com
https://tomb-of-the-mask.messenger.com
https://tools.messenger.com
https://top100.messenger.com
http://stopcovid.messenger.com
http://storage.messenger.com
http://store.messenger.com
https://touch.messenger.com
https://tracker.messenger.com
https://track.messenger.com
https://trac.messenger.com
https://trade.messenger.com
https://training.messenger.com
https://travel.messenger.com
http://streaming.messenger.com
http://stream.messenger.com
https://tribunale.messenger.com
https://tri.messenger.com
https://tr.messenger.com
http://stromectol.messenger.com
https://trovacinema.messenger.com
https://tr-tr.developers.messenger.com
https://tr-tr.fb.messenger.com
https://tr-tr.live.messenger.com
https://tr-tr.messenger.com
https://tr-tr.msn.hotmail.messenger.com
https://tr-tr.msn.messenger.com
https://tr-tr.r.e.messenger.com
https://tr-tr.thenews.messenger.com
https://tr-tr.yahoo.messenger.com
https://tsel.messenger.com
https://ts.messenger.com
https://tt-ru.messenger.com
http://student.messenger.com
https://tv.messenger.com
https://twitter.messenger.com
https://tw.messenger.com
https://tw.msn.messenger.com
https://tw.yahoo.messenger.com
https://tz-ma.messenger.com
https://u00252fon.messenger.com
https://u00252fwww.messenger.com
https://u002fwww.messenger.com
https://uhaul.messenger.com
https://uk.messenger.com
https://uk-ua.messenger.com
https://uk.yahoo.messenger.com
https://u.messenger.com
https://um.messenger.com
https://umobile.messenger.com
https://unauthorized.messenger.com
http://sundanceeid.messenger.com
https://undefined-edge-chat.messenger.com
https://undefined-undefined.messenger.com
https://uni.messenger.com
https://union.messenger.com
https://univ.messenger.com
https://un.messenger.com
https://update.messenger.com
https://upload.messenger.com
https://up.messenger.com
http://support.messenger.com
https://uptown.messenger.com
https://ur-pk.messenger.com
http://survey.messenger.com
https://user.messenger.com
https://users.messenger.com
https://us.messenger.com
https://uz-uz.messenger.com
https://v2.messenger.com
https://varnish.messenger.com
https://vc.messenger.com
https://video.messenger.com
https://videos.messenger.com
https://vip.messenger.com
https://virus0316.messenger.com
https://virus0316nisic.sites.infr.search.messenger.com
https://viruscheck.messenger.com
https://virusdesk.messenger.com
https://virusremoval.messenger.com
https://viva.messenger.com
https://vi-vn.developers.messenger.com
https://vi-vn.messenger.com
https://vi-vn.r.e.messenger.com
https://vi-vn.thenews.messenger.com
https://vi-vn.yahoo.messenger.com
http://sv.messenger.com
https://v.messenger.com
http://svn.messenger.com
https://vn.messenger.com
https://vn.yahoo.messenger.com
https://vod.messenger.com
https://voice.messenger.com
https://voip.messenger.com
https://vpn1.messenger.com
https://vpn2.messenger.com
https://vpn.messenger.com
https://vps.messenger.com
http://sv-se.developers.messenger.com
http://sv-se.messenger.com
http://sv-se.r.e.messenger.com
http://sv-se.thenews.messenger.com
http://sv-se.yahoo.messenger.com
https://vupload-edge.messenger.com
https://vupload.messenger.com
https://w3.messenger.com
https://w4000ww.messenger.com
https://waldorfnuri.messenger.com
https://wap.messenger.com
https://wap.yahoo.messenger.com
https://wc.messenger.com
https://web01.messenger.com
https://web18802.messenger.com
https://web1.messenger.com
https://web2.messenger.com
https://web3933.messenger.com
https://web3.messenger.com
https://web4698.messenger.com
https://web4.messenger.com
https://web5.messenger.com
https://web6318.messenger.com
https://web6340.messenger.com
https://web6425.messenger.com
https://webconf.messenger.com
https://webdisk.messenger.com
https://webex.messenger.com
https://webmail2.messenger.com
https://webmail.messenger.com
https://web.messenger.com
https://webmsn.messenger.com
https://wenku.messenger.com
https://wew.messenger.com
https://whatsapp.messenger.com
https://whm.messenger.com
https://widowslive.messenger.com
https://wifi.messenger.com
https://wiki.messenger.com
https://window.live.messenger.com
https://windowlive.messenger.com
https://windowslive.com.messenger.com
https://windows-live.messenger.com
https://windows.live.messenger.com
http://sw-ke.messenger.com
https://w.messenger.com
https://wordpress.messenger.com
https://work.messenger.com
https://wp.messenger.com
https://ws2.messenger.com
https://ws.messenger.com
https://ww11.messenger.com
https://ww1.messenger.com
https://ww2.messenger.com
https://ww5.messenger.com
https://ww8.messenger.com
https://ww.hotmail.messenger.com
https://ww.live.messenger.com
https://ww.messenger.com
https://ww.msn.messenger.com
https://www.1-edge-chat.messenger.com
https://www1.messenger.com
https://www.222.messenger.com
https://www.24im.messenger.com
https://www.2-edge-chat.messenger.com
https://www2.messenger.com
https://www2s.messenger.com
https://www2u.messenger.com
https://www.3-edge-chat.messenger.com
https://www3.messenger.com
https://www4b.messenger.com
https://www.4-edge-chat.messenger.com
https://www4.messenger.com
https://www5a.messenger.com
https://www5b.messenger.com
https://www5c.messenger.com
https://www5d.messenger.com
https://www.5-edge-chat.messenger.com
https://www5f.messenger.com
https://www5.messenger.com
https://www6.messenger.com
https://www7a.messenger.com
https://www7b.messenger.com
https://www7.messenger.com
https://www.aim.messenger.com
https://www.alpha.messenger.com
https://www.amigo.messenger.com
https://www.animals.mo.messenger.com
https://www.aol.messenger.com
https://www.apps.messenger.com
https://www.ar-ar.messenger.com
https://www.ar.yahoo.messenger.com
https://www.att.messenger.com
https://www.att.yahoo.messenger.com
https://www.au.yahoo.messenger.com
https://www.badoo.messenger.com
https://www.beta.messenger.com
https://www.beyluxe.messenger.com
https://www.bigstring.messenger.com
https://www.br.yahoo.messenger.com
https://www.byeluxe.messenger.com
https://www.ca.msn.messenger.com
https://www.ca.yahoo.messenger.com
https://www.chicka.messenger.com
https://www.chika.messenger.com
https://www.chrome.messenger.com
https://www.cn.messenger.com
https://www.cn.yahoo.messenger.com
https://www.cool.messenger.com
https://www.developers.messenger.com
https://www-distance.messenger.com
https://www.download.live.messenger.com
https://www.download.messenger.com
https://www.dr.messenger.com
https://www.ebuddy.com.web.messenger.com
https://www.edge-chat.messenger.com
https://www.el-gr.messenger.com
https://www.emily.messenger.com
https://www.emoticon.messenger.com
https://www.en-gb.messenger.com
https://www.es-es.messenger.com
https://www.es-la.messenger.com
https://www.espia.messenger.com
https://www.eu1.badoo.messenger.com
https://www.explore.live.messenger.com
https://www.facebook.com.messenger.com
https://www.facebook.login.messenger.com
https://www.facebook.messenger.com
https://www.fb.messenger.com
https://www.fboo.messenger.com
https://www.feedback.messenger.com
https://www.fr-ca.messenger.com
https://www.fr-fr.messenger.com
https://www.fr.msn.messenger.com
https://www.fr.yahoo.messenger.com
https://www.garena.messenger.com
https://www.gateway.live.messenger.com
https://www.gcashcare.messenger.com
https://www.g.e.messenger.com
https://www.glkg08ov1cs6cr.messenger.com
https://www.gmail.messenger.com
https://www.gm.messenger.com
https://www.go.messenger.com
https://www.google.messenger.com
https://www.goo.messenger.com
https://www.hi5.messenger.com
https://www.hotmail.live.messenger.com
https://www.hotmail.messenger.com
https://wwwhotmail.messenger.com
https://www.hotmai.messenger.com
https://www.hotmal.messenger.com
https://www.hotmil.messenger.com
https://www.http.messenger.com
https://www.hu-hu.messenger.com
https://www.ilove.messenger.com
https://www.im.chikka.messenger.com
https://www.imo.messenger.com
https://www.it-it.messenger.com
https://www.it.msn.messenger.com
https://www.ja-jp.messenger.com
https://www.kik.messenger.com
https://www.ko-kr.messenger.com
https://www.l4i.messenger.com
https://www.latan.messenger.com
https://www.latest.yahoo.messenger.com
https://www.live.messenger.com
https://www.live.msn.messenger.com
https://www.l.messenger.com
https://www.login.messenger.com
https://www.mail.live.messenger.com
https://www.mail.yahoo.messenger.com
https://www.maximiles.co.messenger.com
https://w.w.w.messenger.com
https://w.ww.messenger.com
https://www.messenger.com
https://www.mig33.messenger.com
https://www.m.messenger.com
https://wwwm.messenger.com
https://www.mns.messenger.com
https://www.msn.hotmail.messenger.com
https://www.msnitaliahotmail.messenger.com
https://www.msn.messenger.com
https://wwwmsn.messenger.com
https://www.msn.web.messenger.com
https://www.multiyahoo.messenger.com
https://www.my.messenger.com
https://www.nate.messenger.com
https://www.news.messenger.com
https://www.ninemsn.messenger.com
https://www.nl-be.messenger.com
https://www.nl-nl.messenger.com
https://www.paltalk.messenger.com
https://www.ph.yahoo.messenger.com
https://www.pidgin.yahoo.messenger.com
https://www.pixel.messenger.com
https://www.pl-pl.messenger.com
https://www.p.messenger.com
https://www.prodigy.messenger.com
https://www.prodigy.msn.messenger.com
https://www.profiles.messenger.com
https://www.prudential.messenger.com
https://www.pt-br.messenger.com
https://www.pt-pt.messenger.com
https://www.qq.messenger.com
https://www.reluctant.messenger.com
https://www.r.e.messenger.com
https://www.rogers.yahoo.messenger.com
https://www.ro-ro.messenger.com
https://www.search.messenger.com
https://www.settings.messenger.com
https://www.sg.yahoo.messenger.com
https://www.sh.messenger.com
https://www.sk-sk.messenger.com
https://www.sr-rs.messenger.com
https://www.status.messenger.com
https://www.sv-se.messenger.com
https://www.tango.messenger.com
https://www-test.messenger.com
https://www.thenews.messenger.com
https://www.th-th.messenger.com
https://www.tigo.messenger.com
https://www.tr.messenger.com
https://www.tr.msn.messenger.com
https://www.uhaul.messenger.com
https://www.uk.msn.messenger.com
https://www.us.messenger.com
https://www.vbuzzer.messenger.com
https://www.ventas.messenger.com
https://www.vi-vn.messenger.com
https://www.w3ww.messenger.com
https://www.webex.messenger.com
https://www.webmail.messenger.com
https://www.web.messenger.com
https://www.web.msn.messenger.com
https://www.web.yahoo.messenger.com
https://www.webyahoo.messenger.com
https://www.whatsapp.messenger.com
https://www.windoslive.messenger.com
https://wwwwindowslive.messenger.com
https://wwwwindows.messenger.com
https://wwww.messenger.com
https://www.work.messenger.com
https://www.ww.web.messenger.com
https://www.www.messenger.com
https://www.wwww.msn.messenger.com
https://www.yahho.messenger.com
https://www.yahoo.com.messenger.com
https://www.yahoo.messenger.com
https://www.yes.messenger.com
https://www.y.multi.messenger.com
https://www.zh-cn.messenger.com
https://www.zh-tw.messenger.com
https://xml.messenger.com
https://xroads.messenger.com
https://yahoo20shat.messenger.com
https://yahoo.beta.messenger.com
https://yahoomail.messenger.com
https://yahoo.messenger.com
https://yahoom.messenger.com
https://yahoo.online.messenger.com
https://yahoor.messenger.com
https://yahooweb.messenger.com
https://yhaoo.messenger.com
https://yhhnd.messenger.com
https://y.messenger.com
http://symposium.messenger.com
http://syncovh.alpha.messenger.com
http://sy-sy.messenger.com
https://zabbix.messenger.com
https://za.messenger.com
https://zamvinex.messenger.com
https://zeus.messenger.com
https://zh-cn.developers.messenger.com
https://zh-cn.messenger.com
https://zh-cn.r.e.messenger.com
https://zh-cn.thenews.messenger.com
https://zh-cn.yahoo.messenger.com
https://zh-hk.developers.messenger.com
https://zh-hk.messenger.com
https://zh-hk.r.e.messenger.com
https://zh-hk.thenews.messenger.com
https://zh-hk.yahoo.messenger.com
https://zh-tw.developers.messenger.com
https://zh-tw.messenger.com
https://zh-tw.r.e.messenger.com
https://zh-tw.yahoo.messenger.com
https://zimbra.messenger.com
https://z-m-www.messenger.com
https://zone.msn.messenger.com
https://zoosk.messenger.com
https://z-p3-upload.messenger.com
http://sz-pl.messenger.com
https://zz-tr.messenger.com
http://tadvin.messenger.com
http://ta-in.developers.messenger.com
http://ta-in.messenger.com
http://ta-in.m.messenger.com
http://ta-in.r.e.messenger.com
http://ta-in.thenews.messenger.com
http://ta-in.yahoo.messenger.com
http://talkatone.messenger.com
http://tcp.messenger.com
http://tech.messenger.com
http://te-in.messenger.com
http://te-in.r.e.messenger.com
http://te-in.thenews.messenger.com
http://te-in.yahoo.messenger.com
http://telcel.messenger.com
http://telegram.messenger.com
http://telkomsel.messenger.com
http://tellonym.lt-lt.gist-messenger.msn.messenger.com
http://temp.messenger.com
http://test1.messenger.com
http://test2.messenger.com
http://test3.messenger.com
http://test-apex.messenger.com
http://testcloud02ads.messenger.com
http://testing.messenger.com
http://testkitchen.messenger.com
http://testmask.messenger.com
http://test.messenger.com
http://tg-tj.messenger.com
http://themaskedmoron.messenger.com
http://thenews.messenger.com
http://thevaccinesuk.messenger.com
http://th.messenger.com
http://th.msn.messenger.com
http://th-th.developers.messenger.com
http://th-th.messenger.com
http://th-th.r.e.messenger.com
http://th-th.thenews.messenger.com
http://th-th.yahoo.messenger.com
http://thumbs.messenger.com
http://ticket.messenger.com
http://tickets.messenger.com
http://time.messenger.com
http://tl-ph.developers.messenger.com
http://tl-ph.messenger.com
http://tl-ph.r.e.messenger.com
http://tl-ph.thenews.messenger.com
http://tl-ph.yahoo.messenger.com
http://t.messenger.com
http://togethersdk.messenger.com
http://tomask.messenger.com
http://tomb-of-the-mask.messenger.com
http://tools.messenger.com
http://top100.messenger.com
http://touch.messenger.com
http://tracker.messenger.com
http://track.messenger.com
http://trac.messenger.com
http://trade.messenger.com
http://training.messenger.com
http://travel.messenger.com
http://tribunale.messenger.com
http://tri.messenger.com
http://tr.messenger.com
http://trovacinema.messenger.com
http://tr-tr.developers.messenger.com
http://tr-tr.fb.messenger.com
http://tr-tr.live.messenger.com
http://tr-tr.messenger.com
http://tr-tr.msn.hotmail.messenger.com
http://tr-tr.msn.messenger.com
http://tr-tr.r.e.messenger.com
http://tr-tr.thenews.messenger.com
http://tr-tr.yahoo.messenger.com
http://tsel.messenger.com
http://ts.messenger.com
http://tt-ru.messenger.com
http://tv.messenger.com
http://twitter.messenger.com
http://tw.messenger.com
http://tw.msn.messenger.com
http://tw.yahoo.messenger.com
http://tz-ma.messenger.com
http://u00252fon.messenger.com
http://u00252fwww.messenger.com
http://u002fwww.messenger.com
http://uhaul.messenger.com
http://uk.messenger.com
http://uk-ua.messenger.com
http://uk.yahoo.messenger.com
http://u.messenger.com
http://um.messenger.com
http://umobile.messenger.com
http://unauthorized.messenger.com
http://undefined-edge-chat.messenger.com
http://undefined-undefined.messenger.com
http://uni.messenger.com
http://union.messenger.com
http://univ.messenger.com
http://un.messenger.com
http://update.messenger.com
http://upload.messenger.com
http://up.messenger.com
http://uptown.messenger.com
http://ur-pk.messenger.com
http://user.messenger.com
http://users.messenger.com
http://us.messenger.com
http://uz-uz.messenger.com
http://v2.messenger.com
http://varnish.messenger.com
http://vc.messenger.com
http://video.messenger.com
http://videos.messenger.com
http://vip.messenger.com
http://virus0316.messenger.com
http://virus0316nisic.sites.infr.search.messenger.com
http://viruscheck.messenger.com
http://virusdesk.messenger.com
http://virusremoval.messenger.com
http://viva.messenger.com
http://vi-vn.developers.messenger.com
http://vi-vn.messenger.com
http://vi-vn.r.e.messenger.com
http://vi-vn.thenews.messenger.com
http://vi-vn.yahoo.messenger.com
http://v.messenger.com
http://vn.messenger.com
http://vn.yahoo.messenger.com
http://vod.messenger.com
http://voice.messenger.com
http://voip.messenger.com
http://vpn1.messenger.com
http://vpn2.messenger.com
http://vpn.messenger.com
http://vps.messenger.com
http://vupload-edge.messenger.com
http://vupload.messenger.com
http://w3.messenger.com
http://w4000ww.messenger.com
http://waldorfnuri.messenger.com
http://wap.messenger.com
http://wap.yahoo.messenger.com
http://wc.messenger.com
http://web01.messenger.com
http://web18802.messenger.com
http://web1.messenger.com
http://web2.messenger.com
http://web3933.messenger.com
http://web3.messenger.com
http://web4698.messenger.com
http://web4.messenger.com
http://web5.messenger.com
http://web6318.messenger.com
http://web6340.messenger.com
http://web6425.messenger.com
http://webconf.messenger.com
http://webdisk.messenger.com
http://webex.messenger.com
http://webmail2.messenger.com
http://webmail.messenger.com
http://web.messenger.com
http://webmsn.messenger.com
http://wenku.messenger.com
http://wew.messenger.com
http://whatsapp.messenger.com
http://whm.messenger.com
http://widowslive.messenger.com
http://wifi.messenger.com
http://wiki.messenger.com
http://window.live.messenger.com
http://windowlive.messenger.com
http://windowslive.com.messenger.com
http://windows-live.messenger.com
http://windows.live.messenger.com
http://w.messenger.com
http://wordpress.messenger.com
http://work.messenger.com
http://wp.messenger.com
http://ws2.messenger.com
http://ws.messenger.com
http://ww11.messenger.com
http://ww1.messenger.com
http://ww2.messenger.com
http://ww5.messenger.com
http://ww8.messenger.com
http://ww.hotmail.messenger.com
http://ww.live.messenger.com
http://ww.messenger.com
http://ww.msn.messenger.com
http://www.1-edge-chat.messenger.com
http://www1.messenger.com
http://www.222.messenger.com
http://www.24im.messenger.com
http://www.2-edge-chat.messenger.com
http://www2.messenger.com
http://www2s.messenger.com
http://www2u.messenger.com
http://www.3-edge-chat.messenger.com
http://www3.messenger.com
http://www4b.messenger.com
http://www.4-edge-chat.messenger.com
http://www4.messenger.com
http://www5a.messenger.com
http://www5b.messenger.com
http://www5c.messenger.com
http://www5d.messenger.com
http://www.5-edge-chat.messenger.com
http://www5f.messenger.com
http://www5.messenger.com
http://www6.messenger.com
http://www7a.messenger.com
http://www7b.messenger.com
http://www7.messenger.com
http://www.aim.messenger.com
http://www.alpha.messenger.com
http://www.amigo.messenger.com
http://www.animals.mo.messenger.com
http://www.aol.messenger.com
http://www.apps.messenger.com
http://www.ar-ar.messenger.com
http://www.ar.yahoo.messenger.com
http://www.att.messenger.com
http://www.att.yahoo.messenger.com
http://www.au.yahoo.messenger.com
http://www.badoo.messenger.com
http://www.beta.messenger.com
http://www.beyluxe.messenger.com
http://www.bigstring.messenger.com
http://www.br.yahoo.messenger.com
http://www.byeluxe.messenger.com
http://www.ca.msn.messenger.com
http://www.ca.yahoo.messenger.com
http://www.chicka.messenger.com
http://www.chika.messenger.com
http://www.chrome.messenger.com
http://www.cn.messenger.com
http://www.cn.yahoo.messenger.com
http://www.cool.messenger.com
http://www.developers.messenger.com
http://www-distance.messenger.com
http://www.download.live.messenger.com
http://www.download.messenger.com
http://www.dr.messenger.com
http://www.ebuddy.com.web.messenger.com
http://www.edge-chat.messenger.com
http://www.el-gr.messenger.com
http://www.emily.messenger.com
http://www.emoticon.messenger.com
http://www.en-gb.messenger.com
http://www.es-es.messenger.com
http://www.es-la.messenger.com
http://www.espia.messenger.com
http://www.eu1.badoo.messenger.com
http://www.explore.live.messenger.com
http://www.facebook.com.messenger.com
http://www.facebook.login.messenger.com
http://www.facebook.messenger.com
http://www.fb.messenger.com
http://www.fboo.messenger.com
http://www.feedback.messenger.com
http://www.fr-ca.messenger.com
http://www.fr-fr.messenger.com
http://www.fr.msn.messenger.com
http://www.fr.yahoo.messenger.com
http://www.garena.messenger.com
http://www.gateway.live.messenger.com
http://www.gcashcare.messenger.com
http://www.g.e.messenger.com
http://www.glkg08ov1cs6cr.messenger.com
http://www.gmail.messenger.com
http://www.gm.messenger.com
http://www.go.messenger.com
http://www.google.messenger.com
http://www.goo.messenger.com
http://www.hi5.messenger.com
http://www.hotmail.live.messenger.com
http://www.hotmail.messenger.com
http://wwwhotmail.messenger.com
http://www.hotmai.messenger.com
http://www.hotmal.messenger.com
http://www.hotmil.messenger.com
http://www.http.messenger.com
http://www.hu-hu.messenger.com
http://www.ilove.messenger.com
http://www.im.chikka.messenger.com
http://www.imo.messenger.com
http://www.it-it.messenger.com
http://www.it.msn.messenger.com
http://www.ja-jp.messenger.com
http://www.kik.messenger.com
http://www.ko-kr.messenger.com
http://www.l4i.messenger.com
http://www.latan.messenger.com
http://www.latest.yahoo.messenger.com
http://www.live.messenger.com
http://www.live.msn.messenger.com
http://www.l.messenger.com
http://www.login.messenger.com
http://www.mail.live.messenger.com
http://www.mail.yahoo.messenger.com
http://www.maximiles.co.messenger.com
http://w.w.w.messenger.com
http://w.ww.messenger.com
http://www.messenger.com
http://www.mig33.messenger.com
http://www.m.messenger.com
http://wwwm.messenger.com
http://www.mns.messenger.com
http://www.msn.hotmail.messenger.com
http://www.msnitaliahotmail.messenger.com
http://www.msn.messenger.com
http://wwwmsn.messenger.com
http://www.msn.web.messenger.com
http://www.multiyahoo.messenger.com
http://www.my.messenger.com
http://www.nate.messenger.com
http://www.news.messenger.com
http://www.ninemsn.messenger.com
http://www.nl-be.messenger.com
http://www.nl-nl.messenger.com
http://www.paltalk.messenger.com
http://www.ph.yahoo.messenger.com
http://www.pidgin.yahoo.messenger.com
http://www.pixel.messenger.com
http://www.pl-pl.messenger.com
http://www.p.messenger.com
http://www.prodigy.messenger.com
http://www.prodigy.msn.messenger.com
http://www.profiles.messenger.com
http://www.prudential.messenger.com
http://www.pt-br.messenger.com
http://www.pt-pt.messenger.com
http://www.qq.messenger.com
http://www.reluctant.messenger.com
http://www.r.e.messenger.com
http://www.rogers.yahoo.messenger.com
http://www.ro-ro.messenger.com
http://www.search.messenger.com
http://www.settings.messenger.com
http://www.sg.yahoo.messenger.com
http://www.sh.messenger.com
http://www.sk-sk.messenger.com
http://www.sr-rs.messenger.com
http://www.status.messenger.com
http://www.sv-se.messenger.com
http://www.tango.messenger.com
http://www-test.messenger.com
http://www.thenews.messenger.com
http://www.th-th.messenger.com
http://www.tigo.messenger.com
http://www.tr.messenger.com
http://www.tr.msn.messenger.com
http://www.uhaul.messenger.com
http://www.uk.msn.messenger.com
http://www.us.messenger.com
http://www.vbuzzer.messenger.com
http://www.ventas.messenger.com
http://www.vi-vn.messenger.com
http://www.w3ww.messenger.com
http://www.webex.messenger.com
http://www.webmail.messenger.com
http://www.web.messenger.com
http://www.web.msn.messenger.com
http://www.web.yahoo.messenger.com
http://www.webyahoo.messenger.com
http://www.whatsapp.messenger.com
http://www.windoslive.messenger.com
http://wwwwindowslive.messenger.com
http://wwwwindows.messenger.com
http://wwww.messenger.com
http://www.work.messenger.com
http://www.ww.web.messenger.com
http://www.www.messenger.com
http://www.wwww.msn.messenger.com
http://www.yahho.messenger.com
http://www.yahoo.com.messenger.com
http://www.yahoo.messenger.com
http://www.yes.messenger.com
http://www.y.multi.messenger.com
http://www.zh-cn.messenger.com
http://www.zh-tw.messenger.com
http://xml.messenger.com
http://xroads.messenger.com
http://yahoo20shat.messenger.com
http://yahoo.beta.messenger.com
http://yahoomail.messenger.com
http://yahoo.messenger.com
http://yahoom.messenger.com
http://yahoo.online.messenger.com
http://yahoor.messenger.com
http://yahooweb.messenger.com
http://yhaoo.messenger.com
http://yhhnd.messenger.com
http://y.messenger.com
http://zabbix.messenger.com
http://za.messenger.com
http://zamvinex.messenger.com
http://zeus.messenger.com
http://zh-cn.developers.messenger.com
http://zh-cn.messenger.com
http://zh-cn.r.e.messenger.com
http://zh-cn.thenews.messenger.com
http://zh-cn.yahoo.messenger.com
http://zh-hk.developers.messenger.com
http://zh-hk.messenger.com
http://zh-hk.r.e.messenger.com
http://zh-hk.thenews.messenger.com
http://zh-hk.yahoo.messenger.com
http://zh-tw.developers.messenger.com
http://zh-tw.messenger.com
http://zh-tw.r.e.messenger.com
http://zh-tw.yahoo.messenger.com
http://zimbra.messenger.com
http://z-m-www.messenger.com
http://zone.msn.messenger.com
http://zoosk.messenger.com
http://z-p3-upload.messenger.com
http://zz-tr.messenger.com
