http://0.r1.unverified-forwarding.projectbaseline.com
http://102.r3.unverified-forwarding.projectbaseline.com
http://109.r4.unverified-forwarding.projectbaseline.com
http://116.r2.unverified-forwarding.projectbaseline.com
http://blog.projectbaseline.com
http://click.projectbaseline.com
http://cloud.projectbaseline.com
http://corona-pad4.projectbaseline.com
http://ctls.projectbaseline.com
http://dev-cdn-1.projectbaseline.com
http://go.projectbaseline.com
http://gsfc.projectbaseline.com
http://hostmta.projectbaseline.com
http://image.projectbaseline.com
http://macnica-poc-oid.projectbaseline.com
http://macnica-pocpayext.projectbaseline.com
http://_.projectbaseline.com
http://projectbaseline.com
http://ptr.projectbaseline.com
http://pts0c.projectbaseline.com
http://pttpage.projectbaseline.com
https://0.r1.unverified-forwarding.projectbaseline.com
https://102.r3.unverified-forwarding.projectbaseline.com
https://109.r4.unverified-forwarding.projectbaseline.com
https://116.r2.unverified-forwarding.projectbaseline.com
https://blog.projectbaseline.com
https://click.projectbaseline.com
https://cloud.projectbaseline.com
https://corona-pad4.projectbaseline.com
https://ctls.projectbaseline.com
https://dashboard.projectbaseline.com
https://dev-cdn-1.projectbaseline.com
http://search.projectbaseline.com
https://go.projectbaseline.com
https://gsfc.projectbaseline.com
https://hostmta.projectbaseline.com
https://image.projectbaseline.com
https://macnica-poc-oid.projectbaseline.com
https://macnica-pocpayext.projectbaseline.com
https://_.projectbaseline.com
https://projectbaseline.com
https://ptr.projectbaseline.com
https://pts0c.projectbaseline.com
https://pttpage.projectbaseline.com
https://search.projectbaseline.com
https://unverified-forwarding.projectbaseline.com
https://view.projectbaseline.com
https://www.projectbaseline.com
https://yourprogramforgottosendanonce.projectbaseline.com
http://unverified-forwarding.projectbaseline.com
http://view.projectbaseline.com
http://www.projectbaseline.com
http://yourprogramforgottosendanonce.projectbaseline.com
