http://20.verily.com
http://360-security-antivirus-free.it.verily.com
http://818-v-ironmask.verily.com
http://abra-labeling.api.verily.com
http://abra-labeling-demo.api.verily.com
http://abra-labeling-dev.api.verily.com
http://abra-labeling-dev-ehr-viewer-abra-labeling.api.verily.com
http://abra-labeling-dev-labeler-backend-abra-labeling.api.verily.com
http://abra-labeling-dev-scheduler-flask-abra-labeling.api.verily.com
http://akuariummaskoki.verily.com
http://amir-antivirus.verily.com
http://analytics-staging-dynamo.api.verily.com
http://anonymousmask.verily.com
http://antivirus-2018.verily.com
http://antivirus-38b65.verily.com
http://antivirus-extension.verily.com
http://antivirus-for-all.verily.com
http://antivirus-free.verily.com
http://antivirus-security-free.br.verily.com
http://antivirus-security-free.verily.com
http://antivirus.verily.com
http://api.helix-pilot.verily.com
http://aquarium-dev.api.verily.com
http://aquarium-eng.api.verily.com
http://aquarium-staging.api.verily.com
http://aquarium-study.api.verily.com
http://arda-camera-dev-aquarium-cluster2.api.verily.com
http://arda-camera-dev-aquarium-cluster.api.verily.com
http://arda-camera-dev-credential-api-cluster.api.verily.com
http://arda-camera-dev-flask-bazel-example-cluster.api.verily.com
http://arda-camera-staging-aquarium-aquarium-cluster.api.verily.com
http://argentinasinvacunas.verily.com
http://atlantis-life.api.verily.com
http://atlantis-trailblazer.api.verily.com
http://auth.healthy-dev.verily.com
http://auth.healthy-staging2.verily.com
http://auth.healthy-staging.verily.com
http://auth.healthy.verily.com
http://auth.helix-pilot.verily.com
http://avast-premier-antivirus.en.verily.com
http://avg-antivirus-free.en.verily.com
http://avg-anti-virus-free.it.verily.com
http://avg-antivirus-free.verily.com
http://avira-free-antivirus.en.verily.com
http://avira-free-antivirus.fr.verily.com
http://avira-free-antivirus.it.verily.com
http://avira-free-antivirus.ko.verily.com
http://avira-free-antivirus.verily.com
http://avira-free-antivirus.vi.verily.com
http://baidu-antivirus.en.verily.com
http://baidu_antivirus.th.verily.com
http://beagle-fusion.api.verily.com
http://beagle-fusion-dev.api.verily.com
http://beaglefusiondev.api.verily.com
http://beagle-fusion.verily.com
http://bfdev2.api.verily.com
http://bf-dev-two.api.verily.com
http://blog.verily.com
http://bokepcorona.verily.com
http://br.verily.com
http://buatmaskerwajah.verily.com
http://bucket-browser.api.verily.com
http://bucket-browser-dev.api.verily.com
http://bukatopengmu07.verily.com
http://buy-antivirus-uk.verily.com
http://cekvirus.verily.com
http://cloud.verily.com
http://cocovida.verily.com
http://coronanachrichten.verily.com
http://coronarenderer.verily.com
http://coronasdk.verily.com
http://corona.verily.com
http://corputh.hecorplthy-dev.verily.com
http://covid-19-api.verily.com
http://covid19.verily.com
http://datafoundation-airflow-dev.api.verily.com
http://dbt-cloud-dev.api.verily.com
http://dbt.verily.com
http://detenganlavacuna.verily.com
http://dev.cloud.verily.com
http://devices-fleet-monitor-dev.api.verily.com
http://dev.lab-results.verily.com
http://dev.plato.verily.com
http://dev.retinal.verily.com
http://dev-tech-talk.api.verily.com
http://digital-pathology-lumea-inference-dev.api.verily.com
http://di-grafana-dev.api.verily.com
http://di-grafana-prod.api.verily.com
http://distanceeducation.verily.com
http://distance-ed.verily.com
http://donvirus.verily.com
http://dramaskfan.verily.com
http://dr-web-anti-virus-light-free.br.verily.com
http://ebsbokepcorona.verily.com
http://ebscovideos.verily.com
http://ecdc.verily.com
http://enengine.verily.com
http://en.verily.com
http://escan-anti-virus.en.verily.com
http://eset_nod32_antivirus.hu.verily.com
http://eset-nod32-antivirus.it.verily.com
http://eset-nod32-antivirus.th.verily.com
http://eset_nod32_antivirus.tr.verily.com
http://eset-nod32-antivirus.tr.verily.com
http://eset-nod32-antivirus.verily.com
http://foodvaccine.verily.com
http://fr.verily.com
http://ghostfacemask.verily.com
http://ghsync.api.verily.com
http://ghsync-dev.api.verily.com
http://ghsync-staging.api.verily.com
http://gothedistance.verily.com
http://go.verily.com
http://gradle-enterprise-prod-helm-cluster.api.verily.com
http://granular-uw-dev-rater-fe-cluster.api.verily.com
http://granular-uw-hackathon-orchest-rater-cluster.api.verily.com
http://granular-uw-hackathon-rater-fe-cluster.api.verily.com
http://grudge-pandemic.verily.com
http://healthy-dev.verily.com
http://healthy-staging2.verily.com
http://healthy-staging.verily.com
http://healthy.verily.com
http://helix-pilot.verily.com
http://helpstopthevirus.verily.com
http://help.verily.com
http://highmark-nba-dev-core-engine-dev-gke.api.verily.com
http://hu.verily.com
http://infectionprevention.verily.com
http://infections.verily.com
http://interferon.verily.com
http://it.verily.com
http://kaspersky-anti-virus.en.verily.com
http://kaspersky-free-antivirus.en.verily.com
http://koronaii.verily.com
http://korona-na-monetach.verily.com
http://ko.verily.com
http://labelstudio-dev2.api.verily.com
http://labelstudio-dev.api.verily.com
http://lab-results.verily.com
http://lacouronne.verily.com
http://linebinevaskemaskine.verily.com
http://lp.verily.com
http://lp.verily.com:2053
http://lp.verily.com:2083
http://lp.verily.com:2087
http://lp.verily.com:2096
http://lp.verily.com:8443
http://mabinogi.verily.com
http://mamaskruemel.verily.com
http://mascara-tutankhamon-microsite.verily.com
http://mascara.verily.com
http://maskedfp.verily.com
http://maskedrider.verily.com
http://maskepphajhosszabbitas.verily.com
http://maskingbodysuits.verily.com
http://maskingcentral.verily.com
http://maskman626.verily.com
http://maskofgoblin.verily.com
http://maskomuter.verily.com
http://maskrtnici.verily.com
http://mask.verily.com
http://mcafee-antivirus-plus.en.verily.com
http://mcafee-antivirus-plus.verily.com
http://melhor-antivirus.br.verily.com
http://messy.verily.com
http://metamask.verily.com
http://middle-distance-classic.verily.com
http://monitoring-app-dev.api.verily.com
http://m.sapporovaccine.verily.com
http://muhunupothamuluthange.verily.com
http://ng-helm-manifest-democluster.api.verily.com
http://nicovideo.verily.com
http://norovirus.verily.com
http://norton_antivirus.en.verily.com
http://norton-antivirus.en.verily.com
http://norton-antivirus.verily.com
http://oayo.verily.com
http://onduo-demo-console.api.verily.com
http://onduo-demo-mobile-api-gateway.api.verily.com
http://onduo-dev-mobile-api-gateway.api.verily.com
http://onduo-dev-mobile-api-gateway-default-cluster.api.verily.com
http://onduo-playground-admin-frontend-webserver.api.verily.com
http://onduo-playground-care-api-gateway.api.verily.com
http://onduo-playground-care-hub-webserver.api.verily.com
http://onduo-playground-mobile-api-gateway.api.verily.com
http://onduo-prod-mobile-api-gateway.api.verily.com
http://onduo-qa-express-mobile-api-gateway.api.verily.com
http://onduo-qa-milestone-mobile-api-gateway.api.verily.com
http://onduo-qa-summative-mobile-api-gateway.api.verily.com
http://onduo-shared-frontend-dev.api.verily.com
http://osa-app-preprod.verily.com
http://osa-app-staging.verily.com
http://osa-app.verily.com
http://page.verily.com
http://page.verily.com:2053
http://page.verily.com:2083
http://page.verily.com:2087
http://page.verily.com:2096
http://page.verily.com:8443
http://painel.antivirus.verily.com
http://panda-free-antivirus.en.verily.com
http://panda-free-antivirus.it.verily.com
http://patch-dev.verily.com
http://patch-staging.verily.com
http://patch.verily.com
http://pc-lab-data-dev.api.verily.com
http://platform-eng-dev-karissa-test-misc-services.api.verily.com
http://platform-eng-dev-test-node-gql-misc-services.api.verily.com
http://platform-eng-dev-test-react-misc-services.api.verily.com
http://platform-eng-react-service.api.verily.com
http://plato.verily.com
http://policy-bot-dev3.api.verily.com
http://policy-bot-dev.api.verily.com
http://policy-bot-staging.api.verily.com
http://prm.api.verily.com
http://publichealth.verily.com
http://python-service-dev.api.verily.com
http://quarter-virus.verily.com
http://quick-heal-antivirus-pro-16.en.verily.com
http://react-20211118.api.verily.com
http://react-graphql-test2.api.verily.com
http://redox-dev.api.verily.com
http://redox-prod.api.verily.com
http://redox-staging.api.verily.com
http://removeviruswithease.verily.com
http://repo-watch-fixer.api.verily.com
http://repo-watch-fixer-dev.api.verily.com
http://repo-watch-fixer-staging.api.verily.com
http://respiratory-research.verily.com
http://respiratorysystemsinfo.verily.com
http://respiratorytherapycave.verily.com
http://respiratory.verily.com
http://reviewnb.api.verily.com
http://reviewnb-webhooks.api.verily.com
https://20.verily.com
https://360-security-antivirus-free.it.verily.com
https://818-v-ironmask.verily.com
https://abra-labeling.api.verily.com
https://abra-labeling-demo.api.verily.com
https://abra-labeling-dev.api.verily.com
https://abra-labeling-dev-ehr-viewer-abra-labeling.api.verily.com
https://abra-labeling-dev-labeler-backend-abra-labeling.api.verily.com
https://abra-labeling-dev-scheduler-flask-abra-labeling.api.verily.com
https://agway-dev-dynamo-https.api.verily.com
https://akuariummaskoki.verily.com
https://amir-antivirus.verily.com
http://samstentz-https.api.verily.com
https://analytics-staging-dynamo.api.verily.com
https://anonymousmask.verily.com
https://antivirus-2018.verily.com
https://antivirus-38b65.verily.com
https://antivirus-extension.verily.com
https://antivirus-for-all.verily.com
https://antivirus-free.verily.com
https://antivirus-security-free.br.verily.com
https://antivirus-security-free.verily.com
https://antivirus.verily.com
https://api.helix-pilot.verily.com
https://api.helix.verily.com
http://sapporovaccine.verily.com
https://aquarium-dev.api.verily.com
https://aquarium-eng.api.verily.com
https://aquarium-staging.api.verily.com
https://aquarium-study.api.verily.com
https://arda-camera-dev-aquarium-cluster2.api.verily.com
https://arda-camera-dev-aquarium-cluster.api.verily.com
https://arda-camera-dev-credential-api-cluster.api.verily.com
https://arda-camera-dev-flask-bazel-example-cluster.api.verily.com
https://arda-camera-staging-aquarium-aquarium-cluster.api.verily.com
https://argentinasinvacunas.verily.com
https://atlantis-life.api.verily.com
https://atlantis-trailblazer.api.verily.com
https://auth.healthy-dev.verily.com
https://auth.healthy-staging2.verily.com
https://auth.healthy-staging.verily.com
https://auth.healthy.verily.com
https://auth.helix-pilot.verily.com
https://auth.helix.verily.com
https://avast-premier-antivirus.en.verily.com
https://avg-antivirus-free.en.verily.com
https://avg-anti-virus-free.it.verily.com
https://avg-antivirus-free.verily.com
https://avira-free-antivirus.en.verily.com
https://avira-free-antivirus.fr.verily.com
https://avira-free-antivirus.it.verily.com
https://avira-free-antivirus.ko.verily.com
https://avira-free-antivirus.verily.com
https://avira-free-antivirus.vi.verily.com
https://baidu-antivirus.en.verily.com
https://baidu_antivirus.th.verily.com
https://beagle-fusion.api.verily.com
https://beagle-fusion-dev.api.verily.com
https://beaglefusiondev.api.verily.com
https://beagle-fusion.verily.com
https://bfdev2.api.verily.com
https://bf-dev-two.api.verily.com
https://blog.verily.com
https://bokepcorona.verily.com
https://br.verily.com
https://buatmaskerwajah.verily.com
https://bucket-browser.api.verily.com
https://bucket-browser-dev.api.verily.com
https://bukatopengmu07.verily.com
https://buy-antivirus-uk.verily.com
https://cekvirus.verily.com
https://cloud.verily.com
https://cocovida.verily.com
https://coronanachrichten.verily.com
https://coronarenderer.verily.com
https://coronasdk.verily.com
https://corona.verily.com
https://corputh.hecorplthy-dev.verily.com
https://covid19.verily.com
https://datafoundation-airflow-dev.api.verily.com
https://dbt-cloud-dev.api.verily.com
https://dbt.verily.com
https://detenganlavacuna.verily.com
https://dev.cloud.verily.com
https://devices-fleet-monitor-dev.api.verily.com
https://dev.lab-results.verily.com
https://dev.plato.verily.com
https://dev.retinal.verily.com
https://dev-tech-talk.api.verily.com
https://digital-pathology-lumea-inference-dev.api.verily.com
https://di-grafana-dev.api.verily.com
https://di-grafana-prod.api.verily.com
https://distanceeducation.verily.com
https://distance-ed.verily.com
https://donvirus.verily.com
https://dramaskfan.verily.com
https://dr-web-anti-virus-light-free.br.verily.com
https://ebsbokepcorona.verily.com
https://ebscovideos.verily.com
https://ecdc.verily.com
https://enengine.verily.com
http://senitopeng.verily.com
http://sensorsuite.api.verily.com
http://sensorsuite-autopush.api.verily.com
http://sensorsuite-preprod.api.verily.com
https://en.verily.com
http://service-route-demo.api.verily.com
https://escan-anti-virus.en.verily.com
https://eset_nod32_antivirus.hu.verily.com
https://eset-nod32-antivirus.it.verily.com
https://eset-nod32-antivirus.th.verily.com
https://eset_nod32_antivirus.tr.verily.com
https://eset-nod32-antivirus.tr.verily.com
https://eset-nod32-antivirus.verily.com
https://foodvaccine.verily.com
https://fr.verily.com
https://ghostfacemask.verily.com
https://ghsync.api.verily.com
https://ghsync-dev.api.verily.com
https://ghsync-staging.api.verily.com
https://gothedistance.verily.com
https://go.verily.com
https://gradle-enterprise-prod-helm-cluster.api.verily.com
https://granular-uw-dev-rater-fe-cluster.api.verily.com
https://granular-uw-hackathon-orchest-rater-cluster.api.verily.com
https://granular-uw-hackathon-rater-fe-cluster.api.verily.com
https://grudge-pandemic.verily.com
http://share.verily.com
https://healthy-dash.verily.com
https://healthy-dev.verily.com
https://healthy-staging2.verily.com
https://healthy-staging.verily.com
https://healthy.verily.com
https://helix-pilot.verily.com
https://helix.verily.com
https://helpstopthevirus.verily.com
https://help.verily.com
https://highmark-nba-dev-core-engine-dev-gke.api.verily.com
http://shortcut-virus-remover.software.verily.com
https://hu.verily.com
http://sid-dev.api.verily.com
http://sid-eng.api.verily.com
http://sid-staging.api.verily.com
http://sid-study.api.verily.com
https://infectionprevention.verily.com
https://infections.verily.com
https://interferon.verily.com
https://it.verily.com
https://kaspersky-anti-virus.en.verily.com
https://kaspersky-free-antivirus.en.verily.com
https://koronaii.verily.com
https://korona-na-monetach.verily.com
https://ko.verily.com
https://labelstudio-dev2.api.verily.com
https://labelstudio-dev.api.verily.com
https://lab-results.verily.com
https://lacouronne.verily.com
http://sleepmask.verily.com
https://linebinevaskemaskine.verily.com
https://lp.verily.com
https://mabinogi.verily.com
http://smadav-antivirus-2016.en.verily.com
https://mamaskruemel.verily.com
https://mascara-tutankhamon-microsite.verily.com
https://mascara.verily.com
https://maskedfp.verily.com
https://maskedrider.verily.com
https://maskepphajhosszabbitas.verily.com
https://maskingbodysuits.verily.com
https://maskingcentral.verily.com
https://maskman626.verily.com
https://maskofgoblin.verily.com
https://maskomuter.verily.com
https://maskrtnici.verily.com
https://mask.verily.com
https://mcafee-antivirus-plus.en.verily.com
https://mcafee-antivirus-plus.verily.com
https://melhor-antivirus.br.verily.com
https://messy.verily.com
https://metamask.verily.com
https://middle-distance-classic.verily.com
https://monitoring-app-dev.api.verily.com
https://m.sapporovaccine.verily.com
https://muhunupothamuluthange.verily.com
https://ng-helm-manifest-democluster.api.verily.com
https://nicovideo.verily.com
https://nonprod-validic-sensorsuite.api.verily.com
https://norovirus.verily.com
https://norton_antivirus.en.verily.com
https://norton-antivirus.en.verily.com
https://norton-antivirus.verily.com
https://oayo.verily.com
http://software.verily.com
https://onduo-demo-console.api.verily.com
https://onduo-demo-mobile-api-gateway.api.verily.com
https://onduo-dev-mobile-api-gateway.api.verily.com
https://onduo-dev-mobile-api-gateway-default-cluster.api.verily.com
https://onduo-playground-admin-frontend-webserver.api.verily.com
https://onduo-playground-care-api-gateway.api.verily.com
https://onduo-playground-care-hub-webserver.api.verily.com
https://onduo-playground-mobile-api-gateway.api.verily.com
https://onduo-prod-mobile-api-gateway.api.verily.com
https://onduo-qa-express-mobile-api-gateway.api.verily.com
https://onduo-qa-milestone-mobile-api-gateway.api.verily.com
https://onduo-qa-summative-mobile-api-gateway.api.verily.com
https://onduo-shared-frontend-dev.api.verily.com
https://osa-app-preprod.verily.com
https://osa-app-staging.verily.com
https://osa-app.verily.com
http://sourcegraph.api.verily.com
http://sourcegraph-dev.api.verily.com
http://sourcegraph-staging.api.verily.com
https://painel.antivirus.verily.com
https://panda-free-antivirus.en.verily.com
https://panda-free-antivirus.it.verily.com
https://patch-dev.verily.com
https://patch-staging.verily.com
https://patch.verily.com
https://pc-lab-data-dev.api.verily.com
https://platform-eng-dev-karissa-test-misc-services.api.verily.com
https://platform-eng-dev-test-node-gql-misc-services.api.verily.com
https://platform-eng-dev-test-react-misc-services.api.verily.com
https://platform-eng-react-service.api.verily.com
https://plato.verily.com
https://policy-bot-dev3.api.verily.com
https://policy-bot-dev.api.verily.com
https://policy-bot-staging.api.verily.com
https://portal-autopush-sensorsuite.api.verily.com
https://prm.api.verily.com
https://publichealth.verily.com
https://python-service-dev.api.verily.com
https://quarter-virus.verily.com
https://quick-heal-antivirus-pro-16.en.verily.com
https://react-20211118.api.verily.com
https://react-graphql-test2.api.verily.com
https://redox-dev.api.verily.com
https://redox-prod.api.verily.com
https://redox-staging.api.verily.com
https://removeviruswithease.verily.com
https://repo-watch-fixer.api.verily.com
https://repo-watch-fixer-dev.api.verily.com
https://repo-watch-fixer-staging.api.verily.com
https://respiratory-research.verily.com
https://respiratorysystemsinfo.verily.com
https://respiratorytherapycave.verily.com
https://respiratory.verily.com
https://reviewnb.api.verily.com
https://reviewnb-webhooks.api.verily.com
https://samstentz-https.api.verily.com
https://sapporovaccine.verily.com
https://senitopeng.verily.com
https://sensorsuite.api.verily.com
https://sensorsuite-autopush.api.verily.com
https://sensorsuite-preprod.api.verily.com
https://service-route-demo.api.verily.com
https://share.verily.com
https://shortcut-virus-remover.software.verily.com
https://sid-dev.api.verily.com
https://sid-eng.api.verily.com
https://sid-staging.api.verily.com
https://sid-study.api.verily.com
https://sleepmask.verily.com
https://smadav-antivirus-2016.en.verily.com
https://software.verily.com
https://sourcegraph.api.verily.com
https://sourcegraph-dev.api.verily.com
https://sourcegraph-staging.api.verily.com
https://staging.cloud.verily.com
https://staging.engine1.yql.sp2.verily.com
https://staging.plato.verily.com
https://staging-tech-talk.api.verily.com
https://stargazer-prm-admin-dev.api.verily.com
https://stargazer-prm-autopush.api.verily.com
https://stargazer-prm-autopush-web.api.verily.com
https://stargazer-prm-dev-admin-console-backend-cluster.api.verily.com
https://stargazer-prm-dev.api.verily.com
https://stargazer-prm-dev-checkin-backend-cluster.api.verily.com
https://stargazer-prm-dev-cloudsql-proxy-cluster.api.verily.com
https://stargazer-prm-dev-ehr-integration.api.verily.com
https://stargazer-prm-dev-ehr-web-cluster.api.verily.com
https://stargazer-prm-dev-embedded-dev-test-harness.api.verily.com
https://stargazer-prm-dev-embedded-test-harness.api.verily.com
https://stargazer-prm-dev-iac.api.verily.com
https://stargazer-prm-dev-iac-backend.api.verily.com
https://stargazer-prm-dev-internal-admin-console.api.verily.com
https://stargazer-prm-dev-pgadmin4-cluster.api.verily.com
https://stargazer-prm-dev-teleretinal-service.api.verily.com
https://stargazer-prm-dev-teleretinal-service-cluster.api.verily.com
https://stargazer-prm-single-spa-prototype-dev.api.verily.com
https://stargazer-prm-staging.api.verily.com
https://stargazer-prm-staging-embedded-test-harness.api.verily.com
https://stargazer-prm-staging-web.api.verily.com
https://stargazer-prm-study.api.verily.com
https://stargazer-prm-study-checkin-backend.api.verily.com
https://stargazer-prm-study-embedded-test-harness.api.verily.com
https://studyhub-autopush-sensorsuite.api.verily.com
https://studyhub-dev-sensorsuite.api.verily.com
https://studyhub-preprod-sensorsuite.api.verily.com
https://studyhub-prod-sensorsuite.api.verily.com
https://studyhub-staging-sensorsuite.api.verily.com
https://support.verily.com
http://staging.cloud.verily.com
http://staging.engine1.yql.sp2.verily.com
http://staging.plato.verily.com
http://staging-tech-talk.api.verily.com
https://tanagra-test.api.verily.com
http://stargazer-prm-admin-dev.api.verily.com
http://stargazer-prm-autopush.api.verily.com
http://stargazer-prm-autopush-web.api.verily.com
http://stargazer-prm-dev-admin-console-backend-cluster.api.verily.com
http://stargazer-prm-dev.api.verily.com
http://stargazer-prm-dev-checkin-backend-cluster.api.verily.com
http://stargazer-prm-dev-cloudsql-proxy-cluster.api.verily.com
http://stargazer-prm-dev-ehr-integration.api.verily.com
http://stargazer-prm-dev-ehr-web-cluster.api.verily.com
http://stargazer-prm-dev-embedded-dev-test-harness.api.verily.com
http://stargazer-prm-dev-embedded-test-harness.api.verily.com
http://stargazer-prm-dev-iac.api.verily.com
http://stargazer-prm-dev-iac-backend.api.verily.com
http://stargazer-prm-dev-internal-admin-console.api.verily.com
http://stargazer-prm-dev-pgadmin4-cluster.api.verily.com
http://stargazer-prm-dev-teleretinal-service.api.verily.com
http://stargazer-prm-dev-teleretinal-service-cluster.api.verily.com
http://stargazer-prm-single-spa-prototype-dev.api.verily.com
http://stargazer-prm-staging-web.api.verily.com
http://stargazer-prm-study.api.verily.com
http://stargazer-prm-study-checkin-backend.api.verily.com
http://stargazer-prm-study-embedded-test-harness.api.verily.com
https://teekaewpreecha2555.verily.com
https://terra-autopush-ecm.api.verily.com
https://terra-autopush-sam.api.verily.com
https://terra-autopush-ui-terra.api.verily.com
https://terra-autopush-wsm.api.verily.com
https://terra-devel-ecm.api.verily.com
https://terra-devel-externalcreds-manager.api.verily.com
https://terra-devel-rbs.api.verily.com
https://terra-devel-sam.api.verily.com
https://terra-devel-ui-terra.api.verily.com
https://terra-devel-wsm.api.verily.com
https://terra-ecm.api.verily.com
https://terra-preprod-ecm.api.verily.com
https://terra-preprod-sam.api.verily.com
https://terra-preprod-sam-terra.api.verily.com
https://terra-preprod-ui-terra.api.verily.com
https://terra-preprod-wsm.api.verily.com
https://terra-sam.api.verily.com
https://terra-staging-ecm.api.verily.com
https://terra-staging-sam.api.verily.com
https://terra-staging-ui-terra.api.verily.com
https://terra-staging-wsm.api.verily.com
https://terra-ui-terra.api.verily.com
https://terra.verily.com
https://terra-wsm.api.verily.com
https://themaskedmoron.verily.com
https://the-mask.verily.com
https://thevaccinesuk.verily.com
https://th.verily.com
https://tolakviruss.verily.com
https://toltoallomaskereso.verily.com
https://torimaskepp.verily.com
https://totalav-essential-antivirus.fr.verily.com
https://totalav-essential-antivirus.verily.com
https://tr.verily.com
http://studyhub-autopush-sensorsuite.api.verily.com
http://studyhub-dev-sensorsuite.api.verily.com
http://studyhub-preprod-sensorsuite.api.verily.com
http://studyhub-prod-sensorsuite.api.verily.com
http://studyhub-staging-sensorsuite.api.verily.com
https://uniformy-a-maskace.verily.com
https://unverified-forwarding.verily.com
http://support.verily.com
https://v3doc.api.verily.com
https://v3doc-gke.api.verily.com
https://vaccine-bc-huang.verily.com
https://vaccine-schedule.ecdc.verily.com
https://vaccines.verily.com
https://vaccine.verily.com
https://vaccin-voyage-ghparis10.verily.com
https://vacunatorio.verily.com
https://validic-sensorsuite.api.verily.com
https://value-suite-cpe-autopush.api.verily.com
https://value-suite-cpe-dev.api.verily.com
https://value-suite-cpe-staging.api.verily.com
https://value-suite-dev-oi-fe-server-vvs-gke-dev.api.verily.com
https://value-suite-dev-pje-fe-client-vvs-gke-dev.api.verily.com
https://value-suite-oi-autopush.api.verily.com
https://value-suite-oi-dev.api.verily.com
https://value-suite-oi-emory-preprod.api.verily.com
https://value-suite-oi-emory-prod.api.verily.com
https://value-suite-oi-fe-dev.api.verily.com
https://value-suite-oi-fe-server-dev.api.verily.com
https://value-suite-oi-staging.api.verily.com
https://value-suite-pje-autopush.api.verily.com
https://value-suite-pje-dev.api.verily.com
https://vampiros-a-mascara.verily.com
https://vc-react.api.verily.com
https://vc-releases-dra-dev-demo-release-20210802.api.verily.com
https://vc-releases-dra-staging-demo-release20210318rc2.api.verily.com
https://vendor-portal.verily.com
https://verily.com
https://verily-datascience-dev3-policy-bot-cluster.api.verily.com
https://verily-datascience-test-flask-service.api.verily.com
https://verily-eng-edu-alexlaurin-ai-alexlaurin.api.verily.com
https://verily-eng-edu-carusom-ai-carusom-http-cluster.api.verily.com
https://verily-eng-edu-frankf-ai-frankf-http-cluster.api.verily.com
https://verily-eng-edu-limuxiao-ai-2-limuxiao.api.verily.com
https://verily-eng-edu-lixzhang-dev-lixzhang-a-cluster.api.verily.com
https://verily-eng-edu-lixzhang-mysql-lixzhang-g-cluster.api.verily.com
https://verily-eng-edu-lixzhang-mysql-lixzhang-r-cluster.api.verily.com
https://verily-eng-edu-lixzhang-sql-lixzhang-g-cluster.api.verily.com
https://verily-eng-edu-lixzhang-sql-lixzhang-r-cluster.api.verily.com
https://verily-eng-edu-lixzhang-sql-lixzhang-sql-cluster.api.verily.com
https://verily-eng-edu-ss-http.api.verily.com
https://verilygroups-test.api.verily.com
https://verily-plato-demos-dev-demo-ng-democluster.api.verily.com
https://verily-plato-demos-dev-monorepo1-democluster.api.verily.com
https://verily-plato-demos-dev-monorepo-democluster.api.verily.com
https://verily-plato-demos-dev-ng-20211014-democluster.api.verily.com
https://verily-plato-demos-react-20211118.api.verily.com
https://verily-plato-demos-staging-demo-ng-democluster.api.verily.com
https://verily-plato-demos-stg-ng-20211014-democluster.api.verily.com
https://verily-tanagra-dev-ui-cluster.api.verily.com
https://vhp-assessment-engine-dev-be-server-cluster.api.verily.com
https://vhp-assessment-engine-dev-fe-client-cluster.api.verily.com
https://vhp-enrollment-ahernsdorf-ai-ahernsdorf.api.verily.com
https://vhp-enrollment-dev-fe-client-cluster.api.verily.com
https://vhp-trisotech.api.verily.com
https://vhp-trisotech-dev.api.verily.com
https://vhp-workflows-dev-chxx-trisotech.api.verily.com
https://vhp-workflows-dev-trisotech.api.verily.com
https://virus0826.verily.com
https://virus-20.verily.com
https://virusdesk.verily.com
https://virusirto.verily.com
https://viruslex.verily.com
https://virusscan.verily.com
https://virus.verily.com
https://viruswriter.verily.com
https://vi.verily.com
https://vph-autopush.api.verily.com
https://vph-staging.api.verily.com
https://vrc-prm.api.verily.com
https://walkingmask.verily.com
https://ww2.verily.com
https://www.thiswebsitedoesnotexist.verily.com
https://www.verily.com
https://www.vuecli.verily.com
https://www.yoda.verily.com
https://yellowfevervaccine.verily.com
http://tanagra-test.api.verily.com
http://teekaewpreecha2555.verily.com
http://terra-autopush-ecm.api.verily.com
http://terra-autopush-sam.api.verily.com
http://terra-autopush-ui-terra.api.verily.com
http://terra-autopush-wsm.api.verily.com
http://terra-devel-ecm.api.verily.com
http://terra-devel-externalcreds-manager.api.verily.com
http://terra-devel-rbs.api.verily.com
http://terra-devel-sam.api.verily.com
http://terra-devel-ui-terra.api.verily.com
http://terra-devel-wsm.api.verily.com
http://terra-preprod-ecm.api.verily.com
http://terra-preprod-sam.api.verily.com
http://terra-preprod-sam-terra.api.verily.com
http://terra-preprod-ui-terra.api.verily.com
http://terra-preprod-wsm.api.verily.com
http://terra-staging-ecm.api.verily.com
http://terra-staging-sam.api.verily.com
http://terra-staging-ui-terra.api.verily.com
http://terra-staging-wsm.api.verily.com
http://themaskedmoron.verily.com
http://the-mask.verily.com
http://thevaccinesuk.verily.com
http://th.verily.com
http://tolakviruss.verily.com
http://toltoallomaskereso.verily.com
http://torimaskepp.verily.com
http://totalav-essential-antivirus.fr.verily.com
http://totalav-essential-antivirus.verily.com
http://tr.verily.com
http://uniformy-a-maskace.verily.com
http://unverified-forwarding.verily.com
http://v3doc-gke.api.verily.com
http://vaccine-bc-huang.verily.com
http://vaccine-schedule.ecdc.verily.com
http://vaccines.verily.com
http://vaccine.verily.com
http://vaccin-voyage-ghparis10.verily.com
http://vacunatorio.verily.com
http://value-suite-cpe-autopush.api.verily.com
http://value-suite-cpe-dev.api.verily.com
http://value-suite-cpe-staging.api.verily.com
http://value-suite-dev-oi-fe-server-vvs-gke-dev.api.verily.com
http://value-suite-dev-pje-fe-client-vvs-gke-dev.api.verily.com
http://value-suite-oi-autopush.api.verily.com
http://value-suite-oi-dev.api.verily.com
http://value-suite-oi-emory-prod.api.verily.com
http://value-suite-oi-fe-dev.api.verily.com
http://value-suite-oi-fe-server-dev.api.verily.com
http://value-suite-oi-staging.api.verily.com
http://value-suite-pje-autopush.api.verily.com
http://value-suite-pje-dev.api.verily.com
http://vampiros-a-mascara.verily.com
http://vc-react.api.verily.com
http://vc-releases-dra-dev-demo-release-20210802.api.verily.com
http://vc-releases-dra-staging-demo-release20210318rc2.api.verily.com
http://vendor-portal.verily.com
http://verily.com
http://verily-datascience-dev3-policy-bot-cluster.api.verily.com
http://verily-datascience-test-flask-service.api.verily.com
http://verily-eng-edu-alexlaurin-ai-alexlaurin.api.verily.com
http://verily-eng-edu-carusom-ai-carusom-http-cluster.api.verily.com
http://verily-eng-edu-daron-ai-daronmcintosh.api.verily.com
http://verily-eng-edu-frankf-ai-frankf-http-cluster.api.verily.com
http://verily-eng-edu-limuxiao-ai-2-limuxiao.api.verily.com
http://verily-eng-edu-lixzhang-dev-lixzhang-a-cluster.api.verily.com
http://verily-eng-edu-lixzhang-mysql-lixzhang-g-cluster.api.verily.com
http://verily-eng-edu-lixzhang-mysql-lixzhang-r-cluster.api.verily.com
http://verily-eng-edu-lixzhang-sql-lixzhang-g-cluster.api.verily.com
http://verily-eng-edu-lixzhang-sql-lixzhang-r-cluster.api.verily.com
http://verily-eng-edu-lixzhang-sql-lixzhang-sql-cluster.api.verily.com
http://verily-eng-edu-ss-http.api.verily.com
http://verilygroups-test.api.verily.com
http://verily-plato-demos-dev-demo-ng-democluster.api.verily.com
http://verily-plato-demos-dev-monorepo1-democluster.api.verily.com
http://verily-plato-demos-dev-monorepo-democluster.api.verily.com
http://verily-plato-demos-dev-ng-20211014-democluster.api.verily.com
http://verily-plato-demos-react-20211118.api.verily.com
http://verily-plato-demos-staging-demo-ng-democluster.api.verily.com
http://verily-plato-demos-stg-ng-20211014-democluster.api.verily.com
http://verily-tanagra-dev-ui-cluster.api.verily.com
http://vhp-assessment-engine-dev-be-server-cluster.api.verily.com
http://vhp-assessment-engine-dev-fe-client-cluster.api.verily.com
http://vhp-enrollment-ahernsdorf-ai-ahernsdorf.api.verily.com
http://vhp-enrollment-dev-fe-client-cluster.api.verily.com
http://vhp-trisotech.api.verily.com
http://vhp-trisotech-dev.api.verily.com
http://vhp-workflows-dev-chxx-trisotech.api.verily.com
http://vhp-workflows-dev-trisotech.api.verily.com
http://virus0826.verily.com
http://virus-20.verily.com
http://virusdesk.verily.com
http://virusirto.verily.com
http://viruslex.verily.com
http://virusscan.verily.com
http://virus.verily.com
http://viruswriter.verily.com
http://vi.verily.com
http://vph-autopush.api.verily.com
http://vph-staging.api.verily.com
http://vrc-prm.api.verily.com
http://walkingmask.verily.com
http://ww2.verily.com
http://www.thiswebsitedoesnotexist.verily.com
http://www.verily.com
http://www.vuecli.verily.com
http://www.yoda.verily.com
http://yellowfevervaccine.verily.com
