https://api.aips-services.com [200] [GET] [text/html] [] [openresty] [vhost] [Nginx,OpenResty] [2bfc7a0868d10939c8690a66459a2a74]
https://api.aips-services.com [200] [GET] [text/html] [] [openresty] [vhost] [Nginx,OpenResty] [708e32b02cb483bf294bbf69c8b893a6]
https://dev.aips-services.com [200] [GET] [text/html] [] [openresty] [vhost] [Nginx,OpenResty] [ade33439309c9a5cae9acd219f8238ed]
https://dev.aips-services.com [200] [GET] [text/html] [] [openresty] [vhost] [Nginx,OpenResty] [d766d5b9cb07ca983e778540bd8f0fd1]
https://dev-grafana.aips-services.com [200] [GET] [text/html] [] [openresty] [vhost] [Nginx,OpenResty] [59ba6fd301255c32d7ee153ab6ffd6c6]
https://dev-grafana.aips-services.com [200] [GET] [text/html] [] [openresty] [vhost] [Nginx,OpenResty] [9b377587786b7a5822b6c0bbadde26fe]
https://dev-kibana.aips-services.com [200] [GET] [text/html] [] [openresty] [vhost] [Nginx,OpenResty] [81a95397ca35d8a86fb2f11c8cb83391]
https://dev-kibana.aips-services.com [200] [GET] [text/html] [] [openresty] [vhost] [Nginx,OpenResty] [e34710e78485246de6a04d57856835e9]
https://dev-polaris.aips-services.com [200] [GET] [text/html] [] [openresty] [Nginx,OpenResty] [f7cb1a345b9d94bc019910c2a9b6a253]
https://dev-polaris.aips-services.com [200] [GET] [text/html] [] [openresty] [vhost] [Nginx,OpenResty] [948bd95105b8a71a8c79b7aa0f05817a]
https://dev-prometheus.aips-services.com [200] [GET] [text/html] [] [openresty] [vhost] [Nginx,OpenResty] [32595a6d9598c17020e8a2e48e349451]
https://dev-prometheus.aips-services.com [200] [GET] [text/html] [] [openresty] [vhost] [Nginx,OpenResty] [53d53f21d8391b905514267b7a283e83]
https://dev-services.aips-services.com [200] [GET] [text/html] [] [openresty] [vhost] [Nginx,OpenResty] [55f1b323ddbca842956fb7926822e963]
https://dev-services.aips-services.com [200] [GET] [text/html] [] [openresty] [vhost] [Nginx,OpenResty] [fb711ef5dc7ec494743bd414f7aa31cf]
https://dev-supercluster.aips-services.com [200] [GET] [text/html] [] [openresty] [vhost] [Nginx,OpenResty] [c5a58df377a7c4f0a3e3c65aa765bfa6]
https://dev-supercluster.aips-services.com [200] [GET] [text/html] [] [openresty] [vhost] [Nginx,OpenResty] [ebd5949e67861d19d3b889deebcd18bc]
https://dev-v19-grafana.aips-services.com [200] [GET] [text/html] [] [openresty] [vhost] [Nginx,OpenResty] [4115e7ad8c0415ad881c0323e753b7ea]
https://dev-v19-grafana.aips-services.com [200] [GET] [text/html] [] [openresty] [vhost] [Nginx,OpenResty] [46c75f931a1c0c9f39421a14483d6e9d]
https://dev-v19-kibana.aips-services.com [200] [GET] [text/html] [] [openresty] [vhost] [Nginx,OpenResty] [50301986a1567c2d60661282df802cb7]
https://dev-v19-kibana.aips-services.com [200] [GET] [text/html] [] [openresty] [vhost] [Nginx,OpenResty] [7e365a30f3a1fc5dde75bab3e99a850d]
https://dev-v19-polaris.aips-services.com [200] [GET] [text/html] [] [openresty] [vhost] [Nginx,OpenResty] [a1069a83d7fedf4b6c1d8e1af7f03fa3]
https://dev-v19-polaris.aips-services.com [200] [GET] [text/html] [] [openresty] [vhost] [Nginx,OpenResty] [df79ef3186b2dec4c45c4afc24bb2f68]
https://dev-v19-prometheus.aips-services.com [200] [GET] [text/html] [] [openresty] [Nginx,OpenResty] [b9eadcb54e6dded80512f3336abec2d8]
https://dev-v19-prometheus.aips-services.com [200] [GET] [text/html] [] [openresty] [vhost] [Nginx,OpenResty] [55fb15b60db6fc35dcf28d0dbe3581b0]
https://dev-v19-services.aips-services.com [200] [GET] [text/html] [] [openresty] [vhost] [Nginx,OpenResty] [721979077ea35c2b79242246609b1ccd]
https://dev-v19-services.aips-services.com [200] [GET] [text/html] [] [openresty] [vhost] [Nginx,OpenResty] [d2f8a00e10c8a2ced5a865de605bf846]
https://prod.aips-services.com [200] [GET] [text/html] [] [openresty] [vhost] [Nginx,OpenResty] [1947c20185301d78345c7db836e18f84]
https://prod.aips-services.com [200] [GET] [text/html] [] [openresty] [vhost] [Nginx,OpenResty] [f4614cec5cc8524d2035632151a01384]
https://prod-au-grafana.aips-services.com [200] [GET] [text/html] [] [openresty] [vhost] [Nginx,OpenResty] [0f9b11fbd1d18c1e4c811a72c3e96e96]
https://prod-au-grafana.aips-services.com [200] [GET] [text/html] [] [openresty] [vhost] [Nginx,OpenResty] [777388f4a5b2b4bc351a227eeb37bdc0]
https://prod-au-kibana.aips-services.com [200] [GET] [text/html] [] [openresty] [vhost] [Nginx,OpenResty] [aa418e6278c4227d415a136f9121746e]
https://prod-au-kibana.aips-services.com [200] [GET] [text/html] [] [openresty] [vhost] [Nginx,OpenResty] [fe900cc6f13f9e3189bfb61bd9f470eb]
https://prod-au-polaris.aips-services.com [200] [GET] [text/html] [] [openresty] [vhost] [Nginx,OpenResty] [6f13dd664c3a38ba08bf8e0c8e10e334]
https://prod-au-polaris.aips-services.com [200] [GET] [text/html] [] [openresty] [vhost] [Nginx,OpenResty] [a0a242deed3f198c2240529af15fe497]
https://prod-au-prometheus.aips-services.com [200] [GET] [text/html] [] [openresty] [vhost] [Nginx,OpenResty] [559fed864e970638f730d70c3d8dea31]
https://prod-au-prometheus.aips-services.com [200] [GET] [text/html] [] [openresty] [vhost] [Nginx,OpenResty] [5a2557abaa60aaa6539407b4a4c4f383]
https://prod-au-services.aips-services.com [200] [GET] [text/html] [] [openresty] [Nginx,OpenResty] [1071c6574e4bac5464ef0a5dacf6c7cb]
https://prod-au-services.aips-services.com [200] [GET] [text/html] [] [openresty] [vhost] [Nginx,OpenResty] [b6693d0d84f233feeffb6ecf4ac6dbbf]
https://prod-au-v15-grafana.aips-services.com [200] [GET] [text/html] [] [openresty] [Nginx,OpenResty] [91f0b9c5990a9df03f3e489055e03c5d]
https://prod-au-v15-grafana.aips-services.com [200] [GET] [text/html] [] [openresty] [vhost] [Nginx,OpenResty] [f4bd27ede7e55b94d4f2b424ab81afde]
https://prod-au-v15-kibana.aips-services.com [200] [GET] [text/html] [] [openresty] [Nginx,OpenResty] [9a852b52c917356e327741d04471c654]
https://prod-au-v15-kibana.aips-services.com [200] [GET] [text/html] [] [openresty] [vhost] [Nginx,OpenResty] [7222e30f85149c6b0a959e06d1150b91]
https://prod-au-v15-polaris.aips-services.com [200] [GET] [text/html] [] [openresty] [vhost] [Nginx,OpenResty] [1bc2186313e4e4497a8d066223235e41]
https://prod-au-v15-polaris.aips-services.com [200] [GET] [text/html] [] [openresty] [vhost] [Nginx,OpenResty] [b3b08622b2e0629010c3be0f7123972f]
https://prod-au-v15-prometheus.aips-services.com [200] [GET] [text/html] [] [openresty] [vhost] [Nginx,OpenResty] [00dad63cc05d4285b04ed50c63fcf7b1]
https://prod-au-v15-prometheus.aips-services.com [200] [GET] [text/html] [] [openresty] [vhost] [Nginx,OpenResty] [4c50a0de53954f09bab27105595eda64]
https://prod-au-v15-services.aips-services.com [200] [GET] [text/html] [] [openresty] [Nginx,OpenResty] [1e1ed7d7a81a6a5008f6250e91be24fe]
https://prod-au-v15-services.aips-services.com [200] [GET] [text/html] [] [openresty] [vhost] [Nginx,OpenResty] [e1eb459cb88d7beead1cf10b28dc4a80]
https://prod-sg-grafana.aips-services.com [200] [GET] [text/html] [] [openresty] [Nginx,OpenResty] [c3889e7adbe718206f6eea34c9ca7d45]
https://prod-sg-grafana.aips-services.com [200] [GET] [text/html] [] [openresty] [vhost] [Nginx,OpenResty] [3c3c2f502d729a50863d23f7b2be1ead]
https://prod-sg-kibana.aips-services.com [200] [GET] [text/html] [] [openresty] [vhost] [Nginx,OpenResty] [7d532d4891e52a5c766a54db045224be]
https://prod-sg-kibana.aips-services.com [200] [GET] [text/html] [] [openresty] [vhost] [Nginx,OpenResty] [bd444d03b9de554a22b97849d7bc882d]
https://prod-sg-polaris.aips-services.com [200] [GET] [text/html] [] [openresty] [vhost] [Nginx,OpenResty] [71880efdb639e5f63dcf401f0b6b21aa]
https://prod-sg-polaris.aips-services.com [200] [GET] [text/html] [] [openresty] [vhost] [Nginx,OpenResty] [f710cf4aa1271be97ec36aa6dd7ee664]
https://prod-sg-prometheus.aips-services.com [200] [GET] [text/html] [] [openresty] [vhost] [Nginx,OpenResty] [b77fc523234ecd67818dd2e6652b75c4]
https://prod-sg-prometheus.aips-services.com [200] [GET] [text/html] [] [openresty] [vhost] [Nginx,OpenResty] [c78ac30814f5455078373481cc75e8bf]
https://prod-sg-services.aips-services.com [200] [GET] [text/html] [] [openresty] [Nginx,OpenResty] [e6775d38e71ef8348782285ef76412f3]
https://prod-sg-services.aips-services.com [200] [GET] [text/html] [] [openresty] [vhost] [Nginx,OpenResty] [0be4064efeba23973e7e8891b76b0657]
https://prod-sg-v15-grafana.aips-services.com [200] [GET] [text/html] [] [openresty] [vhost] [Nginx,OpenResty] [68cee34bed5d8fc0ffcb9690f939e3ca]
https://prod-sg-v15-grafana.aips-services.com [200] [GET] [text/html] [] [openresty] [vhost] [Nginx,OpenResty] [b94b8d2df34ee6be4084b85720bf2bc2]
https://prod-sg-v15-kibana.aips-services.com [200] [GET] [text/html] [] [openresty] [vhost] [Nginx,OpenResty] [1eb8d9e3cd1f76f09ce45cac95e7be6a]
https://prod-sg-v15-kibana.aips-services.com [200] [GET] [text/html] [] [openresty] [vhost] [Nginx,OpenResty] [aac2ef2650b10fec649db1732bab9715]
https://prod-sg-v15-polaris.aips-services.com [200] [GET] [text/html] [] [openresty] [vhost] [Nginx,OpenResty] [2af854871336c7bf4aa4e9497d88842f]
https://prod-sg-v15-polaris.aips-services.com [200] [GET] [text/html] [] [openresty] [vhost] [Nginx,OpenResty] [9b8fa286b14c986e8182ad13d46e6c6d]
https://prod-sg-v15-prometheus.aips-services.com [200] [GET] [text/html] [] [openresty] [vhost] [Nginx,OpenResty] [226bc56b135f37d420c97254994f7ce0]
https://prod-sg-v15-prometheus.aips-services.com [200] [GET] [text/html] [] [openresty] [vhost] [Nginx,OpenResty] [756228b3b15d1d0dc87c9ca479e8bf22]
https://prod-sg-v15-services.aips-services.com [200] [GET] [text/html] [] [openresty] [vhost] [Nginx,OpenResty] [3c26324398417da1965807dcabd28a82]
https://prod-sg-v15-services.aips-services.com [200] [GET] [text/html] [] [openresty] [vhost] [Nginx,OpenResty] [f54c21c31b680800e65a72e97781da32]
https://prod-supercluster.aips-services.com [200] [GET] [text/html] [] [openresty] [vhost] [Nginx,OpenResty] [3463165ec8767038b7b92e32e7c9ee12]
https://prod-supercluster.aips-services.com [200] [GET] [text/html] [] [openresty] [vhost] [Nginx,OpenResty] [58bceaec2534e0c7391b19b689888f96]
https://stag.aips-services.com [200] [GET] [text/html] [] [openresty] [vhost] [Nginx,OpenResty] [3ed85ebbd9f7188437a960626d8df83f]
https://stag.aips-services.com [200] [GET] [text/html] [] [openresty] [vhost] [Nginx,OpenResty] [6bb9805d3bc44f2296e4711705785ab9]
https://stag-grafana.aips-services.com [200] [GET] [text/html] [] [openresty] [vhost] [Nginx,OpenResty] [8ecd2114198ca094a14002bdab16f061]
https://stag-grafana.aips-services.com [200] [GET] [text/html] [] [openresty] [vhost] [Nginx,OpenResty] [fece3661fabc2e9e4a71796e345fb08e]
https://staging.aips-services.com [200] [GET] [text/html] [] [openresty] [Nginx,OpenResty] [ef9d6038f8e722d6c82894cb3d6b1c83]
https://staging.aips-services.com [200] [GET] [text/html] [] [openresty] [vhost] [Nginx,OpenResty] [0cb10391bcea0d8c8257585a4746f7c0]
https://staging-grafana.aips-services.com [200] [GET] [text/html] [] [openresty] [vhost] [Nginx,OpenResty] [19719dd9b903e233712a8e3b1d2a936c]
https://staging-grafana.aips-services.com [200] [GET] [text/html] [] [openresty] [vhost] [Nginx,OpenResty] [74c5779edec31dffb2a24dba2a92a83d]
https://staging-kibana.aips-services.com [200] [GET] [text/html] [] [openresty] [vhost] [Nginx,OpenResty] [371999ba8a592ae7db6efc1b57acc95a]
https://staging-kibana.aips-services.com [200] [GET] [text/html] [] [openresty] [vhost] [Nginx,OpenResty] [ec9ee3615ae6ee1f0d3df8590cd81d45]
https://staging-polaris.aips-services.com [200] [GET] [text/html] [] [openresty] [vhost] [Nginx,OpenResty] [680a704339f48efe8be218b1b29b839d]
https://staging-polaris.aips-services.com [200] [GET] [text/html] [] [openresty] [vhost] [Nginx,OpenResty] [c3166236340c6066a2b5cbf0276ead8e]
https://staging-prometheus.aips-services.com [200] [GET] [text/html] [] [openresty] [vhost] [Nginx,OpenResty] [bfb73bc89155bff8d02897b56c91fde7]
https://staging-prometheus.aips-services.com [200] [GET] [text/html] [] [openresty] [vhost] [Nginx,OpenResty] [e368239a491a2dd60b9043024daa24b9]
https://staging-services.aips-services.com [200] [GET] [text/html] [] [openresty] [vhost] [Nginx,OpenResty] [8116c658dbadffd6fb761bc2323978d3]
https://staging-services.aips-services.com [200] [GET] [text/html] [] [openresty] [vhost] [Nginx,OpenResty] [966cf1fe99abe17fb71f35d4d625b8da]
https://stag-kibana.aips-services.com [200] [GET] [text/html] [] [openresty] [vhost] [Nginx,OpenResty] [219d8bc8a0ddd23fed2394a8aaab36c6]
https://stag-kibana.aips-services.com [200] [GET] [text/html] [] [openresty] [vhost] [Nginx,OpenResty] [bedbd01f89703df9d0886c60424b2cc1]
https://stag-polaris.aips-services.com [200] [GET] [text/html] [] [openresty] [vhost] [Nginx,OpenResty] [04f39e68f61cd4b379bdec3e86e0c043]
https://stag-polaris.aips-services.com [200] [GET] [text/html] [] [openresty] [vhost] [Nginx,OpenResty] [33cf924897d401aea7b46c6f73e26ac7]
https://stag-prometheus.aips-services.com [200] [GET] [text/html] [] [openresty] [vhost] [Nginx,OpenResty] [987508ed63777609e17d0c8ea1557e74]
https://stag-prometheus.aips-services.com [200] [GET] [text/html] [] [openresty] [vhost] [Nginx,OpenResty] [9f5cf9fe322fad245c5fa5eb89ab7568]
https://stag-services.aips-services.com [200] [GET] [text/html] [] [openresty] [vhost] [Nginx,OpenResty] [16842fa8c3c4a6fc08b4871c9da544e0]
https://stag-services.aips-services.com [200] [GET] [text/html] [] [openresty] [vhost] [Nginx,OpenResty] [482b2d5b738b7864855fa26e5664233a]
https://stag-supercluster.aips-services.com [200] [GET] [text/html] [] [openresty] [vhost] [Nginx,OpenResty] [8d6320006101bdab240390590faab405]
https://stag-supercluster.aips-services.com [200] [GET] [text/html] [] [openresty] [vhost] [Nginx,OpenResty] [a4150c295a9ea423529cb8d7a01260c0]
https://stag-v17-grafana.aips-services.com [200] [GET] [text/html] [] [openresty] [vhost] [Nginx,OpenResty] [22429a24b1731b0a316f7ee3398435b6]
https://stag-v17-grafana.aips-services.com [200] [GET] [text/html] [] [openresty] [vhost] [Nginx,OpenResty] [c902a43f15d0d9c87f6c849fbd737b26]
https://stag-v17-kibana.aips-services.com [200] [GET] [text/html] [] [openresty] [vhost] [Nginx,OpenResty] [3f237554331a3a13150af037eb1ed064]
https://stag-v17-kibana.aips-services.com [200] [GET] [text/html] [] [openresty] [vhost] [Nginx,OpenResty] [ef37da1d9f0b348f9d51cdf72a513108]
https://stag-v17-polaris.aips-services.com [200] [GET] [text/html] [] [openresty] [Nginx,OpenResty] [c4b149c854335a9e4a7791136d30c8f9]
https://stag-v17-polaris.aips-services.com [200] [GET] [text/html] [] [openresty] [vhost] [Nginx,OpenResty] [2975e1cdea00383d31f5557bcb85f032]
https://stag-v17-prometheus.aips-services.com [200] [GET] [text/html] [] [openresty] [vhost] [Nginx,OpenResty] [4c5ae42a6e4ac25833349b7f74eb8c77]
https://stag-v17-prometheus.aips-services.com [200] [GET] [text/html] [] [openresty] [vhost] [Nginx,OpenResty] [d01887487a8fc81348dc1b08b45c8d0b]
https://stag-v17-services.aips-services.com [200] [GET] [text/html] [] [openresty] [vhost] [Nginx,OpenResty] [b3b6e802aa7bffdb3b62b6f468eef350]
https://stag-v17-services.aips-services.com [200] [GET] [text/html] [] [openresty] [vhost] [Nginx,OpenResty] [d2178081b1dc836e5349c9653359e4d8]
https://ww01.10-admin.aips-services.com [502] [GET] [text/html] [502 Bad Gateway] [openresty] [Nginx,OpenResty] [e9e8266719052c26fe5320e4b9ffae98]
https://ww01.10-administrators.aips-services.com [502] [GET] [text/html] [502 Bad Gateway] [openresty] [Nginx,OpenResty] [e9e8266719052c26fe5320e4b9ffae98]
https://ww01.10-admins.aips-services.com [502] [GET] [text/html] [502 Bad Gateway] [openresty] [Nginx,OpenResty] [6413f9dc38ce131d60db208e7d81a40c]
https://ww01.10-alpha.aips-services.com [502] [GET] [text/html] [502 Bad Gateway] [openresty] [Nginx,OpenResty] [6413f9dc38ce131d60db208e7d81a40c]
https://ww01.10-apac.aips-services.com [502] [GET] [text/html] [502 Bad Gateway] [openresty] [Nginx,OpenResty] [e9e8266719052c26fe5320e4b9ffae98]
https://ww01.10-app.aips-services.com [502] [GET] [text/html] [502 Bad Gateway] [openresty] [Nginx,OpenResty] [e9e8266719052c26fe5320e4b9ffae98]
https://ww01.10-boards.aips-services.com [502] [GET] [text/html] [502 Bad Gateway] [openresty] [Nginx,OpenResty] [6413f9dc38ce131d60db208e7d81a40c]
https://ww01.10-brand.aips-services.com [502] [GET] [text/html] [502 Bad Gateway] [openresty] [Nginx,OpenResty] [e9e8266719052c26fe5320e4b9ffae98]
https://ww01.10-bucket.aips-services.com [502] [GET] [text/html] [502 Bad Gateway] [openresty] [Nginx,OpenResty] [6413f9dc38ce131d60db208e7d81a40c]
https://ww01.10-cms.aips-services.com [502] [GET] [text/html] [502 Bad Gateway] [openresty] [Nginx,OpenResty] [e9e8266719052c26fe5320e4b9ffae98]
https://ww01.10-control.aips-services.com [502] [GET] [text/html] [502 Bad Gateway] [openresty] [Nginx,OpenResty] [6413f9dc38ce131d60db208e7d81a40c]
https://ww01.10-dev-prometheus.aips-services.com [502] [GET] [text/html] [502 Bad Gateway] [openresty] [Nginx,OpenResty] [6413f9dc38ce131d60db208e7d81a40c]
https://ww01.10-dev-v12-kibana.aips-services.com [502] [GET] [text/html] [502 Bad Gateway] [openresty] [Nginx,OpenResty] [6413f9dc38ce131d60db208e7d81a40c]
https://ww01.10-dev-v12-services.aips-services.com [502] [GET] [text/html] [502 Bad Gateway] [openresty] [Nginx,OpenResty] [6413f9dc38ce131d60db208e7d81a40c]
https://ww01.10-dev-v13-grafana.aips-services.com [502] [GET] [text/html] [502 Bad Gateway] [openresty] [Nginx,OpenResty] [e9e8266719052c26fe5320e4b9ffae98]
https://ww01.10-dev-v14-lb.aips-services.com [502] [GET] [text/html] [502 Bad Gateway] [openresty] [Nginx,OpenResty] [6413f9dc38ce131d60db208e7d81a40c]
https://ww01.10-dev-v15-kibana.aips-services.com [502] [GET] [text/html] [502 Bad Gateway] [openresty] [Nginx,OpenResty] [e9e8266719052c26fe5320e4b9ffae98]
https://ww01.10-dev-v16-lb.aips-services.com [502] [GET] [text/html] [502 Bad Gateway] [openresty] [Nginx,OpenResty] [e9e8266719052c26fe5320e4b9ffae98]
https://ww01.10-dev-v17-kibana.aips-services.com [502] [GET] [text/html] [502 Bad Gateway] [openresty] [Nginx,OpenResty] [e9e8266719052c26fe5320e4b9ffae98]
https://ww01.10-dev-v17-lb.aips-services.com [502] [GET] [text/html] [502 Bad Gateway] [openresty] [Nginx,OpenResty] [6413f9dc38ce131d60db208e7d81a40c]
https://ww01.10-dev-v19-prometheus.aips-services.com [502] [GET] [text/html] [502 Bad Gateway] [openresty] [Nginx,OpenResty] [6413f9dc38ce131d60db208e7d81a40c]
https://ww01.10-dev-v2-lb.aips-services.com [502] [GET] [text/html] [502 Bad Gateway] [openresty] [Nginx,OpenResty] [e9e8266719052c26fe5320e4b9ffae98]
https://ww01.1996.dev-v3-grafana.aips-services.com [502] [GET] [text/html] [502 Bad Gateway] [openresty] [Nginx,OpenResty] [6413f9dc38ce131d60db208e7d81a40c]
https://ww01.1996.polaris.aips-services.com [502] [GET] [text/html] [502 Bad Gateway] [openresty] [Nginx,OpenResty] [e9e8266719052c26fe5320e4b9ffae98]
https://ww01.1996.prod-au-polaris.aips-services.com [502] [GET] [text/html] [502 Bad Gateway] [openresty] [Nginx,OpenResty] [e9e8266719052c26fe5320e4b9ffae98]
https://ww01.2021.aips-services.com [502] [GET] [text/html] [502 Bad Gateway] [openresty] [Nginx,OpenResty] [e9e8266719052c26fe5320e4b9ffae98]
https://ww01.2031-admin.aips-services.com [502] [GET] [text/html] [502 Bad Gateway] [openresty] [Nginx,OpenResty] [6413f9dc38ce131d60db208e7d81a40c]
https://ww01.2031-dev-lb.aips-services.com [502] [GET] [text/html] [502 Bad Gateway] [openresty] [Nginx,OpenResty] [e9e8266719052c26fe5320e4b9ffae98]
https://ww01.aips-services.com [502] [GET] [text/html] [502 Bad Gateway] [openresty] [Nginx,OpenResty] [6413f9dc38ce131d60db208e7d81a40c]
https://ww01.aips-services.com [502] [GET] [text/html] [502 Bad Gateway] [openresty] [Nginx,OpenResty] [e9e8266719052c26fe5320e4b9ffae98]
https://ww01.api.aips-services.com [502] [GET] [text/html] [502 Bad Gateway] [openresty] [Nginx,OpenResty] [6413f9dc38ce131d60db208e7d81a40c]
https://ww01.api.aips-services.com [502] [GET] [text/html] [502 Bad Gateway] [openresty] [Nginx,OpenResty] [e9e8266719052c26fe5320e4b9ffae98]
https://ww01.brand.aips-services.com [502] [GET] [text/html] [502 Bad Gateway] [openresty] [Nginx,OpenResty] [6413f9dc38ce131d60db208e7d81a40c]
https://ww01.client.aips-services.com [502] [GET] [text/html] [502 Bad Gateway] [openresty] [Nginx,OpenResty] [6413f9dc38ce131d60db208e7d81a40c]
https://ww01.client.aips-services.com [502] [GET] [text/html] [502 Bad Gateway] [openresty] [Nginx,OpenResty] [e9e8266719052c26fe5320e4b9ffae98]
https://ww01.dev-v18-master-nl.aips-services.com [502] [GET] [text/html] [502 Bad Gateway] [openresty] [Nginx,OpenResty] [6413f9dc38ce131d60db208e7d81a40c]
https://ww01.eu.aips-services.com [502] [GET] [text/html] [502 Bad Gateway] [openresty] [Nginx,OpenResty] [e9e8266719052c26fe5320e4b9ffae98]
https://ww01.grafana.aips-services.com [502] [GET] [text/html] [502 Bad Gateway] [openresty] [Nginx,OpenResty] [6413f9dc38ce131d60db208e7d81a40c]
https://ww01.health.aips-services.com [502] [GET] [text/html] [502 Bad Gateway] [openresty] [Nginx,OpenResty] [e9e8266719052c26fe5320e4b9ffae98]
https://ww01.healthapi.aips-services.com [502] [GET] [text/html] [502 Bad Gateway] [openresty] [Nginx,OpenResty] [e9e8266719052c26fe5320e4b9ffae98]
https://ww01.jsm.aips-services.com [502] [GET] [text/html] [502 Bad Gateway] [openresty] [Nginx,OpenResty] [6413f9dc38ce131d60db208e7d81a40c]
https://ww01.nlapac.aips-services.com [502] [GET] [text/html] [502 Bad Gateway] [openresty] [Nginx,OpenResty] [6413f9dc38ce131d60db208e7d81a40c]
https://ww01.nldev.aips-services.com [502] [GET] [text/html] [502 Bad Gateway] [openresty] [Nginx,OpenResty] [6413f9dc38ce131d60db208e7d81a40c]
https://ww01.nldev-v19-polaris.aips-services.com [502] [GET] [text/html] [502 Bad Gateway] [openresty] [Nginx,OpenResty] [e9e8266719052c26fe5320e4b9ffae98]
https://ww01.nldev-v3-lb.aips-services.com [502] [GET] [text/html] [502 Bad Gateway] [openresty] [Nginx,OpenResty] [e9e8266719052c26fe5320e4b9ffae98]
https://ww01.nldev-v3-prometheus.aips-services.com [502] [GET] [text/html] [502 Bad Gateway] [openresty] [Nginx,OpenResty] [e9e8266719052c26fe5320e4b9ffae98]
https://ww01.nldev-v7-master.aips-services.com [502] [GET] [text/html] [502 Bad Gateway] [openresty] [Nginx,OpenResty] [e9e8266719052c26fe5320e4b9ffae98]
https://ww01.nldev-v9-kibana.aips-services.com [502] [GET] [text/html] [502 Bad Gateway] [openresty] [Nginx,OpenResty] [6413f9dc38ce131d60db208e7d81a40c]
https://ww01.nldocsdrop.aips-services.com [502] [GET] [text/html] [502 Bad Gateway] [openresty] [Nginx,OpenResty] [e9e8266719052c26fe5320e4b9ffae98]
https://ww01.nl.prod-sg-grafana.aips-services.com [502] [GET] [text/html] [502 Bad Gateway] [openresty] [Nginx,OpenResty] [6413f9dc38ce131d60db208e7d81a40c]
https://ww01.nl.prod-sg-prometheus.aips-services.com [502] [GET] [text/html] [502 Bad Gateway] [openresty] [Nginx,OpenResty] [6413f9dc38ce131d60db208e7d81a40c]
https://ww01.nl.prod-sg-services.aips-services.com [502] [GET] [text/html] [502 Bad Gateway] [openresty] [Nginx,OpenResty] [6413f9dc38ce131d60db208e7d81a40c]
https://ww01.nl.promo.aips-services.com [502] [GET] [text/html] [502 Bad Gateway] [openresty] [Nginx,OpenResty] [e9e8266719052c26fe5320e4b9ffae98]
https://ww01.nl.restrict.aips-services.com [502] [GET] [text/html] [502 Bad Gateway] [openresty] [Nginx,OpenResty] [6413f9dc38ce131d60db208e7d81a40c]
https://ww01.nlserver3.aips-services.com [502] [GET] [text/html] [502 Bad Gateway] [openresty] [Nginx,OpenResty] [6413f9dc38ce131d60db208e7d81a40c]
https://ww01.nl.stag-services.aips-services.com [502] [GET] [text/html] [502 Bad Gateway] [openresty] [Nginx,OpenResty] [e9e8266719052c26fe5320e4b9ffae98]
https://ww01.nl.stag-v10-lb.aips-services.com [502] [GET] [text/html] [502 Bad Gateway] [openresty] [Nginx,OpenResty] [e9e8266719052c26fe5320e4b9ffae98]
https://ww01.nl.stag-v11-polaris.aips-services.com [502] [GET] [text/html] [502 Bad Gateway] [openresty] [Nginx,OpenResty] [e9e8266719052c26fe5320e4b9ffae98]
https://ww01.nl.stag-v14-lb.aips-services.com [502] [GET] [text/html] [502 Bad Gateway] [openresty] [Nginx,OpenResty] [e9e8266719052c26fe5320e4b9ffae98]
https://ww01.nl.stag-v17-services.aips-services.com [502] [GET] [text/html] [502 Bad Gateway] [openresty] [Nginx,OpenResty] [6413f9dc38ce131d60db208e7d81a40c]
https://ww01.nl.stag-v2-master.aips-services.com [502] [GET] [text/html] [502 Bad Gateway] [openresty] [Nginx,OpenResty] [6413f9dc38ce131d60db208e7d81a40c]
https://ww01.nl.stag-v6-polaris.aips-services.com [502] [GET] [text/html] [502 Bad Gateway] [openresty] [Nginx,OpenResty] [e9e8266719052c26fe5320e4b9ffae98]
https://ww01.node19.aips-services.com [502] [GET] [text/html] [502 Bad Gateway] [openresty] [Nginx,OpenResty] [6413f9dc38ce131d60db208e7d81a40c]
https://ww01.nodebrand.aips-services.com [502] [GET] [text/html] [502 Bad Gateway] [openresty] [Nginx,OpenResty] [e9e8266719052c26fe5320e4b9ffae98]
https://ww01.nodegrafana.aips-services.com [502] [GET] [text/html] [502 Bad Gateway] [openresty] [Nginx,OpenResty] [e9e8266719052c26fe5320e4b9ffae98]
https://ww01.northamerica-2031.aips-services.com [502] [GET] [text/html] [502 Bad Gateway] [openresty] [Nginx,OpenResty] [e9e8266719052c26fe5320e4b9ffae98]
https://ww01.origin.aips-services.com [502] [GET] [text/html] [502 Bad Gateway] [openresty] [Nginx,OpenResty] [6413f9dc38ce131d60db208e7d81a40c]
https://ww01.prod-au-lb-security.aips-services.com [502] [GET] [text/html] [502 Bad Gateway] [openresty] [Nginx,OpenResty] [6413f9dc38ce131d60db208e7d81a40c]
https://ww01.prod-sg-v15-grafana10.aips-services.com [502] [GET] [text/html] [502 Bad Gateway] [openresty] [Nginx,OpenResty] [e9e8266719052c26fe5320e4b9ffae98]
https://ww01.security.net.aips-services.com [502] [GET] [text/html] [502 Bad Gateway] [openresty] [Nginx,OpenResty] [e9e8266719052c26fe5320e4b9ffae98]
https://ww01.stage.2046.aips-services.com [502] [GET] [text/html] [502 Bad Gateway] [openresty] [Nginx,OpenResty] [6413f9dc38ce131d60db208e7d81a40c]
https://ww01.stag-lb19.aips-services.com [502] [GET] [text/html] [502 Bad Gateway] [openresty] [Nginx,OpenResty] [e9e8266719052c26fe5320e4b9ffae98]
https://ww01.stag-lb2028.aips-services.com [502] [GET] [text/html] [502 Bad Gateway] [openresty] [Nginx,OpenResty] [e9e8266719052c26fe5320e4b9ffae98]
https://ww01.stag-lb.administrator.aips-services.com [502] [GET] [text/html] [502 Bad Gateway] [openresty] [Nginx,OpenResty] [e9e8266719052c26fe5320e4b9ffae98]
https://ww01.stag-lb.boards.aips-services.com [502] [GET] [text/html] [502 Bad Gateway] [openresty] [Nginx,OpenResty] [6413f9dc38ce131d60db208e7d81a40c]
https://ww01.stag-lbgrafana.aips-services.com [502] [GET] [text/html] [502 Bad Gateway] [openresty] [Nginx,OpenResty] [6413f9dc38ce131d60db208e7d81a40c]
https://ww01.stag-lb.int.aips-services.com [502] [GET] [text/html] [502 Bad Gateway] [openresty] [Nginx,OpenResty] [6413f9dc38ce131d60db208e7d81a40c]
https://ww01.stag-lbstatic.aips-services.com [502] [GET] [text/html] [502 Bad Gateway] [openresty] [Nginx,OpenResty] [e9e8266719052c26fe5320e4b9ffae98]
https://ww01.stag-lb.test1.aips-services.com [502] [GET] [text/html] [502 Bad Gateway] [openresty] [Nginx,OpenResty] [e9e8266719052c26fe5320e4b9ffae98]
https://ww01.stag-master-10.aips-services.com [502] [GET] [text/html] [502 Bad Gateway] [openresty] [Nginx,OpenResty] [6413f9dc38ce131d60db208e7d81a40c]
https://ww01.stag-master.14.aips-services.com [502] [GET] [text/html] [502 Bad Gateway] [openresty] [Nginx,OpenResty] [e9e8266719052c26fe5320e4b9ffae98]
https://ww01.stag-master.19.aips-services.com [502] [GET] [text/html] [502 Bad Gateway] [openresty] [Nginx,OpenResty] [6413f9dc38ce131d60db208e7d81a40c]
https://ww01.stag-master.2009.aips-services.com [502] [GET] [text/html] [502 Bad Gateway] [openresty] [Nginx,OpenResty] [e9e8266719052c26fe5320e4b9ffae98]
https://ww01.stag-master2015.aips-services.com [502] [GET] [text/html] [502 Bad Gateway] [openresty] [Nginx,OpenResty] [6413f9dc38ce131d60db208e7d81a40c]
https://ww01.stag-master-2028.aips-services.com [502] [GET] [text/html] [502 Bad Gateway] [openresty] [Nginx,OpenResty] [6413f9dc38ce131d60db208e7d81a40c]
https://ww01.stag-master-brand.aips-services.com [502] [GET] [text/html] [502 Bad Gateway] [openresty] [Nginx,OpenResty] [e9e8266719052c26fe5320e4b9ffae98]
https://ww01.stag-master-engine.aips-services.com [502] [GET] [text/html] [502 Bad Gateway] [openresty] [Nginx,OpenResty] [6413f9dc38ce131d60db208e7d81a40c]
https://ww01.stag-master-engineering.aips-services.com [502] [GET] [text/html] [502 Bad Gateway] [openresty] [Nginx,OpenResty] [e9e8266719052c26fe5320e4b9ffae98]
https://ww01.stag-master.health.aips-services.com [502] [GET] [text/html] [502 Bad Gateway] [openresty] [Nginx,OpenResty] [e9e8266719052c26fe5320e4b9ffae98]
https://ww01.stag-master-oceania.aips-services.com [502] [GET] [text/html] [502 Bad Gateway] [openresty] [Nginx,OpenResty] [e9e8266719052c26fe5320e4b9ffae98]
https://ww01.stag-polaris2009.aips-services.com [502] [GET] [text/html] [502 Bad Gateway] [openresty] [Nginx,OpenResty] [e9e8266719052c26fe5320e4b9ffae98]
https://ww01.stag-polaris2031.aips-services.com [502] [GET] [text/html] [502 Bad Gateway] [openresty] [Nginx,OpenResty] [e9e8266719052c26fe5320e4b9ffae98]
https://ww01.stag-polaris-health.aips-services.com [502] [GET] [text/html] [502 Bad Gateway] [openresty] [Nginx,OpenResty] [6413f9dc38ce131d60db208e7d81a40c]
https://ww01.stag-polaris.int.aips-services.com [502] [GET] [text/html] [502 Bad Gateway] [openresty] [Nginx,OpenResty] [6413f9dc38ce131d60db208e7d81a40c]
https://ww01.stag-polarisistrator.aips-services.com [502] [GET] [text/html] [502 Bad Gateway] [openresty] [Nginx,OpenResty] [e9e8266719052c26fe5320e4b9ffae98]
https://ww01.stag-polarisoceania.aips-services.com [502] [GET] [text/html] [502 Bad Gateway] [openresty] [Nginx,OpenResty] [e9e8266719052c26fe5320e4b9ffae98]
https://ww01.stag-polaris.update.aips-services.com [502] [GET] [text/html] [502 Bad Gateway] [openresty] [Nginx,OpenResty] [e9e8266719052c26fe5320e4b9ffae98]
https://ww01.stag-polaris-web.aips-services.com [502] [GET] [text/html] [502 Bad Gateway] [openresty] [Nginx,OpenResty] [e9e8266719052c26fe5320e4b9ffae98]
https://ww01.stag-prometheus2015.aips-services.com [502] [GET] [text/html] [502 Bad Gateway] [openresty] [Nginx,OpenResty] [e9e8266719052c26fe5320e4b9ffae98]
https://ww01.stag-prometheus.aips-services.com [502] [GET] [text/html] [502 Bad Gateway] [openresty] [Nginx,OpenResty] [e9e8266719052c26fe5320e4b9ffae98]
https://ww01.stag-prometheus.static.aips-services.com [502] [GET] [text/html] [502 Bad Gateway] [openresty] [Nginx,OpenResty] [6413f9dc38ce131d60db208e7d81a40c]
https://ww01.stag-v13-lb.2028.aips-services.com [502] [GET] [text/html] [502 Bad Gateway] [openresty] [Nginx,OpenResty] [e9e8266719052c26fe5320e4b9ffae98]
https://ww01.stag-v14-prometheus-nl.aips-services.com [502] [GET] [text/html] [502 Bad Gateway] [openresty] [Nginx,OpenResty] [6413f9dc38ce131d60db208e7d81a40c]
https://ww01.stag-v17-kibana4.aips-services.com [502] [GET] [text/html] [502 Bad Gateway] [openresty] [Nginx,OpenResty] [6413f9dc38ce131d60db208e7d81a40c]
https://ww01.stag-v17-kibana9.aips-services.com [502] [GET] [text/html] [502 Bad Gateway] [openresty] [Nginx,OpenResty] [6413f9dc38ce131d60db208e7d81a40c]
https://ww01.static.v2.aips-services.com [502] [GET] [text/html] [502 Bad Gateway] [openresty] [Nginx,OpenResty] [6413f9dc38ce131d60db208e7d81a40c]
https://ww01.svcgateway.web1.aips-services.com [502] [GET] [text/html] [502 Bad Gateway] [openresty] [Nginx,OpenResty] [e9e8266719052c26fe5320e4b9ffae98]
https://ww01.z.aips-services.com [502] [GET] [text/html] [502 Bad Gateway] [openresty] [Nginx,OpenResty] [6413f9dc38ce131d60db208e7d81a40c]
https://ww01.z.aips-services.com [502] [GET] [text/html] [502 Bad Gateway] [openresty] [Nginx,OpenResty] [e9e8266719052c26fe5320e4b9ffae98]
