https://auth.prod.aips-internal.com [404] [GET] [text/html] [404 Not Found] [nginx/1.14.0 (Ubuntu)] [vhost] [Nginx:1.14.0,Ubuntu] [7e2c427186d4e1bac52813383423e82e]
https://auth.prod.aips-internal.com [404] [GET] [text/html] [404 Not Found] [nginx/1.14.0 (Ubuntu)] [vhost] [Nginx:1.14.0,Ubuntu] [9e47d3a502a7b2bcec1f1375430ca0eb]
https://auth.staging.aips-internal.com [404] [GET] [text/html] [404 Not Found] [nginx/1.14.0 (Ubuntu)] [vhost] [Nginx:1.14.0,Ubuntu] [7e2c427186d4e1bac52813383423e82e]
https://auth.staging.aips-internal.com [404] [GET] [text/html] [404 Not Found] [nginx/1.14.0 (Ubuntu)] [vhost] [Nginx:1.14.0,Ubuntu] [9e47d3a502a7b2bcec1f1375430ca0eb]
https://grafana.prod.aips-internal.com [302] [GET] [text/html] [] [nginx/1.14.0 (Ubuntu)] [vhost] [Nginx:1.14.0,Ubuntu] [b6313df8594a85bfa6c964b36a5171da]
https://grafana.prod.aips-internal.com [302] [GET] [text/html] [] [nginx/1.14.0 (Ubuntu)] [vhost] [Nginx:1.14.0,Ubuntu] [e6457c008e53b6f2815ffcbeaf23258a]
https://grafana.staging.aips-internal.com [302] [GET] [text/html] [] [nginx/1.14.0 (Ubuntu)] [vhost] [Nginx:1.14.0,Ubuntu] [6c21f6a9c23298b20d81ae79ff10ad2a]
https://grafana.staging.aips-internal.com [302] [GET] [text/html] [] [nginx/1.14.0 (Ubuntu)] [vhost] [Nginx:1.14.0,Ubuntu] [f2e950bba2e5f3da4a4d818342a7df5e]
https://thanos-frontend.prod.aips-internal.com [302] [GET] [text/html] [] [nginx/1.14.0 (Ubuntu)] [vhost] [Nginx:1.14.0,Ubuntu] [2b0c4c2c72e393d2b1b3cfabc3274eed]
https://thanos-frontend.prod.aips-internal.com [302] [GET] [text/html] [] [nginx/1.14.0 (Ubuntu)] [vhost] [Nginx:1.14.0,Ubuntu] [e96d09a0054ef32df5a781e9447b59fd]
https://thanos-frontend.staging.aips-internal.com [302] [GET] [text/html] [] [nginx/1.14.0 (Ubuntu)] [vhost] [Nginx:1.14.0,Ubuntu] [1ac54f736f6418e64a2035781599031b]
https://thanos-frontend.staging.aips-internal.com [302] [GET] [text/html] [] [nginx/1.14.0 (Ubuntu)] [vhost] [Nginx:1.14.0,Ubuntu] [5dc29985a9813bc7dd1673fea4b29e85]
https://thanos.prod.aips-internal.com [302] [GET] [text/html] [] [nginx/1.14.0 (Ubuntu)] [vhost] [Nginx:1.14.0,Ubuntu] [93ea568c751a518bffa97954dd4aefe5]
https://thanos.prod.aips-internal.com [302] [GET] [text/html] [] [nginx/1.14.0 (Ubuntu)] [vhost] [Nginx:1.14.0,Ubuntu] [e489b0b596890d877c8e507da0fa2914]
https://thanos.staging.aips-internal.com [302] [GET] [text/html] [] [nginx/1.14.0 (Ubuntu)] [vhost] [Nginx:1.14.0,Ubuntu] [5e90cae00381a588f01872777181e472]
https://thanos.staging.aips-internal.com [302] [GET] [text/html] [] [nginx/1.14.0 (Ubuntu)] [vhost] [Nginx:1.14.0,Ubuntu] [bfbf29968ff15bc2e3eb508accba6174]
https://vault1.aips-internal.com:8443 [307] [GET] [text/html] [] [] [094a8b5d70638df99c2a44d566fa08b6]
https://vault2.aips-internal.com:8443 [307] [GET] [text/html] [] [] [094a8b5d70638df99c2a44d566fa08b6]
https://vault3.aips-internal.com:8443 [307] [GET] [text/html] [] [] [094a8b5d70638df99c2a44d566fa08b6]
https://vault.aips-internal.com:8443 [307] [GET] [text/html] [] [] [094a8b5d70638df99c2a44d566fa08b6]
