http://allegrouz.moodle.next.airbnb.com [400] [GET] [text/html] [Invalid URL] [AkamaiGHost] [44f7c51ed96a418f4504b9c45c6e83f3]
http://api-fastly.airbnb.com [301] [GET] [] [] [Varnish] [vhost] [fastly] [Fastly,Varnish] [d41d8cd98f00b204e9800998ecf8427e]
http://api-fastly-staging.airbnb.com [301] [GET] [] [] [Varnish] [vhost] [fastly] [Fastly,Varnish] [d41d8cd98f00b204e9800998ecf8427e]
http://blur.merchdirect.next.airbnb.com [400] [GET] [text/html] [Invalid URL] [AkamaiGHost] [e27a1b7bd713848bd655beb779c16893]
http://netcenter.pictures.next.airbnb.com [400] [GET] [text/html] [Invalid URL] [AkamaiGHost] [08665d052973f19351eb4e757d22a21b]
https://admin.airbnb.com [302] [GET] [] [] [] [vhost] [google] [d41d8cd98f00b204e9800998ecf8427e]
https://admin-lite.airbnb.com [302] [GET] [] [] [] [vhost] [google] [d41d8cd98f00b204e9800998ecf8427e]
https://admin-lite-next.airbnb.com [302] [GET] [] [] [] [vhost] [google] [d41d8cd98f00b204e9800998ecf8427e]
https://admin-lite-staging.airbnb.com [302] [GET] [] [] [] [vhost] [google] [d41d8cd98f00b204e9800998ecf8427e]
https://admin-next.airbnb.com [302] [GET] [] [] [] [vhost] [google] [d41d8cd98f00b204e9800998ecf8427e]
https://admin-staging.airbnb.com [302] [GET] [] [] [] [vhost] [google] [d41d8cd98f00b204e9800998ecf8427e]
https://airbnb.com [301] [GET] [text/html] [301 Moved Permanently] [nginx] [vhost] [Nginx] [cd2e0e43980a00fb6a2742d3afd803b8]
https://akamai-staging.airbnb.com [403] [GET] [text/html] [Access Denied] [AkamaiGHost] [vhost] [5aaeb679bc8a6e29cba9360fb0a778d4]
https://akamai-staging.airbnb.com [403] [GET] [text/html] [Access Denied] [AkamaiGHost] [vhost] [b79c34d259e80c3bce5a90845a8606d5]
https://akamai-test.airbnb.com [403] [GET] [text/html] [Access Denied] [AkamaiGHost] [vhost] [22a253fe41ddd9666f97e11ae384f7e2]
https://akamai-test.airbnb.com [403] [GET] [text/html] [Access Denied] [AkamaiGHost] [vhost] [50c378073fc5eb0933ca38349fb18efe]
https://api.airbnb.com [403] [GET] [text/html] [Access Denied] [AkamaiGHost] [vhost] [045d8c4acefe8b353a2752fc2a64a623]
https://api.airbnb.com [403] [GET] [text/html] [Access Denied] [AkamaiGHost] [vhost] [4eaa0bb8e8dc7048697c0ec0cd6f0765]
https://az.airbnb.com [403] [GET] [text/html] [Access Denied] [AkamaiGHost] [vhost] [5c6ee966a78ed51c113e33956a5d9b5d]
https://az.airbnb.com [403] [GET] [text/html] [Access Denied] [AkamaiGHost] [vhost] [e24ba349bfdd4dae630a2f037fed3547]
https://beyond.airbnb.com [302] [GET] [text/html] [302 Found] [nginx] [vhost] [Nginx] [cfbeaf604823f038b8b46f0ac862b98c]
https://blog.airbnb.com [301] [GET] [text/html] [301 Moved Permanently] [nginx] [Nginx] [cd2e0e43980a00fb6a2742d3afd803b8]
https://careers.airbnb.com [403] [GET] [text/html] [Access Denied] [AkamaiGHost] [vhost] [ac1df047479a87ea0c338e2fa1cdcc4f]
https://careers.airbnb.com [403] [GET] [text/html] [Access Denied] [AkamaiGHost] [vhost] [bcea633f758458720ef3fe34ac4be950]
https://click.mail.airbnb.com [403] [GET] [text/html] [403 - Forbidden: Access is denied.] [] [11ca4578cb026a23713aea6781b8ece3]
https://cloud.mail.airbnb.com [403] [GET] [text/html] [403 - Forbidden: Access is denied.] [] [11ca4578cb026a23713aea6781b8ece3]
https://cloudmonitor.airbnb.com [403] [GET] [text/html] [Access Denied] [AkamaiGHost] [vhost] [0bb208753afd90b10d3f12d6a8f810eb]
https://cloudmonitor.airbnb.com [403] [GET] [text/html] [Access Denied] [AkamaiGHost] [vhost] [37b70eb4512360d632d44d67e5ef3e0d]
https://create.airbnb.com [302] [GET] [text/html] [302 Found] [nginx] [vhost] [Nginx] [cfbeaf604823f038b8b46f0ac862b98c]
https://developer.airbnb.com [403] [GET] [text/html] [Access Denied] [AkamaiGHost] [vhost] [1d208a33214525a80f3c8a61abd25475]
https://developer.airbnb.com [403] [GET] [text/html] [Access Denied] [AkamaiGHost] [vhost] [ac160f02ebe635edd8b30a379ac08c27]
https://dev.staging.airbnb.com [302] [GET] [] [] [] [vhost] [google] [d41d8cd98f00b204e9800998ecf8427e]
https://email.airbnb.com [404] [GET] [text/html] [404 Not Found] [nginx] [Nginx] [8e325dc2fea7c8900fc6c4b8c6c394fe]
https://et.airbnb.com [403] [GET] [text/html] [Access Denied] [AkamaiGHost] [vhost] [1a38125112a3c29e486403b2e8adce4c]
https://et.airbnb.com [403] [GET] [text/html] [Access Denied] [AkamaiGHost] [vhost] [8eabe3f91d9094372a28b8c603af8b3a]
https://id.airbnb.com [403] [GET] [text/html] [Access Denied] [AkamaiGHost] [vhost] [3e69bb6df06658ea775b934723a4def1]
https://id.airbnb.com [403] [GET] [text/html] [Access Denied] [AkamaiGHost] [vhost] [dbca61efd05c19a258071c179cbdf027]
https://image.mail.airbnb.com [403] [GET] [text/html] [Access Denied] [AkamaiGHost] [vhost] [70b41d6a99b5735c03ca99aa8297c429]
https://image.mail.airbnb.com [403] [GET] [text/html] [Access Denied] [AkamaiGHost] [vhost] [fdee9c76ce3df461fb81f8534069e552]
https://link.recruiting.airbnb.com [404] [GET] [text/html] [404 Not Found] [nginx] [Nginx] [70461da8b94c6ca5d2fda3260c5a8c3b]
https://localhostapi.next.airbnb.com [400] [GET] [text/html] [Invalid URL] [AkamaiGHost] [d561e3c5450a52252ef80b52cfdf66c9]
https://localhostapi.next.airbnb.com [400] [GET] [text/html] [Invalid URL] [AkamaiGHost] [f444786b57231a8a9b33aa4ef8edbc6a]
https://manager.next.airbnb.com [400] [GET] [text/html] [Invalid URL] [AkamaiGHost] [460147780fdbf14c21673fe05408a5f8]
https://manager.next.airbnb.com [400] [GET] [text/html] [Invalid URL] [AkamaiGHost] [9fbf2b675a0ae970dbe84d481134a303]
https://nerds.airbnb.com [301] [GET] [text/html] [301 Moved Permanently] [nginx] [Nginx] [cd2e0e43980a00fb6a2742d3afd803b8]
https://news.airbnb.com [403] [GET] [text/html] [Access Denied] [AkamaiGHost] [vhost] [7909963edb2482babb90b6b6aa54a04b]
https://news.airbnb.com [403] [GET] [text/html] [Access Denied] [AkamaiGHost] [vhost] [80554cbc90de1251b2bba9a41be4dd70]
https://next.airbnb.com [403] [GET] [text/html] [Access Denied] [AkamaiGHost] [vhost] [03b8c5ab582aee158cefc78e8875598e]
https://next.airbnb.com [403] [GET] [text/html] [Access Denied] [AkamaiGHost] [vhost] [09c8c2d02d3dc70544429bf6ddbc59de]
https://one-next.airbnb.com [302] [GET] [] [] [] [vhost] [google] [d41d8cd98f00b204e9800998ecf8427e]
https://origin-images.airbnb.com [400] [GET] [text/html] [] [nginx] [Envoy,Nginx] [d41d8cd98f00b204e9800998ecf8427e]
https://pages.mail.airbnb.com [403] [GET] [text/html] [403 - Forbidden: Access is denied.] [] [11ca4578cb026a23713aea6781b8ece3]
https://pl.airbnb.com [403] [GET] [text/html] [Access Denied] [AkamaiGHost] [vhost] [c77000857a0e1e1d9e382287b5e809e6]
https://pl.airbnb.com [403] [GET] [text/html] [Access Denied] [AkamaiGHost] [vhost] [c90b1257579190519aec9ac4c80cbadb]
https://preprod.airbnb.com [403] [GET] [text/html] [Access Denied] [AkamaiGHost] [vhost] [18a1a2709e81d3436ed6a4a3f04f94fd]
https://preprod.airbnb.com [403] [GET] [text/html] [Access Denied] [AkamaiGHost] [vhost] [6e9cd93357f97148c2be10be737c3a7d]
https://press.airbnb.com [403] [GET] [text/html] [Access Denied] [AkamaiGHost] [vhost] [3a231cc30f8188e18685b999e02977d9]
https://press.airbnb.com [403] [GET] [text/html] [Access Denied] [AkamaiGHost] [vhost] [88788a96941ba72875dc30ef120468d4]
https://protools.airbnb.com [403] [GET] [text/html] [Access Denied] [AkamaiGHost] [vhost] [2aa1131f4b25e4b1142e1b420fcfedbd]
https://protools.airbnb.com [403] [GET] [text/html] [Access Denied] [AkamaiGHost] [vhost] [e8b76d727f8abd395db1e8f625f96d2f]
https://prototype-internal.airbnb.com [302] [GET] [] [] [] [vhost] [google] [d41d8cd98f00b204e9800998ecf8427e]
https://prototype-internal-next.airbnb.com [302] [GET] [] [] [] [vhost] [google] [d41d8cd98f00b204e9800998ecf8427e]
https://prototype-internal-staging.airbnb.com [302] [GET] [] [] [] [vhost] [google] [d41d8cd98f00b204e9800998ecf8427e]
https://r.airbnb.com [301] [GET] [text/html] [301 Moved Permanently] [nginx] [Nginx] [cd2e0e43980a00fb6a2742d3afd803b8]
https://s.airbnb.com [302] [GET] [text/html] [302 Found] [nginx] [vhost] [Nginx] [cfbeaf604823f038b8b46f0ac862b98c]
https://samara.airbnb.com [301] [GET] [text/html] [301 Moved Permanently] [nginx] [Nginx] [cd2e0e43980a00fb6a2742d3afd803b8]
https://sk.airbnb.com [403] [GET] [text/html] [Access Denied] [AkamaiGHost] [vhost] [476a9ca88afa16c0016631df09d896c3]
https://sk.airbnb.com [403] [GET] [text/html] [Access Denied] [AkamaiGHost] [vhost] [c29424ae0c0eebfa29a0418a29ca6a76]
https://sq.airbnb.com [403] [GET] [text/html] [Access Denied] [AkamaiGHost] [vhost] [006670c43102eef764f199a01f8fb085]
https://sq.airbnb.com [403] [GET] [text/html] [Access Denied] [AkamaiGHost] [vhost] [09dd25eece93991a0d74b792b1754ed2]
https://staging.airbnb.com [403] [GET] [text/html] [Access Denied] [AkamaiGHost] [vhost] [30283644a825ad12681a18b8cc2b499b]
https://staging.airbnb.com [403] [GET] [text/html] [Access Denied] [AkamaiGHost] [vhost] [a3e061542cc9deb190017e55da9b2d2f]
https://sw.airbnb.com [403] [GET] [text/html] [Access Denied] [AkamaiGHost] [vhost] [815bf7ef9aea4a850088857946157937]
https://sw.airbnb.com [403] [GET] [text/html] [Access Denied] [AkamaiGHost] [vhost] [c4bfd0c76d57e278c60b77d8a0501f8d]
https://th.airbnb.com [403] [GET] [text/html] [Access Denied] [AkamaiGHost] [vhost] [160a5adb81f25fef321d4a925d4b6ce7]
https://th.airbnb.com [403] [GET] [text/html] [Access Denied] [AkamaiGHost] [vhost] [6f788685681e62bd7ef0812138ad3e82]
https://transparency.airbnb.com [301] [GET] [text/html] [301 Moved Permanently] [nginx] [Nginx] [cd2e0e43980a00fb6a2742d3afd803b8]
http://support.airbnb.com:2083 [400] [GET] [text/html] [400 The plain HTTP request was sent to HTTPS port] [cloudflare] [cloudflare] [Cloudflare] [20ad84d030031252141ca0b3fc0183f0]
http://support.airbnb.com:2087 [400] [GET] [text/html] [400 The plain HTTP request was sent to HTTPS port] [cloudflare] [cloudflare] [Cloudflare] [cd58783500d7fa3c58f88eb0ba22f4f8]
http://support.airbnb.com:2096 [400] [GET] [text/html] [400 The plain HTTP request was sent to HTTPS port] [cloudflare] [cloudflare] [Cloudflare] [cd58783500d7fa3c58f88eb0ba22f4f8]
http://support.airbnb.com [409] [GET] [text/plain] [] [cloudflare] [cloudflare] [Cloudflare] [f6bbbdc9b05a5af96b6b7e618ee357cc]
http://support.airbnb.com:8443 [400] [GET] [text/html] [400 The plain HTTP request was sent to HTTPS port] [cloudflare] [cloudflare] [Cloudflare] [cd58783500d7fa3c58f88eb0ba22f4f8]
https://view.mail.airbnb.com [302] [GET] [text/html] [Object moved] [] [0b9ef0192b2022a0b94f012083714795]
https://work.airbnb.com [302] [GET] [text/html] [302 Found] [nginx] [vhost] [Nginx] [cfbeaf604823f038b8b46f0ac862b98c]
https://ws.airbnb.com [404] [GET] [text/html] [404 Not Found] [nginx] [Nginx] [70461da8b94c6ca5d2fda3260c5a8c3b]
https://www.airbnb.com [403] [GET] [text/html] [Access Denied] [AkamaiGHost] [vhost] [194c27f89c26fd2730f78c991557d1db]
https://www.airbnb.com [403] [GET] [text/html] [Access Denied] [AkamaiGHost] [vhost] [42cbb93451ed3b0abb8027e9053fbb0e]
https://zu.airbnb.com [403] [GET] [text/html] [Access Denied] [AkamaiGHost] [vhost] [22510b0e00a64dbaf7c2c15aaa14f063]
https://zu.airbnb.com [403] [GET] [text/html] [Access Denied] [AkamaiGHost] [vhost] [77b21e472e684f38a11027dcb0737905]
http://tablo.1.next.airbnb.com [400] [GET] [text/html] [Invalid URL] [AkamaiGHost] [6088ee636b9ebf64e75afe3b3349b9d3]
http://wolfe.merchdirect.next.airbnb.com [400] [GET] [text/html] [Invalid URL] [AkamaiGHost] [11467d43a880ba50e528886f93a940a1]
