http://api.aloe.capital:2086 [301] [GET] [] [] [cloudflare] [vhost] [cloudflare] [Cloudflare,Cloudflare Network Error Logging] [d41d8cd98f00b204e9800998ecf8427e]
http://api.aloe.capital:8080 [301] [GET] [] [] [cloudflare] [vhost] [cloudflare] [Cloudflare,Cloudflare Network Error Logging] [d41d8cd98f00b204e9800998ecf8427e]
http://api.aloe.capital:8880 [301] [GET] [] [] [cloudflare] [vhost] [cloudflare] [Cloudflare,Cloudflare Network Error Logging] [d41d8cd98f00b204e9800998ecf8427e]
http://docs.aloe.capital:2082 [302] [GET] [] [] [cloudflare] [vhost] [cloudflare] [Cloudflare] [d41d8cd98f00b204e9800998ecf8427e]
http://docs.aloe.capital:2086 [302] [GET] [] [] [cloudflare] [vhost] [cloudflare] [Cloudflare] [d41d8cd98f00b204e9800998ecf8427e]
http://docs.aloe.capital:8080 [302] [GET] [] [] [cloudflare] [vhost] [cloudflare] [Cloudflare] [d41d8cd98f00b204e9800998ecf8427e]
http://docs.aloe.capital:8880 [302] [GET] [] [] [cloudflare] [vhost] [cloudflare] [Cloudflare] [d41d8cd98f00b204e9800998ecf8427e]
https://aloe.capital [200] [GET] [text/html] [Aloe: Automated capital allocation for DeFi] [openresty] [Fastly,Nginx,OpenResty,Varnish,Webflow] [e0e47b00311723a6f36e29e8f998d705]
https://api.aloe.capital [200] [GET] [application/json] [] [cloudflare] [vhost] [cloudflare] [Cloudflare,Cloudflare Network Error Logging] [d7e5fb40d1b43e304158449c3ecd6e5c]
https://api.aloe.capital:2053 [521] [GET] [] [] [cloudflare] [vhost] [cloudflare] [Cloudflare,Cloudflare Network Error Logging] [d41d8cd98f00b204e9800998ecf8427e]
https://api.aloe.capital:2083 [521] [GET] [] [] [cloudflare] [vhost] [cloudflare] [Cloudflare,Cloudflare Network Error Logging] [d41d8cd98f00b204e9800998ecf8427e]
https://api.aloe.capital:2087 [521] [GET] [] [] [cloudflare] [vhost] [cloudflare] [Cloudflare,Cloudflare Network Error Logging] [d41d8cd98f00b204e9800998ecf8427e]
https://api.aloe.capital:8443 [521] [GET] [] [] [cloudflare] [vhost] [cloudflare] [Cloudflare,Cloudflare Network Error Logging] [d41d8cd98f00b204e9800998ecf8427e]
https://app.aloe.capital [200] [GET] [text/html] [Aloe] [Netlify] [vhost] [Netlify] [8a13328d6b82820d29d87ee8396f95c7]
https://docs.aloe.capital [200] [GET] [text/html] [Home - Aloe Protocol] [cloudflare] [vhost] [cloudflare] [Algolia,Cloudflare,Google Cloud,Google Cloud Trace,React] [1ec8fefb69ddb11a8e7cfcd63dd45eec]
https://docs.aloe.capital:2053 [200] [GET] [text/html] [Home - Aloe Protocol] [cloudflare] [vhost] [cloudflare] [Algolia,Cloudflare,Google Cloud,Google Cloud Trace,React] [c786a5e588d0aadbe0617ba3ea7e19be]
https://docs.aloe.capital:2083 [200] [GET] [text/html] [Home - Aloe Protocol] [cloudflare] [vhost] [cloudflare] [Algolia,Cloudflare,Google Cloud,Google Cloud Trace,React] [8be49a694b9adcd89f3d9be8bcbe82f3]
https://docs.aloe.capital:2087 [200] [GET] [text/html] [Home - Aloe Protocol] [cloudflare] [vhost] [cloudflare] [Algolia,Cloudflare,Google Cloud,Google Cloud Trace,React] [af04e579b156d358fdc252f006762cfa]
https://docs.aloe.capital:8443 [200] [GET] [text/html] [Home - Aloe Protocol] [cloudflare] [vhost] [cloudflare] [Algolia,Cloudflare,Google Cloud,Google Cloud Trace,React] [50f72e3a61dac330ddf90d61b9847c44]
https://legacy.aloe.capital [200] [GET] [text/html] [Aloe Capital] [Netlify] [vhost] [Netlify] [801748d75e305a41c0a5ee21701c33d1]
https://www.aloe.capital [301] [GET] [text/html] [301 Moved Permanently] [openresty] [Fastly,Nginx,OpenResty,Varnish] [3ea1c8d079b38532a6e01a96216ba5e2]
