https://alphawallet.com [200] [GET] [text/html] [Open Source Ethereum Wallet | Best Web3 Wallet | AlphaWallet] [LiteSpeed] [vhost] [Google Font API,Google Tag Manager,LiteSpeed,MySQL,PHP:8.0.21,W3 Total Cache,WordPress:6.0.1,Yoast SEO:19.5.1] [b5d5df3c8f3fd1d0cdf8c03a272cc275]
https://alphawallet.com [200] [GET] [text/html] [Open Source Ethereum Wallet | Best Web3 Wallet | AlphaWallet] [LiteSpeed] [vhost] [Google Font API,Google Tag Manager,LiteSpeed,MySQL,PHP:8.0.21,W3 Total Cache,WordPress:6.0.1,Yoast SEO:19.5.1] [c827172a4915d6fbf1db692601332cc0]
https://autoconfig.alphawallet.com [200] [GET] [application/xml] [] [LiteSpeed] [vhost] [LiteSpeed,Litespeed Cache] [826de65aab50f4622fabad7c40e5759a]
https://autoconfig.nft-reviews.alphawallet.com [200] [GET] [application/xml] [] [LiteSpeed] [vhost] [LiteSpeed,Litespeed Cache] [d35507abf0ecc884a6e2566dff0ce147]
https://autoconfig.tokenscript.org.alphawallet.com [200] [GET] [application/xml] [] [LiteSpeed] [vhost] [LiteSpeed,Litespeed Cache] [05d4d237564140eaddf063c999220f05]
https://autodiscover.alphawallet.com [400] [GET] [text/plain] [] [LiteSpeed] [vhost] [LiteSpeed,Litespeed Cache] [f176491bc6dfc0bdd29b0f671718c398]
https://autodiscover.nft-reviews.alphawallet.com [400] [GET] [text/plain] [] [LiteSpeed] [LiteSpeed,Litespeed Cache] [f176491bc6dfc0bdd29b0f671718c398]
https://autodiscover.nft-reviews.alphawallet.com [400] [GET] [text/plain] [] [LiteSpeed] [vhost] [LiteSpeed,Litespeed Cache] [f176491bc6dfc0bdd29b0f671718c398]
https://autodiscover.tokenscript.org.alphawallet.com [400] [GET] [text/plain] [] [LiteSpeed] [vhost] [LiteSpeed,Litespeed Cache] [f176491bc6dfc0bdd29b0f671718c398]
https://cpanel.alphawallet.com [200] [GET] [text/html] [cPanel Login] [LiteSpeed] [vhost] [LiteSpeed,cPanel] [1f4af9572fd7d698dcdf00127c7bb51a]
https://cpanel.alphawallet.com [200] [GET] [text/html] [cPanel Login] [LiteSpeed] [vhost] [LiteSpeed,cPanel] [ebd49b0c44340c86d1227f2d7a5e56f9]
https://cpanel.nft-reviews.alphawallet.com [200] [GET] [text/html] [cPanel Login] [LiteSpeed] [vhost] [LiteSpeed,cPanel] [1cfc908bebb9195c9e40c63bf26529bb]
https://cpanel.nft-reviews.alphawallet.com [200] [GET] [text/html] [cPanel Login] [LiteSpeed] [vhost] [LiteSpeed,cPanel] [772bf621ed044206419e6dfeed049dfc]
https://cpanel.tokenscript.org.alphawallet.com [200] [GET] [text/html] [cPanel Login] [LiteSpeed] [vhost] [LiteSpeed,cPanel] [a46dbb54c63ad1de5ed09047a3860fc7]
https://cpanel.tokenscript.org.alphawallet.com [200] [GET] [text/html] [cPanel Login] [LiteSpeed] [vhost] [LiteSpeed,cPanel] [d863883d0cccdb356e2c1efcc5f22eb0]
https://cpcalendars.alphawallet.com [401] [GET] [text/html] [] [LiteSpeed] [vhost] [Basic,LiteSpeed] [b9a67f31224392f38fc1594470f20bd8]
https://cpcalendars.nft-reviews.alphawallet.com [401] [GET] [text/html] [] [LiteSpeed] [vhost] [Basic,LiteSpeed] [b9a67f31224392f38fc1594470f20bd8]
https://cpcalendars.tokenscript.org.alphawallet.com [401] [GET] [text/html] [] [LiteSpeed] [vhost] [Basic,LiteSpeed] [b9a67f31224392f38fc1594470f20bd8]
https://cpcontacts.alphawallet.com [401] [GET] [text/html] [] [LiteSpeed] [vhost] [Basic,LiteSpeed] [b9a67f31224392f38fc1594470f20bd8]
https://cpcontacts.tokenscript.org.alphawallet.com [401] [GET] [text/html] [] [LiteSpeed] [vhost] [Basic,LiteSpeed] [b9a67f31224392f38fc1594470f20bd8]
https://d.alphawallet.com [200] [GET] [text/html] [] [GitHub.com] [vhost] [Fastly,GitHub Pages,Varnish] [15806623e9aca622f94b2024aa6742f4]
https://ftp.alphawallet.com [200] [GET] [text/html] [AA Central Victorian District – AA Central Victorian District] [LiteSpeed] [Google Font API,LiteSpeed,PHP,SitePad,animate.css] [bdd9d17d4f914091526f406021f70f94]
https://ftp.alphawallet.com [200] [GET] [text/html] [AA Central Victorian District – AA Central Victorian District] [LiteSpeed] [Google Font API,LiteSpeed,PHP,SitePad,animate.css] [c1425b8a04d39337b1afced564533733]
https://mail.alphawallet.com [301] [GET] [text/html] [] [LiteSpeed] [vhost] [LiteSpeed,PHP:8.0.21] [d41d8cd98f00b204e9800998ecf8427e]
https://nft-reviews.alphawallet.com [301] [GET] [text/html] [] [LiteSpeed] [vhost] [LiteSpeed,PHP:8.0.21] [d41d8cd98f00b204e9800998ecf8427e]
https://tf.alphawallet.com [200] [GET] [text/html] [NFT Token Factory] [GitHub.com] [vhost] [Bootstrap,Fastly,GitHub Pages,Varnish] [42ad8db1a9c7d739673b2ddcf5e73cf6]
https://tokenscript.org.alphawallet.com [200] [GET] [text/html] [Introduction to TokenScript] [LiteSpeed] [vhost] [Google Font API,LiteSpeed] [256eec52e43da383feeed99928a6bc29]
https://webdisk.alphawallet.com [401] [GET] [text/html] [] [LiteSpeed] [vhost] [Basic,LiteSpeed] [b9a67f31224392f38fc1594470f20bd8]
https://webdisk.nft-reviews.alphawallet.com [401] [GET] [text/html] [] [LiteSpeed] [vhost] [Basic,LiteSpeed] [b9a67f31224392f38fc1594470f20bd8]
https://webdisk.tokenscript.org.alphawallet.com [401] [GET] [text/html] [] [LiteSpeed] [vhost] [Basic,LiteSpeed] [b9a67f31224392f38fc1594470f20bd8]
https://webmail.alphawallet.com [200] [GET] [text/html] [Webmail Login] [LiteSpeed] [vhost] [LiteSpeed] [3e32f167a13575f6f2d92066db3c7a35]
https://webmail.alphawallet.com [200] [GET] [text/html] [Webmail Login] [LiteSpeed] [vhost] [LiteSpeed] [f32aa9b7f92e64898ecf0a339400a443]
https://webmail.nft-reviews.alphawallet.com [200] [GET] [text/html] [Webmail Login] [LiteSpeed] [vhost] [LiteSpeed] [32e167555b3fc1e37ec2a04bbe4aaea9]
https://webmail.nft-reviews.alphawallet.com [200] [GET] [text/html] [Webmail Login] [LiteSpeed] [vhost] [LiteSpeed] [3f3a66159f80ba0b122dd742704b1bc5]
https://webmail.tokenscript.org.alphawallet.com [200] [GET] [text/html] [Webmail Login] [LiteSpeed] [vhost] [LiteSpeed] [32e167555b3fc1e37ec2a04bbe4aaea9]
https://webmail.tokenscript.org.alphawallet.com [200] [GET] [text/html] [Webmail Login] [LiteSpeed] [vhost] [LiteSpeed] [f32aa9b7f92e64898ecf0a339400a443]
https://whm.nft-reviews.alphawallet.com [200] [GET] [text/html] [WHM Login] [LiteSpeed] [vhost] [LiteSpeed] [3e7ea2fcf5ef00cf2b71b9a111e624b5]
https://whm.nft-reviews.alphawallet.com [200] [GET] [text/html] [WHM Login] [LiteSpeed] [vhost] [LiteSpeed] [8b397b8e5cde16baaedb791814452eda]
https://whm.tokenscript.org.alphawallet.com [200] [GET] [text/html] [WHM Login] [LiteSpeed] [vhost] [LiteSpeed] [3959ddce412a9b3e5e0065b9ab4dbaec]
https://whm.tokenscript.org.alphawallet.com [200] [GET] [text/html] [WHM Login] [LiteSpeed] [vhost] [LiteSpeed] [6bba33b51d65d8e1ec8b777015adcdaa]
https://www.alphawallet.com [301] [GET] [text/html] [] [LiteSpeed] [vhost] [LiteSpeed,PHP:8.0.21] [d41d8cd98f00b204e9800998ecf8427e]
https://www.nft-reviews.alphawallet.com [301] [GET] [text/html] [] [LiteSpeed] [vhost] [LiteSpeed,PHP:8.0.21] [d41d8cd98f00b204e9800998ecf8427e]
https://www.tokenscript.org.alphawallet.com [200] [GET] [text/html] [Introduction to TokenScript] [LiteSpeed] [vhost] [Google Font API,LiteSpeed] [256eec52e43da383feeed99928a6bc29]
https://x.alphawallet.com [200] [GET] [text/html] [NFT Token Factory] [GitHub.com] [vhost] [Bootstrap,Fastly,GitHub Pages,Varnish] [2a79980ec94b3c9149926a33b6074204]
