http://amsterdam-inap-107-6-164-90.ankr.com:8545 [200] [GET] [] [] [] [d41d8cd98f00b204e9800998ecf8427e]
http://amsterdam-inap-198-20-96-178.ankr.com:8545 [200] [GET] [] [] [] [d41d8cd98f00b204e9800998ecf8427e]
http://ape-dev.ankr.com:10009 [200] [GET] [] [] [nginx/1.18.0 (Ubuntu)] [Nginx:1.18.0,Ubuntu] [d41d8cd98f00b204e9800998ecf8427e]
http://ape-dev.ankr.com:8545 [200] [GET] [] [] [] [d41d8cd98f00b204e9800998ecf8427e]
http://ape-stage.ankr.com:10009 [200] [GET] [] [] [nginx/1.18.0 (Ubuntu)] [Nginx:1.18.0,Ubuntu] [d41d8cd98f00b204e9800998ecf8427e]
http://ape-stage.ankr.com:8545 [200] [GET] [] [] [] [d41d8cd98f00b204e9800998ecf8427e]
http://api-dev.ankr.com:9000 [200] [GET] [text/html] [Graylog Web Interface] [] [7fb719be60d4b1cea41e90f83a4e1c7a]
http://apis-default.ankr.com:9100 [200] [GET] [text/html] [Node Exporter] [] [5b2ba33259efadf489d28570766e5de8]
http://apis-sj.ankr.com:9080 [404] [GET] [text/plain] [] [] [595e88012a6521aae3e12cbebe76eb9e]
http://ara.ankr.com:8000 [200] [GET] [text/html] [ara | Playbook reports: 1-100 of 5625] [gunicorn/20.0.4] [vhost] [Python,gunicorn:20.0.4] [954bf998d03ad278184feaaf0dc313f4]
http://ara.ankr.com:9090 [404] [GET] [text/plain] [] [] [595e88012a6521aae3e12cbebe76eb9e]
http://avalanche-01-flipside.ankr.com:10009 [200] [GET] [] [] [nginx/1.18.0 (Ubuntu)] [Nginx:1.18.0,Ubuntu] [d41d8cd98f00b204e9800998ecf8427e]
http://avalanche-01-flipside.ankr.com:8545 [200] [GET] [] [] [] [d41d8cd98f00b204e9800998ecf8427e]
http://avax-anthony.ankr.com:10009 [200] [GET] [] [] [nginx/1.18.0 (Ubuntu)] [Nginx:1.18.0,Ubuntu] [d41d8cd98f00b204e9800998ecf8427e]
http://avax-anthony.ankr.com:8545 [200] [GET] [] [] [] [d41d8cd98f00b204e9800998ecf8427e]
http://avax-berkeley.ankr.com:10009 [200] [GET] [] [] [nginx/1.18.0 (Ubuntu)] [Nginx:1.18.0,Ubuntu] [d41d8cd98f00b204e9800998ecf8427e]
http://avax-berkeley.ankr.com:8545 [200] [GET] [] [] [] [d41d8cd98f00b204e9800998ecf8427e]
http://avax-fujitestnet-01.dccn.ankr.com:3000 [302] [GET] [text/html] [] [] [cb0b177a86bb404bfe3fb7697196e9b7]
http://avax-fujitestnet-01.dccn.ankr.com:9090 [302] [GET] [text/html] [] [] [409c99334099065c3a4e61691f8b5d8a]
http://avax-fujitestnet-01.dccn.ankr.com:9100 [200] [GET] [text/html] [Node Exporter] [] [5b2ba33259efadf489d28570766e5de8]
http://awx.ankr.com:8000 [400] [GET] [text/html] [] [gunicorn/20.0.4] [Python,gunicorn:20.0.4] [571e88fb6da35fec3989eca6b40f5e20]
http://awx.ankr.com:9090 [404] [GET] [text/plain] [] [] [595e88012a6521aae3e12cbebe76eb9e]
http://backoffice.dev-01.bas.ankr.com:3000 [200] [GET] [text/html] [BAS: Faucet] [] [Bootstrap:3.3.7,Font Awesome] [3de424008475eed23e9b52ff7375fa8f]
http://backoffice.dev-01.bas.ankr.com:3001 [200] [GET] [text/html] [React App] [nginx/1.23.0] [Nginx:1.23.0,React] [7618df35017b71c0d70aa3833b553fe4]
http://backoffice.dev-01.bas.ankr.com:4000 [200] [GET] [text/html] [Sokol POA Explorer] [Cowboy] [Cowboy] [dd3a1e41c6ae3f46e13b44f038245121]
http://blockscout.dev-02.bas.ankr.com:3000 [200] [GET] [text/html] [BAS: Faucet] [] [Bootstrap:3.3.7,Font Awesome] [3de424008475eed23e9b52ff7375fa8f]
http://blockscout.dev-02.bas.ankr.com:3001 [200] [GET] [text/html] [React App] [nginx/1.23.0] [Nginx:1.23.0,React] [7618df35017b71c0d70aa3833b553fe4]
http://blockscout.dev-02.bas.ankr.com:4000 [200] [GET] [text/html] [Sokol POA Explorer] [Cowboy] [Cowboy] [7d4f10837089824895d3ed49f01761c7]
http://blockscout.dev-02.bas.ankr.com:8545 [200] [GET] [] [] [] [d41d8cd98f00b204e9800998ecf8427e]
http://blockscout.dev-02.bas.ankr.com:9000 [200] [GET] [text/html] [Chainscaner] [] [00b4a929526577e2a1794223e583580a]
http://blue.ankr.com:9080 [404] [GET] [text/plain] [] [] [595e88012a6521aae3e12cbebe76eb9e]
http://bounce.ankr.com [301] [GET] [] [] [AmazonS3] [vhost] [Amazon S3,Amazon Web Services] [d41d8cd98f00b204e9800998ecf8427e]
http://bridge-backend.ankr.com:9080 [404] [GET] [text/plain] [] [] [595e88012a6521aae3e12cbebe76eb9e]
http://bridge-backend.ankr.com:9081 [404] [GET] [text/plain] [] [] [595e88012a6521aae3e12cbebe76eb9e]
http://bridge-dev.ankr.com:10009 [200] [GET] [] [] [nginx/1.18.0 (Ubuntu)] [Nginx:1.18.0,Ubuntu] [d41d8cd98f00b204e9800998ecf8427e]
http://bridge-dev.ankr.com:8545 [200] [GET] [] [] [] [d41d8cd98f00b204e9800998ecf8427e]
http://bsc.ankr.com:9100 [200] [GET] [text/html] [Node Exporter] [] [5b2ba33259efadf489d28570766e5de8]
http://btc-03.dccn.ankr.com:81 [503] [GET] [text/html] [Redirect] [nginx] [Nginx] [28077022f1b6ae77b8e6d713f9363982]
http://chain-01.dccn.ankr.com [302] [GET] [text/html] [] [nginx] [Nginx] [d41d8cd98f00b204e9800998ecf8427e]
http://chain-arthur.dccn.ankr.com [302] [GET] [text/html] [] [nginx] [Nginx] [d41d8cd98f00b204e9800998ecf8427e]
http://chain-berkeley-test.dccn.ankr.com [200] [GET] [text/html] [Welcome to your Strapi app] [nginx/1.18.0 (Ubuntu)] [Google Font API,Nginx:1.18.0,Strapi,Ubuntu] [ef82769555b652a48e3e4572d062be22]
http://chain-stage-03.dccn.ankr.com [302] [GET] [text/html] [Redirecting to /public] [nginx/1.18.0] [Nginx:1.18.0] [f716413c22ff9718b7e70289ddf33aae]
http://consul.ankr.com:8000 [400] [GET] [text/html] [] [gunicorn/20.0.4] [Python,gunicorn:20.0.4] [571e88fb6da35fec3989eca6b40f5e20]
http://consul.ankr.com:9090 [404] [GET] [text/plain] [] [] [595e88012a6521aae3e12cbebe76eb9e]
http://edge-testnet.ankr.com [301] [GET] [text/html] [301 Moved Permanently] [nginx] [vhost] [Nginx] [4f8e702cc244ec5d4de32740c0ecbd97]
http://eth-01.dccn.ankr.com:8080 [404] [GET] [text/plain] [] [] [53af239ee5d3e261545dededcb6ffd57]
http://eth-01-defipulse.ankr.com:10009 [200] [GET] [] [] [nginx/1.18.0 (Ubuntu)] [Nginx:1.18.0,Ubuntu] [d41d8cd98f00b204e9800998ecf8427e]
http://eth-01-defipulse.ankr.com:8545 [200] [GET] [] [] [] [d41d8cd98f00b204e9800998ecf8427e]
http://eth.dccn.ankr.com:8080 [404] [GET] [text/plain] [] [] [53af239ee5d3e261545dededcb6ffd57]
http://eth-goerli-02.dccn.ankr.com:8545 [200] [GET] [] [] [] [d41d8cd98f00b204e9800998ecf8427e]
http://eth-ropsten-01.dccn.ankr.com [200] [GET] [text/html] [Welcome] [nginx/1.18.0 (Ubuntu)] [Nginx:1.18.0,Ubuntu] [00cba4ea442e1a4e65091d703fbe608d]
http://explorer.dev-01.bas.ankr.com:3000 [200] [GET] [text/html] [BAS: Faucet] [] [Bootstrap:3.3.7,Font Awesome] [3de424008475eed23e9b52ff7375fa8f]
http://explorer.dev-01.bas.ankr.com:3001 [200] [GET] [text/html] [React App] [nginx/1.23.0] [Nginx:1.23.0,React] [7618df35017b71c0d70aa3833b553fe4]
http://explorer.dev-01.bas.ankr.com:4000 [200] [GET] [text/html] [Sokol POA Explorer] [Cowboy] [Cowboy] [e1099a1334a13ee8a3e510452d3e77a8]
http://explorer.dev-02.bas.ankr.com:3000 [200] [GET] [text/html] [BAS: Faucet] [] [Bootstrap:3.3.7,Font Awesome] [3de424008475eed23e9b52ff7375fa8f]
http://explorer.dev-02.bas.ankr.com:3001 [200] [GET] [text/html] [React App] [nginx/1.23.0] [Nginx:1.23.0,React] [7618df35017b71c0d70aa3833b553fe4]
http://explorer.dev-02.bas.ankr.com:4000 [200] [GET] [text/html] [Sokol POA Explorer] [Cowboy] [Cowboy] [338eb7aba70addf29686f20c7acaeea5]
http://explorer.dev-02.bas.ankr.com:8545 [200] [GET] [] [] [] [d41d8cd98f00b204e9800998ecf8427e]
http://explorer.dev-02.bas.ankr.com:9000 [200] [GET] [text/html] [Chainscaner] [] [00b4a929526577e2a1794223e583580a]
http://explorer.meta-ape-bas-mainnet.ankr.com:4000 [200] [GET] [text/html] [BAS mainnet BAS Explorer] [Cowboy] [Cowboy] [ca1c19ceecf25fc37382542f9c668da5]
http://explorer.meta-ape-bas-testnet-02.ankr.com:4000 [200] [GET] [text/html] [Sokol POA Explorer] [Cowboy] [Cowboy] [578cac21bbcd3744ed11abbcd1752e44]
http://explorer-meta-ape-edge-testnet.ankr.com:4000 [200] [GET] [text/html] [Sokol POA Explorer] [Cowboy] [Cowboy] [1e6675ada3ba7907f1e70196d2521e35]
http://explorer.multiverse-bas-testnet.ankr.com:4000 [200] [GET] [text/html] [Awesome chain  Explorer] [Cowboy] [Cowboy] [fecae0f46536607bbad8824f4baff2f6]
http://faucet.dev-01.bas.ankr.com:3000 [200] [GET] [text/html] [BAS: Faucet] [] [Bootstrap:3.3.7,Font Awesome] [3de424008475eed23e9b52ff7375fa8f]
http://faucet.dev-01.bas.ankr.com:3001 [200] [GET] [text/html] [React App] [nginx/1.23.0] [Nginx:1.23.0,React] [7618df35017b71c0d70aa3833b553fe4]
http://faucet.dev-01.bas.ankr.com:4000 [200] [GET] [text/html] [Sokol POA Explorer] [Cowboy] [Cowboy] [a942b5be50f81e547b0c4b40bef3b39d]
http://faucet.dev-02.bas.ankr.com:3000 [200] [GET] [text/html] [BAS: Faucet] [] [Bootstrap:3.3.7,Font Awesome] [3de424008475eed23e9b52ff7375fa8f]
http://faucet.dev-02.bas.ankr.com:3001 [200] [GET] [text/html] [React App] [nginx/1.23.0] [Nginx:1.23.0,React] [7618df35017b71c0d70aa3833b553fe4]
http://faucet.dev-02.bas.ankr.com:4000 [200] [GET] [text/html] [Sokol POA Explorer] [Cowboy] [Cowboy] [0926e1a4202b95a074e1c9e69f4ce0bc]
http://faucet.dev-02.bas.ankr.com:8545 [200] [GET] [] [] [] [d41d8cd98f00b204e9800998ecf8427e]
http://faucet.dev-02.bas.ankr.com:9000 [200] [GET] [text/html] [Chainscaner] [] [00b4a929526577e2a1794223e583580a]
http://faucet.meta-ape-bas-testnet-02.ankr.com:4000 [200] [GET] [text/html] [Sokol POA Explorer] [Cowboy] [Cowboy] [e460188d2214fe4e114978156cb8ff36]
http://faucet.multiverse-bas-testnet.ankr.com:4000 [200] [GET] [text/html] [Awesome chain  Explorer] [Cowboy] [Cowboy] [051971abb46e1dce9954f2ac4e809f8b]
http://flow-node-01.ankr.com:8000 [500] [GET] [text/plain] [] [] [2f62c8c33a8fe0ca390e90dd10ea488c]
http://flow-node-01.ankr.com:8080 [404] [GET] [text/plain] [] [] [595e88012a6521aae3e12cbebe76eb9e]
http://flow-node-02.ankr.com:8000 [500] [GET] [text/plain] [] [] [2f62c8c33a8fe0ca390e90dd10ea488c]
http://flow-node-02.ankr.com:8080 [404] [GET] [text/plain] [] [] [595e88012a6521aae3e12cbebe76eb9e]
http://grafana-api.ankr.com:9100 [200] [GET] [text/html] [Node Exporter] [] [5b2ba33259efadf489d28570766e5de8]
http://helpdesk.ankr.com [301] [GET] [] [] [AmazonS3] [vhost] [cloudfront] [Amazon Cloudfront,Amazon S3,Amazon Web Services] [d41d8cd98f00b204e9800998ecf8427e]
http://hk-cn.ankr.com:10000 [403] [GET] [text/html] [世纪互联242] [ADM/2.1.1] [ce392c85a9dba1e7d86a109b4233bea3]
http://hk-cn.ankr.com:22 [403] [GET] [text/html] [世纪互联242] [ADM/2.1.1] [ce392c85a9dba1e7d86a109b4233bea3]
http://hk-cn.ankr.com [403] [GET] [text/html] [世纪互联242] [ADM/2.1.1] [vhost] [ce392c85a9dba1e7d86a109b4233bea3]
http://hk-cn.ankr.com:8545 [403] [GET] [text/html] [世纪互联242] [ADM/2.1.1] [ce392c85a9dba1e7d86a109b4233bea3]
http://hk-cosmos1.ankr.com:10009 [200] [GET] [] [] [nginx/1.18.0 (Ubuntu)] [Nginx:1.18.0,Ubuntu] [d41d8cd98f00b204e9800998ecf8427e]
http://hk-cosmos1.ankr.com:8545 [200] [GET] [] [] [] [d41d8cd98f00b204e9800998ecf8427e]
http://hub-cn.ankr.com [404] [GET] [text/html] [404 Not Found] [nginx/1.18.0 (Ubuntu)] [Nginx:1.18.0,Ubuntu] [5da4c1420f84ec727d1b6bdd0d46e62e]
http://hub-dev.ankr.com [404] [GET] [text/plain] [] [] [595e88012a6521aae3e12cbebe76eb9e]
http://iaas.ankr.com:9091 [404] [GET] [text/plain] [] [] [595e88012a6521aae3e12cbebe76eb9e]
http://image-cn.ankr.com:9100 [200] [GET] [text/html] [Node Exporter] [] [5b2ba33259efadf489d28570766e5de8]
http://kusama-hetzner-01.ankr.com:9944 [400] [GET] [] [] [] [7d13b8765d3e0000823ba114752dc208]
http://kusama-hetzner-02.ankr.com:9944 [400] [GET] [] [] [] [7d13b8765d3e0000823ba114752dc208]
http://kusama-hetzner-03.ankr.com:9944 [400] [GET] [] [] [] [7d13b8765d3e0000823ba114752dc208]
http://kusama-hetzner-04.ankr.com:9944 [400] [GET] [] [] [] [7d13b8765d3e0000823ba114752dc208]
http://kv.ankr.com [404] [GET] [text/html] [404 Not Found] [nginx/1.18.0 (Ubuntu)] [Nginx:1.18.0,Ubuntu] [5da4c1420f84ec727d1b6bdd0d46e62e]
http://matic-mainnet-01.ankr.com:10009 [200] [GET] [] [] [nginx/1.18.0 (Ubuntu)] [Nginx:1.18.0,Ubuntu] [d41d8cd98f00b204e9800998ecf8427e]
http://matic-mainnet-01.ankr.com:8545 [200] [GET] [] [] [] [d41d8cd98f00b204e9800998ecf8427e]
http://meta-ape-bas-mainnet.ankr.com:4000 [200] [GET] [text/html] [BAS mainnet BAS Explorer] [Cowboy] [Cowboy] [d022c0cf83e26f85a99051133ff8c006]
http://meta-ape-edge-testnet-02.ankr.com:8545 [200] [GET] [application/json] [] [] [247f0343dcc26e649e663ba3c6d38970]
http://meta-ape-edge-testnet-03.ankr.com:8545 [200] [GET] [application/json] [] [] [247f0343dcc26e649e663ba3c6d38970]
http://meta-ape-edge-testnet-05.ankr.com:8545 [200] [GET] [application/json] [] [] [247f0343dcc26e649e663ba3c6d38970]
http://monitor.ankr.com:9090 [302] [GET] [text/html] [] [] [409c99334099065c3a4e61691f8b5d8a]
http://moonsis-tokyo-02.ankr.com:8545 [405] [GET] [text/plain] [] [] [1bb04b36221098efe0950d88be98a000]
http://netbox.ankr.com:8000 [400] [GET] [text/html] [] [gunicorn/20.0.4] [Python,gunicorn:20.0.4] [571e88fb6da35fec3989eca6b40f5e20]
http://netbox.ankr.com:9090 [404] [GET] [text/plain] [] [] [595e88012a6521aae3e12cbebe76eb9e]
http://new-jersey-inap-72-251-231-72.ankr.com:8545 [200] [GET] [] [] [] [d41d8cd98f00b204e9800998ecf8427e]
http://nodes-ankrscan-01.ankr.com:7071 [404] [GET] [text/plain] [] [] [595e88012a6521aae3e12cbebe76eb9e]
http://okex.ankr.com:9100 [200] [GET] [text/html] [Node Exporter] [] [5b2ba33259efadf489d28570766e5de8]
http://openstack.ankr.com:10009 [200] [GET] [] [] [nginx/1.18.0 (Ubuntu)] [Nginx:1.18.0,Ubuntu] [d41d8cd98f00b204e9800998ecf8427e]
http://openstack.ankr.com:8545 [200] [GET] [] [] [] [d41d8cd98f00b204e9800998ecf8427e]
http://packages.ankr.com:8000 [400] [GET] [text/html] [] [gunicorn/20.0.4] [Python,gunicorn:20.0.4] [571e88fb6da35fec3989eca6b40f5e20]
http://packages.ankr.com:9090 [404] [GET] [text/plain] [] [] [595e88012a6521aae3e12cbebe76eb9e]
http://plat-stage.ankr.com:10009 [200] [GET] [] [] [nginx/1.18.0 (Ubuntu)] [Nginx:1.18.0,Ubuntu] [d41d8cd98f00b204e9800998ecf8427e]
http://plat-stage.ankr.com:8545 [200] [GET] [] [] [] [d41d8cd98f00b204e9800998ecf8427e]
http://polygon-01-defipulse.ankr.com:10009 [200] [GET] [] [] [nginx/1.18.0 (Ubuntu)] [Nginx:1.18.0,Ubuntu] [d41d8cd98f00b204e9800998ecf8427e]
http://polygon-01-defipulse.ankr.com:8545 [200] [GET] [] [] [] [d41d8cd98f00b204e9800998ecf8427e]
http://proxy.ankr.com:9000 [200] [GET] [text/html] [Graylog Web Interface] [] [7fb719be60d4b1cea41e90f83a4e1c7a]
http://roadmap.ankr.com:9001 [401] [GET] [text/html] [Error response] [Medusa/1.12] [Basic] [12df2f2ea033022f149044fb6eab23cb]
http://rpc.ankr.com:2082 [301] [GET] [] [] [cloudflare] [vhost] [cloudflare] [Cloudflare] [d41d8cd98f00b204e9800998ecf8427e]
http://rpc.ankr.com:2086 [301] [GET] [] [] [cloudflare] [vhost] [cloudflare] [Cloudflare] [d41d8cd98f00b204e9800998ecf8427e]
http://rpc.ankr.com:2095 [301] [GET] [] [] [cloudflare] [vhost] [cloudflare] [Cloudflare] [d41d8cd98f00b204e9800998ecf8427e]
http://rpc.ankr.com:8080 [301] [GET] [] [] [cloudflare] [vhost] [cloudflare] [Cloudflare] [d41d8cd98f00b204e9800998ecf8427e]
http://rpc.ankr.com:8880 [301] [GET] [] [] [cloudflare] [vhost] [cloudflare] [Cloudflare] [d41d8cd98f00b204e9800998ecf8427e]
http://rpc.dev-01.bas.ankr.com:3000 [200] [GET] [text/html] [BAS: Faucet] [] [Bootstrap:3.3.7,Font Awesome] [3de424008475eed23e9b52ff7375fa8f]
http://rpc.dev-01.bas.ankr.com:3001 [200] [GET] [text/html] [React App] [nginx/1.23.0] [Nginx:1.23.0,React] [7618df35017b71c0d70aa3833b553fe4]
http://rpc.dev-01.bas.ankr.com:4000 [200] [GET] [text/html] [Sokol POA Explorer] [Cowboy] [Cowboy] [2df238aa43e96ef4fb7802357f678052]
http://rpc.dev-02.bas.ankr.com:3000 [200] [GET] [text/html] [BAS: Faucet] [] [Bootstrap:3.3.7,Font Awesome] [3de424008475eed23e9b52ff7375fa8f]
http://rpc.dev-02.bas.ankr.com:3001 [200] [GET] [text/html] [React App] [nginx/1.23.0] [Nginx:1.23.0,React] [7618df35017b71c0d70aa3833b553fe4]
http://rpc.dev-02.bas.ankr.com:4000 [200] [GET] [text/html] [Sokol POA Explorer] [Cowboy] [Cowboy] [5f32092f9d1a0a9544c1237049e6b5e2]
http://rpc.dev-02.bas.ankr.com:8545 [200] [GET] [] [] [] [d41d8cd98f00b204e9800998ecf8427e]
http://rpc.dev-02.bas.ankr.com:9000 [200] [GET] [text/html] [Chainscaner] [] [00b4a929526577e2a1794223e583580a]
https://ads.game.ankr.com [200] [GET] [application/json] [] [] [vhost] [Express,Node.js] [a06b52f983d1b0197131d2c28fc2e102]
https://amsterdam-inap-107-6-164-90.ankr.com [200] [GET] [text/html] [Welcome to nginx!] [nginx/1.18.0 (Ubuntu)] [Nginx:1.18.0,Ubuntu] [e3eb0a1df437f3f97a64aca5952c8ea0]
https://amsterdam-inap-107-6-173-34.ankr.com [200] [GET] [] [] [nginx/1.18.0 (Ubuntu)] [Nginx:1.18.0,Ubuntu] [d41d8cd98f00b204e9800998ecf8427e]
https://amsterdam-inap-107-6-176-66.ankr.com [200] [GET] [] [] [nginx/1.18.0 (Ubuntu)] [Nginx:1.18.0,Ubuntu] [d41d8cd98f00b204e9800998ecf8427e]
https://amsterdam-inap-198-20-96-178.ankr.com [200] [GET] [text/html] [Welcome to nginx!] [nginx/1.18.0 (Ubuntu)] [Nginx:1.18.0,Ubuntu] [e3eb0a1df437f3f97a64aca5952c8ea0]
https://amsterdam-inap-63-251-232-119.ankr.com [200] [GET] [text/html] [Index of /] [nginx/1.18.0 (Ubuntu)] [Nginx:1.18.0,Ubuntu] [1ed29b7c42df844ad374af033c57fbdd]
https://amsterdam-inap-63-251-232-123.ankr.com [200] [GET] [] [] [nginx/1.18.0 (Ubuntu)] [Nginx:1.18.0,Ubuntu] [d41d8cd98f00b204e9800998ecf8427e]
https://amsterdam-inap-63-251-232-124.ankr.com [200] [GET] [text/html] [Index of /] [nginx/1.18.0 (Ubuntu)] [Nginx:1.18.0,Ubuntu] [8e223f2e198b4a029118027d3b40e007]
https://ankr.com [301] [GET] [] [] [AmazonS3] [vhost] [cloudfront] [Amazon Cloudfront,Amazon S3,Amazon Web Services] [d41d8cd98f00b204e9800998ecf8427e]
https://ape.ankr.com [200] [GET] [text/html] [Ant Design Pro] [nginx] [Ant Design,Nginx] [445b8875c26ce0c597c99707ea623d49]
https://ape-dev.ankr.com [200] [GET] [text/html] [Ant Design Pro] [nginx] [vhost] [Ant Design,Nginx] [fdc32ff10a7d64d9abd14bde9c7ff964]
https://ape-polygon.ankr.com [502] [GET] [text/html] [502 Bad Gateway] [nginx] [vhost] [Nginx] [eac0a6a53d4a4353aace122055b4b4c8]
https://ape-stage.ankr.com [200] [GET] [text/html] [Ant Design Pro] [nginx] [vhost] [Ant Design,Nginx] [d51f50a9ce02fd13ee78167da08dd15d]
https://api-ape-stage.ankr.com [200] [GET] [] [] [nginx] [Nginx] [d41d8cd98f00b204e9800998ecf8427e]
https://api.blog.ankr.com [404] [GET] [text/html] [] [openresty] [Nginx,OpenResty] [8c63daddc80fb1482598b756fbad5816]
https://api.blog.ankr.com:6443 [403] [GET] [application/json] [] [] [7ad5e6d9a29e2ee4272945e6dc9845e8]
https://api.blog.ankr.com:8443 [404] [GET] [text/plain] [] [nginx/1.18.0 (Ubuntu)] [Nginx:1.18.0,Ubuntu] [595e88012a6521aae3e12cbebe76eb9e]
https://api.chain-monitor.ankr.com [404] [GET] [text/plain] [] [nginx/1.18.0 (Ubuntu)] [Nginx:1.18.0,Ubuntu] [595e88012a6521aae3e12cbebe76eb9e]
https://api-geth-archive-2.ankr.com [401] [GET] [text/html] [401 Authorization Required] [nginx/1.14.0 (Ubuntu)] [Basic,Nginx:1.14.0,Ubuntu] [1cf1968c1d60ac2fc05585fa41d075e2]
https://api-geth-archive-2.ankr.com [401] [GET] [text/html] [401 Authorization Required] [nginx/1.14.0 (Ubuntu)] [Basic,Nginx:1.14.0,Ubuntu] [43b727d72a03e92e9a5ca44f7dac5308]
https://api-geth-archive.ankr.com [401] [GET] [text/html] [401 Authorization Required] [nginx/1.14.0 (Ubuntu)] [Basic,Nginx:1.14.0,Ubuntu] [1cf1968c1d60ac2fc05585fa41d075e2]
https://api-parity.ankr.com [200] [GET] [text/html] [Worksuite-saas Not installed] [Apache/2.4.41 (Ubuntu)] [Apache:2.4.41,Bootstrap:3.3.6,Font Awesome,Ubuntu] [2c385bdc685603dcb564b3c82ea71473]
https://api-parity-ropsten.ankr.com [302] [GET] [text/html] [] [OpenVPN-AS] [d41d8cd98f00b204e9800998ecf8427e]
https://apis.ankr.com:10250 [404] [GET] [text/plain] [] [] [595e88012a6521aae3e12cbebe76eb9e]
https://apis.ankr.com [404] [GET] [text/html] [] [openresty] [Nginx,OpenResty] [8c63daddc80fb1482598b756fbad5816]
https://apis-cache.ankr.com [404] [GET] [text/html] [] [openresty] [vhost] [cloudfront] [Amazon Cloudfront,Amazon Web Services,Nginx,OpenResty] [8c63daddc80fb1482598b756fbad5816]
https://apis-default.ankr.com [404] [GET] [text/html] [] [openresty] [Nginx,OpenResty] [8c63daddc80fb1482598b756fbad5816]
https://apis-default.ankr.com:6443 [403] [GET] [application/json] [] [] [7ad5e6d9a29e2ee4272945e6dc9845e8]
https://api-service-stage.ankr.com [200] [GET] [text/html] [Ankr - A World Powered by US] [AmazonS3] [vhost] [cloudfront] [Amazon Cloudfront,Amazon S3,Amazon Web Services,Google Font API] [6000509123fdc30b63d958aca792b6d1]
https://apis-hk.ankr.com [404] [GET] [text/html] [] [openresty] [Nginx,OpenResty] [8c63daddc80fb1482598b756fbad5816]
https://apis-hk.ankr.com:6443 [403] [GET] [application/json] [] [] [7ad5e6d9a29e2ee4272945e6dc9845e8]
https://apis-hk.ankr.com:8443 [404] [GET] [text/plain] [] [nginx/1.18.0 (Ubuntu)] [Nginx:1.18.0,Ubuntu] [595e88012a6521aae3e12cbebe76eb9e]
https://apismasterla.ankr.com:6443 [403] [GET] [application/json] [] [] [7ad5e6d9a29e2ee4272945e6dc9845e8]
https://apis-newstage.ankr.com:10250 [404] [GET] [text/plain] [] [] [595e88012a6521aae3e12cbebe76eb9e]
https://apis-newstage.ankr.com [404] [GET] [text/html] [] [openresty] [Nginx,OpenResty] [8c63daddc80fb1482598b756fbad5816]
https://apis-newstage.ankr.com:6443 [403] [GET] [application/json] [] [] [a797b47875d8fd5c949066182902099d]
https://apis-sj.ankr.com [404] [GET] [text/html] [] [openresty] [Nginx,OpenResty] [8c63daddc80fb1482598b756fbad5816]
https://apis-sj.ankr.com:6443 [403] [GET] [application/json] [] [] [7ad5e6d9a29e2ee4272945e6dc9845e8]
https://apis-stage.ankr.com [404] [GET] [text/html] [] [openresty] [Nginx,OpenResty] [8c63daddc80fb1482598b756fbad5816]
https://api.stkr-dev.ankr.com [404] [GET] [text/html] [404 Not Found] [] [370e16c3b7dba286cff055f93b9a94d8]
https://api.stkr-goerli.ankr.com [404] [GET] [text/html] [404 Not Found] [] [370e16c3b7dba286cff055f93b9a94d8]
https://app.ankr.com [200] [GET] [text/html] [Ankr - A World Powered by US] [AmazonS3] [vhost] [cloudfront] [Amazon Cloudfront,Amazon S3,Amazon Web Services,Google Font API] [0842761d023e3aca44ad88ea9945bd0b]
https://app-newstage.ankr.com [404] [GET] [text/plain] [] [nginx/1.18.0 (Ubuntu)] [Nginx:1.18.0,Ubuntu] [595e88012a6521aae3e12cbebe76eb9e]
https://app-stage.ankr.com [200] [GET] [text/html] [Ankr - A World Powered by US] [AmazonS3] [vhost] [cloudfront] [Amazon Cloudfront,Amazon S3,Amazon Web Services,Google Font API] [421754fed28f39ab2ba74dd768900692]
https://ara.ankr.com [302] [GET] [text/html] [302 Found] [nginx/1.18.0 (Ubuntu)] [Nginx:1.18.0,Ubuntu] [c34a889404161b1abde82974413740d6]
https://arbitrum-dallas-01.ankr.com [500] [GET] [text/html] [500 Internal Server Error] [nginx/1.18.0 (Ubuntu)] [Nginx:1.18.0,Ubuntu] [1375b4b655e761928244f3dc3d542324]
https://arbitrum-dallas-02.ankr.com [200] [GET] [text/html] [Welcome to nginx!] [nginx/1.18.0 (Ubuntu)] [Nginx:1.18.0,Ubuntu] [e3eb0a1df437f3f97a64aca5952c8ea0]
https://arbitrum-dallas-03.ankr.com [500] [GET] [text/html] [500 Internal Server Error] [nginx/1.18.0 (Ubuntu)] [Nginx:1.18.0,Ubuntu] [1afac349cea899675de7d9f7f29eaba0]
https://arbitrum-dallas-03.ankr.com [500] [GET] [text/html] [500 Internal Server Error] [nginx/1.18.0 (Ubuntu)] [vhost] [Nginx:1.18.0,Ubuntu] [1afac349cea899675de7d9f7f29eaba0]
https://arbitrum-hetzner-01.ankr.com [200] [GET] [] [] [nginx/1.18.0 (Ubuntu)] [Nginx:1.18.0,Ubuntu] [d41d8cd98f00b204e9800998ecf8427e]
https://arbitrum-hetzner-02.ankr.com [403] [GET] [application/octet-stream] [] [nginx/1.18.0 (Ubuntu)] [Nginx:1.18.0,Ubuntu] [2a32ceef8d660fea371ac660729ce78f]
https://arbitrum-hetzner-03.ankr.com [403] [GET] [application/octet-stream] [] [nginx/1.18.0 (Ubuntu)] [Nginx:1.18.0,Ubuntu] [2a32ceef8d660fea371ac660729ce78f]
https://arbitrum-hetzner-04.ankr.com [403] [GET] [application/octet-stream] [] [nginx/1.18.0 (Ubuntu)] [Nginx:1.18.0,Ubuntu] [2a32ceef8d660fea371ac660729ce78f]
https://arbitrum-maxihost-01.ankr.com [200] [GET] [text/html] [Welcome to nginx!] [nginx/1.18.0 (Ubuntu)] [Nginx:1.18.0,Ubuntu] [e3eb0a1df437f3f97a64aca5952c8ea0]
https://arbitrum-maxihost-03.ankr.com [200] [GET] [text/html] [Welcome to nginx!] [nginx/1.18.0 (Ubuntu)] [Nginx:1.18.0,Ubuntu] [e3eb0a1df437f3f97a64aca5952c8ea0]
https://arbitrum-maxihost-04.ankr.com [200] [GET] [text/html] [Welcome to nginx!] [nginx/1.18.0 (Ubuntu)] [Nginx:1.18.0,Ubuntu] [e3eb0a1df437f3f97a64aca5952c8ea0]
https://arbitrum-phoenix-01.ankr.com [403] [GET] [application/octet-stream] [] [nginx/1.18.0 (Ubuntu)] [Nginx:1.18.0,Ubuntu] [2a32ceef8d660fea371ac660729ce78f]
https://arbitrum-phoenix-03.ankr.com [403] [GET] [application/octet-stream] [] [nginx/1.18.0 (Ubuntu)] [Nginx:1.18.0,Ubuntu] [2a32ceef8d660fea371ac660729ce78f]
https://arbitrum-phoenix-04.ankr.com [403] [GET] [application/octet-stream] [] [nginx/1.18.0 (Ubuntu)] [Nginx:1.18.0,Ubuntu] [2a32ceef8d660fea371ac660729ce78f]
https://arbitrum-phoenix-05.ankr.com [200] [GET] [] [] [nginx/1.18.0 (Ubuntu)] [Nginx:1.18.0,Ubuntu] [d41d8cd98f00b204e9800998ecf8427e]
https://arbitrum-phoenix-06.ankr.com [403] [GET] [application/octet-stream] [] [nginx/1.18.0 (Ubuntu)] [Nginx:1.18.0,Ubuntu] [2a32ceef8d660fea371ac660729ce78f]
https://arbitrum-phoenix-07.ankr.com [403] [GET] [application/octet-stream] [] [nginx/1.18.0 (Ubuntu)] [Nginx:1.18.0,Ubuntu] [2a32ceef8d660fea371ac660729ce78f]
https://ashburn-equinix-dc3-206-246-93-162.ankr.com [405] [GET] [] [] [Kestrel] [Kestrel,Microsoft ASP.NET] [d41d8cd98f00b204e9800998ecf8427e]
https://ashburn-equinix-dc3-206-246-93-163.ankr.com [200] [GET] [text/html] [Welcome to nginx!] [nginx/1.18.0 (Ubuntu)] [Nginx:1.18.0,Ubuntu] [e3eb0a1df437f3f97a64aca5952c8ea0]
https://ashburn-equinix-dc3-206-246-93-164.ankr.com [200] [GET] [text/html] [Welcome to nginx!] [nginx/1.18.0 (Ubuntu)] [Nginx:1.18.0,Ubuntu] [e3eb0a1df437f3f97a64aca5952c8ea0]
https://ashburn-equinix-dc3-206-246-93-165.ankr.com [200] [GET] [text/html] [Welcome to nginx!] [nginx/1.18.0 (Ubuntu)] [Nginx:1.18.0,Ubuntu] [e3eb0a1df437f3f97a64aca5952c8ea0]
https://assets.ankr.com [403] [GET] [application/xml] [] [AmazonS3] [vhost] [cloudfront] [Amazon Cloudfront,Amazon S3,Amazon Web Services] [91dcf187d84128e2c36efc04a14d12ca]
https://assets.ankr.com [403] [GET] [application/xml] [] [AmazonS3] [vhost] [cloudfront] [Amazon Cloudfront,Amazon S3,Amazon Web Services] [d1c7d082f2d0744ac3084885512e033a]
https://avalanche-01-flipside.ankr.com [502] [GET] [text/html] [502 Bad Gateway] [nginx] [Nginx] [eac0a6a53d4a4353aace122055b4b4c8]
https://avalanchefuji-newyork-01.ankr.com [400] [GET] [application/octet-stream] [] [nginx/1.18.0 (Ubuntu)] [Nginx:1.18.0,Ubuntu] [26bb109749ae8c2b8cbcde7f36f923f9]
https://avalanchefuji-newyork-02.ankr.com [400] [GET] [application/octet-stream] [] [nginx/1.18.0 (Ubuntu)] [Nginx:1.18.0,Ubuntu] [26bb109749ae8c2b8cbcde7f36f923f9]
https://avalanchefuji-singapore-01.ankr.com [200] [GET] [text/html] [Index of /] [nginx/1.18.0 (Ubuntu)] [Nginx:1.18.0,Ubuntu] [91f0c977b5d8c12a0d068850a559f246]
https://avalanchefuji-singapore-02.ankr.com [200] [GET] [text/html] [Index of /] [nginx/1.18.0 (Ubuntu)] [Nginx:1.18.0,Ubuntu] [91f0c977b5d8c12a0d068850a559f246]
https://avalanche-hetzner-01.ankr.com [400] [GET] [application/octet-stream] [] [nginx/1.18.0 (Ubuntu)] [Nginx:1.18.0,Ubuntu] [26bb109749ae8c2b8cbcde7f36f923f9]
https://avalanche-hetzner-02.ankr.com [400] [GET] [application/octet-stream] [] [nginx/1.18.0 (Ubuntu)] [Nginx:1.18.0,Ubuntu] [26bb109749ae8c2b8cbcde7f36f923f9]
https://avalanche-hetzner-03.ankr.com [400] [GET] [application/octet-stream] [] [nginx/1.18.0 (Ubuntu)] [Nginx:1.18.0,Ubuntu] [26bb109749ae8c2b8cbcde7f36f923f9]
https://avalanche-hetzner-04.ankr.com [502] [GET] [text/html] [502 Bad Gateway] [nginx/1.18.0 (Ubuntu)] [Nginx:1.18.0,Ubuntu] [d131850514b200c7ef56710965b3c70d]
https://avalanche-london-01.ankr.com [502] [GET] [text/html] [502 Bad Gateway] [nginx/1.18.0 (Ubuntu)] [Nginx:1.18.0,Ubuntu] [b7a0f2b3e95ab9f1da72121ab5f88540]
https://avalanche-london-02.ankr.com [502] [GET] [text/html] [502 Bad Gateway] [nginx/1.18.0 (Ubuntu)] [Nginx:1.18.0,Ubuntu] [b7a0f2b3e95ab9f1da72121ab5f88540]
https://avalanche-london-03.ankr.com [502] [GET] [text/html] [502 Bad Gateway] [nginx/1.18.0 (Ubuntu)] [Nginx:1.18.0,Ubuntu] [b7a0f2b3e95ab9f1da72121ab5f88540]
https://avalanche-miami-01.ankr.com [502] [GET] [text/html] [502 Bad Gateway] [nginx/1.18.0 (Ubuntu)] [Nginx:1.18.0,Ubuntu] [d131850514b200c7ef56710965b3c70d]
https://avalanche-miami-02.ankr.com [502] [GET] [text/html] [502 Bad Gateway] [nginx/1.18.0 (Ubuntu)] [Nginx:1.18.0,Ubuntu] [b7a0f2b3e95ab9f1da72121ab5f88540]
https://avalanche-miami-03.ankr.com [502] [GET] [text/html] [502 Bad Gateway] [nginx/1.18.0 (Ubuntu)] [Nginx:1.18.0,Ubuntu] [b7a0f2b3e95ab9f1da72121ab5f88540]
https://avalanche-miami-03.ankr.com [502] [GET] [text/html] [502 Bad Gateway] [nginx/1.18.0 (Ubuntu)] [Nginx:1.18.0,Ubuntu] [d131850514b200c7ef56710965b3c70d]
https://avalanche-saopaulo-01.ankr.com [502] [GET] [text/html] [502 Bad Gateway] [nginx/1.18.0 (Ubuntu)] [Nginx:1.18.0,Ubuntu] [d131850514b200c7ef56710965b3c70d]
https://avalanche-saopaulo-02.ankr.com [502] [GET] [text/html] [502 Bad Gateway] [nginx/1.18.0 (Ubuntu)] [Nginx:1.18.0,Ubuntu] [b7a0f2b3e95ab9f1da72121ab5f88540]
https://avalanche-saopaulo-02.ankr.com [502] [GET] [text/html] [502 Bad Gateway] [nginx/1.18.0 (Ubuntu)] [Nginx:1.18.0,Ubuntu] [d131850514b200c7ef56710965b3c70d]
https://avalanche-sydney-01.ankr.com [502] [GET] [text/html] [502 Bad Gateway] [nginx/1.18.0 (Ubuntu)] [Nginx:1.18.0,Ubuntu] [b7a0f2b3e95ab9f1da72121ab5f88540]
https://avalanche-sydney-01.ankr.com [502] [GET] [text/html] [502 Bad Gateway] [nginx/1.18.0 (Ubuntu)] [Nginx:1.18.0,Ubuntu] [d131850514b200c7ef56710965b3c70d]
https://avalanche-sydney-02.ankr.com [502] [GET] [text/html] [502 Bad Gateway] [nginx/1.18.0 (Ubuntu)] [Nginx:1.18.0,Ubuntu] [b7a0f2b3e95ab9f1da72121ab5f88540]
https://avalanche-tokyo-01.ankr.com [502] [GET] [text/html] [502 Bad Gateway] [nginx/1.18.0 (Ubuntu)] [Nginx:1.18.0,Ubuntu] [d131850514b200c7ef56710965b3c70d]
https://avalanche-tokyo-02.ankr.com [502] [GET] [text/html] [502 Bad Gateway] [nginx/1.18.0 (Ubuntu)] [Nginx:1.18.0,Ubuntu] [b7a0f2b3e95ab9f1da72121ab5f88540]
https://avalanche-tokyo-02.ankr.com [502] [GET] [text/html] [502 Bad Gateway] [nginx/1.18.0 (Ubuntu)] [Nginx:1.18.0,Ubuntu] [d131850514b200c7ef56710965b3c70d]
https://avax-anthony.ankr.com [404] [GET] [text/plain] [] [nginx] [vhost] [Nginx] [595e88012a6521aae3e12cbebe76eb9e]
https://avax-berkeley.ankr.com [404] [GET] [text/plain] [] [nginx] [vhost] [Nginx] [595e88012a6521aae3e12cbebe76eb9e]
https://avax-fujitestnet-01.dccn.ankr.com [404] [GET] [text/plain] [] [nginx/1.19.10] [Nginx:1.19.10] [595e88012a6521aae3e12cbebe76eb9e]
https://avax-fujitestnet-02.dccn.ankr.com [404] [GET] [text/plain] [] [nginx/1.19.10] [Nginx:1.19.10] [595e88012a6521aae3e12cbebe76eb9e]
https://awx.ankr.com [200] [GET] [text/html] [] [nginx/1.18.0 (Ubuntu)] [vhost] [Nginx:1.18.0,Ubuntu] [49fd4b2b8ff697b58fc629d45fe84d9c]
https://awx.ankr.com [200] [GET] [text/html] [] [nginx/1.18.0 (Ubuntu)] [vhost] [Nginx:1.18.0,Ubuntu] [d4794737cc9be482c52b85989faf3418]
https://backoffice.dev-01.bas.ankr.com [200] [GET] [] [] [nginx/1.21.6] [Nginx:1.21.6] [d41d8cd98f00b204e9800998ecf8427e]
https://backoffice-gateway.mainnet.multirpc.ankr.com [403] [GET] [text/html] [403 Forbidden] [] [vhost] [9fe3cb2b7313dc79bb477bc8fde184a7]
https://backoffice-gateway.staging.multirpc.ankr.com [403] [GET] [text/html] [403 Forbidden] [] [vhost] [9fe3cb2b7313dc79bb477bc8fde184a7]
https://backoffice.multirpc.ankr.com [404] [GET] [text/html] [404 Not Found] [] [370e16c3b7dba286cff055f93b9a94d8]
https://bas-archive.ankr.com [200] [GET] [text/html] [Welcome to nginx!] [nginx] [vhost] [Nginx] [e3eb0a1df437f3f97a64aca5952c8ea0]
https://bas-testnet.ankr.com [200] [GET] [] [] [nginx] [Nginx] [d41d8cd98f00b204e9800998ecf8427e]
https://bep-stage.dccn.ankr.com [200] [GET] [text/html] [3CX Phone System Management Console] [nginx] [Nginx] [a94fe34185941b26c95a136b2bb49f62]
https://binance.ankr.com:2083 [200] [GET] [text/html] [Your Instant RPC Gateway to BSC] [cloudflare] [vhost] [cloudflare] [Cloudflare,Cloudflare Network Error Logging,Vercel] [39b68b94e659be7cd63a43e6c5e66d31]
https://binance.ankr.com:2087 [200] [GET] [text/html] [Your Instant RPC Gateway to BSC] [cloudflare] [vhost] [cloudflare] [Cloudflare,Cloudflare Network Error Logging,Vercel] [39b68b94e659be7cd63a43e6c5e66d31]
https://binance.ankr.com [403] [GET] [text/plain] [] [cloudflare] [vhost] [cloudflare] [Cloudflare,Cloudflare Network Error Logging] [4f20b85ce5ebf225720e040314a7966a]
https://binance.ankr.com:8443 [200] [GET] [text/html] [Your Instant RPC Gateway to BSC] [cloudflare] [vhost] [cloudflare] [Cloudflare,Cloudflare Network Error Logging,Vercel] [39b68b94e659be7cd63a43e6c5e66d31]
https://binance-cn.ankr.com [200] [GET] [] [] [nginx/1.18.0 (Ubuntu)] [Nginx:1.18.0,Ubuntu] [b01739b63b17efca9f4833b6d2dd4f67]
https://binance-protocol-05.ankr.com [200] [GET] [text/html] [Index of /] [nginx/1.18.0 (Ubuntu)] [Nginx:1.18.0,Ubuntu] [f50217c8ae4a9243be6f647ed22b1d7f]
https://binance-protocol-07.ankr.com [200] [GET] [text/html] [Index of /] [nginx/1.18.0 (Ubuntu)] [Nginx:1.18.0,Ubuntu] [880fdf03c83b2a43283389b75bdf73ae]
https://binance-protocol-09.ankr.com [200] [GET] [text/html] [Index of /] [nginx/1.18.0 (Ubuntu)] [Nginx:1.18.0,Ubuntu] [1b047092b9f61ca2515baa781faa951f]
https://binance-protocol-10.ankr.com [200] [GET] [text/html] [Index of /] [nginx/1.18.0 (Ubuntu)] [Nginx:1.18.0,Ubuntu] [261cbb0e6e60d87173d1c0b647ffbb14]
https://binance-protocol-10.ankr.com [200] [GET] [text/html] [Index of /] [nginx/1.18.0 (Ubuntu)] [Nginx:1.18.0,Ubuntu] [926894d6e06ea73960c94e45c85e0b55]
https://binance-protocol-12.ankr.com [200] [GET] [text/html] [Welcome to nginx!] [nginx/1.18.0 (Ubuntu)] [Nginx:1.18.0,Ubuntu] [e3eb0a1df437f3f97a64aca5952c8ea0]
https://binance-protocol-13.ankr.com [200] [GET] [text/html] [Index of /] [nginx/1.18.0 (Ubuntu)] [Nginx:1.18.0,Ubuntu] [65648c583c4ff601f3ed7809c13651c5]
https://binance-protocol-14.ankr.com [200] [GET] [text/html] [Index of /] [nginx/1.18.0 (Ubuntu)] [Nginx:1.18.0,Ubuntu] [65648c583c4ff601f3ed7809c13651c5]
https://binance-protocol-17.ankr.com [200] [GET] [text/html] [Index of /] [nginx/1.18.0 (Ubuntu)] [Nginx:1.18.0,Ubuntu] [c2ab121c79281375f70a71fe725284db]
https://binance-protocol-23.ankr.com [502] [GET] [text/html] [502 Bad Gateway] [nginx/1.18.0 (Ubuntu)] [Nginx:1.18.0,Ubuntu] [b7a0f2b3e95ab9f1da72121ab5f88540]
https://binance-sydney-01.ankr.com [200] [GET] [text/html] [Index of /] [nginx/1.18.0 (Ubuntu)] [Nginx:1.18.0,Ubuntu] [a0e71d600619718a765f20307973db48]
https://binance-testnet-01.ankr.com [200] [GET] [] [] [nginx/1.18.0 (Ubuntu)] [Nginx:1.18.0,Ubuntu] [d41d8cd98f00b204e9800998ecf8427e]
https://blockscout.dev-02.bas.ankr.com [200] [GET] [text/html] [Sokol POA Explorer] [nginx/1.21.6] [vhost] [Nginx:1.21.6] [fe5a000cf0a48e80ce584059d734d0c5]
https://blue.ankr.com [404] [GET] [text/html] [] [openresty] [Nginx,OpenResty] [8c63daddc80fb1482598b756fbad5816]
https://blue.ankr.com:6443 [403] [GET] [application/json] [] [] [7ad5e6d9a29e2ee4272945e6dc9845e8]
https://bluetest.ankr.com:10250 [404] [GET] [text/plain] [] [] [595e88012a6521aae3e12cbebe76eb9e]
https://bluetest.ankr.com [404] [GET] [text/html] [] [openresty] [Nginx,OpenResty] [8c63daddc80fb1482598b756fbad5816]
https://bluetest.ankr.com:6443 [403] [GET] [application/json] [] [] [7ad5e6d9a29e2ee4272945e6dc9845e8]
https://bridge.ankr.com [200] [GET] [text/html] [NFT Bridge] [AmazonS3] [vhost] [cloudfront] [Amazon Cloudfront,Amazon S3,Amazon Web Services,animate.css] [d18ccdf1d69206843080cacf49a622b2]
https://bridge-backend.ankr.com:10250 [404] [GET] [text/plain] [] [] [595e88012a6521aae3e12cbebe76eb9e]
https://bridge-backend.ankr.com [404] [GET] [text/plain] [] [] [vhost] [53af239ee5d3e261545dededcb6ffd57]
https://bridge-backend.ankr.com:6443 [403] [GET] [application/json] [] [] [7ad5e6d9a29e2ee4272945e6dc9845e8]
https://bridge-backend.ankr.com:8443 [400] [GET] [] [] [] [d41d8cd98f00b204e9800998ecf8427e]
https://bridge-dev.ankr.com [200] [GET] [text/html] [NFT Bridge] [nginx] [vhost] [Nginx,animate.css] [66aed905742f121654c5eb596b6165cb]
https://bridger.ankr.com [400] [GET] [text/plain] [] [] [3975e60f0c61e93a6d0a9f1def435eac]
https://bs-10-stage.dccn.ankr.com [403] [GET] [application/xml] [] [AmazonS3] [vhost] [cloudfront] [Amazon Cloudfront,Amazon S3,Amazon Web Services] [46e0487eb00f35c2ebc76e639f39c6c2]
https://bs-10-stage.dccn.ankr.com [403] [GET] [application/xml] [] [AmazonS3] [vhost] [cloudfront] [Amazon Cloudfront,Amazon S3,Amazon Web Services] [795b75dcc1ca38abb3b754b78da22bdb]
https://bs-11-stage.dccn.ankr.com [200] [GET] [text/html] [Ankr Crypto & Blockchain Nodes | APIs | Web 3.0 Infrastructure] [AmazonS3] [vhost] [cloudfront] [Amazon Cloudfront,Amazon S3,Amazon Web Services,Fourthwall:www-ankr-com-1.0.1,Google Font API,Google Tag Manager] [d234978bd161d081810daf10fccc8077]
https://bs-12-stage.dccn.ankr.com [200] [GET] [text/html] [Ankr Crypto & Blockchain Nodes | APIs | Web 3.0 Infrastructure] [AmazonS3] [vhost] [cloudfront] [Amazon Cloudfront,Amazon S3,Amazon Web Services,Fourthwall:www-ankr-com-1.0.1,Google Font API,Google Tag Manager] [30f85ed4b7e1a2a669a431f434b8d380]
https://bs-13-stage.dccn.ankr.com [200] [GET] [text/html] [Ankr Crypto & Blockchain Nodes | APIs | Web 3.0 Infrastructure] [AmazonS3] [vhost] [cloudfront] [Amazon Cloudfront,Amazon S3,Amazon Web Services,Fourthwall:www-ankr-com-1.0.1,Google Font API,Google Tag Manager] [df91ba7f6ee66f8b76b43bea23716b03]
https://bs-1-stage.dccn.ankr.com [200] [GET] [text/html] [Standalone] [AmazonS3] [vhost] [cloudfront] [Amazon Cloudfront,Amazon S3,Amazon Web Services,Fourthwall:standalone-protocol-1.6.3] [699853d0ccdf06aef193ab0ca57d9956]
https://bs-2-stage.dccn.ankr.com [200] [GET] [text/html] [React App] [AmazonS3] [vhost] [cloudfront] [Amazon Cloudfront,Amazon S3,Amazon Web Services,React] [a8d1449d8bdc4b8491428c25d95c0f8b]
https://bs-3-stage.dccn.ankr.com [403] [GET] [application/xml] [] [AmazonS3] [vhost] [cloudfront] [Amazon Cloudfront,Amazon S3,Amazon Web Services] [2c04773b971a7751e0b277f1742097bc]
https://bs-3-stage.dccn.ankr.com [403] [GET] [application/xml] [] [AmazonS3] [vhost] [cloudfront] [Amazon Cloudfront,Amazon S3,Amazon Web Services] [7f32c88747f88a7bb747c67c2a00cd02]
https://bs-4-stage.dccn.ankr.com [200] [GET] [text/html] [Standalone] [AmazonS3] [vhost] [cloudfront] [Amazon Cloudfront,Amazon S3,Amazon Web Services,Fourthwall:standalone-protocol-1.6.3] [6d39bb0bbd2f9fafb3f8dd58e52d2c94]
https://bs-5-stage.dccn.ankr.com [403] [GET] [application/xml] [] [AmazonS3] [vhost] [cloudfront] [Amazon Cloudfront,Amazon S3,Amazon Web Services] [3c9ab56ee183bcd3ff682e8338ee5875]
https://bs-5-stage.dccn.ankr.com [403] [GET] [application/xml] [] [AmazonS3] [vhost] [cloudfront] [Amazon Cloudfront,Amazon S3,Amazon Web Services] [d00c506614566493a3cd083225997730]
https://bs-6-stage.dccn.ankr.com [403] [GET] [application/xml] [] [AmazonS3] [vhost] [cloudfront] [Amazon Cloudfront,Amazon S3,Amazon Web Services] [4f506c0e7b8d85a076df8dfbb4ae52b9]
https://bs-6-stage.dccn.ankr.com [403] [GET] [application/xml] [] [AmazonS3] [vhost] [cloudfront] [Amazon Cloudfront,Amazon S3,Amazon Web Services] [6e4cbd79eb6ba3a3f70e478967657f1d]
https://bs-7-stage.dccn.ankr.com [200] [GET] [text/html] [Ankr - A World Powered by US] [AmazonS3] [vhost] [cloudfront] [Amazon Cloudfront,Amazon S3,Amazon Web Services,Google Font API] [f569d1357c4ca1a6141ab0aea360e354]
https://bs-8-stage.dccn.ankr.com [403] [GET] [application/xml] [] [AmazonS3] [vhost] [cloudfront] [Amazon Cloudfront,Amazon S3,Amazon Web Services] [2b2479a6e27befaf24c901271364a89f]
https://bs-8-stage.dccn.ankr.com [403] [GET] [application/xml] [] [AmazonS3] [vhost] [cloudfront] [Amazon Cloudfront,Amazon S3,Amazon Web Services] [3640e5dd752a979d8f3b8ede4bcb4655]
https://bs-9-stage.dccn.ankr.com [403] [GET] [application/xml] [] [AmazonS3] [vhost] [cloudfront] [Amazon Cloudfront,Amazon S3,Amazon Web Services] [58691c50a88d34c94f0d03561eef666a]
https://bs-9-stage.dccn.ankr.com [403] [GET] [application/xml] [] [AmazonS3] [vhost] [cloudfront] [Amazon Cloudfront,Amazon S3,Amazon Web Services] [d49165cbbd78fda4b75af703b1c11516]
https://bsc-erigon-01.dccn.ankr.com [502] [GET] [text/html] [502 Bad Gateway] [nginx/1.18.0 (Ubuntu)] [Nginx:1.18.0,Ubuntu] [d131850514b200c7ef56710965b3c70d]
https://bsc-erigon-02.dccn.ankr.com [200] [GET] [text/html] [Welcome to nginx!] [nginx/1.18.0 (Ubuntu)] [Nginx:1.18.0,Ubuntu] [e3eb0a1df437f3f97a64aca5952c8ea0]
https://bsc-erigon-04.dccn.ankr.com [405] [GET] [] [] [Kestrel] [Kestrel,Microsoft ASP.NET] [d41d8cd98f00b204e9800998ecf8427e]
https://bsc-erigon-05.dccn.ankr.com [200] [GET] [text/html] [Welcome to nginx!] [nginx/1.18.0 (Ubuntu)] [Nginx:1.18.0,Ubuntu] [e3eb0a1df437f3f97a64aca5952c8ea0]
https://bsc-erigon-06.dccn.ankr.com [200] [GET] [text/html] [Welcome to nginx!] [nginx/1.18.0 (Ubuntu)] [Nginx:1.18.0,Ubuntu] [e3eb0a1df437f3f97a64aca5952c8ea0]
https://bsclogs.ankr.com [403] [GET] [text/html] [403 Forbidden] [nginx/1.18.0 (Ubuntu)] [vhost] [Nginx:1.18.0,Ubuntu] [b6a1a37fc4ff7a4133530bd086b1e7ca]
https://bscmon.ankr.com [302] [GET] [text/html] [] [nginx/1.18.0 (Ubuntu)] [vhost] [Nginx:1.18.0,Ubuntu] [cb0b177a86bb404bfe3fb7697196e9b7]
https://btc-03.dccn.ankr.com [302] [GET] [text/html] [302 Found] [nginx] [Nginx] [cfbeaf604823f038b8b46f0ac862b98c]
https://btc-04.dccn.ankr.com [500] [GET] [text/html] [Database Error] [Apache/2.4.29 (Ubuntu)] [Apache:2.4.29,Ubuntu] [e98dbfdcfedf33f869dd8ae42e1e82b1]
https://burgerswap.ankr.com [200] [GET] [] [] [nginx/1.18.0 (Ubuntu)] [Nginx:1.18.0,Ubuntu] [ef3add704ffad33cb5ee09c11d2d9d0b]
https://burgerswap.ankr.com [502] [GET] [text/html] [502 Bad Gateway] [nginx/1.18.0 (Ubuntu)] [vhost] [Nginx:1.18.0,Ubuntu] [b7a0f2b3e95ab9f1da72121ab5f88540]
https://burgerswap.ankr.com:6443 [403] [GET] [application/json] [] [] [a797b47875d8fd5c949066182902099d]
https://can-archive-ethereum.ankr.com [200] [GET] [] [] [nginx/1.18.0 (Ubuntu)] [Nginx:1.18.0,Ubuntu] [d41d8cd98f00b204e9800998ecf8427e]
https://celo-hetzner-01.ankr.com [200] [GET] [] [] [nginx/1.18.0 (Ubuntu)] [Nginx:1.18.0,Ubuntu] [d41d8cd98f00b204e9800998ecf8427e]
https://celo-hetzner-02.ankr.com [200] [GET] [] [] [nginx/1.18.0 (Ubuntu)] [Nginx:1.18.0,Ubuntu] [d41d8cd98f00b204e9800998ecf8427e]
https://celo-hetzner-03.ankr.com [200] [GET] [] [] [nginx/1.18.0 (Ubuntu)] [Nginx:1.18.0,Ubuntu] [d41d8cd98f00b204e9800998ecf8427e]
https://celo-hetzner-04.ankr.com [200] [GET] [] [] [nginx/1.18.0 (Ubuntu)] [Nginx:1.18.0,Ubuntu] [d41d8cd98f00b204e9800998ecf8427e]
https://chain-monitor.ankr.com [302] [GET] [text/html] [] [nginx/1.18.0 (Ubuntu)] [vhost] [Nginx:1.18.0,Ubuntu] [cb0b177a86bb404bfe3fb7697196e9b7]
https://changenetwork-service.game.ankr.com [200] [GET] [text/html] [React App] [] [vhost] [React] [3eedcea85b236027d7547640f7a08742]
https://chiliz-testnet-01.dccn.ankr.com [403] [GET] [text/html] [] [nginx] [Nginx] [01e9b3351a20632ce2de4a219637711c]
https://cloudflare-test.ankr.com [200] [GET] [] [] [nginx/1.18.0 (Ubuntu)] [Nginx:1.18.0,Ubuntu] [65258c25a460936d301017f1c53c452e]
https://cloudflare-test.ankr.com [200] [GET] [] [] [nginx/1.18.0 (Ubuntu)] [Nginx:1.18.0,Ubuntu] [b01739b63b17efca9f4833b6d2dd4f67]
https://clover-test.ankr.com [200] [GET] [text/html] [Clover — Cross-chain DeFi Interoperability] [AmazonS3] [vhost] [cloudfront] [Amazon Cloudfront,Amazon S3,Amazon Web Services] [b1d19b5121132497c5d76a1f6bb4f421]
https://consul.ankr.com [302] [GET] [text/html] [302 Found] [nginx/1.18.0 (Ubuntu)] [Nginx:1.18.0,Ubuntu] [c34a889404161b1abde82974413740d6]
https://crust-ethereum.ankr.com [200] [GET] [] [] [nginx/1.18.0 (Ubuntu)] [Nginx:1.18.0,Ubuntu] [d41d8cd98f00b204e9800998ecf8427e]
https://crust-solana.ankr.com [200] [GET] [text/html] [Index of /] [nginx/1.18.0 (Ubuntu)] [Nginx:1.18.0,Ubuntu] [9bd9b1ab4107d0a9f0c3399f432a7703]
https://dallas-inap-63-251-106-84.ankr.com [200] [GET] [text/html] [Index of /] [nginx/1.18.0 (Ubuntu)] [Nginx:1.18.0,Ubuntu] [a09952b4ba1504894f0474d9dad31dd1]
https://dallas-inap-63-251-106-86.ankr.com [200] [GET] [text/html] [Index of /] [nginx/1.18.0 (Ubuntu)] [Nginx:1.18.0,Ubuntu] [c0182b19fd604dc44e18b7d2a4c6e501]
https://dallas-inap-63-251-106-90.ankr.com [200] [GET] [text/html] [Index of /] [nginx/1.18.0 (Ubuntu)] [Nginx:1.18.0,Ubuntu] [51102a97dcf9bd307ecc77cd35d95f97]
https://dallas-maxihost-207-188-6-86.ankr.com [200] [GET] [] [] [nginx/1.18.0 (Ubuntu)] [Nginx:1.18.0,Ubuntu] [d41d8cd98f00b204e9800998ecf8427e]
https://dallas-maxihost-207-188-6-89.ankr.com [200] [GET] [] [] [nginx/1.18.0 (Ubuntu)] [Nginx:1.18.0,Ubuntu] [d41d8cd98f00b204e9800998ecf8427e]
https://dallas-maxihost-207-188-6-92.ankr.com [200] [GET] [text/html] [Index of /] [nginx/1.18.0 (Ubuntu)] [Nginx:1.18.0,Ubuntu] [2048e120d5eda027478358bbaa2beca3]
https://dallas-maxihost-207-188-6-92.ankr.com [200] [GET] [text/html] [Index of /] [nginx/1.18.0 (Ubuntu)] [Nginx:1.18.0,Ubuntu] [af30db27f20f6f23c166e39d6abdfe6a]
https://dallas-maxihost-207-188-6-93.ankr.com [200] [GET] [text/html] [Index of /] [nginx/1.18.0 (Ubuntu)] [Nginx:1.18.0,Ubuntu] [e73bd7b64c8f8712483d7feb30a1fb6c]
https://debridge-heco-test-01.ankr.com [200] [GET] [] [] [nginx] [Nginx] [d41d8cd98f00b204e9800998ecf8427e]
https://debris-ethereum.ankr.com [200] [GET] [] [] [nginx/1.18.0 (Ubuntu)] [Nginx:1.18.0,Ubuntu] [d41d8cd98f00b204e9800998ecf8427e]
https://demo-ads.game.ankr.com [200] [GET] [application/json] [] [] [vhost] [Express,Node.js] [a06b52f983d1b0197131d2c28fc2e102]
https://demo-changenetwork-service.game.ankr.com [200] [GET] [text/html] [React App] [] [vhost] [React] [3eedcea85b236027d7547640f7a08742]
https://demo-ue-service.game.ankr.com [200] [GET] [application/json] [] [] [vhost] [Express,Node.js] [65ca477edc1e983c9bba5e49ce3e22bd]
https://dev.ccv2.ankr.com [403] [GET] [text/html] [] [nginx] [Nginx] [01e9b3351a20632ce2de4a219637711c]
https://devops-k8s.ankr.com [404] [GET] [text/html] [404 Not Found] [] [370e16c3b7dba286cff055f93b9a94d8]
https://dnscr.ankr.com [404] [GET] [text/plain] [] [Ankr Power] [73687388f76fe3029516f1c40fd5678f]
https://docs.ankr.com [301] [GET] [] [] [AmazonS3] [vhost] [cloudfront] [Amazon Cloudfront,Amazon S3,Amazon Web Services] [d41d8cd98f00b204e9800998ecf8427e]
https://drone.ankr.com [303] [GET] [text/html] [] [nginx/1.18.0 (Ubuntu)] [vhost] [Nginx:1.18.0,Ubuntu] [65aa412a9169b7a328e9515ac428335b]
https://drone.ankr.com:6443 [403] [GET] [application/json] [] [] [7ad5e6d9a29e2ee4272945e6dc9845e8]
https://dubai-equinix-dx1-216-155-55-42.ankr.com [200] [GET] [text/html] [Index of /] [nginx/1.18.0 (Ubuntu)] [Nginx:1.18.0,Ubuntu] [fb733189bd5af7e1915dc4fae64c1749]
https://dubai-equinix-dx1-216-155-55-43.ankr.com [200] [GET] [text/html] [Index of /] [nginx/1.18.0 (Ubuntu)] [Nginx:1.18.0,Ubuntu] [f5801354d5b815f057a88f468ef0c572]
https://dubai-equinix-dx1-216-155-55-45.ankr.com [200] [GET] [text/html] [Index of /] [nginx/1.18.0 (Ubuntu)] [Nginx:1.18.0,Ubuntu] [65dbe7112e484831b4ca616f2aa7e1f9]
https://dust-archive-ethereum.ankr.com [200] [GET] [] [] [nginx/1.18.0 (Ubuntu)] [Nginx:1.18.0,Ubuntu] [d41d8cd98f00b204e9800998ecf8427e]
https://echo123.staging.multirpc.ankr.com [200] [GET] [text/plain] [] [] [vhost] [6edab8fc1b5935e0184180094c5e05f2]
https://echo1.staging.multirpc.ankr.com [404] [GET] [text/html] [404 Not Found] [] [8eec510e57f5f732fd2cce73df7b73ef]
https://echo2.staging.multirpc.ankr.com [200] [GET] [text/plain] [] [] [vhost] [eb8a1f3217e171db2a00d53ea881a34a]
http://selenoid.ankr.com:4444 [200] [GET] [text/plain] [] [] [1e14bbeae693e9b407f38918241f445f]
http://selenoid.ankr.com:8080 [200] [GET] [text/html] [Selenoid UI] [] [efff7fd5e33bd6cd582bef3a62336570]
https://email.gh-mail.ankr.com [200] [GET] [application/octet-stream] [] [nginx] [Nginx] [9f36c1c909fa94ed5e7af41387ae3dae]
https://eth-01.dccn.ankr.com [502] [GET] [text/html] [502 Bad Gateway] [nginx/1.10.3 (Ubuntu)] [Nginx:1.10.3,Ubuntu] [4ae7efd0f1dede8b3d301283f0a25252]
https://eth-01-defipulse.ankr.com [200] [GET] [] [] [nginx] [vhost] [Nginx] [d41d8cd98f00b204e9800998ecf8427e]
https://eth-02.dccn.ankr.com [502] [GET] [text/html] [502 Bad Gateway] [nginx/1.14.0 (Ubuntu)] [Nginx:1.14.0,Ubuntu] [487f86562d294d1ccce30dae78903a9f]
https://eth-02.dccn.ankr.com [502] [GET] [text/html] [502 Bad Gateway] [nginx/1.14.0 (Ubuntu)] [Nginx:1.14.0,Ubuntu] [f8722bb4476990cf85aea599f63becc4]
https://eth-04.dccn.ankr.com [200] [GET] [] [] [nginx/1.10.3 (Ubuntu)] [Nginx:1.10.3,Ubuntu] [d41d8cd98f00b204e9800998ecf8427e]
https://eth2.ankr.com [301] [GET] [] [] [AmazonS3] [vhost] [cloudfront] [Amazon Cloudfront,Amazon S3,Amazon Web Services] [d41d8cd98f00b204e9800998ecf8427e]
https://eth.dccn.ankr.com [502] [GET] [text/html] [502 Bad Gateway] [nginx/1.10.3 (Ubuntu)] [Nginx:1.10.3,Ubuntu] [a1bbe6f057adb28c576df59e1b7841c1]
https://ethereum-dubai-01.ankr.com [200] [GET] [] [] [nginx/1.18.0 (Ubuntu)] [Nginx:1.18.0,Ubuntu] [d41d8cd98f00b204e9800998ecf8427e]
https://ethereum-hetzner-01.ankr.com [200] [GET] [] [] [nginx/1.18.0 (Ubuntu)] [Nginx:1.18.0,Ubuntu] [d41d8cd98f00b204e9800998ecf8427e]
https://ethereum-hetzner-02.ankr.com [200] [GET] [] [] [nginx/1.18.0 (Ubuntu)] [Nginx:1.18.0,Ubuntu] [d41d8cd98f00b204e9800998ecf8427e]
https://ethereum-hetzner-03.ankr.com [200] [GET] [] [] [nginx/1.18.0 (Ubuntu)] [Nginx:1.18.0,Ubuntu] [d41d8cd98f00b204e9800998ecf8427e]
https://ethereum-hetzner-04.ankr.com [200] [GET] [] [] [nginx/1.18.0 (Ubuntu)] [Nginx:1.18.0,Ubuntu] [d41d8cd98f00b204e9800998ecf8427e]
https://ethereum-korea-01.ankr.com [200] [GET] [] [] [nginx/1.18.0 (Ubuntu)] [Nginx:1.18.0,Ubuntu] [d41d8cd98f00b204e9800998ecf8427e]
https://ethereum-la-01.ankr.com [502] [GET] [text/html] [502 Bad Gateway] [nginx/1.18.0 (Ubuntu)] [Nginx:1.18.0,Ubuntu] [d131850514b200c7ef56710965b3c70d]
https://ethereum-la-02.ankr.com [200] [GET] [] [] [nginx/1.18.0 (Ubuntu)] [Nginx:1.18.0,Ubuntu] [d41d8cd98f00b204e9800998ecf8427e]
https://ethereum-la-03.ankr.com [200] [GET] [] [] [nginx/1.18.0 (Ubuntu)] [Nginx:1.18.0,Ubuntu] [d41d8cd98f00b204e9800998ecf8427e]
https://ethereum-miami-01.ankr.com [200] [GET] [] [] [nginx/1.18.0 (Ubuntu)] [Nginx:1.18.0,Ubuntu] [d41d8cd98f00b204e9800998ecf8427e]
https://ethereum-saopaulo-01.ankr.com [200] [GET] [] [] [nginx/1.18.0 (Ubuntu)] [Nginx:1.18.0,Ubuntu] [d41d8cd98f00b204e9800998ecf8427e]
https://ethereum-saopaulo-02.ankr.com [200] [GET] [] [] [nginx/1.18.0 (Ubuntu)] [Nginx:1.18.0,Ubuntu] [d41d8cd98f00b204e9800998ecf8427e]
https://ethereum-singapore-01.ankr.com [200] [GET] [text/html] [Welcome to nginx!] [nginx/1.18.0 (Ubuntu)] [Nginx:1.18.0,Ubuntu] [e3eb0a1df437f3f97a64aca5952c8ea0]
https://ethereum-singapore-02.ankr.com [502] [GET] [text/html] [502 Bad Gateway] [nginx/1.18.0 (Ubuntu)] [Nginx:1.18.0,Ubuntu] [d131850514b200c7ef56710965b3c70d]
https://ethereum-singapore-04.ankr.com [200] [GET] [text/html] [Index of /] [nginx/1.18.0 (Ubuntu)] [Nginx:1.18.0,Ubuntu] [4099753b48c20d7d4e28008f7cb87a86]
https://ethereum-sydney-01.ankr.com [200] [GET] [] [] [nginx/1.18.0 (Ubuntu)] [Nginx:1.18.0,Ubuntu] [d41d8cd98f00b204e9800998ecf8427e]
https://ethereum-sydney-02.ankr.com [200] [GET] [] [] [nginx/1.18.0 (Ubuntu)] [Nginx:1.18.0,Ubuntu] [d41d8cd98f00b204e9800998ecf8427e]
https://eth-goerli-01.dccn.ankr.com [200] [GET] [] [] [nginx/1.10.3 (Ubuntu)] [Nginx:1.10.3,Ubuntu] [d41d8cd98f00b204e9800998ecf8427e]
https://eth-goerli-02.dccn.ankr.com [200] [GET] [] [] [nginx/1.10.3 (Ubuntu)] [Nginx:1.10.3,Ubuntu] [d41d8cd98f00b204e9800998ecf8427e]
https://eth-goerli.dccn.ankr.com [200] [GET] [] [] [nginx/1.10.3 (Ubuntu)] [Nginx:1.10.3,Ubuntu] [d41d8cd98f00b204e9800998ecf8427e]
https://eth-kovan-02.dccn.ankr.com [301] [GET] [text/html] [301 Moved Permanently] [nginx] [Nginx] [4f8e702cc244ec5d4de32740c0ecbd97]
https://eth-rinkeby-01.dccn.ankr.com [307] [GET] [text/html] [] [Apache/2.4.6 (CentOS) OpenSSL/1.0.2k-fips PHP/7.3.29] [Apache:2.4.6,CentOS,OpenSSL:1.0.2k,PHP:7.3.29] [d41d8cd98f00b204e9800998ecf8427e]
https://eth-rinkeby-02.dccn.ankr.com [200] [GET] [text/html] [Web Administration Interface] [nginx] [Nginx] [a88529ce13c28e621f26ede9f37fbc6e]
https://example-signing.game.ankr.com [404] [GET] [text/plain] [] [] [vhost] [53af239ee5d3e261545dededcb6ffd57]
https://explorer.dev-01.bas.ankr.com [200] [GET] [text/html] [Chainscaner] [nginx/1.21.6] [vhost] [Nginx:1.21.6] [00b4a929526577e2a1794223e583580a]
https://explorer.dev-02.bas.ankr.com [200] [GET] [text/html] [Chainscaner] [nginx/1.21.6] [vhost] [Nginx:1.21.6] [00b4a929526577e2a1794223e583580a]
https://explorer.meta-ape-bas-mainnet.ankr.com [200] [GET] [text/html] [Index of /] [nginx/1.18.0 (Ubuntu)] [Nginx:1.18.0,Ubuntu] [ea71ca4607e323409346e23c17f311fe]
https://explorer.meta-ape-bas-testnet-02.ankr.com [200] [GET] [text/html] [Sokol POA Explorer] [nginx/1.18.0 (Ubuntu)] [vhost] [Nginx:1.18.0,Ubuntu] [9112df9ef7185cd1f862f1bc41c3640f]
https://explorer.meta-ape-bas-testnet-02.ankr.com [200] [GET] [text/html] [Sokol POA Explorer] [nginx/1.18.0 (Ubuntu)] [vhost] [Nginx:1.18.0,Ubuntu] [9eff04cd82ab8de7f10641ed6c910ccd]
https://explorer-meta-ape-edge-testnet.ankr.com [200] [GET] [text/html] [Sokol POA Explorer] [nginx/1.18.0 (Ubuntu)] [Nginx:1.18.0,Ubuntu] [03dc753c6b0fd3216aa5682fef92ec73]
https://explorer-meta-ape-edge-testnet.ankr.com [200] [GET] [text/html] [Sokol POA Explorer] [nginx/1.18.0 (Ubuntu)] [Nginx:1.18.0,Ubuntu] [1a98c8ff84fb1ea5e7706647b2c53fc5]
https://explorer.multiverse-bas-testnet.ankr.com [200] [GET] [text/html] [Awesome chain  Explorer] [nginx/1.18.0 (Ubuntu)] [vhost] [Nginx:1.18.0,Ubuntu] [0035132895846a69359b63e41277b0fb]
https://explorer.multiverse-bas-testnet.ankr.com [200] [GET] [text/html] [Awesome chain  Explorer] [nginx/1.18.0 (Ubuntu)] [vhost] [Nginx:1.18.0,Ubuntu] [bbc9d9a2a0ada9609dc85f9d5911241d]
https://fan-archive-ethereum.ankr.com [200] [GET] [] [] [nginx/1.18.0 (Ubuntu)] [Nginx:1.18.0,Ubuntu] [d41d8cd98f00b204e9800998ecf8427e]
https://fantom-hetzner-01.ankr.com [200] [GET] [text/html] [Welcome to nginx!] [nginx/1.18.0 (Ubuntu)] [Nginx:1.18.0,Ubuntu] [e3eb0a1df437f3f97a64aca5952c8ea0]
https://fantom-hetzner-02.ankr.com [200] [GET] [text/html] [Welcome to nginx!] [nginx/1.18.0 (Ubuntu)] [Nginx:1.18.0,Ubuntu] [e3eb0a1df437f3f97a64aca5952c8ea0]
https://fantom-hetzner-04.ankr.com [200] [GET] [text/html] [Index of /] [nginx/1.18.0 (Ubuntu)] [Nginx:1.18.0,Ubuntu] [0f635780c6b808253ac144f612700034]
https://fantom-hetzner-04.ankr.com [200] [GET] [text/html] [Index of /] [nginx/1.18.0 (Ubuntu)] [Nginx:1.18.0,Ubuntu] [710223542f29210b785bed2bfd37da9a]
https://fantom-sydney-01.ankr.com [200] [GET] [text/html] [Index of /] [nginx/1.18.0 (Ubuntu)] [Nginx:1.18.0,Ubuntu] [283c236db186ef97e6b4a3c91cd178e4]
https://faucet-bas-testnet.ankr.com [200] [GET] [text/html] [BAS Faucet] [nginx] [Bootstrap:3.3.7,Font Awesome,Nginx] [bde0013f3a263836e37fc6701aec87ac]
https://faucet.dev-01.bas.ankr.com [200] [GET] [text/html] [BAS: Faucet] [nginx/1.21.6] [vhost] [Bootstrap:3.3.7,Font Awesome,Nginx:1.21.6] [3de424008475eed23e9b52ff7375fa8f]
https://faucet.dev-02.bas.ankr.com [502] [GET] [text/html] [502 Bad Gateway] [nginx/1.21.6] [Nginx:1.21.6] [2b699d56ac352f2cab2c7e45e5c3c80e]
https://faucet-edge-testnet.ankr.com [200] [GET] [text/html] [EDGE Faucet] [nginx] [Bootstrap:3.3.7,Font Awesome,Nginx] [b286d0ea6c435927bfe3546fe2d685c2]
https://faucet.meta-ape-bas-testnet-02.ankr.com [502] [GET] [text/html] [502 Bad Gateway] [nginx/1.18.0 (Ubuntu)] [vhost] [Nginx:1.18.0,Ubuntu] [b7a0f2b3e95ab9f1da72121ab5f88540]
https://faucet.multiverse-bas-testnet.ankr.com [200] [GET] [text/html] [Multiverse Testnet Faucet] [nginx/1.18.0 (Ubuntu)] [vhost] [Bootstrap:3.3.7,Font Awesome,Nginx:1.18.0,Ubuntu] [820edd305ff8462c3477afd42e495631]
https://fileserver.dccn.ankr.com [403] [GET] [text/html] [] [nginx] [Nginx] [01e9b3351a20632ce2de4a219637711c]
https://finland-hetzner-135-181-137-113.ankr.com [200] [GET] [] [] [nginx/1.18.0 (Ubuntu)] [Nginx:1.18.0,Ubuntu] [d41d8cd98f00b204e9800998ecf8427e]
https://finland-hetzner-135-181-221-50.ankr.com [200] [GET] [text/html] [Index of /] [nginx/1.18.0 (Ubuntu)] [Nginx:1.18.0,Ubuntu] [2e920a6d381ee7e8ee8b1850f3d213da]
https://finland-hetzner-65-21-140-182.ankr.com [403] [GET] [application/octet-stream] [] [nginx/1.18.0 (Ubuntu)] [Nginx:1.18.0,Ubuntu] [2a32ceef8d660fea371ac660729ce78f]
https://frankfurt-hetzner-23-88-67-20.ankr.com [200] [GET] [text/html] [Index of /] [nginx/1.18.0 (Ubuntu)] [Nginx:1.18.0,Ubuntu] [9bd9b1ab4107d0a9f0c3399f432a7703]
https://frankfurt-hetzner-23-88-67-21.ankr.com [200] [GET] [text/html] [Index of /] [nginx/1.18.0 (Ubuntu)] [Nginx:1.18.0,Ubuntu] [9bd9b1ab4107d0a9f0c3399f432a7703]
https://frankfurt-vultr-45-76-92-42.ankr.com [200] [GET] [text/html] [Index of /] [nginx/1.18.0 (Ubuntu)] [Nginx:1.18.0,Ubuntu] [56a8ff0fb49350e3a18e0947b7fb5d71]
https://ftm-albert.ankr.com [200] [GET] [] [] [nginx] [vhost] [Nginx] [d41d8cd98f00b204e9800998ecf8427e]
https://ftm-baker.ankr.com [200] [GET] [] [] [nginx] [vhost] [Nginx] [d41d8cd98f00b204e9800998ecf8427e]
https://game.ankr.com [503] [GET] [text/html] [503 Service Temporarily Unavailable] [] [vhost] [3267dd8f0e96711dd54dbb1f5676b447]
https://grafana-api.ankr.com [404] [GET] [text/plain] [] [] [595e88012a6521aae3e12cbebe76eb9e]
https://grafana-api.ankr.com:8080 [404] [GET] [text/plain] [] [] [595e88012a6521aae3e12cbebe76eb9e]
https://grafana.game.ankr.com [302] [GET] [text/html] [] [] [vhost] [cb0b177a86bb404bfe3fb7697196e9b7]
https://grafana-hub-stage.ankr.com [302] [GET] [text/html] [] [nginx/1.18.0 (Ubuntu)] [vhost] [Nginx:1.18.0,Ubuntu] [cb0b177a86bb404bfe3fb7697196e9b7]
https://grafana.stkr-dev.ankr.com [404] [GET] [text/html] [404 Not Found] [] [370e16c3b7dba286cff055f93b9a94d8]
https://grafana.stkr-dev.ankr.com [404] [GET] [text/html] [404 Not Found] [] [8eec510e57f5f732fd2cce73df7b73ef]
https://grafana.stkr-goerli.ankr.com [404] [GET] [text/html] [404 Not Found] [] [370e16c3b7dba286cff055f93b9a94d8]
https://grants.ankr.com [403] [GET] [text/html] [403 Forbidden] [ddos-guard] [4b074b0b59693fa9f94fb71b175fb187]
https://grants.ankr.com [403] [GET] [text/html] [403 Forbidden] [ddos-guard] [9fe3cb2b7313dc79bb477bc8fde184a7]
https://harbor.stkr-dev.ankr.com [404] [GET] [text/html] [404 Not Found] [] [370e16c3b7dba286cff055f93b9a94d8]
https://harmony-hetzner-02.ankr.com [200] [GET] [] [] [nginx/1.18.0 (Ubuntu)] [Nginx:1.18.0,Ubuntu] [d41d8cd98f00b204e9800998ecf8427e]
https://harmony-hetzner-03.ankr.com [200] [GET] [] [] [nginx/1.18.0 (Ubuntu)] [Nginx:1.18.0,Ubuntu] [d41d8cd98f00b204e9800998ecf8427e]
https://harmony-hetzner-archive-02.ankr.com [200] [GET] [] [] [nginx/1.18.0 (Ubuntu)] [Nginx:1.18.0,Ubuntu] [d41d8cd98f00b204e9800998ecf8427e]
https://harmony-hetzner-archive-03.ankr.com [200] [GET] [] [] [nginx/1.18.0 (Ubuntu)] [Nginx:1.18.0,Ubuntu] [d41d8cd98f00b204e9800998ecf8427e]
https://helsinki-hetzner-95-217-225-154.ankr.com [200] [GET] [text/html] [Welcome to nginx!] [nginx/1.18.0 (Ubuntu)] [Nginx:1.18.0,Ubuntu] [e3eb0a1df437f3f97a64aca5952c8ea0]
https://hk.ankr.com [302] [GET] [text/html] [] [nginx/1.18.0 (Ubuntu)] [vhost] [Nginx:1.18.0,Ubuntu] [cb0b177a86bb404bfe3fb7697196e9b7]
https://hk.ankr.com:6443 [403] [GET] [application/json] [] [] [7ad5e6d9a29e2ee4272945e6dc9845e8]
https://hk-cn.ankr.com:6443 [403] [GET] [application/json] [] [] [7ad5e6d9a29e2ee4272945e6dc9845e8]
https://hk-cosmos1.ankr.com [501] [GET] [application/json] [] [nginx] [vhost] [Nginx] [003bdf90c35e2c4c6add636e2b80f073]
https://hub.ankr.com [404] [GET] [text/html] [] [openresty] [Nginx,OpenResty] [8c63daddc80fb1482598b756fbad5816]
https://hub.ankr.com:6443 [403] [GET] [application/json] [] [] [7ad5e6d9a29e2ee4272945e6dc9845e8]
https://hub.ankr.com:8443 [404] [GET] [text/plain] [] [nginx/1.18.0 (Ubuntu)] [Nginx:1.18.0,Ubuntu] [595e88012a6521aae3e12cbebe76eb9e]
https://hub-cn.ankr.com:8443 [404] [GET] [text/plain] [] [nginx/1.18.0 (Ubuntu)] [Nginx:1.18.0,Ubuntu] [595e88012a6521aae3e12cbebe76eb9e]
https://hub-hk.ankr.com [404] [GET] [text/html] [] [openresty] [Nginx,OpenResty] [8c63daddc80fb1482598b756fbad5816]
https://hub-hk.ankr.com:6443 [403] [GET] [application/json] [] [] [7ad5e6d9a29e2ee4272945e6dc9845e8]
https://hub-hk.ankr.com:8443 [404] [GET] [text/plain] [] [nginx/1.18.0 (Ubuntu)] [Nginx:1.18.0,Ubuntu] [595e88012a6521aae3e12cbebe76eb9e]
https://hub-stage.ankr.com [404] [GET] [text/plain] [] [nginx/1.18.0 (Ubuntu)] [Nginx:1.18.0,Ubuntu] [595e88012a6521aae3e12cbebe76eb9e]
https://image.ankr.com [200] [GET] [text/html] [Harbor] [nginx] [vhost] [Nginx] [f16278cc8ab349ea56d8c17c268fafe9]
https://image.ankr.com:6443 [403] [GET] [application/json] [] [] [a797b47875d8fd5c949066182902099d]
https://image-cn.ankr.com [404] [GET] [text/plain] [] [] [595e88012a6521aae3e12cbebe76eb9e]
https://image-cn.ankr.com:8080 [404] [GET] [text/plain] [] [] [595e88012a6521aae3e12cbebe76eb9e]
https://indoor-ethereum.ankr.com [200] [GET] [] [] [nginx/1.18.0 (Ubuntu)] [Nginx:1.18.0,Ubuntu] [d41d8cd98f00b204e9800998ecf8427e]
http://singapore-inap-107-6-113-59.ankr.com:8545 [200] [GET] [] [] [] [d41d8cd98f00b204e9800998ecf8427e]
https://itool.ankr.com [200] [GET] [text/html] [Ankr - Internal Tools] [AmazonS3] [vhost] [cloudfront] [Amazon Cloudfront,Amazon S3,Amazon Web Services,Google Font API] [9c5a6b1e6699de11b20e3be5c6863bd7]
https://itool-dev.ankr.com [403] [GET] [application/xml] [] [AmazonS3] [vhost] [cloudfront] [Amazon Cloudfront,Amazon S3,Amazon Web Services] [7a94b4712e8cca2c1e1c92c316f36ff2]
https://itool-dev.ankr.com [403] [GET] [application/xml] [] [AmazonS3] [vhost] [cloudfront] [Amazon Cloudfront,Amazon S3,Amazon Web Services] [ae15c7a0fadb1393c24de0337718aee1]
https://itool-stage.ankr.com [200] [GET] [text/html] [Ankr - Internal Tools] [AmazonS3] [vhost] [cloudfront] [Amazon Cloudfront,Amazon S3,Amazon Web Services,Google Font API] [a265c25d5865ad12a184385ec9718841]
https://jaeger.ankr.com [404] [GET] [text/html] [] [openresty] [Nginx,OpenResty] [8c63daddc80fb1482598b756fbad5816]
https://jaeger.ankr.com:8443 [404] [GET] [text/plain] [] [nginx/1.18.0 (Ubuntu)] [Nginx:1.18.0,Ubuntu] [595e88012a6521aae3e12cbebe76eb9e]
https://johannesburg-epyc-xl-02.ankr.com [200] [GET] [] [] [nginx/1.18.0 (Ubuntu)] [Nginx:1.18.0,Ubuntu] [d41d8cd98f00b204e9800998ecf8427e]
https://johannesburg-epyc-xl-03.ankr.com [200] [GET] [text/html] [Index of /] [nginx/1.18.0 (Ubuntu)] [Nginx:1.18.0,Ubuntu] [82872353a01834f73df8713b93eba41b]
https://johannesburg-epyc-xl-04.ankr.com [200] [GET] [text/html] [Index of /] [nginx/1.18.0 (Ubuntu)] [Nginx:1.18.0,Ubuntu] [487acb7dd426c2577cd7ad11a5698381]
https://johannesburg-teraco-napafrica-ix-216-107-41-44.ankr.com [200] [GET] [text/html] [Index of /] [nginx/1.18.0 (Ubuntu)] [Nginx:1.18.0,Ubuntu] [82872353a01834f73df8713b93eba41b]
http://skale-0.dccn.ankr.com:10002 [404] [GET] [text/html] [] [] [ca5453051b478ebe01b2cd109029c169]
http://skale-0.dccn.ankr.com:10003 [200] [GET] [] [] [] [2db6e194754c49cac617b55465dafc8a]
http://skale-0.dccn.ankr.com:10009 [200] [GET] [] [] [] [2db6e194754c49cac617b55465dafc8a]
http://skale-0.dccn.ankr.com:8080 [307] [GET] [text/html] [] [] [825d5c34bb668914c53db27df9e089fd]
http://skale-0.dccn.ankr.com:9100 [200] [GET] [text/html] [Node Exporter] [] [5b2ba33259efadf489d28570766e5de8]
http://skale-1.dccn.ankr.com:8080 [307] [GET] [text/html] [] [] [825d5c34bb668914c53db27df9e089fd]
http://skale-1.dccn.ankr.com:9100 [200] [GET] [text/html] [Node Exporter] [] [5b2ba33259efadf489d28570766e5de8]
https://kibana.chain-monitor.ankr.com [302] [GET] [] [] [nginx/1.18.0 (Ubuntu)] [vhost] [Elasticsearch,Kibana,Nginx:1.18.0,Node.js,Ubuntu] [d41d8cd98f00b204e9800998ecf8427e]
https://kings.ankr.com [404] [GET] [text/plain] [] [] [f9ae9006943e3a67b95ca4c6c733b6d4]
https://kms.stkr-dev.ankr.com [404] [GET] [text/html] [404 Not Found] [] [370e16c3b7dba286cff055f93b9a94d8]
https://kusama-hetzner-01.ankr.com [405] [GET] [text/plain] [] [nginx/1.18.0 (Ubuntu)] [Nginx:1.18.0,Ubuntu] [1bb04b36221098efe0950d88be98a000]
https://kusama-hetzner-02.ankr.com [405] [GET] [text/plain] [] [nginx/1.18.0 (Ubuntu)] [Nginx:1.18.0,Ubuntu] [1bb04b36221098efe0950d88be98a000]
https://kusama-hetzner-03.ankr.com [405] [GET] [text/plain] [] [nginx/1.18.0 (Ubuntu)] [Nginx:1.18.0,Ubuntu] [1bb04b36221098efe0950d88be98a000]
https://kusama-hetzner-04.ankr.com [405] [GET] [text/plain] [] [nginx/1.18.0 (Ubuntu)] [Nginx:1.18.0,Ubuntu] [1bb04b36221098efe0950d88be98a000]
https://la-equinix-la1-216-155-15-118.ankr.com [200] [GET] [text/html] [Index of /] [nginx/1.18.0 (Ubuntu)] [Nginx:1.18.0,Ubuntu] [3cafe1e31d0787c0dc9af3bf64839ffe]
https://la-equinix-la1-216-155-15-119.ankr.com [200] [GET] [text/html] [Index of /] [nginx/1.18.0 (Ubuntu)] [Nginx:1.18.0,Ubuntu] [65dbe7112e484831b4ca616f2aa7e1f9]
http://sleepy.ankr.com:8000 [400] [GET] [text/html] [] [gunicorn/20.0.4] [Python,gunicorn:20.0.4] [571e88fb6da35fec3989eca6b40f5e20]
http://sleepy.ankr.com:9090 [404] [GET] [text/plain] [] [] [595e88012a6521aae3e12cbebe76eb9e]
https://lithuania-cherry-93-115-29-187.ankr.com [200] [GET] [text/html] [Index of /] [nginx/1.18.0 (Ubuntu)] [Nginx:1.18.0,Ubuntu] [c7670f56b752f40ba86a945debbd0077]
https://lithuania-cherry-93-115-29-189.ankr.com [200] [GET] [text/html] [Index of /] [nginx/1.18.0 (Ubuntu)] [Nginx:1.18.0,Ubuntu] [27885fc75717dc6dcae95548dd3128f5]
https://london-inap-64-46-115-6.ankr.com [200] [GET] [text/html] [Index of /] [nginx/1.18.0 (Ubuntu)] [Nginx:1.18.0,Ubuntu] [649907aa7aa1c363cb743e9c48175e7e]
https://mainnet.multirpc.ankr.com [404] [GET] [text/plain] [] [] [vhost] [595e88012a6521aae3e12cbebe76eb9e]
https://mainnet.protocol.ankr.com [404] [GET] [text/html] [404 Not Found] [] [370e16c3b7dba286cff055f93b9a94d8]
https://matic-hetzner-01.ankr.com [200] [GET] [] [] [nginx/1.18.0 (Ubuntu)] [Nginx:1.18.0,Ubuntu] [d41d8cd98f00b204e9800998ecf8427e]
https://matic-hetzner-02.ankr.com [200] [GET] [] [] [nginx/1.18.0 (Ubuntu)] [Nginx:1.18.0,Ubuntu] [d41d8cd98f00b204e9800998ecf8427e]
https://matic-hetzner-03.ankr.com [200] [GET] [] [] [nginx/1.18.0 (Ubuntu)] [Nginx:1.18.0,Ubuntu] [d41d8cd98f00b204e9800998ecf8427e]
https://matic-hetzner-04.ankr.com [200] [GET] [] [] [nginx/1.18.0 (Ubuntu)] [Nginx:1.18.0,Ubuntu] [d41d8cd98f00b204e9800998ecf8427e]
https://matic-la-01.ankr.com [200] [GET] [text/html] [Index of /] [nginx/1.18.0 (Ubuntu)] [Nginx:1.18.0,Ubuntu] [3cafe1e31d0787c0dc9af3bf64839ffe]
https://matic-mainnet-01.ankr.com [200] [GET] [text/html] [Welcome to nginx!] [nginx] [vhost] [Nginx] [e3eb0a1df437f3f97a64aca5952c8ea0]
https://matic-saopaulo-01.ankr.com [200] [GET] [] [] [nginx/1.18.0 (Ubuntu)] [Nginx:1.18.0,Ubuntu] [d41d8cd98f00b204e9800998ecf8427e]
https://matic-sydney-01.ankr.com [200] [GET] [text/html] [Index of /] [nginx/1.18.0 (Ubuntu)] [Nginx:1.18.0,Ubuntu] [9fae102404957b48aa59e0d4e78754a2]
https://mercury.ankr.com [200] [GET] [text/html] [Helio Protocol | Borrow & Earn Easily With BNB-Backed Stablecoins] [AmazonS3] [vhost] [cloudfront] [Amazon Cloudfront,Amazon S3,Amazon Web Services,Fourthwall:helio-landing-1.0.1] [a683c4d9e26320dc13230361bad15c24]
https://meta-ape-bas-mainnet.ankr.com [200] [GET] [text/html] [Index of /] [nginx/1.18.0 (Ubuntu)] [Nginx:1.18.0,Ubuntu] [ea71ca4607e323409346e23c17f311fe]
https://meta-ape-bas-testnet-01.ankr.com [200] [GET] [] [] [nginx/1.18.0 (Ubuntu)] [Nginx:1.18.0,Ubuntu] [d41d8cd98f00b204e9800998ecf8427e]
https://meta-ape-bas-testnet-02.ankr.com [200] [GET] [] [] [nginx/1.18.0 (Ubuntu)] [Nginx:1.18.0,Ubuntu] [d41d8cd98f00b204e9800998ecf8427e]
https://meta-ape-edge-testnet-01.ankr.com [200] [GET] [application/json] [] [nginx/1.18.0 (Ubuntu)] [Nginx:1.18.0,Ubuntu] [247f0343dcc26e649e663ba3c6d38970]
https://meta-ape-edge-testnet-02.ankr.com [200] [GET] [application/json] [] [nginx/1.18.0 (Ubuntu)] [Nginx:1.18.0,Ubuntu] [247f0343dcc26e649e663ba3c6d38970]
https://meta-ape-edge-testnet-03.ankr.com [200] [GET] [application/json] [] [nginx/1.18.0 (Ubuntu)] [Nginx:1.18.0,Ubuntu] [247f0343dcc26e649e663ba3c6d38970]
https://meta-ape-edge-testnet-04.ankr.com [200] [GET] [application/json] [] [nginx/1.18.0 (Ubuntu)] [Nginx:1.18.0,Ubuntu] [247f0343dcc26e649e663ba3c6d38970]
https://meta-ape-edge-testnet-05.ankr.com [200] [GET] [application/json] [] [nginx/1.18.0 (Ubuntu)] [Nginx:1.18.0,Ubuntu] [247f0343dcc26e649e663ba3c6d38970]
https://metanft.ankr.com [404] [GET] [text/plain] [] [nginx] [Nginx] [595e88012a6521aae3e12cbebe76eb9e]
https://miami-epyc-xl-01.ankr.com [200] [GET] [] [] [nginx/1.18.0 (Ubuntu)] [Nginx:1.18.0,Ubuntu] [d41d8cd98f00b204e9800998ecf8427e]
https://miami-epyc-xl-02.ankr.com [502] [GET] [text/html] [502 Bad Gateway] [nginx/1.18.0 (Ubuntu)] [Nginx:1.18.0,Ubuntu] [b7a0f2b3e95ab9f1da72121ab5f88540]
https://miami-epyc-xl-02.ankr.com [502] [GET] [text/html] [502 Bad Gateway] [nginx/1.18.0 (Ubuntu)] [Nginx:1.18.0,Ubuntu] [d131850514b200c7ef56710965b3c70d]
https://miami-equinix-mi1-216-155-62-93.ankr.com [200] [GET] [text/html] [Index of /] [nginx/1.18.0 (Ubuntu)] [Nginx:1.18.0,Ubuntu] [1f77015d26065b2c02cb8024c89c591c]
https://monitor.ankr.com [302] [GET] [text/html] [] [] [cb0b177a86bb404bfe3fb7697196e9b7]
https://monitor.stkr-dev.ankr.com [404] [GET] [text/html] [404 Not Found] [] [8eec510e57f5f732fd2cce73df7b73ef]
https://moonsis-tokyo-01.ankr.com [200] [GET] [text/html] [Welcome to nginx!] [nginx/1.18.0 (Ubuntu)] [Nginx:1.18.0,Ubuntu] [e3eb0a1df437f3f97a64aca5952c8ea0]
https://moonsis-tokyo-02.ankr.com [200] [GET] [text/html] [Welcome to nginx!] [nginx/1.18.0 (Ubuntu)] [Nginx:1.18.0,Ubuntu] [e3eb0a1df437f3f97a64aca5952c8ea0]
https://moonsis-tokyo-03.ankr.com [200] [GET] [text/html] [Welcome to nginx!] [nginx/1.18.0 (Ubuntu)] [Nginx:1.18.0,Ubuntu] [e3eb0a1df437f3f97a64aca5952c8ea0]
https://multirpc-backoffice.dccn.ankr.com [200] [GET] [text/html] [React App] [AmazonS3] [vhost] [cloudfront] [Amazon Cloudfront,Amazon S3,Amazon Web Services,React] [6cf898e8a13d7827ccb42ebc2be427cc]
https://multirpc-backoffice-stage.dccn.ankr.com [200] [GET] [text/html] [React App] [AmazonS3] [vhost] [cloudfront] [Amazon Cloudfront,Amazon S3,Amazon Web Services,React] [3d039c5f35e035c12bbaee622b3a2b9a]
https://multiverse-bas-testnet.ankr.com [200] [GET] [text/html] [Index of /] [nginx/1.18.0 (Ubuntu)] [Nginx:1.18.0,Ubuntu] [a878d1e6fd02733606353e36e39bf23d]
https://mumbai-web-werks-216-155-53-68.ankr.com [200] [GET] [text/html] [Index of /] [nginx/1.18.0 (Ubuntu)] [Nginx:1.18.0,Ubuntu] [a6e03544f7dc835a063cbfaecf28ace6]
https://near-hetzner-01.ankr.com [405] [GET] [] [] [nginx/1.18.0 (Ubuntu)] [Nginx:1.18.0,Ubuntu] [d41d8cd98f00b204e9800998ecf8427e]
https://near-hetzner-02.ankr.com [405] [GET] [] [] [nginx/1.18.0 (Ubuntu)] [Nginx:1.18.0,Ubuntu] [d41d8cd98f00b204e9800998ecf8427e]
https://near-hetzner-03.ankr.com [405] [GET] [] [] [nginx/1.18.0 (Ubuntu)] [Nginx:1.18.0,Ubuntu] [d41d8cd98f00b204e9800998ecf8427e]
https://near-hetzner-04.ankr.com [405] [GET] [] [] [nginx/1.18.0 (Ubuntu)] [Nginx:1.18.0,Ubuntu] [d41d8cd98f00b204e9800998ecf8427e]
https://near-maxihost-01.ankr.com [405] [GET] [] [] [nginx/1.18.0 (Ubuntu)] [Nginx:1.18.0,Ubuntu] [d41d8cd98f00b204e9800998ecf8427e]
https://near-maxihost-02.ankr.com [405] [GET] [] [] [nginx/1.18.0 (Ubuntu)] [Nginx:1.18.0,Ubuntu] [d41d8cd98f00b204e9800998ecf8427e]
https://near-maxihost-03.ankr.com [405] [GET] [] [] [nginx/1.18.0 (Ubuntu)] [Nginx:1.18.0,Ubuntu] [d41d8cd98f00b204e9800998ecf8427e]
https://nervos-hetzner-01.ankr.com [502] [GET] [text/html] [502 Bad Gateway] [nginx/1.18.0 (Ubuntu)] [Nginx:1.18.0,Ubuntu] [b7a0f2b3e95ab9f1da72121ab5f88540]
https://nervos-hetzner-02.ankr.com [200] [GET] [text/html] [Index of /] [nginx/1.18.0 (Ubuntu)] [Nginx:1.18.0,Ubuntu] [212da187d0eafab890c4e8417a2fc4ee]
https://nervos-hetzner-03.ankr.com [502] [GET] [text/html] [502 Bad Gateway] [nginx/1.18.0 (Ubuntu)] [Nginx:1.18.0,Ubuntu] [b7a0f2b3e95ab9f1da72121ab5f88540]
https://nervos-hetzner-04.ankr.com [502] [GET] [text/html] [502 Bad Gateway] [nginx/1.18.0 (Ubuntu)] [Nginx:1.18.0,Ubuntu] [d131850514b200c7ef56710965b3c70d]
https://netbox.ankr.com [302] [GET] [text/html] [] [nginx/1.18.0 (Ubuntu)] [vhost] [Nginx:1.18.0,Ubuntu] [d41d8cd98f00b204e9800998ecf8427e]
https://netbox.devops-k8s.ankr.com [302] [GET] [text/html] [] [] [vhost] [d41d8cd98f00b204e9800998ecf8427e]
https://new-jersey-inap-72-251-230-238.ankr.com [200] [GET] [text/html] [Welcome to nginx!] [nginx/1.18.0 (Ubuntu)] [Nginx:1.18.0,Ubuntu] [e3eb0a1df437f3f97a64aca5952c8ea0]
https://new-jersey-inap-72-251-231-68.ankr.com [200] [GET] [text/html] [Welcome to nginx!] [nginx/1.18.0 (Ubuntu)] [Nginx:1.18.0,Ubuntu] [e3eb0a1df437f3f97a64aca5952c8ea0]
https://new-jersey-inap-72-251-231-69.ankr.com [200] [GET] [] [] [nginx/1.18.0 (Ubuntu)] [Nginx:1.18.0,Ubuntu] [d41d8cd98f00b204e9800998ecf8427e]
https://new-jersey-inap-72-251-231-70.ankr.com [200] [GET] [text/html] [Welcome to nginx!] [nginx/1.18.0 (Ubuntu)] [Nginx:1.18.0,Ubuntu] [e3eb0a1df437f3f97a64aca5952c8ea0]
https://new-jersey-inap-72-251-231-71.ankr.com [200] [GET] [text/html] [Welcome to nginx!] [nginx/1.18.0 (Ubuntu)] [Nginx:1.18.0,Ubuntu] [e3eb0a1df437f3f97a64aca5952c8ea0]
https://new-jersey-inap-72-251-231-72.ankr.com [200] [GET] [text/html] [Welcome to nginx!] [nginx/1.18.0 (Ubuntu)] [Nginx:1.18.0,Ubuntu] [e3eb0a1df437f3f97a64aca5952c8ea0]
https://new-jersey-inap-72-251-231-74.ankr.com [200] [GET] [] [] [nginx/1.18.0 (Ubuntu)] [Nginx:1.18.0,Ubuntu] [d41d8cd98f00b204e9800998ecf8427e]
https://new-jersey-inap-72-251-231-77.ankr.com [200] [GET] [text/html] [Welcome to nginx!] [nginx/1.18.0 (Ubuntu)] [Nginx:1.18.0,Ubuntu] [e3eb0a1df437f3f97a64aca5952c8ea0]
https://new-york-maxihost-198-178-224-104.ankr.com [200] [GET] [text/html] [Index of /] [nginx/1.18.0 (Ubuntu)] [Nginx:1.18.0,Ubuntu] [1ed29b7c42df844ad374af033c57fbdd]
https://new-york-maxihost-198-178-224-105.ankr.com [200] [GET] [] [] [nginx/1.18.0 (Ubuntu)] [Nginx:1.18.0,Ubuntu] [d41d8cd98f00b204e9800998ecf8427e]
https://nft-dev.ankr.com [200] [GET] [text/html] [Platform - Buy & Sell NFTs gas free] [AmazonS3] [vhost] [cloudfront] [Amazon Cloudfront,Amazon S3,Amazon Web Services,animate.css] [5983caeeb8d71fb3cadc9484eba97d54]
https://nodes-ankrscan-01.ankr.com [200] [GET] [text/html] [Welcome to nginx!] [nginx/1.18.0 (Ubuntu)] [Nginx:1.18.0,Ubuntu] [e3eb0a1df437f3f97a64aca5952c8ea0]
https://notary.ankr.com [401] [GET] [application/json] [] [nginx/1.18.0 (Ubuntu)] [vhost] [Nginx:1.18.0,Ubuntu] [42755785a7ab45f073a8d95a17e1302b]
https://notary.ankr.com:6443 [403] [GET] [application/json] [] [] [7ad5e6d9a29e2ee4272945e6dc9845e8]
https://notary.devops-k8s.ankr.com [401] [GET] [application/json] [] [] [vhost] [42755785a7ab45f073a8d95a17e1302b]
https://notary.harbor.stkr-dev.ankr.com [404] [GET] [text/html] [404 Not Found] [] [370e16c3b7dba286cff055f93b9a94d8]
https://notary.harbor.stkr-dev.ankr.com [404] [GET] [text/html] [404 Not Found] [] [8eec510e57f5f732fd2cce73df7b73ef]
https://okex-archive.ankr.com [404] [GET] [text/html] [404 Not Found] [nginx] [vhost] [Nginx] [370e16c3b7dba286cff055f93b9a94d8]
https://okex-archive.ankr.com [404] [GET] [text/html] [404 Not Found] [nginx] [vhost] [Nginx] [8eec510e57f5f732fd2cce73df7b73ef]
http://solana-sj.ankr.com:10009 [200] [GET] [] [] [nginx/1.18.0 (Ubuntu)] [Nginx:1.18.0,Ubuntu] [d41d8cd98f00b204e9800998ecf8427e]
http://solana-sj.ankr.com:8545 [200] [GET] [text/html] [Welcome to nginx!] [nginx] [Nginx] [e3eb0a1df437f3f97a64aca5952c8ea0]
https://old-stakefi.ankr.com [200] [GET] [text/html] [Ankr Staking] [AmazonS3] [vhost] [cloudfront] [Amazon Cloudfront,Amazon S3,Amazon Web Services,Fourthwall:stakefi-1.3.8,Google Tag Manager] [aa72f20a5426c11f78595050ddc1a6be]
https://openstack.ankr.com [302] [GET] [text/html] [] [nginx] [vhost] [Nginx] [d41d8cd98f00b204e9800998ecf8427e]
https://optimism-dallas-03.ankr.com [200] [GET] [] [] [nginx/1.18.0 (Ubuntu)] [Nginx:1.18.0,Ubuntu] [d41d8cd98f00b204e9800998ecf8427e]
https://optimism-dallas-04.ankr.com [200] [GET] [] [] [nginx/1.18.0 (Ubuntu)] [Nginx:1.18.0,Ubuntu] [d41d8cd98f00b204e9800998ecf8427e]
https://packages.ankr.com [403] [GET] [text/html] [403 Forbidden] [nginx/1.18.0 (Ubuntu)] [vhost] [Nginx:1.18.0,Ubuntu] [551e6e8316330ea362856c8f4fc249ed]
https://plat-dev.ankr.com [200] [GET] [text/html] [MetaApes] [AmazonS3] [vhost] [cloudfront] [Amazon Cloudfront,Amazon S3,Amazon Web Services,animate.css] [9d8bbd7e69c13032465ad4b69e60c5b7]
https://plat-stage.ankr.com [301] [GET] [text/html] [301 Moved Permanently] [nginx] [vhost] [Nginx] [4f8e702cc244ec5d4de32740c0ecbd97]
http://splunk01.ankr.com:8088 [404] [GET] [text/html] [404 Not Found] [Splunkd] [Splunkd] [9f35d337bbaeaacb6e1862270b6782a5]
https://polkadot-hetzner-01.ankr.com [405] [GET] [text/plain] [] [nginx/1.18.0 (Ubuntu)] [Nginx:1.18.0,Ubuntu] [1bb04b36221098efe0950d88be98a000]
https://polkadot-hetzner-02.ankr.com [405] [GET] [text/plain] [] [nginx/1.18.0 (Ubuntu)] [Nginx:1.18.0,Ubuntu] [1bb04b36221098efe0950d88be98a000]
https://polkadot-hetzner-03.ankr.com [405] [GET] [text/plain] [] [nginx/1.18.0 (Ubuntu)] [Nginx:1.18.0,Ubuntu] [1bb04b36221098efe0950d88be98a000]
https://polkadot-hetzner-04.ankr.com [405] [GET] [text/plain] [] [nginx/1.18.0 (Ubuntu)] [Nginx:1.18.0,Ubuntu] [1bb04b36221098efe0950d88be98a000]
https://polygon-01-defipulse.ankr.com [502] [GET] [text/html] [502 Bad Gateway] [nginx] [Nginx] [2b027182dd680c922c2045072dad573c]
https://polygon-01-defipulse.ankr.com [502] [GET] [text/html] [502 Bad Gateway] [nginx] [Nginx] [eac0a6a53d4a4353aace122055b4b4c8]
https://polygon-anthony-archive.ankr.com [404] [GET] [text/html] [404 Not Found] [nginx] [Nginx] [8eec510e57f5f732fd2cce73df7b73ef]
https://polygon-berkeley-archive.ankr.com [404] [GET] [text/html] [404 Not Found] [nginx] [Nginx] [370e16c3b7dba286cff055f93b9a94d8]
https://prod.ankr.com [200] [GET] [] [] [nginx/1.18.0 (Ubuntu)] [vhost] [Nginx:1.18.0,Ubuntu] [ef3add704ffad33cb5ee09c11d2d9d0b]
https://prod.ankr.com [502] [GET] [text/html] [502 Bad Gateway] [nginx/1.18.0 (Ubuntu)] [vhost] [Nginx:1.18.0,Ubuntu] [d131850514b200c7ef56710965b3c70d]
https://prod.ankr.com:6443 [403] [GET] [application/json] [] [] [7ad5e6d9a29e2ee4272945e6dc9845e8]
https://promon.ankr.com [302] [GET] [text/html] [] [nginx/1.18.0 (Ubuntu)] [vhost] [Nginx:1.18.0,Ubuntu] [409c99334099065c3a4e61691f8b5d8a]
https://rancher.ankr-protocol.ankr.com [302] [GET] [text/html] [] [] [vhost] [8c5b05c77aff0bfaa908c1073b39ea3a]
https://rancher.stkr-dev.ankr.com [200] [GET] [text/html] [Loading…] [] [vhost] [ef11ac57ed0ca52b5a584fa86ecb00f7]
https://registry.devops-k8s.ankr.com [200] [GET] [text/html] [Harbor] [] [vhost] [1c434c41f4606f75acb5505d51fbb2a1]
https://roadmap.ankr.com [301] [GET] [text/html] [] [Apache/2] [vhost] [Apache:2] [d41d8cd98f00b204e9800998ecf8427e]
https://rp.ankr.com:8080 [404] [GET] [text/plain] [] [] [595e88012a6521aae3e12cbebe76eb9e]
https://rp.ankr.com:8081 [404] [GET] [text/plain] [] [] [595e88012a6521aae3e12cbebe76eb9e]
https://rpc.ankr.com:2053 [404] [GET] [application/json] [] [cloudflare] [vhost] [cloudflare] [Cloudflare] [d8f4a1993546cc4b850cde3599e27aec]
https://rpc.ankr.com:2083 [404] [GET] [application/json] [] [cloudflare] [vhost] [cloudflare] [Cloudflare] [d8f4a1993546cc4b850cde3599e27aec]
https://rpc.ankr.com:2087 [404] [GET] [application/json] [] [cloudflare] [vhost] [cloudflare] [Cloudflare] [d8f4a1993546cc4b850cde3599e27aec]
https://rpc.ankr.com [404] [GET] [application/json] [] [cloudflare] [vhost] [cloudflare] [Cloudflare] [d8f4a1993546cc4b850cde3599e27aec]
https://rpc.dev-01.bas.ankr.com [200] [GET] [] [] [nginx/1.21.6] [Nginx:1.21.6] [d41d8cd98f00b204e9800998ecf8427e]
https://rpc.dev-02.bas.ankr.com [502] [GET] [text/html] [502 Bad Gateway] [nginx/1.21.6] [Nginx:1.21.6] [2b699d56ac352f2cab2c7e45e5c3c80e]
https://rpc-dev.ccv2.ankr.com [403] [GET] [text/html] [] [nginx] [Nginx] [01e9b3351a20632ce2de4a219637711c]
https://san-jose-inap-107-6-89-134.ankr.com [200] [GET] [text/html] [Index of /] [nginx/1.18.0 (Ubuntu)] [Nginx:1.18.0,Ubuntu] [a5fa13e7842345c56e7c3e168c752571]
https://san-jose-inap-107-6-89-135.ankr.com [200] [GET] [text/html] [Index of /] [nginx/1.18.0 (Ubuntu)] [Nginx:1.18.0,Ubuntu] [1902615bd19db48720d7950f66428969]
https://san-jose-inap-107-6-91-38.ankr.com [200] [GET] [text/html] [Index of /] [nginx/1.18.0 (Ubuntu)] [Nginx:1.18.0,Ubuntu] [0839bcfca51c185829673694e9ec01ff]
https://san-jose-inap-107-6-91-40.ankr.com [200] [GET] [text/html] [Index of /] [nginx/1.18.0 (Ubuntu)] [Nginx:1.18.0,Ubuntu] [82d6f10dac608af5d4034ca2e58136fd]
https://san-jose-inap-107-6-91-42.ankr.com [200] [GET] [text/html] [Index of /] [nginx/1.18.0 (Ubuntu)] [Nginx:1.18.0,Ubuntu] [d4491c00105c63070121fff903f3cae3]
https://san-jose-inap-107-6-91-43.ankr.com [200] [GET] [text/html] [Index of /] [nginx/1.18.0 (Ubuntu)] [Nginx:1.18.0,Ubuntu] [b56f830b837ce5c92967edd514c4bac2]
https://san-jose-inap-107-6-91-44.ankr.com [200] [GET] [text/html] [Index of /] [nginx/1.18.0 (Ubuntu)] [Nginx:1.18.0,Ubuntu] [fc93fb83ad4bc8ee4dc03a8fddd31d93]
https://san-jose-inap-107-6-91-45.ankr.com [200] [GET] [text/html] [Index of /] [nginx/1.18.0 (Ubuntu)] [Nginx:1.18.0,Ubuntu] [5be5dc257e3698517ba538f815732a56]
https://seattle-inap-63-251-15-90.ankr.com [200] [GET] [text/html] [Index of /] [nginx/1.18.0 (Ubuntu)] [Nginx:1.18.0,Ubuntu] [d5bde78f3ec05287994b9bd807cb7071]
https://seattle-inap-63-251-15-91.ankr.com [200] [GET] [text/html] [Index of /] [nginx/1.18.0 (Ubuntu)] [Nginx:1.18.0,Ubuntu] [d028cc91a8c71313411fa03c6eca5a62]
https://seattle-inap-63-251-15-92.ankr.com [200] [GET] [text/html] [Index of /] [nginx/1.18.0 (Ubuntu)] [Nginx:1.18.0,Ubuntu] [7a1ae60550ce98a4758c5c38342855db]
https://seattle-inap-63-251-15-93.ankr.com [200] [GET] [text/html] [Index of /] [nginx/1.18.0 (Ubuntu)] [Nginx:1.18.0,Ubuntu] [d7dea68b276dbac8d7fd928dafd23ce6]
https://seoul-kinx-dogok-207-199-157-100.ankr.com [200] [GET] [text/html] [Index of /] [nginx/1.18.0 (Ubuntu)] [Nginx:1.18.0,Ubuntu] [78276ddfb3e780a55c3d8b1c30534ba5]
https://seoul-kinx-dogok-207-199-157-99.ankr.com [200] [GET] [text/html] [Index of /] [nginx/1.18.0 (Ubuntu)] [Nginx:1.18.0,Ubuntu] [8d1f5ae504f4c59b9196997f9ff0a44c]
https://singapore-inap-107-6-112-152.ankr.com [200] [GET] [] [] [nginx/1.18.0 (Ubuntu)] [Nginx:1.18.0,Ubuntu] [d41d8cd98f00b204e9800998ecf8427e]
https://singapore-inap-107-6-113-54.ankr.com [200] [GET] [text/html] [Welcome to nginx!] [nginx/1.18.0 (Ubuntu)] [vhost] [Nginx:1.18.0,Ubuntu] [e3eb0a1df437f3f97a64aca5952c8ea0]
https://singapore-inap-107-6-113-59.ankr.com [200] [GET] [text/html] [Welcome to nginx!] [nginx/1.18.0 (Ubuntu)] [Nginx:1.18.0,Ubuntu] [e3eb0a1df437f3f97a64aca5952c8ea0]
https://singapore-inap-107-6-113-60.ankr.com [200] [GET] [text/html] [Index of /] [nginx/1.18.0 (Ubuntu)] [Nginx:1.18.0,Ubuntu] [1ed29b7c42df844ad374af033c57fbdd]
https://singapore-inap-107-6-113-62.ankr.com [200] [GET] [text/html] [Welcome to nginx!] [nginx/1.18.0 (Ubuntu)] [Nginx:1.18.0,Ubuntu] [e3eb0a1df437f3f97a64aca5952c8ea0]
https://skale-0.dccn.ankr.com:311 [404] [GET] [text/html] [404 Not Found] [nginx/1.20.2] [Nginx:1.20.2] [7dfb9a4219d20c6babc4877451844e3c]
https://skale-0.dccn.ankr.com [403] [GET] [text/html] [403 Forbidden] [nginx/1.20.2] [Nginx:1.20.2] [14b49a54284dd39299b3f2b8aa194c4c]
https://skale-0.dccn.ankr.com [403] [GET] [text/html] [403 Forbidden] [nginx/1.20.2] [Nginx:1.20.2] [8fcfc5242f716fda1aab91f517e044b1]
https://skale-1.dccn.ankr.com:311 [404] [GET] [text/html] [404 Not Found] [nginx/1.20.2] [Nginx:1.20.2] [7dfb9a4219d20c6babc4877451844e3c]
https://skale-1.dccn.ankr.com [403] [GET] [text/html] [403 Forbidden] [nginx/1.20.2] [Nginx:1.20.2] [14b49a54284dd39299b3f2b8aa194c4c]
https://skale-1.dccn.ankr.com [403] [GET] [text/html] [403 Forbidden] [nginx/1.20.2] [Nginx:1.20.2] [8fcfc5242f716fda1aab91f517e044b1]
https://sleepy.ankr.com [404] [GET] [application/json] [] [nginx/1.18.0 (Ubuntu)] [vhost] [Nginx:1.18.0,Ubuntu] [689525ee6c812e73a44b6aa1036ab53a]
https://solana-ashburn-01.ankr.com [200] [GET] [text/html] [Apache2 Ubuntu Default Page: It works] [nginx/1.18.0 (Ubuntu)] [Nginx:1.18.0,Ubuntu] [3526531ccd6c6a1d2340574a305a18f8]
https://solana-ashburn-02.ankr.com [200] [GET] [text/html] [Index of /] [nginx/1.18.0 (Ubuntu)] [Nginx:1.18.0,Ubuntu] [b66d5be2e2b56be52083ad9cee44cf2a]
https://solana-hetzner-01.ankr.com [502] [GET] [text/html] [502 Bad Gateway] [nginx/1.18.0 (Ubuntu)] [Nginx:1.18.0,Ubuntu] [b7a0f2b3e95ab9f1da72121ab5f88540]
https://solana-hetzner-02.ankr.com [200] [GET] [text/html] [Index of /] [nginx/1.18.0 (Ubuntu)] [Nginx:1.18.0,Ubuntu] [212da187d0eafab890c4e8417a2fc4ee]
https://solana-hetzner-03.ankr.com [502] [GET] [text/html] [502 Bad Gateway] [nginx/1.18.0 (Ubuntu)] [Nginx:1.18.0,Ubuntu] [d131850514b200c7ef56710965b3c70d]
https://solana-hetzner-04.ankr.com [502] [GET] [text/html] [502 Bad Gateway] [nginx/1.18.0 (Ubuntu)] [Nginx:1.18.0,Ubuntu] [b7a0f2b3e95ab9f1da72121ab5f88540]
https://solana-saopaulo-01.ankr.com [200] [GET] [text/html] [Index of /] [nginx/1.18.0 (Ubuntu)] [Nginx:1.18.0,Ubuntu] [8f2d3c7654ed19a51ddc8acdf411b20d]
https://solana-saopaulo-02.ankr.com [200] [GET] [text/html] [Index of /] [nginx/1.18.0 (Ubuntu)] [Nginx:1.18.0,Ubuntu] [8f2d3c7654ed19a51ddc8acdf411b20d]
https://solana-sj.ankr.com [200] [GET] [text/html] [Welcome to nginx!] [nginx] [vhost] [Nginx] [e3eb0a1df437f3f97a64aca5952c8ea0]
https://splunk01.ankr.com [303] [GET] [text/html] [303 See Other] [nginx/1.18.0 (Ubuntu)] [Nginx:1.18.0,Ubuntu] [6c5a872e15be6115be96ff593222c7e0]
https://splunk01.ankr.com:8000 [303] [GET] [text/html] [303 See Other] [Splunkd] [Splunkd] [e33e464d7f30b631d7b87b9b57b55f88]
https://splunk.teleport.ankr.com [302] [GET] [text/html] [] [] [26072560e5a817817d3453c9e99016bf]
https://sso.ankr.com [200] [GET] [text/html] [] [nginx/1.18.0 (Ubuntu)] [vhost] [Nginx:1.18.0,Ubuntu] [4d2afea47e1571d4cc8836297904c770]
https://sso-stage.ankr.com [200] [GET] [text/html] [] [nginx/1.18.0 (Ubuntu)] [vhost] [Nginx:1.18.0,Ubuntu] [4d2afea47e1571d4cc8836297904c770]
https://staging.multirpc.ankr.com [404] [GET] [text/plain] [] [] [vhost] [595e88012a6521aae3e12cbebe76eb9e]
https://staging.protocol.ankr.com [404] [GET] [text/html] [404 Not Found] [] [370e16c3b7dba286cff055f93b9a94d8]
https://staging.protocol.ankr.com [404] [GET] [text/html] [404 Not Found] [] [8eec510e57f5f732fd2cce73df7b73ef]
https://stakefi.ankr.com [301] [GET] [] [] [AmazonS3] [vhost] [cloudfront] [Amazon Cloudfront,Amazon S3,Amazon Web Services] [d41d8cd98f00b204e9800998ecf8427e]
https://stakefi-parachain.ankr.com [301] [GET] [] [] [AmazonS3] [vhost] [cloudfront] [Amazon Cloudfront,Amazon S3,Amazon Web Services] [d41d8cd98f00b204e9800998ecf8427e]
https://staking.dev-01.bas.ankr.com [200] [GET] [text/html] [React App] [nginx/1.21.6] [vhost] [Nginx:1.21.6,React] [7618df35017b71c0d70aa3833b553fe4]
https://staking.dev-02.bas.ankr.com [502] [GET] [text/html] [502 Bad Gateway] [nginx/1.21.6] [Nginx:1.21.6] [2b699d56ac352f2cab2c7e45e5c3c80e]
https://status.ankr.com [200] [GET] [text/html] [Ankr Protocol Status] [] [vhost] [Atlassian Statuspage,Fastly] [0009eddba6c45f3d2749f36117931af9]
https://status.ankr.com [200] [GET] [text/html] [Ankr Protocol Status] [] [vhost] [Atlassian Statuspage,Fastly] [156b3516652a72b7bc44d3551b837212]
https://stkr.ankr.com [301] [GET] [] [] [AmazonS3] [vhost] [cloudfront] [Amazon Cloudfront,Amazon S3,Amazon Web Services] [d41d8cd98f00b204e9800998ecf8427e]
https://stkr-dev.ankr.com [301] [GET] [] [] [AmazonS3] [vhost] [cloudfront] [Amazon Cloudfront,Amazon S3,Amazon Web Services] [d41d8cd98f00b204e9800998ecf8427e]
https://stkr-goerli.ankr.com [301] [GET] [] [] [AmazonS3] [vhost] [cloudfront] [Amazon Cloudfront,Amazon S3,Amazon Web Services] [d41d8cd98f00b204e9800998ecf8427e]
https://sushi-polygon.ankr.com [200] [GET] [] [] [nginx/1.18.0 (Ubuntu)] [Nginx:1.18.0,Ubuntu] [d41d8cd98f00b204e9800998ecf8427e]
https://sydney-modmc-equinix-sy1-206-246-106-228.ankr.com [200] [GET] [text/html] [Index of /] [nginx/1.18.0 (Ubuntu)] [Nginx:1.18.0,Ubuntu] [a0e71d600619718a765f20307973db48]
https://sydney-modmc-equinix-sy1-206-246-106-230.ankr.com [200] [GET] [text/html] [Index of /] [nginx/1.18.0 (Ubuntu)] [Nginx:1.18.0,Ubuntu] [283c236db186ef97e6b4a3c91cd178e4]
https://sydney-mysau-221-121-158-57.ankr.com [200] [GET] [text/html] [Index of /] [nginx/1.18.0 (Ubuntu)] [Nginx:1.18.0,Ubuntu] [0c7ff5faf551d39c408ffa60139f12d8]
http://staking.dev-01.bas.ankr.com:3000 [200] [GET] [text/html] [BAS: Faucet] [] [Bootstrap:3.3.7,Font Awesome] [3de424008475eed23e9b52ff7375fa8f]
http://staking.dev-01.bas.ankr.com:3001 [200] [GET] [text/html] [React App] [nginx/1.23.0] [Nginx:1.23.0,React] [7618df35017b71c0d70aa3833b553fe4]
http://staking.dev-01.bas.ankr.com:4000 [200] [GET] [text/html] [Sokol POA Explorer] [Cowboy] [Cowboy] [dba0a721fcded941af7be479cd1dee9e]
http://staking.dev-02.bas.ankr.com:3000 [200] [GET] [text/html] [BAS: Faucet] [] [Bootstrap:3.3.7,Font Awesome] [3de424008475eed23e9b52ff7375fa8f]
http://staking.dev-02.bas.ankr.com:3001 [200] [GET] [text/html] [React App] [nginx/1.23.0] [Nginx:1.23.0,React] [7618df35017b71c0d70aa3833b553fe4]
http://staking.dev-02.bas.ankr.com:4000 [200] [GET] [text/html] [Sokol POA Explorer] [Cowboy] [Cowboy] [6785e660daae5c39b63ee7fcc05a9b3b]
http://staking.dev-02.bas.ankr.com:8545 [200] [GET] [] [] [] [d41d8cd98f00b204e9800998ecf8427e]
http://staking.dev-02.bas.ankr.com:9000 [200] [GET] [text/html] [Chainscaner] [] [00b4a929526577e2a1794223e583580a]
https://team-service.ankr.com [401] [GET] [application/json] [] [cloudflare] [vhost] [cloudflare] [Cloudflare,Express,Heroku,Node.js] [6816bcb438e6fa2149e8380dda18c5bf]
https://teleport.ankr.com [302] [GET] [text/html] [] [] [vhost] [4c7fe91bf620bd03efd54780d141bb6f]
https://teleport.devops-k8s.ankr.com [503] [GET] [text/html] [503 Service Temporarily Unavailable] [] [vhost] [80d85d8dee5d6b66ea68013f7ca3284a]
https://teleport.devops-k8s.ankr.com:6443 [403] [GET] [application/json] [] [] [f86e79133d059a54a746ea6d837666e5]
https://test.harbor.stkr-dev.ankr.com [404] [GET] [text/html] [404 Not Found] [] [8eec510e57f5f732fd2cce73df7b73ef]
https://testnet.ankr.com [200] [GET] [] [] [nginx] [Nginx] [d41d8cd98f00b204e9800998ecf8427e]
https://testnetscan.ankr.com [200] [GET] [text/html] [Coq chain Ethereum Explorer] [nginx] [vhost] [Nginx] [7c14c7d65b9c4ce1b19e149b819e3096]
https://testnetscan.ankr.com [200] [GET] [text/html] [Coq chain Ethereum Explorer] [nginx] [vhost] [Nginx] [d584ffae7cfd5d41d86d19cf29f45b70]
http://stkr-eth.ankr.com [404] [GET] [text/html] [404 Not Found] [nginx/1.18.0 (Ubuntu)] [Nginx:1.18.0,Ubuntu] [5da4c1420f84ec727d1b6bdd0d46e62e]
https://tron-2-trustwallet.ankr.com [502] [GET] [text/html] [502 Bad Gateway] [nginx] [Nginx] [2b027182dd680c922c2045072dad573c]
https://tron-2-trustwallet.ankr.com [502] [GET] [text/html] [502 Bad Gateway] [nginx] [Nginx] [eac0a6a53d4a4353aace122055b4b4c8]
https://ue-service.game.ankr.com [200] [GET] [application/json] [] [] [vhost] [Express,Node.js] [65ca477edc1e983c9bba5e49ce3e22bd]
https://uk-cosmos1.ankr.com [404] [GET] [text/plain] [] [] [595e88012a6521aae3e12cbebe76eb9e]
https://uk-cosmos1.ankr.com:8080 [404] [GET] [text/plain] [] [] [595e88012a6521aae3e12cbebe76eb9e]
https://uk-tezos1.ankr.com [404] [GET] [] [] [nginx] [vhost] [Nginx] [d41d8cd98f00b204e9800998ecf8427e]
https://vault.ankr.com:10250 [404] [GET] [text/plain] [] [] [595e88012a6521aae3e12cbebe76eb9e]
https://vault.ankr.com [307] [GET] [text/html] [] [] [vhost] [094a8b5d70638df99c2a44d566fa08b6]
https://vault.ankr.com:6443 [403] [GET] [application/json] [] [] [7ad5e6d9a29e2ee4272945e6dc9845e8]
https://vault.ankr.com:8443 [400] [GET] [] [] [] [d41d8cd98f00b204e9800998ecf8427e]
https://vault-dev.ankr.com:10250 [404] [GET] [text/plain] [] [] [595e88012a6521aae3e12cbebe76eb9e]
https://vault-dev.ankr.com [307] [GET] [text/html] [] [] [vhost] [094a8b5d70638df99c2a44d566fa08b6]
https://vault-dev.ankr.com:6443 [403] [GET] [application/json] [] [] [7ad5e6d9a29e2ee4272945e6dc9845e8]
https://vault-dev.ankr.com:8443 [400] [GET] [] [] [] [d41d8cd98f00b204e9800998ecf8427e]
https://web3.stkr-dev.ankr.com [404] [GET] [text/html] [404 Not Found] [] [370e16c3b7dba286cff055f93b9a94d8]
https://web3.stkr-dev.ankr.com [404] [GET] [text/html] [404 Not Found] [] [8eec510e57f5f732fd2cce73df7b73ef]
https://wintermute-polygon.ankr.com [502] [GET] [text/html] [502 Bad Gateway] [nginx/1.18.0 (Ubuntu)] [Nginx:1.18.0,Ubuntu] [d131850514b200c7ef56710965b3c70d]
https://wisdom-solana.ankr.com [200] [GET] [text/html] [Index of /] [nginx/1.18.0 (Ubuntu)] [Nginx:1.18.0,Ubuntu] [9bd9b1ab4107d0a9f0c3399f432a7703]
https://www.ankr.com [200] [GET] [text/html] [Ankr Crypto & Blockchain Nodes | APIs | Web 3.0 Infrastructure] [AmazonS3] [vhost] [cloudfront] [Amazon Cloudfront,Amazon S3,Amazon Web Services,Fourthwall:www-ankr-com-1.0.1,Google Font API,Google Tag Manager] [255320aaa92f114dd1ee55603dc2258e]
https://www-dev.ankr.com [200] [GET] [text/html] [Ankr Web 3.0 infrastructure | Blockchain nodes & APIs | Ankr] [AmazonS3] [vhost] [cloudfront] [Amazon Cloudfront,Amazon S3,Amazon Web Services,Fourthwall:www-ankr-com-1.0.1,Google Font API] [d08271875947e6b304c5b892f09708b4]
https://www.grants.ankr.com [403] [GET] [text/html] [403 Forbidden] [ddos-guard] [4b074b0b59693fa9f94fb71b175fb187]
https://www.grants.ankr.com [403] [GET] [text/html] [403 Forbidden] [ddos-guard] [9fe3cb2b7313dc79bb477bc8fde184a7]
https://www-stage.ankr.com [200] [GET] [text/html] [Ankr Crypto & Blockchain Nodes | APIs | Web 3.0 Infrastructure] [AmazonS3] [vhost] [cloudfront] [Amazon Cloudfront,Amazon S3,Amazon Web Services,Fourthwall:www-ankr-com-1.0.1,Google Font API,Google Tag Manager] [3b43d9e0e35159f73df4d6e98598b6ef]
http://team-service.ankr.com:2052 [301] [GET] [] [] [cloudflare] [vhost] [cloudflare] [Cloudflare] [d41d8cd98f00b204e9800998ecf8427e]
http://team-service.ankr.com:2082 [301] [GET] [] [] [cloudflare] [vhost] [cloudflare] [Cloudflare] [d41d8cd98f00b204e9800998ecf8427e]
http://team-service.ankr.com:2083 [400] [GET] [text/html] [400 The plain HTTP request was sent to HTTPS port] [cloudflare] [cloudflare] [Cloudflare] [20ad84d030031252141ca0b3fc0183f0]
http://team-service.ankr.com:2086 [301] [GET] [] [] [cloudflare] [vhost] [cloudflare] [Cloudflare] [d41d8cd98f00b204e9800998ecf8427e]
http://team-service.ankr.com:2087 [400] [GET] [text/html] [400 The plain HTTP request was sent to HTTPS port] [cloudflare] [cloudflare] [Cloudflare] [20ad84d030031252141ca0b3fc0183f0]
http://team-service.ankr.com:8080 [301] [GET] [] [] [cloudflare] [vhost] [cloudflare] [Cloudflare] [d41d8cd98f00b204e9800998ecf8427e]
http://team-service.ankr.com:8443 [400] [GET] [text/html] [400 The plain HTTP request was sent to HTTPS port] [cloudflare] [cloudflare] [Cloudflare] [cd58783500d7fa3c58f88eb0ba22f4f8]
http://team-service.ankr.com:8880 [301] [GET] [] [] [cloudflare] [vhost] [cloudflare] [Cloudflare] [d41d8cd98f00b204e9800998ecf8427e]
http://test-eth.ankr.com [301] [GET] [text/html] [301 Moved Permanently] [nginx/1.18.0 (Ubuntu)] [vhost] [Nginx:1.18.0,Ubuntu] [bd2695f4b079c71dbddde3436286fb9c]
http://trace-dev.ankr.com:9000 [200] [GET] [text/html] [Graylog Web Interface] [] [7fb719be60d4b1cea41e90f83a4e1c7a]
http://traefik.ankr.com:9100 [200] [GET] [text/html] [Node Exporter] [] [5b2ba33259efadf489d28570766e5de8]
http://traefik-stage.ankr.com:9100 [200] [GET] [text/html] [Node Exporter] [] [5b2ba33259efadf489d28570766e5de8]
http://tron-2-trustwallet.ankr.com:10009 [200] [GET] [] [] [nginx/1.18.0 (Ubuntu)] [Nginx:1.18.0,Ubuntu] [d41d8cd98f00b204e9800998ecf8427e]
http://tron-2-trustwallet.ankr.com:8545 [200] [GET] [] [] [] [d41d8cd98f00b204e9800998ecf8427e]
http://uk-cosmos1.ankr.com:9100 [200] [GET] [text/html] [Node Exporter] [] [5b2ba33259efadf489d28570766e5de8]
http://uk-tezos1.ankr.com:10009 [200] [GET] [] [] [nginx/1.18.0 (Ubuntu)] [Nginx:1.18.0,Ubuntu] [d41d8cd98f00b204e9800998ecf8427e]
http://uk-tezos1.ankr.com:8545 [200] [GET] [] [] [] [d41d8cd98f00b204e9800998ecf8427e]
http://vault.ankr.com:9080 [404] [GET] [text/plain] [] [] [595e88012a6521aae3e12cbebe76eb9e]
http://vault.ankr.com:9081 [404] [GET] [text/plain] [] [] [595e88012a6521aae3e12cbebe76eb9e]
http://vault-dev.ankr.com:8181 [404] [GET] [text/html] [404 Not Found] [] [370e16c3b7dba286cff055f93b9a94d8]
http://xg.ankr.com:9091 [404] [GET] [text/plain] [] [] [595e88012a6521aae3e12cbebe76eb9e]
