http://autodiscover.apex.exchange [302] [GET] [text/html] [302 Found] [awselb/2.0] [f366e0e18b589cb6f243bf43ce75e83c]
http://docs.apex.exchange:2082 [302] [GET] [] [] [cloudflare] [vhost] [cloudflare] [Cloudflare] [d41d8cd98f00b204e9800998ecf8427e]
http://docs.apex.exchange:2086 [302] [GET] [] [] [cloudflare] [vhost] [cloudflare] [Cloudflare] [d41d8cd98f00b204e9800998ecf8427e]
http://docs.apex.exchange:8080 [302] [GET] [] [] [cloudflare] [vhost] [cloudflare] [Cloudflare] [d41d8cd98f00b204e9800998ecf8427e]
http://docs.apex.exchange:8880 [302] [GET] [] [] [cloudflare] [vhost] [cloudflare] [Cloudflare] [d41d8cd98f00b204e9800998ecf8427e]
https://apex.exchange [200] [GET] [text/html] [ApeX] [AmazonS3] [vhost] [cloudfront] [Amazon Cloudfront,Amazon S3,Amazon Web Services,Google Font API] [b1e92b59ece8d3d19fcbba45f4c7820a]
https://api.apex.exchange [504] [GET] [application/json] [] [] [vhost] [cloudfront] [Amazon Cloudfront,Amazon Web Services] [b287824b476352bbfb196fa821e4137c]
https://app.apex.exchange [200] [GET] [text/html] [ApeX] [AmazonS3] [vhost] [cloudfront] [Amazon Cloudfront,Amazon S3,Amazon Web Services,Google Font API] [8871fa51ef24f4374ff14bfb21fadc61]
https://app-dev-feature.apex.exchange [200] [GET] [text/html] [ApeX] [AmazonS3] [vhost] [cloudfront] [Amazon Cloudfront,Amazon S3,Amazon Web Services,Google Font API] [413341ffda4b2be3bab7cd2438f03634]
https://beta.apex.exchange [200] [GET] [text/html] [ApeX] [AmazonS3] [vhost] [cloudfront] [Amazon Cloudfront,Amazon S3,Amazon Web Services,Google Font API] [e1fc72b0fe689820aa6bd7ad16d45fa6]
https://beta.apex.exchange [403] [GET] [text/html] [ERROR: The request could not be satisfied] [CloudFront] [cloudfront] [Amazon Cloudfront,Amazon Web Services] [f0a0ae4ff0f0cc5ee49686eb54ee6315]
https://dev.pro.apex.exchange [200] [GET] [text/html] [ApeX Pro - Trading Perpetual Contracts on ApeX Pro] [nginx/1.21.5] [vhost] [Nginx:1.21.5,React] [61a38d4c77446c121f755840684904b4]
https://docs.apex.exchange:2083 [302] [GET] [text/plain] [] [cloudflare] [vhost] [cloudflare] [Algolia,Cloudflare,Google Cloud,Google Cloud Trace] [3b955b1aba2ac168946b512cf2b0bcd3]
https://docs.apex.exchange:2087 [302] [GET] [text/plain] [] [cloudflare] [vhost] [cloudflare] [Algolia,Cloudflare,Google Cloud,Google Cloud Trace] [3b955b1aba2ac168946b512cf2b0bcd3]
https://docs.apex.exchange [302] [GET] [text/plain] [] [cloudflare] [vhost] [cloudflare] [Algolia,Cloudflare,Google Cloud,Google Cloud Trace] [3b955b1aba2ac168946b512cf2b0bcd3]
https://docs.apex.exchange:8443 [302] [GET] [text/plain] [] [cloudflare] [vhost] [cloudflare] [Algolia,Cloudflare,Google Cloud,Google Cloud Trace] [3b955b1aba2ac168946b512cf2b0bcd3]
https://h5.dev.pro.apex.exchange [200] [GET] [text/html] [apex_app] [nginx/1.21.5] [vhost] [Nginx:1.21.5] [624744e32b5454316ff208365d2dd38c]
https://h5.qa.pro.apex.exchange [200] [GET] [text/html] [apex_app] [nginx/1.21.5] [vhost] [Nginx:1.21.5] [6e1c63f1d3634136f2edcde89d6149ba]
https://qa.pro.apex.exchange [200] [GET] [text/html] [ApeX Pro - Trading Perpetual Contracts on ApeX Pro] [nginx/1.21.5] [vhost] [Nginx:1.21.5,React] [a92cbc9f04d6b30ab948fd79d82f238c]
https://quote-dev.pro.apex.exchange [404] [GET] [text/plain] [] [] [595e88012a6521aae3e12cbebe76eb9e]
https://quote-qa.pro.apex.exchange [404] [GET] [text/plain] [] [] [595e88012a6521aae3e12cbebe76eb9e]
https://staging.apex.exchange [200] [GET] [text/html] [ApeX] [AmazonS3] [vhost] [cloudfront] [Amazon Cloudfront,Amazon S3,Amazon Web Services,Google Font API] [0b2f9f7e2d1775a3b51c2ca7f997a719]
https://test.apex.exchange [200] [GET] [text/html] [ApeX] [AmazonS3] [vhost] [cloudfront] [Amazon Cloudfront,Amazon S3,Amazon Web Services,Google Font API] [64cfe96d8a228cf28b9d923c21ff529e]
https://translations.apex.exchange [403] [GET] [application/xml] [] [AmazonS3] [vhost] [cloudfront] [Amazon Cloudfront,Amazon S3,Amazon Web Services] [91c71ca94bcafa457e955eabcb6f6cfe]
https://translations.apex.exchange [403] [GET] [application/xml] [] [AmazonS3] [vhost] [cloudfront] [Amazon Cloudfront,Amazon S3,Amazon Web Services] [ad31a59c85d85ca00be2c9c1ea108f84]
https://www.apex.exchange [200] [GET] [text/html] [ApeX] [AmazonS3] [vhost] [cloudfront] [Amazon Cloudfront,Amazon S3,Amazon Web Services,Google Font API] [b1e92b59ece8d3d19fcbba45f4c7820a]
