https://acc2.integrations.asana.plus [200] [GET] [] [Asana for Adobe Creative Cloud] [CloudFront] [vhost] [cloudfront] [Amazon Cloudfront,Amazon Web Services] [0a9ed1521085bcb03350ca3a9a097f71]
https://acc2.integrations.asana.plus [200] [GET] [] [Asana for Adobe Creative Cloud] [CloudFront] [vhost] [cloudfront] [Amazon Cloudfront,Amazon Web Services] [0b2904196181843538764ba0a7027cfd]
https://acc.asana.plus [200] [GET] [text/html] [Asana for Adobe Creative Cloud] [AmazonS3] [vhost] [cloudfront] [Amazon Cloudfront,Amazon S3,Amazon Web Services] [62ab077cee8eff618ca808136a2b23f7]
https://acc-beta.integrations.asana.plus [404] [GET] [application/xml] [] [AmazonS3] [vhost] [cloudfront] [Amazon Cloudfront,Amazon S3,Amazon Web Services] [69c8b78dd4e68ac48249aae1c5298c57]
https://acc-beta.integrations.asana.plus [404] [GET] [application/xml] [] [AmazonS3] [vhost] [cloudfront] [Amazon Cloudfront,Amazon S3,Amazon Web Services] [f9d51a0740b9c76de17fb8fc5a32dc5c]
https://acc.integrations.asana.plus [200] [GET] [] [Asana for Adobe Creative Cloud] [CloudFront] [vhost] [cloudfront] [Amazon Cloudfront,Amazon Web Services] [2fe4d5437f4dfb0f71847ad9e0028935]
https://acc.integrations.asana.plus [200] [GET] [] [Asana for Adobe Creative Cloud] [CloudFront] [vhost] [cloudfront] [Amazon Cloudfront,Amazon Web Services] [7383df6adbd3db1ac6b2ffc509e70acd]
https://acc-qa.integrations.asana.plus [200] [GET] [] [Asana for Adobe Creative Cloud] [CloudFront] [vhost] [cloudfront] [Amazon Cloudfront,Amazon Web Services] [567c706578f520d55c059dccf49f9db4]
https://acc-qa.integrations.asana.plus [200] [GET] [] [Asana for Adobe Creative Cloud] [CloudFront] [vhost] [cloudfront] [Amazon Cloudfront,Amazon Web Services] [7aabf5d4ba5ad1489db44dcfda111f22]
https://asana.plus [200] [GET] [text/html] [] [AmazonS3] [vhost] [cloudfront] [Amazon Cloudfront,Amazon S3,Amazon Web Services] [7071a9c03e31bb57d349c25eefb045a7]
https://auth.asana.plus [404] [GET] [application/json] [] [akka-http/10.2.7] [Akka HTTP:10.2.7] [9c37d35a0489e3448d4f01b1169dca2f]
https://beta-mock-platform-ui-app-server.asana.plus [404] [GET] [application/json] [] [akka-http/10.2.7] [Akka HTTP:10.2.7] [9c37d35a0489e3448d4f01b1169dca2f]
https://beta-slack-server.asana.plus [404] [GET] [application/json] [] [akka-http/10.2.7] [Akka HTTP:10.2.7] [9c37d35a0489e3448d4f01b1169dca2f]
https://bugcrowd.asana.plus [404] [GET] [application/json] [] [] [vhost] [c1287f1f5c485ca4abc4712dcbbf8275]
https://forms.asana.plus [200] [GET] [text/html] [Connect your Forms to Asana] [AmazonS3] [vhost] [cloudfront] [Amazon Cloudfront,Amazon S3,Amazon Web Services] [74b46f6a9c4e6b639ae265dc5294067f]
https://forms-server.asana.plus [404] [GET] [application/json] [] [akka-http/10.2.7] [Akka HTTP:10.2.7] [9c37d35a0489e3448d4f01b1169dca2f]
https://jira-api-beta.integrations.asana.plus [404] [GET] [text/plain] [] [Asana Jira Server Integration] [vhost] [3ba83e5651fa69097b1f5bddd9cf4334]
https://jira-api.integrations.asana.plus [404] [GET] [text/plain] [] [Asana Jira Server Integration] [vhost] [3ba83e5651fa69097b1f5bddd9cf4334]
https://jira-api-qa.integrations.asana.plus [404] [GET] [text/plain] [] [Asana Jira Server Integration] [vhost] [3ba83e5651fa69097b1f5bddd9cf4334]
https://jira-server.asana.plus [404] [GET] [application/json] [] [akka-http/10.2.7] [Akka HTTP:10.2.7] [9c37d35a0489e3448d4f01b1169dca2f]
https://msft-teams.asana.plus [403] [GET] [application/xml] [] [AmazonS3] [vhost] [cloudfront] [Amazon Cloudfront,Amazon S3,Amazon Web Services] [8fdc9c4e8f2b0f2db6c2d09c3650504e]
https://msft-teams.asana.plus [403] [GET] [application/xml] [] [AmazonS3] [vhost] [cloudfront] [Amazon Cloudfront,Amazon S3,Amazon Web Services] [faaf07599e2d62a322650f0bfe891153]
https://outlook.asana.plus [200] [GET] [text/html] [View Asana Tasks in Outlook] [AmazonS3] [vhost] [cloudfront] [Amazon Cloudfront,Amazon S3,Amazon Web Services] [57586f24f74f4470d53bdf8612d0ea05]
https://reporting-api-beta.integrations.asana.plus [404] [GET] [text/plain] [] [awselb/2.0] [d41d8cd98f00b204e9800998ecf8427e]
https://reporting-api.integrations.asana.plus [404] [GET] [text/plain] [] [awselb/2.0] [d41d8cd98f00b204e9800998ecf8427e]
https://reporting-api-uat.integrations.asana.plus [404] [GET] [text/plain] [] [awselb/2.0] [d41d8cd98f00b204e9800998ecf8427e]
https://semgrep.asana.plus [200] [GET] [application/json] [] [] [vhost] [37a6259cc0c1dae299a7866489dff0bd]
https://sfdc-auth-redirect.integrations.asana.plus [200] [GET] [text/html] [] [AmazonS3] [vhost] [cloudfront] [Amazon Cloudfront,Amazon S3,Amazon Web Services] [f76267e6d1108b8585e234570307abfa]
https://slack-server.asana.plus [404] [GET] [application/json] [] [akka-http/10.2.7] [Akka HTTP:10.2.7] [9c37d35a0489e3448d4f01b1169dca2f]
https://tableau-wdc-beta.integrations.asana.plus [200] [GET] [text/html] [Asana Connector] [] [vhost] [6b04d676f618bc2797a00ae55ed1067e]
https://tableau-wdc-beta.integrations.asana.plus [200] [GET] [text/html] [Asana Connector] [] [vhost] [d5522bf5046c3a5ada9dc05fbd4d14b5]
https://tableau-wdc.integrations.asana.plus [200] [GET] [text/html] [Asana Connector] [] [vhost] [3a048ee209149682bd262490b874933d]
https://tableau-wdc.integrations.asana.plus [200] [GET] [text/html] [Asana Connector] [] [vhost] [f810ca0eecff0dcb0475bf318c3e83bc]
https://tableau-wdc-uat.integrations.asana.plus [200] [GET] [text/html] [Asana Connector] [] [vhost] [5d3679d2151a480c1127c970522706da]
https://tableau-wdc-uat.integrations.asana.plus [200] [GET] [text/html] [Asana Connector] [] [vhost] [abfd2c11f817e05610627d0ef4c67ed3]
https://teams-beta.integrations.asana.plus [404] [GET] [text/html] [Error] [] [vhost] [Express,Node.js] [da7da7d630292e7a2a7dda8ca87b3d39]
https://teams.integrations.asana.plus [404] [GET] [text/html] [Error] [] [vhost] [Express,Node.js] [da7da7d630292e7a2a7dda8ca87b3d39]
https://teams-uat.integrations.asana.plus [404] [GET] [text/html] [Error] [] [vhost] [Express,Node.js] [da7da7d630292e7a2a7dda8ca87b3d39]
https://www.asana.plus [200] [GET] [text/html] [] [AmazonS3] [vhost] [cloudfront] [Amazon Cloudfront,Amazon S3,Amazon Web Services] [7071a9c03e31bb57d349c25eefb045a7]
https://zendesk.integrations.asana.plus [403] [GET] [text/plain] [] [awselb/2.0] [d733c0dfdd7d0b575e7386f149c596df]
https://zoom-app.asana.plus [200] [GET] [text/html] [ui] [AmazonS3] [vhost] [cloudfront] [Amazon Cloudfront,Amazon S3,Amazon Web Services] [979f4d0c2636fd760c06bf2709ea29e8]
https://zoom.asana.plus [404] [GET] [application/json] [] [akka-http/10.2.7] [Akka HTTP:10.2.7] [9c37d35a0489e3448d4f01b1169dca2f]
