http://competition.astaro.com [403] [GET] [text/html] [ERROR: The request could not be satisfied] [CloudFront] [cloudfront] [Amazon Cloudfront,Amazon Web Services] [6b9bcd63865363fd9dd999863cea0192]
http://quotes.astaro.com [403] [GET] [text/html] [ERROR: The request could not be satisfied] [CloudFront] [cloudfront] [Amazon Cloudfront,Amazon Web Services] [0aad507461f874bf266fb107bd3a3cbf]
http://renewals.astaro.com [403] [GET] [text/html] [ERROR: The request could not be satisfied] [CloudFront] [cloudfront] [Amazon Cloudfront,Amazon Web Services] [79583b8f00d125f48f82d863a58c4b49]
https://adminblog.astaro.com [200] [GET] [text/xml] [Astaro Admin Blog] [AmazonS3] [vhost] [cloudfront] [Amazon Cloudfront,Amazon S3,Amazon Web Services] [36aaf0918442209a779336825eac7ce2]
https://appaccuracy.astaro.com [403] [GET] [text/html] [403 Forbidden] [Apache] [Apache] [bb8f534fbff5ee61a95af9c4740ae043]
https://astaro.com [301] [GET] [] [] [AmazonS3] [vhost] [cloudfront] [Amazon Cloudfront,Amazon S3,Amazon Web Services] [d41d8cd98f00b204e9800998ecf8427e]
https://download.astaro.com [200] [GET] [text/html] [SOPHOS] [AmazonS3] [vhost] [cloudfront] [Amazon Cloudfront,Amazon S3,Amazon Web Services,Bootstrap] [b37e79a5c356152116745cdad0948a7b]
http://securityblog.astaro.com [403] [GET] [text/html] [ERROR: The request could not be satisfied] [CloudFront] [cloudfront] [Amazon Cloudfront,Amazon Web Services] [fc0eb9bc74214f354a53492cb0ea4946]
https://feature.astaro.com [301] [GET] [text/html] [301 Moved Permanently] [awselb/2.0] [vhost] [4aa7a432bb447f094408f1bd6229c605]
https://ftp.astaro.com [200] [GET] [text/html] [SOPHOS] [AmazonS3] [vhost] [cloudfront] [Amazon Cloudfront,Amazon S3,Amazon Web Services,Bootstrap] [b37e79a5c356152116745cdad0948a7b]
https://ftp-auth.astaro.com [401] [GET] [application/json] [] [] [vhost] [cloudfront] [Amazon Cloudfront,Amazon Web Services,Basic] [6beba43f75111faeb2f4f15e3063e515]
https://ftp-nttpc.astaro.com [403] [GET] [text/html] [ERROR: The request could not be satisfied] [CloudFront] [cloudfront] [Amazon Cloudfront,Amazon Web Services] [3309739e7eab27c0e4a0f2f6e0399a89]
https://ftp-nttpc.astaro.com [403] [GET] [text/html] [ERROR: The request could not be satisfied] [CloudFront] [cloudfront] [Amazon Cloudfront,Amazon Web Services] [8b17a885aa1477e6e2a5d34bb122751b]
https://lists.astaro.com [200] [GET] [text/html] [Index] [AmazonS3] [vhost] [cloudfront] [Amazon Cloudfront,Amazon S3,Amazon Web Services] [08b20407c35de23269d048fb65d9d9df]
https://my.astaro.com [301] [GET] [] [] [AkamaiGHost] [vhost] [d41d8cd98f00b204e9800998ecf8427e]
https://red.astaro.com [403] [GET] [text/html] [403 Forbidden] [Apache] [Apache] [bb8f534fbff5ee61a95af9c4740ae043]
https://red.geo.astaro.com [403] [GET] [text/html] [403 Forbidden] [Apache] [Apache] [bb8f534fbff5ee61a95af9c4740ae043]
https://red-prov-as.astaro.com [403] [GET] [text/html] [403 Forbidden] [Apache] [Apache] [bb8f534fbff5ee61a95af9c4740ae043]
https://red-prov-eu.astaro.com [403] [GET] [text/html] [403 Forbidden] [Apache] [Apache] [bb8f534fbff5ee61a95af9c4740ae043]
https://red-prov-us.astaro.com [403] [GET] [text/html] [403 Forbidden] [Apache] [Apache] [bb8f534fbff5ee61a95af9c4740ae043]
https://support.astaro.com [301] [GET] [] [] [AmazonS3] [vhost] [cloudfront] [Amazon Cloudfront,Amazon S3,Amazon Web Services] [d41d8cd98f00b204e9800998ecf8427e]
https://v8up2date1.astaro.com [403] [GET] [text/html] [403 - Forbidden] [lighttpd/1.4.45] [lighttpd:1.4.45] [029ae44b379d08114259b850f45de150]
https://v8up2date2.astaro.com [403] [GET] [text/html] [403 - Forbidden] [lighttpd/1.4.45] [lighttpd:1.4.45] [029ae44b379d08114259b850f45de150]
https://v8up2date3.astaro.com [403] [GET] [text/html] [403 - Forbidden] [lighttpd/1.4.45] [lighttpd:1.4.45] [029ae44b379d08114259b850f45de150]
https://www.astaro.com [301] [GET] [] [] [AmazonS3] [vhost] [cloudfront] [Amazon Cloudfront,Amazon S3,Amazon Web Services] [d41d8cd98f00b204e9800998ecf8427e]
http://webmail.astaro.com [403] [GET] [text/html] [ERROR: The request could not be satisfied] [CloudFront] [cloudfront] [Amazon Cloudfront,Amazon Web Services] [a534a504b7680d096700c21b93936a38]
