http://api.avax.network:2082 [301] [GET] [] [] [cloudflare] [vhost] [cloudflare] [Cloudflare,Cloudflare Bot Management] [d41d8cd98f00b204e9800998ecf8427e]
http://api.avax.network:2086 [301] [GET] [] [] [cloudflare] [vhost] [cloudflare] [Cloudflare,Cloudflare Bot Management] [d41d8cd98f00b204e9800998ecf8427e]
http://api-us-east-2.avax.network:2082 [301] [GET] [] [] [cloudflare] [vhost] [cloudflare] [Cloudflare,Cloudflare Bot Management] [d41d8cd98f00b204e9800998ecf8427e]
http://api-us-east-2.avax.network:2083 [400] [GET] [text/html] [400 The plain HTTP request was sent to HTTPS port] [cloudflare] [cloudflare] [Cloudflare] [cd58783500d7fa3c58f88eb0ba22f4f8]
http://api-us-east-2.avax.network:2086 [301] [GET] [] [] [cloudflare] [vhost] [cloudflare] [Cloudflare,Cloudflare Bot Management] [d41d8cd98f00b204e9800998ecf8427e]
http://api-us-east-2.avax.network:2087 [400] [GET] [text/html] [400 The plain HTTP request was sent to HTTPS port] [cloudflare] [cloudflare] [Cloudflare] [20ad84d030031252141ca0b3fc0183f0]
http://api-us-east-2.avax.network:8443 [400] [GET] [text/html] [400 The plain HTTP request was sent to HTTPS port] [cloudflare] [cloudflare] [Cloudflare] [cd58783500d7fa3c58f88eb0ba22f4f8]
http://bd.avax.network:2082 [301] [GET] [] [] [cloudflare] [vhost] [cloudflare] [Cloudflare,Cloudflare Bot Management] [d41d8cd98f00b204e9800998ecf8427e]
http://bd.avax.network:2086 [301] [GET] [] [] [cloudflare] [vhost] [cloudflare] [Cloudflare,Cloudflare Bot Management] [d41d8cd98f00b204e9800998ecf8427e]
http://bd.avax.network:8080 [301] [GET] [] [] [cloudflare] [vhost] [cloudflare] [Cloudflare,Cloudflare Bot Management] [d41d8cd98f00b204e9800998ecf8427e]
http://bd.avax.network:8880 [301] [GET] [] [] [cloudflare] [vhost] [cloudflare] [Cloudflare,Cloudflare Bot Management] [d41d8cd98f00b204e9800998ecf8427e]
http://bridge.avax.network:2082 [301] [GET] [] [] [cloudflare] [vhost] [cloudflare] [Cloudflare,Cloudflare Bot Management] [d41d8cd98f00b204e9800998ecf8427e]
http://bridge.avax.network:2086 [301] [GET] [] [] [cloudflare] [vhost] [cloudflare] [Cloudflare,Cloudflare Bot Management] [d41d8cd98f00b204e9800998ecf8427e]
http://buy.avax.network:2053 [400] [GET] [text/html] [400 The plain HTTP request was sent to HTTPS port] [cloudflare] [cloudflare] [Cloudflare] [20ad84d030031252141ca0b3fc0183f0]
http://buy.avax.network:2082 [301] [GET] [] [] [cloudflare] [vhost] [cloudflare] [Cloudflare,Cloudflare Bot Management] [d41d8cd98f00b204e9800998ecf8427e]
http://buy.avax.network:2086 [301] [GET] [] [] [cloudflare] [vhost] [cloudflare] [Cloudflare,Cloudflare Bot Management] [d41d8cd98f00b204e9800998ecf8427e]
http://buy.avax.network:2087 [400] [GET] [text/html] [400 The plain HTTP request was sent to HTTPS port] [cloudflare] [cloudflare] [Cloudflare] [20ad84d030031252141ca0b3fc0183f0]
http://buy.avax.network:8080 [301] [GET] [] [] [cloudflare] [vhost] [cloudflare] [Cloudflare,Cloudflare Bot Management] [d41d8cd98f00b204e9800998ecf8427e]
http://buy.avax.network:8443 [400] [GET] [text/html] [400 The plain HTTP request was sent to HTTPS port] [cloudflare] [cloudflare] [Cloudflare] [cd58783500d7fa3c58f88eb0ba22f4f8]
http://buy.avax.network:8880 [301] [GET] [] [] [cloudflare] [vhost] [cloudflare] [Cloudflare,Cloudflare Bot Management] [d41d8cd98f00b204e9800998ecf8427e]
http://castlecrush.avax.network:2082 [301] [GET] [] [] [cloudflare] [vhost] [cloudflare] [Cloudflare,Cloudflare Bot Management] [d41d8cd98f00b204e9800998ecf8427e]
http://castlecrush.avax.network:2086 [301] [GET] [] [] [cloudflare] [vhost] [cloudflare] [Cloudflare,Cloudflare Bot Management] [d41d8cd98f00b204e9800998ecf8427e]
http://cchain.explorer.avax.network:2082 [301] [GET] [] [] [cloudflare] [vhost] [cloudflare] [Cloudflare,Cloudflare Bot Management] [d41d8cd98f00b204e9800998ecf8427e]
http://cchain.explorer.avax.network:2086 [301] [GET] [] [] [cloudflare] [vhost] [cloudflare] [Cloudflare,Cloudflare Bot Management] [d41d8cd98f00b204e9800998ecf8427e]
http://cchain.explorer.avax.network:8080 [301] [GET] [] [] [cloudflare] [vhost] [cloudflare] [Cloudflare,Cloudflare Bot Management] [d41d8cd98f00b204e9800998ecf8427e]
http://cchain.explorer.avax.network:8880 [301] [GET] [] [] [cloudflare] [vhost] [cloudflare] [Cloudflare,Cloudflare Bot Management] [d41d8cd98f00b204e9800998ecf8427e]
http://chat.avax.network:2082 [301] [GET] [] [] [cloudflare] [vhost] [cloudflare] [Cloudflare,Cloudflare Bot Management] [d41d8cd98f00b204e9800998ecf8427e]
http://chat.avax.network:2086 [301] [GET] [] [] [cloudflare] [vhost] [cloudflare] [Cloudflare,Cloudflare Bot Management] [d41d8cd98f00b204e9800998ecf8427e]
http://cm.avax.network:2082 [301] [GET] [] [] [cloudflare] [vhost] [cloudflare] [Cloudflare,Cloudflare Bot Management] [d41d8cd98f00b204e9800998ecf8427e]
http://cm.avax.network:2086 [301] [GET] [] [] [cloudflare] [vhost] [cloudflare] [Cloudflare,Cloudflare Bot Management] [d41d8cd98f00b204e9800998ecf8427e]
http://core.avax.network:2082 [301] [GET] [] [] [cloudflare] [vhost] [cloudflare] [Cloudflare,Cloudflare Bot Management] [d41d8cd98f00b204e9800998ecf8427e]
http://core.avax.network:2086 [301] [GET] [] [] [cloudflare] [vhost] [cloudflare] [Cloudflare,Cloudflare Bot Management] [d41d8cd98f00b204e9800998ecf8427e]
http://core.avax.network:8080 [301] [GET] [] [] [cloudflare] [vhost] [cloudflare] [Cloudflare,Cloudflare Bot Management] [d41d8cd98f00b204e9800998ecf8427e]
http://core.avax.network:8880 [301] [GET] [] [] [cloudflare] [vhost] [cloudflare] [Cloudflare,Cloudflare Bot Management] [d41d8cd98f00b204e9800998ecf8427e]
http://core-test.avax.network:2082 [301] [GET] [] [] [cloudflare] [vhost] [cloudflare] [Cloudflare,Cloudflare Bot Management] [d41d8cd98f00b204e9800998ecf8427e]
http://core-test.avax.network:2086 [301] [GET] [] [] [cloudflare] [vhost] [cloudflare] [Cloudflare,Cloudflare Bot Management] [d41d8cd98f00b204e9800998ecf8427e]
http://core-test.avax.network:8080 [301] [GET] [] [] [cloudflare] [vhost] [cloudflare] [Cloudflare,Cloudflare Bot Management] [d41d8cd98f00b204e9800998ecf8427e]
http://core-test.avax.network:8880 [301] [GET] [] [] [cloudflare] [vhost] [cloudflare] [Cloudflare,Cloudflare Bot Management] [d41d8cd98f00b204e9800998ecf8427e]
http://data-posthog.avax.network:2053 [400] [GET] [text/html] [400 The plain HTTP request was sent to HTTPS port] [cloudflare] [cloudflare] [Cloudflare] [20ad84d030031252141ca0b3fc0183f0]
http://data-posthog.avax.network:2082 [301] [GET] [] [] [cloudflare] [vhost] [cloudflare] [Cloudflare,Cloudflare Bot Management] [d41d8cd98f00b204e9800998ecf8427e]
http://data-posthog.avax.network:2086 [301] [GET] [] [] [cloudflare] [vhost] [cloudflare] [Cloudflare,Cloudflare Bot Management] [d41d8cd98f00b204e9800998ecf8427e]
http://data-posthog.avax.network:2087 [400] [GET] [text/html] [400 The plain HTTP request was sent to HTTPS port] [cloudflare] [cloudflare] [Cloudflare] [cd58783500d7fa3c58f88eb0ba22f4f8]
http://data-posthog.avax.network:8080 [301] [GET] [] [] [cloudflare] [vhost] [cloudflare] [Cloudflare,Cloudflare Bot Management] [d41d8cd98f00b204e9800998ecf8427e]
http://data-posthog.avax.network:8443 [400] [GET] [text/html] [400 The plain HTTP request was sent to HTTPS port] [cloudflare] [cloudflare] [Cloudflare] [cd58783500d7fa3c58f88eb0ba22f4f8]
http://data-posthog.avax.network:8880 [301] [GET] [] [] [cloudflare] [vhost] [cloudflare] [Cloudflare,Cloudflare Bot Management] [d41d8cd98f00b204e9800998ecf8427e]
http://dexalot.avax.network:2082 [301] [GET] [] [] [cloudflare] [vhost] [cloudflare] [Cloudflare,Cloudflare Bot Management] [d41d8cd98f00b204e9800998ecf8427e]
http://dexalot.avax.network:2086 [301] [GET] [] [] [cloudflare] [vhost] [cloudflare] [Cloudflare,Cloudflare Bot Management] [d41d8cd98f00b204e9800998ecf8427e]
http://dexalot.avax.network:8080 [301] [GET] [] [] [cloudflare] [vhost] [cloudflare] [Cloudflare,Cloudflare Bot Management] [d41d8cd98f00b204e9800998ecf8427e]
http://dexalot.avax.network:8880 [301] [GET] [] [] [cloudflare] [vhost] [cloudflare] [Cloudflare,Cloudflare Bot Management] [d41d8cd98f00b204e9800998ecf8427e]
http://dfk.avax.network:2082 [301] [GET] [] [] [cloudflare] [vhost] [cloudflare] [Cloudflare,Cloudflare Bot Management] [d41d8cd98f00b204e9800998ecf8427e]
http://dfk.avax.network:2086 [301] [GET] [] [] [cloudflare] [vhost] [cloudflare] [Cloudflare,Cloudflare Bot Management] [d41d8cd98f00b204e9800998ecf8427e]
http://docs.avax.network:2082 [301] [GET] [] [] [cloudflare] [vhost] [cloudflare] [Cloudflare,Cloudflare Bot Management] [d41d8cd98f00b204e9800998ecf8427e]
http://docs.avax.network:2086 [301] [GET] [] [] [cloudflare] [vhost] [cloudflare] [Cloudflare,Cloudflare Bot Management] [d41d8cd98f00b204e9800998ecf8427e]
http://ecosystem.avax.network:2082 [301] [GET] [] [] [cloudflare] [vhost] [cloudflare] [Cloudflare,Cloudflare Bot Management] [d41d8cd98f00b204e9800998ecf8427e]
http://ecosystem.avax.network:2086 [301] [GET] [] [] [cloudflare] [vhost] [cloudflare] [Cloudflare,Cloudflare Bot Management] [d41d8cd98f00b204e9800998ecf8427e]
http://ecosystem.avax.network:8080 [301] [GET] [] [] [cloudflare] [vhost] [cloudflare] [Cloudflare,Cloudflare Bot Management] [d41d8cd98f00b204e9800998ecf8427e]
http://ecosystem.avax.network:8880 [301] [GET] [] [] [cloudflare] [vhost] [cloudflare] [Cloudflare,Cloudflare Bot Management] [d41d8cd98f00b204e9800998ecf8427e]
http://explorer-api.avax.network:2082 [301] [GET] [] [] [cloudflare] [vhost] [cloudflare] [Cloudflare,Cloudflare Bot Management] [d41d8cd98f00b204e9800998ecf8427e]
http://explorerapi.avax.network:2082 [301] [GET] [] [] [cloudflare] [vhost] [cloudflare] [Cloudflare,Cloudflare Bot Management] [d41d8cd98f00b204e9800998ecf8427e]
http://explorerapi.avax.network:2083 [400] [GET] [text/html] [400 The plain HTTP request was sent to HTTPS port] [cloudflare] [cloudflare] [Cloudflare] [20ad84d030031252141ca0b3fc0183f0]
http://explorer-api.avax.network:2086 [301] [GET] [] [] [cloudflare] [vhost] [cloudflare] [Cloudflare,Cloudflare Bot Management] [d41d8cd98f00b204e9800998ecf8427e]
http://explorerapi.avax.network:2086 [301] [GET] [] [] [cloudflare] [vhost] [cloudflare] [Cloudflare,Cloudflare Bot Management] [d41d8cd98f00b204e9800998ecf8427e]
http://explorerapi.avax.network:2087 [400] [GET] [text/html] [400 The plain HTTP request was sent to HTTPS port] [cloudflare] [cloudflare] [Cloudflare] [20ad84d030031252141ca0b3fc0183f0]
http://explorer-api.avax.network:8080 [301] [GET] [] [] [cloudflare] [vhost] [cloudflare] [Cloudflare,Cloudflare Bot Management] [d41d8cd98f00b204e9800998ecf8427e]
http://explorerapi.avax.network:8443 [400] [GET] [text/html] [400 The plain HTTP request was sent to HTTPS port] [cloudflare] [cloudflare] [Cloudflare] [cd58783500d7fa3c58f88eb0ba22f4f8]
http://explorer-api.avax.network:8880 [301] [GET] [] [] [cloudflare] [vhost] [cloudflare] [Cloudflare,Cloudflare Bot Management] [d41d8cd98f00b204e9800998ecf8427e]
http://explorer.avax.network:2082 [301] [GET] [] [] [cloudflare] [vhost] [cloudflare] [Cloudflare,Cloudflare Bot Management] [d41d8cd98f00b204e9800998ecf8427e]
http://explorer.avax.network:2086 [301] [GET] [] [] [cloudflare] [vhost] [cloudflare] [Cloudflare,Cloudflare Bot Management] [d41d8cd98f00b204e9800998ecf8427e]
http://explorer.avax.network:8080 [301] [GET] [] [] [cloudflare] [vhost] [cloudflare] [Cloudflare,Cloudflare Bot Management] [d41d8cd98f00b204e9800998ecf8427e]
http://explorer.avax.network:8880 [301] [GET] [] [] [cloudflare] [vhost] [cloudflare] [Cloudflare,Cloudflare Bot Management] [d41d8cd98f00b204e9800998ecf8427e]
http://explorer-xp.avax.network:2082 [301] [GET] [] [] [cloudflare] [vhost] [cloudflare] [Cloudflare,Cloudflare Bot Management] [d41d8cd98f00b204e9800998ecf8427e]
http://explorer-xp.avax.network:2086 [301] [GET] [] [] [cloudflare] [vhost] [cloudflare] [Cloudflare,Cloudflare Bot Management] [d41d8cd98f00b204e9800998ecf8427e]
http://explorer-xp.avax.network:8080 [301] [GET] [] [] [cloudflare] [vhost] [cloudflare] [Cloudflare,Cloudflare Bot Management] [d41d8cd98f00b204e9800998ecf8427e]
http://explorer-xp.avax.network:8880 [301] [GET] [] [] [cloudflare] [vhost] [cloudflare] [Cloudflare,Cloudflare Bot Management] [d41d8cd98f00b204e9800998ecf8427e]
http://faucet.avax.network:2082 [301] [GET] [] [] [cloudflare] [vhost] [cloudflare] [Cloudflare,Cloudflare Bot Management] [d41d8cd98f00b204e9800998ecf8427e]
http://faucet.avax.network:2083 [400] [GET] [text/html] [400 The plain HTTP request was sent to HTTPS port] [cloudflare] [cloudflare] [Cloudflare] [20ad84d030031252141ca0b3fc0183f0]
http://faucet.avax.network:2086 [301] [GET] [] [] [cloudflare] [vhost] [cloudflare] [Cloudflare,Cloudflare Bot Management] [d41d8cd98f00b204e9800998ecf8427e]
http://faucet.avax.network:2087 [400] [GET] [text/html] [400 The plain HTTP request was sent to HTTPS port] [cloudflare] [cloudflare] [Cloudflare] [cd58783500d7fa3c58f88eb0ba22f4f8]
http://faucet.avax.network:8443 [400] [GET] [text/html] [400 The plain HTTP request was sent to HTTPS port] [cloudflare] [cloudflare] [Cloudflare] [cd58783500d7fa3c58f88eb0ba22f4f8]
http://forum.avax.network:2082 [301] [GET] [] [] [cloudflare] [vhost] [cloudflare] [Cloudflare,Cloudflare Bot Management] [d41d8cd98f00b204e9800998ecf8427e]
http://forum.avax.network:2086 [301] [GET] [] [] [cloudflare] [vhost] [cloudflare] [Cloudflare,Cloudflare Bot Management] [d41d8cd98f00b204e9800998ecf8427e]
http://indexer-demo.avax.network:2082 [301] [GET] [] [] [cloudflare] [vhost] [cloudflare] [Cloudflare,Cloudflare Bot Management] [d41d8cd98f00b204e9800998ecf8427e]
http://indexer-demo.avax.network:2083 [400] [GET] [text/html] [400 The plain HTTP request was sent to HTTPS port] [cloudflare] [cloudflare] [Cloudflare] [20ad84d030031252141ca0b3fc0183f0]
http://indexer-demo.avax.network:2086 [301] [GET] [] [] [cloudflare] [vhost] [cloudflare] [Cloudflare,Cloudflare Bot Management] [d41d8cd98f00b204e9800998ecf8427e]
http://indexer-demo.avax.network:2087 [400] [GET] [text/html] [400 The plain HTTP request was sent to HTTPS port] [cloudflare] [cloudflare] [Cloudflare] [20ad84d030031252141ca0b3fc0183f0]
http://indexer-demo.avax.network:8443 [400] [GET] [text/html] [400 The plain HTTP request was sent to HTTPS port] [cloudflare] [cloudflare] [Cloudflare] [cd58783500d7fa3c58f88eb0ba22f4f8]
http://ipfsgateway.avax.network:2082 [301] [GET] [] [] [cloudflare] [vhost] [cloudflare] [Cloudflare,Cloudflare Bot Management] [d41d8cd98f00b204e9800998ecf8427e]
http://ipfsgateway.avax.network:2086 [301] [GET] [] [] [cloudflare] [vhost] [cloudflare] [Cloudflare,Cloudflare Bot Management] [d41d8cd98f00b204e9800998ecf8427e]
http://metrics.avax.network:2082 [301] [GET] [] [] [cloudflare] [vhost] [cloudflare] [Cloudflare,Cloudflare Bot Management] [d41d8cd98f00b204e9800998ecf8427e]
http://metrics.avax.network:2086 [301] [GET] [] [] [cloudflare] [vhost] [cloudflare] [Cloudflare,Cloudflare Bot Management] [d41d8cd98f00b204e9800998ecf8427e]
http://metrics-dev.avax.network:2082 [403] [GET] [text/plain] [] [cloudflare] [vhost] [cloudflare] [Cloudflare,Cloudflare Bot Management] [7b5ea53ba332630e5aca8e4abb807f70]
http://metrics-dev.avax.network:2086 [403] [GET] [text/plain] [] [cloudflare] [vhost] [cloudflare] [Cloudflare,Cloudflare Bot Management] [7b5ea53ba332630e5aca8e4abb807f70]
http://notify.avax.network:2082 [301] [GET] [] [] [cloudflare] [vhost] [cloudflare] [Cloudflare,Cloudflare Bot Management] [d41d8cd98f00b204e9800998ecf8427e]
http://notify.avax.network:2086 [301] [GET] [] [] [cloudflare] [vhost] [cloudflare] [Cloudflare,Cloudflare Bot Management] [d41d8cd98f00b204e9800998ecf8427e]
http://notify.avax.network:8080 [301] [GET] [] [] [cloudflare] [vhost] [cloudflare] [Cloudflare,Cloudflare Bot Management] [d41d8cd98f00b204e9800998ecf8427e]
http://notify.avax.network:8880 [301] [GET] [] [] [cloudflare] [vhost] [cloudflare] [Cloudflare,Cloudflare Bot Management] [d41d8cd98f00b204e9800998ecf8427e]
http://peerinfo.avax.network:2082 [301] [GET] [] [] [cloudflare] [vhost] [cloudflare] [Cloudflare,Cloudflare Bot Management] [d41d8cd98f00b204e9800998ecf8427e]
http://peerinfo.avax.network:2083 [400] [GET] [text/html] [400 The plain HTTP request was sent to HTTPS port] [cloudflare] [cloudflare] [Cloudflare] [cd58783500d7fa3c58f88eb0ba22f4f8]
http://peerinfo.avax.network:2086 [301] [GET] [] [] [cloudflare] [vhost] [cloudflare] [Cloudflare,Cloudflare Bot Management] [d41d8cd98f00b204e9800998ecf8427e]
http://peerinfo.avax.network:2087 [400] [GET] [text/html] [400 The plain HTTP request was sent to HTTPS port] [cloudflare] [cloudflare] [Cloudflare] [cd58783500d7fa3c58f88eb0ba22f4f8]
http://peerinfo.avax.network:8443 [400] [GET] [text/html] [400 The plain HTTP request was sent to HTTPS port] [cloudflare] [cloudflare] [Cloudflare] [cd58783500d7fa3c58f88eb0ba22f4f8]
https://api.avax.network:2083 [405] [GET] [text/plain] [] [cloudflare] [vhost] [cloudflare] [Cloudflare,Cloudflare Bot Management] [9d1ead73e678fa2f51a70a933b0bf017]
https://api.avax.network:2087 [405] [GET] [text/plain] [] [cloudflare] [vhost] [cloudflare] [Cloudflare,Cloudflare Bot Management] [9d1ead73e678fa2f51a70a933b0bf017]
https://api.avax.network [405] [GET] [text/plain] [] [cloudflare] [vhost] [cloudflare] [Cloudflare,Cloudflare Bot Management] [9d1ead73e678fa2f51a70a933b0bf017]
https://api.avax.network:8443 [405] [GET] [text/plain] [] [cloudflare] [vhost] [cloudflare] [Cloudflare,Cloudflare Bot Management] [9d1ead73e678fa2f51a70a933b0bf017]
https://api-us-east-2.avax.network [404] [GET] [text/plain] [] [cloudflare] [vhost] [cloudflare] [Amazon ALB,Amazon Web Services,Cloudflare,Cloudflare Bot Management] [595e88012a6521aae3e12cbebe76eb9e]
https://athereum.avax.network [200] [GET] [text/html] [Athereum = Avalanche + Ethereum] [openresty] [Fastly,Nginx,OpenResty,Varnish,Webflow] [899a7149ca5ef4cfc51aec67c610a2ae]
https://avax.network [301] [GET] [text/html] [301 Moved Permanently] [openresty] [vhost] [Nginx,OpenResty] [3ea1c8d079b38532a6e01a96216ba5e2]
https://bd.avax.network:2053 [301] [GET] [] [] [cloudflare] [vhost] [cloudflare] [Cloudflare,Cloudflare Bot Management] [d41d8cd98f00b204e9800998ecf8427e]
https://bd.avax.network:2087 [301] [GET] [] [] [cloudflare] [vhost] [cloudflare] [Cloudflare,Cloudflare Bot Management] [d41d8cd98f00b204e9800998ecf8427e]
https://bd.avax.network [301] [GET] [] [] [cloudflare] [vhost] [cloudflare] [Cloudflare,Cloudflare Bot Management] [d41d8cd98f00b204e9800998ecf8427e]
https://bd.avax.network:8443 [301] [GET] [] [] [cloudflare] [vhost] [cloudflare] [Cloudflare,Cloudflare Bot Management] [d41d8cd98f00b204e9800998ecf8427e]
https://bridgeandtunnel.avax.network [302] [GET] [text/html] [Redirecting...] [] [azure] [28800b04eb24d97a9468e6ca93919b51]
https://bridge.avax.network [200] [GET] [text/html] [Avalanche Bridge: Transfer Assets To and From Ethereum] [cloudflare] [vhost] [cloudflare] [Cloudflare,Cloudflare Bot Management,Cloudflare Network Error Logging] [28eaf85e79c0906853ba10592763ea4b]
https://bridge.avax.network:2083 [200] [GET] [text/html] [Avalanche Bridge: Transfer Assets To and From Ethereum] [cloudflare] [vhost] [cloudflare] [Cloudflare,Cloudflare Bot Management,Cloudflare Network Error Logging] [28eaf85e79c0906853ba10592763ea4b]
https://bridge.avax.network:2087 [200] [GET] [text/html] [Avalanche Bridge: Transfer Assets To and From Ethereum] [cloudflare] [vhost] [cloudflare] [Cloudflare,Cloudflare Bot Management,Cloudflare Network Error Logging] [28eaf85e79c0906853ba10592763ea4b]
https://bridge.avax.network:8443 [200] [GET] [text/html] [Avalanche Bridge: Transfer Assets To and From Ethereum] [cloudflare] [vhost] [cloudflare] [Cloudflare,Cloudflare Bot Management,Cloudflare Network Error Logging] [28eaf85e79c0906853ba10592763ea4b]
https://buy.avax.network [200] [GET] [text/html] [Register / Sign in] [cloudflare] [vhost] [cloudflare] [Cloudflare,Cloudflare Bot Management,Google Font API,Next.js,Node.js,React,webpack] [77e6753fede5570f7fe16551a2796b90]
https://buy.avax.network [200] [GET] [text/html] [Register / Sign in] [cloudflare] [vhost] [cloudflare] [Cloudflare,Cloudflare Bot Management,Google Font API,Next.js,Node.js,React,webpack] [ddcab4ec3d417cfe36dd471dd21c3c12]
https://castlecrush.avax.network:2083 [301] [GET] [] [] [cloudflare] [vhost] [cloudflare] [Cloudflare,Cloudflare Bot Management] [d41d8cd98f00b204e9800998ecf8427e]
https://castlecrush.avax.network:2087 [301] [GET] [] [] [cloudflare] [vhost] [cloudflare] [Cloudflare,Cloudflare Bot Management] [d41d8cd98f00b204e9800998ecf8427e]
https://castlecrush.avax.network [301] [GET] [] [] [cloudflare] [vhost] [cloudflare] [Cloudflare,Cloudflare Bot Management] [d41d8cd98f00b204e9800998ecf8427e]
https://castlecrush.avax.network:8443 [301] [GET] [] [] [cloudflare] [vhost] [cloudflare] [Cloudflare,Cloudflare Bot Management] [d41d8cd98f00b204e9800998ecf8427e]
https://cchain.explorer.avax.network:2053 [301] [GET] [] [] [cloudflare] [vhost] [cloudflare] [Cloudflare,Cloudflare Bot Management] [d41d8cd98f00b204e9800998ecf8427e]
https://cchain.explorer.avax.network:2087 [301] [GET] [] [] [cloudflare] [vhost] [cloudflare] [Cloudflare,Cloudflare Bot Management] [d41d8cd98f00b204e9800998ecf8427e]
https://cchain.explorer.avax.network [301] [GET] [] [] [cloudflare] [vhost] [cloudflare] [Cloudflare,Cloudflare Bot Management] [d41d8cd98f00b204e9800998ecf8427e]
https://cchain.explorer.avax.network:8443 [301] [GET] [] [] [cloudflare] [vhost] [cloudflare] [Cloudflare,Cloudflare Bot Management] [d41d8cd98f00b204e9800998ecf8427e]
https://chat.avax.network:2083 [301] [GET] [] [] [cloudflare] [vhost] [cloudflare] [Cloudflare,Cloudflare Bot Management] [d41d8cd98f00b204e9800998ecf8427e]
https://chat.avax.network:2087 [301] [GET] [] [] [cloudflare] [vhost] [cloudflare] [Cloudflare,Cloudflare Bot Management] [d41d8cd98f00b204e9800998ecf8427e]
https://chat.avax.network [301] [GET] [] [] [cloudflare] [vhost] [cloudflare] [Cloudflare,Cloudflare Bot Management] [d41d8cd98f00b204e9800998ecf8427e]
https://chat.avax.network:8443 [301] [GET] [] [] [cloudflare] [vhost] [cloudflare] [Cloudflare,Cloudflare Bot Management] [d41d8cd98f00b204e9800998ecf8427e]
https://cm.avax.network:2083 [301] [GET] [] [] [cloudflare] [vhost] [cloudflare] [Cloudflare,Cloudflare Bot Management] [d41d8cd98f00b204e9800998ecf8427e]
https://cm.avax.network:2087 [301] [GET] [] [] [cloudflare] [vhost] [cloudflare] [Cloudflare,Cloudflare Bot Management] [d41d8cd98f00b204e9800998ecf8427e]
https://cm.avax.network [301] [GET] [] [] [cloudflare] [vhost] [cloudflare] [Cloudflare,Cloudflare Bot Management] [d41d8cd98f00b204e9800998ecf8427e]
https://cm.avax.network:8443 [301] [GET] [] [] [cloudflare] [vhost] [cloudflare] [Cloudflare,Cloudflare Bot Management] [d41d8cd98f00b204e9800998ecf8427e]
https://community.avax.network [302] [GET] [text/html] [] [nginx/1.14.2] [vhost] [Django,Nginx:1.14.2,Python] [d41d8cd98f00b204e9800998ecf8427e]
https://core.avax.network:2053 [302] [GET] [] [] [cloudflare] [vhost] [cloudflare] [Cloudflare,Cloudflare Bot Management] [d41d8cd98f00b204e9800998ecf8427e]
https://core.avax.network:2087 [302] [GET] [] [] [cloudflare] [vhost] [cloudflare] [Cloudflare,Cloudflare Bot Management] [d41d8cd98f00b204e9800998ecf8427e]
https://core.avax.network [302] [GET] [] [] [cloudflare] [vhost] [cloudflare] [Cloudflare,Cloudflare Bot Management] [d41d8cd98f00b204e9800998ecf8427e]
https://core.avax.network:8443 [302] [GET] [] [] [cloudflare] [vhost] [cloudflare] [Cloudflare,Cloudflare Bot Management] [d41d8cd98f00b204e9800998ecf8427e]
https://core-test.avax.network:2053 [302] [GET] [] [] [cloudflare] [vhost] [cloudflare] [Cloudflare,Cloudflare Bot Management] [d41d8cd98f00b204e9800998ecf8427e]
https://core-test.avax.network:2087 [302] [GET] [] [] [cloudflare] [vhost] [cloudflare] [Cloudflare,Cloudflare Bot Management] [d41d8cd98f00b204e9800998ecf8427e]
https://core-test.avax.network [302] [GET] [] [] [cloudflare] [vhost] [cloudflare] [Cloudflare,Cloudflare Bot Management] [d41d8cd98f00b204e9800998ecf8427e]
https://core-test.avax.network:8443 [302] [GET] [] [] [cloudflare] [vhost] [cloudflare] [Cloudflare,Cloudflare Bot Management] [d41d8cd98f00b204e9800998ecf8427e]
https://data-posthog.avax.network [302] [GET] [text/html] [] [cloudflare] [vhost] [cloudflare] [Cloudflare,Cloudflare Bot Management] [d41d8cd98f00b204e9800998ecf8427e]
https://datatunnel.avax.network [302] [GET] [text/html] [Redirecting...] [] [b2dad6c2412a536160be0630a2289516]
https://dexalot.avax.network:2053 [301] [GET] [] [] [cloudflare] [vhost] [cloudflare] [Cloudflare,Cloudflare Bot Management] [d41d8cd98f00b204e9800998ecf8427e]
https://dexalot.avax.network:2087 [301] [GET] [] [] [cloudflare] [vhost] [cloudflare] [Cloudflare,Cloudflare Bot Management] [d41d8cd98f00b204e9800998ecf8427e]
https://dexalot.avax.network [301] [GET] [] [] [cloudflare] [vhost] [cloudflare] [Cloudflare,Cloudflare Bot Management] [d41d8cd98f00b204e9800998ecf8427e]
https://dexalot.avax.network:8443 [301] [GET] [] [] [cloudflare] [vhost] [cloudflare] [Cloudflare,Cloudflare Bot Management] [d41d8cd98f00b204e9800998ecf8427e]
https://dfk.avax.network:2083 [301] [GET] [] [] [cloudflare] [vhost] [cloudflare] [Cloudflare,Cloudflare Bot Management] [d41d8cd98f00b204e9800998ecf8427e]
https://dfk.avax.network:2087 [301] [GET] [] [] [cloudflare] [vhost] [cloudflare] [Cloudflare,Cloudflare Bot Management] [d41d8cd98f00b204e9800998ecf8427e]
https://dfk.avax.network [301] [GET] [] [] [cloudflare] [vhost] [cloudflare] [Cloudflare,Cloudflare Bot Management] [d41d8cd98f00b204e9800998ecf8427e]
https://dfk.avax.network:8443 [301] [GET] [] [] [cloudflare] [vhost] [cloudflare] [Cloudflare,Cloudflare Bot Management] [d41d8cd98f00b204e9800998ecf8427e]
https://docs.avax.network [200] [GET] [text/html] [Overview | Avalanche Docs] [cloudflare] [vhost] [cloudflare] [Cloudflare,Cloudflare Bot Management,Cloudflare Network Error Logging,Docusaurus:2.0.1,React,webpack] [8ad3a85cf70fe5084fbee53749f55f6d]
https://docs.avax.network:2083 [200] [GET] [text/html] [Overview | Avalanche Docs] [cloudflare] [vhost] [cloudflare] [Cloudflare,Cloudflare Bot Management,Cloudflare Network Error Logging,Docusaurus:2.0.1,React,webpack] [8ad3a85cf70fe5084fbee53749f55f6d]
https://docs.avax.network:2087 [200] [GET] [text/html] [Overview | Avalanche Docs] [cloudflare] [vhost] [cloudflare] [Cloudflare,Cloudflare Bot Management,Cloudflare Network Error Logging,Docusaurus:2.0.1,React,webpack] [8ad3a85cf70fe5084fbee53749f55f6d]
https://docs.avax.network:8443 [200] [GET] [text/html] [Overview | Avalanche Docs] [cloudflare] [vhost] [cloudflare] [Cloudflare,Cloudflare Bot Management,Cloudflare Network Error Logging,Docusaurus:2.0.1,React,webpack] [8ad3a85cf70fe5084fbee53749f55f6d]
https://downloads.avax.network [200] [GET] [text/html] [] [AmazonS3] [vhost] [cloudfront] [Amazon Cloudfront,Amazon S3,Amazon Web Services] [21dde95d9d269cbb2fa6560309dca40c]
https://ecosystem.avax.network [200] [GET] [text/html] [Ecosystem | Avalanche] [cloudflare] [vhost] [cloudflare] [Cloudflare,Cloudflare Bot Management,Cloudflare Network Error Logging] [cc29049e1de96b39afc9e1f351edb5f6]
https://ecosystem.avax.network:2053 [200] [GET] [text/html] [Ecosystem | Avalanche] [cloudflare] [vhost] [cloudflare] [Cloudflare,Cloudflare Bot Management,Cloudflare Network Error Logging] [cc29049e1de96b39afc9e1f351edb5f6]
https://ecosystem.avax.network:2087 [200] [GET] [text/html] [Ecosystem | Avalanche] [cloudflare] [vhost] [cloudflare] [Cloudflare,Cloudflare Bot Management,Cloudflare Network Error Logging] [cc29049e1de96b39afc9e1f351edb5f6]
https://ecosystem.avax.network:8443 [200] [GET] [text/html] [Ecosystem | Avalanche] [cloudflare] [vhost] [cloudflare] [Cloudflare,Cloudflare Bot Management,Cloudflare Network Error Logging] [cc29049e1de96b39afc9e1f351edb5f6]
https://explorerapi.avax.network [200] [GET] [application/json] [] [cloudflare] [vhost] [cloudflare] [Amazon ALB,Amazon Web Services,Cloudflare,Cloudflare Bot Management] [b106e41ffd5ab21f9001a3441c25cfb9]
https://explorer-api.avax.network:2053 [500] [GET] [application/json] [] [cloudflare] [vhost] [cloudflare] [Cloudflare,Cloudflare Bot Management] [d14e4250e73eec84cc4c091a57d02536]
https://explorer-api.avax.network:2087 [500] [GET] [application/json] [] [cloudflare] [vhost] [cloudflare] [Cloudflare,Cloudflare Bot Management] [d14e4250e73eec84cc4c091a57d02536]
https://explorer-api.avax.network [403] [GET] [text/html] [Attention Required! | Cloudflare] [cloudflare] [vhost] [cloudflare] [Cloudflare,Cloudflare Bot Management] [0359a69a67c7099932511e686de90e29]
https://explorer-api.avax.network [500] [GET] [application/json] [] [cloudflare] [vhost] [cloudflare] [Cloudflare,Cloudflare Bot Management] [d14e4250e73eec84cc4c091a57d02536]
https://explorer-api.avax.network:8443 [500] [GET] [application/json] [] [cloudflare] [vhost] [cloudflare] [Cloudflare,Cloudflare Bot Management] [d14e4250e73eec84cc4c091a57d02536]
https://explorer.avax.network:2053 [301] [GET] [] [] [cloudflare] [vhost] [cloudflare] [Cloudflare,Cloudflare Bot Management] [d41d8cd98f00b204e9800998ecf8427e]
https://explorer.avax.network:2087 [301] [GET] [] [] [cloudflare] [vhost] [cloudflare] [Cloudflare,Cloudflare Bot Management] [d41d8cd98f00b204e9800998ecf8427e]
https://explorer.avax.network [301] [GET] [] [] [cloudflare] [vhost] [cloudflare] [Cloudflare,Cloudflare Bot Management] [d41d8cd98f00b204e9800998ecf8427e]
https://explorer.avax.network:8443 [301] [GET] [] [] [cloudflare] [vhost] [cloudflare] [Cloudflare,Cloudflare Bot Management] [d41d8cd98f00b204e9800998ecf8427e]
https://explorer-xp.avax.network [200] [GET] [text/html] [Avalanche Explorer] [cloudflare] [vhost] [cloudflare] [Cloudflare,Cloudflare Bot Management,Cloudflare Network Error Logging] [3f28d4b7871ece46e11f3b24de46b5ab]
https://explorer-xp.avax.network:2053 [200] [GET] [text/html] [Avalanche Explorer] [cloudflare] [vhost] [cloudflare] [Cloudflare,Cloudflare Bot Management,Cloudflare Network Error Logging] [3f28d4b7871ece46e11f3b24de46b5ab]
https://explorer-xp.avax.network:2087 [200] [GET] [text/html] [Avalanche Explorer] [cloudflare] [vhost] [cloudflare] [Cloudflare,Cloudflare Bot Management,Cloudflare Network Error Logging] [3f28d4b7871ece46e11f3b24de46b5ab]
https://explorer-xp.avax.network:8443 [200] [GET] [text/html] [Avalanche Explorer] [cloudflare] [vhost] [cloudflare] [Cloudflare,Cloudflare Bot Management,Cloudflare Network Error Logging] [3f28d4b7871ece46e11f3b24de46b5ab]
https://faucet.avax.network [200] [GET] [text/html] [Faucet | Avalanche] [cloudflare] [vhost] [cloudflare] [Cloudflare,Cloudflare Bot Management,Express,Node.js] [b36e97e6bad94f42873128f99a9a6d2f]
https://finopstunnel.avax.network [302] [GET] [text/html] [Redirecting...] [] [6123ec7dc74f539639167a73959d5c51]
https://forum.avax.network:2083 [301] [GET] [] [] [cloudflare] [vhost] [cloudflare] [Cloudflare,Cloudflare Bot Management] [d41d8cd98f00b204e9800998ecf8427e]
https://forum.avax.network:2087 [301] [GET] [] [] [cloudflare] [vhost] [cloudflare] [Cloudflare,Cloudflare Bot Management] [d41d8cd98f00b204e9800998ecf8427e]
https://forum.avax.network [301] [GET] [] [] [cloudflare] [vhost] [cloudflare] [Cloudflare,Cloudflare Bot Management] [d41d8cd98f00b204e9800998ecf8427e]
https://forum.avax.network:8443 [301] [GET] [] [] [cloudflare] [vhost] [cloudflare] [Cloudflare,Cloudflare Bot Management] [d41d8cd98f00b204e9800998ecf8427e]
https://indexer-demo.avax.network [404] [GET] [text/plain] [] [cloudflare] [vhost] [cloudflare] [Cloudflare,Cloudflare Bot Management] [595e88012a6521aae3e12cbebe76eb9e]
https://ipfsgateway.avax.network [200] [GET] [text/html] [Cloudflare IPFS On-Boarding] [cloudflare] [vhost] [cloudflare] [Cloudflare,Cloudflare Bot Management,IPFS] [5f20c068c6890e36795eeb2520d8e766]
https://ipfsgateway.avax.network:2083 [200] [GET] [text/html] [Cloudflare IPFS On-Boarding] [cloudflare] [vhost] [cloudflare] [Cloudflare,Cloudflare Bot Management,IPFS] [5f20c068c6890e36795eeb2520d8e766]
https://ipfsgateway.avax.network:2087 [200] [GET] [text/html] [Cloudflare IPFS On-Boarding] [cloudflare] [vhost] [cloudflare] [Cloudflare,Cloudflare Bot Management,IPFS] [5f20c068c6890e36795eeb2520d8e766]
https://ipfsgateway.avax.network:8443 [200] [GET] [text/html] [Cloudflare IPFS On-Boarding] [cloudflare] [vhost] [cloudflare] [Cloudflare,Cloudflare Bot Management,IPFS] [5f20c068c6890e36795eeb2520d8e766]
https://metrics.avax.network [200] [GET] [text/html] [Avalanche Metrics] [cloudflare] [vhost] [cloudflare] [Cloudflare,Cloudflare Bot Management,Cloudflare Network Error Logging] [a4f337e5c20a335461104cebf6d64c36]
https://metrics.avax.network:2083 [200] [GET] [text/html] [Avalanche Metrics] [cloudflare] [vhost] [cloudflare] [Cloudflare,Cloudflare Bot Management,Cloudflare Network Error Logging] [a4f337e5c20a335461104cebf6d64c36]
https://metrics.avax.network:2087 [200] [GET] [text/html] [Avalanche Metrics] [cloudflare] [vhost] [cloudflare] [Cloudflare,Cloudflare Bot Management,Cloudflare Network Error Logging] [a4f337e5c20a335461104cebf6d64c36]
https://metrics.avax.network:8443 [200] [GET] [text/html] [Avalanche Metrics] [cloudflare] [vhost] [cloudflare] [Cloudflare,Cloudflare Bot Management,Cloudflare Network Error Logging] [a4f337e5c20a335461104cebf6d64c36]
https://metrics-dev.avax.network:2083 [403] [GET] [text/plain] [] [cloudflare] [vhost] [cloudflare] [Cloudflare,Cloudflare Bot Management] [7b5ea53ba332630e5aca8e4abb807f70]
https://metrics-dev.avax.network:2087 [403] [GET] [text/plain] [] [cloudflare] [vhost] [cloudflare] [Cloudflare,Cloudflare Bot Management] [7b5ea53ba332630e5aca8e4abb807f70]
https://metrics-dev.avax.network [403] [GET] [text/plain] [] [cloudflare] [vhost] [cloudflare] [Cloudflare,Cloudflare Bot Management] [7b5ea53ba332630e5aca8e4abb807f70]
https://metrics-dev.avax.network:8443 [403] [GET] [text/plain] [] [cloudflare] [vhost] [cloudflare] [Cloudflare,Cloudflare Bot Management] [7b5ea53ba332630e5aca8e4abb807f70]
https://nfttunnel.avax.network [302] [GET] [text/html] [Redirecting...] [] [6a157d08fff8e9d346f1e081129c634a]
https://notify.avax.network [200] [GET] [text/html] [Avalanche Notify] [cloudflare] [vhost] [cloudflare] [Cloudflare,Cloudflare Bot Management,Cloudflare Network Error Logging] [80e4eefb297e6a262855f6efdc23ee2c]
https://notify.avax.network:2053 [200] [GET] [text/html] [Avalanche Notify] [cloudflare] [vhost] [cloudflare] [Cloudflare,Cloudflare Bot Management,Cloudflare Network Error Logging] [80e4eefb297e6a262855f6efdc23ee2c]
https://notify.avax.network:2087 [200] [GET] [text/html] [Avalanche Notify] [cloudflare] [vhost] [cloudflare] [Cloudflare,Cloudflare Bot Management,Cloudflare Network Error Logging] [80e4eefb297e6a262855f6efdc23ee2c]
https://notify.avax.network [403] [GET] [text/plain] [] [cloudflare] [vhost] [cloudflare] [Cloudflare,Cloudflare Bot Management] [4f20b85ce5ebf225720e040314a7966a]
https://notify.avax.network:8443 [200] [GET] [text/html] [Avalanche Notify] [cloudflare] [vhost] [cloudflare] [Cloudflare,Cloudflare Bot Management,Cloudflare Network Error Logging] [80e4eefb297e6a262855f6efdc23ee2c]
https://peerinfo.avax.network [404] [GET] [text/plain] [] [cloudflare] [vhost] [cloudflare] [Cloudflare,Cloudflare Bot Management] [efa6ba503d1db3c0aeb36d2dfe12081a]
https://repo.avax.network [200] [GET] [text/html] [] [AmazonS3] [vhost] [cloudfront] [Amazon Cloudfront,Amazon S3,Amazon Web Services] [21dde95d9d269cbb2fa6560309dca40c]
https://satunnel.avax.network [302] [GET] [text/html] [Redirecting...] [] [aa0093081d4fd6ea29343d3e9a25118f]
https://stats.avax.network [200] [GET] [text/html] [Avalanche Stats: View Network Activity] [cloudflare] [vhost] [cloudflare] [Cloudflare,Cloudflare Bot Management,Cloudflare Network Error Logging] [b837d5f0472a506738d65dbfc99a5a0d]
https://stats.avax.network:2083 [200] [GET] [text/html] [Avalanche Stats: View Network Activity] [cloudflare] [vhost] [cloudflare] [Cloudflare,Cloudflare Bot Management,Cloudflare Network Error Logging] [b837d5f0472a506738d65dbfc99a5a0d]
https://stats.avax.network:2087 [200] [GET] [text/html] [Avalanche Stats: View Network Activity] [cloudflare] [vhost] [cloudflare] [Cloudflare,Cloudflare Bot Management,Cloudflare Network Error Logging] [b837d5f0472a506738d65dbfc99a5a0d]
https://stats.avax.network:8443 [200] [GET] [text/html] [Avalanche Stats: View Network Activity] [cloudflare] [vhost] [cloudflare] [Cloudflare,Cloudflare Bot Management,Cloudflare Network Error Logging] [b837d5f0472a506738d65dbfc99a5a0d]
https://status.avax.network [200] [GET] [text/html] [Avalanche Status] [] [vhost] [Atlassian Statuspage,Fastly] [4d0b77cf6f4047f54f1e5f018dbd8b96]
https://status.avax.network [200] [GET] [text/html] [Avalanche Status] [] [vhost] [Atlassian Statuspage,Fastly] [6bf8d517fd71d0f99fa3ec4e7c9455ef]
https://subnets.avax.network [200] [GET] [text/html] [Explorer | Avalanche] [cloudflare] [vhost] [cloudflare] [Cloudflare,Cloudflare Bot Management,Cloudflare Network Error Logging] [a7cde01eaab5223384edfed862f41e75]
https://subnets.avax.network:2083 [200] [GET] [text/html] [Explorer | Avalanche] [cloudflare] [vhost] [cloudflare] [Cloudflare,Cloudflare Bot Management,Cloudflare Network Error Logging] [a7cde01eaab5223384edfed862f41e75]
https://subnets.avax.network:2087 [200] [GET] [text/html] [Explorer | Avalanche] [cloudflare] [vhost] [cloudflare] [Cloudflare,Cloudflare Bot Management,Cloudflare Network Error Logging] [a7cde01eaab5223384edfed862f41e75]
https://subnets.avax.network:8443 [200] [GET] [text/html] [Explorer | Avalanche] [cloudflare] [vhost] [cloudflare] [Cloudflare,Cloudflare Bot Management,Cloudflare Network Error Logging] [a7cde01eaab5223384edfed862f41e75]
https://subnets-test.avax.network [200] [GET] [text/html] [Explorer | Avalanche] [cloudflare] [vhost] [cloudflare] [Cloudflare,Cloudflare Bot Management,Cloudflare Network Error Logging] [a7cde01eaab5223384edfed862f41e75]
https://subnets-test.avax.network:2083 [200] [GET] [text/html] [Explorer | Avalanche] [cloudflare] [vhost] [cloudflare] [Cloudflare,Cloudflare Bot Management,Cloudflare Network Error Logging] [a7cde01eaab5223384edfed862f41e75]
https://subnets-test.avax.network:2087 [200] [GET] [text/html] [Explorer | Avalanche] [cloudflare] [vhost] [cloudflare] [Cloudflare,Cloudflare Bot Management,Cloudflare Network Error Logging] [a7cde01eaab5223384edfed862f41e75]
https://subnets-test.avax.network:8443 [200] [GET] [text/html] [Explorer | Avalanche] [cloudflare] [vhost] [cloudflare] [Cloudflare,Cloudflare Bot Management,Cloudflare Network Error Logging] [a7cde01eaab5223384edfed862f41e75]
https://subnetstunnel.avax.network [302] [GET] [text/html] [Redirecting...] [] [c1cbb4f0533bfbe0826ec73d41bd5297]
https://support.avax.network [302] [GET] [text/html] [] [cloudflare] [vhost] [cloudflare] [Cloudflare,Cloudflare Bot Management] [b832586dad34d93caf5eec881e5cfb53]
https://swimmer.avax.network:2083 [301] [GET] [] [] [cloudflare] [vhost] [cloudflare] [Cloudflare,Cloudflare Bot Management] [d41d8cd98f00b204e9800998ecf8427e]
https://swimmer.avax.network:2087 [301] [GET] [] [] [cloudflare] [vhost] [cloudflare] [Cloudflare,Cloudflare Bot Management] [d41d8cd98f00b204e9800998ecf8427e]
https://swimmer.avax.network [301] [GET] [] [] [cloudflare] [vhost] [cloudflare] [Cloudflare,Cloudflare Bot Management] [d41d8cd98f00b204e9800998ecf8427e]
https://swimmer.avax.network [403] [GET] [text/plain] [] [cloudflare] [vhost] [cloudflare] [Cloudflare,Cloudflare Bot Management] [4f20b85ce5ebf225720e040314a7966a]
https://swimmer.avax.network:8443 [301] [GET] [] [] [cloudflare] [vhost] [cloudflare] [Cloudflare,Cloudflare Bot Management] [d41d8cd98f00b204e9800998ecf8427e]
http://stats.avax.network:2082 [301] [GET] [] [] [cloudflare] [vhost] [cloudflare] [Cloudflare,Cloudflare Bot Management] [d41d8cd98f00b204e9800998ecf8427e]
http://stats.avax.network:2086 [301] [GET] [] [] [cloudflare] [vhost] [cloudflare] [Cloudflare,Cloudflare Bot Management] [d41d8cd98f00b204e9800998ecf8427e]
https://test-vip.avax.network [200] [GET] [text/html] [Avalanche – Digitizing the World's Assets] [cloudflare] [vhost] [cloudflare] [Cloudflare,Cloudflare Bot Management,MySQL,PHP,WordPress,WordPress VIP] [ebff6602478eed9cd6f81ce97a00c654]
https://tunnel.avax.network [302] [GET] [text/html] [Redirecting...] [] [00c5a4c28c73f663701035e807bef136]
https://tutorials.avax.network:2083 [301] [GET] [] [] [cloudflare] [vhost] [cloudflare] [Cloudflare,Cloudflare Bot Management] [d41d8cd98f00b204e9800998ecf8427e]
https://tutorials.avax.network:2087 [301] [GET] [] [] [cloudflare] [vhost] [cloudflare] [Cloudflare,Cloudflare Bot Management] [d41d8cd98f00b204e9800998ecf8427e]
https://tutorials.avax.network [301] [GET] [] [] [cloudflare] [vhost] [cloudflare] [Cloudflare,Cloudflare Bot Management] [d41d8cd98f00b204e9800998ecf8427e]
https://tutorials.avax.network:8443 [301] [GET] [] [] [cloudflare] [vhost] [cloudflare] [Cloudflare,Cloudflare Bot Management] [d41d8cd98f00b204e9800998ecf8427e]
http://subnets.avax.network:2082 [301] [GET] [] [] [cloudflare] [vhost] [cloudflare] [Cloudflare,Cloudflare Bot Management] [d41d8cd98f00b204e9800998ecf8427e]
http://subnets.avax.network:2086 [301] [GET] [] [] [cloudflare] [vhost] [cloudflare] [Cloudflare,Cloudflare Bot Management] [d41d8cd98f00b204e9800998ecf8427e]
http://subnets-test.avax.network:2082 [301] [GET] [] [] [cloudflare] [vhost] [cloudflare] [Cloudflare,Cloudflare Bot Management] [d41d8cd98f00b204e9800998ecf8427e]
http://subnets-test.avax.network:2086 [301] [GET] [] [] [cloudflare] [vhost] [cloudflare] [Cloudflare,Cloudflare Bot Management] [d41d8cd98f00b204e9800998ecf8427e]
http://support.avax.network:2053 [400] [GET] [text/html] [400 The plain HTTP request was sent to HTTPS port] [cloudflare] [cloudflare] [Cloudflare] [20ad84d030031252141ca0b3fc0183f0]
http://support.avax.network:2082 [301] [GET] [] [] [cloudflare] [vhost] [cloudflare] [Cloudflare,Cloudflare Bot Management] [d41d8cd98f00b204e9800998ecf8427e]
http://support.avax.network:2086 [301] [GET] [] [] [cloudflare] [vhost] [cloudflare] [Cloudflare,Cloudflare Bot Management] [d41d8cd98f00b204e9800998ecf8427e]
http://support.avax.network:2087 [400] [GET] [text/html] [400 The plain HTTP request was sent to HTTPS port] [cloudflare] [cloudflare] [Cloudflare] [cd58783500d7fa3c58f88eb0ba22f4f8]
http://support.avax.network:8080 [301] [GET] [] [] [cloudflare] [vhost] [cloudflare] [Cloudflare,Cloudflare Bot Management] [d41d8cd98f00b204e9800998ecf8427e]
http://support.avax.network:8443 [400] [GET] [text/html] [400 The plain HTTP request was sent to HTTPS port] [cloudflare] [cloudflare] [Cloudflare] [cd58783500d7fa3c58f88eb0ba22f4f8]
http://support.avax.network:8880 [301] [GET] [] [] [cloudflare] [vhost] [cloudflare] [Cloudflare,Cloudflare Bot Management] [d41d8cd98f00b204e9800998ecf8427e]
https://wallet.avax.network [200] [GET] [text/html] [Fastest Performing and Secure DeFi Wallet | Avalanche Wallet] [cloudflare] [vhost] [cloudflare] [Cloudflare,Cloudflare Bot Management,Cloudflare Network Error Logging,Google Font API] [9bb6beea94f852b385bdf53b97a6bc17]
https://wallet.avax.network:2053 [200] [GET] [text/html] [Fastest Performing and Secure DeFi Wallet | Avalanche Wallet] [cloudflare] [vhost] [cloudflare] [Cloudflare,Cloudflare Bot Management,Cloudflare Network Error Logging,Google Font API] [9bb6beea94f852b385bdf53b97a6bc17]
https://wallet.avax.network:2087 [200] [GET] [text/html] [Fastest Performing and Secure DeFi Wallet | Avalanche Wallet] [cloudflare] [vhost] [cloudflare] [Cloudflare,Cloudflare Bot Management,Cloudflare Network Error Logging,Google Font API] [9bb6beea94f852b385bdf53b97a6bc17]
https://wallet.avax.network:8443 [200] [GET] [text/html] [Fastest Performing and Secure DeFi Wallet | Avalanche Wallet] [cloudflare] [vhost] [cloudflare] [Cloudflare,Cloudflare Bot Management,Cloudflare Network Error Logging,Google Font API] [9bb6beea94f852b385bdf53b97a6bc17]
https://wallet-beta.avax.network [200] [GET] [text/html] [Fastest Performing and Secure DeFi Wallet | Avalanche Wallet] [cloudflare] [vhost] [cloudflare] [Cloudflare,Cloudflare Bot Management,Cloudflare Network Error Logging,Google Font API] [9bb6beea94f852b385bdf53b97a6bc17]
https://wallet-beta.avax.network:2083 [200] [GET] [text/html] [Fastest Performing and Secure DeFi Wallet | Avalanche Wallet] [cloudflare] [vhost] [cloudflare] [Cloudflare,Cloudflare Bot Management,Cloudflare Network Error Logging,Google Font API] [9bb6beea94f852b385bdf53b97a6bc17]
https://wallet-beta.avax.network:2087 [200] [GET] [text/html] [Fastest Performing and Secure DeFi Wallet | Avalanche Wallet] [cloudflare] [vhost] [cloudflare] [Cloudflare,Cloudflare Bot Management,Cloudflare Network Error Logging,Google Font API] [9bb6beea94f852b385bdf53b97a6bc17]
https://wallet-beta.avax.network [403] [GET] [text/html] [Attention Required! | Cloudflare] [cloudflare] [vhost] [cloudflare] [Cloudflare,Cloudflare Bot Management] [5bc2407be66f0aa65bc48dad2a60cd0a]
https://wallet-beta.avax.network:8443 [200] [GET] [text/html] [Fastest Performing and Secure DeFi Wallet | Avalanche Wallet] [cloudflare] [vhost] [cloudflare] [Cloudflare,Cloudflare Bot Management,Cloudflare Network Error Logging,Google Font API] [9bb6beea94f852b385bdf53b97a6bc17]
https://wallet-network-assets.avax.network:2083 [404] [GET] [] [] [cloudflare] [vhost] [cloudflare] [Cloudflare,Cloudflare Bot Management,Cloudflare Network Error Logging] [d41d8cd98f00b204e9800998ecf8427e]
https://wallet-network-assets.avax.network:2087 [404] [GET] [] [] [cloudflare] [vhost] [cloudflare] [Cloudflare,Cloudflare Bot Management,Cloudflare Network Error Logging] [d41d8cd98f00b204e9800998ecf8427e]
https://wallet-network-assets.avax.network [404] [GET] [] [] [cloudflare] [vhost] [cloudflare] [Cloudflare,Cloudflare Bot Management,Cloudflare Network Error Logging] [d41d8cd98f00b204e9800998ecf8427e]
https://wallet-network-assets.avax.network:8443 [404] [GET] [] [] [cloudflare] [vhost] [cloudflare] [Cloudflare,Cloudflare Bot Management,Cloudflare Network Error Logging] [d41d8cd98f00b204e9800998ecf8427e]
https://welcome.avax.network [200] [GET] [text/html] [Avalanche: It's Never Too Late To Be Early] [openresty] [Fastly,Nginx,OpenResty,Varnish,Webflow] [aa73bd0d768814648eab875226f5c92d]
http://swimmer.avax.network:2082 [301] [GET] [] [] [cloudflare] [vhost] [cloudflare] [Cloudflare,Cloudflare Bot Management] [d41d8cd98f00b204e9800998ecf8427e]
http://swimmer.avax.network:2086 [301] [GET] [] [] [cloudflare] [vhost] [cloudflare] [Cloudflare,Cloudflare Bot Management] [d41d8cd98f00b204e9800998ecf8427e]
https://www.avax.network [200] [GET] [text/html] [Avalanche: Blazingly Fast, Low Cost, & Eco-Friendly | Dapps Platform] [openresty] [Fastly,Nginx,OpenResty,Varnish,Webflow] [5c7ae2184affad70e06b9501d770cf05]
http://test-vip.avax.network:2053 [400] [GET] [text/html] [400 The plain HTTP request was sent to HTTPS port] [cloudflare] [cloudflare] [Cloudflare] [cd58783500d7fa3c58f88eb0ba22f4f8]
http://test-vip.avax.network:2082 [301] [GET] [] [] [cloudflare] [vhost] [cloudflare] [Cloudflare,Cloudflare Bot Management] [d41d8cd98f00b204e9800998ecf8427e]
http://test-vip.avax.network:2086 [301] [GET] [] [] [cloudflare] [vhost] [cloudflare] [Cloudflare,Cloudflare Bot Management] [d41d8cd98f00b204e9800998ecf8427e]
http://test-vip.avax.network:2087 [400] [GET] [text/html] [400 The plain HTTP request was sent to HTTPS port] [cloudflare] [cloudflare] [Cloudflare] [cd58783500d7fa3c58f88eb0ba22f4f8]
http://test-vip.avax.network:8080 [301] [GET] [] [] [cloudflare] [vhost] [cloudflare] [Cloudflare,Cloudflare Bot Management] [d41d8cd98f00b204e9800998ecf8427e]
http://test-vip.avax.network:8443 [400] [GET] [text/html] [400 The plain HTTP request was sent to HTTPS port] [cloudflare] [cloudflare] [Cloudflare] [20ad84d030031252141ca0b3fc0183f0]
http://test-vip.avax.network:8880 [301] [GET] [] [] [cloudflare] [vhost] [cloudflare] [Cloudflare,Cloudflare Bot Management] [d41d8cd98f00b204e9800998ecf8427e]
http://tutorials.avax.network:2082 [301] [GET] [] [] [cloudflare] [vhost] [cloudflare] [Cloudflare,Cloudflare Bot Management] [d41d8cd98f00b204e9800998ecf8427e]
http://tutorials.avax.network:2086 [301] [GET] [] [] [cloudflare] [vhost] [cloudflare] [Cloudflare,Cloudflare Bot Management] [d41d8cd98f00b204e9800998ecf8427e]
http://wallet.avax.network:2082 [301] [GET] [] [] [cloudflare] [vhost] [cloudflare] [Cloudflare,Cloudflare Bot Management] [d41d8cd98f00b204e9800998ecf8427e]
http://wallet.avax.network:2086 [301] [GET] [] [] [cloudflare] [vhost] [cloudflare] [Cloudflare,Cloudflare Bot Management] [d41d8cd98f00b204e9800998ecf8427e]
http://wallet.avax.network:8080 [301] [GET] [] [] [cloudflare] [vhost] [cloudflare] [Cloudflare,Cloudflare Bot Management] [d41d8cd98f00b204e9800998ecf8427e]
http://wallet.avax.network:8880 [301] [GET] [] [] [cloudflare] [vhost] [cloudflare] [Cloudflare,Cloudflare Bot Management] [d41d8cd98f00b204e9800998ecf8427e]
http://wallet-beta.avax.network:2082 [301] [GET] [] [] [cloudflare] [vhost] [cloudflare] [Cloudflare,Cloudflare Bot Management] [d41d8cd98f00b204e9800998ecf8427e]
http://wallet-beta.avax.network:2086 [301] [GET] [] [] [cloudflare] [vhost] [cloudflare] [Cloudflare,Cloudflare Bot Management] [d41d8cd98f00b204e9800998ecf8427e]
http://wallet-network-assets.avax.network:2082 [301] [GET] [] [] [cloudflare] [vhost] [cloudflare] [Cloudflare,Cloudflare Bot Management] [d41d8cd98f00b204e9800998ecf8427e]
http://wallet-network-assets.avax.network:2086 [301] [GET] [] [] [cloudflare] [vhost] [cloudflare] [Cloudflare,Cloudflare Bot Management] [d41d8cd98f00b204e9800998ecf8427e]
