http://click.e.ayco.com:9001 [403] [GET] [text/html] [403 - Forbidden: Access is denied.] [Microsoft-IIS/10.0] [IIS:10.0,Microsoft ASP.NET:4.0.30319,Windows Server] [11ca4578cb026a23713aea6781b8ece3]
http://qa.accounts.ayco.com [301] [GET] [] [] [AkamaiGHost] [vhost] [d41d8cd98f00b204e9800998ecf8427e]
https://accounts.ayco.com [200] [GET] [text/html] [] [Apache] [vhost] [Apache] [73227ab485e8248b8617894822819063]
https://api.ayco.com [403] [GET] [text/html] [403 - Forbidden: Access is denied.] [Microsoft-IIS/8.5] [vhost] [IIS:8.5,Windows Server] [11ca4578cb026a23713aea6781b8ece3]
https://apipp.ayco.com [403] [GET] [text/html] [403 - Forbidden: Access is denied.] [Microsoft-IIS/8.5] [vhost] [IIS:8.5,Windows Server] [11ca4578cb026a23713aea6781b8ece3]
https://apippqa.ayco.com [403] [GET] [text/html] [403 - Forbidden: Access is denied.] [Microsoft-IIS/8.5] [vhost] [IIS:8.5,Windows Server] [11ca4578cb026a23713aea6781b8ece3]
https://apiqa.ayco.com [403] [GET] [text/html] [403 - Forbidden: Access is denied.] [Microsoft-IIS/8.5] [vhost] [IIS:8.5,Windows Server] [11ca4578cb026a23713aea6781b8ece3]
https://ayco.com [301] [GET] [text/html] [301 Moved Permanently] [Apache] [Apache] [92c1114e2a1efc7bae4709feb57a1594]
https://ayco.com [301] [GET] [text/html] [301 Moved Permanently] [Apache] [vhost] [Apache] [92c1114e2a1efc7bae4709feb57a1594]
https://beta.ayco.com [301] [GET] [text/html] [301 Moved Permanently] [Apache] [Apache] [82a405a418e2ca9866a603a5c03aaf40]
https://beta.uat.ayco.com [302] [GET] [text/html] [302 Found] [Apache] [vhost] [Apache] [4bc76dd21d04f717634f8b8ae843c674]
https://billpay.ayco.com [200] [GET] [text/html] [Client Portal] [Windows-Azure-Web/1.0 Microsoft-HTTPAPI/2.0] [vhost] [azure] [Azure,Google Font API,Microsoft HTTPAPI:2.0] [8c12454dac07fca5f95557d09716763d]
https://click.e.ayco.com [403] [GET] [text/html] [403 - Forbidden: Access is denied.] [] [11ca4578cb026a23713aea6781b8ece3]
https://docs.ayco.com [403] [GET] [text/html] [403 - Forbidden: Access is denied.] [Microsoft-IIS/8.5] [vhost] [IIS:8.5,Windows Server] [11ca4578cb026a23713aea6781b8ece3]
https://docspp.ayco.com [403] [GET] [text/html] [403 - Forbidden: Access is denied.] [Microsoft-IIS/8.5] [IIS:8.5,Windows Server] [11ca4578cb026a23713aea6781b8ece3]
https://docsqa.ayco.com [403] [GET] [text/html] [403 - Forbidden: Access is denied.] [Microsoft-IIS/8.5] [vhost] [IIS:8.5,Windows Server] [11ca4578cb026a23713aea6781b8ece3]
https://image.e.ayco.com [403] [GET] [text/html] [Access Denied] [AkamaiGHost] [vhost] [50dc5f080d507da714c8d854dd8050b6]
https://image.e.ayco.com [403] [GET] [text/html] [Access Denied] [AkamaiGHost] [vhost] [7d7160f489bba2f6b85cee436434a94f]
https://login.ayco.com [403] [GET] [text/html] [Error] [Apache] [Apache] [d2e2abaf58303d2d7c9db110efa6acac]
https://login-qa.ayco.com [403] [GET] [text/html] [Error] [Apache] [Apache] [587fa749210d38870bae68ffb41763bd]
https://oauth.appointments.ayco.com [200] [GET] [text/html] [Home] [] [vhost] [Java,Spring] [41459bb599548b39746a8fcc42991afb]
https://oauth-stag.appointments.ayco.com [200] [GET] [text/html] [Home] [] [vhost] [Java,Spring] [41459bb599548b39746a8fcc42991afb]
https://origin.ayco.com [302] [GET] [text/html] [302 Found] [Apache] [vhost] [Apache] [cbb137268f2c70f96c290f9632d382dd]
https://origin-qa.ayco.com [302] [GET] [text/html] [302 Found] [Apache] [vhost] [Apache] [302c0e35e57e588c7001ccc0febd0f91]
https://pages.e.ayco.com [403] [GET] [text/html] [403 - Forbidden: Access is denied.] [] [11ca4578cb026a23713aea6781b8ece3]
https://pilot.ayco.com [302] [GET] [text/html] [302 Found] [Apache] [vhost] [Apache] [ac5de06d1325619f16fda6c88338dcf7]
https://pilot.uat.ayco.com [401] [GET] [text/html] [401 Unauthorized] [Apache] [vhost] [Apache,Basic] [4d83be6e33fa1b6ee46476a1595c1277]
https://portal.ayco.com [200] [GET] [text/html] [Redirect to Verify Email] [] [vhost] [100f9729b7d68fff7a27e3bbf8a96e60]
https://protect.ayco.com [200] [GET] [text/html] [Protect, by Ayco Services Agency] [] [Express,Node.js] [0988ed788ff92cecdacfc5bc298d7f03]
https://protect.ayco.com [200] [GET] [text/html] [Protect, by Ayco Services Agency] [] [Express,Node.js] [920078a87ec51d52b41d7cb114253233]
https://qa.portal.ayco.com [200] [GET] [text/html] [Redirect to Verify Email] [] [vhost] [100f9729b7d68fff7a27e3bbf8a96e60]
https://qa.protect.ayco.com [200] [GET] [text/html] [Ayco QA] [] [Express,Node.js] [62f09a0cc36b64c89df6347e1a80f5f0]
https://qa.protect.ayco.com [200] [GET] [text/html] [Ayco QA] [] [Express,Node.js] [6fddcfc893c2d591850025bc3f860ec6]
https://qa.wellness.ayco.com [200] [GET] [text/html] [Ayco | Wellness] [Apache] [vhost] [Apache] [9bda58b9ae77bba0172d43f03849f8c4]
https://uat.accounts.ayco.com [200] [GET] [text/html] [] [Apache] [vhost] [Apache] [6d3fde55edf4d569db2aeb4cfb0c97d6]
https://uat.ayco.com [401] [GET] [text/html] [401 Unauthorized] [Apache] [vhost] [Apache,Basic] [4d83be6e33fa1b6ee46476a1595c1277]
https://uat.protect.ayco.com [200] [GET] [text/html] [Protect, by Ayco Services Agency] [] [Express,Node.js] [03e603f1644898dcb3b6ec25fc01a3aa]
https://uat.protect.ayco.com [200] [GET] [text/html] [Protect, by Ayco Services Agency] [] [Express,Node.js] [2bafc32f1eff677a134b51ffeb4551f1]
https://ui.appointments.ayco.com [404] [GET] [text/html] [Resource not found | 404] [Apache] [Apache] [ef4704e913424f76a4be3bac33d3f50a]
https://ui-stag.appointments.ayco.com [404] [GET] [text/html] [Resource not found | 404] [Apache] [Apache] [ef4704e913424f76a4be3bac33d3f50a]
https://v.ayco.com [400] [GET] [text/html] [] [Apache] [Apache] [825644f747baab2c00e420dbbc39e4b3]
https://wellness.ayco.com [200] [GET] [text/html] [Ayco | Wellness] [Apache] [vhost] [Apache] [c6ffe2eda8084ee8c92fa227e9aab628]
https://www.ayco.com [302] [GET] [text/html] [302 Found] [Apache] [vhost] [Apache] [cbb137268f2c70f96c290f9632d382dd]
https://wwwqa.ayco.com [302] [GET] [text/html] [302 Found] [Apache] [vhost] [Apache] [302c0e35e57e588c7001ccc0febd0f91]
http://view.e.ayco.com [302] [GET] [text/html] [Object moved] [] [0b9ef0192b2022a0b94f012083714795]
