http://backblaze.com:2052 [301] [GET] [] [] [cloudflare] [vhost] [cloudflare] [Cloudflare,Cloudflare Bot Management] [d41d8cd98f00b204e9800998ecf8427e]
http://backblaze.com:2082 [301] [GET] [] [] [cloudflare] [vhost] [cloudflare] [Cloudflare,Cloudflare Bot Management] [d41d8cd98f00b204e9800998ecf8427e]
http://backblaze.com:2083 [400] [GET] [text/html] [400 The plain HTTP request was sent to HTTPS port] [cloudflare] [cloudflare] [Cloudflare] [cd58783500d7fa3c58f88eb0ba22f4f8]
http://backblaze.com:2086 [301] [GET] [] [] [cloudflare] [vhost] [cloudflare] [Cloudflare,Cloudflare Bot Management] [d41d8cd98f00b204e9800998ecf8427e]
http://backblaze.com:2087 [400] [GET] [text/html] [400 The plain HTTP request was sent to HTTPS port] [cloudflare] [cloudflare] [Cloudflare] [20ad84d030031252141ca0b3fc0183f0]
http://backblaze.com:8080 [301] [GET] [] [] [cloudflare] [vhost] [cloudflare] [Cloudflare,Cloudflare Bot Management] [d41d8cd98f00b204e9800998ecf8427e]
http://backblaze.com:8443 [400] [GET] [text/html] [400 The plain HTTP request was sent to HTTPS port] [cloudflare] [cloudflare] [Cloudflare] [cd58783500d7fa3c58f88eb0ba22f4f8]
http://backblaze.com:8880 [301] [GET] [] [] [cloudflare] [vhost] [cloudflare] [Cloudflare,Cloudflare Bot Management] [d41d8cd98f00b204e9800998ecf8427e]
http://info.backblaze.com:2082 [403] [GET] [text/plain] [] [cloudflare] [vhost] [Cloudflare,Cloudflare Bot Management,Cloudflare Network Error Logging] [c8750906ad1e689d41ab2a4e25d9864d]
http://info.backblaze.com:2086 [403] [GET] [text/plain] [] [cloudflare] [vhost] [Cloudflare,Cloudflare Bot Management,Cloudflare Network Error Logging] [c8750906ad1e689d41ab2a4e25d9864d]
http://info.backblaze.com:2095 [403] [GET] [text/plain] [] [cloudflare] [vhost] [Cloudflare,Cloudflare Bot Management,Cloudflare Network Error Logging] [c8750906ad1e689d41ab2a4e25d9864d]
http://info.backblaze.com:8080 [403] [GET] [text/plain] [] [cloudflare] [vhost] [Cloudflare,Cloudflare Bot Management,Cloudflare Network Error Logging] [c8750906ad1e689d41ab2a4e25d9864d]
http://info.backblaze.com:8880 [403] [GET] [text/plain] [] [cloudflare] [vhost] [Cloudflare,Cloudflare Bot Management,Cloudflare Network Error Logging] [c8750906ad1e689d41ab2a4e25d9864d]
http://ir.backblaze.com:2082 [301] [GET] [] [] [cloudflare] [vhost] [cloudflare] [Cloudflare,Cloudflare Bot Management] [d41d8cd98f00b204e9800998ecf8427e]
http://ir.backblaze.com:2083 [400] [GET] [text/html] [400 The plain HTTP request was sent to HTTPS port] [cloudflare] [cloudflare] [Cloudflare] [20ad84d030031252141ca0b3fc0183f0]
http://ir.backblaze.com:2086 [301] [GET] [] [] [cloudflare] [vhost] [cloudflare] [Cloudflare,Cloudflare Bot Management] [d41d8cd98f00b204e9800998ecf8427e]
http://ir.backblaze.com:2087 [400] [GET] [text/html] [400 The plain HTTP request was sent to HTTPS port] [cloudflare] [cloudflare] [Cloudflare] [cd58783500d7fa3c58f88eb0ba22f4f8]
http://ir.backblaze.com:8080 [301] [GET] [] [] [cloudflare] [vhost] [cloudflare] [Cloudflare,Cloudflare Bot Management] [d41d8cd98f00b204e9800998ecf8427e]
http://ir.backblaze.com:8443 [400] [GET] [text/html] [400 The plain HTTP request was sent to HTTPS port] [cloudflare] [cloudflare] [Cloudflare] [cd58783500d7fa3c58f88eb0ba22f4f8]
http://ir.backblaze.com:8880 [301] [GET] [] [] [cloudflare] [vhost] [cloudflare] [Cloudflare,Cloudflare Bot Management] [d41d8cd98f00b204e9800998ecf8427e]
https://backblaze.com:2053 [403] [GET] [text/plain] [] [cloudflare] [vhost] [cloudflare] [Cloudflare,Cloudflare Bot Management] [4f20b85ce5ebf225720e040314a7966a]
https://backblaze.com [301] [GET] [text/html] [301 Moved Permanently] [cloudflare] [vhost] [cloudflare] [Cloudflare,Cloudflare Bot Management] [e33f6f53732e56933d9ff2f9d6e8cb99]
http://secure.backblaze.com:2082 [301] [GET] [] [] [cloudflare] [vhost] [cloudflare] [Cloudflare,Cloudflare Bot Management] [d41d8cd98f00b204e9800998ecf8427e]
http://secure.backblaze.com:2083 [400] [GET] [text/html] [400 The plain HTTP request was sent to HTTPS port] [cloudflare] [cloudflare] [Cloudflare] [cd58783500d7fa3c58f88eb0ba22f4f8]
http://secure.backblaze.com:2086 [301] [GET] [] [] [cloudflare] [vhost] [cloudflare] [Cloudflare,Cloudflare Bot Management] [d41d8cd98f00b204e9800998ecf8427e]
http://secure.backblaze.com:2087 [400] [GET] [text/html] [400 The plain HTTP request was sent to HTTPS port] [cloudflare] [cloudflare] [Cloudflare] [cd58783500d7fa3c58f88eb0ba22f4f8]
http://secure.backblaze.com:8080 [301] [GET] [] [] [cloudflare] [vhost] [cloudflare] [Cloudflare,Cloudflare Bot Management] [d41d8cd98f00b204e9800998ecf8427e]
http://secure.backblaze.com:8443 [400] [GET] [text/html] [400 The plain HTTP request was sent to HTTPS port] [cloudflare] [cloudflare] [Cloudflare] [cd58783500d7fa3c58f88eb0ba22f4f8]
http://secure.backblaze.com:8880 [301] [GET] [] [] [cloudflare] [vhost] [cloudflare] [Cloudflare,Cloudflare Bot Management] [d41d8cd98f00b204e9800998ecf8427e]
https://info.backblaze.com:2053 [403] [GET] [text/plain] [] [cloudflare] [vhost] [Cloudflare,Cloudflare Bot Management,Cloudflare Network Error Logging] [c8750906ad1e689d41ab2a4e25d9864d]
https://info.backblaze.com:2083 [403] [GET] [text/plain] [] [cloudflare] [vhost] [Cloudflare,Cloudflare Bot Management,Cloudflare Network Error Logging] [c8750906ad1e689d41ab2a4e25d9864d]
https://info.backblaze.com:2087 [403] [GET] [text/plain] [] [cloudflare] [vhost] [Cloudflare,Cloudflare Bot Management,Cloudflare Network Error Logging] [c8750906ad1e689d41ab2a4e25d9864d]
https://info.backblaze.com:2096 [403] [GET] [text/plain] [] [cloudflare] [vhost] [Cloudflare,Cloudflare Bot Management,Cloudflare Network Error Logging] [c8750906ad1e689d41ab2a4e25d9864d]
https://info.backblaze.com [403] [GET] [text/plain] [] [cloudflare] [vhost] [Cloudflare,Cloudflare Bot Management,Cloudflare Network Error Logging] [c8750906ad1e689d41ab2a4e25d9864d]
https://info.backblaze.com:8443 [403] [GET] [text/plain] [] [cloudflare] [vhost] [Cloudflare,Cloudflare Bot Management,Cloudflare Network Error Logging] [c8750906ad1e689d41ab2a4e25d9864d]
https://ir.backblaze.com [200] [GET] [text/html] [Investor Relations | Backblaze, Inc.] [cloudflare] [vhost] [cloudflare] [Cloudflare,Cloudflare Bot Management,Drupal:9,Google Font API,PHP,YouTube] [5bc8053ed04d07feb5bda0f3df60e977]
https://ir.backblaze.com [200] [GET] [text/html] [Investor Relations | Backblaze, Inc.] [cloudflare] [vhost] [cloudflare] [Cloudflare,Cloudflare Bot Management,Drupal:9,Google Font API,PHP,YouTube] [ab60aa1246dcb16aac4f74bd6ac83465]
https://secure.backblaze.com [301] [GET] [] [] [cloudflare] [vhost] [cloudflare] [Cloudflare,Cloudflare Bot Management] [d41d8cd98f00b204e9800998ecf8427e]
https://try.backblaze.com [200] [GET] [text/html] [Backblaze Cloud - Unlimited Backup and Storage] [] [vhost] [Font Awesome,Google Tag Manager,OWL Carousel,Unbounce,jQuery] [05ad165f940a5f8fc287629373fab3dd]
https://try.backblaze.com [200] [GET] [text/html] [Backblaze Cloud - Unlimited Backup and Storage] [] [vhost] [Font Awesome,Google Tag Manager,OWL Carousel,Unbounce,jQuery] [6cabb6acf405ebca8c381a6e8e59c5cb]
https://trynow.backblaze.com:2053 [403] [GET] [text/plain] [] [cloudflare] [vhost] [Cloudflare,Cloudflare Bot Management,Cloudflare Network Error Logging] [c8750906ad1e689d41ab2a4e25d9864d]
https://trynow.backblaze.com:2083 [403] [GET] [text/plain] [] [cloudflare] [vhost] [Cloudflare,Cloudflare Bot Management,Cloudflare Network Error Logging] [c8750906ad1e689d41ab2a4e25d9864d]
https://trynow.backblaze.com:2087 [403] [GET] [text/plain] [] [cloudflare] [vhost] [Cloudflare,Cloudflare Bot Management,Cloudflare Network Error Logging] [c8750906ad1e689d41ab2a4e25d9864d]
https://trynow.backblaze.com:2096 [403] [GET] [text/plain] [] [cloudflare] [vhost] [Cloudflare,Cloudflare Bot Management,Cloudflare Network Error Logging] [c8750906ad1e689d41ab2a4e25d9864d]
https://trynow.backblaze.com [403] [GET] [text/plain] [] [cloudflare] [vhost] [Cloudflare,Cloudflare Bot Management,Cloudflare Network Error Logging] [c8750906ad1e689d41ab2a4e25d9864d]
https://trynow.backblaze.com:8443 [403] [GET] [text/plain] [] [cloudflare] [vhost] [Cloudflare,Cloudflare Bot Management,Cloudflare Network Error Logging] [c8750906ad1e689d41ab2a4e25d9864d]
http://trynow.backblaze.com:2082 [403] [GET] [text/plain] [] [cloudflare] [vhost] [Cloudflare,Cloudflare Bot Management,Cloudflare Network Error Logging] [c8750906ad1e689d41ab2a4e25d9864d]
http://trynow.backblaze.com:2086 [403] [GET] [text/plain] [] [cloudflare] [vhost] [Cloudflare,Cloudflare Bot Management,Cloudflare Network Error Logging] [c8750906ad1e689d41ab2a4e25d9864d]
http://trynow.backblaze.com:2095 [403] [GET] [text/plain] [] [cloudflare] [vhost] [Cloudflare,Cloudflare Bot Management,Cloudflare Network Error Logging] [c8750906ad1e689d41ab2a4e25d9864d]
http://trynow.backblaze.com:8080 [403] [GET] [text/plain] [] [cloudflare] [vhost] [Cloudflare,Cloudflare Bot Management,Cloudflare Network Error Logging] [c8750906ad1e689d41ab2a4e25d9864d]
http://trynow.backblaze.com:8880 [403] [GET] [text/plain] [] [cloudflare] [vhost] [Cloudflare,Cloudflare Bot Management,Cloudflare Network Error Logging] [c8750906ad1e689d41ab2a4e25d9864d]
