http://allowance.beefy.finance:8082 [403] [GET] [text/html] [403 Forbidden] [nginx] [vhost] [Nginx] [4f8afc2689243991dcede77ebc8b25c8]
http://allowance.beefy.finance:8084 [403] [GET] [text/html] [403 Forbidden] [nginx] [vhost] [Nginx] [4f8afc2689243991dcede77ebc8b25c8]
http://allowance.beefy.finance:8085 [403] [GET] [text/html] [403 Forbidden] [nginx] [vhost] [Nginx] [4f8afc2689243991dcede77ebc8b25c8]
http://api.beefy.finance:2082 [301] [GET] [] [] [cloudflare] [vhost] [cloudflare] [Cloudflare,Cloudflare Network Error Logging] [d41d8cd98f00b204e9800998ecf8427e]
http://api.beefy.finance:2083 [400] [GET] [text/html] [400 The plain HTTP request was sent to HTTPS port] [cloudflare] [cloudflare] [Cloudflare] [cd58783500d7fa3c58f88eb0ba22f4f8]
http://api.beefy.finance:2087 [400] [GET] [text/html] [400 The plain HTTP request was sent to HTTPS port] [cloudflare] [cloudflare] [Cloudflare] [20ad84d030031252141ca0b3fc0183f0]
http://api.beefy.finance:8080 [301] [GET] [] [] [cloudflare] [vhost] [cloudflare] [Cloudflare,Cloudflare Network Error Logging] [d41d8cd98f00b204e9800998ecf8427e]
http://api.beefy.finance:8443 [400] [GET] [text/html] [400 The plain HTTP request was sent to HTTPS port] [cloudflare] [cloudflare] [Cloudflare] [cd58783500d7fa3c58f88eb0ba22f4f8]
http://api.beefy.finance:8880 [301] [GET] [] [] [cloudflare] [vhost] [cloudflare] [Cloudflare,Cloudflare Network Error Logging] [d41d8cd98f00b204e9800998ecf8427e]
http://app.beefy.finance:2082 [301] [GET] [] [] [cloudflare] [vhost] [cloudflare] [Cloudflare,Cloudflare Network Error Logging] [d41d8cd98f00b204e9800998ecf8427e]
http://app.beefy.finance:2086 [301] [GET] [] [] [cloudflare] [vhost] [cloudflare] [Cloudflare,Cloudflare Network Error Logging] [d41d8cd98f00b204e9800998ecf8427e]
http://app.beefy.finance:8080 [301] [GET] [] [] [cloudflare] [vhost] [cloudflare] [Cloudflare,Cloudflare Network Error Logging] [d41d8cd98f00b204e9800998ecf8427e]
http://app.beefy.finance:8880 [301] [GET] [] [] [cloudflare] [vhost] [cloudflare] [Cloudflare,Cloudflare Network Error Logging] [d41d8cd98f00b204e9800998ecf8427e]
http://avax.beefy.finance:8082 [403] [GET] [text/html] [403 Forbidden] [nginx] [vhost] [Nginx] [4f8afc2689243991dcede77ebc8b25c8]
http://avax.beefy.finance:8084 [403] [GET] [text/html] [403 Forbidden] [nginx] [vhost] [Nginx] [4f8afc2689243991dcede77ebc8b25c8]
http://avax.beefy.finance:8085 [403] [GET] [text/html] [403 Forbidden] [nginx] [vhost] [Nginx] [4f8afc2689243991dcede77ebc8b25c8]
http://beefy.finance:2082 [301] [GET] [] [] [cloudflare] [vhost] [cloudflare] [Cloudflare,Cloudflare Network Error Logging] [d41d8cd98f00b204e9800998ecf8427e]
http://beefy.finance:8080 [301] [GET] [] [] [cloudflare] [vhost] [cloudflare] [Cloudflare,Cloudflare Network Error Logging] [d41d8cd98f00b204e9800998ecf8427e]
http://beefy.finance:8880 [301] [GET] [] [] [cloudflare] [vhost] [cloudflare] [Cloudflare,Cloudflare Network Error Logging] [d41d8cd98f00b204e9800998ecf8427e]
http://blog.beefy.finance:2082 [301] [GET] [] [] [cloudflare] [vhost] [cloudflare] [Cloudflare,Cloudflare Network Error Logging] [d41d8cd98f00b204e9800998ecf8427e]
http://blog.beefy.finance:2086 [301] [GET] [] [] [cloudflare] [vhost] [cloudflare] [Cloudflare,Cloudflare Network Error Logging] [d41d8cd98f00b204e9800998ecf8427e]
http://blog.beefy.finance:8080 [301] [GET] [] [] [cloudflare] [vhost] [cloudflare] [Cloudflare,Cloudflare Network Error Logging] [d41d8cd98f00b204e9800998ecf8427e]
http://blog.beefy.finance:8880 [301] [GET] [] [] [cloudflare] [vhost] [cloudflare] [Cloudflare,Cloudflare Network Error Logging] [d41d8cd98f00b204e9800998ecf8427e]
http://dashboard.beefy.finance:2082 [301] [GET] [] [] [cloudflare] [vhost] [cloudflare] [Cloudflare,Cloudflare Network Error Logging] [d41d8cd98f00b204e9800998ecf8427e]
http://dashboard.beefy.finance:8080 [301] [GET] [] [] [cloudflare] [vhost] [cloudflare] [Cloudflare,Cloudflare Network Error Logging] [d41d8cd98f00b204e9800998ecf8427e]
http://dashboard.beefy.finance:8880 [301] [GET] [] [] [cloudflare] [vhost] [cloudflare] [Cloudflare,Cloudflare Network Error Logging] [d41d8cd98f00b204e9800998ecf8427e]
http://data.beefy.finance:2082 [301] [GET] [] [] [cloudflare] [vhost] [cloudflare] [Cloudflare,Cloudflare Network Error Logging] [d41d8cd98f00b204e9800998ecf8427e]
http://data.beefy.finance:2083 [400] [GET] [text/html] [400 The plain HTTP request was sent to HTTPS port] [cloudflare] [cloudflare] [Cloudflare] [cd58783500d7fa3c58f88eb0ba22f4f8]
http://data.beefy.finance:2086 [301] [GET] [] [] [cloudflare] [vhost] [cloudflare] [Cloudflare,Cloudflare Network Error Logging] [d41d8cd98f00b204e9800998ecf8427e]
http://data.beefy.finance:2087 [400] [GET] [text/html] [400 The plain HTTP request was sent to HTTPS port] [cloudflare] [cloudflare] [Cloudflare] [20ad84d030031252141ca0b3fc0183f0]
http://data.beefy.finance:2096 [400] [GET] [text/html] [400 The plain HTTP request was sent to HTTPS port] [cloudflare] [cloudflare] [Cloudflare] [cd58783500d7fa3c58f88eb0ba22f4f8]
http://data.beefy.finance:8080 [301] [GET] [] [] [cloudflare] [vhost] [cloudflare] [Cloudflare,Cloudflare Network Error Logging] [d41d8cd98f00b204e9800998ecf8427e]
http://data.beefy.finance:8443 [400] [GET] [text/html] [400 The plain HTTP request was sent to HTTPS port] [cloudflare] [cloudflare] [Cloudflare] [cd58783500d7fa3c58f88eb0ba22f4f8]
http://data.beefy.finance:8880 [301] [GET] [] [] [cloudflare] [vhost] [cloudflare] [Cloudflare,Cloudflare Network Error Logging] [d41d8cd98f00b204e9800998ecf8427e]
http://docs.beefy.finance:2082 [302] [GET] [] [] [cloudflare] [vhost] [cloudflare] [Cloudflare] [d41d8cd98f00b204e9800998ecf8427e]
http://docs.beefy.finance:2086 [302] [GET] [] [] [cloudflare] [vhost] [cloudflare] [Cloudflare] [d41d8cd98f00b204e9800998ecf8427e]
http://docs.beefy.finance:8080 [302] [GET] [] [] [cloudflare] [vhost] [cloudflare] [Cloudflare] [d41d8cd98f00b204e9800998ecf8427e]
http://docs.beefy.finance:8880 [302] [GET] [] [] [cloudflare] [vhost] [cloudflare] [Cloudflare] [d41d8cd98f00b204e9800998ecf8427e]
http://fantom.beefy.finance:8082 [403] [GET] [text/html] [403 Forbidden] [nginx] [vhost] [Nginx] [4f8afc2689243991dcede77ebc8b25c8]
http://fantom.beefy.finance:8084 [403] [GET] [text/html] [403 Forbidden] [nginx] [vhost] [Nginx] [4f8afc2689243991dcede77ebc8b25c8]
http://fantom.beefy.finance:8085 [403] [GET] [text/html] [403 Forbidden] [nginx] [vhost] [Nginx] [4f8afc2689243991dcede77ebc8b25c8]
http://gear.beefy.finance:2052 [403] [GET] [text/html] [Attention Required! | Cloudflare] [cloudflare] [Cloudflare,Cloudflare Network Error Logging] [e650cc6349d357a17d67e3b25151c7f1]
http://gear.beefy.finance:2082 [403] [GET] [text/html] [Attention Required! | Cloudflare] [cloudflare] [Cloudflare,Cloudflare Network Error Logging] [247b222556588484196708a1c6ada22b]
http://gear.beefy.finance:2086 [403] [GET] [text/html] [Attention Required! | Cloudflare] [cloudflare] [Cloudflare,Cloudflare Network Error Logging] [157acbaf9c86ece2f8afaaf538e37086]
http://gear.beefy.finance:2095 [403] [GET] [text/html] [Attention Required! | Cloudflare] [cloudflare] [Cloudflare,Cloudflare Network Error Logging] [99817f19141161adadfc5c286d791528]
http://gear.beefy.finance:8080 [403] [GET] [text/html] [Attention Required! | Cloudflare] [cloudflare] [Cloudflare,Cloudflare Network Error Logging] [59221daeca51b63920923beb212a90e7]
http://gear.beefy.finance:8880 [403] [GET] [text/html] [Attention Required! | Cloudflare] [cloudflare] [Cloudflare,Cloudflare Network Error Logging] [64c92b4827b5f8c16b8351eb2b0023d4]
http://gov.beefy.finance:2082 [301] [GET] [] [] [cloudflare] [vhost] [cloudflare] [Cloudflare,Cloudflare Network Error Logging] [d41d8cd98f00b204e9800998ecf8427e]
http://gov.beefy.finance:2083 [400] [GET] [text/html] [400 The plain HTTP request was sent to HTTPS port] [cloudflare] [cloudflare] [Cloudflare] [20ad84d030031252141ca0b3fc0183f0]
http://gov.beefy.finance:2086 [301] [GET] [] [] [cloudflare] [vhost] [cloudflare] [Cloudflare,Cloudflare Network Error Logging] [d41d8cd98f00b204e9800998ecf8427e]
http://gov.beefy.finance:2087 [400] [GET] [text/html] [400 The plain HTTP request was sent to HTTPS port] [cloudflare] [cloudflare] [Cloudflare] [20ad84d030031252141ca0b3fc0183f0]
http://gov.beefy.finance:2096 [400] [GET] [text/html] [400 The plain HTTP request was sent to HTTPS port] [cloudflare] [cloudflare] [Cloudflare] [cd58783500d7fa3c58f88eb0ba22f4f8]
http://gov.beefy.finance:8080 [301] [GET] [] [] [cloudflare] [vhost] [cloudflare] [Cloudflare,Cloudflare Network Error Logging] [d41d8cd98f00b204e9800998ecf8427e]
http://gov.beefy.finance:8443 [400] [GET] [text/html] [400 The plain HTTP request was sent to HTTPS port] [cloudflare] [cloudflare] [Cloudflare] [cd58783500d7fa3c58f88eb0ba22f4f8]
http://gov.beefy.finance:8880 [301] [GET] [] [] [cloudflare] [vhost] [cloudflare] [Cloudflare,Cloudflare Network Error Logging] [d41d8cd98f00b204e9800998ecf8427e]
http://heco.beefy.finance:8082 [403] [GET] [text/html] [403 Forbidden] [nginx] [vhost] [Nginx] [4f8afc2689243991dcede77ebc8b25c8]
http://heco.beefy.finance:8084 [403] [GET] [text/html] [403 Forbidden] [nginx] [vhost] [Nginx] [4f8afc2689243991dcede77ebc8b25c8]
http://heco.beefy.finance:8085 [403] [GET] [text/html] [403 Forbidden] [nginx] [vhost] [Nginx] [4f8afc2689243991dcede77ebc8b25c8]
http://legacy.beefy.finance:2082 [301] [GET] [] [] [cloudflare] [vhost] [cloudflare] [Cloudflare,Cloudflare Network Error Logging] [d41d8cd98f00b204e9800998ecf8427e]
http://legacy.beefy.finance:8080 [301] [GET] [] [] [cloudflare] [vhost] [cloudflare] [Cloudflare,Cloudflare Network Error Logging] [d41d8cd98f00b204e9800998ecf8427e]
http://legacy.beefy.finance:8880 [301] [GET] [] [] [cloudflare] [vhost] [cloudflare] [Cloudflare,Cloudflare Network Error Logging] [d41d8cd98f00b204e9800998ecf8427e]
http://polygon.beefy.finance:8082 [403] [GET] [text/html] [403 Forbidden] [nginx] [vhost] [Nginx] [4f8afc2689243991dcede77ebc8b25c8]
http://polygon.beefy.finance:8084 [403] [GET] [text/html] [403 Forbidden] [nginx] [vhost] [Nginx] [4f8afc2689243991dcede77ebc8b25c8]
http://polygon.beefy.finance:8085 [403] [GET] [text/html] [403 Forbidden] [nginx] [vhost] [Nginx] [4f8afc2689243991dcede77ebc8b25c8]
https://allowance.beefy.finance:1935 [403] [GET] [application/octet-stream] [] [nginx] [Nginx] [086d9069069ed62de536cbd4f326d0a9]
https://allowance.beefy.finance [200] [GET] [text/html] [BSC Allowance] [BunnyCDN-SIL-915] [vhost] [Bunny,Cloudflare,IPFS] [3f8b6d0d60d04da2231d1b1f6555676b]
https://api.beefy.finance [200] [GET] [text/plain] [] [cloudflare] [vhost] [cloudflare] [Cloudflare,Cloudflare Network Error Logging,Heroku] [e0aa021e21dddbd6d8cecec71e9cf564]
https://app.beefy.finance [200] [GET] [text/html] [Beefy Finance] [cloudflare] [vhost] [cloudflare] [Cloudflare,Cloudflare Network Error Logging,Google Font API] [0fd6dd6dc85b7dd6df9c8b1ad683854c]
https://app.beefy.finance [200] [GET] [text/html] [Beefy Finance] [cloudflare] [vhost] [cloudflare] [Cloudflare,Cloudflare Network Error Logging,Google Font API] [bf9c63d386e67575f0d780df6f331f53]
https://app.beefy.finance:2083 [200] [GET] [text/html] [Beefy Finance] [cloudflare] [vhost] [cloudflare] [Cloudflare,Cloudflare Network Error Logging,Google Font API] [90e588166183949d304f6b42de49fb33]
https://app.beefy.finance:2087 [200] [GET] [text/html] [Beefy Finance] [cloudflare] [vhost] [cloudflare] [Cloudflare,Cloudflare Network Error Logging,Google Font API] [f681485c7dddab8d3e7c501e026b2e53]
https://app.beefy.finance:2096 [200] [GET] [text/html] [Beefy Finance] [cloudflare] [vhost] [cloudflare] [Cloudflare,Cloudflare Network Error Logging,Google Font API] [a605023e3a979c90e4366c55d9010039]
https://app.beefy.finance:8443 [200] [GET] [text/html] [Beefy Finance] [cloudflare] [vhost] [cloudflare] [Cloudflare,Cloudflare Network Error Logging,Google Font API] [5d8e621f71ebc6343b66d3f5894c8d03]
https://avax.beefy.finance:1935 [403] [GET] [application/octet-stream] [] [nginx] [Nginx] [086d9069069ed62de536cbd4f326d0a9]
https://avax.beefy.finance [200] [GET] [text/html] [Beefy Finance] [BunnyCDN-IL-807] [vhost] [Bunny,IPFS,Typekit] [cfd06d6216d92c39e10115b055120bfc]
https://beefy.finance [200] [GET] [text/html] [Beefy Finance] [cloudflare] [vhost] [cloudflare] [Cloudflare,Cloudflare Network Error Logging,Gatsby:4.18.2,React,webpack] [df60f77f7294cc69cba3e884d2ad528c]
https://beefy.finance [200] [GET] [text/html] [Beefy Finance] [cloudflare] [vhost] [cloudflare] [Cloudflare,Cloudflare Network Error Logging,Gatsby:4.18.2,React,webpack] [f70f03611b6dc0d82ea2884bc7182860]
https://beefy.finance:2083 [200] [GET] [text/html] [Beefy Finance] [cloudflare] [vhost] [cloudflare] [Cloudflare,Cloudflare Network Error Logging,Gatsby:4.18.2,React,webpack] [a867110adcb69ec243b79395ac331fc3]
https://beefy.finance:2087 [200] [GET] [text/html] [Beefy Finance] [cloudflare] [vhost] [cloudflare] [Cloudflare,Cloudflare Network Error Logging,Gatsby:4.18.2,React,webpack] [6c4d4e4d415aa1e87f5b1b149be606d7]
https://beefy.finance:8443 [200] [GET] [text/html] [Beefy Finance] [cloudflare] [vhost] [cloudflare] [Cloudflare,Cloudflare Network Error Logging,Gatsby:4.18.2,React,webpack] [70342e574d080e18999db25f5cd70d73]
https://beta.beefy.finance:1935 [403] [GET] [application/octet-stream] [] [nginx] [Nginx] [086d9069069ed62de536cbd4f326d0a9]
https://beta.beefy.finance [200] [GET] [text/html] [Beefy Finance] [BunnyCDN-SIL-915] [vhost] [Bunny,Google Font API,IPFS] [9eaf56929f3cdb147cb17841bdbd1809]
https://blog.beefy.finance:2083 [301] [GET] [] [] [cloudflare] [vhost] [cloudflare] [Cloudflare,Cloudflare Network Error Logging] [d41d8cd98f00b204e9800998ecf8427e]
https://blog.beefy.finance:2087 [301] [GET] [] [] [cloudflare] [vhost] [cloudflare] [Cloudflare,Cloudflare Network Error Logging] [d41d8cd98f00b204e9800998ecf8427e]
https://blog.beefy.finance:2096 [301] [GET] [] [] [cloudflare] [vhost] [cloudflare] [Cloudflare,Cloudflare Network Error Logging] [d41d8cd98f00b204e9800998ecf8427e]
https://blog.beefy.finance [301] [GET] [] [] [cloudflare] [vhost] [cloudflare] [Cloudflare,Cloudflare Network Error Logging] [d41d8cd98f00b204e9800998ecf8427e]
https://blog.beefy.finance:8443 [301] [GET] [] [] [cloudflare] [vhost] [cloudflare] [Cloudflare,Cloudflare Network Error Logging] [d41d8cd98f00b204e9800998ecf8427e]
https://dashboard.beefy.finance [200] [GET] [text/html] [dashboard.beefy.finance] [cloudflare] [vhost] [cloudflare] [Cloudflare,Cloudflare Network Error Logging,Typekit] [81099eb4249ab89bd14ce4db93638f52]
https://dashboard.beefy.finance [200] [GET] [text/html] [dashboard.beefy.finance] [cloudflare] [vhost] [cloudflare] [Cloudflare,Cloudflare Network Error Logging,Typekit] [87b79441b73344ab2fde595ef735be69]
https://dashboard.beefy.finance:2083 [200] [GET] [text/html] [dashboard.beefy.finance] [cloudflare] [vhost] [cloudflare] [Cloudflare,Cloudflare Network Error Logging,Typekit] [c511b2b26ebcfbd129bb8e8321c5ec45]
https://dashboard.beefy.finance:2087 [200] [GET] [text/html] [dashboard.beefy.finance] [cloudflare] [vhost] [cloudflare] [Cloudflare,Cloudflare Network Error Logging,Typekit] [38ec86ec504b5f3b95de25029c68ad24]
https://dashboard.beefy.finance:8443 [200] [GET] [text/html] [dashboard.beefy.finance] [cloudflare] [vhost] [cloudflare] [Cloudflare,Cloudflare Network Error Logging,Typekit] [a72effbb94d41d0cdf5a7735e60317c4]
https://data.beefy.finance [200] [GET] [text/plain] [] [cloudflare] [vhost] [cloudflare] [Cloudflare,Cloudflare Network Error Logging,Heroku] [e0aa021e21dddbd6d8cecec71e9cf564]
https://docs.beefy.finance [200] [GET] [text/html] [Overview - Beefy.com] [cloudflare] [vhost] [cloudflare] [Algolia,Cloudflare,Google Cloud,Google Cloud Trace,React] [f88e59c3ba91919aae38a9b6057e8b84]
https://docs.beefy.finance:2083 [200] [GET] [text/html] [Overview - Beefy.com] [cloudflare] [vhost] [cloudflare] [Algolia,Cloudflare,Google Cloud,Google Cloud Trace,React] [10455d65a0c95128570b77cb08fd92dc]
https://docs.beefy.finance:2087 [200] [GET] [text/html] [Overview - Beefy.com] [cloudflare] [vhost] [cloudflare] [Algolia,Cloudflare,Google Cloud,Google Cloud Trace,React] [b18bb4104ceb1ad69d8b560fd16a9f53]
https://docs.beefy.finance:2096 [200] [GET] [text/html] [Overview - Beefy.com] [cloudflare] [vhost] [cloudflare] [Algolia,Cloudflare,Google Cloud,Google Cloud Trace,React] [30e4ab74779acb6aade538b2332b6478]
https://docs.beefy.finance:8443 [200] [GET] [text/html] [Overview - Beefy.com] [cloudflare] [vhost] [cloudflare] [Algolia,Cloudflare,Google Cloud,Google Cloud Trace,React] [e76e5234842af7e6444c528b733c2461]
https://fantom.beefy.finance:1935 [403] [GET] [application/octet-stream] [] [nginx] [Nginx] [086d9069069ed62de536cbd4f326d0a9]
https://fantom.beefy.finance [200] [GET] [text/html] [Beefy Finance] [BunnyCDN-SIL-915] [vhost] [Bunny,IPFS,Typekit] [cfd06d6216d92c39e10115b055120bfc]
https://gear.beefy.finance [200] [GET] [text/html] [Beefy Gear, the official Beefy Finance merch store.] [cloudflare] [vhost] [Cloudflare,Cloudflare Network Error Logging,Shopify] [23515f1b27b0702dc0fd02d29aff4757]
https://gear.beefy.finance:2053 [403] [GET] [text/html] [Attention Required! | Cloudflare] [cloudflare] [vhost] [Cloudflare,Cloudflare Network Error Logging] [116426b033be94562f673835b3a8007c]
https://gear.beefy.finance:2083 [403] [GET] [text/html] [Attention Required! | Cloudflare] [cloudflare] [vhost] [Cloudflare,Cloudflare Network Error Logging] [8e740400e00ff5dd988870e62355e6b7]
https://gear.beefy.finance:2087 [403] [GET] [text/html] [Attention Required! | Cloudflare] [cloudflare] [vhost] [Cloudflare,Cloudflare Network Error Logging] [303a62f8299664ecb878da2a1881b62e]
https://gear.beefy.finance:2096 [403] [GET] [text/html] [Attention Required! | Cloudflare] [cloudflare] [vhost] [Cloudflare,Cloudflare Network Error Logging] [ce5efaa0a3316b8721e1b322f6cec55f]
https://gear.beefy.finance:8443 [403] [GET] [text/html] [Attention Required! | Cloudflare] [cloudflare] [vhost] [Cloudflare,Cloudflare Network Error Logging] [8799b30446130e58639586baaba1a530]
https://gov.beefy.finance [200] [GET] [text/html] [gov.beefy.finance] [cloudflare] [vhost] [cloudflare] [Cloudflare,Cloudflare Network Error Logging,Typekit,Vercel] [aaad6296c7a731ad77c5c5577452009f]
https://gov.beefy.finance [200] [GET] [text/html] [gov.beefy.finance] [cloudflare] [vhost] [cloudflare] [Cloudflare,Cloudflare Network Error Logging,Typekit,Vercel] [b7eef6a357ff5123a8c941e2a427cdd5]
https://heco.beefy.finance:1935 [403] [GET] [application/octet-stream] [] [nginx] [Nginx] [086d9069069ed62de536cbd4f326d0a9]
https://heco.beefy.finance [200] [GET] [text/html] [Beefy Finance] [BunnyCDN-SIL-915] [vhost] [Bunny,IPFS,Typekit] [cfd06d6216d92c39e10115b055120bfc]
https://legacy.beefy.finance [200] [GET] [text/html] [Beefy Finance] [cloudflare] [vhost] [cloudflare] [Cloudflare,Cloudflare Network Error Logging,Typekit] [765070486dda0dcb2a7a75343d2406aa]
https://legacy.beefy.finance [200] [GET] [text/html] [Beefy Finance] [cloudflare] [vhost] [cloudflare] [Cloudflare,Cloudflare Network Error Logging,Typekit] [e9b1e3da3a78ffc4bdcc5b75f961e511]
https://legacy.beefy.finance:2083 [200] [GET] [text/html] [Beefy Finance] [cloudflare] [vhost] [cloudflare] [Cloudflare,Cloudflare Network Error Logging,Typekit] [5b17cc0bc9970f43a9ef7da11bc1b7b7]
https://legacy.beefy.finance:2087 [200] [GET] [text/html] [Beefy Finance] [cloudflare] [vhost] [cloudflare] [Cloudflare,Cloudflare Network Error Logging,Typekit] [b86f46007d933f670c1a55343be96eb2]
https://legacy.beefy.finance:8443 [200] [GET] [text/html] [Beefy Finance] [cloudflare] [vhost] [cloudflare] [Cloudflare,Cloudflare Network Error Logging,Typekit] [f2c88b981cfb051efd65b45f26d4ac50]
https://polygon.beefy.finance:1935 [403] [GET] [application/octet-stream] [] [nginx] [Nginx] [086d9069069ed62de536cbd4f326d0a9]
https://polygon.beefy.finance [200] [GET] [text/html] [Beefy Finance] [BunnyCDN-SIL-915] [vhost] [Bunny,IPFS,Typekit] [cfd06d6216d92c39e10115b055120bfc]
https://v1.beefy.finance [200] [GET] [text/html] [Beefy Finance] [cloudflare] [vhost] [cloudflare] [Cloudflare,Cloudflare Network Error Logging,Typekit] [02dc0310c3603e8f938e9ac07bd89e9e]
https://v1.beefy.finance [200] [GET] [text/html] [Beefy Finance] [cloudflare] [vhost] [cloudflare] [Cloudflare,Cloudflare Network Error Logging,Typekit] [a009105a1a188ec28ad84af61d6c4d5a]
https://v1.beefy.finance:2083 [200] [GET] [text/html] [Beefy Finance] [cloudflare] [vhost] [cloudflare] [Cloudflare,Cloudflare Network Error Logging,Typekit] [a6d6a43679de85e57c79980e263750dc]
https://v1.beefy.finance:2087 [200] [GET] [text/html] [Beefy Finance] [cloudflare] [vhost] [cloudflare] [Cloudflare,Cloudflare Network Error Logging,Typekit] [20d9199a3494c2954c3ac0c1a539358b]
https://v1.beefy.finance:8443 [200] [GET] [text/html] [Beefy Finance] [cloudflare] [vhost] [cloudflare] [Cloudflare,Cloudflare Network Error Logging,Typekit] [332cd06a48b687e6c458704e59ca42fd]
https://vote-archive.beefy.finance [200] [GET] [text/html] [vote.beefy.finance] [Vercel] [vhost] [Typekit,Vercel] [f6728f9b876ff89bc0a6dabf24c209fe]
https://vote.beefy.finance [200] [GET] [text/html] [Snapshot] [cloudflare] [vhost] [cloudflare] [Cloudflare,Cloudflare Network Error Logging,IPFS] [36475c419c6df433307969bb33632ef8]
https://vote.beefy.finance [200] [GET] [text/html] [Snapshot] [cloudflare] [vhost] [cloudflare] [Cloudflare,Cloudflare Network Error Logging,IPFS] [e563adcdf1917b62861d9055288fdf19]
https://vote.beefy.finance:2083 [521] [GET] [] [] [cloudflare] [vhost] [cloudflare] [Cloudflare,Cloudflare Network Error Logging] [d41d8cd98f00b204e9800998ecf8427e]
https://vote.beefy.finance:2087 [521] [GET] [] [] [cloudflare] [vhost] [cloudflare] [Cloudflare,Cloudflare Network Error Logging] [d41d8cd98f00b204e9800998ecf8427e]
https://vote.beefy.finance:8443 [521] [GET] [] [] [cloudflare] [vhost] [cloudflare] [Cloudflare,Cloudflare Network Error Logging] [d41d8cd98f00b204e9800998ecf8427e]
https://www.beefy.finance:2083 [301] [GET] [] [] [cloudflare] [vhost] [cloudflare] [Cloudflare,Cloudflare Network Error Logging] [d41d8cd98f00b204e9800998ecf8427e]
https://www.beefy.finance:2087 [301] [GET] [] [] [cloudflare] [vhost] [cloudflare] [Cloudflare,Cloudflare Network Error Logging] [d41d8cd98f00b204e9800998ecf8427e]
https://www.beefy.finance [301] [GET] [] [] [cloudflare] [vhost] [cloudflare] [Cloudflare,Cloudflare Network Error Logging] [d41d8cd98f00b204e9800998ecf8427e]
https://www.beefy.finance:8443 [301] [GET] [] [] [cloudflare] [vhost] [cloudflare] [Cloudflare,Cloudflare Network Error Logging] [d41d8cd98f00b204e9800998ecf8427e]
http://v1.beefy.finance:2082 [301] [GET] [] [] [cloudflare] [vhost] [cloudflare] [Cloudflare,Cloudflare Network Error Logging] [d41d8cd98f00b204e9800998ecf8427e]
http://v1.beefy.finance:8080 [301] [GET] [] [] [cloudflare] [vhost] [cloudflare] [Cloudflare,Cloudflare Network Error Logging] [d41d8cd98f00b204e9800998ecf8427e]
http://v1.beefy.finance:8880 [301] [GET] [] [] [cloudflare] [vhost] [cloudflare] [Cloudflare,Cloudflare Network Error Logging] [d41d8cd98f00b204e9800998ecf8427e]
http://vote.beefy.finance:2082 [301] [GET] [] [] [cloudflare] [vhost] [cloudflare] [Cloudflare,Cloudflare Network Error Logging] [d41d8cd98f00b204e9800998ecf8427e]
http://vote.beefy.finance:8080 [301] [GET] [] [] [cloudflare] [vhost] [cloudflare] [Cloudflare,Cloudflare Network Error Logging] [d41d8cd98f00b204e9800998ecf8427e]
http://vote.beefy.finance:8880 [301] [GET] [] [] [cloudflare] [vhost] [cloudflare] [Cloudflare,Cloudflare Network Error Logging] [d41d8cd98f00b204e9800998ecf8427e]
http://www.beefy.finance:2082 [301] [GET] [] [] [cloudflare] [vhost] [cloudflare] [Cloudflare,Cloudflare Network Error Logging] [d41d8cd98f00b204e9800998ecf8427e]
http://www.beefy.finance:8080 [301] [GET] [] [] [cloudflare] [vhost] [cloudflare] [Cloudflare,Cloudflare Network Error Logging] [d41d8cd98f00b204e9800998ecf8427e]
http://www.beefy.finance:8880 [301] [GET] [] [] [cloudflare] [vhost] [cloudflare] [Cloudflare,Cloudflare Network Error Logging] [d41d8cd98f00b204e9800998ecf8427e]
