http://benddao.xyz:2083 [400] [GET] [text/html] [400 The plain HTTP request was sent to HTTPS port] [cloudflare] [cloudflare] [Cloudflare] [cd58783500d7fa3c58f88eb0ba22f4f8]
http://benddao.xyz:2087 [400] [GET] [text/html] [400 The plain HTTP request was sent to HTTPS port] [cloudflare] [cloudflare] [Cloudflare] [cd58783500d7fa3c58f88eb0ba22f4f8]
http://benddao.xyz:8443 [400] [GET] [text/html] [400 The plain HTTP request was sent to HTTPS port] [cloudflare] [cloudflare] [Cloudflare] [cd58783500d7fa3c58f88eb0ba22f4f8]
http://bend-goservice-mainnet.benddao.xyz:2083 [400] [GET] [text/html] [400 The plain HTTP request was sent to HTTPS port] [cloudflare] [cloudflare] [Cloudflare] [20ad84d030031252141ca0b3fc0183f0]
http://bend-goservice-mainnet.benddao.xyz:2087 [400] [GET] [text/html] [400 The plain HTTP request was sent to HTTPS port] [cloudflare] [cloudflare] [Cloudflare] [cd58783500d7fa3c58f88eb0ba22f4f8]
http://bend-goservice-rinkeby.benddao.xyz:2083 [400] [GET] [text/html] [400 The plain HTTP request was sent to HTTPS port] [cloudflare] [cloudflare] [Cloudflare] [20ad84d030031252141ca0b3fc0183f0]
http://bend-goservice-rinkeby.benddao.xyz:2087 [400] [GET] [text/html] [400 The plain HTTP request was sent to HTTPS port] [cloudflare] [cloudflare] [Cloudflare] [20ad84d030031252141ca0b3fc0183f0]
http://bend-nft-info.benddao.xyz:2083 [400] [GET] [text/html] [400 The plain HTTP request was sent to HTTPS port] [cloudflare] [cloudflare] [Cloudflare] [20ad84d030031252141ca0b3fc0183f0]
http://bend-nft-info.benddao.xyz:2087 [400] [GET] [text/html] [400 The plain HTTP request was sent to HTTPS port] [cloudflare] [cloudflare] [Cloudflare] [cd58783500d7fa3c58f88eb0ba22f4f8]
http://bend-nft-info.benddao.xyz:8443 [400] [GET] [text/html] [400 The plain HTTP request was sent to HTTPS port] [cloudflare] [cloudflare] [Cloudflare] [cd58783500d7fa3c58f88eb0ba22f4f8]
http://bend-subgraph-mainnet.benddao.xyz:2083 [400] [GET] [text/html] [400 The plain HTTP request was sent to HTTPS port] [cloudflare] [cloudflare] [Cloudflare] [cd58783500d7fa3c58f88eb0ba22f4f8]
http://bend-subgraph-mainnet.benddao.xyz:2087 [400] [GET] [text/html] [400 The plain HTTP request was sent to HTTPS port] [cloudflare] [cloudflare] [Cloudflare] [20ad84d030031252141ca0b3fc0183f0]
http://bend-subgraph-rinkeby.benddao.xyz:2087 [400] [GET] [text/html] [400 The plain HTTP request was sent to HTTPS port] [cloudflare] [cloudflare] [Cloudflare] [cd58783500d7fa3c58f88eb0ba22f4f8]
http://cms.benddao.xyz:2083 [400] [GET] [text/html] [400 The plain HTTP request was sent to HTTPS port] [cloudflare] [cloudflare] [Cloudflare] [cd58783500d7fa3c58f88eb0ba22f4f8]
http://cms.benddao.xyz:2087 [400] [GET] [text/html] [400 The plain HTTP request was sent to HTTPS port] [cloudflare] [cloudflare] [Cloudflare] [cd58783500d7fa3c58f88eb0ba22f4f8]
http://cms-dev.benddao.xyz:2083 [400] [GET] [text/html] [400 The plain HTTP request was sent to HTTPS port] [cloudflare] [cloudflare] [Cloudflare] [cd58783500d7fa3c58f88eb0ba22f4f8]
http://cms-dev.benddao.xyz:2087 [400] [GET] [text/html] [400 The plain HTTP request was sent to HTTPS port] [cloudflare] [cloudflare] [Cloudflare] [20ad84d030031252141ca0b3fc0183f0]
http://develop.benddao.xyz:2083 [400] [GET] [text/html] [400 The plain HTTP request was sent to HTTPS port] [cloudflare] [cloudflare] [Cloudflare] [20ad84d030031252141ca0b3fc0183f0]
http://develop.benddao.xyz:2087 [400] [GET] [text/html] [400 The plain HTTP request was sent to HTTPS port] [cloudflare] [cloudflare] [Cloudflare] [cd58783500d7fa3c58f88eb0ba22f4f8]
http://develop.benddao.xyz:8443 [400] [GET] [text/html] [400 The plain HTTP request was sent to HTTPS port] [cloudflare] [cloudflare] [Cloudflare] [cd58783500d7fa3c58f88eb0ba22f4f8]
http://docs.benddao.xyz:2082 [302] [GET] [] [] [cloudflare] [vhost] [cloudflare] [Cloudflare,Cloudflare Network Error Logging] [d41d8cd98f00b204e9800998ecf8427e]
http://docs.benddao.xyz:2083 [400] [GET] [text/html] [400 The plain HTTP request was sent to HTTPS port] [cloudflare] [cloudflare] [Cloudflare] [20ad84d030031252141ca0b3fc0183f0]
http://docs.benddao.xyz:2086 [302] [GET] [] [] [cloudflare] [vhost] [cloudflare] [Cloudflare,Cloudflare Network Error Logging] [d41d8cd98f00b204e9800998ecf8427e]
http://docs.benddao.xyz:2087 [400] [GET] [text/html] [400 The plain HTTP request was sent to HTTPS port] [cloudflare] [cloudflare] [Cloudflare] [20ad84d030031252141ca0b3fc0183f0]
http://docs.benddao.xyz:8080 [302] [GET] [] [] [cloudflare] [vhost] [cloudflare] [Cloudflare,Cloudflare Network Error Logging] [d41d8cd98f00b204e9800998ecf8427e]
http://forum.benddao.xyz:2083 [400] [GET] [text/html] [400 The plain HTTP request was sent to HTTPS port] [cloudflare] [cloudflare] [Cloudflare] [20ad84d030031252141ca0b3fc0183f0]
http://forum.benddao.xyz:2087 [400] [GET] [text/html] [400 The plain HTTP request was sent to HTTPS port] [cloudflare] [cloudflare] [Cloudflare] [20ad84d030031252141ca0b3fc0183f0]
http://governance.benddao.xyz:2083 [400] [GET] [text/html] [400 The plain HTTP request was sent to HTTPS port] [cloudflare] [cloudflare] [Cloudflare] [20ad84d030031252141ca0b3fc0183f0]
http://governance.benddao.xyz:2087 [400] [GET] [text/html] [400 The plain HTTP request was sent to HTTPS port] [cloudflare] [cloudflare] [Cloudflare] [cd58783500d7fa3c58f88eb0ba22f4f8]
http://looksrare-api-rinkeby.benddao.xyz:2083 [400] [GET] [text/html] [400 The plain HTTP request was sent to HTTPS port] [cloudflare] [cloudflare] [Cloudflare] [20ad84d030031252141ca0b3fc0183f0]
http://looksrare-api-rinkeby.benddao.xyz:2087 [400] [GET] [text/html] [400 The plain HTTP request was sent to HTTPS port] [cloudflare] [cloudflare] [Cloudflare] [20ad84d030031252141ca0b3fc0183f0]
http://main.benddao.xyz:2083 [400] [GET] [text/html] [400 The plain HTTP request was sent to HTTPS port] [cloudflare] [cloudflare] [Cloudflare] [cd58783500d7fa3c58f88eb0ba22f4f8]
http://main.benddao.xyz:2087 [400] [GET] [text/html] [400 The plain HTTP request was sent to HTTPS port] [cloudflare] [cloudflare] [Cloudflare] [20ad84d030031252141ca0b3fc0183f0]
http://rinkeby.benddao.xyz:2083 [400] [GET] [text/html] [400 The plain HTTP request was sent to HTTPS port] [cloudflare] [cloudflare] [Cloudflare] [cd58783500d7fa3c58f88eb0ba22f4f8]
http://rinkeby.benddao.xyz:2087 [400] [GET] [text/html] [400 The plain HTTP request was sent to HTTPS port] [cloudflare] [cloudflare] [Cloudflare] [20ad84d030031252141ca0b3fc0183f0]
https://benddao.xyz [308] [GET] [text/plain] [] [cloudflare] [vhost] [cloudflare] [Cloudflare,Cloudflare Network Error Logging,Vercel] [25723118003ff888d85eab6bf8be9800]
https://bend-goservice-mainnet.benddao.xyz [404] [GET] [text/plain] [] [cloudflare] [vhost] [cloudflare] [Cloudflare,Cloudflare Network Error Logging] [595e88012a6521aae3e12cbebe76eb9e]
https://bend-goservice-rinkeby.benddao.xyz [404] [GET] [text/plain] [] [cloudflare] [vhost] [cloudflare] [Cloudflare,Cloudflare Network Error Logging] [53af239ee5d3e261545dededcb6ffd57]
https://bend-nft-info.benddao.xyz [404] [GET] [text/plain] [] [cloudflare] [vhost] [cloudflare] [Cloudflare,Cloudflare Network Error Logging] [595e88012a6521aae3e12cbebe76eb9e]
https://bend-subgraph-mainnet.benddao.xyz [200] [GET] [text/plain] [] [cloudflare] [vhost] [cloudflare] [Cloudflare,Cloudflare Network Error Logging] [75a2fe556e01f4f2478f5919e3db0314]
https://bend-subgraph-rinkeby.benddao.xyz [200] [GET] [text/plain] [] [cloudflare] [vhost] [cloudflare] [Cloudflare,Cloudflare Network Error Logging] [75a2fe556e01f4f2478f5919e3db0314]
https://bend-subgraph-rinkeby.benddao.xyz:2083 [403] [GET] [text/plain] [] [cloudflare] [vhost] [cloudflare] [Cloudflare,Cloudflare Network Error Logging] [4f20b85ce5ebf225720e040314a7966a]
https://cms.benddao.xyz [200] [GET] [text/html] [Welcome to your Strapi app] [cloudflare] [vhost] [cloudflare] [Amazon S3,Amazon Web Services,Cloudflare,Cloudflare Network Error Logging,Google Font API,Strapi] [0432a6a32cccda27a3c367621a361752]
https://cms.benddao.xyz [200] [GET] [text/html] [Welcome to your Strapi app] [cloudflare] [vhost] [cloudflare] [Amazon S3,Amazon Web Services,Cloudflare,Cloudflare Network Error Logging,Google Font API,Strapi] [13cc905a860eb820c08303bf0e1ccfa4]
https://cms-dev.benddao.xyz [200] [GET] [text/html] [Welcome to your Strapi app] [cloudflare] [vhost] [cloudflare] [Amazon S3,Amazon Web Services,Cloudflare,Cloudflare Network Error Logging,Google Font API,Strapi] [0432a6a32cccda27a3c367621a361752]
https://cms-dev.benddao.xyz [200] [GET] [text/html] [Welcome to your Strapi app] [cloudflare] [vhost] [cloudflare] [Amazon S3,Amazon Web Services,Cloudflare,Cloudflare Network Error Logging,Google Font API,Strapi] [359e4a08d7462a27d91c6e3529a47c88]
https://develop.benddao.xyz [200] [GET] [text/html] [BendDAO - Best WEB3 Data Liquidity] [cloudflare] [vhost] [cloudflare] [Cloudflare,Cloudflare Network Error Logging,React,Vercel] [ea39ccce1e6e8b1e60795e2868baa96a]
https://docs.benddao.xyz [302] [GET] [text/plain] [] [cloudflare] [vhost] [cloudflare] [Algolia,Cloudflare,Cloudflare Network Error Logging,Google Cloud,Google Cloud Trace] [a52f3bb01ab088c076c6f67f8c1594ea]
https://forum.benddao.xyz [200] [GET] [text/html] [] [cloudflare] [vhost] [cloudflare] [Cloudflare,Cloudflare Network Error Logging] [9bc5fbb3ee99ee2f7b80cbf148acbd87]
https://governance.benddao.xyz [200] [GET] [text/html] [BendDAO - BendDAO - Your Web3 Data Liquidity] [cloudflare] [vhost] [cloudflare] [Cloudflare,Cloudflare Network Error Logging,Discourse,Ruby on Rails] [a64f417b2b97261a3cca31afbf940c6c]
https://looksrare-api-rinkeby.benddao.xyz [404] [GET] [application/json] [] [cloudflare] [vhost] [cloudflare] [Cloudflare,Cloudflare Network Error Logging] [843dd51ac5345d2c84f5f636c9e0b299]
https://main.benddao.xyz [301] [GET] [text/plain] [] [cloudflare] [vhost] [cloudflare] [Cloudflare,Cloudflare Network Error Logging,Vercel] [571056bfc08a9a2dec33855853a7e994]
https://rinkeby.benddao.xyz [200] [GET] [text/html] [BendDAO - Best WEB3 Data Liquidity] [cloudflare] [vhost] [cloudflare] [Cloudflare,Cloudflare Network Error Logging,React,Vercel] [6162fcfe109ac0945333159a1292ea60]
https://testnet.benddao.xyz [200] [GET] [text/html] [BendDAO - Best WEB3 Data Liquidity] [cloudflare] [vhost] [cloudflare] [Cloudflare,Cloudflare Network Error Logging,React,Vercel] [6162fcfe109ac0945333159a1292ea60]
https://ws-bend-subgraph-mainnet.benddao.xyz [502] [GET] [text/plain] [] [cloudflare] [vhost] [cloudflare] [Cloudflare,Cloudflare Network Error Logging] [50eeaf590dac7639a660d8ba98d009d8]
https://ws-bend-subgraph-rinkeby.benddao.xyz [502] [GET] [text/plain] [] [cloudflare] [vhost] [cloudflare] [Cloudflare,Cloudflare Network Error Logging] [50eeaf590dac7639a660d8ba98d009d8]
https://www.benddao.xyz [200] [GET] [text/html] [BendDAO - Best WEB3 Data Liquidity] [cloudflare] [vhost] [cloudflare] [Cloudflare,Cloudflare Network Error Logging,React,Vercel] [3af7ff739223438c76fb970e5e721792]
https://www.benddao.xyz:2083 [403] [GET] [text/plain] [] [cloudflare] [vhost] [cloudflare] [Cloudflare,Cloudflare Network Error Logging] [4f20b85ce5ebf225720e040314a7966a]
http://testnet.benddao.xyz:2083 [400] [GET] [text/html] [400 The plain HTTP request was sent to HTTPS port] [cloudflare] [cloudflare] [Cloudflare] [cd58783500d7fa3c58f88eb0ba22f4f8]
http://testnet.benddao.xyz:2087 [400] [GET] [text/html] [400 The plain HTTP request was sent to HTTPS port] [cloudflare] [cloudflare] [Cloudflare] [cd58783500d7fa3c58f88eb0ba22f4f8]
http://ws-bend-subgraph-mainnet.benddao.xyz:2083 [400] [GET] [text/html] [400 The plain HTTP request was sent to HTTPS port] [cloudflare] [cloudflare] [Cloudflare] [20ad84d030031252141ca0b3fc0183f0]
http://ws-bend-subgraph-mainnet.benddao.xyz:2087 [400] [GET] [text/html] [400 The plain HTTP request was sent to HTTPS port] [cloudflare] [cloudflare] [Cloudflare] [20ad84d030031252141ca0b3fc0183f0]
http://ws-bend-subgraph-rinkeby.benddao.xyz:2083 [400] [GET] [text/html] [400 The plain HTTP request was sent to HTTPS port] [cloudflare] [cloudflare] [Cloudflare] [cd58783500d7fa3c58f88eb0ba22f4f8]
http://ws-bend-subgraph-rinkeby.benddao.xyz:2087 [400] [GET] [text/html] [400 The plain HTTP request was sent to HTTPS port] [cloudflare] [cloudflare] [Cloudflare] [20ad84d030031252141ca0b3fc0183f0]
http://www.benddao.xyz:2087 [400] [GET] [text/html] [400 The plain HTTP request was sent to HTTPS port] [cloudflare] [cloudflare] [Cloudflare] [20ad84d030031252141ca0b3fc0183f0]
