http://mail.berush.com [301] [GET] [text/html] [301 Moved] [ghs] [vhost] [e35bd021125cc163ffb8aad9ea4d85b9]
http://networkled.berush.com [301] [GET] [text/html] [] [] [google] [d41d8cd98f00b204e9800998ecf8427e]
http://nyxnyx.berush.com [301] [GET] [text/html] [] [] [google] [d41d8cd98f00b204e9800998ecf8427e]
http://pimp.berush.com [301] [GET] [text/html] [] [] [google] [d41d8cd98f00b204e9800998ecf8427e]
http://pm.berush.com [301] [GET] [text/html] [] [] [google] [d41d8cd98f00b204e9800998ecf8427e]
https://01-fizz-buzz.berush.com [545] [GET] [text/html] [Just a moment] [] [google] [Google Cloud,Google Cloud CDN] [e2478ad7aee3a0e5868fbd7daa48dc49]
https://01-fizz-buzz.berush.com [545] [GET] [text/html] [Just a moment] [] [google] [Google Cloud,Google Cloud CDN] [ebaacf1f9227b0d46eae9ff096de53d4]
https://060-class-as-a-module.berush.com [545] [GET] [text/html] [Just a moment] [] [google] [Google Cloud,Google Cloud CDN] [396f23c01eca806a1e3e8f0e852797fd]
https://060-class-as-a-module.berush.com [545] [GET] [text/html] [Just a moment] [] [google] [Google Cloud,Google Cloud CDN] [9f5c34e80d6d4f73fe92042d40307455]
https://10-semtix-server.berush.com [545] [GET] [text/html] [Just a moment] [] [google] [Google Cloud,Google Cloud CDN] [41ae09e5da6327b2c5a5588493cf8782]
https://10-semtix-server.berush.com [545] [GET] [text/html] [Just a moment] [] [google] [Google Cloud,Google Cloud CDN] [948a57938549ee9828af018c2948eb1d]
https://120-32-1.berush.com [545] [GET] [text/html] [Just a moment] [] [google] [Google Cloud,Google Cloud CDN] [13a691336ab3eacb1b32c5153ea7f838]
https://120-32-1.berush.com [545] [GET] [text/html] [Just a moment] [] [google] [Google Cloud,Google Cloud CDN] [921f265057a0a85d3b48102e5c1232ec]
https://2016-04-20-androidtestexample.berush.com [545] [GET] [text/html] [Just a moment] [] [google] [Google Cloud,Google Cloud CDN] [0d8f84807bfd1827a725637aeeb562de]
https://2016-04-20-androidtestexample.berush.com [545] [GET] [text/html] [Just a moment] [] [google] [Google Cloud,Google Cloud CDN] [4ced32dff1af6780a4503883be17e88b]
https://39m.berush.com [545] [GET] [text/html] [Just a moment] [] [google] [Google Cloud,Google Cloud CDN] [708e56dc1706d1b5277d0d002808ff20]
https://39m.berush.com [545] [GET] [text/html] [Just a moment] [] [google] [Google Cloud,Google Cloud CDN] [7f787f266ca8588a6c20d5b55451cb79]
https://8d-local.berush.com [545] [GET] [text/html] [Just a moment] [] [google] [Google Cloud,Google Cloud CDN] [cebb155f94f805a0e1eb1f712d5a3bc1]
https://8d-local.berush.com [545] [GET] [text/html] [Just a moment] [] [google] [Google Cloud,Google Cloud CDN] [fed1d6c420ad864d41265ada9961d11a]
https://account.berush.com [545] [GET] [text/html] [Just a moment] [] [google] [Google Cloud,Google Cloud CDN] [1cde0213b522b67f550bd0d6ac1bf881]
https://account.berush.com [545] [GET] [text/html] [Just a moment] [] [google] [Google Cloud,Google Cloud CDN] [694be10955449c7a7910199542b8c124]
https://aeskulab.berush.com [545] [GET] [text/html] [Just a moment] [] [google] [Google Cloud,Google Cloud CDN] [168a6157245ffda90ade18b30ccd6f88]
https://aeskulab.berush.com [545] [GET] [text/html] [Just a moment] [] [google] [Google Cloud,Google Cloud CDN] [87ce103cb5be2d87f1dd566b062371ef]
https://agentmodel.berush.com [545] [GET] [text/html] [Just a moment] [] [google] [Google Cloud,Google Cloud CDN] [04c1a7902b8ce16de14c7afef374010b]
https://agentmodel.berush.com [545] [GET] [text/html] [Just a moment] [] [google] [Google Cloud,Google Cloud CDN] [8a6e86516a6403594a0ba2c1f27db75a]
https://ampcentral-cvsroot.berush.com [545] [GET] [text/html] [Just a moment] [] [google] [Google Cloud,Google Cloud CDN] [98fe4188a185a6c63e992e551a00b903]
https://ampcentral-cvsroot.berush.com [545] [GET] [text/html] [Just a moment] [] [google] [Google Cloud,Google Cloud CDN] [fbab2fe138d4776be5a9173813ef8f8e]
https://apd4wubk3ei0psiwrz82w74sux8weyq4.berush.com [545] [GET] [text/html] [Just a moment] [] [google] [Google Cloud,Google Cloud CDN] [eb19e6828b4d30801d8f13c865d888dc]
https://apd4wubk3ei0psiwrz82w74sux8weyq4.berush.com [545] [GET] [text/html] [Just a moment] [] [google] [Google Cloud,Google Cloud CDN] [ef7afc508926ce09bfbc0b9689fc06d1]
https://api.berush.com [545] [GET] [text/html] [Just a moment] [] [google] [Google Cloud,Google Cloud CDN] [f7d942aa71033c1952ec9cff6a1d1626]
https://api.berush.com [545] [GET] [text/html] [Just a moment] [] [google] [Google Cloud,Google Cloud CDN] [f847650afb3038b1cc3622c676f4db9e]
https://apieu.berush.com [545] [GET] [text/html] [Just a moment] [] [google] [Google Cloud,Google Cloud CDN] [03d4751823c81bec9daaf9382741ccb2]
https://apieu.berush.com [545] [GET] [text/html] [Just a moment] [] [google] [Google Cloud,Google Cloud CDN] [f135967d6c1a79a5775af0efafc86810]
https://apiv1.berush.com [545] [GET] [text/html] [Just a moment] [] [google] [Google Cloud,Google Cloud CDN] [4bde8106931a89bfa9ab278ed4ba8861]
https://apiv1.berush.com [545] [GET] [text/html] [Just a moment] [] [google] [Google Cloud,Google Cloud CDN] [9e0c61132cfae90bde903679ea8bdc37]
https://au2file.berush.com [545] [GET] [text/html] [Just a moment] [] [google] [Google Cloud,Google Cloud CDN] [5f31060f8a0b57633df3943b8281e175]
https://au2file.berush.com [545] [GET] [text/html] [Just a moment] [] [google] [Google Cloud,Google Cloud CDN] [b85867fadc036eae18743001b120c303]
https://azurehelloworld.berush.com [545] [GET] [text/html] [Just a moment] [] [google] [Google Cloud,Google Cloud CDN] [0dac5e478a52df89f34e3e8da01aedec]
https://azurehelloworld.berush.com [545] [GET] [text/html] [Just a moment] [] [google] [Google Cloud,Google Cloud CDN] [c51aabc76584df57cab31ee0ee481e44]
https://bandcampy.berush.com [545] [GET] [text/html] [Just a moment] [] [google] [Google Cloud,Google Cloud CDN] [09e9dbea6efa7399891dccac0f740fdb]
https://bandcampy.berush.com [545] [GET] [text/html] [Just a moment] [] [google] [Google Cloud,Google Cloud CDN] [e4b3422c784bb7a08a3b96565fac3f4d]
https://basiccompose.berush.com [545] [GET] [text/html] [Just a moment] [] [google] [Google Cloud,Google Cloud CDN] [28631c98fa6aed9014029c4c4cd8a458]
https://basiccompose.berush.com [545] [GET] [text/html] [Just a moment] [] [google] [Google Cloud,Google Cloud CDN] [511d4e1cd212a9c2190ac65e07d6073f]
https://bbboutique.berush.com [545] [GET] [text/html] [Just a moment] [] [google] [Google Cloud,Google Cloud CDN] [51637c72bf3be00ab2408d2a7c8bfec3]
https://bbboutique.berush.com [545] [GET] [text/html] [Just a moment] [] [google] [Google Cloud,Google Cloud CDN] [858f71b2714ba31106aa5567c49dcf3e]
https://benchtop.berush.com [545] [GET] [text/html] [Just a moment] [] [google] [Google Cloud,Google Cloud CDN] [1b9108ebfd46424b4bbc0809e0ff0029]
https://benchtop.berush.com [545] [GET] [text/html] [Just a moment] [] [google] [Google Cloud,Google Cloud CDN] [dd69a3b16adb2bc06f305d1cf848b547]
https://berush.com [301] [GET] [text/html] [301 Moved Permanently] [] [vhost] [google] [Google Cloud,Google Cloud CDN] [4f8e702cc244ec5d4de32740c0ecbd97]
https://beta.berush.com [545] [GET] [text/html] [Just a moment] [] [google] [Google Cloud,Google Cloud CDN] [54ab1f07d186001a22e3da38860fe24d]
https://beta.berush.com [545] [GET] [text/html] [Just a moment] [] [google] [Google Cloud,Google Cloud CDN] [f6db34c113ecdcf9065a679d35fbb03e]
https://beta.mall.berush.com [545] [GET] [text/html] [Just a moment] [] [google] [Google Cloud,Google Cloud CDN] [5fa012d060753bcb7215062b602b90eb]
https://beta.mall.berush.com [545] [GET] [text/html] [Just a moment] [] [google] [Google Cloud,Google Cloud CDN] [7fd1e5b68237abcd3557dd6d00a45cba]
https://bnpparibas.berush.com [545] [GET] [text/html] [Just a moment] [] [google] [Google Cloud,Google Cloud CDN] [1d12702638e12d7a77f4437c87dcf6ec]
https://bnpparibas.berush.com [545] [GET] [text/html] [Just a moment] [] [google] [Google Cloud,Google Cloud CDN] [4016c5c750ca9addf30f1945fdc6a74e]
https://boardadd.berush.com [545] [GET] [text/html] [Just a moment] [] [google] [Google Cloud,Google Cloud CDN] [9d0671fc75f3b1b104794e5f230f30a2]
https://boardadd.berush.com [545] [GET] [text/html] [Just a moment] [] [google] [Google Cloud,Google Cloud CDN] [e865c5ba78a88efc8dee9cbc39b87ad7]
https://button-cropped.berush.com [545] [GET] [text/html] [Just a moment] [] [google] [Google Cloud,Google Cloud CDN] [6fac5b47c1d6b4c3f4b35e0d9d860dc0]
https://button-cropped.berush.com [545] [GET] [text/html] [Just a moment] [] [google] [Google Cloud,Google Cloud CDN] [f55e9a9d05be88b2510fa36f73dc2bfc]
https://cbraille.berush.com [545] [GET] [text/html] [Just a moment] [] [google] [Google Cloud,Google Cloud CDN] [09c8f40e28d0ba9d33770981cae996c5]
https://cbraille.berush.com [545] [GET] [text/html] [Just a moment] [] [google] [Google Cloud,Google Cloud CDN] [7045217740abb2c567b0d368d8b2b228]
https://cf.berush.com [444] [GET] [application/octet-stream] [] [nginx] [google] [Google Cloud,Google Cloud CDN,Nginx] [7c6fe72defe971cf2eae2a4d5d585241]
https://cf-lax1.berush.com [545] [GET] [text/html] [Just a moment] [] [google] [Google Cloud,Google Cloud CDN] [78ab9a23d9b00e54adfb65d901e5258d]
https://cf-lax1.berush.com [545] [GET] [text/html] [Just a moment] [] [google] [Google Cloud,Google Cloud CDN] [9a5aca4b8779603717dbbf77e88f5747]
https://common-graphics.berush.com [545] [GET] [text/html] [Just a moment] [] [google] [Google Cloud,Google Cloud CDN] [f1f73466bc06f92c52308691f95294da]
https://common-graphics.berush.com [545] [GET] [text/html] [Just a moment] [] [google] [Google Cloud,Google Cloud CDN] [f65e904e48bcb073954d8bb29bf68999]
https://content-exposition.berush.com [545] [GET] [text/html] [Just a moment] [] [google] [Google Cloud,Google Cloud CDN] [173105d212e4ece40f3e4030042dbf30]
https://content-exposition.berush.com [545] [GET] [text/html] [Just a moment] [] [google] [Google Cloud,Google Cloud CDN] [dc3de6b183096c35120ab5f637e3e4d4]
https://converttored.berush.com [545] [GET] [text/html] [Just a moment] [] [google] [Google Cloud,Google Cloud CDN] [3274e9bd0725fb3d9fde121ecd8f01de]
https://converttored.berush.com [545] [GET] [text/html] [Just a moment] [] [google] [Google Cloud,Google Cloud CDN] [3c3f72e7b7ad3cfca1d6aec71a0ade0e]
https://correlatedvariants.berush.com [545] [GET] [text/html] [Just a moment] [] [google] [Google Cloud,Google Cloud CDN] [395e006d229ba9672170eb6ec8e0b49c]
https://correlatedvariants.berush.com [545] [GET] [text/html] [Just a moment] [] [google] [Google Cloud,Google Cloud CDN] [b909fb131d94dff7bce8caa3bfd6d769]
https://ctmirror.berush.com [545] [GET] [text/html] [Just a moment] [] [google] [Google Cloud,Google Cloud CDN] [0a80afc2fb345087ac09935870b6bee9]
https://ctmirror.berush.com [545] [GET] [text/html] [Just a moment] [] [google] [Google Cloud,Google Cloud CDN] [36a07e61df01c9df4b934f9a0215a061]
https://cubesatreleaseconcept.berush.com [545] [GET] [text/html] [Just a moment] [] [google] [Google Cloud,Google Cloud CDN] [4d881d62004f8a5c6f6ad65cea01bb03]
https://cubesatreleaseconcept.berush.com [545] [GET] [text/html] [Just a moment] [] [google] [Google Cloud,Google Cloud CDN] [b3a0bf8a0f00d6cabcbcdf3a80779962]
https://cusmanhofex01.cu.berush.com [545] [GET] [text/html] [Just a moment] [] [google] [Google Cloud,Google Cloud CDN] [92bcef6d77e2e542310dbbc7bb141760]
https://cusmanhofex01.cu.berush.com [545] [GET] [text/html] [Just a moment] [] [google] [Google Cloud,Google Cloud CDN] [f5ea07335c82f0a17d440bd1c40cc462]
https://dao-repository.berush.com [545] [GET] [text/html] [Just a moment] [] [google] [Google Cloud,Google Cloud CDN] [6ca31115875e659d8af6f3bdf34b53e0]
https://dao-repository.berush.com [545] [GET] [text/html] [Just a moment] [] [google] [Google Cloud,Google Cloud CDN] [efbc7a57cbbffc6011f40cce2ff06930]
https://datamash.berush.com [545] [GET] [text/html] [Just a moment] [] [google] [Google Cloud,Google Cloud CDN] [2a809b03f0ae95aef82ade7210f5531e]
https://datamash.berush.com [545] [GET] [text/html] [Just a moment] [] [google] [Google Cloud,Google Cloud CDN] [d15f36c429730d753786080da07e4d16]
https://decoderserial.berush.com [545] [GET] [text/html] [Just a moment] [] [google] [Google Cloud,Google Cloud CDN] [4e8ec74f6500d21f5366d461dce5a7a7]
https://decoderserial.berush.com [545] [GET] [text/html] [Just a moment] [] [google] [Google Cloud,Google Cloud CDN] [c7ffff41322ab8f41b4f8a765d5f1de8]
https://demoopencart.berush.com [545] [GET] [text/html] [Just a moment] [] [google] [Google Cloud,Google Cloud CDN] [62873ad2600e631f211388582f4a517b]
https://demoopencart.berush.com [545] [GET] [text/html] [Just a moment] [] [google] [Google Cloud,Google Cloud CDN] [b306373b192e4e8dc3ca29326f0624a3]
https://depject.berush.com [545] [GET] [text/html] [Just a moment] [] [google] [Google Cloud,Google Cloud CDN] [04f93c6a7e10ffedbe65bfd4988e65ec]
https://depject.berush.com [545] [GET] [text/html] [Just a moment] [] [google] [Google Cloud,Google Cloud CDN] [8523b862b1a16b9f932b13b2f3185e27]
https://deploy-virtualmachine.berush.com [545] [GET] [text/html] [Just a moment] [] [google] [Google Cloud,Google Cloud CDN] [030e3380d57b8ddfd8ac1c62f3d8df3f]
https://deploy-virtualmachine.berush.com [545] [GET] [text/html] [Just a moment] [] [google] [Google Cloud,Google Cloud CDN] [9069b840b3bf4f38c0e925c6286c6c4b]
https://device2763935-f647228d-local.berush.com [545] [GET] [text/html] [Just a moment] [] [google] [Google Cloud,Google Cloud CDN] [10671e4c6781fb9adcf6c2c01ff95f49]
https://device2763935-f647228d-local.berush.com [545] [GET] [text/html] [Just a moment] [] [google] [Google Cloud,Google Cloud CDN] [e6839bfa729f8f9344bb8f23cb761609]
https://domrob-ote.berush.com [545] [GET] [text/html] [Just a moment] [] [google] [Google Cloud,Google Cloud CDN] [09c743a93acca4bc573ab2a4d9fae721]
https://domrob-ote.berush.com [545] [GET] [text/html] [Just a moment] [] [google] [Google Cloud,Google Cloud CDN] [6219c88f062d15e41d41becc4abcd293]
https://editor-webapp.berush.com [545] [GET] [text/html] [Just a moment] [] [google] [Google Cloud,Google Cloud CDN] [08fccd5774ee8d1c2f7d96c9b415029f]
https://editor-webapp.berush.com [545] [GET] [text/html] [Just a moment] [] [google] [Google Cloud,Google Cloud CDN] [1281a83d701c4d06bf2bc7268647211b]
https://educationandtraining.berush.com [545] [GET] [text/html] [Just a moment] [] [google] [Google Cloud,Google Cloud CDN] [84ec717bed8da8ee0a42888d0a44dcb7]
https://educationandtraining.berush.com [545] [GET] [text/html] [Just a moment] [] [google] [Google Cloud,Google Cloud CDN] [cbb5c9797bcaf011a2b1ffadb1763f0e]
https://egoterm.berush.com [545] [GET] [text/html] [Just a moment] [] [google] [Google Cloud,Google Cloud CDN] [422f1af6b3fbd975af9eb6b1a8b48686]
https://egoterm.berush.com [545] [GET] [text/html] [Just a moment] [] [google] [Google Cloud,Google Cloud CDN] [785cdbbd5a41590a21461d0229e30f67]
https://emplymnt.berush.com [545] [GET] [text/html] [Just a moment] [] [google] [Google Cloud,Google Cloud CDN] [4a9cd21240cb9e9eb9bc81b3f0ce5415]
https://emplymnt.berush.com [545] [GET] [text/html] [Just a moment] [] [google] [Google Cloud,Google Cloud CDN] [b1ca27fdfa2bcbfa1abef3499eb84f1f]
https://en-im.berush.com [545] [GET] [text/html] [Just a moment] [] [google] [Google Cloud,Google Cloud CDN] [2032f4451604b8bbd5e1fd9504398374]
https://en-im.berush.com [545] [GET] [text/html] [Just a moment] [] [google] [Google Cloud,Google Cloud CDN] [cbf3adee31cd779f0db995b0436dc7bb]
https://errorcorrection.berush.com [545] [GET] [text/html] [Just a moment] [] [google] [Google Cloud,Google Cloud CDN] [6450bb23c85d5725e02ce2cb86ecf1f4]
https://errorcorrection.berush.com [545] [GET] [text/html] [Just a moment] [] [google] [Google Cloud,Google Cloud CDN] [aeba3656602be7232792ea08680cd50c]
https://evaluation-web.berush.com [545] [GET] [text/html] [Just a moment] [] [google] [Google Cloud,Google Cloud CDN] [7783e318274e1aa5ea6d0db14af87dcd]
https://evaluation-web.berush.com [545] [GET] [text/html] [Just a moment] [] [google] [Google Cloud,Google Cloud CDN] [b3b294e0eecec1b3f144c96346e8108c]
https://face-eng.berush.com [545] [GET] [text/html] [Just a moment] [] [google] [Google Cloud,Google Cloud CDN] [1edecb6e8ecc1c32148e0e1b4441ed1b]
https://face-eng.berush.com [545] [GET] [text/html] [Just a moment] [] [google] [Google Cloud,Google Cloud CDN] [822a5e0471000d585c242b3af43e2e80]
https://fastqlib.berush.com [545] [GET] [text/html] [Just a moment] [] [google] [Google Cloud,Google Cloud CDN] [7bd9b014e14c826210e28c9797353e17]
https://fastqlib.berush.com [545] [GET] [text/html] [Just a moment] [] [google] [Google Cloud,Google Cloud CDN] [8783243c89269ab2a45d956041e63dc6]
https://fdroidgit.berush.com [545] [GET] [text/html] [Just a moment] [] [google] [Google Cloud,Google Cloud CDN] [d1e58b8fef14831f6cb03b87a96a9e8c]
https://fdroidgit.berush.com [545] [GET] [text/html] [Just a moment] [] [google] [Google Cloud,Google Cloud CDN] [f70677c2afe094b4f0ebcc14761ec8e1]
https://filamentbot.berush.com [545] [GET] [text/html] [Just a moment] [] [google] [Google Cloud,Google Cloud CDN] [15948cd2f55323215f40f01217f4f982]
https://filamentbot.berush.com [545] [GET] [text/html] [Just a moment] [] [google] [Google Cloud,Google Cloud CDN] [732863f3e220bbcdcf0fc21ba9c450a9]
https://generic-schematic-elements.berush.com [545] [GET] [text/html] [Just a moment] [] [google] [Google Cloud,Google Cloud CDN] [784d818c9aa42a6e83108c7f9b6428c5]
https://generic-schematic-elements.berush.com [545] [GET] [text/html] [Just a moment] [] [google] [Google Cloud,Google Cloud CDN] [e8ff11b8bd22aa3c56d15627cf78d2d7]
https://getmime.berush.com [545] [GET] [text/html] [Just a moment] [] [google] [Google Cloud,Google Cloud CDN] [4b8aafb48ecadf8850e85389119e3212]
https://getmime.berush.com [545] [GET] [text/html] [Just a moment] [] [google] [Google Cloud,Google Cloud CDN] [bbde1b761fc60827defaa1ef03667c54]
https://hakbins.berush.com [545] [GET] [text/html] [Just a moment] [] [google] [Google Cloud,Google Cloud CDN] [d94e7e4f0be1b06b8dabb1dc078ad6e6]
https://hakbins.berush.com [545] [GET] [text/html] [Just a moment] [] [google] [Google Cloud,Google Cloud CDN] [f218c93756d0f2e7deae6654858accb5]
https://halma.berush.com [545] [GET] [text/html] [Just a moment] [] [google] [Google Cloud,Google Cloud CDN] [d667cadc7c6da78a5d12ccdb231794e7]
https://halma.berush.com [545] [GET] [text/html] [Just a moment] [] [google] [Google Cloud,Google Cloud CDN] [ed9c03f0c63caa26f89b801c5c6b4c55]
https://hard6.berush.com [545] [GET] [text/html] [Just a moment] [] [google] [Google Cloud,Google Cloud CDN] [8d4eed9c8dadbe0c13727111f530038a]
https://hard6.berush.com [545] [GET] [text/html] [Just a moment] [] [google] [Google Cloud,Google Cloud CDN] [d34267e7ee2203cdf50200847fb3db95]
https://haveapi-fs.berush.com [545] [GET] [text/html] [Just a moment] [] [google] [Google Cloud,Google Cloud CDN] [c7933aa165dd2ef6e329ce18252523e6]
https://haveapi-fs.berush.com [545] [GET] [text/html] [Just a moment] [] [google] [Google Cloud,Google Cloud CDN] [cd4eb81524b1689bb68a663cc1816990]
https://hidestackoverflowdeletedanswers.berush.com [545] [GET] [text/html] [Just a moment] [] [google] [Google Cloud,Google Cloud CDN] [1419131695b3440413a65f7bcc895556]
https://hidestackoverflowdeletedanswers.berush.com [545] [GET] [text/html] [Just a moment] [] [google] [Google Cloud,Google Cloud CDN] [fcb2335a60ef995503ef3a0cade5a3d8]
https://i2cdetect.berush.com [545] [GET] [text/html] [Just a moment] [] [google] [Google Cloud,Google Cloud CDN] [1ad6149169676c5dce002c600def63f8]
https://i2cdetect.berush.com [545] [GET] [text/html] [Just a moment] [] [google] [Google Cloud,Google Cloud CDN] [8639425821e7e36f001ab13366bcdd4c]
https://iapproductinfo.berush.com [545] [GET] [text/html] [Just a moment] [] [google] [Google Cloud,Google Cloud CDN] [1feb4a2b2f00b0a7a3596d5cfcffb55f]
https://iapproductinfo.berush.com [545] [GET] [text/html] [Just a moment] [] [google] [Google Cloud,Google Cloud CDN] [831ca7fddecc4fa56de38f884fab0d04]
https://inductionapplet.berush.com [545] [GET] [text/html] [Just a moment] [] [google] [Google Cloud,Google Cloud CDN] [a884f1a3b73a1d1ca88b297c4cdbada4]
https://inductionapplet.berush.com [545] [GET] [text/html] [Just a moment] [] [google] [Google Cloud,Google Cloud CDN] [c64b8eeb046c4a8d8be1d4ba6c32309e]
https://instalarapachephpmysql.berush.com [545] [GET] [text/html] [Just a moment] [] [google] [Google Cloud,Google Cloud CDN] [0370150ba1e27b378221a074253d4869]
https://instalarapachephpmysql.berush.com [545] [GET] [text/html] [Just a moment] [] [google] [Google Cloud,Google Cloud CDN] [76e15477e436dad2b845ac6af2ebc96c]
https://interactiveplot.berush.com [545] [GET] [text/html] [Just a moment] [] [google] [Google Cloud,Google Cloud CDN] [530a0df40267684cd4ae3cd7d4079973]
https://interactiveplot.berush.com [545] [GET] [text/html] [Just a moment] [] [google] [Google Cloud,Google Cloud CDN] [697f56fd301a4cb03bd61bdf1320cfd5]
https://keymochitests.berush.com [545] [GET] [text/html] [Just a moment] [] [google] [Google Cloud,Google Cloud CDN] [4c2c6a0711e93fd1490ba302005665bd]
https://keymochitests.berush.com [545] [GET] [text/html] [Just a moment] [] [google] [Google Cloud,Google Cloud CDN] [c855175dc7f7d679aa18e537483c0cd4]
https://langfile.berush.com [545] [GET] [text/html] [Just a moment] [] [google] [Google Cloud,Google Cloud CDN] [5ca3c2c97514bec37f83459144c8f764]
https://langfile.berush.com [545] [GET] [text/html] [Just a moment] [] [google] [Google Cloud,Google Cloud CDN] [784071764e7437f61033262777e8bb28]
https://loaddatacustomers.berush.com [545] [GET] [text/html] [Just a moment] [] [google] [Google Cloud,Google Cloud CDN] [9f669e78acacb0e658e1ff72ab6a5947]
https://loaddatacustomers.berush.com [545] [GET] [text/html] [Just a moment] [] [google] [Google Cloud,Google Cloud CDN] [cd5c41addd5dcd103bc82030f643a733]
https://lpviewanimation.berush.com [545] [GET] [text/html] [Just a moment] [] [google] [Google Cloud,Google Cloud CDN] [2b665dbd5c30b71b4224e5a61538f699]
https://lpviewanimation.berush.com [545] [GET] [text/html] [Just a moment] [] [google] [Google Cloud,Google Cloud CDN] [c2e17da2a58aba3e498c2850b1139822]
https://mail.gladiolus.gladiolus-web10755.berush.berush.com [545] [GET] [text/html] [Just a moment] [] [google] [Google Cloud,Google Cloud CDN] [bf26bd7eeff0c420fd6aa46a543e1035]
https://mail.gladiolus.gladiolus-web10755.berush.berush.com [545] [GET] [text/html] [Just a moment] [] [google] [Google Cloud,Google Cloud CDN] [c8dee44dff3aa506cdf978df00db6896]
https://manageronly.berush.com [545] [GET] [text/html] [Just a moment] [] [google] [Google Cloud,Google Cloud CDN] [48d84344792796490f5f024cac7c24e9]
https://manageronly.berush.com [545] [GET] [text/html] [Just a moment] [] [google] [Google Cloud,Google Cloud CDN] [f323c1f65e24ea24c75eaab6661a45c0]
https://media1.berush.com [545] [GET] [text/html] [Just a moment] [] [google] [Google Cloud,Google Cloud CDN] [57b9288f7f3ee6acc406c2dff5901f56]
https://media1.berush.com [545] [GET] [text/html] [Just a moment] [] [google] [Google Cloud,Google Cloud CDN] [e25737c4dfa0867086218d16a82a5630]
https://media.berush.com [545] [GET] [text/html] [Just a moment] [] [google] [Google Cloud,Google Cloud CDN] [94947df369024c0fd2a280b6185d4fbc]
https://media.berush.com [545] [GET] [text/html] [Just a moment] [] [google] [Google Cloud,Google Cloud CDN] [d798d334d8c74aa8a63ba87d4f8a76db]
https://media-net.berush.com [545] [GET] [text/html] [Just a moment] [] [google] [Google Cloud,Google Cloud CDN] [1317f116732b5cca502c76818b7bba39]
https://media-net.berush.com [545] [GET] [text/html] [Just a moment] [] [google] [Google Cloud,Google Cloud CDN] [73907c3de312db8a7fe685112d667900]
https://memwild.berush.com [545] [GET] [text/html] [Just a moment] [] [google] [Google Cloud,Google Cloud CDN] [369fef3cb117f7e96b87846329c35cb3]
https://memwild.berush.com [545] [GET] [text/html] [Just a moment] [] [google] [Google Cloud,Google Cloud CDN] [813f22e883a79303c9e4717b11a077d3]
https://mysql04.kaplast.berush.com [545] [GET] [text/html] [Just a moment] [] [google] [Google Cloud,Google Cloud CDN] [4acef194071666f2f3bb62451caba4cc]
https://mysql04.kaplast.berush.com [545] [GET] [text/html] [Just a moment] [] [google] [Google Cloud,Google Cloud CDN] [8a317221aabfdb826a6e16676c48bad8]
https://netsgiro.berush.com [545] [GET] [text/html] [Just a moment] [] [google] [Google Cloud,Google Cloud CDN] [d600b24ebbc7149ca248d0cbf4695c77]
https://netsgiro.berush.com [545] [GET] [text/html] [Just a moment] [] [google] [Google Cloud,Google Cloud CDN] [dea57d9e54a719de84e137a584880455]
https://networkled.berush.com [545] [GET] [text/html] [Just a moment] [] [google] [Google Cloud,Google Cloud CDN] [e5374b33c60254f2eade9856ddf95884]
https://nightly-2015-05-18.berush.com [545] [GET] [text/html] [Just a moment] [] [google] [Google Cloud,Google Cloud CDN] [18e57f118697fd92fcdae091034a51b3]
https://nightly-2015-05-18.berush.com [545] [GET] [text/html] [Just a moment] [] [google] [Google Cloud,Google Cloud CDN] [b38b6c2fb518df3f9568ca5b77526d0d]
https://novacast.berush.com [545] [GET] [text/html] [Just a moment] [] [google] [Google Cloud,Google Cloud CDN] [01fe3edc9d54c183b7e2a27fa2bc73ef]
https://novacast.berush.com [545] [GET] [text/html] [Just a moment] [] [google] [Google Cloud,Google Cloud CDN] [11c19252f59cc531f105d94f61c606ad]
https://nyxnyx.berush.com [545] [GET] [text/html] [Just a moment] [] [google] [Google Cloud,Google Cloud CDN] [dc363d1025a008f0bbe780acdce5c10e]
https://opensoc-indexing.berush.com [545] [GET] [text/html] [Just a moment] [] [google] [Google Cloud,Google Cloud CDN] [3cc769318a80c9a11b5dddddf4446016]
https://opensoc-indexing.berush.com [545] [GET] [text/html] [Just a moment] [] [google] [Google Cloud,Google Cloud CDN] [5d5a24b0a1799e439b84006dd5a47c0f]
https://page-pipe.berush.com [545] [GET] [text/html] [Just a moment] [] [google] [Google Cloud,Google Cloud CDN] [0a633bb385a0f2b274bd000cfca58a7a]
https://page-pipe.berush.com [545] [GET] [text/html] [Just a moment] [] [google] [Google Cloud,Google Cloud CDN] [27f0a0dbe85656aa762ff05e02e76f93]
https://phystricksmantisse.berush.com [545] [GET] [text/html] [Just a moment] [] [google] [Google Cloud,Google Cloud CDN] [01a5022f8b0a48d838006ab24d8c031b]
https://phystricksmantisse.berush.com [545] [GET] [text/html] [Just a moment] [] [google] [Google Cloud,Google Cloud CDN] [ab5f98c32de3bef603c9ffcc83848c67]
https://pimp.berush.com [545] [GET] [text/html] [Just a moment] [] [google] [Google Cloud,Google Cloud CDN] [5959571796ba203f7a1d663a25368503]
https://pm.berush.com [545] [GET] [text/html] [Just a moment] [] [google] [Google Cloud,Google Cloud CDN] [b99a2459aa773f8550844f9ba0c1599f]
https://polytexnic.berush.com [545] [GET] [text/html] [Just a moment] [] [google] [Google Cloud,Google Cloud CDN] [06892cf238f5f99a584e6f49f1befe3e]
https://polytexnic.berush.com [545] [GET] [text/html] [Just a moment] [] [google] [Google Cloud,Google Cloud CDN] [a21ea29bf392f79cd29e92a2370a7027]
https://privwww.berush.com [545] [GET] [text/html] [Just a moment] [] [google] [Google Cloud,Google Cloud CDN] [c06c48d955f854b939f21282cfa353b8]
https://privwww.berush.com [545] [GET] [text/html] [Just a moment] [] [google] [Google Cloud,Google Cloud CDN] [d1ccc289524faf3d51ae104c9ba0de8d]
https://readmeattachments.berush.com [545] [GET] [text/html] [Just a moment] [] [google] [Google Cloud,Google Cloud CDN] [17d9d94e60f140d069ed7fc1aaf5d8ee]
https://readmeattachments.berush.com [545] [GET] [text/html] [Just a moment] [] [google] [Google Cloud,Google Cloud CDN] [92ba5cf19eea87ada6db652c5c356f55]
https://ru.berush.com [545] [GET] [text/html] [Just a moment] [] [google] [Google Cloud,Google Cloud CDN] [547768c965d6a21e9851a91e906c5af2]
https://ru.berush.com [545] [GET] [text/html] [Just a moment] [] [google] [Google Cloud,Google Cloud CDN] [878be087303e117a8ef24ac5a35ecc50]
https://running8.berush.com [545] [GET] [text/html] [Just a moment] [] [google] [Google Cloud,Google Cloud CDN] [99776f750681aeae0f9aa13880422eda]
https://running8.berush.com [545] [GET] [text/html] [Just a moment] [] [google] [Google Cloud,Google Cloud CDN] [cc0489b59d5e949389d459f0c19c65cd]
https://saveputtywinscp.berush.com [545] [GET] [text/html] [Just a moment] [] [google] [Google Cloud,Google Cloud CDN] [47524dc8663e08218b41f60eb54b0116]
https://saveputtywinscp.berush.com [545] [GET] [text/html] [Just a moment] [] [google] [Google Cloud,Google Cloud CDN] [d21b5dcfe4784985d132d85489fe6b96]
https://seasalt.berush.com [545] [GET] [text/html] [Just a moment] [] [google] [Google Cloud,Google Cloud CDN] [23294feaa9dc9794f4f73eb25d7bef31]
https://seasalt.berush.com [545] [GET] [text/html] [Just a moment] [] [google] [Google Cloud,Google Cloud CDN] [ff2cf784959d22b30e74c7a7eba2c8a3]
https://service255-amy-l-applebaum.berush.com [545] [GET] [text/html] [Just a moment] [] [google] [Google Cloud,Google Cloud CDN] [16374f8a34068904ee0dda5370c9ad81]
https://service255-amy-l-applebaum.berush.com [545] [GET] [text/html] [Just a moment] [] [google] [Google Cloud,Google Cloud CDN] [b3aa9425b50fca76951d1bd6dc2e0bc8]
https://sqlshell.berush.com [545] [GET] [text/html] [Just a moment] [] [google] [Google Cloud,Google Cloud CDN] [4edc7913d2fccae83387246337c3ec6c]
https://sqlshell.berush.com [545] [GET] [text/html] [Just a moment] [] [google] [Google Cloud,Google Cloud CDN] [d31207c0d13246be5ca982d965647210]
https://src2.berush.com [545] [GET] [text/html] [Just a moment] [] [google] [Google Cloud,Google Cloud CDN] [c3597d8aa5fe6a64f6ef2e2e6d90e5b4]
https://src2.berush.com [545] [GET] [text/html] [Just a moment] [] [google] [Google Cloud,Google Cloud CDN] [fff3194589ee31ec074de25b7086b726]
https://stage-120-passed.berush.com [545] [GET] [text/html] [Just a moment] [] [google] [Google Cloud,Google Cloud CDN] [771e364f2b3c0643fc6d4bded1e0fa2e]
https://stage-120-passed.berush.com [545] [GET] [text/html] [Just a moment] [] [google] [Google Cloud,Google Cloud CDN] [d258053a560aa0692f3e295009fe8551]
https://static.berush.com [545] [GET] [text/html] [Just a moment] [] [google] [Google Cloud,Google Cloud CDN] [467b5619f9aadbb1b0bda9fde404ea9b]
https://static.berush.com [545] [GET] [text/html] [Just a moment] [] [google] [Google Cloud,Google Cloud CDN] [56cdf74672c5ae1244d7f2842cfe034d]
https://svgsupport.berush.com [545] [GET] [text/html] [Just a moment] [] [google] [Google Cloud,Google Cloud CDN] [767ddbdea276fabbe0e1262043b4883b]
https://svgsupport.berush.com [545] [GET] [text/html] [Just a moment] [] [google] [Google Cloud,Google Cloud CDN] [f4b165baa8e0120cabb98fd05f1a0f48]
https://swagger-account.berush.com [545] [GET] [text/html] [Just a moment] [] [google] [Google Cloud,Google Cloud CDN] [02836e011f81c4223463ac8665aa2e50]
https://swagger-account.berush.com [545] [GET] [text/html] [Just a moment] [] [google] [Google Cloud,Google Cloud CDN] [0c4d52f4f5a15a8169c24f60b7e12748]
https://t6.berush.com [545] [GET] [text/html] [Just a moment] [] [google] [Google Cloud,Google Cloud CDN] [726f3d7c4f0bb062faa9a5e888c355c4]
https://t6.berush.com [545] [GET] [text/html] [Just a moment] [] [google] [Google Cloud,Google Cloud CDN] [f53a596637f57685df0f4609c092fb6e]
https://tahosting.berush.com [545] [GET] [text/html] [Just a moment] [] [google] [Google Cloud,Google Cloud CDN] [33809be195e90dc0589593d1dd513424]
https://tahosting.berush.com [545] [GET] [text/html] [Just a moment] [] [google] [Google Cloud,Google Cloud CDN] [3667f68b4e0f21016a824294777565c8]
https://teaser.berush.com [545] [GET] [text/html] [Just a moment] [] [google] [Google Cloud,Google Cloud CDN] [405febe9decf55df17915d280d2d3eec]
https://teaser.berush.com [545] [GET] [text/html] [Just a moment] [] [google] [Google Cloud,Google Cloud CDN] [f06d75297d97b54c443d3ec1f1a03270]
https://tei2docx-fn.berush.com [545] [GET] [text/html] [Just a moment] [] [google] [Google Cloud,Google Cloud CDN] [b453da40e944617219baec4d4d330cf6]
https://tei2docx-fn.berush.com [545] [GET] [text/html] [Just a moment] [] [google] [Google Cloud,Google Cloud CDN] [d2806a4d1750b9e1b42fe1470fe04644]
https://terminal-visualizer.berush.com [545] [GET] [text/html] [Just a moment] [] [google] [Google Cloud,Google Cloud CDN] [430095bd04357cb389e4cd5b03a82497]
https://terminal-visualizer.berush.com [545] [GET] [text/html] [Just a moment] [] [google] [Google Cloud,Google Cloud CDN] [73adea63962978865285d857fbbc8899]
https://tesora-dve-install-community.berush.com [545] [GET] [text/html] [Just a moment] [] [google] [Google Cloud,Google Cloud CDN] [8b36475a40027fa42e8c06f82e4a1819]
https://tesora-dve-install-community.berush.com [545] [GET] [text/html] [Just a moment] [] [google] [Google Cloud,Google Cloud CDN] [be55773ccbc61c80c6150b7d84eb7c02]
https://test.berush.com [545] [GET] [text/html] [Just a moment] [] [google] [Google Cloud,Google Cloud CDN] [2bb4ffac91af57a65e0a806e449f7c8d]
https://test.berush.com [545] [GET] [text/html] [Just a moment] [] [google] [Google Cloud,Google Cloud CDN] [856c3307a383e40722644eae47e6355e]
https://test-b-portal.berush.com [545] [GET] [text/html] [Just a moment] [] [google] [Google Cloud,Google Cloud CDN] [53e68e7ce901bdb85f84142462f64183]
https://test-b-portal.berush.com [545] [GET] [text/html] [Just a moment] [] [google] [Google Cloud,Google Cloud CDN] [f7b5ac87a6cdcabf833b4a7fb491c2b8]
https://touchpadhandler.berush.com [545] [GET] [text/html] [Just a moment] [] [google] [Google Cloud,Google Cloud CDN] [414376ab3498215c7860b2a8d0b2d66a]
https://touchpadhandler.berush.com [545] [GET] [text/html] [Just a moment] [] [google] [Google Cloud,Google Cloud CDN] [e07987dbd0f2b27ccb89c87b70d2bbdb]
https://uk-secure.berush.com [545] [GET] [text/html] [Just a moment] [] [google] [Google Cloud,Google Cloud CDN] [3ed8c2cd7f6f229dada5d60de9939e25]
https://uk-secure.berush.com [545] [GET] [text/html] [Just a moment] [] [google] [Google Cloud,Google Cloud CDN] [e65ab61625e9005170a4184b3c6e3fd4]
https://unauthorized.berush.com [545] [GET] [text/html] [Just a moment] [] [google] [Google Cloud,Google Cloud CDN] [022ed9c30222a161fbf6403f59f9d1b4]
https://unauthorized.berush.com [545] [GET] [text/html] [Just a moment] [] [google] [Google Cloud,Google Cloud CDN] [ee8b032c81663147ced71b9c3586822f]
https://vcrurlconnectiontests.berush.com [545] [GET] [text/html] [Just a moment] [] [google] [Google Cloud,Google Cloud CDN] [2740115e3adb7ce8094fe00098610710]
https://vcrurlconnectiontests.berush.com [545] [GET] [text/html] [Just a moment] [] [google] [Google Cloud,Google Cloud CDN] [aedfebb78bdd2ca4d049e888e6a09725]
https://w.berush.com [545] [GET] [text/html] [Just a moment] [] [google] [Google Cloud,Google Cloud CDN] [645e158429ba5d4001fae7725d0dfa30]
https://w.berush.com [545] [GET] [text/html] [Just a moment] [] [google] [Google Cloud,Google Cloud CDN] [7fb1d6cbf04205ef3b7e727e38f3f9fc]
https://wilmgpvpn.berush.com [545] [GET] [text/html] [Just a moment] [] [google] [Google Cloud,Google Cloud CDN] [610adedddb9f6271f2be9074e9c463d6]
https://wilmgpvpn.berush.com [545] [GET] [text/html] [Just a moment] [] [google] [Google Cloud,Google Cloud CDN] [d222c7739f65e921bc68f909e3c11cc2]
https://ww.berush.com [545] [GET] [text/html] [Just a moment] [] [google] [Google Cloud,Google Cloud CDN] [6caeb625cb90203cdeb5c1cdce317de3]
https://ww.berush.com [545] [GET] [text/html] [Just a moment] [] [google] [Google Cloud,Google Cloud CDN] [82a5292011135b2b9a866e7464c10791]
https://www.berush.com [545] [GET] [text/html] [Just a moment] [] [google] [Google Cloud,Google Cloud CDN] [5483f0a338a291924d49df8cff38d162]
https://www.berush.com [545] [GET] [text/html] [Just a moment] [] [google] [Google Cloud,Google Cloud CDN] [8ca493d4d39e99fc69ceaa39c951a5c8]
https://wwwlax.berush.com [545] [GET] [text/html] [Just a moment] [] [google] [Google Cloud,Google Cloud CDN] [21cd1161e2fb616fd9d39c4413511c29]
https://wwwlax.berush.com [545] [GET] [text/html] [Just a moment] [] [google] [Google Cloud,Google Cloud CDN] [4d446414e57053f53f5ce53d96ff3810]
https://xecryption-decrypt.berush.com [545] [GET] [text/html] [Just a moment] [] [google] [Google Cloud,Google Cloud CDN] [7f4a080f1c7ee3e7b766d6a90c8a86ac]
https://xecryption-decrypt.berush.com [545] [GET] [text/html] [Just a moment] [] [google] [Google Cloud,Google Cloud CDN] [9f3d14812361851b619dd046251a8648]
https://xmodmapvim.berush.com [545] [GET] [text/html] [Just a moment] [] [google] [Google Cloud,Google Cloud CDN] [44da544e1df95dcb1b27b2bb92c61e01]
https://xmodmapvim.berush.com [545] [GET] [text/html] [Just a moment] [] [google] [Google Cloud,Google Cloud CDN] [a831b56af74b1ea86f9bd147adbe8714]
https://xrx3o8ervp8nzoxacdbpqmvqtiinmk9v.berush.com [545] [GET] [text/html] [Just a moment] [] [google] [Google Cloud,Google Cloud CDN] [971634f5d7e752df0762bc29d6efa1e1]
https://xrx3o8ervp8nzoxacdbpqmvqtiinmk9v.berush.com [545] [GET] [text/html] [Just a moment] [] [google] [Google Cloud,Google Cloud CDN] [b7c04192ae61e8c47f9d2049a1c3d59e]
