http://account-messaging.betfair.it:8080 [301] [GET] [] [] [cloudflare] [vhost] [cloudflare] [Cloudflare,Cloudflare Bot Management] [d41d8cd98f00b204e9800998ecf8427e]
http://accountservices.betfair.it:8080 [301] [GET] [] [] [cloudflare] [vhost] [cloudflare] [Cloudflare,Cloudflare Bot Management] [d41d8cd98f00b204e9800998ecf8427e]
http://acwbf.betfair.it:8080 [301] [GET] [] [] [cloudflare] [vhost] [cloudflare] [Cloudflare,Cloudflare Bot Management] [d41d8cd98f00b204e9800998ecf8427e]
http://affiliates.betfair.it:2052 [301] [GET] [] [] [cloudflare] [vhost] [cloudflare] [Cloudflare,Cloudflare Bot Management] [d41d8cd98f00b204e9800998ecf8427e]
http://affiliates.betfair.it:2082 [301] [GET] [] [] [cloudflare] [vhost] [cloudflare] [Cloudflare,Cloudflare Bot Management] [d41d8cd98f00b204e9800998ecf8427e]
http://affiliates.betfair.it:2086 [301] [GET] [] [] [cloudflare] [vhost] [cloudflare] [Cloudflare,Cloudflare Bot Management] [d41d8cd98f00b204e9800998ecf8427e]
http://affiliates.betfair.it:8080 [301] [GET] [] [] [cloudflare] [vhost] [cloudflare] [Cloudflare,Cloudflare Bot Management] [d41d8cd98f00b204e9800998ecf8427e]
http://api.betfair.it:8080 [301] [GET] [] [] [cloudflare] [vhost] [cloudflare] [Cloudflare,Cloudflare Bot Management] [d41d8cd98f00b204e9800998ecf8427e]
http://apieds.betfair.it:8080 [301] [GET] [] [] [cloudflare] [vhost] [cloudflare] [Cloudflare,Cloudflare Bot Management] [d41d8cd98f00b204e9800998ecf8427e]
http://apiems.betfair.it:8080 [301] [GET] [] [] [cloudflare] [vhost] [cloudflare] [Cloudflare,Cloudflare Bot Management] [d41d8cd98f00b204e9800998ecf8427e]
http://apiemsios.betfair.it:8080 [301] [GET] [] [] [cloudflare] [vhost] [cloudflare] [Cloudflare,Cloudflare Bot Management] [d41d8cd98f00b204e9800998ecf8427e]
http://apismx.betfair.it:8080 [301] [GET] [] [] [cloudflare] [vhost] [cloudflare] [Cloudflare,Cloudflare Bot Management] [d41d8cd98f00b204e9800998ecf8427e]
http://assets.betfair.it:8080 [301] [GET] [] [] [cloudflare] [vhost] [cloudflare] [Cloudflare,Cloudflare Bot Management] [d41d8cd98f00b204e9800998ecf8427e]
http://betfair.it:2052 [301] [GET] [] [] [cloudflare] [vhost] [cloudflare] [Cloudflare,Cloudflare Bot Management] [d41d8cd98f00b204e9800998ecf8427e]
http://betfair.it:2082 [301] [GET] [] [] [cloudflare] [vhost] [cloudflare] [Cloudflare,Cloudflare Bot Management] [d41d8cd98f00b204e9800998ecf8427e]
http://betfair.it:2086 [301] [GET] [] [] [cloudflare] [vhost] [cloudflare] [Cloudflare,Cloudflare Bot Management] [d41d8cd98f00b204e9800998ecf8427e]
http://betfair.it:8080 [301] [GET] [] [] [cloudflare] [vhost] [cloudflare] [Cloudflare,Cloudflare Bot Management] [d41d8cd98f00b204e9800998ecf8427e]
http://betfair.it:8880 [301] [GET] [] [] [cloudflare] [vhost] [cloudflare] [Cloudflare,Cloudflare Bot Management] [d41d8cd98f00b204e9800998ecf8427e]
http://cashout-exchange.betfair.it:8080 [301] [GET] [] [] [cloudflare] [vhost] [cloudflare] [Cloudflare,Cloudflare Bot Management] [d41d8cd98f00b204e9800998ecf8427e]
http://cashrace.betfair.it:8080 [301] [GET] [] [] [cloudflare] [vhost] [cloudflare] [Cloudflare,Cloudflare Bot Management] [d41d8cd98f00b204e9800998ecf8427e]
http://casino.betfair.it:8080 [301] [GET] [] [] [cloudflare] [vhost] [cloudflare] [Cloudflare,Cloudflare Bot Management] [d41d8cd98f00b204e9800998ecf8427e]
http://cbs.betfair.it:8080 [301] [GET] [] [] [cloudflare] [vhost] [cloudflare] [Cloudflare,Cloudflare Bot Management] [d41d8cd98f00b204e9800998ecf8427e]
http://cro.betfair.it [301] [GET] [] [] [cloudflare] [vhost] [cloudflare] [Cloudflare,Cloudflare Bot Management] [d41d8cd98f00b204e9800998ecf8427e]
http://cro.betfair.it:8080 [301] [GET] [] [] [cloudflare] [vhost] [cloudflare] [Cloudflare,Cloudflare Bot Management] [d41d8cd98f00b204e9800998ecf8427e]
http://ebs-api.betfair.it:8080 [301] [GET] [] [] [cloudflare] [vhost] [cloudflare] [Cloudflare,Cloudflare Bot Management] [d41d8cd98f00b204e9800998ecf8427e]
http://ero.betfair.it:8080 [301] [GET] [] [] [cloudflare] [vhost] [cloudflare] [Cloudflare,Cloudflare Bot Management] [d41d8cd98f00b204e9800998ecf8427e]
http://etx.betfair.it:8080 [301] [GET] [] [] [cloudflare] [vhost] [cloudflare] [Cloudflare,Cloudflare Bot Management] [d41d8cd98f00b204e9800998ecf8427e]
http://fcq-service.betfair.it:8080 [301] [GET] [] [] [cloudflare] [vhost] [cloudflare] [Cloudflare,Cloudflare Bot Management] [d41d8cd98f00b204e9800998ecf8427e]
http://foebf.betfair.it:8080 [301] [GET] [] [] [cloudflare] [vhost] [cloudflare] [Cloudflare,Cloudflare Bot Management] [d41d8cd98f00b204e9800998ecf8427e]
http://gfe.betfair.it:8080 [301] [GET] [] [] [cloudflare] [vhost] [cloudflare] [Cloudflare,Cloudflare Bot Management] [d41d8cd98f00b204e9800998ecf8427e]
http://giocoresponsabile.betfair.it:8080 [301] [GET] [] [] [cloudflare] [vhost] [cloudflare] [Cloudflare,Cloudflare Bot Management] [d41d8cd98f00b204e9800998ecf8427e]
http://gmd.betfair.it:8080 [301] [GET] [] [] [cloudflare] [vhost] [cloudflare] [Cloudflare,Cloudflare Bot Management] [d41d8cd98f00b204e9800998ecf8427e]
http://graphs.betfair.it:8080 [301] [GET] [] [] [cloudflare] [vhost] [cloudflare] [Cloudflare,Cloudflare Bot Management] [d41d8cd98f00b204e9800998ecf8427e]
http://grouting.betfair.it:8080 [301] [GET] [] [] [cloudflare] [vhost] [cloudflare] [Cloudflare,Cloudflare Bot Management] [d41d8cd98f00b204e9800998ecf8427e]
http://identitysso.betfair.it:8080 [301] [GET] [] [] [cloudflare] [vhost] [cloudflare] [Cloudflare,Cloudflare Bot Management] [d41d8cd98f00b204e9800998ecf8427e]
http://ips.betfair.it:8080 [301] [GET] [] [] [cloudflare] [vhost] [cloudflare] [Cloudflare,Cloudflare Bot Management] [d41d8cd98f00b204e9800998ecf8427e]
http://launcher.betfair.it:8080 [301] [GET] [] [] [cloudflare] [vhost] [cloudflare] [Cloudflare,Cloudflare Bot Management] [d41d8cd98f00b204e9800998ecf8427e]
http://lbr.betfair.it:8080 [301] [GET] [] [] [cloudflare] [vhost] [cloudflare] [Cloudflare,Cloudflare Bot Management] [d41d8cd98f00b204e9800998ecf8427e]
http://maintenance.betfair.it:8080 [301] [GET] [] [] [cloudflare] [vhost] [cloudflare] [Cloudflare,Cloudflare Bot Management] [d41d8cd98f00b204e9800998ecf8427e]
http://messaging.betfair.it:8080 [301] [GET] [] [] [cloudflare] [vhost] [cloudflare] [Cloudflare,Cloudflare Bot Management] [d41d8cd98f00b204e9800998ecf8427e]
http://myacc.betfair.it:8080 [301] [GET] [] [] [cloudflare] [vhost] [cloudflare] [Cloudflare,Cloudflare Bot Management] [d41d8cd98f00b204e9800998ecf8427e]
http://myaccount.betfair.it:8080 [301] [GET] [] [] [cloudflare] [vhost] [cloudflare] [Cloudflare,Cloudflare Bot Management] [d41d8cd98f00b204e9800998ecf8427e]
http://myactivity.betfair.it:8080 [301] [GET] [] [] [cloudflare] [vhost] [cloudflare] [Cloudflare,Cloudflare Bot Management] [d41d8cd98f00b204e9800998ecf8427e]
http://myactivity-cdn.betfair.it:8080 [301] [GET] [] [] [cloudflare] [vhost] [cloudflare] [Cloudflare,Cloudflare Bot Management] [d41d8cd98f00b204e9800998ecf8427e]
http://myfunds.betfair.it:8080 [301] [GET] [] [] [cloudflare] [vhost] [cloudflare] [Cloudflare,Cloudflare Bot Management] [d41d8cd98f00b204e9800998ecf8427e]
http://nssbf.betfair.it:8080 [301] [GET] [] [] [cloudflare] [vhost] [cloudflare] [Cloudflare,Cloudflare Bot Management] [d41d8cd98f00b204e9800998ecf8427e]
http://partnerships.betfair.it:8080 [301] [GET] [] [] [cloudflare] [vhost] [cloudflare] [Cloudflare,Cloudflare Bot Management] [d41d8cd98f00b204e9800998ecf8427e]
http://play.betfair.it:8080 [301] [GET] [] [] [cloudflare] [vhost] [cloudflare] [Cloudflare,Cloudflare Bot Management] [d41d8cd98f00b204e9800998ecf8427e]
http://playerprotection.betfair.it:8080 [301] [GET] [] [] [cloudflare] [vhost] [cloudflare] [Cloudflare,Cloudflare Bot Management] [d41d8cd98f00b204e9800998ecf8427e]
http://poker.betfair.it:8080 [301] [GET] [] [] [cloudflare] [vhost] [cloudflare] [Cloudflare,Cloudflare Bot Management] [d41d8cd98f00b204e9800998ecf8427e]
http://pokersg.betfair.it:8080 [301] [GET] [] [] [cloudflare] [vhost] [cloudflare] [Cloudflare,Cloudflare Bot Management] [d41d8cd98f00b204e9800998ecf8427e]
http://pphbf.betfair.it:8080 [301] [GET] [] [] [cloudflare] [vhost] [cloudflare] [Cloudflare,Cloudflare Bot Management] [d41d8cd98f00b204e9800998ecf8427e]
http://promotions.betfair.it:8080 [301] [GET] [] [] [cloudflare] [vhost] [cloudflare] [Cloudflare,Cloudflare Bot Management] [d41d8cd98f00b204e9800998ecf8427e]
http://register.betfair.it:8080 [301] [GET] [] [] [cloudflare] [vhost] [cloudflare] [Cloudflare,Cloudflare Bot Management] [d41d8cd98f00b204e9800998ecf8427e]
https://account-messaging.betfair.it [404] [GET] [] [Service not Found] [cloudflare] [vhost] [cloudflare] [Cloudflare,Cloudflare Bot Management] [c7ed3dffbfd84df8a45f0d1e2113e784]
https://account-messaging.betfair.it:8443 [403] [GET] [text/html] [Attention Required! | Cloudflare] [cloudflare] [vhost] [cloudflare] [Cloudflare,Cloudflare Bot Management] [42382a2a981f20e8c0f68b50162ad214]
https://accountservices.betfair.it [403] [GET] [] [] [cloudflare] [vhost] [cloudflare] [Cloudflare,Cloudflare Bot Management] [d41d8cd98f00b204e9800998ecf8427e]
https://accountservices.betfair.it:8443 [403] [GET] [text/html] [Attention Required! | Cloudflare] [cloudflare] [vhost] [cloudflare] [Cloudflare,Cloudflare Bot Management] [f790f51896ada4fa40bca403a4f5eff3]
https://acwbf.betfair.it [302] [GET] [] [] [cloudflare] [vhost] [cloudflare] [Cloudflare,Cloudflare Bot Management] [d41d8cd98f00b204e9800998ecf8427e]
https://acwbf.betfair.it:8443 [403] [GET] [text/html] [Attention Required! | Cloudflare] [cloudflare] [vhost] [cloudflare] [Cloudflare,Cloudflare Bot Management] [f5c3c15eeb97f8810137cf80ba8fd61e]
https://affiliates.betfair.it:2083 [403] [GET] [text/html] [Attention Required! | Cloudflare] [cloudflare] [vhost] [cloudflare] [Cloudflare,Cloudflare Bot Management] [7376ed2035ebe21979b7974f3e4ab698]
https://affiliates.betfair.it:2087 [403] [GET] [text/html] [Attention Required! | Cloudflare] [cloudflare] [vhost] [cloudflare] [Cloudflare,Cloudflare Bot Management] [d7796ce12558e3e3da3e3e1ec16d3e46]
https://affiliates.betfair.it [302] [GET] [] [] [cloudflare] [vhost] [cloudflare] [Cloudflare,Cloudflare Bot Management] [d41d8cd98f00b204e9800998ecf8427e]
https://affiliates.betfair.it:8443 [403] [GET] [text/html] [Attention Required! | Cloudflare] [cloudflare] [vhost] [cloudflare] [Cloudflare,Cloudflare Bot Management] [ae3054d0fb4c48c82f3f0e06e9ca2cee]
https://api.betfair.it [404] [GET] [] [Service not Found] [cloudflare] [vhost] [cloudflare] [Cloudflare,Cloudflare Bot Management] [c7ed3dffbfd84df8a45f0d1e2113e784]
https://api.betfair.it:8443 [403] [GET] [text/html] [Attention Required! | Cloudflare] [cloudflare] [vhost] [cloudflare] [Cloudflare,Cloudflare Bot Management] [e9c3cf47fe6d127269baa55785094aa5]
https://apieds.betfair.it [403] [GET] [text/html] [Just a moment...] [cloudflare] [vhost] [cloudflare] [Cloudflare,Cloudflare Bot Management] [9e87e8f0c28f47920b988fc0935e392e]
https://apieds.betfair.it [403] [GET] [text/html] [Just a moment...] [cloudflare] [vhost] [cloudflare] [Cloudflare,Cloudflare Bot Management] [ee24f1de6818aa4fdb2c1767c6bd357f]
https://apieds.betfair.it:8443 [403] [GET] [text/html] [Just a moment...] [cloudflare] [vhost] [cloudflare] [Cloudflare,Cloudflare Bot Management] [5b3d34db9bac4c57edd91da5ad2198a8]
https://apiems.betfair.it [403] [GET] [text/html] [Just a moment...] [cloudflare] [vhost] [cloudflare] [Cloudflare,Cloudflare Bot Management] [29055853386daecd2ea70756106c70b0]
https://apiems.betfair.it [403] [GET] [text/html] [Just a moment...] [cloudflare] [vhost] [cloudflare] [Cloudflare,Cloudflare Bot Management] [c88077fa4d740cc15e51c8293aed3aeb]
https://apiems.betfair.it:8443 [403] [GET] [text/html] [Just a moment...] [cloudflare] [vhost] [cloudflare] [Cloudflare,Cloudflare Bot Management] [8b4944957deb1b81c12c42d575612e58]
https://apiemsios.betfair.it [403] [GET] [text/html] [Just a moment...] [cloudflare] [vhost] [cloudflare] [Cloudflare,Cloudflare Bot Management] [35a44a2b0a5960f8ef3c440020ea06ca]
https://apiemsios.betfair.it [403] [GET] [text/html] [Please Wait... | Cloudflare] [cloudflare] [vhost] [cloudflare] [Cloudflare,Cloudflare Bot Management] [0d729fefe0f631d1e356ff1275bbf575]
https://apiemsios.betfair.it:8443 [403] [GET] [text/html] [Just a moment...] [cloudflare] [vhost] [cloudflare] [Cloudflare,Cloudflare Bot Management] [fd3ab4cdbac58ad6627197941100026f]
https://apismx.betfair.it [301] [GET] [text/html] [301 Moved Permanently] [cloudflare] [vhost] [cloudflare] [Cloudflare,Cloudflare Bot Management] [0eadad0c723bbda6e15402821f470c33]
https://apismx.betfair.it [301] [GET] [text/html] [301 Moved Permanently] [cloudflare] [vhost] [cloudflare] [Cloudflare,Cloudflare Bot Management] [a648e9b5335d5acc54aca447a9b22655]
https://apismx.betfair.it:8443 [403] [GET] [text/html] [Attention Required! | Cloudflare] [cloudflare] [vhost] [cloudflare] [Cloudflare,Cloudflare Bot Management] [e6231b8b7c3deec4ac340ac32c7548dc]
https://assets.betfair.it [403] [GET] [text/html] [403 Forbidden] [cloudflare] [vhost] [cloudflare] [Cloudflare,Cloudflare Bot Management] [5c8b238db7979f12402d2189ad16dcb2]
https://assets.betfair.it [403] [GET] [text/html] [403 Forbidden] [cloudflare] [vhost] [cloudflare] [Cloudflare,Cloudflare Bot Management] [ea7ff147f4a2a3dc69dc50dcd82ebed5]
https://assets.betfair.it:8443 [403] [GET] [text/html] [Attention Required! | Cloudflare] [cloudflare] [vhost] [cloudflare] [Cloudflare,Cloudflare Bot Management] [4813ddfa45c5f89aa9829a33364261f9]
https://betfair.it:2083 [301] [GET] [] [] [cloudflare] [vhost] [cloudflare] [Cloudflare,Cloudflare Bot Management] [d41d8cd98f00b204e9800998ecf8427e]
https://betfair.it:2087 [301] [GET] [] [] [cloudflare] [vhost] [cloudflare] [Cloudflare,Cloudflare Bot Management] [d41d8cd98f00b204e9800998ecf8427e]
https://betfair.it:2096 [301] [GET] [] [] [cloudflare] [vhost] [cloudflare] [Cloudflare,Cloudflare Bot Management] [d41d8cd98f00b204e9800998ecf8427e]
https://betfair.it [301] [GET] [] [] [cloudflare] [vhost] [cloudflare] [Cloudflare,Cloudflare Bot Management] [d41d8cd98f00b204e9800998ecf8427e]
https://betfair.it:8443 [301] [GET] [] [] [cloudflare] [vhost] [cloudflare] [Cloudflare,Cloudflare Bot Management] [d41d8cd98f00b204e9800998ecf8427e]
https://cashout-exchange.betfair.it [404] [GET] [] [Service not Found] [cloudflare] [vhost] [cloudflare] [Cloudflare,Cloudflare Bot Management] [c7ed3dffbfd84df8a45f0d1e2113e784]
https://cashout-exchange.betfair.it:8443 [403] [GET] [text/html] [Attention Required! | Cloudflare] [cloudflare] [vhost] [cloudflare] [Cloudflare,Cloudflare Bot Management] [a74c1fc68819f9aed7b3e56c8c84a953]
https://cashrace.betfair.it [200] [GET] [text/html] [Betfair Cash Race] [cloudflare] [vhost] [cloudflare] [Cloudflare,Cloudflare Bot Management,Google Tag Manager] [0de380506271f7bbca35c301efa4f51c]
https://cashrace.betfair.it [200] [GET] [text/html] [Betfair Cash Race] [cloudflare] [vhost] [cloudflare] [Cloudflare,Cloudflare Bot Management,Google Tag Manager] [395698c39436fdaeae7d1183ba89d742]
https://cashrace.betfair.it:8443 [403] [GET] [text/html] [Attention Required! | Cloudflare] [cloudflare] [vhost] [cloudflare] [Cloudflare,Cloudflare Bot Management] [17b76da162b00992bdb811d5e48f6456]
https://casino.betfair.it [200] [GET] [text/html] [Betfair Casino™ Italia | Giochi da Casino Online | 25€ Bonus] [cloudflare] [vhost] [cloudflare] [Cloudflare,Cloudflare Bot Management,Google Tag Manager] [0181c9687fbcccee3fd21f8f18bc7299]
https://casino.betfair.it [200] [GET] [text/html] [Betfair Casino™ Italia | Giochi da Casino Online | 25€ Bonus] [cloudflare] [vhost] [cloudflare] [Cloudflare,Cloudflare Bot Management,Google Tag Manager] [a14dc74a6ce7c909502642397d8df8c7]
https://casino.betfair.it:8443 [403] [GET] [text/html] [Attention Required! | Cloudflare] [cloudflare] [vhost] [cloudflare] [Cloudflare,Cloudflare Bot Management] [b28b8d03ae591013bca565dd3e846e7b]
https://cbs.betfair.it [404] [GET] [] [Service not Found] [cloudflare] [vhost] [cloudflare] [Cloudflare,Cloudflare Bot Management] [c7ed3dffbfd84df8a45f0d1e2113e784]
https://cbs.betfair.it:8443 [403] [GET] [text/html] [Attention Required! | Cloudflare] [cloudflare] [vhost] [cloudflare] [Cloudflare,Cloudflare Bot Management] [78b0e01fa9bd6b4d6849af7ea36aadaf]
https://ccc.betfair.it [403] [GET] [text/html] [HTTP Status 403 – Forbidden] [cloudflare] [vhost] [cloudflare] [Cloudflare,Cloudflare Bot Management,Java] [9b931f0691c088d7071c99f9986ca134]
http://sco.betfair.it:8080 [301] [GET] [] [] [cloudflare] [vhost] [cloudflare] [Cloudflare,Cloudflare Bot Management] [d41d8cd98f00b204e9800998ecf8427e]
http://scommesse.betfair.it:8080 [301] [GET] [] [] [cloudflare] [vhost] [cloudflare] [Cloudflare,Cloudflare Bot Management] [d41d8cd98f00b204e9800998ecf8427e]
http://scommesseonline.betfair.it:8080 [301] [GET] [] [] [cloudflare] [vhost] [cloudflare] [Cloudflare,Cloudflare Bot Management] [d41d8cd98f00b204e9800998ecf8427e]
https://cro.betfair.it:8443 [403] [GET] [text/html] [Attention Required! | Cloudflare] [cloudflare] [vhost] [cloudflare] [Cloudflare,Cloudflare Bot Management] [fd7f317c25f89946a094e75750cfdf49]
https://ebs-api.betfair.it [200] [GET] [text/html] [Betfair] [cloudflare] [vhost] [cloudflare] [Cloudflare,Cloudflare Bot Management] [15815ba016dfe1182fe31ed0c7bf6825]
https://ebs-api.betfair.it [200] [GET] [text/html] [Betfair] [cloudflare] [vhost] [cloudflare] [Cloudflare,Cloudflare Bot Management] [41774575edbc67212e118a498da10048]
https://ebs-api.betfair.it:8443 [403] [GET] [text/html] [Attention Required! | Cloudflare] [cloudflare] [vhost] [cloudflare] [Cloudflare,Cloudflare Bot Management] [1cb74620a09a93fc60e7c6cc12ea08f4]
http://segnalaeguadagna.betfair.it:8080 [301] [GET] [] [] [cloudflare] [vhost] [cloudflare] [Cloudflare,Cloudflare Bot Management] [d41d8cd98f00b204e9800998ecf8427e]
https://ero.betfair.it [404] [GET] [] [Service not Found] [cloudflare] [vhost] [cloudflare] [Cloudflare,Cloudflare Bot Management] [c7ed3dffbfd84df8a45f0d1e2113e784]
https://ero.betfair.it:8443 [403] [GET] [text/html] [Attention Required! | Cloudflare] [cloudflare] [vhost] [cloudflare] [Cloudflare,Cloudflare Bot Management] [65aef32a774da7abea4a91a199777980]
https://etx.betfair.it [404] [GET] [] [Service not Found] [cloudflare] [vhost] [cloudflare] [Cloudflare,Cloudflare Bot Management] [c7ed3dffbfd84df8a45f0d1e2113e784]
https://etx.betfair.it:8443 [403] [GET] [text/html] [Attention Required! | Cloudflare] [cloudflare] [vhost] [cloudflare] [Cloudflare,Cloudflare Bot Management] [4e46f6c5514084270ae1a18e595bb9e8]
https://fcq-service.betfair.it [404] [GET] [] [Service not Found] [cloudflare] [vhost] [cloudflare] [Cloudflare,Cloudflare Bot Management] [c7ed3dffbfd84df8a45f0d1e2113e784]
https://fcq-service.betfair.it:8443 [403] [GET] [text/html] [Attention Required! | Cloudflare] [cloudflare] [vhost] [cloudflare] [Cloudflare,Cloudflare Bot Management] [f64445276a6c2662640856afc957bc50]
https://foebf.betfair.it [404] [GET] [] [Service not Found] [cloudflare] [vhost] [cloudflare] [Cloudflare,Cloudflare Bot Management] [c7ed3dffbfd84df8a45f0d1e2113e784]
https://foebf.betfair.it:8443 [403] [GET] [text/html] [Attention Required! | Cloudflare] [cloudflare] [vhost] [cloudflare] [Cloudflare,Cloudflare Bot Management] [3c6bdc0c06888eaf279a8820174692d7]
https://gfe.betfair.it [404] [GET] [text/html] [404 Not Found] [cloudflare] [vhost] [cloudflare] [Cloudflare,Cloudflare Bot Management] [561846856914519f9460cbf87a5ee419]
https://gfe.betfair.it [404] [GET] [text/html] [404 Not Found] [cloudflare] [vhost] [cloudflare] [Cloudflare,Cloudflare Bot Management] [d4b4e1a192a3f185e31ae72352a69a1c]
https://gfe.betfair.it:8443 [403] [GET] [text/html] [Attention Required! | Cloudflare] [cloudflare] [vhost] [cloudflare] [Cloudflare,Cloudflare Bot Management] [d1b5a52263ece894f8afc4b91ddd8785]
https://giocoresponsabile.betfair.it [200] [GET] [text/html] [Betfair Gioco Responsabile – Gioco Responsabile] [cloudflare] [vhost] [cloudflare] [Cloudflare,Cloudflare Bot Management,Font Awesome,Google Tag Manager,MySQL,PHP:5.5.30,WordPress:4.7.23] [a4773cae8e78c12003691adbbdceab39]
https://giocoresponsabile.betfair.it [200] [GET] [text/html] [Betfair Gioco Responsabile – Gioco Responsabile] [cloudflare] [vhost] [cloudflare] [Cloudflare,Cloudflare Bot Management,Font Awesome,Google Tag Manager,MySQL,PHP:5.5.30,WordPress:4.7.23] [eb0aa87c10a113b84d45e0b68dbf51eb]
https://giocoresponsabile.betfair.it:8443 [403] [GET] [text/html] [Attention Required! | Cloudflare] [cloudflare] [vhost] [cloudflare] [Cloudflare,Cloudflare Bot Management] [0562675296c1ebdb647fd2f77fbe60b7]
https://gmd.betfair.it [403] [GET] [text/plain] [] [cloudflare] [vhost] [cloudflare] [Cloudflare,Cloudflare Bot Management] [095afbf2f1f0e5be678f5dac5c54e717]
https://gmd.betfair.it:8443 [403] [GET] [text/html] [Attention Required! | Cloudflare] [cloudflare] [vhost] [cloudflare] [Cloudflare,Cloudflare Bot Management] [39b217bbe8aa343e6d34205d734b0bc2]
https://graphs.betfair.it [403] [GET] [text/html] [Just a moment...] [cloudflare] [vhost] [cloudflare] [Cloudflare,Cloudflare Bot Management] [13510c8b1007679d45262960952915f7]
https://graphs.betfair.it [403] [GET] [text/html] [Just a moment...] [cloudflare] [vhost] [cloudflare] [Cloudflare,Cloudflare Bot Management] [2f4c7fe9a98f76d7e6040abe03b31d44]
https://graphs.betfair.it:8443 [403] [GET] [text/html] [Just a moment...] [cloudflare] [vhost] [cloudflare] [Cloudflare,Cloudflare Bot Management] [415a34d99c8df9e87a6dbed5ab491c20]
https://grouting.betfair.it [530] [GET] [text/html] [Betfair] [cloudflare] [vhost] [cloudflare] [Cloudflare] [385114f3d108148bfa74fb22498a8857]
https://grouting.betfair.it [530] [GET] [text/html] [Betfair] [cloudflare] [vhost] [cloudflare] [Cloudflare] [449b5a195db9f8a8b7295d389986a4bf]
https://grouting.betfair.it:8443 [403] [GET] [text/html] [Attention Required! | Cloudflare] [cloudflare] [vhost] [cloudflare] [Cloudflare,Cloudflare Bot Management] [9fdc8b799a18aa236f756d3dfa6dde69]
https://guidachat.betfair.it [301] [GET] [] [] [cloudflare] [vhost] [cloudflare] [Cloudflare,Cloudflare Bot Management] [d41d8cd98f00b204e9800998ecf8427e]
http://sib.betfair.it:8080 [301] [GET] [] [] [cloudflare] [vhost] [cloudflare] [Cloudflare,Cloudflare Bot Management] [d41d8cd98f00b204e9800998ecf8427e]
https://identitysso.betfair.it [200] [GET] [text/html] [] [cloudflare] [vhost] [cloudflare] [Cloudflare,Cloudflare Bot Management] [6bfb460e44c9928751ac88d06b0f9554]
https://identitysso.betfair.it [200] [GET] [text/html] [] [cloudflare] [vhost] [cloudflare] [Cloudflare,Cloudflare Bot Management] [c3f65f3133bea6a16193e35e8049462f]
https://identitysso.betfair.it:8443 [403] [GET] [text/html] [Attention Required! | Cloudflare] [cloudflare] [vhost] [cloudflare] [Cloudflare,Cloudflare Bot Management] [27b3aadc59ce441184e7fa4eb5ce7a4c]
https://ie1-launcher.betfair.it [301] [GET] [text/html] [301 Moved Permanently] [] [cbbc3d4ec865ddffbf554a2748500fea]
https://ips.betfair.it [404] [GET] [] [Service not Found] [cloudflare] [vhost] [cloudflare] [Cloudflare,Cloudflare Bot Management] [0995ec2ebdfcdd159764fba7461d2491]
https://ips.betfair.it:8443 [403] [GET] [text/html] [Attention Required! | Cloudflare] [cloudflare] [vhost] [cloudflare] [Cloudflare,Cloudflare Bot Management] [58654ffdd38d45612a2377cac73ac43d]
https://launcher.betfair.it [200] [GET] [text/html] [] [cloudflare] [vhost] [cloudflare] [Cloudflare,Cloudflare Bot Management,Google Tag Manager] [44bfd4b018d83d76095620886fdf4c4e]
https://launcher.betfair.it [200] [GET] [text/html] [] [cloudflare] [vhost] [cloudflare] [Cloudflare,Cloudflare Bot Management,Google Tag Manager] [f1c757953086ed6fac796fddf8a9b7e9]
https://launcher.betfair.it:8443 [403] [GET] [text/html] [Attention Required! | Cloudflare] [cloudflare] [vhost] [cloudflare] [Cloudflare,Cloudflare Bot Management] [862ec9fd85359cbfc1e0e05dc430f7af]
https://lbr.betfair.it [404] [GET] [] [Service not Found] [cloudflare] [vhost] [cloudflare] [Cloudflare,Cloudflare Bot Management] [c7ed3dffbfd84df8a45f0d1e2113e784]
https://lbr.betfair.it:8443 [403] [GET] [text/html] [Attention Required! | Cloudflare] [cloudflare] [vhost] [cloudflare] [Cloudflare,Cloudflare Bot Management] [ca7b77647be4d42a1e831c3de66657f9]
https://maintenance.betfair.it [520] [GET] [] [] [cloudflare] [vhost] [cloudflare] [Cloudflare,Cloudflare Bot Management] [d41d8cd98f00b204e9800998ecf8427e]
https://maintenance.betfair.it:8443 [403] [GET] [text/html] [Attention Required! | Cloudflare] [cloudflare] [vhost] [cloudflare] [Cloudflare,Cloudflare Bot Management] [226c44fee6b39e3726b9e9d39095f785]
https://mcasino.betfair.it [301] [GET] [] [] [cloudflare] [vhost] [cloudflare] [Cloudflare,Cloudflare Bot Management] [d41d8cd98f00b204e9800998ecf8427e]
http://smd.betfair.it:8080 [301] [GET] [] [] [cloudflare] [vhost] [cloudflare] [Cloudflare,Cloudflare Bot Management] [d41d8cd98f00b204e9800998ecf8427e]
https://messaging.betfair.it [403] [GET] [text/html] [Just a moment...] [cloudflare] [vhost] [cloudflare] [Cloudflare,Cloudflare Bot Management] [b1535685482def7356e276ac9c9f0e65]
https://messaging.betfair.it [403] [GET] [text/html] [Just a moment...] [cloudflare] [vhost] [cloudflare] [Cloudflare,Cloudflare Bot Management] [e3bc2d4f03861e6dea3b9f307ec61fed]
https://messaging.betfair.it:8443 [403] [GET] [text/html] [Just a moment...] [cloudflare] [vhost] [cloudflare] [Cloudflare,Cloudflare Bot Management] [992990f60bcf838e7465c0b0e2e129bb]
http://smp.betfair.it:8080 [301] [GET] [] [] [cloudflare] [vhost] [cloudflare] [Cloudflare,Cloudflare Bot Management] [d41d8cd98f00b204e9800998ecf8427e]
http://smt.betfair.it [301] [GET] [] [] [cloudflare] [vhost] [cloudflare] [Cloudflare,Cloudflare Bot Management] [d41d8cd98f00b204e9800998ecf8427e]
http://smt.betfair.it:8080 [301] [GET] [] [] [cloudflare] [vhost] [cloudflare] [Cloudflare,Cloudflare Bot Management] [d41d8cd98f00b204e9800998ecf8427e]
https://mvegas.betfair.it [301] [GET] [] [] [cloudflare] [vhost] [cloudflare] [Cloudflare,Cloudflare Bot Management] [d41d8cd98f00b204e9800998ecf8427e]
https://myacc.betfair.it [302] [GET] [] [] [cloudflare] [vhost] [cloudflare] [Cloudflare,Cloudflare Bot Management] [d41d8cd98f00b204e9800998ecf8427e]
https://myacc.betfair.it:8443 [403] [GET] [text/html] [Attention Required! | Cloudflare] [cloudflare] [vhost] [cloudflare] [Cloudflare,Cloudflare Bot Management] [fffe668d8a08427133dce86c89d120ba]
https://myaccount.betfair.it [302] [GET] [] [] [cloudflare] [vhost] [cloudflare] [Cloudflare,Cloudflare Bot Management] [d41d8cd98f00b204e9800998ecf8427e]
https://myaccount.betfair.it:8443 [403] [GET] [text/html] [Attention Required! | Cloudflare] [cloudflare] [vhost] [cloudflare] [Cloudflare,Cloudflare Bot Management] [dd75cadd48c6e7e402ad01eb235f81b6]
https://myactivity.betfair.it [302] [GET] [] [] [cloudflare] [vhost] [cloudflare] [Cloudflare,Cloudflare Bot Management] [d41d8cd98f00b204e9800998ecf8427e]
https://myactivity.betfair.it:8443 [403] [GET] [text/html] [Attention Required! | Cloudflare] [cloudflare] [vhost] [cloudflare] [Cloudflare,Cloudflare Bot Management] [1fd58777140e27746a8480c847b88bf6]
https://myactivity-cdn.betfair.it [302] [GET] [] [] [cloudflare] [vhost] [cloudflare] [Cloudflare,Cloudflare Bot Management] [d41d8cd98f00b204e9800998ecf8427e]
https://myactivity-cdn.betfair.it:8443 [403] [GET] [text/html] [Attention Required! | Cloudflare] [cloudflare] [vhost] [cloudflare] [Cloudflare,Cloudflare Bot Management] [0c1534ec00d4cf06d1aea0c28a64e591]
https://mycards.betfair.it [403] [GET] [] [] [cloudflare] [vhost] [cloudflare] [Cloudflare,Cloudflare Bot Management] [d41d8cd98f00b204e9800998ecf8427e]
https://myfunds.betfair.it [302] [GET] [] [] [cloudflare] [vhost] [cloudflare] [Cloudflare,Cloudflare Bot Management] [d41d8cd98f00b204e9800998ecf8427e]
https://myfunds.betfair.it:8443 [403] [GET] [text/html] [Attention Required! | Cloudflare] [cloudflare] [vhost] [cloudflare] [Cloudflare,Cloudflare Bot Management] [8012b03ddb544b52851f224a9fe50b4b]
https://nssbf.betfair.it [404] [GET] [] [Service not Found] [cloudflare] [vhost] [cloudflare] [Cloudflare,Cloudflare Bot Management] [c7ed3dffbfd84df8a45f0d1e2113e784]
https://nssbf.betfair.it:8443 [403] [GET] [text/html] [Attention Required! | Cloudflare] [cloudflare] [vhost] [cloudflare] [Cloudflare,Cloudflare Bot Management] [baa8859aa866954dac284fa4a0c26d66]
https://partnerships.betfair.it [200] [GET] [text/html] [Betfair Partnerships] [cloudflare] [vhost] [cloudflare] [Cloudflare,Cloudflare Bot Management] [5fb6a0edd75ac07b082f29b00da6427d]
https://partnerships.betfair.it [200] [GET] [text/html] [Betfair Partnerships] [cloudflare] [vhost] [cloudflare] [Cloudflare,Cloudflare Bot Management] [88f477b1589189dcf845667d6bd1a535]
https://partnerships.betfair.it:8443 [403] [GET] [text/html] [Attention Required! | Cloudflare] [cloudflare] [vhost] [cloudflare] [Cloudflare,Cloudflare Bot Management] [bad31781ae5ab0f1d870e0c3f2dbf1fb]
http://spb.betfair.it:8080 [301] [GET] [] [] [cloudflare] [vhost] [cloudflare] [Cloudflare,Cloudflare Bot Management] [d41d8cd98f00b204e9800998ecf8427e]
https://play.betfair.it [404] [GET] [text/html] [Betfair Gaming Platform - Error] [cloudflare] [vhost] [cloudflare] [Cloudflare,Cloudflare Bot Management,Google Tag Manager] [123e2bb433053dbd14cd066785c0cd2c]
https://play.betfair.it [404] [GET] [text/html] [Betfair Gaming Platform - Error] [cloudflare] [vhost] [cloudflare] [Cloudflare,Cloudflare Bot Management,Google Tag Manager] [18c1753d3badd8f8c0a00d6712741b91]
https://play.betfair.it:8443 [403] [GET] [text/html] [Attention Required! | Cloudflare] [cloudflare] [vhost] [cloudflare] [Cloudflare,Cloudflare Bot Management] [a6f84b211d8b9b226a262bb91a717dc3]
https://playerprotection.betfair.it [302] [GET] [] [] [cloudflare] [vhost] [cloudflare] [Cloudflare,Cloudflare Bot Management] [d41d8cd98f00b204e9800998ecf8427e]
https://playerprotection.betfair.it:8443 [403] [GET] [text/html] [Attention Required! | Cloudflare] [cloudflare] [vhost] [cloudflare] [Cloudflare,Cloudflare Bot Management] [67999e0f60cf7a545235301127affe47]
https://poker.betfair.it [200] [GET] [text/html] [Gioca a Poker Online » Bonus di benvenuto fino a 1000€] [cloudflare] [vhost] [cloudflare] [Cloudflare,Cloudflare Bot Management,Google Tag Manager] [0e3d5150019a06203acb804615091ee0]
https://poker.betfair.it [200] [GET] [text/html] [Gioca a Poker Online » Bonus di benvenuto fino a 1000€] [cloudflare] [vhost] [cloudflare] [Cloudflare,Cloudflare Bot Management,Google Tag Manager] [980a7ea0d63e3504fc5bc004a49ca981]
https://poker.betfair.it:8443 [403] [GET] [text/html] [Attention Required! | Cloudflare] [cloudflare] [vhost] [cloudflare] [Cloudflare,Cloudflare Bot Management] [b4d76ca903d41b640a48f05de848bc4d]
https://pokersg.betfair.it [200] [GET] [text/html] [null] [cloudflare] [vhost] [cloudflare] [Cloudflare,Cloudflare Bot Management,Google Tag Manager] [782651c129a78147df5079542f9a6cc6]
https://pokersg.betfair.it [200] [GET] [text/html] [null] [cloudflare] [vhost] [cloudflare] [Cloudflare,Cloudflare Bot Management,Google Tag Manager] [ed0f200698599f9dfc8acb0e8ddfb3f1]
https://pokersg.betfair.it:8443 [403] [GET] [text/html] [Attention Required! | Cloudflare] [cloudflare] [vhost] [cloudflare] [Cloudflare,Cloudflare Bot Management] [b1638232f9e469745260263e40c98894]
https://pphbf.betfair.it [404] [GET] [application/json] [] [cloudflare] [vhost] [cloudflare] [Cloudflare,Cloudflare Bot Management] [bc0f32f586b61dbea658c40e988f87ab]
https://pphbf.betfair.it [404] [GET] [application/json] [] [cloudflare] [vhost] [cloudflare] [Cloudflare,Cloudflare Bot Management] [c180d9710ad2a50bb6d15d7a79f81ae0]
https://pphbf.betfair.it:8443 [403] [GET] [text/html] [Attention Required! | Cloudflare] [cloudflare] [vhost] [cloudflare] [Cloudflare,Cloudflare Bot Management] [b74692049a32b212c33a874bc5c2184a]
https://promotions.betfair.it [403] [GET] [text/html] [Just a moment...] [cloudflare] [vhost] [cloudflare] [Cloudflare,Cloudflare Bot Management] [4601827f2b062c9882be08d39bfe627d]
https://promotions.betfair.it [403] [GET] [text/html] [Just a moment...] [cloudflare] [vhost] [cloudflare] [Cloudflare,Cloudflare Bot Management] [5e9d0ce0f17f0675e77152ace5be673b]
https://promotions.betfair.it:8443 [403] [GET] [text/html] [Please Wait... | Cloudflare] [cloudflare] [vhost] [cloudflare] [Cloudflare,Cloudflare Bot Management] [f3cd85eb33cc4813301ce1c1103a6d8b]
https://register.betfair.it [301] [GET] [] [] [cloudflare] [vhost] [cloudflare] [Cloudflare,Cloudflare Bot Management] [d41d8cd98f00b204e9800998ecf8427e]
https://register.betfair.it:8443 [403] [GET] [text/html] [Attention Required! | Cloudflare] [cloudflare] [vhost] [cloudflare] [Cloudflare,Cloudflare Bot Management] [458b1dfb76f48094a7050d46e1f41df7]
http://ssc.betfair.it:8080 [301] [GET] [] [] [cloudflare] [vhost] [cloudflare] [Cloudflare,Cloudflare Bot Management] [d41d8cd98f00b204e9800998ecf8427e]
https://sco.betfair.it [404] [GET] [] [Service not Found] [cloudflare] [vhost] [cloudflare] [Cloudflare,Cloudflare Bot Management] [c7ed3dffbfd84df8a45f0d1e2113e784]
https://sco.betfair.it:8443 [403] [GET] [text/html] [Attention Required! | Cloudflare] [cloudflare] [vhost] [cloudflare] [Cloudflare,Cloudflare Bot Management] [5d296f937e83bb33132dce5a5f64ca8e]
https://scommesse.betfair.it [403] [GET] [text/html] [Just a moment...] [cloudflare] [vhost] [cloudflare] [Cloudflare,Cloudflare Bot Management] [c5e09a5cec8a1b5e79c6462c801cbeeb]
https://scommesse.betfair.it [403] [GET] [text/html] [Just a moment...] [cloudflare] [vhost] [cloudflare] [Cloudflare,Cloudflare Bot Management] [f6218a2ebd552190f36a05a3df605df9]
https://scommesse.betfair.it:8443 [403] [GET] [text/html] [Please Wait... | Cloudflare] [cloudflare] [vhost] [cloudflare] [Cloudflare,Cloudflare Bot Management] [001cb4ff57378bd19622db1018e14caa]
https://scommesseonline.betfair.it [403] [GET] [text/html] [Just a moment...] [cloudflare] [vhost] [cloudflare] [Cloudflare,Cloudflare Bot Management] [b6d5deb63509fc85a02ad719d86f7d21]
https://scommesseonline.betfair.it [403] [GET] [text/html] [Please Wait... | Cloudflare] [cloudflare] [vhost] [cloudflare] [Cloudflare,Cloudflare Bot Management] [83655572aca2c94ce1e4f558be08e913]
https://scommesseonline.betfair.it:8443 [403] [GET] [text/html] [Just a moment...] [cloudflare] [vhost] [cloudflare] [Cloudflare,Cloudflare Bot Management] [02f81b967e60bf1596a0010fbb5a6a7e]
https://segnalaeguadagna.betfair.it [403] [GET] [text/html] [Just a moment...] [cloudflare] [vhost] [cloudflare] [Cloudflare,Cloudflare Bot Management] [754b7d72803db1e089390453ec60fec2]
https://segnalaeguadagna.betfair.it [403] [GET] [text/html] [Just a moment...] [cloudflare] [vhost] [cloudflare] [Cloudflare,Cloudflare Bot Management] [dfe79e8c0aea405d465939ca0eee01ea]
https://segnalaeguadagna.betfair.it:8443 [403] [GET] [text/html] [Just a moment...] [cloudflare] [vhost] [cloudflare] [Cloudflare,Cloudflare Bot Management] [f043a070cf8cc895492931e3d18058b5]
https://sib.betfair.it [404] [GET] [] [Service not Found] [cloudflare] [vhost] [cloudflare] [Cloudflare,Cloudflare Bot Management] [c7ed3dffbfd84df8a45f0d1e2113e784]
https://sib.betfair.it:8443 [403] [GET] [text/html] [Attention Required! | Cloudflare] [cloudflare] [vhost] [cloudflare] [Cloudflare,Cloudflare Bot Management] [9c3aeead7f36612681e9114ba749b8e5]
https://simulator.betfair.it [302] [GET] [] [] [cloudflare] [vhost] [cloudflare] [Cloudflare,Cloudflare Bot Management] [d41d8cd98f00b204e9800998ecf8427e]
https://smd.betfair.it [404] [GET] [] [Service not Found] [cloudflare] [vhost] [cloudflare] [Cloudflare,Cloudflare Bot Management] [c7ed3dffbfd84df8a45f0d1e2113e784]
https://smd.betfair.it:8443 [403] [GET] [text/html] [Attention Required! | Cloudflare] [cloudflare] [vhost] [cloudflare] [Cloudflare,Cloudflare Bot Management] [c90fd0d5bd0cc683526edcd2fc207a1c]
https://smp.betfair.it [404] [GET] [] [Service not Found] [cloudflare] [vhost] [cloudflare] [Cloudflare,Cloudflare Bot Management] [c7ed3dffbfd84df8a45f0d1e2113e784]
https://smp.betfair.it:8443 [403] [GET] [text/html] [Attention Required! | Cloudflare] [cloudflare] [vhost] [cloudflare] [Cloudflare,Cloudflare Bot Management] [5099be3b6475fa7bcf0525ec50c66aa2]
https://smt.betfair.it:8443 [403] [GET] [text/html] [Attention Required! | Cloudflare] [cloudflare] [vhost] [cloudflare] [Cloudflare,Cloudflare Bot Management] [7a960e72e706fdd3286a91d1c631e141]
https://spb.betfair.it [404] [GET] [] [Service not Found] [cloudflare] [vhost] [cloudflare] [Cloudflare,Cloudflare Bot Management] [c7ed3dffbfd84df8a45f0d1e2113e784]
https://spb.betfair.it:8443 [403] [GET] [text/html] [Attention Required! | Cloudflare] [cloudflare] [vhost] [cloudflare] [Cloudflare,Cloudflare Bot Management] [aaa9c4c87839797e596f4edd7aebfbf7]
https://ssc.betfair.it [405] [GET] [text/html] [Apache Tomcat/7.0.41 - Error report] [cloudflare] [vhost] [cloudflare] [Cloudflare,Cloudflare Bot Management] [001667e35bb602ef27a4fcb2f364e12a]
https://ssc.betfair.it [405] [GET] [text/html] [Apache Tomcat/7.0.41 - Error report] [cloudflare] [vhost] [cloudflare] [Cloudflare,Cloudflare Bot Management] [88ff4f2ed1ccbf462c788d884b9b0e1f]
https://ssc.betfair.it:8443 [403] [GET] [text/html] [Attention Required! | Cloudflare] [cloudflare] [vhost] [cloudflare] [Cloudflare,Cloudflare Bot Management] [859498caed1515195dfcc3c81c59b177]
https://strands.betfair.it [301] [GET] [text/html] [301 Moved Permanently] [cloudflare] [vhost] [cloudflare] [Cloudflare,Cloudflare Bot Management] [1608b965cac8e8dee2ddecda59658ff2]
https://strands.betfair.it [301] [GET] [text/html] [301 Moved Permanently] [cloudflare] [vhost] [cloudflare] [Cloudflare,Cloudflare Bot Management] [9b3b19c977e08d46def106796bb52139]
https://strands.betfair.it:8443 [403] [GET] [text/html] [Attention Required! | Cloudflare] [cloudflare] [vhost] [cloudflare] [Cloudflare,Cloudflare Bot Management] [5141ef194e8ebeb3f17a51b886d68842]
https://support.betfair.it [301] [GET] [text/html] [301 Moved Permanently] [cloudflare] [vhost] [cloudflare] [Cloudflare,Cloudflare Bot Management] [4231c96218cfcad31bbf07630c183375]
https://support.betfair.it [301] [GET] [text/html] [301 Moved Permanently] [cloudflare] [vhost] [cloudflare] [Cloudflare,Cloudflare Bot Management] [66a5fe966139d2764f842896b3f898b8]
https://support.betfair.it:8443 [403] [GET] [text/html] [Attention Required! | Cloudflare] [cloudflare] [vhost] [cloudflare] [Cloudflare,Cloudflare Bot Management] [2d137d9915ed26a7c25ec7c53105c3f7]
https://t.mails.betfair.it [404] [GET] [text/html] [404 Not Found] [Apache] [Apache] [62962daa1b19bbcc2db10b7bfd531ea6]
http://strands.betfair.it:8080 [301] [GET] [] [] [cloudflare] [vhost] [cloudflare] [Cloudflare,Cloudflare Bot Management] [d41d8cd98f00b204e9800998ecf8427e]
http://support.betfair.it:8080 [301] [GET] [] [] [cloudflare] [vhost] [cloudflare] [Cloudflare,Cloudflare Bot Management] [d41d8cd98f00b204e9800998ecf8427e]
https://usp.betfair.it [404] [GET] [] [Service not Found] [cloudflare] [vhost] [cloudflare] [Cloudflare,Cloudflare Bot Management] [c7ed3dffbfd84df8a45f0d1e2113e784]
https://usp.betfair.it:8443 [403] [GET] [text/html] [Attention Required! | Cloudflare] [cloudflare] [vhost] [cloudflare] [Cloudflare,Cloudflare Bot Management] [8afa5a781ce1c080269800fbcaa3021b]
https://vegas.betfair.it [200] [GET] [text/html] [Online Slots - Gioca alle slots di Vegas | Betfair Vegas] [cloudflare] [vhost] [cloudflare] [Cloudflare,Cloudflare Bot Management,Google Tag Manager] [4e174d2046be928641114a18f5aad15b]
https://vegas.betfair.it [200] [GET] [text/html] [Online Slots - Gioca alle slots di Vegas | Betfair Vegas] [cloudflare] [vhost] [cloudflare] [Cloudflare,Cloudflare Bot Management,Google Tag Manager] [9cd4db3f4cad4ccaf8c0a6e9eca9407d]
https://vegas.betfair.it:8443 [403] [GET] [text/html] [Attention Required! | Cloudflare] [cloudflare] [vhost] [cloudflare] [Cloudflare,Cloudflare Bot Management] [5a53326423b8e79edbe92246f2fe4f27]
https://videoplayer.betfair.it [400] [GET] [text/html] [Error page] [cloudflare] [vhost] [cloudflare] [Cloudflare,Cloudflare Bot Management,Google Tag Manager,Java,Varnish] [28a9c37a6d7e8634e5b514148bf732d7]
https://videoplayer.betfair.it [400] [GET] [text/html] [Error page] [cloudflare] [vhost] [cloudflare] [Cloudflare,Cloudflare Bot Management,Google Tag Manager,Java,Varnish] [b6c978d42f8cd2d489bd23e68e6855af]
https://videoplayer.betfair.it:8443 [403] [GET] [text/html] [Attention Required! | Cloudflare] [cloudflare] [vhost] [cloudflare] [Cloudflare,Cloudflare Bot Management] [8feea2809da296ea9d2ac103400bc0fc]
https://vqa.betfair.it [404] [GET] [] [Service not Found] [cloudflare] [vhost] [cloudflare] [Cloudflare,Cloudflare Bot Management] [c7ed3dffbfd84df8a45f0d1e2113e784]
https://vqa.betfair.it:8443 [403] [GET] [text/html] [Attention Required! | Cloudflare] [cloudflare] [vhost] [cloudflare] [Cloudflare,Cloudflare Bot Management] [0ee0f0e81d1b8f590f6bd71acb001cff]
https://was.betfair.it [404] [GET] [] [Service not Found] [cloudflare] [vhost] [cloudflare] [Cloudflare,Cloudflare Bot Management] [c7ed3dffbfd84df8a45f0d1e2113e784]
https://was.betfair.it:8443 [403] [GET] [text/html] [Attention Required! | Cloudflare] [cloudflare] [vhost] [cloudflare] [Cloudflare,Cloudflare Bot Management] [6992a1a286ee4ebfa95bb0da7dd51a89]
https://wss.betfair.it:8443 [403] [GET] [text/html] [Attention Required! | Cloudflare] [cloudflare] [vhost] [cloudflare] [Cloudflare,Cloudflare Bot Management] [ab89678c65d8319e1fc52f5c451a2616]
https://www.betfair.it [403] [GET] [text/html] [Just a moment...] [cloudflare] [vhost] [cloudflare] [Cloudflare,Cloudflare Bot Management] [25570be0a9039657ca38647987b1203b]
https://www.betfair.it [403] [GET] [text/html] [Just a moment...] [cloudflare] [vhost] [cloudflare] [Cloudflare,Cloudflare Bot Management] [3dacbfe779f816290682f48cac43d7ee]
https://www.betfair.it:8443 [403] [GET] [text/html] [Just a moment...] [cloudflare] [vhost] [cloudflare] [Cloudflare,Cloudflare Bot Management] [29e94f841a0ed74888bd58361d47d91e]
http://usp.betfair.it:8080 [301] [GET] [] [] [cloudflare] [vhost] [cloudflare] [Cloudflare,Cloudflare Bot Management] [d41d8cd98f00b204e9800998ecf8427e]
http://vegas.betfair.it:8080 [301] [GET] [] [] [cloudflare] [vhost] [cloudflare] [Cloudflare,Cloudflare Bot Management] [d41d8cd98f00b204e9800998ecf8427e]
http://videoplayer.betfair.it:8080 [301] [GET] [] [] [cloudflare] [vhost] [cloudflare] [Cloudflare,Cloudflare Bot Management] [d41d8cd98f00b204e9800998ecf8427e]
http://vqa.betfair.it:8080 [301] [GET] [] [] [cloudflare] [vhost] [cloudflare] [Cloudflare,Cloudflare Bot Management] [d41d8cd98f00b204e9800998ecf8427e]
http://was.betfair.it:8080 [301] [GET] [] [] [cloudflare] [vhost] [cloudflare] [Cloudflare,Cloudflare Bot Management] [d41d8cd98f00b204e9800998ecf8427e]
http://wss.betfair.it [301] [GET] [] [] [cloudflare] [vhost] [cloudflare] [Cloudflare,Cloudflare Bot Management] [d41d8cd98f00b204e9800998ecf8427e]
http://wss.betfair.it:8080 [301] [GET] [] [] [cloudflare] [vhost] [cloudflare] [Cloudflare,Cloudflare Bot Management] [d41d8cd98f00b204e9800998ecf8427e]
http://www.betfair.it:8080 [301] [GET] [] [] [cloudflare] [vhost] [cloudflare] [Cloudflare,Cloudflare Bot Management] [d41d8cd98f00b204e9800998ecf8427e]
