http://account-messaging.betfair.se:8080 [301] [GET] [] [] [cloudflare] [vhost] [cloudflare] [Cloudflare,Cloudflare Bot Management] [d41d8cd98f00b204e9800998ecf8427e]
http://apieds.betfair.se:8080 [301] [GET] [] [] [cloudflare] [vhost] [cloudflare] [Cloudflare,Cloudflare Bot Management] [d41d8cd98f00b204e9800998ecf8427e]
http://apiems.betfair.se:8080 [301] [GET] [] [] [cloudflare] [vhost] [cloudflare] [Cloudflare,Cloudflare Bot Management] [d41d8cd98f00b204e9800998ecf8427e]
http://apiemsios.betfair.se:8080 [301] [GET] [] [] [cloudflare] [vhost] [cloudflare] [Cloudflare,Cloudflare Bot Management] [d41d8cd98f00b204e9800998ecf8427e]
http://apismx.betfair.se:8080 [301] [GET] [] [] [cloudflare] [vhost] [cloudflare] [Cloudflare,Cloudflare Bot Management] [d41d8cd98f00b204e9800998ecf8427e]
http://apismxios.betfair.se:8080 [301] [GET] [] [] [cloudflare] [vhost] [cloudflare] [Cloudflare,Cloudflare Bot Management] [d41d8cd98f00b204e9800998ecf8427e]
http://arcade.betfair.se:8080 [301] [GET] [] [] [cloudflare] [vhost] [cloudflare] [Cloudflare,Cloudflare Bot Management] [d41d8cd98f00b204e9800998ecf8427e]
http://assets.betfair.se:8080 [301] [GET] [] [] [cloudflare] [vhost] [cloudflare] [Cloudflare,Cloudflare Bot Management] [d41d8cd98f00b204e9800998ecf8427e]
http://betfair.se:2082 [301] [GET] [] [] [cloudflare] [vhost] [cloudflare] [Cloudflare,Cloudflare Bot Management] [d41d8cd98f00b204e9800998ecf8427e]
http://betfair.se:2086 [301] [GET] [] [] [cloudflare] [vhost] [cloudflare] [Cloudflare,Cloudflare Bot Management] [d41d8cd98f00b204e9800998ecf8427e]
http://betfair.se:8080 [301] [GET] [] [] [cloudflare] [vhost] [cloudflare] [Cloudflare,Cloudflare Bot Management] [d41d8cd98f00b204e9800998ecf8427e]
http://betfair.se:8880 [301] [GET] [] [] [cloudflare] [vhost] [cloudflare] [Cloudflare,Cloudflare Bot Management] [d41d8cd98f00b204e9800998ecf8427e]
http://cashout-exchange.betfair.se:8080 [301] [GET] [] [] [cloudflare] [vhost] [cloudflare] [Cloudflare,Cloudflare Bot Management] [d41d8cd98f00b204e9800998ecf8427e]
http://casino.betfair.se:8080 [301] [GET] [] [] [cloudflare] [vhost] [cloudflare] [Cloudflare,Cloudflare Bot Management] [d41d8cd98f00b204e9800998ecf8427e]
http://cbs.betfair.se:8080 [301] [GET] [] [] [cloudflare] [vhost] [cloudflare] [Cloudflare,Cloudflare Bot Management] [d41d8cd98f00b204e9800998ecf8427e]
http://cro.betfair.se [301] [GET] [] [] [cloudflare] [vhost] [cloudflare] [Cloudflare,Cloudflare Bot Management] [d41d8cd98f00b204e9800998ecf8427e]
http://cro.betfair.se:8080 [301] [GET] [] [] [cloudflare] [vhost] [cloudflare] [Cloudflare,Cloudflare Bot Management] [d41d8cd98f00b204e9800998ecf8427e]
http://ero.betfair.se:8080 [301] [GET] [] [] [cloudflare] [vhost] [cloudflare] [Cloudflare,Cloudflare Bot Management] [d41d8cd98f00b204e9800998ecf8427e]
http://etx.betfair.se:8080 [301] [GET] [] [] [cloudflare] [vhost] [cloudflare] [Cloudflare,Cloudflare Bot Management] [d41d8cd98f00b204e9800998ecf8427e]
http://exchangegaming.betfair.se:8080 [301] [GET] [] [] [cloudflare] [vhost] [cloudflare] [Cloudflare,Cloudflare Bot Management] [d41d8cd98f00b204e9800998ecf8427e]
http://fcq-service.betfair.se:8080 [301] [GET] [] [] [cloudflare] [vhost] [cloudflare] [Cloudflare,Cloudflare Bot Management] [d41d8cd98f00b204e9800998ecf8427e]
http://gfe.betfair.se:8080 [301] [GET] [] [] [cloudflare] [vhost] [cloudflare] [Cloudflare,Cloudflare Bot Management] [d41d8cd98f00b204e9800998ecf8427e]
http://gmd.betfair.se:8080 [301] [GET] [] [] [cloudflare] [vhost] [cloudflare] [Cloudflare,Cloudflare Bot Management] [d41d8cd98f00b204e9800998ecf8427e]
http://graphs.betfair.se:8080 [301] [GET] [] [] [cloudflare] [vhost] [cloudflare] [Cloudflare,Cloudflare Bot Management] [d41d8cd98f00b204e9800998ecf8427e]
http://grouting.betfair.se:8080 [301] [GET] [] [] [cloudflare] [vhost] [cloudflare] [Cloudflare,Cloudflare Bot Management] [d41d8cd98f00b204e9800998ecf8427e]
http://identitysso.betfair.se:8080 [301] [GET] [] [] [cloudflare] [vhost] [cloudflare] [Cloudflare,Cloudflare Bot Management] [d41d8cd98f00b204e9800998ecf8427e]
http://ips.betfair.se:8080 [301] [GET] [] [] [cloudflare] [vhost] [cloudflare] [Cloudflare,Cloudflare Bot Management] [d41d8cd98f00b204e9800998ecf8427e]
http://launcher.betfair.se:8080 [301] [GET] [] [] [cloudflare] [vhost] [cloudflare] [Cloudflare,Cloudflare Bot Management] [d41d8cd98f00b204e9800998ecf8427e]
http://lbr.betfair.se:8080 [301] [GET] [] [] [cloudflare] [vhost] [cloudflare] [Cloudflare,Cloudflare Bot Management] [d41d8cd98f00b204e9800998ecf8427e]
http://maintenance.betfair.se:8080 [301] [GET] [] [] [cloudflare] [vhost] [cloudflare] [Cloudflare,Cloudflare Bot Management] [d41d8cd98f00b204e9800998ecf8427e]
http://messaging.betfair.se:8080 [301] [GET] [] [] [cloudflare] [vhost] [cloudflare] [Cloudflare,Cloudflare Bot Management] [d41d8cd98f00b204e9800998ecf8427e]
http://myacc.betfair.se:8080 [301] [GET] [] [] [cloudflare] [vhost] [cloudflare] [Cloudflare,Cloudflare Bot Management] [d41d8cd98f00b204e9800998ecf8427e]
http://myaccount.betfair.se:8080 [301] [GET] [] [] [cloudflare] [vhost] [cloudflare] [Cloudflare,Cloudflare Bot Management] [d41d8cd98f00b204e9800998ecf8427e]
http://myactivity.betfair.se:8080 [301] [GET] [] [] [cloudflare] [vhost] [cloudflare] [Cloudflare,Cloudflare Bot Management] [d41d8cd98f00b204e9800998ecf8427e]
http://myfunds.betfair.se:8080 [301] [GET] [] [] [cloudflare] [vhost] [cloudflare] [Cloudflare,Cloudflare Bot Management] [d41d8cd98f00b204e9800998ecf8427e]
http://mypromos.betfair.se:8080 [301] [GET] [] [] [cloudflare] [vhost] [cloudflare] [Cloudflare,Cloudflare Bot Management] [d41d8cd98f00b204e9800998ecf8427e]
http://play.betfair.se:8080 [301] [GET] [] [] [cloudflare] [vhost] [cloudflare] [Cloudflare,Cloudflare Bot Management] [d41d8cd98f00b204e9800998ecf8427e]
http://playerprotection.betfair.se:8080 [301] [GET] [] [] [cloudflare] [vhost] [cloudflare] [Cloudflare,Cloudflare Bot Management] [d41d8cd98f00b204e9800998ecf8427e]
http://promotions.betfair.se:8080 [301] [GET] [] [] [cloudflare] [vhost] [cloudflare] [Cloudflare,Cloudflare Bot Management] [d41d8cd98f00b204e9800998ecf8427e]
http://push-subscription.betfair.se:8080 [301] [GET] [] [] [cloudflare] [vhost] [cloudflare] [Cloudflare,Cloudflare Bot Management] [d41d8cd98f00b204e9800998ecf8427e]
http://register.betfair.se:8080 [301] [GET] [] [] [cloudflare] [vhost] [cloudflare] [Cloudflare,Cloudflare Bot Management] [d41d8cd98f00b204e9800998ecf8427e]
https://account-messaging.betfair.se [403] [GET] [text/html] [Attention Required! | Cloudflare] [cloudflare] [vhost] [cloudflare] [Cloudflare,Cloudflare Bot Management] [0eb5800b7ce3432c69ac1567ee6d8eeb]
https://account-messaging.betfair.se [404] [GET] [] [Service not Found] [cloudflare] [vhost] [cloudflare] [Cloudflare,Cloudflare Bot Management] [c7ed3dffbfd84df8a45f0d1e2113e784]
https://account-messaging.betfair.se:8443 [403] [GET] [text/html] [Attention Required! | Cloudflare] [cloudflare] [vhost] [cloudflare] [Cloudflare,Cloudflare Bot Management] [120bb81f70ac8530dbc9e62b6631c106]
https://apieds.betfair.se [403] [GET] [text/html] [Just a moment...] [cloudflare] [vhost] [cloudflare] [Cloudflare,Cloudflare Bot Management] [27f403a02b54ccfb09e10873bc71af24]
https://apieds.betfair.se [403] [GET] [text/html] [Just a moment...] [cloudflare] [vhost] [cloudflare] [Cloudflare,Cloudflare Bot Management] [aeaa6a4ac9449cf9f26739ffba402642]
https://apieds.betfair.se:8443 [403] [GET] [text/html] [Just a moment...] [cloudflare] [vhost] [cloudflare] [Cloudflare,Cloudflare Bot Management] [77b6e6f1522ba55d288b6d64860fb44b]
https://apiems.betfair.se [403] [GET] [text/html] [Just a moment...] [cloudflare] [vhost] [cloudflare] [Cloudflare,Cloudflare Bot Management] [46dc3cbdb927ed41118354b5c076d128]
https://apiems.betfair.se [403] [GET] [text/html] [Just a moment...] [cloudflare] [vhost] [cloudflare] [Cloudflare,Cloudflare Bot Management] [7ddcd745cc0ae1ec7ce0807a2231dfdb]
https://apiems.betfair.se:8443 [403] [GET] [text/html] [Please Wait... | Cloudflare] [cloudflare] [vhost] [cloudflare] [Cloudflare,Cloudflare Bot Management] [9e6e2eae4e885b79c1e8abd810f0a159]
https://apiemsios.betfair.se [403] [GET] [text/html] [Just a moment...] [cloudflare] [vhost] [cloudflare] [Cloudflare,Cloudflare Bot Management] [09486babc3ab8ccaa2787a882add966f]
https://apiemsios.betfair.se [403] [GET] [text/html] [Just a moment...] [cloudflare] [vhost] [cloudflare] [Cloudflare,Cloudflare Bot Management] [2d32cf1d078980ddbe1383d542220d23]
https://apiemsios.betfair.se:8443 [403] [GET] [text/html] [Just a moment...] [cloudflare] [vhost] [cloudflare] [Cloudflare,Cloudflare Bot Management] [5048983f91a711599b23f8f172ed2cd7]
https://apismx.betfair.se [301] [GET] [text/html] [301 Moved Permanently] [cloudflare] [vhost] [cloudflare] [Cloudflare,Cloudflare Bot Management] [29a515bf3200e0431e5fc727e33e5076]
https://apismx.betfair.se [301] [GET] [text/html] [301 Moved Permanently] [cloudflare] [vhost] [cloudflare] [Cloudflare,Cloudflare Bot Management] [3c9cf3adb4b0b70d40661859250fa2b9]
https://apismx.betfair.se:8443 [403] [GET] [text/html] [Attention Required! | Cloudflare] [cloudflare] [vhost] [cloudflare] [Cloudflare,Cloudflare Bot Management] [17e599b1760ad21c7fe8734da4274ad8]
https://apismxios.betfair.se [403] [GET] [text/html] [403 Forbidden] [cloudflare] [vhost] [cloudflare] [Cloudflare,Cloudflare Bot Management] [dfbce46c2ff00c82231f0c3251543d5d]
https://apismxios.betfair.se [403] [GET] [text/html] [403 Forbidden] [cloudflare] [vhost] [cloudflare] [Cloudflare,Cloudflare Bot Management] [f9063e421ea5e614e9fb22a5e2f506a2]
https://apismxios.betfair.se:8443 [403] [GET] [text/html] [Attention Required! | Cloudflare] [cloudflare] [vhost] [cloudflare] [Cloudflare,Cloudflare Bot Management] [8f8a51cbd523e77850f9ed63ffbe498e]
https://arcade.betfair.se [200] [GET] [text/html] [Online Arcadespel & Casinospel » Betfair Arcade] [cloudflare] [vhost] [cloudflare] [Cloudflare,Cloudflare Bot Management,Google Tag Manager] [d9cfa905ae2e185f18e18651b9575ce3]
https://arcade.betfair.se [200] [GET] [text/html] [Online Arcadespel & Casinospel » Betfair Arcade] [cloudflare] [vhost] [cloudflare] [Cloudflare,Cloudflare Bot Management,Google Tag Manager] [e3f07e4fff4da0c96ef0481296e4ad3c]
https://arcade.betfair.se:8443 [403] [GET] [text/html] [Attention Required! | Cloudflare] [cloudflare] [vhost] [cloudflare] [Cloudflare,Cloudflare Bot Management] [b9ec978196336cb4dcda745c62244144]
https://assets.betfair.se [403] [GET] [text/html] [403 Forbidden] [cloudflare] [vhost] [cloudflare] [Cloudflare,Cloudflare Bot Management] [09782c4e0890b7db7f3955e4bb6da4d5]
https://assets.betfair.se [403] [GET] [text/html] [403 Forbidden] [cloudflare] [vhost] [cloudflare] [Cloudflare,Cloudflare Bot Management] [ace4d76f223b5614d4625be08d5d51a5]
https://assets.betfair.se:8443 [403] [GET] [text/html] [Attention Required! | Cloudflare] [cloudflare] [vhost] [cloudflare] [Cloudflare,Cloudflare Bot Management] [aac7c883dbaafad8e2694e52f77adfd6]
https://betfair.se:2087 [301] [GET] [] [] [cloudflare] [vhost] [cloudflare] [Cloudflare,Cloudflare Bot Management] [d41d8cd98f00b204e9800998ecf8427e]
https://betfair.se [301] [GET] [] [] [cloudflare] [vhost] [cloudflare] [Cloudflare,Cloudflare Bot Management] [d41d8cd98f00b204e9800998ecf8427e]
https://betfair.se:8443 [301] [GET] [] [] [cloudflare] [vhost] [cloudflare] [Cloudflare,Cloudflare Bot Management] [d41d8cd98f00b204e9800998ecf8427e]
https://cashout-exchange.betfair.se [404] [GET] [] [Service not Found] [cloudflare] [vhost] [cloudflare] [Cloudflare,Cloudflare Bot Management] [c7ed3dffbfd84df8a45f0d1e2113e784]
https://cashout-exchange.betfair.se:8443 [403] [GET] [text/html] [Attention Required! | Cloudflare] [cloudflare] [vhost] [cloudflare] [Cloudflare,Cloudflare Bot Management] [83148142de85c21c27722fc424b4900d]
https://casino.betfair.se [200] [GET] [text/html] [Online Casino - Spela de Bästa Casinospel » Betfair Casino] [cloudflare] [vhost] [cloudflare] [Cloudflare,Cloudflare Bot Management,Google Tag Manager] [65dac848d8bda861ee4ab0189d2930f2]
https://casino.betfair.se [200] [GET] [text/html] [Online Casino - Spela de Bästa Casinospel » Betfair Casino] [cloudflare] [vhost] [cloudflare] [Cloudflare,Cloudflare Bot Management,Google Tag Manager] [8f5bb16b6ebe3a15591f400328f113e3]
https://casino.betfair.se:8443 [403] [GET] [text/html] [Attention Required! | Cloudflare] [cloudflare] [vhost] [cloudflare] [Cloudflare,Cloudflare Bot Management] [13d8561ba1e1b3c39cb55380790a28be]
https://cbs.betfair.se [404] [GET] [] [Service not Found] [cloudflare] [vhost] [cloudflare] [Cloudflare,Cloudflare Bot Management] [c7ed3dffbfd84df8a45f0d1e2113e784]
https://cbs.betfair.se:8443 [403] [GET] [text/html] [Attention Required! | Cloudflare] [cloudflare] [vhost] [cloudflare] [Cloudflare,Cloudflare Bot Management] [7e61d82b985ac11e202ede77285f1af8]
https://ccc.betfair.se [403] [GET] [text/html] [HTTP Status 403 – Forbidden] [cloudflare] [vhost] [cloudflare] [Cloudflare,Cloudflare Bot Management,Java] [956cb83159ac884df11d5b96df78ad38]
http://sco.betfair.se:8080 [301] [GET] [] [] [cloudflare] [vhost] [cloudflare] [Cloudflare,Cloudflare Bot Management] [d41d8cd98f00b204e9800998ecf8427e]
https://cro.betfair.se:8443 [403] [GET] [text/html] [Attention Required! | Cloudflare] [cloudflare] [vhost] [cloudflare] [Cloudflare,Cloudflare Bot Management] [2d14aae54d590b475a05cd60ba26bc7c]
https://ero.betfair.se [404] [GET] [] [Service not Found] [cloudflare] [vhost] [cloudflare] [Cloudflare,Cloudflare Bot Management] [c7ed3dffbfd84df8a45f0d1e2113e784]
https://ero.betfair.se:8443 [403] [GET] [text/html] [Attention Required! | Cloudflare] [cloudflare] [vhost] [cloudflare] [Cloudflare,Cloudflare Bot Management] [45a60d1fc1b7227ca6584c50a26e8695]
https://etx.betfair.se [404] [GET] [] [Service not Found] [cloudflare] [vhost] [cloudflare] [Cloudflare,Cloudflare Bot Management] [c7ed3dffbfd84df8a45f0d1e2113e784]
https://etx.betfair.se:8443 [403] [GET] [text/html] [Attention Required! | Cloudflare] [cloudflare] [vhost] [cloudflare] [Cloudflare,Cloudflare Bot Management] [fa8881bdd74529aae73c98157490e819]
https://exchangegaming.betfair.se [200] [GET] [text/html] [Exchange Gaming] [cloudflare] [vhost] [cloudflare] [Cloudflare,Cloudflare Bot Management,Google Tag Manager] [0091439434421fface324accd4f4b566]
https://exchangegaming.betfair.se [200] [GET] [text/html] [Exchange Gaming] [cloudflare] [vhost] [cloudflare] [Cloudflare,Cloudflare Bot Management,Google Tag Manager] [99407f76bc31a3829fb86e2cf4b23db1]
https://exchangegaming.betfair.se:8443 [403] [GET] [text/html] [Attention Required! | Cloudflare] [cloudflare] [vhost] [cloudflare] [Cloudflare,Cloudflare Bot Management] [d938970191b6c4303a8fbd2253ff965f]
https://fcq.betfair.se [301] [GET] [text/html] [301 Moved Permanently] [] [cbbc3d4ec865ddffbf554a2748500fea]
https://fcq-service.betfair.se [404] [GET] [] [Service not Found] [cloudflare] [vhost] [cloudflare] [Cloudflare,Cloudflare Bot Management] [c7ed3dffbfd84df8a45f0d1e2113e784]
https://fcq-service.betfair.se:8443 [403] [GET] [text/html] [Attention Required! | Cloudflare] [cloudflare] [vhost] [cloudflare] [Cloudflare,Cloudflare Bot Management] [86f9ed7979e4c60c71e7ec5d93ab69f5]
https://gfe.betfair.se [404] [GET] [text/html] [404 Not Found] [cloudflare] [vhost] [cloudflare] [Cloudflare,Cloudflare Bot Management] [2874ce69ec6b79b3f027b5ffb5a7abd8]
https://gfe.betfair.se [404] [GET] [text/html] [404 Not Found] [cloudflare] [vhost] [cloudflare] [Cloudflare,Cloudflare Bot Management] [c1639ce630f9dcd0eed4edfc0063e20d]
https://gfe.betfair.se:8443 [403] [GET] [text/html] [Attention Required! | Cloudflare] [cloudflare] [vhost] [cloudflare] [Cloudflare,Cloudflare Bot Management] [2bb47d74365cf6fab3e400afa0999698]
https://gmd.betfair.se [403] [GET] [text/plain] [] [cloudflare] [vhost] [cloudflare] [Cloudflare,Cloudflare Bot Management] [095afbf2f1f0e5be678f5dac5c54e717]
https://gmd.betfair.se:8443 [403] [GET] [text/html] [Attention Required! | Cloudflare] [cloudflare] [vhost] [cloudflare] [Cloudflare,Cloudflare Bot Management] [da9860a5495f50f0b3a9d343f4047761]
https://graphs.betfair.se [403] [GET] [text/html] [Just a moment...] [cloudflare] [vhost] [cloudflare] [Cloudflare,Cloudflare Bot Management] [d0ee724cc7f28871399be667c507175d]
https://graphs.betfair.se [403] [GET] [text/html] [Please Wait... | Cloudflare] [cloudflare] [vhost] [cloudflare] [Cloudflare,Cloudflare Bot Management] [8e96d9d819b2f3e27b390e53b0f6c09d]
https://graphs.betfair.se:8443 [403] [GET] [text/html] [Just a moment...] [cloudflare] [vhost] [cloudflare] [Cloudflare,Cloudflare Bot Management] [15fe1a1a0e44884c74bc51929d291f9d]
https://grouting.betfair.se [530] [GET] [text/html] [Betfair] [cloudflare] [vhost] [cloudflare] [Cloudflare] [a3b6e260488e964e8d766027bad17326]
https://grouting.betfair.se [530] [GET] [text/html] [Betfair] [cloudflare] [vhost] [cloudflare] [Cloudflare] [edd9431d6ecf5e471c78e9f15083e9ac]
https://grouting.betfair.se:8443 [403] [GET] [text/html] [Attention Required! | Cloudflare] [cloudflare] [vhost] [cloudflare] [Cloudflare,Cloudflare Bot Management] [457e0fefcb5b23a73c931d2b6af4d1be]
http://sib.betfair.se:8080 [301] [GET] [] [] [cloudflare] [vhost] [cloudflare] [Cloudflare,Cloudflare Bot Management] [d41d8cd98f00b204e9800998ecf8427e]
https://identitysso.betfair.se [200] [GET] [text/html] [] [cloudflare] [vhost] [cloudflare] [Cloudflare,Cloudflare Bot Management] [45dff5642efef97642233efd372627cd]
https://identitysso.betfair.se [200] [GET] [text/html] [] [cloudflare] [vhost] [cloudflare] [Cloudflare,Cloudflare Bot Management] [c8508b338d48bea6b8ce92aa79a85f0c]
https://identitysso.betfair.se:8443 [403] [GET] [text/html] [Attention Required! | Cloudflare] [cloudflare] [vhost] [cloudflare] [Cloudflare,Cloudflare Bot Management] [78f9bbdea673dc70c3485513c38a9c64]
https://identitysso-cert.betfair.se [200] [GET] [text/html] [] [] [ad04a2074c6d8e49936a675bfc51b355]
https://ips.betfair.se [404] [GET] [] [Service not Found] [cloudflare] [vhost] [cloudflare] [Cloudflare,Cloudflare Bot Management] [0995ec2ebdfcdd159764fba7461d2491]
https://ips.betfair.se:8443 [403] [GET] [text/html] [Attention Required! | Cloudflare] [cloudflare] [vhost] [cloudflare] [Cloudflare,Cloudflare Bot Management] [010eb86f23defad1955aabd60bfbfa15]
https://launcher.betfair.se [200] [GET] [text/html] [] [cloudflare] [vhost] [cloudflare] [Cloudflare,Cloudflare Bot Management,Google Tag Manager] [b4cf2e0c3fdee66aa35c1f513e9fb01b]
https://launcher.betfair.se [200] [GET] [text/html] [] [cloudflare] [vhost] [cloudflare] [Cloudflare,Cloudflare Bot Management,Google Tag Manager] [ccc5e3fe5e8960502ba893e4420bc8d7]
https://launcher.betfair.se:8443 [403] [GET] [text/html] [Attention Required! | Cloudflare] [cloudflare] [vhost] [cloudflare] [Cloudflare,Cloudflare Bot Management] [bad60b2c261d5ec5eae4901b3cc6e06c]
https://lbr.betfair.se [404] [GET] [] [Service not Found] [cloudflare] [vhost] [cloudflare] [Cloudflare,Cloudflare Bot Management] [c7ed3dffbfd84df8a45f0d1e2113e784]
https://lbr.betfair.se:8443 [403] [GET] [text/html] [Attention Required! | Cloudflare] [cloudflare] [vhost] [cloudflare] [Cloudflare,Cloudflare Bot Management] [ecee41971c6f2c432ce15bb603bda602]
https://maintenance.betfair.se [520] [GET] [] [] [cloudflare] [vhost] [cloudflare] [Cloudflare,Cloudflare Bot Management] [d41d8cd98f00b204e9800998ecf8427e]
https://maintenance.betfair.se:8443 [403] [GET] [text/html] [Attention Required! | Cloudflare] [cloudflare] [vhost] [cloudflare] [Cloudflare,Cloudflare Bot Management] [fbf324ce628c1fcc37d477cfae262869]
https://mcasino.betfair.se [301] [GET] [] [] [cloudflare] [vhost] [cloudflare] [Cloudflare,Cloudflare Bot Management] [d41d8cd98f00b204e9800998ecf8427e]
http://smd.betfair.se:8080 [301] [GET] [] [] [cloudflare] [vhost] [cloudflare] [Cloudflare,Cloudflare Bot Management] [d41d8cd98f00b204e9800998ecf8427e]
https://messaging.betfair.se [403] [GET] [text/html] [Just a moment...] [cloudflare] [vhost] [cloudflare] [Cloudflare,Cloudflare Bot Management] [51b325a2d34685d92448682515e681ad]
https://messaging.betfair.se [403] [GET] [text/html] [Just a moment...] [cloudflare] [vhost] [cloudflare] [Cloudflare,Cloudflare Bot Management] [6497b1bc226c13fe9438221d66af7cbe]
https://messaging.betfair.se:8443 [403] [GET] [text/html] [Just a moment...] [cloudflare] [vhost] [cloudflare] [Cloudflare,Cloudflare Bot Management] [d90b64f4e9602abb6eca10e1060d918e]
http://smp.betfair.se:8080 [301] [GET] [] [] [cloudflare] [vhost] [cloudflare] [Cloudflare,Cloudflare Bot Management] [d41d8cd98f00b204e9800998ecf8427e]
https://myacc.betfair.se [302] [GET] [] [] [cloudflare] [vhost] [cloudflare] [Cloudflare,Cloudflare Bot Management] [d41d8cd98f00b204e9800998ecf8427e]
https://myacc.betfair.se:8443 [403] [GET] [text/html] [Attention Required! | Cloudflare] [cloudflare] [vhost] [cloudflare] [Cloudflare,Cloudflare Bot Management] [5037b279e2f54f867f5e11722d102db3]
https://myaccount.betfair.se [302] [GET] [] [] [cloudflare] [vhost] [cloudflare] [Cloudflare,Cloudflare Bot Management] [d41d8cd98f00b204e9800998ecf8427e]
https://myaccount.betfair.se:8443 [403] [GET] [text/html] [Attention Required! | Cloudflare] [cloudflare] [vhost] [cloudflare] [Cloudflare,Cloudflare Bot Management] [7590cc0ac84f6788c4d09eff1ef34a74]
https://myactivity.betfair.se [302] [GET] [] [] [cloudflare] [vhost] [cloudflare] [Cloudflare,Cloudflare Bot Management] [d41d8cd98f00b204e9800998ecf8427e]
https://myactivity.betfair.se:8443 [403] [GET] [text/html] [Attention Required! | Cloudflare] [cloudflare] [vhost] [cloudflare] [Cloudflare,Cloudflare Bot Management] [d99f8ce51ba96610945f76da7ca12666]
https://mycards.betfair.se [403] [GET] [] [] [cloudflare] [vhost] [cloudflare] [Cloudflare,Cloudflare Bot Management] [d41d8cd98f00b204e9800998ecf8427e]
https://myfunds.betfair.se [302] [GET] [] [] [cloudflare] [vhost] [cloudflare] [Cloudflare,Cloudflare Bot Management] [d41d8cd98f00b204e9800998ecf8427e]
https://myfunds.betfair.se:8443 [403] [GET] [text/html] [Attention Required! | Cloudflare] [cloudflare] [vhost] [cloudflare] [Cloudflare,Cloudflare Bot Management] [c59727513a563573c1c21de9d79fd89f]
https://mypromos.betfair.se [404] [GET] [application/json] [] [cloudflare] [vhost] [cloudflare] [Cloudflare,Cloudflare Bot Management] [ec6b0e163cef5c6677204b631247d441]
https://mypromos.betfair.se [404] [GET] [application/json] [] [cloudflare] [vhost] [cloudflare] [Cloudflare,Cloudflare Bot Management] [ee3f490894050740b53a4e8bffa50028]
https://mypromos.betfair.se:8443 [403] [GET] [text/html] [Attention Required! | Cloudflare] [cloudflare] [vhost] [cloudflare] [Cloudflare,Cloudflare Bot Management] [7104dd40efa758a7537c545c150d21b8]
http://spb.betfair.se:8080 [301] [GET] [] [] [cloudflare] [vhost] [cloudflare] [Cloudflare,Cloudflare Bot Management] [d41d8cd98f00b204e9800998ecf8427e]
https://play.betfair.se [404] [GET] [text/html] [Betfair Gaming Platform - Error] [cloudflare] [vhost] [cloudflare] [Cloudflare,Cloudflare Bot Management,Google Tag Manager] [6571964ad181dd7b7d6716f39beba027]
https://play.betfair.se [404] [GET] [text/html] [Betfair Gaming Platform - Error] [cloudflare] [vhost] [cloudflare] [Cloudflare,Cloudflare Bot Management,Google Tag Manager] [ff91368653956b68bf71aa28ed22ce3d]
https://play.betfair.se:8443 [403] [GET] [text/html] [Attention Required! | Cloudflare] [cloudflare] [vhost] [cloudflare] [Cloudflare,Cloudflare Bot Management] [b49f9013c86cdd19bd0ac35f47df1c05]
https://playerprotection.betfair.se [302] [GET] [] [] [cloudflare] [vhost] [cloudflare] [Cloudflare,Cloudflare Bot Management] [d41d8cd98f00b204e9800998ecf8427e]
https://playerprotection.betfair.se:8443 [403] [GET] [text/html] [Attention Required! | Cloudflare] [cloudflare] [vhost] [cloudflare] [Cloudflare,Cloudflare Bot Management] [f4c7b7c481ec2bf54a3ea04aa1845dcb]
http://sportsgaming.betfair.se:8080 [301] [GET] [] [] [cloudflare] [vhost] [cloudflare] [Cloudflare,Cloudflare Bot Management] [d41d8cd98f00b204e9800998ecf8427e]
https://promotions.betfair.se [403] [GET] [text/html] [Just a moment...] [cloudflare] [vhost] [cloudflare] [Cloudflare,Cloudflare Bot Management] [4b73abb492ad00f44bf6218d9d951afb]
https://promotions.betfair.se [403] [GET] [text/html] [Just a moment...] [cloudflare] [vhost] [cloudflare] [Cloudflare,Cloudflare Bot Management] [79984bea65e5d392c550f7e7f4ea2942]
https://promotions.betfair.se:8443 [403] [GET] [text/html] [Just a moment...] [cloudflare] [vhost] [cloudflare] [Cloudflare,Cloudflare Bot Management] [48e96cd40fc88d9e3a054a137385bb63]
https://push-subscription.betfair.se [404] [GET] [] [Service not Found] [cloudflare] [vhost] [cloudflare] [Cloudflare,Cloudflare Bot Management] [c7ed3dffbfd84df8a45f0d1e2113e784]
https://push-subscription.betfair.se:8443 [403] [GET] [text/html] [Attention Required! | Cloudflare] [cloudflare] [vhost] [cloudflare] [Cloudflare,Cloudflare Bot Management] [be7c46437a0a6fbb7d10e82b3cb2b2b3]
https://register.betfair.se [301] [GET] [] [] [cloudflare] [vhost] [cloudflare] [Cloudflare,Cloudflare Bot Management] [d41d8cd98f00b204e9800998ecf8427e]
https://register.betfair.se:8443 [403] [GET] [text/html] [Attention Required! | Cloudflare] [cloudflare] [vhost] [cloudflare] [Cloudflare,Cloudflare Bot Management] [a90c7ffaeaad06afdc39528a93e170ee]
http://ssc.betfair.se:8080 [301] [GET] [] [] [cloudflare] [vhost] [cloudflare] [Cloudflare,Cloudflare Bot Management] [d41d8cd98f00b204e9800998ecf8427e]
https://sco.betfair.se [404] [GET] [] [Service not Found] [cloudflare] [vhost] [cloudflare] [Cloudflare,Cloudflare Bot Management] [c7ed3dffbfd84df8a45f0d1e2113e784]
https://sco.betfair.se:8443 [403] [GET] [text/html] [Attention Required! | Cloudflare] [cloudflare] [vhost] [cloudflare] [Cloudflare,Cloudflare Bot Management] [ad74b646926354d65767ec34563c9997]
https://sib.betfair.se [404] [GET] [] [Service not Found] [cloudflare] [vhost] [cloudflare] [Cloudflare,Cloudflare Bot Management] [c7ed3dffbfd84df8a45f0d1e2113e784]
https://sib.betfair.se:8443 [403] [GET] [text/html] [Attention Required! | Cloudflare] [cloudflare] [vhost] [cloudflare] [Cloudflare,Cloudflare Bot Management] [fa768e676930f217277c921db7ded7d9]
https://simulator.betfair.se [302] [GET] [] [] [cloudflare] [vhost] [cloudflare] [Cloudflare,Cloudflare Bot Management] [d41d8cd98f00b204e9800998ecf8427e]
https://smd.betfair.se [404] [GET] [] [Service not Found] [cloudflare] [vhost] [cloudflare] [Cloudflare,Cloudflare Bot Management] [c7ed3dffbfd84df8a45f0d1e2113e784]
https://smd.betfair.se:8443 [403] [GET] [text/html] [Attention Required! | Cloudflare] [cloudflare] [vhost] [cloudflare] [Cloudflare,Cloudflare Bot Management] [782c2c82f8d4df1ab00977a66c2fdfff]
https://smp.betfair.se [404] [GET] [] [Service not Found] [cloudflare] [vhost] [cloudflare] [Cloudflare,Cloudflare Bot Management] [c7ed3dffbfd84df8a45f0d1e2113e784]
https://smp.betfair.se:8443 [403] [GET] [text/html] [Attention Required! | Cloudflare] [cloudflare] [vhost] [cloudflare] [Cloudflare,Cloudflare Bot Management] [14f029c1defb39544e92d66c6a4ec22a]
https://spb.betfair.se [404] [GET] [] [Service not Found] [cloudflare] [vhost] [cloudflare] [Cloudflare,Cloudflare Bot Management] [c7ed3dffbfd84df8a45f0d1e2113e784]
https://spb.betfair.se:8443 [403] [GET] [text/html] [Attention Required! | Cloudflare] [cloudflare] [vhost] [cloudflare] [Cloudflare,Cloudflare Bot Management] [1ce1c1658dee524023c0ad30f59b0735]
https://splash.betfair.se [301] [GET] [text/html] [301 Moved Permanently] [] [cbbc3d4ec865ddffbf554a2748500fea]
https://sportsgaming.betfair.se [200] [GET] [text/html] [Sportsbook Gaming] [cloudflare] [vhost] [cloudflare] [Cloudflare,Cloudflare Bot Management,Google Tag Manager] [0f303431ccb21a6bbdf5f5a6d72116c5]
https://sportsgaming.betfair.se [200] [GET] [text/html] [Sportsbook Gaming] [cloudflare] [vhost] [cloudflare] [Cloudflare,Cloudflare Bot Management,Google Tag Manager] [205f348aabc390db7cf725e47296886b]
https://sportsgaming.betfair.se:8443 [403] [GET] [text/html] [Attention Required! | Cloudflare] [cloudflare] [vhost] [cloudflare] [Cloudflare,Cloudflare Bot Management] [75a9a79af08c335f28fcd48709806f27]
https://ssc.betfair.se [405] [GET] [text/html] [Apache Tomcat/7.0.41 - Error report] [cloudflare] [vhost] [cloudflare] [Cloudflare,Cloudflare Bot Management] [0b6722a24717368df563e64acd8c42d6]
https://ssc.betfair.se [405] [GET] [text/html] [Apache Tomcat/7.0.41 - Error report] [cloudflare] [vhost] [cloudflare] [Cloudflare,Cloudflare Bot Management] [7264bba70011dc62c7f564d3136de4a0]
https://ssc.betfair.se:8443 [403] [GET] [text/html] [Attention Required! | Cloudflare] [cloudflare] [vhost] [cloudflare] [Cloudflare,Cloudflare Bot Management] [055dfeac46c4ed0663cf0165479d9abb]
https://strands.betfair.se [301] [GET] [text/html] [301 Moved Permanently] [cloudflare] [vhost] [cloudflare] [Cloudflare,Cloudflare Bot Management] [098a4bb003136bd0c423ca41ca146c5f]
https://strands.betfair.se [301] [GET] [text/html] [301 Moved Permanently] [cloudflare] [vhost] [cloudflare] [Cloudflare,Cloudflare Bot Management] [34d33a5e1c1e1bca5b652f3973d20f9f]
https://strands.betfair.se:8443 [403] [GET] [text/html] [Attention Required! | Cloudflare] [cloudflare] [vhost] [cloudflare] [Cloudflare,Cloudflare Bot Management] [5be731485344857aecc5c8f58d88847f]
https://support.betfair.se [301] [GET] [text/html] [301 Moved Permanently] [cloudflare] [vhost] [cloudflare] [Cloudflare,Cloudflare Bot Management] [17f427e9bbe5cf8d106793715768cd86]
https://support.betfair.se [301] [GET] [text/html] [301 Moved Permanently] [cloudflare] [vhost] [cloudflare] [Cloudflare,Cloudflare Bot Management] [3517a334dd9b495b96a48e81af31e995]
https://support.betfair.se:8443 [403] [GET] [text/html] [Attention Required! | Cloudflare] [cloudflare] [vhost] [cloudflare] [Cloudflare,Cloudflare Bot Management] [d6941c36aff68fdb5b576f2ce2b6edab]
https://t.mail.betfair.se [404] [GET] [text/html] [404 Not Found] [Apache] [Apache] [62962daa1b19bbcc2db10b7bfd531ea6]
http://strands.betfair.se:8080 [301] [GET] [] [] [cloudflare] [vhost] [cloudflare] [Cloudflare,Cloudflare Bot Management] [d41d8cd98f00b204e9800998ecf8427e]
http://support.betfair.se:8080 [301] [GET] [] [] [cloudflare] [vhost] [cloudflare] [Cloudflare,Cloudflare Bot Management] [d41d8cd98f00b204e9800998ecf8427e]
https://videoplayer.betfair.se [400] [GET] [text/html] [Error page] [cloudflare] [vhost] [cloudflare] [Cloudflare,Cloudflare Bot Management,Google Tag Manager,Java,Varnish] [19e77cef9a8f044697a617614fa2e475]
https://videoplayer.betfair.se [403] [GET] [text/html] [Attention Required! | Cloudflare] [cloudflare] [vhost] [cloudflare] [Cloudflare,Cloudflare Bot Management] [038abb2dc32599707ffb6b3c22e0cac9]
https://videoplayer.betfair.se:8443 [403] [GET] [text/html] [Attention Required! | Cloudflare] [cloudflare] [vhost] [cloudflare] [Cloudflare,Cloudflare Bot Management] [99fad04ffd949f66a2cd5b6a7473a7c5]
https://vqa.betfair.se [404] [GET] [] [Service not Found] [cloudflare] [vhost] [cloudflare] [Cloudflare,Cloudflare Bot Management] [c7ed3dffbfd84df8a45f0d1e2113e784]
https://vqa.betfair.se:8443 [403] [GET] [text/html] [Attention Required! | Cloudflare] [cloudflare] [vhost] [cloudflare] [Cloudflare,Cloudflare Bot Management] [d8370544a59123ffe630e94e4226e4c8]
https://was.betfair.se [404] [GET] [] [Service not Found] [cloudflare] [vhost] [cloudflare] [Cloudflare,Cloudflare Bot Management] [c7ed3dffbfd84df8a45f0d1e2113e784]
https://was.betfair.se:8443 [403] [GET] [text/html] [Attention Required! | Cloudflare] [cloudflare] [vhost] [cloudflare] [Cloudflare,Cloudflare Bot Management] [6e0f3e715995400deca9c659e3f212c3]
https://wss.betfair.se:8443 [403] [GET] [text/html] [Attention Required! | Cloudflare] [cloudflare] [vhost] [cloudflare] [Cloudflare,Cloudflare Bot Management] [a4a4e017b304738afe976fc3696ee308]
https://www.betfair.se [403] [GET] [text/html] [Just a moment...] [cloudflare] [vhost] [cloudflare] [Cloudflare,Cloudflare Bot Management] [679561549627a420d0ee65fb67905070]
https://www.betfair.se [403] [GET] [text/html] [Just a moment...] [cloudflare] [vhost] [cloudflare] [Cloudflare,Cloudflare Bot Management] [df0ad810f0dfee343d0316b060346cea]
https://www.betfair.se:8443 [403] [GET] [text/html] [Just a moment...] [cloudflare] [vhost] [cloudflare] [Cloudflare,Cloudflare Bot Management] [40e767fbdda9acc181f63cfeb79aa492]
http://videoplayer.betfair.se:8080 [301] [GET] [] [] [cloudflare] [vhost] [cloudflare] [Cloudflare,Cloudflare Bot Management] [d41d8cd98f00b204e9800998ecf8427e]
http://vqa.betfair.se:8080 [301] [GET] [] [] [cloudflare] [vhost] [cloudflare] [Cloudflare,Cloudflare Bot Management] [d41d8cd98f00b204e9800998ecf8427e]
http://was.betfair.se:8080 [301] [GET] [] [] [cloudflare] [vhost] [cloudflare] [Cloudflare,Cloudflare Bot Management] [d41d8cd98f00b204e9800998ecf8427e]
http://wss.betfair.se [301] [GET] [] [] [cloudflare] [vhost] [cloudflare] [Cloudflare,Cloudflare Bot Management] [d41d8cd98f00b204e9800998ecf8427e]
http://wss.betfair.se:8080 [301] [GET] [] [] [cloudflare] [vhost] [cloudflare] [Cloudflare,Cloudflare Bot Management] [d41d8cd98f00b204e9800998ecf8427e]
http://www.betfair.se:8080 [301] [GET] [] [] [cloudflare] [vhost] [cloudflare] [Cloudflare,Cloudflare Bot Management] [d41d8cd98f00b204e9800998ecf8427e]
