https://a.cpaul.test.popularbets.betviewapi.com [403] [GET] [application/json] [] [] [vhost] [bc45704aad57d445b6dfa58b101071e3]
https://api.games.betviewapi.com [403] [GET] [application/xml] [] [AmazonS3 (REDACTED)] [vhost] [Amazon Cloudfront,Amazon Web Services] [2a7da3a5bf1bbc7859db49b5e8f4488b]
https://api.games.betviewapi.com [403] [GET] [application/xml] [] [AmazonS3 (REDACTED)] [vhost] [Amazon Cloudfront,Amazon Web Services] [bc288a564b18d3b425671505d7dfd31e]
https://api.popularbets.betviewapi.com [403] [GET] [application/json] [] [] [vhost] [Amazon Cloudfront,Amazon Web Services] [bc45704aad57d445b6dfa58b101071e3]
https://api-static.games.betviewapi.com [403] [GET] [application/xml] [] [AmazonS3] [vhost] [cloudfront] [Amazon Cloudfront,Amazon S3,Amazon Web Services] [e6eef2192a7f91ab40d116785648c5be]
https://api-static.games.betviewapi.com [403] [GET] [application/xml] [] [AmazonS3] [vhost] [cloudfront] [Amazon Cloudfront,Amazon S3,Amazon Web Services] [f350993b82c6ca53c87c693d01426efe]
https://api-static.staging.games.betviewapi.com [403] [GET] [application/xml] [] [AmazonS3] [vhost] [cloudfront] [Amazon Cloudfront,Amazon S3,Amazon Web Services] [77aedb434b3472a14758e33f0277f980]
https://api-static.staging.games.betviewapi.com [403] [GET] [application/xml] [] [AmazonS3] [vhost] [cloudfront] [Amazon Cloudfront,Amazon S3,Amazon Web Services] [d2a1cbe1fa834839c5dc7bfc13979a21]
https://api-static.test4.games.betviewapi.com [403] [GET] [application/xml] [] [AmazonS3] [vhost] [cloudfront] [Amazon Cloudfront,Amazon S3,Amazon Web Services] [89b4ea1d3fe6b378c2006d7f55258d68]
https://api-static.test4.games.betviewapi.com [403] [GET] [application/xml] [] [AmazonS3] [vhost] [cloudfront] [Amazon Cloudfront,Amazon S3,Amazon Web Services] [d544652142ebdc0f3df942f98e065a69]
https://cashout.betviewapi.com [404] [GET] [text/html] [HTTP Status 404 – Not Found] [] [vhost] [875927332f52c86065894ba05cabb6c4]
https://dev.test.popularbets.betviewapi.com [403] [GET] [application/json] [] [] [vhost] [cloudfront] [Amazon Cloudfront,Amazon Web Services] [bc45704aad57d445b6dfa58b101071e3]
https://dev.trending.test.popularbets.betviewapi.com [403] [GET] [application/xml] [] [AmazonS3] [vhost] [cloudfront] [Amazon Cloudfront,Amazon S3,Amazon Web Services] [4fecf5ccd1cb12f2b3895d9a55e21ad4]
https://dev.trending.test.popularbets.betviewapi.com [403] [GET] [application/xml] [] [AmazonS3] [vhost] [cloudfront] [Amazon Cloudfront,Amazon S3,Amazon Web Services] [9b46552ecfbb96c88b68169af461d9b9]
https://erwann.test.popularbets.betviewapi.com [403] [GET] [application/json] [] [] [vhost] [cloudfront] [Amazon Cloudfront,Amazon Web Services] [bc45704aad57d445b6dfa58b101071e3]
https://erwann.trending.test.popularbets.betviewapi.com [403] [GET] [application/xml] [] [AmazonS3] [vhost] [cloudfront] [Amazon Cloudfront,Amazon S3,Amazon Web Services] [6138ab679cf5c6424251a60569ebbe3e]
https://erwann.trending.test.popularbets.betviewapi.com [403] [GET] [application/xml] [] [AmazonS3] [vhost] [cloudfront] [Amazon Cloudfront,Amazon S3,Amazon Web Services] [6dfed3aca93783fa915fa7489f13999c]
https://gareth.test.popularbets.betviewapi.com [403] [GET] [application/json] [] [] [vhost] [cloudfront] [Amazon Cloudfront,Amazon Web Services] [bc45704aad57d445b6dfa58b101071e3]
https://gareth.trending.test.popularbets.betviewapi.com [403] [GET] [application/xml] [] [AmazonS3] [vhost] [cloudfront] [Amazon Cloudfront,Amazon S3,Amazon Web Services] [1c328dee98373ab238d1445f6cc34526]
https://gareth.trending.test.popularbets.betviewapi.com [403] [GET] [application/xml] [] [AmazonS3] [vhost] [cloudfront] [Amazon Cloudfront,Amazon S3,Amazon Web Services] [7c3b76868aae20cb855bf94a5bb978fd]
https://rab-pricing.betviewapi.com [404] [GET] [text/html] [HTTP Status 404 – Not Found] [] [vhost] [875927332f52c86065894ba05cabb6c4]
https://singhr.test.popularbets.betviewapi.com [403] [GET] [application/json] [] [] [vhost] [cloudfront] [Amazon Cloudfront,Amazon Web Services] [bc45704aad57d445b6dfa58b101071e3]
https://singhr.trending.test.popularbets.betviewapi.com [403] [GET] [application/xml] [] [AmazonS3] [vhost] [cloudfront] [Amazon Cloudfront,Amazon S3,Amazon Web Services] [334edb23915ae73bad750c6dc9c527c9]
https://singhr.trending.test.popularbets.betviewapi.com [403] [GET] [application/xml] [] [AmazonS3] [vhost] [cloudfront] [Amazon Cloudfront,Amazon S3,Amazon Web Services] [f7f9e53c00cbadb85a94a1a97e8a312e]
https://staging.test.popularbets.betviewapi.com [403] [GET] [application/json] [] [] [vhost] [cloudfront] [Amazon Cloudfront,Amazon Web Services] [bc45704aad57d445b6dfa58b101071e3]
https://staging.trending.test.popularbets.betviewapi.com [403] [GET] [application/xml] [] [AmazonS3] [vhost] [cloudfront] [Amazon Cloudfront,Amazon S3,Amazon Web Services] [9697064b19f1fe2b9901a0c445c893b1]
https://staging.trending.test.popularbets.betviewapi.com [403] [GET] [application/xml] [] [AmazonS3] [vhost] [cloudfront] [Amazon Cloudfront,Amazon S3,Amazon Web Services] [eb4205dcab6c72da50875fe9fca83ea0]
https://stats.betviewapi.com [404] [GET] [] [] [(REDACTED)] [vhost] [d41d8cd98f00b204e9800998ecf8427e]
https://stats.nps.betviewapi.com [503] [GET] [text/html] [Error] [(REDACTED)] [vhost] [25c59a863c4eb71ae4f53dc88d68e2a5]
https://stats.nps.betviewapi.com [503] [GET] [text/html] [Error] [(REDACTED)] [vhost] [b29f66a0378cf026dbbc286afeac8e27]
https://test4.test.popularbets.betviewapi.com [403] [GET] [application/json] [] [] [vhost] [cloudfront] [Amazon Cloudfront,Amazon Web Services] [bc45704aad57d445b6dfa58b101071e3]
https://test4.trending.test.popularbets.betviewapi.com [403] [GET] [application/xml] [] [AmazonS3] [vhost] [cloudfront] [Amazon Cloudfront,Amazon S3,Amazon Web Services] [40458dffaeffa52fd3be9e5526da47ba]
https://test4.trending.test.popularbets.betviewapi.com [403] [GET] [application/xml] [] [AmazonS3] [vhost] [cloudfront] [Amazon Cloudfront,Amazon S3,Amazon Web Services] [96cc3a7add97e43061d45a0f763ebf7f]
https://trending.popularbets.betviewapi.com [403] [GET] [application/xml] [] [AmazonS3 (REDACTED)] [vhost] [Amazon Cloudfront,Amazon Web Services] [a86fa3f50568190b59d4e89c2edcd0c9]
https://trending.popularbets.betviewapi.com [403] [GET] [application/xml] [] [AmazonS3 (REDACTED)] [vhost] [Amazon Cloudfront,Amazon Web Services] [ef97a04efa0a38e91ec346f718c4b148]
https://us-east.cpaul.test.popularbets.betviewapi.com [403] [GET] [application/json] [] [] [vhost] [cloudfront] [Amazon Cloudfront,Amazon Web Services] [bc45704aad57d445b6dfa58b101071e3]
