http://academy.binary.com:8080 [301] [GET] [] [] [cloudflare] [cloudflare] [Cloudflare] [d41d8cd98f00b204e9800998ecf8427e]
http://academy.binary.com:8443 [400] [GET] [text/html] [400 The plain HTTP request was sent to HTTPS port] [cloudflare] [cloudflare] [Cloudflare] [cd58783500d7fa3c58f88eb0ba22f4f8]
http://admin.binary.com:8080 [301] [GET] [] [] [cloudflare] [vhost] [cloudflare] [Cloudflare] [d41d8cd98f00b204e9800998ecf8427e]
http://affiliates.binary.com:8080 [302] [GET] [] [] [cloudflare] [vhost] [cloudflare] [Cloudflare] [d41d8cd98f00b204e9800998ecf8427e]
http://api.binary.com:8080 [301] [GET] [] [] [cloudflare] [cloudflare] [Cloudflare] [d41d8cd98f00b204e9800998ecf8427e]
http://backoffice.binary.com:8080 [403] [GET] [text/plain] [] [cloudflare] [vhost] [cloudflare] [Cloudflare] [7b5ea53ba332630e5aca8e4abb807f70]
http://banners.binary.com:8080 [301] [GET] [] [] [cloudflare] [cloudflare] [Cloudflare] [d41d8cd98f00b204e9800998ecf8427e]
http://banners.binary.com:8443 [400] [GET] [text/html] [400 The plain HTTP request was sent to HTTPS port] [cloudflare] [cloudflare] [Cloudflare] [cd58783500d7fa3c58f88eb0ba22f4f8]
http://bitcoin-wallet.binary.com:8080 [301] [GET] [] [] [cloudflare] [cloudflare] [Cloudflare] [d41d8cd98f00b204e9800998ecf8427e]
http://bitcoin-wallet.binary.com:8443 [400] [GET] [text/html] [400 The plain HTTP request was sent to HTTPS port] [cloudflare] [cloudflare] [Cloudflare] [20ad84d030031252141ca0b3fc0183f0]
http://bot.binary.com:8080 [301] [GET] [] [] [cloudflare] [cloudflare] [Cloudflare] [d41d8cd98f00b204e9800998ecf8427e]
http://bot.binary.com:8443 [400] [GET] [text/html] [400 The plain HTTP request was sent to HTTPS port] [cloudflare] [cloudflare] [Cloudflare] [cd58783500d7fa3c58f88eb0ba22f4f8]
http://careers.binary.com:8080 [301] [GET] [] [] [cloudflare] [cloudflare] [Cloudflare] [d41d8cd98f00b204e9800998ecf8427e]
http://charts.binary.com:8080 [301] [GET] [] [] [cloudflare] [cloudflare] [Cloudflare] [d41d8cd98f00b204e9800998ecf8427e]
http://charts.binary.com:8443 [400] [GET] [text/html] [400 The plain HTTP request was sent to HTTPS port] [cloudflare] [cloudflare] [Cloudflare] [cd58783500d7fa3c58f88eb0ba22f4f8]
http://collector01.binary.com:8080 [403] [GET] [text/plain] [] [cloudflare] [vhost] [cloudflare] [Cloudflare] [7b5ea53ba332630e5aca8e4abb807f70]
http://crypto-cashier.binary.com:8080 [301] [GET] [] [] [cloudflare] [cloudflare] [Cloudflare] [d41d8cd98f00b204e9800998ecf8427e]
http://crypto-cashier.binary.com:8443 [400] [GET] [text/html] [400 The plain HTTP request was sent to HTTPS port] [cloudflare] [cloudflare] [Cloudflare] [cd58783500d7fa3c58f88eb0ba22f4f8]
http://developers.binary.com:8080 [301] [GET] [] [] [cloudflare] [cloudflare] [Cloudflare] [d41d8cd98f00b204e9800998ecf8427e]
http://developers.binary.com:8443 [400] [GET] [text/html] [400 The plain HTTP request was sent to HTTPS port] [cloudflare] [cloudflare] [Cloudflare] [20ad84d030031252141ca0b3fc0183f0]
http://feed01.binary.com [301] [GET] [] [] [cloudflare] [cloudflare] [Cloudflare] [d41d8cd98f00b204e9800998ecf8427e]
http://feed01.binary.com:8080 [301] [GET] [] [] [cloudflare] [cloudflare] [Cloudflare] [d41d8cd98f00b204e9800998ecf8427e]
http://feed01.binary.com:8443 [400] [GET] [text/html] [400 The plain HTTP request was sent to HTTPS port] [cloudflare] [cloudflare] [Cloudflare] [cd58783500d7fa3c58f88eb0ba22f4f8]
http://lb2.binary.com:8080 [301] [GET] [] [] [cloudflare] [cloudflare] [Cloudflare] [d41d8cd98f00b204e9800998ecf8427e]
http://lb2.binary.com:8443 [400] [GET] [text/html] [400 The plain HTTP request was sent to HTTPS port] [cloudflare] [cloudflare] [Cloudflare] [cd58783500d7fa3c58f88eb0ba22f4f8]
http://lb3.binary.com:8080 [301] [GET] [] [] [cloudflare] [cloudflare] [Cloudflare] [d41d8cd98f00b204e9800998ecf8427e]
http://lb3.binary.com:8443 [400] [GET] [text/html] [400 The plain HTTP request was sent to HTTPS port] [cloudflare] [cloudflare] [Cloudflare] [20ad84d030031252141ca0b3fc0183f0]
http://lb.binary.com [301] [GET] [] [] [cloudflare] [cloudflare] [Cloudflare] [d41d8cd98f00b204e9800998ecf8427e]
http://lb.binary.com:8080 [301] [GET] [] [] [cloudflare] [cloudflare] [Cloudflare] [d41d8cd98f00b204e9800998ecf8427e]
http://lb.binary.com:8443 [400] [GET] [text/html] [400 The plain HTTP request was sent to HTTPS port] [cloudflare] [cloudflare] [Cloudflare] [cd58783500d7fa3c58f88eb0ba22f4f8]
http://liveapi.binary.com:8080 [301] [GET] [] [] [cloudflare] [cloudflare] [Cloudflare] [d41d8cd98f00b204e9800998ecf8427e]
http://marketing.binary.com:8080 [301] [GET] [] [] [cloudflare] [cloudflare] [Cloudflare] [d41d8cd98f00b204e9800998ecf8427e]
http://marketing.binary.com:8443 [400] [GET] [text/html] [400 The plain HTTP request was sent to HTTPS port] [cloudflare] [cloudflare] [Cloudflare] [20ad84d030031252141ca0b3fc0183f0]
http://me.binary.com:8080 [301] [GET] [] [] [cloudflare] [cloudflare] [Cloudflare] [d41d8cd98f00b204e9800998ecf8427e]
http://me.binary.com:8443 [400] [GET] [text/html] [400 The plain HTTP request was sent to HTTPS port] [cloudflare] [cloudflare] [Cloudflare] [20ad84d030031252141ca0b3fc0183f0]
http://myapps.binary.com:8080 [301] [GET] [] [] [cloudflare] [cloudflare] [Cloudflare] [d41d8cd98f00b204e9800998ecf8427e]
http://myapps.binary.com:8443 [400] [GET] [text/html] [400 The plain HTTP request was sent to HTTPS port] [cloudflare] [cloudflare] [Cloudflare] [cd58783500d7fa3c58f88eb0ba22f4f8]
http://oauth.binary.com:8080 [301] [GET] [] [] [cloudflare] [cloudflare] [Cloudflare] [d41d8cd98f00b204e9800998ecf8427e]
http://oauth.binary.com:8443 [400] [GET] [text/html] [400 The plain HTTP request was sent to HTTPS port] [cloudflare] [cloudflare] [Cloudflare] [cd58783500d7fa3c58f88eb0ba22f4f8]
http://offers.binary.com:8080 [301] [GET] [] [] [cloudflare] [cloudflare] [Cloudflare] [d41d8cd98f00b204e9800998ecf8427e]
http://offers.binary.com:8443 [400] [GET] [text/html] [400 The plain HTTP request was sent to HTTPS port] [cloudflare] [cloudflare] [Cloudflare] [20ad84d030031252141ca0b3fc0183f0]
http://onfido.binary.com:8080 [301] [GET] [] [] [cloudflare] [cloudflare] [Cloudflare] [d41d8cd98f00b204e9800998ecf8427e]
http://onfido.binary.com:8443 [400] [GET] [text/html] [400 The plain HTTP request was sent to HTTPS port] [cloudflare] [cloudflare] [Cloudflare] [cd58783500d7fa3c58f88eb0ba22f4f8]
http://paymentapi.binary.com:8080 [301] [GET] [] [] [cloudflare] [cloudflare] [Cloudflare] [d41d8cd98f00b204e9800998ecf8427e]
https://academy.binary.com [200] [GET] [text/html] [Binary.com Academy - Learn to trade like a pro] [cloudflare] [vhost] [cloudflare] [Cloudflare] [70aab38892accca555c2f892a186b931]
https://admin.binary.com [302] [GET] [text/html] [] [cloudflare] [vhost] [cloudflare] [Cloudflare] [d41d8cd98f00b204e9800998ecf8427e]
https://admin.binary.com:8443 [521] [GET] [] [] [cloudflare] [vhost] [cloudflare] [Cloudflare] [d41d8cd98f00b204e9800998ecf8427e]
https://affiliates.binary.com [302] [GET] [] [] [cloudflare] [vhost] [cloudflare] [Cloudflare] [d41d8cd98f00b204e9800998ecf8427e]
https://affiliates.binary.com:8443 [302] [GET] [] [] [cloudflare] [vhost] [cloudflare] [Cloudflare] [d41d8cd98f00b204e9800998ecf8427e]
https://api.binary.com [301] [GET] [] [] [cloudflare] [vhost] [cloudflare] [Cloudflare] [d41d8cd98f00b204e9800998ecf8427e]
https://api.binary.com:8443 [301] [GET] [] [] [cloudflare] [vhost] [cloudflare] [Cloudflare] [d41d8cd98f00b204e9800998ecf8427e]
https://backoffice.binary.com [403] [GET] [text/plain] [] [cloudflare] [vhost] [cloudflare] [Cloudflare] [7b5ea53ba332630e5aca8e4abb807f70]
https://backoffice.binary.com:8443 [403] [GET] [text/plain] [] [cloudflare] [vhost] [cloudflare] [Cloudflare] [7b5ea53ba332630e5aca8e4abb807f70]
https://banners.binary.com [200] [GET] [text/html] [Binary.com] [cloudflare] [vhost] [cloudflare] [Cloudflare] [933f62c3f80ed4045b415605c2727ada]
https://binary.com [302] [GET] [] [] [cloudflare] [vhost] [cloudflare] [Cloudflare] [d41d8cd98f00b204e9800998ecf8427e]
https://bitcoin-wallet.binary.com [200] [GET] [text/html] [Bitcoin Wallet | Binary.com] [cloudflare] [vhost] [cloudflare] [Cloudflare] [e3062800df267ff997b365823b8d1d51]
https://blog.binary.com [200] [GET] [text/html] [Binary.com company blog] [openresty] [vhost] [fastly] [Fastly,Ghost:4.48,Gravatar,Nginx,Node.js,OpenResty,Varnish] [1be5ea00360943ad0edcdf0e4b1ce5d7]
https://bot.binary.com [200] [GET] [text/html] [Welcome to the Binary Bot] [cloudflare] [vhost] [cloudflare] [Cloudflare,Google Tag Manager] [4ff5087f4678c9046dc40144b0b7c141]
https://careers.binary.com [301] [GET] [] [] [cloudflare] [vhost] [cloudflare] [Cloudflare] [d41d8cd98f00b204e9800998ecf8427e]
https://careers.binary.com:8443 [301] [GET] [] [] [cloudflare] [vhost] [cloudflare] [Cloudflare] [d41d8cd98f00b204e9800998ecf8427e]
https://cashier.binary.com [404] [GET] [] [] [Microsoft-IIS/10.0] [vhost] [IIS:10.0,Windows Server] [d41d8cd98f00b204e9800998ecf8427e]
https://charts.binary.com [200] [GET] [text/html] [SmartCharts | Binary.com] [cloudflare] [vhost] [cloudflare] [Cloudflare] [7be4caa032faccf8a5b733bb4ce0d4c0]
https://collector01.binary.com [403] [GET] [text/plain] [] [cloudflare] [vhost] [cloudflare] [Cloudflare] [7b5ea53ba332630e5aca8e4abb807f70]
https://collector01.binary.com:8443 [403] [GET] [text/plain] [] [cloudflare] [vhost] [cloudflare] [Cloudflare] [7b5ea53ba332630e5aca8e4abb807f70]
https://crypto-cashier.binary.com [200] [GET] [text/html] [Welcome to nginx!] [cloudflare] [vhost] [cloudflare] [Cloudflare] [6ce1b3d7b6f5787cc0adf0054acb282a]
https://developers.binary.com [200] [GET] [text/html] [Binary.com Developers] [cloudflare] [vhost] [cloudflare] [Cloudflare,Google Font API] [fbe74ccc10332458c9fc222bffe4f262]
https://dfadmin-staging.binary.com [401] [GET] [text/html] [IIS 10.0 Detailed Error - 401.2 - Unauthorized] [Microsoft-IIS/10.0] [vhost] [Basic,IIS:10.0,Microsoft ASP.NET,Windows Server] [07e041d2acc33731e14d05f8694941fd]
https://email.mailgun.binary.com [404] [GET] [text/plain] [] [] [google] [595e88012a6521aae3e12cbebe76eb9e]
http://sendbird.binary.com:8080 [301] [GET] [] [] [cloudflare] [cloudflare] [Cloudflare] [d41d8cd98f00b204e9800998ecf8427e]
http://sendbird.binary.com:8443 [400] [GET] [text/html] [400 The plain HTTP request was sent to HTTPS port] [cloudflare] [cloudflare] [Cloudflare] [20ad84d030031252141ca0b3fc0183f0]
https://lb2.binary.com [404] [GET] [text/plain] [] [cloudflare] [vhost] [cloudflare] [Cloudflare] [595e88012a6521aae3e12cbebe76eb9e]
https://lb3.binary.com [404] [GET] [text/plain] [] [cloudflare] [vhost] [cloudflare] [Cloudflare] [595e88012a6521aae3e12cbebe76eb9e]
https://liveapi.binary.com [301] [GET] [] [] [cloudflare] [vhost] [cloudflare] [Cloudflare] [d41d8cd98f00b204e9800998ecf8427e]
https://liveapi.binary.com:8443 [301] [GET] [] [] [cloudflare] [vhost] [cloudflare] [Cloudflare] [d41d8cd98f00b204e9800998ecf8427e]
https://marketing.binary.com [200] [GET] [text/html] [Binary.com] [cloudflare] [vhost] [cloudflare] [Cloudflare] [933f62c3f80ed4045b415605c2727ada]
https://me.binary.com [200] [GET] [text/html] [Binary.com] [cloudflare] [vhost] [cloudflare] [Cloudflare] [7548eea2e938dd47cb3efcf172318237]
https://myapps.binary.com [404] [GET] [text/plain] [] [cloudflare] [vhost] [cloudflare] [Cloudflare] [595e88012a6521aae3e12cbebe76eb9e]
https://oauth.binary.com [301] [GET] [text/html] [301 Moved Permanently] [cloudflare] [vhost] [cloudflare] [Cloudflare] [42c394b8f0152b372537ace9acc3f7bb]
https://offers.binary.com [200] [GET] [text/html] [Binary.com] [cloudflare] [vhost] [cloudflare] [Cloudflare] [933f62c3f80ed4045b415605c2727ada]
https://onfido.binary.com [200] [GET] [text/html] [Welcome to nginx!] [cloudflare] [vhost] [cloudflare] [Cloudflare] [6ce1b3d7b6f5787cc0adf0054acb282a]
http://spamcheck.binary.com:8080 [301] [GET] [] [] [cloudflare] [cloudflare] [Cloudflare] [d41d8cd98f00b204e9800998ecf8427e]
http://spamcheck.binary.com:8443 [400] [GET] [text/html] [400 The plain HTTP request was sent to HTTPS port] [cloudflare] [cloudflare] [Cloudflare] [cd58783500d7fa3c58f88eb0ba22f4f8]
https://paymentapi.binary.com [301] [GET] [] [] [cloudflare] [vhost] [cloudflare] [Cloudflare] [d41d8cd98f00b204e9800998ecf8427e]
https://paymentapi.binary.com:8443 [301] [GET] [] [] [cloudflare] [vhost] [cloudflare] [Cloudflare] [d41d8cd98f00b204e9800998ecf8427e]
https://secure-dfadmin.binary.com [403] [GET] [text/html] [403 - Forbidden: Access is denied.] [Microsoft-IIS/10.0] [IIS:10.0,Windows Server] [11ca4578cb026a23713aea6781b8ece3]
https://sendbird.binary.com [200] [GET] [text/html] [Welcome to nginx!] [cloudflare] [vhost] [cloudflare] [Cloudflare] [6ce1b3d7b6f5787cc0adf0054acb282a]
https://spamcheck.binary.com [200] [GET] [text/html] [Email status checker] [cloudflare] [vhost] [cloudflare] [Cloudflare] [703df478de7a2f3beaa4e39b3cf153b9]
https://staging.binary.com [200] [GET] [text/html] [Binary.com] [cloudflare] [vhost] [cloudflare] [Cloudflare] [7548eea2e938dd47cb3efcf172318237]
https://staging.binary.com:8443 [403] [GET] [text/html] [Attention Required! | Cloudflare] [cloudflare] [vhost] [cloudflare] [Cloudflare] [f51db4066893f193dcb38621a04b8327]
https://staging-bot.binary.com [200] [GET] [text/html] [Welcome to the Binary Bot] [cloudflare] [vhost] [cloudflare] [Cloudflare,Google Tag Manager] [4ff5087f4678c9046dc40144b0b7c141]
https://staging-charts.binary.com [200] [GET] [text/html] [SmartCharts | Binary.com] [cloudflare] [vhost] [cloudflare] [Cloudflare] [76659814e7c2e771db13c58e009abf6c]
https://staging-myapps.binary.com [404] [GET] [text/plain] [] [cloudflare] [vhost] [cloudflare] [Cloudflare] [595e88012a6521aae3e12cbebe76eb9e]
https://staging-webtrader.binary.com [200] [GET] [text/html] [Binary.com : Webtrader] [cloudflare] [vhost] [cloudflare] [Cloudflare,Google Tag Manager] [48bb66f37cec0f38bcf74a77b78db1d8]
https://staging-webtrader.binary.com [200] [GET] [text/html] [Binary.com : Webtrader] [cloudflare] [vhost] [cloudflare] [Cloudflare,Google Tag Manager] [cd3ff6b7eb9fa222c280f9595f24c37b]
https://style.binary.com [200] [GET] [text/html] [Binary Style Guide] [cloudflare] [vhost] [cloudflare] [Cloudflare] [4af3799e46daf12f2b80de8b4c421d4e]
https://style.binary.com [200] [GET] [text/html] [Binary Style Guide] [cloudflare] [vhost] [cloudflare] [Cloudflare] [ff0d18e1ae10ee26a9b65c0906abd88a]
http://staging.binary.com:8080 [301] [GET] [] [] [cloudflare] [cloudflare] [Cloudflare] [d41d8cd98f00b204e9800998ecf8427e]
http://staging-bot.binary.com:8080 [301] [GET] [] [] [cloudflare] [cloudflare] [Cloudflare] [d41d8cd98f00b204e9800998ecf8427e]
http://staging-bot.binary.com:8443 [400] [GET] [text/html] [400 The plain HTTP request was sent to HTTPS port] [cloudflare] [cloudflare] [Cloudflare] [cd58783500d7fa3c58f88eb0ba22f4f8]
http://staging-charts.binary.com:8080 [301] [GET] [] [] [cloudflare] [cloudflare] [Cloudflare] [d41d8cd98f00b204e9800998ecf8427e]
http://staging-charts.binary.com:8443 [400] [GET] [text/html] [400 The plain HTTP request was sent to HTTPS port] [cloudflare] [cloudflare] [Cloudflare] [20ad84d030031252141ca0b3fc0183f0]
http://staging-myapps.binary.com:8080 [301] [GET] [] [] [cloudflare] [cloudflare] [Cloudflare] [d41d8cd98f00b204e9800998ecf8427e]
http://staging-myapps.binary.com:8443 [400] [GET] [text/html] [400 The plain HTTP request was sent to HTTPS port] [cloudflare] [cloudflare] [Cloudflare] [20ad84d030031252141ca0b3fc0183f0]
http://staging-webtrader.binary.com:8080 [301] [GET] [] [] [cloudflare] [cloudflare] [Cloudflare] [d41d8cd98f00b204e9800998ecf8427e]
http://staging-webtrader.binary.com:8443 [400] [GET] [text/html] [400 The plain HTTP request was sent to HTTPS port] [cloudflare] [cloudflare] [Cloudflare] [20ad84d030031252141ca0b3fc0183f0]
https://tech.binary.com [200] [GET] [text/html] [] [openresty] [vhost] [fastly] [Fastly,Ghost:4.48,Gravatar,Nginx,Node.js,OpenResty,Varnish] [29e42a8c693ac55d7e3896b7581e0da1]
https://ticktrade.binary.com [200] [GET] [text/html] [Binary App] [cloudflare] [vhost] [cloudflare] [Cloudflare] [89d7766a0bb36dee3e1e83f307b6c7fb]
https://tradingview.binary.com [200] [GET] [text/html] [TradingView Implementation for Binary.com] [cloudflare] [vhost] [cloudflare] [Cloudflare] [0a19c16bf71c4774139259e9adcb7e8e]
http://style.binary.com:8080 [301] [GET] [] [] [cloudflare] [cloudflare] [Cloudflare] [d41d8cd98f00b204e9800998ecf8427e]
http://style.binary.com:8443 [400] [GET] [text/html] [400 The plain HTTP request was sent to HTTPS port] [cloudflare] [cloudflare] [Cloudflare] [cd58783500d7fa3c58f88eb0ba22f4f8]
https://webtrader.binary.com [200] [GET] [text/html] [Binary.com : Webtrader] [cloudflare] [vhost] [cloudflare] [Cloudflare,Google Tag Manager] [cd3ff6b7eb9fa222c280f9595f24c37b]
https://www.binary.com [200] [GET] [text/html] [Binary.com] [cloudflare] [vhost] [cloudflare] [Cloudflare] [7548eea2e938dd47cb3efcf172318237]
http://ticktrade.binary.com:8080 [301] [GET] [] [] [cloudflare] [cloudflare] [Cloudflare] [d41d8cd98f00b204e9800998ecf8427e]
http://ticktrade.binary.com:8443 [400] [GET] [text/html] [400 The plain HTTP request was sent to HTTPS port] [cloudflare] [cloudflare] [Cloudflare] [20ad84d030031252141ca0b3fc0183f0]
http://tradingview.binary.com:8080 [301] [GET] [] [] [cloudflare] [cloudflare] [Cloudflare] [d41d8cd98f00b204e9800998ecf8427e]
http://tradingview.binary.com:8443 [400] [GET] [text/html] [400 The plain HTTP request was sent to HTTPS port] [cloudflare] [cloudflare] [Cloudflare] [cd58783500d7fa3c58f88eb0ba22f4f8]
http://webtrader.binary.com:8080 [301] [GET] [] [] [cloudflare] [cloudflare] [Cloudflare] [d41d8cd98f00b204e9800998ecf8427e]
http://webtrader.binary.com:8443 [400] [GET] [text/html] [400 The plain HTTP request was sent to HTTPS port] [cloudflare] [cloudflare] [Cloudflare] [20ad84d030031252141ca0b3fc0183f0]
http://www.binary.com:8080 [301] [GET] [] [] [cloudflare] [cloudflare] [Cloudflare] [d41d8cd98f00b204e9800998ecf8427e]
http://www.binary.com:8443 [400] [GET] [text/html] [400 The plain HTTP request was sent to HTTPS port] [cloudflare] [cloudflare] [Cloudflare] [20ad84d030031252141ca0b3fc0183f0]
