http://autodiscover.bingo.com [301] [GET] [] [] [Microsoft-IIS/10.0] [vhost] [IIS:10.0,Microsoft ASP.NET,Windows Server] [d41d8cd98f00b204e9800998ecf8427e]
http://autodiscover.brand.bingo.com [301] [GET] [] [] [Microsoft-IIS/10.0] [vhost] [IIS:10.0,Microsoft ASP.NET,Windows Server] [d41d8cd98f00b204e9800998ecf8427e]
https://api.bingo.com [503] [GET] [text/html] [503 Service Temporarily Unavailable] [kindred-loadbalancer] [80d85d8dee5d6b66ea68013f7ca3284a]
https://bingo.com [503] [GET] [text/html] [503 Service Temporarily Unavailable] [kindred-loadbalancer] [3267dd8f0e96711dd54dbb1f5676b447]
https://bingo.com [503] [GET] [text/html] [503 Service Temporarily Unavailable] [kindred-loadbalancer] [80d85d8dee5d6b66ea68013f7ca3284a]
https://brand.bingo.com [503] [GET] [text/html] [503 Service Temporarily Unavailable] [kindred-loadbalancer] [3267dd8f0e96711dd54dbb1f5676b447]
https://brand.bingo.com [503] [GET] [text/html] [503 Service Temporarily Unavailable] [kindred-loadbalancer] [80d85d8dee5d6b66ea68013f7ca3284a]
https://dog-qa1.bingo.com [503] [GET] [text/html] [503 Service Temporarily Unavailable] [kindred-loadbalancer] [3267dd8f0e96711dd54dbb1f5676b447]
https://dog-qa1.bingo.com [503] [GET] [text/html] [503 Service Temporarily Unavailable] [kindred-loadbalancer] [80d85d8dee5d6b66ea68013f7ca3284a]
https://eum.bingo.com [503] [GET] [text/html] [503 Service Temporarily Unavailable] [kindred-loadbalancer] [3267dd8f0e96711dd54dbb1f5676b447]
https://eum.bingo.com [503] [GET] [text/html] [503 Service Temporarily Unavailable] [kindred-loadbalancer] [80d85d8dee5d6b66ea68013f7ca3284a]
https://evolivecasino.bingo.com [302] [GET] [] [] [] [vhost] [cloudfront] [Amazon Cloudfront,Amazon Web Services] [d41d8cd98f00b204e9800998ecf8427e]
https://fi.bingo.com [503] [GET] [text/html] [503 Service Temporarily Unavailable] [kindred-loadbalancer] [80d85d8dee5d6b66ea68013f7ca3284a]
https://link.email.bingo.com [404] [GET] [text/html] [404 Not Found] [nginx] [Nginx] [70461da8b94c6ca5d2fda3260c5a8c3b]
https://no.bingo.com [503] [GET] [text/html] [503 Service Temporarily Unavailable] [kindred-loadbalancer] [3267dd8f0e96711dd54dbb1f5676b447]
https://no.bingo.com [503] [GET] [text/html] [503 Service Temporarily Unavailable] [kindred-loadbalancer] [80d85d8dee5d6b66ea68013f7ca3284a]
https://no-qa1.bingo.com [503] [GET] [text/html] [503 Service Temporarily Unavailable] [kindred-loadbalancer] [80d85d8dee5d6b66ea68013f7ca3284a]
https://no-si1.bingo.com [503] [GET] [text/html] [503 Service Temporarily Unavailable] [kindred-loadbalancer] [3267dd8f0e96711dd54dbb1f5676b447]
https://online.bingo.com [503] [GET] [text/html] [503 Service Temporarily Unavailable] [kindred-loadbalancer] [3267dd8f0e96711dd54dbb1f5676b447]
https://payment.bingo.com [302] [GET] [text/html] [302 Found] [Ironman-Loadbalancer] [vhost] [139a9a51ce119814060e5c23aed45fce]
https://se.bingo.com [503] [GET] [text/html] [503 Service Temporarily Unavailable] [kindred-loadbalancer] [80d85d8dee5d6b66ea68013f7ca3284a]
https://se-qa1.bingo.com [503] [GET] [text/html] [503 Service Temporarily Unavailable] [kindred-loadbalancer] [80d85d8dee5d6b66ea68013f7ca3284a]
https://se-si1.bingo.com [503] [GET] [text/html] [503 Service Temporarily Unavailable] [kindred-loadbalancer] [3267dd8f0e96711dd54dbb1f5676b447]
https://se-si1.bingo.com [503] [GET] [text/html] [503 Service Temporarily Unavailable] [kindred-loadbalancer] [80d85d8dee5d6b66ea68013f7ca3284a]
https://uk.bingo.com [503] [GET] [text/html] [503 Service Temporarily Unavailable] [kindred-loadbalancer] [3267dd8f0e96711dd54dbb1f5676b447]
https://uk.bingo.com [503] [GET] [text/html] [503 Service Temporarily Unavailable] [kindred-loadbalancer] [80d85d8dee5d6b66ea68013f7ca3284a]
https://uk-qa1.bingo.com [503] [GET] [text/html] [503 Service Temporarily Unavailable] [kindred-loadbalancer] [3267dd8f0e96711dd54dbb1f5676b447]
https://uk-qa1.bingo.com [503] [GET] [text/html] [503 Service Temporarily Unavailable] [kindred-loadbalancer] [80d85d8dee5d6b66ea68013f7ca3284a]
https://uk-si1.bingo.com [503] [GET] [text/html] [503 Service Temporarily Unavailable] [kindred-loadbalancer] [3267dd8f0e96711dd54dbb1f5676b447]
https://valkommen.bingo.com [404] [GET] [application/xml] [] [NetDNA-cache/2.2] [vhost] [MaxCDN] [aa83d5876bb7e11464914a17c0ae2027]
https://valkommen.bingo.com [404] [GET] [application/xml] [] [NetDNA-cache/2.2] [vhost] [MaxCDN] [d05a1d5f342fc6a4cc456f2889a7da1d]
https://welcome.bingo.com [301] [GET] [text/html] [301 Moved Permanently] [NetDNA-cache/2.2] [vhost] [MaxCDN] [cd2e0e43980a00fb6a2742d3afd803b8]
https://welcome.uk.bingo.com [301] [GET] [text/html] [301 Moved Permanently] [NetDNA-cache/2.2] [vhost] [MaxCDN] [cd2e0e43980a00fb6a2742d3afd803b8]
https://www.bingo.com [503] [GET] [text/html] [503 Service Temporarily Unavailable] [kindred-loadbalancer] [80d85d8dee5d6b66ea68013f7ca3284a]
https://www-qa1.bingo.com [503] [GET] [text/html] [503 Service Temporarily Unavailable] [kindred-loadbalancer] [3267dd8f0e96711dd54dbb1f5676b447]
https://www-qa1.bingo.com [503] [GET] [text/html] [503 Service Temporarily Unavailable] [kindred-loadbalancer] [80d85d8dee5d6b66ea68013f7ca3284a]
https://www-si1.bingo.com [503] [GET] [text/html] [503 Service Temporarily Unavailable] [kindred-loadbalancer] [3267dd8f0e96711dd54dbb1f5676b447]
https://www-si1.bingo.com [503] [GET] [text/html] [503 Service Temporarily Unavailable] [kindred-loadbalancer] [80d85d8dee5d6b66ea68013f7ca3284a]
https://xns.bingo.com [503] [GET] [text/html] [503 Service Temporarily Unavailable] [kindred-loadbalancer] [80d85d8dee5d6b66ea68013f7ca3284a]
