https://admin.bistro.sk [200] [GET] [text/html] [] [] [d41d8cd98f00b204e9800998ecf8427e]
https://api.bistro.sk [200] [GET] [text/html] [] [] [vhost] [e0aa021e21dddbd6d8cecec71e9cf564]
https://asp.bistro.sk [301] [GET] [text/html] [] [] [vhost] [d41d8cd98f00b204e9800998ecf8427e]
https://authsmtp.bistro.sk [301] [GET] [text/html] [] [] [vhost] [d41d8cd98f00b204e9800998ecf8427e]
https://baterie-k-aku-naradi.bistro.sk [301] [GET] [text/html] [] [] [vhost] [d41d8cd98f00b204e9800998ecf8427e]
https://bistro.sk [301] [GET] [text/plain] [] [] [vhost] [ea991f287e648072493e7074d281ccb2]
https://calisma-derskitabicevaplari.bistro.sk [301] [GET] [text/html] [] [] [vhost] [d41d8cd98f00b204e9800998ecf8427e]
https://cmpv2.bistro.sk [403] [GET] [application/xml] [] [AmazonS3] [vhost] [cloudfront] [Amazon Cloudfront,Amazon S3,Amazon Web Services] [49b009757d5a7fbca8268daac4080565]
https://cmpv2.bistro.sk [403] [GET] [application/xml] [] [AmazonS3] [vhost] [cloudfront] [Amazon Cloudfront,Amazon S3,Amazon Web Services] [ad799e672d1b368cf12dff808373a930]
https://cms.bistro.sk [403] [GET] [text/html] [Forbidden - cms.bistro.sk] [nginx] [Nginx] [6c5934cf72bca672121ea710e9aa3cbd]
https://comune.bistro.sk [301] [GET] [text/html] [] [] [vhost] [d41d8cd98f00b204e9800998ecf8427e]
https://correo.bistro.sk [301] [GET] [text/html] [] [] [vhost] [d41d8cd98f00b204e9800998ecf8427e]
https://driver.bistro.sk [301] [GET] [text/html] [] [] [vhost] [d41d8cd98f00b204e9800998ecf8427e]
https://gate.bistro.sk [301] [GET] [text/html] [] [] [vhost] [d41d8cd98f00b204e9800998ecf8427e]
https://gateway.bistro.sk [301] [GET] [text/html] [] [] [vhost] [d41d8cd98f00b204e9800998ecf8427e]
https://growingupnyc.bistro.sk [301] [GET] [text/html] [] [] [vhost] [d41d8cd98f00b204e9800998ecf8427e]
https://gw.bistro.sk [301] [GET] [text/html] [] [] [vhost] [d41d8cd98f00b204e9800998ecf8427e]
https://hermes.bistro.sk [301] [GET] [text/html] [] [] [vhost] [d41d8cd98f00b204e9800998ecf8427e]
https://imap.bistro.sk [301] [GET] [text/html] [] [] [vhost] [d41d8cd98f00b204e9800998ecf8427e]
https://img.bistro.sk [403] [GET] [text/html] [Forbidden - img.bistro.sk] [nginx] [Nginx] [981200edbbd3d2996e20e03aad149a73]
https://link.bistro.sk [400] [GET] [text/html] [Invalid Dynamic Link] [] [vhost] [fastly] [Fastly] [13f4faea86a5d8a799a57a1bcd478434]
https://mail01.bistro.sk [301] [GET] [text/html] [] [] [vhost] [d41d8cd98f00b204e9800998ecf8427e]
https://mail11.bistro.sk [301] [GET] [text/html] [] [] [vhost] [d41d8cd98f00b204e9800998ecf8427e]
https://mail12.bistro.sk [301] [GET] [text/html] [] [] [vhost] [d41d8cd98f00b204e9800998ecf8427e]
https://mail1.bistro.sk [301] [GET] [text/html] [] [] [vhost] [d41d8cd98f00b204e9800998ecf8427e]
https://mail2.bistro.sk [301] [GET] [text/html] [] [] [vhost] [d41d8cd98f00b204e9800998ecf8427e]
https://mail.bistro.sk [301] [GET] [text/html] [] [] [vhost] [d41d8cd98f00b204e9800998ecf8427e]
https://mailbox.bistro.sk [301] [GET] [text/html] [] [] [vhost] [d41d8cd98f00b204e9800998ecf8427e]
https://mailer.bistro.sk [301] [GET] [text/html] [] [] [vhost] [d41d8cd98f00b204e9800998ecf8427e]
https://mailgate.bistro.sk [301] [GET] [text/html] [] [] [vhost] [d41d8cd98f00b204e9800998ecf8427e]
https://mailgw.bistro.sk [301] [GET] [text/html] [] [] [vhost] [d41d8cd98f00b204e9800998ecf8427e]
https://mailhost.bistro.sk [301] [GET] [text/html] [] [] [vhost] [d41d8cd98f00b204e9800998ecf8427e]
https://mailin.bistro.sk [301] [GET] [text/html] [] [] [vhost] [d41d8cd98f00b204e9800998ecf8427e]
https://mailx.bistro.sk [301] [GET] [text/html] [] [] [vhost] [d41d8cd98f00b204e9800998ecf8427e]
https://m.bistro.sk [301] [GET] [text/plain] [] [] [vhost] [ea991f287e648072493e7074d281ccb2]
https://mbox.bistro.sk [301] [GET] [text/html] [] [] [vhost] [d41d8cd98f00b204e9800998ecf8427e]
https://ms.bistro.sk [301] [GET] [text/html] [] [] [vhost] [d41d8cd98f00b204e9800998ecf8427e]
https://mx01.bistro.sk [301] [GET] [text/html] [] [] [vhost] [d41d8cd98f00b204e9800998ecf8427e]
https://mx0.bistro.sk [301] [GET] [text/html] [] [] [vhost] [d41d8cd98f00b204e9800998ecf8427e]
https://mx1.bistro.sk [301] [GET] [text/html] [] [] [vhost] [d41d8cd98f00b204e9800998ecf8427e]
https://mx2.bistro.sk [301] [GET] [text/html] [] [] [vhost] [d41d8cd98f00b204e9800998ecf8427e]
https://mx4.bistro.sk [301] [GET] [text/html] [] [] [vhost] [d41d8cd98f00b204e9800998ecf8427e]
https://mx5.bistro.sk [301] [GET] [text/html] [] [] [vhost] [d41d8cd98f00b204e9800998ecf8427e]
https://mx7.bistro.sk [301] [GET] [text/html] [] [] [vhost] [d41d8cd98f00b204e9800998ecf8427e]
https://myzh.bistro.sk [301] [GET] [text/html] [] [] [vhost] [d41d8cd98f00b204e9800998ecf8427e]
https://newmexico.bistro.sk [301] [GET] [text/html] [] [] [vhost] [d41d8cd98f00b204e9800998ecf8427e]
https://ns1.bistro.sk [301] [GET] [text/html] [] [] [vhost] [d41d8cd98f00b204e9800998ecf8427e]
https://ns.bistro.sk [301] [GET] [text/html] [] [] [vhost] [d41d8cd98f00b204e9800998ecf8427e]
https://out.bistro.sk [301] [GET] [text/html] [] [] [vhost] [d41d8cd98f00b204e9800998ecf8427e]
https://poczta.bistro.sk [301] [GET] [text/html] [] [] [vhost] [d41d8cd98f00b204e9800998ecf8427e]
https://posta.bistro.sk [301] [GET] [text/html] [] [] [vhost] [d41d8cd98f00b204e9800998ecf8427e]
https://post.bistro.sk [301] [GET] [text/html] [] [] [vhost] [d41d8cd98f00b204e9800998ecf8427e]
https://postmaster.bistro.sk [301] [GET] [text/html] [] [] [vhost] [d41d8cd98f00b204e9800998ecf8427e]
https://relay2.bistro.sk [301] [GET] [text/html] [] [] [vhost] [d41d8cd98f00b204e9800998ecf8427e]
https://remote.bistro.sk [301] [GET] [text/html] [] [] [vhost] [d41d8cd98f00b204e9800998ecf8427e]
https://restauracia.bistro.sk [200] [GET] [text/html] [Administrácia pre reštaurácie - Bistro.sk] [] [vhost] [354401741ce6b138747dbead92cf9254]
https://restauracia.bistro.sk [200] [GET] [text/html] [Administrácia pre reštaurácie - Bistro.sk] [] [vhost] [823e5ecf54596780ac60d43f46762071]
https://rest.bistro.sk [200] [GET] [text/html] [] [] [d41d8cd98f00b204e9800998ecf8427e]
https://rwjms.bistro.sk [301] [GET] [text/html] [] [] [vhost] [d41d8cd98f00b204e9800998ecf8427e]
https://s.bistro.sk [403] [GET] [text/html] [Forbidden - s.bistro.sk] [nginx] [Nginx] [e33fc78f7839b732ae482e55be336466]
https://server.bistro.sk [301] [GET] [text/html] [] [] [vhost] [d41d8cd98f00b204e9800998ecf8427e]
https://smtp01.bistro.sk [301] [GET] [text/html] [] [] [vhost] [d41d8cd98f00b204e9800998ecf8427e]
https://smtp1.bistro.sk [301] [GET] [text/html] [] [] [vhost] [d41d8cd98f00b204e9800998ecf8427e]
https://smtpauth.bistro.sk [301] [GET] [text/html] [] [] [vhost] [d41d8cd98f00b204e9800998ecf8427e]
https://smtpseguro.bistro.sk [301] [GET] [text/html] [] [] [vhost] [d41d8cd98f00b204e9800998ecf8427e]
https://tehachapi.asp.bistro.sk [301] [GET] [text/html] [] [] [vhost] [d41d8cd98f00b204e9800998ecf8427e]
https://vmail.bistro.sk [301] [GET] [text/html] [] [] [vhost] [d41d8cd98f00b204e9800998ecf8427e]
https://web-components.bistro.sk [403] [GET] [text/html] [403 Forbidden] [] [vhost] [a2d8f1eb79a024ff7d3320d014319f86]
https://ws-driver.bistro.sk [404] [GET] [text/html] [Error] [] [vhost] [Express,Node.js] [da7da7d630292e7a2a7dda8ca87b3d39]
https://www2.bistro.sk [301] [GET] [text/html] [] [] [vhost] [d41d8cd98f00b204e9800998ecf8427e]
https://www.bistro.sk [200] [GET] [text/html] [Bistro.sk - donáška, rozvoz jedla] [] [vhost] [Vue.js] [010b7db8dc957e3bf6a80bb1db512816]
https://www.bistro.sk [200] [GET] [text/html] [Bistro.sk - donáška, rozvoz jedla] [] [vhost] [Vue.js] [f58a8ad7a388c429824ceeb8c4b52278]
https://www.henry.bistro.sk [200] [GET] [text/html] [Bistro.sk - donáška, rozvoz jedla] [] [vhost] [eddf07ef82cec037ecf399ae3d426285]
https://www.henry.bistro.sk [301] [GET] [text/html] [Bistro.sk - donáška, rozvoz jedla] [] [vhost] [72628304ace1aee6cd7866565f30baf5]
https://www.m.bistro.sk [301] [GET] [text/html] [] [] [vhost] [d41d8cd98f00b204e9800998ecf8427e]
https://wwww.bistro.sk [301] [GET] [text/html] [] [] [vhost] [d41d8cd98f00b204e9800998ecf8427e]
