http://api.bitforex.com:2082 [301] [GET] [] [] [cloudflare] [cloudflare] [Cloudflare] [d41d8cd98f00b204e9800998ecf8427e]
http://api.bitforex.com:2086 [301] [GET] [] [] [cloudflare] [cloudflare] [Cloudflare] [d41d8cd98f00b204e9800998ecf8427e]
http://api.bitforex.com:2087 [400] [GET] [text/html] [400 The plain HTTP request was sent to HTTPS port] [cloudflare] [cloudflare] [Cloudflare] [cd58783500d7fa3c58f88eb0ba22f4f8]
http://api.bitforex.com:8080 [301] [GET] [] [] [cloudflare] [cloudflare] [Cloudflare] [d41d8cd98f00b204e9800998ecf8427e]
http://api.bitforex.com:8880 [301] [GET] [] [] [cloudflare] [cloudflare] [Cloudflare] [d41d8cd98f00b204e9800998ecf8427e]
http://bitforex.com:2082 [301] [GET] [] [] [cloudflare] [cloudflare] [Cloudflare] [d41d8cd98f00b204e9800998ecf8427e]
http://bitforex.com:2086 [301] [GET] [] [] [cloudflare] [cloudflare] [Cloudflare] [d41d8cd98f00b204e9800998ecf8427e]
http://bitforex.com:2087 [400] [GET] [text/html] [400 The plain HTTP request was sent to HTTPS port] [cloudflare] [cloudflare] [Cloudflare] [cd58783500d7fa3c58f88eb0ba22f4f8]
http://bitforex.com:8080 [301] [GET] [] [] [cloudflare] [cloudflare] [Cloudflare] [d41d8cd98f00b204e9800998ecf8427e]
http://bitforex.com:8443 [400] [GET] [text/html] [400 The plain HTTP request was sent to HTTPS port] [cloudflare] [cloudflare] [Cloudflare] [cd58783500d7fa3c58f88eb0ba22f4f8]
http://bitforex.com:8880 [301] [GET] [] [] [cloudflare] [cloudflare] [Cloudflare] [d41d8cd98f00b204e9800998ecf8427e]
http://capp.bitforex.com:2082 [403] [GET] [text/plain] [] [cloudflare] [vhost] [cloudflare] [Cloudflare] [7b5ea53ba332630e5aca8e4abb807f70]
http://capp.bitforex.com:2086 [403] [GET] [text/plain] [] [cloudflare] [vhost] [cloudflare] [Cloudflare] [7b5ea53ba332630e5aca8e4abb807f70]
http://capp.bitforex.com:8080 [403] [GET] [text/plain] [] [cloudflare] [vhost] [cloudflare] [Cloudflare] [7b5ea53ba332630e5aca8e4abb807f70]
http://capp.bitforex.com:8880 [403] [GET] [text/plain] [] [cloudflare] [vhost] [cloudflare] [Cloudflare] [7b5ea53ba332630e5aca8e4abb807f70]
http://cn.bitforex.com:2082 [301] [GET] [] [] [cloudflare] [cloudflare] [Cloudflare] [d41d8cd98f00b204e9800998ecf8427e]
http://cn.bitforex.com:2086 [301] [GET] [] [] [cloudflare] [cloudflare] [Cloudflare] [d41d8cd98f00b204e9800998ecf8427e]
http://cn.bitforex.com:2087 [400] [GET] [text/html] [400 The plain HTTP request was sent to HTTPS port] [cloudflare] [cloudflare] [Cloudflare] [cd58783500d7fa3c58f88eb0ba22f4f8]
http://cn.bitforex.com:8080 [301] [GET] [] [] [cloudflare] [cloudflare] [Cloudflare] [d41d8cd98f00b204e9800998ecf8427e]
http://cn.bitforex.com:8880 [301] [GET] [] [] [cloudflare] [cloudflare] [Cloudflare] [d41d8cd98f00b204e9800998ecf8427e]
http://download.bitforex.com:2082 [301] [GET] [] [] [cloudflare] [cloudflare] [Cloudflare] [d41d8cd98f00b204e9800998ecf8427e]
http://download.bitforex.com:2086 [301] [GET] [] [] [cloudflare] [cloudflare] [Cloudflare] [d41d8cd98f00b204e9800998ecf8427e]
http://download.bitforex.com:2087 [400] [GET] [text/html] [400 The plain HTTP request was sent to HTTPS port] [cloudflare] [cloudflare] [Cloudflare] [20ad84d030031252141ca0b3fc0183f0]
http://download.bitforex.com:8080 [301] [GET] [] [] [cloudflare] [cloudflare] [Cloudflare] [d41d8cd98f00b204e9800998ecf8427e]
http://download.bitforex.com:8443 [400] [GET] [text/html] [400 The plain HTTP request was sent to HTTPS port] [cloudflare] [cloudflare] [Cloudflare] [20ad84d030031252141ca0b3fc0183f0]
http://download.bitforex.com:8880 [301] [GET] [] [] [cloudflare] [cloudflare] [Cloudflare] [d41d8cd98f00b204e9800998ecf8427e]
http://event.bitforex.com:2082 [403] [GET] [text/plain] [] [cloudflare] [cloudflare] [Cloudflare] [4f20b85ce5ebf225720e040314a7966a]
http://event.bitforex.com:2086 [301] [GET] [] [] [cloudflare] [cloudflare] [Cloudflare] [d41d8cd98f00b204e9800998ecf8427e]
http://event.bitforex.com:2087 [400] [GET] [text/html] [400 The plain HTTP request was sent to HTTPS port] [cloudflare] [cloudflare] [Cloudflare] [20ad84d030031252141ca0b3fc0183f0]
http://event.bitforex.com:8080 [301] [GET] [] [] [cloudflare] [cloudflare] [Cloudflare] [d41d8cd98f00b204e9800998ecf8427e]
http://event.bitforex.com:8443 [400] [GET] [text/html] [400 The plain HTTP request was sent to HTTPS port] [cloudflare] [cloudflare] [Cloudflare] [cd58783500d7fa3c58f88eb0ba22f4f8]
http://event.bitforex.com:8880 [301] [GET] [] [] [cloudflare] [cloudflare] [Cloudflare] [d41d8cd98f00b204e9800998ecf8427e]
http://grin.bitforex.com:2082 [301] [GET] [] [] [cloudflare] [cloudflare] [Cloudflare] [d41d8cd98f00b204e9800998ecf8427e]
http://grin.bitforex.com:2086 [301] [GET] [] [] [cloudflare] [cloudflare] [Cloudflare] [d41d8cd98f00b204e9800998ecf8427e]
http://grin.bitforex.com:8080 [301] [GET] [] [] [cloudflare] [cloudflare] [Cloudflare] [d41d8cd98f00b204e9800998ecf8427e]
http://grin.bitforex.com:8880 [301] [GET] [] [] [cloudflare] [cloudflare] [Cloudflare] [d41d8cd98f00b204e9800998ecf8427e]
http://grinproxy.bitforex.com:2082 [301] [GET] [] [] [cloudflare] [cloudflare] [Cloudflare] [d41d8cd98f00b204e9800998ecf8427e]
http://grinproxy.bitforex.com:2086 [301] [GET] [] [] [cloudflare] [cloudflare] [Cloudflare] [d41d8cd98f00b204e9800998ecf8427e]
http://grinproxy.bitforex.com:8080 [301] [GET] [] [] [cloudflare] [cloudflare] [Cloudflare] [d41d8cd98f00b204e9800998ecf8427e]
http://grinproxy.bitforex.com:8880 [301] [GET] [] [] [cloudflare] [cloudflare] [Cloudflare] [d41d8cd98f00b204e9800998ecf8427e]
http://help.bitforex.com:2082 [301] [GET] [] [] [cloudflare] [cloudflare] [Cloudflare] [d41d8cd98f00b204e9800998ecf8427e]
http://help.bitforex.com:2086 [301] [GET] [] [] [cloudflare] [cloudflare] [Cloudflare] [d41d8cd98f00b204e9800998ecf8427e]
http://help.bitforex.com:2087 [400] [GET] [text/html] [400 The plain HTTP request was sent to HTTPS port] [cloudflare] [cloudflare] [Cloudflare] [20ad84d030031252141ca0b3fc0183f0]
http://help.bitforex.com:8080 [301] [GET] [] [] [cloudflare] [cloudflare] [Cloudflare] [d41d8cd98f00b204e9800998ecf8427e]
http://help.bitforex.com:8443 [400] [GET] [text/html] [400 The plain HTTP request was sent to HTTPS port] [cloudflare] [cloudflare] [Cloudflare] [cd58783500d7fa3c58f88eb0ba22f4f8]
http://help.bitforex.com:8880 [403] [GET] [text/plain] [] [cloudflare] [cloudflare] [Cloudflare] [4f20b85ce5ebf225720e040314a7966a]
http://m.bitforex.com:2082 [301] [GET] [] [] [cloudflare] [cloudflare] [Cloudflare] [d41d8cd98f00b204e9800998ecf8427e]
http://m.bitforex.com:2086 [301] [GET] [] [] [cloudflare] [cloudflare] [Cloudflare] [d41d8cd98f00b204e9800998ecf8427e]
http://m.bitforex.com:8080 [301] [GET] [] [] [cloudflare] [cloudflare] [Cloudflare] [d41d8cd98f00b204e9800998ecf8427e]
http://m.bitforex.com:8443 [400] [GET] [text/html] [400 The plain HTTP request was sent to HTTPS port] [cloudflare] [cloudflare] [Cloudflare] [cd58783500d7fa3c58f88eb0ba22f4f8]
http://m.bitforex.com:8880 [301] [GET] [] [] [cloudflare] [cloudflare] [Cloudflare] [d41d8cd98f00b204e9800998ecf8427e]
http://mobile.bitforex.com:2082 [429] [GET] [text/plain] [] [cloudflare] [vhost] [cloudflare] [Cloudflare] [1001b29d0cc03c0a5d1cd2567ed8ed94]
http://mobile.bitforex.com:2086 [301] [GET] [] [] [cloudflare] [vhost] [cloudflare] [Cloudflare] [d41d8cd98f00b204e9800998ecf8427e]
http://mobile.bitforex.com:8080 [301] [GET] [] [] [cloudflare] [vhost] [cloudflare] [Cloudflare] [d41d8cd98f00b204e9800998ecf8427e]
http://mobile.bitforex.com:8880 [301] [GET] [] [] [cloudflare] [vhost] [cloudflare] [Cloudflare] [d41d8cd98f00b204e9800998ecf8427e]
http://mwcproxy.bitforex.com:2082 [301] [GET] [] [] [cloudflare] [cloudflare] [Cloudflare] [d41d8cd98f00b204e9800998ecf8427e]
http://mwcproxy.bitforex.com:2086 [301] [GET] [] [] [cloudflare] [cloudflare] [Cloudflare] [d41d8cd98f00b204e9800998ecf8427e]
http://mwcproxy.bitforex.com:2087 [400] [GET] [text/html] [400 The plain HTTP request was sent to HTTPS port] [cloudflare] [cloudflare] [Cloudflare] [20ad84d030031252141ca0b3fc0183f0]
http://mwcproxy.bitforex.com:8080 [301] [GET] [] [] [cloudflare] [cloudflare] [Cloudflare] [d41d8cd98f00b204e9800998ecf8427e]
http://mwcproxy.bitforex.com:8880 [301] [GET] [] [] [cloudflare] [cloudflare] [Cloudflare] [d41d8cd98f00b204e9800998ecf8427e]
https://api.bitforex.com [200] [GET] [text/html] [] [cloudflare] [vhost] [cloudflare] [Cloudflare] [b026324c6904b2a9cb4b88d6d61c81d1]
https://bitforex.com [200] [GET] [text/html] [BitForex | The World's Leading One-Stop Digital Asset Service Platform.] [cloudflare] [vhost] [cloudflare] [Cloudflare,Element UI,Google Font API,Google Tag Manager,Node.js,Nuxt.js,Vue.js] [19c4cab1d886680e89904bbfc95c7d14]
https://bitforex.com [200] [GET] [text/html] [BitForex | The World's Leading One-Stop Digital Asset Service Platform.] [cloudflare] [vhost] [cloudflare] [Cloudflare,Element UI,Google Font API,Google Tag Manager,Node.js,Nuxt.js,Vue.js] [889027f24eaf2e85836f4591399f5dd5]
https://capp.bitforex.com:2087 [403] [GET] [text/plain] [] [cloudflare] [vhost] [cloudflare] [Cloudflare] [7b5ea53ba332630e5aca8e4abb807f70]
https://capp.bitforex.com [403] [GET] [text/plain] [] [cloudflare] [vhost] [cloudflare] [Cloudflare] [7b5ea53ba332630e5aca8e4abb807f70]
https://cn.bitforex.com [200] [GET] [text/html] [BitForex] [cloudflare] [vhost] [cloudflare] [Cloudflare] [73113af284bb204a5eecc7d48430db73]
https://download.bitforex.com [302] [GET] [text/html] [302 Found] [cloudflare] [vhost] [cloudflare] [Cloudflare] [8ef8f9e9dcd291ddd7802c1147137360]
https://event.bitforex.com [403] [GET] [text/html] [403 Forbidden] [cloudflare] [vhost] [cloudflare] [Cloudflare] [60bb83ecb2636b0746851830fee4f930]
https://event.bitforex.com [403] [GET] [text/html] [403 Forbidden] [cloudflare] [vhost] [cloudflare] [Cloudflare] [95a27dfd720e4be78f288dbda8b61031]
https://grin.bitforex.com:2087 [403] [GET] [text/html] [Attention Required! | Cloudflare] [cloudflare] [vhost] [cloudflare] [Cloudflare] [a238338d6f78d70c2538f7a3133fae1f]
https://grin.bitforex.com [404] [GET] [] [] [cloudflare] [vhost] [cloudflare] [Cloudflare] [d41d8cd98f00b204e9800998ecf8427e]
https://grinproxy.bitforex.com:2087 [403] [GET] [text/html] [Attention Required! | Cloudflare] [cloudflare] [vhost] [cloudflare] [Cloudflare] [5dd0dd9613de351e16a1610024812c9f]
https://grinproxy.bitforex.com [404] [GET] [application/json] [] [cloudflare] [vhost] [cloudflare] [Cloudflare,Java,Spring] [26fd7b51b0c3c65efb372405e2f9c5a0]
https://grinproxy.bitforex.com [404] [GET] [application/json] [] [cloudflare] [vhost] [cloudflare] [Cloudflare,Java,Spring] [72dfd4d181a5f249724df7092927ecc0]
https://help.bitforex.com [525] [GET] [] [] [cloudflare] [vhost] [cloudflare] [Cloudflare,Cloudflare Network Error Logging] [d41d8cd98f00b204e9800998ecf8427e]
https://m.bitforex.com [302] [GET] [] [] [cloudflare] [vhost] [cloudflare] [Cloudflare] [d41d8cd98f00b204e9800998ecf8427e]
https://mobile.bitforex.com [200] [GET] [text/html] [] [cloudflare] [vhost] [cloudflare] [Cloudflare] [b026324c6904b2a9cb4b88d6d61c81d1]
https://mobile.bitforex.com:2087 [429] [GET] [text/plain] [] [cloudflare] [vhost] [cloudflare] [Cloudflare] [1001b29d0cc03c0a5d1cd2567ed8ed94]
https://mwcproxy.bitforex.com [404] [GET] [application/json] [] [cloudflare] [vhost] [cloudflare] [Cloudflare,Java,Spring] [7fb67ca7c347f1f6dab676a160f74ead]
https://mwcproxy.bitforex.com [404] [GET] [application/json] [] [cloudflare] [vhost] [cloudflare] [Cloudflare,Java,Spring] [9dad3eaf47ec665c8a2e64af487b1fec]
https://r1131307.bitforex.com [401] [GET] [text/html] [401 - Unauthorized: Access is denied due to invalid credentials.] [Microsoft-IIS/10.0] [IIS:10.0,Windows Server] [5720392716b0be81c8110c6f0598e01b]
https://static.bitforex.com [403] [GET] [application/xml] [] [cloudflare] [vhost] [cloudflare] [Cloudflare] [e43feaf91ea4dfabddb31148ddf44aa0]
https://static.bitforex.com [403] [GET] [application/xml] [] [cloudflare] [vhost] [cloudflare] [Cloudflare] [f9138ff9f7cd8646c16b1619b51a3cb9]
https://support.bitforex.com [301] [GET] [text/html] [] [cloudflare] [vhost] [cloudflare] [Cloudflare,Cloudflare Network Error Logging,Zendesk] [5f41f99d39d67043e1394bda1a256bca]
http://static.bitforex.com:2082 [301] [GET] [] [] [cloudflare] [cloudflare] [Cloudflare] [d41d8cd98f00b204e9800998ecf8427e]
http://static.bitforex.com:2086 [301] [GET] [] [] [cloudflare] [cloudflare] [Cloudflare] [d41d8cd98f00b204e9800998ecf8427e]
http://static.bitforex.com:2087 [400] [GET] [text/html] [400 The plain HTTP request was sent to HTTPS port] [cloudflare] [cloudflare] [Cloudflare] [cd58783500d7fa3c58f88eb0ba22f4f8]
http://static.bitforex.com:8080 [301] [GET] [] [] [cloudflare] [cloudflare] [Cloudflare] [d41d8cd98f00b204e9800998ecf8427e]
http://static.bitforex.com:8880 [301] [GET] [] [] [cloudflare] [cloudflare] [Cloudflare] [d41d8cd98f00b204e9800998ecf8427e]
https://track.bitforex.com:2087 [403] [GET] [text/html] [Attention Required! | Cloudflare] [cloudflare] [vhost] [cloudflare] [Cloudflare] [e00f4297d8a4c6bf1f5452651e31122c]
https://track.bitforex.com [403] [GET] [text/html] [TestPage184] [cloudflare] [vhost] [cloudflare] [Cloudflare] [21aeccd10869c326d5999473e743103f]
https://track.bitforex.com [525] [GET] [] [] [cloudflare] [vhost] [cloudflare] [Cloudflare] [d41d8cd98f00b204e9800998ecf8427e]
https://track.bitforex.com:8443 [521] [GET] [] [] [cloudflare] [vhost] [cloudflare] [Cloudflare] [d41d8cd98f00b204e9800998ecf8427e]
http://support.bitforex.com:2087 [400] [GET] [text/html] [400 The plain HTTP request was sent to HTTPS port] [cloudflare] [cloudflare] [Cloudflare] [20ad84d030031252141ca0b3fc0183f0]
https://www.bitforex.com [200] [GET] [text/html] [BitForex | The World's Leading One-Stop Digital Asset Service Platform.] [cloudflare] [vhost] [cloudflare] [Cloudflare,Element UI,Google Font API,Google Tag Manager,Node.js,Nuxt.js,Vue.js] [b5fa5cb63a17b973f3abbbe3cd534fd2]
https://www.bitforex.com [200] [GET] [text/html] [BitForex | The World's Leading One-Stop Digital Asset Service Platform.] [cloudflare] [vhost] [cloudflare] [Cloudflare,Element UI,Google Font API,Google Tag Manager,Node.js,Nuxt.js,Vue.js] [e8d0c66c9c40ce6cd11d5309451cd483]
https://www.bitforex.com:2087 [429] [GET] [text/plain] [] [cloudflare] [vhost] [cloudflare] [Cloudflare] [1001b29d0cc03c0a5d1cd2567ed8ed94]
http://track.bitforex.com:2082 [301] [GET] [] [] [cloudflare] [cloudflare] [Cloudflare] [d41d8cd98f00b204e9800998ecf8427e]
http://track.bitforex.com:2086 [301] [GET] [] [] [cloudflare] [cloudflare] [Cloudflare] [d41d8cd98f00b204e9800998ecf8427e]
http://track.bitforex.com:8080 [301] [GET] [] [] [cloudflare] [cloudflare] [Cloudflare] [d41d8cd98f00b204e9800998ecf8427e]
http://track.bitforex.com:8880 [301] [GET] [] [] [cloudflare] [cloudflare] [Cloudflare] [d41d8cd98f00b204e9800998ecf8427e]
http://www.bitforex.com:2082 [301] [GET] [] [] [cloudflare] [cloudflare] [Cloudflare] [d41d8cd98f00b204e9800998ecf8427e]
http://www.bitforex.com:2086 [301] [GET] [] [] [cloudflare] [vhost] [cloudflare] [Cloudflare] [d41d8cd98f00b204e9800998ecf8427e]
http://www.bitforex.com:8080 [301] [GET] [] [] [cloudflare] [vhost] [cloudflare] [Cloudflare] [d41d8cd98f00b204e9800998ecf8427e]
http://www.bitforex.com:8880 [301] [GET] [] [] [cloudflare] [vhost] [cloudflare] [Cloudflare] [d41d8cd98f00b204e9800998ecf8427e]
