http://auth.devhk.bitmex.com:2082 [301] [GET] [] [] [cloudflare] [vhost] [cloudflare] [Cloudflare,Cloudflare Bot Management] [d41d8cd98f00b204e9800998ecf8427e]
http://auth.devhk.bitmex.com:2083 [400] [GET] [text/html] [400 The plain HTTP request was sent to HTTPS port] [cloudflare] [cloudflare] [Cloudflare] [20ad84d030031252141ca0b3fc0183f0]
http://auth.devhk.bitmex.com:2086 [301] [GET] [] [] [cloudflare] [vhost] [cloudflare] [Cloudflare,Cloudflare Bot Management] [d41d8cd98f00b204e9800998ecf8427e]
http://auth.devhk.bitmex.com:2087 [400] [GET] [text/html] [400 The plain HTTP request was sent to HTTPS port] [cloudflare] [cloudflare] [Cloudflare] [20ad84d030031252141ca0b3fc0183f0]
http://auth.devhk.bitmex.com:2096 [400] [GET] [text/html] [400 The plain HTTP request was sent to HTTPS port] [cloudflare] [cloudflare] [Cloudflare] [cd58783500d7fa3c58f88eb0ba22f4f8]
http://auth.devhk.bitmex.com:8080 [301] [GET] [] [] [cloudflare] [vhost] [cloudflare] [Cloudflare,Cloudflare Bot Management] [d41d8cd98f00b204e9800998ecf8427e]
http://auth.devhk.bitmex.com:8880 [301] [GET] [] [] [cloudflare] [vhost] [cloudflare] [Cloudflare,Cloudflare Bot Management] [d41d8cd98f00b204e9800998ecf8427e]
http://auth.devsf2.bitmex.com:2082 [301] [GET] [] [] [cloudflare] [vhost] [cloudflare] [Cloudflare,Cloudflare Bot Management] [d41d8cd98f00b204e9800998ecf8427e]
http://auth.devsf2.bitmex.com:2083 [400] [GET] [text/html] [400 The plain HTTP request was sent to HTTPS port] [cloudflare] [cloudflare] [Cloudflare] [20ad84d030031252141ca0b3fc0183f0]
http://auth.devsf2.bitmex.com:2086 [301] [GET] [] [] [cloudflare] [vhost] [cloudflare] [Cloudflare,Cloudflare Bot Management] [d41d8cd98f00b204e9800998ecf8427e]
http://auth.devsf2.bitmex.com:2087 [400] [GET] [text/html] [400 The plain HTTP request was sent to HTTPS port] [cloudflare] [cloudflare] [Cloudflare] [cd58783500d7fa3c58f88eb0ba22f4f8]
http://auth.devsf2.bitmex.com:8080 [301] [GET] [] [] [cloudflare] [vhost] [cloudflare] [Cloudflare,Cloudflare Bot Management] [d41d8cd98f00b204e9800998ecf8427e]
http://auth.devsf2.bitmex.com:8880 [301] [GET] [] [] [cloudflare] [vhost] [cloudflare] [Cloudflare,Cloudflare Bot Management] [d41d8cd98f00b204e9800998ecf8427e]
http://auth.devsf3.bitmex.com:2052 [301] [GET] [] [] [cloudflare] [vhost] [cloudflare] [Cloudflare,Cloudflare Bot Management] [d41d8cd98f00b204e9800998ecf8427e]
http://auth.devsf3.bitmex.com:2053 [400] [GET] [text/html] [400 The plain HTTP request was sent to HTTPS port] [cloudflare] [cloudflare] [Cloudflare] [20ad84d030031252141ca0b3fc0183f0]
http://auth.devsf3.bitmex.com:2082 [301] [GET] [] [] [cloudflare] [vhost] [cloudflare] [Cloudflare,Cloudflare Bot Management] [d41d8cd98f00b204e9800998ecf8427e]
http://auth.devsf3.bitmex.com:2083 [400] [GET] [text/html] [400 The plain HTTP request was sent to HTTPS port] [cloudflare] [cloudflare] [Cloudflare] [cd58783500d7fa3c58f88eb0ba22f4f8]
http://auth.devsf3.bitmex.com:2086 [301] [GET] [] [] [cloudflare] [vhost] [cloudflare] [Cloudflare,Cloudflare Bot Management] [d41d8cd98f00b204e9800998ecf8427e]
http://auth.devsf3.bitmex.com:2087 [400] [GET] [text/html] [400 The plain HTTP request was sent to HTTPS port] [cloudflare] [cloudflare] [Cloudflare] [cd58783500d7fa3c58f88eb0ba22f4f8]
http://auth.devsf3.bitmex.com:8080 [301] [GET] [] [] [cloudflare] [vhost] [cloudflare] [Cloudflare,Cloudflare Bot Management] [d41d8cd98f00b204e9800998ecf8427e]
http://auth.devsf3.bitmex.com:8880 [301] [GET] [] [] [cloudflare] [vhost] [cloudflare] [Cloudflare,Cloudflare Bot Management] [d41d8cd98f00b204e9800998ecf8427e]
http://auth.devsf.bitmex.com:2082 [403] [GET] [text/plain] [] [cloudflare] [vhost] [cloudflare] [Cloudflare,Cloudflare Bot Management] [4f20b85ce5ebf225720e040314a7966a]
http://auth.devsf.bitmex.com:2083 [400] [GET] [text/html] [400 The plain HTTP request was sent to HTTPS port] [cloudflare] [cloudflare] [Cloudflare] [20ad84d030031252141ca0b3fc0183f0]
http://auth.devsf.bitmex.com:2086 [301] [GET] [] [] [cloudflare] [vhost] [cloudflare] [Cloudflare,Cloudflare Bot Management] [d41d8cd98f00b204e9800998ecf8427e]
http://auth.devsf.bitmex.com:2087 [400] [GET] [text/html] [400 The plain HTTP request was sent to HTTPS port] [cloudflare] [cloudflare] [Cloudflare] [20ad84d030031252141ca0b3fc0183f0]
http://auth.devsf.bitmex.com:8080 [301] [GET] [] [] [cloudflare] [vhost] [cloudflare] [Cloudflare,Cloudflare Bot Management] [d41d8cd98f00b204e9800998ecf8427e]
http://auth.devsf.bitmex.com:8880 [301] [GET] [] [] [cloudflare] [vhost] [cloudflare] [Cloudflare,Cloudflare Bot Management] [d41d8cd98f00b204e9800998ecf8427e]
http://devhk.bitmex.com:2052 [403] [GET] [text/plain] [] [cloudflare] [vhost] [cloudflare] [Cloudflare,Cloudflare Bot Management] [7b5ea53ba332630e5aca8e4abb807f70]
http://devhk.bitmex.com:2086 [403] [GET] [text/plain] [] [cloudflare] [vhost] [cloudflare] [Cloudflare,Cloudflare Bot Management] [7b5ea53ba332630e5aca8e4abb807f70]
http://devhk.bitmex.com:8080 [403] [GET] [text/plain] [] [cloudflare] [vhost] [cloudflare] [Cloudflare,Cloudflare Bot Management] [7b5ea53ba332630e5aca8e4abb807f70]
http://documents.devhk.bitmex.com:8080 [407] [GET] [text/html] [407 Proxy Authentication Required] [] [e5906397caf758a488f2e042dd7388e1]
http://documents.devsf3.bitmex.com:8080 [407] [GET] [text/html] [407 Proxy Authentication Required] [] [e5906397caf758a488f2e042dd7388e1]
http://documents.testnet.bitmex.com:8080 [407] [GET] [text/html] [407 Proxy Authentication Required] [] [e5906397caf758a488f2e042dd7388e1]
http://onfido.bitmex.com:8080 [407] [GET] [text/html] [407 Proxy Authentication Required] [] [e5906397caf758a488f2e042dd7388e1]
http://onfido.devsf3.bitmex.com:8080 [407] [GET] [text/html] [407 Proxy Authentication Required] [] [e5906397caf758a488f2e042dd7388e1]
http://refer.bitmex.com:2083 [400] [GET] [text/html] [400 The plain HTTP request was sent to HTTPS port] [cloudflare] [cloudflare] [Cloudflare] [20ad84d030031252141ca0b3fc0183f0]
http://refer.bitmex.com:2087 [400] [GET] [text/html] [400 The plain HTTP request was sent to HTTPS port] [cloudflare] [cloudflare] [Cloudflare] [20ad84d030031252141ca0b3fc0183f0]
https://affiliates.bitmex.com [302] [GET] [text/html] [] [cloudflare] [vhost] [cloudflare] [Cloudflare] [6360e50390372e9282513608a7dee27b]
https://auth.devhk.bitmex.com [302] [GET] [text/plain] [] [cloudflare] [vhost] [cloudflare] [Cloudflare,Cloudflare Bot Management] [d2a05fc744b2a0a0a1b17f7ddf30e28a]
https://auth.devhk.bitmex.com:8443 [403] [GET] [text/plain] [] [cloudflare] [vhost] [cloudflare] [Cloudflare,Cloudflare Bot Management] [722969577a96ca3953e84e3d949dee81]
https://auth.devsf2.bitmex.com [302] [GET] [text/plain] [] [cloudflare] [vhost] [cloudflare] [Cloudflare,Cloudflare Bot Management] [e9220d3d7d1bf11968d73340ecb76403]
https://auth.devsf2.bitmex.com:8443 [403] [GET] [text/plain] [] [cloudflare] [vhost] [cloudflare] [Cloudflare,Cloudflare Bot Management] [722969577a96ca3953e84e3d949dee81]
https://auth.devsf3.bitmex.com [302] [GET] [text/plain] [] [cloudflare] [vhost] [cloudflare] [Cloudflare,Cloudflare Bot Management] [a9123a61b9048835dc6972fbd0daacd2]
https://auth.devsf3.bitmex.com:8443 [403] [GET] [text/plain] [] [cloudflare] [vhost] [cloudflare] [Cloudflare,Cloudflare Bot Management] [722969577a96ca3953e84e3d949dee81]
https://auth.devsf.bitmex.com [302] [GET] [text/plain] [] [cloudflare] [vhost] [cloudflare] [Cloudflare,Cloudflare Bot Management] [a50d47a2e1bebf0240957d0de8545e31]
https://auth.devsf.bitmex.com:8443 [403] [GET] [text/plain] [] [cloudflare] [vhost] [cloudflare] [Cloudflare,Cloudflare Bot Management] [722969577a96ca3953e84e3d949dee81]
https://bitmex.com [301] [GET] [] [] [AmazonS3] [vhost] [cloudfront] [Amazon Cloudfront,Amazon S3,Amazon Web Services] [d41d8cd98f00b204e9800998ecf8427e]
https://devhk.bitmex.com:2083 [403] [GET] [text/plain] [] [cloudflare] [vhost] [cloudflare] [Cloudflare,Cloudflare Bot Management] [7b5ea53ba332630e5aca8e4abb807f70]
https://devhk.bitmex.com:2087 [403] [GET] [text/plain] [] [cloudflare] [vhost] [cloudflare] [Cloudflare,Cloudflare Bot Management] [7b5ea53ba332630e5aca8e4abb807f70]
https://devhk.bitmex.com [403] [GET] [text/plain] [] [cloudflare] [vhost] [cloudflare] [Cloudflare,Cloudflare Bot Management] [7b5ea53ba332630e5aca8e4abb807f70]
https://devhk.bitmex.com:8443 [403] [GET] [text/plain] [] [cloudflare] [vhost] [cloudflare] [Cloudflare,Cloudflare Bot Management] [7b5ea53ba332630e5aca8e4abb807f70]
https://devhk-static.bitmex.com [403] [GET] [application/xml] [] [AmazonS3] [vhost] [cloudfront] [Amazon Cloudfront,Amazon S3,Amazon Web Services] [517fe94ed54e21b0d31173d91109ef64]
https://devhk-static.bitmex.com [403] [GET] [application/xml] [] [AmazonS3] [vhost] [cloudfront] [Amazon Cloudfront,Amazon S3,Amazon Web Services] [63e37038e225bff991694604e2bd63b2]
https://devsf3.bitmex.com [403] [GET] [text/html] [403 Forbidden] [awselb/2.0] [vhost] [2e40045efe5134ada9942798c090d269]
https://devsf3.bitmex.com [403] [GET] [text/html] [403 Forbidden] [awselb/2.0] [vhost] [bad2e8579dcdb79399aac2064216a37d]
https://documents.bitmex.com [422] [GET] [text/plain] [] [nginx] [vhost] [Nginx] [3c25b95fe13a78f72edabe71898bef93]
https://documents.bitmex.com:8443 [407] [GET] [text/html] [407 Proxy Authentication Required] [] [e5906397caf758a488f2e042dd7388e1]
https://documents.devhk.bitmex.com [422] [GET] [text/plain] [] [nginx] [vhost] [Nginx] [3c25b95fe13a78f72edabe71898bef93]
https://documents.devhk.bitmex.com:8443 [407] [GET] [text/html] [407 Proxy Authentication Required] [] [e5906397caf758a488f2e042dd7388e1]
https://documents.devsf3.bitmex.com [400] [GET] [text/plain] [] [nginx] [vhost] [Nginx] [5daf9af847ad978d7987dabfdadc4624]
https://documents.devsf3.bitmex.com [400] [GET] [text/plain] [] [nginx] [vhost] [Nginx] [b218ae75e4c6908f42ab46e8c77e9282]
https://documents.devsf3.bitmex.com:8443 [407] [GET] [text/html] [407 Proxy Authentication Required] [] [e5906397caf758a488f2e042dd7388e1]
https://documents.testnet.bitmex.com [422] [GET] [text/plain] [] [nginx] [vhost] [Nginx] [3c25b95fe13a78f72edabe71898bef93]
https://documents.testnet.bitmex.com:8443 [407] [GET] [text/html] [407 Proxy Authentication Required] [] [e5906397caf758a488f2e042dd7388e1]
https://email.mg.bitmex.com [200] [GET] [application/octet-stream] [] [nginx] [Nginx] [9f36c1c909fa94ed5e7af41387ae3dae]
https://fbnotify.dev.devhk.services.bitmex.com [404] [GET] [application/json] [] [gunicorn] [Python,gunicorn] [0524a55babca86072cb958f6d439458e]
https://fbnotify.devhk.services.bitmex.com [404] [GET] [application/json] [] [gunicorn] [Python,gunicorn] [0524a55babca86072cb958f6d439458e]
https://fbnotify.prod.services.bitmex.com [404] [GET] [application/json] [] [gunicorn] [Python,gunicorn] [0524a55babca86072cb958f6d439458e]
https://fbnotify.public.testnet.services.bitmex.com [404] [GET] [application/json] [] [gunicorn] [Python,gunicorn] [0524a55babca86072cb958f6d439458e]
https://freshdesk.services.bitmex.com [301] [GET] [text/html] [301 Moved Permanently] [] [vhost] [4f8e702cc244ec5d4de32740c0ecbd97]
https://l.m.bitmex.com [404] [GET] [text/html] [404 Not Found] [nginx] [Nginx] [8e325dc2fea7c8900fc6c4b8c6c394fe]
https://l.m.testnet.bitmex.com [404] [GET] [text/html] [404 Not Found] [nginx] [Nginx] [8e325dc2fea7c8900fc6c4b8c6c394fe]
https://mobile-config.services.bitmex.com [200] [GET] [text/html] [] [] [vhost] [e5a01d5b3b2145712bf632ef5fb0adc7]
https://mobile-config.testnet.services.bitmex.com [200] [GET] [text/html] [] [] [vhost] [e5a01d5b3b2145712bf632ef5fb0adc7]
https://onfido.bitmex.com [200] [GET] [text/html] [Onfido API] [nginx] [vhost] [Amazon Cloudfront,Amazon Web Services,Nginx] [a21093fe356b8c510617ee5ce18ae54b]
https://onfido.bitmex.com:8443 [407] [GET] [text/html] [407 Proxy Authentication Required] [] [e5906397caf758a488f2e042dd7388e1]
https://onfido.devsf3.bitmex.com [400] [GET] [text/plain] [] [nginx] [vhost] [Nginx] [158c4d571c37efdd2f088a7599470602]
https://onfido.devsf3.bitmex.com [400] [GET] [text/plain] [] [nginx] [vhost] [Nginx] [e67fd1827643aa9958ff840319b6de2d]
https://onfido.devsf3.bitmex.com:8443 [407] [GET] [text/html] [407 Proxy Authentication Required] [] [e5906397caf758a488f2e042dd7388e1]
https://onfido.testnet.bitmex.com [200] [GET] [text/html] [Onfido API] [nginx] [vhost] [Amazon Cloudfront,Amazon Web Services,Nginx] [a21093fe356b8c510617ee5ce18ae54b]
https://onfido.testnet.bitmex.com:8443 [407] [GET] [text/html] [407 Proxy Authentication Required] [] [e5906397caf758a488f2e042dd7388e1]
https://podcasts.academy.bitmex.com [200] [GET] [text/html] [The BitMEX Academy Podcast] [Caddy] [vhost] [Caddy,Go,Ruby,Ruby on Rails,Stimulus] [43798a15ab304f2b8bb6984d60478029]
https://podcasts.academy.bitmex.com [200] [GET] [text/html] [The BitMEX Academy Podcast] [Caddy] [vhost] [Caddy,Go,Ruby,Ruby on Rails,Stimulus] [a778c7084654f1219c58787e368c46bc]
https://refer.bitmex.com [302] [GET] [text/plain] [] [cloudflare] [vhost] [cloudflare] [Cloudflare,Cloudflare Bot Management,Express,Node.js] [0dcc81c5ed1993f4f5f655ea5399ffb6]
https://refer.bitmex.com:8443 [403] [GET] [text/plain] [] [cloudflare] [vhost] [cloudflare] [Cloudflare,Cloudflare Bot Management] [4f20b85ce5ebf225720e040314a7966a]
https://refer.services.bitmex.com [302] [GET] [text/plain] [] [] [vhost] [Express,Node.js] [0dcc81c5ed1993f4f5f655ea5399ffb6]
https://securemail.bitmex.com:10000 [302] [GET] [text/html] [302 Found] [] [9b9de3bc5331606e7a72d1c825c97ce8]
https://securemail.bitmex.com:10001 [302] [GET] [text/html] [302 Found] [] [f77ffb5dd63985ceee5c16a73b68913f]
https://securemail.bitmex.com [403] [GET] [text/html] [] [] [vhost] [12ad6874f2d36eb26a91812772d78654]
https://sentry.testnet.services.bitmex.com [302] [GET] [text/html] [] [] [vhost] [d41d8cd98f00b204e9800998ecf8427e]
https://static.bitmex.com [403] [GET] [application/xml] [] [AmazonS3] [vhost] [cloudfront] [Amazon Cloudfront,Amazon S3,Amazon Web Services] [2774669e4e83dbc3cac3ff21dfa34e0e]
https://static.bitmex.com [403] [GET] [application/xml] [] [AmazonS3] [vhost] [cloudfront] [Amazon Cloudfront,Amazon S3,Amazon Web Services] [9d02eb9dc44457016f87174dd3f6e29a]
https://support.services.bitmex.com [400] [GET] [text/html] [400 No required SSL certificate was sent] [] [vhost] [08fee48a957bb5fb09679a318ee48bbc]
https://support.testnet.bitmex.com [301] [GET] [] [] [AmazonS3] [vhost] [cloudfront] [Amazon Cloudfront,Amazon S3,Amazon Web Services] [d41d8cd98f00b204e9800998ecf8427e]
https://support.testnet.services.bitmex.com [400] [GET] [text/html] [400 No required SSL certificate was sent] [] [vhost] [08fee48a957bb5fb09679a318ee48bbc]
https://support.testnet.services.bitmex.com [400] [GET] [text/html] [400 No required SSL certificate was sent] [] [vhost] [6be05d19e4ca80eb3ef0a7f16f937f13]
https://testnet2.bitmex.com [200] [GET] [text/html] [BitMEX Testnet] [cloudflare] [vhost] [cloudfront] [Amazon Cloudfront,Amazon Web Services,Cloudflare,Cloudflare Bot Management,Contentful,Next.js,Node.js,React,webpack] [357ef2a99d8a822882b6290f3e72df07]
https://testnet.bitmex.com [200] [GET] [text/html] [BitMEX Testnet] [cloudflare] [vhost] [cloudflare] [Cloudflare,Cloudflare Bot Management,Contentful,Next.js,Node.js,React,webpack] [41f87ce37a438d75d193e0c445d6b985]
https://testnet.bitmex.com [200] [GET] [text/html] [BitMEX Testnet] [cloudflare] [vhost] [cloudflare] [Cloudflare,Cloudflare Bot Management,Contentful,Next.js,Node.js,React,webpack] [dae5f1005787eb5991d9fbd8b8942a01]
https://testnet-static.bitmex.com [403] [GET] [application/xml] [] [AmazonS3] [vhost] [cloudfront] [Amazon Cloudfront,Amazon S3,Amazon Web Services] [050eb4652872053ea018427f1e4ae87a]
https://testnet-static.bitmex.com [403] [GET] [application/xml] [] [AmazonS3] [vhost] [cloudfront] [Amazon Cloudfront,Amazon S3,Amazon Web Services] [9184c19e96d3db9c3fae6ee002a9529b]
https://token.services.bitmex.com [200] [GET] [text/html] [BMEX Token | Get to know more about our token, litepaper & airdropping details] [] [vhost] [Contentful,Google Font API] [c35f8ba8fcaf743ed64cc7be9fdd0d3f]
https://upload.bitmex.com [422] [GET] [text/plain] [] [nginx] [vhost] [Nginx] [3c25b95fe13a78f72edabe71898bef93]
https://upload.bitmex.com:8443 [407] [GET] [text/html] [407 Proxy Authentication Required] [] [e5906397caf758a488f2e042dd7388e1]
https://upload.devsf3.bitmex.com [400] [GET] [text/plain] [] [nginx] [vhost] [Nginx] [4ab13a46b6cfb71b1025594294d3c195]
https://upload.devsf3.bitmex.com [400] [GET] [text/plain] [] [nginx] [vhost] [Nginx] [c47c92c1c3b2bfacf79913cb7c739742]
https://upload.devsf3.bitmex.com:8443 [407] [GET] [text/html] [407 Proxy Authentication Required] [] [e5906397caf758a488f2e042dd7388e1]
https://upload.testnet.bitmex.com [422] [GET] [text/plain] [] [nginx] [vhost] [Nginx] [3c25b95fe13a78f72edabe71898bef93]
https://upload.testnet.bitmex.com:8443 [407] [GET] [text/html] [407 Proxy Authentication Required] [] [e5906397caf758a488f2e042dd7388e1]
https://vasp.devsf3.bitmex.com:2083 [403] [GET] [text/plain] [] [cloudflare] [vhost] [cloudflare] [Cloudflare,Cloudflare Bot Management] [c8750906ad1e689d41ab2a4e25d9864d]
https://vasp.devsf3.bitmex.com:2087 [403] [GET] [text/plain] [] [cloudflare] [vhost] [cloudflare] [Cloudflare,Cloudflare Bot Management] [c8750906ad1e689d41ab2a4e25d9864d]
https://vasp.devsf3.bitmex.com [403] [GET] [text/plain] [] [cloudflare] [vhost] [cloudflare] [Cloudflare,Cloudflare Bot Management] [c8750906ad1e689d41ab2a4e25d9864d]
https://vasp.devsf3.bitmex.com:8443 [403] [GET] [text/plain] [] [cloudflare] [vhost] [cloudflare] [Cloudflare,Cloudflare Bot Management] [c8750906ad1e689d41ab2a4e25d9864d]
https://watchlist.dev.bitmex.com [400] [GET] [text/plain] [] [nginx] [vhost] [Nginx] [107e2a943b70c4f6be864b67f144af29]
https://watchlist.dev.bitmex.com [400] [GET] [text/plain] [] [nginx] [vhost] [Nginx] [ef6abe59c1c0248880bf529f0182401d]
https://watchlist.dev.bitmex.com:8443 [407] [GET] [text/html] [407 Proxy Authentication Required] [] [e5906397caf758a488f2e042dd7388e1]
https://ws.bitmex.com [404] [GET] [text/html] [Error] [] [cloudflare] [Express,Node.js] [da7da7d630292e7a2a7dda8ca87b3d39]
https://ws.testnet.bitmex.com [404] [GET] [text/html] [Error] [] [cloudflare] [Express,Node.js] [da7da7d630292e7a2a7dda8ca87b3d39]
http://testnet.bitmex.com:2083 [400] [GET] [text/html] [400 The plain HTTP request was sent to HTTPS port] [cloudflare] [cloudflare] [Cloudflare] [cd58783500d7fa3c58f88eb0ba22f4f8]
http://testnet.bitmex.com:2087 [400] [GET] [text/html] [400 The plain HTTP request was sent to HTTPS port] [cloudflare] [cloudflare] [Cloudflare] [cd58783500d7fa3c58f88eb0ba22f4f8]
http://testnet.bitmex.com:8443 [400] [GET] [text/html] [400 The plain HTTP request was sent to HTTPS port] [cloudflare] [cloudflare] [Cloudflare] [cd58783500d7fa3c58f88eb0ba22f4f8]
http://upload.devsf3.bitmex.com:8080 [407] [GET] [text/html] [407 Proxy Authentication Required] [] [e5906397caf758a488f2e042dd7388e1]
http://upload.testnet.bitmex.com:8080 [407] [GET] [text/html] [407 Proxy Authentication Required] [] [e5906397caf758a488f2e042dd7388e1]
http://watchlist.dev.bitmex.com:8080 [407] [GET] [text/html] [407 Proxy Authentication Required] [] [e5906397caf758a488f2e042dd7388e1]
