https://b.bitrue.com [200] [GET] [text/html] [Welcome to OpenResty!] [] [4c58a19da43c2e4c47593beade2c6576]
https://bitmarket.bitrue.com [200] [GET] [text/html] [Bitrue - Leading Digital Assets Exchange] [] [vhost] [Ant Design,React] [0ee1abea4cec4b730b25b0a26357d681]
https://bitmarket.bitrue.com [200] [GET] [text/html] [Bitrue - Leading Digital Assets Exchange] [] [vhost] [Ant Design,React] [1c8c696830d010478f3bffd00df640ff]
https://bitrue.com [301] [GET] [text/html] [301 Moved Permanently] [] [vhost] [3ea1c8d079b38532a6e01a96216ba5e2]
https://bitrue.com:6443 [503] [GET] [text/html] [503 Service Temporarily Unavailable] [awselb/2.0] [613f79233487af685baf4b32a2397ede]
https://cdn.bitrue.com [403] [GET] [application/xml] [] [AmazonS3] [vhost] [cloudfront] [Amazon Cloudfront,Amazon S3,Amazon Web Services] [4dc70cb6984c9f5ef48d281bf52a921f]
https://cdn.bitrue.com [403] [GET] [application/xml] [] [AmazonS3] [vhost] [cloudfront] [Amazon Cloudfront,Amazon S3,Amazon Web Services] [79bdb4a254f9e74f27b6d39588d87f80]
https://fm.bitrue.com [200] [GET] [application/json] [] [] [vhost] [a5a0ff4a5f4bb4ccae338a79ae9dedbc]
https://futures.bitrue.com [404] [GET] [application/json] [] [] [ab787acf4329e14eb858810b280f4e6e]
https://futures.bitrue.com [404] [GET] [application/json] [] [] [d38cdc4bc7360beefd9bcbb52c29d2ed]
https://futuresws.bitrue.com [404] [GET] [text/plain] [] [nginx] [vhost] [Nginx] [595e88012a6521aae3e12cbebe76eb9e]
https://link.bitrue.com [400] [GET] [text/html] [Invalid Dynamic Link] [] [vhost] [Fastly] [13f4faea86a5d8a799a57a1bcd478434]
https://m.bitrue.com [200] [GET] [text/html] [Welcome to OpenResty!] [] [4c58a19da43c2e4c47593beade2c6576]
https://openapi.bitrue.com [200] [GET] [text/html] [Bitrue - Leading Digital Assets Exchange] [] [vhost] [Ant Design,React] [5c9fc2bb9c311076ecd17e6ce6046a72]
https://openapi.bitrue.com [200] [GET] [text/html] [Bitrue - Leading Digital Assets Exchange] [] [vhost] [Ant Design,React] [8432a30ee2ffe7f6eb287b23f81798e1]
https://openapi.bitrue.com:444 [200] [GET] [text/html] [Bitrue - Leading Digital Assets Exchange] [] [vhost] [Ant Design,React] [52dff870d05b5278d6eafa83d12c34fa]
https://open.bitrue.com [503] [GET] [text/plain] [] [awselb/2.0] [1fcbe7d92422c93d6a515c09dde3dd63]
https://static.bitrue.com [403] [GET] [application/xml] [] [AmazonS3] [vhost] [cloudfront] [Amazon Cloudfront,Amazon S3,Amazon Web Services] [c48ddf5acf09f0c504de32881d3fc657]
https://www.bitrue.com [301] [GET] [text/html] [301 Moved Permanently] [] [vhost] [cloudfront] [Amazon Cloudfront,Amazon Web Services] [3ea1c8d079b38532a6e01a96216ba5e2]
http://ws.bitrue.com [301] [GET] [text/html] [301 Moved Permanently] [awselb/2.0] [4aa7a432bb447f094408f1bd6229c605]
