http://autoconfig.bitswift.cash:2082 [200] [GET] [text/html] [cPanel Login] [] [cPanel] [3c66d22095464f80cb35bd15f2664757]
http://autoconfig.bitswift.cash:2095 [200] [GET] [text/html] [Webmail Login] [] [5be7a6012fd7a5e736d0cd7db2b93b61]
http://autodiscover.bitswift.cash:2082 [200] [GET] [text/html] [cPanel Login] [] [cPanel] [4074df729c287d73e83880daecc1ecb5]
http://autodiscover.bitswift.cash:2095 [200] [GET] [text/html] [Webmail Login] [] [4fc31e3c026b6aca4d470b8165fec7f2]
http://cpanel.bitswift.cash:2082 [200] [GET] [text/html] [cPanel Login] [] [cPanel] [efb329f0cd1ece080c5a219ba0f64e3d]
http://cpanel.bitswift.cash:2095 [200] [GET] [text/html] [Webmail Login] [] [6d05b673e7da97b4b879033940970425]
http://imap.bitswift.cash:2082 [200] [GET] [text/html] [cPanel Login] [] [cPanel] [efb329f0cd1ece080c5a219ba0f64e3d]
http://imap.bitswift.cash:2095 [200] [GET] [text/html] [Webmail Login] [] [7c5e46426b3cb860d56dbb5775622064]
http://mail.bitswift.cash:2082 [200] [GET] [text/html] [cPanel Login] [] [cPanel] [14c020012feb86cb933416da28c14665]
http://mail.bitswift.cash:2095 [200] [GET] [text/html] [Webmail Login] [] [41cbd9b1c5141108d656b8ab70168ebc]
http://pop3.bitswift.cash:2082 [200] [GET] [text/html] [cPanel Login] [] [cPanel] [7c27fd8a58f5131739150455d5e0de47]
http://pop3.bitswift.cash:2095 [200] [GET] [text/html] [Webmail Login] [] [10d08547a57ec2e390017d944f10124c]
https://autoconfig.bitswift.cash [200] [GET] [application/xml] [] [LiteSpeed] [vhost] [LiteSpeed,Litespeed Cache] [62c2eec2b25ed71f77dee83a52f0f293]
https://autoconfig.bitswift.cash:2083 [200] [GET] [text/html] [cPanel Login] [] [cPanel] [e7eafd38c1b41193c59e3b1999c3a2ec]
https://autodiscover.bitswift.cash:2083 [200] [GET] [text/html] [cPanel Login] [] [cPanel] [09099ecaea161e9859749e5bc50ff5bc]
https://autodiscover.bitswift.cash [400] [GET] [text/plain] [] [LiteSpeed] [vhost] [LiteSpeed,Litespeed Cache] [f176491bc6dfc0bdd29b0f671718c398]
https://bitswift.cash [200] [GET] [text/html] [Bitswift Cash] [nginx/1.14.0 (Ubuntu)] [Nginx:1.14.0,Ubuntu] [cea67e29ca5d7de28d9df73b9a5f1a7b]
https://bitswift.cash:8443 [200] [GET] [application/json] [] [] [f2407056c089170d4df9dac66a284f38]
https://cpanel.bitswift.cash [200] [GET] [text/html] [cPanel Login] [LiteSpeed] [vhost] [LiteSpeed,Litespeed Cache,cPanel] [09099ecaea161e9859749e5bc50ff5bc]
https://cpanel.bitswift.cash [200] [GET] [text/html] [cPanel Login] [LiteSpeed] [vhost] [LiteSpeed,Litespeed Cache,cPanel] [4074df729c287d73e83880daecc1ecb5]
https://cpanel.bitswift.cash:2083 [200] [GET] [text/html] [cPanel Login] [] [cPanel] [3ddc5327e6280bbc95b30a11a314570a]
https://ftp.bitswift.cash [200] [GET] [text/html] [Bitswift Cash] [nginx/1.14.0 (Ubuntu)] [Nginx:1.14.0,Ubuntu] [cea67e29ca5d7de28d9df73b9a5f1a7b]
https://ftp.bitswift.cash:8443 [200] [GET] [application/json] [] [] [f2407056c089170d4df9dac66a284f38]
https://imap.bitswift.cash [200] [GET] [text/html] [] [LiteSpeed] [LiteSpeed,Litespeed Cache] [f1fb042c62910c34be16ad91cbbd71fa]
https://imap.bitswift.cash:2083 [200] [GET] [text/html] [cPanel Login] [] [cPanel] [8a3663343930007a45d6ef9bc80cceb3]
https://mail.bitswift.cash [200] [GET] [text/html] [Index of /] [LiteSpeed] [vhost] [LiteSpeed,Litespeed Cache] [2bd020a3c6299447346fdc4f3e28cf5f]
https://mail.bitswift.cash:2083 [200] [GET] [text/html] [cPanel Login] [] [cPanel] [edd52df264163368f87fba6cef56f27a]
http://smtp.bitswift.cash:2082 [200] [GET] [text/html] [cPanel Login] [] [cPanel] [e7eafd38c1b41193c59e3b1999c3a2ec]
http://smtp.bitswift.cash:2095 [200] [GET] [text/html] [Webmail Login] [] [4e3aff90250c61f00c5f71df45fb3a58]
https://pop3.bitswift.cash [200] [GET] [text/html] [] [LiteSpeed] [LiteSpeed,Litespeed Cache] [f1fb042c62910c34be16ad91cbbd71fa]
https://pop3.bitswift.cash:2083 [200] [GET] [text/html] [cPanel Login] [] [cPanel] [8dd8e597d3e4cc461ae00f870e81f62b]
https://smtp.bitswift.cash [200] [GET] [text/html] [] [LiteSpeed] [LiteSpeed,Litespeed Cache] [f1fb042c62910c34be16ad91cbbd71fa]
https://smtp.bitswift.cash:2083 [200] [GET] [text/html] [cPanel Login] [] [cPanel] [98eb45cfa0a1b404ca48fc0a3ebcaa6d]
https://webmail.bitswift.cash [200] [GET] [text/html] [Webmail Login] [LiteSpeed] [vhost] [LiteSpeed,Litespeed Cache] [032934b52521e1d31343e8f809b68682]
https://webmail.bitswift.cash [200] [GET] [text/html] [Webmail Login] [LiteSpeed] [vhost] [LiteSpeed,Litespeed Cache] [65ccd943fe6f992ceb039a36be324f7f]
https://webmail.bitswift.cash:2083 [200] [GET] [text/html] [cPanel Login] [] [cPanel] [3c66d22095464f80cb35bd15f2664757]
https://www.bitswift.cash [200] [GET] [text/html] [Bitswift Cash] [nginx/1.14.0 (Ubuntu)] [Nginx:1.14.0,Ubuntu] [cea67e29ca5d7de28d9df73b9a5f1a7b]
https://www.bitswift.cash:8443 [200] [GET] [application/json] [] [] [f2407056c089170d4df9dac66a284f38]
http://webmail.bitswift.cash:2082 [200] [GET] [text/html] [cPanel Login] [] [cPanel] [32010b40a879b4ea385b64fcf5fe4e8a]
http://webmail.bitswift.cash:2095 [200] [GET] [text/html] [Webmail Login] [] [37cf0c63120c3b936bc002e78d4d1c0d]
