http://bluebit.fi:2082 [301] [GET] [] [] [cloudflare] [vhost] [cloudflare] [Cloudflare,Cloudflare Network Error Logging] [d41d8cd98f00b204e9800998ecf8427e]
http://bluebit.fi:2086 [301] [GET] [] [] [cloudflare] [vhost] [cloudflare] [Cloudflare,Cloudflare Network Error Logging] [d41d8cd98f00b204e9800998ecf8427e]
http://bluebit.fi:8080 [301] [GET] [] [] [cloudflare] [vhost] [cloudflare] [Cloudflare,Cloudflare Network Error Logging] [d41d8cd98f00b204e9800998ecf8427e]
http://bluebit.fi:8880 [301] [GET] [] [] [cloudflare] [vhost] [cloudflare] [Cloudflare,Cloudflare Network Error Logging] [d41d8cd98f00b204e9800998ecf8427e]
https://bluebit.fi:2053 [503] [GET] [text/html] [Just a moment...] [cloudflare] [vhost] [cloudflare] [Cloudflare,Cloudflare Network Error Logging] [8ce97ffbf031c0c26ac56ddcf8af1c4b]
https://bluebit.fi:2087 [503] [GET] [text/html] [Just a moment...] [cloudflare] [vhost] [cloudflare] [Cloudflare,Cloudflare Network Error Logging] [83d1164b925466fdaddc7f95cc8b743e]
https://bluebit.fi [503] [GET] [text/html] [Just a moment...] [cloudflare] [vhost] [cloudflare] [Cloudflare,Cloudflare Network Error Logging] [d72640a03adb08ab69ba74f142d56b2e]
https://bluebit.fi [503] [GET] [text/html] [Just a moment...] [cloudflare] [vhost] [cloudflare] [Cloudflare,Cloudflare Network Error Logging] [e9464f147effa17efb4d773465d4155e]
https://test703.bluebit.fi:2053 [503] [GET] [text/html] [Just a moment...] [cloudflare] [vhost] [cloudflare] [Cloudflare,Cloudflare Network Error Logging] [a0072c57a2c7c8612eb6ff3096814248]
https://test703.bluebit.fi:2087 [503] [GET] [text/html] [Just a moment...] [cloudflare] [vhost] [cloudflare] [Cloudflare,Cloudflare Network Error Logging] [851e41982961402e4cfd3f5cbfe20f78]
https://test703.bluebit.fi [503] [GET] [text/html] [Just a moment...] [cloudflare] [vhost] [cloudflare] [Cloudflare,Cloudflare Network Error Logging] [5aad975ab720b29b97a9d10cf18f0ea3]
https://test703.bluebit.fi [503] [GET] [text/html] [Just a moment...] [cloudflare] [vhost] [cloudflare] [Cloudflare,Cloudflare Network Error Logging] [5cd97b0b73ee58a8540fcdc6bc189fbe]
https://www.bluebit.fi:2083 [503] [GET] [text/html] [Just a moment...] [cloudflare] [vhost] [cloudflare] [Cloudflare,Cloudflare Network Error Logging] [591871ee3a998c6652cb7e8c6e62b135]
https://www.bluebit.fi:2087 [503] [GET] [text/html] [Just a moment...] [cloudflare] [vhost] [cloudflare] [Cloudflare,Cloudflare Network Error Logging] [ebfb37d980f1b27a8d53bf6c2de1fffb]
https://www.bluebit.fi [503] [GET] [text/html] [Just a moment...] [cloudflare] [vhost] [cloudflare] [Cloudflare,Cloudflare Network Error Logging] [63e62f29c355cf7570b2fe8be09bad99]
https://www.bluebit.fi [503] [GET] [text/html] [Just a moment...] [cloudflare] [vhost] [cloudflare] [Cloudflare,Cloudflare Network Error Logging] [99e22e2be97840bb3e4cb358c91d11de]
https://www.bluebit.fi:8443 [503] [GET] [text/html] [Just a moment...] [cloudflare] [vhost] [cloudflare] [Cloudflare,Cloudflare Network Error Logging] [e8f9b8b149f5083738244707dfd4d777]
http://test703.bluebit.fi:2082 [301] [GET] [] [] [cloudflare] [vhost] [cloudflare] [Cloudflare,Cloudflare Network Error Logging] [d41d8cd98f00b204e9800998ecf8427e]
http://test703.bluebit.fi:2086 [301] [GET] [] [] [cloudflare] [vhost] [cloudflare] [Cloudflare,Cloudflare Network Error Logging] [d41d8cd98f00b204e9800998ecf8427e]
http://test703.bluebit.fi:8080 [301] [GET] [] [] [cloudflare] [vhost] [cloudflare] [Cloudflare,Cloudflare Network Error Logging] [d41d8cd98f00b204e9800998ecf8427e]
http://test703.bluebit.fi:8880 [301] [GET] [] [] [cloudflare] [vhost] [cloudflare] [Cloudflare,Cloudflare Network Error Logging] [d41d8cd98f00b204e9800998ecf8427e]
http://www.bluebit.fi:2086 [301] [GET] [] [] [cloudflare] [vhost] [cloudflare] [Cloudflare,Cloudflare Network Error Logging] [d41d8cd98f00b204e9800998ecf8427e]
http://www.bluebit.fi:8080 [301] [GET] [] [] [cloudflare] [vhost] [cloudflare] [Cloudflare,Cloudflare Network Error Logging] [d41d8cd98f00b204e9800998ecf8427e]
http://www.bluebit.fi:8880 [301] [GET] [] [] [cloudflare] [vhost] [cloudflare] [Cloudflare,Cloudflare Network Error Logging] [d41d8cd98f00b204e9800998ecf8427e]
