http://graphql.dev.braintree-api.com [403] [GET] [text/html] [ERROR: The request could not be satisfied] [CloudFront] [cloudfront] [Amazon Cloudfront,Amazon Web Services] [9e97003df494d2fcf990d56aafad36b6]
https://analytics-prod-ap-southeast-2.production.braintree-api.com [200] [GET] [text/javascript] [] [nginx] [Nginx] [d41d8cd98f00b204e9800998ecf8427e]
https://analytics-prod-eu-central-1.production.braintree-api.com [200] [GET] [text/javascript] [] [nginx] [Nginx] [d41d8cd98f00b204e9800998ecf8427e]
https://analytics-prod-us-east-2.production.braintree-api.com [200] [GET] [text/javascript] [] [nginx] [Nginx] [d41d8cd98f00b204e9800998ecf8427e]
https://analytics-prod-us-west-2.production.braintree-api.com [200] [GET] [text/javascript] [] [nginx] [Nginx] [d41d8cd98f00b204e9800998ecf8427e]
https://analytics-qa-eu-central-1.dev.braintree-api.com [200] [GET] [text/javascript] [] [nginx] [Nginx] [d41d8cd98f00b204e9800998ecf8427e]
https://arbiter-kubernetes-prod-us-west-2.production.braintree-api.com [404] [GET] [text/html] [] [nginx] [vhost] [Nginx] [d41d8cd98f00b204e9800998ecf8427e]
https://arbiter-kubernetes-qa-us-west-2.dev.braintree-api.com [404] [GET] [text/html] [] [nginx] [vhost] [Nginx] [d41d8cd98f00b204e9800998ecf8427e]
https://arbiter-kubernetes-sand-us-west-2.sandbox.braintree-api.com [404] [GET] [text/html] [] [nginx] [vhost] [Nginx] [d41d8cd98f00b204e9800998ecf8427e]
https://atmosphere-prod-ap-southeast-2.production.braintree-api.com [404] [GET] [application/json] [] [nginx] [Nginx] [de601f703a132f12c2154f5583f423e1]
https://atmosphere-prod-eu-central-1.production.braintree-api.com [404] [GET] [application/json] [] [nginx] [Nginx] [d823231f32bb17e81f715c60539446ee]
https://atmosphere-prod-us-east-1.production.braintree-api.com [404] [GET] [application/json] [] [nginx] [Nginx] [4682376d59fe1fb4a8d0a768efb1c106]
https://atmosphere-prod-us-east-2.production.braintree-api.com [404] [GET] [application/json] [] [nginx] [Nginx] [91525bd104d7d3eb96c5367fa2e2713b]
https://atmosphere-prod-us-west-2.production.braintree-api.com [404] [GET] [application/json] [] [nginx] [Nginx] [4b5739cf0996602ef039785b339843fc]
https://atmosphere-qa-ap-southeast-2.dev.braintree-api.com [404] [GET] [application/json] [] [nginx] [Nginx] [06a1aa77593a5b43ba3db5ec8dca678e]
https://atmosphere-qa-ap-southeast-2.dev.braintree-api.com:8443 [302] [GET] [text/html] [] [] [73cded6c1f2c6323b3f87403276d52ae]
https://atmosphere-qa-eu-central-1.dev.braintree-api.com [404] [GET] [application/json] [] [nginx] [Nginx] [b8e2d5ac3c08537763418d2167ce6d20]
https://atmosphere-qa-eu-central-1.dev.braintree-api.com:8443 [302] [GET] [text/html] [] [] [8fba6aa5e2f03b1df2cf65003b8d28a5]
https://atmosphere-qa-us-east-1.dev.braintree-api.com [404] [GET] [application/json] [] [nginx] [Nginx] [afd96cac3752287de4088385bcb94c25]
https://atmosphere-qa-us-east-1.dev.braintree-api.com:8443 [302] [GET] [text/html] [] [] [f3b51f8f9b41ae41c46e22e6b614cfd8]
https://atmosphere-qa-us-west-2.dev.braintree-api.com [404] [GET] [application/json] [] [nginx] [Nginx] [811ea8c3698424bb2b4828282470973a]
https://atmosphere-qa-us-west-2.dev.braintree-api.com:8443 [302] [GET] [text/html] [] [] [f66bbdb1eaf98be208946b5ad156222c]
https://atmosphere-sand-ap-southeast-2.sandbox.braintree-api.com [404] [GET] [application/json] [] [nginx] [Nginx] [6801b9e0ae9bddcf255e64adeeb4ff99]
https://atmosphere-sand-eu-central-1.sandbox.braintree-api.com [404] [GET] [application/json] [] [nginx] [Nginx] [8b12a45ea20ea72c375acab18cd610b9]
https://atmosphere-sand-us-east-1.sandbox.braintree-api.com [404] [GET] [application/json] [] [nginx] [Nginx] [5ffcb82f88e16ee8f0ffb7c9271eaab9]
https://atmosphere-sand-us-east-2.sandbox.braintree-api.com [404] [GET] [application/json] [] [nginx] [Nginx] [1a96354491b65eae61d2cb739f725edc]
https://atmosphere-sand-us-west-2.sandbox.braintree-api.com [404] [GET] [application/json] [] [nginx] [Nginx] [593e3f77cf451b606f9f50b078b98198]
https://bazaar-prod-us-west-2.production.braintree-api.com [301] [GET] [text/html] [] [nginx] [Nginx] [f2dadca1587ac8837714177f5b1e6066]
https://bazaar-sand-us-west-2.sandbox.braintree-api.com [301] [GET] [text/html] [] [nginx] [Nginx] [63901a783cd61f6dd2a1b510638dbc66]
https://billing-registration-prod-us-west-2.production.braintree-api.com [401] [GET] [text/html] [] [nginx] [Basic,Nginx] [e31692ed41a407435d20c100e05c4b83]
https://brisk-http-prod-us-west-2.production.braintree-api.com [301] [GET] [text/html] [] [nginx] [Nginx] [2736ae2e401319d3c07b9ab4b13dfad8]
https://brisk-http-qa-us-west-2.dev.braintree-api.com [301] [GET] [text/html] [] [nginx] [Nginx] [f47991ac906a2b34f5151bd5ae27b971]
https://data-airflow-webserver-dataprod-us-east-2.data-production.braintree-api.com [401] [GET] [text/html] [401 Authorization Required] [nginx] [Basic,Nginx] [481905a1e2cd3034b6976bafb7a3abda]
https://data-airflow-webserver-datastag-us-east-2.data-staging.braintree-api.com [401] [GET] [text/html] [401 Authorization Required] [nginx] [Basic,Nginx] [481905a1e2cd3034b6976bafb7a3abda]
https://data-airflow-webserver-sand-us-east-2.sandbox.braintree-api.com [401] [GET] [text/html] [401 Authorization Required] [nginx] [Basic,Nginx] [481905a1e2cd3034b6976bafb7a3abda]
https://datacenter.gateway-prod.production.braintree-api.com [403] [GET] [text/html] [] [] [d41d8cd98f00b204e9800998ecf8427e]
https://datacenter.gateway-qa.dev.braintree-api.com [302] [GET] [text/html] [] [] [a45c0866f200ac2a634ec0ba53f50ed4]
https://datacenter.gateway-qa.dev.braintree-api.com:8443 [302] [GET] [text/html] [] [] [5e6e6f34e1a0e89a49230255fbf79e3f]
https://datacenter.gateway-sand.sandbox.braintree-api.com [403] [GET] [text/html] [] [] [d41d8cd98f00b204e9800998ecf8427e]
https://datacenter.gateway-sand.sandbox.braintree-api.com:8443 [403] [GET] [text/html] [] [] [d41d8cd98f00b204e9800998ecf8427e]
https://disputes-panel-prod-us-west-2.production.braintree-api.com [302] [GET] [text/html] [] [] [b4c318447758efdee650e73c48b317cb]
https://disputes-panel-sand-us-west-2.sandbox.braintree-api.com [302] [GET] [text/html] [] [] [b4c318447758efdee650e73c48b317cb]
https://docs-prod-us-east-2.production.braintree-api.com [200] [GET] [text/html] [Braintree Developer Documentation] [nginx] [Google Tag Manager,Nginx] [21451e79185d872b5e980537665591a1]
https://docs-qa-us-east-2.dev.braintree-api.com [200] [GET] [text/html] [Braintree Developer Documentation] [nginx] [Nginx] [2369c0157d5668f11ed014b08fbe0237]
https://externalauth-prod-us-west-2.production.braintree-api.com [301] [GET] [text/html] [] [nginx] [Nginx] [f046bb4b2dc7644ad3524bb31206525a]
https://externalauth-qa-us-west-2.dev.braintree-api.com [301] [GET] [text/html] [] [nginx] [Nginx] [f64e49eeb87382650911b6c0e1fb9b2c]
https://externalauth-sand-us-west-2.sandbox.braintree-api.com [301] [GET] [text/html] [] [nginx] [Nginx] [5cad9694a8567c2f016f5fd26c389f29]
https://falcon-prod-us-east-1.production.braintree-api.com [415] [GET] [text/plain] [] [nginx] [Nginx] [92a8b3de75ff041c60c75f8823b84445]
https://falcon-prod-us-east-2.production.braintree-api.com [415] [GET] [text/plain] [] [nginx] [Nginx] [92a8b3de75ff041c60c75f8823b84445]
https://falcon-prod-us-west-2.production.braintree-api.com [415] [GET] [text/plain] [] [nginx] [Nginx] [92a8b3de75ff041c60c75f8823b84445]
https://falcon-qa-us-east-1.dev.braintree-api.com [415] [GET] [text/plain] [] [nginx] [Nginx] [92a8b3de75ff041c60c75f8823b84445]
https://falcon-qa-us-east-2.dev.braintree-api.com [415] [GET] [text/plain] [] [nginx] [Nginx] [92a8b3de75ff041c60c75f8823b84445]
https://falcon-qa-us-west-2.dev.braintree-api.com [415] [GET] [text/plain] [] [nginx] [Nginx] [92a8b3de75ff041c60c75f8823b84445]
https://falcon-sand-us-east-1.sandbox.braintree-api.com [415] [GET] [text/plain] [] [nginx] [Nginx] [92a8b3de75ff041c60c75f8823b84445]
https://falcon-sand-us-east-2.sandbox.braintree-api.com [415] [GET] [text/plain] [] [nginx] [Nginx] [92a8b3de75ff041c60c75f8823b84445]
https://falcon-sand-us-west-2.sandbox.braintree-api.com [415] [GET] [text/plain] [] [nginx] [Nginx] [92a8b3de75ff041c60c75f8823b84445]
https://gateway.braintree-api.com [302] [GET] [text/html] [] [] [80cc5e8678d5b809b24812e4a9533321]
https://gateway.braintree-api.com:8443 [302] [GET] [text/html] [] [] [28e72d212a1c8b72c1a12295d9d638fd]
https://gateway-lb-prod.production.braintree-api.com [302] [GET] [text/html] [] [] [aa07d7378e79275d236d8f932906fbf1]
https://gateway-lb-prod.production.braintree-api.com:8443 [302] [GET] [text/html] [] [] [308171cdd4662b651bc7bd5d2e88d9c5]
https://gateway-lb-qa.dev.braintree-api.com [404] [GET] [application/json] [] [nginx] [Nginx] [84247ef2a7073318434814b2597d2ccc]
https://gateway-lb-qa.dev.braintree-api.com:8443 [302] [GET] [text/html] [] [] [2852c823c4f0ef782049b96b9b7c00ca]
https://gateway-lb-sand.sandbox.braintree-api.com [302] [GET] [text/html] [] [] [4a3afad6eaa0d2bb2c97adad65b2c4ff]
https://gateway-lb-sand.sandbox.braintree-api.com:8443 [302] [GET] [text/html] [] [] [e17b74605695646556076496d089710f]
https://gateway-prod-ap-southeast-2.production.braintree-api.com [302] [GET] [text/html] [] [] [e80783c96f882ccb3d8140b9b03c36e0]
https://gateway-prod-ap-southeast-2.production.braintree-api.com:8443 [302] [GET] [text/html] [] [] [d1d613f970abc99feaf1fa9b5fc8ebc2]
https://gateway-prod-eu-central-1.production.braintree-api.com [302] [GET] [text/html] [] [] [d2ab866ca180abd1017c48e8b5a2f633]
https://gateway-prod-eu-central-1.production.braintree-api.com:8443 [302] [GET] [text/html] [] [] [2724c5460f5dace94f173ccb9c9d9b1a]
https://gateway-prod.production.braintree-api.com [302] [GET] [text/html] [] [] [ae87226008f2aeeedac922c37c335d1e]
https://gateway-prod.production.braintree-api.com:8443 [302] [GET] [text/html] [] [] [a89b5f027ec2807f31a4af85ba0d9c97]
https://gateway-prod-us-east-1.production.braintree-api.com [302] [GET] [text/html] [] [] [73848694334595f5d07c31cd6381e98b]
https://gateway-prod-us-east-1.production.braintree-api.com:8443 [302] [GET] [text/html] [] [] [90bce666150791037e2f34335fb51241]
https://gateway-prod-us-east-2.production.braintree-api.com [302] [GET] [text/html] [] [] [652ecef95866f7abdd9059d984afdc1d]
https://gateway-prod-us-east-2.production.braintree-api.com:8443 [302] [GET] [text/html] [] [] [60410b9d25b2d55bbcbf815397f2b8c8]
https://gateway-prod-us-west-2.production.braintree-api.com [302] [GET] [text/html] [] [] [6ed03f39b610bd71898b71105c04059f]
https://gateway-prod-us-west-2.production.braintree-api.com:8443 [302] [GET] [text/html] [] [] [cf4be6fdd15c01361706cb1bc7b84c59]
https://gateway-qa-ap-southeast-2.dev.braintree-api.com [404] [GET] [application/json] [] [nginx] [Nginx] [0452472f4008813cd1222c3916f8c969]
https://gateway-qa-ap-southeast-2.dev.braintree-api.com:8443 [302] [GET] [text/html] [] [] [f291b33e48cfb9e853d2ebec84868452]
https://gateway-qa.dev.braintree-api.com [404] [GET] [application/json] [] [nginx] [Nginx] [2e414a762eb2955133857bda2a783f4f]
https://gateway-qa.dev.braintree-api.com:8443 [302] [GET] [text/html] [] [] [d191e0cb9e29dd7f5db3445fc3d278f0]
https://gateway-qa-eu-central-1.dev.braintree-api.com [404] [GET] [application/json] [] [nginx] [Nginx] [8a4f7074b5c5718bf7c81ff6794d4bab]
https://gateway-qa-eu-central-1.dev.braintree-api.com:8443 [302] [GET] [text/html] [] [] [4e2c3bae11752d49420f699e34644feb]
https://gateway-qa-us-east-1.dev.braintree-api.com [404] [GET] [application/json] [] [nginx] [Nginx] [54b7e1afafa66df295f1405504691969]
https://gateway-qa-us-east-1.dev.braintree-api.com:8443 [302] [GET] [text/html] [] [] [4509f7273e577d9f8178df0c4d0fd2ea]
https://gateway-qa-us-east-2.dev.braintree-api.com [404] [GET] [application/json] [] [nginx] [Nginx] [1fbb6db043df51a2f5e03441acf90754]
https://gateway-qa-us-east-2.dev.braintree-api.com:8443 [302] [GET] [text/html] [] [] [15151fe158e066ace6d8a3b13c1f11f1]
https://gateway-qa-us-west-2.dev.braintree-api.com [404] [GET] [application/json] [] [nginx] [Nginx] [301cdccc90bf93a24aa584228ba8860c]
https://gateway-qa-us-west-2.dev.braintree-api.com:8443 [302] [GET] [text/html] [] [] [47a3fe1aff4bbb371a39c5b1ec6ebe02]
https://gateway-sand-ap-southeast-2.sandbox.braintree-api.com [302] [GET] [text/html] [] [] [fef529beb46dd93c13d0819d1f89f473]
https://gateway-sand-ap-southeast-2.sandbox.braintree-api.com:8443 [302] [GET] [text/html] [] [] [da889e985b44b68d77e0a4177ee9eaaa]
https://gateway-sand-eu-central-1.sandbox.braintree-api.com [302] [GET] [text/html] [] [] [392a135a1adcb092ff57f1bde960c776]
https://gateway-sand-eu-central-1.sandbox.braintree-api.com:8443 [302] [GET] [text/html] [] [] [43301fefba1e0a5f5d167cf2eda14208]
https://gateway-sand.sandbox.braintree-api.com [302] [GET] [text/html] [] [] [386a5897f8904727a64e7e420937a1c8]
https://gateway-sand.sandbox.braintree-api.com:8443 [302] [GET] [text/html] [] [] [86f47ea0d3faff9d1d79c425bba13fd1]
https://gateway-sand-us-east-1.sandbox.braintree-api.com [302] [GET] [text/html] [] [] [368a4db8a848c952436cac3668a6d9a0]
https://gateway-sand-us-east-1.sandbox.braintree-api.com:8443 [302] [GET] [text/html] [] [] [0b214d29bf7860000a0ebf71af54d67a]
https://gateway-sand-us-east-2.sandbox.braintree-api.com [302] [GET] [text/html] [] [] [b6b129afcf11a3586c00991f45417083]
https://gateway-sand-us-east-2.sandbox.braintree-api.com:8443 [302] [GET] [text/html] [] [] [89a0e62b846ebd56a9fddc193e84c994]
https://gateway-sand-us-west-2.sandbox.braintree-api.com [302] [GET] [text/html] [] [] [caca29731dfd0b2a37a0f122da3c2c6a]
https://gateway-sand-us-west-2.sandbox.braintree-api.com:8443 [302] [GET] [text/html] [] [] [6417ef126752487ebc77bf55fef6231f]
https://graphql-docs-sand-us-east-1.sandbox.braintree-api.com [200] [GET] [text/html] [Braintree GraphQL API] [] [Gatsby:2.19.23,React,webpack] [ff77e3e4fb782ca2023b763ee1b85fbd]
https://k8s-oidc.data-production.braintree-api.com [403] [GET] [application/json] [] [] [vhost] [905b1fbb26e082557ff0b3b3553cda6c]
https://k8s-oidc-dataprod-us-east-2.data-production.braintree-api.com [403] [GET] [application/json] [] [] [vhost] [905b1fbb26e082557ff0b3b3553cda6c]
https://k8s-oidc.data-staging.braintree-api.com [403] [GET] [application/json] [] [] [vhost] [905b1fbb26e082557ff0b3b3553cda6c]
https://k8s-oidc-datastag-us-east-2.data-staging.braintree-api.com [403] [GET] [application/json] [] [] [vhost] [905b1fbb26e082557ff0b3b3553cda6c]
https://k8s-oidc-prod-ap-southeast-2.production.braintree-api.com [403] [GET] [application/json] [] [] [vhost] [905b1fbb26e082557ff0b3b3553cda6c]
https://k8s-oidc-prod-eu-central-1.production.braintree-api.com [403] [GET] [application/json] [] [] [vhost] [905b1fbb26e082557ff0b3b3553cda6c]
https://k8s-oidc.production.braintree-api.com [403] [GET] [application/json] [] [] [vhost] [905b1fbb26e082557ff0b3b3553cda6c]
https://k8s-oidc-prod-us-east-1.production.braintree-api.com [403] [GET] [application/json] [] [] [vhost] [905b1fbb26e082557ff0b3b3553cda6c]
https://k8s-oidc-prod-us-east-2.production.braintree-api.com [403] [GET] [application/json] [] [] [vhost] [905b1fbb26e082557ff0b3b3553cda6c]
https://k8s-oidc-prod-us-west-2.production.braintree-api.com [403] [GET] [application/json] [] [] [vhost] [905b1fbb26e082557ff0b3b3553cda6c]
https://k8s-oidc-sand-ap-southeast-2.sandbox.braintree-api.com [403] [GET] [application/json] [] [] [vhost] [905b1fbb26e082557ff0b3b3553cda6c]
https://k8s-oidc.sandbox.braintree-api.com [403] [GET] [application/json] [] [] [vhost] [905b1fbb26e082557ff0b3b3553cda6c]
https://k8s-oidc-sand-eu-central-1.sandbox.braintree-api.com [403] [GET] [application/json] [] [] [vhost] [905b1fbb26e082557ff0b3b3553cda6c]
https://k8s-oidc-sand-us-east-1.sandbox.braintree-api.com [403] [GET] [application/json] [] [] [vhost] [905b1fbb26e082557ff0b3b3553cda6c]
https://k8s-oidc-sand-us-east-2.sandbox.braintree-api.com [403] [GET] [application/json] [] [] [vhost] [905b1fbb26e082557ff0b3b3553cda6c]
https://k8s-oidc-sand-us-west-2.sandbox.braintree-api.com [403] [GET] [application/json] [] [] [vhost] [905b1fbb26e082557ff0b3b3553cda6c]
https://localpay-checkout.sandbox.braintree-api.com [302] [GET] [text/html] [] [nginx] [vhost] [Nginx] [1ff340ab0427f4821ff7d8795bbc3d14]
https://localpay-checkout-test.sandbox.braintree-api.com [302] [GET] [text/html] [] [nginx] [vhost] [Nginx] [0f4747a66b6246c853733efe43122f52]
https://login-prod.production.braintree-api.com [302] [GET] [text/html] [] [nginx] [Nginx,Ruby,Ruby on Rails] [913d96b67d7d77386726dcc6e95ebded]
https://login-qa.dev.braintree-api.com [302] [GET] [text/html] [] [nginx] [Nginx,Ruby,Ruby on Rails] [a65e3c659227bd602694a4da61a0f424]
https://login-qa-us-east-1.dev.braintree-api.com [302] [GET] [text/html] [] [nginx] [Nginx,Ruby,Ruby on Rails] [2d173c96bb887bd171ab4f00a310c1bb]
https://marketing-prod-us-east-2.production.braintree-api.com [200] [GET] [text/html] [Braintree | Online Payment Solutions and Global Payment Processor] [nginx] [Google Tag Manager,Nginx] [85b857b2040039858e84e07e335e7366]
https://marketing-qa-us-east-2.dev.braintree-api.com [200] [GET] [text/html] [Braintree | Online Payment Solutions and Global Payment Processor] [nginx] [Google Tag Manager,Nginx] [2481860c5ea4853405266cd6554a9d30]
https://merchant-panel-prod-us-west-2.production.braintree-api.com [301] [GET] [text/plain] [] [] [Express,Node.js] [cb750eeb668dafe46b72b91f976e7af8]
https://merchant-panel-qa-us-west-2.dev.braintree-api.com [301] [GET] [text/plain] [] [] [Express,Node.js] [08a7f2933a2756493505f528b7d9d4b6]
https://merchant-panel-sand-us-west-2.sandbox.braintree-api.com [301] [GET] [text/plain] [] [] [Express,Node.js] [0d5a869ca1a19f30858c57060cf6a2e7]
https://millennium-simulator.dev.braintree-api.com [404] [GET] [text/html] [] [nginx] [vhost] [Nginx] [d41d8cd98f00b204e9800998ecf8427e]
https://millennium-simulator.sandbox.braintree-api.com [404] [GET] [text/html] [] [nginx] [vhost] [Nginx] [d41d8cd98f00b204e9800998ecf8427e]
https://origin-analytics-prod.production.braintree-api.com [200] [GET] [text/javascript] [] [nginx] [Nginx] [d41d8cd98f00b204e9800998ecf8427e]
https://origin-analytics-qa.dev.braintree-api.com [200] [GET] [text/javascript] [] [nginx] [Nginx] [d41d8cd98f00b204e9800998ecf8427e]
https://origin-analytics-sand.sandbox.braintree-api.com [200] [GET] [text/javascript] [] [nginx] [Nginx] [d41d8cd98f00b204e9800998ecf8427e]
https://origin-atmosphere-prod.production.braintree-api.com [404] [GET] [application/json] [] [nginx] [Nginx] [d9956d9d60a1a7d7f6b80e1c5a78eb85]
https://origin-atmosphere-qa.dev.braintree-api.com [404] [GET] [application/json] [] [nginx] [Nginx] [ec15226b464e1d90bd659c63c4dda126]
https://origin-atmosphere-qa.dev.braintree-api.com:8443 [302] [GET] [text/html] [] [] [c7cc75d5e9e31f396a89d265e7249425]
https://origin-atmosphere-sand.sandbox.braintree-api.com [404] [GET] [application/json] [] [nginx] [Nginx] [6472e1ce16e237bf7e9ad2d628a1c95f]
https://origin-brisk-http-prod.production.braintree-api.com [301] [GET] [text/html] [] [nginx] [Nginx] [89c515c7b588bee9794c0dcfb462f5a6]
https://origin-cloud-ingress.gateway-prod.production.braintree-api.com [302] [GET] [text/html] [] [] [f33ec5bb2f3d03c55432d1fbd1ebdc3c]
https://origin-cloud-ingress.gateway-prod.production.braintree-api.com:8443 [302] [GET] [text/html] [] [] [84932ac849d0b1ef882ea9b9616d4880]
https://origin-cloud-ingress.gateway-qa.dev.braintree-api.com [302] [GET] [text/html] [] [] [6610e69ebb35bebe75e7e6bcf74e9dc6]
https://origin-cloud-ingress.gateway-qa.dev.braintree-api.com:8443 [302] [GET] [text/html] [] [] [864706a73c60b5e072659886a615f83d]
https://origin-cloud-ingress.gateway-sand.sandbox.braintree-api.com [302] [GET] [text/html] [] [] [50f060acfa029d5f59f4ecbb7dcb5bc8]
https://origin-cloud-ingress.gateway-sand.sandbox.braintree-api.com:8443 [302] [GET] [text/html] [] [] [a80ea81ed6676cfe3697a025efb1fd9e]
https://origin-merchant-panel-prod.production.braintree-api.com [301] [GET] [text/plain] [] [] [Express,Node.js] [cb750eeb668dafe46b72b91f976e7af8]
https://origin-merchant-panel-sand.sandbox.braintree-api.com [301] [GET] [text/plain] [] [] [Express,Node.js] [0d5a869ca1a19f30858c57060cf6a2e7]
https://origin-panels-api-prod.production.braintree-api.com [401] [GET] [application/json] [] [] [8ce2e40912d571a78325c011d4d49415]
https://origin-panels-api-sand.sandbox.braintree-api.com [401] [GET] [application/json] [] [] [5dc7a8e24f8da6d06ad910eb22a4368c]
https://origin-processor-webhook-receiver-prod.production.braintree-api.com [404] [GET] [text/html] [] [nginx] [vhost] [Nginx] [d41d8cd98f00b204e9800998ecf8427e]
https://origin-processor-webhook-receiver-sand.sandbox.braintree-api.com [404] [GET] [text/html] [] [nginx] [vhost] [Nginx] [d41d8cd98f00b204e9800998ecf8427e]
https://osquery-manager-prod-us-east-2.production.braintree-api.com [403] [GET] [text/html] [403 Forbidden] [nginx] [vhost] [Nginx] [bc56979a0b381a791dd59713198a87fb]
https://osquery-manager-qa-us-west-2.dev.braintree-api.com [200] [GET] [text/html] [Fleet for osquery] [nginx] [Nginx] [1cfb3b37cc9a81af82a651bb6a9afaa3]
https://panels-api-prod-us-west-2.production.braintree-api.com [401] [GET] [application/json] [] [] [09796ace8106963bd7bebb2b728c4cac]
https://panels-api-sand-us-west-2.sandbox.braintree-api.com [401] [GET] [application/json] [] [] [9d46a4c7ddf0bd53572e88300389145d]
https://panels.braintree-api.com [401] [GET] [application/json] [] [] [e761af5c6ebfa640fd7c51a22102df9d]
https://panels.sandbox.braintree-api.com [401] [GET] [application/json] [] [] [6ec005a97fb2437a521df7ced73f9241]
https://payments.braintree-api.com [404] [GET] [application/json] [] [nginx] [Nginx] [d571ed76c7140f00e8bbb55955c867c3]
https://payments.braintree-api.com:8443 [302] [GET] [text/html] [] [] [c3263be5cbcb3446ad15656c908217c1]
https://payments-dev.dev.braintree-api.com [502] [GET] [text/html] [ERROR: The request could not be satisfied] [CloudFront] [vhost] [cloudfront] [Amazon Cloudfront,Amazon Web Services] [a426332f3c259aa76ac05e40c51c852d]
https://payments-qa.dev.braintree-api.com [404] [GET] [application/json] [] [nginx] [Nginx] [f27336f35f8bb9f07765f35d4a4a677f]
https://payments-qa.dev.braintree-api.com:8443 [302] [GET] [text/html] [] [] [13e97e786cf32211e316151e4bf97955]
https://payments.sandbox.braintree-api.com [404] [GET] [application/json] [] [nginx] [Nginx] [697d42da8da2d262356dd851ec21256d]
https://payments.sandbox.braintree-api.com:8443 [302] [GET] [text/html] [] [] [f9e3282963670842036194d74f0bd2f0]
https://payments-static-ip.braintree-api.com [404] [GET] [application/json] [] [nginx] [Nginx] [7633c5b7cf1d9dca9597a0a1afe98fbc]
https://payments-static-ip.sandbox.braintree-api.com [404] [GET] [application/json] [] [nginx] [Nginx] [38b62dbe0c80cbc1b5cf09282b2a9784]
https://pigeon.dev.braintree-api.com [403] [GET] [text/html] [403 Forbidden] [nginx] [Nginx] [4dec45889e09ec3ceb63fd65825d0f11]
https://pigeon.production.braintree-api.com [403] [GET] [text/html] [403 Forbidden] [nginx] [Nginx] [bc56979a0b381a791dd59713198a87fb]
https://pigeon.sandbox.braintree-api.com [403] [GET] [text/html] [403 Forbidden] [nginx] [Nginx] [bc56979a0b381a791dd59713198a87fb]
https://processor-webhook-receiver-prod-us-west-2.production.braintree-api.com [404] [GET] [text/html] [] [nginx] [vhost] [Nginx] [d41d8cd98f00b204e9800998ecf8427e]
https://processor-webhook-receiver-sand-us-west-2.sandbox.braintree-api.com [404] [GET] [text/html] [] [nginx] [vhost] [Nginx] [d41d8cd98f00b204e9800998ecf8427e]
https://prodconf-website-qa-us-west-2.dev.braintree-api.com [503] [GET] [] [] [] [d41d8cd98f00b204e9800998ecf8427e]
https://reader-ap-southeast-2.braintree-api.com [403] [GET] [application/json] [] [] [vhost] [905b1fbb26e082557ff0b3b3553cda6c]
https://reader-ap-southeast-2.sandbox.braintree-api.com [403] [GET] [application/json] [] [] [vhost] [905b1fbb26e082557ff0b3b3553cda6c]
https://reader.braintree-api.com [403] [GET] [application/json] [] [] [vhost] [905b1fbb26e082557ff0b3b3553cda6c]
https://reader-eu-central-1.braintree-api.com [403] [GET] [application/json] [] [] [vhost] [905b1fbb26e082557ff0b3b3553cda6c]
https://reader-eu-central-1.sandbox.braintree-api.com [403] [GET] [application/json] [] [] [vhost] [905b1fbb26e082557ff0b3b3553cda6c]
https://reader.sandbox.braintree-api.com [403] [GET] [application/json] [] [] [vhost] [905b1fbb26e082557ff0b3b3553cda6c]
https://reader-us-east-1.braintree-api.com [403] [GET] [application/json] [] [] [vhost] [905b1fbb26e082557ff0b3b3553cda6c]
https://reader-us-east-1.sandbox.braintree-api.com [403] [GET] [application/json] [] [] [vhost] [905b1fbb26e082557ff0b3b3553cda6c]
https://reader-us-east-2.braintree-api.com [403] [GET] [application/json] [] [] [vhost] [905b1fbb26e082557ff0b3b3553cda6c]
https://reader-us-east-2.sandbox.braintree-api.com [403] [GET] [application/json] [] [] [vhost] [905b1fbb26e082557ff0b3b3553cda6c]
https://reader-us-west-2.braintree-api.com [403] [GET] [application/json] [] [] [vhost] [905b1fbb26e082557ff0b3b3553cda6c]
https://reader-us-west-2.sandbox.braintree-api.com [403] [GET] [application/json] [] [] [vhost] [905b1fbb26e082557ff0b3b3553cda6c]
https://reader-websocket-ap-southeast-2.braintree-api.com [426] [GET] [] [] [] [d41d8cd98f00b204e9800998ecf8427e]
https://reader-websocket-ap-southeast-2.sandbox.braintree-api.com [426] [GET] [] [] [] [d41d8cd98f00b204e9800998ecf8427e]
https://reader-websocket.braintree-api.com [426] [GET] [] [] [] [d41d8cd98f00b204e9800998ecf8427e]
https://reader-websocket-eu-central-1.braintree-api.com [426] [GET] [] [] [] [d41d8cd98f00b204e9800998ecf8427e]
https://reader-websocket-eu-central-1.sandbox.braintree-api.com [426] [GET] [] [] [] [d41d8cd98f00b204e9800998ecf8427e]
https://reader-websocket.sandbox.braintree-api.com [426] [GET] [] [] [] [d41d8cd98f00b204e9800998ecf8427e]
https://reader-websocket-us-east-1.braintree-api.com [426] [GET] [] [] [] [d41d8cd98f00b204e9800998ecf8427e]
https://reader-websocket-us-east-1.sandbox.braintree-api.com [426] [GET] [] [] [] [d41d8cd98f00b204e9800998ecf8427e]
https://reader-websocket-us-east-2.braintree-api.com [426] [GET] [] [] [] [d41d8cd98f00b204e9800998ecf8427e]
https://reader-websocket-us-east-2.sandbox.braintree-api.com [426] [GET] [] [] [] [d41d8cd98f00b204e9800998ecf8427e]
https://reader-websocket-us-west-2.braintree-api.com [426] [GET] [] [] [] [d41d8cd98f00b204e9800998ecf8427e]
https://reader-websocket-us-west-2.sandbox.braintree-api.com [426] [GET] [] [] [] [d41d8cd98f00b204e9800998ecf8427e]
https://tugboat-prod-us-east-2.production.braintree-api.com [403] [GET] [text/html] [403 Forbidden] [nginx] [Nginx] [4dec45889e09ec3ceb63fd65825d0f11]
https://tugboat-qa-us-east-2.dev.braintree-api.com [403] [GET] [text/html] [403 Forbidden] [nginx] [Nginx] [4dec45889e09ec3ceb63fd65825d0f11]
