https://brisk.braintree.tools [301] [GET] [text/html] [] [nginx] [Nginx] [c9fbc2bb904e55499ef63659af38afd5]
https://btufte.braintree.tools [301] [GET] [text/html] [301 Moved Permanently] [nginx] [vhost] [Nginx] [cd2e0e43980a00fb6a2742d3afd803b8]
https://data-airflow.braintree.tools [401] [GET] [text/html] [401 Authorization Required] [nginx] [Basic,Nginx] [5886129b212ec5bacb28adbef5e5857f]
https://disputes-panel.braintree.tools [302] [GET] [text/html] [] [] [b4c318447758efdee650e73c48b317cb]
https://disputes-panel.sandbox.braintree.tools [302] [GET] [text/html] [] [] [b4c318447758efdee650e73c48b317cb]
https://environmentalist.braintree.tools [403] [GET] [text/html] [403 Forbidden] [nginx] [Nginx] [bc56979a0b381a791dd59713198a87fb]
https://ghost.braintree.tools [403] [GET] [text/html] [403 Forbidden] [nginx] [Nginx] [4dec45889e09ec3ceb63fd65825d0f11]
https://grafana-auth.braintree.tools [401] [GET] [text/html] [401 Authorization Required] [nginx] [vhost] [Basic,Nginx] [5886129b212ec5bacb28adbef5e5857f]
https://grafana.braintree.tools [403] [GET] [text/html] [Sign In] [nginx] [Nginx] [d898cb4a092236cc31f763728c278dad]
https://graphite.chi.braintree.tools [302] [GET] [text/html] [302 Found] [nginx] [vhost] [Nginx] [cfbeaf604823f038b8b46f0ac862b98c]
https://graphite.qwt.braintree.tools [302] [GET] [text/html] [302 Found] [nginx] [vhost] [Nginx] [cfbeaf604823f038b8b46f0ac862b98c]
https://graphite.sav.braintree.tools [302] [GET] [text/html] [302 Found] [nginx] [vhost] [Nginx] [cfbeaf604823f038b8b46f0ac862b98c]
https://graphite.stc.braintree.tools [302] [GET] [text/html] [302 Found] [nginx] [vhost] [Nginx] [cfbeaf604823f038b8b46f0ac862b98c]
https://graphite.stq.braintree.tools [302] [GET] [text/html] [302 Found] [nginx] [vhost] [Nginx] [cfbeaf604823f038b8b46f0ac862b98c]
https://jira.braintree.tools [403] [GET] [text/html] [Sign In] [nginx] [Nginx] [d898cb4a092236cc31f763728c278dad]
https://knowledge.braintree.tools [302] [GET] [text/html] [] [nginx] [Nginx] [1b88e4bc5a3458a076279af2e98fb25f]
https://knowledge.braintree.tools [302] [GET] [text/html] [] [nginx] [Nginx] [2ae33d6a8cbcbfb8cffc90e32063eee4]
https://knowledge-test.braintree.tools [302] [GET] [text/html] [] [nginx] [Nginx] [1f2eafe52e6d35c786c25a2cdf5e2649]
https://knowledge-test.braintree.tools [302] [GET] [text/html] [] [nginx] [Nginx] [6f85c13d5b995074b35e18c4fff54217]
https://luigi.braintree.tools [403] [GET] [text/html] [Sign In] [nginx] [Nginx] [d898cb4a092236cc31f763728c278dad]
https://osquery-manager.braintree.tools [200] [GET] [text/html] [Fleet for osquery] [nginx] [Nginx] [926563eb94048eb3430228bd751c48e1]
https://prodconf.braintree.tools [503] [GET] [] [] [] [d41d8cd98f00b204e9800998ecf8427e]
https://puppetdb.braintree.tools [401] [GET] [text/html] [401 Authorization Required] [nginx] [Basic,Nginx] [5886129b212ec5bacb28adbef5e5857f]
https://puppetdb.braintree.tools:444 [401] [GET] [text/html] [401 Authorization Required] [nginx] [Basic,Nginx] [5886129b212ec5bacb28adbef5e5857f]
https://tugboat.braintree.tools [403] [GET] [text/html] [403 Forbidden] [nginx] [Nginx] [4dec45889e09ec3ceb63fd65825d0f11]
