https://api.login.builtbygirls.com [404] [GET] [text/html] [Error 404 Not Found] [ATS] [vhost] [Apache Traffic Server] [32b87c9aa70aeb1aaf18bc71f92c4381]
https://api.login.builtbygirls.com [404] [GET] [text/html] [Error 404 Not Found] [ATS] [vhost] [Apache Traffic Server] [e7ed6a4886dc9b842259be8442860996]
https://builtbygirls.com [301] [GET] [] [] [Squarespace] [vhost] [Squarespace,Squarespace Commerce] [d41d8cd98f00b204e9800998ecf8427e]
https://eu.builtbygirls.com [200] [GET] [text/html] [Hello Europe] [AmazonS3] [vhost] [cloudfront] [Amazon Cloudfront,Amazon S3,Amazon Web Services,Bootstrap,Font Awesome] [6042a0f03def470901c2839c256bef15]
https://gdpr-client.builtbygirls.com [404] [GET] [] [] [GDPR] [d41d8cd98f00b204e9800998ecf8427e]
https://guce.builtbygirls.com [404] [GET] [text/html] [built_by_girls] [guce] [d1e6576af68f0bcaf23c54bbc27ab3ae]
https://guce.builtbygirls.com:4443 [404] [GET] [application/json] [] [guce] [b528230b3d55854845b988305f7f3b9f]
https://oidc.builtbygirls.com [404] [GET] [application/json] [] [ATS] [Apache Traffic Server] [2e0f364cef7e93e58404283a5cde7fde]
https://oidc.builtbygirls.com [404] [GET] [application/json] [] [ATS] [vhost] [Apache Traffic Server] [2e0f364cef7e93e58404283a5cde7fde]
https://origin-www.builtbygirls.com [301] [GET] [] [] [Squarespace] [vhost] [Squarespace,Squarespace Commerce] [d41d8cd98f00b204e9800998ecf8427e]
https://privacy.builtbygirls.com [404] [GET] [] [] [GDPR] [d41d8cd98f00b204e9800998ecf8427e]
https://referral.builtbygirls.com [200] [GET] [text/html] [] [openresty] [vhost] [Nginx,OpenResty] [bc3420a7b98e0600bc5e413c228b5122]
https://referral.builtbygirls.com [307] [GET] [] [] [openresty] [vhost] [Nginx,OpenResty] [d41d8cd98f00b204e9800998ecf8427e]
https://stage.api.login.builtbygirls.com [404] [GET] [text/html] [Error 404 Not Found] [ATS] [vhost] [Apache Traffic Server] [1f4e5920863eac197da13971c713412f]
https://stage.api.login.builtbygirls.com [404] [GET] [text/html] [Error 404 Not Found] [ATS] [vhost] [Apache Traffic Server] [9061d1ba4c4758d13af6f34eb927bcc8]
https://stage.guce.builtbygirls.com [404] [GET] [text/html] [built_by_girls] [guce] [e7ac3d339f4562984fa4bc4ffe9bea76]
https://stage.guce.builtbygirls.com:4443 [404] [GET] [application/json] [] [guce] [b528230b3d55854845b988305f7f3b9f]
https://stage.login.builtbygirls.com [403] [GET] [text/plain] [] [ATS] [Apache Traffic Server] [722969577a96ca3953e84e3d949dee81]
https://stage.login.builtbygirls.com [403] [GET] [text/plain] [] [ATS] [vhost] [Apache Traffic Server] [722969577a96ca3953e84e3d949dee81]
https://stage.oidc.builtbygirls.com [404] [GET] [application/json] [] [ATS] [vhost] [Apache Traffic Server] [2e0f364cef7e93e58404283a5cde7fde]
https://support.builtbygirls.com [302] [GET] [text/html] [] [nginx] [vhost] [cloudfront] [Amazon Cloudfront,Amazon Web Services,Nginx] [482af3d3c782d19e728b2130bccef677]
https://toolkit.builtbygirls.com [200] [GET] [text/html] [BBG Toolkit] [Squarespace] [vhost] [Google Font API,Squarespace,Squarespace Commerce,Stimulus] [9320a9e08bbeb0bf7cc08a1742d7ff93]
https://trunk.guce.builtbygirls.com [404] [GET] [text/html] [built_by_girls] [guce] [c56df08fd51b8168025b763fcc5b9237]
https://trunk.guce.builtbygirls.com:4443 [404] [GET] [application/json] [] [guce] [b528230b3d55854845b988305f7f3b9f]
https://wave.builtbygirls.com [301] [GET] [text/html] [Document Has Moved] [ATS] [vhost] [Apache Traffic Server] [0aa8fbdc80fbed09fdbf17eed999ed06]
https://www.builtbygirls.com [200] [GET] [text/html] [BUILT BY GIRLS] [ATS] [vhost] [Apache Traffic Server,Google Font API,Google Tag Manager,MailChimp,Stimulus] [5bd4d9841ca276446b805d6bab07889f]
