http://about.canva.cn:8080 [403] [GET] [text/plain] [] [cloudflare] [vhost] [Cloudflare,Cloudflare Bot Management,Cloudflare Network Error Logging] [7b5ea53ba332630e5aca8e4abb807f70]
http://api.canva.cn:8080 [403] [GET] [text/plain] [] [cloudflare] [vhost] [Cloudflare,Cloudflare Bot Management,Cloudflare Network Error Logging] [7b5ea53ba332630e5aca8e4abb807f70]
http://apps.canva.cn:8080 [403] [GET] [text/plain] [] [cloudflare] [vhost] [Cloudflare,Cloudflare Bot Management,Cloudflare Network Error Logging] [7b5ea53ba332630e5aca8e4abb807f70]
http://banner-static.canva.cn:8080 [403] [GET] [text/plain] [] [cloudflare] [vhost] [Cloudflare,Cloudflare Bot Management,Cloudflare Network Error Logging] [7b5ea53ba332630e5aca8e4abb807f70]
http://canva.cn:8080 [403] [GET] [text/plain] [] [cloudflare] [vhost] [Cloudflare,Cloudflare Bot Management,Cloudflare Network Error Logging] [7b5ea53ba332630e5aca8e4abb807f70]
http://category-public.canva.cn:8080 [403] [GET] [text/plain] [] [cloudflare] [vhost] [Cloudflare,Cloudflare Bot Management,Cloudflare Network Error Logging] [7b5ea53ba332630e5aca8e4abb807f70]
http://cl.canva.cn:8080 [403] [GET] [text/plain] [] [cloudflare] [vhost] [Cloudflare,Cloudflare Bot Management,Cloudflare Network Error Logging] [7b5ea53ba332630e5aca8e4abb807f70]
http://content-management-files.canva.cn:8080 [403] [GET] [text/plain] [] [cloudflare] [vhost] [Cloudflare,Cloudflare Bot Management,Cloudflare Network Error Logging] [7b5ea53ba332630e5aca8e4abb807f70]
http://design-automation-font-recommendations.canva.cn:8080 [403] [GET] [text/plain] [] [cloudflare] [vhost] [Cloudflare,Cloudflare Bot Management,Cloudflare Network Error Logging] [7b5ea53ba332630e5aca8e4abb807f70]
http://design-automation-preset-styles.canva.cn:8080 [403] [GET] [text/plain] [] [cloudflare] [vhost] [Cloudflare,Cloudflare Bot Management,Cloudflare Network Error Logging] [7b5ea53ba332630e5aca8e4abb807f70]
http://experiments-static.canva.cn:8080 [403] [GET] [text/plain] [] [cloudflare] [vhost] [Cloudflare,Cloudflare Bot Management,Cloudflare Network Error Logging] [7b5ea53ba332630e5aca8e4abb807f70]
http://font-private.canva.cn:8080 [403] [GET] [text/plain] [] [cloudflare] [vhost] [Cloudflare,Cloudflare Bot Management,Cloudflare Network Error Logging] [7b5ea53ba332630e5aca8e4abb807f70]
http://font-public.canva.cn:8080 [403] [GET] [text/plain] [] [cloudflare] [vhost] [Cloudflare,Cloudflare Bot Management,Cloudflare Network Error Logging] [7b5ea53ba332630e5aca8e4abb807f70]
http://font-subsets.canva.cn:8080 [403] [GET] [text/plain] [] [cloudflare] [vhost] [Cloudflare,Cloudflare Bot Management,Cloudflare Network Error Logging] [7b5ea53ba332630e5aca8e4abb807f70]
http://image.canva.cn:8080 [403] [GET] [text/plain] [] [cloudflare] [vhost] [Cloudflare,Cloudflare Bot Management,Cloudflare Network Error Logging] [7b5ea53ba332630e5aca8e4abb807f70]
http://image-manipulation.canva.cn:8080 [403] [GET] [text/plain] [] [cloudflare] [vhost] [Cloudflare,Cloudflare Bot Management,Cloudflare Network Error Logging] [7b5ea53ba332630e5aca8e4abb807f70]
http://import.canva.cn:8080 [403] [GET] [text/plain] [] [cloudflare] [vhost] [Cloudflare,Cloudflare Bot Management,Cloudflare Network Error Logging] [7b5ea53ba332630e5aca8e4abb807f70]
http://inproductmarketing-static.canva.cn:8080 [403] [GET] [text/plain] [] [cloudflare] [vhost] [Cloudflare,Cloudflare Bot Management,Cloudflare Network Error Logging] [7b5ea53ba332630e5aca8e4abb807f70]
http://live.canva.cn:8080 [403] [GET] [text/plain] [] [cloudflare] [vhost] [Cloudflare,Cloudflare Bot Management,Cloudflare Network Error Logging] [7b5ea53ba332630e5aca8e4abb807f70]
http://media-public.canva.cn:8080 [403] [GET] [text/plain] [] [cloudflare] [vhost] [Cloudflare,Cloudflare Bot Management,Cloudflare Network Error Logging] [7b5ea53ba332630e5aca8e4abb807f70]
http://phoenix.canva.cn:8080 [403] [GET] [text/plain] [] [cloudflare] [vhost] [Cloudflare,Cloudflare Bot Management,Cloudflare Network Error Logging] [7b5ea53ba332630e5aca8e4abb807f70]
https://about.canva.cn [301] [GET] [text/html] [301 Moved Permanently] [cloudflare] [vhost] [Cloudflare,Cloudflare Bot Management,Cloudflare Network Error Logging] [42c394b8f0152b372537ace9acc3f7bb]
https://about.canva.cn:8443 [403] [GET] [text/plain] [] [cloudflare] [vhost] [Cloudflare,Cloudflare Bot Management,Cloudflare Network Error Logging] [7b5ea53ba332630e5aca8e4abb807f70]
https://api.canva.cn [404] [GET] [text/javascript] [] [cloudflare] [vhost] [Cloudflare,Cloudflare Bot Management,Cloudflare Network Error Logging] [c9950dfe695e6a998bae66c75320ed00]
https://api.canva.cn:8443 [403] [GET] [text/plain] [] [cloudflare] [vhost] [Cloudflare,Cloudflare Bot Management,Cloudflare Network Error Logging] [7b5ea53ba332630e5aca8e4abb807f70]
https://apps.canva.cn [302] [GET] [] [] [cloudflare] [vhost] [Cloudflare,Cloudflare Bot Management,Cloudflare Network Error Logging] [d41d8cd98f00b204e9800998ecf8427e]
https://apps.canva.cn:8443 [403] [GET] [text/plain] [] [cloudflare] [vhost] [Cloudflare,Cloudflare Bot Management,Cloudflare Network Error Logging] [7b5ea53ba332630e5aca8e4abb807f70]
https://audio-private.canva.cn [403] [GET] [application/xml] [] [cloudflare] [vhost] [Amazon Web Services,Cloudflare,Cloudflare Bot Management,Cloudflare Network Error Logging] [8a2cbd17a732586bea93702c0a53e8cd]
https://audio-private.canva.cn [403] [GET] [application/xml] [] [cloudflare] [vhost] [Amazon Web Services,Cloudflare,Cloudflare Bot Management,Cloudflare Network Error Logging] [b35e739dfe0ecb3750e2b3b005a5d7b9]
https://audio-private.canva.cn:8443 [403] [GET] [text/plain] [] [cloudflare] [vhost] [Cloudflare,Cloudflare Bot Management,Cloudflare Network Error Logging] [7b5ea53ba332630e5aca8e4abb807f70]
https://banner-static.canva.cn [403] [GET] [application/xml] [] [cloudflare] [vhost] [Amazon Web Services,Cloudflare,Cloudflare Bot Management,Cloudflare Network Error Logging] [b61a8eb197d6e2c6b1174e01b66525f0]
https://banner-static.canva.cn [403] [GET] [application/xml] [] [cloudflare] [vhost] [Amazon Web Services,Cloudflare,Cloudflare Bot Management,Cloudflare Network Error Logging] [c1202a921a4214acb01e4962fcea27b6]
https://banner-static.canva.cn:8443 [403] [GET] [text/plain] [] [cloudflare] [vhost] [Cloudflare,Cloudflare Bot Management,Cloudflare Network Error Logging] [7b5ea53ba332630e5aca8e4abb807f70]
https://canva.cn [301] [GET] [] [] [cloudflare] [vhost] [Cloudflare,Cloudflare Bot Management,Cloudflare Network Error Logging] [d41d8cd98f00b204e9800998ecf8427e]
https://canva.cn:8443 [403] [GET] [text/plain] [] [cloudflare] [vhost] [Cloudflare,Cloudflare Bot Management,Cloudflare Network Error Logging] [7b5ea53ba332630e5aca8e4abb807f70]
https://category-public.canva.cn [403] [GET] [application/xml] [] [cloudflare] [vhost] [Amazon Web Services,Cloudflare,Cloudflare Bot Management,Cloudflare Network Error Logging] [4485e65ead640db9b89777ab2e330827]
https://category-public.canva.cn [403] [GET] [application/xml] [] [cloudflare] [vhost] [Amazon Web Services,Cloudflare,Cloudflare Bot Management,Cloudflare Network Error Logging] [67f8434d79881243c3b798c43b1febd2]
https://category-public.canva.cn:8443 [403] [GET] [text/plain] [] [cloudflare] [vhost] [Cloudflare,Cloudflare Bot Management,Cloudflare Network Error Logging] [7b5ea53ba332630e5aca8e4abb807f70]
https://cl.canva.cn [404] [GET] [text/plain] [] [cloudflare] [vhost] [Cloudflare,Cloudflare Bot Management,Cloudflare Network Error Logging] [9d1ead73e678fa2f51a70a933b0bf017]
https://cl.canva.cn:8443 [403] [GET] [text/plain] [] [cloudflare] [vhost] [Cloudflare,Cloudflare Bot Management,Cloudflare Network Error Logging] [7b5ea53ba332630e5aca8e4abb807f70]
https://content-management-files.canva.cn [403] [GET] [application/xml] [] [cloudflare] [vhost] [Amazon Web Services,Cloudflare,Cloudflare Bot Management,Cloudflare Network Error Logging] [2c89047e534bd4127d44ccc441b51cef]
https://content-management-files.canva.cn [403] [GET] [application/xml] [] [cloudflare] [vhost] [Amazon Web Services,Cloudflare,Cloudflare Bot Management,Cloudflare Network Error Logging] [c5e497f584e793ff6e12c48c4893e10f]
https://content-management-files.canva.cn:8443 [403] [GET] [text/plain] [] [cloudflare] [vhost] [Cloudflare,Cloudflare Bot Management,Cloudflare Network Error Logging] [7b5ea53ba332630e5aca8e4abb807f70]
https://design-automation-font-recommendations.canva.cn [403] [GET] [application/xml] [] [cloudflare] [vhost] [Amazon Web Services,Cloudflare,Cloudflare Bot Management,Cloudflare Network Error Logging] [0678c324ec1d91b1318f937774120fd1]
https://design-automation-font-recommendations.canva.cn [403] [GET] [application/xml] [] [cloudflare] [vhost] [Amazon Web Services,Cloudflare,Cloudflare Bot Management,Cloudflare Network Error Logging] [61c0e8f0eb8e7a3177fbeda0c9fe5276]
https://design-automation-font-recommendations.canva.cn:8443 [403] [GET] [text/plain] [] [cloudflare] [vhost] [Cloudflare,Cloudflare Bot Management,Cloudflare Network Error Logging] [7b5ea53ba332630e5aca8e4abb807f70]
https://design-automation-preset-styles.canva.cn [403] [GET] [application/xml] [] [cloudflare] [vhost] [Amazon Web Services,Cloudflare,Cloudflare Bot Management,Cloudflare Network Error Logging] [1de4687d30209a9b31b1c2e9e62a7d1f]
https://design-automation-preset-styles.canva.cn [403] [GET] [application/xml] [] [cloudflare] [vhost] [Amazon Web Services,Cloudflare,Cloudflare Bot Management,Cloudflare Network Error Logging] [2c018ed64e9654715a0a58e932e7d75d]
https://design-automation-preset-styles.canva.cn:8443 [403] [GET] [text/plain] [] [cloudflare] [vhost] [Cloudflare,Cloudflare Bot Management,Cloudflare Network Error Logging] [7b5ea53ba332630e5aca8e4abb807f70]
http://sdk.canva.cn:8080 [403] [GET] [text/plain] [] [cloudflare] [vhost] [Cloudflare,Cloudflare Bot Management,Cloudflare Network Error Logging] [7b5ea53ba332630e5aca8e4abb807f70]
https://document-export.canva.cn [403] [GET] [application/xml] [] [cloudflare] [vhost] [Amazon Web Services,Cloudflare,Cloudflare Bot Management,Cloudflare Network Error Logging] [7eeeb5aef1254d8743d355a78947c415]
https://document-export.canva.cn [403] [GET] [application/xml] [] [cloudflare] [vhost] [Amazon Web Services,Cloudflare,Cloudflare Bot Management,Cloudflare Network Error Logging] [bedc2ce9a178e9c0cd77b5a61de65f53]
https://document-export.canva.cn:8443 [403] [GET] [text/plain] [] [cloudflare] [vhost] [Cloudflare,Cloudflare Bot Management,Cloudflare Network Error Logging] [7b5ea53ba332630e5aca8e4abb807f70]
https://experiments-static.canva.cn [403] [GET] [application/xml] [] [cloudflare] [vhost] [Amazon Web Services,Cloudflare,Cloudflare Bot Management,Cloudflare Network Error Logging] [000f84508128cb8dd6e0685223c41e6d]
https://experiments-static.canva.cn [403] [GET] [application/xml] [] [cloudflare] [vhost] [Amazon Web Services,Cloudflare,Cloudflare Bot Management,Cloudflare Network Error Logging] [b830319d3f8317ec097ae00146fb746e]
https://experiments-static.canva.cn:8443 [403] [GET] [text/plain] [] [cloudflare] [vhost] [Cloudflare,Cloudflare Bot Management,Cloudflare Network Error Logging] [7b5ea53ba332630e5aca8e4abb807f70]
https://export-download.canva.cn [403] [GET] [application/xml] [] [cloudflare] [vhost] [Amazon Web Services,Cloudflare,Cloudflare Bot Management,Cloudflare Network Error Logging] [6714d116f71818896acbc95a24d55b20]
https://export-download.canva.cn [403] [GET] [application/xml] [] [cloudflare] [vhost] [Amazon Web Services,Cloudflare,Cloudflare Bot Management,Cloudflare Network Error Logging] [8a107b41fd1eafb1c4187fbf3065112c]
https://export-download.canva.cn:8443 [403] [GET] [text/plain] [] [cloudflare] [vhost] [Cloudflare,Cloudflare Bot Management,Cloudflare Network Error Logging] [7b5ea53ba332630e5aca8e4abb807f70]
http://sfe.canva.cn:8080 [403] [GET] [text/plain] [] [cloudflare] [vhost] [Cloudflare,Cloudflare Bot Management,Cloudflare Network Error Logging] [7b5ea53ba332630e5aca8e4abb807f70]
https://font-private.canva.cn [403] [GET] [application/xml] [] [cloudflare] [vhost] [Amazon Web Services,Cloudflare,Cloudflare Bot Management,Cloudflare Network Error Logging] [a793e5a563e222397b72908710c5258d]
https://font-private.canva.cn [403] [GET] [application/xml] [] [cloudflare] [vhost] [Amazon Web Services,Cloudflare,Cloudflare Bot Management,Cloudflare Network Error Logging] [c77526e65db4b88f7973f6929371da1e]
https://font-private.canva.cn:8443 [403] [GET] [text/plain] [] [cloudflare] [vhost] [Cloudflare,Cloudflare Bot Management,Cloudflare Network Error Logging] [7b5ea53ba332630e5aca8e4abb807f70]
https://font-public.canva.cn [403] [GET] [application/xml] [] [cloudflare] [vhost] [Amazon Web Services,Cloudflare,Cloudflare Bot Management,Cloudflare Network Error Logging] [20421b255832f6cc506768625e744f0d]
https://font-public.canva.cn [403] [GET] [application/xml] [] [cloudflare] [vhost] [Amazon Web Services,Cloudflare,Cloudflare Bot Management,Cloudflare Network Error Logging] [47f1629cb2319334ecc2105e51e8ce49]
https://font-public.canva.cn:8443 [403] [GET] [text/plain] [] [cloudflare] [vhost] [Cloudflare,Cloudflare Bot Management,Cloudflare Network Error Logging] [7b5ea53ba332630e5aca8e4abb807f70]
https://font-subsets.canva.cn [403] [GET] [application/xml] [] [cloudflare] [vhost] [Amazon Web Services,Cloudflare,Cloudflare Bot Management,Cloudflare Network Error Logging] [c8562072deacd7595444380a9f08f842]
https://font-subsets.canva.cn [403] [GET] [application/xml] [] [cloudflare] [vhost] [Amazon Web Services,Cloudflare,Cloudflare Bot Management,Cloudflare Network Error Logging] [e0058740a77e75da4e5fa12723072ca5]
https://font-subsets.canva.cn:8443 [403] [GET] [text/plain] [] [cloudflare] [vhost] [Cloudflare,Cloudflare Bot Management,Cloudflare Network Error Logging] [7b5ea53ba332630e5aca8e4abb807f70]
http://share.canva.cn:8080 [403] [GET] [text/plain] [] [cloudflare] [vhost] [Cloudflare,Cloudflare Bot Management,Cloudflare Network Error Logging] [7b5ea53ba332630e5aca8e4abb807f70]
http://share-upload.canva.cn:8080 [403] [GET] [text/plain] [] [cloudflare] [vhost] [Cloudflare,Cloudflare Bot Management,Cloudflare Network Error Logging] [7b5ea53ba332630e5aca8e4abb807f70]
https://image.canva.cn [403] [GET] [application/xml] [] [cloudflare] [vhost] [Amazon Web Services,Cloudflare,Cloudflare Bot Management,Cloudflare Network Error Logging] [466b08d1291560ef184dab16834c0668]
https://image.canva.cn [403] [GET] [application/xml] [] [cloudflare] [vhost] [Amazon Web Services,Cloudflare,Cloudflare Bot Management,Cloudflare Network Error Logging] [f032b4f0b66a041a9461d436bfb82f8e]
https://image.canva.cn:8443 [403] [GET] [text/plain] [] [cloudflare] [vhost] [Cloudflare,Cloudflare Bot Management,Cloudflare Network Error Logging] [7b5ea53ba332630e5aca8e4abb807f70]
https://image-manipulation.canva.cn [403] [GET] [application/xml] [] [cloudflare] [vhost] [Amazon Web Services,Cloudflare,Cloudflare Bot Management,Cloudflare Network Error Logging] [6a26c731fe275970ff2360d752b91fbb]
https://image-manipulation.canva.cn [403] [GET] [application/xml] [] [cloudflare] [vhost] [Amazon Web Services,Cloudflare,Cloudflare Bot Management,Cloudflare Network Error Logging] [dedd40142602008970be78c9382477c5]
https://image-manipulation.canva.cn:8443 [403] [GET] [text/plain] [] [cloudflare] [vhost] [Cloudflare,Cloudflare Bot Management,Cloudflare Network Error Logging] [7b5ea53ba332630e5aca8e4abb807f70]
https://import.canva.cn [403] [GET] [application/xml] [] [cloudflare] [vhost] [Amazon Web Services,Cloudflare,Cloudflare Bot Management,Cloudflare Network Error Logging] [72689c16030250370ca535c033b99141]
https://import.canva.cn [403] [GET] [application/xml] [] [cloudflare] [vhost] [Amazon Web Services,Cloudflare,Cloudflare Bot Management,Cloudflare Network Error Logging] [a8da81065ef427c2f149aaf6add66170]
https://import.canva.cn:8443 [403] [GET] [text/plain] [] [cloudflare] [vhost] [Cloudflare,Cloudflare Bot Management,Cloudflare Network Error Logging] [7b5ea53ba332630e5aca8e4abb807f70]
https://inproductmarketing-static.canva.cn [403] [GET] [application/xml] [] [cloudflare] [vhost] [Amazon Web Services,Cloudflare,Cloudflare Bot Management,Cloudflare Network Error Logging] [8c706472c9db49bbdc40cd42a3e9496e]
https://inproductmarketing-static.canva.cn [403] [GET] [application/xml] [] [cloudflare] [vhost] [Amazon Web Services,Cloudflare,Cloudflare Bot Management,Cloudflare Network Error Logging] [ee1d95b58b0719e7f88acc2ed3371adf]
https://inproductmarketing-static.canva.cn:8443 [403] [GET] [text/plain] [] [cloudflare] [vhost] [Cloudflare,Cloudflare Bot Management,Cloudflare Network Error Logging] [7b5ea53ba332630e5aca8e4abb807f70]
http://sitemap.canva.cn:8080 [403] [GET] [text/plain] [] [cloudflare] [vhost] [Cloudflare,Cloudflare Bot Management,Cloudflare Network Error Logging] [7b5ea53ba332630e5aca8e4abb807f70]
https://learn.canva.cn [301] [GET] [text/html] [301 Moved Permanently] [cloudflare] [vhost] [Cloudflare,Cloudflare Bot Management,Cloudflare Network Error Logging] [42c394b8f0152b372537ace9acc3f7bb]
https://learn.canva.cn:8443 [403] [GET] [text/plain] [] [cloudflare] [vhost] [Cloudflare,Cloudflare Bot Management,Cloudflare Network Error Logging] [7b5ea53ba332630e5aca8e4abb807f70]
https://live.canva.cn [302] [GET] [] [] [cloudflare] [vhost] [Cloudflare,Cloudflare Bot Management,Cloudflare Network Error Logging] [d41d8cd98f00b204e9800998ecf8427e]
https://live.canva.cn:8443 [403] [GET] [text/plain] [] [cloudflare] [vhost] [Cloudflare,Cloudflare Bot Management,Cloudflare Network Error Logging] [7b5ea53ba332630e5aca8e4abb807f70]
https://marketplace.canva.cn [403] [GET] [text/plain] [] [cloudflare] [vhost] [Cloudflare,Cloudflare Bot Management,Cloudflare Network Error Logging] [4213f80c971e8e884f2c9353f26ef8ef]
https://marketplace.canva.cn:8443 [403] [GET] [text/plain] [] [cloudflare] [vhost] [Cloudflare,Cloudflare Bot Management,Cloudflare Network Error Logging] [7b5ea53ba332630e5aca8e4abb807f70]
https://media-private.canva.cn [403] [GET] [application/xml] [] [cloudflare] [vhost] [Amazon Web Services,Cloudflare,Cloudflare Bot Management,Cloudflare Network Error Logging] [97c6c4a3d1a73c2fc976212c63e730a3]
https://media-private.canva.cn [403] [GET] [application/xml] [] [cloudflare] [vhost] [Amazon Web Services,Cloudflare,Cloudflare Bot Management,Cloudflare Network Error Logging] [da209cb4f745145cd06c7a07ed47e0bb]
https://media-private.canva.cn:8443 [403] [GET] [text/plain] [] [cloudflare] [vhost] [Cloudflare,Cloudflare Bot Management,Cloudflare Network Error Logging] [7b5ea53ba332630e5aca8e4abb807f70]
https://media-public.canva.cn [403] [GET] [application/xml] [] [cloudflare] [vhost] [Amazon Web Services,Cloudflare,Cloudflare Bot Management,Cloudflare Network Error Logging] [98888aa3280e7d72153f0c39b0ca0c61]
https://media-public.canva.cn [403] [GET] [application/xml] [] [cloudflare] [vhost] [Amazon Web Services,Cloudflare,Cloudflare Bot Management,Cloudflare Network Error Logging] [bdf269584acd0a9b46b11a7a159fb029]
https://media-public.canva.cn:8443 [403] [GET] [text/plain] [] [cloudflare] [vhost] [Cloudflare,Cloudflare Bot Management,Cloudflare Network Error Logging] [7b5ea53ba332630e5aca8e4abb807f70]
https://phoenix.canva.cn [404] [GET] [text/html] [Amazingly Simple Graphic Design Software – Canva] [cloudflare] [vhost] [Cloudflare,Cloudflare Bot Management,Cloudflare Network Error Logging,React] [22bdf720bf9c36728ae43e19b662c2c3]
https://phoenix.canva.cn [404] [GET] [text/html] [Amazingly Simple Graphic Design Software – Canva] [cloudflare] [vhost] [Cloudflare,Cloudflare Bot Management,Cloudflare Network Error Logging,React] [847ac41599d160b0347a4ed0a5e057c9]
https://phoenix.canva.cn:8443 [403] [GET] [text/plain] [] [cloudflare] [vhost] [Cloudflare,Cloudflare Bot Management,Cloudflare Network Error Logging] [7b5ea53ba332630e5aca8e4abb807f70]
https://phoenix-capi.canva.cn [401] [GET] [] [] [] [Express,Node.js] [d41d8cd98f00b204e9800998ecf8427e]
https://profile.canva.cn [403] [GET] [application/xml] [] [cloudflare] [vhost] [Amazon Web Services,Cloudflare,Cloudflare Bot Management,Cloudflare Network Error Logging] [14b15f96bf175f168f4e37607ca586fb]
https://profile.canva.cn [403] [GET] [application/xml] [] [cloudflare] [vhost] [Amazon Web Services,Cloudflare,Cloudflare Bot Management,Cloudflare Network Error Logging] [1b3354eaec5c79f51c8b1b7c9023d3a6]
https://profile.canva.cn:8443 [403] [GET] [text/plain] [] [cloudflare] [vhost] [Cloudflare,Cloudflare Bot Management,Cloudflare Network Error Logging] [7b5ea53ba332630e5aca8e4abb807f70]
https://sdk.canva.cn [403] [GET] [application/xml] [] [cloudflare] [vhost] [Amazon Web Services,Cloudflare,Cloudflare Bot Management,Cloudflare Network Error Logging] [21f42235ba3d79128b9a02e49844bccf]
https://sdk.canva.cn [403] [GET] [application/xml] [] [cloudflare] [vhost] [Amazon Web Services,Cloudflare,Cloudflare Bot Management,Cloudflare Network Error Logging] [3cf2b95c77db519ae1cf35d9d1d82899]
https://sdk.canva.cn:8443 [403] [GET] [text/plain] [] [cloudflare] [vhost] [Cloudflare,Cloudflare Bot Management,Cloudflare Network Error Logging] [7b5ea53ba332630e5aca8e4abb807f70]
https://sfe.canva.cn [404] [GET] [] [] [cloudflare] [vhost] [Cloudflare,Cloudflare Bot Management,Cloudflare Network Error Logging] [d41d8cd98f00b204e9800998ecf8427e]
https://sfe.canva.cn:8443 [403] [GET] [text/plain] [] [cloudflare] [vhost] [Cloudflare,Cloudflare Bot Management,Cloudflare Network Error Logging] [7b5ea53ba332630e5aca8e4abb807f70]
https://share.canva.cn [403] [GET] [application/xml] [] [cloudflare] [vhost] [Amazon Web Services,Cloudflare,Cloudflare Bot Management,Cloudflare Network Error Logging] [4d962dfc0308125a1c026640a65e582d]
https://share.canva.cn [403] [GET] [application/xml] [] [cloudflare] [vhost] [Amazon Web Services,Cloudflare,Cloudflare Bot Management,Cloudflare Network Error Logging] [ff293d915d2cd222799f6b2f47636c65]
https://share.canva.cn:8443 [403] [GET] [text/plain] [] [cloudflare] [vhost] [Cloudflare,Cloudflare Bot Management,Cloudflare Network Error Logging] [7b5ea53ba332630e5aca8e4abb807f70]
https://share-upload.canva.cn [403] [GET] [application/xml] [] [cloudflare] [vhost] [Amazon Web Services,Cloudflare,Cloudflare Bot Management,Cloudflare Network Error Logging] [baba1e8aa780f655fc5525c4b71e7fdd]
https://share-upload.canva.cn [403] [GET] [application/xml] [] [cloudflare] [vhost] [Amazon Web Services,Cloudflare,Cloudflare Bot Management,Cloudflare Network Error Logging] [d9eb51073ab1e16fd1c083ca4696b8ec]
https://share-upload.canva.cn:8443 [403] [GET] [text/plain] [] [cloudflare] [vhost] [Cloudflare,Cloudflare Bot Management,Cloudflare Network Error Logging] [7b5ea53ba332630e5aca8e4abb807f70]
https://sitemap.canva.cn [200] [GET] [application/xml] [] [cloudflare] [vhost] [Amazon Web Services,Cloudflare,Cloudflare Bot Management,Cloudflare Network Error Logging] [48848d37c0f71b9b6a6768664e2910b8]
https://sitemap.canva.cn:8443 [403] [GET] [text/plain] [] [cloudflare] [vhost] [Cloudflare,Cloudflare Bot Management,Cloudflare Network Error Logging] [7b5ea53ba332630e5aca8e4abb807f70]
https://static.canva.cn [403] [GET] [application/xml] [] [cloudflare] [vhost] [Amazon Web Services,Cloudflare,Cloudflare Bot Management,Cloudflare Network Error Logging] [3610ca5e54ce14f0601e3986ff2e14c2]
https://static.canva.cn [403] [GET] [application/xml] [] [cloudflare] [vhost] [Amazon Web Services,Cloudflare,Cloudflare Bot Management,Cloudflare Network Error Logging] [9df30b35bb649d31df57ba37297ae6f5]
https://static.canva.cn:8443 [403] [GET] [text/plain] [] [cloudflare] [vhost] [Cloudflare,Cloudflare Bot Management,Cloudflare Network Error Logging] [7b5ea53ba332630e5aca8e4abb807f70]
https://static-cse.canva.cn [403] [GET] [application/xml] [] [cloudflare] [vhost] [Amazon Web Services,Cloudflare,Cloudflare Bot Management,Cloudflare Network Error Logging] [2ba637a156aaca8cc33e2cdf289be4b2]
https://static-cse.canva.cn [403] [GET] [application/xml] [] [cloudflare] [vhost] [Amazon Web Services,Cloudflare,Cloudflare Bot Management,Cloudflare Network Error Logging] [bca6427bf0b5bd720ef2a90522fe2ca5]
https://static-cse.canva.cn:8443 [403] [GET] [text/plain] [] [cloudflare] [vhost] [Cloudflare,Cloudflare Bot Management,Cloudflare Network Error Logging] [7b5ea53ba332630e5aca8e4abb807f70]
https://status.canva.cn [302] [GET] [] [] [cloudflare] [vhost] [Cloudflare,Cloudflare Bot Management,Cloudflare Network Error Logging] [d41d8cd98f00b204e9800998ecf8427e]
https://status.canva.cn:8443 [403] [GET] [text/plain] [] [cloudflare] [vhost] [Cloudflare,Cloudflare Bot Management,Cloudflare Network Error Logging] [7b5ea53ba332630e5aca8e4abb807f70]
https://support.canva.cn [301] [GET] [] [] [cloudflare] [vhost] [Cloudflare,Cloudflare Bot Management,Cloudflare Network Error Logging] [d41d8cd98f00b204e9800998ecf8427e]
https://support.canva.cn:8443 [403] [GET] [text/plain] [] [cloudflare] [vhost] [Cloudflare,Cloudflare Bot Management,Cloudflare Network Error Logging] [7b5ea53ba332630e5aca8e4abb807f70]
http://static.canva.cn:8080 [403] [GET] [text/plain] [] [cloudflare] [vhost] [Cloudflare,Cloudflare Bot Management,Cloudflare Network Error Logging] [7b5ea53ba332630e5aca8e4abb807f70]
http://static-cse.canva.cn:8080 [403] [GET] [text/plain] [] [cloudflare] [vhost] [Cloudflare,Cloudflare Bot Management,Cloudflare Network Error Logging] [7b5ea53ba332630e5aca8e4abb807f70]
http://status.canva.cn:8080 [403] [GET] [text/plain] [] [cloudflare] [vhost] [Cloudflare,Cloudflare Bot Management,Cloudflare Network Error Logging] [7b5ea53ba332630e5aca8e4abb807f70]
https://template.canva.cn [403] [GET] [application/xml] [] [cloudflare] [vhost] [Amazon Web Services,Cloudflare,Cloudflare Bot Management,Cloudflare Network Error Logging] [4541fe8623dff629f9ef92e932bc5d6f]
https://template.canva.cn [403] [GET] [application/xml] [] [cloudflare] [vhost] [Amazon Web Services,Cloudflare,Cloudflare Bot Management,Cloudflare Network Error Logging] [51e72cad6f2511a4c75eb90c480dc6de]
https://template.canva.cn:8443 [403] [GET] [text/plain] [] [cloudflare] [vhost] [Cloudflare,Cloudflare Bot Management,Cloudflare Network Error Logging] [7b5ea53ba332630e5aca8e4abb807f70]
https://thumbnail.canva.cn [403] [GET] [application/xml] [] [cloudflare] [vhost] [Amazon Web Services,Cloudflare,Cloudflare Bot Management,Cloudflare Network Error Logging] [8208273c7330fcedcca393274ceaec18]
https://thumbnail.canva.cn [403] [GET] [application/xml] [] [cloudflare] [vhost] [Amazon Web Services,Cloudflare,Cloudflare Bot Management,Cloudflare Network Error Logging] [afd872f844ab4c414338be8db4dd846a]
https://thumbnail.canva.cn:8443 [403] [GET] [text/plain] [] [cloudflare] [vhost] [Cloudflare,Cloudflare Bot Management,Cloudflare Network Error Logging] [7b5ea53ba332630e5aca8e4abb807f70]
https://upload.canva.cn [403] [GET] [application/xml] [] [cloudflare] [vhost] [Amazon Web Services,Cloudflare,Cloudflare Bot Management,Cloudflare Network Error Logging] [fcdd366122b4c22eb0620423e32e04c7]
http://support.canva.cn:8080 [403] [GET] [text/plain] [] [cloudflare] [vhost] [Cloudflare,Cloudflare Bot Management,Cloudflare Network Error Logging] [7b5ea53ba332630e5aca8e4abb807f70]
https://video-placeholders.canva.cn [403] [GET] [application/xml] [] [cloudflare] [vhost] [Amazon Web Services,Cloudflare,Cloudflare Bot Management,Cloudflare Network Error Logging] [1b4bb4c07a844bba12e2d3bffd9d22c6]
https://video-placeholders.canva.cn [403] [GET] [application/xml] [] [cloudflare] [vhost] [Amazon Web Services,Cloudflare,Cloudflare Bot Management,Cloudflare Network Error Logging] [caf16be04312696655653d9ae46db666]
https://video-placeholders.canva.cn:8443 [403] [GET] [text/plain] [] [cloudflare] [vhost] [Cloudflare,Cloudflare Bot Management,Cloudflare Network Error Logging] [7b5ea53ba332630e5aca8e4abb807f70]
https://video-private.canva.cn [403] [GET] [application/xml] [] [cloudflare] [vhost] [Amazon Web Services,Cloudflare,Cloudflare Bot Management,Cloudflare Network Error Logging] [6ea1a8b4f42e1a4b9d1f1226ffb4cb66]
https://video-private.canva.cn [403] [GET] [application/xml] [] [cloudflare] [vhost] [Amazon Web Services,Cloudflare,Cloudflare Bot Management,Cloudflare Network Error Logging] [cebf17abd2b76ccc6e2a54e391e77778]
https://video-private.canva.cn:8443 [403] [GET] [text/plain] [] [cloudflare] [vhost] [Cloudflare,Cloudflare Bot Management,Cloudflare Network Error Logging] [7b5ea53ba332630e5aca8e4abb807f70]
https://video-public.canva.cn [403] [GET] [application/xml] [] [cloudflare] [vhost] [Amazon Web Services,Cloudflare,Cloudflare Bot Management,Cloudflare Network Error Logging] [4fa4b9eb0a208440863192a397c6d5fd]
https://video-public.canva.cn [403] [GET] [application/xml] [] [cloudflare] [vhost] [Amazon Web Services,Cloudflare,Cloudflare Bot Management,Cloudflare Network Error Logging] [5ed2d44f7bcaab2d51299695112dd54f]
https://video-public.canva.cn:8443 [403] [GET] [text/plain] [] [cloudflare] [vhost] [Cloudflare,Cloudflare Bot Management,Cloudflare Network Error Logging] [7b5ea53ba332630e5aca8e4abb807f70]
https://video-upload.canva.cn [403] [GET] [application/xml] [] [cloudflare] [vhost] [Amazon Web Services,Cloudflare,Cloudflare Bot Management,Cloudflare Network Error Logging] [827782e9c7e61ccbd8e201c77f98f875]
https://video-upload.canva.cn [403] [GET] [application/xml] [] [cloudflare] [vhost] [Amazon Web Services,Cloudflare,Cloudflare Bot Management,Cloudflare Network Error Logging] [f2ed717dd26690d5d1092d95c0ab9ae8]
https://video-upload.canva.cn:8443 [403] [GET] [text/plain] [] [cloudflare] [vhost] [Cloudflare,Cloudflare Bot Management,Cloudflare Network Error Logging] [7b5ea53ba332630e5aca8e4abb807f70]
https://webproxy.idc-lorien.ruletheearthjwxt1-csestores-turk.bh-arppofind-2021.comssets.glategoryfronicsadnswildcardproducts.wire.z55i2kerisere10dvkv.2.canva.cn [404] [GET] [] [] [tsa_a] [vhost] [d41d8cd98f00b204e9800998ecf8427e]
https://wire.combuckyrule-bitbucket-repo-east-6-rpcgw-sql.cse-z55i2kerisere10dvkv-june.z55i2kerisere10dvkv.1.canva.cn [200] [GET] [text/html] [] [nginx] [Nginx] [c9949cfdebbae92431ca78ca2a6a1a14]
https://www.canva.cn [403] [GET] [text/html] [Just a moment...] [cloudflare] [vhost] [Cloudflare,Cloudflare Bot Management,Cloudflare Network Error Logging] [3710a7e49bbfd1cf7ffbcce7a41073cd]
https://www.canva.cn [403] [GET] [text/html] [Just a moment...] [cloudflare] [vhost] [Cloudflare,Cloudflare Bot Management,Cloudflare Network Error Logging] [932b9d0dfd5fb1b82047030115678c72]
https://www.canva.cn:8443 [403] [GET] [text/plain] [] [cloudflare] [vhost] [Cloudflare,Cloudflare Bot Management,Cloudflare Network Error Logging] [7b5ea53ba332630e5aca8e4abb807f70]
https://www.google.combucky.15383.k8s-prod-areariservata-machine.cmnlistmail.18.cseip177.canva.cn [400] [GET] [text/html] [Error] [] [609509a9dbad51ec66945d65cbac196c]
https://www.google.combucky.33733areariservata.org-anissa-aremembershipmediacmnlistmail.cmnlistmail.ruletheearthjwxt1-csestores.canva.cn [400] [GET] [text/html] [Error] [] [609509a9dbad51ec66945d65cbac196c]
https://www.google.combucky.33733.org-anissa-areariservata-machine.cmnlistmail.0393c-finion-public-service.merch-sslrule-k48kjihgfedcba987658.canva.cn [400] [GET] [text/html] [Error] [] [609509a9dbad51ec66945d65cbac196c]
https://www.google.combucky.33733.org-anissa-arearuletheearth.cmnlistmail.ruletheearthjwxt1-cmedia-prird-private.11.canva.cn [400] [GET] [text/html] [Error] [] [609509a9dbad51ec66945d65cbac196c]
https://www.google.combucky.33733.org-anissa-csestoresvi-machine.febc242-hhd.0393c-finion-public-service.canva.cn [404] [GET] [] [] [tsa_a] [vhost] [d41d8cd98f00b204e9800998ecf8427e]
https://www.google.combucky.33733.org-anissa-virtual-yajama6ta-machine.cmnlistmail.ruletheearthjwxt1-csestores.3.canva.cn [400] [GET] [text/plain] [] [] [d41d8cd98f00b204e9800998ecf8427e]
https://www.google.combucky.58163.stage.anissa-areariservata-machine.cmnlistmailext.v1-cmnlistmailext.csecommunitsvc1mmonclhks0610n36304.canva.cn [400] [GET] [text/html] [Error] [] [609509a9dbad51ec66945d65cbac196c]
https://www.google.combucky.58163.stage.anissa-areariservata-machine.cmnlistmailext.v1-cmnlistmailext.cse.net-cllyncowa.canva.cn [404] [GET] [] [] [tsa_b] [vhost] [d41d8cd98f00b204e9800998ecf8427e]
http://thumbnail.canva.cn:8080 [403] [GET] [text/plain] [] [cloudflare] [vhost] [Cloudflare,Cloudflare Bot Management,Cloudflare Network Error Logging] [7b5ea53ba332630e5aca8e4abb807f70]
http://video-placeholders.canva.cn:8080 [403] [GET] [text/plain] [] [cloudflare] [vhost] [Cloudflare,Cloudflare Bot Management,Cloudflare Network Error Logging] [7b5ea53ba332630e5aca8e4abb807f70]
http://video-private.canva.cn:8080 [403] [GET] [text/plain] [] [cloudflare] [vhost] [Cloudflare,Cloudflare Bot Management,Cloudflare Network Error Logging] [7b5ea53ba332630e5aca8e4abb807f70]
http://video-public.canva.cn:8080 [403] [GET] [text/plain] [] [cloudflare] [vhost] [Cloudflare,Cloudflare Bot Management,Cloudflare Network Error Logging] [7b5ea53ba332630e5aca8e4abb807f70]
http://video-upload.canva.cn:8080 [403] [GET] [text/plain] [] [cloudflare] [vhost] [Cloudflare,Cloudflare Bot Management,Cloudflare Network Error Logging] [7b5ea53ba332630e5aca8e4abb807f70]
http://www.canva.cn:8080 [403] [GET] [text/plain] [] [cloudflare] [vhost] [Cloudflare,Cloudflare Bot Management,Cloudflare Network Error Logging] [7b5ea53ba332630e5aca8e4abb807f70]
http://www.google.combucky.33733wtmedia-publiccse.org-anissa-areariservata-machine.cmnlistmail.ruletheearthjwxt1-csestores.canva.cn [500] [GET] [text/html] [Fastly error: unknown domain www.google.combucky.33733wtmedia-publiccse.org-anissa-areariservata-machine.cmnlistmail.ruletheearthjwxt1-csestores.canva.cn] [Varnish] [Fastly,Varnish] [f896e07b41cd4cbf3afde195bdf9bf8d]
