http://apps.canva-apps.cn:2082 [301] [GET] [] [] [cloudflare] [Cloudflare] [d41d8cd98f00b204e9800998ecf8427e]
http://apps.canva-apps.cn:2086 [301] [GET] [] [] [cloudflare] [Cloudflare] [d41d8cd98f00b204e9800998ecf8427e]
http://apps.canva-apps.cn:8880 [301] [GET] [] [] [cloudflare] [Cloudflare] [d41d8cd98f00b204e9800998ecf8427e]
http://blog.canva-apps.cn:2082 [301] [GET] [] [] [cloudflare] [Cloudflare] [d41d8cd98f00b204e9800998ecf8427e]
http://blog.canva-apps.cn:2086 [301] [GET] [] [] [cloudflare] [Cloudflare] [d41d8cd98f00b204e9800998ecf8427e]
http://blog.canva-apps.cn:8080 [301] [GET] [] [] [cloudflare] [Cloudflare] [d41d8cd98f00b204e9800998ecf8427e]
http://blog.canva-apps.cn:8880 [301] [GET] [] [] [cloudflare] [Cloudflare] [d41d8cd98f00b204e9800998ecf8427e]
http://canva-apps.cn:2082 [301] [GET] [] [] [cloudflare] [Cloudflare] [d41d8cd98f00b204e9800998ecf8427e]
http://canva-apps.cn:2083 [400] [GET] [text/html] [400 The plain HTTP request was sent to HTTPS port] [cloudflare] [Cloudflare] [cd58783500d7fa3c58f88eb0ba22f4f8]
http://canva-apps.cn:2086 [301] [GET] [] [] [cloudflare] [Cloudflare] [d41d8cd98f00b204e9800998ecf8427e]
http://canva-apps.cn:2087 [400] [GET] [text/html] [400 The plain HTTP request was sent to HTTPS port] [cloudflare] [Cloudflare] [20ad84d030031252141ca0b3fc0183f0]
http://canva-apps.cn:8080 [301] [GET] [] [] [cloudflare] [Cloudflare] [d41d8cd98f00b204e9800998ecf8427e]
http://canva-apps.cn:8443 [400] [GET] [text/html] [400 The plain HTTP request was sent to HTTPS port] [cloudflare] [Cloudflare] [cd58783500d7fa3c58f88eb0ba22f4f8]
http://contentapp.canva-apps.cn:2082 [301] [GET] [] [] [cloudflare] [Cloudflare] [d41d8cd98f00b204e9800998ecf8427e]
http://contentapp.canva-apps.cn:2086 [301] [GET] [] [] [cloudflare] [Cloudflare] [d41d8cd98f00b204e9800998ecf8427e]
http://contentapp.canva-apps.cn:2095 [301] [GET] [] [] [cloudflare] [Cloudflare] [d41d8cd98f00b204e9800998ecf8427e]
http://contentapp.canva-apps.cn:8080 [301] [GET] [] [] [cloudflare] [Cloudflare] [d41d8cd98f00b204e9800998ecf8427e]
http://contentapp.canva-apps.cn:8880 [301] [GET] [] [] [cloudflare] [Cloudflare] [d41d8cd98f00b204e9800998ecf8427e]
https://apps.canva-apps.cn:2083 [403] [GET] [application/xml] [] [cloudflare] [vhost] [Amazon Web Services,Cloudflare] [24aff1d37a71c120943b08dafcf27243]
https://apps.canva-apps.cn:2087 [403] [GET] [application/xml] [] [cloudflare] [vhost] [Amazon Web Services,Cloudflare] [c20db487e3de9ba95de3ce092e179ecc]
https://apps.canva-apps.cn [403] [GET] [application/xml] [] [cloudflare] [vhost] [Amazon Web Services,Cloudflare] [962ba9e20bb0ace44685908845667217]
https://apps.canva-apps.cn [403] [GET] [application/xml] [] [cloudflare] [vhost] [Amazon Web Services,Cloudflare] [cb0728b44cabf1e7fa2ce2dfe77e8124]
https://apps.canva-apps.cn:8443 [403] [GET] [application/xml] [] [cloudflare] [vhost] [Amazon Web Services,Cloudflare] [ed233801cf14d5e28d5f3b712821dbc4]
https://blog.canva-apps.cn:2083 [530] [GET] [text/html] [Origin DNS error | blog.canva-apps.cn | Cloudflare] [cloudflare] [vhost] [Cloudflare] [f06c92f9e5ecd4dee0c6821f50bc8d33]
https://blog.canva-apps.cn:2087 [530] [GET] [text/html] [Origin DNS error | blog.canva-apps.cn | Cloudflare] [cloudflare] [vhost] [Cloudflare] [22e69d535b898962e4efcad140693ecb]
https://blog.canva-apps.cn [530] [GET] [text/html] [Origin DNS error | blog.canva-apps.cn | Cloudflare] [cloudflare] [vhost] [Cloudflare] [3935a54692e73909c556b34a4742dd7b]
https://blog.canva-apps.cn [530] [GET] [text/html] [Origin DNS error | blog.canva-apps.cn | Cloudflare] [cloudflare] [vhost] [Cloudflare] [6a7ef9deea77caad131102e022c3b970]
https://blog.canva-apps.cn:8443 [530] [GET] [text/html] [Origin DNS error | blog.canva-apps.cn | Cloudflare] [cloudflare] [vhost] [Cloudflare] [77249595bd4013d478c7a1bdd8fc925b]
https://canva-apps.cn [404] [GET] [text/html] [404 Not Found] [cloudflare] [vhost] [Cloudflare] [281a0101f6264e2441aa8850dfdcf289]
https://contentapp.canva-apps.cn:2083 [403] [GET] [text/plain] [] [cloudflare] [vhost] [Cloudflare] [2c207c5a12efe6fdf1c49970caa49b61]
https://contentapp.canva-apps.cn:2087 [403] [GET] [text/plain] [] [cloudflare] [vhost] [Cloudflare] [2c207c5a12efe6fdf1c49970caa49b61]
https://contentapp.canva-apps.cn [403] [GET] [text/plain] [] [cloudflare] [vhost] [Cloudflare] [2c207c5a12efe6fdf1c49970caa49b61]
https://contentapp.canva-apps.cn:8443 [403] [GET] [text/plain] [] [cloudflare] [vhost] [Cloudflare] [2c207c5a12efe6fdf1c49970caa49b61]
https://webmail.canva-apps.cn [301] [GET] [] [] [Varnish] [Varnish] [d41d8cd98f00b204e9800998ecf8427e]
https://www.canva-apps.cn [404] [GET] [text/html] [404 Not Found] [cloudflare] [vhost] [Cloudflare] [281a0101f6264e2441aa8850dfdcf289]
http://www.canva-apps.cn:2082 [301] [GET] [] [] [cloudflare] [Cloudflare] [d41d8cd98f00b204e9800998ecf8427e]
http://www.canva-apps.cn:2083 [400] [GET] [text/html] [400 The plain HTTP request was sent to HTTPS port] [cloudflare] [Cloudflare] [cd58783500d7fa3c58f88eb0ba22f4f8]
http://www.canva-apps.cn:2087 [400] [GET] [text/html] [400 The plain HTTP request was sent to HTTPS port] [cloudflare] [Cloudflare] [cd58783500d7fa3c58f88eb0ba22f4f8]
http://www.canva-apps.cn:8080 [301] [GET] [] [] [cloudflare] [Cloudflare] [d41d8cd98f00b204e9800998ecf8427e]
http://www.canva-apps.cn:8443 [400] [GET] [text/html] [400 The plain HTTP request was sent to HTTPS port] [cloudflare] [Cloudflare] [20ad84d030031252141ca0b3fc0183f0]
