http://canva.com:2082 [403] [GET] [text/plain] [] [cloudflare] [vhost] [cloudflare] [Cloudflare,Cloudflare Bot Management,Cloudflare Network Error Logging] [7b5ea53ba332630e5aca8e4abb807f70]
http://canva.com:2086 [403] [GET] [text/plain] [] [cloudflare] [vhost] [cloudflare] [Cloudflare,Cloudflare Bot Management,Cloudflare Network Error Logging] [7b5ea53ba332630e5aca8e4abb807f70]
http://canva.com:8080 [403] [GET] [text/plain] [] [cloudflare] [vhost] [cloudflare] [Cloudflare,Cloudflare Bot Management,Cloudflare Network Error Logging] [7b5ea53ba332630e5aca8e4abb807f70]
http://canva.com:8880 [403] [GET] [text/plain] [] [cloudflare] [vhost] [cloudflare] [Cloudflare,Cloudflare Bot Management,Cloudflare Network Error Logging] [7b5ea53ba332630e5aca8e4abb807f70]
http://cse.canva.com [404] [GET] [text/html] [404 Not Found] [AmazonS3] [vhost] [Amazon S3,Amazon Web Services] [c01aa855bdd953df9eaacbd1aa5822d3]
http://email.teamable.canva.com [301] [GET] [] [] [cloudflare] [vhost] [cloudflare] [Cloudflare,Cloudflare Bot Management,Cloudflare Network Error Logging] [d41d8cd98f00b204e9800998ecf8427e]
http://pm-bounces.canva.com [200] [GET] [text/html] [Postmark — Email delivery for web apps] [AmazonS3] [Amazon S3,Amazon Web Services] [7c799ed1d7ff5d863b3a9c219e42328a]
http://renderer.cse.canva.com [404] [GET] [text/html] [Amazingly Simple Graphic Design Software – Canva] [] [vhost] [React] [7e0d7df585e88e41db8bd5046534bd6e]
https://1p-sc.canva.com [307] [GET] [text/html] [] [] [google] [6bc692ccc10112a7d62b6e36e43c2a0b]
https://about.canva.com [301] [GET] [text/html] [301 Moved Permanently] [cloudflare] [vhost] [cloudflare] [Cloudflare,Cloudflare Bot Management,Cloudflare Network Error Logging] [42c394b8f0152b372537ace9acc3f7bb]
https://advocates.canva.com [204] [GET] [] [] [] [vhost] [d41d8cd98f00b204e9800998ecf8427e]
https://affiliates.canva.com [302] [GET] [text/html] [302 Found] [Apache] [vhost] [Apache] [962acfe0b0df80b8222eb220c192f639]
https://album.canva.com [400] [GET] [text/html] [400 Bad Request] [cloudflare] [vhost] [cloudflare] [Cloudflare,Cloudflare Bot Management,Cloudflare Network Error Logging] [8647ea6641f83d631028cde7bb37ead1]
https://album.canva.com [400] [GET] [text/html] [400 Bad Request] [cloudflare] [vhost] [cloudflare] [Cloudflare,Cloudflare Bot Management,Cloudflare Network Error Logging] [ef75f8371e2517d7a942a4e2df055218]
https://api.canva.com [404] [GET] [text/javascript] [] [cloudflare] [vhost] [cloudflare] [Cloudflare,Cloudflare Bot Management,Cloudflare Network Error Logging] [c9950dfe695e6a998bae66c75320ed00]
https://app-resources.canva.com [403] [GET] [application/xml] [] [cloudflare] [vhost] [cloudflare] [Amazon Web Services,Cloudflare,Cloudflare Bot Management,Cloudflare Network Error Logging] [217317a2b80dd8ed7349c3203b6add8a]
https://app-resources.canva.com [403] [GET] [application/xml] [] [cloudflare] [vhost] [cloudflare] [Amazon Web Services,Cloudflare,Cloudflare Bot Management,Cloudflare Network Error Logging] [ee2caed1a8da80164ac138a4932ea636]
https://apps.canva.com [302] [GET] [] [] [cloudflare] [vhost] [cloudflare] [Cloudflare,Cloudflare Bot Management,Cloudflare Network Error Logging] [d41d8cd98f00b204e9800998ecf8427e]
https://ar-eg.about.canva.com [301] [GET] [text/html] [301 Moved Permanently] [cloudflare] [vhost] [cloudflare] [Cloudflare,Cloudflare Bot Management,Cloudflare Network Error Logging] [42c394b8f0152b372537ace9acc3f7bb]
https://audio-private.canva.com [403] [GET] [application/xml] [] [cloudflare] [vhost] [cloudflare] [Amazon Web Services,Cloudflare,Cloudflare Bot Management,Cloudflare Network Error Logging] [8f1e515f06ff2c443d0f6eee50277f73]
https://audio-private.canva.com [403] [GET] [application/xml] [] [cloudflare] [vhost] [cloudflare] [Amazon Web Services,Cloudflare,Cloudflare Bot Management,Cloudflare Network Error Logging] [eca56f8a9fcc79902889aca8bbfcd04b]
https://audio-public.canva.com [403] [GET] [application/xml] [] [cloudflare] [vhost] [cloudflare] [Amazon Web Services,Cloudflare,Cloudflare Bot Management,Cloudflare Network Error Logging] [58f671783a486c080f175dc10769413e]
https://audio-public.canva.com [403] [GET] [application/xml] [] [cloudflare] [vhost] [cloudflare] [Amazon Web Services,Cloudflare,Cloudflare Bot Management,Cloudflare Network Error Logging] [b2f201f73b4123114b5562505a9d1d4f]
https://audio-upload.canva.com [403] [GET] [application/xml] [] [cloudflare] [vhost] [cloudflare] [Amazon Web Services,Cloudflare,Cloudflare Bot Management,Cloudflare Network Error Logging] [a416339d020507b27ea48e8c16c057aa]
https://audio-upload.canva.com [403] [GET] [application/xml] [] [cloudflare] [vhost] [cloudflare] [Amazon Web Services,Cloudflare,Cloudflare Bot Management,Cloudflare Network Error Logging] [d4c211a4c5564630a44d8e67988916a9]
https://banner-static.canva.com [403] [GET] [application/xml] [] [cloudflare] [vhost] [cloudflare] [Amazon Web Services,Cloudflare,Cloudflare Bot Management,Cloudflare Network Error Logging] [a82c2aa29d958e3c172638e9e3e75999]
https://banner-static.canva.com [403] [GET] [application/xml] [] [cloudflare] [vhost] [cloudflare] [Amazon Web Services,Cloudflare,Cloudflare Bot Management,Cloudflare Network Error Logging] [d58b0d4a88e7fbf61faf1dead5ddc20e]
https://button-demo.canva.com [403] [GET] [text/html] [Just a moment...] [cloudflare] [vhost] [cloudflare] [Cloudflare,Cloudflare Bot Management,Cloudflare Network Error Logging] [87dbb5cdc943d87e99e6dfb64802d150]
https://button-demo.canva.com [403] [GET] [text/html] [Just a moment...] [cloudflare] [vhost] [cloudflare] [Cloudflare,Cloudflare Bot Management,Cloudflare Network Error Logging] [b109bf9447efb7e31dad568ca6251caf]
https://canva.com:2083 [403] [GET] [text/plain] [] [cloudflare] [vhost] [cloudflare] [Cloudflare,Cloudflare Bot Management,Cloudflare Network Error Logging] [7b5ea53ba332630e5aca8e4abb807f70]
https://canva.com:2087 [403] [GET] [text/plain] [] [cloudflare] [vhost] [cloudflare] [Cloudflare,Cloudflare Bot Management,Cloudflare Network Error Logging] [7b5ea53ba332630e5aca8e4abb807f70]
https://canva.com:2096 [403] [GET] [text/plain] [] [cloudflare] [vhost] [cloudflare] [Cloudflare,Cloudflare Bot Management,Cloudflare Network Error Logging] [7b5ea53ba332630e5aca8e4abb807f70]
https://canva.com [301] [GET] [] [] [cloudflare] [vhost] [cloudflare] [Cloudflare,Cloudflare Bot Management,Cloudflare Network Error Logging] [d41d8cd98f00b204e9800998ecf8427e]
https://canva.com:8443 [403] [GET] [text/plain] [] [cloudflare] [vhost] [cloudflare] [Cloudflare,Cloudflare Bot Management,Cloudflare Network Error Logging] [7b5ea53ba332630e5aca8e4abb807f70]
https://capi.cse.canva.com [401] [GET] [] [] [] [Express,Node.js] [d41d8cd98f00b204e9800998ecf8427e]
https://careers.canva.com [301] [GET] [text/html] [301 Moved Permanently] [cloudflare] [vhost] [cloudflare] [Cloudflare,Cloudflare Bot Management,Cloudflare Network Error Logging] [42c394b8f0152b372537ace9acc3f7bb]
https://category-public.canva.com [403] [GET] [application/xml] [] [cloudflare] [vhost] [cloudflare] [Amazon Web Services,Cloudflare,Cloudflare Bot Management,Cloudflare Network Error Logging] [409ac294d90c7e421dcd8bf8d12c8dd8]
https://category-public.canva.com [403] [GET] [application/xml] [] [cloudflare] [vhost] [cloudflare] [Amazon Web Services,Cloudflare,Cloudflare Bot Management,Cloudflare Network Error Logging] [4bfde8d2752295f4c2490cb8fb67e6a5]
https://cl.canva.com [404] [GET] [text/plain] [] [cloudflare] [vhost] [cloudflare] [Cloudflare,Cloudflare Bot Management,Cloudflare Network Error Logging] [9d1ead73e678fa2f51a70a933b0bf017]
https://content-management-files.canva.com [403] [GET] [application/xml] [] [cloudflare] [vhost] [cloudflare] [Amazon Web Services,Cloudflare,Cloudflare Bot Management,Cloudflare Network Error Logging] [0ad89584b1d524b64a792a4ca21315ed]
https://content-management-files.canva.com [403] [GET] [application/xml] [] [cloudflare] [vhost] [cloudflare] [Amazon Web Services,Cloudflare,Cloudflare Bot Management,Cloudflare Network Error Logging] [524fd537729b9de2f858c317ebf1f719]
https://creator.canva.com [404] [GET] [text/html] [Dead End] [] [google] [Google Cloud,Google Cloud CDN] [b2190542286de69ff73cbf7fa08e6a75]
https://ct.canva.com [400] [GET] [] [] [] [vhost] [Google Cloud,Google Cloud CDN] [d41d8cd98f00b204e9800998ecf8427e]
https://da-dk.about.canva.com [301] [GET] [text/html] [301 Moved Permanently] [cloudflare] [vhost] [cloudflare] [Cloudflare,Cloudflare Bot Management,Cloudflare Network Error Logging] [42c394b8f0152b372537ace9acc3f7bb]
https://de-de.about.canva.com [301] [GET] [text/html] [301 Moved Permanently] [cloudflare] [vhost] [cloudflare] [Cloudflare,Cloudflare Bot Management,Cloudflare Network Error Logging] [42c394b8f0152b372537ace9acc3f7bb]
https://de-de.learn.canva.com [301] [GET] [text/html] [301 Moved Permanently] [cloudflare] [vhost] [cloudflare] [Cloudflare,Cloudflare Bot Management,Cloudflare Network Error Logging] [42c394b8f0152b372537ace9acc3f7bb]
https://deploy.canva.com [403] [GET] [application/xml] [] [cloudflare] [vhost] [cloudflare] [Amazon Web Services,Cloudflare,Cloudflare Bot Management,Cloudflare Network Error Logging] [5f74541008b35fd68f12c43f1adea029]
https://deploy.canva.com [403] [GET] [application/xml] [] [cloudflare] [vhost] [cloudflare] [Amazon Web Services,Cloudflare,Cloudflare Bot Management,Cloudflare Network Error Logging] [fe083603dfac7136d4e2b8a3fdc302e5]
https://design-automation-font-recommendations.canva.com [403] [GET] [application/xml] [] [cloudflare] [vhost] [cloudflare] [Amazon Web Services,Cloudflare,Cloudflare Bot Management,Cloudflare Network Error Logging] [bc0f93fdf4d3b1e61cbc2dc1c575a730]
https://design-automation-font-recommendations.canva.com [403] [GET] [application/xml] [] [cloudflare] [vhost] [cloudflare] [Amazon Web Services,Cloudflare,Cloudflare Bot Management,Cloudflare Network Error Logging] [fb576c2288b0a8c80fb7cb5d2d7ef1d5]
https://design-automation-preset-styles.canva.com [403] [GET] [application/xml] [] [cloudflare] [vhost] [cloudflare] [Amazon Web Services,Cloudflare,Cloudflare Bot Management,Cloudflare Network Error Logging] [3c3f5df30dbb8039b6f1662acfeaa47b]
https://design-automation-preset-styles.canva.com [403] [GET] [application/xml] [] [cloudflare] [vhost] [cloudflare] [Amazon Web Services,Cloudflare,Cloudflare Bot Management,Cloudflare Network Error Logging] [3cccd9b332343f4435683760fd42b3fc]
https://designschool.canva.com [301] [GET] [text/html] [301 Moved Permanently] [cloudflare] [vhost] [cloudflare] [Cloudflare,Cloudflare Bot Management,Cloudflare Network Error Logging] [42c394b8f0152b372537ace9acc3f7bb]
https://desktop-release.canva.com [403] [GET] [application/xml] [] [cloudflare] [vhost] [cloudflare] [Amazon Web Services,Cloudflare,Cloudflare Bot Management,Cloudflare Network Error Logging] [74f5e896661c452c14c2e6ca44e9cfca]
https://desktop-release.canva.com [403] [GET] [application/xml] [] [cloudflare] [vhost] [cloudflare] [Amazon Web Services,Cloudflare,Cloudflare Bot Management,Cloudflare Network Error Logging] [dd14d5d3a7d2452950f616c09b78393b]
https://developer.canva.com [301] [GET] [] [] [cloudflare] [vhost] [cloudflare] [Cloudflare,Cloudflare Bot Management,Cloudflare Network Error Logging] [d41d8cd98f00b204e9800998ecf8427e]
https://developers.canva.com [301] [GET] [] [] [cloudflare] [vhost] [cloudflare] [Cloudflare,Cloudflare Bot Management,Cloudflare Network Error Logging] [d41d8cd98f00b204e9800998ecf8427e]
https://docs.developer.canva.com [302] [GET] [text/plain] [] [cloudflare] [vhost] [cloudflare] [Algolia,Cloudflare,Google Cloud,Google Cloud Trace] [545a87f263594200b13662618249135a]
https://document-export.canva.com [403] [GET] [application/xml] [] [cloudflare] [vhost] [cloudflare] [Amazon Web Services,Cloudflare,Cloudflare Bot Management,Cloudflare Network Error Logging] [38c3e742e64824d25de117eb6bd83b70]
https://document-export.canva.com [403] [GET] [application/xml] [] [cloudflare] [vhost] [cloudflare] [Amazon Web Services,Cloudflare,Cloudflare Bot Management,Cloudflare Network Error Logging] [6ed3fd721fdef0484bce07aa4044e1f9]
https://email-design-template.canva.com [403] [GET] [application/xml] [] [cloudflare] [vhost] [cloudflare] [Amazon Web Services,Cloudflare,Cloudflare Bot Management,Cloudflare Network Error Logging] [82bfd3a6ff6c8fb2978333f388e19e51]
https://email-design-template.canva.com [403] [GET] [application/xml] [] [cloudflare] [vhost] [cloudflare] [Amazon Web Services,Cloudflare,Cloudflare Bot Management,Cloudflare Network Error Logging] [9a22eb5a0352030328fd4c0f47b8e79e]
https://email-public.canva.com [403] [GET] [application/xml] [] [cloudflare] [vhost] [cloudflare] [Amazon Web Services,Cloudflare,Cloudflare Bot Management,Cloudflare Network Error Logging] [0882e6db3562d1ea081e3f9ecd102744]
https://email-public.canva.com [403] [GET] [application/xml] [] [cloudflare] [vhost] [cloudflare] [Amazon Web Services,Cloudflare,Cloudflare Bot Management,Cloudflare Network Error Logging] [8028be9e7aefef6a64e583281a0f17c6]
https://engineering.canva.com [301] [GET] [] [] [cloudflare] [vhost] [cloudflare] [Cloudflare,Cloudflare Bot Management,Cloudflare Network Error Logging] [d41d8cd98f00b204e9800998ecf8427e]
https://en-in.about.canva.com [301] [GET] [text/html] [301 Moved Permanently] [cloudflare] [vhost] [cloudflare] [Cloudflare,Cloudflare Bot Management,Cloudflare Network Error Logging] [42c394b8f0152b372537ace9acc3f7bb]
https://es-ar.about.canva.com [301] [GET] [text/html] [301 Moved Permanently] [cloudflare] [vhost] [cloudflare] [Cloudflare,Cloudflare Bot Management,Cloudflare Network Error Logging] [42c394b8f0152b372537ace9acc3f7bb]
https://es-co.about.canva.com [301] [GET] [text/html] [301 Moved Permanently] [cloudflare] [vhost] [cloudflare] [Cloudflare,Cloudflare Bot Management,Cloudflare Network Error Logging] [42c394b8f0152b372537ace9acc3f7bb]
https://es-es.about.canva.com [301] [GET] [text/html] [301 Moved Permanently] [cloudflare] [vhost] [cloudflare] [Cloudflare,Cloudflare Bot Management,Cloudflare Network Error Logging] [42c394b8f0152b372537ace9acc3f7bb]
https://es-mx.about.canva.com [301] [GET] [text/html] [301 Moved Permanently] [cloudflare] [vhost] [cloudflare] [Cloudflare,Cloudflare Bot Management,Cloudflare Network Error Logging] [42c394b8f0152b372537ace9acc3f7bb]
https://es-mx.learn.canva.com [301] [GET] [text/html] [301 Moved Permanently] [cloudflare] [vhost] [cloudflare] [Cloudflare,Cloudflare Bot Management,Cloudflare Network Error Logging] [42c394b8f0152b372537ace9acc3f7bb]
https://es-us.about.canva.com [301] [GET] [text/html] [301 Moved Permanently] [cloudflare] [vhost] [cloudflare] [Cloudflare,Cloudflare Bot Management,Cloudflare Network Error Logging] [42c394b8f0152b372537ace9acc3f7bb]
https://experiments-static.canva.com [403] [GET] [application/xml] [] [cloudflare] [vhost] [cloudflare] [Amazon Web Services,Cloudflare,Cloudflare Bot Management,Cloudflare Network Error Logging] [04490bd1c657096f02c49aa7e4675577]
https://experiments-static.canva.com [403] [GET] [application/xml] [] [cloudflare] [vhost] [cloudflare] [Amazon Web Services,Cloudflare,Cloudflare Bot Management,Cloudflare Network Error Logging] [3d90f1cbec587cde172cb7d50c6be53e]
https://export-download.canva.com [403] [GET] [application/xml] [] [cloudflare] [vhost] [cloudflare] [Amazon Web Services,Cloudflare,Cloudflare Bot Management,Cloudflare Network Error Logging] [5af558e6db682901b6665a8eefdcf127]
https://export-download.canva.com [403] [GET] [application/xml] [] [cloudflare] [vhost] [cloudflare] [Amazon Web Services,Cloudflare,Cloudflare Bot Management,Cloudflare Network Error Logging] [707a864e2185c1b827cff610fc668e8d]
https://font-ingest.canva.com [403] [GET] [application/xml] [] [cloudflare] [vhost] [cloudflare] [Amazon Web Services,Cloudflare,Cloudflare Bot Management,Cloudflare Network Error Logging] [2a86cf1e82822c0ad0f192a5076cb3d3]
https://font-ingest.canva.com [403] [GET] [application/xml] [] [cloudflare] [vhost] [cloudflare] [Amazon Web Services,Cloudflare,Cloudflare Bot Management,Cloudflare Network Error Logging] [f4596f6849cdddc15aa746cb1dd6b3a1]
https://font-private.canva.com [403] [GET] [application/xml] [] [cloudflare] [vhost] [cloudflare] [Amazon Web Services,Cloudflare,Cloudflare Bot Management,Cloudflare Network Error Logging] [207327c5cc272d3b30cf296b114fa2a4]
https://font-private.canva.com [403] [GET] [application/xml] [] [cloudflare] [vhost] [cloudflare] [Amazon Web Services,Cloudflare,Cloudflare Bot Management,Cloudflare Network Error Logging] [732a1e78feaa8bd8d92f2a3b3c7a1c17]
https://font-public.canva.com [403] [GET] [application/xml] [] [cloudflare] [vhost] [cloudflare] [Amazon Web Services,Cloudflare,Cloudflare Bot Management,Cloudflare Network Error Logging] [4ca5e57a11ae6fe6846c9ecdce67bdbe]
https://font-public.canva.com [403] [GET] [application/xml] [] [cloudflare] [vhost] [cloudflare] [Amazon Web Services,Cloudflare,Cloudflare Bot Management,Cloudflare Network Error Logging] [aee9b5d0b6bf37015b76301d30baf09c]
https://font-subsets.canva.com [403] [GET] [application/xml] [] [cloudflare] [vhost] [cloudflare] [Amazon Web Services,Cloudflare,Cloudflare Bot Management,Cloudflare Network Error Logging] [00c0716ec5b43b8e25f870fd635e6df0]
https://font-subsets.canva.com [403] [GET] [application/xml] [] [cloudflare] [vhost] [cloudflare] [Amazon Web Services,Cloudflare,Cloudflare Bot Management,Cloudflare Network Error Logging] [b664d019c5ce5fdeeb946d6de53269bf]
https://fr-fr.about.canva.com [301] [GET] [text/html] [301 Moved Permanently] [cloudflare] [vhost] [cloudflare] [Cloudflare,Cloudflare Bot Management,Cloudflare Network Error Logging] [42c394b8f0152b372537ace9acc3f7bb]
https://fr-fr.learn.canva.com [301] [GET] [text/html] [301 Moved Permanently] [cloudflare] [vhost] [cloudflare] [Cloudflare,Cloudflare Bot Management,Cloudflare Network Error Logging] [42c394b8f0152b372537ace9acc3f7bb]
https://go.canva.com [302] [GET] [text/html] [] [PardotServer] [vhost] [Pardot] [d41d8cd98f00b204e9800998ecf8427e]
https://go.edu.canva.com [302] [GET] [text/html] [] [PardotServer] [vhost] [Pardot] [d41d8cd98f00b204e9800998ecf8427e]
https://help-public.canva.com [403] [GET] [application/xml] [] [cloudflare] [vhost] [cloudflare] [Amazon Web Services,Cloudflare,Cloudflare Bot Management,Cloudflare Network Error Logging] [cd3aa7063058edb1ac69960a0bce2c15]
https://help-public.canva.com [403] [GET] [application/xml] [] [cloudflare] [vhost] [cloudflare] [Amazon Web Services,Cloudflare,Cloudflare Bot Management,Cloudflare Network Error Logging] [e82248ac11dbdd23691b585e063b5ded]
https://id-id.about.canva.com [301] [GET] [text/html] [301 Moved Permanently] [cloudflare] [vhost] [cloudflare] [Cloudflare,Cloudflare Bot Management,Cloudflare Network Error Logging] [42c394b8f0152b372537ace9acc3f7bb]
https://id-id.learn.canva.com [301] [GET] [text/html] [301 Moved Permanently] [cloudflare] [vhost] [cloudflare] [Cloudflare,Cloudflare Bot Management,Cloudflare Network Error Logging] [42c394b8f0152b372537ace9acc3f7bb]
https://image.canva.com [403] [GET] [application/xml] [] [cloudflare] [vhost] [cloudflare] [Amazon Web Services,Cloudflare,Cloudflare Bot Management,Cloudflare Network Error Logging] [0a7f8e30ad5878dc2a74980d64c1e67c]
https://image.canva.com [403] [GET] [application/xml] [] [cloudflare] [vhost] [cloudflare] [Amazon Web Services,Cloudflare,Cloudflare Bot Management,Cloudflare Network Error Logging] [78a2d02a2974503bd00a877d5b716e6c]
https://image-manipulation.canva.com [403] [GET] [application/xml] [] [cloudflare] [vhost] [cloudflare] [Amazon Web Services,Cloudflare,Cloudflare Bot Management,Cloudflare Network Error Logging] [758d1fda3aca788c508c8f851c81fd13]
https://image-manipulation.canva.com [403] [GET] [application/xml] [] [cloudflare] [vhost] [cloudflare] [Amazon Web Services,Cloudflare,Cloudflare Bot Management,Cloudflare Network Error Logging] [9cc952a15fb6f72ded6df8665624df74]
https://import.canva.com [403] [GET] [application/xml] [] [cloudflare] [vhost] [cloudflare] [Amazon Web Services,Cloudflare,Cloudflare Bot Management,Cloudflare Network Error Logging] [15e111cf68bbfe3e5cdb355cd16476fa]
https://import.canva.com [403] [GET] [application/xml] [] [cloudflare] [vhost] [cloudflare] [Amazon Web Services,Cloudflare,Cloudflare Bot Management,Cloudflare Network Error Logging] [2df369826c5978351334249df697c57a]
https://import-contributor-upload.canva.com [403] [GET] [application/xml] [] [cloudflare] [vhost] [cloudflare] [Amazon Web Services,Cloudflare,Cloudflare Bot Management,Cloudflare Network Error Logging] [2f0b025cff0d29bc36fe7fab708503cb]
https://import-contributor-upload.canva.com [403] [GET] [application/xml] [] [cloudflare] [vhost] [cloudflare] [Amazon Web Services,Cloudflare,Cloudflare Bot Management,Cloudflare Network Error Logging] [c08990c43aebb7273b90fd8b60eb6a4b]
https://inproductmarketing-static.canva.com [403] [GET] [application/xml] [] [cloudflare] [vhost] [cloudflare] [Amazon Web Services,Cloudflare,Cloudflare Bot Management,Cloudflare Network Error Logging] [48ea3686f85af55031e0a8b9ec605282]
https://inproductmarketing-static.canva.com [403] [GET] [application/xml] [] [cloudflare] [vhost] [cloudflare] [Amazon Web Services,Cloudflare,Cloudflare Bot Management,Cloudflare Network Error Logging] [f63774a88923c05de13426b261653f22]
https://insights.canva.com [200] [GET] [text/html] [Canva Insights] [cloudflare] [vhost] [cloudflare] [Cloudflare,Cloudflare Bot Management,Cloudflare Network Error Logging] [2906385cc1c80924275dda4845a07efe]
https://insights.canva.com [200] [GET] [text/html] [Canva Insights] [cloudflare] [vhost] [cloudflare] [Cloudflare,Cloudflare Bot Management,Cloudflare Network Error Logging] [8875bbd6dd35432d6ac251895fed670c]
https://it-it.about.canva.com [301] [GET] [text/html] [301 Moved Permanently] [cloudflare] [vhost] [cloudflare] [Cloudflare,Cloudflare Bot Management,Cloudflare Network Error Logging] [42c394b8f0152b372537ace9acc3f7bb]
https://it-it.about.canva.com [403] [GET] [text/html] [Attention Required! | Cloudflare] [cloudflare] [vhost] [cloudflare] [Cloudflare,Cloudflare Bot Management,Cloudflare Network Error Logging] [4a54c46c0113fb0d8811a0cf2b8788fc]
https://ja-jp.about.canva.com [301] [GET] [text/html] [301 Moved Permanently] [cloudflare] [vhost] [cloudflare] [Cloudflare,Cloudflare Bot Management,Cloudflare Network Error Logging] [42c394b8f0152b372537ace9acc3f7bb]
https://ja-jp.learn.canva.com [301] [GET] [text/html] [301 Moved Permanently] [cloudflare] [vhost] [cloudflare] [Cloudflare,Cloudflare Bot Management,Cloudflare Network Error Logging] [42c394b8f0152b372537ace9acc3f7bb]
https://ko-kr.about.canva.com [301] [GET] [text/html] [301 Moved Permanently] [cloudflare] [vhost] [cloudflare] [Cloudflare,Cloudflare Bot Management,Cloudflare Network Error Logging] [42c394b8f0152b372537ace9acc3f7bb]
https://l.create.canva.com [307] [GET] [text/html] [] [openresty] [vhost] [Nginx,OpenResty] [d4dae6c64fa6287d9f265f8105e66aed]
https://l.engage.canva.com [307] [GET] [text/html] [] [openresty] [vhost] [Nginx,OpenResty] [d4dae6c64fa6287d9f265f8105e66aed]
https://l.support.canva.com [307] [GET] [text/html] [] [openresty] [vhost] [Nginx,OpenResty] [d4dae6c64fa6287d9f265f8105e66aed]
https://marketing.canva.com [301] [GET] [text/html] [301 Moved Permanently] [cloudflare] [vhost] [cloudflare] [Cloudflare,Cloudflare Bot Management,Cloudflare Network Error Logging] [42c394b8f0152b372537ace9acc3f7bb]
https://marketplace.canva.com [403] [GET] [text/plain] [] [cloudflare] [vhost] [cloudflare] [Cloudflare,Cloudflare Bot Management,Cloudflare Network Error Logging] [4213f80c971e8e884f2c9353f26ef8ef]
https://media-private.canva.com [403] [GET] [application/xml] [] [cloudflare] [vhost] [cloudflare] [Amazon Web Services,Cloudflare,Cloudflare Bot Management,Cloudflare Network Error Logging] [2ea56a6fb22c2e399fd7cf2a9746ce93]
https://media-private.canva.com [403] [GET] [application/xml] [] [cloudflare] [vhost] [cloudflare] [Amazon Web Services,Cloudflare,Cloudflare Bot Management,Cloudflare Network Error Logging] [ac46721435e9a89b102faa383f1497b6]
https://media-public.canva.com [403] [GET] [application/xml] [] [cloudflare] [vhost] [cloudflare] [Amazon Web Services,Cloudflare,Cloudflare Bot Management,Cloudflare Network Error Logging] [841f7c83bb132b2d54d98a6bbc5ba67c]
https://media-public.canva.com [403] [GET] [application/xml] [] [cloudflare] [vhost] [cloudflare] [Amazon Web Services,Cloudflare,Cloudflare Bot Management,Cloudflare Network Error Logging] [f8adf4ff11a38cd6dc7674f67f82b050]
https://ms-my.about.canva.com [301] [GET] [text/html] [301 Moved Permanently] [cloudflare] [vhost] [cloudflare] [Cloudflare,Cloudflare Bot Management,Cloudflare Network Error Logging] [42c394b8f0152b372537ace9acc3f7bb]
https://nb-no.about.canva.com [301] [GET] [text/html] [301 Moved Permanently] [cloudflare] [vhost] [cloudflare] [Cloudflare,Cloudflare Bot Management,Cloudflare Network Error Logging] [42c394b8f0152b372537ace9acc3f7bb]
https://nl-nl.about.canva.com [301] [GET] [text/html] [301 Moved Permanently] [cloudflare] [vhost] [cloudflare] [Cloudflare,Cloudflare Bot Management,Cloudflare Network Error Logging] [42c394b8f0152b372537ace9acc3f7bb]
https://partner.canva.com [404] [GET] [text/html] [Dead End] [] [google] [Google Cloud,Google Cloud CDN] [b2190542286de69ff73cbf7fa08e6a75]
https://partnership-artwork.canva.com [403] [GET] [application/xml] [] [cloudflare] [vhost] [cloudflare] [Amazon Web Services,Cloudflare,Cloudflare Bot Management,Cloudflare Network Error Logging] [33cc74b914ff3e0aa6e9b0398175bcb3]
https://partnership-artwork.canva.com [403] [GET] [application/xml] [] [cloudflare] [vhost] [cloudflare] [Amazon Web Services,Cloudflare,Cloudflare Bot Management,Cloudflare Network Error Logging] [882776e8dca5fc9ed930854959797b1d]
https://partnership-assets.canva.com [403] [GET] [application/xml] [] [cloudflare] [vhost] [cloudflare] [Amazon Web Services,Cloudflare,Cloudflare Bot Management,Cloudflare Network Error Logging] [e5df45ac5e20d92e3eadca4a605544b7]
https://partnership-assets.canva.com [403] [GET] [application/xml] [] [cloudflare] [vhost] [cloudflare] [Amazon Web Services,Cloudflare,Cloudflare Bot Management,Cloudflare Network Error Logging] [e8a71d11ae6db8837d07d215d554d457]
https://phoenix.canva.com [404] [GET] [text/html] [Amazingly Simple Graphic Design Software – Canva] [cloudflare] [vhost] [cloudflare] [Cloudflare,Cloudflare Bot Management,Cloudflare Network Error Logging,React] [045dfe5986834a7a484cd2e6b8c788a6]
https://phoenix.canva.com [404] [GET] [text/html] [Amazingly Simple Graphic Design Software – Canva] [cloudflare] [vhost] [cloudflare] [Cloudflare,Cloudflare Bot Management,Cloudflare Network Error Logging,React] [cd199545eb145f0fc4de99b231978ce8]
https://photo-editor.canva.com [301] [GET] [text/html] [301 Moved Permanently] [cloudflare] [vhost] [cloudflare] [Cloudflare,Cloudflare Bot Management,Cloudflare Network Error Logging] [42c394b8f0152b372537ace9acc3f7bb]
https://pl-pl.about.canva.com [301] [GET] [text/html] [301 Moved Permanently] [cloudflare] [vhost] [cloudflare] [Cloudflare,Cloudflare Bot Management,Cloudflare Network Error Logging] [42c394b8f0152b372537ace9acc3f7bb]
https://pl-pl.about.canva.com [403] [GET] [text/html] [Attention Required! | Cloudflare] [cloudflare] [vhost] [cloudflare] [Cloudflare,Cloudflare Bot Management,Cloudflare Network Error Logging] [e9bfbe56cfbd16d2e4dcd78180f4a799]
https://print-assets.canva.com [403] [GET] [application/xml] [] [cloudflare] [vhost] [cloudflare] [Amazon Web Services,Cloudflare,Cloudflare Bot Management,Cloudflare Network Error Logging] [c6dae84b76d255bf486acb605df535d9]
https://print-assets.canva.com [403] [GET] [application/xml] [] [cloudflare] [vhost] [cloudflare] [Amazon Web Services,Cloudflare,Cloudflare Bot Management,Cloudflare Network Error Logging] [eb2d644839d7d548b4b86e2997e28e0c]
https://print-product-assets.canva.com [403] [GET] [application/xml] [] [cloudflare] [vhost] [cloudflare] [Amazon Web Services,Cloudflare,Cloudflare Bot Management,Cloudflare Network Error Logging] [152b62900acda5c06c0f9ef387998339]
https://print-product-assets.canva.com [403] [GET] [application/xml] [] [cloudflare] [vhost] [cloudflare] [Amazon Web Services,Cloudflare,Cloudflare Bot Management,Cloudflare Network Error Logging] [e9e394a4095669a4e8eb984353dfc0d6]
https://product.canva.com [301] [GET] [text/html] [301 Moved Permanently] [cloudflare] [vhost] [cloudflare] [Cloudflare,Cloudflare Bot Management,Cloudflare Network Error Logging] [42c394b8f0152b372537ace9acc3f7bb]
https://product.canva.com [403] [GET] [text/plain] [] [cloudflare] [vhost] [cloudflare] [Cloudflare,Cloudflare Bot Management,Cloudflare Network Error Logging] [4f20b85ce5ebf225720e040314a7966a]
https://profile.canva.com [403] [GET] [application/xml] [] [cloudflare] [vhost] [cloudflare] [Amazon Web Services,Cloudflare,Cloudflare Bot Management,Cloudflare Network Error Logging] [156ee6b033685aa6c8a3c54a08579d12]
https://profile.canva.com [403] [GET] [application/xml] [] [cloudflare] [vhost] [cloudflare] [Amazon Web Services,Cloudflare,Cloudflare Bot Management,Cloudflare Network Error Logging] [4a87a8354d31dd30ed46b393df15b459]
https://proxy.cse.canva.com [400] [GET] [text/html] [400 Bad Request] [nginx] [Nginx] [7f077f1fce3d566040b0d69eb1f27d8f]
https://proxy.dd.canva.com [400] [GET] [text/html] [400 Bad Request] [nginx] [Nginx] [141cd0f7b679fa9218b79290d1e0e973]
https://proxy-failover.dd.canva.com [400] [GET] [text/html] [400 Bad Request] [nginx] [Nginx] [7f077f1fce3d566040b0d69eb1f27d8f]
https://pt-br.about.canva.com [301] [GET] [text/html] [301 Moved Permanently] [cloudflare] [vhost] [cloudflare] [Cloudflare,Cloudflare Bot Management,Cloudflare Network Error Logging] [42c394b8f0152b372537ace9acc3f7bb]
https://pt-br.learn.canva.com [301] [GET] [text/html] [301 Moved Permanently] [cloudflare] [vhost] [cloudflare] [Cloudflare,Cloudflare Bot Management,Cloudflare Network Error Logging] [42c394b8f0152b372537ace9acc3f7bb]
https://pt-pt.about.canva.com [301] [GET] [text/html] [301 Moved Permanently] [cloudflare] [vhost] [cloudflare] [Cloudflare,Cloudflare Bot Management,Cloudflare Network Error Logging] [42c394b8f0152b372537ace9acc3f7bb]
https://public-file-uploads.cse.canva.com [302] [GET] [] [] [CloudFront] [vhost] [cloudfront] [Amazon Cloudfront,Amazon Web Services] [928553403d28f7747ad60e2926c36532]
https://resources.canva.com [302] [GET] [text/html] [] [] [vhost] [d41d8cd98f00b204e9800998ecf8427e]
https://ru-ru.about.canva.com [301] [GET] [text/html] [301 Moved Permanently] [cloudflare] [vhost] [cloudflare] [Cloudflare,Cloudflare Bot Management,Cloudflare Network Error Logging] [42c394b8f0152b372537ace9acc3f7bb]
https://ru-ru.learn.canva.com [301] [GET] [text/html] [301 Moved Permanently] [cloudflare] [vhost] [cloudflare] [Cloudflare,Cloudflare Bot Management,Cloudflare Network Error Logging] [42c394b8f0152b372537ace9acc3f7bb]
https://sdk.canva.com [403] [GET] [application/xml] [] [cloudflare] [vhost] [cloudflare] [Amazon Web Services,Cloudflare,Cloudflare Bot Management,Cloudflare Network Error Logging] [909a05bed3575cef5a6f9ac8c97b2506]
https://sdk.canva.com [403] [GET] [application/xml] [] [cloudflare] [vhost] [cloudflare] [Amazon Web Services,Cloudflare,Cloudflare Bot Management,Cloudflare Network Error Logging] [f5c4c09fa63662c864767d1e95599467]
https://sfe.canva.com [404] [GET] [] [] [cloudflare] [vhost] [cloudflare] [Cloudflare,Cloudflare Bot Management,Cloudflare Network Error Logging] [d41d8cd98f00b204e9800998ecf8427e]
https://share.canva.com [403] [GET] [application/xml] [] [cloudflare] [vhost] [cloudflare] [Amazon Web Services,Cloudflare,Cloudflare Bot Management,Cloudflare Network Error Logging] [afb348ffd8bbd020171dc77d8af30b4c]
https://share.canva.com [403] [GET] [application/xml] [] [cloudflare] [vhost] [cloudflare] [Amazon Web Services,Cloudflare,Cloudflare Bot Management,Cloudflare Network Error Logging] [e61cf92c516ecd52d40d147607f3ae2e]
https://share-upload.canva.com [403] [GET] [application/xml] [] [cloudflare] [vhost] [cloudflare] [Amazon Web Services,Cloudflare,Cloudflare Bot Management,Cloudflare Network Error Logging] [291abe25dcb6eb913e16cd3ad842ed9d]
https://share-upload.canva.com [403] [GET] [application/xml] [] [cloudflare] [vhost] [cloudflare] [Amazon Web Services,Cloudflare,Cloudflare Bot Management,Cloudflare Network Error Logging] [fcccd081bb2a8b740cfc73e38dbf5565]
https://sitemap.canva.com [200] [GET] [application/xml] [] [cloudflare] [vhost] [cloudflare] [Amazon Web Services,Cloudflare,Cloudflare Bot Management,Cloudflare Network Error Logging] [48682f49a1248275675edb30fb1a2470]
https://static-cse.canva.com [403] [GET] [application/xml] [] [cloudflare] [vhost] [cloudflare] [Amazon Web Services,Cloudflare,Cloudflare Bot Management,Cloudflare Network Error Logging] [910a7be4764ac33be2fd9fbd1b71077d]
https://static-cse.canva.com [403] [GET] [application/xml] [] [cloudflare] [vhost] [cloudflare] [Amazon Web Services,Cloudflare,Cloudflare Bot Management,Cloudflare Network Error Logging] [b5c67f270ab58402c1a961a9125f780b]
https://status.canva.com [302] [GET] [] [] [cloudflare] [vhost] [cloudflare] [Cloudflare,Cloudflare Bot Management,Cloudflare Network Error Logging] [d41d8cd98f00b204e9800998ecf8427e]
https://support.canva.com [301] [GET] [] [] [cloudflare] [vhost] [cloudflare] [Cloudflare,Cloudflare Bot Management,Cloudflare Network Error Logging] [d41d8cd98f00b204e9800998ecf8427e]
https://sv-se.about.canva.com [301] [GET] [text/html] [301 Moved Permanently] [cloudflare] [vhost] [cloudflare] [Cloudflare,Cloudflare Bot Management,Cloudflare Network Error Logging] [42c394b8f0152b372537ace9acc3f7bb]
https://template-private.canva.com [403] [GET] [application/xml] [] [cloudflare] [vhost] [cloudflare] [Amazon Web Services,Cloudflare,Cloudflare Bot Management,Cloudflare Network Error Logging] [26f17d524ceee88ed7a5a54451656f48]
https://template-private.canva.com [403] [GET] [application/xml] [] [cloudflare] [vhost] [cloudflare] [Amazon Web Services,Cloudflare,Cloudflare Bot Management,Cloudflare Network Error Logging] [d9fbef0f915675854c5412671dbf4c07]
https://th-th.about.canva.com [301] [GET] [text/html] [301 Moved Permanently] [cloudflare] [vhost] [cloudflare] [Cloudflare,Cloudflare Bot Management,Cloudflare Network Error Logging] [42c394b8f0152b372537ace9acc3f7bb]
https://thumbnail.canva.com [403] [GET] [application/xml] [] [cloudflare] [vhost] [cloudflare] [Amazon Web Services,Cloudflare,Cloudflare Bot Management,Cloudflare Network Error Logging] [7f74e2dd4c443a970e77c50b3d34543c]
https://thumbnail.canva.com [403] [GET] [application/xml] [] [cloudflare] [vhost] [cloudflare] [Amazon Web Services,Cloudflare,Cloudflare Bot Management,Cloudflare Network Error Logging] [d302de7ff18b7e633fecdadde16bac00]
https://track.canva.com [400] [GET] [] [] [cloudflare] [vhost] [cloudflare] [Cloudflare,Cloudflare Bot Management,Cloudflare Network Error Logging] [d41d8cd98f00b204e9800998ecf8427e]
https://tracking.canva.com [200] [GET] [text/html] [Track order status - Canva] [cloudflare] [vhost] [cloudflare] [Cloudflare,Google Font API,Google Tag Manager] [482e5ac2f31e41d0c190e1e20bef6628]
https://tracking.canva.com [403] [GET] [text/html] [Attention Required! | Cloudflare] [cloudflare] [vhost] [cloudflare] [Cloudflare] [b5cdfed36e6b73cdd1233ee502eb0653]
https://tr-tr.about.canva.com [301] [GET] [text/html] [301 Moved Permanently] [cloudflare] [vhost] [cloudflare] [Cloudflare,Cloudflare Bot Management,Cloudflare Network Error Logging] [42c394b8f0152b372537ace9acc3f7bb]
https://uk-ua.about.canva.com [301] [GET] [text/html] [301 Moved Permanently] [cloudflare] [vhost] [cloudflare] [Cloudflare,Cloudflare Bot Management,Cloudflare Network Error Logging] [42c394b8f0152b372537ace9acc3f7bb]
https://unhcr-design-for-a-cause-uploads.cse.canva.com [302] [GET] [] [] [CloudFront] [vhost] [cloudfront] [Amazon Cloudfront,Amazon Web Services] [928553403d28f7747ad60e2926c36532]
https://video-placeholders.canva.com [403] [GET] [application/xml] [] [cloudflare] [vhost] [cloudflare] [Amazon Web Services,Cloudflare,Cloudflare Bot Management,Cloudflare Network Error Logging] [2f5daa15988ebd249f0d4f2a325f172e]
https://video-placeholders.canva.com [403] [GET] [application/xml] [] [cloudflare] [vhost] [cloudflare] [Amazon Web Services,Cloudflare,Cloudflare Bot Management,Cloudflare Network Error Logging] [bad9de894c0d3f4c115cefb770a78b8a]
https://video-private-assets.canva.com [400] [GET] [text/plain] [] [cloudflare] [vhost] [cloudflare] [Cloudflare,Cloudflare Bot Management,Cloudflare Network Error Logging] [0fc30646d5cf22910283967bf24ebf66]
https://video-private.canva.com [403] [GET] [application/xml] [] [cloudflare] [vhost] [cloudflare] [Amazon Web Services,Cloudflare,Cloudflare Bot Management,Cloudflare Network Error Logging] [564059bbf8c99664146be4a4e97e6d12]
https://video-private.canva.com [403] [GET] [application/xml] [] [cloudflare] [vhost] [cloudflare] [Amazon Web Services,Cloudflare,Cloudflare Bot Management,Cloudflare Network Error Logging] [b07906260a4d8caddb3792ed9ad905cf]
https://video-public.canva.com [403] [GET] [application/xml] [] [cloudflare] [vhost] [cloudflare] [Amazon Web Services,Cloudflare,Cloudflare Bot Management,Cloudflare Network Error Logging] [883f6f1715dcc3ad897658817d66adff]
https://video-public.canva.com [403] [GET] [application/xml] [] [cloudflare] [vhost] [cloudflare] [Amazon Web Services,Cloudflare,Cloudflare Bot Management,Cloudflare Network Error Logging] [d696705bf50c884c15ca30e92abed408]
https://video-upload.canva.com [403] [GET] [application/xml] [] [cloudflare] [vhost] [cloudflare] [Amazon Web Services,Cloudflare,Cloudflare Bot Management,Cloudflare Network Error Logging] [143f1826adee0b2813c9d2c13faf0822]
https://video-upload.canva.com [403] [GET] [application/xml] [] [cloudflare] [vhost] [cloudflare] [Amazon Web Services,Cloudflare,Cloudflare Bot Management,Cloudflare Network Error Logging] [206ce50fa0a8f1a1310b2b742ae6948d]
https://vi-vn.about.canva.com [301] [GET] [text/html] [301 Moved Permanently] [cloudflare] [vhost] [cloudflare] [Cloudflare,Cloudflare Bot Management,Cloudflare Network Error Logging] [42c394b8f0152b372537ace9acc3f7bb]
https://wpassets.canva.com [403] [GET] [application/xml] [] [cloudflare] [vhost] [cloudflare] [Amazon Web Services,Cloudflare,Cloudflare Bot Management,Cloudflare Network Error Logging] [46e1f0703db29b3fd36da14695ae4579]
https://wpassets.canva.com [403] [GET] [application/xml] [] [cloudflare] [vhost] [cloudflare] [Amazon Web Services,Cloudflare,Cloudflare Bot Management,Cloudflare Network Error Logging] [8db9c2cbf1dc1dcc0dee2051551798e4]
https://ww.canva.com [301] [GET] [] [] [cloudflare] [vhost] [cloudflare] [Cloudflare,Cloudflare Bot Management,Cloudflare Network Error Logging] [d41d8cd98f00b204e9800998ecf8427e]
https://www.canva.com [403] [GET] [text/html] [Just a moment...] [cloudflare] [vhost] [cloudflare] [Cloudflare,Cloudflare Bot Management,Cloudflare Network Error Logging] [1189b74d6227aa7baab3a27a95964cdf]
https://www.canva.com [403] [GET] [text/html] [Just a moment...] [cloudflare] [vhost] [cloudflare] [Cloudflare,Cloudflare Bot Management,Cloudflare Network Error Logging] [dffd7dec8f4c9ebc36798ff4c4b2970a]
https://zh-cn.about.canva.com [301] [GET] [text/html] [301 Moved Permanently] [cloudflare] [vhost] [cloudflare] [Cloudflare,Cloudflare Bot Management,Cloudflare Network Error Logging] [42c394b8f0152b372537ace9acc3f7bb]
https://zh-cn.learn.canva.com [301] [GET] [text/html] [301 Moved Permanently] [cloudflare] [vhost] [cloudflare] [Cloudflare,Cloudflare Bot Management,Cloudflare Network Error Logging] [42c394b8f0152b372537ace9acc3f7bb]
https://zh-hk.about.canva.com [301] [GET] [text/html] [301 Moved Permanently] [cloudflare] [vhost] [cloudflare] [Cloudflare,Cloudflare Bot Management,Cloudflare Network Error Logging] [42c394b8f0152b372537ace9acc3f7bb]
https://zh-tw.about.canva.com [301] [GET] [text/html] [301 Moved Permanently] [cloudflare] [vhost] [cloudflare] [Cloudflare,Cloudflare Bot Management,Cloudflare Network Error Logging] [42c394b8f0152b372537ace9acc3f7bb]
