http://blog.cartesi.io [301] [GET] [] [] [AmazonS3] [vhost] [Amazon S3,Amazon Web Services] [d41d8cd98f00b204e9800998ecf8427e]
http://eth.cartesi.io:2052 [301] [GET] [] [] [cloudflare] [vhost] [cloudflare] [Cloudflare] [d41d8cd98f00b204e9800998ecf8427e]
http://eth.cartesi.io:2082 [301] [GET] [] [] [cloudflare] [vhost] [cloudflare] [Cloudflare] [d41d8cd98f00b204e9800998ecf8427e]
http://eth.cartesi.io:2086 [301] [GET] [] [] [cloudflare] [vhost] [cloudflare] [Cloudflare] [d41d8cd98f00b204e9800998ecf8427e]
http://eth.cartesi.io:8880 [403] [GET] [text/plain] [] [cloudflare] [vhost] [cloudflare] [Cloudflare] [4f20b85ce5ebf225720e040314a7966a]
https://app.poker.cartesi.io [401] [GET] [] [] [CloudFront] [vhost] [cloudfront] [Amazon Cloudfront,Amazon Web Services,Basic] [d41d8cd98f00b204e9800998ecf8427e]
https://cartesi.io [200] [GET] [text/html] [Cartesi - The First Decentralized and Secure Blockchain OS] [AmazonS3] [vhost] [cloudfront] [Amazon Cloudfront,Amazon S3,Amazon Web Services,Gatsby:4.4.0,Google Tag Manager,React,YouTube,webpack] [4379775b4d0683f24781c499bd57311f]
https://creepts.cartesi.io [200] [GET] [text/html] [Creepts by Cartesi - The Operating System for DApps] [AmazonS3] [vhost] [cloudfront] [Amazon Cloudfront,Amazon S3,Amazon Web Services] [28d81d97c8632e7129db4ae9db664e54]
https://dl.cartesi.io [404] [GET] [text/html] [Not Found] [CloudFront] [vhost] [cloudfront] [Amazon Cloudfront,Amazon Web Services] [5083efd4facad509fcb5a00748161656]
https://docs.cartesi.io [200] [GET] [text/html] [Homepage | Cartesi Docs] [AmazonS3] [vhost] [cloudfront] [Amazon Cloudfront,Amazon S3,Amazon Web Services,Docusaurus:2.0.0-beta.20,React,webpack] [2c7a04638ea6ae541407429421b1cd9c]
https://eth.cartesi.io:2083 [403] [GET] [text/html] [CNAME Cross-User Banned | Cloudflare] [cloudflare] [vhost] [cloudflare] [Cloudflare] [3a5a269fd132e790227498d1d9dd5a6c]
https://eth.cartesi.io [403] [GET] [text/html] [CNAME Cross-User Banned | Cloudflare] [cloudflare] [vhost] [cloudflare] [Cloudflare] [466e595695443d3825dcc35d82ced889]
https://eth.cartesi.io [403] [GET] [text/html] [CNAME Cross-User Banned | Cloudflare] [cloudflare] [vhost] [cloudflare] [Cloudflare] [59ad9e988e26d428f52d7d4324dfb232]
https://explorer.cartesi.io [200] [GET] [text/html] [] [Vercel] [vhost] [React,Vercel] [f95a6f86250221336762f730e18f0ef9]
https://faucet.poker.cartesi.io [200] [GET] [text/html] [] [AmazonS3] [vhost] [cloudfront] [Amazon Cloudfront,Amazon S3,Amazon Web Services] [1664ca18dda319f99ba0a05ec8967589]
https://poker.cartesi.io [200] [GET] [text/html] [Cartesi Texas HODL’em - Poker - Cartesi.io] [AmazonS3] [vhost] [cloudfront] [Amazon Cloudfront,Amazon S3,Amazon Web Services,Gatsby:2.32.13,React,webpack] [44b98d67f0ea5b8a43fe252446d90162]
https://preview.cartesi.io [401] [GET] [] [] [CloudFront] [vhost] [cloudfront] [Amazon Cloudfront,Amazon Web Services,Basic] [d41d8cd98f00b204e9800998ecf8427e]
https://preview.docs.cartesi.io [401] [GET] [] [] [CloudFront] [vhost] [cloudfront] [Amazon Cloudfront,Amazon Web Services,Basic] [d41d8cd98f00b204e9800998ecf8427e]
https://preview.explorer.cartesi.io [200] [GET] [text/html] [] [Vercel] [vhost] [React,Vercel] [3bb84a02c3c768dd4c3f613b970de732]
https://preview.unleash.cartesi.io [404] [GET] [text/html] [Error] [Cowboy] [vhost] [Cowboy,Heroku] [da7da7d630292e7a2a7dda8ca87b3d39]
https://status.cartesi.io [200] [GET] [text/html] [Cartesi Status] [] [vhost] [Atlassian Statuspage,Fastly] [4bd67f87db2ed5041e2929d15f560bc5]
https://status.cartesi.io [200] [GET] [text/html] [Cartesi Status] [] [vhost] [Atlassian Statuspage,Fastly] [e601c7cf855e4527c928eb772feb52ff]
https://strapi.cartesi.io [200] [GET] [text/html] [Welcome to your Strapi app] [Cowboy] [vhost] [Cowboy,Google Font API,Heroku,Strapi] [265010814bfaccd8287148c050bc4dcf]
https://subgraph.staging.cartesi.io [404] [GET] [text/plain] [] [awselb/2.0] [d41d8cd98f00b204e9800998ecf8427e]
https://thegraph.cartesi.io [404] [GET] [text/plain] [] [awselb/2.0] [d41d8cd98f00b204e9800998ecf8427e]
https://thegraph.staging.cartesi.io [404] [GET] [text/plain] [] [awselb/2.0] [d41d8cd98f00b204e9800998ecf8427e]
https://tinygraphs.cartesi.io [200] [GET] [text/html] [tinygraphs] [Cowboy] [vhost] [AngularJS,Bootstrap,Cowboy,Google Font API,Heroku] [0d2ad3d1430954fdf5e9b151ce8c402d]
https://unleash.cartesi.io [404] [GET] [text/html] [Error] [Cowboy] [vhost] [Cowboy,Heroku] [da7da7d630292e7a2a7dda8ca87b3d39]
https://www.cartesi.io [200] [GET] [text/html] [Cartesi - The First Decentralized and Secure Blockchain OS] [AmazonS3] [vhost] [cloudfront] [Amazon Cloudfront,Amazon S3,Amazon Web Services,Gatsby:4.4.0,Google Tag Manager,React,YouTube,webpack] [4379775b4d0683f24781c499bd57311f]
