http://developers.cash.app:2082 [301] [GET] [] [] [cloudflare] [vhost] [cloudflare] [Cloudflare] [d41d8cd98f00b204e9800998ecf8427e]
http://developers.cash.app:2086 [301] [GET] [] [] [cloudflare] [vhost] [cloudflare] [Cloudflare] [d41d8cd98f00b204e9800998ecf8427e]
http://developers.cash.app:8080 [301] [GET] [] [] [cloudflare] [vhost] [cloudflare] [Cloudflare] [d41d8cd98f00b204e9800998ecf8427e]
http://developers.cash.app:8880 [301] [GET] [] [] [cloudflare] [vhost] [cloudflare] [Cloudflare] [d41d8cd98f00b204e9800998ecf8427e]
https://admin.taxes.cash.app [403] [GET] [text/html] [403] [] [google] [cf4bf23ae244e6fd5ca63598d4dcc82d]
https://admin.usc1.taxes.cash.app [403] [GET] [text/html] [403] [] [google] [cf4bf23ae244e6fd5ca63598d4dcc82d]
https://api.cash.app [404] [GET] [] [] [envoy] [vhost] [fastly] [Envoy,Fastly,Varnish] [d41d8cd98f00b204e9800998ecf8427e]
https://api.taxes.cash.app [302] [GET] [] [] [istio-envoy] [vhost] [google] [Envoy,Google Cloud,Google Cloud CDN] [d41d8cd98f00b204e9800998ecf8427e]
https://api.usc1.taxes.cash.app [404] [GET] [text/plain] [] [] [google] [Google Cloud,Google Cloud CDN] [1cd7bc4b228010dbdf01f2df97123407]
https://api-validation.cash.app [404] [GET] [text/plain] [] [] [8a66449950a9e624fb9562d6a3f75626]
https://apparel-supporter.cash.app [404] [GET] [text/plain] [] [envoy] [vhost] [fastly] [Envoy,Fastly,Varnish] [8a66449950a9e624fb9562d6a3f75626]
https://assets.taxes.cash.app [200] [GET] [application/xml] [] [UploadServer] [google] [c669b4c3845ca6e402b9344e2feacac7]
https://cash.app [200] [GET] [text/html] [Cash App - The easy way to send, spend, bank, and invest] [] [vhost] [fastly] [Fastly,Varnish] [1f304bd4ec9e400c202f54daa77a0d70]
https://cash.app [200] [GET] [text/html] [Cash App - The easy way to send, spend, bank, and invest] [] [vhost] [fastly] [Fastly,Varnish] [dab543b5e1cb899fcb1298520dfd595d]
https://click.cash.app [404] [GET] [text/plain] [] [openresty/1.21.4.1] [Nginx,OpenResty:1.21.4.1] [a9b24901fc28dc8d21a1bba23679731c]
https://code.cash.app [200] [GET] [text/html] [Home | Cash App Code Blog] [GitHub.com] [vhost] [Fastly,GitHub Pages,Jekyll:v3.9.0,Varnish] [2a8705bcb4dcee9b32735f9dfc2cf4f3]
https://developers.cash.app:2083 [403] [GET] [text/html] [Attention Required! | Cloudflare] [cloudflare] [vhost] [cloudflare] [Cloudflare] [1704620e467459cc05cc9c4990b7f6cd]
https://developers.cash.app:2087 [403] [GET] [text/html] [Attention Required! | Cloudflare] [cloudflare] [vhost] [cloudflare] [Cloudflare] [bf250475c7712645212d1585d97842eb]
https://developers.cash.app [302] [GET] [text/plain] [] [cloudflare] [vhost] [cloudflare] [Cloudflare,Heroku] [7052af60f6a40f72bf44374b01819488]
https://developers.cash.app:8443 [403] [GET] [text/html] [Attention Required! | Cloudflare] [cloudflare] [vhost] [cloudflare] [Cloudflare] [28d6c8bad21a896a425f9f87c010f230]
https://email.taxes1-notifications.cash.app [404] [GET] [text/plain] [] [] [google] [595e88012a6521aae3e12cbebe76eb9e]
https://email.taxes2-notifications.cash.app [200] [GET] [application/octet-stream] [] [nginx] [google] [Nginx] [9f36c1c909fa94ed5e7af41387ae3dae]
https://email.taxes2-notifications.cash.app [404] [GET] [text/plain] [] [] [google] [595e88012a6521aae3e12cbebe76eb9e]
https://email.taxes3-notifications.cash.app [200] [GET] [application/octet-stream] [] [nginx] [Nginx] [9f36c1c909fa94ed5e7af41387ae3dae]
https://email.taxes4-notifications.cash.app [200] [GET] [application/octet-stream] [] [nginx] [Nginx] [9f36c1c909fa94ed5e7af41387ae3dae]
https://email.taxes5-notifications.cash.app [200] [GET] [application/octet-stream] [] [nginx] [google] [Nginx] [9f36c1c909fa94ed5e7af41387ae3dae]
https://email.taxes5-notifications.cash.app [404] [GET] [text/plain] [] [] [google] [595e88012a6521aae3e12cbebe76eb9e]
https://email.taxes-notifications.cash.app [200] [GET] [application/octet-stream] [] [nginx] [Nginx] [9f36c1c909fa94ed5e7af41387ae3dae]
https://help.cash.app [302] [GET] [text/html] [] [nginx] [vhost] [Nginx] [d41d8cd98f00b204e9800998ecf8427e]
https://internal.cash.app [404] [GET] [] [] [envoy] [vhost] [fastly] [Envoy,Fastly,Varnish] [d41d8cd98f00b204e9800998ecf8427e]
https://kit.cash.app [403] [GET] [application/xml] [] [AmazonS3] [vhost] [cloudfront] [Amazon Cloudfront,Amazon S3,Amazon Web Services] [483fdee6813ef7932ecb50cdb46f3ced]
https://kit.cash.app [403] [GET] [application/xml] [] [AmazonS3] [vhost] [cloudfront] [Amazon Cloudfront,Amazon S3,Amazon Web Services] [d80e5890984d03d5dc1ae780efb2e8db]
https://preflight.taxes.cash.app [403] [GET] [text/html] [403] [] [google] [cf4bf23ae244e6fd5ca63598d4dcc82d]
https://sandbox.api.cash.app [404] [GET] [] [] [envoy] [vhost] [fastly] [Envoy,Fastly,Varnish] [d41d8cd98f00b204e9800998ecf8427e]
https://sandbox.global-network-api.cash.app [404] [GET] [] [] [envoy] [vhost] [fastly] [Envoy,Fastly,Varnish] [d41d8cd98f00b204e9800998ecf8427e]
https://sandbox.kit.cash.app [403] [GET] [application/xml] [] [AmazonS3] [vhost] [cloudfront] [Amazon Cloudfront,Amazon S3,Amazon Web Services] [1b08d312fe69a4992961c152f5d8f6ec]
https://sandbox.kit.cash.app [403] [GET] [application/xml] [] [AmazonS3] [vhost] [cloudfront] [Amazon Cloudfront,Amazon S3,Amazon Web Services] [6203b0491274ddb674f5bbb340a643f3]
https://shop.cash.app [200] [GET] [text/html] [Real clothes from a digital app | Cash By Cash App] [nginx] [vhost] [Nginx] [9a10e4ed89b21f50ac53c98cb524428e]
https://status.cash.app [200] [GET] [text/html] [Cash App Status] [] [vhost] [Atlassian Statuspage,Fastly] [18dd4e474c7c4be68eb35de1cce11338]
https://taxes.cash.app [302] [GET] [] [] [] [vhost] [google] [Google Cloud,Google Cloud CDN,Java] [d41d8cd98f00b204e9800998ecf8427e]
https://taxeshelp.cash.app [301] [GET] [] [] [] [vhost] [d41d8cd98f00b204e9800998ecf8427e]
https://web-cdn.cash.app [403] [GET] [text/html] [403 Forbidden] [Varnish] [vhost] [fastly] [Fastly,Varnish] [259ab0dc8c5d58390b4b41b34f00f1fb]
https://web-cdn.cash.app [403] [GET] [text/html] [403 Forbidden] [Varnish] [vhost] [fastly] [Fastly,Varnish] [8337de5cc414c6de4c008d3de0cee13a]
https://web.preflight.usc1.taxes.cash.app [403] [GET] [text/html] [403] [] [google] [cf4bf23ae244e6fd5ca63598d4dcc82d]
https://web.taxes.cash.app [302] [GET] [text/html] [302 Found] [] [google] [Google Cloud,Google Cloud CDN] [aff950cab4c0265e21d401db15f1026d]
https://web.usc1.taxes.cash.app [302] [GET] [text/html] [302 Found] [] [google] [Google Cloud,Google Cloud CDN] [aff950cab4c0265e21d401db15f1026d]
https://www.cash.app [200] [GET] [text/html] [Cash App - The easy way to send, spend, bank, and invest] [] [vhost] [fastly] [Fastly,Varnish] [5cf83359cdfe7c1c08d0c350d1daaf77]
https://www.cash.app [200] [GET] [text/html] [Cash App - The easy way to send, spend, bank, and invest] [] [vhost] [fastly] [Fastly,Varnish] [d4f13e16f47ace2ed8955539e77c3e6d]
http://zendesk1.cash.app [403] [GET] [text/plain] [] [cloudflare] [vhost] [cloudflare] [Cloudflare,Cloudflare Bot Management] [7b5ea53ba332630e5aca8e4abb807f70]
http://zendesk2.cash.app [403] [GET] [text/plain] [] [cloudflare] [vhost] [cloudflare] [Cloudflare,Cloudflare Bot Management] [7b5ea53ba332630e5aca8e4abb807f70]
http://zendesk3.cash.app [403] [GET] [text/plain] [] [cloudflare] [vhost] [cloudflare] [Cloudflare,Cloudflare Bot Management] [7b5ea53ba332630e5aca8e4abb807f70]
http://zendesk4.cash.app [403] [GET] [text/plain] [] [cloudflare] [vhost] [cloudflare] [Cloudflare,Cloudflare Bot Management] [7b5ea53ba332630e5aca8e4abb807f70]
