https://admin.taxes.cashstaging.app [403] [GET] [text/html] [403] [] [google] [cf4bf23ae244e6fd5ca63598d4dcc82d]
https://admin.usc1.taxes.cashstaging.app [403] [GET] [text/html] [403] [] [google] [cf4bf23ae244e6fd5ca63598d4dcc82d]
https://api.cashstaging.app [404] [GET] [] [] [envoy] [vhost] [fastly] [Envoy,Fastly,Varnish] [d41d8cd98f00b204e9800998ecf8427e]
https://api.taxes.cashstaging.app [403] [GET] [text/html] [403] [] [vhost] [google] [cf4bf23ae244e6fd5ca63598d4dcc82d]
https://api.usc1.taxes.cashstaging.app [404] [GET] [text/plain] [] [] [google] [Google Cloud,Google Cloud CDN] [1cd7bc4b228010dbdf01f2df97123407]
https://apparel-supporter.cashstaging.app [404] [GET] [text/plain] [] [envoy] [vhost] [fastly] [Envoy,Fastly,Varnish] [8a66449950a9e624fb9562d6a3f75626]
https://cashstaging.app [403] [GET] [text/html] [403 Forbidden] [Varnish] [vhost] [fastly] [Fastly,Varnish] [2f574a83c65e6247328e5a0773c881c6]
https://cashstaging.app [403] [GET] [text/html] [403 Forbidden] [Varnish] [vhost] [fastly] [Fastly,Varnish] [322413cd98e3de88e2afaad1e7851e3c]
https://collector.taxes.cashstaging.app [403] [GET] [text/html] [403] [] [vhost] [google] [cf4bf23ae244e6fd5ca63598d4dcc82d]
https://collector.usc1.taxes.cashstaging.app [404] [GET] [text/plain] [] [] [google] [Google Cloud,Google Cloud CDN] [1cd7bc4b228010dbdf01f2df97123407]
https://dev.kit.cashstaging.app [403] [GET] [application/xml] [] [AmazonS3] [vhost] [cloudfront] [Amazon Cloudfront,Amazon S3,Amazon Web Services] [23b26647435740e5872d73d28ddc9173]
https://dev.kit.cashstaging.app [403] [GET] [application/xml] [] [AmazonS3] [vhost] [cloudfront] [Amazon Cloudfront,Amazon S3,Amazon Web Services] [2aff9d92b5bc69a67e8b234d9f57ba95]
https://internal.cashstaging.app [404] [GET] [] [] [envoy] [vhost] [fastly] [Envoy,Fastly,Varnish] [d41d8cd98f00b204e9800998ecf8427e]
https://internal-platform-staging.cashstaging.app [500] [GET] [text/html] [Fastly error: unknown domain internal-platform-staging.cashstaging.app] [Varnish] [fastly] [Fastly,Varnish] [88c6e03b95a3f6a39fd4963005d0f37e]
https://internal-platform-staging.cashstaging.app [500] [GET] [text/html] [Fastly error: unknown domain internal-platform-staging.cashstaging.app] [Varnish] [fastly] [Fastly,Varnish] [bd3ba30c3154752cf18674640baf7513]
https://kit.cashstaging.app [403] [GET] [application/xml] [] [AmazonS3] [vhost] [cloudfront] [Amazon Cloudfront,Amazon S3,Amazon Web Services] [d36b1c02f1b15b274fc721c48d81af9d]
https://platform-test.cashstaging.app [500] [GET] [text/html] [Fastly error: unknown domain platform-test.cashstaging.app] [Varnish] [fastly] [Fastly,Varnish] [147037e674a6c19be3eb64f4b3f11a6f]
https://platform-test.cashstaging.app [500] [GET] [text/html] [Fastly error: unknown domain platform-test.cashstaging.app] [Varnish] [fastly] [Fastly,Varnish] [e56ce35b9f364463f725b4729c4c311f]
https://sandbox.api.cashstaging.app [404] [GET] [] [] [envoy] [vhost] [fastly] [Envoy,Fastly,Varnish] [d41d8cd98f00b204e9800998ecf8427e]
https://sandbox.global-network-api.cashstaging.app [404] [GET] [] [] [envoy] [vhost] [fastly] [Envoy,Fastly,Varnish] [d41d8cd98f00b204e9800998ecf8427e]
https://taxes.cashstaging.app [403] [GET] [text/html] [403] [] [google] [cf4bf23ae244e6fd5ca63598d4dcc82d]
https://taxeshelp-devprobox.cashstaging.app [302] [GET] [text/html] [] [] [google] [Google Cloud,Google Cloud CDN] [d41d8cd98f00b204e9800998ecf8427e]
https://web-cdn.cashstaging.app [403] [GET] [text/html] [403 Forbidden] [Varnish] [vhost] [fastly] [Fastly,Varnish] [5937febd3a85868fd60dd6ede7fc0585]
https://web-cdn.cashstaging.app [403] [GET] [text/html] [403 Forbidden] [Varnish] [vhost] [fastly] [Fastly,Varnish] [9bf9d2dc5503f1f9331a86d9a9e00e24]
https://web.taxes.cashstaging.app [403] [GET] [text/html] [403] [] [google] [cf4bf23ae244e6fd5ca63598d4dcc82d]
https://web.usc1.taxes.cashstaging.app [403] [GET] [text/html] [403] [] [google] [cf4bf23ae244e6fd5ca63598d4dcc82d]
