http://cbridge-docs.celer.network:2082 [302] [GET] [] [] [cloudflare] [vhost] [cloudflare] [Cloudflare] [d41d8cd98f00b204e9800998ecf8427e]
http://cbridge-docs.celer.network:2086 [302] [GET] [] [] [cloudflare] [vhost] [cloudflare] [Cloudflare] [d41d8cd98f00b204e9800998ecf8427e]
http://cbridge-docs.celer.network:8080 [302] [GET] [] [] [cloudflare] [vhost] [cloudflare] [Cloudflare] [d41d8cd98f00b204e9800998ecf8427e]
http://cbridge-docs.celer.network:8880 [302] [GET] [] [] [cloudflare] [vhost] [cloudflare] [Cloudflare] [d41d8cd98f00b204e9800998ecf8427e]
http://im-docs.celer.network:2082 [302] [GET] [] [] [cloudflare] [vhost] [cloudflare] [Cloudflare] [d41d8cd98f00b204e9800998ecf8427e]
http://im-docs.celer.network:2086 [302] [GET] [] [] [cloudflare] [vhost] [cloudflare] [Cloudflare] [d41d8cd98f00b204e9800998ecf8427e]
http://im-docs.celer.network:8080 [302] [GET] [] [] [cloudflare] [vhost] [cloudflare] [Cloudflare] [d41d8cd98f00b204e9800998ecf8427e]
http://im-docs.celer.network:8880 [302] [GET] [] [] [cloudflare] [vhost] [cloudflare] [Cloudflare] [d41d8cd98f00b204e9800998ecf8427e]
https://blog.celer.network [200] [GET] [text/html] [Celer Network] [nginx] [vhost] [Font Awesome,Gravatar,MySQL,Nginx,PHP,WordPress,WordPress.com] [f205200772dc401c1a5fc21b4f1e21e5]
https://blog-cn.celer.network [200] [GET] [text/html] [Celer Network 中文 – Blockchains Connected.  Every DApp,  Every Asset,  Every User.] [nginx] [vhost] [MySQL,Nginx,PHP,WordPress,WordPress.com] [1994b5d3524b889f7c859d9b778e1894]
https://blog-cn.celer.network [200] [GET] [text/html] [Celer Network 中文 – Blockchains Connected.  Every DApp,  Every Asset,  Every User.] [nginx] [vhost] [MySQL,Nginx,PHP,WordPress,WordPress.com] [5d337759bd7339fbc11e19d415265f88]
https://cbridge-analytics.celer.network [200] [GET] [text/html] [Analytics page for Celer cBridge] [Netlify] [vhost] [Netlify,React] [1858a5e35154e94d20c4587e1fdd464b]
https://cbridge.celer.network [200] [GET] [text/html] [The Best Crypto & Binance Bridge | cBridge] [Netlify] [vhost] [Netlify] [a807dae8313506de02325567ab0cbe98]
https://cbridge-docs.celer.network [200] [GET] [text/html] [Welcome to cBridge - Celer cBridge] [cloudflare] [vhost] [cloudflare] [Algolia,Cloudflare,Google Cloud,Google Cloud Trace,React] [129b67e47bbabeb169b7755cf9cadea1]
https://cbridge-docs.celer.network:2083 [200] [GET] [text/html] [Welcome to cBridge - Celer cBridge] [cloudflare] [vhost] [cloudflare] [Algolia,Cloudflare,Google Cloud,Google Cloud Trace,React] [10a477178f02013547237fc59ad0bc5c]
https://cbridge-docs.celer.network:2087 [200] [GET] [text/html] [Welcome to cBridge - Celer cBridge] [cloudflare] [vhost] [cloudflare] [Algolia,Cloudflare,Google Cloud,Google Cloud Trace,React] [9923b6481dc04f7f11d373fa96f47ab8]
https://cbridge-docs.celer.network [403] [GET] [text/plain] [] [cloudflare] [vhost] [cloudflare] [Cloudflare] [4f20b85ce5ebf225720e040314a7966a]
https://cbridge-docs.celer.network:8443 [200] [GET] [text/html] [Welcome to cBridge - Celer cBridge] [cloudflare] [vhost] [cloudflare] [Algolia,Cloudflare,Google Cloud,Google Cloud Trace,React] [88ea1cbf8f26eb4a2f8704bc6fecf36d]
https://cbridge-partner-testnet.celer.network [200] [GET] [text/html] [The Best Crypto & Binance Bridge | cBridge] [Netlify] [vhost] [google] [Netlify] [c8f7bc149279c39fa34f082ce86dbad7]
https://cbridge-pre-upgrade.celer.network [200] [GET] [text/html] [cBridge] [Netlify] [vhost] [google] [Netlify] [afa88cb05a39be8f07ad4d1b97b94d57]
https://cbridge-prod2.celer.network [404] [GET] [text/html] [404 Not Found] [nginx/1.18.0 (Ubuntu)] [Nginx:1.18.0,Ubuntu] [5da4c1420f84ec727d1b6bdd0d46e62e]
https://cbridge-v1.celer.network [200] [GET] [text/html] [The Best Crypto & Binance Bridge | cBridge] [Netlify] [vhost] [Netlify] [a807dae8313506de02325567ab0cbe98]
https://cbridge-v1-legacy.celer.network [200] [GET] [text/html] [cBridge] [Netlify] [vhost] [google] [Netlify] [a762f2759bb5eb0061960f719eec6cf6]
https://cbridge-v2-prod.celer.network [404] [GET] [text/html] [404 Not Found] [nginx/1.18.0 (Ubuntu)] [Nginx:1.18.0,Ubuntu] [1b7c22a214949975556626d7217e9a39]
https://celer.network [301] [GET] [text/html] [301 Moved Permanently] [GitHub.com] [vhost] [Fastly,GitHub Pages,Varnish] [4f8e702cc244ec5d4de32740c0ecbd97]
https://explorer.celer.network [200] [GET] [text/html] [] [Vercel] [vhost] [Ant Design,Vercel] [3bb4119ddf6773acb0d7dcbeab445031]
https://forum.celer.network [200] [GET] [text/html] [Celer Network Forum - The governance forum of Celer Network] [nginx] [vhost] [Discourse,Nginx,Ruby on Rails] [9e19187135238099d9f81e1816b713d4]
https://forum.celer.network [200] [GET] [text/html] [Celer Network Forum - The governance forum of Celer Network] [nginx] [vhost] [Discourse,Nginx,Ruby on Rails] [fc298899248a68924b7cf39b8a74eaf0]
https://im-docs.celer.network:2053 [302] [GET] [text/plain] [] [cloudflare] [vhost] [cloudflare] [Algolia,Cloudflare,Google Cloud,Google Cloud Trace] [0abec5bd0f43bd92029ab52e5ee0ac5c]
https://im-docs.celer.network:2083 [302] [GET] [text/plain] [] [cloudflare] [vhost] [cloudflare] [Algolia,Cloudflare,Google Cloud,Google Cloud Trace] [0abec5bd0f43bd92029ab52e5ee0ac5c]
https://im-docs.celer.network:2087 [302] [GET] [text/plain] [] [cloudflare] [vhost] [cloudflare] [Algolia,Cloudflare,Google Cloud,Google Cloud Trace] [0abec5bd0f43bd92029ab52e5ee0ac5c]
https://im-docs.celer.network [302] [GET] [text/plain] [] [cloudflare] [vhost] [cloudflare] [Algolia,Cloudflare,Google Cloud,Google Cloud Trace] [0abec5bd0f43bd92029ab52e5ee0ac5c]
https://im-docs.celer.network:8443 [302] [GET] [text/plain] [] [cloudflare] [vhost] [cloudflare] [Algolia,Cloudflare,Google Cloud,Google Cloud Trace] [0abec5bd0f43bd92029ab52e5ee0ac5c]
https://sgn.celer.network [200] [GET] [text/html] [SGN Web] [Netlify] [vhost] [google] [Netlify] [cd981d59d4266948a6fb10e618242bf3]
https://sgn-partner-testnet.celer.network [200] [GET] [text/html] [SGN Web] [Netlify] [vhost] [google] [Netlify] [8d91fdadfb4ec50929f9bdba415d2b16]
https://sgn-partner-testnet.celer.network [200] [GET] [text/html] [SGN Web] [Netlify] [vhost] [Netlify] [8d91fdadfb4ec50929f9bdba415d2b16]
https://sgn-v1.celer.network [302] [GET] [text/html] [302 Found] [nginx/1.18.0 (Ubuntu)] [Nginx:1.18.0,Ubuntu] [c34a889404161b1abde82974413740d6]
https://terra-test-cbridge.celer.network [200] [GET] [text/html] [The Best Crypto & Binance Bridge | cBridge] [Netlify] [vhost] [google] [Netlify] [7efbe79ff4714c36200d5afe5897bdec]
https://test-bas-bridge.celer.network [200] [GET] [text/html] [The Best Crypto & Binance Bridge | cBridge] [Netlify] [vhost] [google] [Netlify] [5a4ce9a5d3693635cba2d94adffc03c9]
https://test-cbridge-v2.celer.network [200] [GET] [text/html] [The Best Crypto & Binance Bridge | cBridge] [Netlify] [vhost] [Netlify] [98014f7499bf08a343e324fbe9c18ca1]
https://www.blog.celer.network [301] [GET] [text/html] [301 Moved Permanently] [nginx] [vhost] [Nginx] [4f8e702cc244ec5d4de32740c0ecbd97]
https://www.blog-cn.celer.network [301] [GET] [text/html] [301 Moved Permanently] [nginx] [vhost] [Nginx] [4f8e702cc244ec5d4de32740c0ecbd97]
https://www.celer.network [200] [GET] [text/html] [Celer Network] [GitHub.com] [vhost] [Fastly,Gatsby:2.32.13,GitHub Pages,Google Tag Manager,React,Varnish,webpack] [cc5b85200848ffc3920a05a807a2c8ed]
