http://api.chain.com:2052 [301] [GET] [] [] [cloudflare] [cloudflare] [Cloudflare] [d41d8cd98f00b204e9800998ecf8427e]
http://api.chain.com:2082 [301] [GET] [] [] [cloudflare] [cloudflare] [Cloudflare] [d41d8cd98f00b204e9800998ecf8427e]
http://api.chain.com:8080 [301] [GET] [] [] [cloudflare] [cloudflare] [Cloudflare] [d41d8cd98f00b204e9800998ecf8427e]
http://bridge.chain.com:2053 [400] [GET] [text/html] [400 The plain HTTP request was sent to HTTPS port] [cloudflare] [cloudflare] [Cloudflare] [cd58783500d7fa3c58f88eb0ba22f4f8]
http://bridge.chain.com:2082 [301] [GET] [] [] [cloudflare] [cloudflare] [Cloudflare] [d41d8cd98f00b204e9800998ecf8427e]
http://bridge.chain.com:2083 [400] [GET] [text/html] [400 The plain HTTP request was sent to HTTPS port] [cloudflare] [cloudflare] [Cloudflare] [cd58783500d7fa3c58f88eb0ba22f4f8]
http://bridge.chain.com:2086 [301] [GET] [] [] [cloudflare] [cloudflare] [Cloudflare] [d41d8cd98f00b204e9800998ecf8427e]
http://bridge.chain.com:8080 [301] [GET] [] [] [cloudflare] [cloudflare] [Cloudflare] [d41d8cd98f00b204e9800998ecf8427e]
http://bridge.chain.com:8443 [400] [GET] [text/html] [400 The plain HTTP request was sent to HTTPS port] [cloudflare] [cloudflare] [Cloudflare] [20ad84d030031252141ca0b3fc0183f0]
http://bridge.chain.com:8880 [301] [GET] [] [] [cloudflare] [cloudflare] [Cloudflare] [d41d8cd98f00b204e9800998ecf8427e]
http://chain.com:2053 [400] [GET] [text/html] [400 The plain HTTP request was sent to HTTPS port] [cloudflare] [cloudflare] [Cloudflare] [cd58783500d7fa3c58f88eb0ba22f4f8]
http://chain.com:2082 [301] [GET] [] [] [cloudflare] [cloudflare] [Cloudflare] [d41d8cd98f00b204e9800998ecf8427e]
http://chain.com:2083 [400] [GET] [text/html] [400 The plain HTTP request was sent to HTTPS port] [cloudflare] [cloudflare] [Cloudflare] [20ad84d030031252141ca0b3fc0183f0]
http://chain.com:2086 [301] [GET] [] [] [cloudflare] [cloudflare] [Cloudflare] [d41d8cd98f00b204e9800998ecf8427e]
http://chain.com:8080 [301] [GET] [] [] [cloudflare] [cloudflare] [Cloudflare] [d41d8cd98f00b204e9800998ecf8427e]
http://chain.com:8880 [301] [GET] [] [] [cloudflare] [cloudflare] [Cloudflare] [d41d8cd98f00b204e9800998ecf8427e]
http://dashboard.chain.com:2082 [301] [GET] [] [] [cloudflare] [cloudflare] [Cloudflare] [d41d8cd98f00b204e9800998ecf8427e]
http://dashboard.chain.com:2086 [301] [GET] [] [] [cloudflare] [cloudflare] [Cloudflare] [d41d8cd98f00b204e9800998ecf8427e]
http://dashboard.chain.com:8080 [301] [GET] [] [] [cloudflare] [cloudflare] [Cloudflare] [d41d8cd98f00b204e9800998ecf8427e]
http://dashboard.chain.com:8880 [301] [GET] [] [] [cloudflare] [cloudflare] [Cloudflare] [d41d8cd98f00b204e9800998ecf8427e]
http://discord.chain.com:2082 [301] [GET] [] [] [cloudflare] [cloudflare] [Cloudflare] [d41d8cd98f00b204e9800998ecf8427e]
http://discord.chain.com:2086 [301] [GET] [] [] [cloudflare] [cloudflare] [Cloudflare] [d41d8cd98f00b204e9800998ecf8427e]
http://discord.chain.com:8080 [301] [GET] [] [] [cloudflare] [cloudflare] [Cloudflare] [d41d8cd98f00b204e9800998ecf8427e]
http://discord.chain.com:8880 [301] [GET] [] [] [cloudflare] [cloudflare] [Cloudflare] [d41d8cd98f00b204e9800998ecf8427e]
http://docs.chain.com:2052 [301] [GET] [] [] [cloudflare] [cloudflare] [Cloudflare] [d41d8cd98f00b204e9800998ecf8427e]
http://docs.chain.com:2082 [301] [GET] [] [] [cloudflare] [cloudflare] [Cloudflare] [d41d8cd98f00b204e9800998ecf8427e]
http://docs.chain.com:2083 [400] [GET] [text/html] [400 The plain HTTP request was sent to HTTPS port] [cloudflare] [cloudflare] [Cloudflare] [cd58783500d7fa3c58f88eb0ba22f4f8]
http://docs.chain.com:2087 [400] [GET] [text/html] [400 The plain HTTP request was sent to HTTPS port] [cloudflare] [cloudflare] [Cloudflare] [20ad84d030031252141ca0b3fc0183f0]
http://docs.chain.com:8080 [301] [GET] [] [] [cloudflare] [cloudflare] [Cloudflare] [d41d8cd98f00b204e9800998ecf8427e]
http://docs.chain.com:8443 [400] [GET] [text/html] [400 The plain HTTP request was sent to HTTPS port] [cloudflare] [cloudflare] [Cloudflare] [cd58783500d7fa3c58f88eb0ba22f4f8]
http://forum.chain.com:2082 [301] [GET] [] [] [cloudflare] [cloudflare] [Cloudflare] [d41d8cd98f00b204e9800998ecf8427e]
http://forum.chain.com:2086 [301] [GET] [] [] [cloudflare] [cloudflare] [Cloudflare] [d41d8cd98f00b204e9800998ecf8427e]
http://forum.chain.com:8080 [301] [GET] [] [] [cloudflare] [cloudflare] [Cloudflare] [d41d8cd98f00b204e9800998ecf8427e]
http://forum.chain.com:8880 [301] [GET] [] [] [cloudflare] [cloudflare] [Cloudflare] [d41d8cd98f00b204e9800998ecf8427e]
http://gov.chain.com:2082 [301] [GET] [] [] [cloudflare] [cloudflare] [Cloudflare] [d41d8cd98f00b204e9800998ecf8427e]
http://gov.chain.com:2086 [301] [GET] [] [] [cloudflare] [cloudflare] [Cloudflare] [d41d8cd98f00b204e9800998ecf8427e]
http://gov.chain.com:2087 [400] [GET] [text/html] [400 The plain HTTP request was sent to HTTPS port] [cloudflare] [cloudflare] [Cloudflare] [20ad84d030031252141ca0b3fc0183f0]
http://gov.chain.com:8080 [301] [GET] [] [] [cloudflare] [cloudflare] [Cloudflare] [d41d8cd98f00b204e9800998ecf8427e]
http://gov.chain.com:8443 [400] [GET] [text/html] [400 The plain HTTP request was sent to HTTPS port] [cloudflare] [cloudflare] [Cloudflare] [20ad84d030031252141ca0b3fc0183f0]
http://gov.chain.com:8880 [301] [GET] [] [] [cloudflare] [cloudflare] [Cloudflare] [d41d8cd98f00b204e9800998ecf8427e]
http://polls.chain.com:8082 [403] [GET] [text/html] [403 Forbidden] [nginx] [vhost] [Nginx] [4f8afc2689243991dcede77ebc8b25c8]
http://polls.chain.com:8084 [403] [GET] [text/html] [403 Forbidden] [nginx] [vhost] [Nginx] [4f8afc2689243991dcede77ebc8b25c8]
http://polls.chain.com:8085 [403] [GET] [text/html] [403 Forbidden] [nginx] [vhost] [Nginx] [4f8afc2689243991dcede77ebc8b25c8]
https://1997.sequence.chain.com [302] [GET] [text/html] [] [nginx] [vhost] [Nginx] [acdd66fa4c66307229262688980587db]
https://api.chain.com:2083 [521] [GET] [] [] [cloudflare] [vhost] [cloudflare] [Cloudflare] [d41d8cd98f00b204e9800998ecf8427e]
https://api.chain.com:2087 [521] [GET] [] [] [cloudflare] [vhost] [cloudflare] [Cloudflare] [d41d8cd98f00b204e9800998ecf8427e]
https://api.chain.com [302] [GET] [text/html] [] [cloudflare] [vhost] [cloudflare] [Cloudflare] [689db9233bf6e289acad56bb61713c30]
https://api.chain.com:8443 [521] [GET] [] [] [cloudflare] [vhost] [cloudflare] [Cloudflare] [d41d8cd98f00b204e9800998ecf8427e]
https://blog.chain.com [307] [GET] [text/html] [] [openresty] [vhost] [Envoy,Nginx,OpenResty] [cbde9a13eeaeb6b6ffe0d0809aab6417]
https://bridge.chain.com [200] [GET] [text/html] [XCN Bridge] [cloudflare] [vhost] [cloudflare] [Cloudflare,Google Font API] [5d37595a38adc24672d49835d327aaa1]
https://chain.com [200] [GET] [text/html] [Home] [cloudflare] [vhost] [cloudflare] [Cloudflare] [bee1d33aa3c42f1372c36387034fedf8]
https://dashboard.chain.com:2053 [403] [GET] [text/plain] [] [cloudflare] [vhost] [cloudflare] [Cloudflare] [1e592c666f49ec5d3c8933c571646d79]
https://dashboard.chain.com:2083 [403] [GET] [text/plain] [] [cloudflare] [vhost] [cloudflare] [Cloudflare] [1e592c666f49ec5d3c8933c571646d79]
https://dashboard.chain.com [403] [GET] [text/plain] [] [cloudflare] [vhost] [cloudflare] [Cloudflare] [1e592c666f49ec5d3c8933c571646d79]
https://dashboard.chain.com:8443 [403] [GET] [text/plain] [] [cloudflare] [vhost] [cloudflare] [Cloudflare] [1e592c666f49ec5d3c8933c571646d79]
https://discord.chain.com:2087 [301] [GET] [] [] [cloudflare] [vhost] [cloudflare] [Cloudflare] [d41d8cd98f00b204e9800998ecf8427e]
https://discord.chain.com [301] [GET] [] [] [cloudflare] [vhost] [cloudflare] [Cloudflare] [d41d8cd98f00b204e9800998ecf8427e]
https://discord.chain.com:8443 [301] [GET] [] [] [cloudflare] [vhost] [cloudflare] [Cloudflare] [d41d8cd98f00b204e9800998ecf8427e]
https://docs.chain.com [200] [GET] [text/html] [Chain Docs | Chain Docs] [cloudflare] [vhost] [cloudflare] [Cloudflare,Docusaurus:0.0.0-5053,React,webpack] [5c63978d631963e0a89b84af028fc44c]
http://sequence.chain.com:2082 [301] [GET] [] [] [cloudflare] [cloudflare] [Cloudflare] [d41d8cd98f00b204e9800998ecf8427e]
http://sequence.chain.com:2086 [301] [GET] [] [] [cloudflare] [cloudflare] [Cloudflare] [d41d8cd98f00b204e9800998ecf8427e]
http://sequence.chain.com:8080 [301] [GET] [] [] [cloudflare] [cloudflare] [Cloudflare] [d41d8cd98f00b204e9800998ecf8427e]
http://sequence.chain.com:8880 [301] [GET] [] [] [cloudflare] [cloudflare] [Cloudflare] [d41d8cd98f00b204e9800998ecf8427e]
https://forum.chain.com:2053 [530] [GET] [text/html] [Origin DNS error | forum.chain.com | Cloudflare] [cloudflare] [vhost] [cloudflare] [Cloudflare] [41e821830cad8cd94c5d968042c99a89]
https://forum.chain.com:2083 [403] [GET] [text/plain] [] [cloudflare] [vhost] [cloudflare] [Cloudflare] [4f20b85ce5ebf225720e040314a7966a]
https://forum.chain.com [530] [GET] [text/html] [Origin DNS error | forum.chain.com | Cloudflare] [cloudflare] [vhost] [cloudflare] [Cloudflare] [1b557d39e8f7803b2bcf994c19a7ae4f]
https://forum.chain.com [530] [GET] [text/html] [Origin DNS error | forum.chain.com | Cloudflare] [cloudflare] [vhost] [cloudflare] [Cloudflare] [9819825ab31f8a22eaf98b3157f77558]
https://forum.chain.com:8443 [530] [GET] [text/html] [Origin DNS error | forum.chain.com | Cloudflare] [cloudflare] [vhost] [cloudflare] [Cloudflare] [49cffe8fb201b6c5269c3889f6a54404]
https://gov.chain.com [200] [GET] [text/html] [Chain Staking] [cloudflare] [vhost] [cloudflare] [Cloudflare] [e89b564870080b51279085e01f1140b5]
https://polls.chain.com:1935 [403] [GET] [application/octet-stream] [] [nginx] [Nginx] [086d9069069ed62de536cbd4f326d0a9]
https://polls.chain.com [200] [GET] [text/html] [Snapshot] [BunnyCDN-SIL-915] [vhost] [Bunny,IPFS] [74fe4acc00519235bfd32759c7b59396]
https://prime.chain.com [403] [GET] [application/json] [] [nginx/1.18.0 (Ubuntu)] [vhost] [Nginx:1.18.0,Ubuntu] [9996525792742248a1e36e6158d2539a]
https://sequence.chain.com:2053 [521] [GET] [] [] [cloudflare] [vhost] [cloudflare] [Cloudflare] [d41d8cd98f00b204e9800998ecf8427e]
https://sequence.chain.com:2083 [521] [GET] [] [] [cloudflare] [vhost] [cloudflare] [Cloudflare] [d41d8cd98f00b204e9800998ecf8427e]
https://sequence.chain.com [301] [GET] [text/html] [] [cloudflare] [vhost] [cloudflare] [Cloudflare] [6124b1e236915f8b1628f777241301d4]
https://sequence.chain.com:8443 [521] [GET] [] [] [cloudflare] [vhost] [cloudflare] [Cloudflare] [d41d8cd98f00b204e9800998ecf8427e]
https://sequence.sequence.chain.com [302] [GET] [text/html] [] [nginx] [vhost] [Nginx] [a52ce9a6b4bc433cfb50b2aaba04d96b]
https://www.chain.com [200] [GET] [text/html] [Home] [cloudflare] [vhost] [cloudflare] [Cloudflare] [bee1d33aa3c42f1372c36387034fedf8]
http://www.chain.com:2053 [400] [GET] [text/html] [400 The plain HTTP request was sent to HTTPS port] [cloudflare] [cloudflare] [Cloudflare] [20ad84d030031252141ca0b3fc0183f0]
http://www.chain.com:2082 [301] [GET] [] [] [cloudflare] [cloudflare] [Cloudflare] [d41d8cd98f00b204e9800998ecf8427e]
http://www.chain.com:2083 [400] [GET] [text/html] [400 The plain HTTP request was sent to HTTPS port] [cloudflare] [cloudflare] [Cloudflare] [20ad84d030031252141ca0b3fc0183f0]
http://www.chain.com:2086 [301] [GET] [] [] [cloudflare] [cloudflare] [Cloudflare] [d41d8cd98f00b204e9800998ecf8427e]
http://www.chain.com:8080 [301] [GET] [] [] [cloudflare] [cloudflare] [Cloudflare] [d41d8cd98f00b204e9800998ecf8427e]
http://www.chain.com:8443 [400] [GET] [text/html] [400 The plain HTTP request was sent to HTTPS port] [cloudflare] [cloudflare] [Cloudflare] [20ad84d030031252141ca0b3fc0183f0]
http://www.chain.com:8880 [301] [GET] [] [] [cloudflare] [cloudflare] [Cloudflare] [d41d8cd98f00b204e9800998ecf8427e]
