http://16002407.account.chime.com:2052 [301] [GET] [] [] [cloudflare] [vhost] [cloudflare] [Cloudflare,Cloudflare Bot Management] [d41d8cd98f00b204e9800998ecf8427e]
http://16002407.account.chime.com:2053 [400] [GET] [text/html] [400 The plain HTTP request was sent to HTTPS port] [cloudflare] [cloudflare] [Cloudflare] [cd58783500d7fa3c58f88eb0ba22f4f8]
http://16002407.account.chime.com:2082 [301] [GET] [] [] [cloudflare] [vhost] [cloudflare] [Cloudflare,Cloudflare Bot Management] [d41d8cd98f00b204e9800998ecf8427e]
http://16002407.account.chime.com:2083 [400] [GET] [text/html] [400 The plain HTTP request was sent to HTTPS port] [cloudflare] [cloudflare] [Cloudflare] [cd58783500d7fa3c58f88eb0ba22f4f8]
http://16002407.account.chime.com:2086 [301] [GET] [] [] [cloudflare] [vhost] [cloudflare] [Cloudflare,Cloudflare Bot Management] [d41d8cd98f00b204e9800998ecf8427e]
http://16002407.account.chime.com:8080 [301] [GET] [] [] [cloudflare] [vhost] [cloudflare] [Cloudflare,Cloudflare Bot Management] [d41d8cd98f00b204e9800998ecf8427e]
http://16002407.account.chime.com:8443 [400] [GET] [text/html] [400 The plain HTTP request was sent to HTTPS port] [cloudflare] [cloudflare] [Cloudflare] [cd58783500d7fa3c58f88eb0ba22f4f8]
http://16002407.account.chime.com:8880 [301] [GET] [] [] [cloudflare] [vhost] [cloudflare] [Cloudflare,Cloudflare Bot Management] [d41d8cd98f00b204e9800998ecf8427e]
http://16002407.notify.chime.com:2052 [403] [GET] [text/html] [Chime] [cloudflare] [cloudflare] [Cloudflare,Cloudflare Bot Management] [9881c96d29969f6d3922d522dc830bc4]
http://16002407.notify.chime.com:2053 [400] [GET] [text/html] [400 The plain HTTP request was sent to HTTPS port] [cloudflare] [cloudflare] [Cloudflare] [cd58783500d7fa3c58f88eb0ba22f4f8]
http://16002407.notify.chime.com:2082 [301] [GET] [] [] [cloudflare] [vhost] [cloudflare] [Cloudflare,Cloudflare Bot Management] [d41d8cd98f00b204e9800998ecf8427e]
http://16002407.notify.chime.com:2083 [400] [GET] [text/html] [400 The plain HTTP request was sent to HTTPS port] [cloudflare] [cloudflare] [Cloudflare] [cd58783500d7fa3c58f88eb0ba22f4f8]
http://16002407.notify.chime.com:2086 [301] [GET] [] [] [cloudflare] [vhost] [cloudflare] [Cloudflare,Cloudflare Bot Management] [d41d8cd98f00b204e9800998ecf8427e]
http://16002407.notify.chime.com:2087 [400] [GET] [text/html] [400 The plain HTTP request was sent to HTTPS port] [cloudflare] [cloudflare] [Cloudflare] [cd58783500d7fa3c58f88eb0ba22f4f8]
http://16002407.notify.chime.com:8080 [301] [GET] [] [] [cloudflare] [vhost] [cloudflare] [Cloudflare,Cloudflare Bot Management] [d41d8cd98f00b204e9800998ecf8427e]
http://16002407.notify.chime.com:8443 [400] [GET] [text/html] [400 The plain HTTP request was sent to HTTPS port] [cloudflare] [cloudflare] [Cloudflare] [20ad84d030031252141ca0b3fc0183f0]
http://16002407.notify.chime.com:8880 [301] [GET] [] [] [cloudflare] [vhost] [cloudflare] [Cloudflare,Cloudflare Bot Management] [d41d8cd98f00b204e9800998ecf8427e]
http://accounts.chime.com:8080 [301] [GET] [] [] [cloudflare] [vhost] [cloudflare] [Cloudflare,Cloudflare Bot Management] [d41d8cd98f00b204e9800998ecf8427e]
http://accounts.chime.com:8443 [400] [GET] [text/html] [400 The plain HTTP request was sent to HTTPS port] [cloudflare] [cloudflare] [Cloudflare] [20ad84d030031252141ca0b3fc0183f0]
http://argocd.chime.com:8080 [301] [GET] [] [] [cloudflare] [vhost] [cloudflare] [Cloudflare,Cloudflare Bot Management] [d41d8cd98f00b204e9800998ecf8427e]
http://argocd.chime.com:8443 [400] [GET] [text/html] [400 The plain HTTP request was sent to HTTPS port] [cloudflare] [cloudflare] [Cloudflare] [cd58783500d7fa3c58f88eb0ba22f4f8]
http://argocd-dev1.chime.com:8080 [301] [GET] [] [] [cloudflare] [vhost] [cloudflare] [Cloudflare,Cloudflare Bot Management] [d41d8cd98f00b204e9800998ecf8427e]
http://argocd-dev1.chime.com:8443 [400] [GET] [text/html] [400 The plain HTTP request was sent to HTTPS port] [cloudflare] [cloudflare] [Cloudflare] [cd58783500d7fa3c58f88eb0ba22f4f8]
http://argocd-qa.chime.com:8080 [301] [GET] [] [] [cloudflare] [vhost] [cloudflare] [Cloudflare,Cloudflare Bot Management] [d41d8cd98f00b204e9800998ecf8427e]
http://argocd-qa.chime.com:8443 [400] [GET] [text/html] [400 The plain HTTP request was sent to HTTPS port] [cloudflare] [cloudflare] [Cloudflare] [cd58783500d7fa3c58f88eb0ba22f4f8]
http://autobots.chime.com:8080 [301] [GET] [] [] [cloudflare] [vhost] [cloudflare] [Cloudflare,Cloudflare Bot Management] [d41d8cd98f00b204e9800998ecf8427e]
http://autobots.chime.com:8443 [400] [GET] [text/html] [400 The plain HTTP request was sent to HTTPS port] [cloudflare] [cloudflare] [Cloudflare] [cd58783500d7fa3c58f88eb0ba22f4f8]
http://autobots-dev1.chime.com:8080 [301] [GET] [] [] [cloudflare] [vhost] [cloudflare] [Cloudflare,Cloudflare Bot Management] [d41d8cd98f00b204e9800998ecf8427e]
http://autobots-dev1.chime.com:8443 [400] [GET] [text/html] [400 The plain HTTP request was sent to HTTPS port] [cloudflare] [cloudflare] [Cloudflare] [cd58783500d7fa3c58f88eb0ba22f4f8]
http://autobots-qa.chime.com:8080 [301] [GET] [] [] [cloudflare] [vhost] [cloudflare] [Cloudflare,Cloudflare Bot Management] [d41d8cd98f00b204e9800998ecf8427e]
http://autobots-qa.chime.com:8443 [400] [GET] [text/html] [400 The plain HTTP request was sent to HTTPS port] [cloudflare] [cloudflare] [Cloudflare] [20ad84d030031252141ca0b3fc0183f0]
http://email.gh-mail.chime.com:2052 [403] [GET] [text/plain] [] [cloudflare] [vhost] [cloudflare] [Cloudflare,Cloudflare Bot Management] [4f20b85ce5ebf225720e040314a7966a]
http://email.gh-mail.chime.com:2053 [400] [GET] [text/html] [400 The plain HTTP request was sent to HTTPS port] [cloudflare] [cloudflare] [Cloudflare] [cd58783500d7fa3c58f88eb0ba22f4f8]
http://email.gh-mail.chime.com:2082 [301] [GET] [] [] [cloudflare] [vhost] [cloudflare] [Cloudflare,Cloudflare Bot Management] [d41d8cd98f00b204e9800998ecf8427e]
http://email.gh-mail.chime.com:2083 [400] [GET] [text/html] [400 The plain HTTP request was sent to HTTPS port] [cloudflare] [cloudflare] [Cloudflare] [20ad84d030031252141ca0b3fc0183f0]
http://email.gh-mail.chime.com:2086 [301] [GET] [] [] [cloudflare] [vhost] [cloudflare] [Cloudflare,Cloudflare Bot Management] [d41d8cd98f00b204e9800998ecf8427e]
http://email.gh-mail.chime.com:2087 [400] [GET] [text/html] [400 The plain HTTP request was sent to HTTPS port] [cloudflare] [cloudflare] [Cloudflare] [20ad84d030031252141ca0b3fc0183f0]
http://email.gh-mail.chime.com:8080 [301] [GET] [] [] [cloudflare] [vhost] [cloudflare] [Cloudflare,Cloudflare Bot Management] [d41d8cd98f00b204e9800998ecf8427e]
http://email.gh-mail.chime.com:8443 [400] [GET] [text/html] [400 The plain HTTP request was sent to HTTPS port] [cloudflare] [cloudflare] [Cloudflare] [cd58783500d7fa3c58f88eb0ba22f4f8]
http://email.gh-mail.chime.com:8880 [301] [GET] [] [] [cloudflare] [vhost] [cloudflare] [Cloudflare,Cloudflare Bot Management] [d41d8cd98f00b204e9800998ecf8427e]
http://email.gh-mail.ext.chime.com:2052 [301] [GET] [] [] [cloudflare] [vhost] [cloudflare] [Cloudflare,Cloudflare Bot Management] [d41d8cd98f00b204e9800998ecf8427e]
http://email.gh-mail.ext.chime.com:2053 [400] [GET] [text/html] [400 The plain HTTP request was sent to HTTPS port] [cloudflare] [cloudflare] [Cloudflare] [cd58783500d7fa3c58f88eb0ba22f4f8]
http://email.gh-mail.ext.chime.com:2082 [301] [GET] [] [] [cloudflare] [vhost] [cloudflare] [Cloudflare,Cloudflare Bot Management] [d41d8cd98f00b204e9800998ecf8427e]
http://email.gh-mail.ext.chime.com:2083 [400] [GET] [text/html] [400 The plain HTTP request was sent to HTTPS port] [cloudflare] [cloudflare] [Cloudflare] [20ad84d030031252141ca0b3fc0183f0]
http://email.gh-mail.ext.chime.com:2086 [301] [GET] [] [] [cloudflare] [vhost] [cloudflare] [Cloudflare,Cloudflare Bot Management] [d41d8cd98f00b204e9800998ecf8427e]
http://email.gh-mail.ext.chime.com:2087 [400] [GET] [text/html] [400 The plain HTTP request was sent to HTTPS port] [cloudflare] [cloudflare] [Cloudflare] [cd58783500d7fa3c58f88eb0ba22f4f8]
http://email.gh-mail.ext.chime.com:8080 [301] [GET] [] [] [cloudflare] [vhost] [cloudflare] [Cloudflare,Cloudflare Bot Management] [d41d8cd98f00b204e9800998ecf8427e]
http://email.gh-mail.ext.chime.com:8443 [400] [GET] [text/html] [400 The plain HTTP request was sent to HTTPS port] [cloudflare] [cloudflare] [Cloudflare] [cd58783500d7fa3c58f88eb0ba22f4f8]
http://email.gh-mail.ext.chime.com:8880 [301] [GET] [] [] [cloudflare] [vhost] [cloudflare] [Cloudflare,Cloudflare Bot Management] [d41d8cd98f00b204e9800998ecf8427e]
http://email.mg.chime.com:2082 [301] [GET] [] [] [cloudflare] [vhost] [cloudflare] [Cloudflare,Cloudflare Bot Management] [d41d8cd98f00b204e9800998ecf8427e]
http://email.mg.chime.com:2083 [400] [GET] [text/html] [400 The plain HTTP request was sent to HTTPS port] [cloudflare] [cloudflare] [Cloudflare] [cd58783500d7fa3c58f88eb0ba22f4f8]
http://email.mg.chime.com:2086 [301] [GET] [] [] [cloudflare] [vhost] [cloudflare] [Cloudflare,Cloudflare Bot Management] [d41d8cd98f00b204e9800998ecf8427e]
http://email.mg.chime.com:2087 [400] [GET] [text/html] [400 The plain HTTP request was sent to HTTPS port] [cloudflare] [cloudflare] [Cloudflare] [20ad84d030031252141ca0b3fc0183f0]
http://email.mg.chime.com:2096 [400] [GET] [text/html] [400 The plain HTTP request was sent to HTTPS port] [cloudflare] [cloudflare] [Cloudflare] [20ad84d030031252141ca0b3fc0183f0]
http://email.mg.chime.com:8080 [301] [GET] [] [] [cloudflare] [vhost] [cloudflare] [Cloudflare,Cloudflare Bot Management] [d41d8cd98f00b204e9800998ecf8427e]
http://email.mg.chime.com:8880 [301] [GET] [] [] [cloudflare] [vhost] [cloudflare] [Cloudflare,Cloudflare Bot Management] [d41d8cd98f00b204e9800998ecf8427e]
http://email.teamable.chime.com:2082 [301] [GET] [] [] [cloudflare] [vhost] [cloudflare] [Cloudflare,Cloudflare Bot Management] [d41d8cd98f00b204e9800998ecf8427e]
http://email.teamable.chime.com:2083 [400] [GET] [text/html] [400 The plain HTTP request was sent to HTTPS port] [cloudflare] [cloudflare] [Cloudflare] [20ad84d030031252141ca0b3fc0183f0]
http://email.teamable.chime.com:2086 [301] [GET] [] [] [cloudflare] [vhost] [cloudflare] [Cloudflare,Cloudflare Bot Management] [d41d8cd98f00b204e9800998ecf8427e]
http://email.teamable.chime.com:2087 [400] [GET] [text/html] [400 The plain HTTP request was sent to HTTPS port] [cloudflare] [cloudflare] [Cloudflare] [cd58783500d7fa3c58f88eb0ba22f4f8]
http://email.teamable.chime.com:2096 [400] [GET] [text/html] [400 The plain HTTP request was sent to HTTPS port] [cloudflare] [cloudflare] [Cloudflare] [cd58783500d7fa3c58f88eb0ba22f4f8]
http://email.teamable.chime.com:8080 [301] [GET] [] [] [cloudflare] [vhost] [cloudflare] [Cloudflare,Cloudflare Bot Management] [d41d8cd98f00b204e9800998ecf8427e]
http://email.teamable.chime.com:8443 [400] [GET] [text/html] [400 The plain HTTP request was sent to HTTPS port] [cloudflare] [cloudflare] [Cloudflare] [cd58783500d7fa3c58f88eb0ba22f4f8]
http://email.teamable.chime.com:8880 [301] [GET] [] [] [cloudflare] [vhost] [cloudflare] [Cloudflare,Cloudflare Bot Management] [d41d8cd98f00b204e9800998ecf8427e]
http://flashpaper.chime.com:8080 [301] [GET] [] [] [cloudflare] [vhost] [cloudflare] [Cloudflare,Cloudflare Bot Management] [d41d8cd98f00b204e9800998ecf8427e]
http://flashpaper.chime.com:8443 [400] [GET] [text/html] [400 The plain HTTP request was sent to HTTPS port] [cloudflare] [cloudflare] [Cloudflare] [20ad84d030031252141ca0b3fc0183f0]
http://flashpaper-dev1.chime.com:8080 [301] [GET] [] [] [cloudflare] [vhost] [cloudflare] [Cloudflare,Cloudflare Bot Management] [d41d8cd98f00b204e9800998ecf8427e]
http://flashpaper-dev1.chime.com:8443 [400] [GET] [text/html] [400 The plain HTTP request was sent to HTTPS port] [cloudflare] [cloudflare] [Cloudflare] [cd58783500d7fa3c58f88eb0ba22f4f8]
http://flashpaper-qa.chime.com:8080 [301] [GET] [] [] [cloudflare] [vhost] [cloudflare] [Cloudflare,Cloudflare Bot Management] [d41d8cd98f00b204e9800998ecf8427e]
http://flashpaper-qa.chime.com:8443 [400] [GET] [text/html] [400 The plain HTTP request was sent to HTTPS port] [cloudflare] [cloudflare] [Cloudflare] [20ad84d030031252141ca0b3fc0183f0]
http://gem-proxy.chime.com:8080 [301] [GET] [] [] [cloudflare] [vhost] [cloudflare] [Cloudflare,Cloudflare Bot Management] [d41d8cd98f00b204e9800998ecf8427e]
http://gem-proxy.chime.com:8443 [400] [GET] [text/html] [400 The plain HTTP request was sent to HTTPS port] [cloudflare] [cloudflare] [Cloudflare] [cd58783500d7fa3c58f88eb0ba22f4f8]
http://gem-proxy-dev1.chime.com:8080 [301] [GET] [] [] [cloudflare] [vhost] [cloudflare] [Cloudflare,Cloudflare Bot Management] [d41d8cd98f00b204e9800998ecf8427e]
http://gem-proxy-dev1.chime.com:8443 [400] [GET] [text/html] [400 The plain HTTP request was sent to HTTPS port] [cloudflare] [cloudflare] [Cloudflare] [cd58783500d7fa3c58f88eb0ba22f4f8]
http://help.chime.com:2083 [400] [GET] [text/html] [400 The plain HTTP request was sent to HTTPS port] [cloudflare] [cloudflare] [Cloudflare] [20ad84d030031252141ca0b3fc0183f0]
http://help.chime.com:2087 [400] [GET] [text/html] [400 The plain HTTP request was sent to HTTPS port] [cloudflare] [cloudflare] [Cloudflare] [20ad84d030031252141ca0b3fc0183f0]
http://help.chime.com:8443 [400] [GET] [text/html] [400 The plain HTTP request was sent to HTTPS port] [cloudflare] [cloudflare] [Cloudflare] [cd58783500d7fa3c58f88eb0ba22f4f8]
http://help-test.chime.com:2083 [400] [GET] [text/html] [400 The plain HTTP request was sent to HTTPS port] [cloudflare] [cloudflare] [Cloudflare] [cd58783500d7fa3c58f88eb0ba22f4f8]
http://help-test.chime.com:2087 [400] [GET] [text/html] [400 The plain HTTP request was sent to HTTPS port] [cloudflare] [cloudflare] [Cloudflare] [20ad84d030031252141ca0b3fc0183f0]
http://help-test.chime.com:8443 [400] [GET] [text/html] [400 The plain HTTP request was sent to HTTPS port] [cloudflare] [cloudflare] [Cloudflare] [cd58783500d7fa3c58f88eb0ba22f4f8]
http://inspector.chime.com:8080 [301] [GET] [] [] [cloudflare] [vhost] [cloudflare] [Cloudflare,Cloudflare Bot Management] [d41d8cd98f00b204e9800998ecf8427e]
http://inspector.chime.com:8443 [400] [GET] [text/html] [400 The plain HTTP request was sent to HTTPS port] [cloudflare] [cloudflare] [Cloudflare] [cd58783500d7fa3c58f88eb0ba22f4f8]
http://inspector-dev1.chime.com:8080 [301] [GET] [] [] [cloudflare] [vhost] [cloudflare] [Cloudflare,Cloudflare Bot Management] [d41d8cd98f00b204e9800998ecf8427e]
http://inspector-dev1.chime.com:8443 [400] [GET] [text/html] [400 The plain HTTP request was sent to HTTPS port] [cloudflare] [cloudflare] [Cloudflare] [20ad84d030031252141ca0b3fc0183f0]
http://inspector-qa.chime.com:8080 [301] [GET] [] [] [cloudflare] [vhost] [cloudflare] [Cloudflare,Cloudflare Bot Management] [d41d8cd98f00b204e9800998ecf8427e]
http://inspector-qa.chime.com:8443 [400] [GET] [text/html] [400 The plain HTTP request was sent to HTTPS port] [cloudflare] [cloudflare] [Cloudflare] [cd58783500d7fa3c58f88eb0ba22f4f8]
http://join.chime.com:8080 [301] [GET] [] [] [cloudflare] [vhost] [cloudflare] [Cloudflare,Cloudflare Bot Management] [d41d8cd98f00b204e9800998ecf8427e]
http://join.chime.com:8443 [400] [GET] [text/html] [400 The plain HTTP request was sent to HTTPS port] [cloudflare] [cloudflare] [Cloudflare] [20ad84d030031252141ca0b3fc0183f0]
http://join-dev1.chime.com:8080 [301] [GET] [] [] [cloudflare] [vhost] [cloudflare] [Cloudflare,Cloudflare Bot Management] [d41d8cd98f00b204e9800998ecf8427e]
http://join-dev1.chime.com:8443 [400] [GET] [text/html] [400 The plain HTTP request was sent to HTTPS port] [cloudflare] [cloudflare] [Cloudflare] [20ad84d030031252141ca0b3fc0183f0]
http://join-qa.chime.com:8080 [301] [GET] [] [] [cloudflare] [vhost] [cloudflare] [Cloudflare,Cloudflare Bot Management] [d41d8cd98f00b204e9800998ecf8427e]
http://join-qa.chime.com:8443 [400] [GET] [text/html] [400 The plain HTTP request was sent to HTTPS port] [cloudflare] [cloudflare] [Cloudflare] [cd58783500d7fa3c58f88eb0ba22f4f8]
http://links.account.chime.com:2082 [301] [GET] [] [] [cloudflare] [vhost] [cloudflare] [Cloudflare,Cloudflare Bot Management] [d41d8cd98f00b204e9800998ecf8427e]
http://links.account.chime.com:2083 [400] [GET] [text/html] [400 The plain HTTP request was sent to HTTPS port] [cloudflare] [cloudflare] [Cloudflare] [cd58783500d7fa3c58f88eb0ba22f4f8]
http://links.account.chime.com:2086 [301] [GET] [] [] [cloudflare] [vhost] [cloudflare] [Cloudflare,Cloudflare Bot Management] [d41d8cd98f00b204e9800998ecf8427e]
http://links.account.chime.com:2087 [400] [GET] [text/html] [400 The plain HTTP request was sent to HTTPS port] [cloudflare] [cloudflare] [Cloudflare] [20ad84d030031252141ca0b3fc0183f0]
http://links.account.chime.com:2096 [400] [GET] [text/html] [400 The plain HTTP request was sent to HTTPS port] [cloudflare] [cloudflare] [Cloudflare] [cd58783500d7fa3c58f88eb0ba22f4f8]
http://links.account.chime.com:8080 [301] [GET] [] [] [cloudflare] [vhost] [cloudflare] [Cloudflare,Cloudflare Bot Management] [d41d8cd98f00b204e9800998ecf8427e]
http://links.account.chime.com:8443 [400] [GET] [text/html] [400 The plain HTTP request was sent to HTTPS port] [cloudflare] [cloudflare] [Cloudflare] [20ad84d030031252141ca0b3fc0183f0]
http://links.account.chime.com:8880 [301] [GET] [] [] [cloudflare] [vhost] [cloudflare] [Cloudflare,Cloudflare Bot Management] [d41d8cd98f00b204e9800998ecf8427e]
http://links.notify.chime.com:2082 [301] [GET] [] [] [cloudflare] [vhost] [cloudflare] [Cloudflare,Cloudflare Bot Management] [d41d8cd98f00b204e9800998ecf8427e]
http://links.notify.chime.com:2083 [400] [GET] [text/html] [400 The plain HTTP request was sent to HTTPS port] [cloudflare] [cloudflare] [Cloudflare] [cd58783500d7fa3c58f88eb0ba22f4f8]
http://links.notify.chime.com:2086 [301] [GET] [] [] [cloudflare] [vhost] [cloudflare] [Cloudflare,Cloudflare Bot Management] [d41d8cd98f00b204e9800998ecf8427e]
http://links.notify.chime.com:2087 [400] [GET] [text/html] [400 The plain HTTP request was sent to HTTPS port] [cloudflare] [cloudflare] [Cloudflare] [20ad84d030031252141ca0b3fc0183f0]
http://links.notify.chime.com:2096 [400] [GET] [text/html] [400 The plain HTTP request was sent to HTTPS port] [cloudflare] [cloudflare] [Cloudflare] [cd58783500d7fa3c58f88eb0ba22f4f8]
http://links.notify.chime.com:8080 [301] [GET] [] [] [cloudflare] [vhost] [cloudflare] [Cloudflare,Cloudflare Bot Management] [d41d8cd98f00b204e9800998ecf8427e]
http://links.notify.chime.com:8443 [400] [GET] [text/html] [400 The plain HTTP request was sent to HTTPS port] [cloudflare] [cloudflare] [Cloudflare] [20ad84d030031252141ca0b3fc0183f0]
http://links.notify.chime.com:8880 [301] [GET] [] [] [cloudflare] [vhost] [cloudflare] [Cloudflare,Cloudflare Bot Management] [d41d8cd98f00b204e9800998ecf8427e]
http://locations.chime.com:8080 [301] [GET] [] [] [cloudflare] [vhost] [cloudflare] [Cloudflare,Cloudflare Bot Management] [d41d8cd98f00b204e9800998ecf8427e]
http://locations.chime.com:8443 [400] [GET] [text/html] [400 The plain HTTP request was sent to HTTPS port] [cloudflare] [cloudflare] [Cloudflare] [cd58783500d7fa3c58f88eb0ba22f4f8]
http://locations-qa.chime.com:8080 [301] [GET] [] [] [cloudflare] [vhost] [cloudflare] [Cloudflare,Cloudflare Bot Management] [d41d8cd98f00b204e9800998ecf8427e]
http://locations-qa.chime.com:8443 [400] [GET] [text/html] [400 The plain HTTP request was sent to HTTPS port] [cloudflare] [cloudflare] [Cloudflare] [20ad84d030031252141ca0b3fc0183f0]
http://member.chime.com:8080 [301] [GET] [] [] [cloudflare] [vhost] [cloudflare] [Cloudflare,Cloudflare Bot Management] [d41d8cd98f00b204e9800998ecf8427e]
http://member.chime.com:8443 [400] [GET] [text/html] [400 The plain HTTP request was sent to HTTPS port] [cloudflare] [cloudflare] [Cloudflare] [cd58783500d7fa3c58f88eb0ba22f4f8]
http://member-dev1.chime.com:8080 [301] [GET] [] [] [cloudflare] [vhost] [cloudflare] [Cloudflare,Cloudflare Bot Management] [d41d8cd98f00b204e9800998ecf8427e]
http://member-dev1.chime.com:8443 [400] [GET] [text/html] [400 The plain HTTP request was sent to HTTPS port] [cloudflare] [cloudflare] [Cloudflare] [20ad84d030031252141ca0b3fc0183f0]
http://member-qa.chime.com:8080 [301] [GET] [] [] [cloudflare] [vhost] [cloudflare] [Cloudflare,Cloudflare Bot Management] [d41d8cd98f00b204e9800998ecf8427e]
http://member-qa.chime.com:8443 [400] [GET] [text/html] [400 The plain HTTP request was sent to HTTPS port] [cloudflare] [cloudflare] [Cloudflare] [20ad84d030031252141ca0b3fc0183f0]
http://monocle.chime.com:8080 [301] [GET] [] [] [cloudflare] [vhost] [cloudflare] [Cloudflare,Cloudflare Bot Management] [d41d8cd98f00b204e9800998ecf8427e]
http://monocle.chime.com:8443 [400] [GET] [text/html] [400 The plain HTTP request was sent to HTTPS port] [cloudflare] [cloudflare] [Cloudflare] [cd58783500d7fa3c58f88eb0ba22f4f8]
http://monocle-dev1.chime.com:8080 [301] [GET] [] [] [cloudflare] [vhost] [cloudflare] [Cloudflare,Cloudflare Bot Management] [d41d8cd98f00b204e9800998ecf8427e]
http://monocle-qa.chime.com:8080 [301] [GET] [] [] [cloudflare] [vhost] [cloudflare] [Cloudflare,Cloudflare Bot Management] [d41d8cd98f00b204e9800998ecf8427e]
http://monocle-qa.chime.com:8443 [400] [GET] [text/html] [400 The plain HTTP request was sent to HTTPS port] [cloudflare] [cloudflare] [Cloudflare] [20ad84d030031252141ca0b3fc0183f0]
http://nd.chime.com:8080 [301] [GET] [] [] [cloudflare] [vhost] [cloudflare] [Cloudflare,Cloudflare Bot Management] [d41d8cd98f00b204e9800998ecf8427e]
http://penny.chime.com:8080 [301] [GET] [] [] [cloudflare] [vhost] [cloudflare] [Cloudflare,Cloudflare Bot Management] [d41d8cd98f00b204e9800998ecf8427e]
http://penny.chime.com:8443 [400] [GET] [text/html] [400 The plain HTTP request was sent to HTTPS port] [cloudflare] [cloudflare] [Cloudflare] [cd58783500d7fa3c58f88eb0ba22f4f8]
http://penny-dev1.chime.com:8080 [301] [GET] [] [] [cloudflare] [vhost] [cloudflare] [Cloudflare,Cloudflare Bot Management] [d41d8cd98f00b204e9800998ecf8427e]
http://penny-dev1.chime.com:8443 [400] [GET] [text/html] [400 The plain HTTP request was sent to HTTPS port] [cloudflare] [cloudflare] [Cloudflare] [cd58783500d7fa3c58f88eb0ba22f4f8]
http://penny-qa.chime.com:8080 [301] [GET] [] [] [cloudflare] [vhost] [cloudflare] [Cloudflare,Cloudflare Bot Management] [d41d8cd98f00b204e9800998ecf8427e]
http://penny-qa.chime.com:8443 [400] [GET] [text/html] [400 The plain HTTP request was sent to HTTPS port] [cloudflare] [cloudflare] [Cloudflare] [20ad84d030031252141ca0b3fc0183f0]
http://public-assets.chime.com:8080 [301] [GET] [] [] [cloudflare] [vhost] [cloudflare] [Cloudflare,Cloudflare Bot Management] [d41d8cd98f00b204e9800998ecf8427e]
http://public-assets.chime.com:8443 [400] [GET] [text/html] [400 The plain HTTP request was sent to HTTPS port] [cloudflare] [cloudflare] [Cloudflare] [cd58783500d7fa3c58f88eb0ba22f4f8]
http://public-assets-dev1.chime.com:8080 [301] [GET] [] [] [cloudflare] [vhost] [cloudflare] [Cloudflare,Cloudflare Bot Management] [d41d8cd98f00b204e9800998ecf8427e]
http://public-assets-dev1.chime.com:8443 [400] [GET] [text/html] [400 The plain HTTP request was sent to HTTPS port] [cloudflare] [cloudflare] [Cloudflare] [cd58783500d7fa3c58f88eb0ba22f4f8]
http://public-assets-qa.chime.com:8080 [301] [GET] [] [] [cloudflare] [vhost] [cloudflare] [Cloudflare,Cloudflare Bot Management] [d41d8cd98f00b204e9800998ecf8427e]
https://16002407.account.chime.com:2087 [403] [GET] [text/html] [Chime] [cloudflare] [vhost] [cloudflare] [Cloudflare,Cloudflare Bot Management] [1276499130f458820cffde0d4d362342]
https://16002407.account.chime.com [404] [GET] [text/html] [404 Not Found] [cloudflare] [vhost] [cloudflare] [Cloudflare,Cloudflare Bot Management] [70461da8b94c6ca5d2fda3260c5a8c3b]
https://16002407.notify.chime.com [404] [GET] [text/html] [404 Not Found] [cloudflare] [vhost] [cloudflare] [Cloudflare,Cloudflare Bot Management] [70461da8b94c6ca5d2fda3260c5a8c3b]
https://16002407.notify.chime.com [404] [GET] [text/html] [404 Not Found] [cloudflare] [vhost] [cloudflare] [Cloudflare,Cloudflare Bot Management] [8e325dc2fea7c8900fc6c4b8c6c394fe]
https://accounts.chime.com [303] [GET] [] [] [cloudflare] [vhost] [cloudflare] [Cloudflare,Cloudflare Bot Management] [d41d8cd98f00b204e9800998ecf8427e]
https://argocd.chime.com [403] [GET] [text/html] [403 Forbidden] [cloudflare] [vhost] [cloudflare] [Cloudflare,Cloudflare Bot Management] [735272b9ddede509dfbb7039bfe4a1f4]
https://argocd-dev1.chime.com [400] [GET] [text/html] [400 Bad Request] [cloudflare] [vhost] [cloudflare] [Cloudflare,Cloudflare Bot Management] [0e06f2e9352385962e61dd0ad4a4f55d]
https://argocd-dev1.chime.com [400] [GET] [text/html] [400 Bad Request] [cloudflare] [vhost] [cloudflare] [Cloudflare,Cloudflare Bot Management] [7f6167350258c2ca2d02974cce5df628]
https://argocd-qa.chime.com [400] [GET] [text/html] [400 Bad Request] [cloudflare] [vhost] [cloudflare] [Cloudflare,Cloudflare Bot Management] [0e06f2e9352385962e61dd0ad4a4f55d]
https://argocd-qa.chime.com [400] [GET] [text/html] [400 Bad Request] [cloudflare] [vhost] [cloudflare] [Cloudflare,Cloudflare Bot Management] [7f6167350258c2ca2d02974cce5df628]
https://attachments.chime.com [302] [GET] [text/html] [302 Found] [cloudflare] [vhost] [cloudflare] [Cloudflare,Cloudflare Bot Management] [f366e0e18b589cb6f243bf43ce75e83c]
https://autobots.chime.com [200] [GET] [application/json] [] [cloudflare] [vhost] [cloudflare] [Cloudflare,Cloudflare Bot Management] [3fcf7f7eeb292e3aede92a3e4cf0e8f9]
https://autobots-dev1.chime.com [200] [GET] [application/json] [] [cloudflare] [vhost] [cloudflare] [Cloudflare,Cloudflare Bot Management] [3fcf7f7eeb292e3aede92a3e4cf0e8f9]
https://autobots-qa.chime.com [200] [GET] [application/json] [] [cloudflare] [vhost] [cloudflare] [Cloudflare,Cloudflare Bot Management] [3fcf7f7eeb292e3aede92a3e4cf0e8f9]
https://chime.com [301] [GET] [] [] [Varnish] [vhost] [fastly] [Fastly,Varnish] [d41d8cd98f00b204e9800998ecf8427e]
http://securelinks.chime.com:8080 [301] [GET] [] [] [cloudflare] [vhost] [cloudflare] [Cloudflare,Cloudflare Bot Management] [d41d8cd98f00b204e9800998ecf8427e]
http://securelinks.chime.com:8443 [400] [GET] [text/html] [400 The plain HTTP request was sent to HTTPS port] [cloudflare] [cloudflare] [Cloudflare] [cd58783500d7fa3c58f88eb0ba22f4f8]
https://email.ethnio.chime.com [200] [GET] [application/octet-stream] [] [nginx] [Nginx] [9f36c1c909fa94ed5e7af41387ae3dae]
https://email.gh-mail.chime.com [200] [GET] [application/octet-stream] [] [cloudflare] [vhost] [cloudflare] [Cloudflare,Cloudflare Bot Management] [9f36c1c909fa94ed5e7af41387ae3dae]
https://email.gh-mail.ext.chime.com [200] [GET] [application/octet-stream] [] [cloudflare] [vhost] [cloudflare] [Cloudflare,Cloudflare Bot Management] [9f36c1c909fa94ed5e7af41387ae3dae]
https://email.gh-mail.ext.chime.com [404] [GET] [text/plain] [] [cloudflare] [vhost] [cloudflare] [Cloudflare,Cloudflare Bot Management] [595e88012a6521aae3e12cbebe76eb9e]
https://email.mg.chime.com [200] [GET] [application/octet-stream] [] [cloudflare] [vhost] [cloudflare] [Cloudflare,Cloudflare Bot Management] [9f36c1c909fa94ed5e7af41387ae3dae]
https://email.mg.chime.com:8443 [403] [GET] [text/html] [Chime] [cloudflare] [vhost] [cloudflare] [Cloudflare,Cloudflare Bot Management] [879ea3bf7dcac1605e555acd15a8a10d]
https://email.teamable.chime.com [200] [GET] [application/octet-stream] [] [cloudflare] [vhost] [cloudflare] [Cloudflare,Cloudflare Bot Management] [9f36c1c909fa94ed5e7af41387ae3dae]
https://email.teamable.chime.com [404] [GET] [text/plain] [] [cloudflare] [vhost] [cloudflare] [Cloudflare,Cloudflare Bot Management] [595e88012a6521aae3e12cbebe76eb9e]
https://enterpriseenrollment.chime.com [302] [GET] [] [] [Microsoft-IIS/10.0] [azure] [IIS:10.0,Microsoft ASP.NET:4.0.30319,Windows Server] [d41d8cd98f00b204e9800998ecf8427e]
https://enterpriseenrollment.chime.com [302] [GET] [] [] [Microsoft-IIS/10.0] [azure] [IIS:10.0,Microsoft ASP.NET,Windows Server] [d41d8cd98f00b204e9800998ecf8427e]
https://enterpriseregistration.chime.com [404] [GET] [text/html] [Service] [] [azure] [17654c28a506596d05424ea295203bac]
https://error-pages.chime.com [403] [GET] [application/xml] [] [AmazonS3] [vhost] [cloudfront] [Amazon Cloudfront,Amazon S3,Amazon Web Services] [40e627b1916fe5b67240025467b5be96]
https://error-pages.chime.com [403] [GET] [application/xml] [] [AmazonS3] [vhost] [cloudfront] [Amazon Cloudfront,Amazon S3,Amazon Web Services] [b3e7fc90d8263d83904ec9578e25e335]
https://flashpaper.chime.com [200] [GET] [text/html] [] [cloudflare] [vhost] [cloudflare] [Cloudflare,Cloudflare Bot Management] [b4b8b4c338f9da7f237d02681a3e1e63]
https://flashpaper-dev1.chime.com [200] [GET] [text/html] [] [cloudflare] [vhost] [cloudflare] [Cloudflare,Cloudflare Bot Management] [b4b8b4c338f9da7f237d02681a3e1e63]
https://flashpaper-qa.chime.com [200] [GET] [text/html] [] [cloudflare] [vhost] [cloudflare] [Cloudflare,Cloudflare Bot Management] [b4b8b4c338f9da7f237d02681a3e1e63]
https://gem-proxy.chime.com [200] [GET] [text/html] [RubyGems.org | your community gem host] [cloudflare] [vhost] [cloudflare] [Cloudflare,Cloudflare Bot Management,Fastly,Google Font API,Ruby,Ruby on Rails,Varnish] [55f6c05ac53cff23514595d349efe20c]
https://gem-proxy.chime.com [403] [GET] [text/html] [Chime] [cloudflare] [vhost] [cloudflare] [Cloudflare,Cloudflare Bot Management] [42da5f1565adae5810c9606a07af0e39]
https://gem-proxy-dev1.chime.com [200] [GET] [text/html] [RubyGems.org | your community gem host] [cloudflare] [vhost] [cloudflare] [Cloudflare,Cloudflare Bot Management,Fastly,Google Font API,Ruby,Ruby on Rails,Varnish] [6f5d8182add689051c2c10883c4b5712]
https://gem-proxy-dev1.chime.com [200] [GET] [text/html] [RubyGems.org | your community gem host] [cloudflare] [vhost] [cloudflare] [Cloudflare,Cloudflare Bot Management,Fastly,Google Font API,Ruby,Ruby on Rails,Varnish] [fbf113f58ffd399363ed8a53481bb3f2]
https://help.chime.com [301] [GET] [text/html] [] [cloudflare] [vhost] [cloudflare] [Cloudflare,Cloudflare Network Error Logging,Zendesk] [7652fcc6454e5116ac802835a132f718]
https://help-test.chime.com [301] [GET] [text/html] [] [cloudflare] [vhost] [cloudflare] [Cloudflare,Cloudflare Network Error Logging,Zendesk] [8fb4520357624c46d459316e8ee5e88a]
https://inspector.chime.com [403] [GET] [text/html] [403 Forbidden] [cloudflare] [vhost] [cloudflare] [Cloudflare,Cloudflare Bot Management] [735272b9ddede509dfbb7039bfe4a1f4]
https://inspector-dev1.chime.com [403] [GET] [text/html] [403 Forbidden] [cloudflare] [vhost] [cloudflare] [Cloudflare,Cloudflare Bot Management] [735272b9ddede509dfbb7039bfe4a1f4]
https://inspector-dev1.chime.com [403] [GET] [text/html] [403 Forbidden] [cloudflare] [vhost] [cloudflare] [Cloudflare,Cloudflare Bot Management] [8b181bb6767bc5795dcf17341a387e5b]
https://inspector-qa.chime.com [403] [GET] [text/html] [403 Forbidden] [cloudflare] [vhost] [cloudflare] [Cloudflare,Cloudflare Bot Management] [735272b9ddede509dfbb7039bfe4a1f4]
https://join.chime.com [502] [GET] [text/html] [502 Bad Gateway] [cloudflare] [vhost] [cloudflare] [Cloudflare,Cloudflare Bot Management] [6413f9dc38ce131d60db208e7d81a40c]
https://join.chime.com [502] [GET] [text/html] [502 Bad Gateway] [cloudflare] [vhost] [cloudflare] [Cloudflare,Cloudflare Bot Management] [e9e8266719052c26fe5320e4b9ffae98]
https://join-dev1.chime.com [502] [GET] [text/html] [502 Bad Gateway] [cloudflare] [vhost] [cloudflare] [Cloudflare,Cloudflare Bot Management] [6413f9dc38ce131d60db208e7d81a40c]
https://join-dev1.chime.com [502] [GET] [text/html] [502 Bad Gateway] [cloudflare] [vhost] [cloudflare] [Cloudflare,Cloudflare Bot Management] [e9e8266719052c26fe5320e4b9ffae98]
https://join-qa.chime.com [502] [GET] [text/html] [502 Bad Gateway] [cloudflare] [vhost] [cloudflare] [Cloudflare,Cloudflare Bot Management] [6413f9dc38ce131d60db208e7d81a40c]
https://links.account.chime.com [403] [GET] [text/plain] [] [cloudflare] [vhost] [cloudflare] [Cloudflare,Cloudflare Bot Management] [4f20b85ce5ebf225720e040314a7966a]
https://links.account.chime.com [404] [GET] [text/html] [404 Not Found] [cloudflare] [vhost] [cloudflare] [Cloudflare,Cloudflare Bot Management] [70461da8b94c6ca5d2fda3260c5a8c3b]
https://links.notify.chime.com [404] [GET] [text/html] [404 Not Found] [cloudflare] [vhost] [cloudflare] [Cloudflare,Cloudflare Bot Management] [70461da8b94c6ca5d2fda3260c5a8c3b]
https://links.notify.chime.com [404] [GET] [text/html] [404 Not Found] [cloudflare] [vhost] [cloudflare] [Cloudflare,Cloudflare Bot Management] [8e325dc2fea7c8900fc6c4b8c6c394fe]
https://locations.chime.com [404] [GET] [text/html] [] [cloudflare] [vhost] [cloudflare] [Cloudflare,Cloudflare Bot Management] [d41d8cd98f00b204e9800998ecf8427e]
https://locations-qa.chime.com [404] [GET] [text/html] [] [cloudflare] [vhost] [cloudflare] [Cloudflare,Cloudflare Bot Management] [d41d8cd98f00b204e9800998ecf8427e]
https://member.chime.com [200] [GET] [text/html] [Welcome to Chime] [cloudflare] [vhost] [cloudflare] [Cloudflare,Cloudflare Bot Management] [45424d13b66662a8fbdc85d7d66978a1]
https://member-dev1.chime.com [200] [GET] [text/html] [Welcome to Chime] [cloudflare] [vhost] [cloudflare] [Cloudflare,Cloudflare Bot Management] [e5fcadbb7573b8c0feeb554b6e8d48bc]
https://member-qa.chime.com [200] [GET] [text/html] [Welcome to Chime] [cloudflare] [vhost] [cloudflare] [Cloudflare,Cloudflare Bot Management] [43a6da0deb414ea1bd138b3e86af1e4a]
https://mobile-state.chime.com [403] [GET] [application/xml] [] [AmazonS3] [vhost] [cloudfront] [Amazon Cloudfront,Amazon S3,Amazon Web Services] [679fadc340279d40477432b39d16d7b8]
https://mobile-state.chime.com [403] [GET] [application/xml] [] [AmazonS3] [vhost] [cloudfront] [Amazon Cloudfront,Amazon S3,Amazon Web Services] [998a945913a7bb5bd0fb099924649869]
https://monocle.chime.com [403] [GET] [text/html] [403 Forbidden] [cloudflare] [vhost] [cloudflare] [Cloudflare,Cloudflare Bot Management] [735272b9ddede509dfbb7039bfe4a1f4]
https://monocle.chime.com [403] [GET] [text/html] [403 Forbidden] [cloudflare] [vhost] [cloudflare] [Cloudflare,Cloudflare Bot Management] [8b181bb6767bc5795dcf17341a387e5b]
https://monocle-dev1.chime.com [403] [GET] [text/html] [403 Forbidden] [cloudflare] [vhost] [cloudflare] [Cloudflare,Cloudflare Bot Management] [735272b9ddede509dfbb7039bfe4a1f4]
https://monocle-dev1.chime.com:8443 [403] [GET] [text/html] [Chime] [cloudflare] [vhost] [cloudflare] [Cloudflare,Cloudflare Bot Management] [6e81d30640e0d2d32a0ecf6bdd458e68]
https://monocle-qa.chime.com [403] [GET] [text/html] [403 Forbidden] [cloudflare] [vhost] [cloudflare] [Cloudflare,Cloudflare Bot Management] [735272b9ddede509dfbb7039bfe4a1f4]
https://monocle-qa.chime.com [403] [GET] [text/html] [403 Forbidden] [cloudflare] [vhost] [cloudflare] [Cloudflare,Cloudflare Bot Management] [8b181bb6767bc5795dcf17341a387e5b]
https://nd.chime.com [200] [GET] [text/html] [Page Non-existent] [cloudflare] [vhost] [cloudflare] [Cloudflare,Cloudflare Bot Management] [3766524615b52f14a3d96f1a2764b2fc]
https://nd.chime.com:8443 [403] [GET] [text/html] [Chime] [cloudflare] [vhost] [cloudflare] [Cloudflare,Cloudflare Bot Management] [188be7ff8b2d6f4ebfe07dc3912db562]
https://penny.chime.com [403] [GET] [text/html] [403 Forbidden] [cloudflare] [vhost] [cloudflare] [Cloudflare,Cloudflare Bot Management] [735272b9ddede509dfbb7039bfe4a1f4]
https://penny.chime.com [403] [GET] [text/html] [403 Forbidden] [cloudflare] [vhost] [cloudflare] [Cloudflare,Cloudflare Bot Management] [8b181bb6767bc5795dcf17341a387e5b]
https://penny-dev1.chime.com [403] [GET] [text/html] [403 Forbidden] [cloudflare] [vhost] [cloudflare] [Cloudflare,Cloudflare Bot Management] [735272b9ddede509dfbb7039bfe4a1f4]
https://penny-dev1.chime.com [403] [GET] [text/html] [403 Forbidden] [cloudflare] [vhost] [cloudflare] [Cloudflare,Cloudflare Bot Management] [8b181bb6767bc5795dcf17341a387e5b]
https://penny-qa.chime.com [403] [GET] [text/html] [403 Forbidden] [cloudflare] [vhost] [cloudflare] [Cloudflare,Cloudflare Bot Management] [735272b9ddede509dfbb7039bfe4a1f4]
https://penny-qa.chime.com [403] [GET] [text/html] [403 Forbidden] [cloudflare] [vhost] [cloudflare] [Cloudflare,Cloudflare Bot Management] [8b181bb6767bc5795dcf17341a387e5b]
https://public-assets.chime.com [403] [GET] [text/html] [403 Forbidden] [cloudflare] [vhost] [cloudflare] [Cloudflare,Cloudflare Bot Management] [735272b9ddede509dfbb7039bfe4a1f4]
https://public-assets.chime.com [403] [GET] [text/html] [403 Forbidden] [cloudflare] [vhost] [cloudflare] [Cloudflare,Cloudflare Bot Management] [8b181bb6767bc5795dcf17341a387e5b]
https://public-assets-dev1.chime.com [403] [GET] [text/html] [403 Forbidden] [cloudflare] [vhost] [cloudflare] [Cloudflare,Cloudflare Bot Management] [735272b9ddede509dfbb7039bfe4a1f4]
https://public-assets-qa.chime.com [403] [GET] [text/html] [403 Forbidden] [cloudflare] [vhost] [cloudflare] [Cloudflare,Cloudflare Bot Management] [735272b9ddede509dfbb7039bfe4a1f4]
https://public-assets-qa.chime.com:8443 [403] [GET] [text/html] [Chime] [cloudflare] [vhost] [cloudflare] [Cloudflare,Cloudflare Bot Management] [413124e35d1f67b82be5cc3151829c10]
https://securelinks.chime.com [303] [GET] [] [] [cloudflare] [vhost] [cloudflare] [Cloudflare,Cloudflare Bot Management] [d41d8cd98f00b204e9800998ecf8427e]
https://static-attachments.chime.com [302] [GET] [text/html] [302 Found] [cloudflare] [vhost] [cloudflare] [Cloudflare,Cloudflare Bot Management] [f366e0e18b589cb6f243bf43ce75e83c]
https://static-attachments.chime.com [403] [GET] [text/html] [Chime] [cloudflare] [vhost] [cloudflare] [Cloudflare,Cloudflare Bot Management] [22bcafebcec6c4f86b2e8adb3048a064]
https://status.chime.com [302] [GET] [] [] [cloudflare] [vhost] [cloudflare] [Cloudflare,Cloudflare Bot Management] [d41d8cd98f00b204e9800998ecf8427e]
https://status.chime.com [403] [GET] [text/html] [Chime] [cloudflare] [vhost] [cloudflare] [Cloudflare,Cloudflare Bot Management] [76733510ba9d237d5564bb21fedfa1a0]
https://status.chime.com:8443 [302] [GET] [] [] [cloudflare] [vhost] [cloudflare] [Cloudflare,Cloudflare Bot Management] [d41d8cd98f00b204e9800998ecf8427e]
http://status.chime.com:8080 [302] [GET] [] [] [cloudflare] [vhost] [cloudflare] [Cloudflare,Cloudflare Bot Management] [d41d8cd98f00b204e9800998ecf8427e]
https://transaction.chime.com [404] [GET] [text/html] [Error 404] [cloudflare] [vhost] [cloudflare] [Cloudflare,Cloudflare Bot Management] [46c8edc89edf4b801af129a76e5daaeb]
https://updates.chime.com [303] [GET] [] [] [cloudflare] [vhost] [cloudflare] [Cloudflare,Cloudflare Bot Management] [d41d8cd98f00b204e9800998ecf8427e]
https://wp-dev1.chime.com [200] [GET] [text/html] [Home - Banking Made Awesome] [nginx] [vhost] [fastly] [Fastly,Google Cloud,Google Cloud Trace,MariaDB,MySQL,Nginx,PHP,Pantheon,Varnish,WordPress] [ba70e40b19b2db7371a52a765392d32a]
https://wp-dev2.chime.com [200] [GET] [text/html] [Home - Banking Made Awesome] [nginx] [vhost] [fastly] [Fastly,Google Cloud,Google Cloud Trace,MariaDB,MySQL,Nginx,PHP,Pantheon,Varnish,WordPress] [2878f6af592a50a7d30bf2ba6e0a703f]
https://wp-dev3.chime.com [200] [GET] [text/html] [Home - Banking Made Awesome] [nginx] [vhost] [fastly] [Fastly,Google Cloud,Google Cloud Trace,MariaDB,MySQL,Nginx,PHP,Pantheon,Varnish,WordPress] [766a81e693ef5db61d43b4dbb39b60c9]
https://wp-dev4.chime.com [200] [GET] [text/html] [Home - Banking Made Awesome] [nginx] [vhost] [fastly] [Fastly,Google Cloud,Google Cloud Trace,MariaDB,MySQL,Nginx,PHP,Pantheon,Varnish,WordPress] [f4bb6db8c71a1faafeaa25379e75fe08]
https://wp-dev5.chime.com [200] [GET] [text/html] [Home - Banking Made Awesome] [nginx] [vhost] [fastly] [Fastly,Google Cloud,Google Cloud Trace,MariaDB,MySQL,Nginx,PHP,Pantheon,Varnish,WordPress] [664914eab28ee4241c609769419ab16d]
https://wp-integ.chime.com [200] [GET] [text/html] [Chime - Banking with No Monthly Fees. Fee-Free Overdraft. Build Credit.] [nginx] [vhost] [fastly] [Fastly,Google Cloud,Google Cloud Trace,MariaDB,MySQL,Nginx,PHP,Pantheon,Varnish,WordPress] [ff87833f0a930f03cf8e60a99778e226]
https://wp-qa.chime.com [200] [GET] [text/html] [Chime - Banking with No Monthly Fees. Fee-Free Overdraft. Build Credit.] [nginx] [vhost] [fastly] [Fastly,Google Cloud,Google Cloud Trace,MariaDB,MySQL,Nginx,PHP,Pantheon,Varnish,WordPress] [03e8b04f5f5280aac5ae67ca00874aab]
https://www.chime.com [200] [GET] [text/html] [Chime - Banking with No Monthly Fees. Fee-Free Overdraft. Build Credit.] [nginx] [vhost] [fastly] [Fastly,Google Cloud,Google Cloud Trace,MariaDB,MySQL,Nginx,PHP,Pantheon,Varnish,WordPress] [4a9d5e014a572caff5a8d06682e48d3b]
https://www.chime.com [200] [GET] [text/html] [Chime - Banking with No Monthly Fees. Fee-Free Overdraft. Build Credit.] [nginx] [vhost] [fastly] [Fastly,Google Cloud,Google Cloud Trace,MariaDB,MySQL,Nginx,PHP,Pantheon,Varnish,WordPress] [97250378e1bdf5c6f2925116170bfb4c]
http://transaction.chime.com:8080 [403] [GET] [text/html] [Chime] [cloudflare] [cloudflare] [Cloudflare,Cloudflare Bot Management] [367ad2b51fca37427413ec80ebc54f77]
http://transaction.chime.com:8443 [400] [GET] [text/html] [400 The plain HTTP request was sent to HTTPS port] [cloudflare] [cloudflare] [Cloudflare] [20ad84d030031252141ca0b3fc0183f0]
http://updates.chime.com:8080 [301] [GET] [] [] [cloudflare] [vhost] [cloudflare] [Cloudflare,Cloudflare Bot Management] [d41d8cd98f00b204e9800998ecf8427e]
http://updates.chime.com:8443 [400] [GET] [text/html] [400 The plain HTTP request was sent to HTTPS port] [cloudflare] [cloudflare] [Cloudflare] [20ad84d030031252141ca0b3fc0183f0]
