https://apps.citymeal.com [403] [GET] [text/plain] [] [cloudflare] [vhost] [cloudflare] [Cloudflare,Cloudflare Bot Management] [722969577a96ca3953e84e3d949dee81]
https://at-cdn.citymeal.com [200] [GET] [text/html] [Takeaway.com] [cloudflare] [vhost] [cloudflare] [Cloudflare,Cloudflare Bot Management] [a30abcc278215c9a5cdef7ee386f1246]
https://at.citymeal.com [200] [GET] [text/html] [Takeaway.com] [cloudflare] [vhost] [cloudflare] [Cloudflare,Cloudflare Bot Management] [a30abcc278215c9a5cdef7ee386f1246]
https://at.citymeal.com [403] [GET] [text/html] [Attention Required! | Cloudflare] [cloudflare] [vhost] [cloudflare] [Cloudflare,Cloudflare Bot Management] [910ae5eff80448b49f1a50fe4dea96c2]
https://be-cdn.citymeal.com [200] [GET] [text/html] [Takeaway.com] [cloudflare] [vhost] [cloudflare] [Cloudflare,Cloudflare Bot Management] [a30abcc278215c9a5cdef7ee386f1246]
https://be.citymeal.com [200] [GET] [text/html] [Takeaway.com] [cloudflare] [vhost] [cloudflare] [Cloudflare,Cloudflare Bot Management] [a30abcc278215c9a5cdef7ee386f1246]
https://beta.citymeal.com [200] [GET] [text/html] [Takeaway.com] [cloudflare] [vhost] [cloudflare] [Cloudflare,Cloudflare Bot Management] [a30abcc278215c9a5cdef7ee386f1246]
https://bg-cdn.citymeal.com [200] [GET] [text/html] [Takeaway.com] [cloudflare] [vhost] [cloudflare] [Cloudflare,Cloudflare Bot Management] [a30abcc278215c9a5cdef7ee386f1246]
https://bg-cdn.citymeal.com [403] [GET] [text/html] [Attention Required! | Cloudflare] [cloudflare] [vhost] [cloudflare] [Cloudflare,Cloudflare Bot Management] [32945f0c9f47ba42c42206bd3ed1fd96]
https://bg.citymeal.com [200] [GET] [text/html] [Takeaway.com] [cloudflare] [vhost] [cloudflare] [Cloudflare,Cloudflare Bot Management] [a30abcc278215c9a5cdef7ee386f1246]
https://blogbeta.citymeal.com [200] [GET] [text/html] [Takeaway.com] [cloudflare] [vhost] [cloudflare] [Cloudflare,Cloudflare Bot Management] [a30abcc278215c9a5cdef7ee386f1246]
https://ch-cdn.citymeal.com [200] [GET] [text/html] [Takeaway.com] [cloudflare] [vhost] [cloudflare] [Cloudflare,Cloudflare Bot Management] [a30abcc278215c9a5cdef7ee386f1246]
https://ch.citymeal.com [200] [GET] [text/html] [Takeaway.com] [cloudflare] [vhost] [cloudflare] [Cloudflare,Cloudflare Bot Management] [a30abcc278215c9a5cdef7ee386f1246]
https://debug.citymeal.com [200] [GET] [text/html] [Takeaway.com] [cloudflare] [vhost] [cloudflare] [Cloudflare,Cloudflare Bot Management] [a30abcc278215c9a5cdef7ee386f1246]
https://de-cdn.citymeal.com [200] [GET] [text/html] [Takeaway.com] [cloudflare] [vhost] [cloudflare] [Cloudflare,Cloudflare Bot Management] [a30abcc278215c9a5cdef7ee386f1246]
https://de.citymeal.com [200] [GET] [text/html] [Takeaway.com] [cloudflare] [vhost] [cloudflare] [Cloudflare,Cloudflare Bot Management] [a30abcc278215c9a5cdef7ee386f1246]
https://denmark.citymeal.com [200] [GET] [text/html] [Takeaway.com] [cloudflare] [vhost] [cloudflare] [Cloudflare,Cloudflare Bot Management] [a30abcc278215c9a5cdef7ee386f1246]
https://dk-cdn.citymeal.com [200] [GET] [text/html] [Takeaway.com] [cloudflare] [vhost] [cloudflare] [Cloudflare,Cloudflare Bot Management] [a30abcc278215c9a5cdef7ee386f1246]
https://dk.citymeal.com [200] [GET] [text/html] [Takeaway.com] [cloudflare] [vhost] [cloudflare] [Cloudflare,Cloudflare Bot Management] [a30abcc278215c9a5cdef7ee386f1246]
https://fallbackapps.citymeal.com [530] [GET] [text/html] [Origin DNS error | fallbackapps.citymeal.com | Cloudflare] [cloudflare] [vhost] [cloudflare] [Cloudflare] [21a293417177820428d2196b79e8e4f2]
https://fallbackapps.citymeal.com [530] [GET] [text/html] [Origin DNS error | fallbackapps.citymeal.com | Cloudflare] [cloudflare] [vhost] [cloudflare] [Cloudflare] [fe9e82a65a7b53c9aa7b1a639c502bad]
https://fastly.citymeal.com [403] [GET] [text/html] [403 happy now?] [Varnish] [vhost] [fastly] [0c8811ef3508b5a8b7ac5617c6b6fef0]
https://fastly.citymeal.com [403] [GET] [text/html] [403 happy now?] [Varnish] [vhost] [fastly] [fae601f25cc58857ee787b5b43eae4de]
https://fr-cdn.citymeal.com [200] [GET] [text/html] [Takeaway.com] [cloudflare] [vhost] [cloudflare] [Cloudflare,Cloudflare Bot Management] [a30abcc278215c9a5cdef7ee386f1246]
https://fr.citymeal.com [200] [GET] [text/html] [Takeaway.com] [cloudflare] [vhost] [cloudflare] [Cloudflare,Cloudflare Bot Management] [a30abcc278215c9a5cdef7ee386f1246]
https://gb.citymeal.com [200] [GET] [text/html] [Takeaway.com] [cloudflare] [vhost] [cloudflare] [Cloudflare,Cloudflare Bot Management] [a30abcc278215c9a5cdef7ee386f1246]
https://lu-cdn.citymeal.com [200] [GET] [text/html] [Takeaway.com] [cloudflare] [vhost] [cloudflare] [Cloudflare,Cloudflare Bot Management] [a30abcc278215c9a5cdef7ee386f1246]
https://lu.citymeal.com [200] [GET] [text/html] [Takeaway.com] [cloudflare] [vhost] [cloudflare] [Cloudflare,Cloudflare Bot Management] [a30abcc278215c9a5cdef7ee386f1246]
https://merchandiseapi.citymeal.com [403] [GET] [text/plain] [] [cloudflare] [vhost] [cloudflare] [Cloudflare,Cloudflare Bot Management] [7b5ea53ba332630e5aca8e4abb807f70]
https://nl-cdn.citymeal.com [200] [GET] [text/html] [Takeaway.com] [cloudflare] [vhost] [cloudflare] [Cloudflare,Cloudflare Bot Management] [a30abcc278215c9a5cdef7ee386f1246]
https://nl.citymeal.com [200] [GET] [text/html] [Takeaway.com] [cloudflare] [vhost] [cloudflare] [Cloudflare,Cloudflare Bot Management] [a30abcc278215c9a5cdef7ee386f1246]
https://no-cdn.citymeal.com [200] [GET] [text/html] [Takeaway.com] [cloudflare] [vhost] [cloudflare] [Cloudflare,Cloudflare Bot Management] [a30abcc278215c9a5cdef7ee386f1246]
https://no.citymeal.com [200] [GET] [text/html] [Takeaway.com] [cloudflare] [vhost] [cloudflare] [Cloudflare,Cloudflare Bot Management] [a30abcc278215c9a5cdef7ee386f1246]
https://paypalec.citymeal.com [200] [GET] [text/html] [Takeaway.com] [cloudflare] [vhost] [cloudflare] [Cloudflare,Cloudflare Bot Management] [a30abcc278215c9a5cdef7ee386f1246]
https://pl-cdn.citymeal.com [200] [GET] [text/html] [Takeaway.com] [cloudflare] [vhost] [cloudflare] [Cloudflare,Cloudflare Bot Management] [a30abcc278215c9a5cdef7ee386f1246]
https://pl.citymeal.com [200] [GET] [text/html] [Takeaway.com] [cloudflare] [vhost] [cloudflare] [Cloudflare,Cloudflare Bot Management] [a30abcc278215c9a5cdef7ee386f1246]
https://pt-cdn.citymeal.com [200] [GET] [text/html] [Takeaway.com] [cloudflare] [vhost] [cloudflare] [Cloudflare,Cloudflare Bot Management] [a30abcc278215c9a5cdef7ee386f1246]
https://pt.citymeal.com [200] [GET] [text/html] [Takeaway.com] [cloudflare] [vhost] [cloudflare] [Cloudflare,Cloudflare Bot Management] [a30abcc278215c9a5cdef7ee386f1246]
https://ro-cdn.citymeal.com [200] [GET] [text/html] [Takeaway.com] [cloudflare] [vhost] [cloudflare] [Cloudflare,Cloudflare Bot Management] [a30abcc278215c9a5cdef7ee386f1246]
https://ro.citymeal.com [200] [GET] [text/html] [Takeaway.com] [cloudflare] [vhost] [cloudflare] [Cloudflare,Cloudflare Bot Management] [a30abcc278215c9a5cdef7ee386f1246]
https://static.citymeal.com [525] [GET] [] [] [cloudflare] [vhost] [cloudflare] [Cloudflare,Cloudflare Bot Management] [d41d8cd98f00b204e9800998ecf8427e]
https://vn-cdn.citymeal.com [200] [GET] [text/html] [Takeaway.com] [cloudflare] [vhost] [cloudflare] [Cloudflare,Cloudflare Bot Management] [a30abcc278215c9a5cdef7ee386f1246]
https://vn.citymeal.com [200] [GET] [text/html] [Takeaway.com] [cloudflare] [vhost] [cloudflare] [Cloudflare,Cloudflare Bot Management] [a30abcc278215c9a5cdef7ee386f1246]
https://www.citymeal.com [200] [GET] [text/html] [Takeaway.com] [cloudflare] [vhost] [cloudflare] [Cloudflare,Cloudflare Bot Management] [a30abcc278215c9a5cdef7ee386f1246]
