http://api.civfund.org:2083 [400] [GET] [text/html] [400 The plain HTTP request was sent to HTTPS port] [cloudflare] [cloudflare] [Cloudflare] [20ad84d030031252141ca0b3fc0183f0]
http://api.civfund.org:2087 [400] [GET] [text/html] [400 The plain HTTP request was sent to HTTPS port] [cloudflare] [cloudflare] [Cloudflare] [20ad84d030031252141ca0b3fc0183f0]
http://api.civfund.org:8443 [400] [GET] [text/html] [400 The plain HTTP request was sent to HTTPS port] [cloudflare] [cloudflare] [Cloudflare] [20ad84d030031252141ca0b3fc0183f0]
http://app.civfund.org:2087 [400] [GET] [text/html] [400 The plain HTTP request was sent to HTTPS port] [cloudflare] [cloudflare] [Cloudflare] [cd58783500d7fa3c58f88eb0ba22f4f8]
http://civfund.org:2082 [301] [GET] [] [] [cloudflare] [vhost] [cloudflare] [Cloudflare,Cloudflare Network Error Logging] [d41d8cd98f00b204e9800998ecf8427e]
http://civfund.org:2086 [301] [GET] [] [] [cloudflare] [vhost] [cloudflare] [Cloudflare,Cloudflare Network Error Logging] [d41d8cd98f00b204e9800998ecf8427e]
http://civfund.org:2087 [400] [GET] [text/html] [400 The plain HTTP request was sent to HTTPS port] [cloudflare] [cloudflare] [Cloudflare] [cd58783500d7fa3c58f88eb0ba22f4f8]
http://civfund.org:8080 [301] [GET] [] [] [cloudflare] [vhost] [cloudflare] [Cloudflare,Cloudflare Network Error Logging] [d41d8cd98f00b204e9800998ecf8427e]
http://civfund.org:8443 [400] [GET] [text/html] [400 The plain HTTP request was sent to HTTPS port] [cloudflare] [cloudflare] [Cloudflare] [cd58783500d7fa3c58f88eb0ba22f4f8]
http://civfund.org:8880 [301] [GET] [] [] [cloudflare] [vhost] [cloudflare] [Cloudflare,Cloudflare Network Error Logging] [d41d8cd98f00b204e9800998ecf8427e]
http://dao.civfund.org:2082 [301] [GET] [] [] [cloudflare] [vhost] [cloudflare] [Cloudflare,Cloudflare Network Error Logging] [d41d8cd98f00b204e9800998ecf8427e]
http://dao.civfund.org:2083 [400] [GET] [text/html] [400 The plain HTTP request was sent to HTTPS port] [cloudflare] [cloudflare] [Cloudflare] [cd58783500d7fa3c58f88eb0ba22f4f8]
http://dao.civfund.org:2086 [301] [GET] [] [] [cloudflare] [vhost] [cloudflare] [Cloudflare,Cloudflare Network Error Logging] [d41d8cd98f00b204e9800998ecf8427e]
http://dao.civfund.org:2095 [301] [GET] [] [] [cloudflare] [vhost] [cloudflare] [Cloudflare,Cloudflare Network Error Logging] [d41d8cd98f00b204e9800998ecf8427e]
http://dao.civfund.org:8080 [301] [GET] [] [] [cloudflare] [vhost] [cloudflare] [Cloudflare,Cloudflare Network Error Logging] [d41d8cd98f00b204e9800998ecf8427e]
http://dao.civfund.org:8443 [400] [GET] [text/html] [400 The plain HTTP request was sent to HTTPS port] [cloudflare] [cloudflare] [Cloudflare] [cd58783500d7fa3c58f88eb0ba22f4f8]
http://dao.civfund.org:8880 [301] [GET] [] [] [cloudflare] [vhost] [cloudflare] [Cloudflare,Cloudflare Network Error Logging] [d41d8cd98f00b204e9800998ecf8427e]
http://dev-api.civfund.org:2083 [400] [GET] [text/html] [400 The plain HTTP request was sent to HTTPS port] [cloudflare] [cloudflare] [Cloudflare] [20ad84d030031252141ca0b3fc0183f0]
http://dev-api.civfund.org:2087 [400] [GET] [text/html] [400 The plain HTTP request was sent to HTTPS port] [cloudflare] [cloudflare] [Cloudflare] [cd58783500d7fa3c58f88eb0ba22f4f8]
http://dev-api.civfund.org:8443 [400] [GET] [text/html] [400 The plain HTTP request was sent to HTTPS port] [cloudflare] [cloudflare] [Cloudflare] [cd58783500d7fa3c58f88eb0ba22f4f8]
http://dev-app.civfund.org:2083 [400] [GET] [text/html] [400 The plain HTTP request was sent to HTTPS port] [cloudflare] [cloudflare] [Cloudflare] [20ad84d030031252141ca0b3fc0183f0]
http://dev-app.civfund.org:2087 [400] [GET] [text/html] [400 The plain HTTP request was sent to HTTPS port] [cloudflare] [cloudflare] [Cloudflare] [20ad84d030031252141ca0b3fc0183f0]
http://dev-app.civfund.org:8443 [400] [GET] [text/html] [400 The plain HTTP request was sent to HTTPS port] [cloudflare] [cloudflare] [Cloudflare] [20ad84d030031252141ca0b3fc0183f0]
http://docs.civfund.org:2082 [302] [GET] [] [] [cloudflare] [vhost] [cloudflare] [Cloudflare] [d41d8cd98f00b204e9800998ecf8427e]
http://docs.civfund.org:2086 [302] [GET] [] [] [cloudflare] [vhost] [cloudflare] [Cloudflare] [d41d8cd98f00b204e9800998ecf8427e]
http://docs.civfund.org:8080 [302] [GET] [] [] [cloudflare] [vhost] [cloudflare] [Cloudflare] [d41d8cd98f00b204e9800998ecf8427e]
http://docs.civfund.org:8880 [302] [GET] [] [] [cloudflare] [vhost] [cloudflare] [Cloudflare] [d41d8cd98f00b204e9800998ecf8427e]
http://link.civfund.org:2083 [400] [GET] [text/html] [400 The plain HTTP request was sent to HTTPS port] [cloudflare] [cloudflare] [Cloudflare] [cd58783500d7fa3c58f88eb0ba22f4f8]
http://link.civfund.org:2087 [400] [GET] [text/html] [400 The plain HTTP request was sent to HTTPS port] [cloudflare] [cloudflare] [Cloudflare] [cd58783500d7fa3c58f88eb0ba22f4f8]
http://link.civfund.org:8443 [400] [GET] [text/html] [400 The plain HTTP request was sent to HTTPS port] [cloudflare] [cloudflare] [Cloudflare] [20ad84d030031252141ca0b3fc0183f0]
http://news.civfund.org:2082 [301] [GET] [] [] [cloudflare] [vhost] [cloudflare] [Cloudflare] [d41d8cd98f00b204e9800998ecf8427e]
http://news.civfund.org:2083 [400] [GET] [text/html] [400 The plain HTTP request was sent to HTTPS port] [cloudflare] [cloudflare] [Cloudflare] [cd58783500d7fa3c58f88eb0ba22f4f8]
http://news.civfund.org:2086 [301] [GET] [] [] [cloudflare] [vhost] [cloudflare] [Cloudflare] [d41d8cd98f00b204e9800998ecf8427e]
http://news.civfund.org:2087 [400] [GET] [text/html] [400 The plain HTTP request was sent to HTTPS port] [cloudflare] [cloudflare] [Cloudflare] [20ad84d030031252141ca0b3fc0183f0]
http://news.civfund.org:2095 [301] [GET] [] [] [cloudflare] [vhost] [cloudflare] [Cloudflare] [d41d8cd98f00b204e9800998ecf8427e]
http://news.civfund.org:8080 [301] [GET] [] [] [cloudflare] [vhost] [cloudflare] [Cloudflare] [d41d8cd98f00b204e9800998ecf8427e]
http://news.civfund.org:8443 [400] [GET] [text/html] [400 The plain HTTP request was sent to HTTPS port] [cloudflare] [cloudflare] [Cloudflare] [cd58783500d7fa3c58f88eb0ba22f4f8]
http://news.civfund.org:8880 [301] [GET] [] [] [cloudflare] [vhost] [cloudflare] [Cloudflare] [d41d8cd98f00b204e9800998ecf8427e]
http://newsletter.civfund.org:2083 [400] [GET] [text/html] [400 The plain HTTP request was sent to HTTPS port] [cloudflare] [cloudflare] [Cloudflare] [20ad84d030031252141ca0b3fc0183f0]
http://newsletter.civfund.org:2087 [400] [GET] [text/html] [400 The plain HTTP request was sent to HTTPS port] [cloudflare] [cloudflare] [Cloudflare] [cd58783500d7fa3c58f88eb0ba22f4f8]
http://newsletter.civfund.org:8080 [521] [GET] [] [] [cloudflare] [vhost] [cloudflare] [Cloudflare,Cloudflare Network Error Logging] [d41d8cd98f00b204e9800998ecf8427e]
http://newsletter.civfund.org:8443 [400] [GET] [text/html] [400 The plain HTTP request was sent to HTTPS port] [cloudflare] [cloudflare] [Cloudflare] [20ad84d030031252141ca0b3fc0183f0]
http://nftgame.civfund.org:2082 [301] [GET] [] [] [cloudflare] [vhost] [cloudflare] [Cloudflare,Cloudflare Network Error Logging] [d41d8cd98f00b204e9800998ecf8427e]
http://nftgame.civfund.org:2086 [301] [GET] [] [] [cloudflare] [vhost] [cloudflare] [Cloudflare,Cloudflare Network Error Logging] [d41d8cd98f00b204e9800998ecf8427e]
http://nftgame.civfund.org:2087 [400] [GET] [text/html] [400 The plain HTTP request was sent to HTTPS port] [cloudflare] [cloudflare] [Cloudflare] [20ad84d030031252141ca0b3fc0183f0]
http://nftgame.civfund.org:8080 [301] [GET] [] [] [cloudflare] [vhost] [cloudflare] [Cloudflare,Cloudflare Network Error Logging] [d41d8cd98f00b204e9800998ecf8427e]
http://nftgame.civfund.org:8443 [400] [GET] [text/html] [400 The plain HTTP request was sent to HTTPS port] [cloudflare] [cloudflare] [Cloudflare] [20ad84d030031252141ca0b3fc0183f0]
http://nftgame.civfund.org:8880 [301] [GET] [] [] [cloudflare] [vhost] [cloudflare] [Cloudflare,Cloudflare Network Error Logging] [d41d8cd98f00b204e9800998ecf8427e]
https://api.civfund.org [404] [GET] [text/html] [Error] [cloudflare] [vhost] [cloudflare] [Cloudflare,Cloudflare Network Error Logging,Express,Node.js] [ae0a36e21e32f54c1ebdaedf20aaef63]
https://api.civfund.org [404] [GET] [text/html] [Error] [cloudflare] [vhost] [cloudflare] [Cloudflare,Cloudflare Network Error Logging,Express,Node.js] [d77ee56677677174f1db75ab5e8c2d15]
https://app.civfund.org [200] [GET] [text/html] [Civilization Interface] [cloudflare] [vhost] [cloudflare] [Cloudflare,Cloudflare Network Error Logging,Google Font API] [d58f5baeb9e0ed095d5bd812caf31401]
https://app.civfund.org [403] [GET] [text/html] [Attention Required! | Cloudflare] [cloudflare] [vhost] [cloudflare] [Cloudflare,Cloudflare Network Error Logging] [d79f01e7ee8f05064dac05b58c8e27ed]
https://civfund.org [200] [GET] [text/html] [Civilization - civfund.org] [cloudflare] [vhost] [cloudflare] [Cloudflare,Cloudflare Network Error Logging,Elementor,Google Font API,Google Tag Manager,MySQL,PHP,WordPress:6.0.1] [58165711e0a35e225c0d1b005f93f162]
https://civfund.org [200] [GET] [text/html] [Civilization - civfund.org] [cloudflare] [vhost] [cloudflare] [Cloudflare,Cloudflare Network Error Logging,Elementor,Google Font API,Google Tag Manager,MySQL,PHP,WordPress:6.0.1] [94c117c428ca52dd1ce4897937d89559]
https://civfund.org:2083 [403] [GET] [text/html] [Attention Required! | Cloudflare] [cloudflare] [cloudflare] [Cloudflare,Cloudflare Network Error Logging] [558f666fc6c04428dffce2e72307d3a1]
https://dao.civfund.org [200] [GET] [text/html] [] [cloudflare] [vhost] [cloudflare] [Cloudflare,Cloudflare Network Error Logging] [39b6d51470cdf59c5a4f7e67b9b507b5]
https://dao.civfund.org [200] [GET] [text/html] [] [cloudflare] [vhost] [cloudflare] [Cloudflare,Cloudflare Network Error Logging] [e230c7f2e2c43976be4701e1401981ac]
https://dao.civfund.org:2087 [403] [GET] [text/plain] [] [cloudflare] [vhost] [cloudflare] [Cloudflare,Cloudflare Network Error Logging] [4f20b85ce5ebf225720e040314a7966a]
https://dev-api.civfund.org [404] [GET] [text/html] [Error] [cloudflare] [vhost] [cloudflare] [Cloudflare,Cloudflare Network Error Logging,Express,Node.js] [0dbe222552c73c903ec9d96075b868fd]
https://dev-api.civfund.org [404] [GET] [text/html] [Error] [cloudflare] [vhost] [cloudflare] [Cloudflare,Cloudflare Network Error Logging,Express,Node.js] [f5d3371f29b04ee44dfe49f4238bb2f4]
https://dev-app.civfund.org [200] [GET] [text/html] [Civilization Interface] [cloudflare] [vhost] [cloudflare] [Cloudflare,Cloudflare Network Error Logging,Google Font API] [5f615efe6a5896a31452d27637baec1a]
https://dev-app.civfund.org [200] [GET] [text/html] [Civilization Interface] [cloudflare] [vhost] [cloudflare] [Cloudflare,Cloudflare Network Error Logging,Google Font API] [e1997af10134ab2815f47e1d5c1ea188]
https://dev.civfund.org [200] [GET] [text/html] [Civilization - civfund.org] [Apache] [vhost] [Apache,Elementor,Google Font API,MySQL,PHP,WordPress:6.0.1,Yoast SEO:17.7.1] [385fdd4cea2d3a9f8de69f494df6a15e]
https://docs.civfund.org:2083 [302] [GET] [text/plain] [] [cloudflare] [vhost] [cloudflare] [Algolia,Cloudflare,Google Cloud,Google Cloud Trace] [5e1c956210630169e56e55f0d043d3d3]
https://docs.civfund.org:2087 [302] [GET] [text/plain] [] [cloudflare] [vhost] [cloudflare] [Algolia,Cloudflare,Google Cloud,Google Cloud Trace] [5e1c956210630169e56e55f0d043d3d3]
https://docs.civfund.org [302] [GET] [text/plain] [] [cloudflare] [vhost] [cloudflare] [Algolia,Cloudflare,Google Cloud,Google Cloud Trace] [5e1c956210630169e56e55f0d043d3d3]
https://docs.civfund.org:8443 [302] [GET] [text/plain] [] [cloudflare] [vhost] [cloudflare] [Algolia,Cloudflare,Google Cloud,Google Cloud Trace] [5e1c956210630169e56e55f0d043d3d3]
https://link.civfund.org [302] [GET] [] [] [cloudflare] [vhost] [cloudflare] [Cloudflare,Cloudflare Network Error Logging] [d41d8cd98f00b204e9800998ecf8427e]
https://mta-sts.app.civfund.org [403] [GET] [text/html] [403 Forbidden] [Apache] [vhost] [Apache] [9091a3808645bfa68aa9beb26c5b6b46]
https://mta-sts.newsletter.civfund.org [403] [GET] [text/html] [403 Forbidden] [Apache] [vhost] [Apache] [148ebe2563e587b3031a2cdec2e74152]
https://news.civfund.org [307] [GET] [text/html] [] [cloudflare] [vhost] [cloudflare] [Cloudflare,Envoy] [e389c3005cf05b6327a0d71a349ac754]
https://newsletter.civfund.org [200] [GET] [text/html] [CIV Newsletter – Subscription service] [cloudflare] [vhost] [cloudflare] [Cloudflare,Cloudflare Network Error Logging,MySQL,PHP,WordPress:6.0.1] [360cc8473715d36f30cfa5607570ac48]
https://newsletter.civfund.org [200] [GET] [text/html] [CIV Newsletter – Subscription service] [cloudflare] [vhost] [cloudflare] [Cloudflare,Cloudflare Network Error Logging,MySQL,PHP,WordPress:6.0.1] [c0b83ed310930c716a1dedc2618d40ba]
https://nftgame.civfund.org [200] [GET] [text/html] [Civilization - Treasure hunt - nftgame] [cloudflare] [vhost] [cloudflare] [Cloudflare,Cloudflare Network Error Logging,Google Font API] [1ac6d2d187a81a39ac2f81d3975f9d56]
https://nftgame.civfund.org [200] [GET] [text/html] [Civilization - Treasure hunt - nftgame] [cloudflare] [vhost] [cloudflare] [Cloudflare,Cloudflare Network Error Logging,Google Font API] [893b8f7681ed3ee1447c7e5701fd7297]
https://nftgame.civfund.org:2083 [403] [GET] [text/html] [Attention Required! | Cloudflare] [cloudflare] [vhost] [cloudflare] [Cloudflare,Cloudflare Network Error Logging] [db9671204dc9bb88c8fe35c01682af84]
https://staging.civfund.org [404] [GET] [text/plain] [] [cloudflare] [vhost] [cloudflare] [Cloudflare,Cloudflare Network Error Logging] [595e88012a6521aae3e12cbebe76eb9e]
http://staging.civfund.org:2083 [400] [GET] [text/html] [400 The plain HTTP request was sent to HTTPS port] [cloudflare] [cloudflare] [Cloudflare] [cd58783500d7fa3c58f88eb0ba22f4f8]
http://staging.civfund.org:2087 [400] [GET] [text/html] [400 The plain HTTP request was sent to HTTPS port] [cloudflare] [cloudflare] [Cloudflare] [20ad84d030031252141ca0b3fc0183f0]
http://staging.civfund.org:8443 [400] [GET] [text/html] [400 The plain HTTP request was sent to HTTPS port] [cloudflare] [cloudflare] [Cloudflare] [cd58783500d7fa3c58f88eb0ba22f4f8]
https://website2022.civfund.org [200] [GET] [text/html] [Civilization] [Apache] [vhost] [Apache,MySQL,PHP,WordPress:6.0.1] [2ff148502dfd7e7a5705f18ee38a94b3]
https://website2022.civfund.org [200] [GET] [text/html] [Civilization] [Apache] [vhost] [Apache,MySQL,PHP,WordPress:6.0.1] [45b651e8d313902281f39e0264ddd6ea]
https://www.civfund.org [301] [GET] [text/html] [] [cloudflare] [vhost] [cloudflare] [Cloudflare,Cloudflare Network Error Logging] [d41d8cd98f00b204e9800998ecf8427e]
http://www.civfund.org:2083 [400] [GET] [text/html] [400 The plain HTTP request was sent to HTTPS port] [cloudflare] [cloudflare] [Cloudflare] [20ad84d030031252141ca0b3fc0183f0]
http://www.civfund.org:2087 [400] [GET] [text/html] [400 The plain HTTP request was sent to HTTPS port] [cloudflare] [cloudflare] [Cloudflare] [20ad84d030031252141ca0b3fc0183f0]
http://www.civfund.org:8080 [521] [GET] [] [] [cloudflare] [vhost] [cloudflare] [Cloudflare,Cloudflare Network Error Logging] [d41d8cd98f00b204e9800998ecf8427e]
http://www.civfund.org:8443 [400] [GET] [text/html] [400 The plain HTTP request was sent to HTTPS port] [cloudflare] [cloudflare] [Cloudflare] [20ad84d030031252141ca0b3fc0183f0]
