https://1password-scim.infra.coda.io [200] [GET] [text/html] [1Password SCIM Bridge Login] [] [1458e5f1376d8b5333adce09ed932ca3]
https://adhoc.coda.io [200] [GET] [text/html] [] [openresty/1.21.4.1] [Nginx,OpenResty:1.21.4.1] [36cd5f2e55497378b2e298c5d80a63f1]
https://admin.coda.io [302] [GET] [text/plain] [] [] [vhost] [0b7f2a5c390c3e89565b9eae391ad462]
https://admin.head.coda.io [302] [GET] [text/plain] [] [] [vhost] [0b7f2a5c390c3e89565b9eae391ad462]
https://admin.staging.coda.io [302] [GET] [text/plain] [] [] [vhost] [0b7f2a5c390c3e89565b9eae391ad462]
https://airflow-head.data.coda.io [302] [GET] [text/html] [Redirecting...] [gunicorn] [Python,gunicorn] [818f82c82e5b8b481c228e81dde749fa]
https://airflow-prod.data.coda.io [302] [GET] [text/html] [Redirecting...] [gunicorn] [Python,gunicorn] [818f82c82e5b8b481c228e81dde749fa]
https://airflow-staging.data.coda.io [302] [GET] [text/html] [Redirecting...] [gunicorn] [Python,gunicorn] [818f82c82e5b8b481c228e81dde749fa]
https://bazel-cache.dev-infra.coda.io [401] [GET] [text/plain] [] [] [vhost] [Basic] [f73716aeea5e67820bfd7cf2ba50416b]
https://blog.coda.io [200] [GET] [text/html] [Coda Blog] [openresty] [vhost] [Algolia,Envoy,Medium,Nginx,Node.js,OpenResty,PayPal] [243f7f28015d6e50f7dee2d580a141b9]
https://blog.coda.io [307] [GET] [text/html] [] [openresty] [vhost] [Envoy,Nginx,OpenResty] [63c5e2dbde3c5c4616fe3b49149139ba]
https://cdn.coda.io [403] [GET] [application/xml] [] [AmazonS3] [vhost] [cloudfront] [Amazon Cloudfront,Amazon S3,Amazon Web Services] [574edc0bebe52a859e5ec48eb0327baa]
https://cdn.coda.io [403] [GET] [application/xml] [] [AmazonS3] [vhost] [cloudfront] [Amazon Cloudfront,Amazon S3,Amazon Web Services] [f9d56f3ac242e4e7f95c430b74c649c9]
https://coda.io [200] [GET] [text/html] [Coda | Everything evolves, the evolution of documents.] [CloudFront] [vhost] [cloudfront] [Amazon Cloudfront,Amazon S3,Amazon Web Services,Sanity] [758309fcc0738273e2cf516a1c8ff939]
https://coda.io [200] [GET] [text/html] [Coda | Everything evolves, the evolution of documents.] [CloudFront] [vhost] [cloudfront] [Amazon Cloudfront,Amazon S3,Amazon Web Services,Sanity] [78ead1183f4f4a92436bdd772548824c]
https://community.coda.io [200] [GET] [text/html] [Coda Maker Community] [nginx] [vhost] [Discourse,Nginx,Ruby on Rails] [2070b2856eaa4ff54f9c630250bf4ad1]
https://community.coda.io [200] [GET] [text/html] [Coda Maker Community] [nginx] [vhost] [Discourse,Nginx,Ruby on Rails] [8078a58ea582747eaa6daf330bb19ed0]
https://email.gh-mail.coda.io [404] [GET] [text/plain] [] [] [google] [595e88012a6521aae3e12cbebe76eb9e]
https://github-bot.dev-infra.coda.io [404] [GET] [text/html] [Error] [] [Express,Node.js] [da7da7d630292e7a2a7dda8ca87b3d39]
https://go.coda.io [301] [GET] [text/html] [301 Moved Permanently] [Apache] [vhost] [Apache] [ea3ebf12f15731f40c58aac70153eb08]
https://head.coda.io [200] [GET] [text/html] [Coda | Everything evolves, the evolution of documents.] [CloudFront] [vhost] [cloudfront] [Amazon Cloudfront,Amazon S3,Amazon Web Services,Sanity] [0594c6cfc436b8de868c41b9c8d5d4f5]
https://head.coda.io [200] [GET] [text/html] [Coda | Everything evolves, the evolution of documents.] [CloudFront] [vhost] [cloudfront] [Amazon Cloudfront,Amazon S3,Amazon Web Services,Sanity] [cbd4875ef4b5f384551f7cb6ce48bb06]
https://hello.coda.io [204] [GET] [] [] [] [vhost] [d41d8cd98f00b204e9800998ecf8427e]
https://help.coda.io [302] [GET] [text/html] [] [nginx] [vhost] [cloudfront] [Amazon Cloudfront,Amazon Web Services,Nginx] [9057777c1f12fcb87f41113386bae499]
https://maze.coda.io [200] [GET] [text/html] [Coda Maze Challenge] [] [Express,Node.js] [ec65851295c29cf7724ae87f3e6e679d]
https://origin.coda.io [403] [GET] [text/html] [] [] [722969577a96ca3953e84e3d949dee81]
https://origin.coda.io:8083 [464] [GET] [] [] [awselb/2.0] [d41d8cd98f00b204e9800998ecf8427e]
https://origin.head.coda.io [403] [GET] [text/html] [] [] [722969577a96ca3953e84e3d949dee81]
https://origin.head.coda.io:8083 [464] [GET] [] [] [awselb/2.0] [d41d8cd98f00b204e9800998ecf8427e]
https://origin.staging.coda.io [403] [GET] [text/html] [] [] [722969577a96ca3953e84e3d949dee81]
https://origin.staging.coda.io:8083 [464] [GET] [] [] [awselb/2.0] [d41d8cd98f00b204e9800998ecf8427e]
https://packs-auth.coda.io [464] [GET] [] [] [awselb/2.0] [vhost] [d41d8cd98f00b204e9800998ecf8427e]
https://packs-auth.head.coda.io [464] [GET] [] [] [awselb/2.0] [vhost] [d41d8cd98f00b204e9800998ecf8427e]
https://packs-auth.staging.coda.io [464] [GET] [] [] [awselb/2.0] [vhost] [d41d8cd98f00b204e9800998ecf8427e]
https://staging.coda.io [200] [GET] [text/html] [Coda | Everything evolves, the evolution of documents.] [CloudFront] [vhost] [cloudfront] [Amazon Cloudfront,Amazon S3,Amazon Web Services,Sanity] [b18ca8ebd6443ab74b03272dbc7aacc6]
https://staging.coda.io [200] [GET] [text/html] [Coda | Everything evolves, the evolution of documents.] [CloudFront] [vhost] [cloudfront] [Amazon Cloudfront,Amazon S3,Amazon Web Services,Sanity] [d8e69c176014d2c5522b31527eae8d9d]
https://status.coda.io [200] [GET] [text/html] [Coda Status] [] [vhost] [Atlassian Statuspage,Fastly] [0a5255f7db94e0266b65453a85f527bc]
https://status.coda.io [200] [GET] [text/html] [Coda Status] [] [vhost] [Atlassian Statuspage,Fastly] [d6d407bbf40ea974ef8e7e974772a9df]
https://www.coda.io [301] [GET] [text/html] [301 Moved Permanently] [awselb/2.0] [vhost] [cloudfront] [Amazon Cloudfront,Amazon Web Services] [4aa7a432bb447f094408f1bd6229c605]
https://www.head.coda.io [301] [GET] [text/html] [301 Moved Permanently] [awselb/2.0] [vhost] [cloudfront] [Amazon Cloudfront,Amazon Web Services] [4aa7a432bb447f094408f1bd6229c605]
https://www.staging.coda.io [301] [GET] [text/html] [301 Moved Permanently] [awselb/2.0] [vhost] [cloudfront] [Amazon Cloudfront,Amazon Web Services] [4aa7a432bb447f094408f1bd6229c605]
