http://admin.coinmetro.com:2082 [403] [GET] [text/plain] [] [cloudflare] [vhost] [cloudflare] [Cloudflare] [c8750906ad1e689d41ab2a4e25d9864d]
http://admin.coinmetro.com:2086 [403] [GET] [text/plain] [] [cloudflare] [vhost] [cloudflare] [Cloudflare] [c8750906ad1e689d41ab2a4e25d9864d]
http://admin.coinmetro.com:8080 [403] [GET] [text/plain] [] [cloudflare] [vhost] [cloudflare] [Cloudflare] [c8750906ad1e689d41ab2a4e25d9864d]
http://admin-test.coinmetro.com:2082 [403] [GET] [text/plain] [] [cloudflare] [vhost] [cloudflare] [Cloudflare] [c8750906ad1e689d41ab2a4e25d9864d]
http://admin-test.coinmetro.com:2086 [403] [GET] [text/plain] [] [cloudflare] [vhost] [cloudflare] [Cloudflare] [c8750906ad1e689d41ab2a4e25d9864d]
http://admin-test.coinmetro.com:8080 [403] [GET] [text/plain] [] [cloudflare] [vhost] [cloudflare] [Cloudflare] [c8750906ad1e689d41ab2a4e25d9864d]
http://api.coinmetro.com:2082 [301] [GET] [] [] [cloudflare] [cloudflare] [Cloudflare] [d41d8cd98f00b204e9800998ecf8427e]
http://api.coinmetro.com:2083 [400] [GET] [text/html] [400 The plain HTTP request was sent to HTTPS port] [cloudflare] [cloudflare] [Cloudflare] [cd58783500d7fa3c58f88eb0ba22f4f8]
http://api.coinmetro.com:2086 [301] [GET] [] [] [cloudflare] [cloudflare] [Cloudflare] [d41d8cd98f00b204e9800998ecf8427e]
http://api.coinmetro.com:2087 [400] [GET] [text/html] [400 The plain HTTP request was sent to HTTPS port] [cloudflare] [cloudflare] [Cloudflare] [20ad84d030031252141ca0b3fc0183f0]
http://api.coinmetro.com:8080 [301] [GET] [] [] [cloudflare] [cloudflare] [Cloudflare] [d41d8cd98f00b204e9800998ecf8427e]
http://api.coinmetro.com:8443 [400] [GET] [text/html] [400 The plain HTTP request was sent to HTTPS port] [cloudflare] [cloudflare] [Cloudflare] [20ad84d030031252141ca0b3fc0183f0]
http://beta.coinmetro.com:2082 [301] [GET] [] [] [cloudflare] [cloudflare] [Cloudflare] [d41d8cd98f00b204e9800998ecf8427e]
http://beta.coinmetro.com:2086 [301] [GET] [] [] [cloudflare] [cloudflare] [Cloudflare] [d41d8cd98f00b204e9800998ecf8427e]
http://beta.coinmetro.com:8080 [301] [GET] [] [] [cloudflare] [cloudflare] [Cloudflare] [d41d8cd98f00b204e9800998ecf8427e]
http://beta.coinmetro.com:8880 [301] [GET] [] [] [cloudflare] [cloudflare] [Cloudflare] [d41d8cd98f00b204e9800998ecf8427e]
http://blog.coinmetro.com:2082 [301] [GET] [] [] [cloudflare] [cloudflare] [Cloudflare] [d41d8cd98f00b204e9800998ecf8427e]
http://blog.coinmetro.com:2086 [301] [GET] [] [] [cloudflare] [cloudflare] [Cloudflare] [d41d8cd98f00b204e9800998ecf8427e]
http://blog.coinmetro.com:8080 [301] [GET] [] [] [cloudflare] [cloudflare] [Cloudflare] [d41d8cd98f00b204e9800998ecf8427e]
http://clicks.coinmetro.com:2082 [301] [GET] [] [] [cloudflare] [cloudflare] [Cloudflare] [d41d8cd98f00b204e9800998ecf8427e]
http://clicks.coinmetro.com:2086 [301] [GET] [] [] [cloudflare] [cloudflare] [Cloudflare] [d41d8cd98f00b204e9800998ecf8427e]
http://clicks.coinmetro.com:8080 [301] [GET] [] [] [cloudflare] [cloudflare] [Cloudflare] [d41d8cd98f00b204e9800998ecf8427e]
http://clicks.coinmetro.com:8880 [301] [GET] [] [] [cloudflare] [cloudflare] [Cloudflare] [d41d8cd98f00b204e9800998ecf8427e]
http://coinmetro.com:2082 [301] [GET] [] [] [cloudflare] [cloudflare] [Cloudflare] [d41d8cd98f00b204e9800998ecf8427e]
http://coinmetro.com:2086 [301] [GET] [] [] [cloudflare] [cloudflare] [Cloudflare] [d41d8cd98f00b204e9800998ecf8427e]
http://coinmetro.com:8080 [301] [GET] [] [] [cloudflare] [cloudflare] [Cloudflare] [d41d8cd98f00b204e9800998ecf8427e]
http://coinmetro.com:8880 [301] [GET] [] [] [cloudflare] [cloudflare] [Cloudflare] [d41d8cd98f00b204e9800998ecf8427e]
http://demo.coinmetro.com:2082 [301] [GET] [] [] [cloudflare] [cloudflare] [Cloudflare] [d41d8cd98f00b204e9800998ecf8427e]
http://demo.coinmetro.com:2086 [301] [GET] [] [] [cloudflare] [cloudflare] [Cloudflare] [d41d8cd98f00b204e9800998ecf8427e]
http://demo.coinmetro.com:8080 [301] [GET] [] [] [cloudflare] [cloudflare] [Cloudflare] [d41d8cd98f00b204e9800998ecf8427e]
http://demo.coinmetro.com:8880 [301] [GET] [] [] [cloudflare] [cloudflare] [Cloudflare] [d41d8cd98f00b204e9800998ecf8427e]
http://email.coinmetro.com:2082 [301] [GET] [] [] [cloudflare] [cloudflare] [Cloudflare] [d41d8cd98f00b204e9800998ecf8427e]
http://email.coinmetro.com:2083 [400] [GET] [text/html] [400 The plain HTTP request was sent to HTTPS port] [cloudflare] [cloudflare] [Cloudflare] [20ad84d030031252141ca0b3fc0183f0]
http://email.coinmetro.com:2086 [301] [GET] [] [] [cloudflare] [cloudflare] [Cloudflare] [d41d8cd98f00b204e9800998ecf8427e]
http://email.coinmetro.com:2087 [400] [GET] [text/html] [400 The plain HTTP request was sent to HTTPS port] [cloudflare] [cloudflare] [Cloudflare] [cd58783500d7fa3c58f88eb0ba22f4f8]
http://email.coinmetro.com:2096 [400] [GET] [text/html] [400 The plain HTTP request was sent to HTTPS port] [cloudflare] [cloudflare] [Cloudflare] [cd58783500d7fa3c58f88eb0ba22f4f8]
http://email.coinmetro.com:8080 [301] [GET] [] [] [cloudflare] [cloudflare] [Cloudflare] [d41d8cd98f00b204e9800998ecf8427e]
http://email.coinmetro.com:8443 [400] [GET] [text/html] [400 The plain HTTP request was sent to HTTPS port] [cloudflare] [cloudflare] [Cloudflare] [cd58783500d7fa3c58f88eb0ba22f4f8]
http://email.coinmetro.com:8880 [301] [GET] [] [] [cloudflare] [cloudflare] [Cloudflare] [d41d8cd98f00b204e9800998ecf8427e]
http://exchange.coinmetro.com:2082 [301] [GET] [] [] [cloudflare] [cloudflare] [Cloudflare] [d41d8cd98f00b204e9800998ecf8427e]
http://exchange.coinmetro.com:2086 [301] [GET] [] [] [cloudflare] [cloudflare] [Cloudflare] [d41d8cd98f00b204e9800998ecf8427e]
http://exchange.coinmetro.com:2087 [400] [GET] [text/html] [400 The plain HTTP request was sent to HTTPS port] [cloudflare] [cloudflare] [Cloudflare] [20ad84d030031252141ca0b3fc0183f0]
http://exchange.coinmetro.com:8080 [301] [GET] [] [] [cloudflare] [cloudflare] [Cloudflare] [d41d8cd98f00b204e9800998ecf8427e]
http://exchange.coinmetro.com:8443 [400] [GET] [text/html] [400 The plain HTTP request was sent to HTTPS port] [cloudflare] [cloudflare] [Cloudflare] [cd58783500d7fa3c58f88eb0ba22f4f8]
http://exchange.coinmetro.com:8880 [301] [GET] [] [] [cloudflare] [cloudflare] [Cloudflare] [d41d8cd98f00b204e9800998ecf8427e]
http://go.coinmetro.com:2082 [301] [GET] [] [] [cloudflare] [cloudflare] [Cloudflare] [d41d8cd98f00b204e9800998ecf8427e]
http://go.coinmetro.com:2086 [301] [GET] [] [] [cloudflare] [cloudflare] [Cloudflare] [d41d8cd98f00b204e9800998ecf8427e]
http://go.coinmetro.com:8080 [301] [GET] [] [] [cloudflare] [cloudflare] [Cloudflare] [d41d8cd98f00b204e9800998ecf8427e]
http://hansecoin.coinmetro.com:2082 [301] [GET] [] [] [cloudflare] [cloudflare] [Cloudflare] [d41d8cd98f00b204e9800998ecf8427e]
http://hansecoin.coinmetro.com:2086 [301] [GET] [] [] [cloudflare] [cloudflare] [Cloudflare] [d41d8cd98f00b204e9800998ecf8427e]
http://hansecoin.coinmetro.com:8080 [403] [GET] [text/plain] [] [cloudflare] [cloudflare] [Cloudflare] [4f20b85ce5ebf225720e040314a7966a]
http://hansecoin.coinmetro.com:8880 [301] [GET] [] [] [cloudflare] [cloudflare] [Cloudflare] [d41d8cd98f00b204e9800998ecf8427e]
http://help.coinmetro.com:2082 [301] [GET] [] [] [cloudflare] [cloudflare] [Cloudflare] [d41d8cd98f00b204e9800998ecf8427e]
http://help.coinmetro.com:2086 [301] [GET] [] [] [cloudflare] [cloudflare] [Cloudflare] [d41d8cd98f00b204e9800998ecf8427e]
http://help.coinmetro.com:8080 [301] [GET] [] [] [cloudflare] [cloudflare] [Cloudflare] [d41d8cd98f00b204e9800998ecf8427e]
http://help.coinmetro.com:8880 [301] [GET] [] [] [cloudflare] [cloudflare] [Cloudflare] [d41d8cd98f00b204e9800998ecf8427e]
http://media.coinmetro.com:2082 [301] [GET] [] [] [cloudflare] [cloudflare] [Cloudflare] [d41d8cd98f00b204e9800998ecf8427e]
http://media.coinmetro.com:2086 [301] [GET] [] [] [cloudflare] [cloudflare] [Cloudflare] [d41d8cd98f00b204e9800998ecf8427e]
http://media.coinmetro.com:8080 [301] [GET] [] [] [cloudflare] [cloudflare] [Cloudflare] [d41d8cd98f00b204e9800998ecf8427e]
http://open.coinmetro.com:2082 [301] [GET] [] [] [cloudflare] [cloudflare] [Cloudflare] [d41d8cd98f00b204e9800998ecf8427e]
http://open.coinmetro.com:2086 [301] [GET] [] [] [cloudflare] [cloudflare] [Cloudflare] [d41d8cd98f00b204e9800998ecf8427e]
http://open.coinmetro.com:8080 [301] [GET] [] [] [cloudflare] [cloudflare] [Cloudflare] [d41d8cd98f00b204e9800998ecf8427e]
http://open.coinmetro.com:8880 [301] [GET] [] [] [cloudflare] [cloudflare] [Cloudflare] [d41d8cd98f00b204e9800998ecf8427e]
http://rc.coinmetro.com:2082 [301] [GET] [] [] [cloudflare] [cloudflare] [Cloudflare] [d41d8cd98f00b204e9800998ecf8427e]
http://rc.coinmetro.com:2086 [301] [GET] [] [] [cloudflare] [cloudflare] [Cloudflare] [d41d8cd98f00b204e9800998ecf8427e]
http://rc.coinmetro.com:8080 [301] [GET] [] [] [cloudflare] [cloudflare] [Cloudflare] [d41d8cd98f00b204e9800998ecf8427e]
https://admin.coinmetro.com:2083 [403] [GET] [text/plain] [] [cloudflare] [vhost] [cloudflare] [Cloudflare] [c8750906ad1e689d41ab2a4e25d9864d]
https://admin.coinmetro.com:2087 [403] [GET] [text/plain] [] [cloudflare] [vhost] [cloudflare] [Cloudflare] [c8750906ad1e689d41ab2a4e25d9864d]
https://admin.coinmetro.com [403] [GET] [text/plain] [] [cloudflare] [vhost] [cloudflare] [Cloudflare] [c8750906ad1e689d41ab2a4e25d9864d]
https://admin.coinmetro.com:8443 [403] [GET] [text/plain] [] [cloudflare] [vhost] [cloudflare] [Cloudflare] [c8750906ad1e689d41ab2a4e25d9864d]
https://admin-test.coinmetro.com:2083 [403] [GET] [text/plain] [] [cloudflare] [vhost] [cloudflare] [Cloudflare] [c8750906ad1e689d41ab2a4e25d9864d]
https://admin-test.coinmetro.com:2087 [403] [GET] [text/plain] [] [cloudflare] [vhost] [cloudflare] [Cloudflare] [c8750906ad1e689d41ab2a4e25d9864d]
https://admin-test.coinmetro.com [403] [GET] [text/plain] [] [cloudflare] [vhost] [cloudflare] [Cloudflare] [c8750906ad1e689d41ab2a4e25d9864d]
https://admin-test.coinmetro.com:8443 [403] [GET] [text/plain] [] [cloudflare] [vhost] [cloudflare] [Cloudflare] [c8750906ad1e689d41ab2a4e25d9864d]
https://affiliate.coinmetro.com [404] [GET] [text/html] [Pageserver 404] [openresty] [google] [Google Cloud,Google Cloud CDN,Nginx,OpenResty] [1f8631d046393ef77310f3149560294f]
https://affiliate.coinmetro.com [404] [GET] [text/html] [Pageserver 404] [openresty] [google] [Google Cloud,Google Cloud CDN,Nginx,OpenResty] [31fc00f5326bb1b5918e604cb0e2f5b2]
https://ambassador.coinmetro.com [404] [GET] [text/html] [Pageserver 404] [openresty] [google] [Google Cloud,Google Cloud CDN,Nginx,OpenResty] [ef564f78b902902ce86b9352a8353ba5]
http://sandbox.coinmetro.com:2082 [301] [GET] [] [] [cloudflare] [cloudflare] [Cloudflare] [d41d8cd98f00b204e9800998ecf8427e]
http://sandbox.coinmetro.com:2086 [403] [GET] [text/plain] [] [cloudflare] [cloudflare] [Cloudflare] [4f20b85ce5ebf225720e040314a7966a]
http://sandbox.coinmetro.com:8080 [301] [GET] [] [] [cloudflare] [cloudflare] [Cloudflare] [d41d8cd98f00b204e9800998ecf8427e]
https://api.coinmetro.com [404] [GET] [application/json] [] [cloudflare] [vhost] [cloudflare] [Cloudflare] [093206c775ab5f7ce396f1b67fcae5bb]
https://beta.coinmetro.com:2083 [302] [GET] [] [] [cloudflare] [vhost] [cloudflare] [Cloudflare] [d41d8cd98f00b204e9800998ecf8427e]
https://beta.coinmetro.com:2087 [302] [GET] [] [] [cloudflare] [vhost] [cloudflare] [Cloudflare] [d41d8cd98f00b204e9800998ecf8427e]
https://beta.coinmetro.com:2096 [302] [GET] [] [] [cloudflare] [vhost] [cloudflare] [Cloudflare] [d41d8cd98f00b204e9800998ecf8427e]
https://beta.coinmetro.com [302] [GET] [] [] [cloudflare] [vhost] [cloudflare] [Cloudflare] [d41d8cd98f00b204e9800998ecf8427e]
https://beta.coinmetro.com:8443 [302] [GET] [] [] [cloudflare] [vhost] [cloudflare] [Cloudflare] [d41d8cd98f00b204e9800998ecf8427e]
https://blog.coinmetro.com:2083 [403] [GET] [text/html] [Attention Required! | Cloudflare] [cloudflare] [vhost] [cloudflare] [Cloudflare] [98b81b74fa8cd09bc478b1cd7435e149]
https://blog.coinmetro.com:2087 [403] [GET] [text/html] [Attention Required! | Cloudflare] [cloudflare] [vhost] [cloudflare] [Cloudflare] [c118f0e3e61c5adbace403525571fac5]
https://blog.coinmetro.com [301] [GET] [text/html] [301 Moved Permanently] [cloudflare] [vhost] [cloudflare] [Cloudflare] [4f8e702cc244ec5d4de32740c0ecbd97]
https://blog.coinmetro.com:8443 [403] [GET] [text/html] [Attention Required! | Cloudflare] [cloudflare] [vhost] [cloudflare] [Cloudflare] [8653b030d0671fec3c106b62059f32b5]
https://bond.coinmetro.com [404] [GET] [text/html] [Pageserver 404] [openresty] [google] [Google Cloud,Google Cloud CDN,Nginx,OpenResty] [1f8631d046393ef77310f3149560294f]
https://bond.coinmetro.com [404] [GET] [text/html] [Pageserver 404] [openresty] [google] [Google Cloud,Google Cloud CDN,Nginx,OpenResty] [31fc00f5326bb1b5918e604cb0e2f5b2]
https://clicks.coinmetro.com:2083 [403] [GET] [text/html] [Attention Required! | Cloudflare] [cloudflare] [vhost] [cloudflare] [Cloudflare] [0548347ef4eba5d2d34d7101435f4612]
https://clicks.coinmetro.com:2087 [403] [GET] [text/html] [Attention Required! | Cloudflare] [cloudflare] [vhost] [cloudflare] [Cloudflare] [58d456d73097658c392b03b800826faf]
https://clicks.coinmetro.com:2096 [403] [GET] [text/html] [Attention Required! | Cloudflare] [cloudflare] [vhost] [cloudflare] [Cloudflare] [95d28737856c77a3ba5c1d5d1dd73685]
https://clicks.coinmetro.com [404] [GET] [text/html] [404 Not Found] [cloudflare] [vhost] [cloudflare] [Cloudflare] [597ba0d4396e9c906225140ce907092c]
https://clicks.coinmetro.com:8443 [403] [GET] [text/html] [Attention Required! | Cloudflare] [cloudflare] [vhost] [cloudflare] [Cloudflare] [157109d9da7e327aaaa40e1e40d02561]
https://coinmetro.com [200] [GET] [text/html] [Coinmetro – The Best Crypto Exchange for Beginners and Pros] [cloudflare] [vhost] [cloudflare] [Cloudflare,Google Font API,Next.js,Node.js,React,webpack] [f0af894a2891d90e095589be5b01596f]
https://coinmetro.com [200] [GET] [text/html] [Coinmetro – The Best Crypto Exchange for Beginners and Pros] [cloudflare] [vhost] [cloudflare] [Cloudflare,Google Font API,Next.js,Node.js,React,webpack] [f636a4493bbaed6577353e9f9537ea5b]
https://coinmetro.com:2087 [403] [GET] [text/html] [Attention Required! | Cloudflare] [cloudflare] [cloudflare] [Cloudflare] [c6ded59ac2e3095a98acad9fa8cc8548]
https://coinmetro.com:8443 [403] [GET] [text/html] [Attention Required! | Cloudflare] [cloudflare] [cloudflare] [Cloudflare] [cd10dbf26b934866ae658b7b059aa5f1]
https://copytrading.coinmetro.com [404] [GET] [text/html] [Pageserver 404] [openresty] [google] [Google Cloud,Google Cloud CDN,Nginx,OpenResty] [1f8631d046393ef77310f3149560294f]
https://copytrading.coinmetro.com [404] [GET] [text/html] [Pageserver 404] [openresty] [google] [Google Cloud,Google Cloud CDN,Nginx,OpenResty] [31fc00f5326bb1b5918e604cb0e2f5b2]
https://cryptoaffiliate.coinmetro.com [404] [GET] [text/html] [Pageserver 404] [openresty] [google] [Google Cloud,Google Cloud CDN,Nginx,OpenResty] [1f8631d046393ef77310f3149560294f]
https://cryptoaffiliate.coinmetro.com [404] [GET] [text/html] [Pageserver 404] [openresty] [google] [Google Cloud,Google Cloud CDN,Nginx,OpenResty] [31fc00f5326bb1b5918e604cb0e2f5b2]
https://crypto.coinmetro.com [200] [GET] [text/html] [Coinmetro Business Reporter] [openresty] [vhost] [google] [Google Cloud,Google Cloud CDN,Google Font API,Google Tag Manager,Nginx,OpenResty,YouTube] [69d50296a7385b21e07b0780d2f73ba8]
https://cryptocurrency.coinmetro.com [404] [GET] [text/html] [Pageserver 404] [openresty] [google] [Google Cloud,Google Cloud CDN,Nginx,OpenResty] [1f8631d046393ef77310f3149560294f]
https://cryptocurrency.coinmetro.com [404] [GET] [text/html] [Pageserver 404] [openresty] [google] [Google Cloud,Google Cloud CDN,Nginx,OpenResty] [31fc00f5326bb1b5918e604cb0e2f5b2]
https://demo.coinmetro.com [200] [GET] [text/html] [Crypto Trading Platform | Demo | CoinMetro.com] [cloudflare] [vhost] [cloudflare] [Cloudflare,Fourthwall:57f5d832f396dd9a2fb9cd025f968de03a1e1c5f,Google Font API,Typekit] [88b41467bfd4c007f177a0c82446ef4e]
https://demo.coinmetro.com:2087 [403] [GET] [text/html] [Attention Required! | Cloudflare] [cloudflare] [vhost] [cloudflare] [Cloudflare] [25719908b8d55b0bfc92f328a8d31d8f]
https://demo.coinmetro.com:8443 [403] [GET] [text/html] [Attention Required! | Cloudflare] [cloudflare] [vhost] [cloudflare] [Cloudflare] [5315831819a514d05d295d09927d5758]
https://email.coinmetro.com [404] [GET] [] [] [cloudflare] [vhost] [cloudflare] [Cloudflare,Google Cloud,Google Cloud CDN] [d41d8cd98f00b204e9800998ecf8427e]
http://services.coinmetro.com:2082 [301] [GET] [] [] [cloudflare] [cloudflare] [Cloudflare] [d41d8cd98f00b204e9800998ecf8427e]
http://services.coinmetro.com:2086 [301] [GET] [] [] [cloudflare] [cloudflare] [Cloudflare] [d41d8cd98f00b204e9800998ecf8427e]
http://services.coinmetro.com:8080 [403] [GET] [text/plain] [] [cloudflare] [cloudflare] [Cloudflare] [4f20b85ce5ebf225720e040314a7966a]
http://services-sandbox.coinmetro.com:2082 [301] [GET] [] [] [cloudflare] [cloudflare] [Cloudflare] [d41d8cd98f00b204e9800998ecf8427e]
http://services-sandbox.coinmetro.com:2086 [301] [GET] [] [] [cloudflare] [cloudflare] [Cloudflare] [d41d8cd98f00b204e9800998ecf8427e]
http://services-sandbox.coinmetro.com:8080 [301] [GET] [] [] [cloudflare] [cloudflare] [Cloudflare] [d41d8cd98f00b204e9800998ecf8427e]
https://exchange.coinmetro.com [404] [GET] [application/json] [] [cloudflare] [vhost] [cloudflare] [Cloudflare] [c452c044cadaf0a5122aabbb02d7860c]
https://express.coinmetro.com [404] [GET] [text/html] [Pageserver 404] [openresty] [google] [Google Cloud,Google Cloud CDN,Nginx,OpenResty] [31fc00f5326bb1b5918e604cb0e2f5b2]
https://express.coinmetro.com [404] [GET] [text/html] [Pageserver 404] [openresty] [google] [Google Cloud,Google Cloud CDN,Nginx,OpenResty] [ef564f78b902902ce86b9352a8353ba5]
https://go.coinmetro.com [200] [GET] [text/html] [Crypto Trading Platform | CoinMetro.com] [cloudflare] [vhost] [cloudflare] [Cloudflare,Fourthwall:faa74b0d59450dffc7881d18931eff01ce249575,Google Font API,Typekit] [582338a36c3407705cd6cc82c1cab3f9]
https://go.coinmetro.com:2083 [403] [GET] [text/html] [Attention Required! | Cloudflare] [cloudflare] [vhost] [cloudflare] [Cloudflare] [c6f075a82fbbb08b03cd3ee25fc75b07]
https://go.coinmetro.com:2087 [403] [GET] [text/html] [Attention Required! | Cloudflare] [cloudflare] [vhost] [cloudflare] [Cloudflare] [7d321dc5460861b4296500fa74594fb4]
https://go.coinmetro.com:8443 [403] [GET] [text/html] [Attention Required! | Cloudflare] [cloudflare] [vhost] [cloudflare] [Cloudflare] [a67ba98395def0ba85784a69b4ec684f]
https://hansecoin.coinmetro.com:2083 [403] [GET] [text/html] [Attention Required! | Cloudflare] [cloudflare] [vhost] [cloudflare] [Cloudflare] [6c86e05b26514817c6004c25896365fd]
https://hansecoin.coinmetro.com:2087 [403] [GET] [text/html] [Attention Required! | Cloudflare] [cloudflare] [vhost] [cloudflare] [Cloudflare] [4487ded91db61197d27858d7000328dd]
https://hansecoin.coinmetro.com:2096 [403] [GET] [text/html] [Attention Required! | Cloudflare] [cloudflare] [vhost] [cloudflare] [Cloudflare] [2a9c8ea8fa9fcf671ea36f53e97bc484]
https://hansecoin.coinmetro.com [401] [GET] [text/html] [401 Authorization Required] [cloudflare] [vhost] [cloudflare] [Basic,Cloudflare] [55f69d37caed0efafa4d15970ed5f18e]
https://hansecoin.coinmetro.com:8443 [403] [GET] [text/html] [Attention Required! | Cloudflare] [cloudflare] [vhost] [cloudflare] [Cloudflare] [875e746550ed45794b4c9b73d15670f4]
https://help.coinmetro.com:2087 [403] [GET] [text/html] [Attention Required! | Cloudflare] [cloudflare] [vhost] [cloudflare] [Cloudflare] [04b21fbadcb7e89633ea8578f15202e9]
https://help.coinmetro.com [302] [GET] [text/html] [] [cloudflare] [vhost] [cloudflare] [Cloudflare] [874a09dd9199ce477492337ee352ea8c]
https://help.coinmetro.com [403] [GET] [text/html] [Attention Required! | Cloudflare] [cloudflare] [vhost] [cloudflare] [Cloudflare] [ea54d9c93bacbeaa2ceee5663435da68]
https://help.coinmetro.com:8443 [403] [GET] [text/html] [Attention Required! | Cloudflare] [cloudflare] [vhost] [cloudflare] [Cloudflare] [10d10a1ba08586d3163628d68b67371d]
https://invest.coinmetro.com [200] [GET] [text/html] [Coinmetro Goal] [openresty] [vhost] [google] [Google Cloud,Google Cloud CDN,Google Font API,Google Tag Manager,Nginx,OpenResty] [12a41954576dcfa07004b1f3ca5c2c31]
https://invest.coinmetro.com [200] [GET] [text/html] [Coinmetro Goal] [openresty] [vhost] [google] [Google Cloud,Google Cloud CDN,Google Font API,Google Tag Manager,Nginx,OpenResty] [9cfe78dd844d31fb72b1b23fdfa8120b]
https://investment.coinmetro.com [404] [GET] [text/html] [Pageserver 404] [openresty] [google] [Google Cloud,Google Cloud CDN,Nginx,OpenResty] [1f8631d046393ef77310f3149560294f]
https://leaderboard.coinmetro.com [404] [GET] [text/html] [Pageserver 404] [openresty] [google] [Google Cloud,Google Cloud CDN,Nginx,OpenResty] [1f8631d046393ef77310f3149560294f]
https://leaderboard.coinmetro.com [404] [GET] [text/html] [Pageserver 404] [openresty] [google] [Google Cloud,Google Cloud CDN,Nginx,OpenResty] [ef564f78b902902ce86b9352a8353ba5]
https://margin.coinmetro.com [404] [GET] [text/html] [Pageserver 404] [openresty] [google] [Google Cloud,Google Cloud CDN,Nginx,OpenResty] [ef564f78b902902ce86b9352a8353ba5]
https://media.coinmetro.com [200] [GET] [text/html] [CoinMetro Bucket] [cloudflare] [vhost] [cloudflare] [Amazon Web Services,Bootstrap,Cloudflare] [41af2dcde944479339f9bad5fa039dab]
https://media.coinmetro.com:2083 [403] [GET] [text/html] [Attention Required! | Cloudflare] [cloudflare] [vhost] [cloudflare] [Cloudflare] [aebf26ece66d9f05e2e38543e5f7ee8a]
https://media.coinmetro.com:2087 [403] [GET] [text/html] [Attention Required! | Cloudflare] [cloudflare] [vhost] [cloudflare] [Cloudflare] [db23369d93a6d7652a4ba9ea10e34e51]
https://media.coinmetro.com:8443 [403] [GET] [text/html] [Attention Required! | Cloudflare] [cloudflare] [vhost] [cloudflare] [Cloudflare] [00529d9c84978669cd9849abf8985ef8]
https://olympics.coinmetro.com [404] [GET] [text/html] [Pageserver 404] [openresty] [google] [Google Cloud,Google Cloud CDN,Nginx,OpenResty] [1f8631d046393ef77310f3149560294f]
https://olympics.coinmetro.com [404] [GET] [text/html] [Pageserver 404] [openresty] [google] [Google Cloud,Google Cloud CDN,Nginx,OpenResty] [5e794dc934c9f779b28e8c338fbc8b81]
https://open.coinmetro.com:2083 [403] [GET] [text/html] [Attention Required! | Cloudflare] [cloudflare] [vhost] [cloudflare] [Cloudflare] [73588afe0036e7d02922b50dd58a9af4]
https://open.coinmetro.com:2087 [403] [GET] [text/html] [Attention Required! | Cloudflare] [cloudflare] [vhost] [cloudflare] [Cloudflare] [541573ce0d9cb38f91a9f0be38fc9d76]
https://open.coinmetro.com:2096 [403] [GET] [text/html] [Attention Required! | Cloudflare] [cloudflare] [vhost] [cloudflare] [Cloudflare] [7c9c5b69ff4d6c1164bcc9dc5b010244]
https://open.coinmetro.com [401] [GET] [text/html] [401 Authorization Required] [cloudflare] [vhost] [cloudflare] [Basic,Cloudflare] [28c5f434e4ab2e2a682400cb005fb08b]
https://open.coinmetro.com [401] [GET] [text/html] [401 Authorization Required] [cloudflare] [vhost] [cloudflare] [Basic,Cloudflare] [55f69d37caed0efafa4d15970ed5f18e]
https://open.coinmetro.com:8443 [403] [GET] [text/html] [Attention Required! | Cloudflare] [cloudflare] [vhost] [cloudflare] [Cloudflare] [5f393dbc22058c632caeff3ef58cb089]
https://parsiq.coinmetro.com [404] [GET] [text/html] [Pageserver 404] [openresty] [google] [Google Cloud,Google Cloud CDN,Nginx,OpenResty] [1f8631d046393ef77310f3149560294f]
https://parsiq.coinmetro.com [404] [GET] [text/html] [Pageserver 404] [openresty] [google] [Google Cloud,Google Cloud CDN,Nginx,OpenResty] [31fc00f5326bb1b5918e604cb0e2f5b2]
https://pro.coinmetro.com [200] [GET] [text/html] [Deposit and Withdraw EUR Instantly] [openresty] [vhost] [google] [Google Cloud,Google Cloud CDN,Google Font API,Google Tag Manager,Nginx,OpenResty] [699ff13374eb4bf189cf4cf87aaef415]
https://rc.coinmetro.com:2083 [403] [GET] [text/html] [Attention Required! | Cloudflare] [cloudflare] [vhost] [cloudflare] [Cloudflare] [b1b0225879ebbcd6f3b0f9e4f72c5d25]
https://rc.coinmetro.com:2087 [403] [GET] [text/html] [Attention Required! | Cloudflare] [cloudflare] [vhost] [cloudflare] [Cloudflare] [c1ef2675e3d10c47c1ce0b16dfff94e5]
https://rc.coinmetro.com [401] [GET] [text/html] [401 Authorization Required] [cloudflare] [vhost] [cloudflare] [Basic,Cloudflare] [28c5f434e4ab2e2a682400cb005fb08b]
https://rc.coinmetro.com:8443 [403] [GET] [text/html] [Attention Required! | Cloudflare] [cloudflare] [vhost] [cloudflare] [Cloudflare] [b82cee8df970791a7ee799ec3e74a35c]
https://sandbox.coinmetro.com:2083 [403] [GET] [text/html] [Attention Required! | Cloudflare] [cloudflare] [vhost] [cloudflare] [Cloudflare] [8fe6b54094af456f8cd40f897db12cf4]
https://sandbox.coinmetro.com:2087 [403] [GET] [text/html] [Attention Required! | Cloudflare] [cloudflare] [vhost] [cloudflare] [Cloudflare] [5b9c503ea39eee31c4287842192c2694]
https://sandbox.coinmetro.com [401] [GET] [text/html] [401 Authorization Required] [cloudflare] [vhost] [cloudflare] [Basic,Cloudflare] [28c5f434e4ab2e2a682400cb005fb08b]
https://sandbox.coinmetro.com:8443 [403] [GET] [text/html] [Attention Required! | Cloudflare] [cloudflare] [vhost] [cloudflare] [Cloudflare] [1904ac96b5403c6b865b18e487c24ffb]
https://securities.coinmetro.com [404] [GET] [text/html] [Pageserver 404] [openresty] [google] [Google Cloud,Google Cloud CDN,Nginx,OpenResty] [1f8631d046393ef77310f3149560294f]
https://securities.coinmetro.com [404] [GET] [text/html] [Pageserver 404] [openresty] [google] [Google Cloud,Google Cloud CDN,Nginx,OpenResty] [ef564f78b902902ce86b9352a8353ba5]
https://services.coinmetro.com:2083 [403] [GET] [text/html] [Attention Required! | Cloudflare] [cloudflare] [vhost] [cloudflare] [Cloudflare] [6ea2baa1bde54fb63a89a9e088940088]
https://services.coinmetro.com:2087 [403] [GET] [text/html] [Attention Required! | Cloudflare] [cloudflare] [vhost] [cloudflare] [Cloudflare] [6f8459e146fd836714aa4cfa80d2947a]
https://services.coinmetro.com [404] [GET] [text/html] [404 Not Found] [cloudflare] [vhost] [cloudflare] [Cloudflare] [370e16c3b7dba286cff055f93b9a94d8]
https://services.coinmetro.com:8443 [403] [GET] [text/html] [Attention Required! | Cloudflare] [cloudflare] [vhost] [cloudflare] [Cloudflare] [3bf573c1b6a46f86bc0e604cf247465c]
https://services-sandbox.coinmetro.com:2083 [403] [GET] [text/html] [Attention Required! | Cloudflare] [cloudflare] [vhost] [cloudflare] [Cloudflare] [86c1b245b241fe3eb4a0939cb9b91d60]
https://services-sandbox.coinmetro.com:2087 [403] [GET] [text/html] [Attention Required! | Cloudflare] [cloudflare] [vhost] [cloudflare] [Cloudflare] [0d7ee73a6654f9e7f1b60be2ef6c7c28]
https://services-sandbox.coinmetro.com [404] [GET] [text/html] [404 Not Found] [cloudflare] [vhost] [cloudflare] [Cloudflare] [370e16c3b7dba286cff055f93b9a94d8]
https://services-sandbox.coinmetro.com:8443 [403] [GET] [text/html] [Attention Required! | Cloudflare] [cloudflare] [vhost] [cloudflare] [Cloudflare] [d261ab73cd7cc27753e5ea26ef5314b8]
https://status.coinmetro.com:2083 [403] [GET] [text/html] [Attention Required! | Cloudflare] [cloudflare] [vhost] [cloudflare] [Cloudflare] [32da99940e6c28eb7aabaa72931a024f]
https://status.coinmetro.com:2087 [403] [GET] [text/html] [Attention Required! | Cloudflare] [cloudflare] [vhost] [cloudflare] [Cloudflare] [51838a9db1f49b96b080b4a0e8050813]
https://status.coinmetro.com [403] [GET] [text/html] [Attention Required! | Cloudflare] [cloudflare] [vhost] [cloudflare] [Cloudflare] [4b923271c63b4c18a13e0bdf21fdd8ea]
https://status.coinmetro.com:8443 [403] [GET] [text/html] [Attention Required! | Cloudflare] [cloudflare] [vhost] [cloudflare] [Cloudflare] [3736cce849f254101e28d85ab375d42a]
https://summer.coinmetro.com [200] [GET] [text/html] [15 Weeks of Summer] [openresty] [vhost] [google] [Google Cloud,Google Cloud CDN,Google Font API,Nginx,OpenResty] [92476ebbf8368d9ed964aa38e25e961f]
http://status.coinmetro.com:2082 [301] [GET] [] [] [cloudflare] [cloudflare] [Cloudflare] [d41d8cd98f00b204e9800998ecf8427e]
http://status.coinmetro.com:2086 [301] [GET] [] [] [cloudflare] [cloudflare] [Cloudflare] [d41d8cd98f00b204e9800998ecf8427e]
http://status.coinmetro.com:8080 [301] [GET] [] [] [cloudflare] [cloudflare] [Cloudflare] [d41d8cd98f00b204e9800998ecf8427e]
https://trading.coinmetro.com [200] [GET] [text/html] [We're now accepting GBP deposits] [openresty] [vhost] [google] [Google Cloud,Google Cloud CDN,Google Font API,Google Tag Manager,Nginx,OpenResty] [47044567148b905af4828fd5f256b9e4]
https://tram.coinmetro.com [404] [GET] [text/html] [Pageserver 404] [openresty] [google] [Google Cloud,Google Cloud CDN,Nginx,OpenResty] [1f8631d046393ef77310f3149560294f]
https://www.coinmetro.com:2083 [403] [GET] [text/html] [Attention Required! | Cloudflare] [cloudflare] [vhost] [cloudflare] [Cloudflare] [0b36d45c7bdf1251cd9f538c7582193e]
https://www.coinmetro.com:2087 [403] [GET] [text/html] [Attention Required! | Cloudflare] [cloudflare] [vhost] [cloudflare] [Cloudflare] [7b3a57aa025ce968303a9d5d4b700c81]
https://www.coinmetro.com:2096 [403] [GET] [text/html] [Attention Required! | Cloudflare] [cloudflare] [vhost] [cloudflare] [Cloudflare] [d39544b92a308aaf0937db27a44c6501]
https://www.coinmetro.com [301] [GET] [text/html] [301 Moved Permanently] [cloudflare] [vhost] [cloudflare] [Cloudflare] [4f8e702cc244ec5d4de32740c0ecbd97]
https://www.coinmetro.com:8443 [403] [GET] [text/html] [Attention Required! | Cloudflare] [cloudflare] [vhost] [cloudflare] [Cloudflare] [6fd1c147a7b29e2f3a40c249d66e0733]
http://www.coinmetro.com:2082 [301] [GET] [] [] [cloudflare] [cloudflare] [Cloudflare] [d41d8cd98f00b204e9800998ecf8427e]
http://www.coinmetro.com:2086 [301] [GET] [] [] [cloudflare] [cloudflare] [Cloudflare] [d41d8cd98f00b204e9800998ecf8427e]
http://www.coinmetro.com:8080 [301] [GET] [] [] [cloudflare] [cloudflare] [Cloudflare] [d41d8cd98f00b204e9800998ecf8427e]
http://www.coinmetro.com:8880 [301] [GET] [] [] [cloudflare] [cloudflare] [Cloudflare] [d41d8cd98f00b204e9800998ecf8427e]
