http://api.composable.finance:2053 [400] [GET] [text/html] [400 The plain HTTP request was sent to HTTPS port] [cloudflare] [cloudflare] [Cloudflare] [20ad84d030031252141ca0b3fc0183f0]
http://api.composable.finance:2083 [400] [GET] [text/html] [400 The plain HTTP request was sent to HTTPS port] [cloudflare] [cloudflare] [Cloudflare] [20ad84d030031252141ca0b3fc0183f0]
http://api.composable.finance:2087 [400] [GET] [text/html] [400 The plain HTTP request was sent to HTTPS port] [cloudflare] [cloudflare] [Cloudflare] [20ad84d030031252141ca0b3fc0183f0]
http://api-dev.composable.finance:2053 [400] [GET] [text/html] [400 The plain HTTP request was sent to HTTPS port] [cloudflare] [cloudflare] [Cloudflare] [cd58783500d7fa3c58f88eb0ba22f4f8]
http://api-dev.composable.finance:2083 [400] [GET] [text/html] [400 The plain HTTP request was sent to HTTPS port] [cloudflare] [cloudflare] [Cloudflare] [20ad84d030031252141ca0b3fc0183f0]
http://api-dev.composable.finance:2087 [400] [GET] [text/html] [400 The plain HTTP request was sent to HTTPS port] [cloudflare] [cloudflare] [Cloudflare] [cd58783500d7fa3c58f88eb0ba22f4f8]
http://api-dev-nft.composable.finance:2053 [400] [GET] [text/html] [400 The plain HTTP request was sent to HTTPS port] [cloudflare] [cloudflare] [Cloudflare] [cd58783500d7fa3c58f88eb0ba22f4f8]
http://api-dev-nft.composable.finance:2083 [400] [GET] [text/html] [400 The plain HTTP request was sent to HTTPS port] [cloudflare] [cloudflare] [Cloudflare] [20ad84d030031252141ca0b3fc0183f0]
http://api-dev-nft.composable.finance:2087 [400] [GET] [text/html] [400 The plain HTTP request was sent to HTTPS port] [cloudflare] [cloudflare] [Cloudflare] [cd58783500d7fa3c58f88eb0ba22f4f8]
http://api-doc.composable.finance:2053 [400] [GET] [text/html] [400 The plain HTTP request was sent to HTTPS port] [cloudflare] [cloudflare] [Cloudflare] [cd58783500d7fa3c58f88eb0ba22f4f8]
http://api-doc.composable.finance:2083 [400] [GET] [text/html] [400 The plain HTTP request was sent to HTTPS port] [cloudflare] [cloudflare] [Cloudflare] [cd58783500d7fa3c58f88eb0ba22f4f8]
http://api-doc.composable.finance:2087 [400] [GET] [text/html] [400 The plain HTTP request was sent to HTTPS port] [cloudflare] [cloudflare] [Cloudflare] [20ad84d030031252141ca0b3fc0183f0]
http://api-nft.composable.finance:2087 [400] [GET] [text/html] [400 The plain HTTP request was sent to HTTPS port] [cloudflare] [cloudflare] [Cloudflare] [cd58783500d7fa3c58f88eb0ba22f4f8]
http://api-nft.composable.finance:2096 [400] [GET] [text/html] [400 The plain HTTP request was sent to HTTPS port] [cloudflare] [cloudflare] [Cloudflare] [20ad84d030031252141ca0b3fc0183f0]
http://bot.composable.finance:2087 [400] [GET] [text/html] [400 The plain HTTP request was sent to HTTPS port] [cloudflare] [cloudflare] [Cloudflare] [20ad84d030031252141ca0b3fc0183f0]
http://bot.composable.finance:2096 [400] [GET] [text/html] [400 The plain HTTP request was sent to HTTPS port] [cloudflare] [cloudflare] [Cloudflare] [20ad84d030031252141ca0b3fc0183f0]
http://bot-dev.composable.finance:2087 [400] [GET] [text/html] [400 The plain HTTP request was sent to HTTPS port] [cloudflare] [cloudflare] [Cloudflare] [cd58783500d7fa3c58f88eb0ba22f4f8]
http://bot-dev.composable.finance:2096 [400] [GET] [text/html] [400 The plain HTTP request was sent to HTTPS port] [cloudflare] [cloudflare] [Cloudflare] [20ad84d030031252141ca0b3fc0183f0]
http://crowdloan.composable.finance:2053 [400] [GET] [text/html] [400 The plain HTTP request was sent to HTTPS port] [cloudflare] [cloudflare] [Cloudflare] [20ad84d030031252141ca0b3fc0183f0]
http://crowdloan.composable.finance:2083 [400] [GET] [text/html] [400 The plain HTTP request was sent to HTTPS port] [cloudflare] [cloudflare] [Cloudflare] [20ad84d030031252141ca0b3fc0183f0]
http://crowdloan.composable.finance:2087 [400] [GET] [text/html] [400 The plain HTTP request was sent to HTTPS port] [cloudflare] [cloudflare] [Cloudflare] [cd58783500d7fa3c58f88eb0ba22f4f8]
http://dali-chachacha-faucet-bot.composable.finance:2087 [400] [GET] [text/html] [400 The plain HTTP request was sent to HTTPS port] [cloudflare] [cloudflare] [Cloudflare] [cd58783500d7fa3c58f88eb0ba22f4f8]
http://dali-chachacha-rpc.composable.finance:2087 [400] [GET] [text/html] [400 The plain HTTP request was sent to HTTPS port] [cloudflare] [cloudflare] [Cloudflare] [cd58783500d7fa3c58f88eb0ba22f4f8]
http://dali-chachacha-rpc.composable.finance:2096 [400] [GET] [text/html] [400 The plain HTTP request was sent to HTTPS port] [cloudflare] [cloudflare] [Cloudflare] [20ad84d030031252141ca0b3fc0183f0]
http://dali-subsquid.composable.finance:2096 [400] [GET] [text/html] [400 The plain HTTP request was sent to HTTPS port] [cloudflare] [cloudflare] [Cloudflare] [cd58783500d7fa3c58f88eb0ba22f4f8]
http://dexa.composable.finance:2087 [400] [GET] [text/html] [400 The plain HTTP request was sent to HTTPS port] [cloudflare] [cloudflare] [Cloudflare] [cd58783500d7fa3c58f88eb0ba22f4f8]
http://dexa.composable.finance:2096 [400] [GET] [text/html] [400 The plain HTTP request was sent to HTTPS port] [cloudflare] [cloudflare] [Cloudflare] [cd58783500d7fa3c58f88eb0ba22f4f8]
http://dexa-dev.composable.finance:2053 [400] [GET] [text/html] [400 The plain HTTP request was sent to HTTPS port] [cloudflare] [cloudflare] [Cloudflare] [cd58783500d7fa3c58f88eb0ba22f4f8]
http://dexa-dev.composable.finance:2083 [400] [GET] [text/html] [400 The plain HTTP request was sent to HTTPS port] [cloudflare] [cloudflare] [Cloudflare] [cd58783500d7fa3c58f88eb0ba22f4f8]
http://dexa-dev.composable.finance:2087 [400] [GET] [text/html] [400 The plain HTTP request was sent to HTTPS port] [cloudflare] [cloudflare] [Cloudflare] [20ad84d030031252141ca0b3fc0183f0]
http://forum.composable.finance:2087 [400] [GET] [text/html] [400 The plain HTTP request was sent to HTTPS port] [cloudflare] [cloudflare] [Cloudflare] [cd58783500d7fa3c58f88eb0ba22f4f8]
http://forum.composable.finance:2096 [400] [GET] [text/html] [400 The plain HTTP request was sent to HTTPS port] [cloudflare] [cloudflare] [Cloudflare] [cd58783500d7fa3c58f88eb0ba22f4f8]
http://mosaic-api.composable.finance:2053 [400] [GET] [text/html] [400 The plain HTTP request was sent to HTTPS port] [cloudflare] [cloudflare] [Cloudflare] [cd58783500d7fa3c58f88eb0ba22f4f8]
http://mosaic-api.composable.finance:2083 [400] [GET] [text/html] [400 The plain HTTP request was sent to HTTPS port] [cloudflare] [cloudflare] [Cloudflare] [20ad84d030031252141ca0b3fc0183f0]
http://mosaic-api.composable.finance:2087 [400] [GET] [text/html] [400 The plain HTTP request was sent to HTTPS port] [cloudflare] [cloudflare] [Cloudflare] [cd58783500d7fa3c58f88eb0ba22f4f8]
http://mosaic.composable.finance:2053 [400] [GET] [text/html] [400 The plain HTTP request was sent to HTTPS port] [cloudflare] [cloudflare] [Cloudflare] [20ad84d030031252141ca0b3fc0183f0]
http://mosaic.composable.finance:2083 [400] [GET] [text/html] [400 The plain HTTP request was sent to HTTPS port] [cloudflare] [cloudflare] [Cloudflare] [20ad84d030031252141ca0b3fc0183f0]
http://mosaic.composable.finance:2087 [400] [GET] [text/html] [400 The plain HTTP request was sent to HTTPS port] [cloudflare] [cloudflare] [Cloudflare] [cd58783500d7fa3c58f88eb0ba22f4f8]
http://mosaictest.composable.finance:2087 [400] [GET] [text/html] [400 The plain HTTP request was sent to HTTPS port] [cloudflare] [cloudflare] [Cloudflare] [20ad84d030031252141ca0b3fc0183f0]
http://mosaictest.composable.finance:2096 [400] [GET] [text/html] [400 The plain HTTP request was sent to HTTPS port] [cloudflare] [cloudflare] [Cloudflare] [cd58783500d7fa3c58f88eb0ba22f4f8]
http://mosaic-ws.composable.finance:2087 [400] [GET] [text/html] [400 The plain HTTP request was sent to HTTPS port] [cloudflare] [cloudflare] [Cloudflare] [cd58783500d7fa3c58f88eb0ba22f4f8]
http://mosaic-ws.composable.finance:2096 [400] [GET] [text/html] [400 The plain HTTP request was sent to HTTPS port] [cloudflare] [cloudflare] [Cloudflare] [cd58783500d7fa3c58f88eb0ba22f4f8]
http://paper.composable.finance:2053 [400] [GET] [text/html] [400 The plain HTTP request was sent to HTTPS port] [cloudflare] [cloudflare] [Cloudflare] [20ad84d030031252141ca0b3fc0183f0]
http://paper.composable.finance:2083 [400] [GET] [text/html] [400 The plain HTTP request was sent to HTTPS port] [cloudflare] [cloudflare] [Cloudflare] [20ad84d030031252141ca0b3fc0183f0]
http://paper.composable.finance:2087 [400] [GET] [text/html] [400 The plain HTTP request was sent to HTTPS port] [cloudflare] [cloudflare] [Cloudflare] [cd58783500d7fa3c58f88eb0ba22f4f8]
http://price-feed.composable.finance:2087 [400] [GET] [text/html] [400 The plain HTTP request was sent to HTTPS port] [cloudflare] [cloudflare] [Cloudflare] [cd58783500d7fa3c58f88eb0ba22f4f8]
http://price-feed-dev.composable.finance:2087 [400] [GET] [text/html] [400 The plain HTTP request was sent to HTTPS port] [cloudflare] [cloudflare] [Cloudflare] [cd58783500d7fa3c58f88eb0ba22f4f8]
http://price-feed-dev.composable.finance:2096 [400] [GET] [text/html] [400 The plain HTTP request was sent to HTTPS port] [cloudflare] [cloudflare] [Cloudflare] [20ad84d030031252141ca0b3fc0183f0]
http://referral.composable.finance:2053 [400] [GET] [text/html] [400 The plain HTTP request was sent to HTTPS port] [cloudflare] [cloudflare] [Cloudflare] [cd58783500d7fa3c58f88eb0ba22f4f8]
http://referral.composable.finance:2083 [400] [GET] [text/html] [400 The plain HTTP request was sent to HTTPS port] [cloudflare] [cloudflare] [Cloudflare] [cd58783500d7fa3c58f88eb0ba22f4f8]
http://referral.composable.finance:2087 [400] [GET] [text/html] [400 The plain HTTP request was sent to HTTPS port] [cloudflare] [cloudflare] [Cloudflare] [20ad84d030031252141ca0b3fc0183f0]
http://referral-dev.composable.finance:2087 [400] [GET] [text/html] [400 The plain HTTP request was sent to HTTPS port] [cloudflare] [cloudflare] [Cloudflare] [20ad84d030031252141ca0b3fc0183f0]
http://relayer-api.composable.finance:2053 [400] [GET] [text/html] [400 The plain HTTP request was sent to HTTPS port] [cloudflare] [cloudflare] [Cloudflare] [20ad84d030031252141ca0b3fc0183f0]
http://relayer-api.composable.finance:2083 [400] [GET] [text/html] [400 The plain HTTP request was sent to HTTPS port] [cloudflare] [cloudflare] [Cloudflare] [20ad84d030031252141ca0b3fc0183f0]
http://relayer-api.composable.finance:2087 [400] [GET] [text/html] [400 The plain HTTP request was sent to HTTPS port] [cloudflare] [cloudflare] [Cloudflare] [20ad84d030031252141ca0b3fc0183f0]
http://relayer-dev-nft.composable.finance:2082 [403] [GET] [text/html] [DNS points to local or disallowed IP | relayer-dev-nft.composable.finance | Cloudflare] [cloudflare] [vhost] [cloudflare] [Cloudflare] [d4e7d894f96d7bbe4efd5ad26f846d4a]
http://relayer-dev-nft.composable.finance:2086 [403] [GET] [text/html] [DNS points to local or disallowed IP | relayer-dev-nft.composable.finance | Cloudflare] [cloudflare] [vhost] [cloudflare] [Cloudflare] [5681c7f1f04f09247d6bfae9e1a335c4]
http://relayer-dev-nft.composable.finance:8080 [403] [GET] [text/html] [DNS points to local or disallowed IP | relayer-dev-nft.composable.finance | Cloudflare] [cloudflare] [vhost] [cloudflare] [Cloudflare] [7c1c47c26e6646184b12d7b77776f540]
http://relayer-dev-nft.composable.finance:8880 [403] [GET] [text/html] [DNS points to local or disallowed IP | relayer-dev-nft.composable.finance | Cloudflare] [cloudflare] [vhost] [cloudflare] [Cloudflare] [c77b5144fcac95235fe642da93850ae5]
http://relayer-ws.composable.finance:2083 [400] [GET] [text/html] [400 The plain HTTP request was sent to HTTPS port] [cloudflare] [cloudflare] [Cloudflare] [20ad84d030031252141ca0b3fc0183f0]
http://relayer-ws.composable.finance:2087 [400] [GET] [text/html] [400 The plain HTTP request was sent to HTTPS port] [cloudflare] [cloudflare] [Cloudflare] [cd58783500d7fa3c58f88eb0ba22f4f8]
http://rpc1.composable.finance:2053 [400] [GET] [text/html] [400 The plain HTTP request was sent to HTTPS port] [cloudflare] [cloudflare] [Cloudflare] [cd58783500d7fa3c58f88eb0ba22f4f8]
http://rpc1.composable.finance:2083 [400] [GET] [text/html] [400 The plain HTTP request was sent to HTTPS port] [cloudflare] [cloudflare] [Cloudflare] [cd58783500d7fa3c58f88eb0ba22f4f8]
http://rpc1.composable.finance:2087 [400] [GET] [text/html] [400 The plain HTTP request was sent to HTTPS port] [cloudflare] [cloudflare] [Cloudflare] [20ad84d030031252141ca0b3fc0183f0]
http://rpc1.composable.finance:8080 [521] [GET] [] [] [cloudflare] [vhost] [cloudflare] [Cloudflare] [d41d8cd98f00b204e9800998ecf8427e]
http://rpc2.composable.finance:2087 [400] [GET] [text/html] [400 The plain HTTP request was sent to HTTPS port] [cloudflare] [cloudflare] [Cloudflare] [cd58783500d7fa3c58f88eb0ba22f4f8]
http://rpc2.composable.finance:2096 [400] [GET] [text/html] [400 The plain HTTP request was sent to HTTPS port] [cloudflare] [cloudflare] [Cloudflare] [20ad84d030031252141ca0b3fc0183f0]
https://api.composable.finance [404] [GET] [application/json] [] [cloudflare] [vhost] [cloudflare] [Cloudflare] [ddd3351079af6bea6c6e808972a737ad]
https://api-dev.composable.finance [404] [GET] [application/json] [] [cloudflare] [vhost] [cloudflare] [Cloudflare] [c5ad5139ffcee8b234217dcf60d08cba]
https://api-dev-nft.composable.finance [404] [GET] [application/json] [] [cloudflare] [vhost] [cloudflare] [Cloudflare] [ddd3351079af6bea6c6e808972a737ad]
https://api-doc.composable.finance [503] [GET] [text/html] [503 Service Temporarily Unavailable] [cloudflare] [vhost] [cloudflare] [Cloudflare] [80d85d8dee5d6b66ea68013f7ca3284a]
https://api-nft.composable.finance [404] [GET] [application/json] [] [cloudflare] [vhost] [cloudflare] [Cloudflare] [ddd3351079af6bea6c6e808972a737ad]
https://app.composable.finance [200] [GET] [text/html] [Apps | Composable Finance] [openresty] [Fastly,Nginx,OpenResty,Varnish,Webflow] [5160295dbbf9cd11eb24a3a2d7f1f61a]
https://apps.composable.finance [200] [GET] [text/html] [Apps | Composable Finance] [openresty] [Fastly,Nginx,OpenResty,Varnish,Webflow] [5afadf6592938afcedde87c6533a4d8e]
https://asia-picasso-rpc.composable.finance [502] [GET] [text/html] [502 Bad Gateway] [nginx/1.18.0 (Ubuntu)] [google] [Nginx:1.18.0,Ubuntu] [d131850514b200c7ef56710965b3c70d]
https://bot.composable.finance [404] [GET] [text/html] [404 Not Found] [cloudflare] [vhost] [cloudflare] [Cloudflare] [370e16c3b7dba286cff055f93b9a94d8]
https://bot.composable.finance [404] [GET] [text/html] [404 Not Found] [cloudflare] [vhost] [cloudflare] [Cloudflare] [8eec510e57f5f732fd2cce73df7b73ef]
https://bot-dev.composable.finance [404] [GET] [text/html] [404 Not Found] [cloudflare] [vhost] [cloudflare] [Cloudflare] [370e16c3b7dba286cff055f93b9a94d8]
https://composable.finance [301] [GET] [text/html] [301 Moved Permanently] [openresty] [vhost] [Nginx,OpenResty] [3ea1c8d079b38532a6e01a96216ba5e2]
https://crowdloan.composable.finance [200] [GET] [text/html] [Crowdloan | Composable Finance Network] [cloudflare] [vhost] [cloudflare] [Cloudflare,Vercel,Webflow] [3a6680c112ca46e6461295d9bf90b9b8]
https://dali-chachacha-faucet-bot.composable.finance:2096 [403] [GET] [text/plain] [] [cloudflare] [vhost] [cloudflare] [Cloudflare] [4f20b85ce5ebf225720e040314a7966a]
https://dali-subsquid.composable.finance:2087 [403] [GET] [text/plain] [] [cloudflare] [vhost] [cloudflare] [Cloudflare] [4f20b85ce5ebf225720e040314a7966a]
https://dali-subsquid.composable.finance [404] [GET] [text/html] [Error] [cloudflare] [vhost] [cloudflare] [Cloudflare,Express,Node.js] [da7da7d630292e7a2a7dda8ca87b3d39]
https://dexa.composable.finance [404] [GET] [text/html] [Error] [cloudflare] [vhost] [cloudflare] [Cloudflare,Express,Node.js] [da7da7d630292e7a2a7dda8ca87b3d39]
https://dexa-dev.composable.finance [404] [GET] [text/html] [Error] [cloudflare] [vhost] [cloudflare] [Cloudflare,Express,Node.js] [da7da7d630292e7a2a7dda8ca87b3d39]
http://sdk-api.composable.finance:2053 [400] [GET] [text/html] [400 The plain HTTP request was sent to HTTPS port] [cloudflare] [cloudflare] [Cloudflare] [cd58783500d7fa3c58f88eb0ba22f4f8]
http://sdk-api.composable.finance:2083 [400] [GET] [text/html] [400 The plain HTTP request was sent to HTTPS port] [cloudflare] [cloudflare] [Cloudflare] [cd58783500d7fa3c58f88eb0ba22f4f8]
http://sdk-api.composable.finance:2087 [400] [GET] [text/html] [400 The plain HTTP request was sent to HTTPS port] [cloudflare] [cloudflare] [Cloudflare] [20ad84d030031252141ca0b3fc0183f0]
http://sdk-api-dev.composable.finance:2053 [400] [GET] [text/html] [400 The plain HTTP request was sent to HTTPS port] [cloudflare] [cloudflare] [Cloudflare] [cd58783500d7fa3c58f88eb0ba22f4f8]
http://sdk-api-dev.composable.finance:2083 [400] [GET] [text/html] [400 The plain HTTP request was sent to HTTPS port] [cloudflare] [cloudflare] [Cloudflare] [20ad84d030031252141ca0b3fc0183f0]
http://sdk-api-dev.composable.finance:2087 [400] [GET] [text/html] [400 The plain HTTP request was sent to HTTPS port] [cloudflare] [cloudflare] [Cloudflare] [cd58783500d7fa3c58f88eb0ba22f4f8]
http://sdk-docs.composable.finance:2053 [400] [GET] [text/html] [400 The plain HTTP request was sent to HTTPS port] [cloudflare] [cloudflare] [Cloudflare] [20ad84d030031252141ca0b3fc0183f0]
http://sdk-docs.composable.finance:2083 [400] [GET] [text/html] [400 The plain HTTP request was sent to HTTPS port] [cloudflare] [cloudflare] [Cloudflare] [20ad84d030031252141ca0b3fc0183f0]
http://sdk-docs.composable.finance:2087 [400] [GET] [text/html] [400 The plain HTTP request was sent to HTTPS port] [cloudflare] [cloudflare] [Cloudflare] [cd58783500d7fa3c58f88eb0ba22f4f8]
https://docs.composable.finance [200] [GET] [text/html] [👋 Introduction - Composable Finance] [nginx/1.18.0 (Ubuntu)] [google] [Font Awesome,Nginx:1.18.0,Ubuntu] [16626703a38a0e15ed6be13deb02daa8]
https://forum.composable.finance [200] [GET] [text/html] [Discourse] [cloudflare] [vhost] [cloudflare] [Cloudflare,Discourse,Ruby on Rails] [a6f36575c98fd95384f7c6345edf585b]
https://get.composable.finance [200] [GET] [text/x-sh] [] [cloudflare] [vhost] [cloudflare] [Cloudflare,Google Cloud,Google Cloud Storage] [0ab7de47662abce46bbf9737ecab2762]
https://get.composable.finance:2053 [521] [GET] [] [] [cloudflare] [vhost] [cloudflare] [Cloudflare] [d41d8cd98f00b204e9800998ecf8427e]
https://get.composable.finance:2083 [525] [GET] [] [] [cloudflare] [vhost] [cloudflare] [Cloudflare] [d41d8cd98f00b204e9800998ecf8427e]
https://get.composable.finance:2087 [521] [GET] [] [] [cloudflare] [vhost] [cloudflare] [Cloudflare] [d41d8cd98f00b204e9800998ecf8427e]
https://grants.composable.finance [200] [GET] [text/html] [Grants | Composable Finance] [openresty] [Fastly,Nginx,OpenResty,Varnish,Webflow] [cd3abef31bf9145fb65e883c34490e09]
https://mosaic-api.composable.finance [200] [GET] [application/json] [] [cloudflare] [vhost] [cloudflare] [Cloudflare,Express,Node.js] [5df0343993b02e1eda57461e7374852a]
https://mosaic.composable.finance [200] [GET] [text/html] [Mosaic | Composable Finance] [cloudflare] [vhost] [cloudflare] [Cloudflare,Google Font API,Vercel] [1524c473d29983f891f6627968b90e96]
https://mosaictest.composable.finance [200] [GET] [text/html] [Mosaic | Composable Finance] [cloudflare] [vhost] [cloudflare] [Cloudflare,Google Font API,React,Vercel] [a7afa6eb2a499dc7f51f9ffa084128ca]
https://mosaic-ws.composable.finance [404] [GET] [text/html] [Error] [cloudflare] [vhost] [cloudflare] [Cloudflare,Express,Node.js] [da7da7d630292e7a2a7dda8ca87b3d39]
https://paper.composable.finance [200] [GET] [text/html] [Composable Finance             Whitepaper] [cloudflare] [vhost] [cloudflare] [Amazon Cloudfront,Amazon Web Services,Cloudflare] [c3ec3dcb870f5141d1bd95c2ec9692ea]
https://picasso-rpc.composable.finance [502] [GET] [text/html] [502 Bad Gateway] [nginx/1.18.0 (Ubuntu)] [google] [Nginx:1.18.0,Ubuntu] [d131850514b200c7ef56710965b3c70d]
https://price-feed.composable.finance:2096 [403] [GET] [text/plain] [] [cloudflare] [vhost] [cloudflare] [Cloudflare] [4f20b85ce5ebf225720e040314a7966a]
https://price-feed.composable.finance [502] [GET] [text/html] [502 Bad Gateway] [cloudflare] [vhost] [cloudflare] [Cloudflare] [2b027182dd680c922c2045072dad573c]
https://price-feed.composable.finance [503] [GET] [text/html] [503 Service Temporarily Unavailable] [cloudflare] [vhost] [cloudflare] [Cloudflare] [80d85d8dee5d6b66ea68013f7ca3284a]
https://price-feed-dev.composable.finance [404] [GET] [text/html] [Error] [cloudflare] [vhost] [cloudflare] [Cloudflare,Express,Node.js] [da7da7d630292e7a2a7dda8ca87b3d39]
https://referral.composable.finance [404] [GET] [text/html] [404 Not Found] [cloudflare] [vhost] [cloudflare] [Cloudflare] [370e16c3b7dba286cff055f93b9a94d8]
https://referral.composable.finance [404] [GET] [text/html] [404 Not Found] [cloudflare] [vhost] [cloudflare] [Cloudflare] [8eec510e57f5f732fd2cce73df7b73ef]
https://referral-dev.composable.finance:2096 [403] [GET] [text/plain] [] [cloudflare] [vhost] [cloudflare] [Cloudflare] [4f20b85ce5ebf225720e040314a7966a]
https://referral-dev.composable.finance [404] [GET] [text/html] [404 Not Found] [cloudflare] [vhost] [cloudflare] [Cloudflare] [370e16c3b7dba286cff055f93b9a94d8]
https://referral-dev.composable.finance [404] [GET] [text/html] [404 Not Found] [cloudflare] [vhost] [cloudflare] [Cloudflare] [8eec510e57f5f732fd2cce73df7b73ef]
https://relayer-api.composable.finance [200] [GET] [application/json] [] [cloudflare] [vhost] [cloudflare] [Cloudflare,Express,Node.js] [5df0343993b02e1eda57461e7374852a]
https://relayer-dev-nft.composable.finance:2053 [403] [GET] [text/html] [DNS points to local or disallowed IP | relayer-dev-nft.composable.finance | Cloudflare] [cloudflare] [vhost] [cloudflare] [Cloudflare] [9fbb630d2d41bed8c22091a33cbe6145]
https://relayer-dev-nft.composable.finance:2083 [403] [GET] [text/html] [DNS points to local or disallowed IP | relayer-dev-nft.composable.finance | Cloudflare] [cloudflare] [vhost] [cloudflare] [Cloudflare] [36eb3a09373368fc6240dac53085ff34]
https://relayer-dev-nft.composable.finance:2087 [403] [GET] [text/html] [DNS points to local or disallowed IP | relayer-dev-nft.composable.finance | Cloudflare] [cloudflare] [vhost] [cloudflare] [Cloudflare] [22894d4799e8c4f3d838d3edf2a0929a]
https://relayer-dev-nft.composable.finance [403] [GET] [text/html] [DNS points to local or disallowed IP | relayer-dev-nft.composable.finance | Cloudflare] [cloudflare] [vhost] [cloudflare] [Cloudflare] [9162108346de3c695ac91c0c00521537]
https://relayer-dev-nft.composable.finance [403] [GET] [text/html] [DNS points to local or disallowed IP | relayer-dev-nft.composable.finance | Cloudflare] [cloudflare] [vhost] [cloudflare] [Cloudflare] [e5109fed71ff997481c9530a37c05e3d]
https://relayer-ws.composable.finance [404] [GET] [text/html] [Error] [cloudflare] [vhost] [cloudflare] [Cloudflare,Express,Node.js] [da7da7d630292e7a2a7dda8ca87b3d39]
https://rpc.composable.finance [502] [GET] [text/html] [502 Bad Gateway] [nginx/1.18.0 (Ubuntu)] [google] [Nginx:1.18.0,Ubuntu] [b7a0f2b3e95ab9f1da72121ab5f88540]
https://rpc.composable.finance [502] [GET] [text/html] [502 Bad Gateway] [nginx/1.18.0 (Ubuntu)] [google] [Nginx:1.18.0,Ubuntu] [d131850514b200c7ef56710965b3c70d]
https://rpc-subscan.composable.finance [502] [GET] [text/html] [502 Bad Gateway] [nginx/1.21.6] [vhost] [google] [Nginx:1.21.6] [2b699d56ac352f2cab2c7e45e5c3c80e]
https://rpc-subscan.composable.finance [502] [GET] [text/html] [502 Bad Gateway] [nginx/1.21.6] [vhost] [google] [Nginx:1.21.6] [8bb5f53870495ffeaee3e1b9efe9957c]
https://sdk-api.composable.finance [200] [GET] [application/json] [] [cloudflare] [vhost] [cloudflare] [Cloudflare,Express,Node.js] [5df0343993b02e1eda57461e7374852a]
https://sdk-api-dev.composable.finance [200] [GET] [application/json] [] [cloudflare] [vhost] [cloudflare] [Cloudflare,Express,Node.js] [5df0343993b02e1eda57461e7374852a]
https://sdk-api-dev.composable.finance [403] [GET] [text/plain] [] [cloudflare] [vhost] [cloudflare] [Cloudflare] [4f20b85ce5ebf225720e040314a7966a]
https://sdk-docs.composable.finance [200] [GET] [text/html] [Composable Finance Docs | Composable Finance] [cloudflare] [vhost] [cloudflare] [Cloudflare,Docusaurus:2.0.0-beta.1,React,Vercel,webpack] [2c3cb599c78fc1706511ba3ab96915ac]
https://status.composable.finance [200] [GET] [text/html] [Composable Node Status – updown.io] [cloudflare] [vhost] [cloudflare] [Cloudflare,Phusion Passenger] [7ab1042b6560dadee5bd3272292cc4e7]
https://status.composable.finance [200] [GET] [text/html] [Composable Node Status – updown.io] [cloudflare] [vhost] [cloudflare] [Cloudflare,Phusion Passenger] [b7d2a3fe78a1aef37a0bd07dbd848b7d]
https://strategies.composable.finance [200] [GET] [text/html] [Composable Finance] [cloudflare] [vhost] [cloudflare] [Cloudflare,Google Font API,Vercel] [a10eacb9fcfbce5678fc8e8c653783b3]
http://status.composable.finance:2053 [400] [GET] [text/html] [400 The plain HTTP request was sent to HTTPS port] [cloudflare] [cloudflare] [Cloudflare] [20ad84d030031252141ca0b3fc0183f0]
http://status.composable.finance:2083 [400] [GET] [text/html] [400 The plain HTTP request was sent to HTTPS port] [cloudflare] [cloudflare] [Cloudflare] [cd58783500d7fa3c58f88eb0ba22f4f8]
http://status.composable.finance:2087 [400] [GET] [text/html] [400 The plain HTTP request was sent to HTTPS port] [cloudflare] [cloudflare] [Cloudflare] [cd58783500d7fa3c58f88eb0ba22f4f8]
http://storybook.composable.finance [200] [GET] [text/html] [Storybook] [cloudflare] [vhost] [cloudflare] [Amazon Web Services,Cloudflare] [211d4e2f11f8ee28ced0484726002372]
http://storybook.composable.finance:2053 [400] [GET] [text/html] [400 The plain HTTP request was sent to HTTPS port] [cloudflare] [cloudflare] [Cloudflare] [cd58783500d7fa3c58f88eb0ba22f4f8]
http://storybook.composable.finance:2083 [400] [GET] [text/html] [400 The plain HTTP request was sent to HTTPS port] [cloudflare] [cloudflare] [Cloudflare] [cd58783500d7fa3c58f88eb0ba22f4f8]
http://storybook.composable.finance:2087 [400] [GET] [text/html] [400 The plain HTTP request was sent to HTTPS port] [cloudflare] [cloudflare] [Cloudflare] [cd58783500d7fa3c58f88eb0ba22f4f8]
https://transfers-api-dev.composable.finance [404] [GET] [application/json] [] [] [Express,Node.js] [093206c775ab5f7ce396f1b67fcae5bb]
http://strategies.composable.finance:2087 [400] [GET] [text/html] [400 The plain HTTP request was sent to HTTPS port] [cloudflare] [cloudflare] [Cloudflare] [cd58783500d7fa3c58f88eb0ba22f4f8]
http://strategies.composable.finance:2096 [400] [GET] [text/html] [400 The plain HTTP request was sent to HTTPS port] [cloudflare] [cloudflare] [Cloudflare] [cd58783500d7fa3c58f88eb0ba22f4f8]
https://www.composable.finance [200] [GET] [text/html] [Composable Finance] [openresty] [Fastly,Google Tag Manager,Nginx,OpenResty,Varnish,Webflow] [d1ff9b7b8992ce66b94a2184fa26a59e]
http://ws-dev-nft.composable.finance:2087 [400] [GET] [text/html] [400 The plain HTTP request was sent to HTTPS port] [cloudflare] [cloudflare] [Cloudflare] [cd58783500d7fa3c58f88eb0ba22f4f8]
http://ws-dev-nft.composable.finance:2096 [400] [GET] [text/html] [400 The plain HTTP request was sent to HTTPS port] [cloudflare] [cloudflare] [Cloudflare] [cd58783500d7fa3c58f88eb0ba22f4f8]
http://ws-dev-nft.composable.finance [308] [GET] [text/html] [308 Permanent Redirect] [cloudflare] [vhost] [cloudflare] [Cloudflare] [f23c4815ecaef1588f16ac735c0e15d6]
http://ws-nft.composable.finance:2053 [400] [GET] [text/html] [400 The plain HTTP request was sent to HTTPS port] [cloudflare] [cloudflare] [Cloudflare] [20ad84d030031252141ca0b3fc0183f0]
http://ws-nft.composable.finance:2083 [400] [GET] [text/html] [400 The plain HTTP request was sent to HTTPS port] [cloudflare] [cloudflare] [Cloudflare] [cd58783500d7fa3c58f88eb0ba22f4f8]
http://ws-nft.composable.finance:2087 [400] [GET] [text/html] [400 The plain HTTP request was sent to HTTPS port] [cloudflare] [cloudflare] [Cloudflare] [cd58783500d7fa3c58f88eb0ba22f4f8]
http://ws-nft.composable.finance [308] [GET] [text/html] [308 Permanent Redirect] [cloudflare] [vhost] [cloudflare] [Cloudflare] [f23c4815ecaef1588f16ac735c0e15d6]
