http://api.cryptology.com:2083 [400] [GET] [text/html] [400 The plain HTTP request was sent to HTTPS port] [cloudflare] [cloudflare] [Cloudflare] [20ad84d030031252141ca0b3fc0183f0]
http://api.cryptology.com:2087 [400] [GET] [text/html] [400 The plain HTTP request was sent to HTTPS port] [cloudflare] [cloudflare] [Cloudflare] [cd58783500d7fa3c58f88eb0ba22f4f8]
http://api.cryptology.com:8443 [400] [GET] [text/html] [400 The plain HTTP request was sent to HTTPS port] [cloudflare] [cloudflare] [Cloudflare] [cd58783500d7fa3c58f88eb0ba22f4f8]
http://api-sandbox.cryptology.com:2083 [400] [GET] [text/html] [400 The plain HTTP request was sent to HTTPS port] [cloudflare] [cloudflare] [Cloudflare] [20ad84d030031252141ca0b3fc0183f0]
http://api-sandbox.cryptology.com:2087 [400] [GET] [text/html] [400 The plain HTTP request was sent to HTTPS port] [cloudflare] [cloudflare] [Cloudflare] [20ad84d030031252141ca0b3fc0183f0]
http://api-sandbox.cryptology.com:8443 [400] [GET] [text/html] [400 The plain HTTP request was sent to HTTPS port] [cloudflare] [cloudflare] [Cloudflare] [20ad84d030031252141ca0b3fc0183f0]
http://bapi.cryptology.com:2083 [400] [GET] [text/html] [400 The plain HTTP request was sent to HTTPS port] [cloudflare] [cloudflare] [Cloudflare] [cd58783500d7fa3c58f88eb0ba22f4f8]
http://bapi.cryptology.com:2087 [400] [GET] [text/html] [400 The plain HTTP request was sent to HTTPS port] [cloudflare] [cloudflare] [Cloudflare] [cd58783500d7fa3c58f88eb0ba22f4f8]
http://bapi.cryptology.com:8443 [400] [GET] [text/html] [400 The plain HTTP request was sent to HTTPS port] [cloudflare] [cloudflare] [Cloudflare] [cd58783500d7fa3c58f88eb0ba22f4f8]
http://bapi-sandbox.cryptology.com:2087 [400] [GET] [text/html] [400 The plain HTTP request was sent to HTTPS port] [cloudflare] [cloudflare] [Cloudflare] [20ad84d030031252141ca0b3fc0183f0]
http://bapi-sandbox.cryptology.com:8443 [400] [GET] [text/html] [400 The plain HTTP request was sent to HTTPS port] [cloudflare] [cloudflare] [Cloudflare] [20ad84d030031252141ca0b3fc0183f0]
http://bstream.cryptology.com:2083 [400] [GET] [text/html] [400 The plain HTTP request was sent to HTTPS port] [cloudflare] [cloudflare] [Cloudflare] [20ad84d030031252141ca0b3fc0183f0]
http://bstream.cryptology.com:2087 [400] [GET] [text/html] [400 The plain HTTP request was sent to HTTPS port] [cloudflare] [cloudflare] [Cloudflare] [cd58783500d7fa3c58f88eb0ba22f4f8]
http://bstream.cryptology.com:8443 [400] [GET] [text/html] [400 The plain HTTP request was sent to HTTPS port] [cloudflare] [cloudflare] [Cloudflare] [cd58783500d7fa3c58f88eb0ba22f4f8]
http://bstream-sandbox.cryptology.com:2087 [400] [GET] [text/html] [400 The plain HTTP request was sent to HTTPS port] [cloudflare] [cloudflare] [Cloudflare] [20ad84d030031252141ca0b3fc0183f0]
http://bstream-sandbox.cryptology.com:8443 [400] [GET] [text/html] [400 The plain HTTP request was sent to HTTPS port] [cloudflare] [cloudflare] [Cloudflare] [cd58783500d7fa3c58f88eb0ba22f4f8]
http://contracts-api.cryptology.com:2087 [400] [GET] [text/html] [400 The plain HTTP request was sent to HTTPS port] [cloudflare] [cloudflare] [Cloudflare] [20ad84d030031252141ca0b3fc0183f0]
http://contracts-api.cryptology.com:8443 [400] [GET] [text/html] [400 The plain HTTP request was sent to HTTPS port] [cloudflare] [cloudflare] [Cloudflare] [20ad84d030031252141ca0b3fc0183f0]
http://contracts-api-sandbox.cryptology.com:2087 [400] [GET] [text/html] [400 The plain HTTP request was sent to HTTPS port] [cloudflare] [cloudflare] [Cloudflare] [20ad84d030031252141ca0b3fc0183f0]
http://contracts-api-sandbox.cryptology.com:8443 [400] [GET] [text/html] [400 The plain HTTP request was sent to HTTPS port] [cloudflare] [cloudflare] [Cloudflare] [cd58783500d7fa3c58f88eb0ba22f4f8]
http://gl-runner1.cryptology.com:9100 [200] [GET] [text/html] [Node Exporter] [] [5b2ba33259efadf489d28570766e5de8]
http://octopus.cryptology.com:2083 [400] [GET] [text/html] [400 The plain HTTP request was sent to HTTPS port] [cloudflare] [cloudflare] [Cloudflare] [20ad84d030031252141ca0b3fc0183f0]
http://octopus.cryptology.com:2087 [400] [GET] [text/html] [400 The plain HTTP request was sent to HTTPS port] [cloudflare] [cloudflare] [Cloudflare] [cd58783500d7fa3c58f88eb0ba22f4f8]
http://octopus.cryptology.com:8443 [400] [GET] [text/html] [400 The plain HTTP request was sent to HTTPS port] [cloudflare] [cloudflare] [Cloudflare] [20ad84d030031252141ca0b3fc0183f0]
http://octopus-dev-ws.cryptology.com:2083 [400] [GET] [text/html] [400 The plain HTTP request was sent to HTTPS port] [cloudflare] [cloudflare] [Cloudflare] [20ad84d030031252141ca0b3fc0183f0]
http://octopus-dev-ws.cryptology.com:2087 [400] [GET] [text/html] [400 The plain HTTP request was sent to HTTPS port] [cloudflare] [cloudflare] [Cloudflare] [20ad84d030031252141ca0b3fc0183f0]
http://octopus-dev-ws.cryptology.com:8443 [400] [GET] [text/html] [400 The plain HTTP request was sent to HTTPS port] [cloudflare] [cloudflare] [Cloudflare] [20ad84d030031252141ca0b3fc0183f0]
http://octopus-prod-ws.cryptology.com:2083 [400] [GET] [text/html] [400 The plain HTTP request was sent to HTTPS port] [cloudflare] [cloudflare] [Cloudflare] [20ad84d030031252141ca0b3fc0183f0]
http://octopus-prod-ws.cryptology.com:2087 [400] [GET] [text/html] [400 The plain HTTP request was sent to HTTPS port] [cloudflare] [cloudflare] [Cloudflare] [cd58783500d7fa3c58f88eb0ba22f4f8]
http://octopus-prod-ws.cryptology.com:8443 [400] [GET] [text/html] [400 The plain HTTP request was sent to HTTPS port] [cloudflare] [cloudflare] [Cloudflare] [20ad84d030031252141ca0b3fc0183f0]
http://octopus-sandbox.cryptology.com:2083 [400] [GET] [text/html] [400 The plain HTTP request was sent to HTTPS port] [cloudflare] [cloudflare] [Cloudflare] [cd58783500d7fa3c58f88eb0ba22f4f8]
http://octopus-sandbox.cryptology.com:2087 [400] [GET] [text/html] [400 The plain HTTP request was sent to HTTPS port] [cloudflare] [cloudflare] [Cloudflare] [20ad84d030031252141ca0b3fc0183f0]
http://octopus-sandbox.cryptology.com:8443 [400] [GET] [text/html] [400 The plain HTTP request was sent to HTTPS port] [cloudflare] [cloudflare] [Cloudflare] [cd58783500d7fa3c58f88eb0ba22f4f8]
http://octopus-staging-ws.cryptology.com:2083 [400] [GET] [text/html] [400 The plain HTTP request was sent to HTTPS port] [cloudflare] [cloudflare] [Cloudflare] [cd58783500d7fa3c58f88eb0ba22f4f8]
http://octopus-staging-ws.cryptology.com:2087 [400] [GET] [text/html] [400 The plain HTTP request was sent to HTTPS port] [cloudflare] [cloudflare] [Cloudflare] [20ad84d030031252141ca0b3fc0183f0]
http://octopus-staging-ws.cryptology.com:8443 [400] [GET] [text/html] [400 The plain HTTP request was sent to HTTPS port] [cloudflare] [cloudflare] [Cloudflare] [20ad84d030031252141ca0b3fc0183f0]
http://otc-pe-api-client.cryptology.com:2087 [400] [GET] [text/html] [400 The plain HTTP request was sent to HTTPS port] [cloudflare] [cloudflare] [Cloudflare] [cd58783500d7fa3c58f88eb0ba22f4f8]
http://otc-pe-api-client.cryptology.com:8443 [400] [GET] [text/html] [400 The plain HTTP request was sent to HTTPS port] [cloudflare] [cloudflare] [Cloudflare] [cd58783500d7fa3c58f88eb0ba22f4f8]
http://otc-pe-api-partner.cryptology.com:2087 [400] [GET] [text/html] [400 The plain HTTP request was sent to HTTPS port] [cloudflare] [cloudflare] [Cloudflare] [20ad84d030031252141ca0b3fc0183f0]
http://otc-pe-api-partner.cryptology.com:8443 [400] [GET] [text/html] [400 The plain HTTP request was sent to HTTPS port] [cloudflare] [cloudflare] [Cloudflare] [cd58783500d7fa3c58f88eb0ba22f4f8]
http://payments-dev-otc-pe-api-client.cryptology.com:2087 [400] [GET] [text/html] [400 The plain HTTP request was sent to HTTPS port] [cloudflare] [cloudflare] [Cloudflare] [20ad84d030031252141ca0b3fc0183f0]
http://payments-dev-otc-pe-api-client.cryptology.com:8443 [400] [GET] [text/html] [400 The plain HTTP request was sent to HTTPS port] [cloudflare] [cloudflare] [Cloudflare] [cd58783500d7fa3c58f88eb0ba22f4f8]
http://payments-dev-otc-pe-api-partner.cryptology.com:2087 [400] [GET] [text/html] [400 The plain HTTP request was sent to HTTPS port] [cloudflare] [cloudflare] [Cloudflare] [cd58783500d7fa3c58f88eb0ba22f4f8]
http://payments-dev-otc-pe-api-partner.cryptology.com:8443 [400] [GET] [text/html] [400 The plain HTTP request was sent to HTTPS port] [cloudflare] [cloudflare] [Cloudflare] [cd58783500d7fa3c58f88eb0ba22f4f8]
http://payments-staging-otc-pe-api-client.cryptology.com:2087 [400] [GET] [text/html] [400 The plain HTTP request was sent to HTTPS port] [cloudflare] [cloudflare] [Cloudflare] [20ad84d030031252141ca0b3fc0183f0]
http://payments-staging-otc-pe-api-client.cryptology.com:8443 [400] [GET] [text/html] [400 The plain HTTP request was sent to HTTPS port] [cloudflare] [cloudflare] [Cloudflare] [20ad84d030031252141ca0b3fc0183f0]
http://payments-staging-otc-pe-api-partner.cryptology.com:2087 [400] [GET] [text/html] [400 The plain HTTP request was sent to HTTPS port] [cloudflare] [cloudflare] [Cloudflare] [cd58783500d7fa3c58f88eb0ba22f4f8]
http://payments-staging-otc-pe-api-partner.cryptology.com:8443 [400] [GET] [text/html] [400 The plain HTTP request was sent to HTTPS port] [cloudflare] [cloudflare] [Cloudflare] [cd58783500d7fa3c58f88eb0ba22f4f8]
http://processing-dev.cryptology.com:2083 [400] [GET] [text/html] [400 The plain HTTP request was sent to HTTPS port] [cloudflare] [cloudflare] [Cloudflare] [cd58783500d7fa3c58f88eb0ba22f4f8]
http://processing-dev.cryptology.com:2087 [400] [GET] [text/html] [400 The plain HTTP request was sent to HTTPS port] [cloudflare] [cloudflare] [Cloudflare] [20ad84d030031252141ca0b3fc0183f0]
http://processing-dev.cryptology.com:8443 [400] [GET] [text/html] [400 The plain HTTP request was sent to HTTPS port] [cloudflare] [cloudflare] [Cloudflare] [20ad84d030031252141ca0b3fc0183f0]
https://admin.cryptology.com [401] [GET] [] [] [CloudFront] [vhost] [cloudfront] [Amazon Cloudfront,Amazon Web Services,Basic] [e06d1ba70f1331e9f9a113cc2f887d3f]
https://affiliate.cryptology.com [200] [GET] [text/html] [Buy and Sell Cryptocurrency with the Best Crypto Trading Platform | Cryptology] [] [vhost] [cloudfront] [Amazon Cloudfront,Amazon S3,Amazon Web Services,Ant Design,Next.js,Node.js,React,hCaptcha,webpack] [39b454ddac83422fa8b6c7788e8116b5]
https://affiliate.cryptology.com [200] [GET] [text/html] [Buy and Sell Cryptocurrency with the Best Crypto Trading Platform | Cryptology] [] [vhost] [cloudfront] [Amazon Cloudfront,Amazon S3,Amazon Web Services,Ant Design,Next.js,Node.js,React,hCaptcha,webpack] [efd6b6ad543895bbccb8fb0a1914357e]
https://affiliate.staging.cryptology.com [401] [GET] [] [] [CloudFront] [vhost] [cloudfront] [Amazon Cloudfront,Amazon Web Services,Basic] [e06d1ba70f1331e9f9a113cc2f887d3f]
https://api.cryptology.com [400] [GET] [application/json] [] [cloudflare] [vhost] [cloudflare] [Cloudflare] [85d57b1aa2b6d7faf8f0628b29f7c4cd]
https://api.dev.cryptology.com [403] [GET] [application/json] [] [] [vhost] [cloudfront] [Amazon Cloudfront,Amazon Web Services] [905b1fbb26e082557ff0b3b3553cda6c]
https://api.prod.cryptology.com [403] [GET] [application/json] [] [] [vhost] [cloudfront] [Amazon Cloudfront,Amazon Web Services] [905b1fbb26e082557ff0b3b3553cda6c]
https://api-sandbox.cryptology.com [400] [GET] [application/json] [] [cloudflare] [vhost] [cloudflare] [Cloudflare] [85d57b1aa2b6d7faf8f0628b29f7c4cd]
https://api.staging.cryptology.com [403] [GET] [application/json] [] [] [vhost] [cloudfront] [Amazon Cloudfront,Amazon Web Services] [905b1fbb26e082557ff0b3b3553cda6c]
https://autoconfig.blog.cryptology.com [200] [GET] [text/html] [This is the default server vhost] [nginx] [google] [Nginx] [118ac96f6935874847830154f497c581]
https://autodiscover.blog.cryptology.com [200] [GET] [text/html] [This is the default server vhost] [nginx] [google] [Nginx] [118ac96f6935874847830154f497c581]
https://backoffice.dev.cryptology.com [502] [GET] [text/html] [ERROR: The request could not be satisfied] [CloudFront] [vhost] [cloudfront] [Amazon Cloudfront,Amazon Web Services] [66955787af15b74d444efb0ef40ed6a6]
https://backoffice.dev.cryptology.com [502] [GET] [text/html] [ERROR: The request could not be satisfied] [CloudFront] [vhost] [cloudfront] [Amazon Cloudfront,Amazon Web Services] [6f04030eeca06fa6810e907c2b37243e]
https://bapi.cryptology.com [404] [GET] [text/plain] [] [cloudflare] [vhost] [cloudflare] [Cloudflare] [53af239ee5d3e261545dededcb6ffd57]
https://bapi-sandbox.cryptology.com [404] [GET] [text/plain] [] [cloudflare] [vhost] [cloudflare] [Cloudflare] [53af239ee5d3e261545dededcb6ffd57]
https://blog.cryptology.com [200] [GET] [text/html] [CRYPTOLOGY BLOG - Cryptology Blog] [nginx] [vhost] [google] [Google Font API,Google Tag Manager,MySQL,Nginx,PHP,WordPress,Yoast SEO:19.5.1] [098729d5d765c89f0e2eb8672e96199a]
https://bstream.cryptology.com [404] [GET] [text/plain] [] [cloudflare] [vhost] [cloudflare] [Cloudflare] [53af239ee5d3e261545dededcb6ffd57]
https://bstream-sandbox.cryptology.com [404] [GET] [text/plain] [] [cloudflare] [vhost] [cloudflare] [Cloudflare] [53af239ee5d3e261545dededcb6ffd57]
https://cardpay-callback.dev.cryptology.com [403] [GET] [text/html] [ERROR: The request could not be satisfied] [CloudFront] [cloudfront] [Amazon Cloudfront,Amazon Web Services] [298f18795a1ecdde0b3d604758f59134]
https://cardpay-callback.dev.cryptology.com [403] [GET] [text/html] [ERROR: The request could not be satisfied] [CloudFront] [cloudfront] [Amazon Cloudfront,Amazon Web Services] [3259107d69b681c0f6b1bad4db6cc1cf]
https://cardpay-callback.prod.cryptology.com [403] [GET] [text/html] [ERROR: The request could not be satisfied] [CloudFront] [cloudfront] [Amazon Cloudfront,Amazon Web Services] [4f443c5812f94bc13487633a3a502dd0]
https://cardpay-callback.prod.cryptology.com [403] [GET] [text/html] [ERROR: The request could not be satisfied] [CloudFront] [cloudfront] [Amazon Cloudfront,Amazon Web Services] [acbee23e57a36da9e0316c1d953143b3]
https://cardpay-callback.staging.cryptology.com [403] [GET] [text/html] [ERROR: The request could not be satisfied] [CloudFront] [vhost] [cloudfront] [Amazon Cloudfront,Amazon Web Services] [327d59e7406283766adafc4b9a6a6df4]
https://cardpay-callback.staging.cryptology.com [403] [GET] [text/html] [ERROR: The request could not be satisfied] [CloudFront] [vhost] [cloudfront] [Amazon Cloudfront,Amazon Web Services] [5ab1d3f3c7a79a1da8dfd0d4eff16a3a]
https://client-python.docs.cryptology.com [200] [GET] [text/html] [Welcome to cryptology-client-python’s documentation! — cryptology-client-python 0.2.1 documentation] [AmazonS3] [vhost] [cloudfront] [Amazon Cloudfront,Amazon S3,Amazon Web Services,Pygments] [a6ec8c424e9148e547ea66aaf8413ded]
https://collector.prod.cryptology.com [404] [GET] [text/plain] [] [] [vhost] [cloudfront] [Amazon Cloudfront,Amazon Web Services] [53af239ee5d3e261545dededcb6ffd57]
https://collector.staging.cryptology.com [404] [GET] [text/plain] [] [] [vhost] [cloudfront] [Amazon Cloudfront,Amazon Web Services] [53af239ee5d3e261545dededcb6ffd57]
https://contracts-api.cryptology.com [404] [GET] [text/plain] [] [cloudflare] [vhost] [cloudflare] [Cloudflare] [53af239ee5d3e261545dededcb6ffd57]
https://contracts-api-sandbox.cryptology.com [404] [GET] [text/plain] [] [cloudflare] [vhost] [cloudflare] [Cloudflare] [53af239ee5d3e261545dededcb6ffd57]
https://cryptology.com [200] [GET] [text/html] [Buy and Sell Cryptocurrency with the Best Crypto Trading Platform | Cryptology] [] [vhost] [cloudfront] [Amazon Cloudfront,Amazon S3,Amazon Web Services,Ant Design,Next.js,Node.js,React,hCaptcha,webpack] [6de2f727095df08fdfeecad37f53e9a2]
https://cryptology.com [200] [GET] [text/html] [Buy and Sell Cryptocurrency with the Best Crypto Trading Platform | Cryptology] [] [vhost] [cloudfront] [Amazon Cloudfront,Amazon Web Services,Ant Design,Next.js,Node.js,React,webpack] [6de2f727095df08fdfeecad37f53e9a2]
https://docker.cryptology.com [403] [GET] [text/html] [403 Forbidden] [nginx] [Nginx] [4b074b0b59693fa9f94fb71b175fb187]
https://docs.cryptology.com [200] [GET] [text/html] [API Documentation] [AmazonS3] [vhost] [cloudfront] [Amazon Cloudfront,Amazon S3,Amazon Web Services] [2aead03d3f1761025d99a719738221eb]
https://exchange.cryptology.com [200] [GET] [text/html] [Buy and Sell Cryptocurrency with the Best Crypto Trading Platform | Cryptology] [] [vhost] [cloudfront] [Amazon Cloudfront,Amazon S3,Amazon Web Services,Ant Design,Next.js,Node.js,React,hCaptcha,webpack] [c878598fadd60ba95d679184062427c8]
https://exchange.cryptology.com [200] [GET] [text/html] [Buy and Sell Cryptocurrency with the Best Crypto Trading Platform | Cryptology] [] [vhost] [cloudfront] [Amazon Cloudfront,Amazon Web Services,Ant Design,Next.js,Node.js,React,webpack] [6de2f727095df08fdfeecad37f53e9a2]
https://exchange.sandbox.cryptology.com [200] [GET] [text/html] [Buy and Sell Cryptocurrency with the Best Crypto Trading Platform | Cryptology] [] [vhost] [cloudfront] [Amazon Cloudfront,Amazon S3,Amazon Web Services,Ant Design,Next.js,Node.js,React,hCaptcha,webpack] [0d49b14302d0e71cb61a8c38821a7b42]
https://exchange.sandbox.cryptology.com [200] [GET] [text/html] [Buy and Sell Cryptocurrency with the Best Crypto Trading Platform | Cryptology] [] [vhost] [cloudfront] [Amazon Cloudfront,Amazon S3,Amazon Web Services,Ant Design,Next.js,Node.js,React,hCaptcha,webpack] [e1b68271970df6c47a8026b74fcd4df0]
https://exchange.staging.cryptology.com [401] [GET] [] [] [CloudFront] [vhost] [cloudfront] [Amazon Cloudfront,Amazon Web Services,Basic] [e06d1ba70f1331e9f9a113cc2f887d3f]
https://ftp.blog.cryptology.com [200] [GET] [text/html] [This is the default server vhost] [nginx] [google] [Nginx] [118ac96f6935874847830154f497c581]
https://futures.cryptology.com [200] [GET] [text/html] [Buy and Sell Cryptocurrency with the Best Crypto Trading Platform | Cryptology] [] [vhost] [cloudfront] [Amazon Cloudfront,Amazon S3,Amazon Web Services,Ant Design,Next.js,Node.js,React,hCaptcha,webpack] [3c60a9e3cf84f0950b1fd1fa545f6837]
https://futures.cryptology.com [200] [GET] [text/html] [Buy and Sell Cryptocurrency with the Best Crypto Trading Platform | Cryptology] [] [vhost] [cloudfront] [Amazon Cloudfront,Amazon S3,Amazon Web Services,Ant Design,Next.js,Node.js,React,hCaptcha,webpack] [6de2f727095df08fdfeecad37f53e9a2]
https://futures.sandbox.cryptology.com [200] [GET] [text/html] [Buy and Sell Cryptocurrency with the Best Crypto Trading Platform | Cryptology] [] [vhost] [cloudfront] [Amazon Cloudfront,Amazon S3,Amazon Web Services,Ant Design,Next.js,Node.js,React,hCaptcha,webpack] [0d49b14302d0e71cb61a8c38821a7b42]
https://futures.sandbox.cryptology.com [200] [GET] [text/html] [Buy and Sell Cryptocurrency with the Best Crypto Trading Platform | Cryptology] [] [vhost] [cloudfront] [Amazon Cloudfront,Amazon S3,Amazon Web Services,Ant Design,Next.js,Node.js,React,hCaptcha,webpack] [e1b68271970df6c47a8026b74fcd4df0]
https://futures.staging.cryptology.com [401] [GET] [] [] [CloudFront] [vhost] [cloudfront] [Amazon Cloudfront,Amazon Web Services,Basic] [e06d1ba70f1331e9f9a113cc2f887d3f]
https://git.cryptology.com [403] [GET] [text/html] [403 Forbidden] [nginx] [Nginx] [4b074b0b59693fa9f94fb71b175fb187]
https://go.cryptology.com [302] [GET] [] [] [] [d41d8cd98f00b204e9800998ecf8427e]
https://locales.staging.cryptology.com [403] [GET] [application/xml] [] [AmazonS3] [vhost] [cloudfront] [Amazon Cloudfront,Amazon S3,Amazon Web Services] [52880c4135ab113251c78b2c135598b2]
https://locales.staging.cryptology.com [403] [GET] [application/xml] [] [AmazonS3] [vhost] [cloudfront] [Amazon Cloudfront,Amazon S3,Amazon Web Services] [88387b94476cc1af7f4c9c9b8c4e2141]
https://mail.blog.cryptology.com [200] [GET] [text/html] [This is the default server vhost] [nginx] [google] [Nginx] [118ac96f6935874847830154f497c581]
https://margin.cryptology.com [200] [GET] [text/html] [Buy and Sell Cryptocurrency with the Best Crypto Trading Platform | Cryptology] [] [vhost] [cloudfront] [Amazon Cloudfront,Amazon S3,Amazon Web Services,Ant Design,Next.js,Node.js,React,hCaptcha,webpack] [f93d9cbe9148634d476fa77e1f1c2a1e]
https://margin.cryptology.com [200] [GET] [text/html] [Buy and Sell Cryptocurrency with the Best Crypto Trading Platform | Cryptology] [] [vhost] [cloudfront] [Amazon Cloudfront,Amazon Web Services,Ant Design,Next.js,Node.js,React,webpack] [6de2f727095df08fdfeecad37f53e9a2]
https://margin.sandbox.cryptology.com [200] [GET] [text/html] [Buy and Sell Cryptocurrency with the Best Crypto Trading Platform | Cryptology] [] [vhost] [cloudfront] [Amazon Cloudfront,Amazon S3,Amazon Web Services,Ant Design,Next.js,Node.js,React,hCaptcha,webpack] [0d49b14302d0e71cb61a8c38821a7b42]
https://margin.sandbox.cryptology.com [200] [GET] [text/html] [Buy and Sell Cryptocurrency with the Best Crypto Trading Platform | Cryptology] [] [vhost] [cloudfront] [Amazon Cloudfront,Amazon S3,Amazon Web Services,Ant Design,Next.js,Node.js,React,hCaptcha,webpack] [e1b68271970df6c47a8026b74fcd4df0]
https://margin.staging.cryptology.com [401] [GET] [] [] [CloudFront] [vhost] [cloudfront] [Amazon Cloudfront,Amazon Web Services,Basic] [e06d1ba70f1331e9f9a113cc2f887d3f]
https://octopus.cryptology.com [404] [GET] [text/plain] [] [cloudflare] [vhost] [cloudflare] [Cloudflare] [53af239ee5d3e261545dededcb6ffd57]
https://octopus-dev-ws.cryptology.com [404] [GET] [text/plain] [] [cloudflare] [vhost] [cloudflare] [Cloudflare] [53af239ee5d3e261545dededcb6ffd57]
https://octopus-prod-ws.cryptology.com [404] [GET] [text/plain] [] [cloudflare] [vhost] [cloudflare] [Cloudflare] [53af239ee5d3e261545dededcb6ffd57]
https://octopus-sandbox.cryptology.com [404] [GET] [text/plain] [] [cloudflare] [vhost] [cloudflare] [Cloudflare] [53af239ee5d3e261545dededcb6ffd57]
https://octopus-staging-ws.cryptology.com [404] [GET] [text/plain] [] [cloudflare] [vhost] [cloudflare] [Cloudflare] [53af239ee5d3e261545dededcb6ffd57]
https://octopus-ws.dev.cryptology.com [404] [GET] [text/plain] [] [] [vhost] [53af239ee5d3e261545dededcb6ffd57]
https://ovpn2.cryptology.com [302] [GET] [text/html] [] [OpenVPN-AS] [vhost] [d41d8cd98f00b204e9800998ecf8427e]
https://ovpn.cryptology.com [302] [GET] [text/html] [] [TwistedWeb/20.3.0dev0] [TwistedWeb:20.3.0] [d41d8cd98f00b204e9800998ecf8427e]
https://payments-dev-otc-pe-api-client.cryptology.com:2083 [404] [GET] [text/html] [Page not found at /] [cloudflare] [vhost] [cloudflare] [Cloudflare] [e0cb41cac85bc8faeff2dec33b635189]
https://payments-dev-otc-pe-api-partner.cryptology.com:2083 [404] [GET] [text/html] [Page not found at /] [cloudflare] [vhost] [cloudflare] [Cloudflare] [a5105e636e28359019bd0420f83d6bd1]
https://payments-staging-otc-pe-api-client.cryptology.com:2083 [404] [GET] [text/html] [] [cloudflare] [vhost] [cloudflare] [Cloudflare] [c51f261f1b9b123ddfc4a54cfd16cc8e]
https://payments-staging-otc-pe-api-partner.cryptology.com:2083 [404] [GET] [text/html] [] [cloudflare] [vhost] [cloudflare] [Cloudflare] [c51f261f1b9b123ddfc4a54cfd16cc8e]
http://spot-api.cryptology.com:2083 [400] [GET] [text/html] [400 The plain HTTP request was sent to HTTPS port] [cloudflare] [cloudflare] [Cloudflare] [cd58783500d7fa3c58f88eb0ba22f4f8]
http://spot-api.cryptology.com:2087 [400] [GET] [text/html] [400 The plain HTTP request was sent to HTTPS port] [cloudflare] [cloudflare] [Cloudflare] [cd58783500d7fa3c58f88eb0ba22f4f8]
http://spot-api.cryptology.com:8443 [400] [GET] [text/html] [400 The plain HTTP request was sent to HTTPS port] [cloudflare] [cloudflare] [Cloudflare] [cd58783500d7fa3c58f88eb0ba22f4f8]
http://spot-api-sandbox.cryptology.com:2087 [400] [GET] [text/html] [400 The plain HTTP request was sent to HTTPS port] [cloudflare] [cloudflare] [Cloudflare] [cd58783500d7fa3c58f88eb0ba22f4f8]
http://spot-api-sandbox.cryptology.com:8443 [400] [GET] [text/html] [400 The plain HTTP request was sent to HTTPS port] [cloudflare] [cloudflare] [Cloudflare] [20ad84d030031252141ca0b3fc0183f0]
https://processing-dev.cryptology.com [403] [GET] [application/json] [] [cloudflare] [vhost] [cloudflare] [Amazon Cloudfront,Amazon Web Services,Cloudflare] [905b1fbb26e082557ff0b3b3553cda6c]
https://processing-dev.cryptology.com [403] [GET] [text/plain] [] [cloudflare] [vhost] [cloudflare] [Cloudflare] [4f20b85ce5ebf225720e040314a7966a]
https://pypi.cryptology.com [403] [GET] [text/html] [ERROR: The request could not be satisfied] [CloudFront] [cloudfront] [Amazon Cloudfront,Amazon Web Services] [4b85d831b807134d61fa081905a4cc42]
https://pypi.cryptology.com [403] [GET] [text/html] [ERROR: The request could not be satisfied] [CloudFront] [cloudfront] [Amazon Cloudfront,Amazon Web Services] [ad697a0c1c9494ac23289a5c8342de86]
https://sampler-ui.staging.cryptology.com [504] [GET] [text/plain] [] [awselb/2.0] [vhost] [cloudfront] [Amazon Cloudfront,Amazon Web Services] [902b0d55fddef6f8d651fe1035b7d4bd]
https://sandbox.cryptology.com [200] [GET] [text/html] [Buy and Sell Cryptocurrency with the Best Crypto Trading Platform | Cryptology] [] [vhost] [cloudfront] [Amazon Cloudfront,Amazon S3,Amazon Web Services,Ant Design,Next.js,Node.js,React,hCaptcha,webpack] [e1b68271970df6c47a8026b74fcd4df0]
https://sentry-dev.cryptology.com [302] [GET] [text/html] [] [nginx] [vhost] [Nginx] [d41d8cd98f00b204e9800998ecf8427e]
https://sentry.dev.cryptology.com [404] [GET] [text/plain] [] [] [595e88012a6521aae3e12cbebe76eb9e]
https://sentry-latest.cryptology.com [302] [GET] [text/html] [] [nginx] [vhost] [Nginx] [d41d8cd98f00b204e9800998ecf8427e]
https://sentry-prod.cryptology.com [302] [GET] [text/html] [] [nginx] [vhost] [Nginx] [d41d8cd98f00b204e9800998ecf8427e]
http://sse-prod.cryptology.com:2087 [400] [GET] [text/html] [400 The plain HTTP request was sent to HTTPS port] [cloudflare] [cloudflare] [Cloudflare] [cd58783500d7fa3c58f88eb0ba22f4f8]
http://sse-prod.cryptology.com:8443 [400] [GET] [text/html] [400 The plain HTTP request was sent to HTTPS port] [cloudflare] [cloudflare] [Cloudflare] [20ad84d030031252141ca0b3fc0183f0]
http://sse-staging.cryptology.com:2083 [400] [GET] [text/html] [400 The plain HTTP request was sent to HTTPS port] [cloudflare] [cloudflare] [Cloudflare] [cd58783500d7fa3c58f88eb0ba22f4f8]
http://sse-staging.cryptology.com:2087 [400] [GET] [text/html] [400 The plain HTTP request was sent to HTTPS port] [cloudflare] [cloudflare] [Cloudflare] [20ad84d030031252141ca0b3fc0183f0]
http://sse-staging.cryptology.com:8443 [400] [GET] [text/html] [400 The plain HTTP request was sent to HTTPS port] [cloudflare] [cloudflare] [Cloudflare] [cd58783500d7fa3c58f88eb0ba22f4f8]
https://spot-api.cryptology.com [400] [GET] [application/json] [] [cloudflare] [vhost] [cloudflare] [Cloudflare] [85d57b1aa2b6d7faf8f0628b29f7c4cd]
https://spot-api-sandbox.cryptology.com [400] [GET] [application/json] [] [cloudflare] [vhost] [cloudflare] [Cloudflare] [85d57b1aa2b6d7faf8f0628b29f7c4cd]
https://sse-prod.cryptology.com:2083 [403] [GET] [text/plain] [] [cloudflare] [vhost] [cloudflare] [Cloudflare] [4f20b85ce5ebf225720e040314a7966a]
https://sse-prod.cryptology.com [400] [GET] [application/json] [] [cloudflare] [vhost] [cloudflare] [Cloudflare] [85d57b1aa2b6d7faf8f0628b29f7c4cd]
https://sse-staging.cryptology.com [400] [GET] [application/json] [] [cloudflare] [vhost] [cloudflare] [Cloudflare] [85d57b1aa2b6d7faf8f0628b29f7c4cd]
https://ssh.blog.cryptology.com [200] [GET] [text/html] [This is the default server vhost] [nginx] [google] [Nginx] [118ac96f6935874847830154f497c581]
https://staging.cryptology.com [401] [GET] [] [] [CloudFront] [vhost] [cloudfront] [Amazon Cloudfront,Amazon Web Services,Basic] [e06d1ba70f1331e9f9a113cc2f887d3f]
https://static.cryptology.com [200] [GET] [application/xml] [] [AmazonS3] [vhost] [cloudfront] [Amazon Cloudfront,Amazon S3,Amazon Web Services] [fa806daed2a17e53dc9bfac036e98ba9]
https://web2.staging.cryptology.com [401] [GET] [] [] [CloudFront] [vhost] [cloudfront] [Amazon Cloudfront,Amazon Web Services,Basic] [e06d1ba70f1331e9f9a113cc2f887d3f]
https://web3.staging.cryptology.com [401] [GET] [] [] [CloudFront] [vhost] [cloudfront] [Amazon Cloudfront,Amazon Web Services,Basic] [e06d1ba70f1331e9f9a113cc2f887d3f]
https://web4.staging.cryptology.com [401] [GET] [] [] [CloudFront] [vhost] [cloudfront] [Amazon Cloudfront,Amazon Web Services,Basic] [e06d1ba70f1331e9f9a113cc2f887d3f]
https://web.staging.cryptology.com [401] [GET] [] [] [CloudFront] [vhost] [cloudfront] [Amazon Cloudfront,Amazon Web Services,Basic] [e06d1ba70f1331e9f9a113cc2f887d3f]
https://www.blog.cryptology.com [301] [GET] [text/html] [] [nginx] [vhost] [google] [Nginx,SiteGround] [d41d8cd98f00b204e9800998ecf8427e]
https://www.cryptology.com [301] [GET] [] [] [CloudFront] [vhost] [cloudfront] [Amazon Cloudfront,Amazon Web Services] [d41d8cd98f00b204e9800998ecf8427e]
