http://api.deepspace.game:2082 [429] [GET] [text/plain] [] [cloudflare] [vhost] [cloudflare] [Cloudflare] [1001b29d0cc03c0a5d1cd2567ed8ed94]
http://api.deepspace.game:2086 [429] [GET] [text/plain] [] [cloudflare] [vhost] [cloudflare] [Cloudflare] [1001b29d0cc03c0a5d1cd2567ed8ed94]
http://api.deepspace.game:8080 [429] [GET] [text/plain] [] [cloudflare] [vhost] [cloudflare] [Cloudflare] [1001b29d0cc03c0a5d1cd2567ed8ed94]
http://api.deepspace.game:8880 [429] [GET] [text/plain] [] [cloudflare] [vhost] [cloudflare] [Cloudflare] [1001b29d0cc03c0a5d1cd2567ed8ed94]
http://app.deepspace.game:2053 [400] [GET] [text/html] [400 The plain HTTP request was sent to HTTPS port] [cloudflare] [cloudflare] [Cloudflare] [20ad84d030031252141ca0b3fc0183f0]
http://app.deepspace.game:2086 [301] [GET] [] [] [cloudflare] [cloudflare] [Cloudflare] [d41d8cd98f00b204e9800998ecf8427e]
http://app.deepspace.game:2087 [400] [GET] [text/html] [400 The plain HTTP request was sent to HTTPS port] [cloudflare] [cloudflare] [Cloudflare] [cd58783500d7fa3c58f88eb0ba22f4f8]
http://app.deepspace.game:8080 [301] [GET] [] [] [cloudflare] [cloudflare] [Cloudflare] [d41d8cd98f00b204e9800998ecf8427e]
http://app.deepspace.game:8443 [400] [GET] [text/html] [400 The plain HTTP request was sent to HTTPS port] [cloudflare] [cloudflare] [Cloudflare] [20ad84d030031252141ca0b3fc0183f0]
http://app.deepspace.game:8880 [301] [GET] [] [] [cloudflare] [cloudflare] [Cloudflare] [d41d8cd98f00b204e9800998ecf8427e]
http://assets.deepspace.game:2082 [301] [GET] [] [] [cloudflare] [cloudflare] [Cloudflare] [d41d8cd98f00b204e9800998ecf8427e]
http://assets.deepspace.game:2086 [301] [GET] [] [] [cloudflare] [cloudflare] [Cloudflare] [d41d8cd98f00b204e9800998ecf8427e]
http://assets.deepspace.game:8080 [301] [GET] [] [] [cloudflare] [cloudflare] [Cloudflare] [d41d8cd98f00b204e9800998ecf8427e]
http://assets.deepspace.game:8880 [301] [GET] [] [] [cloudflare] [cloudflare] [Cloudflare] [d41d8cd98f00b204e9800998ecf8427e]
http://autodiscover.deepspace.game [301] [GET] [] [] [Microsoft-IIS/10.0] [vhost] [IIS:10.0,Microsoft ASP.NET,Windows Server] [d41d8cd98f00b204e9800998ecf8427e]
http://blog.deepspace.game:2082 [301] [GET] [] [] [cloudflare] [vhost] [cloudflare] [Cloudflare] [d41d8cd98f00b204e9800998ecf8427e]
http://blog.deepspace.game:2083 [400] [GET] [text/html] [400 The plain HTTP request was sent to HTTPS port] [cloudflare] [cloudflare] [Cloudflare] [20ad84d030031252141ca0b3fc0183f0]
http://blog.deepspace.game:2086 [301] [GET] [] [] [cloudflare] [vhost] [cloudflare] [Cloudflare] [d41d8cd98f00b204e9800998ecf8427e]
http://blog.deepspace.game:2087 [400] [GET] [text/html] [400 The plain HTTP request was sent to HTTPS port] [cloudflare] [cloudflare] [Cloudflare] [cd58783500d7fa3c58f88eb0ba22f4f8]
http://blog.deepspace.game:2096 [400] [GET] [text/html] [400 The plain HTTP request was sent to HTTPS port] [cloudflare] [cloudflare] [Cloudflare] [20ad84d030031252141ca0b3fc0183f0]
http://blog.deepspace.game:8080 [301] [GET] [] [] [cloudflare] [vhost] [cloudflare] [Cloudflare] [d41d8cd98f00b204e9800998ecf8427e]
http://blog.deepspace.game:8443 [400] [GET] [text/html] [400 The plain HTTP request was sent to HTTPS port] [cloudflare] [cloudflare] [Cloudflare] [cd58783500d7fa3c58f88eb0ba22f4f8]
http://blog.deepspace.game:8880 [301] [GET] [] [] [cloudflare] [vhost] [cloudflare] [Cloudflare] [d41d8cd98f00b204e9800998ecf8427e]
http://branding.deepspace.game:2082 [301] [GET] [] [] [cloudflare] [cloudflare] [Cloudflare] [d41d8cd98f00b204e9800998ecf8427e]
http://branding.deepspace.game:2086 [301] [GET] [] [] [cloudflare] [cloudflare] [Cloudflare] [d41d8cd98f00b204e9800998ecf8427e]
http://branding.deepspace.game:8080 [301] [GET] [] [] [cloudflare] [cloudflare] [Cloudflare] [d41d8cd98f00b204e9800998ecf8427e]
http://branding.deepspace.game:8880 [301] [GET] [] [] [cloudflare] [cloudflare] [Cloudflare] [d41d8cd98f00b204e9800998ecf8427e]
http://bsg.deepspace.game:2086 [429] [GET] [text/plain] [] [cloudflare] [vhost] [cloudflare] [Cloudflare] [1001b29d0cc03c0a5d1cd2567ed8ed94]
http://bsg.deepspace.game:8080 [429] [GET] [text/plain] [] [cloudflare] [vhost] [cloudflare] [Cloudflare] [1001b29d0cc03c0a5d1cd2567ed8ed94]
http://bsg.deepspace.game:8880 [429] [GET] [text/plain] [] [cloudflare] [vhost] [cloudflare] [Cloudflare] [1001b29d0cc03c0a5d1cd2567ed8ed94]
http://contracts.deepspace.game:2082 [301] [GET] [] [] [cloudflare] [cloudflare] [Cloudflare] [d41d8cd98f00b204e9800998ecf8427e]
http://contracts.deepspace.game:2086 [301] [GET] [] [] [cloudflare] [cloudflare] [Cloudflare] [d41d8cd98f00b204e9800998ecf8427e]
http://contracts.deepspace.game:8080 [301] [GET] [] [] [cloudflare] [cloudflare] [Cloudflare] [d41d8cd98f00b204e9800998ecf8427e]
http://contracts.deepspace.game:8880 [301] [GET] [] [] [cloudflare] [cloudflare] [Cloudflare] [d41d8cd98f00b204e9800998ecf8427e]
http://daily.deepspace.game:2086 [301] [GET] [] [] [cloudflare] [cloudflare] [Cloudflare] [d41d8cd98f00b204e9800998ecf8427e]
http://daily.deepspace.game:8080 [301] [GET] [] [] [cloudflare] [cloudflare] [Cloudflare] [d41d8cd98f00b204e9800998ecf8427e]
http://daily.deepspace.game:8880 [301] [GET] [] [] [cloudflare] [cloudflare] [Cloudflare] [d41d8cd98f00b204e9800998ecf8427e]
http://dash.deepspace.game:2086 [301] [GET] [] [] [cloudflare] [cloudflare] [Cloudflare] [d41d8cd98f00b204e9800998ecf8427e]
http://dash.deepspace.game:8080 [301] [GET] [] [] [cloudflare] [cloudflare] [Cloudflare] [d41d8cd98f00b204e9800998ecf8427e]
http://dash.deepspace.game:8880 [301] [GET] [] [] [cloudflare] [cloudflare] [Cloudflare] [d41d8cd98f00b204e9800998ecf8427e]
http://deepspace.game:2086 [301] [GET] [] [] [cloudflare] [cloudflare] [Cloudflare] [d41d8cd98f00b204e9800998ecf8427e]
http://deepspace.game:8080 [301] [GET] [] [] [cloudflare] [cloudflare] [Cloudflare] [d41d8cd98f00b204e9800998ecf8427e]
http://deepspace.game:8880 [301] [GET] [] [] [cloudflare] [cloudflare] [Cloudflare] [d41d8cd98f00b204e9800998ecf8427e]
http://dev-api.deepspace.game:2086 [429] [GET] [text/plain] [] [cloudflare] [vhost] [cloudflare] [Cloudflare] [1001b29d0cc03c0a5d1cd2567ed8ed94]
http://dev-api.deepspace.game:8080 [429] [GET] [text/plain] [] [cloudflare] [vhost] [cloudflare] [Cloudflare] [1001b29d0cc03c0a5d1cd2567ed8ed94]
http://dev-api.deepspace.game:8880 [429] [GET] [text/plain] [] [cloudflare] [vhost] [cloudflare] [Cloudflare] [1001b29d0cc03c0a5d1cd2567ed8ed94]
http://dev-app.deepspace.game:2053 [400] [GET] [text/html] [400 The plain HTTP request was sent to HTTPS port] [cloudflare] [cloudflare] [Cloudflare] [20ad84d030031252141ca0b3fc0183f0]
http://dev-app.deepspace.game:2086 [301] [GET] [] [] [cloudflare] [cloudflare] [Cloudflare] [d41d8cd98f00b204e9800998ecf8427e]
http://dev-app.deepspace.game:2087 [400] [GET] [text/html] [400 The plain HTTP request was sent to HTTPS port] [cloudflare] [cloudflare] [Cloudflare] [cd58783500d7fa3c58f88eb0ba22f4f8]
http://dev-app.deepspace.game:8080 [301] [GET] [] [] [cloudflare] [cloudflare] [Cloudflare] [d41d8cd98f00b204e9800998ecf8427e]
http://dev-app.deepspace.game:8443 [400] [GET] [text/html] [400 The plain HTTP request was sent to HTTPS port] [cloudflare] [cloudflare] [Cloudflare] [cd58783500d7fa3c58f88eb0ba22f4f8]
http://dev-app.deepspace.game:8880 [301] [GET] [] [] [cloudflare] [cloudflare] [Cloudflare] [d41d8cd98f00b204e9800998ecf8427e]
http://dev-assets.deepspace.game:2082 [301] [GET] [] [] [cloudflare] [cloudflare] [Cloudflare] [d41d8cd98f00b204e9800998ecf8427e]
http://dev-assets.deepspace.game:2086 [301] [GET] [] [] [cloudflare] [cloudflare] [Cloudflare] [d41d8cd98f00b204e9800998ecf8427e]
http://dev-assets.deepspace.game:8080 [301] [GET] [] [] [cloudflare] [cloudflare] [Cloudflare] [d41d8cd98f00b204e9800998ecf8427e]
http://dev-assets.deepspace.game:8880 [301] [GET] [] [] [cloudflare] [cloudflare] [Cloudflare] [d41d8cd98f00b204e9800998ecf8427e]
http://dev-game-api.deepspace.game:2082 [302] [GET] [] [] [cloudflare] [vhost] [cloudflare] [Cloudflare] [d41d8cd98f00b204e9800998ecf8427e]
http://dev-game-api.deepspace.game:2086 [302] [GET] [] [] [cloudflare] [vhost] [cloudflare] [Cloudflare] [d41d8cd98f00b204e9800998ecf8427e]
http://dev-game-api.deepspace.game:8080 [302] [GET] [] [] [cloudflare] [vhost] [cloudflare] [Cloudflare] [d41d8cd98f00b204e9800998ecf8427e]
http://dev-game-api.deepspace.game:8880 [302] [GET] [] [] [cloudflare] [vhost] [cloudflare] [Cloudflare] [d41d8cd98f00b204e9800998ecf8427e]
http://dev-play.deepspace.game:2082 [301] [GET] [] [] [cloudflare] [cloudflare] [Cloudflare] [d41d8cd98f00b204e9800998ecf8427e]
http://dev-play.deepspace.game:2086 [301] [GET] [] [] [cloudflare] [cloudflare] [Cloudflare] [d41d8cd98f00b204e9800998ecf8427e]
http://dev-play.deepspace.game:8080 [301] [GET] [] [] [cloudflare] [cloudflare] [Cloudflare] [d41d8cd98f00b204e9800998ecf8427e]
http://dev-play.deepspace.game:8880 [301] [GET] [] [] [cloudflare] [cloudflare] [Cloudflare] [d41d8cd98f00b204e9800998ecf8427e]
http://docs.deepspace.game:2082 [301] [GET] [] [] [cloudflare] [cloudflare] [Cloudflare] [d41d8cd98f00b204e9800998ecf8427e]
http://docs.deepspace.game:2086 [301] [GET] [] [] [cloudflare] [cloudflare] [Cloudflare] [d41d8cd98f00b204e9800998ecf8427e]
http://docs.deepspace.game:2087 [400] [GET] [text/html] [400 The plain HTTP request was sent to HTTPS port] [cloudflare] [cloudflare] [Cloudflare] [cd58783500d7fa3c58f88eb0ba22f4f8]
http://docs.deepspace.game:2096 [400] [GET] [text/html] [400 The plain HTTP request was sent to HTTPS port] [cloudflare] [cloudflare] [Cloudflare] [cd58783500d7fa3c58f88eb0ba22f4f8]
http://docs.deepspace.game:8080 [301] [GET] [] [] [cloudflare] [cloudflare] [Cloudflare] [d41d8cd98f00b204e9800998ecf8427e]
http://docs.deepspace.game:8443 [400] [GET] [text/html] [400 The plain HTTP request was sent to HTTPS port] [cloudflare] [cloudflare] [Cloudflare] [20ad84d030031252141ca0b3fc0183f0]
http://docs.deepspace.game:8880 [301] [GET] [] [] [cloudflare] [cloudflare] [Cloudflare] [d41d8cd98f00b204e9800998ecf8427e]
http://faucet.deepspace.game:2082 [301] [GET] [] [] [cloudflare] [cloudflare] [Cloudflare] [d41d8cd98f00b204e9800998ecf8427e]
http://faucet.deepspace.game:2086 [301] [GET] [] [] [cloudflare] [cloudflare] [Cloudflare] [d41d8cd98f00b204e9800998ecf8427e]
http://faucet.deepspace.game:8080 [301] [GET] [] [] [cloudflare] [cloudflare] [Cloudflare] [d41d8cd98f00b204e9800998ecf8427e]
http://faucet.deepspace.game:8880 [301] [GET] [] [] [cloudflare] [cloudflare] [Cloudflare] [d41d8cd98f00b204e9800998ecf8427e]
http://game-api.deepspace.game:2082 [302] [GET] [] [] [cloudflare] [vhost] [cloudflare] [Cloudflare] [d41d8cd98f00b204e9800998ecf8427e]
http://game-api.deepspace.game:2086 [302] [GET] [] [] [cloudflare] [vhost] [cloudflare] [Cloudflare] [d41d8cd98f00b204e9800998ecf8427e]
http://game-api.deepspace.game:8080 [302] [GET] [] [] [cloudflare] [vhost] [cloudflare] [Cloudflare] [d41d8cd98f00b204e9800998ecf8427e]
http://game-api.deepspace.game:8880 [302] [GET] [] [] [cloudflare] [vhost] [cloudflare] [Cloudflare] [d41d8cd98f00b204e9800998ecf8427e]
http://gas.deepspace.game:2086 [301] [GET] [] [] [cloudflare] [cloudflare] [Cloudflare] [d41d8cd98f00b204e9800998ecf8427e]
http://gas.deepspace.game:8080 [301] [GET] [] [] [cloudflare] [cloudflare] [Cloudflare] [d41d8cd98f00b204e9800998ecf8427e]
http://gas.deepspace.game:8880 [301] [GET] [] [] [cloudflare] [cloudflare] [Cloudflare] [d41d8cd98f00b204e9800998ecf8427e]
http://pitch.deepspace.game:2082 [301] [GET] [] [] [cloudflare] [cloudflare] [Cloudflare] [d41d8cd98f00b204e9800998ecf8427e]
http://pitch.deepspace.game:2086 [301] [GET] [] [] [cloudflare] [cloudflare] [Cloudflare] [d41d8cd98f00b204e9800998ecf8427e]
http://pitch.deepspace.game:8080 [301] [GET] [] [] [cloudflare] [cloudflare] [Cloudflare] [d41d8cd98f00b204e9800998ecf8427e]
http://pitch.deepspace.game:8880 [301] [GET] [] [] [cloudflare] [cloudflare] [Cloudflare] [d41d8cd98f00b204e9800998ecf8427e]
http://play.deepspace.game:2082 [301] [GET] [] [] [cloudflare] [cloudflare] [Cloudflare] [d41d8cd98f00b204e9800998ecf8427e]
http://play.deepspace.game:2086 [301] [GET] [] [] [cloudflare] [cloudflare] [Cloudflare] [d41d8cd98f00b204e9800998ecf8427e]
http://play.deepspace.game:8080 [301] [GET] [] [] [cloudflare] [cloudflare] [Cloudflare] [d41d8cd98f00b204e9800998ecf8427e]
http://play.deepspace.game:8880 [301] [GET] [] [] [cloudflare] [cloudflare] [Cloudflare] [d41d8cd98f00b204e9800998ecf8427e]
http://prod-game-3-login.deepspace.game:2082 [301] [GET] [] [] [cloudflare] [cloudflare] [Cloudflare] [d41d8cd98f00b204e9800998ecf8427e]
http://prod-game-3-login.deepspace.game:2086 [301] [GET] [] [] [cloudflare] [cloudflare] [Cloudflare] [d41d8cd98f00b204e9800998ecf8427e]
http://prod-game-3-login.deepspace.game:8080 [301] [GET] [] [] [cloudflare] [cloudflare] [Cloudflare] [d41d8cd98f00b204e9800998ecf8427e]
http://prod-game-3-login.deepspace.game:8880 [301] [GET] [] [] [cloudflare] [cloudflare] [Cloudflare] [d41d8cd98f00b204e9800998ecf8427e]
http://referrals.deepspace.game:2082 [301] [GET] [] [] [cloudflare] [cloudflare] [Cloudflare] [d41d8cd98f00b204e9800998ecf8427e]
http://referrals.deepspace.game:2086 [301] [GET] [] [] [cloudflare] [cloudflare] [Cloudflare] [d41d8cd98f00b204e9800998ecf8427e]
http://referrals.deepspace.game:8080 [301] [GET] [] [] [cloudflare] [cloudflare] [Cloudflare] [d41d8cd98f00b204e9800998ecf8427e]
http://referrals.deepspace.game:8880 [301] [GET] [] [] [cloudflare] [cloudflare] [Cloudflare] [d41d8cd98f00b204e9800998ecf8427e]
http://riskswap.deepspace.game:2086 [301] [GET] [] [] [cloudflare] [cloudflare] [Cloudflare] [d41d8cd98f00b204e9800998ecf8427e]
http://riskswap.deepspace.game:8080 [301] [GET] [] [] [cloudflare] [cloudflare] [Cloudflare] [d41d8cd98f00b204e9800998ecf8427e]
http://riskswap.deepspace.game:8880 [301] [GET] [] [] [cloudflare] [cloudflare] [Cloudflare] [d41d8cd98f00b204e9800998ecf8427e]
https://api.deepspace.game:2083 [429] [GET] [text/plain] [] [cloudflare] [vhost] [cloudflare] [Cloudflare] [1001b29d0cc03c0a5d1cd2567ed8ed94]
https://api.deepspace.game [302] [GET] [] [] [cloudflare] [vhost] [cloudflare] [Cloudflare] [d41d8cd98f00b204e9800998ecf8427e]
https://api.deepspace.game [429] [GET] [text/plain] [] [cloudflare] [vhost] [cloudflare] [Cloudflare] [1001b29d0cc03c0a5d1cd2567ed8ed94]
https://api.deepspace.game:8443 [429] [GET] [text/plain] [] [cloudflare] [vhost] [cloudflare] [Cloudflare] [1001b29d0cc03c0a5d1cd2567ed8ed94]
https://app.deepspace.game [308] [GET] [text/plain] [] [cloudflare] [vhost] [cloudflare] [Cloudflare,Vercel] [db3ec07655684febd52bf223dea7d79d]
https://assets.deepspace.game:2083 [404] [GET] [text/plain] [] [cloudflare] [vhost] [cloudflare] [Cloudflare] [ba3d96fd7997764e8b5b92068ff37aef]
https://assets.deepspace.game [404] [GET] [text/plain] [] [cloudflare] [vhost] [cloudflare] [Cloudflare] [ba3d96fd7997764e8b5b92068ff37aef]
https://assets.deepspace.game:8443 [404] [GET] [text/plain] [] [cloudflare] [vhost] [cloudflare] [Cloudflare] [ba3d96fd7997764e8b5b92068ff37aef]
https://blog.deepspace.game [307] [GET] [text/html] [] [cloudflare] [vhost] [cloudflare] [Cloudflare,Envoy] [c043e647ef37a7fab13bb1300afeef3c]
https://branding.deepspace.game [200] [GET] [text/html] [DEEPSPACE Branding Materials] [cloudflare] [vhost] [cloudflare] [Cloudflare,Cloudflare Network Error Logging] [a9f45f32fecf5d185c6fcebdb2bce680]
https://branding.deepspace.game [200] [GET] [text/html] [DEEPSPACE Branding Materials] [cloudflare] [vhost] [cloudflare] [Cloudflare,Cloudflare Network Error Logging] [f806439cb83111f6bb74af9cc328cf49]
https://branding.deepspace.game:2083 [200] [GET] [text/html] [DEEPSPACE Branding Materials] [cloudflare] [vhost] [cloudflare] [Cloudflare,Cloudflare Network Error Logging] [483fb279963bee1bbc4b2f1e36a9b2c4]
https://branding.deepspace.game:2087 [200] [GET] [text/html] [DEEPSPACE Branding Materials] [cloudflare] [vhost] [cloudflare] [Cloudflare,Cloudflare Network Error Logging] [b733f27576832747a0c679714c5c737f]
https://branding.deepspace.game:2096 [403] [GET] [text/plain] [] [cloudflare] [vhost] [cloudflare] [Cloudflare] [4f20b85ce5ebf225720e040314a7966a]
https://branding.deepspace.game:8443 [200] [GET] [text/html] [DEEPSPACE Branding Materials] [cloudflare] [vhost] [cloudflare] [Cloudflare,Cloudflare Network Error Logging] [ce3e057bbf684328c271e3eb5a2ca6d0]
https://bsg.deepspace.game [200] [GET] [text/plain] [] [cloudflare] [vhost] [cloudflare] [Cloudflare] [75a2fe556e01f4f2478f5919e3db0314]
https://bsg.deepspace.game:2053 [429] [GET] [text/plain] [] [cloudflare] [vhost] [cloudflare] [Cloudflare] [1001b29d0cc03c0a5d1cd2567ed8ed94]
https://bsg.deepspace.game:2087 [429] [GET] [text/plain] [] [cloudflare] [vhost] [cloudflare] [Cloudflare] [1001b29d0cc03c0a5d1cd2567ed8ed94]
https://bsg.deepspace.game [429] [GET] [text/plain] [] [cloudflare] [vhost] [cloudflare] [Cloudflare] [1001b29d0cc03c0a5d1cd2567ed8ed94]
https://bsg.deepspace.game:8443 [429] [GET] [text/plain] [] [cloudflare] [vhost] [cloudflare] [Cloudflare] [1001b29d0cc03c0a5d1cd2567ed8ed94]
https://contracts.deepspace.game:2083 [302] [GET] [] [] [cloudflare] [vhost] [cloudflare] [Cloudflare] [d41d8cd98f00b204e9800998ecf8427e]
https://contracts.deepspace.game:2087 [302] [GET] [] [] [cloudflare] [vhost] [cloudflare] [Cloudflare] [d41d8cd98f00b204e9800998ecf8427e]
https://contracts.deepspace.game:2096 [302] [GET] [] [] [cloudflare] [vhost] [cloudflare] [Cloudflare] [d41d8cd98f00b204e9800998ecf8427e]
https://contracts.deepspace.game [302] [GET] [] [] [cloudflare] [vhost] [cloudflare] [Cloudflare] [d41d8cd98f00b204e9800998ecf8427e]
https://contracts.deepspace.game:8443 [302] [GET] [] [] [cloudflare] [vhost] [cloudflare] [Cloudflare] [d41d8cd98f00b204e9800998ecf8427e]
https://daily.deepspace.game:2053 [302] [GET] [] [] [cloudflare] [vhost] [cloudflare] [Cloudflare] [d41d8cd98f00b204e9800998ecf8427e]
https://daily.deepspace.game:2087 [302] [GET] [] [] [cloudflare] [vhost] [cloudflare] [Cloudflare] [d41d8cd98f00b204e9800998ecf8427e]
https://daily.deepspace.game [302] [GET] [] [] [cloudflare] [vhost] [cloudflare] [Cloudflare] [d41d8cd98f00b204e9800998ecf8427e]
https://daily.deepspace.game:8443 [302] [GET] [] [] [cloudflare] [vhost] [cloudflare] [Cloudflare] [d41d8cd98f00b204e9800998ecf8427e]
https://dash.deepspace.game [200] [GET] [text/html] [DEEPSPACE ANALYTICS] [cloudflare] [vhost] [cloudflare] [Cloudflare,Cloudflare Network Error Logging] [3466bb61ce59760d0cab028b601b3931]
https://dash.deepspace.game [200] [GET] [text/html] [DEEPSPACE ANALYTICS] [cloudflare] [vhost] [cloudflare] [Cloudflare,Cloudflare Network Error Logging] [9321a8d4de87a154196552464db42a46]
https://dash.deepspace.game:2053 [200] [GET] [text/html] [DEEPSPACE ANALYTICS] [cloudflare] [vhost] [cloudflare] [Cloudflare,Cloudflare Network Error Logging] [8acd44e539c6302b4d834cd3a269947e]
https://dash.deepspace.game:2087 [200] [GET] [text/html] [DEEPSPACE ANALYTICS] [cloudflare] [vhost] [cloudflare] [Cloudflare,Cloudflare Network Error Logging] [ac3c95e5eb3c112f4f6e3a5dbfaa0d93]
https://dash.deepspace.game:8443 [200] [GET] [text/html] [DEEPSPACE ANALYTICS] [cloudflare] [vhost] [cloudflare] [Cloudflare,Cloudflare Network Error Logging] [b27751bd3a3061bb418cee0f1243d2f0]
https://deepspace.game [200] [GET] [text/html] [DEEPSPACE - Play to Earn Crypto] [cloudflare] [vhost] [cloudflare] [Cloudflare,Cloudflare Network Error Logging,Webflow] [4b37fbc9f51440121722363cf8f65f7e]
https://deepspace.game [200] [GET] [text/html] [DEEPSPACE - Play to Earn Crypto] [cloudflare] [vhost] [cloudflare] [Cloudflare,Cloudflare Network Error Logging,Webflow] [eaf5834be463ea5148c27d290731250f]
https://deepspace.game:2053 [200] [GET] [text/html] [DEEPSPACE - Play to Earn Crypto] [cloudflare] [vhost] [cloudflare] [Cloudflare,Cloudflare Network Error Logging,Webflow] [439ff6f635800ec442b614560e4e2b91]
https://deepspace.game:2087 [200] [GET] [text/html] [DEEPSPACE - Play to Earn Crypto] [cloudflare] [vhost] [cloudflare] [Cloudflare,Cloudflare Network Error Logging,Webflow] [a05d49e5923cecb49c1a4b366af2944e]
https://deepspace.game:8443 [200] [GET] [text/html] [DEEPSPACE - Play to Earn Crypto] [cloudflare] [vhost] [cloudflare] [Cloudflare,Cloudflare Network Error Logging,Webflow] [3eae971a466622c1eb38083ea5989e58]
https://dev-api.deepspace.game:2053 [429] [GET] [text/plain] [] [cloudflare] [vhost] [cloudflare] [Cloudflare] [1001b29d0cc03c0a5d1cd2567ed8ed94]
https://dev-api.deepspace.game:2087 [429] [GET] [text/plain] [] [cloudflare] [vhost] [cloudflare] [Cloudflare] [1001b29d0cc03c0a5d1cd2567ed8ed94]
https://dev-api.deepspace.game [302] [GET] [] [] [cloudflare] [vhost] [cloudflare] [Cloudflare] [d41d8cd98f00b204e9800998ecf8427e]
https://dev-api.deepspace.game [429] [GET] [text/plain] [] [cloudflare] [vhost] [cloudflare] [Cloudflare] [1001b29d0cc03c0a5d1cd2567ed8ed94]
https://dev-api.deepspace.game:8443 [429] [GET] [text/plain] [] [cloudflare] [vhost] [cloudflare] [Cloudflare] [1001b29d0cc03c0a5d1cd2567ed8ed94]
https://dev-app.deepspace.game [308] [GET] [text/plain] [] [cloudflare] [vhost] [cloudflare] [Cloudflare,Vercel] [db3ec07655684febd52bf223dea7d79d]
https://dev-assets.deepspace.game:2083 [404] [GET] [text/plain] [] [cloudflare] [vhost] [cloudflare] [Cloudflare] [ba3d96fd7997764e8b5b92068ff37aef]
https://dev-assets.deepspace.game [404] [GET] [text/plain] [] [cloudflare] [vhost] [cloudflare] [Cloudflare] [ba3d96fd7997764e8b5b92068ff37aef]
https://dev-assets.deepspace.game:8443 [404] [GET] [text/plain] [] [cloudflare] [vhost] [cloudflare] [Cloudflare] [ba3d96fd7997764e8b5b92068ff37aef]
https://dev-game-api.deepspace.game:2083 [429] [GET] [text/plain] [] [cloudflare] [vhost] [cloudflare] [Cloudflare] [1001b29d0cc03c0a5d1cd2567ed8ed94]
https://dev-game-api.deepspace.game:2087 [429] [GET] [text/plain] [] [cloudflare] [vhost] [cloudflare] [Cloudflare] [1001b29d0cc03c0a5d1cd2567ed8ed94]
https://dev-game-api.deepspace.game:2096 [429] [GET] [text/plain] [] [cloudflare] [vhost] [cloudflare] [Cloudflare] [1001b29d0cc03c0a5d1cd2567ed8ed94]
https://dev-game-api.deepspace.game [302] [GET] [] [] [cloudflare] [vhost] [cloudflare] [Cloudflare] [d41d8cd98f00b204e9800998ecf8427e]
https://dev-game-api.deepspace.game [429] [GET] [text/plain] [] [cloudflare] [vhost] [cloudflare] [Cloudflare] [1001b29d0cc03c0a5d1cd2567ed8ed94]
https://dev-game-api.deepspace.game:8443 [429] [GET] [text/plain] [] [cloudflare] [vhost] [cloudflare] [Cloudflare] [1001b29d0cc03c0a5d1cd2567ed8ed94]
https://dev-play.deepspace.game:2083 [302] [GET] [] [] [cloudflare] [vhost] [cloudflare] [Cloudflare] [d41d8cd98f00b204e9800998ecf8427e]
https://dev-play.deepspace.game:2087 [302] [GET] [] [] [cloudflare] [vhost] [cloudflare] [Cloudflare] [d41d8cd98f00b204e9800998ecf8427e]
https://dev-play.deepspace.game:2096 [302] [GET] [] [] [cloudflare] [vhost] [cloudflare] [Cloudflare] [d41d8cd98f00b204e9800998ecf8427e]
https://dev-play.deepspace.game [302] [GET] [] [] [cloudflare] [vhost] [cloudflare] [Cloudflare] [d41d8cd98f00b204e9800998ecf8427e]
https://dev-play.deepspace.game:8443 [302] [GET] [] [] [cloudflare] [vhost] [cloudflare] [Cloudflare] [d41d8cd98f00b204e9800998ecf8427e]
https://docs.deepspace.game:2083 [403] [GET] [text/html] [Attention Required! | Cloudflare] [cloudflare] [vhost] [cloudflare] [Cloudflare] [79822d1a98601c44349ecf2c332e6aae]
https://docs.deepspace.game [302] [GET] [text/plain] [] [cloudflare] [vhost] [cloudflare] [Algolia,Cloudflare,Google Cloud,Google Cloud Trace] [5896a29e1ef9eab59b52ce778074f04e]
https://faucet.deepspace.game [200] [GET] [text/html] [DEEPSPACE - Test DPS Faucet] [cloudflare] [vhost] [cloudflare] [Cloudflare,Cloudflare Network Error Logging,React] [02615c405130b539a3e10232899ff589]
https://faucet.deepspace.game [200] [GET] [text/html] [DEEPSPACE - Test DPS Faucet] [cloudflare] [vhost] [cloudflare] [Cloudflare,Cloudflare Network Error Logging,React] [431d990a168e3f5b2522cf6664116a25]
https://faucet.deepspace.game:2083 [200] [GET] [text/html] [DEEPSPACE - Test DPS Faucet] [cloudflare] [vhost] [cloudflare] [Cloudflare,Cloudflare Network Error Logging,React] [7032584cd5fa83e9db9884db8cbdc3a8]
https://faucet.deepspace.game:8443 [200] [GET] [text/html] [DEEPSPACE - Test DPS Faucet] [cloudflare] [vhost] [cloudflare] [Cloudflare,Cloudflare Network Error Logging,React] [276b4357c93fa188190de86b369fde50]
https://feedback.deepspace.game [200] [GET] [text/html] [DEEPSPACE - Feedback] [Vercel] [vhost] [Next.js,Node.js,React,Vercel,webpack] [ec6a4c1b84003af55953dd5ad55b5d87]
https://game-api.deepspace.game:2083 [429] [GET] [text/plain] [] [cloudflare] [vhost] [cloudflare] [Cloudflare] [1001b29d0cc03c0a5d1cd2567ed8ed94]
https://game-api.deepspace.game:2087 [429] [GET] [text/plain] [] [cloudflare] [vhost] [cloudflare] [Cloudflare] [1001b29d0cc03c0a5d1cd2567ed8ed94]
https://game-api.deepspace.game:2096 [429] [GET] [text/plain] [] [cloudflare] [vhost] [cloudflare] [Cloudflare] [1001b29d0cc03c0a5d1cd2567ed8ed94]
https://game-api.deepspace.game [302] [GET] [] [] [cloudflare] [vhost] [cloudflare] [Cloudflare] [d41d8cd98f00b204e9800998ecf8427e]
https://game-api.deepspace.game [429] [GET] [text/plain] [] [cloudflare] [vhost] [cloudflare] [Cloudflare] [1001b29d0cc03c0a5d1cd2567ed8ed94]
https://game-api.deepspace.game:8443 [429] [GET] [text/plain] [] [cloudflare] [vhost] [cloudflare] [Cloudflare] [1001b29d0cc03c0a5d1cd2567ed8ed94]
https://gas.deepspace.game [200] [GET] [text/html] [DEEPSPACE (DPS) What The Gas Client] [cloudflare] [vhost] [cloudflare] [Cloudflare,Cloudflare Network Error Logging] [8e8f66be4b39c27dc65712900ab66ee4]
https://gas.deepspace.game [200] [GET] [text/html] [DEEPSPACE (DPS) What The Gas Client] [cloudflare] [vhost] [cloudflare] [Cloudflare,Cloudflare Network Error Logging] [9eb324a8e122f52559ded23edf3f68a6]
https://gas.deepspace.game:2053 [200] [GET] [text/html] [DEEPSPACE (DPS) What The Gas Client] [cloudflare] [vhost] [cloudflare] [Cloudflare,Cloudflare Network Error Logging] [77a9fe1d8b8b95cdab22bcade0664e5f]
https://gas.deepspace.game:2087 [200] [GET] [text/html] [DEEPSPACE (DPS) What The Gas Client] [cloudflare] [vhost] [cloudflare] [Cloudflare,Cloudflare Network Error Logging] [5d5d5c8977b2db221393315802dcbd1f]
https://gas.deepspace.game:8443 [200] [GET] [text/html] [DEEPSPACE (DPS) What The Gas Client] [cloudflare] [vhost] [cloudflare] [Cloudflare,Cloudflare Network Error Logging] [e64ec3a682a40c7dffda60d00599e5f2]
https://lyncdiscover.deepspace.game [200] [GET] [application/json] [] [] [vhost] [Azure] [7dc864045738468457f37a72668e3484]
https://pitch.deepspace.game [200] [GET] [text/html] [DEEPSPACE | Pitch Deck] [cloudflare] [vhost] [cloudflare] [Cloudflare,Cloudflare Network Error Logging] [b4c3c4ca555f6b8bfbbdf12b488251c0]
https://pitch.deepspace.game [200] [GET] [text/html] [DEEPSPACE | Pitch Deck] [cloudflare] [vhost] [cloudflare] [Cloudflare,Cloudflare Network Error Logging] [cefce02bd1cb3109d68e5ba9d9456156]
https://pitch.deepspace.game:2083 [200] [GET] [text/html] [DEEPSPACE | Pitch Deck] [cloudflare] [vhost] [cloudflare] [Cloudflare,Cloudflare Network Error Logging] [3299127d4716421065fa7c94ffa746f9]
https://pitch.deepspace.game:8443 [200] [GET] [text/html] [DEEPSPACE | Pitch Deck] [cloudflare] [vhost] [cloudflare] [Cloudflare,Cloudflare Network Error Logging] [ddeb3614a69bd7315d3e59cb1f2bb128]
https://play.deepspace.game:2083 [522] [GET] [] [] [cloudflare] [vhost] [cloudflare] [Cloudflare] [d41d8cd98f00b204e9800998ecf8427e]
https://play.deepspace.game [522] [GET] [] [] [cloudflare] [vhost] [cloudflare] [Cloudflare] [d41d8cd98f00b204e9800998ecf8427e]
https://play.deepspace.game:8443 [522] [GET] [] [] [cloudflare] [vhost] [cloudflare] [Cloudflare] [d41d8cd98f00b204e9800998ecf8427e]
https://prod-game-3-login.deepspace.game:2083 [530] [GET] [text/html] [Argo Tunnel error | prod-game-3-login.deepspace.game | Cloudflare] [cloudflare] [vhost] [cloudflare] [Cloudflare] [4e09290f7285a70435adc344dc2234c1]
https://prod-game-3-login.deepspace.game [530] [GET] [text/html] [Argo Tunnel error | prod-game-3-login.deepspace.game | Cloudflare] [cloudflare] [vhost] [cloudflare] [Cloudflare] [3d9ee815116438beacdea9a532181c81]
https://prod-game-3-login.deepspace.game [530] [GET] [text/html] [Argo Tunnel error | prod-game-3-login.deepspace.game | Cloudflare] [cloudflare] [vhost] [cloudflare] [Cloudflare] [c23f95f7469fff0f41fdd5dd2d1e7309]
https://prod-game-3-login.deepspace.game:8443 [403] [GET] [text/plain] [] [cloudflare] [vhost] [cloudflare] [Cloudflare] [4f20b85ce5ebf225720e040314a7966a]
https://referrals.deepspace.game:2083 [302] [GET] [] [] [cloudflare] [vhost] [cloudflare] [Cloudflare] [d41d8cd98f00b204e9800998ecf8427e]
https://referrals.deepspace.game:2087 [302] [GET] [] [] [cloudflare] [vhost] [cloudflare] [Cloudflare] [d41d8cd98f00b204e9800998ecf8427e]
https://referrals.deepspace.game:2096 [302] [GET] [] [] [cloudflare] [vhost] [cloudflare] [Cloudflare] [d41d8cd98f00b204e9800998ecf8427e]
https://referrals.deepspace.game [302] [GET] [] [] [cloudflare] [vhost] [cloudflare] [Cloudflare] [d41d8cd98f00b204e9800998ecf8427e]
https://referrals.deepspace.game:8443 [302] [GET] [] [] [cloudflare] [vhost] [cloudflare] [Cloudflare] [d41d8cd98f00b204e9800998ecf8427e]
https://riskswap.deepspace.game:2053 [302] [GET] [] [] [cloudflare] [vhost] [cloudflare] [Cloudflare] [d41d8cd98f00b204e9800998ecf8427e]
https://riskswap.deepspace.game:2087 [302] [GET] [] [] [cloudflare] [vhost] [cloudflare] [Cloudflare] [d41d8cd98f00b204e9800998ecf8427e]
https://riskswap.deepspace.game [302] [GET] [] [] [cloudflare] [vhost] [cloudflare] [Cloudflare] [d41d8cd98f00b204e9800998ecf8427e]
https://riskswap.deepspace.game:8443 [302] [GET] [] [] [cloudflare] [vhost] [cloudflare] [Cloudflare] [d41d8cd98f00b204e9800998ecf8427e]
https://sip.deepspace.game [404] [GET] [text/plain] [] [RTC/7.0] [61fd6d9c5d6ae702f5d4803378d2deac]
https://stats.deepspace.game [200] [GET] [text/html] [DEEPSPACE (DPS) Ship NFT Stats Client] [cloudflare] [vhost] [cloudflare] [Cloudflare,Cloudflare Network Error Logging] [f379b233a2fe625c81880bb2c76796fa]
https://stats.deepspace.game [200] [GET] [text/html] [DEEPSPACE (DPS) Ship NFT Stats Client] [cloudflare] [vhost] [cloudflare] [Cloudflare,Cloudflare Network Error Logging] [f3c3921df4ed41a2050dc028fa84b83b]
https://stats.deepspace.game:2083 [200] [GET] [text/html] [DEEPSPACE (DPS) Ship NFT Stats Client] [cloudflare] [vhost] [cloudflare] [Cloudflare,Cloudflare Network Error Logging] [004c554c85e4db68e87e3a69489bfc1f]
https://stats.deepspace.game:8443 [200] [GET] [text/html] [DEEPSPACE (DPS) Ship NFT Stats Client] [cloudflare] [vhost] [cloudflare] [Cloudflare,Cloudflare Network Error Logging] [243179d224f8352e9b0d963db8147ce6]
https://stream.deepspace.game:2083 [302] [GET] [] [] [cloudflare] [vhost] [cloudflare] [Cloudflare] [d41d8cd98f00b204e9800998ecf8427e]
https://stream.deepspace.game [302] [GET] [] [] [cloudflare] [vhost] [cloudflare] [Cloudflare] [d41d8cd98f00b204e9800998ecf8427e]
https://stream.deepspace.game:8443 [302] [GET] [] [] [cloudflare] [vhost] [cloudflare] [Cloudflare] [d41d8cd98f00b204e9800998ecf8427e]
https://swap.deepspace.game:2083 [302] [GET] [] [] [cloudflare] [vhost] [cloudflare] [Cloudflare] [d41d8cd98f00b204e9800998ecf8427e]
https://swap.deepspace.game [302] [GET] [] [] [cloudflare] [vhost] [cloudflare] [Cloudflare] [d41d8cd98f00b204e9800998ecf8427e]
https://swap.deepspace.game:8443 [302] [GET] [] [] [cloudflare] [vhost] [cloudflare] [Cloudflare] [d41d8cd98f00b204e9800998ecf8427e]
http://stats.deepspace.game:2082 [301] [GET] [] [] [cloudflare] [cloudflare] [Cloudflare] [d41d8cd98f00b204e9800998ecf8427e]
http://stats.deepspace.game:2086 [301] [GET] [] [] [cloudflare] [cloudflare] [Cloudflare] [d41d8cd98f00b204e9800998ecf8427e]
http://stats.deepspace.game:8080 [301] [GET] [] [] [cloudflare] [cloudflare] [Cloudflare] [d41d8cd98f00b204e9800998ecf8427e]
http://stats.deepspace.game:8880 [301] [GET] [] [] [cloudflare] [cloudflare] [Cloudflare] [d41d8cd98f00b204e9800998ecf8427e]
https://test-api.deepspace.game [404] [GET] [text/html] [Site Not Found] [cloudflare] [vhost] [cloudflare] [Cloudflare,Fastly,Google Font API] [931f7e852f611504b480fcb7a6f4a9a7]
https://test-api.deepspace.game [404] [GET] [text/html] [Site Not Found] [cloudflare] [vhost] [cloudflare] [Cloudflare,Fastly,Google Font API] [e81d27f19a52046970f84f07fc014746]
https://test-app.deepspace.game [308] [GET] [text/plain] [] [cloudflare] [vhost] [cloudflare] [Cloudflare,Vercel] [c3b3e4fb3b8ee88944ad6a674d16fbf3]
https://test-assets.deepspace.game:2053 [403] [GET] [text/html] [Attention Required! | Cloudflare] [cloudflare] [vhost] [cloudflare] [Cloudflare] [588d7bedf3577c67431297fabee5a185]
https://test-assets.deepspace.game:2087 [404] [GET] [text/plain] [] [cloudflare] [vhost] [cloudflare] [Cloudflare] [ba3d96fd7997764e8b5b92068ff37aef]
https://test-assets.deepspace.game [404] [GET] [text/plain] [] [cloudflare] [vhost] [cloudflare] [Cloudflare] [ba3d96fd7997764e8b5b92068ff37aef]
https://test-assets.deepspace.game:8443 [404] [GET] [text/plain] [] [cloudflare] [vhost] [cloudflare] [Cloudflare] [ba3d96fd7997764e8b5b92068ff37aef]
https://test-play.deepspace.game:2053 [302] [GET] [] [] [cloudflare] [vhost] [cloudflare] [Cloudflare] [d41d8cd98f00b204e9800998ecf8427e]
https://test-play.deepspace.game:2087 [302] [GET] [] [] [cloudflare] [vhost] [cloudflare] [Cloudflare] [d41d8cd98f00b204e9800998ecf8427e]
https://test-play.deepspace.game [302] [GET] [] [] [cloudflare] [vhost] [cloudflare] [Cloudflare] [d41d8cd98f00b204e9800998ecf8427e]
https://test-play.deepspace.game:8443 [302] [GET] [] [] [cloudflare] [vhost] [cloudflare] [Cloudflare] [d41d8cd98f00b204e9800998ecf8427e]
https://test-signup.deepspace.game:2083 [302] [GET] [] [] [cloudflare] [vhost] [cloudflare] [Cloudflare] [d41d8cd98f00b204e9800998ecf8427e]
https://test-signup.deepspace.game [302] [GET] [] [] [cloudflare] [vhost] [cloudflare] [Cloudflare] [d41d8cd98f00b204e9800998ecf8427e]
https://test-signup.deepspace.game:8443 [302] [GET] [] [] [cloudflare] [vhost] [cloudflare] [Cloudflare] [d41d8cd98f00b204e9800998ecf8427e]
https://test-site.deepspace.game [200] [GET] [text/html] [DEEPSPACE - Play to Earn Crypto] [cloudflare] [vhost] [cloudflare] [Cloudflare,Cloudflare Network Error Logging,Webflow] [e3db755c6227f5190b91eca8e65ffca1]
https://test-site.deepspace.game [200] [GET] [text/html] [DEEPSPACE - Play to Earn Crypto] [cloudflare] [vhost] [cloudflare] [Cloudflare,Cloudflare Network Error Logging,Webflow] [f5321dda1907820a1cb0a1df471c5dad]
https://test-site.deepspace.game:2083 [200] [GET] [text/html] [DEEPSPACE - Play to Earn Crypto] [cloudflare] [vhost] [cloudflare] [Cloudflare,Cloudflare Network Error Logging,Webflow] [fe2cdf53a23e36924d6c6caa47a51942]
https://test-site.deepspace.game:8443 [200] [GET] [text/html] [DEEPSPACE - Play to Earn Crypto] [cloudflare] [vhost] [cloudflare] [Cloudflare,Cloudflare Network Error Logging,Webflow] [6ad28daf0bfacc64e44276e258657aef]
https://test-stats.deepspace.game [200] [GET] [text/html] [DEEPSPACE (DPS) Test Ship Stats Client] [cloudflare] [vhost] [cloudflare] [Cloudflare,Cloudflare Network Error Logging] [31b5932ad3f36cc3b011edbd709466d5]
https://test-stats.deepspace.game [200] [GET] [text/html] [DEEPSPACE (DPS) Test Ship Stats Client] [cloudflare] [vhost] [cloudflare] [Cloudflare,Cloudflare Network Error Logging] [ef2989e7837d755b1884e302a1c25959]
https://test-stats.deepspace.game:2083 [200] [GET] [text/html] [DEEPSPACE (DPS) Test Ship Stats Client] [cloudflare] [vhost] [cloudflare] [Cloudflare,Cloudflare Network Error Logging] [2b1dc68e43cff847217e6bf415ce5a60]
https://test-stats.deepspace.game:2087 [200] [GET] [text/html] [DEEPSPACE (DPS) Test Ship Stats Client] [cloudflare] [vhost] [cloudflare] [Cloudflare,Cloudflare Network Error Logging] [ed2302450482d7ce492b078afd70f252]
https://test-stats.deepspace.game:2096 [200] [GET] [text/html] [DEEPSPACE (DPS) Test Ship Stats Client] [cloudflare] [vhost] [cloudflare] [Cloudflare,Cloudflare Network Error Logging] [39dc7329ab0b41bc7400f5df4dad1640]
https://test-stats.deepspace.game:8443 [200] [GET] [text/html] [DEEPSPACE (DPS) Test Ship Stats Client] [cloudflare] [vhost] [cloudflare] [Cloudflare,Cloudflare Network Error Logging] [9a9b510c213018bae1b37782b4e26d5b]
https://token.deepspace.game [200] [GET] [text/html] [DEEPSPACE (DPS) Token Stats Client] [cloudflare] [vhost] [cloudflare] [Cloudflare,Cloudflare Network Error Logging] [87dfdd2b0ba80fd8077879bc0c34cbf5]
https://token.deepspace.game [200] [GET] [text/html] [DEEPSPACE (DPS) Token Stats Client] [cloudflare] [vhost] [cloudflare] [Cloudflare,Cloudflare Network Error Logging] [da4cf087a8da842f05e881ccbcaee3d8]
https://token.deepspace.game:2053 [200] [GET] [text/html] [DEEPSPACE (DPS) Token Stats Client] [cloudflare] [vhost] [cloudflare] [Cloudflare,Cloudflare Network Error Logging] [69e6274f9a9d8731d2f93bc0bba809cd]
https://token.deepspace.game:2087 [200] [GET] [text/html] [DEEPSPACE (DPS) Token Stats Client] [cloudflare] [vhost] [cloudflare] [Cloudflare,Cloudflare Network Error Logging] [920a8ee72e7b42a322bdbd20e2a29b23]
https://token.deepspace.game:8443 [200] [GET] [text/html] [DEEPSPACE (DPS) Token Stats Client] [cloudflare] [vhost] [cloudflare] [Cloudflare,Cloudflare Network Error Logging] [ec013c1a9a105409374ef47dc0e928ec]
http://stream.deepspace.game:2082 [301] [GET] [] [] [cloudflare] [cloudflare] [Cloudflare] [d41d8cd98f00b204e9800998ecf8427e]
http://stream.deepspace.game:2086 [301] [GET] [] [] [cloudflare] [cloudflare] [Cloudflare] [d41d8cd98f00b204e9800998ecf8427e]
http://stream.deepspace.game:8080 [301] [GET] [] [] [cloudflare] [cloudflare] [Cloudflare] [d41d8cd98f00b204e9800998ecf8427e]
http://stream.deepspace.game:8880 [301] [GET] [] [] [cloudflare] [cloudflare] [Cloudflare] [d41d8cd98f00b204e9800998ecf8427e]
http://swap.deepspace.game:2082 [301] [GET] [] [] [cloudflare] [cloudflare] [Cloudflare] [d41d8cd98f00b204e9800998ecf8427e]
http://swap.deepspace.game:2086 [301] [GET] [] [] [cloudflare] [cloudflare] [Cloudflare] [d41d8cd98f00b204e9800998ecf8427e]
http://swap.deepspace.game:8080 [301] [GET] [] [] [cloudflare] [cloudflare] [Cloudflare] [d41d8cd98f00b204e9800998ecf8427e]
http://swap.deepspace.game:8880 [301] [GET] [] [] [cloudflare] [cloudflare] [Cloudflare] [d41d8cd98f00b204e9800998ecf8427e]
https://www.deepspace.game:2083 [302] [GET] [] [] [cloudflare] [vhost] [cloudflare] [Cloudflare] [d41d8cd98f00b204e9800998ecf8427e]
https://www.deepspace.game [302] [GET] [] [] [cloudflare] [vhost] [cloudflare] [Cloudflare] [d41d8cd98f00b204e9800998ecf8427e]
https://www.deepspace.game:8443 [302] [GET] [] [] [cloudflare] [vhost] [cloudflare] [Cloudflare] [d41d8cd98f00b204e9800998ecf8427e]
http://test-api.deepspace.game:2082 [301] [GET] [] [] [cloudflare] [cloudflare] [Cloudflare] [d41d8cd98f00b204e9800998ecf8427e]
http://test-api.deepspace.game:2083 [400] [GET] [text/html] [400 The plain HTTP request was sent to HTTPS port] [cloudflare] [cloudflare] [Cloudflare] [20ad84d030031252141ca0b3fc0183f0]
http://test-api.deepspace.game:2086 [301] [GET] [] [] [cloudflare] [cloudflare] [Cloudflare] [d41d8cd98f00b204e9800998ecf8427e]
http://test-api.deepspace.game:2087 [400] [GET] [text/html] [400 The plain HTTP request was sent to HTTPS port] [cloudflare] [cloudflare] [Cloudflare] [20ad84d030031252141ca0b3fc0183f0]
http://test-api.deepspace.game:8080 [301] [GET] [] [] [cloudflare] [cloudflare] [Cloudflare] [d41d8cd98f00b204e9800998ecf8427e]
http://test-api.deepspace.game:8443 [400] [GET] [text/html] [400 The plain HTTP request was sent to HTTPS port] [cloudflare] [cloudflare] [Cloudflare] [20ad84d030031252141ca0b3fc0183f0]
http://test-api.deepspace.game:8880 [301] [GET] [] [] [cloudflare] [cloudflare] [Cloudflare] [d41d8cd98f00b204e9800998ecf8427e]
http://test-app.deepspace.game:2082 [301] [GET] [] [] [cloudflare] [cloudflare] [Cloudflare] [d41d8cd98f00b204e9800998ecf8427e]
http://test-app.deepspace.game:2083 [400] [GET] [text/html] [400 The plain HTTP request was sent to HTTPS port] [cloudflare] [cloudflare] [Cloudflare] [20ad84d030031252141ca0b3fc0183f0]
http://test-app.deepspace.game:2086 [301] [GET] [] [] [cloudflare] [vhost] [cloudflare] [Cloudflare] [d41d8cd98f00b204e9800998ecf8427e]
http://test-app.deepspace.game:8080 [301] [GET] [] [] [cloudflare] [cloudflare] [Cloudflare] [d41d8cd98f00b204e9800998ecf8427e]
http://test-app.deepspace.game:8443 [400] [GET] [text/html] [400 The plain HTTP request was sent to HTTPS port] [cloudflare] [cloudflare] [Cloudflare] [cd58783500d7fa3c58f88eb0ba22f4f8]
http://test-app.deepspace.game:8880 [301] [GET] [] [] [cloudflare] [cloudflare] [Cloudflare] [d41d8cd98f00b204e9800998ecf8427e]
http://test-assets.deepspace.game:2086 [301] [GET] [] [] [cloudflare] [cloudflare] [Cloudflare] [d41d8cd98f00b204e9800998ecf8427e]
http://test-assets.deepspace.game:8080 [301] [GET] [] [] [cloudflare] [cloudflare] [Cloudflare] [d41d8cd98f00b204e9800998ecf8427e]
http://test-assets.deepspace.game:8880 [301] [GET] [] [] [cloudflare] [cloudflare] [Cloudflare] [d41d8cd98f00b204e9800998ecf8427e]
http://test-play.deepspace.game:2086 [301] [GET] [] [] [cloudflare] [cloudflare] [Cloudflare] [d41d8cd98f00b204e9800998ecf8427e]
http://test-play.deepspace.game:8080 [301] [GET] [] [] [cloudflare] [cloudflare] [Cloudflare] [d41d8cd98f00b204e9800998ecf8427e]
http://test-play.deepspace.game:8880 [301] [GET] [] [] [cloudflare] [cloudflare] [Cloudflare] [d41d8cd98f00b204e9800998ecf8427e]
http://test-signup.deepspace.game:2082 [301] [GET] [] [] [cloudflare] [cloudflare] [Cloudflare] [d41d8cd98f00b204e9800998ecf8427e]
http://test-signup.deepspace.game:2086 [301] [GET] [] [] [cloudflare] [cloudflare] [Cloudflare] [d41d8cd98f00b204e9800998ecf8427e]
http://test-signup.deepspace.game:8080 [301] [GET] [] [] [cloudflare] [cloudflare] [Cloudflare] [d41d8cd98f00b204e9800998ecf8427e]
http://test-signup.deepspace.game:8880 [301] [GET] [] [] [cloudflare] [cloudflare] [Cloudflare] [d41d8cd98f00b204e9800998ecf8427e]
http://test-site.deepspace.game:2082 [301] [GET] [] [] [cloudflare] [cloudflare] [Cloudflare] [d41d8cd98f00b204e9800998ecf8427e]
http://test-site.deepspace.game:2086 [301] [GET] [] [] [cloudflare] [cloudflare] [Cloudflare] [d41d8cd98f00b204e9800998ecf8427e]
http://test-site.deepspace.game:8080 [301] [GET] [] [] [cloudflare] [cloudflare] [Cloudflare] [d41d8cd98f00b204e9800998ecf8427e]
http://test-site.deepspace.game:8880 [301] [GET] [] [] [cloudflare] [cloudflare] [Cloudflare] [d41d8cd98f00b204e9800998ecf8427e]
http://test-stats.deepspace.game:2082 [301] [GET] [] [] [cloudflare] [cloudflare] [Cloudflare] [d41d8cd98f00b204e9800998ecf8427e]
http://test-stats.deepspace.game:2086 [301] [GET] [] [] [cloudflare] [cloudflare] [Cloudflare] [d41d8cd98f00b204e9800998ecf8427e]
http://test-stats.deepspace.game:8080 [301] [GET] [] [] [cloudflare] [cloudflare] [Cloudflare] [d41d8cd98f00b204e9800998ecf8427e]
http://test-stats.deepspace.game:8880 [301] [GET] [] [] [cloudflare] [cloudflare] [Cloudflare] [d41d8cd98f00b204e9800998ecf8427e]
http://token.deepspace.game:2086 [301] [GET] [] [] [cloudflare] [cloudflare] [Cloudflare] [d41d8cd98f00b204e9800998ecf8427e]
http://token.deepspace.game:8080 [301] [GET] [] [] [cloudflare] [cloudflare] [Cloudflare] [d41d8cd98f00b204e9800998ecf8427e]
http://token.deepspace.game:8880 [301] [GET] [] [] [cloudflare] [cloudflare] [Cloudflare] [d41d8cd98f00b204e9800998ecf8427e]
http://www.deepspace.game:2082 [301] [GET] [] [] [cloudflare] [cloudflare] [Cloudflare] [d41d8cd98f00b204e9800998ecf8427e]
http://www.deepspace.game:2086 [301] [GET] [] [] [cloudflare] [cloudflare] [Cloudflare] [d41d8cd98f00b204e9800998ecf8427e]
http://www.deepspace.game:8080 [301] [GET] [] [] [cloudflare] [cloudflare] [Cloudflare] [d41d8cd98f00b204e9800998ecf8427e]
http://www.deepspace.game:8880 [301] [GET] [] [] [cloudflare] [cloudflare] [Cloudflare] [d41d8cd98f00b204e9800998ecf8427e]
