http://app.defisaver.com:2083 [400] [GET] [text/html] [400 The plain HTTP request was sent to HTTPS port] [cloudflare] [cloudflare] [Cloudflare] [cd58783500d7fa3c58f88eb0ba22f4f8]
http://app.defisaver.com:2087 [400] [GET] [text/html] [400 The plain HTTP request was sent to HTTPS port] [cloudflare] [cloudflare] [Cloudflare] [20ad84d030031252141ca0b3fc0183f0]
http://app.defisaver.com:8443 [400] [GET] [text/html] [400 The plain HTTP request was sent to HTTPS port] [cloudflare] [cloudflare] [Cloudflare] [cd58783500d7fa3c58f88eb0ba22f4f8]
http://beta.defisaver.com:2053 [400] [GET] [text/html] [400 The plain HTTP request was sent to HTTPS port] [cloudflare] [cloudflare] [Cloudflare] [20ad84d030031252141ca0b3fc0183f0]
http://beta.defisaver.com:2083 [400] [GET] [text/html] [400 The plain HTTP request was sent to HTTPS port] [cloudflare] [cloudflare] [Cloudflare] [cd58783500d7fa3c58f88eb0ba22f4f8]
http://beta.defisaver.com:2087 [400] [GET] [text/html] [400 The plain HTTP request was sent to HTTPS port] [cloudflare] [cloudflare] [Cloudflare] [20ad84d030031252141ca0b3fc0183f0]
http://beta.defisaver.com:8443 [400] [GET] [text/html] [400 The plain HTTP request was sent to HTTPS port] [cloudflare] [cloudflare] [Cloudflare] [cd58783500d7fa3c58f88eb0ba22f4f8]
http://blog.defisaver.com:2083 [400] [GET] [text/html] [400 The plain HTTP request was sent to HTTPS port] [cloudflare] [cloudflare] [Cloudflare] [cd58783500d7fa3c58f88eb0ba22f4f8]
http://blog.defisaver.com:2087 [400] [GET] [text/html] [400 The plain HTTP request was sent to HTTPS port] [cloudflare] [cloudflare] [Cloudflare] [20ad84d030031252141ca0b3fc0183f0]
http://blog.defisaver.com:8443 [400] [GET] [text/html] [400 The plain HTTP request was sent to HTTPS port] [cloudflare] [cloudflare] [Cloudflare] [20ad84d030031252141ca0b3fc0183f0]
http://dash.defisaver.com:2053 [400] [GET] [text/html] [400 The plain HTTP request was sent to HTTPS port] [cloudflare] [cloudflare] [Cloudflare] [cd58783500d7fa3c58f88eb0ba22f4f8]
http://dash.defisaver.com:2083 [400] [GET] [text/html] [400 The plain HTTP request was sent to HTTPS port] [cloudflare] [cloudflare] [Cloudflare] [cd58783500d7fa3c58f88eb0ba22f4f8]
http://dash.defisaver.com:2087 [400] [GET] [text/html] [400 The plain HTTP request was sent to HTTPS port] [cloudflare] [cloudflare] [Cloudflare] [cd58783500d7fa3c58f88eb0ba22f4f8]
http://defisaver.com:2083 [400] [GET] [text/html] [400 The plain HTTP request was sent to HTTPS port] [cloudflare] [cloudflare] [Cloudflare] [cd58783500d7fa3c58f88eb0ba22f4f8]
http://defisaver.com:2087 [400] [GET] [text/html] [400 The plain HTTP request was sent to HTTPS port] [cloudflare] [cloudflare] [Cloudflare] [20ad84d030031252141ca0b3fc0183f0]
http://defisaver.com:2096 [400] [GET] [text/html] [400 The plain HTTP request was sent to HTTPS port] [cloudflare] [cloudflare] [Cloudflare] [20ad84d030031252141ca0b3fc0183f0]
http://defisaver.com:8443 [400] [GET] [text/html] [400 The plain HTTP request was sent to HTTPS port] [cloudflare] [cloudflare] [Cloudflare] [cd58783500d7fa3c58f88eb0ba22f4f8]
http://docs.defisaver.com:2053 [400] [GET] [text/html] [400 The plain HTTP request was sent to HTTPS port] [cloudflare] [cloudflare] [Cloudflare] [20ad84d030031252141ca0b3fc0183f0]
http://docs.defisaver.com:2082 [302] [GET] [] [] [cloudflare] [vhost] [cloudflare] [Cloudflare] [d41d8cd98f00b204e9800998ecf8427e]
http://docs.defisaver.com:2083 [400] [GET] [text/html] [400 The plain HTTP request was sent to HTTPS port] [cloudflare] [cloudflare] [Cloudflare] [cd58783500d7fa3c58f88eb0ba22f4f8]
http://docs.defisaver.com:2086 [302] [GET] [] [] [cloudflare] [vhost] [cloudflare] [Cloudflare] [d41d8cd98f00b204e9800998ecf8427e]
http://docs.defisaver.com:2087 [400] [GET] [text/html] [400 The plain HTTP request was sent to HTTPS port] [cloudflare] [cloudflare] [Cloudflare] [20ad84d030031252141ca0b3fc0183f0]
http://docs.defisaver.com:8080 [302] [GET] [] [] [cloudflare] [vhost] [cloudflare] [Cloudflare] [d41d8cd98f00b204e9800998ecf8427e]
http://exchange.defisaver.com:8888 [404] [GET] [application/json] [] [] [48a73a4bd3176fbc096625bb7d4afa3f]
http://exchange.defisaver.com:8889 [404] [GET] [application/json] [] [] [48a73a4bd3176fbc096625bb7d4afa3f]
http://forum.defisaver.com:2083 [400] [GET] [text/html] [400 The plain HTTP request was sent to HTTPS port] [cloudflare] [cloudflare] [Cloudflare] [20ad84d030031252141ca0b3fc0183f0]
http://forum.defisaver.com:2087 [400] [GET] [text/html] [400 The plain HTTP request was sent to HTTPS port] [cloudflare] [cloudflare] [Cloudflare] [20ad84d030031252141ca0b3fc0183f0]
http://forum.defisaver.com:8443 [400] [GET] [text/html] [400 The plain HTTP request was sent to HTTPS port] [cloudflare] [cloudflare] [Cloudflare] [20ad84d030031252141ca0b3fc0183f0]
http://help.defisaver.com:2053 [400] [GET] [text/html] [400 The plain HTTP request was sent to HTTPS port] [cloudflare] [cloudflare] [Cloudflare] [20ad84d030031252141ca0b3fc0183f0]
http://help.defisaver.com:2083 [400] [GET] [text/html] [400 The plain HTTP request was sent to HTTPS port] [cloudflare] [cloudflare] [Cloudflare] [cd58783500d7fa3c58f88eb0ba22f4f8]
http://help.defisaver.com:2087 [400] [GET] [text/html] [400 The plain HTTP request was sent to HTTPS port] [cloudflare] [cloudflare] [Cloudflare] [cd58783500d7fa3c58f88eb0ba22f4f8]
http://metabase.defisaver.com:2083 [400] [GET] [text/html] [400 The plain HTTP request was sent to HTTPS port] [cloudflare] [cloudflare] [Cloudflare] [cd58783500d7fa3c58f88eb0ba22f4f8]
http://metabase.defisaver.com:2087 [400] [GET] [text/html] [400 The plain HTTP request was sent to HTTPS port] [cloudflare] [cloudflare] [Cloudflare] [cd58783500d7fa3c58f88eb0ba22f4f8]
http://metabase.defisaver.com:2096 [400] [GET] [text/html] [400 The plain HTTP request was sent to HTTPS port] [cloudflare] [cloudflare] [Cloudflare] [20ad84d030031252141ca0b3fc0183f0]
http://metabase.defisaver.com:8443 [400] [GET] [text/html] [400 The plain HTTP request was sent to HTTPS port] [cloudflare] [cloudflare] [Cloudflare] [20ad84d030031252141ca0b3fc0183f0]
https://api.defisaver.com [401] [GET] [text/plain] [] [awselb/2.0] [e06d1ba70f1331e9f9a113cc2f887d3f]
https://app.defisaver.com [200] [GET] [text/html] [DeFi Saver] [cloudflare] [vhost] [cloudflare] [Cloudflare] [8600db6fc3b933f025f6ab4a55b2bc52]
https://beta.defisaver.com [200] [GET] [text/html] [DeFi Saver] [cloudflare] [vhost] [cloudflare] [Cloudflare] [9818c5c313f433424f5178d093bb6c42]
https://blog.defisaver.com [200] [GET] [text/html] [DeFi Saver Blog] [cloudflare] [vhost] [cloudflare] [Cloudflare,Express,Ghost:4.48,Google Font API,Gravatar,Node.js] [1dc5c9658aef7c5583f5e7050ae5aa06]
https://dash.defisaver.com [401] [GET] [text/html] [401 Authorization Required] [cloudflare] [vhost] [cloudflare] [Basic,Cloudflare] [55d2e7860455448d0e50c2fc8e87b611]
https://defisaver.com [200] [GET] [text/html] [DeFi Saver] [cloudflare] [vhost] [cloudflare] [Cloudflare,Gatsby:2.22.15,Google Font API,React,webpack] [e99cdb12ef8a1ca0524c00c89c3e7fcc]
https://docs.defisaver.com [200] [GET] [text/html] [Introduction - DeFi Saver] [cloudflare] [vhost] [cloudflare] [Algolia,Cloudflare,Google Cloud,Google Cloud Trace,React] [7d9a92d9a05b5b37deae8cf94e0ef8a7]
https://exchange.defisaver.com [403] [GET] [text/html] [403 Forbidden] [nginx/1.14.0 (Ubuntu)] [Nginx:1.14.0,Ubuntu] [af54461653dbb060bb6de1b81c1ca1fb]
https://forum.defisaver.com [200] [GET] [text/html] [DeFi Saver Forum - DeFi Saver related discussions.] [cloudflare] [vhost] [cloudflare] [Cloudflare,Discourse,Ruby on Rails] [3612dd6adc83c332a82ef42daa6630e1]
https://forum.defisaver.com [403] [GET] [text/plain] [] [cloudflare] [vhost] [cloudflare] [Cloudflare] [4f20b85ce5ebf225720e040314a7966a]
https://help.defisaver.com [200] [GET] [text/html] [DeFi Saver Knowledge Base] [cloudflare] [vhost] [cloudflare] [Cloudflare,Google Font API] [232d8b984a78efcc060433dc569c8563]
https://metabase.defisaver.com [200] [GET] [text/html] [Metabase] [cloudflare] [vhost] [cloudflare] [Cloudflare] [c3db6bb7ef86b8eb8b5fe58ce897ac5c]
https://stats.defisaver.com [200] [GET] [text/html] [Crypto Jingles] [cloudflare] [vhost] [cloudflare] [Cloudflare,Google Font API] [63e3d63c2345e93ab9454a8876e30aa4]
https://stats.defisaver.com:2083 [521] [GET] [] [] [cloudflare] [vhost] [cloudflare] [Cloudflare] [d41d8cd98f00b204e9800998ecf8427e]
https://stats.defisaver.com:2087 [521] [GET] [] [] [cloudflare] [vhost] [cloudflare] [Cloudflare] [d41d8cd98f00b204e9800998ecf8427e]
https://stats.defisaver.com:8443 [521] [GET] [] [] [cloudflare] [vhost] [cloudflare] [Cloudflare] [d41d8cd98f00b204e9800998ecf8427e]
http://stats.defisaver.com:2082 [521] [GET] [] [] [cloudflare] [vhost] [cloudflare] [Cloudflare] [d41d8cd98f00b204e9800998ecf8427e]
http://stats.defisaver.com:2086 [521] [GET] [] [] [cloudflare] [vhost] [cloudflare] [Cloudflare] [d41d8cd98f00b204e9800998ecf8427e]
http://stats.defisaver.com:8880 [521] [GET] [] [] [cloudflare] [vhost] [cloudflare] [Cloudflare] [d41d8cd98f00b204e9800998ecf8427e]
https://txapi.defisaver.com [403] [GET] [text/html] [403 Forbidden] [nginx/1.14.0 (Ubuntu)] [Nginx:1.14.0,Ubuntu] [af54461653dbb060bb6de1b81c1ca1fb]
https://www.defisaver.com [200] [GET] [text/html] [DeFi Saver] [cloudflare] [vhost] [cloudflare] [Cloudflare,Gatsby:2.22.15,Google Font API,React,webpack] [e99cdb12ef8a1ca0524c00c89c3e7fcc]
http://www.defisaver.com:2083 [400] [GET] [text/html] [400 The plain HTTP request was sent to HTTPS port] [cloudflare] [cloudflare] [Cloudflare] [20ad84d030031252141ca0b3fc0183f0]
http://www.defisaver.com:2087 [400] [GET] [text/html] [400 The plain HTTP request was sent to HTTPS port] [cloudflare] [cloudflare] [Cloudflare] [cd58783500d7fa3c58f88eb0ba22f4f8]
http://www.defisaver.com:8443 [400] [GET] [text/html] [400 The plain HTTP request was sent to HTTPS port] [cloudflare] [cloudflare] [Cloudflare] [cd58783500d7fa3c58f88eb0ba22f4f8]
