http://click.klantacties.demorgen.be:8080 [200] [GET] [text/html] [Shared IP] [Apache/2] [Apache:2] [d3f59542649dcf75112dea876843f05a]
https://2020.demorgen.be [302] [GET] [text/html] [] [] [vhost] [d41d8cd98f00b204e9800998ecf8427e]
https://2021.demorgen.be [403] [GET] [text/html] [Access Denied] [AkamaiGHost] [vhost] [2758208fb8c84cb97465bcae39ee5ae5]
https://2021.demorgen.be [403] [GET] [text/html] [Access Denied] [AkamaiGHost] [vhost] [d4c6722072972298676a391d355189ba]
https://acc.demorgen.be [401] [GET] [text/html] [Access Denied] [AkamaiGHost] [vhost] [Basic] [4d31edcf6e90720ba2d16c6bfcb74692]
https://acc.demorgen.be [401] [GET] [text/html] [Access Denied] [AkamaiGHost] [vhost] [Basic] [73cdb03e30f0a9d629e25b72c3e5ff46]
https://acc-mobilebackend.demorgen.be [403] [GET] [text/html] [Access Denied] [AkamaiGHost] [vhost] [a6221ccd4ce6f6e10d69edf1e658c768]
https://acc-mobilebackend.demorgen.be [403] [GET] [text/html] [Access Denied] [AkamaiGHost] [vhost] [a861485087e7a1079693803a9420b003]
https://accounts.acc-voordelen.demorgen.be [200] [GET] [text/html] [] [] [Microsoft ASP.NET] [d41d8cd98f00b204e9800998ecf8427e]
https://accounts.demorgen.be [200] [GET] [text/html] [] [] [Microsoft ASP.NET] [d41d8cd98f00b204e9800998ecf8427e]
https://accounts.demorgen.be [200] [GET] [text/vnd.wap.wml] [] [] [Microsoft ASP.NET] [d41d8cd98f00b204e9800998ecf8427e]
https://acc-static.demorgen.be [401] [GET] [text/html] [Access Denied] [AkamaiGHost] [vhost] [Basic] [5c7800b4e7296a1b53526379ef42fa09]
https://acc-static.demorgen.be [401] [GET] [text/html] [Access Denied] [AkamaiGHost] [vhost] [Basic] [8f40e55ab5acfb4e753298c79a684713]
https://acc-voordelen.demorgen.be [403] [GET] [text/html] [Access Denied] [AkamaiGHost] [vhost] [852c0a66cf1e629f6618b33007bfb502]
https://acc-voordelen.demorgen.be [403] [GET] [text/html] [Access Denied] [AkamaiGHost] [vhost] [b4efdd389c61948d69be166e81fd12da]
https://actie.demorgen.be [404] [GET] [text/html] [-] [NCSA/1.4.2] [d57424ca602fa39a59d65a02e43e5e55]
https://beta.demorgen.be [403] [GET] [text/html] [Access Denied] [AkamaiGHost] [vhost] [37306b092a05af902a885878889df390]
https://beta.demorgen.be [403] [GET] [text/html] [Access Denied] [AkamaiGHost] [vhost] [b54c6e64cba7c3f8b8c969951a4d63da]
https://bouwjestad.demorgen.be [200] [GET] [text/html] [Bouw je stad - De Morgen] [AmazonS3] [vhost] [Amazon S3,Amazon Web Services] [b145bc63a705aef016591c38b5501766]
https://brandedcontentbe.demorgen.be [403] [GET] [text/html] [Access Denied] [AkamaiGHost] [vhost] [c5a01f6f424a997f2fd9413b36c31435]
https://brandedcontentbe.demorgen.be [403] [GET] [text/html] [Access Denied] [AkamaiGHost] [vhost] [e5995d9f68a91efe0b42c02ff9e3dcc0]
https://brandedcontent.demorgen.be [302] [GET] [text/html] [] [] [vhost] [d41d8cd98f00b204e9800998ecf8427e]
https://click.klantacties.demorgen.be [200] [GET] [text/html] [] [Apache/2] [vhost] [Apache:2] [5360706c803a759e3a9f2ca54a651950]
https://cmp.demorgen.be [403] [GET] [application/xml] [] [AmazonS3] [vhost] [cloudfront] [Amazon Cloudfront,Amazon S3,Amazon Web Services] [a3dbc23edd41c2e6fede96478928a83c]
https://cmp.demorgen.be [403] [GET] [application/xml] [] [AmazonS3] [vhost] [cloudfront] [Amazon Cloudfront,Amazon S3,Amazon Web Services] [c2e60815fea63429dd9f9ed3efe408fd]
https://dev.bouwjestad.demorgen.be [200] [GET] [text/html] [Bouw je stad - De Morgen] [AmazonS3] [vhost] [Amazon S3,Amazon Web Services] [9f6105da78bea1bbb00e139716e43499]
https://digitalekrant.demorgen.be [302] [GET] [text/html] [] [nginx] [vhost] [Nginx] [d41d8cd98f00b204e9800998ecf8427e]
https://dossiers.demorgen.be [403] [GET] [text/html] [Access Denied] [AkamaiGHost] [vhost] [7a6a96dc9d6293d572e41aea3df6e147]
https://dossiers.demorgen.be [403] [GET] [text/html] [Access Denied] [AkamaiGHost] [vhost] [ad2d31d901dc0fc67a111eeac47ed896]
https://ebike-non-prod.demorgen.be [403] [GET] [text/html] [Access Denied] [] [vhost] [37c45d37936841d9b3f2864761868b0f]
https://ebike-non-prod.demorgen.be [403] [GET] [text/html] [Access Denied] [] [vhost] [5be53c1304e831cb1af6b634c78e625c]
https://e.email.demorgen.be [200] [GET] [text/html] [You received emails from this domain, didn't you?] [nginx] [Nginx,Webflow] [c0666cde79e5426946974302fe3307c3]
https://e.mail.demorgen.be [200] [GET] [text/html] [You received emails from this domain, didn't you?] [nginx] [Nginx,Webflow] [c0666cde79e5426946974302fe3307c3]
https://esales.demorgen.be [403] [GET] [text/html] [Access Denied] [AkamaiGHost] [vhost] [89c4562ebb55973b42301b77ff8c2cf8]
https://esales.demorgen.be [403] [GET] [text/html] [Access Denied] [AkamaiGHost] [vhost] [d120fede6fd53221b26e0e9d0af9ddc1]
https://ims.demorgen.be [200] [GET] [text/html] [] [] [vhost] [ce885dfc7b98daf8af33132a6b63ab22]
https://klantacties.demorgen.be [200] [GET] [text/html] [Startpagina | DPG Media] [Apache/2] [vhost] [Apache:2,Varnish:7.1,Vue.js] [662bdeb4ae8d3342ac27ca4b92d96dc6]
https://krant.demorgen.be [302] [GET] [text/html] [] [nginx] [vhost] [Nginx,PHP] [d41d8cd98f00b204e9800998ecf8427e]
https://live.demorgen.be [403] [GET] [text/html] [Access Denied] [AkamaiGHost] [vhost] [4c7b71c2948c5775eb79f4cbef8c53e7]
https://live.demorgen.be [403] [GET] [text/html] [Access Denied] [AkamaiGHost] [vhost] [e72cb125636589ec47300cae64d4d1bb]
https://login2.demorgen.be [403] [GET] [text/html] [Access Denied] [AkamaiGHost] [vhost] [cfef6b5b86f789ab82aeae4de8ad69b6]
https://login2.demorgen.be [403] [GET] [text/html] [Access Denied] [AkamaiGHost] [vhost] [f0604fb3a11fc47a213cfad9b6a293c0]
https://login.demorgen.be [403] [GET] [text/html] [Access Denied] [AkamaiGHost] [vhost] [0036ab69f5e183a7cb407a6d5c635f50]
https://login.demorgen.be [403] [GET] [text/html] [Access Denied] [AkamaiGHost] [vhost] [a180846408797d87c6b16916f93edca9]
https://mobile2.demorgen.be [403] [GET] [text/html] [Access Denied] [AkamaiGHost] [vhost] [630e7fd1536e87be527168b36bc23c45]
https://mobile2.demorgen.be [403] [GET] [text/html] [Access Denied] [AkamaiGHost] [vhost] [825de71a131fe715188b0c8cc28ab06c]
https://mobile-acc.demorgen.be [401] [GET] [text/html] [Access Denied] [AkamaiGHost] [vhost] [Basic] [920b4e11fa1f18252bc0975844969f68]
https://mobile-acc.demorgen.be [401] [GET] [text/html] [Access Denied] [AkamaiGHost] [vhost] [Basic] [bcc238594c3dca6941a9f5f9eff7937c]
https://mobilebackend.demorgen.be [403] [GET] [text/html] [Access Denied] [AkamaiGHost] [vhost] [7502904c11d077983a3563f2f190f45e]
https://mobilebackend.demorgen.be [403] [GET] [text/html] [Access Denied] [AkamaiGHost] [vhost] [8d594b56949223359c9d670d7b7e6044]
https://mobile-beta.demorgen.be [403] [GET] [text/html] [Access Denied] [AkamaiGHost] [vhost] [fb94431a8766a8e1d16769052fc003dc]
https://mobile-beta.demorgen.be [403] [GET] [text/html] [Access Denied] [AkamaiGHost] [vhost] [fe82f2f9b9ec495d4490c6e60652d80f]
https://myaccount.demorgen.be [403] [GET] [text/html] [Access Denied] [AkamaiGHost] [vhost] [88705a897114ca2b77af3511b72885b3]
https://myaccount.demorgen.be [403] [GET] [text/html] [Access Denied] [AkamaiGHost] [vhost] [feee90c0158db5c8ff4f766ed67d529a]
https://shop.demorgen.be [403] [GET] [text/html] [Access Denied] [AkamaiGHost] [vhost] [54b0852e830059a4fa6c51c15b4c2c57]
https://shop.demorgen.be [403] [GET] [text/html] [Access Denied] [AkamaiGHost] [vhost] [987a0648c65d768900d91f4aeb4d1e7b]
https://social.demorgen.be [200] [GET] [text/html] [] [] [Microsoft ASP.NET] [d41d8cd98f00b204e9800998ecf8427e]
https://static.demorgen.be [403] [GET] [text/html] [Access Denied] [AkamaiGHost] [vhost] [5e3b061643a9c8a29c85fe237a6e0ac7]
https://static.demorgen.be [403] [GET] [text/html] [Access Denied] [AkamaiGHost] [vhost] [ea3a9df3ea600519b104bced350e48e4]
https://t2.klantacties.demorgen.be [404] [GET] [text/html] [404 Not Found] [Apache/2.4.37 (rocky)] [Apache:2.4.37] [cd3be2f061d2d1bd9623c5549fb7d904]
https://temptation.demorgen.be [403] [GET] [application/xml] [] [AmazonS3] [vhost] [Amazon S3,Amazon Web Services] [3a2fcd9534d4d14f8c40206b359c2a76]
https://temptation.demorgen.be [403] [GET] [application/xml] [] [AmazonS3] [vhost] [Amazon S3,Amazon Web Services] [c9137d4c427e3d1febebc50e9b3f244c]
https://t.klantacties.demorgen.be [404] [GET] [text/html] [404 Not Found] [Apache/2.4.37 (AlmaLinux)] [AlmaLinux,Apache:2.4.37] [cd3be2f061d2d1bd9623c5549fb7d904]
https://video.demorgen.be [403] [GET] [text/html] [Access Denied] [AkamaiGHost] [vhost] [96ad34e273c7b1adcc3a3413919d6089]
https://video.demorgen.be [403] [GET] [text/html] [Access Denied] [AkamaiGHost] [vhost] [d7ba566075a30c83378a3d3dd3a4d047]
https://voordelen.demorgen.be [403] [GET] [text/html] [Access Denied] [AkamaiGHost] [vhost] [bbc3c880e0de8402a9cface3d35374ae]
https://voordelen.demorgen.be [403] [GET] [text/html] [Access Denied] [AkamaiGHost] [vhost] [efff061be4b08ccf94bb1e76be212747]
https://webmail.demorgen.be [302] [GET] [] [] [BigIP] [F5 BigIP] [d41d8cd98f00b204e9800998ecf8427e]
https://welkom.demorgen.be [403] [GET] [text/html] [Access Denied] [AkamaiGHost] [vhost] [5d262c6b4e55d3c1b3bc701561f1524f]
https://welkom.demorgen.be [403] [GET] [text/html] [Access Denied] [AkamaiGHost] [vhost] [a618b0d08e12c64f671aa12a74f3f159]
https://welkom.staging.demorgen.be [403] [GET] [text/html] [Access Denied] [AkamaiGHost] [vhost] [c0504718c06d98ec6a91ae5a2e440b1d]
https://welkom.staging.demorgen.be [403] [GET] [text/html] [Access Denied] [AkamaiGHost] [vhost] [f619fbb9247ed08a412be1dd12a7abbc]
https://www2.demorgen.be [400] [GET] [text/html] [Invalid URL] [AkamaiGHost] [50540d740e84614ad540ed45832b37ed]
https://www2.demorgen.be [400] [GET] [text/html] [Invalid URL] [AkamaiGHost] [e425c528b67e4a41ed303bd6fd650d2f]
https://www.click.klantacties.demorgen.be [200] [GET] [text/html] [] [Apache/2] [vhost] [Apache:2] [5360706c803a759e3a9f2ca54a651950]
https://www.demorgen.be [403] [GET] [text/html] [Access Denied] [AkamaiGHost] [vhost] [2e429e0490e3b2ab11749dca278b856c]
https://www.demorgen.be [403] [GET] [text/html] [Access Denied] [AkamaiGHost] [vhost] [be87f3102c3b525546fdcffa68fd2058]
https://www.klantacties.demorgen.be [200] [GET] [text/html] [Startpagina | DPG Media] [Apache/2] [vhost] [Apache:2,Varnish:7.1,Vue.js] [662bdeb4ae8d3342ac27ca4b92d96dc6]
https://zalm.demorgen.be [503] [GET] [text/html] [Service Unavailable] [AkamaiGHost] [vhost] [4d9e15b1911fddd3ee90c34af9e71228]
https://zalm.demorgen.be [503] [GET] [text/html] [Service Unavailable] [AkamaiGHost] [vhost] [dc69230bd5206ae628ff0530bd8bc423]
http://t2.klantacties.demorgen.be:8080 [404] [GET] [text/html] [404 Not Found] [Apache/2.4.37 (rocky)] [Apache:2.4.37] [cd3be2f061d2d1bd9623c5549fb7d904]
http://t.klantacties.demorgen.be:8080 [404] [GET] [text/html] [404 Not Found] [Apache/2.4.37 (AlmaLinux)] [AlmaLinux,Apache:2.4.37] [cd3be2f061d2d1bd9623c5549fb7d904]
http://www.click.klantacties.demorgen.be:8080 [200] [GET] [text/html] [Shared IP] [Apache/2] [Apache:2] [d3f59542649dcf75112dea876843f05a]
