http://docs.divergence-protocol.com:2082 [302] [GET] [] [] [cloudflare] [vhost] [cloudflare] [Cloudflare] [d41d8cd98f00b204e9800998ecf8427e]
http://docs.divergence-protocol.com:2086 [302] [GET] [] [] [cloudflare] [vhost] [cloudflare] [Cloudflare] [d41d8cd98f00b204e9800998ecf8427e]
http://docs.divergence-protocol.com:8080 [302] [GET] [] [] [cloudflare] [vhost] [cloudflare] [Cloudflare] [d41d8cd98f00b204e9800998ecf8427e]
http://docs.divergence-protocol.com:8880 [302] [GET] [] [] [cloudflare] [vhost] [cloudflare] [Cloudflare] [d41d8cd98f00b204e9800998ecf8427e]
https://alpha.divergence-protocol.com [200] [GET] [text/html] [Divergence App] [AmazonS3] [vhost] [cloudfront] [Amazon Cloudfront,Amazon S3,Amazon Web Services,Google Font API] [6bbea9b9008c2a1618777f5924e2bb86]
https://analytics.divergence-protocol.com [200] [GET] [text/html] [Divergence analytics] [AmazonS3] [vhost] [cloudfront] [Amazon Cloudfront,Amazon S3,Amazon Web Services] [c4b48f9a374c208c12e6e2924b449919]
https://app.divergence-protocol.com [200] [GET] [text/html] [Divergence App] [AmazonS3] [vhost] [cloudfront] [Amazon Cloudfront,Amazon S3,Amazon Web Services,Google Font API] [3b87b6aefbd186ccfd56edd4a214a56b]
https://beta-analytics.divergence-protocol.com [200] [GET] [text/html] [Divergence analytics] [AmazonS3] [vhost] [cloudfront] [Amazon Cloudfront,Amazon S3,Amazon Web Services] [b08b96d390c8eff041b3a0d0237728cb]
https://beta.divergence-protocol.com [200] [GET] [text/html] [Divergence App] [AmazonS3] [vhost] [cloudfront] [Amazon Cloudfront,Amazon S3,Amazon Web Services,Google Font API] [ffd47506e5bf130326e27a1e5ef37e57]
https://beta-faucet.divergence-protocol.com [200] [GET] [text/html] [Divergence Kovan Testnet Faucet] [AmazonS3] [vhost] [cloudfront] [Amazon Cloudfront,Amazon S3,Amazon Web Services] [3ce8af951e1b220cf01cac20e7205963]
https://dev.divergence-protocol.com [200] [GET] [text/html] [Divergence App] [AmazonS3] [vhost] [cloudfront] [Amazon Cloudfront,Amazon S3,Amazon Web Services,Google Font API] [794e49ce8eafc922ff1979d9df1b3dd8]
https://divergence-protocol.com [302] [GET] [] [] [CloudFront] [vhost] [cloudfront] [Amazon Cloudfront,Amazon Web Services] [d41d8cd98f00b204e9800998ecf8427e]
https://docs.divergence-protocol.com [200] [GET] [text/html] [🤿Overview - DIVERGENCE] [cloudflare] [vhost] [cloudflare] [Algolia,Cloudflare,Google Cloud,Google Cloud Trace,React] [0b7e22dc4d7f6eda8c81796f13adc08d]
https://docs.divergence-protocol.com:2053 [200] [GET] [text/html] [🤿Overview - DIVERGENCE] [cloudflare] [vhost] [cloudflare] [Algolia,Cloudflare,Google Cloud,Google Cloud Trace,React] [186aae3b64a2a055b7d32ef44215da14]
https://docs.divergence-protocol.com:2083 [200] [GET] [text/html] [🤿Overview - DIVERGENCE] [cloudflare] [vhost] [cloudflare] [Algolia,Cloudflare,Google Cloud,Google Cloud Trace,React] [bb20f1173f5509adcf0f6666d84cfce9]
https://docs.divergence-protocol.com:2087 [200] [GET] [text/html] [🤿Overview - DIVERGENCE] [cloudflare] [vhost] [cloudflare] [Algolia,Cloudflare,Google Cloud,Google Cloud Trace,React] [c6c88b018b1003011503f6b6e29afda7]
https://docs.divergence-protocol.com:8443 [200] [GET] [text/html] [🤿Overview - DIVERGENCE] [cloudflare] [vhost] [cloudflare] [Algolia,Cloudflare,Google Cloud,Google Cloud Trace,React] [f17e14c915e5fc99372c249be947131c]
https://faucet.divergence-protocol.com [200] [GET] [text/html] [Divergence Arbitrum Rinkeby Testnet Faucet] [AmazonS3] [vhost] [cloudfront] [Amazon Cloudfront,Amazon S3,Amazon Web Services] [6ec288e22c1061612f264f2e3528c23b]
https://lbp.divergence-protocol.com [200] [GET] [text/html] [Divergence LBP] [AmazonS3] [vhost] [cloudfront] [Amazon Cloudfront,Amazon S3,Amazon Web Services] [b16757cf52a64da08f46ea22b78e7dc2]
https://www.divergence-protocol.com [200] [GET] [text/html] [Divergence] [AmazonS3] [vhost] [cloudfront] [Amazon Cloudfront,Amazon S3,Amazon Web Services,Google Font API] [134254c8b4f72dbda1c806cd40e16e6a]
