http://agenda-dev.doctolib.com:2082 [403] [GET] [text/html] [] [cloudflare] [cloudflare] [Cloudflare,Cloudflare Bot Management] [62d1fbd36cba5447d4c8be053c83501d]
http://agenda-dev.doctolib.com:2086 [403] [GET] [text/html] [] [cloudflare] [cloudflare] [Cloudflare,Cloudflare Bot Management] [10f7698732f3c8f2f94ddfcbb5dfc28f]
http://agenda-dev.doctolib.com:8080 [403] [GET] [text/html] [] [cloudflare] [cloudflare] [Cloudflare,Cloudflare Bot Management] [daca5b73a1040017bb8531f6a8d5feae]
http://agenda-dev.doctolib.com:8880 [403] [GET] [text/html] [] [cloudflare] [cloudflare] [Cloudflare,Cloudflare Bot Management] [116eb2689e540e0096a3684432b25548]
http://agenda.doctolib.com:2086 [301] [GET] [] [] [cloudflare] [vhost] [cloudflare] [Cloudflare,Cloudflare Bot Management] [d41d8cd98f00b204e9800998ecf8427e]
http://agenda.doctolib.com:8080 [301] [GET] [] [] [cloudflare] [vhost] [cloudflare] [Cloudflare,Cloudflare Bot Management] [d41d8cd98f00b204e9800998ecf8427e]
http://agenda.doctolib.com:8880 [301] [GET] [] [] [cloudflare] [vhost] [cloudflare] [Cloudflare,Cloudflare Bot Management] [d41d8cd98f00b204e9800998ecf8427e]
http://clicks.doctolib.com:2086 [403] [GET] [text/html] [] [cloudflare] [cloudflare] [Cloudflare,Cloudflare Bot Management] [27589de947cb1ed55c5ae4902303f4f5]
http://clicks.doctolib.com:8080 [403] [GET] [text/html] [] [cloudflare] [cloudflare] [Cloudflare,Cloudflare Bot Management] [588a4669f9d4e86ca636a30d91c73158]
http://clicks.doctolib.com:8880 [403] [GET] [text/html] [] [cloudflare] [cloudflare] [Cloudflare,Cloudflare Bot Management] [2594dba14d04b931f02d348cbf060788]
http://email.doctolib.com:2086 [403] [GET] [text/html] [] [cloudflare] [cloudflare] [Cloudflare,Cloudflare Bot Management] [4e8835ee57085f352d2650b4ae676fef]
http://email.doctolib.com:8080 [403] [GET] [text/html] [] [cloudflare] [cloudflare] [Cloudflare,Cloudflare Bot Management] [c14986c11087eacf482146e48614e84c]
http://email.doctolib.com:8880 [403] [GET] [text/html] [] [cloudflare] [cloudflare] [Cloudflare,Cloudflare Bot Management] [a934c97ebb79a4595d69b0ce069b5eac]
http://events.doctolib.com:2082 [403] [GET] [text/html] [] [cloudflare] [cloudflare] [Cloudflare,Cloudflare Bot Management] [6d8eb5b2f9e8a59cd49ac2a504e34df4]
http://events.doctolib.com:2086 [403] [GET] [text/html] [] [cloudflare] [cloudflare] [Cloudflare,Cloudflare Bot Management] [203525d60f86f6b19aa6ca188e7eb1b9]
http://events.doctolib.com:8080 [403] [GET] [text/html] [] [cloudflare] [cloudflare] [Cloudflare,Cloudflare Bot Management] [60365763bdd18f28ac30431e7811400d]
http://events.doctolib.com:8880 [403] [GET] [text/html] [] [cloudflare] [cloudflare] [Cloudflare,Cloudflare Bot Management] [8a71ea3e2f9bea069833fb1357bdf30b]
http://events-logs.doctolib.com:2086 [403] [GET] [text/html] [] [cloudflare] [cloudflare] [Cloudflare,Cloudflare Bot Management] [4d1d12232c653fc4380edb3313fe638b]
http://events-logs.doctolib.com:8080 [403] [GET] [text/html] [] [cloudflare] [cloudflare] [Cloudflare,Cloudflare Bot Management] [fcbdc92d78e27f68c787e6f66433f01a]
http://events-logs.doctolib.com:8880 [403] [GET] [text/html] [] [cloudflare] [cloudflare] [Cloudflare,Cloudflare Bot Management] [c515e93398e9346480c5005bf993d816]
http://events-logs-staging.doctolib.com:2082 [403] [GET] [text/html] [] [cloudflare] [cloudflare] [Cloudflare,Cloudflare Bot Management] [da6d4f2d2b172db847497d327fd01029]
http://events-logs-staging.doctolib.com:2086 [403] [GET] [text/html] [] [cloudflare] [cloudflare] [Cloudflare,Cloudflare Bot Management] [3b918d8cd37a2ffc69729eb6ebcdafb6]
http://events-logs-staging.doctolib.com:8080 [403] [GET] [text/html] [] [cloudflare] [cloudflare] [Cloudflare,Cloudflare Bot Management] [c6de9908bdbfda9582443705aa44c4d9]
http://events-logs-staging.doctolib.com:8880 [403] [GET] [text/html] [] [cloudflare] [cloudflare] [Cloudflare,Cloudflare Bot Management] [912b5379b5d6ed72ae3a61a764f674ce]
http://infos.doctolib.com:2086 [403] [GET] [text/html] [] [cloudflare] [cloudflare] [Cloudflare,Cloudflare Bot Management] [07d26d843f78c4c4e4bad294d8356bca]
http://infos.doctolib.com:8080 [403] [GET] [text/html] [] [cloudflare] [cloudflare] [Cloudflare,Cloudflare Bot Management] [e327fb5a8858024cff8902f9c3c7b932]
http://infos.doctolib.com:8880 [403] [GET] [text/html] [] [cloudflare] [cloudflare] [Cloudflare,Cloudflare Bot Management] [666dccd550a8c1cea5b8c579a53c7648]
http://mj-dev.doctolib.com:2086 [403] [GET] [text/html] [] [cloudflare] [cloudflare] [Cloudflare,Cloudflare Bot Management] [84e2cd631f08b6a70a345505b8e2aac6]
http://mj-dev.doctolib.com:8080 [403] [GET] [text/html] [] [cloudflare] [cloudflare] [Cloudflare,Cloudflare Bot Management] [da3c66346155aeaa2ab7f9537615d314]
http://mj-dev.doctolib.com:8880 [403] [GET] [text/html] [] [cloudflare] [cloudflare] [Cloudflare,Cloudflare Bot Management] [68d24cb5cceb38ef74860bd61418f3b0]
http://mta-sts.doctolib.com:2082 [403] [GET] [text/html] [] [cloudflare] [cloudflare] [Cloudflare,Cloudflare Bot Management] [d4bb745614ddc003d250002efb3dcae1]
http://mta-sts.doctolib.com:2086 [403] [GET] [text/html] [] [cloudflare] [cloudflare] [Cloudflare,Cloudflare Bot Management] [f34480e892bb7a7368e0b7027e7f5cd9]
http://mta-sts.doctolib.com:8080 [403] [GET] [text/html] [] [cloudflare] [cloudflare] [Cloudflare,Cloudflare Bot Management] [8218848f43702fa9d688833b06d20f25]
http://mta-sts.doctolib.com:8880 [403] [GET] [text/html] [] [cloudflare] [cloudflare] [Cloudflare,Cloudflare Bot Management] [850a5616513f6ee8d90603f775f87bfa]
http://news.doctolib.com:2082 [403] [GET] [text/html] [] [cloudflare] [cloudflare] [Cloudflare,Cloudflare Bot Management] [8c1268e98208754294bf26d686071656]
http://news.doctolib.com:2086 [403] [GET] [text/html] [] [cloudflare] [cloudflare] [Cloudflare,Cloudflare Bot Management] [6ed532dae2508ed0c3c8d75d9cf0f2d2]
http://news.doctolib.com:8080 [403] [GET] [text/html] [] [cloudflare] [cloudflare] [Cloudflare,Cloudflare Bot Management] [4c8af40d8f517c1da675111270417f2c]
http://news.doctolib.com:8880 [403] [GET] [text/html] [] [cloudflare] [cloudflare] [Cloudflare,Cloudflare Bot Management] [1fae090d744b75339505a4123b38f76e]
http://pro-dev.doctolib.com:2082 [403] [GET] [text/html] [] [cloudflare] [cloudflare] [Cloudflare,Cloudflare Bot Management] [eb8653450398469cd76748925620385b]
http://pro-dev.doctolib.com:2086 [403] [GET] [text/html] [] [cloudflare] [cloudflare] [Cloudflare,Cloudflare Bot Management] [634cd21e4ef6ed6f9d0feef6a4a34987]
http://pro-dev.doctolib.com:8080 [403] [GET] [text/html] [] [cloudflare] [cloudflare] [Cloudflare,Cloudflare Bot Management] [ade782cc6621be112b959eaca5c60c45]
http://pro-dev.doctolib.com:8880 [403] [GET] [text/html] [] [cloudflare] [cloudflare] [Cloudflare,Cloudflare Bot Management] [7419034e0362185fc68eabe4d8b8784d]
http://rs-media-origin.doctolib.com:2082 [403] [GET] [text/html] [] [cloudflare] [cloudflare] [Cloudflare,Cloudflare Bot Management] [3337f6511064ff62f894b7a6e2df42f9]
http://rs-media-origin.doctolib.com:2086 [403] [GET] [text/html] [] [cloudflare] [cloudflare] [Cloudflare,Cloudflare Bot Management] [a4d88b311a1c6ce38412907896d27b70]
http://rs-media-origin.doctolib.com:8080 [403] [GET] [text/html] [] [cloudflare] [cloudflare] [Cloudflare,Cloudflare Bot Management] [e12602b9f924f03e1dd5935d833a1180]
http://rs-media-origin.doctolib.com:8880 [403] [GET] [text/html] [] [cloudflare] [cloudflare] [Cloudflare,Cloudflare Bot Management] [a3f1d66b0df47f5cfa8d5f5657e4d3a0]
https://about.doctolib.com [403] [GET] [text/html] [] [cloudflare] [vhost] [cloudflare] [Cloudflare,Cloudflare Bot Management] [a6c8ac5e38ed51f4f5947ab357d020b6]
https://about.doctolib.com [403] [GET] [text/html] [] [cloudflare] [vhost] [cloudflare] [Cloudflare,Cloudflare Bot Management] [e609c6e6cceef2ca75310dca8da8e21a]
https://about-staging.doctolib.com [403] [GET] [text/html] [] [cloudflare] [vhost] [cloudflare] [Cloudflare,Cloudflare Bot Management] [c0434b56656030d39e51e9c661c51bea]
https://about-staging.doctolib.com [403] [GET] [text/html] [] [cloudflare] [vhost] [cloudflare] [Cloudflare,Cloudflare Bot Management] [fdc67a7e921f8f13af1b2530b9796619]
https://adp.doctolib.com [301] [GET] [] [] [cloudflare] [vhost] [cloudflare] [Cloudflare,Cloudflare Bot Management] [d41d8cd98f00b204e9800998ecf8427e]
https://agenda-dev.doctolib.com:2083 [403] [GET] [text/html] [] [cloudflare] [vhost] [cloudflare] [Cloudflare,Cloudflare Bot Management] [ef43daa88c873b5e8d2461bdcb6be74c]
https://agenda-dev.doctolib.com:2087 [403] [GET] [text/html] [] [cloudflare] [vhost] [cloudflare] [Cloudflare,Cloudflare Bot Management] [ad8090796ca1bed106250c1f2aff2480]
https://agenda-dev.doctolib.com [403] [GET] [text/html] [] [cloudflare] [vhost] [cloudflare] [Cloudflare,Cloudflare Bot Management] [2d75a09550aa27292b8df69439123565]
https://agenda-dev.doctolib.com [403] [GET] [text/html] [] [cloudflare] [vhost] [cloudflare] [Cloudflare,Cloudflare Bot Management] [9f3fdd8798e83fc43e116e11f016df8c]
https://agenda-dev.doctolib.com:8443 [403] [GET] [text/html] [] [cloudflare] [vhost] [cloudflare] [Cloudflare,Cloudflare Bot Management] [04608e8381c204594477e6544e632030]
https://agenda.doctolib.com:2083 [301] [GET] [] [] [cloudflare] [vhost] [cloudflare] [Cloudflare,Cloudflare Bot Management] [d41d8cd98f00b204e9800998ecf8427e]
https://agenda.doctolib.com:2087 [301] [GET] [] [] [cloudflare] [vhost] [cloudflare] [Cloudflare,Cloudflare Bot Management] [d41d8cd98f00b204e9800998ecf8427e]
https://agenda.doctolib.com:2096 [301] [GET] [] [] [cloudflare] [vhost] [cloudflare] [Cloudflare,Cloudflare Bot Management] [d41d8cd98f00b204e9800998ecf8427e]
https://agenda.doctolib.com [301] [GET] [] [] [cloudflare] [vhost] [cloudflare] [Cloudflare,Cloudflare Bot Management] [d41d8cd98f00b204e9800998ecf8427e]
https://agenda.doctolib.com [403] [GET] [text/plain] [] [cloudflare] [vhost] [cloudflare] [Cloudflare,Cloudflare Bot Management] [7b5ea53ba332630e5aca8e4abb807f70]
https://agenda-interf.doctolib.com [403] [GET] [text/html] [] [cloudflare] [vhost] [cloudflare] [Cloudflare,Cloudflare Bot Management] [0eba26480a37dd111065ee528d6bd3b3]
https://agenda-interf.doctolib.com [403] [GET] [text/html] [] [cloudflare] [vhost] [cloudflare] [Cloudflare,Cloudflare Bot Management] [e818fb45b839e3ce0337db06654abaa5]
https://api.doctolib.com [403] [GET] [text/html] [] [cloudflare] [vhost] [cloudflare] [Cloudflare,Cloudflare Bot Management] [7012a5c4ccd1c625a332132fd643640c]
https://api.doctolib.com [403] [GET] [text/html] [] [cloudflare] [vhost] [cloudflare] [Cloudflare,Cloudflare Bot Management] [e46a9e6c238b529333cff0ad30dfbf6c]
https://api-interf.doctolib.com [403] [GET] [text/html] [] [cloudflare] [vhost] [cloudflare] [Cloudflare,Cloudflare Bot Management] [5d0e27c3bcacd60e4bf7ac902eb2ab43]
https://api-interf.doctolib.com [403] [GET] [text/html] [] [cloudflare] [vhost] [cloudflare] [Cloudflare,Cloudflare Bot Management] [73ec3ab72a4dad257295f9e8117a6a96]
https://careers.doctolib.com [403] [GET] [text/html] [] [cloudflare] [vhost] [cloudflare] [Cloudflare,Cloudflare Bot Management] [7044a97fc3a820c72f23403a6af5eeb3]
https://careers.doctolib.com [403] [GET] [text/html] [] [cloudflare] [vhost] [cloudflare] [Cloudflare,Cloudflare Bot Management] [ce6bc5dd37ef8d4e1994525436fec6d7]
https://careers-staging.doctolib.com [403] [GET] [text/html] [] [cloudflare] [vhost] [cloudflare] [Cloudflare,Cloudflare Bot Management] [08743ccbece37d9ba832f30abb632686]
https://careers-staging.doctolib.com [403] [GET] [text/html] [] [cloudflare] [vhost] [cloudflare] [Cloudflare,Cloudflare Bot Management] [8838080c4f9b716bff092138599ca5c6]
https://clicks.doctolib.com:2083 [403] [GET] [text/html] [] [cloudflare] [vhost] [cloudflare] [Cloudflare,Cloudflare Bot Management] [4cd0bbd9e080ba0ea4037e2e41fad4fe]
https://clicks.doctolib.com:2087 [403] [GET] [text/html] [] [cloudflare] [vhost] [cloudflare] [Cloudflare,Cloudflare Bot Management] [fcc0c576efd1ab1b93236f5268399650]
https://clicks.doctolib.com:2096 [403] [GET] [text/html] [] [cloudflare] [vhost] [cloudflare] [Cloudflare,Cloudflare Bot Management] [ec719c240693d8d1f91f89562a623d45]
https://clicks.doctolib.com [403] [GET] [text/html] [] [cloudflare] [vhost] [cloudflare] [Cloudflare,Cloudflare Bot Management] [090ef7bbe6f88c737472a964dd2cbc71]
https://clicks.doctolib.com [403] [GET] [text/html] [] [cloudflare] [vhost] [cloudflare] [Cloudflare,Cloudflare Bot Management] [96c725bf4c3be2d4e5a6672b5e851fc9]
https://community-staging.doctolib.com [401] [GET] [text/html] [401 Authorization Required] [Apache] [vhost] [cloudfront] [Amazon ALB,Amazon Cloudfront,Amazon Web Services,Apache,Basic] [68d0f9f83d6399544686f51629f01971]
https://cortex.doctolib.com [302] [GET] [text/plain] [] [] [vhost] [Google Cloud,Google Cloud CDN,Google Cloud Trace] [b3bd24e57fc1f159342e4124cf860725]
https://developers.doctolib.com [401] [GET] [text/plain] [] [WEBrick/1.6.0 (Ruby/2.7.1/2020-03-31)] [vhost] [Basic,Heroku,Ruby] [d41d8cd98f00b204e9800998ecf8427e]
https://doctolib.com [301] [GET] [] [] [cloudflare] [vhost] [cloudflare] [Cloudflare,Cloudflare Bot Management] [d41d8cd98f00b204e9800998ecf8427e]
https://email.doctolib.com:2083 [403] [GET] [text/html] [] [cloudflare] [vhost] [cloudflare] [Cloudflare,Cloudflare Bot Management] [cc74d3645eb56f20d0cbeb8a6de14453]
https://email.doctolib.com:2087 [403] [GET] [text/html] [] [cloudflare] [vhost] [cloudflare] [Cloudflare,Cloudflare Bot Management] [c92121d87669a5ef5877413cef1aaa4d]
https://email.doctolib.com:2096 [403] [GET] [text/html] [] [cloudflare] [vhost] [cloudflare] [Cloudflare,Cloudflare Bot Management] [b3dfd213acaed6e5c8841b6178cbed11]
https://email.doctolib.com [403] [GET] [text/html] [] [cloudflare] [vhost] [cloudflare] [Cloudflare,Cloudflare Bot Management] [98cdbd6546295211f1d415735f881abf]
https://email.doctolib.com [403] [GET] [text/html] [] [cloudflare] [vhost] [cloudflare] [Cloudflare,Cloudflare Bot Management] [f091649ffcbca8c93bbc12b04a44e812]
https://email.gh-mail.doctolib.com [404] [GET] [text/plain] [] [] [google] [595e88012a6521aae3e12cbebe76eb9e]
https://event.doctolib.com [302] [GET] [text/plain] [] [] [vhost] [google] [Express,Node.js] [29a1c7c63f899ceae75d1ca5fd2d1e93]
https://events.doctolib.com:2083 [403] [GET] [text/html] [] [cloudflare] [vhost] [cloudflare] [Cloudflare,Cloudflare Bot Management] [1a5d5e0ea65c41fd466b5d55a557b106]
https://events.doctolib.com:2087 [403] [GET] [text/html] [] [cloudflare] [vhost] [cloudflare] [Cloudflare,Cloudflare Bot Management] [b9662e70617d777709d809acc7a2fcc0]
https://events.doctolib.com [403] [GET] [text/html] [] [cloudflare] [vhost] [cloudflare] [Cloudflare,Cloudflare Bot Management] [2b2e88761fd68e78b1b8ed47e40677a4]
https://events.doctolib.com [403] [GET] [text/html] [] [cloudflare] [vhost] [cloudflare] [Cloudflare,Cloudflare Bot Management] [9e054a056fa20f35aac11180c08f2e2a]
https://events.doctolib.com:8443 [403] [GET] [text/html] [] [cloudflare] [vhost] [cloudflare] [Cloudflare,Cloudflare Bot Management] [413ae7a90660d983a0d015c7a6f09be9]
https://events-logs.doctolib.com:2083 [403] [GET] [text/html] [] [cloudflare] [vhost] [cloudflare] [Cloudflare,Cloudflare Bot Management] [b0e68e2b24cd2915afac2c458241b7a9]
https://events-logs.doctolib.com:2087 [403] [GET] [text/html] [] [cloudflare] [vhost] [cloudflare] [Cloudflare,Cloudflare Bot Management] [99bfdd816b34897e37718b506a02f14e]
https://events-logs.doctolib.com:2096 [403] [GET] [text/html] [] [cloudflare] [vhost] [cloudflare] [Cloudflare,Cloudflare Bot Management] [666195bcb0bb8949ee133c6a27a229f8]
https://events-logs.doctolib.com [403] [GET] [text/html] [] [cloudflare] [vhost] [cloudflare] [Cloudflare,Cloudflare Bot Management] [e930cd7e2439f521b5fcab94427fca88]
https://events-logs.doctolib.com [403] [GET] [text/html] [] [cloudflare] [vhost] [cloudflare] [Cloudflare,Cloudflare Bot Management] [f9818b10a52891318259272517ca01c4]
https://events-logs-staging.doctolib.com:2083 [403] [GET] [text/html] [] [cloudflare] [vhost] [cloudflare] [Cloudflare,Cloudflare Bot Management] [f5a0e4531440810b6b9e2cdd50572fe0]
https://events-logs-staging.doctolib.com:2087 [403] [GET] [text/html] [] [cloudflare] [vhost] [cloudflare] [Cloudflare,Cloudflare Bot Management] [1106fa0406c620eb2431657def189125]
https://events-logs-staging.doctolib.com [403] [GET] [text/html] [] [cloudflare] [vhost] [cloudflare] [Cloudflare,Cloudflare Bot Management] [50e85370f5eaf4e453432edf406f7038]
https://events-logs-staging.doctolib.com [403] [GET] [text/html] [] [cloudflare] [vhost] [cloudflare] [Cloudflare,Cloudflare Bot Management] [ed83b4126ce6cbbd1ff7ac1d99f7bb30]
https://events-logs-staging.doctolib.com:8443 [403] [GET] [text/html] [] [cloudflare] [vhost] [cloudflare] [Cloudflare,Cloudflare Bot Management] [37111de4733a9b36c69ebc7cd4ac6e66]
https://fb.doctolib.com [400] [GET] [text/html] [Invalid Dynamic Link] [] [vhost] [Fastly] [13f4faea86a5d8a799a57a1bcd478434]
https://flowmailer.doctolib.com [200] [GET] [text/html] [You received emails from this domain, didn't you?] [nginx] [Nginx,Webflow] [c0666cde79e5426946974302fe3307c3]
https://helpdesk.doctolib.com [301] [GET] [] [] [cloudflare] [vhost] [cloudflare] [Cloudflare,Cloudflare Bot Management] [d41d8cd98f00b204e9800998ecf8427e]
https://helpdesk.doctolib.com [403] [GET] [text/plain] [] [cloudflare] [vhost] [cloudflare] [Cloudflare,Cloudflare Bot Management] [7b5ea53ba332630e5aca8e4abb807f70]
https://infos.doctolib.com:2083 [403] [GET] [text/html] [] [cloudflare] [vhost] [cloudflare] [Cloudflare,Cloudflare Bot Management] [fc07355470ba497e63331e1c6344d4b6]
https://infos.doctolib.com:2087 [403] [GET] [text/html] [] [cloudflare] [vhost] [cloudflare] [Cloudflare,Cloudflare Bot Management] [bec386e464f723207a0698bb21415c99]
https://infos.doctolib.com:2096 [403] [GET] [text/html] [] [cloudflare] [vhost] [cloudflare] [Cloudflare,Cloudflare Bot Management] [df3ca18c37a260687e90f98f5e6c1f2f]
https://infos.doctolib.com [403] [GET] [text/html] [] [cloudflare] [vhost] [cloudflare] [Cloudflare,Cloudflare Bot Management] [5ee0120bbf68ac2c02081ecaef2d1497]
https://infos.doctolib.com [403] [GET] [text/html] [] [cloudflare] [vhost] [cloudflare] [Cloudflare,Cloudflare Bot Management] [f9bf09367d1fa09c782c3d0eb2ec8172]
https://mailhog-staging.doctolib.com [403] [GET] [text/html] [] [cloudflare] [vhost] [cloudflare] [Cloudflare,Cloudflare Bot Management] [5fae09b2fdcb04262678f8c19241eebc]
https://mailhog-staging.doctolib.com [403] [GET] [text/html] [] [cloudflare] [vhost] [cloudflare] [Cloudflare,Cloudflare Bot Management] [a6df6d82f721ae9cef0cdf305458a795]
https://m.doctolib.com [403] [GET] [text/html] [] [cloudflare] [vhost] [cloudflare] [Cloudflare,Cloudflare Bot Management] [44a87da3c7b383379121accf6d1a512b]
https://m.doctolib.com [403] [GET] [text/html] [] [cloudflare] [vhost] [cloudflare] [Cloudflare,Cloudflare Bot Management] [d544b6e06ae4bb989381493fe8517a4d]
https://media.doctolib.com [301] [GET] [] [] [cloudflare] [vhost] [cloudflare] [Cloudflare,Cloudflare Bot Management] [d41d8cd98f00b204e9800998ecf8427e]
https://mj-dev.doctolib.com:2083 [403] [GET] [text/html] [] [cloudflare] [vhost] [cloudflare] [Cloudflare,Cloudflare Bot Management] [c3b0a0147788e37cbe317852037310a6]
https://mj-dev.doctolib.com:2087 [403] [GET] [text/html] [] [cloudflare] [vhost] [cloudflare] [Cloudflare,Cloudflare Bot Management] [09020cbad20655c9924d19c09eb490eb]
https://mj-dev.doctolib.com:2096 [403] [GET] [text/html] [] [cloudflare] [vhost] [cloudflare] [Cloudflare,Cloudflare Bot Management] [6d20b0890e2d693884acfd3a1b79ee4c]
https://mj-dev.doctolib.com [403] [GET] [text/html] [] [cloudflare] [vhost] [cloudflare] [Cloudflare,Cloudflare Bot Management] [77ac93c8572a4190f999b3a70afdaab0]
https://mj-dev.doctolib.com [403] [GET] [text/html] [] [cloudflare] [vhost] [cloudflare] [Cloudflare,Cloudflare Bot Management] [9e14ea4e341298e611a015d4eae2b8ac]
https://mj.doctolib.com [403] [GET] [text/html] [] [cloudflare] [vhost] [cloudflare] [Cloudflare,Cloudflare Bot Management] [5f060e9f9f796a88a658de640916696b]
https://mj.doctolib.com [403] [GET] [text/html] [] [cloudflare] [vhost] [cloudflare] [Cloudflare,Cloudflare Bot Management] [a45eb748891f638afc374c8ea26ed400]
https://m-staging.doctolib.com [403] [GET] [text/html] [] [cloudflare] [vhost] [cloudflare] [Cloudflare,Cloudflare Bot Management] [19a6a3da0684a596bc51178e223896e1]
https://m-staging.doctolib.com [403] [GET] [text/html] [] [cloudflare] [vhost] [cloudflare] [Cloudflare,Cloudflare Bot Management] [1bd610e90fefda6911733f1c9f9c1ad8]
https://mta-sts.doctolib.com:2083 [403] [GET] [text/html] [] [cloudflare] [vhost] [cloudflare] [Cloudflare,Cloudflare Bot Management] [0170b86a6e050521dde8e5005c54a4ca]
https://mta-sts.doctolib.com:2087 [403] [GET] [text/html] [] [cloudflare] [vhost] [cloudflare] [Cloudflare,Cloudflare Bot Management] [f0e4b341bbd1348e921b34b1f6c75f5f]
https://mta-sts.doctolib.com [403] [GET] [text/html] [] [cloudflare] [vhost] [cloudflare] [Cloudflare,Cloudflare Bot Management] [42ea867a9d5116791928e11b510347e2]
https://mta-sts.doctolib.com [403] [GET] [text/html] [] [cloudflare] [vhost] [cloudflare] [Cloudflare,Cloudflare Bot Management] [a57c4231f48a86b69ae0b0fd9fd10f89]
https://mta-sts.doctolib.com:8443 [403] [GET] [text/html] [] [cloudflare] [vhost] [cloudflare] [Cloudflare,Cloudflare Bot Management] [4d11c00b0403de2ac9c9c01d728bdaf5]
https://news.doctolib.com:2083 [403] [GET] [text/html] [] [cloudflare] [vhost] [cloudflare] [Cloudflare,Cloudflare Bot Management] [6b31c8a18844b72a026caaefe937670f]
https://news.doctolib.com:2087 [403] [GET] [text/html] [] [cloudflare] [vhost] [cloudflare] [Cloudflare,Cloudflare Bot Management] [38a2f9608e08c192528509f6acc1b240]
https://news.doctolib.com [403] [GET] [text/html] [] [cloudflare] [vhost] [cloudflare] [Cloudflare,Cloudflare Bot Management] [13d9820c4c4f79524524a392e927fcd7]
https://news.doctolib.com [403] [GET] [text/html] [] [cloudflare] [vhost] [cloudflare] [Cloudflare,Cloudflare Bot Management] [931022c118a935fc12d5e62197f45826]
https://news.doctolib.com:8443 [403] [GET] [text/html] [] [cloudflare] [vhost] [cloudflare] [Cloudflare,Cloudflare Bot Management] [44aea482c59a5913040baaf439b9aef6]
https://pro-app.doctolib.com [200] [GET] [text/html] [] [] [vhost] [Fastly] [38eb91d9b9e8f39f7f6c0d5c6e92cd32]
https://pro-app.doctolib.com [400] [GET] [text/html] [Invalid Dynamic Link] [] [vhost] [Fastly] [13f4faea86a5d8a799a57a1bcd478434]
https://pro-dev.doctolib.com:2083 [403] [GET] [text/html] [] [cloudflare] [vhost] [cloudflare] [Cloudflare,Cloudflare Bot Management] [bc218518257fddf9e3f9246bf204c638]
https://pro-dev.doctolib.com:2087 [403] [GET] [text/html] [] [cloudflare] [vhost] [cloudflare] [Cloudflare,Cloudflare Bot Management] [e1ef79402a12fff8f30eb918f89c2088]
https://pro-dev.doctolib.com [403] [GET] [text/html] [] [cloudflare] [vhost] [cloudflare] [Cloudflare,Cloudflare Bot Management] [21cf6902a60c2a25136cc11f96b60aad]
https://pro-dev.doctolib.com [403] [GET] [text/html] [] [cloudflare] [vhost] [cloudflare] [Cloudflare,Cloudflare Bot Management] [d8e70bdd3f9755d1592cac90fad0d446]
https://pro-dev.doctolib.com:8443 [403] [GET] [text/html] [] [cloudflare] [vhost] [cloudflare] [Cloudflare,Cloudflare Bot Management] [e4adde696516ce26c535785a966ba36b]
https://pro-staging.doctolib.com [403] [GET] [text/html] [] [cloudflare] [vhost] [cloudflare] [Cloudflare,Cloudflare Bot Management] [28767503c92d8488d4a9cfbc8c504233]
https://pro-staging.doctolib.com [403] [GET] [text/html] [] [cloudflare] [vhost] [cloudflare] [Cloudflare,Cloudflare Bot Management] [49ffe31fd8ac2b46b03ef2d5a5ae5805]
https://rs.doctolib.com [403] [GET] [text/html] [] [cloudflare] [vhost] [cloudflare] [Cloudflare,Cloudflare Bot Management] [eac9566b54b63cfb958f5b91ea275730]
https://rs.doctolib.com [403] [GET] [text/html] [] [cloudflare] [vhost] [cloudflare] [Cloudflare,Cloudflare Bot Management] [f307ef524f71aa5cdf2438e522b5eecd]
https://rs-interf.doctolib.com [403] [GET] [text/html] [] [cloudflare] [vhost] [cloudflare] [Cloudflare,Cloudflare Bot Management] [a503684c44c35037c0ccdcee681a2b12]
https://rs-interf.doctolib.com [403] [GET] [text/html] [] [cloudflare] [vhost] [cloudflare] [Cloudflare,Cloudflare Bot Management] [e34fc25c37240a2d728804ea1cdfdc84]
https://rs-media.doctolib.com [403] [GET] [text/html] [] [cloudflare] [vhost] [cloudflare] [Cloudflare,Cloudflare Bot Management] [54f8437fc7a5db7df18f2b272718185c]
https://rs-media.doctolib.com [403] [GET] [text/html] [] [cloudflare] [vhost] [cloudflare] [Cloudflare,Cloudflare Bot Management] [7b6e3c2003771580c09f51ba2ef1813b]
https://rs-media-origin.doctolib.com:2083 [403] [GET] [text/html] [] [cloudflare] [vhost] [cloudflare] [Cloudflare,Cloudflare Bot Management] [18ed1b28efc3503eef6044432a962b94]
https://rs-media-origin.doctolib.com:2087 [403] [GET] [text/html] [] [cloudflare] [vhost] [cloudflare] [Cloudflare,Cloudflare Bot Management] [d7c9daa28532f14744a15426d7b00e4d]
https://rs-media-origin.doctolib.com [403] [GET] [text/html] [] [cloudflare] [vhost] [cloudflare] [Cloudflare,Cloudflare Bot Management] [2a5f7e98cf0a697d212bd697669bb9d1]
https://rs-media-origin.doctolib.com [403] [GET] [text/html] [] [cloudflare] [vhost] [cloudflare] [Cloudflare,Cloudflare Bot Management] [a3ac520e24914cc28edf8aa6ed510e01]
https://rs-media-origin.doctolib.com:8443 [403] [GET] [text/html] [] [cloudflare] [vhost] [cloudflare] [Cloudflare,Cloudflare Bot Management] [b8892899fbc1d6496e04fbfdfa2e8dcc]
https://rs-staging.doctolib.com [403] [GET] [text/html] [] [cloudflare] [vhost] [cloudflare] [Cloudflare,Cloudflare Bot Management] [ca7eff9205704ac6254a368bff9d5d1c]
https://rs-staging.doctolib.com [403] [GET] [text/html] [] [cloudflare] [vhost] [cloudflare] [Cloudflare,Cloudflare Bot Management] [e20b8a288ff8a6e8df7dfaa861e599e8]
https://signature.doctolib.com [200] [GET] [text/html] [] [Apache] [Apache] [4cb16df61ffe8b23a7c0a831003d08c9]
https://status.doctolib.com [200] [GET] [text/html] [Doctolib Status] [] [vhost] [Atlassian Statuspage,Fastly] [ba3a5c31679dea0fd20506832e3e2abc]
https://status.doctolib.com [200] [GET] [text/html] [Doctolib Status] [] [vhost] [Atlassian Statuspage,Fastly] [f59d2a8bec20ae278b1b7b3ce23ff545]
https://store.doctolib.com [200] [GET] [text/html] [] [] [vhost] [google] [Express,Google Cloud,Google Cloud CDN,Node.js,React] [512f73a8c28da087b1eb597fb5079380]
https://store.doctolib.com [200] [GET] [text/html] [] [] [vhost] [google] [Express,Google Cloud,Google Cloud CDN,Node.js,React] [907c2e57c5a674770918f19543d609dc]
https://sync-gateway-dev.doctolib.com:2083 [403] [GET] [text/html] [] [cloudflare] [vhost] [cloudflare] [Cloudflare,Cloudflare Bot Management] [6516fb2b3943015cfa877769b93d43aa]
https://sync-gateway-dev.doctolib.com:2087 [403] [GET] [text/html] [] [cloudflare] [vhost] [cloudflare] [Cloudflare,Cloudflare Bot Management] [9ad5607489d462e140a61a1a789667ab]
https://sync-gateway-dev.doctolib.com:2096 [403] [GET] [text/html] [] [cloudflare] [vhost] [cloudflare] [Cloudflare,Cloudflare Bot Management] [2b2b41ba617298ebdf305d9fe471389c]
https://sync-gateway-dev.doctolib.com [403] [GET] [text/html] [] [cloudflare] [vhost] [cloudflare] [Cloudflare,Cloudflare Bot Management] [8452a115a30a29a5d74d3bf06599848b]
https://sync-gateway-dev.doctolib.com [403] [GET] [text/html] [] [cloudflare] [vhost] [cloudflare] [Cloudflare,Cloudflare Bot Management] [fc8af5d892872757ea97bcc34b077014]
https://sync-gateway.doctolib.com [403] [GET] [text/html] [] [cloudflare] [vhost] [cloudflare] [Cloudflare,Cloudflare Bot Management] [27ae660a42809411bdacb44eeb1985fc]
https://sync-gateway.doctolib.com [403] [GET] [text/html] [] [cloudflare] [vhost] [cloudflare] [Cloudflare,Cloudflare Bot Management] [9fafd39cfa1877d28b6b0a6fdf2686bf]
https://sync-gateway-staging.doctolib.com [403] [GET] [text/html] [] [cloudflare] [vhost] [cloudflare] [Cloudflare,Cloudflare Bot Management] [4c75a81eb14ce8ec43cac3f6a6da7c63]
https://sync-gateway-staging.doctolib.com [403] [GET] [text/html] [] [cloudflare] [vhost] [cloudflare] [Cloudflare,Cloudflare Bot Management] [be68a43d3e0d4c32e17e9949ce007872]
https://test-failures.doctolib.com:2083 [403] [GET] [text/html] [] [cloudflare] [vhost] [cloudflare] [Cloudflare,Cloudflare Bot Management] [dde0ecd2deb0b2d6db3e35443dd8ce6a]
https://test-failures.doctolib.com:2087 [403] [GET] [text/html] [] [cloudflare] [vhost] [cloudflare] [Cloudflare,Cloudflare Bot Management] [f5b330ff6875d78874195fdfe4f4efb5]
https://test-failures.doctolib.com [403] [GET] [text/html] [] [cloudflare] [vhost] [cloudflare] [Cloudflare,Cloudflare Bot Management] [3c1883326b4a427b7f27d41e42e80389]
https://test-failures.doctolib.com [403] [GET] [text/html] [] [cloudflare] [vhost] [cloudflare] [Cloudflare,Cloudflare Bot Management] [b970fa771946d4c1408b67f085523eef]
https://test-failures.doctolib.com:8443 [403] [GET] [text/html] [] [cloudflare] [vhost] [cloudflare] [Cloudflare,Cloudflare Bot Management] [e93518babeaba8284827ead7e6ed4c01]
https://test-failures-staging.doctolib.com:2083 [403] [GET] [text/html] [] [cloudflare] [vhost] [cloudflare] [Cloudflare,Cloudflare Bot Management] [6621cac8f4008250734190739a06db93]
https://test-failures-staging.doctolib.com:2087 [403] [GET] [text/html] [] [cloudflare] [vhost] [cloudflare] [Cloudflare,Cloudflare Bot Management] [510486dc770bd9fa2fb1ce61037607cf]
https://test-failures-staging.doctolib.com [403] [GET] [text/html] [] [cloudflare] [vhost] [cloudflare] [Cloudflare,Cloudflare Bot Management] [e423992758e2e1d9bde3d639d569f95e]
https://test-failures-staging.doctolib.com [403] [GET] [text/html] [] [cloudflare] [vhost] [cloudflare] [Cloudflare,Cloudflare Bot Management] [fcd8dc5909484ec6f893c06c18e4aaf9]
https://test-failures-staging.doctolib.com:8443 [403] [GET] [text/html] [] [cloudflare] [vhost] [cloudflare] [Cloudflare,Cloudflare Bot Management] [4ddf843dd8a7b750bbf1e944bb315810]
https://www-dev.doctolib.com:2083 [403] [GET] [text/html] [] [cloudflare] [vhost] [cloudflare] [Cloudflare,Cloudflare Bot Management] [0135f5c84c25bddd6de7b1fa37c85f13]
https://www-dev.doctolib.com:2087 [403] [GET] [text/html] [] [cloudflare] [vhost] [cloudflare] [Cloudflare,Cloudflare Bot Management] [a8cda25f70805783721c1be24b64a0b9]
https://www-dev.doctolib.com:2096 [403] [GET] [text/html] [] [cloudflare] [vhost] [cloudflare] [Cloudflare,Cloudflare Bot Management] [6c755af8d3305f5930874d4867ed8405]
https://www-dev.doctolib.com [403] [GET] [text/html] [] [cloudflare] [vhost] [cloudflare] [Cloudflare,Cloudflare Bot Management] [05b172f8783e1c41663b74cf1ea59756]
https://www-dev.doctolib.com [403] [GET] [text/html] [] [cloudflare] [vhost] [cloudflare] [Cloudflare,Cloudflare Bot Management] [d03f542fbbbb6f0d77426c46b6476bc8]
https://www.doctolib.com [403] [GET] [text/html] [] [cloudflare] [vhost] [cloudflare] [Cloudflare,Cloudflare Bot Management] [95075ece56b8b08d258b441509a1434a]
https://www.doctolib.com [403] [GET] [text/plain] [] [cloudflare] [vhost] [cloudflare] [Cloudflare,Cloudflare Bot Management] [7b5ea53ba332630e5aca8e4abb807f70]
https://www-staging.doctolib.com [403] [GET] [text/html] [] [cloudflare] [vhost] [cloudflare] [Cloudflare,Cloudflare Bot Management] [75dbd93be57d7a8dfc2cd3d352d8aeeb]
https://www-staging.doctolib.com [403] [GET] [text/html] [] [cloudflare] [vhost] [cloudflare] [Cloudflare,Cloudflare Bot Management] [c68aded3ea02e7b07a34c24721a69bb6]
http://sync-gateway-dev.doctolib.com:2086 [403] [GET] [text/html] [] [cloudflare] [cloudflare] [Cloudflare,Cloudflare Bot Management] [197a3bec2e9b025e9111697e1e51dd21]
http://sync-gateway-dev.doctolib.com:8080 [403] [GET] [text/html] [] [cloudflare] [cloudflare] [Cloudflare,Cloudflare Bot Management] [d1986a88c94a41cdae2b0a352f7f19ff]
http://sync-gateway-dev.doctolib.com:8880 [403] [GET] [text/html] [] [cloudflare] [cloudflare] [Cloudflare,Cloudflare Bot Management] [7428960825212412523cd861eaddd99c]
http://test-failures.doctolib.com:2082 [403] [GET] [text/html] [] [cloudflare] [cloudflare] [Cloudflare,Cloudflare Bot Management] [6086ae06680d27fb3ca9b07b842994cf]
http://test-failures.doctolib.com:2086 [403] [GET] [text/html] [] [cloudflare] [cloudflare] [Cloudflare,Cloudflare Bot Management] [fd846cc4b503e5b767a2dbb183946a5c]
http://test-failures.doctolib.com:8080 [403] [GET] [text/html] [] [cloudflare] [cloudflare] [Cloudflare,Cloudflare Bot Management] [a5a0c7796cffb01590eca21b9b10a780]
http://test-failures.doctolib.com:8880 [403] [GET] [text/html] [] [cloudflare] [cloudflare] [Cloudflare,Cloudflare Bot Management] [a864573f3426d160d78cfcc2f9e57cb1]
http://test-failures-staging.doctolib.com:2082 [403] [GET] [text/html] [] [cloudflare] [cloudflare] [Cloudflare,Cloudflare Bot Management] [bb3530333ffb1a9fc8d7328139ecb30c]
http://test-failures-staging.doctolib.com:2086 [403] [GET] [text/html] [] [cloudflare] [cloudflare] [Cloudflare,Cloudflare Bot Management] [119b51e434518c3b7f322cf6549de092]
http://test-failures-staging.doctolib.com:8080 [403] [GET] [text/html] [] [cloudflare] [cloudflare] [Cloudflare,Cloudflare Bot Management] [f4dc6c7e1f23493d440f2f08fd44869a]
http://test-failures-staging.doctolib.com:8880 [403] [GET] [text/html] [] [cloudflare] [cloudflare] [Cloudflare,Cloudflare Bot Management] [b5997ce0111748848b659c319317b381]
http://www-dev.doctolib.com:2086 [403] [GET] [text/html] [] [cloudflare] [cloudflare] [Cloudflare,Cloudflare Bot Management] [2d9f714e8b60b38f4fbe9edf5dc434e8]
http://www-dev.doctolib.com:8080 [403] [GET] [text/html] [] [cloudflare] [cloudflare] [Cloudflare,Cloudflare Bot Management] [8d7eb4d2d23c00dca2c4765ff117db70]
http://www-dev.doctolib.com:8880 [403] [GET] [text/html] [] [cloudflare] [cloudflare] [Cloudflare,Cloudflare Bot Management] [2423d28fc0096b21c47c6b509686d53f]
