http://a-dev-aws-de-fra-1.doctolib.de:2082 [301] [GET] [] [] [cloudflare] [vhost] [cloudflare] [Cloudflare,Cloudflare Bot Management] [d41d8cd98f00b204e9800998ecf8427e]
http://a-dev-aws-de-fra-1.doctolib.de:2086 [301] [GET] [] [] [cloudflare] [vhost] [cloudflare] [Cloudflare,Cloudflare Bot Management] [d41d8cd98f00b204e9800998ecf8427e]
http://a-dev-aws-de-fra-1.doctolib.de:8080 [301] [GET] [] [] [cloudflare] [vhost] [cloudflare] [Cloudflare,Cloudflare Bot Management] [d41d8cd98f00b204e9800998ecf8427e]
http://a-dev-aws-de-fra-1.doctolib.de:8880 [403] [GET] [text/plain] [] [cloudflare] [vhost] [cloudflare] [Cloudflare,Cloudflare Bot Management] [7b5ea53ba332630e5aca8e4abb807f70]
http://a-dev-aws-fr-par-1.doctolib.de:2082 [301] [GET] [] [] [cloudflare] [vhost] [cloudflare] [Cloudflare,Cloudflare Bot Management] [d41d8cd98f00b204e9800998ecf8427e]
http://a-dev-aws-fr-par-1.doctolib.de:2086 [301] [GET] [] [] [cloudflare] [vhost] [cloudflare] [Cloudflare,Cloudflare Bot Management] [d41d8cd98f00b204e9800998ecf8427e]
http://a-dev-aws-fr-par-1.doctolib.de:2095 [301] [GET] [] [] [cloudflare] [vhost] [cloudflare] [Cloudflare,Cloudflare Bot Management] [d41d8cd98f00b204e9800998ecf8427e]
http://a-dev-aws-fr-par-1.doctolib.de:8080 [301] [GET] [] [] [cloudflare] [vhost] [cloudflare] [Cloudflare,Cloudflare Bot Management] [d41d8cd98f00b204e9800998ecf8427e]
http://a-dev-aws-fr-par-1.doctolib.de:8880 [301] [GET] [] [] [cloudflare] [vhost] [cloudflare] [Cloudflare,Cloudflare Bot Management] [d41d8cd98f00b204e9800998ecf8427e]
http://a-dev.doctolib.de:2052 [301] [GET] [] [] [cloudflare] [vhost] [cloudflare] [Cloudflare,Cloudflare Bot Management] [d41d8cd98f00b204e9800998ecf8427e]
http://a-dev.doctolib.de:2082 [301] [GET] [] [] [cloudflare] [vhost] [cloudflare] [Cloudflare,Cloudflare Bot Management] [d41d8cd98f00b204e9800998ecf8427e]
http://a-dev.doctolib.de:2095 [301] [GET] [] [] [cloudflare] [vhost] [cloudflare] [Cloudflare,Cloudflare Bot Management] [d41d8cd98f00b204e9800998ecf8427e]
http://a-dev.doctolib.de:8080 [403] [GET] [text/plain] [] [cloudflare] [vhost] [cloudflare] [Cloudflare,Cloudflare Bot Management] [7b5ea53ba332630e5aca8e4abb807f70]
http://a-dev.doctolib.de:8880 [301] [GET] [] [] [cloudflare] [vhost] [cloudflare] [Cloudflare,Cloudflare Bot Management] [d41d8cd98f00b204e9800998ecf8427e]
http://api-dev-aws-de-fra-1.doctolib.de:2082 [301] [GET] [] [] [cloudflare] [vhost] [cloudflare] [Cloudflare,Cloudflare Bot Management] [d41d8cd98f00b204e9800998ecf8427e]
http://api-dev-aws-de-fra-1.doctolib.de:2086 [301] [GET] [] [] [cloudflare] [vhost] [cloudflare] [Cloudflare,Cloudflare Bot Management] [d41d8cd98f00b204e9800998ecf8427e]
http://api-dev-aws-de-fra-1.doctolib.de:8080 [301] [GET] [] [] [cloudflare] [vhost] [cloudflare] [Cloudflare,Cloudflare Bot Management] [d41d8cd98f00b204e9800998ecf8427e]
http://api-dev-aws-de-fra-1.doctolib.de:8880 [301] [GET] [] [] [cloudflare] [vhost] [cloudflare] [Cloudflare,Cloudflare Bot Management] [d41d8cd98f00b204e9800998ecf8427e]
http://api-dev-aws-fr-par-1.doctolib.de:2082 [301] [GET] [] [] [cloudflare] [vhost] [cloudflare] [Cloudflare,Cloudflare Bot Management] [d41d8cd98f00b204e9800998ecf8427e]
http://api-dev-aws-fr-par-1.doctolib.de:2086 [301] [GET] [] [] [cloudflare] [vhost] [cloudflare] [Cloudflare,Cloudflare Bot Management] [d41d8cd98f00b204e9800998ecf8427e]
http://api-dev-aws-fr-par-1.doctolib.de:2095 [301] [GET] [] [] [cloudflare] [vhost] [cloudflare] [Cloudflare,Cloudflare Bot Management] [d41d8cd98f00b204e9800998ecf8427e]
http://api-dev-aws-fr-par-1.doctolib.de:8080 [301] [GET] [] [] [cloudflare] [vhost] [cloudflare] [Cloudflare,Cloudflare Bot Management] [d41d8cd98f00b204e9800998ecf8427e]
http://api-dev-aws-fr-par-1.doctolib.de:8880 [301] [GET] [] [] [cloudflare] [vhost] [cloudflare] [Cloudflare,Cloudflare Bot Management] [d41d8cd98f00b204e9800998ecf8427e]
http://api-dev.doctolib.de:2082 [301] [GET] [] [] [cloudflare] [vhost] [cloudflare] [Cloudflare,Cloudflare Bot Management] [d41d8cd98f00b204e9800998ecf8427e]
http://api-dev.doctolib.de:2086 [301] [GET] [] [] [cloudflare] [vhost] [cloudflare] [Cloudflare,Cloudflare Bot Management] [d41d8cd98f00b204e9800998ecf8427e]
http://api-dev.doctolib.de:8080 [301] [GET] [] [] [cloudflare] [vhost] [cloudflare] [Cloudflare,Cloudflare Bot Management] [d41d8cd98f00b204e9800998ecf8427e]
http://api-dev.doctolib.de:8880 [301] [GET] [] [] [cloudflare] [vhost] [cloudflare] [Cloudflare,Cloudflare Bot Management] [d41d8cd98f00b204e9800998ecf8427e]
http://api-prd-aws-de-fra-1.doctolib.de:2082 [301] [GET] [] [] [cloudflare] [vhost] [cloudflare] [Cloudflare,Cloudflare Bot Management] [d41d8cd98f00b204e9800998ecf8427e]
http://api-prd-aws-de-fra-1.doctolib.de:2086 [301] [GET] [] [] [cloudflare] [vhost] [cloudflare] [Cloudflare,Cloudflare Bot Management] [d41d8cd98f00b204e9800998ecf8427e]
http://api-prd-aws-de-fra-1.doctolib.de:8080 [301] [GET] [] [] [cloudflare] [vhost] [cloudflare] [Cloudflare,Cloudflare Bot Management] [d41d8cd98f00b204e9800998ecf8427e]
http://api-prd-aws-de-fra-1.doctolib.de:8880 [301] [GET] [] [] [cloudflare] [vhost] [cloudflare] [Cloudflare,Cloudflare Bot Management] [d41d8cd98f00b204e9800998ecf8427e]
http://api-prd-aws-fr-par-1.doctolib.de:2082 [301] [GET] [] [] [cloudflare] [vhost] [cloudflare] [Cloudflare,Cloudflare Bot Management] [d41d8cd98f00b204e9800998ecf8427e]
http://api-prd-aws-fr-par-1.doctolib.de:2086 [301] [GET] [] [] [cloudflare] [vhost] [cloudflare] [Cloudflare,Cloudflare Bot Management] [d41d8cd98f00b204e9800998ecf8427e]
http://api-prd-aws-fr-par-1.doctolib.de:2095 [301] [GET] [] [] [cloudflare] [vhost] [cloudflare] [Cloudflare,Cloudflare Bot Management] [d41d8cd98f00b204e9800998ecf8427e]
http://api-prd-aws-fr-par-1.doctolib.de:8080 [301] [GET] [] [] [cloudflare] [vhost] [cloudflare] [Cloudflare,Cloudflare Bot Management] [d41d8cd98f00b204e9800998ecf8427e]
http://api-prd-aws-fr-par-1.doctolib.de:8880 [301] [GET] [] [] [cloudflare] [vhost] [cloudflare] [Cloudflare,Cloudflare Bot Management] [d41d8cd98f00b204e9800998ecf8427e]
http://api-staging-aws-fr-par-1.doctolib.de:2082 [301] [GET] [] [] [cloudflare] [vhost] [cloudflare] [Cloudflare,Cloudflare Bot Management] [d41d8cd98f00b204e9800998ecf8427e]
http://api-staging-aws-fr-par-1.doctolib.de:2086 [301] [GET] [] [] [cloudflare] [vhost] [cloudflare] [Cloudflare,Cloudflare Bot Management] [d41d8cd98f00b204e9800998ecf8427e]
http://api-staging-aws-fr-par-1.doctolib.de:2095 [301] [GET] [] [] [cloudflare] [vhost] [cloudflare] [Cloudflare,Cloudflare Bot Management] [d41d8cd98f00b204e9800998ecf8427e]
http://api-staging-aws-fr-par-1.doctolib.de:8080 [301] [GET] [] [] [cloudflare] [vhost] [cloudflare] [Cloudflare,Cloudflare Bot Management] [d41d8cd98f00b204e9800998ecf8427e]
http://api-staging-aws-fr-par-1.doctolib.de:8880 [301] [GET] [] [] [cloudflare] [vhost] [cloudflare] [Cloudflare,Cloudflare Bot Management] [d41d8cd98f00b204e9800998ecf8427e]
http://a-prd-aws-de-fra-1.doctolib.de:2082 [301] [GET] [] [] [cloudflare] [vhost] [cloudflare] [Cloudflare,Cloudflare Bot Management] [d41d8cd98f00b204e9800998ecf8427e]
http://a-prd-aws-de-fra-1.doctolib.de:2086 [301] [GET] [] [] [cloudflare] [vhost] [cloudflare] [Cloudflare,Cloudflare Bot Management] [d41d8cd98f00b204e9800998ecf8427e]
http://a-prd-aws-de-fra-1.doctolib.de:2095 [301] [GET] [] [] [cloudflare] [vhost] [cloudflare] [Cloudflare,Cloudflare Bot Management] [d41d8cd98f00b204e9800998ecf8427e]
http://a-prd-aws-de-fra-1.doctolib.de:8080 [301] [GET] [] [] [cloudflare] [vhost] [cloudflare] [Cloudflare,Cloudflare Bot Management] [d41d8cd98f00b204e9800998ecf8427e]
http://a-prd-aws-de-fra-1.doctolib.de:8880 [301] [GET] [] [] [cloudflare] [vhost] [cloudflare] [Cloudflare,Cloudflare Bot Management] [d41d8cd98f00b204e9800998ecf8427e]
http://a-prd-aws-fr-par-1.doctolib.de:2082 [301] [GET] [] [] [cloudflare] [vhost] [cloudflare] [Cloudflare,Cloudflare Bot Management] [d41d8cd98f00b204e9800998ecf8427e]
http://a-prd-aws-fr-par-1.doctolib.de:2086 [301] [GET] [] [] [cloudflare] [vhost] [cloudflare] [Cloudflare,Cloudflare Bot Management] [d41d8cd98f00b204e9800998ecf8427e]
http://a-prd-aws-fr-par-1.doctolib.de:8080 [301] [GET] [] [] [cloudflare] [vhost] [cloudflare] [Cloudflare,Cloudflare Bot Management] [d41d8cd98f00b204e9800998ecf8427e]
http://a-prd-aws-fr-par-1.doctolib.de:8880 [301] [GET] [] [] [cloudflare] [vhost] [cloudflare] [Cloudflare,Cloudflare Bot Management] [d41d8cd98f00b204e9800998ecf8427e]
http://assets-dev-aws-de-fra-1.doctolib.de:2082 [301] [GET] [] [] [cloudflare] [vhost] [cloudflare] [Cloudflare,Cloudflare Bot Management] [d41d8cd98f00b204e9800998ecf8427e]
http://assets-dev-aws-de-fra-1.doctolib.de:2086 [301] [GET] [] [] [cloudflare] [vhost] [cloudflare] [Cloudflare,Cloudflare Bot Management] [d41d8cd98f00b204e9800998ecf8427e]
http://assets-dev-aws-de-fra-1.doctolib.de:2095 [301] [GET] [] [] [cloudflare] [vhost] [cloudflare] [Cloudflare,Cloudflare Bot Management] [d41d8cd98f00b204e9800998ecf8427e]
http://assets-dev-aws-de-fra-1.doctolib.de:8080 [301] [GET] [] [] [cloudflare] [vhost] [cloudflare] [Cloudflare,Cloudflare Bot Management] [d41d8cd98f00b204e9800998ecf8427e]
http://assets-dev-aws-de-fra-1.doctolib.de:8880 [301] [GET] [] [] [cloudflare] [vhost] [cloudflare] [Cloudflare,Cloudflare Bot Management] [d41d8cd98f00b204e9800998ecf8427e]
http://assets-dev-aws-fr-par-1.doctolib.de:2082 [301] [GET] [] [] [cloudflare] [vhost] [cloudflare] [Cloudflare,Cloudflare Bot Management] [d41d8cd98f00b204e9800998ecf8427e]
http://assets-dev-aws-fr-par-1.doctolib.de:2086 [301] [GET] [] [] [cloudflare] [vhost] [cloudflare] [Cloudflare,Cloudflare Bot Management] [d41d8cd98f00b204e9800998ecf8427e]
http://assets-dev-aws-fr-par-1.doctolib.de:2095 [301] [GET] [] [] [cloudflare] [vhost] [cloudflare] [Cloudflare,Cloudflare Bot Management] [d41d8cd98f00b204e9800998ecf8427e]
http://assets-dev-aws-fr-par-1.doctolib.de:8080 [301] [GET] [] [] [cloudflare] [vhost] [cloudflare] [Cloudflare,Cloudflare Bot Management] [d41d8cd98f00b204e9800998ecf8427e]
http://assets-dev-aws-fr-par-1.doctolib.de:8880 [301] [GET] [] [] [cloudflare] [vhost] [cloudflare] [Cloudflare,Cloudflare Bot Management] [d41d8cd98f00b204e9800998ecf8427e]
http://assets-dev.doctolib.de:2052 [301] [GET] [] [] [cloudflare] [vhost] [cloudflare] [Cloudflare,Cloudflare Bot Management] [d41d8cd98f00b204e9800998ecf8427e]
http://assets-dev.doctolib.de:2082 [301] [GET] [] [] [cloudflare] [vhost] [cloudflare] [Cloudflare,Cloudflare Bot Management] [d41d8cd98f00b204e9800998ecf8427e]
http://assets-dev.doctolib.de:2095 [301] [GET] [] [] [cloudflare] [vhost] [cloudflare] [Cloudflare,Cloudflare Bot Management] [d41d8cd98f00b204e9800998ecf8427e]
http://assets-dev.doctolib.de:8080 [301] [GET] [] [] [cloudflare] [vhost] [cloudflare] [Cloudflare,Cloudflare Bot Management] [d41d8cd98f00b204e9800998ecf8427e]
http://assets-dev.doctolib.de:8880 [301] [GET] [] [] [cloudflare] [vhost] [cloudflare] [Cloudflare,Cloudflare Bot Management] [d41d8cd98f00b204e9800998ecf8427e]
http://assets-prd-aws-de-fra-1.doctolib.de:2082 [301] [GET] [] [] [cloudflare] [vhost] [cloudflare] [Cloudflare,Cloudflare Bot Management] [d41d8cd98f00b204e9800998ecf8427e]
http://assets-prd-aws-de-fra-1.doctolib.de:2086 [301] [GET] [] [] [cloudflare] [vhost] [cloudflare] [Cloudflare,Cloudflare Bot Management] [d41d8cd98f00b204e9800998ecf8427e]
http://assets-prd-aws-de-fra-1.doctolib.de:8080 [301] [GET] [] [] [cloudflare] [vhost] [cloudflare] [Cloudflare,Cloudflare Bot Management] [d41d8cd98f00b204e9800998ecf8427e]
http://assets-prd-aws-de-fra-1.doctolib.de:8880 [301] [GET] [] [] [cloudflare] [vhost] [cloudflare] [Cloudflare,Cloudflare Bot Management] [d41d8cd98f00b204e9800998ecf8427e]
http://assets-prd-aws-fr-par-1.doctolib.de:2082 [301] [GET] [] [] [cloudflare] [vhost] [cloudflare] [Cloudflare,Cloudflare Bot Management] [d41d8cd98f00b204e9800998ecf8427e]
http://assets-prd-aws-fr-par-1.doctolib.de:2086 [301] [GET] [] [] [cloudflare] [vhost] [cloudflare] [Cloudflare,Cloudflare Bot Management] [d41d8cd98f00b204e9800998ecf8427e]
http://assets-prd-aws-fr-par-1.doctolib.de:8080 [301] [GET] [] [] [cloudflare] [vhost] [cloudflare] [Cloudflare,Cloudflare Bot Management] [d41d8cd98f00b204e9800998ecf8427e]
http://assets-prd-aws-fr-par-1.doctolib.de:8880 [301] [GET] [] [] [cloudflare] [vhost] [cloudflare] [Cloudflare,Cloudflare Bot Management] [d41d8cd98f00b204e9800998ecf8427e]
http://assets-staging-aws-fr-par-1.doctolib.de:2082 [301] [GET] [] [] [cloudflare] [vhost] [cloudflare] [Cloudflare,Cloudflare Bot Management] [d41d8cd98f00b204e9800998ecf8427e]
http://assets-staging-aws-fr-par-1.doctolib.de:2086 [301] [GET] [] [] [cloudflare] [vhost] [cloudflare] [Cloudflare,Cloudflare Bot Management] [d41d8cd98f00b204e9800998ecf8427e]
http://assets-staging-aws-fr-par-1.doctolib.de:2095 [301] [GET] [] [] [cloudflare] [vhost] [cloudflare] [Cloudflare,Cloudflare Bot Management] [d41d8cd98f00b204e9800998ecf8427e]
http://assets-staging-aws-fr-par-1.doctolib.de:8080 [301] [GET] [] [] [cloudflare] [vhost] [cloudflare] [Cloudflare,Cloudflare Bot Management] [d41d8cd98f00b204e9800998ecf8427e]
http://assets-staging-aws-fr-par-1.doctolib.de:8880 [301] [GET] [] [] [cloudflare] [vhost] [cloudflare] [Cloudflare,Cloudflare Bot Management] [d41d8cd98f00b204e9800998ecf8427e]
http://a-staging-aws-fr-par-1.doctolib.de:2082 [301] [GET] [] [] [cloudflare] [vhost] [cloudflare] [Cloudflare,Cloudflare Bot Management] [d41d8cd98f00b204e9800998ecf8427e]
http://a-staging-aws-fr-par-1.doctolib.de:2086 [301] [GET] [] [] [cloudflare] [vhost] [cloudflare] [Cloudflare,Cloudflare Bot Management] [d41d8cd98f00b204e9800998ecf8427e]
http://a-staging-aws-fr-par-1.doctolib.de:2095 [301] [GET] [] [] [cloudflare] [vhost] [cloudflare] [Cloudflare,Cloudflare Bot Management] [d41d8cd98f00b204e9800998ecf8427e]
http://a-staging-aws-fr-par-1.doctolib.de:8080 [301] [GET] [] [] [cloudflare] [vhost] [cloudflare] [Cloudflare,Cloudflare Bot Management] [d41d8cd98f00b204e9800998ecf8427e]
http://a-staging-aws-fr-par-1.doctolib.de:8880 [301] [GET] [] [] [cloudflare] [vhost] [cloudflare] [Cloudflare,Cloudflare Bot Management] [d41d8cd98f00b204e9800998ecf8427e]
http://m-dev-aws-de-fra-1.doctolib.de:2082 [301] [GET] [] [] [cloudflare] [vhost] [cloudflare] [Cloudflare,Cloudflare Bot Management] [d41d8cd98f00b204e9800998ecf8427e]
http://m-dev-aws-de-fra-1.doctolib.de:2086 [301] [GET] [] [] [cloudflare] [vhost] [cloudflare] [Cloudflare,Cloudflare Bot Management] [d41d8cd98f00b204e9800998ecf8427e]
http://m-dev-aws-de-fra-1.doctolib.de:2095 [301] [GET] [] [] [cloudflare] [vhost] [cloudflare] [Cloudflare,Cloudflare Bot Management] [d41d8cd98f00b204e9800998ecf8427e]
http://m-dev-aws-de-fra-1.doctolib.de:8080 [301] [GET] [] [] [cloudflare] [vhost] [cloudflare] [Cloudflare,Cloudflare Bot Management] [d41d8cd98f00b204e9800998ecf8427e]
http://m-dev-aws-de-fra-1.doctolib.de:8880 [301] [GET] [] [] [cloudflare] [vhost] [cloudflare] [Cloudflare,Cloudflare Bot Management] [d41d8cd98f00b204e9800998ecf8427e]
http://m-dev-aws-fr-par-1.doctolib.de:2082 [301] [GET] [] [] [cloudflare] [vhost] [cloudflare] [Cloudflare,Cloudflare Bot Management] [d41d8cd98f00b204e9800998ecf8427e]
http://m-dev-aws-fr-par-1.doctolib.de:2086 [301] [GET] [] [] [cloudflare] [vhost] [cloudflare] [Cloudflare,Cloudflare Bot Management] [d41d8cd98f00b204e9800998ecf8427e]
http://m-dev-aws-fr-par-1.doctolib.de:2095 [301] [GET] [] [] [cloudflare] [vhost] [cloudflare] [Cloudflare,Cloudflare Bot Management] [d41d8cd98f00b204e9800998ecf8427e]
http://m-dev-aws-fr-par-1.doctolib.de:8080 [301] [GET] [] [] [cloudflare] [vhost] [cloudflare] [Cloudflare,Cloudflare Bot Management] [d41d8cd98f00b204e9800998ecf8427e]
http://m-dev-aws-fr-par-1.doctolib.de:8880 [301] [GET] [] [] [cloudflare] [vhost] [cloudflare] [Cloudflare,Cloudflare Bot Management] [d41d8cd98f00b204e9800998ecf8427e]
http://m-dev.doctolib.de:2052 [301] [GET] [] [] [cloudflare] [vhost] [cloudflare] [Cloudflare,Cloudflare Bot Management] [d41d8cd98f00b204e9800998ecf8427e]
http://m-dev.doctolib.de:2082 [301] [GET] [] [] [cloudflare] [vhost] [cloudflare] [Cloudflare,Cloudflare Bot Management] [d41d8cd98f00b204e9800998ecf8427e]
http://m-dev.doctolib.de:2095 [301] [GET] [] [] [cloudflare] [vhost] [cloudflare] [Cloudflare,Cloudflare Bot Management] [d41d8cd98f00b204e9800998ecf8427e]
http://m-dev.doctolib.de:8080 [301] [GET] [] [] [cloudflare] [vhost] [cloudflare] [Cloudflare,Cloudflare Bot Management] [d41d8cd98f00b204e9800998ecf8427e]
http://m-dev.doctolib.de:8880 [301] [GET] [] [] [cloudflare] [vhost] [cloudflare] [Cloudflare,Cloudflare Bot Management] [d41d8cd98f00b204e9800998ecf8427e]
http://mj-prd-aws-fr-par-1.doctolib.de:2082 [301] [GET] [] [] [cloudflare] [vhost] [cloudflare] [Cloudflare,Cloudflare Bot Management] [d41d8cd98f00b204e9800998ecf8427e]
http://mj-prd-aws-fr-par-1.doctolib.de:2086 [301] [GET] [] [] [cloudflare] [vhost] [cloudflare] [Cloudflare,Cloudflare Bot Management] [d41d8cd98f00b204e9800998ecf8427e]
http://mj-prd-aws-fr-par-1.doctolib.de:8080 [301] [GET] [] [] [cloudflare] [vhost] [cloudflare] [Cloudflare,Cloudflare Bot Management] [d41d8cd98f00b204e9800998ecf8427e]
http://mj-prd-aws-fr-par-1.doctolib.de:8880 [301] [GET] [] [] [cloudflare] [vhost] [cloudflare] [Cloudflare,Cloudflare Bot Management] [d41d8cd98f00b204e9800998ecf8427e]
http://m-prd-aws-de-fra-1.doctolib.de:2082 [301] [GET] [] [] [cloudflare] [vhost] [cloudflare] [Cloudflare,Cloudflare Bot Management] [d41d8cd98f00b204e9800998ecf8427e]
http://m-prd-aws-de-fra-1.doctolib.de:2086 [301] [GET] [] [] [cloudflare] [vhost] [cloudflare] [Cloudflare,Cloudflare Bot Management] [d41d8cd98f00b204e9800998ecf8427e]
http://m-prd-aws-de-fra-1.doctolib.de:8080 [301] [GET] [] [] [cloudflare] [vhost] [cloudflare] [Cloudflare,Cloudflare Bot Management] [d41d8cd98f00b204e9800998ecf8427e]
http://m-prd-aws-de-fra-1.doctolib.de:8880 [301] [GET] [] [] [cloudflare] [vhost] [cloudflare] [Cloudflare,Cloudflare Bot Management] [d41d8cd98f00b204e9800998ecf8427e]
http://m-prd-aws-fr-par-1.doctolib.de:2082 [301] [GET] [] [] [cloudflare] [vhost] [cloudflare] [Cloudflare,Cloudflare Bot Management] [d41d8cd98f00b204e9800998ecf8427e]
http://m-prd-aws-fr-par-1.doctolib.de:2086 [301] [GET] [] [] [cloudflare] [vhost] [cloudflare] [Cloudflare,Cloudflare Bot Management] [d41d8cd98f00b204e9800998ecf8427e]
http://m-prd-aws-fr-par-1.doctolib.de:2095 [301] [GET] [] [] [cloudflare] [vhost] [cloudflare] [Cloudflare,Cloudflare Bot Management] [d41d8cd98f00b204e9800998ecf8427e]
http://m-prd-aws-fr-par-1.doctolib.de:8080 [301] [GET] [] [] [cloudflare] [vhost] [cloudflare] [Cloudflare,Cloudflare Bot Management] [d41d8cd98f00b204e9800998ecf8427e]
http://m-prd-aws-fr-par-1.doctolib.de:8880 [301] [GET] [] [] [cloudflare] [vhost] [cloudflare] [Cloudflare,Cloudflare Bot Management] [d41d8cd98f00b204e9800998ecf8427e]
http://m-staging-aws-fr-par-1.doctolib.de:2082 [301] [GET] [] [] [cloudflare] [vhost] [cloudflare] [Cloudflare,Cloudflare Bot Management] [d41d8cd98f00b204e9800998ecf8427e]
http://m-staging-aws-fr-par-1.doctolib.de:2086 [301] [GET] [] [] [cloudflare] [vhost] [cloudflare] [Cloudflare,Cloudflare Bot Management] [d41d8cd98f00b204e9800998ecf8427e]
http://m-staging-aws-fr-par-1.doctolib.de:8080 [301] [GET] [] [] [cloudflare] [vhost] [cloudflare] [Cloudflare,Cloudflare Bot Management] [d41d8cd98f00b204e9800998ecf8427e]
http://m-staging-aws-fr-par-1.doctolib.de:8880 [301] [GET] [] [] [cloudflare] [vhost] [cloudflare] [Cloudflare,Cloudflare Bot Management] [d41d8cd98f00b204e9800998ecf8427e]
http://mta-sts.doctolib.de:2082 [301] [GET] [] [] [cloudflare] [vhost] [cloudflare] [Cloudflare,Cloudflare Bot Management] [d41d8cd98f00b204e9800998ecf8427e]
http://mta-sts.doctolib.de:2086 [301] [GET] [] [] [cloudflare] [vhost] [cloudflare] [Cloudflare,Cloudflare Bot Management] [d41d8cd98f00b204e9800998ecf8427e]
http://mta-sts.doctolib.de:2095 [301] [GET] [] [] [cloudflare] [vhost] [cloudflare] [Cloudflare,Cloudflare Bot Management] [d41d8cd98f00b204e9800998ecf8427e]
http://mta-sts.doctolib.de:8080 [301] [GET] [] [] [cloudflare] [vhost] [cloudflare] [Cloudflare,Cloudflare Bot Management] [d41d8cd98f00b204e9800998ecf8427e]
http://mta-sts.doctolib.de:8880 [301] [GET] [] [] [cloudflare] [vhost] [cloudflare] [Cloudflare,Cloudflare Bot Management] [d41d8cd98f00b204e9800998ecf8427e]
http://partners-dev-aws-de-fra-1.doctolib.de:2082 [301] [GET] [] [] [cloudflare] [vhost] [cloudflare] [Cloudflare,Cloudflare Bot Management] [d41d8cd98f00b204e9800998ecf8427e]
http://partners-dev-aws-de-fra-1.doctolib.de:2086 [301] [GET] [] [] [cloudflare] [vhost] [cloudflare] [Cloudflare,Cloudflare Bot Management] [d41d8cd98f00b204e9800998ecf8427e]
http://partners-dev-aws-de-fra-1.doctolib.de:2095 [301] [GET] [] [] [cloudflare] [vhost] [cloudflare] [Cloudflare,Cloudflare Bot Management] [d41d8cd98f00b204e9800998ecf8427e]
http://partners-dev-aws-de-fra-1.doctolib.de:8080 [301] [GET] [] [] [cloudflare] [vhost] [cloudflare] [Cloudflare,Cloudflare Bot Management] [d41d8cd98f00b204e9800998ecf8427e]
http://partners-dev-aws-de-fra-1.doctolib.de:8880 [301] [GET] [] [] [cloudflare] [vhost] [cloudflare] [Cloudflare,Cloudflare Bot Management] [d41d8cd98f00b204e9800998ecf8427e]
http://partners-dev-aws-fr-par-1.doctolib.de:2082 [301] [GET] [] [] [cloudflare] [vhost] [cloudflare] [Cloudflare,Cloudflare Bot Management] [d41d8cd98f00b204e9800998ecf8427e]
http://partners-dev-aws-fr-par-1.doctolib.de:2086 [301] [GET] [] [] [cloudflare] [vhost] [cloudflare] [Cloudflare,Cloudflare Bot Management] [d41d8cd98f00b204e9800998ecf8427e]
http://partners-dev-aws-fr-par-1.doctolib.de:2095 [301] [GET] [] [] [cloudflare] [vhost] [cloudflare] [Cloudflare,Cloudflare Bot Management] [d41d8cd98f00b204e9800998ecf8427e]
http://partners-dev-aws-fr-par-1.doctolib.de:8080 [301] [GET] [] [] [cloudflare] [vhost] [cloudflare] [Cloudflare,Cloudflare Bot Management] [d41d8cd98f00b204e9800998ecf8427e]
http://partners-dev-aws-fr-par-1.doctolib.de:8880 [301] [GET] [] [] [cloudflare] [vhost] [cloudflare] [Cloudflare,Cloudflare Bot Management] [d41d8cd98f00b204e9800998ecf8427e]
http://partners-dev.doctolib.de:2082 [301] [GET] [] [] [cloudflare] [vhost] [cloudflare] [Cloudflare,Cloudflare Bot Management] [d41d8cd98f00b204e9800998ecf8427e]
http://partners-dev.doctolib.de:2086 [301] [GET] [] [] [cloudflare] [vhost] [cloudflare] [Cloudflare,Cloudflare Bot Management] [d41d8cd98f00b204e9800998ecf8427e]
http://partners-dev.doctolib.de:8080 [301] [GET] [] [] [cloudflare] [vhost] [cloudflare] [Cloudflare,Cloudflare Bot Management] [d41d8cd98f00b204e9800998ecf8427e]
http://partners-dev.doctolib.de:8880 [301] [GET] [] [] [cloudflare] [vhost] [cloudflare] [Cloudflare,Cloudflare Bot Management] [d41d8cd98f00b204e9800998ecf8427e]
http://partners-prd-aws-de-fra-1.doctolib.de:2082 [301] [GET] [] [] [cloudflare] [vhost] [cloudflare] [Cloudflare,Cloudflare Bot Management] [d41d8cd98f00b204e9800998ecf8427e]
http://partners-prd-aws-de-fra-1.doctolib.de:2086 [301] [GET] [] [] [cloudflare] [vhost] [cloudflare] [Cloudflare,Cloudflare Bot Management] [d41d8cd98f00b204e9800998ecf8427e]
http://partners-prd-aws-de-fra-1.doctolib.de:8080 [301] [GET] [] [] [cloudflare] [vhost] [cloudflare] [Cloudflare,Cloudflare Bot Management] [d41d8cd98f00b204e9800998ecf8427e]
http://partners-prd-aws-de-fra-1.doctolib.de:8880 [301] [GET] [] [] [cloudflare] [vhost] [cloudflare] [Cloudflare,Cloudflare Bot Management] [d41d8cd98f00b204e9800998ecf8427e]
http://partners-prd-aws-fr-par-1.doctolib.de:2082 [301] [GET] [] [] [cloudflare] [vhost] [cloudflare] [Cloudflare,Cloudflare Bot Management] [d41d8cd98f00b204e9800998ecf8427e]
http://partners-prd-aws-fr-par-1.doctolib.de:2086 [301] [GET] [] [] [cloudflare] [vhost] [cloudflare] [Cloudflare,Cloudflare Bot Management] [d41d8cd98f00b204e9800998ecf8427e]
http://partners-prd-aws-fr-par-1.doctolib.de:2095 [301] [GET] [] [] [cloudflare] [vhost] [cloudflare] [Cloudflare,Cloudflare Bot Management] [d41d8cd98f00b204e9800998ecf8427e]
http://partners-prd-aws-fr-par-1.doctolib.de:8080 [301] [GET] [] [] [cloudflare] [vhost] [cloudflare] [Cloudflare,Cloudflare Bot Management] [d41d8cd98f00b204e9800998ecf8427e]
http://partners-prd-aws-fr-par-1.doctolib.de:8880 [301] [GET] [] [] [cloudflare] [vhost] [cloudflare] [Cloudflare,Cloudflare Bot Management] [d41d8cd98f00b204e9800998ecf8427e]
http://partners-staging-aws-fr-par-1.doctolib.de:2082 [301] [GET] [] [] [cloudflare] [vhost] [cloudflare] [Cloudflare,Cloudflare Bot Management] [d41d8cd98f00b204e9800998ecf8427e]
http://partners-staging-aws-fr-par-1.doctolib.de:2086 [301] [GET] [] [] [cloudflare] [vhost] [cloudflare] [Cloudflare,Cloudflare Bot Management] [d41d8cd98f00b204e9800998ecf8427e]
http://partners-staging-aws-fr-par-1.doctolib.de:2095 [301] [GET] [] [] [cloudflare] [vhost] [cloudflare] [Cloudflare,Cloudflare Bot Management] [d41d8cd98f00b204e9800998ecf8427e]
http://partners-staging-aws-fr-par-1.doctolib.de:8080 [301] [GET] [] [] [cloudflare] [vhost] [cloudflare] [Cloudflare,Cloudflare Bot Management] [d41d8cd98f00b204e9800998ecf8427e]
http://partners-staging-aws-fr-par-1.doctolib.de:8880 [301] [GET] [] [] [cloudflare] [vhost] [cloudflare] [Cloudflare,Cloudflare Bot Management] [d41d8cd98f00b204e9800998ecf8427e]
http://pro-dev-aws-de-fra-1.doctolib.de:2082 [301] [GET] [] [] [cloudflare] [vhost] [cloudflare] [Cloudflare,Cloudflare Bot Management] [d41d8cd98f00b204e9800998ecf8427e]
http://pro-dev-aws-de-fra-1.doctolib.de:2086 [301] [GET] [] [] [cloudflare] [vhost] [cloudflare] [Cloudflare,Cloudflare Bot Management] [d41d8cd98f00b204e9800998ecf8427e]
http://pro-dev-aws-de-fra-1.doctolib.de:2095 [301] [GET] [] [] [cloudflare] [vhost] [cloudflare] [Cloudflare,Cloudflare Bot Management] [d41d8cd98f00b204e9800998ecf8427e]
http://pro-dev-aws-de-fra-1.doctolib.de:8080 [301] [GET] [] [] [cloudflare] [vhost] [cloudflare] [Cloudflare,Cloudflare Bot Management] [d41d8cd98f00b204e9800998ecf8427e]
http://pro-dev-aws-de-fra-1.doctolib.de:8880 [301] [GET] [] [] [cloudflare] [vhost] [cloudflare] [Cloudflare,Cloudflare Bot Management] [d41d8cd98f00b204e9800998ecf8427e]
http://pro-dev-aws-fr-par-1.doctolib.de:2082 [301] [GET] [] [] [cloudflare] [vhost] [cloudflare] [Cloudflare,Cloudflare Bot Management] [d41d8cd98f00b204e9800998ecf8427e]
http://pro-dev-aws-fr-par-1.doctolib.de:2086 [301] [GET] [] [] [cloudflare] [vhost] [cloudflare] [Cloudflare,Cloudflare Bot Management] [d41d8cd98f00b204e9800998ecf8427e]
http://pro-dev-aws-fr-par-1.doctolib.de:8080 [301] [GET] [] [] [cloudflare] [vhost] [cloudflare] [Cloudflare,Cloudflare Bot Management] [d41d8cd98f00b204e9800998ecf8427e]
http://pro-dev-aws-fr-par-1.doctolib.de:8880 [301] [GET] [] [] [cloudflare] [vhost] [cloudflare] [Cloudflare,Cloudflare Bot Management] [d41d8cd98f00b204e9800998ecf8427e]
http://pro-dev.doctolib.de:2082 [301] [GET] [] [] [cloudflare] [vhost] [cloudflare] [Cloudflare,Cloudflare Bot Management] [d41d8cd98f00b204e9800998ecf8427e]
http://pro-dev.doctolib.de:2086 [301] [GET] [] [] [cloudflare] [vhost] [cloudflare] [Cloudflare,Cloudflare Bot Management] [d41d8cd98f00b204e9800998ecf8427e]
http://pro-dev.doctolib.de:8080 [301] [GET] [] [] [cloudflare] [vhost] [cloudflare] [Cloudflare,Cloudflare Bot Management] [d41d8cd98f00b204e9800998ecf8427e]
http://pro-dev.doctolib.de:8880 [301] [GET] [] [] [cloudflare] [vhost] [cloudflare] [Cloudflare,Cloudflare Bot Management] [d41d8cd98f00b204e9800998ecf8427e]
http://pro-prd-aws-de-fra-1.doctolib.de:2082 [301] [GET] [] [] [cloudflare] [vhost] [cloudflare] [Cloudflare,Cloudflare Bot Management] [d41d8cd98f00b204e9800998ecf8427e]
http://pro-prd-aws-de-fra-1.doctolib.de:2086 [301] [GET] [] [] [cloudflare] [vhost] [cloudflare] [Cloudflare,Cloudflare Bot Management] [d41d8cd98f00b204e9800998ecf8427e]
http://pro-prd-aws-de-fra-1.doctolib.de:8080 [301] [GET] [] [] [cloudflare] [vhost] [cloudflare] [Cloudflare,Cloudflare Bot Management] [d41d8cd98f00b204e9800998ecf8427e]
http://pro-prd-aws-de-fra-1.doctolib.de:8880 [301] [GET] [] [] [cloudflare] [vhost] [cloudflare] [Cloudflare,Cloudflare Bot Management] [d41d8cd98f00b204e9800998ecf8427e]
http://pro-prd-aws-fr-par-1.doctolib.de:2082 [301] [GET] [] [] [cloudflare] [vhost] [cloudflare] [Cloudflare,Cloudflare Bot Management] [d41d8cd98f00b204e9800998ecf8427e]
http://pro-prd-aws-fr-par-1.doctolib.de:2086 [301] [GET] [] [] [cloudflare] [vhost] [cloudflare] [Cloudflare,Cloudflare Bot Management] [d41d8cd98f00b204e9800998ecf8427e]
http://pro-prd-aws-fr-par-1.doctolib.de:2095 [301] [GET] [] [] [cloudflare] [vhost] [cloudflare] [Cloudflare,Cloudflare Bot Management] [d41d8cd98f00b204e9800998ecf8427e]
http://pro-prd-aws-fr-par-1.doctolib.de:8080 [301] [GET] [] [] [cloudflare] [vhost] [cloudflare] [Cloudflare,Cloudflare Bot Management] [d41d8cd98f00b204e9800998ecf8427e]
http://pro-prd-aws-fr-par-1.doctolib.de:8880 [301] [GET] [] [] [cloudflare] [vhost] [cloudflare] [Cloudflare,Cloudflare Bot Management] [d41d8cd98f00b204e9800998ecf8427e]
http://pro-staging-aws-fr-par-1.doctolib.de:2082 [301] [GET] [] [] [cloudflare] [vhost] [cloudflare] [Cloudflare,Cloudflare Bot Management] [d41d8cd98f00b204e9800998ecf8427e]
http://pro-staging-aws-fr-par-1.doctolib.de:2086 [301] [GET] [] [] [cloudflare] [vhost] [cloudflare] [Cloudflare,Cloudflare Bot Management] [d41d8cd98f00b204e9800998ecf8427e]
http://pro-staging-aws-fr-par-1.doctolib.de:2095 [301] [GET] [] [] [cloudflare] [vhost] [cloudflare] [Cloudflare,Cloudflare Bot Management] [d41d8cd98f00b204e9800998ecf8427e]
http://pro-staging-aws-fr-par-1.doctolib.de:8080 [301] [GET] [] [] [cloudflare] [vhost] [cloudflare] [Cloudflare,Cloudflare Bot Management] [d41d8cd98f00b204e9800998ecf8427e]
http://pro-staging-aws-fr-par-1.doctolib.de:8880 [301] [GET] [] [] [cloudflare] [vhost] [cloudflare] [Cloudflare,Cloudflare Bot Management] [d41d8cd98f00b204e9800998ecf8427e]
http://rs-data-origin.doctolib.de:2082 [301] [GET] [] [] [cloudflare] [vhost] [cloudflare] [Cloudflare,Cloudflare Bot Management] [d41d8cd98f00b204e9800998ecf8427e]
http://rs-data-origin.doctolib.de:2086 [301] [GET] [] [] [cloudflare] [vhost] [cloudflare] [Cloudflare,Cloudflare Bot Management] [d41d8cd98f00b204e9800998ecf8427e]
http://rs-data-origin.doctolib.de:8080 [301] [GET] [] [] [cloudflare] [vhost] [cloudflare] [Cloudflare,Cloudflare Bot Management] [d41d8cd98f00b204e9800998ecf8427e]
http://rs-data-origin.doctolib.de:8880 [301] [GET] [] [] [cloudflare] [vhost] [cloudflare] [Cloudflare,Cloudflare Bot Management] [d41d8cd98f00b204e9800998ecf8427e]
http://rs-data-staging-origin.doctolib.de:2082 [301] [GET] [] [] [cloudflare] [vhost] [cloudflare] [Cloudflare,Cloudflare Bot Management] [d41d8cd98f00b204e9800998ecf8427e]
http://rs-data-staging-origin.doctolib.de:2086 [301] [GET] [] [] [cloudflare] [vhost] [cloudflare] [Cloudflare,Cloudflare Bot Management] [d41d8cd98f00b204e9800998ecf8427e]
http://rs-data-staging-origin.doctolib.de:2095 [301] [GET] [] [] [cloudflare] [vhost] [cloudflare] [Cloudflare,Cloudflare Bot Management] [d41d8cd98f00b204e9800998ecf8427e]
http://rs-data-staging-origin.doctolib.de:8080 [301] [GET] [] [] [cloudflare] [vhost] [cloudflare] [Cloudflare,Cloudflare Bot Management] [d41d8cd98f00b204e9800998ecf8427e]
http://rs-data-staging-origin.doctolib.de:8880 [301] [GET] [] [] [cloudflare] [vhost] [cloudflare] [Cloudflare,Cloudflare Bot Management] [d41d8cd98f00b204e9800998ecf8427e]
https://about.doctolib.de [403] [GET] [text/html] [] [cloudflare] [vhost] [cloudflare] [Cloudflare,Cloudflare Bot Management] [81a8ccb106304831585bf921c331893e]
https://about.doctolib.de [403] [GET] [text/html] [] [cloudflare] [vhost] [cloudflare] [Cloudflare,Cloudflare Bot Management] [8eb94b12f86e94661ba07fd2cf21328a]
https://about-staging.doctolib.de [403] [GET] [text/html] [] [cloudflare] [vhost] [cloudflare] [Cloudflare,Cloudflare Bot Management] [08675d563aabbee1f7b7de3bda61e53a]
https://about-staging.doctolib.de [403] [GET] [text/html] [] [cloudflare] [vhost] [cloudflare] [Cloudflare,Cloudflare Bot Management] [3e67c61e7699d916633c6a5c81ff13e2]
https://a-dev-aws-de-fra-1.doctolib.de:2083 [403] [GET] [text/html] [] [cloudflare] [vhost] [cloudflare] [Cloudflare,Cloudflare Bot Management] [a625735d7a2e969b9ab0bf72241443d5]
https://a-dev-aws-de-fra-1.doctolib.de:2087 [403] [GET] [text/html] [] [cloudflare] [vhost] [cloudflare] [Cloudflare,Cloudflare Bot Management] [5ee33b4e4922041fce0a9a2a644f0f8d]
https://a-dev-aws-de-fra-1.doctolib.de [403] [GET] [text/html] [] [cloudflare] [vhost] [cloudflare] [Cloudflare,Cloudflare Bot Management] [329aa6b67bf1ebe40d5f76ddcb560231]
https://a-dev-aws-de-fra-1.doctolib.de [403] [GET] [text/html] [] [cloudflare] [vhost] [cloudflare] [Cloudflare,Cloudflare Bot Management] [382e7ad35f7f2e4ec8c2ee4ee46200a8]
https://a-dev-aws-de-fra-1.doctolib.de:8443 [403] [GET] [text/html] [] [cloudflare] [vhost] [cloudflare] [Cloudflare,Cloudflare Bot Management] [00367ab9c40895cb92632b6c0a1a8118]
https://a-dev-aws-fr-par-1.doctolib.de:2083 [403] [GET] [text/html] [] [cloudflare] [vhost] [cloudflare] [Cloudflare,Cloudflare Bot Management] [7d393f5cd0997b7a4232e44fd4c2cbdb]
https://a-dev-aws-fr-par-1.doctolib.de:2087 [403] [GET] [text/html] [] [cloudflare] [vhost] [cloudflare] [Cloudflare,Cloudflare Bot Management] [59ed0c582905f4c6a61ee3a3ca5ed729]
https://a-dev-aws-fr-par-1.doctolib.de [403] [GET] [text/html] [] [cloudflare] [vhost] [cloudflare] [Cloudflare,Cloudflare Bot Management] [70715140f0aa4d56ec6b24e83945086e]
https://a-dev-aws-fr-par-1.doctolib.de [403] [GET] [text/html] [] [cloudflare] [vhost] [cloudflare] [Cloudflare,Cloudflare Bot Management] [d6b709338327f420f7781d61ba4026d8]
https://a-dev-aws-fr-par-1.doctolib.de:8443 [403] [GET] [text/html] [] [cloudflare] [vhost] [cloudflare] [Cloudflare,Cloudflare Bot Management] [7cbf57e165e9cec90c1a48916234592c]
https://a-dev.doctolib.de:2083 [403] [GET] [text/html] [] [cloudflare] [vhost] [cloudflare] [Cloudflare,Cloudflare Bot Management] [0efcc2aa051501b651e4a99198e3984b]
https://a-dev.doctolib.de:2087 [403] [GET] [text/html] [] [cloudflare] [vhost] [cloudflare] [Cloudflare,Cloudflare Bot Management] [750df9cf3e139157f80e0b8d7e6f80e5]
https://a-dev.doctolib.de:2096 [403] [GET] [text/html] [] [cloudflare] [vhost] [cloudflare] [Cloudflare,Cloudflare Bot Management] [3a717d2dd121049f078f10ce2615b7ea]
https://a-dev.doctolib.de [403] [GET] [text/html] [] [cloudflare] [vhost] [cloudflare] [Cloudflare,Cloudflare Bot Management] [10eaa3bfc9004aa07536452a59025f8b]
https://a-dev.doctolib.de [403] [GET] [text/html] [] [cloudflare] [vhost] [cloudflare] [Cloudflare,Cloudflare Bot Management] [6ea25c59b01366a09fc7ccb0e81ec45f]
https://a-dev.doctolib.de:8443 [403] [GET] [text/html] [] [cloudflare] [vhost] [cloudflare] [Cloudflare,Cloudflare Bot Management] [0662f756a49164936b266b66c8859536]
https://a.doctolib.de [403] [GET] [text/html] [] [cloudflare] [vhost] [cloudflare] [Cloudflare,Cloudflare Bot Management] [baceab9e225e7c3140f5f2f708b0ce35]
https://a.doctolib.de [403] [GET] [text/html] [] [cloudflare] [vhost] [cloudflare] [Cloudflare,Cloudflare Bot Management] [e547112f6d36b27a8dae31d7ecde1a0d]
https://a-interf.doctolib.de [403] [GET] [text/html] [] [cloudflare] [vhost] [cloudflare] [Cloudflare,Cloudflare Bot Management] [99b84a5572e34fbb856f35ee4c537227]
https://a-interf.doctolib.de [403] [GET] [text/html] [] [cloudflare] [vhost] [cloudflare] [Cloudflare,Cloudflare Bot Management] [f1d95abdf9cc855e89f5e3d41bf7f3af]
https://api-dev-aws-de-fra-1.doctolib.de:2083 [403] [GET] [text/html] [] [cloudflare] [vhost] [cloudflare] [Cloudflare,Cloudflare Bot Management] [b1e434c9fe9b53834450b79a079196cc]
https://api-dev-aws-de-fra-1.doctolib.de:2087 [403] [GET] [text/html] [] [cloudflare] [vhost] [cloudflare] [Cloudflare,Cloudflare Bot Management] [0569de8da2c1b461339134f048f4ecf4]
https://api-dev-aws-de-fra-1.doctolib.de [403] [GET] [text/html] [] [cloudflare] [vhost] [cloudflare] [Cloudflare,Cloudflare Bot Management] [1c7f4c5cc24922e332f232315c1135f1]
https://api-dev-aws-de-fra-1.doctolib.de [403] [GET] [text/html] [] [cloudflare] [vhost] [cloudflare] [Cloudflare,Cloudflare Bot Management] [780880e8ba9e11621158fb83f21229b2]
https://api-dev-aws-de-fra-1.doctolib.de:8443 [403] [GET] [text/html] [] [cloudflare] [vhost] [cloudflare] [Cloudflare,Cloudflare Bot Management] [948f35488fb2d6befe06a8ad416534c0]
https://api-dev-aws-fr-par-1.doctolib.de:2083 [403] [GET] [text/html] [] [cloudflare] [vhost] [cloudflare] [Cloudflare,Cloudflare Bot Management] [fbb141b0ca5db37bdbf05201b6e5962c]
https://api-dev-aws-fr-par-1.doctolib.de:2087 [403] [GET] [text/html] [] [cloudflare] [vhost] [cloudflare] [Cloudflare,Cloudflare Bot Management] [6323265351f127353fec277e3c02b30d]
https://api-dev-aws-fr-par-1.doctolib.de [403] [GET] [text/html] [] [cloudflare] [vhost] [cloudflare] [Cloudflare,Cloudflare Bot Management] [20d61f1dbfdfc0ca268f4f3c4319e0a2]
https://api-dev-aws-fr-par-1.doctolib.de [403] [GET] [text/html] [] [cloudflare] [vhost] [cloudflare] [Cloudflare,Cloudflare Bot Management] [59b1d7b59f3e60c456752147f48f180d]
https://api-dev-aws-fr-par-1.doctolib.de:8443 [403] [GET] [text/html] [] [cloudflare] [vhost] [cloudflare] [Cloudflare,Cloudflare Bot Management] [23b6dce2643f0cf79f700f0e50fe543f]
https://api-dev.doctolib.de:2083 [403] [GET] [text/html] [] [cloudflare] [vhost] [cloudflare] [Cloudflare,Cloudflare Bot Management] [050b23590453ea1902b10344935af72e]
https://api-dev.doctolib.de:2087 [403] [GET] [text/html] [] [cloudflare] [vhost] [cloudflare] [Cloudflare,Cloudflare Bot Management] [ef54637ef2ca703300ac7548521b0e95]
https://api-dev.doctolib.de [403] [GET] [text/html] [] [cloudflare] [vhost] [cloudflare] [Cloudflare,Cloudflare Bot Management] [07eb9093df4e197dd7fa8b83c447af37]
https://api-dev.doctolib.de [403] [GET] [text/html] [] [cloudflare] [vhost] [cloudflare] [Cloudflare,Cloudflare Bot Management] [7911268075f2d7f7a56af80a0a1bcc80]
https://api-dev.doctolib.de:8443 [403] [GET] [text/html] [] [cloudflare] [vhost] [cloudflare] [Cloudflare,Cloudflare Bot Management] [aa736a94f5f77bfc21e7828acdd7a20c]
https://api.doctolib.de [403] [GET] [text/html] [] [cloudflare] [vhost] [cloudflare] [Cloudflare,Cloudflare Bot Management] [89ef4034d2b15d61c0186eaf4f17ffa3]
https://api.doctolib.de [403] [GET] [text/html] [] [cloudflare] [vhost] [cloudflare] [Cloudflare,Cloudflare Bot Management] [e27d090f2cd9988a04f531984b983159]
https://api-interf.doctolib.de [403] [GET] [text/html] [] [cloudflare] [vhost] [cloudflare] [Cloudflare,Cloudflare Bot Management] [685327f590c9596d916ea3df3951d7c9]
https://api-interf.doctolib.de [403] [GET] [text/html] [] [cloudflare] [vhost] [cloudflare] [Cloudflare,Cloudflare Bot Management] [8da47a81fb70996df53316d9eff75c2d]
https://api-prd-aws-de-fra-1.doctolib.de:2083 [403] [GET] [text/html] [] [cloudflare] [vhost] [cloudflare] [Cloudflare,Cloudflare Bot Management] [93cb8b0498dfe406c7e0c9a0269b88db]
https://api-prd-aws-de-fra-1.doctolib.de:2087 [403] [GET] [text/html] [] [cloudflare] [vhost] [cloudflare] [Cloudflare,Cloudflare Bot Management] [84008bd8e39a2150eb539a5b7c6df544]
https://api-prd-aws-de-fra-1.doctolib.de [403] [GET] [text/html] [] [cloudflare] [vhost] [cloudflare] [Cloudflare,Cloudflare Bot Management] [5c8c8960451c265484edf15518032d12]
https://api-prd-aws-de-fra-1.doctolib.de [403] [GET] [text/html] [] [cloudflare] [vhost] [cloudflare] [Cloudflare,Cloudflare Bot Management] [73a069a9fea4d6a68e6f8869f288586a]
https://api-prd-aws-de-fra-1.doctolib.de:8443 [403] [GET] [text/html] [] [cloudflare] [vhost] [cloudflare] [Cloudflare,Cloudflare Bot Management] [45fe6b2e221e74563396a2c8578f3ae3]
https://api-prd-aws-fr-par-1.doctolib.de:2083 [403] [GET] [text/html] [] [cloudflare] [vhost] [cloudflare] [Cloudflare,Cloudflare Bot Management] [cc0e86da90a19cd57bce4d9012eff64a]
https://api-prd-aws-fr-par-1.doctolib.de:2087 [403] [GET] [text/html] [] [cloudflare] [vhost] [cloudflare] [Cloudflare,Cloudflare Bot Management] [6b3f194b1361b2582b15020e32795064]
https://api-prd-aws-fr-par-1.doctolib.de [403] [GET] [text/html] [] [cloudflare] [vhost] [cloudflare] [Cloudflare,Cloudflare Bot Management] [34a162fadedf426962f14b340b0913f7]
https://api-prd-aws-fr-par-1.doctolib.de [403] [GET] [text/html] [] [cloudflare] [vhost] [cloudflare] [Cloudflare,Cloudflare Bot Management] [3881bc5f177c61993ef2fb46fb05fabd]
https://api-prd-aws-fr-par-1.doctolib.de:8443 [403] [GET] [text/html] [] [cloudflare] [vhost] [cloudflare] [Cloudflare,Cloudflare Bot Management] [657a72518815d7b88e7070844f60f9e2]
https://api-staging-aws-fr-par-1.doctolib.de:2083 [403] [GET] [text/html] [] [cloudflare] [vhost] [cloudflare] [Cloudflare,Cloudflare Bot Management] [8bcf52e874d22aceb758a59297870cfa]
https://api-staging-aws-fr-par-1.doctolib.de:2087 [403] [GET] [text/html] [] [cloudflare] [vhost] [cloudflare] [Cloudflare,Cloudflare Bot Management] [4033f785427e551d938320b6647bdaa6]
https://api-staging-aws-fr-par-1.doctolib.de [403] [GET] [text/html] [] [cloudflare] [vhost] [cloudflare] [Cloudflare,Cloudflare Bot Management] [bb03fce54c427e50b9a0d86346f33a78]
https://api-staging-aws-fr-par-1.doctolib.de [403] [GET] [text/html] [] [cloudflare] [vhost] [cloudflare] [Cloudflare,Cloudflare Bot Management] [d92b93eb03d8a36498ca51bfe5cd4415]
https://api-staging-aws-fr-par-1.doctolib.de:8443 [403] [GET] [text/html] [] [cloudflare] [vhost] [cloudflare] [Cloudflare,Cloudflare Bot Management] [f4c4bf28fabf17d0bbe8842afbbd10d8]
https://api-staging.doctolib.de [403] [GET] [text/html] [] [cloudflare] [vhost] [cloudflare] [Cloudflare,Cloudflare Bot Management] [5cb04358a5769e2d17ea95f0f515b01b]
https://api-staging.doctolib.de [403] [GET] [text/html] [] [cloudflare] [vhost] [cloudflare] [Cloudflare,Cloudflare Bot Management] [992ceb78efabaff5aa4c34bf821a203f]
https://a-prd-aws-de-fra-1.doctolib.de:2083 [403] [GET] [text/html] [] [cloudflare] [vhost] [cloudflare] [Cloudflare,Cloudflare Bot Management] [0b79be5f9803ac72aa9f9acb3357b851]
https://a-prd-aws-de-fra-1.doctolib.de:2087 [403] [GET] [text/html] [] [cloudflare] [vhost] [cloudflare] [Cloudflare,Cloudflare Bot Management] [c60b2e28edb24f73becf4f63a1c67c75]
https://a-prd-aws-de-fra-1.doctolib.de [403] [GET] [text/html] [] [cloudflare] [vhost] [cloudflare] [Cloudflare,Cloudflare Bot Management] [7fa97b466bb1529e1f100b4f294bbd33]
https://a-prd-aws-de-fra-1.doctolib.de [403] [GET] [text/html] [] [cloudflare] [vhost] [cloudflare] [Cloudflare,Cloudflare Bot Management] [dfaba9785e1606de4134094dc2269829]
https://a-prd-aws-de-fra-1.doctolib.de:8443 [403] [GET] [text/html] [] [cloudflare] [vhost] [cloudflare] [Cloudflare,Cloudflare Bot Management] [062b8a22d4f1ec239f63fdbb9d2c774f]
https://a-prd-aws-fr-par-1.doctolib.de:2083 [403] [GET] [text/html] [] [cloudflare] [vhost] [cloudflare] [Cloudflare,Cloudflare Bot Management] [b6d83160ace966e383bfbc3b89b72249]
https://a-prd-aws-fr-par-1.doctolib.de:2087 [403] [GET] [text/html] [] [cloudflare] [vhost] [cloudflare] [Cloudflare,Cloudflare Bot Management] [fee9911b4056e8a0557671d21a5659ae]
https://a-prd-aws-fr-par-1.doctolib.de [403] [GET] [text/html] [] [cloudflare] [vhost] [cloudflare] [Cloudflare,Cloudflare Bot Management] [64c07794fd763131ea5681f6f03140bd]
https://a-prd-aws-fr-par-1.doctolib.de [403] [GET] [text/html] [] [cloudflare] [vhost] [cloudflare] [Cloudflare,Cloudflare Bot Management] [f548aa4f49eba8e1407477be85496cb8]
https://a-prd-aws-fr-par-1.doctolib.de:8443 [403] [GET] [text/html] [] [cloudflare] [vhost] [cloudflare] [Cloudflare,Cloudflare Bot Management] [379e88db91c784ecbff40370059bc62c]
https://assets-dev-aws-de-fra-1.doctolib.de:2083 [403] [GET] [text/html] [] [cloudflare] [vhost] [cloudflare] [Cloudflare,Cloudflare Bot Management] [3b4c0baa1629a4f39e5120140176c373]
https://assets-dev-aws-de-fra-1.doctolib.de:2087 [403] [GET] [text/html] [] [cloudflare] [vhost] [cloudflare] [Cloudflare,Cloudflare Bot Management] [fb4c795118437167888870b5e583279b]
https://assets-dev-aws-de-fra-1.doctolib.de [403] [GET] [text/html] [] [cloudflare] [vhost] [cloudflare] [Cloudflare,Cloudflare Bot Management] [45da7cbfe3c5049c18cd0da05fb5bafd]
https://assets-dev-aws-de-fra-1.doctolib.de [403] [GET] [text/html] [] [cloudflare] [vhost] [cloudflare] [Cloudflare,Cloudflare Bot Management] [b9567b1540b188a4014c02ecf34b96ca]
https://assets-dev-aws-de-fra-1.doctolib.de:8443 [403] [GET] [text/html] [] [cloudflare] [vhost] [cloudflare] [Cloudflare,Cloudflare Bot Management] [ed2ac37092988568de30547c3d08be94]
https://assets-dev-aws-fr-par-1.doctolib.de:2083 [403] [GET] [text/html] [] [cloudflare] [vhost] [cloudflare] [Cloudflare,Cloudflare Bot Management] [6fcfae385d92bd7a8949133b140e1164]
https://assets-dev-aws-fr-par-1.doctolib.de:2087 [403] [GET] [text/html] [] [cloudflare] [vhost] [cloudflare] [Cloudflare,Cloudflare Bot Management] [158b7c66d395672a808f7602a0805f3a]
https://assets-dev-aws-fr-par-1.doctolib.de [403] [GET] [text/html] [] [cloudflare] [vhost] [cloudflare] [Cloudflare,Cloudflare Bot Management] [29d85a44cb316df78f4f770bf5f59953]
https://assets-dev-aws-fr-par-1.doctolib.de [403] [GET] [text/html] [] [cloudflare] [vhost] [cloudflare] [Cloudflare,Cloudflare Bot Management] [2c45cd7500acf16a0166c9e2999ccdbf]
https://assets-dev-aws-fr-par-1.doctolib.de:8443 [403] [GET] [text/html] [] [cloudflare] [vhost] [cloudflare] [Cloudflare,Cloudflare Bot Management] [5223b4795cba8f800df1c718a5b24d81]
https://assets-dev.doctolib.de:2083 [403] [GET] [text/html] [] [cloudflare] [vhost] [cloudflare] [Cloudflare,Cloudflare Bot Management] [971f9cde752f6b42af410f32dc12670f]
https://assets-dev.doctolib.de:2087 [403] [GET] [text/html] [] [cloudflare] [vhost] [cloudflare] [Cloudflare,Cloudflare Bot Management] [b5d0aa891773dcb8ecc619604539c3aa]
https://assets-dev.doctolib.de:2096 [403] [GET] [text/html] [] [cloudflare] [vhost] [cloudflare] [Cloudflare,Cloudflare Bot Management] [8c551b8077e1869e223563796abacab3]
https://assets-dev.doctolib.de [403] [GET] [text/html] [] [cloudflare] [vhost] [cloudflare] [Cloudflare,Cloudflare Bot Management] [25719d1ce7f3b21dde094d55bdbd5d2d]
https://assets-dev.doctolib.de [403] [GET] [text/html] [] [cloudflare] [vhost] [cloudflare] [Cloudflare,Cloudflare Bot Management] [e2edcb74584b240f627238efff011a3c]
https://assets-dev.doctolib.de:8443 [403] [GET] [text/html] [] [cloudflare] [vhost] [cloudflare] [Cloudflare,Cloudflare Bot Management] [f9fdd74b3e4fe787368df6e905cb47bc]
https://assets.doctolib.de [403] [GET] [text/html] [] [cloudflare] [vhost] [cloudflare] [Cloudflare,Cloudflare Bot Management] [34f64864158ec8459b8e5c63ddbdf3ca]
https://assets.doctolib.de [403] [GET] [text/html] [] [cloudflare] [vhost] [cloudflare] [Cloudflare,Cloudflare Bot Management] [63848465c720889bd1b03b8180fd3fd8]
https://assets-interf.doctolib.de [403] [GET] [text/html] [] [cloudflare] [vhost] [cloudflare] [Cloudflare,Cloudflare Bot Management] [7e4dc7261b08c98f75754de0ad28b00a]
https://assets-interf.doctolib.de [403] [GET] [text/html] [] [cloudflare] [vhost] [cloudflare] [Cloudflare,Cloudflare Bot Management] [c9b8fde16bbe788304d0a18d2791a651]
https://assets-prd-aws-de-fra-1.doctolib.de:2083 [403] [GET] [text/html] [] [cloudflare] [vhost] [cloudflare] [Cloudflare,Cloudflare Bot Management] [361b595ca07323fc5c49aed7d4e75bc2]
https://assets-prd-aws-de-fra-1.doctolib.de:2087 [403] [GET] [text/html] [] [cloudflare] [vhost] [cloudflare] [Cloudflare,Cloudflare Bot Management] [4832615a2de979103bd7b6a64be6c7a3]
https://assets-prd-aws-de-fra-1.doctolib.de [403] [GET] [text/html] [] [cloudflare] [vhost] [cloudflare] [Cloudflare,Cloudflare Bot Management] [2195747bd72800549e5953c704b430df]
https://assets-prd-aws-de-fra-1.doctolib.de [403] [GET] [text/html] [] [cloudflare] [vhost] [cloudflare] [Cloudflare,Cloudflare Bot Management] [29b2c0223620b1c1cff8d2c58f26b881]
https://assets-prd-aws-de-fra-1.doctolib.de:8443 [403] [GET] [text/html] [] [cloudflare] [vhost] [cloudflare] [Cloudflare,Cloudflare Bot Management] [aad64df01e5d476476b2d1ff2a12f9d6]
https://assets-prd-aws-fr-par-1.doctolib.de:2083 [403] [GET] [text/html] [] [cloudflare] [vhost] [cloudflare] [Cloudflare,Cloudflare Bot Management] [85282719c93c05ba50d865ffb4969212]
https://assets-prd-aws-fr-par-1.doctolib.de:2087 [403] [GET] [text/html] [] [cloudflare] [vhost] [cloudflare] [Cloudflare,Cloudflare Bot Management] [831e37b4695d97d6462c7fc08d96670f]
https://assets-prd-aws-fr-par-1.doctolib.de [403] [GET] [text/html] [] [cloudflare] [vhost] [cloudflare] [Cloudflare,Cloudflare Bot Management] [4607603bd188d46ae02af8b52e6ebbfd]
https://assets-prd-aws-fr-par-1.doctolib.de [403] [GET] [text/html] [] [cloudflare] [vhost] [cloudflare] [Cloudflare,Cloudflare Bot Management] [754d2877de3ab5cdd64844c24d0d368f]
https://assets-prd-aws-fr-par-1.doctolib.de:8443 [403] [GET] [text/html] [] [cloudflare] [vhost] [cloudflare] [Cloudflare,Cloudflare Bot Management] [05e7cc688deabd554853e596c467f35e]
https://assets-staging-aws-fr-par-1.doctolib.de:2083 [403] [GET] [text/html] [] [cloudflare] [vhost] [cloudflare] [Cloudflare,Cloudflare Bot Management] [cad267fd6392bedfbfd7be8991431bc6]
https://assets-staging-aws-fr-par-1.doctolib.de:2087 [403] [GET] [text/html] [] [cloudflare] [vhost] [cloudflare] [Cloudflare,Cloudflare Bot Management] [99a2616993cd2df71593c108b10f209d]
https://assets-staging-aws-fr-par-1.doctolib.de [403] [GET] [text/html] [] [cloudflare] [vhost] [cloudflare] [Cloudflare,Cloudflare Bot Management] [d7f9ba36f4dd3461eec468c8b46db14c]
https://assets-staging-aws-fr-par-1.doctolib.de [403] [GET] [text/html] [] [cloudflare] [vhost] [cloudflare] [Cloudflare,Cloudflare Bot Management] [e729ea809a12b11d3605b2917b88ad19]
https://assets-staging-aws-fr-par-1.doctolib.de:8443 [403] [GET] [text/html] [] [cloudflare] [vhost] [cloudflare] [Cloudflare,Cloudflare Bot Management] [e5b1cb756f26a3d70a00f0102763b359]
https://assets-staging.doctolib.de [403] [GET] [text/html] [] [cloudflare] [vhost] [cloudflare] [Cloudflare,Cloudflare Bot Management] [2c75672623e37fc30e3276052f317f6d]
https://assets-staging.doctolib.de [403] [GET] [text/html] [] [cloudflare] [vhost] [cloudflare] [Cloudflare,Cloudflare Bot Management] [b6752a99c83fa05f907141571d8ee7f3]
https://a-staging-aws-fr-par-1.doctolib.de:2083 [403] [GET] [text/html] [] [cloudflare] [vhost] [cloudflare] [Cloudflare,Cloudflare Bot Management] [d3b99abd6db533a3040378de9e6fe815]
https://a-staging-aws-fr-par-1.doctolib.de:2087 [403] [GET] [text/html] [] [cloudflare] [vhost] [cloudflare] [Cloudflare,Cloudflare Bot Management] [e8ace9d3eb6e212f56216d803d3a62bf]
https://a-staging-aws-fr-par-1.doctolib.de [403] [GET] [text/html] [] [cloudflare] [vhost] [cloudflare] [Cloudflare,Cloudflare Bot Management] [84fae64f2163d83272f2ee431feae0d3]
https://a-staging-aws-fr-par-1.doctolib.de [403] [GET] [text/html] [] [cloudflare] [vhost] [cloudflare] [Cloudflare,Cloudflare Bot Management] [c79cad4ddca02fea63a24f78bd304b15]
https://a-staging-aws-fr-par-1.doctolib.de:8443 [403] [GET] [text/html] [] [cloudflare] [vhost] [cloudflare] [Cloudflare,Cloudflare Bot Management] [50ec7295d09650ad153742895b748f5d]
https://a-staging.doctolib.de [403] [GET] [text/html] [] [cloudflare] [vhost] [cloudflare] [Cloudflare,Cloudflare Bot Management] [81b5998906dc6535874aadf5cd169ccb]
https://a-staging.doctolib.de [403] [GET] [text/html] [] [cloudflare] [vhost] [cloudflare] [Cloudflare,Cloudflare Bot Management] [b560d1430986902b798f1220459b33b8]
https://careers.doctolib.de [403] [GET] [text/html] [] [cloudflare] [vhost] [cloudflare] [Cloudflare,Cloudflare Bot Management] [2a4c5f9b2a5240265b79af38a5d8f241]
https://careers.doctolib.de [403] [GET] [text/html] [] [cloudflare] [vhost] [cloudflare] [Cloudflare,Cloudflare Bot Management] [9216f8a1c47abf05ccee554f5bb051f6]
https://careers-staging.doctolib.de [403] [GET] [text/html] [] [cloudflare] [vhost] [cloudflare] [Cloudflare,Cloudflare Bot Management] [893148e1f7ba427a49134dd7f5774df1]
https://careers-staging.doctolib.de [403] [GET] [text/html] [] [cloudflare] [vhost] [cloudflare] [Cloudflare,Cloudflare Bot Management] [b8837d61407c8b0543d2e9cda5bdd4a4]
https://connectors.doctolib.de [403] [GET] [text/html] [] [cloudflare] [vhost] [cloudflare] [Cloudflare,Cloudflare Bot Management] [5e554663b7850a3b0fc3637a699429b1]
https://connectors.doctolib.de [403] [GET] [text/html] [] [cloudflare] [vhost] [cloudflare] [Cloudflare,Cloudflare Bot Management] [acbfc28709611541f039e6cdac363831]
https://doctolib.de [301] [GET] [] [] [cloudflare] [vhost] [cloudflare] [Cloudflare,Cloudflare Bot Management] [d41d8cd98f00b204e9800998ecf8427e]
https://events-logs.doctolib.de [403] [GET] [text/html] [] [cloudflare] [vhost] [cloudflare] [Cloudflare,Cloudflare Bot Management] [2b8eb99e8417188d51979f61b123279d]
https://events-logs.doctolib.de [403] [GET] [text/html] [] [cloudflare] [vhost] [cloudflare] [Cloudflare,Cloudflare Bot Management] [89d8cac805673f4bf3695aa3c0a3aa31]
https://events-logs-staging.doctolib.de [403] [GET] [text/html] [] [cloudflare] [vhost] [cloudflare] [Cloudflare,Cloudflare Bot Management] [352d1b933fc4e15e8e9ee7660f6ddf3f]
https://events-logs-staging.doctolib.de [403] [GET] [text/html] [] [cloudflare] [vhost] [cloudflare] [Cloudflare,Cloudflare Bot Management] [3e88656fa3abda50130ad1f705742bb4]
https://exceptions.doctolib.de [403] [GET] [text/html] [] [cloudflare] [vhost] [cloudflare] [Cloudflare,Cloudflare Bot Management] [0e894a5983e812110084b19aee83fb36]
https://exceptions.doctolib.de [403] [GET] [text/plain] [] [cloudflare] [vhost] [cloudflare] [Cloudflare,Cloudflare Bot Management] [7b5ea53ba332630e5aca8e4abb807f70]
https://exceptions-interf.doctolib.de [403] [GET] [text/html] [] [cloudflare] [vhost] [cloudflare] [Cloudflare,Cloudflare Bot Management] [3e2e90b459b20546cb6d450012d7aa0a]
https://exceptions-interf.doctolib.de [403] [GET] [text/html] [] [cloudflare] [vhost] [cloudflare] [Cloudflare,Cloudflare Bot Management] [eb62885ff8734db6ff87d0cdb45306e2]
https://exceptions-staging.doctolib.de [403] [GET] [text/html] [] [cloudflare] [vhost] [cloudflare] [Cloudflare,Cloudflare Bot Management] [110bc76f3754ce6094a0d2b11cc10131]
https://exceptions-staging.doctolib.de [403] [GET] [text/html] [] [cloudflare] [vhost] [cloudflare] [Cloudflare,Cloudflare Bot Management] [b37b9c7dc8eb5a60b00e0d3a909a35a4]
https://fm.doctolib.de [200] [GET] [text/html] [You received emails from this domain, didn't you?] [nginx] [Nginx,Webflow] [c0666cde79e5426946974302fe3307c3]
https://info.doctolib.de [403] [GET] [text/html] [] [cloudflare] [vhost] [cloudflare] [Cloudflare,Cloudflare Bot Management] [23aceec0fea4a967cb03021946316c49]
https://info.doctolib.de [403] [GET] [text/html] [] [cloudflare] [vhost] [cloudflare] [Cloudflare,Cloudflare Bot Management] [f517c8aab982c130da3080efab9180a7]
https://info-staging.doctolib.de [403] [GET] [text/html] [] [cloudflare] [vhost] [cloudflare] [Cloudflare,Cloudflare Bot Management] [b456dd2bdfa6f9a72a38957416ec0ef5]
https://info-staging.doctolib.de [403] [GET] [text/html] [] [cloudflare] [vhost] [cloudflare] [Cloudflare,Cloudflare Bot Management] [faec37ebdec0dab27d521e308312b4ac]
https://m-dev-aws-de-fra-1.doctolib.de:2083 [403] [GET] [text/html] [] [cloudflare] [vhost] [cloudflare] [Cloudflare,Cloudflare Bot Management] [4132ad28158ea6d1b111c6dec0cf257c]
https://m-dev-aws-de-fra-1.doctolib.de:2087 [403] [GET] [text/html] [] [cloudflare] [vhost] [cloudflare] [Cloudflare,Cloudflare Bot Management] [df6405d867efae54541321f26414c35c]
https://m-dev-aws-de-fra-1.doctolib.de [403] [GET] [text/html] [] [cloudflare] [vhost] [cloudflare] [Cloudflare,Cloudflare Bot Management] [580d2cfecaf5d87f2c8551434442e77d]
https://m-dev-aws-de-fra-1.doctolib.de [403] [GET] [text/html] [] [cloudflare] [vhost] [cloudflare] [Cloudflare,Cloudflare Bot Management] [b9f896033896c966330da8af2b6a63f4]
https://m-dev-aws-de-fra-1.doctolib.de:8443 [403] [GET] [text/html] [] [cloudflare] [vhost] [cloudflare] [Cloudflare,Cloudflare Bot Management] [c00872302f6ac7fd532df0b4d82ec67f]
https://m-dev-aws-fr-par-1.doctolib.de:2083 [403] [GET] [text/html] [] [cloudflare] [vhost] [cloudflare] [Cloudflare,Cloudflare Bot Management] [a07a7900baccd75004b427aa1a233f99]
https://m-dev-aws-fr-par-1.doctolib.de:2087 [403] [GET] [text/html] [] [cloudflare] [vhost] [cloudflare] [Cloudflare,Cloudflare Bot Management] [f426537ccee5070ff227d7830050ad8c]
https://m-dev-aws-fr-par-1.doctolib.de [403] [GET] [text/html] [] [cloudflare] [vhost] [cloudflare] [Cloudflare,Cloudflare Bot Management] [dd2ee1cbc8d6fa1d16dccbabe810eb4f]
https://m-dev-aws-fr-par-1.doctolib.de [403] [GET] [text/html] [] [cloudflare] [vhost] [cloudflare] [Cloudflare,Cloudflare Bot Management] [dd5420d9de92624012da56a3ba07820a]
https://m-dev-aws-fr-par-1.doctolib.de:8443 [403] [GET] [text/html] [] [cloudflare] [vhost] [cloudflare] [Cloudflare,Cloudflare Bot Management] [a0d03bff4be1ab3b4ec941f8517f0f3e]
https://m-dev.doctolib.de:2083 [403] [GET] [text/html] [] [cloudflare] [vhost] [cloudflare] [Cloudflare,Cloudflare Bot Management] [76353fbe7612146d69cf3222fbccb2dd]
https://m-dev.doctolib.de:2087 [403] [GET] [text/html] [] [cloudflare] [vhost] [cloudflare] [Cloudflare,Cloudflare Bot Management] [46daa45b35a7ebffec7b2a88b549031f]
https://m-dev.doctolib.de:2096 [403] [GET] [text/html] [] [cloudflare] [vhost] [cloudflare] [Cloudflare,Cloudflare Bot Management] [7860e747429042c60e2bbdbe7d014349]
https://m-dev.doctolib.de [403] [GET] [text/html] [] [cloudflare] [vhost] [cloudflare] [Cloudflare,Cloudflare Bot Management] [9c20d17a160d2cbbec7f34ea11e60ac0]
https://m-dev.doctolib.de [403] [GET] [text/html] [] [cloudflare] [vhost] [cloudflare] [Cloudflare,Cloudflare Bot Management] [b8e02d3e7f87228b505a4884f7f3951c]
https://m-dev.doctolib.de:8443 [403] [GET] [text/html] [] [cloudflare] [vhost] [cloudflare] [Cloudflare,Cloudflare Bot Management] [2805e2a313be5e8c4b09927ab91b46cb]
https://m.doctolib.de [403] [GET] [text/html] [] [cloudflare] [vhost] [cloudflare] [Cloudflare,Cloudflare Bot Management] [b8fa6003e6bf9dfb89db7aa24db612f7]
https://m.doctolib.de [403] [GET] [text/html] [] [cloudflare] [vhost] [cloudflare] [Cloudflare,Cloudflare Bot Management] [cb6c074caaa4200323d8f3ab85610224]
https://m-interf.doctolib.de [403] [GET] [text/html] [] [cloudflare] [vhost] [cloudflare] [Cloudflare,Cloudflare Bot Management] [3c0eea8734fcc93001cb29ccaffdf62d]
https://m-interf.doctolib.de [403] [GET] [text/html] [] [cloudflare] [vhost] [cloudflare] [Cloudflare,Cloudflare Bot Management] [e39352d204d344b80e604bd3e08ea7e1]
https://mj.doctolib.de [403] [GET] [text/html] [] [cloudflare] [vhost] [cloudflare] [Cloudflare,Cloudflare Bot Management] [2e8cc3b08edaf7d99ffdb3d18b37f6f5]
https://mj.doctolib.de [403] [GET] [text/html] [] [cloudflare] [vhost] [cloudflare] [Cloudflare,Cloudflare Bot Management] [60f5d27e870a370e5fed8db69dd515de]
https://mj-prd-aws-fr-par-1.doctolib.de:2083 [403] [GET] [text/html] [] [cloudflare] [vhost] [cloudflare] [Cloudflare,Cloudflare Bot Management] [ff2f36a7508277c895f3a677493702c9]
https://mj-prd-aws-fr-par-1.doctolib.de:2087 [403] [GET] [text/html] [] [cloudflare] [vhost] [cloudflare] [Cloudflare,Cloudflare Bot Management] [c7c740d28d3dc1bf0ecff2641a7ee37a]
https://mj-prd-aws-fr-par-1.doctolib.de [403] [GET] [text/html] [] [cloudflare] [vhost] [cloudflare] [Cloudflare,Cloudflare Bot Management] [870c549852fa585d72f787b4f7b94b16]
https://mj-prd-aws-fr-par-1.doctolib.de [403] [GET] [text/html] [] [cloudflare] [vhost] [cloudflare] [Cloudflare,Cloudflare Bot Management] [accba56d06bb0050b45bd192687b6f4f]
https://mj-prd-aws-fr-par-1.doctolib.de:8443 [403] [GET] [text/html] [] [cloudflare] [vhost] [cloudflare] [Cloudflare,Cloudflare Bot Management] [c3c31ad39eee986a75516c9e56be40e1]
https://mj-staging.doctolib.de [403] [GET] [text/html] [] [cloudflare] [vhost] [cloudflare] [Cloudflare,Cloudflare Bot Management] [357617c7d536c7c11f49d6f605738f90]
https://mj-staging.doctolib.de [403] [GET] [text/html] [] [cloudflare] [vhost] [cloudflare] [Cloudflare,Cloudflare Bot Management] [3cebc39c7fd2ea3847eb0092d09856db]
https://m-prd-aws-de-fra-1.doctolib.de:2083 [403] [GET] [text/html] [] [cloudflare] [vhost] [cloudflare] [Cloudflare,Cloudflare Bot Management] [ce00755c92187b7510b30c153b70b4ac]
https://m-prd-aws-de-fra-1.doctolib.de:2087 [403] [GET] [text/html] [] [cloudflare] [vhost] [cloudflare] [Cloudflare,Cloudflare Bot Management] [e4965f0fda6602fce82145bf76aad8c6]
https://m-prd-aws-de-fra-1.doctolib.de [403] [GET] [text/html] [] [cloudflare] [vhost] [cloudflare] [Cloudflare,Cloudflare Bot Management] [644492e4d2d75f8d03eaa5e68b040b65]
https://m-prd-aws-de-fra-1.doctolib.de [403] [GET] [text/html] [] [cloudflare] [vhost] [cloudflare] [Cloudflare,Cloudflare Bot Management] [a250e5c544d07fba41e73c414a1d1b98]
https://m-prd-aws-de-fra-1.doctolib.de:8443 [403] [GET] [text/html] [] [cloudflare] [vhost] [cloudflare] [Cloudflare,Cloudflare Bot Management] [a00a3cf6b3be1d43f0c46ff1e7397fb1]
https://m-prd-aws-fr-par-1.doctolib.de:2083 [403] [GET] [text/html] [] [cloudflare] [vhost] [cloudflare] [Cloudflare,Cloudflare Bot Management] [e4448e4d6433b8414e5a7d210f04c4e2]
https://m-prd-aws-fr-par-1.doctolib.de:2087 [403] [GET] [text/html] [] [cloudflare] [vhost] [cloudflare] [Cloudflare,Cloudflare Bot Management] [d4502c1e09ec183e4ba6e874e569b72b]
https://m-prd-aws-fr-par-1.doctolib.de [403] [GET] [text/html] [] [cloudflare] [vhost] [cloudflare] [Cloudflare,Cloudflare Bot Management] [aa954af58f8d5665951a46c86f0e235e]
https://m-prd-aws-fr-par-1.doctolib.de [403] [GET] [text/html] [] [cloudflare] [vhost] [cloudflare] [Cloudflare,Cloudflare Bot Management] [bf37079a4a005adaa568584c443acc46]
https://m-prd-aws-fr-par-1.doctolib.de:8443 [403] [GET] [text/html] [] [cloudflare] [vhost] [cloudflare] [Cloudflare,Cloudflare Bot Management] [f8fe998f25d6dc94d288e33960ea5c1a]
https://m-staging-aws-fr-par-1.doctolib.de:2083 [403] [GET] [text/html] [] [cloudflare] [vhost] [cloudflare] [Cloudflare,Cloudflare Bot Management] [54c26bc90f3f43f15af5fb00e34855b0]
https://m-staging-aws-fr-par-1.doctolib.de:2087 [403] [GET] [text/html] [] [cloudflare] [vhost] [cloudflare] [Cloudflare,Cloudflare Bot Management] [de6ecadbfb4729a6b844f01b59a0cf0c]
https://m-staging-aws-fr-par-1.doctolib.de [403] [GET] [text/html] [] [cloudflare] [vhost] [cloudflare] [Cloudflare,Cloudflare Bot Management] [9e8d87931b3e8b014e32700721e872d4]
https://m-staging-aws-fr-par-1.doctolib.de [403] [GET] [text/plain] [] [cloudflare] [vhost] [cloudflare] [Cloudflare,Cloudflare Bot Management] [7b5ea53ba332630e5aca8e4abb807f70]
https://m-staging-aws-fr-par-1.doctolib.de:8443 [403] [GET] [text/html] [] [cloudflare] [vhost] [cloudflare] [Cloudflare,Cloudflare Bot Management] [44a4e5d5165fe2605b43c7bd2d6f4785]
https://m-staging.doctolib.de [403] [GET] [text/html] [] [cloudflare] [vhost] [cloudflare] [Cloudflare,Cloudflare Bot Management] [a4621511af303ce6282e2355b5d58c30]
https://m-staging.doctolib.de [403] [GET] [text/html] [] [cloudflare] [vhost] [cloudflare] [Cloudflare,Cloudflare Bot Management] [ada59fc8befb9dc124cf3f88ba3868bc]
https://mta-sts.doctolib.de:2083 [403] [GET] [text/html] [] [cloudflare] [vhost] [cloudflare] [Cloudflare,Cloudflare Bot Management] [55611b3f65c6fe5d45716587c826defa]
https://mta-sts.doctolib.de:2087 [403] [GET] [text/html] [] [cloudflare] [vhost] [cloudflare] [Cloudflare,Cloudflare Bot Management] [b8dc688a2a24da452474d94c08025c93]
https://mta-sts.doctolib.de [403] [GET] [text/html] [] [cloudflare] [vhost] [cloudflare] [Cloudflare,Cloudflare Bot Management] [099ece378c704261b2d4e1e0cfea6af3]
https://mta-sts.doctolib.de [403] [GET] [text/html] [] [cloudflare] [vhost] [cloudflare] [Cloudflare,Cloudflare Bot Management] [d58b350abde5fc3ed2c54197dadbe48e]
https://mta-sts.doctolib.de:8443 [403] [GET] [text/html] [] [cloudflare] [vhost] [cloudflare] [Cloudflare,Cloudflare Bot Management] [09259851e15bd46f4a1b58b086dd1d5e]
https://partners-dev-aws-de-fra-1.doctolib.de:2083 [403] [GET] [text/html] [] [cloudflare] [vhost] [cloudflare] [Cloudflare,Cloudflare Bot Management] [cafb6cf9027da5d530494591abbc44b5]
https://partners-dev-aws-de-fra-1.doctolib.de:2087 [403] [GET] [text/html] [] [cloudflare] [vhost] [cloudflare] [Cloudflare,Cloudflare Bot Management] [c873ec884011e6d9923846a60cef488a]
https://partners-dev-aws-de-fra-1.doctolib.de [403] [GET] [text/html] [] [cloudflare] [vhost] [cloudflare] [Cloudflare,Cloudflare Bot Management] [c4afe86641261d8ce612a07502ca9b81]
https://partners-dev-aws-de-fra-1.doctolib.de [403] [GET] [text/html] [] [cloudflare] [vhost] [cloudflare] [Cloudflare,Cloudflare Bot Management] [d6e353c1b143181cc688456273bb8378]
https://partners-dev-aws-de-fra-1.doctolib.de:8443 [403] [GET] [text/html] [] [cloudflare] [vhost] [cloudflare] [Cloudflare,Cloudflare Bot Management] [c8305be0badee196b42407ac8bdaf69f]
https://partners-dev-aws-fr-par-1.doctolib.de:2083 [403] [GET] [text/html] [] [cloudflare] [vhost] [cloudflare] [Cloudflare,Cloudflare Bot Management] [d7bb000bbb8bec2e421b0985e6867c5d]
https://partners-dev-aws-fr-par-1.doctolib.de:2087 [403] [GET] [text/html] [] [cloudflare] [vhost] [cloudflare] [Cloudflare,Cloudflare Bot Management] [a973cbcdeb367d11f442171918d0aecb]
https://partners-dev-aws-fr-par-1.doctolib.de [403] [GET] [text/html] [] [cloudflare] [vhost] [cloudflare] [Cloudflare,Cloudflare Bot Management] [53fa832c41ddf4eaaa9095bed76f5bc4]
https://partners-dev-aws-fr-par-1.doctolib.de [403] [GET] [text/html] [] [cloudflare] [vhost] [cloudflare] [Cloudflare,Cloudflare Bot Management] [a4897111b845506adc15ea7186d59f6c]
https://partners-dev-aws-fr-par-1.doctolib.de:8443 [403] [GET] [text/html] [] [cloudflare] [vhost] [cloudflare] [Cloudflare,Cloudflare Bot Management] [651d7277118425f169406bfa18f0fbb1]
https://partners-dev.doctolib.de:2083 [403] [GET] [text/html] [] [cloudflare] [vhost] [cloudflare] [Cloudflare,Cloudflare Bot Management] [54b3fd4d91746a13b59314474923f2a9]
https://partners-dev.doctolib.de:2087 [403] [GET] [text/html] [] [cloudflare] [vhost] [cloudflare] [Cloudflare,Cloudflare Bot Management] [a7de944573c318c535591c1daacff92e]
https://partners-dev.doctolib.de [403] [GET] [text/html] [] [cloudflare] [vhost] [cloudflare] [Cloudflare,Cloudflare Bot Management] [e4c01dfe3e2136915dce86cb844f851f]
https://partners-dev.doctolib.de [403] [GET] [text/html] [] [cloudflare] [vhost] [cloudflare] [Cloudflare,Cloudflare Bot Management] [f660134c4a3eb13cd7819efa78dace31]
https://partners-dev.doctolib.de:8443 [403] [GET] [text/html] [] [cloudflare] [vhost] [cloudflare] [Cloudflare,Cloudflare Bot Management] [361eb97e8b070132f8bd4e9ba1b73837]
https://partners.doctolib.de [403] [GET] [text/html] [] [cloudflare] [vhost] [cloudflare] [Cloudflare,Cloudflare Bot Management] [99871b00b3692841572616df2eda68e2]
https://partners.doctolib.de [403] [GET] [text/html] [] [cloudflare] [vhost] [cloudflare] [Cloudflare,Cloudflare Bot Management] [ab75732baccf30f4d694aaaf3e31d6c3]
https://partners-interf.doctolib.de [403] [GET] [text/html] [] [cloudflare] [vhost] [cloudflare] [Cloudflare,Cloudflare Bot Management] [4824d180b0a6229b92f72fc263f21b99]
https://partners-interf.doctolib.de [403] [GET] [text/html] [] [cloudflare] [vhost] [cloudflare] [Cloudflare,Cloudflare Bot Management] [57bac5bc1a187ba20e06eed1fcc6cfa4]
https://partners-prd-aws-de-fra-1.doctolib.de:2083 [403] [GET] [text/html] [] [cloudflare] [vhost] [cloudflare] [Cloudflare,Cloudflare Bot Management] [1f83889d8b568bca21ed1bbb49ce61ae]
https://partners-prd-aws-de-fra-1.doctolib.de:2087 [403] [GET] [text/html] [] [cloudflare] [vhost] [cloudflare] [Cloudflare,Cloudflare Bot Management] [2bd3b893f836f3fc33df96073f6729b5]
https://partners-prd-aws-de-fra-1.doctolib.de [403] [GET] [text/html] [] [cloudflare] [vhost] [cloudflare] [Cloudflare,Cloudflare Bot Management] [1268325a0761f40e499f18c1118f35c2]
https://partners-prd-aws-de-fra-1.doctolib.de [403] [GET] [text/html] [] [cloudflare] [vhost] [cloudflare] [Cloudflare,Cloudflare Bot Management] [b246a8c07ef134986debdad515b294f0]
https://partners-prd-aws-de-fra-1.doctolib.de:8443 [403] [GET] [text/html] [] [cloudflare] [vhost] [cloudflare] [Cloudflare,Cloudflare Bot Management] [02caa40639e53b884e9cea54deb16d99]
https://partners-prd-aws-fr-par-1.doctolib.de:2083 [403] [GET] [text/html] [] [cloudflare] [vhost] [cloudflare] [Cloudflare,Cloudflare Bot Management] [4171d9bf9ac97a7d7c2df170bc91c35c]
https://partners-prd-aws-fr-par-1.doctolib.de:2087 [403] [GET] [text/html] [] [cloudflare] [vhost] [cloudflare] [Cloudflare,Cloudflare Bot Management] [d32843c75629ececffbc68802e737084]
https://partners-prd-aws-fr-par-1.doctolib.de [403] [GET] [text/html] [] [cloudflare] [vhost] [cloudflare] [Cloudflare,Cloudflare Bot Management] [d553a4e8146a5f60a608d6b051940025]
https://partners-prd-aws-fr-par-1.doctolib.de [403] [GET] [text/html] [] [cloudflare] [vhost] [cloudflare] [Cloudflare,Cloudflare Bot Management] [e99dfb7517960fc3b5ccd6d6a7c621b1]
https://partners-prd-aws-fr-par-1.doctolib.de:8443 [403] [GET] [text/html] [] [cloudflare] [vhost] [cloudflare] [Cloudflare,Cloudflare Bot Management] [bb4cf5e6e7cf35c70f1a7fca3ad8ee89]
https://partners-staging-aws-fr-par-1.doctolib.de:2083 [403] [GET] [text/html] [] [cloudflare] [vhost] [cloudflare] [Cloudflare,Cloudflare Bot Management] [1139e434e1ef084c68bdad21d3fda759]
https://partners-staging-aws-fr-par-1.doctolib.de:2087 [403] [GET] [text/html] [] [cloudflare] [vhost] [cloudflare] [Cloudflare,Cloudflare Bot Management] [62bdf11f385ddaafb47d444fab9d2eb5]
https://partners-staging-aws-fr-par-1.doctolib.de [403] [GET] [text/html] [] [cloudflare] [vhost] [cloudflare] [Cloudflare,Cloudflare Bot Management] [3c11a4502da4991673a9a811c52f5862]
https://partners-staging-aws-fr-par-1.doctolib.de [403] [GET] [text/html] [] [cloudflare] [vhost] [cloudflare] [Cloudflare,Cloudflare Bot Management] [aaee472c16798c35630f67ca1cc46af5]
https://partners-staging-aws-fr-par-1.doctolib.de:8443 [403] [GET] [text/html] [] [cloudflare] [vhost] [cloudflare] [Cloudflare,Cloudflare Bot Management] [c84c0dbe6e81f426a742244f85e02982]
https://partners-staging.doctolib.de [403] [GET] [text/html] [] [cloudflare] [vhost] [cloudflare] [Cloudflare,Cloudflare Bot Management] [22063c0ef391ade77911b56943ad8837]
https://partners-staging.doctolib.de [403] [GET] [text/html] [] [cloudflare] [vhost] [cloudflare] [Cloudflare,Cloudflare Bot Management] [a332d3dc775931e082825d989fcc2cea]
https://pro-dev-aws-de-fra-1.doctolib.de:2083 [403] [GET] [text/html] [] [cloudflare] [vhost] [cloudflare] [Cloudflare,Cloudflare Bot Management] [c1fe738907640857e41cd7a0bb413918]
https://pro-dev-aws-de-fra-1.doctolib.de:2087 [403] [GET] [text/html] [] [cloudflare] [vhost] [cloudflare] [Cloudflare,Cloudflare Bot Management] [f9efec4c77cef6e3283126e411f84a8d]
https://pro-dev-aws-de-fra-1.doctolib.de [403] [GET] [text/html] [] [cloudflare] [vhost] [cloudflare] [Cloudflare,Cloudflare Bot Management] [5f835ab524e33beb6e5cb889faf1b9d2]
https://pro-dev-aws-de-fra-1.doctolib.de [403] [GET] [text/html] [] [cloudflare] [vhost] [cloudflare] [Cloudflare,Cloudflare Bot Management] [6c0eb8c2673eafd7013a0405f6a16724]
https://pro-dev-aws-de-fra-1.doctolib.de:8443 [403] [GET] [text/html] [] [cloudflare] [vhost] [cloudflare] [Cloudflare,Cloudflare Bot Management] [652b34f0b2be460e623e52b7e425b801]
https://pro-dev-aws-fr-par-1.doctolib.de:2083 [403] [GET] [text/html] [] [cloudflare] [vhost] [cloudflare] [Cloudflare,Cloudflare Bot Management] [f3f4a1c66381359a8dce1be1ad9bb60d]
https://pro-dev-aws-fr-par-1.doctolib.de:2087 [403] [GET] [text/html] [] [cloudflare] [vhost] [cloudflare] [Cloudflare,Cloudflare Bot Management] [bf2c96db456a17f60e15b7bb204829cd]
https://pro-dev-aws-fr-par-1.doctolib.de [403] [GET] [text/html] [] [cloudflare] [vhost] [cloudflare] [Cloudflare,Cloudflare Bot Management] [19229cf7cc1a81ac4f6352806833a972]
https://pro-dev-aws-fr-par-1.doctolib.de [403] [GET] [text/html] [] [cloudflare] [vhost] [cloudflare] [Cloudflare,Cloudflare Bot Management] [adeb451f7079383f854f78f85a9fbdff]
https://pro-dev-aws-fr-par-1.doctolib.de:8443 [403] [GET] [text/html] [] [cloudflare] [vhost] [cloudflare] [Cloudflare,Cloudflare Bot Management] [7e4d5a79950bcb19390e246b42396b14]
https://pro-dev.doctolib.de:2083 [403] [GET] [text/html] [] [cloudflare] [vhost] [cloudflare] [Cloudflare,Cloudflare Bot Management] [18dfa6cc7fddc8da484311d1beae3cbd]
https://pro-dev.doctolib.de:2087 [403] [GET] [text/html] [] [cloudflare] [vhost] [cloudflare] [Cloudflare,Cloudflare Bot Management] [a7f795666365c519ae115f4a7b0036a2]
https://pro-dev.doctolib.de [403] [GET] [text/html] [] [cloudflare] [vhost] [cloudflare] [Cloudflare,Cloudflare Bot Management] [228c6d08563b760aec85036dd5ce392c]
https://pro-dev.doctolib.de [403] [GET] [text/html] [] [cloudflare] [vhost] [cloudflare] [Cloudflare,Cloudflare Bot Management] [89d7eeb783333c0f2fa4a3aa2bfb0ca8]
https://pro-dev.doctolib.de:8443 [403] [GET] [text/html] [] [cloudflare] [vhost] [cloudflare] [Cloudflare,Cloudflare Bot Management] [a1ac82f98fedad16a0428bb1ae21fd1e]
https://pro.doctolib.de [403] [GET] [text/html] [] [cloudflare] [vhost] [cloudflare] [Cloudflare,Cloudflare Bot Management] [238705c019602803d621093f3119f55c]
https://pro.doctolib.de [403] [GET] [text/html] [] [cloudflare] [vhost] [cloudflare] [Cloudflare,Cloudflare Bot Management] [3a4588e13e78a7b104c4328e43640590]
https://pro-interf.doctolib.de [403] [GET] [text/html] [] [cloudflare] [vhost] [cloudflare] [Cloudflare,Cloudflare Bot Management] [920670b412e3d959d723cd1084091317]
https://pro-interf.doctolib.de [403] [GET] [text/html] [] [cloudflare] [vhost] [cloudflare] [Cloudflare,Cloudflare Bot Management] [9d9c41c4c827afee1ae9c821c23b8d87]
https://pro-prd-aws-de-fra-1.doctolib.de:2083 [403] [GET] [text/html] [] [cloudflare] [vhost] [cloudflare] [Cloudflare,Cloudflare Bot Management] [90c99135a28fddfef111d01dda39e109]
https://pro-prd-aws-de-fra-1.doctolib.de:2087 [403] [GET] [text/html] [] [cloudflare] [vhost] [cloudflare] [Cloudflare,Cloudflare Bot Management] [e454e214a3c80cd3fdf5e1c0485df3f6]
https://pro-prd-aws-de-fra-1.doctolib.de [403] [GET] [text/html] [] [cloudflare] [vhost] [cloudflare] [Cloudflare,Cloudflare Bot Management] [0943d6b3b90a71e1cef9b1458596633c]
https://pro-prd-aws-de-fra-1.doctolib.de [403] [GET] [text/html] [] [cloudflare] [vhost] [cloudflare] [Cloudflare,Cloudflare Bot Management] [d8e46ca3325c19d5dc37a881ddbac675]
https://pro-prd-aws-de-fra-1.doctolib.de:8443 [403] [GET] [text/html] [] [cloudflare] [vhost] [cloudflare] [Cloudflare,Cloudflare Bot Management] [1248c36e5868a9711c4234465bad3851]
https://pro-prd-aws-fr-par-1.doctolib.de:2083 [403] [GET] [text/html] [] [cloudflare] [vhost] [cloudflare] [Cloudflare,Cloudflare Bot Management] [1c3b5ee5691c23a3d82d484375a0cc31]
https://pro-prd-aws-fr-par-1.doctolib.de:2087 [403] [GET] [text/html] [] [cloudflare] [vhost] [cloudflare] [Cloudflare,Cloudflare Bot Management] [873216ffcbd45d26a972a011aeac0090]
https://pro-prd-aws-fr-par-1.doctolib.de [403] [GET] [text/html] [] [cloudflare] [vhost] [cloudflare] [Cloudflare,Cloudflare Bot Management] [37ea99fb239fa5b40e595562e610d8fb]
https://pro-prd-aws-fr-par-1.doctolib.de [403] [GET] [text/html] [] [cloudflare] [vhost] [cloudflare] [Cloudflare,Cloudflare Bot Management] [7a7e9f616fb2dbcb5a20c888aabe090e]
https://pro-prd-aws-fr-par-1.doctolib.de:8443 [403] [GET] [text/html] [] [cloudflare] [vhost] [cloudflare] [Cloudflare,Cloudflare Bot Management] [49aa1ba136c0ef3a2f7bad95c34fbaf1]
https://pro-staging-aws-fr-par-1.doctolib.de:2083 [403] [GET] [text/html] [] [cloudflare] [vhost] [cloudflare] [Cloudflare,Cloudflare Bot Management] [9bba5b13f82c63b50a56b56f8605ee32]
https://pro-staging-aws-fr-par-1.doctolib.de:2087 [403] [GET] [text/html] [] [cloudflare] [vhost] [cloudflare] [Cloudflare,Cloudflare Bot Management] [f0e705f229aece58c92a9a1da0bdf19d]
https://pro-staging-aws-fr-par-1.doctolib.de [403] [GET] [text/html] [] [cloudflare] [vhost] [cloudflare] [Cloudflare,Cloudflare Bot Management] [0892fd4b9ff7d95f8a91a3007e3b3d48]
https://pro-staging-aws-fr-par-1.doctolib.de [403] [GET] [text/html] [] [cloudflare] [vhost] [cloudflare] [Cloudflare,Cloudflare Bot Management] [91d610cf8b78cb6f75992c862c140215]
https://pro-staging-aws-fr-par-1.doctolib.de:8443 [403] [GET] [text/html] [] [cloudflare] [vhost] [cloudflare] [Cloudflare,Cloudflare Bot Management] [15bb7e2a45c10b458efbc361beda4f52]
https://pro-staging.doctolib.de [403] [GET] [text/html] [] [cloudflare] [vhost] [cloudflare] [Cloudflare,Cloudflare Bot Management] [17b452a8adb713a7a3e8fb30e9214ab8]
https://pro-staging.doctolib.de [403] [GET] [text/html] [] [cloudflare] [vhost] [cloudflare] [Cloudflare,Cloudflare Bot Management] [3c575125e06ca38cfe351874d5351bb3]
https://rs-data.doctolib.de [403] [GET] [text/html] [] [cloudflare] [vhost] [cloudflare] [Cloudflare,Cloudflare Bot Management] [af6cb459ce5b76e0aaf3a6fe822bbf1e]
https://rs-data.doctolib.de [403] [GET] [text/html] [] [cloudflare] [vhost] [cloudflare] [Cloudflare,Cloudflare Bot Management] [f263791705924562eb5129c1c9a7e0af]
https://rs-data-origin.doctolib.de:2083 [403] [GET] [text/html] [] [cloudflare] [vhost] [cloudflare] [Cloudflare,Cloudflare Bot Management] [7a917336efd96effe930524564fe5ebc]
https://rs-data-origin.doctolib.de:2087 [403] [GET] [text/html] [] [cloudflare] [vhost] [cloudflare] [Cloudflare,Cloudflare Bot Management] [550e233ef3e342dc66be515f3e9b092a]
https://rs-data-origin.doctolib.de [403] [GET] [text/html] [] [cloudflare] [vhost] [cloudflare] [Cloudflare,Cloudflare Bot Management] [f167411b8e5d3d476c0037265bc8d54b]
https://rs-data-origin.doctolib.de [403] [GET] [text/html] [] [cloudflare] [vhost] [cloudflare] [Cloudflare,Cloudflare Bot Management] [f8e49f755e0dce0131b2b792183226df]
https://rs-data-origin.doctolib.de:8443 [403] [GET] [text/html] [] [cloudflare] [vhost] [cloudflare] [Cloudflare,Cloudflare Bot Management] [bac73f1a098d40b0dd0e2c186fc66a3a]
https://rs-data-staging.doctolib.de [403] [GET] [text/html] [] [cloudflare] [vhost] [cloudflare] [Cloudflare,Cloudflare Bot Management] [06052945f224d990d5bd7ed4eb9d6437]
https://rs-data-staging.doctolib.de [403] [GET] [text/html] [] [cloudflare] [vhost] [cloudflare] [Cloudflare,Cloudflare Bot Management] [a3708f25c5534bfa07a6d2484d11376e]
https://rs-data-staging-origin.doctolib.de:2083 [403] [GET] [text/html] [] [cloudflare] [vhost] [cloudflare] [Cloudflare,Cloudflare Bot Management] [86dc111229a9b688b3625d3fe4bb5257]
https://rs-data-staging-origin.doctolib.de:2087 [403] [GET] [text/html] [] [cloudflare] [vhost] [cloudflare] [Cloudflare,Cloudflare Bot Management] [c4010b00c8d9906b810a3c78bbdaf81a]
https://rs-data-staging-origin.doctolib.de [403] [GET] [text/html] [] [cloudflare] [vhost] [cloudflare] [Cloudflare,Cloudflare Bot Management] [50fb1d941e06bb42e86d610f52d4eee0]
https://rs-data-staging-origin.doctolib.de [403] [GET] [text/html] [] [cloudflare] [vhost] [cloudflare] [Cloudflare,Cloudflare Bot Management] [634ce753d7a2bdd88108016f96424543]
https://rs-data-staging-origin.doctolib.de:8443 [403] [GET] [text/html] [] [cloudflare] [vhost] [cloudflare] [Cloudflare,Cloudflare Bot Management] [e19778329bda4596af845aa07ee597ab]
https://rs.doctolib.de [403] [GET] [text/html] [] [cloudflare] [vhost] [cloudflare] [Cloudflare,Cloudflare Bot Management] [66c34d451c29768ffcc395d8fa4ee347]
https://rs.doctolib.de [403] [GET] [text/html] [] [cloudflare] [vhost] [cloudflare] [Cloudflare,Cloudflare Bot Management] [b7f2aa2f5654bef228baf6ed2aa726f4]
https://rs-interf.doctolib.de [403] [GET] [text/html] [] [cloudflare] [vhost] [cloudflare] [Cloudflare,Cloudflare Bot Management] [9b4321dca8c85177ea63fbda5825a0dd]
https://rs-interf.doctolib.de [403] [GET] [text/html] [] [cloudflare] [vhost] [cloudflare] [Cloudflare,Cloudflare Bot Management] [e984a63e2b11d9b90aeae4fd95c5d845]
https://rs-staging.doctolib.de [403] [GET] [text/html] [] [cloudflare] [vhost] [cloudflare] [Cloudflare,Cloudflare Bot Management] [3fc515d54df560a7e444409079bca3de]
https://rs-staging.doctolib.de [403] [GET] [text/html] [] [cloudflare] [vhost] [cloudflare] [Cloudflare,Cloudflare Bot Management] [6c0be9b7bc7cd1dad54759b90c370b1f]
https://tok.doctolib.de:2053 [403] [GET] [text/html] [] [cloudflare] [vhost] [cloudflare] [Cloudflare,Cloudflare Bot Management] [d05a91636032916691ccf506e2bd399f]
https://tok.doctolib.de:2083 [403] [GET] [text/html] [] [cloudflare] [vhost] [cloudflare] [Cloudflare,Cloudflare Bot Management] [30c88b196c70dc160070c5a2cbafa2bb]
https://tok.doctolib.de:2087 [403] [GET] [text/html] [] [cloudflare] [vhost] [cloudflare] [Cloudflare,Cloudflare Bot Management] [2d2e806a210a8eac84aa3f64cfca0591]
https://tok.doctolib.de [403] [GET] [text/html] [] [cloudflare] [vhost] [cloudflare] [Cloudflare,Cloudflare Bot Management] [1495aa8c9ba11f7b55d2f2a439ef7b91]
https://tok.doctolib.de [403] [GET] [text/html] [] [cloudflare] [vhost] [cloudflare] [Cloudflare,Cloudflare Bot Management] [9625bcc04736fd0508d2a5e4c9a6918c]
https://tok.doctolib.de:8443 [403] [GET] [text/html] [] [cloudflare] [vhost] [cloudflare] [Cloudflare,Cloudflare Bot Management] [9a832637b73f339d0dcc507cce994f03]
https://tok-staging.doctolib.de:2083 [403] [GET] [text/html] [] [cloudflare] [vhost] [cloudflare] [Cloudflare,Cloudflare Bot Management] [5925a66e04232cabd0286ede8331f323]
https://tok-staging.doctolib.de:2087 [403] [GET] [text/html] [] [cloudflare] [vhost] [cloudflare] [Cloudflare,Cloudflare Bot Management] [794f78226c09f4898be7df5daa7be439]
https://tok-staging.doctolib.de [403] [GET] [text/html] [] [cloudflare] [vhost] [cloudflare] [Cloudflare,Cloudflare Bot Management] [1baf06654f8fe79a6510a9f545ac09df]
https://tok-staging.doctolib.de [403] [GET] [text/html] [] [cloudflare] [vhost] [cloudflare] [Cloudflare,Cloudflare Bot Management] [87fb6449cb052d1e16aaacec4c76208d]
https://tok-staging.doctolib.de:8443 [403] [GET] [text/html] [] [cloudflare] [vhost] [cloudflare] [Cloudflare,Cloudflare Bot Management] [fb111f66ad87cbf0f18ac9aee38a6c9f]
https://www-dev-aws-de-fra-1.doctolib.de:2083 [403] [GET] [text/html] [] [cloudflare] [vhost] [cloudflare] [Cloudflare,Cloudflare Bot Management] [bf683dfd883afc0808392acd88e6965b]
https://www-dev-aws-de-fra-1.doctolib.de:2087 [403] [GET] [text/html] [] [cloudflare] [vhost] [cloudflare] [Cloudflare,Cloudflare Bot Management] [82304419b0889fea1e6ed99140bb2c5c]
https://www-dev-aws-de-fra-1.doctolib.de [403] [GET] [text/html] [] [cloudflare] [vhost] [cloudflare] [Cloudflare,Cloudflare Bot Management] [15a50cefbc8ebdf193a23400648b48ed]
https://www-dev-aws-de-fra-1.doctolib.de [403] [GET] [text/html] [] [cloudflare] [vhost] [cloudflare] [Cloudflare,Cloudflare Bot Management] [b6c802ad495ae614c782f54e1ee19f75]
https://www-dev-aws-de-fra-1.doctolib.de:8443 [403] [GET] [text/html] [] [cloudflare] [vhost] [cloudflare] [Cloudflare,Cloudflare Bot Management] [794b22045075bcfb6e62e0732dfd6158]
https://www-dev-aws-fr-par-1.doctolib.de:2083 [403] [GET] [text/html] [] [cloudflare] [vhost] [cloudflare] [Cloudflare,Cloudflare Bot Management] [921598f5bdf841d70d0345e9162a7a8d]
https://www-dev-aws-fr-par-1.doctolib.de:2087 [403] [GET] [text/html] [] [cloudflare] [vhost] [cloudflare] [Cloudflare,Cloudflare Bot Management] [b7816cb27be84ad1579d5dbb6705781a]
https://www-dev-aws-fr-par-1.doctolib.de [403] [GET] [text/html] [] [cloudflare] [vhost] [cloudflare] [Cloudflare,Cloudflare Bot Management] [104ae58fb38599cedf12cdd4e73e1e80]
https://www-dev-aws-fr-par-1.doctolib.de [403] [GET] [text/html] [] [cloudflare] [vhost] [cloudflare] [Cloudflare,Cloudflare Bot Management] [1546a812e359dbd9b20ef3e21b842cb0]
https://www-dev-aws-fr-par-1.doctolib.de:8443 [403] [GET] [text/html] [] [cloudflare] [vhost] [cloudflare] [Cloudflare,Cloudflare Bot Management] [67f5cfe91ab7de5bdc5937a70e39a215]
https://www-dev.doctolib.de:2083 [403] [GET] [text/html] [] [cloudflare] [vhost] [cloudflare] [Cloudflare,Cloudflare Bot Management] [14c95734c0177f128326268fede082f9]
https://www-dev.doctolib.de:2087 [403] [GET] [text/html] [] [cloudflare] [vhost] [cloudflare] [Cloudflare,Cloudflare Bot Management] [728cb96a54ae4200f7e55fb64dd61c69]
https://www-dev.doctolib.de:2096 [403] [GET] [text/html] [] [cloudflare] [vhost] [cloudflare] [Cloudflare,Cloudflare Bot Management] [75bc1c0ca4af12f5f0ecea98381fc694]
https://www-dev.doctolib.de [403] [GET] [text/html] [] [cloudflare] [vhost] [cloudflare] [Cloudflare,Cloudflare Bot Management] [7791890f7ab2ac2287e9c525a5d1b1a7]
https://www-dev.doctolib.de [403] [GET] [text/html] [] [cloudflare] [vhost] [cloudflare] [Cloudflare,Cloudflare Bot Management] [cc4efcc2fa6b12eb6992570e776f0272]
https://www-dev.doctolib.de:8443 [403] [GET] [text/html] [] [cloudflare] [vhost] [cloudflare] [Cloudflare,Cloudflare Bot Management] [c0fe1fac2b743388e4911591aa4aa2ab]
https://www.doctolib.de [403] [GET] [text/html] [] [cloudflare] [vhost] [cloudflare] [Cloudflare,Cloudflare Bot Management] [3deda606cb73f95b409bfc9c779c7c3f]
https://www.doctolib.de [403] [GET] [text/html] [] [cloudflare] [vhost] [cloudflare] [Cloudflare,Cloudflare Bot Management] [9de3a838b9c04a80b6e6a4de51f86887]
https://www-interf.doctolib.de [403] [GET] [text/html] [] [cloudflare] [vhost] [cloudflare] [Cloudflare,Cloudflare Bot Management] [086ab0b3378dca83e0c54b1665a8c678]
https://www-interf.doctolib.de [403] [GET] [text/html] [] [cloudflare] [vhost] [cloudflare] [Cloudflare,Cloudflare Bot Management] [b07066039a1c818d50bb41429061958a]
https://www-prd-aws-de-fra-1.doctolib.de:2083 [403] [GET] [text/html] [] [cloudflare] [vhost] [cloudflare] [Cloudflare,Cloudflare Bot Management] [bf03407cef14f82de9eb919e24b82ccd]
https://www-prd-aws-de-fra-1.doctolib.de:2087 [403] [GET] [text/html] [] [cloudflare] [vhost] [cloudflare] [Cloudflare,Cloudflare Bot Management] [c8a7043e9f7dbd4eae65ecea48c05ac8]
https://www-prd-aws-de-fra-1.doctolib.de [403] [GET] [text/html] [] [cloudflare] [vhost] [cloudflare] [Cloudflare,Cloudflare Bot Management] [281bcb10995617bdf3e43ff5db073d38]
https://www-prd-aws-de-fra-1.doctolib.de [403] [GET] [text/html] [] [cloudflare] [vhost] [cloudflare] [Cloudflare,Cloudflare Bot Management] [2826bce645677bdb7100fac2cb89653f]
https://www-prd-aws-de-fra-1.doctolib.de:8443 [403] [GET] [text/html] [] [cloudflare] [vhost] [cloudflare] [Cloudflare,Cloudflare Bot Management] [cfa83f84e68b6a66e23651428d3ca686]
https://www-prd-aws-fr-par-1.doctolib.de:2083 [403] [GET] [text/html] [] [cloudflare] [vhost] [cloudflare] [Cloudflare,Cloudflare Bot Management] [1d7cedd60ede096e43c3cacd06c8be89]
https://www-prd-aws-fr-par-1.doctolib.de:2087 [403] [GET] [text/html] [] [cloudflare] [vhost] [cloudflare] [Cloudflare,Cloudflare Bot Management] [f9b524b3414525d7687c8a947fc2bf50]
https://www-prd-aws-fr-par-1.doctolib.de [403] [GET] [text/html] [] [cloudflare] [vhost] [cloudflare] [Cloudflare,Cloudflare Bot Management] [bb7660be98a2b6f5964cebf2c1cbd6e5]
https://www-prd-aws-fr-par-1.doctolib.de [403] [GET] [text/html] [] [cloudflare] [vhost] [cloudflare] [Cloudflare,Cloudflare Bot Management] [d9981d07b9c7750f0a3446582cf2e825]
https://www-prd-aws-fr-par-1.doctolib.de:8443 [403] [GET] [text/html] [] [cloudflare] [vhost] [cloudflare] [Cloudflare,Cloudflare Bot Management] [70c6d5b1cf42f81fcb4ba61ffcda0836]
https://www-staging-aws-fr-par-1.doctolib.de:2083 [403] [GET] [text/html] [] [cloudflare] [vhost] [cloudflare] [Cloudflare,Cloudflare Bot Management] [e321b154007459906b27976b766e8d31]
https://www-staging-aws-fr-par-1.doctolib.de:2087 [403] [GET] [text/html] [] [cloudflare] [vhost] [cloudflare] [Cloudflare,Cloudflare Bot Management] [6a0fa9c802a1ebf9f34eae7dbe7f1014]
https://www-staging-aws-fr-par-1.doctolib.de [403] [GET] [text/html] [] [cloudflare] [vhost] [cloudflare] [Cloudflare,Cloudflare Bot Management] [0f2ad07a54af4186cdfd47ba487ac1d9]
https://www-staging-aws-fr-par-1.doctolib.de [403] [GET] [text/html] [] [cloudflare] [vhost] [cloudflare] [Cloudflare,Cloudflare Bot Management] [e0d2c6d0096937932c821f6c295b6dab]
https://www-staging-aws-fr-par-1.doctolib.de:8443 [403] [GET] [text/html] [] [cloudflare] [vhost] [cloudflare] [Cloudflare,Cloudflare Bot Management] [ac273cab2ba19fc2632158038a105e40]
https://www-staging.doctolib.de [403] [GET] [text/html] [] [cloudflare] [vhost] [cloudflare] [Cloudflare,Cloudflare Bot Management] [32f22355184f90ca7f8ce9fad87b147a]
https://www-staging.doctolib.de [403] [GET] [text/html] [] [cloudflare] [vhost] [cloudflare] [Cloudflare,Cloudflare Bot Management] [5ca37f68e410858be0709ac0a64a2dda]
http://tok.doctolib.de:2082 [301] [GET] [] [] [cloudflare] [vhost] [cloudflare] [Cloudflare,Cloudflare Bot Management] [d41d8cd98f00b204e9800998ecf8427e]
http://tok.doctolib.de:2086 [301] [GET] [] [] [cloudflare] [vhost] [cloudflare] [Cloudflare,Cloudflare Bot Management] [d41d8cd98f00b204e9800998ecf8427e]
http://tok.doctolib.de:8080 [301] [GET] [] [] [cloudflare] [vhost] [cloudflare] [Cloudflare,Cloudflare Bot Management] [d41d8cd98f00b204e9800998ecf8427e]
http://tok.doctolib.de:8880 [301] [GET] [] [] [cloudflare] [vhost] [cloudflare] [Cloudflare,Cloudflare Bot Management] [d41d8cd98f00b204e9800998ecf8427e]
http://tok-staging.doctolib.de:2082 [301] [GET] [] [] [cloudflare] [vhost] [cloudflare] [Cloudflare,Cloudflare Bot Management] [d41d8cd98f00b204e9800998ecf8427e]
http://tok-staging.doctolib.de:2086 [301] [GET] [] [] [cloudflare] [vhost] [cloudflare] [Cloudflare,Cloudflare Bot Management] [d41d8cd98f00b204e9800998ecf8427e]
http://tok-staging.doctolib.de:8080 [301] [GET] [] [] [cloudflare] [vhost] [cloudflare] [Cloudflare,Cloudflare Bot Management] [d41d8cd98f00b204e9800998ecf8427e]
http://tok-staging.doctolib.de:8880 [301] [GET] [] [] [cloudflare] [vhost] [cloudflare] [Cloudflare,Cloudflare Bot Management] [d41d8cd98f00b204e9800998ecf8427e]
http://www-dev-aws-de-fra-1.doctolib.de:2082 [301] [GET] [] [] [cloudflare] [vhost] [cloudflare] [Cloudflare,Cloudflare Bot Management] [d41d8cd98f00b204e9800998ecf8427e]
http://www-dev-aws-de-fra-1.doctolib.de:2086 [301] [GET] [] [] [cloudflare] [vhost] [cloudflare] [Cloudflare,Cloudflare Bot Management] [d41d8cd98f00b204e9800998ecf8427e]
http://www-dev-aws-de-fra-1.doctolib.de:8080 [301] [GET] [] [] [cloudflare] [vhost] [cloudflare] [Cloudflare,Cloudflare Bot Management] [d41d8cd98f00b204e9800998ecf8427e]
http://www-dev-aws-de-fra-1.doctolib.de:8880 [301] [GET] [] [] [cloudflare] [vhost] [cloudflare] [Cloudflare,Cloudflare Bot Management] [d41d8cd98f00b204e9800998ecf8427e]
http://www-dev-aws-fr-par-1.doctolib.de:2082 [301] [GET] [] [] [cloudflare] [vhost] [cloudflare] [Cloudflare,Cloudflare Bot Management] [d41d8cd98f00b204e9800998ecf8427e]
http://www-dev-aws-fr-par-1.doctolib.de:2086 [301] [GET] [] [] [cloudflare] [vhost] [cloudflare] [Cloudflare,Cloudflare Bot Management] [d41d8cd98f00b204e9800998ecf8427e]
http://www-dev-aws-fr-par-1.doctolib.de:8080 [301] [GET] [] [] [cloudflare] [vhost] [cloudflare] [Cloudflare,Cloudflare Bot Management] [d41d8cd98f00b204e9800998ecf8427e]
http://www-dev-aws-fr-par-1.doctolib.de:8880 [301] [GET] [] [] [cloudflare] [vhost] [cloudflare] [Cloudflare,Cloudflare Bot Management] [d41d8cd98f00b204e9800998ecf8427e]
http://www-dev.doctolib.de:2052 [301] [GET] [] [] [cloudflare] [vhost] [cloudflare] [Cloudflare,Cloudflare Bot Management] [d41d8cd98f00b204e9800998ecf8427e]
http://www-dev.doctolib.de:2082 [301] [GET] [] [] [cloudflare] [vhost] [cloudflare] [Cloudflare,Cloudflare Bot Management] [d41d8cd98f00b204e9800998ecf8427e]
http://www-dev.doctolib.de:2095 [301] [GET] [] [] [cloudflare] [vhost] [cloudflare] [Cloudflare,Cloudflare Bot Management] [d41d8cd98f00b204e9800998ecf8427e]
http://www-dev.doctolib.de:8080 [301] [GET] [] [] [cloudflare] [vhost] [cloudflare] [Cloudflare,Cloudflare Bot Management] [d41d8cd98f00b204e9800998ecf8427e]
http://www-dev.doctolib.de:8880 [301] [GET] [] [] [cloudflare] [vhost] [cloudflare] [Cloudflare,Cloudflare Bot Management] [d41d8cd98f00b204e9800998ecf8427e]
http://www-prd-aws-de-fra-1.doctolib.de:2082 [301] [GET] [] [] [cloudflare] [vhost] [cloudflare] [Cloudflare,Cloudflare Bot Management] [d41d8cd98f00b204e9800998ecf8427e]
http://www-prd-aws-de-fra-1.doctolib.de:2086 [301] [GET] [] [] [cloudflare] [vhost] [cloudflare] [Cloudflare,Cloudflare Bot Management] [d41d8cd98f00b204e9800998ecf8427e]
http://www-prd-aws-de-fra-1.doctolib.de:2095 [301] [GET] [] [] [cloudflare] [vhost] [cloudflare] [Cloudflare,Cloudflare Bot Management] [d41d8cd98f00b204e9800998ecf8427e]
http://www-prd-aws-de-fra-1.doctolib.de:8080 [301] [GET] [] [] [cloudflare] [vhost] [cloudflare] [Cloudflare,Cloudflare Bot Management] [d41d8cd98f00b204e9800998ecf8427e]
http://www-prd-aws-de-fra-1.doctolib.de:8880 [301] [GET] [] [] [cloudflare] [vhost] [cloudflare] [Cloudflare,Cloudflare Bot Management] [d41d8cd98f00b204e9800998ecf8427e]
http://www-prd-aws-fr-par-1.doctolib.de:2082 [301] [GET] [] [] [cloudflare] [vhost] [cloudflare] [Cloudflare,Cloudflare Bot Management] [d41d8cd98f00b204e9800998ecf8427e]
http://www-prd-aws-fr-par-1.doctolib.de:2086 [301] [GET] [] [] [cloudflare] [vhost] [cloudflare] [Cloudflare,Cloudflare Bot Management] [d41d8cd98f00b204e9800998ecf8427e]
http://www-prd-aws-fr-par-1.doctolib.de:2095 [301] [GET] [] [] [cloudflare] [vhost] [cloudflare] [Cloudflare,Cloudflare Bot Management] [d41d8cd98f00b204e9800998ecf8427e]
http://www-prd-aws-fr-par-1.doctolib.de:8080 [301] [GET] [] [] [cloudflare] [vhost] [cloudflare] [Cloudflare,Cloudflare Bot Management] [d41d8cd98f00b204e9800998ecf8427e]
http://www-prd-aws-fr-par-1.doctolib.de:8880 [301] [GET] [] [] [cloudflare] [vhost] [cloudflare] [Cloudflare,Cloudflare Bot Management] [d41d8cd98f00b204e9800998ecf8427e]
http://www-staging-aws-fr-par-1.doctolib.de:2082 [301] [GET] [] [] [cloudflare] [vhost] [cloudflare] [Cloudflare,Cloudflare Bot Management] [d41d8cd98f00b204e9800998ecf8427e]
http://www-staging-aws-fr-par-1.doctolib.de:2086 [301] [GET] [] [] [cloudflare] [vhost] [cloudflare] [Cloudflare,Cloudflare Bot Management] [d41d8cd98f00b204e9800998ecf8427e]
http://www-staging-aws-fr-par-1.doctolib.de:2095 [301] [GET] [] [] [cloudflare] [vhost] [cloudflare] [Cloudflare,Cloudflare Bot Management] [d41d8cd98f00b204e9800998ecf8427e]
http://www-staging-aws-fr-par-1.doctolib.de:8080 [301] [GET] [] [] [cloudflare] [vhost] [cloudflare] [Cloudflare,Cloudflare Bot Management] [d41d8cd98f00b204e9800998ecf8427e]
http://www-staging-aws-fr-par-1.doctolib.de:8880 [301] [GET] [] [] [cloudflare] [vhost] [cloudflare] [Cloudflare,Cloudflare Bot Management] [d41d8cd98f00b204e9800998ecf8427e]
