http://acc-shop.eat.ch:2082 [301] [GET] [] [] [cloudflare] [vhost] [cloudflare] [Cloudflare] [d41d8cd98f00b204e9800998ecf8427e]
http://acc-shop.eat.ch:2086 [301] [GET] [] [] [cloudflare] [vhost] [cloudflare] [Cloudflare] [d41d8cd98f00b204e9800998ecf8427e]
http://acc-shop.eat.ch:2087 [400] [GET] [text/html] [400 The plain HTTP request was sent to HTTPS port] [cloudflare] [cloudflare] [Cloudflare] [20ad84d030031252141ca0b3fc0183f0]
http://acc-shop.eat.ch:8080 [301] [GET] [] [] [cloudflare] [vhost] [cloudflare] [Cloudflare] [d41d8cd98f00b204e9800998ecf8427e]
http://eat.ch:2082 [301] [GET] [] [] [cloudflare] [vhost] [cloudflare] [Cloudflare,Cloudflare Network Error Logging] [d41d8cd98f00b204e9800998ecf8427e]
http://eat.ch:2086 [301] [GET] [] [] [cloudflare] [vhost] [cloudflare] [Cloudflare,Cloudflare Network Error Logging] [d41d8cd98f00b204e9800998ecf8427e]
http://eat.ch:8080 [301] [GET] [] [] [cloudflare] [vhost] [cloudflare] [Cloudflare,Cloudflare Network Error Logging] [d41d8cd98f00b204e9800998ecf8427e]
http://eat.ch:8880 [301] [GET] [] [] [cloudflare] [vhost] [cloudflare] [Cloudflare,Cloudflare Network Error Logging] [d41d8cd98f00b204e9800998ecf8427e]
https://ablink.emails.eat.ch [404] [GET] [text/html] [404 Not Found] [nginx] [vhost] [cloudfront] [Amazon Cloudfront,Amazon Web Services,Nginx] [8e325dc2fea7c8900fc6c4b8c6c394fe]
https://acc-shop.eat.ch [302] [GET] [text/html] [302 Found] [cloudflare] [vhost] [cloudflare] [Cloudflare] [f366e0e18b589cb6f243bf43ce75e83c]
https://app01.eat.ch [404] [GET] [text/plain] [] [awselb/2.0] [9e076f5885f5cc16a4b5aeb8de4adff5]
https://app02.eat.ch [404] [GET] [text/plain] [] [awselb/2.0] [9e076f5885f5cc16a4b5aeb8de4adff5]
https://app-test.eat.ch [404] [GET] [text/plain] [] [awselb/2.0] [9e076f5885f5cc16a4b5aeb8de4adff5]
https://beta-api.eat.ch [503] [GET] [text/html] [503 Service Temporarily Unavailable] [awselb/2.0] [vhost] [613f79233487af685baf4b32a2397ede]
https://beta-api.eat.ch [503] [GET] [text/html] [503 Service Temporarily Unavailable] [awselb/2.0] [vhost] [81df4d3863debf3eceb5cf84251fd472]
https://beta.eat.ch [301] [GET] [] [] [cloudflare] [vhost] [cloudflare] [Cloudflare,Cloudflare Network Error Logging] [d41d8cd98f00b204e9800998ecf8427e]
https://cloud.update.eat.ch [403] [GET] [text/html] [403 - Forbidden: Access is denied.] [] [11ca4578cb026a23713aea6781b8ece3]
https://eat.ch:2083 [301] [GET] [] [] [cloudflare] [vhost] [cloudflare] [Cloudflare,Cloudflare Network Error Logging] [d41d8cd98f00b204e9800998ecf8427e]
https://eat.ch:2087 [301] [GET] [] [] [cloudflare] [vhost] [cloudflare] [Cloudflare,Cloudflare Network Error Logging] [d41d8cd98f00b204e9800998ecf8427e]
https://eat.ch [301] [GET] [] [] [cloudflare] [vhost] [cloudflare] [Cloudflare,Cloudflare Network Error Logging] [d41d8cd98f00b204e9800998ecf8427e]
https://eat.ch:8443 [301] [GET] [] [] [cloudflare] [vhost] [cloudflare] [Cloudflare,Cloudflare Network Error Logging] [d41d8cd98f00b204e9800998ecf8427e]
https://html2pdf.eat.ch [403] [GET] [application/json] [] [] [vhost] [905b1fbb26e082557ff0b3b3553cda6c]
https://image.update.eat.ch [403] [GET] [text/html] [Access Denied] [AkamaiGHost] [vhost] [92f18e5666fb0d8b2063c737cecd9581]
https://image.update.eat.ch [403] [GET] [text/html] [Access Denied] [AkamaiGHost] [vhost] [d2cb17059c77f749820954ed26553dfc]
https://live-orders.eat.ch [200] [GET] [text/html] [Live Orders] [AmazonS3] [vhost] [cloudfront] [Amazon Cloudfront,Amazon S3,Amazon Web Services,Google Font API] [c7f8c1d4381ec24cb2b87009f31ac657]
https://m.eat.ch [301] [GET] [] [] [cloudflare] [vhost] [cloudflare] [Cloudflare,Cloudflare Network Error Logging] [d41d8cd98f00b204e9800998ecf8427e]
https://mobile.eat.ch [301] [GET] [] [] [cloudflare] [vhost] [cloudflare] [Cloudflare,Cloudflare Network Error Logging] [d41d8cd98f00b204e9800998ecf8427e]
https://notime.eat.ch [404] [GET] [text/plain] [] [awselb/2.0] [9e076f5885f5cc16a4b5aeb8de4adff5]
https://orders.eat.ch [301] [GET] [] [] [cloudflare] [vhost] [cloudflare] [Cloudflare,Cloudflare Network Error Logging] [d41d8cd98f00b204e9800998ecf8427e]
https://origin-api.eat.ch [404] [GET] [text/plain] [] [awselb/2.0] [9e076f5885f5cc16a4b5aeb8de4adff5]
https://origin-api-new.eat.ch [404] [GET] [text/plain] [] [awselb/2.0] [9e076f5885f5cc16a4b5aeb8de4adff5]
https://origin-contract.eat.ch [404] [GET] [text/plain] [] [awselb/2.0] [9e076f5885f5cc16a4b5aeb8de4adff5]
https://origin-delivery-tracker-api.eat.ch [404] [GET] [text/plain] [] [awselb/2.0] [9e076f5885f5cc16a4b5aeb8de4adff5]
https://origin-driver-api.eat.ch [404] [GET] [text/plain] [] [awselb/2.0] [9e076f5885f5cc16a4b5aeb8de4adff5]
https://origin-driver.eat.ch [404] [GET] [text/plain] [] [awselb/2.0] [9e076f5885f5cc16a4b5aeb8de4adff5]
https://origin-driver-wss.eat.ch [404] [GET] [text/plain] [] [awselb/2.0] [9e076f5885f5cc16a4b5aeb8de4adff5]
https://origin.eat.ch [301] [GET] [] [] [cloudflare] [vhost] [cloudflare] [Cloudflare,Cloudflare Network Error Logging] [d41d8cd98f00b204e9800998ecf8427e]
https://origin-partner.eat.ch [404] [GET] [text/plain] [] [awselb/2.0] [9e076f5885f5cc16a4b5aeb8de4adff5]
https://origin-pos-integration.eat.ch [404] [GET] [text/plain] [] [awselb/2.0] [9e076f5885f5cc16a4b5aeb8de4adff5]
https://origin-restaurants.eat.ch [404] [GET] [text/plain] [] [awselb/2.0] [9e076f5885f5cc16a4b5aeb8de4adff5]
https://origin-wss.eat.ch [404] [GET] [text/plain] [] [awselb/2.0] [9e076f5885f5cc16a4b5aeb8de4adff5]
https://origin-www.eat.ch [404] [GET] [text/plain] [] [awselb/2.0] [9e076f5885f5cc16a4b5aeb8de4adff5]
https://pages.update.eat.ch [403] [GET] [text/html] [403 - Forbidden: Access is denied.] [] [11ca4578cb026a23713aea6781b8ece3]
https://partner.eat.ch [301] [GET] [] [] [cloudflare] [vhost] [cloudflare] [Cloudflare,Cloudflare Network Error Logging] [d41d8cd98f00b204e9800998ecf8427e]
https://restaurant.eat.ch [301] [GET] [] [] [cloudflare] [vhost] [cloudflare] [Cloudflare,Cloudflare Network Error Logging] [d41d8cd98f00b204e9800998ecf8427e]
https://restaurants.eat.ch [301] [GET] [] [] [cloudflare] [vhost] [cloudflare] [Cloudflare,Cloudflare Network Error Logging] [d41d8cd98f00b204e9800998ecf8427e]
https://shop.eat.ch [301] [GET] [text/html] [301 Moved Permanently] [awselb/2.0] [vhost] [incapsula] [Imperva] [4aa7a432bb447f094408f1bd6229c605]
https://static.eat.ch [200] [GET] [application/xml] [] [AmazonS3] [vhost] [cloudfront] [Amazon Cloudfront,Amazon S3,Amazon Web Services] [8c4337e7355390a830abfd53fa3c2147]
https://subfolder-proxy-awards.eat.ch:2083 [301] [GET] [] [] [cloudflare] [vhost] [cloudflare] [Cloudflare,Cloudflare Network Error Logging] [d41d8cd98f00b204e9800998ecf8427e]
https://subfolder-proxy-awards.eat.ch:2087 [301] [GET] [] [] [cloudflare] [vhost] [cloudflare] [Cloudflare,Cloudflare Network Error Logging] [d41d8cd98f00b204e9800998ecf8427e]
https://subfolder-proxy-awards.eat.ch [301] [GET] [] [] [cloudflare] [vhost] [cloudflare] [Cloudflare,Cloudflare Network Error Logging] [d41d8cd98f00b204e9800998ecf8427e]
https://subfolder-proxy-awards.eat.ch:8443 [301] [GET] [] [] [cloudflare] [vhost] [cloudflare] [Cloudflare,Cloudflare Network Error Logging] [d41d8cd98f00b204e9800998ecf8427e]
https://subfolder-proxy-deals.eat.ch [301] [GET] [] [] [cloudflare] [vhost] [cloudflare] [Cloudflare,Cloudflare Network Error Logging] [d41d8cd98f00b204e9800998ecf8427e]
https://subfolder-proxy-foodwiki.eat.ch:2083 [301] [GET] [] [] [cloudflare] [vhost] [cloudflare] [Cloudflare,Cloudflare Network Error Logging] [d41d8cd98f00b204e9800998ecf8427e]
https://subfolder-proxy-foodwiki.eat.ch:2087 [301] [GET] [] [] [cloudflare] [vhost] [cloudflare] [Cloudflare,Cloudflare Network Error Logging] [d41d8cd98f00b204e9800998ecf8427e]
https://subfolder-proxy-foodwiki.eat.ch [301] [GET] [] [] [cloudflare] [vhost] [cloudflare] [Cloudflare,Cloudflare Network Error Logging] [d41d8cd98f00b204e9800998ecf8427e]
https://subfolder-proxy-lb.eat.ch [301] [GET] [] [] [cloudflare] [vhost] [cloudflare] [Cloudflare,Cloudflare Network Error Logging] [d41d8cd98f00b204e9800998ecf8427e]
https://subfolder-proxy-partnerblog.eat.ch [301] [GET] [] [] [cloudflare] [vhost] [cloudflare] [Cloudflare,Cloudflare Network Error Logging] [d41d8cd98f00b204e9800998ecf8427e]
https://subfolder-proxy-signup.eat.ch [301] [GET] [] [] [cloudflare] [vhost] [cloudflare] [Cloudflare,Cloudflare Network Error Logging] [d41d8cd98f00b204e9800998ecf8427e]
https://subfolder-proxy-takeawaypay.eat.ch [301] [GET] [] [] [cloudflare] [vhost] [cloudflare] [Cloudflare,Cloudflare Network Error Logging] [d41d8cd98f00b204e9800998ecf8427e]
http://staticaws.eat.ch [403] [GET] [text/html] [ERROR: The request could not be satisfied] [CloudFront] [cloudfront] [Amazon Cloudfront,Amazon Web Services] [d83d332075140ef1f6f5559b291235b1]
https://test-shop.eat.ch [302] [GET] [text/html] [302 Found] [awselb/2.0] [vhost] [f366e0e18b589cb6f243bf43ce75e83c]
https://tv.eat.ch [301] [GET] [] [] [cloudflare] [vhost] [cloudflare] [Cloudflare,Cloudflare Network Error Logging] [d41d8cd98f00b204e9800998ecf8427e]
http://subfolder-proxy-awards.eat.ch:2082 [301] [GET] [] [] [cloudflare] [vhost] [cloudflare] [Cloudflare,Cloudflare Network Error Logging] [d41d8cd98f00b204e9800998ecf8427e]
http://subfolder-proxy-awards.eat.ch:2086 [301] [GET] [] [] [cloudflare] [vhost] [cloudflare] [Cloudflare,Cloudflare Network Error Logging] [d41d8cd98f00b204e9800998ecf8427e]
http://subfolder-proxy-awards.eat.ch:8880 [301] [GET] [] [] [cloudflare] [vhost] [cloudflare] [Cloudflare,Cloudflare Network Error Logging] [d41d8cd98f00b204e9800998ecf8427e]
http://subfolder-proxy-foodwiki.eat.ch:2082 [301] [GET] [] [] [cloudflare] [vhost] [cloudflare] [Cloudflare,Cloudflare Network Error Logging] [d41d8cd98f00b204e9800998ecf8427e]
http://subfolder-proxy-foodwiki.eat.ch:2086 [301] [GET] [] [] [cloudflare] [vhost] [cloudflare] [Cloudflare,Cloudflare Network Error Logging] [d41d8cd98f00b204e9800998ecf8427e]
http://subfolder-proxy-foodwiki.eat.ch:8080 [301] [GET] [] [] [cloudflare] [vhost] [cloudflare] [Cloudflare,Cloudflare Network Error Logging] [d41d8cd98f00b204e9800998ecf8427e]
http://subfolder-proxy-foodwiki.eat.ch:8880 [301] [GET] [] [] [cloudflare] [vhost] [cloudflare] [Cloudflare,Cloudflare Network Error Logging] [d41d8cd98f00b204e9800998ecf8427e]
https://webservice.eat.ch [404] [GET] [text/plain] [] [awselb/2.0] [9e076f5885f5cc16a4b5aeb8de4adff5]
https://www.eat.ch [301] [GET] [] [] [cloudflare] [vhost] [cloudflare] [Cloudflare,Cloudflare Network Error Logging] [d41d8cd98f00b204e9800998ecf8427e]
