http://api.exmo.com:2083 [400] [GET] [text/html] [400 The plain HTTP request was sent to HTTPS port] [cloudflare] [cloudflare] [Cloudflare] [20ad84d030031252141ca0b3fc0183f0]
http://api.exmo.com:2087 [400] [GET] [text/html] [400 The plain HTTP request was sent to HTTPS port] [cloudflare] [cloudflare] [Cloudflare] [cd58783500d7fa3c58f88eb0ba22f4f8]
http://api.exmo.com:8443 [400] [GET] [text/html] [400 The plain HTTP request was sent to HTTPS port] [cloudflare] [cloudflare] [Cloudflare] [20ad84d030031252141ca0b3fc0183f0]
http://broker.exmo.com:2086 [429] [GET] [text/html] [Just a moment...] [cloudflare] [vhost] [cloudflare] [Cloudflare] [e3f2ac9efdd3b90c4aec0e6e577299a2]
http://broker.exmo.com:2095 [429] [GET] [text/html] [Just a moment...] [cloudflare] [vhost] [cloudflare] [Cloudflare] [491fda24a520498358b497eced92ca29]
http://broker.exmo.com:8080 [429] [GET] [text/html] [Just a moment...] [cloudflare] [vhost] [cloudflare] [Cloudflare] [28d318f337ebf1057fb3423992b82891]
http://broker.exmo.com:8880 [429] [GET] [text/html] [Just a moment...] [cloudflare] [vhost] [cloudflare] [Cloudflare] [90115286450da8fcfcdf2682ffda2053]
http://exmocoin.exmo.com:8080 [403] [GET] [text/plain] [] [cloudflare] [cloudflare] [Cloudflare] [4f20b85ce5ebf225720e040314a7966a]
http://exmo.com:2086 [429] [GET] [text/html] [Just a moment...] [cloudflare] [vhost] [cloudflare] [Cloudflare] [b14f7c2ee70bf5ac3a505764c363f119]
http://exmo.com:8080 [429] [GET] [text/html] [Just a moment...] [cloudflare] [vhost] [cloudflare] [Cloudflare] [0d79a99bd77c2ae1910180701630c1b4]
http://exmo.com:8880 [429] [GET] [text/html] [Just a moment...] [cloudflare] [vhost] [cloudflare] [Cloudflare] [bf57c7cee4ab27ba089743c18f14734e]
http://fiat.exmo.com:2086 [429] [GET] [text/html] [Just a moment...] [cloudflare] [vhost] [cloudflare] [Cloudflare] [477f2cd2508affedf1e81ca4c11014b1]
http://fiat.exmo.com:8080 [429] [GET] [text/html] [Just a moment...] [cloudflare] [vhost] [cloudflare] [Cloudflare] [62aca3835d3b4ef7fa5abd58e0fe3b5b]
http://fiat.exmo.com:8880 [429] [GET] [text/html] [Just a moment...] [cloudflare] [vhost] [cloudflare] [Cloudflare] [78051c653685d1cb7f88b7f6c59c99b7]
http://info.exmo.com:2086 [429] [GET] [text/html] [Just a moment...] [cloudflare] [vhost] [cloudflare] [Cloudflare] [18e4ebaed51257882cb63d3109538f05]
http://info.exmo.com:8080 [429] [GET] [text/html] [Just a moment...] [cloudflare] [vhost] [cloudflare] [Cloudflare] [f2060088bc6c449b9bce0c86586d67df]
http://info.exmo.com:8880 [429] [GET] [text/html] [Just a moment...] [cloudflare] [vhost] [cloudflare] [Cloudflare] [1011cada1cee51c3b0207d30c0412185]
https://api.exmo.com [404] [GET] [text/html] [] [cloudflare] [vhost] [cloudflare] [Cloudflare] [c4a73f408c91726557881b85a35a4437]
http://saveukraine.exmo.com:2086 [429] [GET] [text/html] [Just a moment...] [cloudflare] [vhost] [cloudflare] [Cloudflare] [7f5f72dca33363ef74daa772ffa5548f]
http://saveukraine.exmo.com:8080 [429] [GET] [text/html] [Just a moment...] [cloudflare] [vhost] [cloudflare] [Cloudflare] [c35040bd75ba0d71ec7a1bde3f4efccd]
http://saveukraine.exmo.com:8880 [429] [GET] [text/html] [Just a moment...] [cloudflare] [vhost] [cloudflare] [Cloudflare] [1588d9522f30975a0505eb8916696fdb]
https://broker.exmo.com:2083 [429] [GET] [text/html] [Just a moment...] [cloudflare] [vhost] [cloudflare] [Cloudflare] [d9d2c22484a1d22c2eb5f330414e6f80]
https://broker.exmo.com:2087 [429] [GET] [text/html] [Just a moment...] [cloudflare] [vhost] [cloudflare] [Cloudflare] [4004dc5831ffe6b5180a232d968ccc0a]
https://broker.exmo.com:2096 [429] [GET] [text/html] [Just a moment...] [cloudflare] [vhost] [cloudflare] [Cloudflare] [60326a8b57fa1e2bf67e5e4ff603fee9]
https://broker.exmo.com [301] [GET] [text/plain] [] [cloudflare] [vhost] [cloudflare] [Cloudflare] [706d54b6131356f909b344531e001c15]
https://broker.exmo.com:8443 [429] [GET] [text/html] [Just a moment...] [cloudflare] [vhost] [cloudflare] [Cloudflare] [a15cd30a2a350f351e478b0ae6462ebe]
https://email.exmo.com [200] [GET] [application/octet-stream] [] [nginx] [Nginx] [9f36c1c909fa94ed5e7af41387ae3dae]
https://exmocoin.exmo.com:2053 [429] [GET] [text/html] [Just a moment...] [cloudflare] [vhost] [cloudflare] [Cloudflare] [959ec082136f9fed914023837f744fd4]
https://exmocoin.exmo.com:2083 [429] [GET] [text/html] [Just a moment...] [cloudflare] [vhost] [cloudflare] [Cloudflare] [0e5fe76c091b8c7a66aff6655268d097]
https://exmocoin.exmo.com:2087 [403] [GET] [text/plain] [] [cloudflare] [vhost] [cloudflare] [Cloudflare] [4f20b85ce5ebf225720e040314a7966a]
https://exmocoin.exmo.com:2096 [429] [GET] [text/html] [Just a moment...] [cloudflare] [vhost] [cloudflare] [Cloudflare] [54bc19b5996d6a82d713d59be9b46e02]
https://exmocoin.exmo.com [301] [GET] [text/html] [301 Moved Permanently] [cloudflare] [vhost] [cloudflare] [Cloudflare] [cd2e0e43980a00fb6a2742d3afd803b8]
https://exmocoin.exmo.com:8443 [429] [GET] [text/html] [Just a moment...] [cloudflare] [vhost] [cloudflare] [Cloudflare] [a2bf91e125377ae40b812f5a3c0bc135]
https://exmo.com [200] [GET] [text/html] [Bitcoin Trading | Cryptocurrency Exchange | EXMO] [cloudflare] [vhost] [cloudflare] [Cloudflare,Google Font API] [cab37735aa27e588ae82e4de66755382]
https://exmo.com:2083 [429] [GET] [text/html] [Just a moment...] [cloudflare] [vhost] [cloudflare] [Cloudflare] [85256b2e6f703e2d1ab2523e14d4b303]
https://exmo.com:2087 [429] [GET] [text/html] [Just a moment...] [cloudflare] [vhost] [cloudflare] [Cloudflare] [a16fbf6cb200f99e95e8616d1b66ab3c]
https://exmo.com:8443 [429] [GET] [text/html] [Just a moment...] [cloudflare] [vhost] [cloudflare] [Cloudflare] [3e78cb130f05aa3ec1bb3ea791052b9f]
https://fiat.exmo.com [200] [GET] [text/html] [Welcome to nginx!] [cloudflare] [vhost] [cloudflare] [Cloudflare] [e3eb0a1df437f3f97a64aca5952c8ea0]
https://fiat.exmo.com:2083 [429] [GET] [text/html] [Just a moment...] [cloudflare] [vhost] [cloudflare] [Cloudflare] [f0f1c0eca4fef0da37fcf1add7a3997a]
https://fiat.exmo.com:2087 [429] [GET] [text/html] [Just a moment...] [cloudflare] [vhost] [cloudflare] [Cloudflare] [16c83133eebc55fe9d873b5e35a2d7de]
https://fiat.exmo.com:8443 [429] [GET] [text/html] [Just a moment...] [cloudflare] [vhost] [cloudflare] [Cloudflare] [b1930cf295ff18a80e0379bd267ae817]
https://info.exmo.com:2083 [429] [GET] [text/html] [Just a moment...] [cloudflare] [vhost] [cloudflare] [Cloudflare] [ae717b2ccce904371219e312bd3366eb]
https://info.exmo.com:2087 [429] [GET] [text/html] [Just a moment...] [cloudflare] [vhost] [cloudflare] [Cloudflare] [e8833250b02523a2b086c45006a1f4b1]
https://info.exmo.com [301] [GET] [text/html] [301 Moved Permanently] [cloudflare] [vhost] [cloudflare] [Cloudflare] [cd2e0e43980a00fb6a2742d3afd803b8]
https://info.exmo.com:8443 [429] [GET] [text/html] [Just a moment...] [cloudflare] [vhost] [cloudflare] [Cloudflare] [073c9b29c0a718c06937efc12c0ee924]
https://saveukraine.exmo.com [200] [GET] [text/html] [Save Ukraine] [cloudflare] [vhost] [cloudflare] [Cloudflare,Google Font API] [11e540be4d68909f364664cee1e40ce6]
https://saveukraine.exmo.com [200] [GET] [text/html] [Save Ukraine] [cloudflare] [vhost] [cloudflare] [Cloudflare,Google Font API] [b0e08045ebacf77460bad96ddbeb8505]
https://saveukraine.exmo.com:2053 [429] [GET] [text/html] [Just a moment...] [cloudflare] [vhost] [cloudflare] [Cloudflare] [44634fa081a92b364b173aef5065e5d8]
https://saveukraine.exmo.com:2083 [429] [GET] [text/html] [Just a moment...] [cloudflare] [vhost] [cloudflare] [Cloudflare] [ae2e878a1236f12b27e5f904992a9416]
https://saveukraine.exmo.com:2087 [429] [GET] [text/html] [Just a moment...] [cloudflare] [vhost] [cloudflare] [Cloudflare] [a699e283dbcd9819b3b41a72b52b4880]
https://saveukraine.exmo.com:2096 [429] [GET] [text/html] [Just a moment...] [cloudflare] [vhost] [cloudflare] [Cloudflare] [d03ff0fcee37eebd841f572db4ae7b38]
https://saveukraine.exmo.com:8443 [429] [GET] [text/html] [Just a moment...] [cloudflare] [vhost] [cloudflare] [Cloudflare] [ae129ef46c233181b68b4344d5d2733d]
https://support.exmo.com:2083 [429] [GET] [text/html] [Just a moment...] [cloudflare] [vhost] [cloudflare] [Cloudflare] [1329c65e0e6845514a377a714e5cff29]
https://support.exmo.com:2087 [429] [GET] [text/html] [Just a moment...] [cloudflare] [vhost] [cloudflare] [Cloudflare] [8d1dedeec94bec8b8d02988b03ab2baa]
https://support.exmo.com [301] [GET] [text/html] [301 Moved Permanently] [cloudflare] [vhost] [cloudflare] [Cloudflare] [cd2e0e43980a00fb6a2742d3afd803b8]
https://support.exmo.com:8443 [403] [GET] [text/html] [Attention Required! | Cloudflare] [cloudflare] [vhost] [cloudflare] [Cloudflare] [178c7956f6e8a3759f1ed7cabe0a184c]
http://support.exmo.com:2086 [429] [GET] [text/html] [Just a moment...] [cloudflare] [vhost] [cloudflare] [Cloudflare] [123bf10a4351c7cce3fb95124b63f09e]
http://support.exmo.com:8080 [429] [GET] [text/html] [Just a moment...] [cloudflare] [vhost] [cloudflare] [Cloudflare] [62d0172e87540edb568b6c8c6bdbaa48]
http://support.exmo.com:8880 [429] [GET] [text/html] [Just a moment...] [cloudflare] [vhost] [cloudflare] [Cloudflare] [131c05f8206669d44370e218599b8b2f]
https://ws-api.exmo.com:2083 [429] [GET] [text/html] [Just a moment...] [cloudflare] [vhost] [cloudflare] [Cloudflare] [7973b332daa1934d90f10a895a166244]
https://ws-api.exmo.com:2087 [429] [GET] [text/html] [Just a moment...] [cloudflare] [vhost] [cloudflare] [Cloudflare] [2ffa277540abfb82643c7abd27685f99]
https://ws-api.exmo.com [404] [GET] [text/html] [] [cloudflare] [vhost] [cloudflare] [Cloudflare] [c4a73f408c91726557881b85a35a4437]
https://ws-api.exmo.com:8443 [429] [GET] [text/html] [Just a moment...] [cloudflare] [vhost] [cloudflare] [Cloudflare] [0ce76cef1019d8140a5bbf73b59b5266]
https://www.exmo.com:2083 [429] [GET] [text/html] [Just a moment...] [cloudflare] [vhost] [cloudflare] [Cloudflare] [c4b573a548184aed71e4ba4ddeba8773]
https://www.exmo.com:2087 [429] [GET] [text/html] [Just a moment...] [cloudflare] [vhost] [cloudflare] [Cloudflare] [de9ab7a63713db25cfed10322a31365b]
https://www.exmo.com [301] [GET] [text/html] [301 Moved Permanently] [cloudflare] [vhost] [cloudflare] [Cloudflare] [cd2e0e43980a00fb6a2742d3afd803b8]
https://www.exmo.com:8443 [429] [GET] [text/html] [Just a moment...] [cloudflare] [vhost] [cloudflare] [Cloudflare] [189637948f9c3a775e217146d44e1c7a]
http://ws-api.exmo.com:2086 [429] [GET] [text/html] [Just a moment...] [cloudflare] [vhost] [cloudflare] [Cloudflare] [9e7cc685d5f144c54c393dc84ddf51c2]
http://ws-api.exmo.com:8080 [429] [GET] [text/html] [Just a moment...] [cloudflare] [vhost] [cloudflare] [Cloudflare] [e416abe6ae971df26224d7fc019c1ac7]
http://ws-api.exmo.com:8880 [429] [GET] [text/html] [Just a moment...] [cloudflare] [vhost] [cloudflare] [Cloudflare] [2f337c3614679d7569b1b8cb09c6b04c]
http://www.exmo.com:2086 [429] [GET] [text/html] [Just a moment...] [cloudflare] [vhost] [cloudflare] [Cloudflare] [bba01c0b37c5d2573e9359826d2167e6]
http://www.exmo.com:8080 [429] [GET] [text/html] [Just a moment...] [cloudflare] [vhost] [cloudflare] [Cloudflare] [f85b947df2737cf378fd35b535a01012]
http://www.exmo.com:8880 [429] [GET] [text/html] [Just a moment...] [cloudflare] [vhost] [cloudflare] [Cloudflare] [871b259b4742708f3d721c6735f17504]
