http://algo.a.exodus.io:8080 [301] [GET] [] [] [cloudflare] [cloudflare] [Cloudflare] [d41d8cd98f00b204e9800998ecf8427e]
http://algo-api.a.exodus.io:8080 [301] [GET] [] [] [cloudflare] [cloudflare] [Cloudflare] [d41d8cd98f00b204e9800998ecf8427e]
http://algo-s.a.exodus.io:8080 [301] [GET] [] [] [cloudflare] [cloudflare] [Cloudflare] [d41d8cd98f00b204e9800998ecf8427e]
http://atom3.a.exodus.io:8080 [301] [GET] [] [] [cloudflare] [cloudflare] [Cloudflare] [d41d8cd98f00b204e9800998ecf8427e]
http://atom3.a.exodus.io:8443 [400] [GET] [text/html] [400 The plain HTTP request was sent to HTTPS port] [cloudflare] [cloudflare] [Cloudflare] [cd58783500d7fa3c58f88eb0ba22f4f8]
http://atom4.a.exodus.io:8080 [301] [GET] [] [] [cloudflare] [cloudflare] [Cloudflare] [d41d8cd98f00b204e9800998ecf8427e]
http://atom4.a.exodus.io:8443 [400] [GET] [text/html] [400 The plain HTTP request was sent to HTTPS port] [cloudflare] [cloudflare] [Cloudflare] [cd58783500d7fa3c58f88eb0ba22f4f8]
http://bitcoin.a.exodus.io:8080 [301] [GET] [] [] [cloudflare] [cloudflare] [Cloudflare] [d41d8cd98f00b204e9800998ecf8427e]
http://bitcoin.a.exodus.io:8443 [400] [GET] [text/html] [400 The plain HTTP request was sent to HTTPS port] [cloudflare] [cloudflare] [Cloudflare] [20ad84d030031252141ca0b3fc0183f0]
http://bitcoincash.a.exodus.io:8080 [301] [GET] [] [] [cloudflare] [cloudflare] [Cloudflare] [d41d8cd98f00b204e9800998ecf8427e]
http://bitcoincash.a.exodus.io:8443 [400] [GET] [text/html] [400 The plain HTTP request was sent to HTTPS port] [cloudflare] [cloudflare] [Cloudflare] [20ad84d030031252141ca0b3fc0183f0]
http://bitcoincashnode.a.exodus.io:8080 [301] [GET] [] [] [cloudflare] [cloudflare] [Cloudflare] [d41d8cd98f00b204e9800998ecf8427e]
http://bitcoincashnode.a.exodus.io:8443 [400] [GET] [text/html] [400 The plain HTTP request was sent to HTTPS port] [cloudflare] [cloudflare] [Cloudflare] [20ad84d030031252141ca0b3fc0183f0]
http://bitcoingold.a.exodus.io:8080 [301] [GET] [] [] [cloudflare] [cloudflare] [Cloudflare] [d41d8cd98f00b204e9800998ecf8427e]
http://bitcoingold.a.exodus.io:8443 [400] [GET] [text/html] [400 The plain HTTP request was sent to HTTPS port] [cloudflare] [cloudflare] [Cloudflare] [cd58783500d7fa3c58f88eb0ba22f4f8]
http://bitcoinsv.a.exodus.io:8080 [301] [GET] [] [] [cloudflare] [cloudflare] [Cloudflare] [d41d8cd98f00b204e9800998ecf8427e]
http://bitcoinsv.a.exodus.io:8443 [400] [GET] [text/html] [400 The plain HTTP request was sent to HTTPS port] [cloudflare] [cloudflare] [Cloudflare] [20ad84d030031252141ca0b3fc0183f0]
http://blog.exodus.io:8080 [301] [GET] [] [] [cloudflare] [cloudflare] [Cloudflare] [d41d8cd98f00b204e9800998ecf8427e]
http://cardano.a.exodus.io:8080 [301] [GET] [] [] [cloudflare] [cloudflare] [Cloudflare] [d41d8cd98f00b204e9800998ecf8427e]
http://cardano.a.exodus.io:8443 [400] [GET] [text/html] [400 The plain HTTP request was sent to HTTPS port] [cloudflare] [cloudflare] [Cloudflare] [cd58783500d7fa3c58f88eb0ba22f4f8]
http://dash.a.exodus.io:8080 [301] [GET] [] [] [cloudflare] [cloudflare] [Cloudflare] [d41d8cd98f00b204e9800998ecf8427e]
http://dash.a.exodus.io:8443 [400] [GET] [text/html] [400 The plain HTTP request was sent to HTTPS port] [cloudflare] [cloudflare] [Cloudflare] [20ad84d030031252141ca0b3fc0183f0]
http://digibyte.a.exodus.io:8080 [403] [GET] [text/plain] [] [cloudflare] [cloudflare] [Cloudflare] [4f20b85ce5ebf225720e040314a7966a]
http://digibyte.a.exodus.io:8443 [400] [GET] [text/html] [400 The plain HTTP request was sent to HTTPS port] [cloudflare] [cloudflare] [Cloudflare] [20ad84d030031252141ca0b3fc0183f0]
http://dogecoin.a.exodus.io:8080 [301] [GET] [] [] [cloudflare] [cloudflare] [Cloudflare] [d41d8cd98f00b204e9800998ecf8427e]
http://dogecoin.a.exodus.io:8443 [400] [GET] [text/html] [400 The plain HTTP request was sent to HTTPS port] [cloudflare] [cloudflare] [Cloudflare] [cd58783500d7fa3c58f88eb0ba22f4f8]
http://downloads.exodus.io:8080 [301] [GET] [] [] [cloudflare] [cloudflare] [Cloudflare] [d41d8cd98f00b204e9800998ecf8427e]
http://eos.a.exodus.io:8080 [301] [GET] [] [] [cloudflare] [cloudflare] [Cloudflare] [d41d8cd98f00b204e9800998ecf8427e]
http://eos.a.exodus.io:8443 [400] [GET] [text/html] [400 The plain HTTP request was sent to HTTPS port] [cloudflare] [cloudflare] [Cloudflare] [cd58783500d7fa3c58f88eb0ba22f4f8]
http://etc.a.exodus.io:8080 [301] [GET] [] [] [cloudflare] [cloudflare] [Cloudflare] [d41d8cd98f00b204e9800998ecf8427e]
http://etc.a.exodus.io:8443 [400] [GET] [text/html] [400 The plain HTTP request was sent to HTTPS port] [cloudflare] [cloudflare] [Cloudflare] [cd58783500d7fa3c58f88eb0ba22f4f8]
http://eth.a.exodus.io:8080 [301] [GET] [] [] [cloudflare] [cloudflare] [Cloudflare] [d41d8cd98f00b204e9800998ecf8427e]
http://eth.a.exodus.io:8443 [400] [GET] [text/html] [400 The plain HTTP request was sent to HTTPS port] [cloudflare] [cloudflare] [Cloudflare] [cd58783500d7fa3c58f88eb0ba22f4f8]
http://exchange-d.exodus.io:8080 [403] [GET] [text/plain] [] [cloudflare] [vhost] [cloudflare] [Cloudflare] [7b5ea53ba332630e5aca8e4abb807f70]
http://exchange-eden.exodus.io:8080 [403] [GET] [text/plain] [] [cloudflare] [vhost] [cloudflare] [Cloudflare] [7b5ea53ba332630e5aca8e4abb807f70]
http://exchange.exodus.io:8080 [403] [GET] [text/plain] [] [cloudflare] [vhost] [cloudflare] [Cloudflare] [7b5ea53ba332630e5aca8e4abb807f70]
http://exchange-p.exodus.io:8080 [403] [GET] [text/plain] [] [cloudflare] [vhost] [cloudflare] [Cloudflare] [7b5ea53ba332630e5aca8e4abb807f70]
http://exchange-s.exodus.io:8080 [403] [GET] [text/plain] [] [cloudflare] [vhost] [cloudflare] [Cloudflare] [7b5ea53ba332630e5aca8e4abb807f70]
http://exotrack.exodus.io:8080 [301] [GET] [] [] [cloudflare] [cloudflare] [Cloudflare] [d41d8cd98f00b204e9800998ecf8427e]
http://fusion.exodus.io:8080 [301] [GET] [] [] [cloudflare] [cloudflare] [Cloudflare] [d41d8cd98f00b204e9800998ecf8427e]
http://fusion.exodus.io:8443 [400] [GET] [text/html] [400 The plain HTTP request was sent to HTTPS port] [cloudflare] [cloudflare] [Cloudflare] [20ad84d030031252141ca0b3fc0183f0]
http://getc.a.exodus.io:8080 [301] [GET] [] [] [cloudflare] [cloudflare] [Cloudflare] [d41d8cd98f00b204e9800998ecf8427e]
http://getc.a.exodus.io:8443 [400] [GET] [text/html] [400 The plain HTTP request was sent to HTTPS port] [cloudflare] [cloudflare] [Cloudflare] [20ad84d030031252141ca0b3fc0183f0]
http://geth.a.exodus.io:8080 [301] [GET] [] [] [cloudflare] [cloudflare] [Cloudflare] [d41d8cd98f00b204e9800998ecf8427e]
http://ghost.exodus.io:8080 [301] [GET] [] [] [cloudflare] [cloudflare] [Cloudflare] [d41d8cd98f00b204e9800998ecf8427e]
http://ghost.exodus.io:8443 [400] [GET] [text/html] [400 The plain HTTP request was sent to HTTPS port] [cloudflare] [cloudflare] [Cloudflare] [cd58783500d7fa3c58f88eb0ba22f4f8]
http://global-coin-height.exodus.io:8080 [301] [GET] [] [] [cloudflare] [vhost] [cloudflare] [Cloudflare] [d41d8cd98f00b204e9800998ecf8427e]
http://global-coin-height.exodus.io:8443 [400] [GET] [text/html] [400 The plain HTTP request was sent to HTTPS port] [cloudflare] [cloudflare] [Cloudflare] [20ad84d030031252141ca0b3fc0183f0]
http://grafana.exodus.io:8080 [301] [GET] [] [] [cloudflare] [cloudflare] [Cloudflare] [d41d8cd98f00b204e9800998ecf8427e]
http://hedera.a.exodus.io:8080 [301] [GET] [] [] [cloudflare] [cloudflare] [Cloudflare] [d41d8cd98f00b204e9800998ecf8427e]
http://hedera.a.exodus.io:8443 [400] [GET] [text/html] [400 The plain HTTP request was sent to HTTPS port] [cloudflare] [cloudflare] [Cloudflare] [20ad84d030031252141ca0b3fc0183f0]
http://help.exodus.io:8080 [301] [GET] [] [] [cloudflare] [cloudflare] [Cloudflare] [d41d8cd98f00b204e9800998ecf8427e]
http://image-resizer.exodus.io:8080 [301] [GET] [] [] [cloudflare] [cloudflare] [Cloudflare] [d41d8cd98f00b204e9800998ecf8427e]
http://image-resizer.exodus.io:8443 [400] [GET] [text/html] [400 The plain HTTP request was sent to HTTPS port] [cloudflare] [cloudflare] [Cloudflare] [20ad84d030031252141ca0b3fc0183f0]
http://litecoin.a.exodus.io:8080 [301] [GET] [] [] [cloudflare] [cloudflare] [Cloudflare] [d41d8cd98f00b204e9800998ecf8427e]
http://litecoin.a.exodus.io:8443 [400] [GET] [text/html] [400 The plain HTTP request was sent to HTTPS port] [cloudflare] [cloudflare] [Cloudflare] [20ad84d030031252141ca0b3fc0183f0]
http://marley-d.exodus.io:8080 [301] [GET] [] [] [cloudflare] [cloudflare] [Cloudflare] [d41d8cd98f00b204e9800998ecf8427e]
http://marley-d.exodus.io:8443 [400] [GET] [text/html] [400 The plain HTTP request was sent to HTTPS port] [cloudflare] [cloudflare] [Cloudflare] [cd58783500d7fa3c58f88eb0ba22f4f8]
http://marley-p.exodus.io:8080 [301] [GET] [] [] [cloudflare] [cloudflare] [Cloudflare] [d41d8cd98f00b204e9800998ecf8427e]
http://marley-p.exodus.io:8443 [400] [GET] [text/html] [400 The plain HTTP request was sent to HTTPS port] [cloudflare] [cloudflare] [Cloudflare] [20ad84d030031252141ca0b3fc0183f0]
http://metadata.exodus.io:8080 [301] [GET] [] [] [cloudflare] [cloudflare] [Cloudflare] [d41d8cd98f00b204e9800998ecf8427e]
http://nano.a.exodus.io:8080 [301] [GET] [] [] [cloudflare] [cloudflare] [Cloudflare] [d41d8cd98f00b204e9800998ecf8427e]
http://nano.a.exodus.io:8443 [400] [GET] [text/html] [400 The plain HTTP request was sent to HTTPS port] [cloudflare] [cloudflare] [Cloudflare] [cd58783500d7fa3c58f88eb0ba22f4f8]
http://neo-mag.a.exodus.io:8080 [301] [GET] [] [] [cloudflare] [cloudflare] [Cloudflare] [d41d8cd98f00b204e9800998ecf8427e]
http://neo-mag.a.exodus.io:8443 [400] [GET] [text/html] [400 The plain HTTP request was sent to HTTPS port] [cloudflare] [cloudflare] [Cloudflare] [cd58783500d7fa3c58f88eb0ba22f4f8]
http://neo-mag-d.a.exodus.io:8080 [301] [GET] [] [] [cloudflare] [cloudflare] [Cloudflare] [d41d8cd98f00b204e9800998ecf8427e]
http://neo-mag-d.a.exodus.io:8443 [400] [GET] [text/html] [400 The plain HTTP request was sent to HTTPS port] [cloudflare] [cloudflare] [Cloudflare] [20ad84d030031252141ca0b3fc0183f0]
http://oauth-d.exodus.io:8080 [301] [GET] [] [] [cloudflare] [cloudflare] [Cloudflare] [d41d8cd98f00b204e9800998ecf8427e]
http://oauth-d.exodus.io:8443 [400] [GET] [text/html] [400 The plain HTTP request was sent to HTTPS port] [cloudflare] [cloudflare] [Cloudflare] [20ad84d030031252141ca0b3fc0183f0]
http://oauth.exodus.io:8080 [301] [GET] [] [] [cloudflare] [cloudflare] [Cloudflare] [d41d8cd98f00b204e9800998ecf8427e]
http://oauth.exodus.io:8443 [400] [GET] [text/html] [400 The plain HTTP request was sent to HTTPS port] [cloudflare] [cloudflare] [Cloudflare] [20ad84d030031252141ca0b3fc0183f0]
http://oauth-s.exodus.io:8080 [301] [GET] [] [] [cloudflare] [cloudflare] [Cloudflare] [d41d8cd98f00b204e9800998ecf8427e]
http://oauth-s.exodus.io:8443 [400] [GET] [text/html] [400 The plain HTTP request was sent to HTTPS port] [cloudflare] [cloudflare] [Cloudflare] [20ad84d030031252141ca0b3fc0183f0]
http://ont.a.exodus.io:8080 [301] [GET] [] [] [cloudflare] [cloudflare] [Cloudflare] [d41d8cd98f00b204e9800998ecf8427e]
http://ont.a.exodus.io:8443 [400] [GET] [text/html] [400 The plain HTTP request was sent to HTTPS port] [cloudflare] [cloudflare] [Cloudflare] [cd58783500d7fa3c58f88eb0ba22f4f8]
http://ontexplorer.a.exodus.io:8080 [301] [GET] [] [] [cloudflare] [cloudflare] [Cloudflare] [d41d8cd98f00b204e9800998ecf8427e]
http://ontexplorer.a.exodus.io:8443 [400] [GET] [text/html] [400 The plain HTTP request was sent to HTTPS port] [cloudflare] [cloudflare] [Cloudflare] [cd58783500d7fa3c58f88eb0ba22f4f8]
http://pricing.a.exodus.io:8080 [301] [GET] [] [] [cloudflare] [cloudflare] [Cloudflare] [d41d8cd98f00b204e9800998ecf8427e]
http://pricing.a.exodus.io:8443 [400] [GET] [text/html] [400 The plain HTTP request was sent to HTTPS port] [cloudflare] [cloudflare] [Cloudflare] [20ad84d030031252141ca0b3fc0183f0]
http://pricing-d.a.exodus.io:8080 [301] [GET] [] [] [cloudflare] [cloudflare] [Cloudflare] [d41d8cd98f00b204e9800998ecf8427e]
http://pricing-d.a.exodus.io:8443 [400] [GET] [text/html] [400 The plain HTTP request was sent to HTTPS port] [cloudflare] [cloudflare] [Cloudflare] [cd58783500d7fa3c58f88eb0ba22f4f8]
http://pto-d.exodus.io:8080 [301] [GET] [] [] [cloudflare] [cloudflare] [Cloudflare] [d41d8cd98f00b204e9800998ecf8427e]
http://pto-d.exodus.io:8443 [400] [GET] [text/html] [400 The plain HTTP request was sent to HTTPS port] [cloudflare] [cloudflare] [Cloudflare] [cd58783500d7fa3c58f88eb0ba22f4f8]
http://pto-p.exodus.io:8080 [301] [GET] [] [] [cloudflare] [cloudflare] [Cloudflare] [d41d8cd98f00b204e9800998ecf8427e]
http://pto-p.exodus.io:8443 [400] [GET] [text/html] [400 The plain HTTP request was sent to HTTPS port] [cloudflare] [cloudflare] [Cloudflare] [20ad84d030031252141ca0b3fc0183f0]
http://ptp-d.exodus.io:8080 [301] [GET] [] [] [cloudflare] [cloudflare] [Cloudflare] [d41d8cd98f00b204e9800998ecf8427e]
http://ptp-p.exodus.io:8080 [301] [GET] [] [] [cloudflare] [cloudflare] [Cloudflare] [d41d8cd98f00b204e9800998ecf8427e]
http://ptp-p.exodus.io:8443 [400] [GET] [text/html] [400 The plain HTTP request was sent to HTTPS port] [cloudflare] [cloudflare] [Cloudflare] [20ad84d030031252141ca0b3fc0183f0]
http://qtum.a.exodus.io:8080 [301] [GET] [] [] [cloudflare] [cloudflare] [Cloudflare] [d41d8cd98f00b204e9800998ecf8427e]
http://qtum.a.exodus.io:8443 [400] [GET] [text/html] [400 The plain HTTP request was sent to HTTPS port] [cloudflare] [cloudflare] [Cloudflare] [cd58783500d7fa3c58f88eb0ba22f4f8]
http://raven-d.a.exodus.io:8080 [301] [GET] [] [] [cloudflare] [cloudflare] [Cloudflare] [d41d8cd98f00b204e9800998ecf8427e]
http://raven-d.a.exodus.io:8443 [400] [GET] [text/html] [400 The plain HTTP request was sent to HTTPS port] [cloudflare] [cloudflare] [Cloudflare] [20ad84d030031252141ca0b3fc0183f0]
http://remote-config-dev.exodus.io:8080 [301] [GET] [] [] [cloudflare] [cloudflare] [Cloudflare] [d41d8cd98f00b204e9800998ecf8427e]
http://remote-config.exodus.io:8080 [301] [GET] [] [] [cloudflare] [vhost] [cloudflare] [Cloudflare] [d41d8cd98f00b204e9800998ecf8427e]
http://ripple.a.exodus.io:8080 [301] [GET] [] [] [cloudflare] [cloudflare] [Cloudflare] [d41d8cd98f00b204e9800998ecf8427e]
http://ripple.a.exodus.io:8443 [400] [GET] [text/html] [400 The plain HTTP request was sent to HTTPS port] [cloudflare] [cloudflare] [Cloudflare] [20ad84d030031252141ca0b3fc0183f0]
https://algo.a.exodus.io [405] [GET] [application/json] [] [cloudflare] [vhost] [cloudflare] [Cloudflare] [6ec6d82d81df8c1a8c730b22481640b2]
https://algo-api.a.exodus.io [404] [GET] [application/json] [] [cloudflare] [vhost] [cloudflare] [Cloudflare] [48a73a4bd3176fbc096625bb7d4afa3f]
https://algo-s.a.exodus.io [405] [GET] [application/json] [] [cloudflare] [vhost] [cloudflare] [Cloudflare] [6ec6d82d81df8c1a8c730b22481640b2]
https://atom3.a.exodus.io [404] [GET] [text/html] [404 Not Found] [cloudflare] [vhost] [cloudflare] [Cloudflare] [370e16c3b7dba286cff055f93b9a94d8]
https://atom3.a.exodus.io [404] [GET] [text/html] [404 Not Found] [cloudflare] [vhost] [cloudflare] [Cloudflare] [8eec510e57f5f732fd2cce73df7b73ef]
https://atom4.a.exodus.io [404] [GET] [text/html] [404 Not Found] [cloudflare] [vhost] [cloudflare] [Cloudflare] [370e16c3b7dba286cff055f93b9a94d8]
https://atom4.a.exodus.io [404] [GET] [text/html] [404 Not Found] [cloudflare] [vhost] [cloudflare] [Cloudflare] [8eec510e57f5f732fd2cce73df7b73ef]
https://bitcoin.a.exodus.io [404] [GET] [text/html] [] [cloudflare] [vhost] [cloudflare] [Cloudflare] [7284c2476036354f9f15afc020ca890d]
https://bitcoincash.a.exodus.io [404] [GET] [text/html] [] [cloudflare] [vhost] [cloudflare] [Cloudflare] [7284c2476036354f9f15afc020ca890d]
https://bitcoincashnode.a.exodus.io [404] [GET] [text/html] [] [cloudflare] [vhost] [cloudflare] [Cloudflare] [7284c2476036354f9f15afc020ca890d]
https://bitcoingold.a.exodus.io [404] [GET] [text/html] [] [cloudflare] [vhost] [cloudflare] [Cloudflare] [7284c2476036354f9f15afc020ca890d]
https://bitcoinsv.a.exodus.io [404] [GET] [text/html] [] [cloudflare] [vhost] [cloudflare] [Cloudflare] [7284c2476036354f9f15afc020ca890d]
https://blog.exodus.io [301] [GET] [] [] [cloudflare] [vhost] [cloudflare] [Cloudflare] [d41d8cd98f00b204e9800998ecf8427e]
https://blog.exodus.io:8443 [301] [GET] [] [] [cloudflare] [vhost] [cloudflare] [Cloudflare] [d41d8cd98f00b204e9800998ecf8427e]
https://cardano.a.exodus.io [404] [GET] [application/json] [] [cloudflare] [vhost] [cloudflare] [Cloudflare] [621ae330f88fe87fe7f8027ba6851675]
https://dash.a.exodus.io [404] [GET] [text/html] [] [cloudflare] [vhost] [cloudflare] [Cloudflare] [7284c2476036354f9f15afc020ca890d]
https://digibyte.a.exodus.io [404] [GET] [text/html] [] [cloudflare] [vhost] [cloudflare] [Cloudflare] [7284c2476036354f9f15afc020ca890d]
https://dogecoin.a.exodus.io [404] [GET] [text/html] [] [cloudflare] [vhost] [cloudflare] [Cloudflare] [7284c2476036354f9f15afc020ca890d]
https://downloads.exodus.io [301] [GET] [] [] [cloudflare] [vhost] [cloudflare] [Cloudflare] [d41d8cd98f00b204e9800998ecf8427e]
https://downloads.exodus.io:8443 [301] [GET] [] [] [cloudflare] [vhost] [cloudflare] [Cloudflare] [d41d8cd98f00b204e9800998ecf8427e]
https://eos.a.exodus.io [404] [GET] [text/html] [404 Not Found] [cloudflare] [vhost] [cloudflare] [Cloudflare] [370e16c3b7dba286cff055f93b9a94d8]
http://server.exodus.io:8080 [301] [GET] [] [] [cloudflare] [vhost] [cloudflare] [Cloudflare] [d41d8cd98f00b204e9800998ecf8427e]
http://server.exodus.io:8443 [400] [GET] [text/html] [400 The plain HTTP request was sent to HTTPS port] [cloudflare] [cloudflare] [Cloudflare] [cd58783500d7fa3c58f88eb0ba22f4f8]
https://etc.a.exodus.io [404] [GET] [text/html] [] [cloudflare] [vhost] [cloudflare] [Cloudflare] [7284c2476036354f9f15afc020ca890d]
https://eth.a.exodus.io [404] [GET] [text/html] [] [cloudflare] [vhost] [cloudflare] [Cloudflare] [7284c2476036354f9f15afc020ca890d]
https://exchange-d.exodus.io [403] [GET] [text/plain] [] [cloudflare] [vhost] [cloudflare] [Cloudflare] [7b5ea53ba332630e5aca8e4abb807f70]
https://exchange-d.exodus.io:8443 [403] [GET] [text/plain] [] [cloudflare] [vhost] [cloudflare] [Cloudflare] [7b5ea53ba332630e5aca8e4abb807f70]
https://exchange-eden.exodus.io [403] [GET] [text/plain] [] [cloudflare] [vhost] [cloudflare] [Cloudflare] [7b5ea53ba332630e5aca8e4abb807f70]
https://exchange-eden.exodus.io:8443 [403] [GET] [text/plain] [] [cloudflare] [vhost] [cloudflare] [Cloudflare] [7b5ea53ba332630e5aca8e4abb807f70]
https://exchange.exodus.io [403] [GET] [text/plain] [] [cloudflare] [vhost] [cloudflare] [Cloudflare] [7b5ea53ba332630e5aca8e4abb807f70]
https://exchange.exodus.io:8443 [403] [GET] [text/plain] [] [cloudflare] [vhost] [cloudflare] [Cloudflare] [7b5ea53ba332630e5aca8e4abb807f70]
https://exchange-p.exodus.io [403] [GET] [text/plain] [] [cloudflare] [vhost] [cloudflare] [Cloudflare] [7b5ea53ba332630e5aca8e4abb807f70]
https://exchange-p.exodus.io:8443 [403] [GET] [text/plain] [] [cloudflare] [vhost] [cloudflare] [Cloudflare] [7b5ea53ba332630e5aca8e4abb807f70]
https://exchange-s.exodus.io [403] [GET] [text/plain] [] [cloudflare] [vhost] [cloudflare] [Cloudflare] [7b5ea53ba332630e5aca8e4abb807f70]
https://exchange-s.exodus.io:8443 [403] [GET] [text/plain] [] [cloudflare] [vhost] [cloudflare] [Cloudflare] [7b5ea53ba332630e5aca8e4abb807f70]
https://exodus.io [301] [GET] [] [] [cloudflare] [vhost] [cloudflare] [Cloudflare] [d41d8cd98f00b204e9800998ecf8427e]
https://exokit.a.exodus.io [403] [GET] [text/html] [Exodus - Firewall Triggered] [cloudflare] [vhost] [cloudflare] [Cloudflare] [c32f99d001c19a246089c65d46a726b2]
https://exokit.a.exodus.io [403] [GET] [text/html] [Exodus - Firewall Triggered] [cloudflare] [vhost] [cloudflare] [Cloudflare] [cc4ebe8d4e1c4b8f8335f4be3a3a1519]
https://exotrack.exodus.io [200] [GET] [text/html] [Exchange Tracking] [cloudflare] [vhost] [cloudflare] [Cloudflare] [c9597cf36bc7cadd2001ebcbdd907df1]
https://exotrack.exodus.io [403] [GET] [text/html] [Exodus - Firewall Triggered] [cloudflare] [vhost] [cloudflare] [Cloudflare] [30097f616628843d7569cab47507aa72]
https://exotrack.exodus.io:8443 [200] [GET] [text/html] [Exchange Tracking] [cloudflare] [vhost] [cloudflare] [Cloudflare] [c9597cf36bc7cadd2001ebcbdd907df1]
https://fusion.exodus.io [302] [GET] [text/html] [] [cloudflare] [vhost] [cloudflare] [Cloudflare,Google Cloud,Google Cloud Trace] [d41d8cd98f00b204e9800998ecf8427e]
https://getc.a.exodus.io [404] [GET] [text/html] [] [cloudflare] [vhost] [cloudflare] [Cloudflare] [7284c2476036354f9f15afc020ca890d]
https://geth.a.exodus.io [404] [GET] [text/html] [] [cloudflare] [vhost] [cloudflare] [Cloudflare] [7284c2476036354f9f15afc020ca890d]
https://geth.a.exodus.io:8443 [403] [GET] [text/html] [Exodus - Firewall Triggered] [cloudflare] [vhost] [cloudflare] [Cloudflare] [30097f616628843d7569cab47507aa72]
https://ghost.exodus.io [403] [GET] [text/html] [Exodus - Firewall Triggered] [cloudflare] [vhost] [cloudflare] [Cloudflare] [30097f616628843d7569cab47507aa72]
https://ghost.exodus.io [404] [GET] [text/html] [404 Not Found] [cloudflare] [vhost] [cloudflare] [Cloudflare] [370e16c3b7dba286cff055f93b9a94d8]
https://global-coin-height.exodus.io [404] [GET] [application/json] [] [cloudflare] [vhost] [cloudflare] [Cloudflare] [b5c4e04c286cf8988ce9ff806818bf73]
https://grafana.exodus.io [302] [GET] [] [] [cloudflare] [vhost] [cloudflare] [Cloudflare] [d41d8cd98f00b204e9800998ecf8427e]
https://grafana.exodus.io:8443 [302] [GET] [] [] [cloudflare] [vhost] [cloudflare] [Cloudflare] [d41d8cd98f00b204e9800998ecf8427e]
https://hedera.a.exodus.io [404] [GET] [application/json] [] [cloudflare] [vhost] [cloudflare] [Cloudflare] [5d338938b152a6aaf0d058aaf9bfd81b]
https://help.exodus.io [301] [GET] [] [] [cloudflare] [vhost] [cloudflare] [Cloudflare] [d41d8cd98f00b204e9800998ecf8427e]
https://help.exodus.io:8443 [301] [GET] [] [] [cloudflare] [vhost] [cloudflare] [Cloudflare] [d41d8cd98f00b204e9800998ecf8427e]
https://image-resizer.exodus.io [403] [GET] [application/json] [] [cloudflare] [vhost] [cloudflare] [Amazon Cloudfront,Amazon Web Services,Cloudflare] [905b1fbb26e082557ff0b3b3553cda6c]
http://slack-invite.exodus.io:8080 [301] [GET] [] [] [cloudflare] [cloudflare] [Cloudflare] [d41d8cd98f00b204e9800998ecf8427e]
https://litecoin.a.exodus.io [404] [GET] [text/html] [] [cloudflare] [vhost] [cloudflare] [Cloudflare] [7284c2476036354f9f15afc020ca890d]
https://marley-d.exodus.io [403] [GET] [application/json] [] [cloudflare] [vhost] [cloudflare] [Cloudflare] [905b1fbb26e082557ff0b3b3553cda6c]
https://marley-d.exodus.io [403] [GET] [text/plain] [] [cloudflare] [vhost] [cloudflare] [Cloudflare] [4f20b85ce5ebf225720e040314a7966a]
https://marley-p.exodus.io [403] [GET] [application/json] [] [cloudflare] [vhost] [cloudflare] [Cloudflare] [905b1fbb26e082557ff0b3b3553cda6c]
https://metadata.exodus.io [301] [GET] [] [] [cloudflare] [vhost] [cloudflare] [Cloudflare] [d41d8cd98f00b204e9800998ecf8427e]
https://metadata.exodus.io:8443 [301] [GET] [] [] [cloudflare] [vhost] [cloudflare] [Cloudflare] [d41d8cd98f00b204e9800998ecf8427e]
https://nano.a.exodus.io [404] [GET] [text/html] [Error] [cloudflare] [vhost] [cloudflare] [Cloudflare,Express,Node.js] [da7da7d630292e7a2a7dda8ca87b3d39]
https://neo-mag.a.exodus.io [404] [GET] [text/html] [] [cloudflare] [vhost] [cloudflare] [Cloudflare] [7284c2476036354f9f15afc020ca890d]
https://neo-mag-d.a.exodus.io [404] [GET] [text/html] [] [cloudflare] [vhost] [cloudflare] [Cloudflare] [7284c2476036354f9f15afc020ca890d]
https://oauth-d.exodus.io [403] [GET] [text/html] [Sign In] [cloudflare] [vhost] [cloudflare] [Cloudflare] [af5fb2a1794ce0f85c362a9faa73ce26]
https://oauth.exodus.io [403] [GET] [text/html] [Sign In] [cloudflare] [vhost] [cloudflare] [Cloudflare] [af5fb2a1794ce0f85c362a9faa73ce26]
https://oauth-s.exodus.io [403] [GET] [text/html] [Sign In] [cloudflare] [vhost] [cloudflare] [Cloudflare] [af5fb2a1794ce0f85c362a9faa73ce26]
https://ont.a.exodus.io [404] [GET] [text/plain] [] [cloudflare] [vhost] [cloudflare] [Cloudflare] [595e88012a6521aae3e12cbebe76eb9e]
https://ontexplorer.a.exodus.io [404] [GET] [application/json] [] [cloudflare] [vhost] [cloudflare] [Cloudflare] [721edb8612127c03ac2fb3e98edbf4c7]
https://ontexplorer.a.exodus.io [404] [GET] [application/json] [] [cloudflare] [vhost] [cloudflare] [Cloudflare] [eb4fbfd4dc43fceb44c4a391cc16051c]
https://pricing.a.exodus.io [404] [GET] [application/json] [] [cloudflare] [vhost] [cloudflare] [Cloudflare] [b5c4e04c286cf8988ce9ff806818bf73]
https://pricing-d.a.exodus.io [404] [GET] [application/json] [] [cloudflare] [vhost] [cloudflare] [Cloudflare] [b5c4e04c286cf8988ce9ff806818bf73]
https://pto-d.exodus.io [415] [GET] [application/json] [] [cloudflare] [vhost] [cloudflare] [Cloudflare,Express,Node.js] [d036014fe8f0677c537145ccfef2dff4]
https://pto-p.exodus.io [415] [GET] [application/json] [] [cloudflare] [vhost] [cloudflare] [Cloudflare,Express,Node.js] [d036014fe8f0677c537145ccfef2dff4]
https://ptp-d.exodus.io [403] [GET] [application/json] [] [cloudflare] [vhost] [cloudflare] [Cloudflare] [905b1fbb26e082557ff0b3b3553cda6c]
https://ptp-d.exodus.io:8443 [403] [GET] [text/plain] [] [cloudflare] [vhost] [cloudflare] [Cloudflare] [4f20b85ce5ebf225720e040314a7966a]
https://ptp-p.exodus.io [403] [GET] [application/json] [] [cloudflare] [vhost] [cloudflare] [Cloudflare] [905b1fbb26e082557ff0b3b3553cda6c]
https://qtum.a.exodus.io [403] [GET] [text/plain] [] [cloudflare] [vhost] [cloudflare] [Cloudflare] [7b5ea53ba332630e5aca8e4abb807f70]
https://qtum.a.exodus.io [404] [GET] [text/html] [] [cloudflare] [vhost] [cloudflare] [Cloudflare] [7284c2476036354f9f15afc020ca890d]
https://raven-d.a.exodus.io [403] [GET] [text/plain] [] [cloudflare] [vhost] [cloudflare] [Cloudflare] [4f20b85ce5ebf225720e040314a7966a]
https://raven-d.a.exodus.io [404] [GET] [text/html] [] [cloudflare] [vhost] [cloudflare] [Cloudflare] [7284c2476036354f9f15afc020ca890d]
https://remote-config-dev.exodus.io [500] [GET] [text/plain] [] [cloudflare] [vhost] [cloudflare] [Cloudflare] [9eb13e780ade6137e1caab454346dd34]
https://remote-config-dev.exodus.io:8443 [500] [GET] [text/plain] [] [cloudflare] [vhost] [cloudflare] [Cloudflare] [9eb13e780ade6137e1caab454346dd34]
https://remote-config.exodus.io [500] [GET] [text/plain] [] [cloudflare] [vhost] [cloudflare] [Cloudflare] [9eb13e780ade6137e1caab454346dd34]
https://remote-config.exodus.io:8443 [500] [GET] [text/plain] [] [cloudflare] [vhost] [cloudflare] [Cloudflare] [9eb13e780ade6137e1caab454346dd34]
https://ripple.a.exodus.io [404] [GET] [text/html] [] [cloudflare] [vhost] [cloudflare] [Cloudflare] [7284c2476036354f9f15afc020ca890d]
https://server.exodus.io [200] [GET] [text/html] [] [cloudflare] [vhost] [cloudflare] [Cloudflare,Microsoft ASP.NET] [d41d8cd98f00b204e9800998ecf8427e]
https://slack-invite.exodus.io [523] [GET] [] [] [cloudflare] [vhost] [cloudflare] [Cloudflare] [d41d8cd98f00b204e9800998ecf8427e]
https://slack-invite.exodus.io:8443 [523] [GET] [] [] [cloudflare] [vhost] [cloudflare] [Cloudflare] [d41d8cd98f00b204e9800998ecf8427e]
https://support.exodus.io [301] [GET] [] [] [cloudflare] [vhost] [cloudflare] [Cloudflare] [d41d8cd98f00b204e9800998ecf8427e]
https://support.exodus.io:8443 [301] [GET] [] [] [cloudflare] [vhost] [cloudflare] [Cloudflare] [d41d8cd98f00b204e9800998ecf8427e]
https://support-lt.exodus.io [404] [GET] [] [] [cloudflare] [vhost] [cloudflare] [Cloudflare,Google Cloud,Google Cloud CDN] [d41d8cd98f00b204e9800998ecf8427e]
https://support-lt.exodus.io:8443 [521] [GET] [] [] [cloudflare] [vhost] [cloudflare] [Cloudflare] [d41d8cd98f00b204e9800998ecf8427e]
https://tezos.a.exodus.io [404] [GET] [text/html] [] [cloudflare] [vhost] [cloudflare] [Cloudflare] [7284c2476036354f9f15afc020ca890d]
https://updates.exodus.io [301] [GET] [] [] [cloudflare] [vhost] [cloudflare] [Cloudflare] [d41d8cd98f00b204e9800998ecf8427e]
https://updates.exodus.io:8443 [301] [GET] [] [] [cloudflare] [vhost] [cloudflare] [Cloudflare] [d41d8cd98f00b204e9800998ecf8427e]
http://support.exodus.io:8080 [301] [GET] [] [] [cloudflare] [cloudflare] [Cloudflare] [d41d8cd98f00b204e9800998ecf8427e]
http://support-lt.exodus.io:8080 [301] [GET] [] [] [cloudflare] [cloudflare] [Cloudflare] [d41d8cd98f00b204e9800998ecf8427e]
https://vet.a.exodus.io [307] [GET] [text/html] [] [cloudflare] [vhost] [cloudflare] [Cloudflare] [ff263b60743b7c536df6560859ef3d2e]
https://web3.a.exodus.io [404] [GET] [] [] [cloudflare] [vhost] [cloudflare] [Cloudflare,Cloudflare Network Error Logging] [d41d8cd98f00b204e9800998ecf8427e]
https://www.exodus.io [301] [GET] [] [] [cloudflare] [vhost] [cloudflare] [Cloudflare] [d41d8cd98f00b204e9800998ecf8427e]
https://www.exodus.io:8443 [301] [GET] [] [] [cloudflare] [vhost] [cloudflare] [Cloudflare] [d41d8cd98f00b204e9800998ecf8427e]
https://xmr.a.exodus.io [404] [GET] [text/plain] [] [cloudflare] [vhost] [cloudflare] [Cloudflare] [d41d8cd98f00b204e9800998ecf8427e]
https://zcash.a.exodus.io [404] [GET] [text/html] [] [cloudflare] [vhost] [cloudflare] [Cloudflare] [7284c2476036354f9f15afc020ca890d]
https://zilliqa-p.a.exodus.io [404] [GET] [text/html] [] [cloudflare] [vhost] [cloudflare] [Cloudflare] [7284c2476036354f9f15afc020ca890d]
http://tezos.a.exodus.io:8080 [301] [GET] [] [] [cloudflare] [cloudflare] [Cloudflare] [d41d8cd98f00b204e9800998ecf8427e]
http://tezos.a.exodus.io:8443 [400] [GET] [text/html] [400 The plain HTTP request was sent to HTTPS port] [cloudflare] [cloudflare] [Cloudflare] [20ad84d030031252141ca0b3fc0183f0]
http://updates.exodus.io:8080 [301] [GET] [] [] [cloudflare] [cloudflare] [Cloudflare] [d41d8cd98f00b204e9800998ecf8427e]
http://vet.a.exodus.io:8080 [301] [GET] [] [] [cloudflare] [cloudflare] [Cloudflare] [d41d8cd98f00b204e9800998ecf8427e]
http://vet.a.exodus.io:8443 [400] [GET] [text/html] [400 The plain HTTP request was sent to HTTPS port] [cloudflare] [cloudflare] [Cloudflare] [cd58783500d7fa3c58f88eb0ba22f4f8]
http://www.exodus.io:8080 [301] [GET] [] [] [cloudflare] [vhost] [cloudflare] [Cloudflare] [d41d8cd98f00b204e9800998ecf8427e]
http://xmr.a.exodus.io:8080 [301] [GET] [] [] [cloudflare] [cloudflare] [Cloudflare] [d41d8cd98f00b204e9800998ecf8427e]
http://xmr.a.exodus.io:8443 [400] [GET] [text/html] [400 The plain HTTP request was sent to HTTPS port] [cloudflare] [cloudflare] [Cloudflare] [20ad84d030031252141ca0b3fc0183f0]
http://zcash.a.exodus.io:8080 [301] [GET] [] [] [cloudflare] [cloudflare] [Cloudflare] [d41d8cd98f00b204e9800998ecf8427e]
http://zcash.a.exodus.io:8443 [400] [GET] [text/html] [400 The plain HTTP request was sent to HTTPS port] [cloudflare] [cloudflare] [Cloudflare] [20ad84d030031252141ca0b3fc0183f0]
http://zilliqa-p.a.exodus.io:8080 [301] [GET] [] [] [cloudflare] [cloudflare] [Cloudflare] [d41d8cd98f00b204e9800998ecf8427e]
http://zilliqa-p.a.exodus.io:8443 [400] [GET] [text/html] [400 The plain HTTP request was sent to HTTPS port] [cloudflare] [cloudflare] [Cloudflare] [cd58783500d7fa3c58f88eb0ba22f4f8]
