http://adm-tsmcexch01.exponent.cx [302] [GET] [text/html] [] [nginx] [vhost] [Nginx] [b06a1b8498eddf7c6e452d084b25c997]
http://c.exponent.cx [302] [GET] [text/html] [] [nginx] [vhost] [Nginx] [b06a1b8498eddf7c6e452d084b25c997]
http://docs.exponent.cx:2082 [302] [GET] [] [] [cloudflare] [vhost] [cloudflare] [Cloudflare] [d41d8cd98f00b204e9800998ecf8427e]
http://docs.exponent.cx:2086 [302] [GET] [] [] [cloudflare] [vhost] [cloudflare] [Cloudflare] [d41d8cd98f00b204e9800998ecf8427e]
http://docs.exponent.cx:8080 [302] [GET] [] [] [cloudflare] [vhost] [cloudflare] [Cloudflare] [d41d8cd98f00b204e9800998ecf8427e]
http://docs.exponent.cx:8880 [302] [GET] [] [] [cloudflare] [vhost] [cloudflare] [Cloudflare] [d41d8cd98f00b204e9800998ecf8427e]
http://documentation.exponent.cx [503] [GET] [text/html] [503 Service Temporarily Unavailable] [nginx] [Nginx] [7772594fc0fcc01b962246dff814fcfd]
http://email.exponent.cx [302] [GET] [text/html] [] [nginx] [vhost] [Nginx] [b06a1b8498eddf7c6e452d084b25c997]
http://nginx.exponent.cx [503] [GET] [text/html] [503 Service Temporarily Unavailable] [nginx] [Nginx] [27cb74e9c6ab203acfd7666b44254f5d]
https://app.exponent.cx [200] [GET] [text/html] [Exponent] [Netlify] [vhost] [Google Font API,Netlify] [f32417a645feec048c8ae0623bcee5cc]
https://dashboard.exponent.cx [200] [GET] [text/html] [Grafana] [Google Frontend] [google] [Google App Engine,Google Cloud,Google Cloud CDN] [221447d483a77bca240d70e820d81414]
https://docs.exponent.cx:2083 [302] [GET] [text/plain] [] [cloudflare] [vhost] [cloudflare] [Algolia,Cloudflare,Google Cloud,Google Cloud Trace] [05525ef889b1c69ab2735d872837b6b5]
https://docs.exponent.cx:2087 [302] [GET] [text/plain] [] [cloudflare] [vhost] [cloudflare] [Algolia,Cloudflare,Google Cloud,Google Cloud Trace] [05525ef889b1c69ab2735d872837b6b5]
https://docs.exponent.cx [302] [GET] [text/plain] [] [cloudflare] [vhost] [cloudflare] [Algolia,Cloudflare,Google Cloud,Google Cloud Trace] [05525ef889b1c69ab2735d872837b6b5]
https://docs.exponent.cx:8443 [403] [GET] [text/html] [Attention Required! | Cloudflare] [cloudflare] [vhost] [cloudflare] [Cloudflare] [a618691bbf58362aead755ab1c1ea677]
https://exponent.cx [200] [GET] [text/html] [Exponent - Decentralized Capital-as-a-Service] [Squarespace] [vhost] [Google Font API,Squarespace,Squarespace Commerce,Stimulus] [8a6cef731521bcb12fb1386040a167a2]
https://strategist.exponent.cx [302] [GET] [text/html] [] [Google Frontend] [vhost] [google] [Google App Engine,Google Cloud,Google Cloud CDN] [d41d8cd98f00b204e9800998ecf8427e]
http://static.exponent.cx [302] [GET] [text/html] [] [nginx] [vhost] [Nginx] [b06a1b8498eddf7c6e452d084b25c997]
http://stg.exponent.cx [302] [GET] [text/html] [] [nginx] [Nginx] [b06a1b8498eddf7c6e452d084b25c997]
http://suica.exponent.cx [503] [GET] [text/html] [503 Service Temporarily Unavailable] [nginx] [vhost] [Nginx] [27cb74e9c6ab203acfd7666b44254f5d]
https://www.exponent.cx [301] [GET] [] [] [Squarespace] [vhost] [Squarespace,Squarespace Commerce] [d41d8cd98f00b204e9800998ecf8427e]
http://tsmc1014.exponent.cx [302] [GET] [text/html] [] [nginx] [vhost] [Nginx] [b06a1b8498eddf7c6e452d084b25c997]
http://tsmcexch01.exponent.cx [503] [GET] [text/html] [503 Service Temporarily Unavailable] [nginx] [Nginx] [27cb74e9c6ab203acfd7666b44254f5d]
http://v1.exponent.cx [503] [GET] [text/html] [503 Service Temporarily Unavailable] [nginx] [Nginx] [7772594fc0fcc01b962246dff814fcfd]
http://v2.exponent.cx [302] [GET] [text/html] [] [nginx] [vhost] [Nginx] [b06a1b8498eddf7c6e452d084b25c997]
