https://account.flickr.com [403] [GET] [text/html] [ERROR: The request could not be satisfied] [CloudFront] [cloudfront] [Amazon Cloudfront,Amazon Web Services] [94c23ef586ef9ebe5f1917d28eefc3bd]
https://account.flickr.com [403] [GET] [text/html] [ERROR: The request could not be satisfied] [CloudFront] [cloudfront] [Amazon Cloudfront,Amazon Web Services] [d93711b7e3b2eadd15e3db4d2fbeac7a]
https://apiv2.flickr.com [403] [GET] [text/html] [ERROR: The request could not be satisfied] [CloudFront] [cloudfront] [Amazon Cloudfront,Amazon Web Services] [215b0df5b296a054d8eb1b59d30c91e4]
https://apiv2.flickr.com [403] [GET] [text/html] [ERROR: The request could not be satisfied] [CloudFront] [cloudfront] [Amazon Cloudfront,Amazon Web Services] [3ccf32ad2a407221a6f29b119bb7d51c]
https://appletv-production.flickr.com [200] [GET] [text/html] [] [] [a21147089419d1b4796b00adc11e3075]
https://appletv-real.flickr.com [200] [GET] [text/html] [] [] [a21147089419d1b4796b00adc11e3075]
https://ats-rw.www.flickr.com [403] [GET] [text/html] [ERROR: The request could not be satisfied] [CloudFront] [cloudfront] [Amazon Cloudfront,Amazon Web Services] [58368cf6bded27a872bf21948b089c41]
https://ats-rw.www.flickr.com [403] [GET] [text/html] [ERROR: The request could not be satisfied] [CloudFront] [cloudfront] [Amazon Cloudfront,Amazon Web Services] [812165128f9ed37e4e5525fdbda216b3]
https://auto-up.flickr.com [200] [GET] [text/html] [Welcome to Flickr - Photo Sharing] [Apache/2.4.54 (Ubuntu)] [Apache:2.4.54,PayPal,Ubuntu] [84bab71a25be1996979bef2116ba871a]
https://auto-up.flickr.com [200] [GET] [text/html] [Welcome to Flickr - Photo Sharing] [Apache/2.4.54 (Ubuntu)] [vhost] [Apache:2.4.54,PayPal,Ubuntu] [a19b6e0a78999d68cb7d7794c2fc5d18]
https://auto-up-resume.flickr.com [200] [GET] [text/html] [Welcome to Flickr - Photo Sharing] [Apache/2.4.54 (Ubuntu)] [Apache:2.4.54,PayPal,Ubuntu] [55b2dfed1b6f994ffc9f80fcd5c05878]
https://auto-up-resume.flickr.com [200] [GET] [text/html] [Welcome to Flickr - Photo Sharing] [Apache/2.4.54 (Ubuntu)] [Apache:2.4.54,PayPal,Ubuntu] [8979d2051ad80f517636ef2fc3c5af52]
https://bf1-www.flickr.com [200] [GET] [text/html] [Find your inspiration. | Flickr] [] [vhost] [cloudfront] [Amazon Cloudfront,Amazon Web Services] [22dbb3fa33d12bc6f00dbfa3fbdddc12]
https://bf1-www.flickr.com [200] [GET] [text/html] [Find your inspiration. | Flickr] [] [vhost] [cloudfront] [Amazon Cloudfront,Amazon Web Services] [eeb41112a197218dc2046951d8e72ec0]
https://bots.flickr.com [200] [GET] [text/html] [Find your inspiration. | Flickr] [] [vhost] [cloudfront] [Amazon Cloudfront,Amazon Web Services] [0150ce498d3789dc639455e6557ecd6b]
https://bots.flickr.com [200] [GET] [text/html] [Find your inspiration. | Flickr] [] [vhost] [cloudfront] [Amazon Cloudfront,Amazon Web Services] [e0763da38addfc9eb95373c5b47383bb]
https://bup.flickr.com [200] [GET] [text/html] [Welcome to Flickr - Photo Sharing] [Apache/2.4.54 (Ubuntu)] [Apache:2.4.54,PayPal,Ubuntu] [308dcf841d10a6357b0e89c9504b63ad]
https://bup.flickr.com [200] [GET] [text/html] [Welcome to Flickr - Photo Sharing] [Apache/2.4.54 (Ubuntu)] [Apache:2.4.54,PayPal,Ubuntu] [316ff571be08fe9359c98c2fd9869c2c]
https://bup-resume.flickr.com [200] [GET] [text/html] [Welcome to Flickr - Photo Sharing] [Apache/2.4.54 (Ubuntu)] [Apache:2.4.54,PayPal,Ubuntu] [23b82ca96ce34fde43e6bb564b366ede]
https://bup-resume.flickr.com [200] [GET] [text/html] [Welcome to Flickr - Photo Sharing] [Apache/2.4.54 (Ubuntu)] [Apache:2.4.54,PayPal,Ubuntu] [e9ccb552c4431b63ed7269a3a7d372e9]
https://dagobah.flickr.com [302] [GET] [text/html] [Redirecting...] [nginx/1.21.1] [Nginx:1.21.1] [d29437ec43cd2cdbc52a47b031056039]
https://downloadr.flickr.com [200] [GET] [text/html] [Find your inspiration. | Flickr] [] [vhost] [cloudfront] [Amazon Cloudfront,Amazon Web Services] [2016889ace80e782e359c08b34dc5e69]
https://downloadr.flickr.com [200] [GET] [text/html] [Find your inspiration. | Flickr] [] [vhost] [cloudfront] [Amazon Cloudfront,Amazon Web Services] [88d4ae65da0fbf5e5d470405d0b41bf5]
https://downloads.flickr.com [403] [GET] [application/xml] [] [AmazonS3] [vhost] [cloudfront] [Amazon Cloudfront,Amazon S3,Amazon Web Services] [03b2a3b69cc1c81116d6fd721ea63a69]
https://downloads.flickr.com [403] [GET] [application/xml] [] [AmazonS3] [vhost] [cloudfront] [Amazon Cloudfront,Amazon S3,Amazon Web Services] [711cc63fb89bbf5ef09be51f9ec2d970]
https://embedr.flickr.com [302] [GET] [text/plain] [] [] [18b94a1e290a152180b3e991336f4790]
https://embedr-production.flickr.com [302] [GET] [text/plain] [] [] [18b94a1e290a152180b3e991336f4790]
https://extbeta1.flickr.com [403] [GET] [text/html] [ERROR: The request could not be satisfied] [CloudFront] [cloudfront] [Amazon Cloudfront,Amazon Web Services] [b1e2a33ea96656fd5cb58b84524c33a9]
https://extbeta1.flickr.com [403] [GET] [text/html] [ERROR: The request could not be satisfied] [CloudFront] [cloudfront] [Amazon Cloudfront,Amazon Web Services] [b62ddb5bf028dcb96acf1961ffe886af]
https://farm1.static.flickr.com [200] [GET] [text/html] [] [Jubilee] [vhost] [cloudfront] [Amazon Cloudfront,Amazon Web Services] [2ebe6140102f3c58433ca726e55bb956]
https://farm2.static.flickr.com [200] [GET] [text/html] [] [Jubilee] [vhost] [cloudfront] [Amazon Cloudfront,Amazon Web Services] [2ebe6140102f3c58433ca726e55bb956]
https://farm3.static.flickr.com [200] [GET] [text/html] [] [Jubilee] [vhost] [cloudfront] [Amazon Cloudfront,Amazon Web Services] [2ebe6140102f3c58433ca726e55bb956]
https://farm4.static.flickr.com [200] [GET] [text/html] [] [Jubilee] [vhost] [cloudfront] [Amazon Cloudfront,Amazon Web Services] [2ebe6140102f3c58433ca726e55bb956]
https://farm5.static.flickr.com [200] [GET] [text/html] [] [Jubilee] [vhost] [cloudfront] [Amazon Cloudfront,Amazon Web Services] [2ebe6140102f3c58433ca726e55bb956]
https://farm66.static.flickr.com [200] [GET] [text/html] [] [Jubilee] [vhost] [cloudfront] [Amazon Cloudfront,Amazon Web Services] [2ebe6140102f3c58433ca726e55bb956]
https://farm6.static.flickr.com [200] [GET] [text/html] [] [Jubilee] [vhost] [cloudfront] [Amazon Cloudfront,Amazon Web Services] [2ebe6140102f3c58433ca726e55bb956]
https://farm7.static.flickr.com [200] [GET] [text/html] [] [Jubilee] [vhost] [cloudfront] [Amazon Cloudfront,Amazon Web Services] [2ebe6140102f3c58433ca726e55bb956]
https://farm8.static.flickr.com [200] [GET] [text/html] [] [Jubilee] [vhost] [cloudfront] [Amazon Cloudfront,Amazon Web Services] [2ebe6140102f3c58433ca726e55bb956]
https://farm9.static.flickr.com [200] [GET] [text/html] [] [Jubilee] [vhost] [cloudfront] [Amazon Cloudfront,Amazon Web Services] [2ebe6140102f3c58433ca726e55bb956]
https://flickr.com [200] [GET] [text/html] [Find your inspiration. | Flickr] [] [vhost] [cloudfront] [Amazon Cloudfront,Amazon Web Services] [6220b4451e09583ade80371a943550c3]
https://flickr.com [200] [GET] [text/html] [Find your inspiration. | Flickr] [] [vhost] [cloudfront] [Amazon Cloudfront,Amazon Web Services] [bda8a0b845b5ffea065c6d4231890508]
https://flimg.flickr.com [400] [GET] [text/plain] [] [] [vhost] [cloudfront] [Amazon Cloudfront,Amazon Web Services] [825644f747baab2c00e420dbbc39e4b3]
https://flipv6.flickr.com [403] [GET] [text/html] [ERROR: The request could not be satisfied] [CloudFront] [cloudfront] [Amazon Cloudfront,Amazon Web Services] [3139c2b61c4c7436a026d1cafbac6387]
https://flipv6.flickr.com [403] [GET] [text/html] [ERROR: The request could not be satisfied] [CloudFront] [cloudfront] [Amazon Cloudfront,Amazon Web Services] [e958969778e45fdf3467fb7bf9209a5e]
https://gq1-www.flickr.com [200] [GET] [text/html] [Find your inspiration. | Flickr] [] [vhost] [cloudfront] [Amazon Cloudfront,Amazon Web Services] [d2b624636cff74bb5a012aeefde658f0]
https://gq1-www.flickr.com [200] [GET] [text/html] [Find your inspiration. | Flickr] [] [vhost] [cloudfront] [Amazon Cloudfront,Amazon Web Services] [f7394d9d26e49fa792174de21fc85438]
https://heartbeat.flickr.com [200] [GET] [text/html] [Find your inspiration. | Flickr] [] [vhost] [cloudfront] [Amazon Cloudfront,Amazon Web Services] [0ff4cca76c150085dad622c352f475d2]
https://heartbeat.flickr.com [200] [GET] [text/html] [Find your inspiration. | Flickr] [] [vhost] [cloudfront] [Amazon Cloudfront,Amazon Web Services] [4993f0389881642c3523087f798a9c84]
https://hero.flickr.com [200] [GET] [text/html] [Find your inspiration. | Flickr] [] [vhost] [cloudfront] [Amazon Cloudfront,Amazon Web Services] [74fa123a23c7b6705c63fad31f2a1d99]
https://hero.flickr.com [200] [GET] [text/html] [Find your inspiration. | Flickr] [] [vhost] [cloudfront] [Amazon Cloudfront,Amazon Web Services] [b90b052c5d568777fe31727e9ee2e17e]
https://identity-api.flickr.com [302] [GET] [application/json] [] [] [vhost] [cloudfront] [Amazon Cloudfront,Amazon Web Services] [5d695cc28c6a7ea955162fbdd0ae42b9]
https://identity.flickr.com [200] [GET] [text/html] [Flickr Login] [] [954f1e53f14dba764cae4a054ce1caca]
https://identity-production.flickr.com [200] [GET] [text/html] [Flickr Login] [] [954f1e53f14dba764cae4a054ce1caca]
https://jubilee-live.flickr.com [200] [GET] [text/html] [] [Jubilee] [2ebe6140102f3c58433ca726e55bb956]
https://lightup.flickr.com [404] [GET] [text/html] [Yahoo] [ATS] [Apache Traffic Server] [694e3c2391153133b0c01224c19f01ea]
https://lightup.flickr.com [404] [GET] [text/html] [Yahoo] [ATS] [Apache Traffic Server] [cd78e28c7c8c3c46ff1efbe104690355]
https://links1.flickr.com [404] [GET] [text/plain] [404 Not Found] [msys-http] [39957e6b05976db4d9b606d7f5dda09b]
https://live-cf.flickr.com [200] [GET] [text/html] [Find your inspiration. | Flickr] [] [vhost] [cloudfront] [Amazon Cloudfront,Amazon Web Services] [6e30fbf340b469e4e4e181127fb0791b]
https://live-cf.flickr.com [200] [GET] [text/html] [Find your inspiration. | Flickr] [] [vhost] [cloudfront] [Amazon Cloudfront,Amazon Web Services] [89dd5610e8eae2c41fc575e516d0abef]
https://live-embedr.flickr.com [302] [GET] [text/plain] [] [] [18b94a1e290a152180b3e991336f4790]
https://live-fts.flickr.com [200] [GET] [text/html] [Find your inspiration. | Flickr] [] [vhost] [cloudfront] [Amazon Cloudfront,Amazon Web Services] [40f1cb657febf8380c34cbcbafab5c49]
https://live-fts.flickr.com [200] [GET] [text/html] [Find your inspiration. | Flickr] [] [vhost] [cloudfront] [Amazon Cloudfront,Amazon Web Services] [daf47386e2a0c550fd75c593c018ec89]
https://live-haproxy.flickr.com [200] [GET] [text/html] [Find your inspiration. | Flickr] [] [vhost] [9de1714dfdc4c2bcc8fbeb67d8ade286]
https://live-haproxy.flickr.com [200] [GET] [text/html] [Find your inspiration. | Flickr] [] [vhost] [ccce223955705bcd441ff52df5a1f6f1]
https://live-jubilee.flickr.com [200] [GET] [text/html] [] [Jubilee] [vhost] [cloudfront] [Amazon Cloudfront,Amazon Web Services] [2ebe6140102f3c58433ca726e55bb956]
https://m.flickr.com [200] [GET] [text/html] [Flickr] [Apache/2.4.54 (Ubuntu)] [vhost] [cloudfront] [Amazon Cloudfront,Amazon Web Services,Apache:2.4.54,Ubuntu] [842badd6f83baf51768ffe1da14c5257]
https://pc-relay.flickr.com [403] [GET] [text/html] [ERROR: The request could not be satisfied] [CloudFront] [cloudfront] [Amazon Cloudfront,Amazon Web Services] [454904289aa78d0caa5d3dd019897d85]
https://pc-relay.flickr.com [403] [GET] [text/html] [ERROR: The request could not be satisfied] [CloudFront] [cloudfront] [Amazon Cloudfront,Amazon Web Services] [b80d34b83ba46bf7c4bb6cc47cdda3d2]
https://pc-relay-gq1.flickr.com [403] [GET] [text/html] [ERROR: The request could not be satisfied] [CloudFront] [cloudfront] [Amazon Cloudfront,Amazon Web Services] [07378f218f94e3e916afbed6a1bb943a]
https://pc-relay-gq1.flickr.com [403] [GET] [text/html] [ERROR: The request could not be satisfied] [CloudFront] [cloudfront] [Amazon Cloudfront,Amazon Web Services] [c811e61fa641f107cbfc96b2c0311d1e]
https://real-embedr.flickr.com [302] [GET] [text/plain] [] [] [18b94a1e290a152180b3e991336f4790]
https://real-www.flickr.com [403] [GET] [text/html] [ERROR: The request could not be satisfied] [CloudFront] [cloudfront] [Amazon Cloudfront,Amazon Web Services] [6b1546510ed67d3c59e9db37f6d910dc]
https://real.www.flickr.com [403] [GET] [text/html] [ERROR: The request could not be satisfied] [CloudFront] [cloudfront] [Amazon Cloudfront,Amazon Web Services] [6de15067216b9f6c3e9061f92c89bb7e]
https://real-www.flickr.com [403] [GET] [text/html] [ERROR: The request could not be satisfied] [CloudFront] [cloudfront] [Amazon Cloudfront,Amazon Web Services] [888be84c00776f6c6a864737f7750b07]
https://real.www.flickr.com [403] [GET] [text/html] [ERROR: The request could not be satisfied] [CloudFront] [cloudfront] [Amazon Cloudfront,Amazon Web Services] [f4a75c5fa4bf9df08f2cc7760cbbbe19]
https://rw.api.flickr.com [403] [GET] [text/html] [ERROR: The request could not be satisfied] [CloudFront] [cloudfront] [Amazon Cloudfront,Amazon Web Services] [00770408385555ecd0792acf7fe74d81]
https://rw.api.flickr.com [403] [GET] [text/html] [ERROR: The request could not be satisfied] [CloudFront] [cloudfront] [Amazon Cloudfront,Amazon Web Services] [03d45a26217962db7505e938a3d87b3a]
https://rw-api.flickr.com [403] [GET] [text/html] [ERROR: The request could not be satisfied] [CloudFront] [cloudfront] [Amazon Cloudfront,Amazon Web Services] [4496a884ece3ea602d5aa5ecce1fcd2b]
https://rw-api.flickr.com [403] [GET] [text/html] [ERROR: The request could not be satisfied] [CloudFront] [cloudfront] [Amazon Cloudfront,Amazon Web Services] [9af739bf2c66343110252217c85d7934]
https://rw-www.flickr.com [403] [GET] [text/html] [ERROR: The request could not be satisfied] [CloudFront] [cloudfront] [Amazon Cloudfront,Amazon Web Services] [5f5a4ebd455b00ad0a42547795bcad06]
https://rw.www.flickr.com [403] [GET] [text/html] [ERROR: The request could not be satisfied] [CloudFront] [cloudfront] [Amazon Cloudfront,Amazon Web Services] [6c518934b45396112bbaba5df3b79ed4]
https://rw-www.flickr.com [403] [GET] [text/html] [ERROR: The request could not be satisfied] [CloudFront] [cloudfront] [Amazon Cloudfront,Amazon Web Services] [80993e09069e741cb917f0f74e7fef7b]
https://rw.www.flickr.com [403] [GET] [text/html] [ERROR: The request could not be satisfied] [CloudFront] [cloudfront] [Amazon Cloudfront,Amazon Web Services] [c0eda5cb101a67b001e05cc8f91ceaf1]
https://secure.flickr.com [200] [GET] [text/html] [Find your inspiration. | Flickr] [] [vhost] [cloudfront] [Amazon Cloudfront,Amazon Web Services] [0b7e9a60f8072e2dbb43093ef66b9bfb]
https://secure.flickr.com [200] [GET] [text/html] [Find your inspiration. | Flickr] [] [vhost] [cloudfront] [Amazon Cloudfront,Amazon Web Services] [8e96435b8789c2222b2d4156c76f8eab]
https://static.flickr.com [200] [GET] [text/html] [] [Jubilee] [vhost] [cloudfront] [Amazon Cloudfront,Amazon Web Services] [2ebe6140102f3c58433ca726e55bb956]
https://test-flickr.flickr.com [403] [GET] [text/html] [ERROR: The request could not be satisfied] [CloudFront] [vhost] [cloudfront] [Amazon Cloudfront,Amazon Web Services] [52735aa0cb7f6439bacd224e9cd80c1c]
https://test-flickr.flickr.com [403] [GET] [text/html] [ERROR: The request could not be satisfied] [CloudFront] [vhost] [cloudfront] [Amazon Cloudfront,Amazon Web Services] [8c08ec55dce4e9d3eebc4f889602cbe8]
https://t.flickr.com [404] [GET] [text/plain] [] [nginx] [Nginx] [75d8bea19790a638a8dde30fd475dba6]
https://uh.flickr.com [404] [GET] [text/html] [Yahoo] [ATS] [Apache Traffic Server] [6cb56e683366b4c9ac515c04976ed0dc]
https://uh.flickr.com [404] [GET] [text/html] [Yahoo] [ATS] [Apache Traffic Server] [6ddab72462e8ba5b18083579611c9a2e]
https://uh-qa.flickr.com [404] [GET] [text/html] [Yahoo] [ATS] [Apache Traffic Server] [36d47eabd31e29a305d0580c4e23f2d7]
https://uh-qa.flickr.com [404] [GET] [text/html] [Yahoo] [ATS] [Apache Traffic Server] [d59ab3325d65e11b1e6133717ec5ade8]
https://up.flickr.com [404] [GET] [text/html] [Flickr API: Page not found] [Apache/2.4.54 (Ubuntu)] [vhost] [cloudfront] [Amazon Cloudfront,Amazon Web Services,Apache:2.4.54,Ubuntu] [b3c0aabda7b51b4efd4aaf7fa2a6471b]
https://up-resume.flickr.com [200] [GET] [text/html] [Welcome to Flickr - Photo Sharing] [Apache/2.4.54 (Ubuntu)] [Apache:2.4.54,PayPal,Ubuntu] [fbcfae7e9e3ea380efddf0dc58004522]
https://up-resume.flickr.com [200] [GET] [text/html] [Welcome to Flickr - Photo Sharing] [Apache/2.4.54 (Ubuntu)] [vhost] [Apache:2.4.54,PayPal,Ubuntu] [e30b0197fadd5e1b08b52950c515c673]
https://widgets.flickr.com [403] [GET] [application/xml] [] [AmazonS3] [vhost] [cloudfront] [Amazon Cloudfront,Amazon S3,Amazon Web Services] [2e44090af57fdb7dd8fb6361e0c19e42]
https://widgets.flickr.com [403] [GET] [application/xml] [] [AmazonS3] [vhost] [cloudfront] [Amazon Cloudfront,Amazon S3,Amazon Web Services] [641261b2c4cde53bf505a9339f78c51e]
https://www.flickr.com [200] [GET] [text/html] [Find your inspiration. | Flickr] [] [vhost] [cloudfront] [Amazon Cloudfront,Amazon Web Services] [a6bdbcd4e61b5fa04b2ab9090f0a9685]
https://www.flickr.com [200] [GET] [text/html] [Find your inspiration. | Flickr] [] [vhost] [cloudfront] [Amazon Cloudfront,Amazon Web Services] [ea935792aca088a991e4eb103c1d047e]
https://ycpi-api.flickr.com [403] [GET] [text/html] [ERROR: The request could not be satisfied] [CloudFront] [cloudfront] [Amazon Cloudfront,Amazon Web Services] [775c4502bece72bb5ba22e4adcbcec45]
https://ycpi-api.flickr.com [403] [GET] [text/html] [ERROR: The request could not be satisfied] [CloudFront] [cloudfront] [Amazon Cloudfront,Amazon Web Services] [94d3749a28759a2687e683784a8d00c7]
