http://looker.flurry.com [404] [GET] [text/html] [Yahoo] [ATS] [Apache Traffic Server] [aad2d3ed0aadc8d2d3b2e1756bd6e79b]
https://adlog.flurry.com [404] [GET] [text/html] [Yahoo] [ATS] [vhost] [Apache Traffic Server] [b1280677830b0b008efdab4392ff2b88]
https://adlog.flurry.com [404] [GET] [text/html] [Yahoo] [ATS] [vhost] [Apache Traffic Server] [e4ce94019f7f416ba227a442f74d2d48]
https://admanagerplus.flurry.com [404] [GET] [text/html] [Yahoo] [ATS] [Apache Traffic Server] [1ec1e207880c03102a680b20cf092daa]
https://admanagerplus.flurry.com [404] [GET] [text/html] [Yahoo] [ATS] [Apache Traffic Server] [75f126aad80f95cb9af25ef4bb906ec4]
https://ads.flurry.com [404] [GET] [text/html] [Yahoo] [ATS] [vhost] [Apache Traffic Server] [133037a9b9beaf20dd030f627e5a1778]
https://ads.flurry.com [404] [GET] [text/html] [Yahoo] [ATS] [vhost] [Apache Traffic Server] [765f3d3372615a87b853eb9485f63529]
https://ads-verify.flurry.com [404] [GET] [] [] [ATS] [Apache Traffic Server] [d41d8cd98f00b204e9800998ecf8427e]
https://apac-ads.flurry.com [404] [GET] [text/html] [Yahoo] [ATS] [vhost] [Apache Traffic Server] [4e459bb0ecbf39e3bab29ac754741a04]
https://apac-ads.flurry.com [404] [GET] [text/html] [Yahoo] [ATS] [vhost] [Apache Traffic Server] [a1182bb614b411693058daf8d8123280]
https://api.ads.flurry.com [404] [GET] [text/html] [Yahoo] [ATS] [Apache Traffic Server] [7bbdcd7d7b23b0a7e71e30d7f67a4377]
https://api.ads.flurry.com [404] [GET] [text/html] [Yahoo] [ATS] [Apache Traffic Server] [ead4d686ffbafe8a3d0bb7be3c02720e]
https://api-metrics-canary.flurry.com [403] [GET] [text/html] [Yahoo! - Error report] [ATS] [vhost] [Apache Traffic Server] [fe5065887d67ea58e99617e947c6a22f]
https://api-metrics.flurry.com [403] [GET] [text/html] [Yahoo! - Error report] [ATS] [vhost] [Apache Traffic Server] [fe5065887d67ea58e99617e947c6a22f]
https://apiproxy.flurry.com [404] [GET] [] [] [ATS] [Apache Traffic Server] [d41d8cd98f00b204e9800998ecf8427e]
https://auth-canary.flurry.com [403] [GET] [text/html] [Yahoo! - Error report] [ATS] [vhost] [Apache Traffic Server] [fe5065887d67ea58e99617e947c6a22f]
https://auth-e2e-testing.nonprod.flurry.com [403] [GET] [text/html] [Yahoo! - Error report] [ATS] [vhost] [Apache Traffic Server] [fe5065887d67ea58e99617e947c6a22f]
https://auth.flurry.com [403] [GET] [text/html] [Yahoo! - Error report] [ATS] [vhost] [Apache Traffic Server] [fe5065887d67ea58e99617e947c6a22f]
https://auth-smoke.flurry.com [404] [GET] [text/html] [Yahoo] [ATS] [Apache Traffic Server] [76bba030e09bf6be38130566271c76ef]
https://auth-smoke.flurry.com [404] [GET] [text/html] [Yahoo] [ATS] [Apache Traffic Server] [bac22661c440879413ce605397a1e247]
https://bconf.flurry.com [403] [GET] [text/html] [] [ATS] [vhost] [Amazon Web Services,Apache Traffic Server] [141070cfeb3f6d4aa56edb6cba92fec7]
https://bsrc.flurry.com [403] [GET] [text/html] [] [ATS] [vhost] [Amazon Web Services,Apache Traffic Server] [141070cfeb3f6d4aa56edb6cba92fec7]
https://canary1.flurry.com [200] [GET] [text/html] [Flurry Analytics] [ATS] [vhost] [Apache Traffic Server,Envoy] [c2cc599d157c52cc5af3f613ebee8904]
https://canary1.flurry.com [200] [GET] [text/html] [Flurry Analytics] [ATS] [vhost] [Apache Traffic Server,Envoy] [e13d7953aa38f7b3178e029b33e0efc7]
https://canary2.flurry.com [200] [GET] [text/html] [Flurry Analytics] [ATS] [vhost] [Apache Traffic Server,Envoy] [307648e4f56731176b45f430ac289c5a]
https://canary2.flurry.com [200] [GET] [text/html] [Flurry Analytics] [ATS] [vhost] [Apache Traffic Server,Envoy] [c169fc3492fa2105d00401320cb8103c]
https://cdn.flurry.com [403] [GET] [application/xml] [] [ATS] [vhost] [Amazon Web Services,Apache Traffic Server] [73d88664b02e37caf4b7ce46ac92b82c]
https://cdn.flurry.com [403] [GET] [application/xml] [] [ATS] [vhost] [Amazon Web Services,Apache Traffic Server] [86f336b6b62a5dacf72e7ffe9fc71675]
https://cfg.flurry.com [403] [GET] [text/html] [Yahoo! - Error report] [ATS] [vhost] [Apache Traffic Server] [fe5065887d67ea58e99617e947c6a22f]
https://config.flurry.com [403] [GET] [text/html] [Yahoo! - Error report] [ATS] [vhost] [Apache Traffic Server] [fe5065887d67ea58e99617e947c6a22f]
https://config-loadtest.flurry.com [403] [GET] [text/html] [Yahoo! - Error report] [ATS] [vhost] [Apache Traffic Server] [fe5065887d67ea58e99617e947c6a22f]
https://crash-metadata.flurry.com [403] [GET] [text/html] [Yahoo! - Error report] [ATS] [vhost] [Apache Traffic Server] [fe5065887d67ea58e99617e947c6a22f]
https://data.flurry.com [200] [GET] [text/html] [Flurry] [ATS] [vhost] [Apache Traffic Server,Envoy,Java] [cab1d960be88cd9bd136ca1e2a7df623]
https://data-ipv6.flurry.com [200] [GET] [text/html] [Flurry] [ATS] [vhost] [Apache Traffic Server,Envoy,Java] [cab1d960be88cd9bd136ca1e2a7df623]
https://data-k8s.flurry.com [200] [GET] [text/html] [Flurry] [ATS] [vhost] [Apache Traffic Server,Envoy,Java] [cab1d960be88cd9bd136ca1e2a7df623]
https://data.real.flurry.com [404] [GET] [text/html] [Yahoo] [ATS] [Apache Traffic Server] [1ccdf9891005565e33404a76c5d90e86]
https://data.real.flurry.com [404] [GET] [text/html] [Yahoo] [ATS] [Apache Traffic Server] [3e54db208df4a235dc48b535a0811101]
https://datarequest.flurry.com [403] [GET] [text/html] [Yahoo! - Error report] [ATS] [vhost] [Apache Traffic Server] [fe5065887d67ea58e99617e947c6a22f]
https://data-verify.flurry.com [404] [GET] [] [] [ATS] [Apache Traffic Server] [d41d8cd98f00b204e9800998ecf8427e]
https://dev1.flurry.com [200] [GET] [text/html] [Flurry Analytics] [ATS] [vhost] [Apache Traffic Server,Envoy] [6e54db1e25ef34e9fbe2355a8110cf4e]
https://dev1.flurry.com [200] [GET] [text/html] [Flurry Analytics] [ATS] [vhost] [Apache Traffic Server,Envoy] [c82993ca592382b04c8f0b80b06e6972]
https://dev.flurry.com [200] [GET] [text/html] [Flurry Analytics] [ATS] [vhost] [Apache Traffic Server,Envoy] [b7c55b83ef442c6d4da74744cb5f2c9d]
https://dev.flurry.com [200] [GET] [text/html] [Flurry Analytics] [ATS] [vhost] [Apache Traffic Server,Envoy] [d8e7e51857b05c30a591978788b9115a]
https://ecto.flurry.com [403] [GET] [text/html] [Yahoo! - Error report] [ATS] [vhost] [Apache Traffic Server] [fe5065887d67ea58e99617e947c6a22f]
https://flurry.com [301] [GET] [text/html] [Yahoo] [ATS] [vhost] [Apache Traffic Server] [775f7812bdccf30368fb8cb859142ca0]
https://flurry.com [301] [GET] [text/html] [Yahoo] [ATS] [vhost] [Apache Traffic Server] [96e28fc724fc972293a54e5644c29d4b]
https://geo.flurry.com [404] [GET] [text/html] [Yahoo] [ATS] [Apache Traffic Server] [ee69759aefebd3921a9504421f99773f]
https://geo.flurry.com [404] [GET] [text/html] [Yahoo] [ATS] [Apache Traffic Server] [f1b1878b06f0d27af7c8a4c91d398e3b]
https://gw.flurry.com [404] [GET] [text/html] [Yahoo] [ATS] [Apache Traffic Server] [31c3b4550468174604d0be1c03508254]
https://gw.flurry.com [404] [GET] [text/html] [Yahoo] [ATS] [Apache Traffic Server] [bf55a48ce80caa7f95503b6fd262efb7]
https://login.flurry.com [200] [GET] [text/html] [] [ATS] [vhost] [Amazon S3,Amazon Web Services,Apache Traffic Server,Envoy,Express,Node.js,React] [280b5ba1e2539b01f586d22a14ca2b40]
https://login.flurry.com [200] [GET] [text/html] [] [ATS] [vhost] [Amazon S3,Amazon Web Services,Apache Traffic Server,Envoy,Express,Node.js,React] [8b8522baadf316cf35eb7e252f64605a]
https://monetization.flurry.com [200] [GET] [text/html] [Flurry Analytics] [ATS] [vhost] [Apache Traffic Server,Envoy] [aa03ee8f5765454cbc249797d5e68864]
https://news.flurry.com [404] [GET] [text/html] [Yahoo] [ATS] [Apache Traffic Server] [b02b204d37162d07f162951aee8e6dca]
https://news.flurry.com [404] [GET] [text/html] [Yahoo] [ATS] [Apache Traffic Server] [f37f92e94902c8e8efb23f3935e0c336]
https://pages.flurry.com [404] [GET] [text/html] [Yahoo] [ATS] [Apache Traffic Server] [350abe28950b14846a6e7088b4c198b5]
https://pages.flurry.com [404] [GET] [text/html] [Yahoo] [ATS] [Apache Traffic Server] [45c7eff6a573c74a0b3084aab702311f]
https://pilot-ads.flurry.com [404] [GET] [text/html] [Yahoo] [ATS] [Apache Traffic Server] [d46c12b877cd4d210098e7dedc67957e]
https://pilot-ads.flurry.com [404] [GET] [text/html] [Yahoo] [ATS] [Apache Traffic Server] [ef31d3e590a3d475ff418be1cddc5121]
https://pilot-data.flurry.com [404] [GET] [text/html] [Yahoo] [ATS] [Apache Traffic Server] [0d87e71db944ccb49702910eb437e2d1]
https://pilot-data.flurry.com [404] [GET] [text/html] [Yahoo] [ATS] [Apache Traffic Server] [ee1a2526afc0de6d4302997a5f3f23d7]
https://pilot-yoda.flurry.com [404] [GET] [text/html] [Yahoo] [ATS] [Apache Traffic Server] [381b0fe3e96a43b240230e4ece9ab6f1]
https://pilot-yoda.flurry.com [404] [GET] [text/html] [Yahoo] [ATS] [Apache Traffic Server] [ef8adffb85d29b7807c13146491595cd]
https://pulse.data.flurry.com [200] [GET] [text/html] [Flurry] [ATS] [vhost] [Apache Traffic Server,Envoy,Java] [cab1d960be88cd9bd136ca1e2a7df623]
https://querybuilder.flurry.com [200] [GET] [text/html] [Flurry Query Builder] [ATS] [vhost] [Apache Traffic Server,Envoy,Express,Font Awesome,Google Font API,Node.js] [db016c4ea59f1e886487ea1d3c906aff]
https://railsplitter-canary.flurry.com [403] [GET] [text/html] [Yahoo! - Error report] [ATS] [vhost] [Apache Traffic Server] [fe5065887d67ea58e99617e947c6a22f]
https://rawdata.flurry.com [403] [GET] [text/html] [Yahoo! - Error report] [ATS] [vhost] [Apache Traffic Server] [fe5065887d67ea58e99617e947c6a22f]
https://realtime-metrics.flurry.com [403] [GET] [text/html] [Yahoo! - Error report] [ATS] [vhost] [Apache Traffic Server] [fe5065887d67ea58e99617e947c6a22f]
https://staging-ads.flurry.com [404] [GET] [text/html] [Yahoo] [ATS] [vhost] [Apache Traffic Server] [0cd138031338184c9818237c27fcafe9]
https://staging-ads.flurry.com [404] [GET] [text/html] [Yahoo] [ATS] [vhost] [Apache Traffic Server] [a2943d574118150f4d37d5fd48b1df52]
https://staging-data.flurry.com [500] [GET] [text/html] [Yahoo] [ATS] [vhost] [Apache Traffic Server] [44e8ae34c80cc8cdc50a354c4d721038]
https://staging-data.flurry.com [500] [GET] [text/html] [Yahoo] [ATS] [vhost] [Apache Traffic Server] [7903ffb82f928d6d8438d819005af06c]
https://storefront.flurry.com [404] [GET] [text/html] [Yahoo] [ATS] [Apache Traffic Server] [354586cfa8749a24c8388cd6cfabd3ad]
https://storefront.flurry.com [404] [GET] [text/html] [Yahoo] [ATS] [Apache Traffic Server] [6c221212e041b04ca6c50c53d906bbfb]
https://test-ads.flurry.com [404] [GET] [text/html] [Yahoo] [ATS] [vhost] [Apache Traffic Server] [0aacb3eed4827f65c2b9b50aa62ba3ca]
https://test-ads.flurry.com [404] [GET] [text/html] [Yahoo] [ATS] [vhost] [Apache Traffic Server] [6bbf941a2e3ee9769a8a29961bad6335]
https://test-data.flurry.com [200] [GET] [text/html] [Flurry] [ATS] [vhost] [Apache Traffic Server,Envoy,Java] [cab1d960be88cd9bd136ca1e2a7df623]
https://test-yoda.flurry.com [404] [GET] [text/html] [Yahoo] [ATS] [vhost] [Apache Traffic Server] [087d55189e9caa16bb7e561546f355aa]
https://test-yoda.flurry.com [404] [GET] [text/html] [Yahoo] [ATS] [vhost] [Apache Traffic Server] [9fe63c18768899e66fe5f4814abf3dd3]
https://upload.flurry.com [403] [GET] [text/html] [Yahoo! - Error report] [ATS] [vhost] [Apache Traffic Server] [fe5065887d67ea58e99617e947c6a22f]
https://www.flurry.com [200] [GET] [text/html] [Flurry | Mobile App Analytics Platform for Android & iOS] [ATS] [vhost] [Apache Traffic Server,Bootstrap:4.3.1,Drupal:8,Envoy,Express,Google Tag Manager,Node.js,PHP,Typekit,YouTube] [87ab239c9eff3c1076ee6dcfdc8722d0]
https://www.flurry.com [200] [GET] [text/html] [Flurry | Mobile App Analytics Platform for Android & iOS] [ATS] [vhost] [Apache Traffic Server,Bootstrap:4.3.1,Drupal:8,Envoy,Express,Google Tag Manager,Node.js,PHP,Typekit,YouTube] [a0edb395a88bd8bfeb6f26100acc45ec]
