http://backend.gerowallet.io:2082 [403] [GET] [text/plain] [] [cloudflare] [vhost] [cloudflare] [Cloudflare] [7b5ea53ba332630e5aca8e4abb807f70]
http://backend.gerowallet.io:2086 [403] [GET] [text/plain] [] [cloudflare] [vhost] [cloudflare] [Cloudflare] [7b5ea53ba332630e5aca8e4abb807f70]
http://backend.gerowallet.io:8080 [403] [GET] [text/plain] [] [cloudflare] [vhost] [cloudflare] [Cloudflare] [7b5ea53ba332630e5aca8e4abb807f70]
http://backend.gerowallet.io:8880 [403] [GET] [text/plain] [] [cloudflare] [vhost] [cloudflare] [Cloudflare] [7b5ea53ba332630e5aca8e4abb807f70]
http://gerowallet.io:2082 [301] [GET] [] [] [cloudflare] [cloudflare] [Cloudflare] [d41d8cd98f00b204e9800998ecf8427e]
http://gerowallet.io:2086 [301] [GET] [] [] [cloudflare] [cloudflare] [Cloudflare] [d41d8cd98f00b204e9800998ecf8427e]
https://backend.gerowallet.io:2087 [403] [GET] [text/plain] [] [cloudflare] [vhost] [cloudflare] [Cloudflare] [7b5ea53ba332630e5aca8e4abb807f70]
https://backend.gerowallet.io:2096 [403] [GET] [text/plain] [] [cloudflare] [vhost] [cloudflare] [Cloudflare] [7b5ea53ba332630e5aca8e4abb807f70]
https://backend.gerowallet.io [403] [GET] [text/plain] [] [cloudflare] [vhost] [cloudflare] [Cloudflare] [7b5ea53ba332630e5aca8e4abb807f70]
https://backend.gerowallet.io:8443 [403] [GET] [text/plain] [] [cloudflare] [vhost] [cloudflare] [Cloudflare] [7b5ea53ba332630e5aca8e4abb807f70]
https://gerowallet.io:2083 [403] [GET] [text/html] [Attention Required! | Cloudflare] [cloudflare] [cloudflare] [Cloudflare] [5507e1ed4debdd5a60955c90bf2106dd]
https://gerowallet.io:2087 [403] [GET] [text/html] [Attention Required! | Cloudflare] [cloudflare] [cloudflare] [Cloudflare] [4db89158beb0fa5be1df910068d6d10b]
https://gerowallet.io [403] [GET] [text/html] [Attention Required! | Cloudflare] [cloudflare] [cloudflare] [Cloudflare] [2c78504bdc0acb28988dbf24f0bbd21d]
https://gerowallet.io [403] [GET] [text/html] [Attention Required! | Cloudflare] [cloudflare] [cloudflare] [Cloudflare] [4701f58b4ece57673b253ae449b4e0d1]
https://gerowallet.io:8443 [403] [GET] [text/html] [Attention Required! | Cloudflare] [cloudflare] [cloudflare] [Cloudflare] [1ae1be905da9c55480f3328dad365fd3]
https://nft.gerowallet.io [200] [GET] [text/html] [Buy - NFT] [AmazonS3] [vhost] [cloudfront] [Amazon Cloudfront,Amazon S3,Amazon Web Services] [8704ef00cc6188fb015782c76cffa9e6]
https://www.gerowallet.io:2083 [403] [GET] [text/html] [Attention Required! | Cloudflare] [cloudflare] [vhost] [cloudflare] [Cloudflare] [ae2c94a0c382b4072bf492bc12c6d510]
https://www.gerowallet.io:2087 [403] [GET] [text/html] [Attention Required! | Cloudflare] [cloudflare] [vhost] [cloudflare] [Cloudflare] [74f363582edeb199230faa95089dc78c]
https://www.gerowallet.io [403] [GET] [text/html] [Attention Required! | Cloudflare] [cloudflare] [vhost] [cloudflare] [Cloudflare] [3a052b13eb1d7c985f7a0f0779fce4f8]
https://www.gerowallet.io [403] [GET] [text/html] [Attention Required! | Cloudflare] [cloudflare] [vhost] [cloudflare] [Cloudflare] [3cb814458324e833cb25173eeee010c5]
https://www.gerowallet.io:8443 [403] [GET] [text/html] [Attention Required! | Cloudflare] [cloudflare] [vhost] [cloudflare] [Cloudflare] [ff6179559234ffee6ed360adba3617c8]
http://www.gerowallet.io:2082 [301] [GET] [] [] [cloudflare] [cloudflare] [Cloudflare] [d41d8cd98f00b204e9800998ecf8427e]
http://www.gerowallet.io:8080 [301] [GET] [] [] [cloudflare] [cloudflare] [Cloudflare] [d41d8cd98f00b204e9800998ecf8427e]
http://www.gerowallet.io:8880 [301] [GET] [] [] [cloudflare] [cloudflare] [Cloudflare] [d41d8cd98f00b204e9800998ecf8427e]
