http://api-back.getbouncer.com [404] [GET] [text/html] [Error 404 (Not Found)!!1] [ghs] [b81150861bf911f947660cf73bce77f6]
http://api-staging.getbouncer.com [404] [GET] [text/html] [Error 404 (Not Found)!!1] [ghs] [b81150861bf911f947660cf73bce77f6]
http://calendar.getbouncer.com [302] [GET] [text/html] [302 Moved] [ghs] [vhost] [f19c00d4e57c3667df37b0480255d53b]
http://docs.getbouncer.com:2082 [302] [GET] [] [] [cloudflare] [vhost] [cloudflare] [Cloudflare] [d41d8cd98f00b204e9800998ecf8427e]
http://docs.getbouncer.com:2086 [302] [GET] [] [] [cloudflare] [vhost] [cloudflare] [Cloudflare] [d41d8cd98f00b204e9800998ecf8427e]
http://docs.getbouncer.com:8080 [302] [GET] [] [] [cloudflare] [vhost] [cloudflare] [Cloudflare] [d41d8cd98f00b204e9800998ecf8427e]
http://docs.getbouncer.com:8880 [302] [GET] [] [] [cloudflare] [vhost] [cloudflare] [Cloudflare] [d41d8cd98f00b204e9800998ecf8427e]
http://drive.getbouncer.com [302] [GET] [text/html] [302 Moved] [ghs] [vhost] [ccbb0d745b6b112198ccadb55a8bcbba]
http://groups.getbouncer.com [302] [GET] [text/html] [302 Moved] [ghs] [vhost] [af6aa156ccd956aa7ffa85d6de352dad]
http://images.getbouncer.com [404] [GET] [text/html] [Error 404 (Not Found)!!1] [ghs] [b81150861bf911f947660cf73bce77f6]
http://karma.getbouncer.com [404] [GET] [text/html] [Error 404 (Not Found)!!1] [ghs] [b81150861bf911f947660cf73bce77f6]
http://lookout.getbouncer.com [404] [GET] [text/html] [Error 404 (Not Found)!!1] [ghs] [b81150861bf911f947660cf73bce77f6]
http://mail.getbouncer.com [301] [GET] [text/html] [301 Moved] [ghs] [vhost] [9214698cd4142c5ba8dab6d617d09155]
http://plus.getbouncer.com [302] [GET] [text/html] [302 Moved] [ghs] [vhost] [1116833e0e3c40a983df3e70968cdb2c]
http://sandbox.api.getbouncer.com [404] [GET] [text/html] [Error 404 (Not Found)!!1] [ghs] [b81150861bf911f947660cf73bce77f6]
https://api.getbouncer.com [401] [GET] [text/plain] [] [nginx] [vhost] [Nginx] [368382e62b3f40c20355f160cae98975]
http://scan-lab.getbouncer.com [404] [GET] [text/html] [Error 404 (Not Found)!!1] [ghs] [b81150861bf911f947660cf73bce77f6]
https://docs.getbouncer.com [200] [GET] [text/html] [Bouncer - Bouncer Docs] [cloudflare] [vhost] [cloudflare] [Algolia,Cloudflare,Google Cloud,Google Cloud Trace,React] [04e518c37ffa8942ef3463a9608a77e1]
https://docs.getbouncer.com [200] [GET] [text/html] [Bouncer - Bouncer Docs] [cloudflare] [vhost] [cloudflare] [Algolia,Cloudflare,Google Cloud,Google Cloud Trace,React] [b400a894e45e7053b3150457ab96270a]
https://docs.getbouncer.com:2083 [200] [GET] [text/html] [Bouncer - Bouncer Docs] [cloudflare] [vhost] [cloudflare] [Algolia,Cloudflare,Google Cloud,Google Cloud Trace,React] [77bc84fa9312254da0ba23cac7896477]
https://docs.getbouncer.com:2087 [200] [GET] [text/html] [Bouncer - Bouncer Docs] [cloudflare] [vhost] [cloudflare] [Algolia,Cloudflare,Google Cloud,Google Cloud Trace,React] [304e83250107063a81aed3735092adce]
https://docs.getbouncer.com:2096 [200] [GET] [text/html] [Bouncer - Bouncer Docs] [cloudflare] [vhost] [cloudflare] [Algolia,Cloudflare,Google Cloud,Google Cloud Trace,React] [fe9fb81c240d5a22fd7ef4347fca7e3a]
https://docs.getbouncer.com:8443 [200] [GET] [text/html] [Bouncer - Bouncer Docs] [cloudflare] [vhost] [cloudflare] [Algolia,Cloudflare,Google Cloud,Google Cloud Trace,React] [a64194dde92392527da015ef37087015]
https://downloads.getbouncer.com [403] [GET] [application/xml] [] [AmazonS3] [vhost] [cloudfront] [Amazon Cloudfront,Amazon S3,Amazon Web Services] [5313a4643fae18ad8519954cc8750251]
https://downloads.getbouncer.com [403] [GET] [application/xml] [] [AmazonS3] [vhost] [cloudfront] [Amazon Cloudfront,Amazon S3,Amazon Web Services] [959744f0e03af86f555f401cd89da035]
https://getbouncer.com [301] [GET] [text/html] [301 Moved] [ghs] [vhost] [c90fe555ad4293dade767f753e13b91e]
http://sites.getbouncer.com [302] [GET] [text/html] [302 Moved] [ghs] [vhost] [1b4017c858fe76564b2b3e37065eb355]
http://start.getbouncer.com [302] [GET] [text/html] [302 Moved] [ghs] [vhost] [62f6ad39c9ce2f1b47d3bc440abc9c75]
https://www.getbouncer.com [301] [GET] [text/html] [301 Moved] [ghs] [vhost] [c90fe555ad4293dade767f753e13b91e]
http://vault.getbouncer.com [302] [GET] [text/html] [302 Moved] [ghs] [vhost] [645a41b3c1469c1d02813b5e572c873e]
