http://app.gmx.io:2082 [301] [GET] [] [] [cloudflare] [vhost] [cloudflare] [Cloudflare,Cloudflare Network Error Logging] [d41d8cd98f00b204e9800998ecf8427e]
http://app.gmx.io:2086 [301] [GET] [] [] [cloudflare] [vhost] [cloudflare] [Cloudflare,Cloudflare Network Error Logging] [d41d8cd98f00b204e9800998ecf8427e]
http://app.gmx.io:8080 [301] [GET] [] [] [cloudflare] [vhost] [cloudflare] [Cloudflare,Cloudflare Network Error Logging] [d41d8cd98f00b204e9800998ecf8427e]
http://app.gmx.io:8880 [301] [GET] [] [] [cloudflare] [vhost] [cloudflare] [Cloudflare,Cloudflare Network Error Logging] [d41d8cd98f00b204e9800998ecf8427e]
https://api.gmx.io [200] [GET] [application/json] [] [Google Frontend] [vhost] [Google App Engine,Google Cloud,Google Cloud Trace] [444bcb3a3fcf8389296c49467f27e1d6]
https://api.gmx.io [200] [GET] [text/plain] [] [Google Frontend] [vhost] [Google App Engine,Google Cloud,Google Cloud Trace] [444bcb3a3fcf8389296c49467f27e1d6]
https://app.gmx.io [200] [GET] [text/html] [GMX] [cloudflare] [vhost] [cloudflare] [Cloudflare,Cloudflare Network Error Logging] [29903d0194891dabe2d1f6cce1673351]
https://app.gmx.io:2053 [200] [GET] [text/html] [GMX] [cloudflare] [vhost] [cloudflare] [Cloudflare,Cloudflare Network Error Logging] [29903d0194891dabe2d1f6cce1673351]
https://app.gmx.io:2087 [200] [GET] [text/html] [GMX] [cloudflare] [vhost] [cloudflare] [Cloudflare,Cloudflare Network Error Logging] [29903d0194891dabe2d1f6cce1673351]
https://app.gmx.io:8443 [200] [GET] [text/html] [GMX] [cloudflare] [vhost] [cloudflare] [Cloudflare,Cloudflare Network Error Logging] [29903d0194891dabe2d1f6cce1673351]
https://gmx.io [200] [GET] [text/html] [GMX] [Netlify] [vhost] [Netlify] [08382962b8cad7e16e2b56fa13b4a884]
https://gov.gmx.io [200] [GET] [text/html] [GMX] [nginx] [vhost] [Discourse,Nginx,Ruby on Rails] [b401854fcbc4e6095c22956822a97d92]
https://gov.gmx.io [200] [GET] [text/html] [GMX] [nginx] [vhost] [Discourse,Nginx,Ruby on Rails] [da7b203daa76d0fc7d50a1993be714af]
https://staging.gmx.io [200] [GET] [text/html] [GMX] [Netlify] [vhost] [Netlify] [520bf4a92538a7940085ab6cd7064550]
https://stats.gmx.io [200] [GET] [text/html] [GMX analytics] [cloudflare] [vhost] [cloudflare] [Cloudflare] [80dd4b1aeb74a8d258a34eee3810e007]
http://stats.gmx.io:2052 [301] [GET] [] [] [cloudflare] [vhost] [cloudflare] [Cloudflare] [d41d8cd98f00b204e9800998ecf8427e]
http://stats.gmx.io:2053 [400] [GET] [text/html] [400 The plain HTTP request was sent to HTTPS port] [cloudflare] [cloudflare] [Cloudflare] [cd58783500d7fa3c58f88eb0ba22f4f8]
http://stats.gmx.io:2082 [301] [GET] [] [] [cloudflare] [vhost] [cloudflare] [Cloudflare] [d41d8cd98f00b204e9800998ecf8427e]
http://stats.gmx.io:2083 [400] [GET] [text/html] [400 The plain HTTP request was sent to HTTPS port] [cloudflare] [cloudflare] [Cloudflare] [20ad84d030031252141ca0b3fc0183f0]
http://stats.gmx.io:2086 [301] [GET] [] [] [cloudflare] [vhost] [cloudflare] [Cloudflare] [d41d8cd98f00b204e9800998ecf8427e]
http://stats.gmx.io:2087 [400] [GET] [text/html] [400 The plain HTTP request was sent to HTTPS port] [cloudflare] [cloudflare] [Cloudflare] [20ad84d030031252141ca0b3fc0183f0]
http://stats.gmx.io:8080 [301] [GET] [] [] [cloudflare] [vhost] [cloudflare] [Cloudflare] [d41d8cd98f00b204e9800998ecf8427e]
http://stats.gmx.io:8443 [400] [GET] [text/html] [400 The plain HTTP request was sent to HTTPS port] [cloudflare] [cloudflare] [Cloudflare] [cd58783500d7fa3c58f88eb0ba22f4f8]
http://stats.gmx.io:8880 [301] [GET] [] [] [cloudflare] [vhost] [cloudflare] [Cloudflare] [d41d8cd98f00b204e9800998ecf8427e]
https://www.gmx.io [301] [GET] [text/plain] [] [Netlify] [vhost] [google] [Netlify] [eadfff141dda36365c0712c1c69ef893]
https://www.gmx.io [301] [GET] [text/plain] [] [Netlify] [vhost] [Netlify] [eadfff141dda36365c0712c1c69ef893]
