https://appengine.google.com [302] [GET] [text/html] [] [Google Frontend] [Google App Engine,Google Cloud,Google Cloud Trace] [d41d8cd98f00b204e9800998ecf8427e]
https://client-channel.google.com [404] [GET] [text/html] [Error 404 (Not Found)!!1] [] [b81150861bf911f947660cf73bce77f6]
https://corp.google.com [400] [GET] [text/html] [ÜberProxy: Error 400] [] [Google Font API] [1b9cdcf29a136721cf9c276ba1952a19]
https://corp.google.com:5033 [400] [GET] [text/html] [ÜberProxy: Error 400] [] [Google Font API] [1b9cdcf29a136721cf9c276ba1952a19]
https://da-mtv-6.da.ext.google.com [404] [GET] [text/html] [Not Found] [Microsoft-HTTPAPI/2.0] [Microsoft HTTPAPI:2.0] [67932d4b695e1d6b19dfc2e3610761ff]
https://datacompute.google.com [404] [GET] [text/html] [Error 404 (Not Found)!!1] [ESF] [vhost] [ef6bf7afaaf91a3c09514a7e163ae73c]
https://dg.video.google.com [404] [GET] [text/html] [Error 404 (Not Found)!!1] [] [b81150861bf911f947660cf73bce77f6]
https://docs.google.com [302] [GET] [application/binary] [] [ESF] [vhost] [d41d8cd98f00b204e9800998ecf8427e]
https://drive.google.com [302] [GET] [application/binary] [] [ESF] [vhost] [d41d8cd98f00b204e9800998ecf8427e]
https://google.com [301] [GET] [text/html] [301 Moved] [gws] [vhost] [Google Web Server] [276bbb20c29087e88db63899fd8f9129]
https://goto.google.com [302] [GET] [text/html] [] [] [vhost] [0e7c1b35096a129b81789fbf84f169ac]
https://goto.google.com:5030 [302] [GET] [text/html] [302 Moved] [] [vhost] [3dd26e6e0fc2f1b077f983147be714c7]
https://goto.google.com:5033 [302] [GET] [text/html] [302 Moved] [] [vhost] [aece8f60f99ae97995332bef982e4d3b]
https://grow.google.com [302] [GET] [text/html] [302 Moved] [sffe] [ee50a983c0cacde55cf3154cfc12f8ec]
https://hangouts.google.com [302] [GET] [application/binary] [] [ESF] [vhost] [d41d8cd98f00b204e9800998ecf8427e]
https://inbox.google.com [301] [GET] [text/html] [301 Moved] [sffe] [vhost] [070a4bf0e56c15f895751e9cac81ea2f]
https://ldap.google.com [404] [GET] [text/html] [Error 404 (Not Found)!!1] [] [b81150861bf911f947660cf73bce77f6]
https://login-canary.corp.google.com [200] [GET] [text/html] [Google Single Sign On: Sign into corp] [ESF] [vhost] [756a6095ec0527663f9cb63bc3c8b1a7]
https://login-canary.corp.google.com:5030 [302] [GET] [text/html] [302 Moved] [] [a85e6aa1b9aab4a83a08fd8319ada87c]
https://login-canary.corp.google.com:5033 [302] [GET] [text/html] [302 Moved] [] [53767526bca9e92ff4012d40e16e1e66]
https://login.corp.google.com [200] [GET] [text/html] [Google Single Sign On: Sign into corp] [ESF] [vhost] [ffd82e3ab703581f5ed738825e01f657]
https://login.corp.google.com:5030 [302] [GET] [text/html] [302 Moved] [] [181a26b3b5d3ab9b85407653b8cb1ddb]
https://login.corp.google.com:5033 [302] [GET] [text/html] [302 Moved] [] [47fd3560e0a49f8a0463aab8ea7105b3]
https://login-dev.corp.google.com [200] [GET] [text/html] [Google Single Sign On: Sign into corp] [ESF] [vhost] [8c884314751d6902151df4ba4bc5ba2b]
https://login-dev.corp.google.com:5030 [302] [GET] [text/html] [302 Moved] [] [6d13d6d8c4a8e30f0cae64d1505d21a2]
https://login-dev.corp.google.com:5033 [302] [GET] [text/html] [302 Moved] [] [0f3a19a9846d053c16c653ff0fcc48cc]
https://login-stable.corp.google.com [200] [GET] [text/html] [Google Single Sign On: Sign into corp] [ESF] [vhost] [e0c09c059fa47b71ad86dc9f7f78e558]
https://login-stable.corp.google.com:5030 [302] [GET] [text/html] [302 Moved] [] [23b3df007e754343c971c4bd91b812ff]
https://login-stable.corp.google.com:5033 [302] [GET] [text/html] [302 Moved] [] [a9d94338a47bfb09da92739572084e53]
https://login-test.corp.google.com [200] [GET] [text/html] [Google Single Sign On: Sign into corp] [ESF] [vhost] [7a226408e881a428df82135ec37c41a9]
https://login-test.corp.google.com:5030 [302] [GET] [text/html] [302 Moved] [] [efc0d3bf5df1a83aa5488475be589c10]
https://login-test.corp.google.com:5033 [302] [GET] [text/html] [302 Moved] [] [591674a0285178872f8f8d4d52fced0d]
https://mail.google.com [301] [GET] [text/html] [Moved Permanently] [GSE] [vhost] [Java,OpenGSE] [91dcda9594c4063cf35244240b6fc3b4]
https://mail-settings.google.com [404] [GET] [text/html] [Error 404 (Not Found)!!1] [] [b81150861bf911f947660cf73bce77f6]
https://meet.google.com [302] [GET] [text/html] [302 Moved] [sffe] [vhost] [1817f33fcf78eb611e06fb1c76d4063e]
https://news.google.com [302] [GET] [application/binary] [] [ESF] [vhost] [d41d8cd98f00b204e9800998ecf8427e]
https://photos.google.com [302] [GET] [application/binary] [] [ESF] [vhost] [d41d8cd98f00b204e9800998ecf8427e]
https://plus.google.com [302] [GET] [application/binary] [] [ESF] [vhost] [d41d8cd98f00b204e9800998ecf8427e]
https://printer.corp.google.com [302] [GET] [text/html] [] [] [vhost] [075b49901cafd2c871555eaba71b25d5]
https://printer.corp.google.com:5030 [302] [GET] [text/html] [302 Moved] [] [vhost] [502c78bcc9604798102641f7b5ebb5d2]
https://printer.corp.google.com:5033 [302] [GET] [text/html] [302 Moved] [] [vhost] [dd62d10450b3a428cad815c2c620913f]
https://sandbox.google.com [404] [GET] [text/html] [Error 404 (Not Found)!!1] [] [b81150861bf911f947660cf73bce77f6]
https://script.sandbox.google.com [404] [GET] [text/html] [] [ESF] [4105ef480d05c5b6e76e845bbc0ed224]
https://sites.google.com [302] [GET] [text/html] [Moved Temporarily] [GSE] [Java,OpenGSE] [a1db09aa32414965f659f6b7bad9821d]
https://sites.sandbox.google.com [302] [GET] [text/html] [Moved Temporarily] [GSE] [vhost] [Java,OpenGSE] [dc6477b0c1b50fb208da35864153277b]
https://talkgadget.google.com [302] [GET] [text/html] [302 Moved] [sffe] [vhost] [8f838448ba9a6ddee29f15ffb4616f69]
https://test-bigquery.eu.sandbox.google.com [404] [GET] [text/html] [Error 404 (Not Found)!!1] [] [b81150861bf911f947660cf73bce77f6]
https://test-bigquery.us.sandbox.google.com [404] [GET] [text/html] [Error 404 (Not Found)!!1] [] [b81150861bf911f947660cf73bce77f6]
https://time.google.com [302] [GET] [text/html] [302 Moved] [sffe] [vhost] [f8eddc2fd453249fa2f42db071faa392]
https://tx.prom-qa.sandbox.google.com [429] [GET] [text/html] [Sorry...] [] [7869797f40804a2de10a7d1e8cb32177]
https://tz.r.prom-qa.sandbox.google.com [429] [GET] [text/html] [Sorry...] [] [7869797f40804a2de10a7d1e8cb32177]
https://uberproxy.corp.google.com [302] [GET] [text/html] [302 Moved] [] [vhost] [a5d9152d28a9ea9276c996dee168d15f]
https://uberproxy.corp.google.com:5030 [302] [GET] [text/html] [302 Moved] [] [vhost] [32a8cdb5f34ebf7892f4cd439a74012d]
https://uberproxy.corp.google.com:5033 [302] [GET] [text/html] [302 Moved] [] [vhost] [ee294cb30586428a47457c2fbf334021]
https://uberproxy-san.cnsviewer-static.corp.google.com [302] [GET] [text/html] [302 Moved] [] [4e91074c8c7db87ba74c04b1611c2cfe]
https://uberproxy-san.cnsviewer-static.corp.google.com:5030 [302] [GET] [text/html] [302 Moved] [] [2209e04d6c3e373316df33f5f2f3a086]
https://uberproxy-san.cnsviewer-static.corp.google.com:5033 [302] [GET] [text/html] [302 Moved] [] [2b4956071d1b8344d2131f0032ffd6aa]
https://uc.r.prom-qa.sandbox.google.com [429] [GET] [text/html] [Sorry...] [] [7869797f40804a2de10a7d1e8cb32177]
https://ue.r.prom-qa.sandbox.google.com [429] [GET] [text/html] [Sorry...] [] [7869797f40804a2de10a7d1e8cb32177]
https://upload.google.com [404] [GET] [text/html] [Error 404 (Not Found)!!1] [] [b81150861bf911f947660cf73bce77f6]
https://upload.video.google.com [404] [GET] [text/html] [Error 404 (Not Found)!!1] [] [b81150861bf911f947660cf73bce77f6]
https://viceroy.corp.google.com [302] [GET] [text/html] [302 Moved] [] [817a95e1cb04f3f13d44d9e6dae0a953]
https://viceroy.corp.google.com:5030 [302] [GET] [text/html] [302 Moved] [] [bfb24535ed7ff8eafe931ae07d0bb6f0]
https://viceroy.corp.google.com:5033 [302] [GET] [text/html] [302 Moved] [] [e057e5a56250f820ca5810797bd8894a]
https://viceroy-old.corp.google.com [302] [GET] [text/html] [302 Moved] [] [a31abb9b00b2e9b74aeaea29f17e33fd]
https://viceroy-old.corp.google.com:5030 [302] [GET] [text/html] [302 Moved] [] [aced7f9d86a67c5cb83408bac75e31d7]
https://viceroy-old.corp.google.com:5033 [302] [GET] [text/html] [302 Moved] [] [fe23048d6e6b5c46ea4fb6da49a288f8]
https://viceroy-qa.corp.google.com [302] [GET] [text/html] [302 Moved] [] [95bf58a2ad2511ee87879a194fe27447]
https://viceroy-qa.corp.google.com:5030 [302] [GET] [text/html] [302 Moved] [] [68ddc1146c9de28b6ee1bff7e2316b14]
https://viceroy-qa.corp.google.com:5033 [302] [GET] [text/html] [302 Moved] [] [2c6310b19d7fab89a0c5ad768344d490]
https://vi.corp.google.com [302] [GET] [text/html] [] [] [vhost] [3e5a557a48494a8b361c769654f59c6a]
https://vi.corp.google.com:5030 [302] [GET] [text/html] [302 Moved] [] [750315bcbb6e4c5644f491dd5bf1df34]
https://vi.corp.google.com:5033 [302] [GET] [text/html] [302 Moved] [] [ef84c2f46d0eb440b85ec00dae1c8a1f]
https://vi-old.corp.google.com [302] [GET] [text/html] [302 Moved] [] [cd49f74d2ca5f5a4de9a3c7c26865d29]
https://vi-old.corp.google.com:5030 [302] [GET] [text/html] [302 Moved] [] [bcb9b5a292e88cd1fc9959e5b2db5444]
https://vi-old.corp.google.com:5033 [302] [GET] [text/html] [302 Moved] [] [4f3ebad291dd48e12ba17b94c18bed21]
https://vi-qa.corp.google.com [302] [GET] [text/html] [302 Moved] [] [abf12c9256c96ca4e9be6206e80d0dbd]
https://vi-qa.corp.google.com:5030 [302] [GET] [text/html] [302 Moved] [] [7bb497bc636b38266239b7ecb2c9ed77]
https://vi-qa.corp.google.com:5033 [302] [GET] [text/html] [302 Moved] [] [995edee00a4cf3e523d5963ebc81fb1a]
https://voice-search-dev.sandbox.google.com [404] [GET] [text/html] [] [ESF] [4105ef480d05c5b6e76e845bbc0ed224]
