http://cdn.ads.grab.com [403] [GET] [text/html] [ERROR: The request could not be satisfied] [CloudFront] [cloudfront] [Amazon Cloudfront,Amazon Web Services] [cdbeadd1ff6892468169c98a13a28c41]
http://click.kh.mkt.grab.com [301] [GET] [] [] [] [d41d8cd98f00b204e9800998ecf8427e]
http://food-merchant-help.grab.com:2083 [400] [GET] [text/html] [400 The plain HTTP request was sent to HTTPS port] [cloudflare] [cloudflare] [Cloudflare] [cd58783500d7fa3c58f88eb0ba22f4f8]
http://food-merchant-help.grab.com:2087 [400] [GET] [text/html] [400 The plain HTTP request was sent to HTTPS port] [cloudflare] [cloudflare] [Cloudflare] [cd58783500d7fa3c58f88eb0ba22f4f8]
http://food-merchant-help.grab.com:8443 [400] [GET] [text/html] [400 The plain HTTP request was sent to HTTPS port] [cloudflare] [cloudflare] [Cloudflare] [cd58783500d7fa3c58f88eb0ba22f4f8]
http://modernoffice.edit.store.grab.com [403] [GET] [text/html] [ERROR: The request could not be satisfied] [CloudFront] [cloudfront] [Amazon Cloudfront,Amazon Web Services] [f0f6bf4b9f3aad230d9f7c369c2cb5e6]
http://partners.grab.com [200] [GET] [text/html] [] [AmazonS3] [vhost] [Amazon S3,Amazon Web Services] [d41d8cd98f00b204e9800998ecf8427e]
https://ad-manager-ui.grab.com [200] [GET] [text/html] [Grab Ad Manager] [AmazonS3] [vhost] [cloudfront] [Amazon Cloudfront,Amazon S3,Amazon Web Services] [78216924c20be6ed5f3de5181ef9f661]
https://admiral.grab.com [200] [GET] [text/html] [Admiral] [AmazonS3] [vhost] [cloudfront] [Amazon Cloudfront,Amazon S3,Amazon Web Services] [45422c38acd1946152123e61a13b8cc5]
https://ads-cdn.grab.com [403] [GET] [application/xml] [] [AmazonS3] [vhost] [cloudfront] [Amazon Cloudfront,Amazon S3,Amazon Web Services] [249371290c306de7bb4bf87286e844bc]
https://ads-cdn.grab.com [403] [GET] [application/xml] [] [AmazonS3] [vhost] [cloudfront] [Amazon Cloudfront,Amazon S3,Amazon Web Services] [df75efb2ca8d4f92e8208d604f4bbc03]
https://analytics-merchant.grab.com [200] [GET] [text/html] [Grab Merchant Analytics Portal - Grab Merchant Analytics] [] [vhost] [azure] [Azure,Bootstrap] [3567106732049910c461b5918d81c3dc]
https://analytics-merchant.grab.com [200] [GET] [text/html] [Grab Merchant Analytics Portal - Grab Merchant Analytics] [] [vhost] [azure] [Azure,Bootstrap] [f40a80451dd1448ee6ed945ba21776b2]
https://api.grab.com [404] [GET] [application/json] [] [] [762e283ff294b4c26acfc31a03791c27]
https://api.jr.grab.com [404] [GET] [application/json] [] [] [762e283ff294b4c26acfc31a03791c27]
https://api-restricted.grab.com [403] [GET] [text/html] [ERROR: The request could not be satisfied] [CloudFront] [cloudfront] [Amazon Cloudfront,Amazon Web Services] [397b0494debe87df171a6608af01902a]
https://api-restricted.grab.com [403] [GET] [text/html] [ERROR: The request could not be satisfied] [CloudFront] [cloudfront] [Amazon Cloudfront,Amazon Web Services] [a1ecfaad951a17c5c1b1f58da0fee231]
https://aries.grab.com [403] [GET] [text/html] [ERROR: The request could not be satisfied] [CloudFront] [cloudfront] [Amazon Cloudfront,Amazon Web Services] [dd8a7b6482ad4abaa82090ba9b3211f1]
https://aries.grab.com [403] [GET] [text/html] [ERROR: The request could not be satisfied] [CloudFront] [cloudfront] [Amazon Cloudfront,Amazon Web Services] [edd3c4297c7e4e4b52026e5a81db7910]
https://assets.gifts.grab.com [403] [GET] [application/xml] [] [AmazonS3] [vhost] [cloudfront] [Amazon Cloudfront,Amazon S3,Amazon Web Services] [8be491638dbdb3f79244e5c24d29d11a]
https://assets.gifts.grab.com [403] [GET] [application/xml] [] [AmazonS3] [vhost] [cloudfront] [Amazon Cloudfront,Amazon S3,Amazon Web Services] [d47f41e2ce0340370661641650d3efd1]
https://assets.grab.com [403] [GET] [application/xml] [] [AmazonS3] [vhost] [cloudfront] [Amazon Cloudfront,Amazon S3,Amazon Web Services] [958ea75c15593a5c1eea7d105de9e645]
https://assets.grab.com [403] [GET] [application/xml] [] [AmazonS3] [vhost] [cloudfront] [Amazon Cloudfront,Amazon S3,Amazon Web Services] [da952a8cc4d19649d7b4aa78cd18a1fa]
https://assets-mobile.grab.com [404] [GET] [application/xml] [] [AmazonS3] [vhost] [cloudfront] [Amazon Cloudfront,Amazon S3,Amazon Web Services] [05b59128e25175dce308f04692e9ccf7]
https://assets-staging.grab.com [403] [GET] [application/xml] [] [AmazonS3] [vhost] [cloudfront] [Amazon Cloudfront,Amazon S3,Amazon Web Services] [0f05aa9630b0fbace4f3ec9bdf1e9f20]
https://assets-staging.grab.com [403] [GET] [application/xml] [] [AmazonS3] [vhost] [cloudfront] [Amazon Cloudfront,Amazon S3,Amazon Web Services] [fe8b59602f9ef339352a632ded7cc7e3]
https://b2b-waypoint-portal.grab.com [403] [GET] [text/html] [ERROR: The request could not be satisfied] [CloudFront] [cloudfront] [Amazon Cloudfront,Amazon Web Services] [71170474a56423fdc6666f08c6cd3567]
https://b2b-waypoint-portal.grab.com [403] [GET] [text/html] [ERROR: The request could not be satisfied] [CloudFront] [cloudfront] [Amazon Cloudfront,Amazon Web Services] [df85a7f50445cd78198dfc08c6b2b0e5]
https://bangkok.qms.grab.com [403] [GET] [application/json] [] [] [3e16ae25c56f3b79b4b9071a0d25d9d1]
https://blackhole.ext.grab.com [200] [GET] [text/html] [] [] [f67f7c219b0107103dfbbc219b691337]
https://bolt.grab.com [200] [GET] [text/html] [Bolt | Sales Affiliate System] [AmazonS3] [vhost] [cloudfront] [Amazon Cloudfront,Amazon S3,Amazon Web Services,Google Tag Manager] [55278e7528e4f480058d70bf93ef6dbc]
https://brand.grab.com [599] [GET] [text/html] [You are not allowed to access this page] [CloudFront] [vhost] [cloudfront] [Amazon Cloudfront,Amazon Web Services] [f7dc8363430b1083b3213861fcdbdd38]
https://business.grab.com [200] [GET] [text/html] [Grab for Business] [AmazonS3] [vhost] [cloudfront] [Amazon Cloudfront,Amazon S3,Amazon Web Services,Fourthwall:gfb-webapp-v0.0.1,Google Tag Manager] [7dc43d2eb3430dc1bb61227215a90780]
https://business-profile.grab.com [200] [GET] [text/html] [Business Profile] [AmazonS3] [vhost] [cloudfront] [Amazon Cloudfront,Amazon S3,Amazon Web Services,Google Tag Manager] [97b89b30d6193916ce88842a26dd057a]
https://cancellah-cdn.grab.com [404] [GET] [application/xml] [] [AmazonS3] [vhost] [cloudfront] [Amazon Cloudfront,Amazon S3,Amazon Web Services] [9a28f33463e8357b79e9aa230a0ece99]
https://casestudy.grab.com [403] [GET] [text/html] [ERROR: The request could not be satisfied] [CloudFront] [cloudfront] [Amazon Cloudfront,Amazon Web Services] [039838bef3ee06a6ff9ec4e3fd943435]
https://casestudy.grab.com [403] [GET] [text/html] [ERROR: The request could not be satisfied] [CloudFront] [cloudfront] [Amazon Cloudfront,Amazon Web Services] [08484b7c7c39dfb31f66b8b05453f6f6]
https://category-tile-images.grab.com [404] [GET] [application/xml] [] [AmazonS3] [vhost] [cloudfront] [Amazon Cloudfront,Amazon S3,Amazon Web Services] [cbed831fe4dc5eca1efd5ea7eab98e48]
https://central-service-dashboard-fe.grab.com [403] [GET] [text/html] [ERROR: The request could not be satisfied] [CloudFront] [cloudfront] [Amazon Cloudfront,Amazon Web Services] [77aca85ea762b6745edc5460926ccbe6]
https://central-service-dashboard-fe.grab.com [403] [GET] [text/html] [ERROR: The request could not be satisfied] [CloudFront] [cloudfront] [Amazon Cloudfront,Amazon Web Services] [c3c34822febd55b45a7d8a16fc1426fc]
https://click.mkt.grab.com [403] [GET] [text/html] [403 - Forbidden: Access is denied.] [] [11ca4578cb026a23713aea6781b8ece3]
https://click.sg.mkt.grab.com [403] [GET] [text/html] [403 - Forbidden: Access is denied.] [] [11ca4578cb026a23713aea6781b8ece3]
https://click.vn.mkt.grab.com [403] [GET] [text/html] [403 - Forbidden: Access is denied.] [] [11ca4578cb026a23713aea6781b8ece3]
https://cloud.id.mkt.grab.com [403] [GET] [text/html] [403 - Forbidden: Access is denied.] [] [11ca4578cb026a23713aea6781b8ece3]
https://cloud.kh.mkt.grab.com [403] [GET] [text/html] [403 - Forbidden: Access is denied.] [] [11ca4578cb026a23713aea6781b8ece3]
https://cloud.mkt.grab.com [403] [GET] [text/html] [403 - Forbidden: Access is denied.] [] [11ca4578cb026a23713aea6781b8ece3]
https://cloud.mm.mkt.grab.com [403] [GET] [text/html] [403 - Forbidden: Access is denied.] [] [11ca4578cb026a23713aea6781b8ece3]
https://cloud.my.mkt.grab.com [403] [GET] [text/html] [403 - Forbidden: Access is denied.] [] [11ca4578cb026a23713aea6781b8ece3]
https://cloud.ph.mkt.grab.com [403] [GET] [text/html] [403 - Forbidden: Access is denied.] [] [11ca4578cb026a23713aea6781b8ece3]
https://cloud.sg.mkt.grab.com [403] [GET] [text/html] [403 - Forbidden: Access is denied.] [] [11ca4578cb026a23713aea6781b8ece3]
https://cloud.th.mkt.grab.com [403] [GET] [text/html] [403 - Forbidden: Access is denied.] [] [11ca4578cb026a23713aea6781b8ece3]
https://cloud.vn.mkt.grab.com [403] [GET] [text/html] [403 - Forbidden: Access is denied.] [] [11ca4578cb026a23713aea6781b8ece3]
https://commerce.grab.com [200] [GET] [text/html] [] [nginx] [vhost] [Nginx,React] [3b6d31d81a6e925436b311e21d7fb426]
https://concedo-ams-ui.grab.com [200] [GET] [text/html] [concedo-iam] [AmazonS3] [vhost] [cloudfront] [Amazon Cloudfront,Amazon S3,Amazon Web Services] [37e42cde46330f31c72c06e70fc627df]
https://concedo.grab.com [403] [GET] [text/html] [ERROR: The request could not be satisfied] [CloudFront] [cloudfront] [Amazon Cloudfront,Amazon Web Services] [2d41eae1973d85a7e172e1edfc636d90]
https://concedo.grab.com [403] [GET] [text/html] [ERROR: The request could not be satisfied] [CloudFront] [cloudfront] [Amazon Cloudfront,Amazon Web Services] [b2ea6d4af51168c01fb75faa96cd7fa0]
https://concierge.grab.com [200] [GET] [text/html] [Booking - Grab] [AmazonS3] [vhost] [cloudfront] [Amazon Cloudfront,Amazon S3,Amazon Web Services,Google Tag Manager] [b7046960ebbda049e555dbd8bea4cbdd]
https://conqueryoureveryday.grab.com [200] [GET] [text/html] [] [AmazonS3] [vhost] [cloudfront] [Amazon Cloudfront,Amazon S3,Amazon Web Services] [155b9cc830611062e6fdd408901273bc]
https://cradle.grab.com [403] [GET] [text/html] [ERROR: The request could not be satisfied] [CloudFront] [cloudfront] [Amazon Cloudfront,Amazon Web Services] [d0660cd603cafde9dad1f4ce90e71add]
https://cradle.grab.com [403] [GET] [text/html] [ERROR: The request could not be satisfied] [CloudFront] [cloudfront] [Amazon Cloudfront,Amazon Web Services] [fe091c756fadccfbfd4ce394cf4e3427]
https://csat.grab.com [200] [GET] [text/html] [Grab] [nginx] [vhost] [cloudfront] [Amazon Cloudfront,Amazon Web Services,Google Tag Manager,Nginx,PHP:7.3.8] [3c4bf38df9a6e59e03e7b6dedb90b147]
https://csd.grab.com [403] [GET] [text/html] [ERROR: The request could not be satisfied] [CloudFront] [cloudfront] [Amazon Cloudfront,Amazon Web Services] [363fdfb531a04997db5a49be2d659d97]
https://csd.grab.com [403] [GET] [text/html] [ERROR: The request could not be satisfied] [CloudFront] [cloudfront] [Amazon Cloudfront,Amazon Web Services] [b832a51b39bda70586deb4aafef36735]
https://daxexp.grab.com [404] [GET] [application/xml] [] [AmazonS3] [vhost] [cloudfront] [Amazon Cloudfront,Amazon S3,Amazon Web Services] [e39b49d99c53e630a8e21a1ea6b773c6]
https://dax-feedback-img.grab.com [403] [GET] [text/html] [ERROR: The request could not be satisfied] [CloudFront] [cloudfront] [Amazon Cloudfront,Amazon Web Services] [76ed7ce7d00be1d4ff328021cd3422a6]
https://dax-feedback-img.grab.com [403] [GET] [text/html] [ERROR: The request could not be satisfied] [CloudFront] [cloudfront] [Amazon Cloudfront,Amazon Web Services] [be27c7df9de52936b3cdce9543a963b4]
https://design.grab.com [403] [GET] [text/html] [ERROR: The request could not be satisfied] [CloudFront] [cloudfront] [Amazon Cloudfront,Amazon Web Services] [7afa727fb7004c27cc72b0effcf1ac03]
https://design.grab.com [403] [GET] [text/html] [ERROR: The request could not be satisfied] [CloudFront] [cloudfront] [Amazon Cloudfront,Amazon Web Services] [e2e5d8f7783e194f1d418b114535c804]
https://developer-admin.grab.com [403] [GET] [text/html] [ERROR: The request could not be satisfied] [CloudFront] [cloudfront] [Amazon Cloudfront,Amazon Web Services] [5e4439311dbb30173601eb4a37579414]
https://developer-admin.grab.com [403] [GET] [text/html] [ERROR: The request could not be satisfied] [CloudFront] [cloudfront] [Amazon Cloudfront,Amazon Web Services] [9694118afeb20bf3bb3a09d190490404]
https://developer.grab.com [200] [GET] [text/html] [Grab Developer] [AmazonS3] [vhost] [cloudfront] [Amazon Cloudfront,Amazon S3,Amazon Web Services,Google Tag Manager] [f89350dbaea57cfda545d5914548e618]
https://developers.grab.com [200] [GET] [text/html] [Grab Developer] [AmazonS3] [vhost] [cloudfront] [Amazon Cloudfront,Amazon S3,Amazon Web Services,Google Tag Manager] [f89350dbaea57cfda545d5914548e618]
https://dexter.grab.com [403] [GET] [text/html] [ERROR: The request could not be satisfied] [CloudFront] [cloudfront] [Amazon Cloudfront,Amazon Web Services] [4b80880d8cfe327ec6b423540a64ceba]
https://dexter.grab.com [403] [GET] [text/html] [ERROR: The request could not be satisfied] [CloudFront] [cloudfront] [Amazon Cloudfront,Amazon Web Services] [df12ad75016e3e82c73c6c403a58f9c9]
https://discovery-ds-public.grab.com [404] [GET] [application/xml] [] [AmazonS3] [vhost] [cloudfront] [Amazon Cloudfront,Amazon S3,Amazon Web Services] [e6b4efce0dbfd5b0237a943f92af9018]
https://doc.grab.com [200] [GET] [text/html] [Grab Rampart File Service] [] [22eeada67b184d2fe5a2a3ffd039d4b0]
https://doc.grab.com [200] [GET] [text/html] [Grab Rampart File Service] [] [df6b661826a6c70d424e1781c4eabb1a]
https://earlyaccess.grab.com [200] [GET] [text/html] [Grab Early Access Program] [AmazonS3] [vhost] [cloudfront] [Amazon Cloudfront,Amazon S3,Amazon Web Services,Google Tag Manager] [75bd154538532d6bc32a7afa87b11365]
https://engineering.grab.com [200] [GET] [text/html] [Grab Tech] [GitHub.com] [vhost] [cloudfront] [Amazon Cloudfront,Amazon Web Services,Bootstrap:3.3.1,Fastly,Font Awesome,GitHub Pages,Google Font API,Varnish] [a09da0936c9d3f4b7ea1b335cffae4ec]
https://enterprise.grab.com [302] [GET] [text/html] [] [PardotServer] [vhost] [Pardot] [d41d8cd98f00b204e9800998ecf8427e]
https://experiments.grab.com [200] [GET] [text/html] [Experimentation Platform] [AmazonS3] [vhost] [cloudfront] [Amazon Cloudfront,Amazon S3,Amazon Web Services] [6267677c4be30dfdce394f3b25aa5c72]
https://express-dash.grab.com [200] [GET] [text/html] [ExpressDash] [AmazonS3] [vhost] [cloudfront] [Amazon Cloudfront,Amazon S3,Amazon Web Services] [cb23a394ef6c46f560473dbb6af0e569]
https://express.grab.com [200] [GET] [text/html] [] [AmazonS3] [vhost] [cloudfront] [Amazon Cloudfront,Amazon S3,Amazon Web Services] [dad447561b218a2b31ae1bb8be5c5fc5]
https://finance.grab.com [200] [GET] [text/html] [] [nginx] [vhost] [cloudfront] [Amazon Cloudfront,Amazon Web Services,Ant Design,Google Tag Manager,Nginx] [2799414b6f939d1d63fbca44cdd4abd0]
https://food-cms-upload2.grab.com [403] [GET] [text/html] [403 Forbidden] [awselb/2.0] [bad2e8579dcdb79399aac2064216a37d]
https://food.grab.com [200] [GET] [text/html] [Food Delivery Menu | GrabFood] [] [vhost] [cloudfront] [Amazon Cloudfront,Amazon Web Services] [199e358148a6a7990596b89f1092fb90]
https://food.grab.com [200] [GET] [text/html] [Food Delivery Menu | GrabFood] [] [vhost] [cloudfront] [Amazon Cloudfront,Amazon Web Services] [fc08df1a8e3fadd7eab4aebc5482581b]
https://food-merchant-help.grab.com [301] [GET] [text/html] [] [cloudflare] [vhost] [cloudflare] [Cloudflare,Cloudflare Network Error Logging,Zendesk] [719f82da18d4a2fc38596b353c16d192]
https://food-partner-api-img.grab.com [404] [GET] [application/xml] [] [AmazonS3] [vhost] [cloudfront] [Amazon Cloudfront,Amazon S3,Amazon Web Services] [83f86ca12e9aed0edb54349c70a9c253]
https://food-zeus.grab.com [200] [GET] [text/html] [Zeus | Food CMS] [AmazonS3] [vhost] [cloudfront] [Amazon Cloudfront,Amazon S3,Amazon Web Services,Google Tag Manager] [507031c0e0db4c9f47e8bdfe6fff76a6]
https://gamma-cx.grab.com [403] [GET] [text/html] [ERROR: The request could not be satisfied] [CloudFront] [cloudfront] [Amazon Cloudfront,Amazon Web Services] [6538b446af321b15afd8dfb5b07fb428]
https://gamma-cx.grab.com [403] [GET] [text/html] [ERROR: The request could not be satisfied] [CloudFront] [cloudfront] [Amazon Cloudfront,Amazon Web Services] [d3c4746a4dfe62657575b0e283b21817]
https://gamma-daxexp.grab.com [403] [GET] [text/html] [ERROR: The request could not be satisfied] [CloudFront] [cloudfront] [Amazon Cloudfront,Amazon Web Services] [d10076af496cfdff771f69e81e96c652]
https://gamma-daxexp.grab.com [403] [GET] [text/html] [ERROR: The request could not be satisfied] [CloudFront] [cloudfront] [Amazon Cloudfront,Amazon Web Services] [d6aadfed0f7ef4000973775b00756c0a]
https://gamma-daxexp-public.grab.com [200] [GET] [text/html] [Gamma daxexp] [AmazonS3] [vhost] [cloudfront] [Amazon Cloudfront,Amazon S3,Amazon Web Services,Font Awesome,Google Font API] [b630f797185b9f632e1b1c5b1fd11dd3]
https://gamma-econs.grab.com [403] [GET] [text/html] [ERROR: The request could not be satisfied] [CloudFront] [cloudfront] [Amazon Cloudfront,Amazon Web Services] [ae2c9b7803ea574ebf38714b21914a0c]
https://gamma-econs.grab.com [403] [GET] [text/html] [ERROR: The request could not be satisfied] [CloudFront] [cloudfront] [Amazon Cloudfront,Amazon Web Services] [d8f469047f19dd4e5463b0d5a7b4b513]
https://gamma-financial.grab.com [403] [GET] [text/html] [ERROR: The request could not be satisfied] [CloudFront] [cloudfront] [Amazon Cloudfront,Amazon Web Services] [3818d60e8dddfd2867955052d759ec1b]
https://gamma-financial.grab.com [403] [GET] [text/html] [ERROR: The request could not be satisfied] [CloudFront] [cloudfront] [Amazon Cloudfront,Amazon Web Services] [5f57c8c5934d8213a49d9518371ba706]
https://gamma-ge-dashboard.grab.com [403] [GET] [text/html] [ERROR: The request could not be satisfied] [CloudFront] [cloudfront] [Amazon Cloudfront,Amazon Web Services] [4d22a7b9f9e673a85a8b1d2bb1f257f8]
https://gamma-ge-dashboard.grab.com [403] [GET] [text/html] [ERROR: The request could not be satisfied] [CloudFront] [cloudfront] [Amazon Cloudfront,Amazon Web Services] [f50a99cb8c4be6a1963e163f5650f25f]
https://gamma-geo.grab.com [403] [GET] [text/html] [ERROR: The request could not be satisfied] [CloudFront] [cloudfront] [Amazon Cloudfront,Amazon Web Services] [b6ff24a8e6d27bd3c4b298a97c1005bf]
https://gamma-geo.grab.com [403] [GET] [text/html] [ERROR: The request could not be satisfied] [CloudFront] [cloudfront] [Amazon Cloudfront,Amazon Web Services] [b7661b539ff7265586837397bdfcdd73]
https://gamma.grab.com [403] [GET] [text/html] [ERROR: The request could not be satisfied] [CloudFront] [cloudfront] [Amazon Cloudfront,Amazon Web Services] [7c3b0d3cd64607225d6606063bcd968c]
https://gamma.grab.com [403] [GET] [text/html] [ERROR: The request could not be satisfied] [CloudFront] [cloudfront] [Amazon Cloudfront,Amazon Web Services] [b744119f645e3eed0272df40a5e710af]
https://gamma-payments.grab.com [200] [GET] [text/html] [gamma-payments] [AmazonS3] [vhost] [cloudfront] [Amazon Cloudfront,Amazon S3,Amazon Web Services] [860621f7b9f5a3f17b03528b8ecd06d1]
https://gamma-public.grab.com [200] [GET] [text/html] [Gamma] [AmazonS3] [vhost] [cloudfront] [Amazon Cloudfront,Amazon S3,Amazon Web Services,Font Awesome,Google Font API] [7748f7ffd75853c57926138beb2b26c6]
https://gamma-transport.grab.com [403] [GET] [text/html] [ERROR: The request could not be satisfied] [CloudFront] [cloudfront] [Amazon Cloudfront,Amazon Web Services] [c95caabd4e3641f65b76f9fd3ebaeb22]
https://gamma-transport.grab.com [403] [GET] [text/html] [ERROR: The request could not be satisfied] [CloudFront] [cloudfront] [Amazon Cloudfront,Amazon Web Services] [cc3864587d8a4789765190cd5973b4cf]
https://gdcappt.qms.grab.com [302] [GET] [text/plain] [] [] [14ec2f7db5fa6e813fda07b8563cba48]
https://geo-dashboard-ui.grab.com [403] [GET] [text/html] [ERROR: The request could not be satisfied] [CloudFront] [cloudfront] [Amazon Cloudfront,Amazon Web Services] [09233c6c4441b70f5c1aec4a664a7c2a]
https://geo-dashboard-ui.grab.com [403] [GET] [text/html] [ERROR: The request could not be satisfied] [CloudFront] [cloudfront] [Amazon Cloudfront,Amazon Web Services] [934160316104077bf55db6082b47eba2]
https://geotools.grab.com [403] [GET] [text/html] [ERROR: The request could not be satisfied] [CloudFront] [cloudfront] [Amazon Cloudfront,Amazon Web Services] [2b44f81858c416816588eca46f14de73]
https://geotools.grab.com [403] [GET] [text/html] [ERROR: The request could not be satisfied] [CloudFront] [cloudfront] [Amazon Cloudfront,Amazon Web Services] [7042b5ae8752482871a66c004f2d7be0]
https://geo-tools.grab.com [403] [GET] [text/html] [ERROR: The request could not be satisfied] [CloudFront] [cloudfront] [Amazon Cloudfront,Amazon Web Services] [80469f341daa2667ccef5786e4e3e6f7]
https://geo-tools.grab.com [403] [GET] [text/html] [ERROR: The request could not be satisfied] [CloudFront] [cloudfront] [Amazon Cloudfront,Amazon Web Services] [9ec780759c394965701a4921da4257ea]
https://geo-tools-ui.grab.com [403] [GET] [text/html] [ERROR: The request could not be satisfied] [CloudFront] [cloudfront] [Amazon Cloudfront,Amazon Web Services] [3a2508aa5ff46e2647ef9294d850c1ba]
https://geo-tools-ui.grab.com [403] [GET] [text/html] [ERROR: The request could not be satisfied] [CloudFront] [cloudfront] [Amazon Cloudfront,Amazon Web Services] [de41b37a3d4d46517eb0d647e0b522a0]
https://gfb-webapp-modules.grab.com [200] [GET] [text/html] [GFB Web Application Modules] [AmazonS3] [vhost] [cloudfront] [Amazon Cloudfront,Amazon S3,Amazon Web Services] [60913c842fb57e028ff2771277a6472d]
https://gifts.grab.com [302] [GET] [text/html] [302 Found] [nginx] [vhost] [cloudfront] [Amazon Cloudfront,Amazon Web Services,Nginx] [cfbeaf604823f038b8b46f0ac862b98c]
https://gifts-media.grab.com [404] [GET] [application/xml] [] [AmazonS3] [vhost] [cloudfront] [Amazon Cloudfront,Amazon S3,Amazon Web Services] [e5b4c74ed81c816ba4b793c578458be3]
https://gifts-web.grab.com [403] [GET] [text/html] [ERROR: The request could not be satisfied] [CloudFront] [cloudfront] [Amazon Cloudfront,Amazon Web Services] [8f7b14e9930f6a0f393aaff22e57bbaf]
https://gifts-web.grab.com [403] [GET] [text/html] [ERROR: The request could not be satisfied] [CloudFront] [cloudfront] [Amazon Cloudfront,Amazon Web Services] [d451b08c5ba1e0bf519b9e5a0e10a201]
https://gmc.qms.grab.com [401] [GET] [application/json] [] [] [vhost] [f4b93d9aa11dcf9e7e26e432363d3c4b]
https://go.grab.com [307] [GET] [text/html] [] [] [0a9f7ecb71973a6da189b4b93930c5ed]
https://grab360.grab.com [403] [GET] [text/html] [You are not allowed to access this page] [nginx/1.14.2] [vhost] [cloudfront] [Amazon Cloudfront,Amazon Web Services,Nginx:1.14.2] [9c1ea758ea59e4097ddfde4d84e477ae]
https://grabacademy.grab.com [200] [GET] [text/html] [GrabAcademy] [] [vhost] [Azure,Azure Front Door] [820679954114a54ae984828b28c2a426]
https://grabcentral.grab.com [301] [GET] [text/html] [301 Moved Permanently] [awselb/2.0] [vhost] [4aa7a432bb447f094408f1bd6229c605]
https://grab.com [302] [GET] [text/html] [302 Found] [nginx] [vhost] [cloudfront] [Amazon Cloudfront,Amazon Web Services,Nginx] [cfbeaf604823f038b8b46f0ac862b98c]
https://grabtaxi-grab-express.grab.com [403] [GET] [application/xml] [] [AmazonS3] [vhost] [cloudfront] [Amazon Cloudfront,Amazon S3,Amazon Web Services] [672824cdf5f9fef094e9da2f60b21f13]
https://grabtaxi-grab-express.grab.com [403] [GET] [application/xml] [] [AmazonS3] [vhost] [cloudfront] [Amazon Cloudfront,Amazon S3,Amazon Web Services] [9a7b3ae533c94384d519cbd3e7de2604]
https://grfmslive.grab.com [502] [GET] [text/html] [502 Bad Gateway] [Microsoft-Azure-Application-Gateway/v2] [c3da608da09706b361dcd3a3023b2474]
https://growth.grab.com [200] [GET] [text/html] [Grab] [AmazonS3] [vhost] [cloudfront] [Amazon Cloudfront,Amazon S3,Amazon Web Services,Google Tag Manager] [b8f6eca22f42638b0bec171f3a371c56]
https://growth-public.grab.com [200] [GET] [application/x-directory] [] [AmazonS3] [vhost] [cloudfront] [Amazon Cloudfront,Amazon S3,Amazon Web Services] [d41d8cd98f00b204e9800998ecf8427e]
https://hackathon.grab.com [200] [GET] [text/html] [] [GitHub.com] [vhost] [Fastly,GitHub Pages,Varnish] [716f66ff96449b2d77cbd8127e928f9b]
http://share.grab.com [403] [GET] [text/html] [ERROR: The request could not be satisfied] [CloudFront] [cloudfront] [Amazon Cloudfront,Amazon Web Services] [8316726080e45e9f220f6168fe0a7a4c]
https://hawkeye.grab.com [403] [GET] [text/html] [ERROR: The request could not be satisfied] [CloudFront] [cloudfront] [Amazon Cloudfront,Amazon Web Services] [40962a42091de1a329a05504a82aaeeb]
https://hawkeye.grab.com [403] [GET] [text/html] [ERROR: The request could not be satisfied] [CloudFront] [cloudfront] [Amazon Cloudfront,Amazon Web Services] [ab721b4422f5355c9ecea4b917d81fa3]
https://hawkeye-v.grab.com [403] [GET] [text/html] [ERROR: The request could not be satisfied] [CloudFront] [cloudfront] [Amazon Cloudfront,Amazon Web Services] [5e42279de6b017ddf2d793865d2d6844]
https://hawkeye-v.grab.com [403] [GET] [text/html] [ERROR: The request could not be satisfied] [CloudFront] [cloudfront] [Amazon Cloudfront,Amazon Web Services] [a9cb2a12c514c4eca2fe0c5a5e05abfb]
https://hc-doc.grab.com [502] [GET] [text/html] [ERROR: The request could not be satisfied] [CloudFront] [vhost] [cloudfront] [Amazon Cloudfront,Amazon Web Services] [e256cd1fd8ed2fc41f5bfe4ef8f9540b]
https://hedwig-dash.grab.com [403] [GET] [text/html] [ERROR: The request could not be satisfied] [CloudFront] [cloudfront] [Amazon Cloudfront,Amazon Web Services] [2f05a0e48ff5be733e03770718b59565]
https://hedwig-dash.grab.com [403] [GET] [text/html] [ERROR: The request could not be satisfied] [CloudFront] [cloudfront] [Amazon Cloudfront,Amazon Web Services] [8f54fac6ef1201898d5a009b765a1d84]
https://hedwig.grab.com [403] [GET] [text/html] [ERROR: The request could not be satisfied] [CloudFront] [cloudfront] [Amazon Cloudfront,Amazon Web Services] [1a625da47cf96fd2e321f759ccad6e03]
https://hedwig.grab.com [403] [GET] [text/html] [ERROR: The request could not be satisfied] [CloudFront] [cloudfront] [Amazon Cloudfront,Amazon Web Services] [3573d1fbe7a50f5538ea625ceffba216]
https://help.grab.com [200] [GET] [text/html] [Grab HelpCenter] [AmazonS3] [vhost] [cloudfront] [Amazon Cloudfront,Amazon S3,Amazon Web Services,Google Tag Manager] [422c295620ac6d85ca1b0e3d5828f16d]
https://hitch.grab.com [200] [GET] [text/html] [GrabHitch Statement Hub] [] [Google Tag Manager] [340fe02111800de94e50c7c69abf8134]
https://hitch.grab.com [200] [GET] [text/html] [GrabHitch Statement Hub] [] [Google Tag Manager] [f85ddebbadbf205a18cdd6f7600387a5]
https://hodor-api.grab.com [404] [GET] [text/plain] [] [] [vhost] [cloudfront] [Amazon Cloudfront,Amazon Web Services] [595e88012a6521aae3e12cbebe76eb9e]
https://hodor-assets.grab.com [403] [GET] [application/xml] [] [AmazonS3] [vhost] [cloudfront] [Amazon Cloudfront,Amazon S3,Amazon Web Services] [2b4916d6b66820a45e7dc32db6aa1b7b]
https://hodor-assets.grab.com [403] [GET] [application/xml] [] [AmazonS3] [vhost] [cloudfront] [Amazon Cloudfront,Amazon S3,Amazon Web Services] [55837a1caccae696caea40234d58f389]
https://hodor.grab.com [200] [GET] [text/html] [Hodor] [AmazonS3] [vhost] [cloudfront] [Amazon Cloudfront,Amazon S3,Amazon Web Services] [5f63bd68dc8a62ce6605919712847bfe]
https://hub.grab.com [200] [GET] [text/html] [Grab Hub] [AmazonS3] [vhost] [cloudfront] [Amazon Cloudfront,Amazon S3,Amazon Web Services] [c964e1ae41c93769f071eb69f86e2ffc]
https://iam-manage.grab.com [403] [GET] [text/html] [ERROR: The request could not be satisfied] [CloudFront] [cloudfront] [Amazon Cloudfront,Amazon Web Services] [37c12c32214beaae2458132f4415078a]
https://iam-manage.grab.com [403] [GET] [text/html] [ERROR: The request could not be satisfied] [CloudFront] [cloudfront] [Amazon Cloudfront,Amazon Web Services] [ea6c7f1235eb807d22e19d4f938a36e8]
https://icons.grab.com [403] [GET] [application/xml] [] [AmazonS3] [vhost] [cloudfront] [Amazon Cloudfront,Amazon S3,Amazon Web Services] [2972abfcccf9e890597442725245a8ab]
https://icons.grab.com [403] [GET] [application/xml] [] [AmazonS3] [vhost] [cloudfront] [Amazon Cloudfront,Amazon S3,Amazon Web Services] [e8626c3e4283e74e4132caee7eebeee8]
https://image.e.grab.com [403] [GET] [text/html] [Access Denied] [AkamaiGHost] [vhost] [35e81f2af13b53315662d3db8c951219]
https://image.e.grab.com [403] [GET] [text/html] [Access Denied] [AkamaiGHost] [vhost] [adc560a6aa211c3eb8db01e914d9d431]
https://image.id.mkt.grab.com [403] [GET] [text/html] [Access Denied] [AkamaiGHost] [vhost] [492626e093d3e6fad328f995c5242308]
https://image.id.mkt.grab.com [403] [GET] [text/html] [Access Denied] [AkamaiGHost] [vhost] [f07012e6884d1bd05fef719848f0d506]
https://image.kh.mkt.grab.com [403] [GET] [text/html] [Access Denied] [AkamaiGHost] [vhost] [7e51741e374d381014bca1fcc6c26be8]
https://image.kh.mkt.grab.com [403] [GET] [text/html] [Access Denied] [AkamaiGHost] [vhost] [e5ca7a15108c7847ae9f28cada36cc10]
https://image.mkt.grab.com [403] [GET] [text/html] [Access Denied] [AkamaiGHost] [vhost] [23622e9e0e292749f017b55d68498e12]
https://image.mkt.grab.com [403] [GET] [text/html] [Access Denied] [AkamaiGHost] [vhost] [67f876f8eda661d88211f5c5483ebc74]
https://image.mm.mkt.grab.com [403] [GET] [text/html] [Access Denied] [AkamaiGHost] [vhost] [0e6dfd61939ee2a163fa91b26b04e7b5]
https://image.mm.mkt.grab.com [403] [GET] [text/html] [Access Denied] [AkamaiGHost] [vhost] [d4ddaa637c60144a72b4882c898405c8]
https://image.my.mkt.grab.com [403] [GET] [text/html] [Access Denied] [AkamaiGHost] [vhost] [3ebb6842aea4ad2d2c743f73ac739e0d]
https://image.my.mkt.grab.com [403] [GET] [text/html] [Access Denied] [AkamaiGHost] [vhost] [ad37f96ff346bc0399986aae0a5fd843]
https://image.ph.mkt.grab.com [403] [GET] [text/html] [Access Denied] [AkamaiGHost] [vhost] [22510919e0ab6840bc044b4ad8017b0c]
https://image.ph.mkt.grab.com [403] [GET] [text/html] [Access Denied] [AkamaiGHost] [vhost] [25584e9dc77cdbab179c70ff7b3e2011]
https://image.sg.mkt.grab.com [403] [GET] [text/html] [Access Denied] [AkamaiGHost] [vhost] [69750047409da802055e37d6ba06e554]
https://image.sg.mkt.grab.com [403] [GET] [text/html] [Access Denied] [AkamaiGHost] [vhost] [a973900b95821b94251d10f9bea495e8]
https://image.th.mkt.grab.com [403] [GET] [text/html] [Access Denied] [AkamaiGHost] [vhost] [965a9dfcd0fef5a36c18b5d9d874d4dc]
https://image.th.mkt.grab.com [403] [GET] [text/html] [Access Denied] [AkamaiGHost] [vhost] [e835820d7702a4f8bb8700951872f8e2]
https://imageview.grab.com [403] [GET] [text/html] [ERROR: The request could not be satisfied] [CloudFront] [cloudfront] [Amazon Cloudfront,Amazon Web Services] [e8156d133ea7fc1946ad2fb33439c0f7]
https://imageview.grab.com [403] [GET] [text/html] [ERROR: The request could not be satisfied] [CloudFront] [cloudfront] [Amazon Cloudfront,Amazon Web Services] [f2dee42c8d1520c756528bd2ce7281ac]
https://image.vn.mkt.grab.com [403] [GET] [text/html] [Access Denied] [AkamaiGHost] [vhost] [dcb128d23b4175511ea2a315eb267295]
https://image.vn.mkt.grab.com [403] [GET] [text/html] [Access Denied] [AkamaiGHost] [vhost] [e227f4666ad7f2bcfa7a2e9431d7f10b]
https://ims-fe.grab.com [403] [GET] [text/html] [ERROR: The request could not be satisfied] [CloudFront] [cloudfront] [Amazon Cloudfront,Amazon Web Services] [26d1538b56a18bb2da653dadae2e3bcb]
https://ims-fe.grab.com [403] [GET] [text/html] [ERROR: The request could not be satisfied] [CloudFront] [cloudfront] [Amazon Cloudfront,Amazon Web Services] [dad15b7a9d67a6c8d7f319ca74173ded]
https://incidents.grab.com [403] [GET] [text/html] [ERROR: The request could not be satisfied] [CloudFront] [cloudfront] [Amazon Cloudfront,Amazon Web Services] [49a2e3db51faf3b1969823d059f4cc15]
https://incidents.grab.com [403] [GET] [text/html] [ERROR: The request could not be satisfied] [CloudFront] [cloudfront] [Amazon Cloudfront,Amazon Web Services] [8aaf7082d9eec311e3b54f249e95f4b8]
https://investors.grab.com [403] [GET] [text/html] [Access Denied] [] [vhost] [65b0f0a551a0041de6dfeb5023ee39cc]
https://investors.grab.com [403] [GET] [text/html] [Access Denied] [] [vhost] [949d23bc8baa0f59310465533e68a549]
https://ipoh.qms.grab.com [200] [GET] [text/html] [] [] [955c6ccb57196dfb4346a8037ea80910]
https://jaya.grab.com [200] [GET] [text/html] [Jaya] [AmazonS3] [vhost] [cloudfront] [Amazon Cloudfront,Amazon S3,Amazon Web Services] [01c59175f53ac8b01320f286e72e8259]
https://jira.ext.grab.com [502] [GET] [text/html] [ERROR: The request could not be satisfied] [CloudFront] [vhost] [cloudfront] [Amazon Cloudfront,Amazon Web Services] [843a6ae3d5cfed06382f87e29bf42b7c]
https://jira.ext.grab.com [502] [GET] [text/html] [ERROR: The request could not be satisfied] [CloudFront] [vhost] [cloudfront] [Amazon Cloudfront,Amazon Web Services] [8c7f2862515d6003e882ac39f7ad6733]
https://jira.grab.com [302] [GET] [text/html] [] [] [vhost] [cloudfront] [Amazon Cloudfront,Amazon Web Services,Java] [d41d8cd98f00b204e9800998ecf8427e]
https://johor.qms.grab.com [200] [GET] [text/html] [] [] [87ce18e6f49317f53b6d9cf031e9b26f]
https://kh2.qms.grab.com [200] [GET] [text/html] [] [] [f93bd7a2c186c679d5cbf23f439982bb]
https://kota.qms.grab.com [200] [GET] [text/html] [] [] [51f5f7a17e54265a7a81029555353ff4]
https://kuantan2.qms.grab.com [200] [GET] [text/html] [] [] [072c38cef1c060aa30d7c42447a7e671]
https://kuching2.qms.grab.com [200] [GET] [text/html] [] [] [06c5f27b3910cfe8f60be9940a15e920]
https://link.grab.com [404] [GET] [text/html] [404 Not Found] [nginx] [Nginx] [70461da8b94c6ca5d2fda3260c5a8c3b]
https://link-stg.grab.com [404] [GET] [text/html] [404 Not Found] [nginx] [Nginx] [70461da8b94c6ca5d2fda3260c5a8c3b]
https://link-stg.grab.com [404] [GET] [text/html] [404 Not Found] [nginx] [Nginx] [8e325dc2fea7c8900fc6c4b8c6c394fe]
https://lite.grab.com [200] [GET] [text/html] [Grab] [AmazonS3] [vhost] [cloudfront] [Amazon Cloudfront,Amazon S3,Amazon Web Services,Google Tag Manager] [d8c93a4bdeb2c208768f9188ff7f5c77]
https://localization.grab.com [403] [GET] [text/html] [ERROR: The request could not be satisfied] [CloudFront] [cloudfront] [Amazon Cloudfront,Amazon Web Services] [be74efdb522f4258e4d991c04b93fb3e]
https://localization.grab.com [403] [GET] [text/html] [ERROR: The request could not be satisfied] [CloudFront] [cloudfront] [Amazon Cloudfront,Amazon Web Services] [e1ff0ac655b07c872634c1fc84e802c2]
https://map.grab.com [200] [GET] [text/html] [Root Config] [nginx/1.22.0] [vhost] [azure] [Nginx:1.22.0] [55eeaffdb8d3d39cd5ba6d1b67bcf031]
https://maps.grab.com [200] [GET] [text/html] [Grab Maps] [nginx/1.22.0] [vhost] [azure] [Nginx:1.22.0] [ed2385b4d0b48fa69a457fdcd574aca2]
https://maptiles.grab.com [404] [GET] [application/xml] [] [AmazonS3] [vhost] [cloudfront] [Amazon Cloudfront,Amazon S3,Amazon Web Services] [01d3f87d1fa3b19b4f308b789d799188]
https://media.grab.com [403] [GET] [application/xml] [] [AmazonS3] [vhost] [cloudfront] [Amazon Cloudfront,Amazon S3,Amazon Web Services] [6e990bbaee42c2c175ad36e947e9d230]
https://media.grab.com [403] [GET] [application/xml] [] [AmazonS3] [vhost] [cloudfront] [Amazon Cloudfront,Amazon S3,Amazon Web Services] [d8d9f232203dcc1fa36118e46ef0de16]
https://melaka2.qms.grab.com [200] [GET] [text/html] [] [] [86155a9917207a8286e8ff6bca627c3e]
https://merchant.grab.com [307] [GET] [text/html] [307 Temporary Redirect] [nginx] [vhost] [cloudfront] [Amazon Cloudfront,Amazon Web Services,Nginx] [dc4ab5e3eaa602440feced105da91c82]
https://mercury.grab.com [403] [GET] [text/html] [ERROR: The request could not be satisfied] [CloudFront] [cloudfront] [Amazon Cloudfront,Amazon Web Services] [1abd937d3408d8e93ed81a0d67aaf63c]
https://mercury.grab.com [403] [GET] [text/html] [ERROR: The request could not be satisfied] [CloudFront] [cloudfront] [Amazon Cloudfront,Amazon Web Services] [6f99a02772a9e9851a9eddbf7b2cb81b]
https://m.grab.com [200] [GET] [text/html] [Grab] [AmazonS3] [vhost] [cloudfront] [Amazon Cloudfront,Amazon S3,Amazon Web Services,Google Tag Manager] [d8c93a4bdeb2c208768f9188ff7f5c77]
https://modules.business.grab.com [200] [GET] [text/html] [GFB Web Application Modules] [AmazonS3] [vhost] [cloudfront] [Amazon Cloudfront,Amazon S3,Amazon Web Services] [60913c842fb57e028ff2771277a6472d]
https://movement.grab.com [403] [GET] [text/html] [ERROR: The request could not be satisfied] [CloudFront] [cloudfront] [Amazon Cloudfront,Amazon Web Services] [68f3094568d7c87b625bbd62285d91a0]
https://movement.grab.com [403] [GET] [text/html] [ERROR: The request could not be satisfied] [CloudFront] [cloudfront] [Amazon Cloudfront,Amazon Web Services] [6b72229f93e2704c4e9326c27c4264d5]
https://mygdc1.qms.grab.com [200] [GET] [text/html] [] [] [4eec4dac6c38cf92e9583e61ee224516]
https://mygdc2.qms.grab.com [200] [GET] [text/html] [] [] [1cb3e23d05c21766a3f18affedd63a10]
https://object-ar-prd.grab.com [403] [GET] [text/xml] [] [CloudFront] [vhost] [cloudfront] [Amazon Cloudfront,Amazon Web Services] [40a481f43ca93bbbdd18621b439ea397]
https://offers-discovery-media.grab.com [404] [GET] [application/xml] [] [AmazonS3] [vhost] [cloudfront] [Amazon Cloudfront,Amazon S3,Amazon Web Services] [2e556f714596bcdf62b9d123d5ac3b01]
https://offers-discovery-web.grab.com [200] [GET] [text/html] [offers-discovery] [AmazonS3] [vhost] [cloudfront] [Amazon Cloudfront,Amazon S3,Amazon Web Services] [e7c0a354bfd83079e312ea08323ab7c6]
https://offers.grab.com [200] [GET] [text/html] [Grab] [AmazonS3] [vhost] [cloudfront] [Amazon Cloudfront,Amazon S3,Amazon Web Services] [7e11946d6849d75d17390cf5f274a5a3]
https://omega.grab.com [403] [GET] [text/html] [ERROR: The request could not be satisfied] [CloudFront] [cloudfront] [Amazon Cloudfront,Amazon Web Services] [9828749184145c925862fbb46a2e72d5]
https://omega.grab.com [403] [GET] [text/html] [ERROR: The request could not be satisfied] [CloudFront] [cloudfront] [Amazon Cloudfront,Amazon Web Services] [eaf6cede9be553a54aadb1004ceddc60]
https://omega-loyalty.grab.com [403] [GET] [text/html] [ERROR: The request could not be satisfied] [CloudFront] [cloudfront] [Amazon Cloudfront,Amazon Web Services] [1cc6e7add5521a5b509d9a3cf1fc740a]
https://omega-loyalty.grab.com [403] [GET] [text/html] [ERROR: The request could not be satisfied] [CloudFront] [cloudfront] [Amazon Cloudfront,Amazon Web Services] [7b2c6ba0b16337b4f01c8ca5f77642f6]
https://omega-marketplace.grab.com [403] [GET] [text/html] [ERROR: The request could not be satisfied] [CloudFront] [cloudfront] [Amazon Cloudfront,Amazon Web Services] [2a67e32b783419be000f1d3d64c11d61]
https://omega-marketplace.grab.com [403] [GET] [text/html] [ERROR: The request could not be satisfied] [CloudFront] [cloudfront] [Amazon Cloudfront,Amazon Web Services] [368357737cca5e39c7dede4855d4df46]
https://omega-rtc.grab.com [200] [GET] [text/html] [Grab Omega] [AmazonS3] [vhost] [cloudfront] [Amazon Cloudfront,Amazon S3,Amazon Web Services,Font Awesome] [a531633b20a74603bd65f6d5aad90f80]
https://oncall-cradle.grab.com [403] [GET] [text/html] [ERROR: The request could not be satisfied] [CloudFront] [cloudfront] [Amazon Cloudfront,Amazon Web Services] [98a32c8ad09350f4443fb94066c1c156]
https://oncall-cradle.grab.com [403] [GET] [text/html] [ERROR: The request could not be satisfied] [CloudFront] [cloudfront] [Amazon Cloudfront,Amazon Web Services] [e4e2dc79bba43eaf32e4bf1a37c64c6a]
https://open.grab.com [404] [GET] [application/json] [] [] [762e283ff294b4c26acfc31a03791c27]
https://partner-api3.grab.com [404] [GET] [application/json] [] [] [2c7ef3e2a869dd3196f197e7c6b27070]
https://partner-api.grab.com [404] [GET] [application/json] [] [] [vhost] [2c7ef3e2a869dd3196f197e7c6b27070]
https://partner-gateway.grab.com [404] [GET] [application/json] [] [] [vhost] [2c7ef3e2a869dd3196f197e7c6b27070]
https://partners-api.grab.com [404] [GET] [application/json] [] [] [762e283ff294b4c26acfc31a03791c27]
https://pay-campaign-view.grab.com [200] [GET] [text/html] [﻿] [AmazonS3] [vhost] [cloudfront] [Amazon Cloudfront,Amazon S3,Amazon Web Services] [7a357e3f84e503dc82e1610f8f177172]
https://pay.grab.com [200] [GET] [text/html] [] [AmazonS3] [vhost] [cloudfront] [Amazon Cloudfront,Amazon S3,Amazon Web Services,Google Tag Manager] [f51086b18e3d0e5e6e63316003b58cfb]
https://pay-project-k.grab.com [200] [GET] [text/html] [GrabPay Wallet] [AmazonS3] [vhost] [cloudfront] [Amazon Cloudfront,Amazon S3,Amazon Web Services] [308dca8067e8d394864593f2a0f69c45]
https://penang.qms.grab.com [200] [GET] [text/html] [] [] [1e663e107342e71aee30eeeb55e9cbde]
https://permissions.engineering.grab.com [403] [GET] [text/html] [403 Forbidden] [awselb/2.0] [2e40045efe5134ada9942798c090d269]
https://permissions.engineering.grab.com [403] [GET] [text/html] [403 Forbidden] [awselb/2.0] [bad2e8579dcdb79399aac2064216a37d]
https://phoenix.grab.com [200] [GET] [text/html] [Phoenix] [AmazonS3] [vhost] [cloudfront] [Amazon Cloudfront,Amazon S3,Amazon Web Services,Google Tag Manager] [9f6893612c82f6dd87046f0ae41dfd44]
https://portal.grab.com [404] [GET] [application/json] [] [] [762e283ff294b4c26acfc31a03791c27]
https://prima.qms.grab.com [200] [GET] [text/html] [] [] [c7e85dbfa37a2a23ae98327d4d47d7d7]
https://public.grab.com [503] [GET] [application/json] [] [] [vhost] [d41d8cd98f00b204e9800998ecf8427e]
https://quest-media.grab.com [404] [GET] [application/xml] [] [AmazonS3] [vhost] [cloudfront] [Amazon Cloudfront,Amazon S3,Amazon Web Services] [ae64a12fa82d25b2b015507681d26d62]
https://register.grab.com [200] [GET] [text/html] [Grab - Driver Portal] [AmazonS3] [vhost] [cloudfront] [Amazon Cloudfront,Amazon S3,Amazon Web Services,Google Tag Manager] [dcf10d47d6fae93c00ce1c4b4744049a]
https://reward-omega-cdn.grab.com [404] [GET] [application/xml] [] [AmazonS3] [vhost] [cloudfront] [Amazon Cloudfront,Amazon S3,Amazon Web Services] [79f34c442a8b311f69d6e3b236b5ee71]
https://rewards.grab.com [200] [GET] [text/html] [acceler8] [AmazonS3] [vhost] [cloudfront] [Amazon Cloudfront,Amazon S3,Amazon Web Services] [2a77f09928ab8637a1ffd7a650326663]
https://rides-api-s3.grab.com [404] [GET] [application/xml] [] [AmazonS3] [vhost] [cloudfront] [Amazon Cloudfront,Amazon S3,Amazon Web Services] [864d4e0d98553aec4701da827ec7919e]
https://rudra.grab.com [404] [GET] [application/xml] [] [AmazonS3] [vhost] [cloudfront] [Amazon Cloudfront,Amazon S3,Amazon Web Services] [c2e839129b0047d9a5ef455fde7f5f6c]
https://saarthi-s3.grab.com [404] [GET] [application/xml] [] [AmazonS3] [vhost] [cloudfront] [Amazon Cloudfront,Amazon S3,Amazon Web Services] [e9dc07dd19b480035f44b57c06bf6a7f]
https://sandbox-cms.grab.com [403] [GET] [text/html] [ERROR: The request could not be satisfied] [CloudFront] [cloudfront] [Amazon Cloudfront,Amazon Web Services] [27197178fa5d1eeb92ad16f73533bf8d]
https://sandbox-cms.grab.com [403] [GET] [text/html] [ERROR: The request could not be satisfied] [CloudFront] [cloudfront] [Amazon Cloudfront,Amazon Web Services] [873e15866ab12c375f1c648d782bd6b5]
https://sandbox-dax.grab.com [200] [GET] [text/html] [Grab] [AmazonS3] [vhost] [cloudfront] [Amazon Cloudfront,Amazon S3,Amazon Web Services,Google Tag Manager] [d2de3afcc1602a8eebf9da5e996d264d]
https://sandbox.grab.com [200] [GET] [text/html] [Grab] [AmazonS3] [vhost] [cloudfront] [Amazon Cloudfront,Amazon S3,Amazon Web Services,Google Tag Manager] [0be0556f0c81d7fcbcc06dd315a08fcf]
https://segmentation-platform.grab.com [200] [GET] [text/html] [Segmentation Platform] [AmazonS3] [vhost] [cloudfront] [Amazon Cloudfront,Amazon S3,Amazon Web Services] [74a70da0aebea48227bc47a4c1144472]
https://segments-ui.grab.com [403] [GET] [text/html] [ERROR: The request could not be satisfied] [CloudFront] [cloudfront] [Amazon Cloudfront,Amazon Web Services] [6dc341ad8ff901e6ced28c7cf8dbf4bb]
https://segments-ui.grab.com [403] [GET] [text/html] [ERROR: The request could not be satisfied] [CloudFront] [cloudfront] [Amazon Cloudfront,Amazon Web Services] [967fec640f5ea7549be0feb6df84bd1a]
https://seller.grab.com [200] [GET] [text/html] [GrabKios by Kudo] [nginx/1.15.5] [vhost] [Nginx:1.15.5] [330528ec117fa47ebacd30d126a10ca9]
https://sharelocation.grab.com [200] [GET] [text/html] [Grab | Track My Ride] [AmazonS3] [vhost] [cloudfront] [Amazon Cloudfront,Amazon S3,Amazon Web Services,Google Tag Manager] [216aac0f3995cff56539426bfd8f482d]
https://signup.grab.com [301] [GET] [] [] [AmazonS3] [vhost] [cloudfront] [Amazon Cloudfront,Amazon S3,Amazon Web Services] [d41d8cd98f00b204e9800998ecf8427e]
https://smartcity-ext.grab.com [200] [GET] [text/html] [Geo Tools - A collection geo tools includes map visualization, Reports and POI Web Tools] [] [vhost] [cloudfront] [Amazon Cloudfront,Amazon Web Services,Font Awesome,Google Font API] [0c3655307cbe029fd769204ddf9aff3f]
https://smart-city.grab.com [403] [GET] [text/html] [ERROR: The request could not be satisfied] [CloudFront] [cloudfront] [Amazon Cloudfront,Amazon Web Services] [0fac6525068c8d4d59ff7707651e5e6a]
https://smartcity.grab.com [403] [GET] [text/html] [ERROR: The request could not be satisfied] [CloudFront] [cloudfront] [Amazon Cloudfront,Amazon Web Services] [5e82a2cdb15343a716d8cc4998cf77c6]
https://smartcity.grab.com [403] [GET] [text/html] [ERROR: The request could not be satisfied] [CloudFront] [cloudfront] [Amazon Cloudfront,Amazon Web Services] [665e6333b6e13ee9ef3c68f11846572e]
https://smart-city.grab.com [403] [GET] [text/html] [ERROR: The request could not be satisfied] [CloudFront] [cloudfront] [Amazon Cloudfront,Amazon Web Services] [e78354b3717b3385362a199d664e98ec]
https://spacetime.ext.grab.com [200] [GET] [text/html] [] [] [f67f7c219b0107103dfbbc219b691337]
https://sso.grab.com [301] [GET] [text/html] [301 Moved Permanently] [awselb/2.0] [vhost] [4aa7a432bb447f094408f1bd6229c605]
https://stellar.grab.com [200] [GET] [text/html] [Stellar | Driver Acquisition Platforms | Grab] [AmazonS3] [vhost] [cloudfront] [Amazon Cloudfront,Amazon S3,Amazon Web Services,Google Tag Manager] [717bcd3effdc9d293252ad1fd53ecc28]
https://streetview.grab.com [403] [GET] [text/html] [ERROR: The request could not be satisfied] [CloudFront] [cloudfront] [Amazon Cloudfront,Amazon Web Services] [0fc345187de795d453bd7c5b7d41f2cd]
https://streetview.grab.com [403] [GET] [text/html] [ERROR: The request could not be satisfied] [CloudFront] [cloudfront] [Amazon Cloudfront,Amazon Web Services] [8da37714060b98c6af2ffa5368b0e622]
https://subscription-media.grab.com [404] [GET] [application/xml] [] [AmazonS3] [vhost] [cloudfront] [Amazon Cloudfront,Amazon S3,Amazon Web Services] [a8f0b121135744aa6fb1defb62614dd2]
https://supernova.ext.grab.com [200] [GET] [text/html] [] [] [f67f7c219b0107103dfbbc219b691337]
https://sustainability2021.grab.com [302] [GET] [] [] [CloudFront] [vhost] [cloudfront] [Amazon Cloudfront,Amazon Web Services] [d41d8cd98f00b204e9800998ecf8427e]
https://swag.grab.com [200] [GET] [text/html] [Grab Swag Store] [Apache/2] [vhost] [Apache:2,Elementor,Google Font API,MySQL,PHP:7.4.29,WordPress,WordPress Super Cache] [c6674ac827f66c90358ead6c3ae16865]
https://sweb.grab.com [200] [GET] [text/html] [sweb] [AmazonS3] [vhost] [cloudfront] [Amazon Cloudfront,Amazon S3,Amazon Web Services] [e7e88ef727f44684ae92bea827f2f323]
https://tampines.qms.grab.com [200] [GET] [text/html] [] [] [0b85226dac5d8b5e36230b127f69bcf7]
http://static.grab.com [403] [GET] [text/html] [ERROR: The request could not be satisfied] [CloudFront] [cloudfront] [Amazon Cloudfront,Amazon Web Services] [e2fd501fbe36c3ad46a7a3d862eff0cc]
https://taxi.grab.com [200] [GET] [text/html] [Taxi Operator Portal] [Amazon] [vhost] [cloudfront] [Amazon Cloudfront,Amazon Web Services] [12bc98fe9359afa07742f867821787fd]
https://techtraining.grab.com [403] [GET] [text/html] [ERROR: The request could not be satisfied] [CloudFront] [cloudfront] [Amazon Cloudfront,Amazon Web Services] [37f44584c10c641b2c4e15300ccb098d]
https://techtraining.grab.com [403] [GET] [text/html] [ERROR: The request could not be satisfied] [CloudFront] [cloudfront] [Amazon Cloudfront,Amazon Web Services] [39793fda37b33abc1ee07755649e8fcc]
https://training-portal.grab.com [403] [GET] [text/html] [ERROR: The request could not be satisfied] [CloudFront] [cloudfront] [Amazon Cloudfront,Amazon Web Services] [8301da56f87783d29f49d4c3d22bdc92]
https://training-portal.grab.com [403] [GET] [text/html] [ERROR: The request could not be satisfied] [CloudFront] [cloudfront] [Amazon Cloudfront,Amazon Web Services] [e21f52f5d843c58cd9fca1a86651f1fe]
https://trx.grab.com [403] [GET] [text/html] [ERROR: The request could not be satisfied] [CloudFront] [cloudfront] [Amazon Cloudfront,Amazon Web Services] [0a99d0dabda449461d6e231bccd7fac9]
https://trx.grab.com [403] [GET] [text/html] [ERROR: The request could not be satisfied] [CloudFront] [cloudfront] [Amazon Cloudfront,Amazon Web Services] [197d07af9a9145fa870276d41ea46ba4]
https://unduhspt.grab.com [200] [GET] [text/html] [Tax Statement Hub] [] [vhost] [08b95f70a20706a1f28c4fa4f99905b2]
https://unduhspt.grab.com [200] [GET] [text/html] [Tax Statement Hub] [] [vhost] [e4ab5f50f928861283b17903e35874df]
https://unicorn.grab.com [200] [GET] [text/html] [Unicorn] [AmazonS3] [vhost] [cloudfront] [Amazon Cloudfront,Amazon S3,Amazon Web Services] [c314008f46cc25ef7cdf4cf38f2459c1]
https://vendor-portal.grab.com [403] [GET] [text/html] [ERROR: The request could not be satisfied] [CloudFront] [cloudfront] [Amazon Cloudfront,Amazon Web Services] [c35c3812b017730c49492ca3614a5ddc]
https://vendor-portal.grab.com [403] [GET] [text/html] [ERROR: The request could not be satisfied] [CloudFront] [cloudfront] [Amazon Cloudfront,Amazon Web Services] [f1f7a6dae76758d78a9cb7189e994b7e]
https://video.grab.com [403] [GET] [application/xml] [] [AmazonS3] [vhost] [cloudfront] [Amazon Cloudfront,Amazon S3,Amazon Web Services] [50f5cb93d81052b1b89f7d0c73e0c9ff]
https://video.grab.com [403] [GET] [application/xml] [] [AmazonS3] [vhost] [cloudfront] [Amazon Cloudfront,Amazon S3,Amazon Web Services] [f72110adda743f8c067a1bdf266b9507]
https://view.mkt.grab.com [302] [GET] [text/html] [Object moved] [] [0b9ef0192b2022a0b94f012083714795]
https://view.sg.mkt.grab.com [302] [GET] [text/html] [Object moved] [] [0b9ef0192b2022a0b94f012083714795]
https://view.vn.mkt.grab.com [302] [GET] [text/html] [Object moved] [] [0b9ef0192b2022a0b94f012083714795]
https://vninvoice.ext.grab.com [200] [GET] [text/html] [Tra cứu hóa đơn điện tử] [] [Font Awesome,Microsoft ASP.NET] [939979a537a38113404c97d052f359ef]
https://vninvoice.ext.grab.com [200] [GET] [text/html] [Tra cứu hóa đơn điện tử] [] [Font Awesome,Microsoft ASP.NET] [9422275cbd57774b74082ba60dee39ca]
https://vn.invoice.grab.com [200] [GET] [text/html] [Tra cứu hóa đơn điện tử] [] [Font Awesome,Microsoft ASP.NET] [edd44cbd86b02062a04b7259d841c606]
https://vn.invoice.grab.com [200] [GET] [text/html] [Tra cứu hóa đơn điện tử] [] [Font Awesome,Microsoft ASP.NET] [f66ea926692a905d7bf0875b29b2d11d]
https://walter.grab.com [403] [GET] [text/html] [ERROR: The request could not be satisfied] [CloudFront] [cloudfront] [Amazon Cloudfront,Amazon Web Services] [d3126f2cfbd5c7d9eacaf81e3b800d04]
https://walter.grab.com [403] [GET] [text/html] [ERROR: The request could not be satisfied] [CloudFront] [cloudfront] [Amazon Cloudfront,Amazon Web Services] [dcb8124eb081a15cfece79e2fc6d0486]
https://watchtower-api.grab.com [403] [GET] [text/html] [ERROR: The request could not be satisfied] [CloudFront] [cloudfront] [Amazon Cloudfront,Amazon Web Services] [48e2467783fbd18a1b43354eb63b7364]
https://watchtower-api.grab.com [403] [GET] [text/html] [ERROR: The request could not be satisfied] [CloudFront] [cloudfront] [Amazon Cloudfront,Amazon Web Services] [e26f3176821a10a9af57d8572aaf6df5]
https://watchtower.grab.com [200] [GET] [text/html] [Watchtower] [AmazonS3] [vhost] [cloudfront] [Amazon Cloudfront,Amazon S3,Amazon Web Services] [6441b57fbc5682187feaaa2eb9d60169]
https://webauth.grab.com [200] [GET] [text/html] [Grab] [AmazonS3] [vhost] [cloudfront] [Amazon Cloudfront,Amazon S3,Amazon Web Services,Google Tag Manager] [0771965bcf9abeb0336a65ed1a3af39b]
https://web.grab.com [200] [GET] [text/html] [Grab] [AmazonS3] [vhost] [cloudfront] [Amazon Cloudfront,Amazon S3,Amazon Web Services,Google Tag Manager] [d8c93a4bdeb2c208768f9188ff7f5c77]
https://weblogin.grab.com [200] [GET] [text/html] [Grab] [AmazonS3] [vhost] [cloudfront] [Amazon Cloudfront,Amazon S3,Amazon Web Services,Google Tag Manager] [0771965bcf9abeb0336a65ed1a3af39b]
https://wiki.grab.com [302] [GET] [text/html] [] [] [vhost] [cloudfront] [Amazon Cloudfront,Amazon Web Services,Atlassian Confluence,Java] [d41d8cd98f00b204e9800998ecf8427e]
https://workday.grab.com [301] [GET] [text/html] [301 Moved Permanently] [nginx] [Nginx] [4f8e702cc244ec5d4de32740c0ecbd97]
https://www.business.grab.com [301] [GET] [text/html] [301 Moved Permanently] [nginx] [Nginx] [4f8e702cc244ec5d4de32740c0ecbd97]
https://www.grab.com [302] [GET] [text/html] [302 Found] [nginx] [vhost] [cloudfront] [Amazon Cloudfront,Amazon Web Services,Nginx] [cfbeaf604823f038b8b46f0ac862b98c]
https://www.hub.grab.com [301] [GET] [text/html] [301 Moved Permanently] [nginx] [Nginx] [4f8e702cc244ec5d4de32740c0ecbd97]
https://zeus.grab.com [200] [GET] [text/html] [Zeus | Food CMS] [AmazonS3] [vhost] [cloudfront] [Amazon Cloudfront,Amazon S3,Amazon Web Services,Google Tag Manager] [507031c0e0db4c9f47e8bdfe6fff76a6]
http://thailand.store.grab.com [403] [GET] [text/html] [ERROR: The request could not be satisfied] [CloudFront] [cloudfront] [Amazon Cloudfront,Amazon Web Services] [4ecefdade4eba6c082a413426ad659c3]
http://transit.grab.com [403] [GET] [text/html] [ERROR: The request could not be satisfied] [CloudFront] [cloudfront] [Amazon Cloudfront,Amazon Web Services] [146ed7385b21c5bc72ab6f8aaa689eb6]
http://view.kh.mkt.grab.com [301] [GET] [] [] [] [d41d8cd98f00b204e9800998ecf8427e]
