http://autodiscover.ool.grammarly.com [301] [GET] [] [] [Microsoft-IIS/10.0] [vhost] [IIS:10.0,Microsoft ASP.NET,Windows Server] [d41d8cd98f00b204e9800998ecf8427e]
http://mail.grammarly.com [301] [GET] [text/html] [301 Moved] [ghs] [vhost] [d476e1ea6bbbfd995d282df0662ee24a]
https://account.grammarly.com [302] [GET] [text/html] [] [] [vhost] [b81358bd4cadda4ae801f07fb608c5ad]
https://answers.grammarly.com [301] [GET] [text/html] [] [] [ab2a914647b59b714c4a779d2edcdc4c]
https://app.grammarly.com [301] [GET] [text/html] [301 Moved Permanently] [nginx] [Nginx] [4f8e702cc244ec5d4de32740c0ecbd97]
https://app.grammarly.com [302] [GET] [text/html] [302 Found] [nginx] [Nginx] [aff950cab4c0265e21d401db15f1026d]
https://apps.grammarly.com [401] [GET] [] [] [] [d41d8cd98f00b204e9800998ecf8427e]
https://apps-public.grammarly.com [401] [GET] [] [] [] [vhost] [cloudfront] [Amazon Cloudfront,Amazon Web Services] [d41d8cd98f00b204e9800998ecf8427e]
https://apps-uploads.grammarly.com [404] [GET] [application/xml] [] [AmazonS3] [vhost] [cloudfront] [Amazon Cloudfront,Amazon S3,Amazon Web Services] [66528293fe3879e094af4711211eeb94]
https://assets.grammarly.com [403] [GET] [application/xml] [] [AmazonS3] [vhost] [cloudfront] [Amazon Cloudfront,Amazon S3,Amazon Web Services] [26e537a967a38bc1690d98739b84d9f3]
https://assets.grammarly.com [403] [GET] [application/xml] [] [AmazonS3] [vhost] [cloudfront] [Amazon Cloudfront,Amazon S3,Amazon Web Services] [c8d93ff9cc786c2ac90fb1c878d67079]
https://auth.grammarly.com [404] [GET] [application/json] [] [] [d41d8cd98f00b204e9800998ecf8427e]
https://autoreport.grammarly.com [301] [GET] [text/html] [] [] [6830c1bee18501e4eee4476c284ab087]
https://blog.grammarly.com [301] [GET] [text/html] [] [] [77c8c8e5de9c7909d0963b219bdeeb5d]
https://capi.grammarly.com [404] [GET] [text/html] [Error 404 Not Found] [] [a5b8e90d3f13241ee01c5931c9e7963d]
https://capi-msdk.grammarly.com [404] [GET] [text/html] [Error 404 Not Found] [] [d80ef7007d39062ba12bdb4266cf184d]
https://chipmunk.grammarly.com [404] [GET] [] [] [] [d41d8cd98f00b204e9800998ecf8427e]
https://contenthub-static.grammarly.com [200] [GET] [image/svg+xml] [] [AmazonS3] [vhost] [cloudfront] [Amazon Cloudfront,Amazon S3,Amazon Web Services] [997ea3a3690bda688b2a6d7407bb5eb9]
https://data.grammarly.com [404] [GET] [text/html] [Error 404 Not Found] [] [ce644db09e9bf2a68ff8d7d198c1093a]
https://datareport.grammarly.com [403] [GET] [text/html] [403 Forbidden] [awselb/2.0] [2e40045efe5134ada9942798c090d269]
https://demo.grammarly.com [200] [GET] [text/html] [Online Editor | Grammarly] [nginx] [Nginx] [ecdb96582c060c23057c3590f0c989bb]
https://denali-static.grammarly.com [403] [GET] [application/xml] [] [AmazonS3] [vhost] [cloudfront] [Amazon Cloudfront,Amazon S3,Amazon Web Services] [7e0320bd69dac269b502b59f27a7929e]
https://developer.grammarly.com [200] [GET] [text/html] [Grammarly API: Get the Grammarly Text Editor SDK] [AmazonS3] [vhost] [cloudfront] [Algolia,Amazon Cloudfront,Amazon S3,Amazon Web Services,Google Font API,Vue.js] [6ed1d26603e95f4de221bf22a9e7400e]
https://developers.grammarly.com [308] [GET] [] [] [CloudFront] [vhost] [cloudfront] [Amazon Cloudfront,Amazon Web Services] [d41d8cd98f00b204e9800998ecf8427e]
https://download-bundle.grammarly.com [403] [GET] [application/xml] [] [AmazonS3] [vhost] [cloudfront] [Amazon Cloudfront,Amazon S3,Amazon Web Services] [8b63d6e99cc5d127715b82a16761cf3d]
https://download-bundle.grammarly.com [403] [GET] [application/xml] [] [AmazonS3] [vhost] [cloudfront] [Amazon Cloudfront,Amazon S3,Amazon Web Services] [e879c65e95ab054b301998bf1d3d75be]
https://download-editor.grammarly.com [403] [GET] [application/xml] [] [AmazonS3] [vhost] [cloudfront] [Amazon Cloudfront,Amazon S3,Amazon Web Services] [5566f4b82f910f177a50c2f4ae9fb72d]
https://download-editor.grammarly.com [403] [GET] [application/xml] [] [AmazonS3] [vhost] [cloudfront] [Amazon Cloudfront,Amazon S3,Amazon Web Services] [81bc730ec561f33f0b067baa6b30a769]
https://download-mac.grammarly.com [403] [GET] [application/xml] [] [AmazonS3] [vhost] [cloudfront] [Amazon Cloudfront,Amazon S3,Amazon Web Services] [27d2025680ffba92d212289e1edd1c57]
https://download-mac.grammarly.com [403] [GET] [application/xml] [] [AmazonS3] [vhost] [cloudfront] [Amazon Cloudfront,Amazon S3,Amazon Web Services] [79391061695066a19da07de6d333024c]
https://download-office.grammarly.com [403] [GET] [application/xml] [] [AmazonS3] [vhost] [cloudfront] [Amazon Cloudfront,Amazon S3,Amazon Web Services] [24e5f7ec0a280b4934b9ffa437caf9d5]
https://download-office.grammarly.com [403] [GET] [application/xml] [] [AmazonS3] [vhost] [cloudfront] [Amazon Cloudfront,Amazon S3,Amazon Web Services] [aba2eaeee39924edd3b3b49b3a34809e]
https://download-windows.grammarly.com [403] [GET] [application/xml] [] [AmazonS3] [vhost] [cloudfront] [Amazon Cloudfront,Amazon S3,Amazon Web Services] [301e82138b0474afa65ccadb4fea300b]
https://download-windows.grammarly.com [403] [GET] [application/xml] [] [AmazonS3] [vhost] [cloudfront] [Amazon Cloudfront,Amazon S3,Amazon Web Services] [e068711a39133e7606425d089135795a]
https://dox.grammarly.com [403] [GET] [application/json] [] [nginx-clojure] [Nginx] [de8712547ddeec6667e6e1066614ce2f]
https://ed.grammarly.com [301] [GET] [text/html] [] [] [1054cb2ab7b6fbef126081f4c9248e18]
https://fridge.grammarly.com [403] [GET] [text/html] [403 Forbidden] [awselb/2.0] [2e40045efe5134ada9942798c090d269]
https://gates.grammarly.com [401] [GET] [] [] [] [d41d8cd98f00b204e9800998ecf8427e]
https://g-mail.grammarly.com [404] [GET] [] [] [] [d41d8cd98f00b204e9800998ecf8427e]
https://gnar.grammarly.com [404] [GET] [application/json] [] [] [423b26bcd616273e891eda8e071b67b7]
https://go.grammarly.com [302] [GET] [text/html] [] [PardotServer] [vhost] [Pardot] [d41d8cd98f00b204e9800998ecf8427e]
https://goldengate.grammarly.com [403] [GET] [text/html] [403 Forbidden] [awselb/2.0] [bad2e8579dcdb79399aac2064216a37d]
https://handbook.grammarly.com [301] [GET] [text/html] [] [] [db6f341251acc971fae3d977f372c0bf]
https://hello.grammarly.com [204] [GET] [] [] [] [vhost] [d41d8cd98f00b204e9800998ecf8427e]
https://iosapp-beta.grammarly.com [200] [GET] [text/html] [Grammarly] [nginx] [Nginx] [d4e486ad306bda0ea1cbbb15d022f92d]
https://iosapp.grammarly.com [200] [GET] [text/html] [Grammarly] [nginx] [vhost] [Nginx] [71d235b89716204c9b1d912183f93e17]
https://iosapp.grammarly.com [200] [GET] [text/html] [Grammarly] [nginx] [vhost] [Nginx] [db5f937d9b9931f8a613ba4bf6e4dbe0]
https://irbis.grammarly.com [403] [GET] [text/html] [403 Forbidden] [awselb/2.0] [2e40045efe5134ada9942798c090d269]
https://js.grammarly.com [404] [GET] [application/javascript] [Not found] [AmazonS3] [vhost] [cloudfront] [Amazon Cloudfront,Amazon S3,Amazon Web Services] [a283845cd4060930e900dbefd741fc26]
https://m.grammarly.com [301] [GET] [text/html] [] [] [6830c1bee18501e4eee4476c284ab087]
https://msync.grammarly.com [404] [GET] [] [] [] [d41d8cd98f00b204e9800998ecf8427e]
https://nspl.grammarly.com [301] [GET] [text/html] [] [] [6830c1bee18501e4eee4476c284ab087]
https://officeaddin.grammarly.com [403] [GET] [application/xml] [] [AmazonS3] [vhost] [cloudfront] [Amazon Cloudfront,Amazon S3,Amazon Web Services] [ca6848103d16dbd772250fe6b75f87c8]
https://officeaddin.grammarly.com [403] [GET] [application/xml] [] [AmazonS3] [vhost] [cloudfront] [Amazon Cloudfront,Amazon S3,Amazon Web Services] [db99b1f50686f680ddadc0cb309d9696]
https://redirect.grammarly.com [303] [GET] [] [] [] [d41d8cd98f00b204e9800998ecf8427e]
https://rwsgfy.grammarly.com [200] [GET] [] [] [] [vhost] [d41d8cd98f00b204e9800998ecf8427e]
https://sso.grammarly.com [403] [GET] [text/html] [403 Forbidden] [awselb/2.0] [bad2e8579dcdb79399aac2064216a37d]
https://static.fridge.grammarly.com [403] [GET] [application/xml] [] [AmazonS3] [vhost] [cloudfront] [Amazon Cloudfront,Amazon S3,Amazon Web Services] [2a82a133f4e60fdb77d5129e09373d46]
https://static.fridge.grammarly.com [403] [GET] [application/xml] [] [AmazonS3] [vhost] [cloudfront] [Amazon Cloudfront,Amazon S3,Amazon Web Services] [94f6c9b2e963a31927f4d126516aaf18]
https://static.grammarly.com [200] [GET] [image/svg+xml] [] [AmazonS3] [vhost] [cloudfront] [Amazon Cloudfront,Amazon S3,Amazon Web Services] [997ea3a3690bda688b2a6d7407bb5eb9]
https://static-web.grammarly.com [200] [GET] [image/svg+xml] [] [AmazonS3] [vhost] [cloudfront] [Amazon Cloudfront,Amazon S3,Amazon Web Services] [997ea3a3690bda688b2a6d7407bb5eb9]
https://subscription.grammarly.com [403] [GET] [text/html] [403 Forbidden] [awselb/2.0] [2e40045efe5134ada9942798c090d269]
https://subscription.grammarly.com [403] [GET] [text/html] [403 Forbidden] [awselb/2.0] [bad2e8579dcdb79399aac2064216a37d]
https://tech.grammarly.com [301] [GET] [text/html] [] [] [ecce0443635c45380df83d7035a95019]
https://tokens.grammarly.com [403] [GET] [text/html] [403 Forbidden] [awselb/2.0] [2e40045efe5134ada9942798c090d269]
https://treatment.grammarly.com [401] [GET] [] [] [] [d41d8cd98f00b204e9800998ecf8427e]
https://ua-gec-dataset.grammarly.com [301] [GET] [text/html] [301 Moved Permanently] [awselb/2.0] [vhost] [4aa7a432bb447f094408f1bd6229c605]
https://update.grammarly.com [404] [GET] [text/html] [404 Not Found] [nginx] [Nginx] [370e16c3b7dba286cff055f93b9a94d8]
https://update.grammarly.com [404] [GET] [text/html] [404 Not Found] [nginx] [Nginx] [8eec510e57f5f732fd2cce73df7b73ef]
https://update-officeaddin.grammarly.com [404] [GET] [text/plain] [] [] [vhost] [cloudfront] [Amazon Cloudfront,Amazon Web Services] [9d1ead73e678fa2f51a70a933b0bf017]
https://update-windows.grammarly.com [404] [GET] [text/plain] [] [] [vhost] [cloudfront] [Amazon Cloudfront,Amazon Web Services] [9d1ead73e678fa2f51a70a933b0bf017]
https://wstest.grammarly.com [426] [GET] [text/plain] [] [] [7580e1f4e34b963d5ce1bbb35001f953]
https://www.autoreport.grammarly.com [301] [GET] [text/html] [] [] [6830c1bee18501e4eee4476c284ab087]
https://www.blog.grammarly.com [301] [GET] [text/html] [] [] [6830c1bee18501e4eee4476c284ab087]
https://www.grammarly.com [200] [GET] [text/html] [Grammarly: Free Online Writing Assistant] [] [vhost] [Google Tag Manager,React] [6b372ecf095b621384b74a78001f93b6]
https://www.grammarly.com [200] [GET] [text/html] [Grammarly: Free Online Writing Assistant] [] [vhost] [Google Tag Manager,React] [7fa8764e9f61792f537c293f599af5aa]
https://www.nspl.grammarly.com [301] [GET] [text/html] [] [] [6830c1bee18501e4eee4476c284ab087]
