http://api2.qa.txb.gs.com [403] [GET] [text/html] [Access Denied] [AkamaiGHost] [vhost] [6a604b845c1a212af0ac982f4d1d40a6]
http://api3.dev.txb.gs.com [403] [GET] [text/html] [ERROR: The request could not be satisfied] [CloudFront] [cloudfront] [Amazon Cloudfront,Amazon Web Services] [f5e341c57636a9bf077bb26068effd9b]
http://api3.qa.txb.gs.com [403] [GET] [text/html] [ERROR: The request could not be satisfied] [CloudFront] [cloudfront] [Amazon Cloudfront,Amazon Web Services] [9290e55550d514bdaa0a2001f85080bd]
http://api-global.marquee.gs.com [403] [GET] [text/html] [Access Denied] [AkamaiGHost] [vhost] [d4d669c5593f08373bbc8c23b02bf06e]
http://careersa.gs.com [403] [GET] [text/html] [ERROR: The request could not be satisfied] [CloudFront] [cloudfront] [Amazon Cloudfront,Amazon Web Services] [b644b842f094a5e3da48496d27d82176]
http://careers.gs.com [301] [GET] [text/html] [] [] [vhost] [81051bcc2cf1bedf378224b0a93e2877]
http://ctw.gs.com [301] [GET] [text/html] [] [] [vhost] [81051bcc2cf1bedf378224b0a93e2877]
http://help.gsmosaic.qa.gs.com:2083 [400] [GET] [text/html] [400 The plain HTTP request was sent to HTTPS port] [cloudflare] [cloudflare] [Cloudflare] [cd58783500d7fa3c58f88eb0ba22f4f8]
http://help.gsmosaic.qa.gs.com:2087 [400] [GET] [text/html] [400 The plain HTTP request was sent to HTTPS port] [cloudflare] [cloudflare] [Cloudflare] [cd58783500d7fa3c58f88eb0ba22f4f8]
http://help.gsmosaic.qa.gs.com:8443 [400] [GET] [text/html] [400 The plain HTTP request was sent to HTTPS port] [cloudflare] [cloudflare] [Cloudflare] [cd58783500d7fa3c58f88eb0ba22f4f8]
http://pbmobile.gs.com [302] [GET] [text/html] [] [] [be280b32c881b07334b8b9df1d2c73d3]
http://pki2.gs.com [404] [GET] [text/html] [404 Not Found] [Apache] [Apache] [62962daa1b19bbcc2db10b7bfd531ea6]
http://pki.gs.com [404] [GET] [text/html] [404 Not Found] [Apache] [Apache] [62962daa1b19bbcc2db10b7bfd531ea6]
http://qaderivativesuniversity.gs.com [301] [GET] [text/html] [] [] [vhost] [81051bcc2cf1bedf378224b0a93e2877]
http://qaias.gs.com [301] [GET] [text/html] [] [] [vhost] [81051bcc2cf1bedf378224b0a93e2877]
http://qainstitutionaladvisoryservices.gs.com [301] [GET] [text/html] [] [] [vhost] [81051bcc2cf1bedf378224b0a93e2877]
http://qamortgagecredituniversity.gs.com [301] [GET] [text/html] [] [] [vhost] [81051bcc2cf1bedf378224b0a93e2877]
http://qavitfunds.web.gs.com [301] [GET] [text/html] [] [] [vhost] [81051bcc2cf1bedf378224b0a93e2877]
https://360.gs.com [401] [GET] [text/html] [Error: Document Not Found] [Apache] [vhost] [Apache] [a57fd1a77e2f0aabde1553c2dd07c78e]
https://360-qa.gs.com [401] [GET] [text/html] [Error: Document Not Found] [Apache] [vhost] [Apache] [89d7c43fc958896c2926469dceafa91d]
https://42vumud4ayhjowy7hhwz.login.publishing.gs.com [403] [GET] [application/json] [] [] [vhost] [bc45704aad57d445b6dfa58b101071e3]
https://55yllqovde2qd1kckh1y.login.publishing-qa.gs.com [403] [GET] [application/json] [] [] [vhost] [bc45704aad57d445b6dfa58b101071e3]
https://accelerate.gs.com [200] [GET] [text/html] [Accelerate] [] [Express,Node.js] [5a3cd56eaf321b5474b2cf69df3199d4]
https://accelerate.gs.com [200] [GET] [text/html] [Accelerate] [] [Express,Node.js] [9cc8d65518510a0427c354adf10738f0]
https://accounts.gs.com [200] [GET] [text/html] [gs-customer-standard - Sign In] [nginx] [vhost] [Java,Nginx] [6bd9c3ea50bdaf7a05939e6d293b18e9]
https://activealpha.gs.com [301] [GET] [text/html] [301 Moved Permanently] [Apache] [Apache] [82a405a418e2ca9866a603a5c03aaf40]
https://aec.prod.marcus-connect.gs.com [403] [GET] [text/html] [ERROR: The request could not be satisfied] [CloudFront] [cloudfront] [Amazon Cloudfront,Amazon Web Services] [99d0d1f1f5b3fcd554ad9a906a9fa4c0]
https://aec.prod.marcus-connect.gs.com [403] [GET] [text/html] [ERROR: The request could not be satisfied] [CloudFront] [cloudfront] [Amazon Cloudfront,Amazon Web Services] [c9a6f85c8ace800618b3df5f6c7ebe5b]
https://aec.qa.marcus-connect.gs.com [403] [GET] [text/html] [ERROR: The request could not be satisfied] [CloudFront] [cloudfront] [Amazon Cloudfront,Amazon Web Services] [55da381350901cf3733f49b587efc34f]
https://aec.qa.marcus-connect.gs.com [403] [GET] [text/html] [ERROR: The request could not be satisfied] [CloudFront] [cloudfront] [Amazon Cloudfront,Amazon Web Services] [c97648131b5a5cdbc27eb84bb0a36279]
https://akamai-test.stablevalue.gs.com [401] [GET] [text/html] [401 Unauthorized] [Server] [vhost] [118a489422be0c5ca0cecf3bb7903c7e]
https://americas1-login.gs.com [403] [GET] [text/html] [Access Denied] [AkamaiGHost] [vhost] [559aaadc6970720e0891f01e5a7b82e6]
https://americas1-login.gs.com [403] [GET] [text/html] [Access Denied] [AkamaiGHost] [vhost] [e5210443f036e39b47d525e8bdf9e9b3]
https://americas2-login.gs.com [403] [GET] [text/html] [Access Denied] [AkamaiGHost] [vhost] [4afef8724479cc313bbfb8fcf69e3047]
https://americas2-login.gs.com [403] [GET] [text/html] [Access Denied] [AkamaiGHost] [vhost] [4d82322320bd75fba88a8ee10071c503]
https://americas-login.gs.com [403] [GET] [text/html] [Access Denied] [AkamaiGHost] [vhost] [5020d10acec53516ac6f352af94eaa0f]
https://americas-login.gs.com [403] [GET] [text/html] [Access Denied] [AkamaiGHost] [vhost] [a986d7ead7b8d2f2f85c072876955e72]
https://americas.site1.sitehostingdemo.gs.com [403] [GET] [text/html] [Access Denied] [] [vhost] [1276e5c193471c248b9235d6d7787633]
https://americas.site1.sitehostingdemo.gs.com [403] [GET] [text/html] [Access Denied] [] [vhost] [db6569888e1141b66f37e49603f07184]
https://americas.site2.sitehostingdemo.gs.com [200] [GET] [text/html] [React App] [WebServer] [vhost] [cloudfront] [Amazon Cloudfront,Amazon Web Services,React] [f1b409c0ec8c4c74ee7f77a706bb2f71]
https://ampf.ppselect.gs.com [403] [GET] [text/html] [Access Denied] [AkamaiGHost] [vhost] [1ebe9b5d21c7d018129b32358daf13ed]
https://ampf.ppselect.gs.com [403] [GET] [text/html] [Access Denied] [AkamaiGHost] [vhost] [db0f7b3bdccc5ae91e92d0bd25406ba7]
https://ampf.select.gs.com [403] [GET] [text/html] [Access Denied] [AkamaiGHost] [vhost] [ac9c9db8d1cec459a185f496df793f1e]
https://ampf.select.gs.com [403] [GET] [text/html] [Access Denied] [AkamaiGHost] [vhost] [f37517249aacac1decbc837a3ef820bb]
https://ampf.sitselect.gs.com [403] [GET] [text/html] [Access Denied] [AkamaiGHost] [vhost] [b11424c1cb614a0405c249718013a791]
https://ampf.sitselect.gs.com [403] [GET] [text/html] [Access Denied] [AkamaiGHost] [vhost] [c08ae086cf4557bc7142dc7c57ebb8ff]
https://aon.gs.com [403] [GET] [text/html] [Access Denied] [AkamaiGHost] [vhost] [0e16f8d12872e61be9b5455346fac255]
https://aon.gs.com [403] [GET] [text/html] [Access Denied] [AkamaiGHost] [vhost] [855ff00ed7ce91dc3038b4faaf975b85]
https://apac1.gw-login.gs.com [302] [GET] [text/html] [] [Login.GS] [Microsoft ASP.NET] [8cb42e7a965a9d36983d4c4f4e9d64ea]
https://apac1-login.gs.com [403] [GET] [text/html] [Access Denied] [AkamaiGHost] [vhost] [3587db5eed1ff93e336557791130ea19]
https://apac1-login.gs.com [403] [GET] [text/html] [Access Denied] [AkamaiGHost] [vhost] [e3e608aca003ce24d4c3229b4adfaa53]
https://apac2.gw-login.gs.com [302] [GET] [text/html] [] [] [Microsoft ASP.NET] [8cb42e7a965a9d36983d4c4f4e9d64ea]
https://apac2-login.gs.com [403] [GET] [text/html] [Access Denied] [AkamaiGHost] [vhost] [085c02c2abfc2825e3fd93be292d1b80]
https://apac2-login.gs.com [403] [GET] [text/html] [Access Denied] [AkamaiGHost] [vhost] [682f644cfab5b56f957b043709e6c9b9]
https://apac3-login.gs.com [302] [GET] [text/html] [] [] [Microsoft ASP.NET] [8cb42e7a965a9d36983d4c4f4e9d64ea]
https://apac-login.gs.com [403] [GET] [text/html] [Access Denied] [AkamaiGHost] [vhost] [2c8448fb26658d9b18d43c12872e4d23]
https://apac-login.gs.com [403] [GET] [text/html] [Access Denied] [AkamaiGHost] [vhost] [9b14103b6f021999f791b50200f0b78a]
https://api2.txb.gs.com [403] [GET] [text/html] [Access Denied] [AkamaiGHost] [vhost] [b4ef9975f6a35c260454240bf549aa09]
https://api2.txb.gs.com [403] [GET] [text/html] [Access Denied] [AkamaiGHost] [vhost] [f16c81e8a87139a9388bd3a51e940e15]
https://api3.sit.txb.gs.com [403] [GET] [text/html] [ERROR: The request could not be satisfied] [CloudFront] [cloudfront] [Amazon Cloudfront,Amazon Web Services] [06225d095ee52d539fb8b11762b1f23d]
https://api3.sit.txb.gs.com [403] [GET] [text/html] [ERROR: The request could not be satisfied] [CloudFront] [cloudfront] [Amazon Cloudfront,Amazon Web Services] [e9c53069fbd926d500c818ad71168ed2]
https://api.gs.com [302] [GET] [] [] [webserver] [vhost] [d41d8cd98f00b204e9800998ecf8427e]
https://api.gsmosaic.gs.com [403] [GET] [text/html] [Access Denied] [AkamaiGHost] [vhost] [23765cb4a59e6bbdc7507c80b1ee872b]
https://api.gs-mosaic.gs.com [403] [GET] [text/html] [Access Denied] [AkamaiGHost] [vhost] [6c1bd20c71f3e3c6f9857f03388cbdcd]
https://api.gs-mosaic.gs.com [403] [GET] [text/html] [Access Denied] [AkamaiGHost] [vhost] [beb55a204a2cd861700bc061641420ad]
https://api.gsmosaic.gs.com [403] [GET] [text/html] [Access Denied] [AkamaiGHost] [vhost] [c2c02ebf28c95da6ab0cea085428648e]
https://api.gsmosaic.qa.gs.com [403] [GET] [text/html] [Access Denied] [AkamaiGHost] [vhost] [064f5b3c022c5cad00fde92fb46af348]
https://api.gs-mosaic.qa.gs.com [403] [GET] [text/html] [Access Denied] [AkamaiGHost] [vhost] [0814518b555326d315d6723a1c4c2c67]
https://api.gs-mosaic.qa.gs.com [403] [GET] [text/html] [Access Denied] [AkamaiGHost] [vhost] [5015e17647d6b45ff7fb7ece3fcbd26b]
https://api.gsmosaic.qa.gs.com [403] [GET] [text/html] [Access Denied] [AkamaiGHost] [vhost] [f8726d254e07d9db706b5b7dd907b4c0]
https://api.marquee.gs.com [302] [GET] [] [] [webserver] [vhost] [d41d8cd98f00b204e9800998ecf8427e]
https://api.marquee-qa.gs.com [302] [GET] [] [] [webserver] [vhost] [d41d8cd98f00b204e9800998ecf8427e]
https://api.platform-dev.txb.gs.com [403] [GET] [text/html] [ERROR: The request could not be satisfied] [CloudFront] [cloudfront] [Amazon Cloudfront,Amazon Web Services] [1a5bfbfc5f057a993790dbf933c98f35]
https://api.platform-dev.txb.gs.com [403] [GET] [text/html] [ERROR: The request could not be satisfied] [CloudFront] [cloudfront] [Amazon Cloudfront,Amazon Web Services] [fcea383eeca5e158de783b74fd0cde0b]
https://apis.txb.gs.com [301] [GET] [] [] [AkamaiGHost] [vhost] [d41d8cd98f00b204e9800998ecf8427e]
https://apitest.marquee-qa.gs.com [302] [GET] [] [] [webserver] [vhost] [d41d8cd98f00b204e9800998ecf8427e]
https://apps.work.gs.com [404] [GET] [] [] [] [azure] [d41d8cd98f00b204e9800998ecf8427e]
https://as2.txb.gs.com [405] [GET] [text/plain] [] [Axway SecureTransport AS2] [e8c2e2c948d26263a977c1743e71efc6]
https://assetmanagement-email.gs.com [403] [GET] [text/html] [403 Forbidden] [Apache] [Apache] [fa172c77abd7b03605d83cd1ae373657]
https://assetmanagement-email-qa.gs.com [200] [GET] [text/html] [] [Apache] [Apache] [d41d8cd98f00b204e9800998ecf8427e]
https://assetmanagement.gs.com [302] [GET] [text/html] [302 Found] [Apache] [vhost] [Apache] [9a49bddc1ca2e6056799c85c3068b04d]
https://assetmanagement-qa.gs.com [302] [GET] [text/html] [302 Found] [Apache] [vhost] [Apache] [b0e349b483c490fc22f77e27154ca133]
https://atlas-mfa.gs.com [401] [GET] [text/html] [MFA] [GS] [vhost] [323d316305f32757d8017cf8df027672]
https://atlas-mfa.uat.gs.com [503] [GET] [text/html] [Error] [AkamaiGHost] [vhost] [61d3be94ca06aa1f7ff2697d84b148f2]
https://atlas-mfa.uat.gs.com [503] [GET] [text/html] [Error] [AkamaiGHost] [vhost] [8c4fb95d064eb0700c9594fc7eed06dd]
https://atlassian.devcollab.gs.com [403] [GET] [text/html] [ERROR: The request could not be satisfied] [CloudFront] [cloudfront] [Amazon Cloudfront,Amazon Web Services] [9508a1cfd0d0d592de4e3dafeb7847ea]
https://atlassian.devcollab.gs.com [403] [GET] [text/html] [ERROR: The request could not be satisfied] [CloudFront] [cloudfront] [Amazon Cloudfront,Amazon Web Services] [97cfb68cd1cfd15a6ad23cb9fbdec6fb]
https://bdcexp01edge01.jabber.gs.com:8443 [400] [GET] [text/html] [Bad Request] [CE_E] [dd1cb5f50e8fe10c7dafc6df7b0c97cd]
https://bdcexp01edge02.jabber.gs.com:8443 [400] [GET] [text/html] [Bad Request] [CE_E] [dd1cb5f50e8fe10c7dafc6df7b0c97cd]
https://beta.api.clearfactr.gs.com [403] [GET] [text/html] [ERROR: The request could not be satisfied] [CloudFront] [cloudfront] [Amazon Cloudfront,Amazon Web Services] [9d6ec616f64b1e8091fd371da6e40164]
https://beta.api.clearfactr.gs.com [403] [GET] [text/html] [ERROR: The request could not be satisfied] [CloudFront] [cloudfront] [Amazon Cloudfront,Amazon Web Services] [a36ea98a6f462eabe966eb0c17433352]
https://beta.app.clearfactr.gs.com [403] [GET] [text/html] [ERROR: The request could not be satisfied] [CloudFront] [cloudfront] [Amazon Cloudfront,Amazon Web Services] [c207faaa19ab279cfa9abb86f891dbed]
https://beta.app.clearfactr.gs.com [403] [GET] [text/html] [ERROR: The request could not be satisfied] [CloudFront] [cloudfront] [Amazon Cloudfront,Amazon Web Services] [ff635c358c92f60e1a5b20be78cbcc26]
https://beta.dsp.gs.com [403] [GET] [text/html] [Access Denied] [AkamaiGHost] [vhost] [a70f95fa5cf72dec2156d9aa333ca4bc]
https://beta.dsp.gs.com [403] [GET] [text/html] [Access Denied] [AkamaiGHost] [vhost] [c2c882af82bb25355c7546968d0febde]
https://beta.global-liquidity.gs.com [403] [GET] [text/html] [Access Denied] [AkamaiGHost] [vhost] [8d432bbf7d467704e57732a01d005d79]
https://beta.global-liquidity.gs.com [403] [GET] [text/html] [Access Denied] [AkamaiGHost] [vhost] [c1054ea62559a0fadfcee570bcf1946a]
https://beta.qaglobal-liquidity.gs.com [403] [GET] [text/html] [Access Denied] [AkamaiGHost] [vhost] [5719edb4b0cd0b2c6c20771e4e92b21a]
https://beta.qaglobal-liquidity.gs.com [403] [GET] [text/html] [Access Denied] [AkamaiGHost] [vhost] [961e5a1ba3c6648364c995a487f3d597]
https://beta.uat.dsp.gs.com [302] [GET] [text/html] [302 Found] [Apache] [vhost] [Apache] [50b8e4fcde4b2a359fb7d3a6289a6023]
https://bmo-mfa.lp.gs.com [401] [GET] [text/html] [BMO Liquidity Portal] [GS] [vhost] [6c76d7924333bfc909c645bde904235e]
https://bmo-mfa.uat.lp.gs.com [401] [GET] [text/html] [BMO Liquidity Portal] [GS] [vhost] [6c76d7924333bfc909c645bde904235e]
https://bwext-qa.gs.com [404] [GET] [text/html] [] [] [b9d1d8bb90a18fd9a3768b1ccc60ff42]
https://cdcexp01edge01.jabber.gs.com:8443 [400] [GET] [text/html] [Bad Request] [CE_E] [dd1cb5f50e8fe10c7dafc6df7b0c97cd]
https://cdcexp01edge02.jabber.gs.com:8443 [400] [GET] [text/html] [Bad Request] [CE_E] [dd1cb5f50e8fe10c7dafc6df7b0c97cd]
https://cdn.gs.com [403] [GET] [application/xml] [] [AmazonS3] [vhost] [Amazon Cloudfront,Amazon S3,Amazon Web Services] [2c42ddd6947c383ac1c9e5b07a931164]
https://cdn.gs.com [403] [GET] [application/xml] [] [AmazonS3] [vhost] [Amazon Cloudfront,Amazon S3,Amazon Web Services] [933a1cc966db267b935c7dcc7f9ba0dc]
https://cdn.marquee.gs.com [404] [GET] [] [] [AkamaiNetStorage] [vhost] [7605968e79d0ca095ab1231486d2b814]
https://cdn.marquee-qa.gs.com [404] [GET] [] [] [AkamaiNetStorage] [vhost] [7605968e79d0ca095ab1231486d2b814]
https://checkinvest.funds.gs.com [403] [GET] [text/html] [Access Denied] [AkamaiGHost] [vhost] [6b86950b774a42fbebee85b088d5ce53]
https://checkinvest.funds.gs.com [403] [GET] [text/html] [Access Denied] [AkamaiGHost] [vhost] [9a9a96f74e808dfd4715b7aee7c30920]
https://china1-login.gs.com [403] [GET] [text/html] [Access Denied] [AkamaiGHost] [vhost] [189ad2e9a8919124390b97dbc7944c17]
https://china1-login.gs.com [403] [GET] [text/html] [Access Denied] [AkamaiGHost] [vhost] [1c8803acabdfee0aa6e7175b1fd83b43]
https://china2-login.gs.com [302] [GET] [text/html] [] [] [Microsoft ASP.NET] [8cb42e7a965a9d36983d4c4f4e9d64ea]
https://china-login.gs.com [302] [GET] [text/html] [] [Login.GS] [Microsoft ASP.NET] [8cb42e7a965a9d36983d4c4f4e9d64ea]
https://click.gs.com [301] [GET] [text/html] [] [nginx] [vhost] [Nginx] [d41d8cd98f00b204e9800998ecf8427e]
https://clientreporting-srp.tech.gs.com [401] [GET] [text/html] [] [Apache] [Apache] [14e1aa5cff69df8572bbc31f85775303]
https://clientreporting-srp.tech-qa.gs.com [401] [GET] [text/html] [] [Apache] [vhost] [Apache] [14e1aa5cff69df8572bbc31f85775303]
https://confluence.devcollab.gs.com [403] [GET] [text/html] [ERROR: The request could not be satisfied] [CloudFront] [cloudfront] [Amazon Cloudfront,Amazon Web Services] [5a1bbf9669c3edd559d0bc5f0b34a8df]
https://confluence.devcollab.gs.com [403] [GET] [text/html] [ERROR: The request could not be satisfied] [CloudFront] [cloudfront] [Amazon Cloudfront,Amazon Web Services] [a2d3bf238d6443c1cc36e779064c37bb]
https://derivativesuniversity.gs.com [301] [GET] [text/html] [301 Moved Permanently] [Apache] [Apache] [82a405a418e2ca9866a603a5c03aaf40]
https://design.gs.com [301] [GET] [] [] [AkamaiGHost] [vhost] [d41d8cd98f00b204e9800998ecf8427e]
https://dev.accounts.gs.com [200] [GET] [text/html] [GoldmanSachs Customer-STD - Sign In] [nginx] [vhost] [Bootstrap:4.5.0,Java,Nginx] [c171c5eb95599e68ead98f99a742530d]
https://dev.atlassian.devcollab.gs.com [403] [GET] [text/html] [ERROR: The request could not be satisfied] [CloudFront] [cloudfront] [Amazon Cloudfront,Amazon Web Services] [4133ea76edec629a28e6e9872845dd08]
https://dev.atlassian.devcollab.gs.com [403] [GET] [text/html] [ERROR: The request could not be satisfied] [CloudFront] [cloudfront] [Amazon Cloudfront,Amazon Web Services] [6b1e7b9aaf21022a44841aaf83e96cda]
https://dev.confluence.devcollab.gs.com [403] [GET] [text/html] [ERROR: The request could not be satisfied] [CloudFront] [cloudfront] [Amazon Cloudfront,Amazon Web Services] [6e035e8b540ead312348e70169071b7c]
https://dev.confluence.devcollab.gs.com [403] [GET] [text/html] [ERROR: The request could not be satisfied] [CloudFront] [cloudfront] [Amazon Cloudfront,Amazon Web Services] [ca63b59ab80d17a77b2b3dd1801f9628]
https://developer.gs.com [301] [GET] [] [] [AkamaiGHost] [vhost] [d41d8cd98f00b204e9800998ecf8427e]
https://developer.txb.gs.com [301] [GET] [] [] [AkamaiGHost] [vhost] [d41d8cd98f00b204e9800998ecf8427e]
https://dev.gstext.workplace.gs.com [403] [GET] [text/html] [ERROR: The request could not be satisfied] [CloudFront] [cloudfront] [Amazon Cloudfront,Amazon Web Services] [1374e7e5f9b2e04186d2bcdcc5beae63]
https://dev.gstext.workplace.gs.com [403] [GET] [text/html] [ERROR: The request could not be satisfied] [CloudFront] [cloudfront] [Amazon Cloudfront,Amazon Web Services] [7c72e0440bc2ded4d129edc6ca1a36d1]
https://dev.jira2.devcollab.gs.com [403] [GET] [text/html] [ERROR: The request could not be satisfied] [CloudFront] [cloudfront] [Amazon Cloudfront,Amazon Web Services] [ac31f5e202c86232dd1f2560c4b5f25e]
https://dev.jira2.devcollab.gs.com [403] [GET] [text/html] [ERROR: The request could not be satisfied] [CloudFront] [cloudfront] [Amazon Cloudfront,Amazon Web Services] [caa25ad342fcfc63b7a0bc9f011b6820]
https://dev.jira3.devcollab.gs.com [403] [GET] [text/html] [ERROR: The request could not be satisfied] [CloudFront] [cloudfront] [Amazon Cloudfront,Amazon Web Services] [60440306aebf7700c84b8baa686df2c9]
https://dev.jira3.devcollab.gs.com [403] [GET] [text/html] [ERROR: The request could not be satisfied] [CloudFront] [cloudfront] [Amazon Cloudfront,Amazon Web Services] [f929e37adeef10f9b2412e4e07810566]
https://dev.jira.devcollab.gs.com [403] [GET] [text/html] [ERROR: The request could not be satisfied] [CloudFront] [cloudfront] [Amazon Cloudfront,Amazon Web Services] [36261802cb7a4f210ed37d3e19523bad]
https://dev.jira.devcollab.gs.com [403] [GET] [text/html] [ERROR: The request could not be satisfied] [CloudFront] [cloudfront] [Amazon Cloudfront,Amazon Web Services] [fab72f8eae01c355aedda15fa923d333]
https://dev-login-higher.gs.com [302] [GET] [text/html] [] [nginx] [vhost] [Nginx] [d41d8cd98f00b204e9800998ecf8427e]
https://dev.marcus.jira.devcollab.gs.com [403] [GET] [text/html] [ERROR: The request could not be satisfied] [CloudFront] [cloudfront] [Amazon Cloudfront,Amazon Web Services] [bb4075599ada7dd47dfee75256593c4a]
https://dev.marcus.jira.devcollab.gs.com [403] [GET] [text/html] [ERROR: The request could not be satisfied] [CloudFront] [cloudfront] [Amazon Cloudfront,Amazon Web Services] [fcaf862b0300f82813d8633e1e63d597]
https://dev.site1.sitehostingdemo.gs.com [403] [GET] [text/html] [Access Denied] [] [vhost] [945ec1d94398445fccddb3839e83e570]
https://dev.site1.sitehostingdemo.gs.com [403] [GET] [text/html] [Access Denied] [] [vhost] [9577d2bbe0b80ae644d1a8595b246b28]
https://dev.site2.sitehostingdemo.gs.com [200] [GET] [text/html] [React App] [WebServer] [vhost] [cloudfront] [Amazon Cloudfront,Amazon Web Services,React] [f1b409c0ec8c4c74ee7f77a706bb2f71]
https://dev.zoom.workplace.gs.com [403] [GET] [text/html] [ERROR: The request could not be satisfied] [CloudFront] [cloudfront] [Amazon Cloudfront,Amazon Web Services] [6148c88123296cd2f7c3d58b5321e706]
https://dev.zoom.workplace.gs.com [403] [GET] [text/html] [ERROR: The request could not be satisfied] [CloudFront] [cloudfront] [Amazon Cloudfront,Amazon Web Services] [aa204262b1de3d6a531aa7b517076229]
https://docs.gsmarkets.gs.com [403] [GET] [text/html] [403 Forbidden] [WebServer] [vhost] [bb8f534fbff5ee61a95af9c4740ae043]
https://docs.gsmarkets-qa.gs.com [403] [GET] [text/html] [403 Forbidden] [WebServer] [vhost] [bb8f534fbff5ee61a95af9c4740ae043]
https://dsp.gs.com [302] [GET] [text/html] [302 Found] [Apache] [vhost] [Apache] [03744af580ae4d25f701c7702dac6465]
https://edwardjones.funds.gs.com [403] [GET] [text/html] [Access Denied] [AkamaiGHost] [vhost] [717d590c9ada6086f482306639abe1a6]
https://edwardjones.funds.gs.com [403] [GET] [text/html] [Access Denied] [AkamaiGHost] [vhost] [d9e37c2fe42a70f2f1fcfcdbcf4d8204]
https://emea1.gw-login.gs.com [302] [GET] [text/html] [] [Login.GS] [Microsoft ASP.NET] [8cb42e7a965a9d36983d4c4f4e9d64ea]
https://emea1-login.gs.com [403] [GET] [text/html] [Access Denied] [AkamaiGHost] [vhost] [c8ef05236e0b0c6a9be74c134fe67633]
https://emea1-login.gs.com [403] [GET] [text/html] [Access Denied] [AkamaiGHost] [vhost] [f6d5f2b5b96120e76f5673510e6e45b7]
https://emea2.gw-login.gs.com [302] [GET] [text/html] [] [Login.GS] [Microsoft ASP.NET] [8cb42e7a965a9d36983d4c4f4e9d64ea]
https://emea2-login.gs.com [403] [GET] [text/html] [Access Denied] [AkamaiGHost] [vhost] [ca63c63a02239c58df5fcda541fad11e]
https://emea2-login.gs.com [403] [GET] [text/html] [Access Denied] [AkamaiGHost] [vhost] [f1ba139236eb198a4e1aed7e3dcb1d17]
https://emea-login.gs.com [403] [GET] [text/html] [Access Denied] [AkamaiGHost] [vhost] [27ec845f021c895f9e151c22d98537c8]
https://emea-login.gs.com [403] [GET] [text/html] [Access Denied] [AkamaiGHost] [vhost] [f4de91425ea4331bed37162afedf79b5]
https://emob.fx.gs.com [302] [GET] [application/json] [] [] [vhost] [f3feb086f92f55d7de3955c14cb67a43]
https://emob-qa.fx.gs.com [302] [GET] [application/json] [] [] [vhost] [dbb9dfeb64f82edd1d559780cb4cf8fa]
https://exp01qaedge01.net.gs.com:8443 [400] [GET] [text/html] [Bad Request] [CE_E] [dd1cb5f50e8fe10c7dafc6df7b0c97cd]
https://exp02qaedge01.net.gs.com:8443 [400] [GET] [text/html] [Bad Request] [CE_E] [dd1cb5f50e8fe10c7dafc6df7b0c97cd]
https://expedge.jabber.gs.com:8443 [400] [GET] [text/html] [Bad Request] [CE_E] [dd1cb5f50e8fe10c7dafc6df7b0c97cd]
https://ext-select.gs.com [403] [GET] [text/html] [Access Denied] [AkamaiGHost] [vhost] [b8f4175a3d3b0c5cdcafedbed157f5c0]
https://ext-select.gs.com [403] [GET] [text/html] [Access Denied] [AkamaiGHost] [vhost] [d53380aee7959a3a1dd2def8c773f060]
https://fp-bdc-ext.gs.com [200] [GET] [text/html] [] [] [vhost] [905142cdf6983bfa3d8a802187803ab8]
https://fp-cdc-ext.gs.com [200] [GET] [text/html] [] [] [vhost] [905142cdf6983bfa3d8a802187803ab8]
https://fp-ha-asia.prod.vpn.gs.com [200] [GET] [text/html] [] [] [vhost] [905142cdf6983bfa3d8a802187803ab8]
https://fp-ha-emea.gs.com [200] [GET] [text/html] [] [] [vhost] [905142cdf6983bfa3d8a802187803ab8]
https://fp-ha.gs.com [200] [GET] [text/html] [] [] [vhost] [905142cdf6983bfa3d8a802187803ab8]
https://fp-ha-hksdc2.prod.vpn.gs.com [200] [GET] [text/html] [] [] [vhost] [905142cdf6983bfa3d8a802187803ab8]
https://fp-ha-qa.gs.com [200] [GET] [text/html] [] [] [vhost] [905142cdf6983bfa3d8a802187803ab8]
https://fp-ha-sgadc.prod.vpn.gs.com [200] [GET] [text/html] [] [] [vhost] [905142cdf6983bfa3d8a802187803ab8]
https://fp-ldceg-ext.gs.com [200] [GET] [text/html] [] [] [vhost] [905142cdf6983bfa3d8a802187803ab8]
https://fp-lhr-ext.gs.com [200] [GET] [text/html] [] [] [vhost] [905142cdf6983bfa3d8a802187803ab8]
https://fp-poc1-ext.gs.com [200] [GET] [text/html] [] [] [vhost] [905142cdf6983bfa3d8a802187803ab8]
https://fp-qa1-ext.gs.com [200] [GET] [text/html] [] [] [vhost] [905142cdf6983bfa3d8a802187803ab8]
https://ftp2.gs.com [200] [GET] [text/html] [SFX - Secure File Xchange] [] [AngularJS,Bootstrap,Java] [f7084c03c9789fb2ef9802768aff553e]
https://ftp.gs.com [200] [GET] [text/html] [SFX - Secure File Xchange] [] [AngularJS,Bootstrap,Java] [f7084c03c9789fb2ef9802768aff553e]
https://ftpserver.gs.com [200] [GET] [text/html] [SFX - Secure File Xchange] [] [AngularJS,Bootstrap,Java] [f7084c03c9789fb2ef9802768aff553e]
https://funds.gs.com [403] [GET] [text/html] [Access Denied] [AkamaiGHost] [vhost] [08ab158701590fb7354192a9c3b32f88]
https://funds.gs.com [403] [GET] [text/html] [Access Denied] [AkamaiGHost] [vhost] [c742c006f9f7d337080c4d39c412d5e4]
https://fx2.gs.com [401] [GET] [] [] [Apache] [Apache,Basic] [d41d8cd98f00b204e9800998ecf8427e]
https://fx.gs.com [401] [GET] [] [] [Apache] [Apache,Basic] [d41d8cd98f00b204e9800998ecf8427e]
https://global-liquidity.gs.com [403] [GET] [text/html] [Access Denied] [AkamaiGHost] [vhost] [8d720626f5d5d07148652a81cc2858be]
https://global-liquidity.gs.com [403] [GET] [text/html] [Access Denied] [AkamaiGHost] [vhost] [c9d8a1b06246b428a69f9173368ff837]
https://gls.services.gs.com [403] [GET] [text/html] [Access Denied] [AkamaiGHost] [vhost] [16f401a68392ab9c004da425f3971051]
https://gls.services.gs.com [403] [GET] [text/html] [Access Denied] [AkamaiGHost] [vhost] [454c71b78e677ce454e0fc08a3b87d3f]
https://growth.gs.com [302] [GET] [text/html] [302 Found] [Apache] [vhost] [Apache] [a2abc1c435f923ca933d9d2930f79baf]
https://gsam-email-prod.gs.com [403] [GET] [text/html] [403 Forbidden] [Apache] [Apache] [fa172c77abd7b03605d83cd1ae373657]
https://gsam-email-qa.gs.com [200] [GET] [text/html] [] [Apache] [Apache] [d41d8cd98f00b204e9800998ecf8427e]
https://gsamsymposium.gs.com [302] [GET] [text/html] [302 Found] [Apache] [vhost] [Apache] [c9afee03d65aab4f77c9f495b585b5d7]
https://gsamsymposium-qa.gs.com [403] [GET] [text/html] [Access Denied] [AkamaiGHost] [vhost] [bb5b717665c606a944292c7d8bf9e9ac]
https://gsamsymposium-qa.gs.com [403] [GET] [text/html] [Access Denied] [AkamaiGHost] [vhost] [da77e8b41bab41589f39d0e1cd504ebe]
https://gsec.gs.com [301] [GET] [] [] [AkamaiGHost] [vhost] [d41d8cd98f00b204e9800998ecf8427e]
https://gsmarkets.gs.com [404] [GET] [text/html] [] [] [b9d1d8bb90a18fd9a3768b1ccc60ff42]
https://gs-mosaic.gs.com [403] [GET] [text/html] [Access Denied] [AkamaiGHost] [vhost] [20934c22af52a2e5a0e237ab5e76c8f9]
https://gs-mosaic.gs.com [403] [GET] [text/html] [Access Denied] [AkamaiGHost] [vhost] [425e2001cd7989964269e3bd0c915782]
https://gsmosaic.gs.com [403] [GET] [text/html] [Access Denied] [AkamaiGHost] [vhost] [6f5f93d0d7fa410077223c8e41ae98de]
https://gsmosaic.gs.com [403] [GET] [text/html] [Access Denied] [AkamaiGHost] [vhost] [f9c80bf10d7e2793ca03a0e2adfb273b]
https://gsmosaic.qa.gs.com [403] [GET] [text/html] [Access Denied] [AkamaiGHost] [vhost] [4359642363415d2699585d3f2bb605dd]
https://gs-mosaic.qa.gs.com [403] [GET] [text/html] [Access Denied] [AkamaiGHost] [vhost] [5ea4610c72fd5912ded6854cd76daa89]
https://gsmosaic.qa.gs.com [403] [GET] [text/html] [Access Denied] [AkamaiGHost] [vhost] [b96f1987ce6390a56fbca1a2c0b3797e]
https://gs-mosaic.qa.gs.com [403] [GET] [text/html] [Access Denied] [AkamaiGHost] [vhost] [ecd0a890121782634d43e5f032b6bb3a]
https://gstransact2.gs.com [401] [GET] [] [] [Apache] [Apache,Basic] [d41d8cd98f00b204e9800998ecf8427e]
https://gstransact.gs.com [401] [GET] [] [] [Apache] [Apache,Basic] [d41d8cd98f00b204e9800998ecf8427e]
https://gstransactqa2.gs.com [401] [GET] [] [] [Apache] [Apache,Basic] [d41d8cd98f00b204e9800998ecf8427e]
https://gstransactqa.gs.com [401] [GET] [] [] [Apache] [Apache,Basic] [d41d8cd98f00b204e9800998ecf8427e]
https://gw1.qa-login.gs.com [302] [GET] [text/html] [] [Login.GS] [Microsoft ASP.NET] [8cb42e7a965a9d36983d4c4f4e9d64ea]
https://gw1.qalogin.gs.com [302] [GET] [text/html] [] [Login.GS] [Microsoft ASP.NET] [8cb42e7a965a9d36983d4c4f4e9d64ea]
https://gw2.qa-login.gs.com [302] [GET] [text/html] [] [] [Microsoft ASP.NET] [8cb42e7a965a9d36983d4c4f4e9d64ea]
https://gw3.qa-login.gs.com [302] [GET] [text/html] [] [Login.GS] [dd52ea90fb034a7d66a9b071506a72f7]
https://help.dsp.gs.com:2083 [403] [GET] [text/html] [403 Forbidden] [cloudflare] [cloudflare] [Cloudflare] [c371fa8374a06a3c0535fc341d454236]
https://help.dsp.gs.com:2087 [403] [GET] [text/html] [403 Forbidden] [cloudflare] [cloudflare] [Cloudflare] [c371fa8374a06a3c0535fc341d454236]
https://help.dsp.gs.com [403] [GET] [text/html] [403 Forbidden] [cloudflare] [cloudflare] [Cloudflare] [c371fa8374a06a3c0535fc341d454236]
https://help.dsp.gs.com:8443 [403] [GET] [text/html] [403 Forbidden] [cloudflare] [cloudflare] [Cloudflare] [0127426bf3ba07ff7211399ddf5186c4]
https://help.gsmosaic.qa.gs.com [301] [GET] [text/html] [] [cloudflare] [vhost] [cloudflare] [Cloudflare,Cloudflare Network Error Logging,Zendesk] [04bf7bf61e12b53755dd9a708d742ac0]
https://help.gs-mosaic.qa.gs.com [403] [GET] [text/html] [403 Forbidden] [cloudflare] [cloudflare] [Cloudflare] [0127426bf3ba07ff7211399ddf5186c4]
https://help.gs-mosaic.qa.gs.com [403] [GET] [text/html] [403 Forbidden] [cloudflare] [cloudflare] [Cloudflare] [c371fa8374a06a3c0535fc341d454236]
https://help.gs-mosaic.qa.gs.com:8443 [403] [GET] [text/html] [403 Forbidden] [cloudflare] [cloudflare] [Cloudflare] [c371fa8374a06a3c0535fc341d454236]
https://help.uat.gs.com [403] [GET] [text/html] [403 Forbidden] [cloudflare] [cloudflare] [Cloudflare] [0127426bf3ba07ff7211399ddf5186c4]
https://help.uat.gs.com:8443 [403] [GET] [text/html] [403 Forbidden] [cloudflare] [cloudflare] [Cloudflare] [0127426bf3ba07ff7211399ddf5186c4]
https://hk.fx.gs.com [302] [GET] [application/json] [] [] [vhost] [3be1f6f46d8c438311faa2629d24331b]
https://hksdcexp01edge01.jabber.gs.com:8443 [400] [GET] [text/html] [Bad Request] [CE_E] [dd1cb5f50e8fe10c7dafc6df7b0c97cd]
https://huntington-mfa.liquidityportal.gs.com [401] [GET] [text/html] [Huntington Liquidity Portal] [GS] [vhost] [f99b0f3f7db9e629129306a6706d1b34]
https://huntington-mfa.uat.liquidityportal.gs.com [401] [GET] [text/html] [Huntington Liquidity Portal] [GS] [vhost] [f99b0f3f7db9e629129306a6706d1b34]
https://ias.gs.com [301] [GET] [text/html] [301 Moved Permanently] [Apache] [Apache] [82a405a418e2ca9866a603a5c03aaf40]
https://idfs-asia.gs.com [403] [GET] [text/html] [Error] [Apache] [Apache] [d2e2abaf58303d2d7c9db110efa6acac]
https://idfs.gs.com [403] [GET] [text/html] [Error] [Apache] [Apache] [d2e2abaf58303d2d7c9db110efa6acac]
https://idfs-qa2.gs.com [403] [GET] [text/html] [Error] [Apache] [Apache] [587fa749210d38870bae68ffb41763bd]
https://idfs-qa-emea.gs.com [403] [GET] [text/html] [Error] [Apache] [Apache] [587fa749210d38870bae68ffb41763bd]
https://idfs-qa.gs.com [403] [GET] [text/html] [Error] [Apache] [Apache] [587fa749210d38870bae68ffb41763bd]
https://i.gs.com [301] [GET] [] [] [AkamaiGHost] [vhost] [d41d8cd98f00b204e9800998ecf8427e]
https://institutionaladvisoryservices.gs.com [301] [GET] [text/html] [301 Moved Permanently] [Apache] [Apache] [82a405a418e2ca9866a603a5c03aaf40]
https://jira2.devcollab.gs.com [403] [GET] [text/html] [ERROR: The request could not be satisfied] [CloudFront] [cloudfront] [Amazon Cloudfront,Amazon Web Services] [1f793d929cf8f5abf2c6cb7cb9f8acd6]
https://jira2.devcollab.gs.com [403] [GET] [text/html] [ERROR: The request could not be satisfied] [CloudFront] [cloudfront] [Amazon Cloudfront,Amazon Web Services] [e4d21fccf980b096057f12230e5d76a3]
https://jira3.devcollab.gs.com [403] [GET] [text/html] [ERROR: The request could not be satisfied] [CloudFront] [cloudfront] [Amazon Cloudfront,Amazon Web Services] [580e69fbfe18eea4748590ed4db7f63c]
https://jira3.devcollab.gs.com [403] [GET] [text/html] [ERROR: The request could not be satisfied] [CloudFront] [cloudfront] [Amazon Cloudfront,Amazon Web Services] [e8982c58275caa8a92b90a7d2b52f6f1]
https://jira.devcollab.gs.com [403] [GET] [text/html] [ERROR: The request could not be satisfied] [CloudFront] [cloudfront] [Amazon Cloudfront,Amazon Web Services] [4bcbbe8ff1af548da0195070cdab5837]
https://jira.devcollab.gs.com [403] [GET] [text/html] [ERROR: The request could not be satisfied] [CloudFront] [cloudfront] [Amazon Cloudfront,Amazon Web Services] [f43aaa1793a32c96200b6b362add188c]
https://ldcegexp01edge01.jabber.gs.com:8443 [400] [GET] [text/html] [Bad Request] [CE_E] [dd1cb5f50e8fe10c7dafc6df7b0c97cd]
https://ldcegexp01edge02.jabber.gs.com:8443 [400] [GET] [text/html] [Bad Request] [CE_E] [dd1cb5f50e8fe10c7dafc6df7b0c97cd]
https://lebenthal.funds.gs.com [403] [GET] [text/html] [Access Denied] [AkamaiGHost] [vhost] [20254ee49b01abb50ecfdc61736e99a6]
https://lebenthal.funds.gs.com [403] [GET] [text/html] [Access Denied] [AkamaiGHost] [vhost] [3cf55b6dc52a9b479f8eb4eb42fb7180]
https://lhrexp01edge01.jabber.gs.com:8443 [400] [GET] [text/html] [Bad Request] [CE_E] [dd1cb5f50e8fe10c7dafc6df7b0c97cd]
https://lhrexp01edge02.jabber.gs.com:8443 [400] [GET] [text/html] [Bad Request] [CE_E] [dd1cb5f50e8fe10c7dafc6df7b0c97cd]
https://link.gs.com [301] [GET] [] [] [AkamaiGHost] [vhost] [d41d8cd98f00b204e9800998ecf8427e]
https://ln.fx.gs.com [302] [GET] [application/json] [] [] [vhost] [51640a16360be8929807283a25bfdda5]
https://lockbox.gs.com [302] [GET] [text/html] [302 Found] [Apache] [Apache] [09909de2cc1c50d9676b53d3dc9f1185]
https://lockbox-qa.gs.com [302] [GET] [text/html] [302 Found] [Apache] [vhost] [Apache] [9e5db5791bcf2808da25b97d0d6757df]
https://login.ap-southeast-1.idfs-qa.gs.com [403] [GET] [text/html] [Error] [Apache] [Apache] [fbd76454e66e3bddfaa5481d8aa13b22]
https://login.gs.com [302] [GET] [text/html] [] [Login.GS] [vhost] [Microsoft ASP.NET] [8cb42e7a965a9d36983d4c4f4e9d64ea]
https://login-higher.gs.com [302] [GET] [text/html] [] [nginx] [vhost] [Nginx] [d41d8cd98f00b204e9800998ecf8427e]
https://login.mfa.select.gs.com [401] [GET] [text/html] [GS - Error] [GS] [vhost] [7d24d2ca0b819ee01c757f087150a2e9]
https://login.qa.mfa.select.gs.com [401] [GET] [text/html] [GS - Error] [GS] [vhost] [43ceaea229a21690663ad2f1f1b3a938]
https://login.us-east-1.idfs-qa.gs.com [403] [GET] [text/html] [Error] [Apache] [Apache] [769075986f156993475c345973298466]
https://login.us-west-2.idfs-qa.gs.com [403] [GET] [text/html] [Error] [Apache] [Apache] [c7a3554a351e112c0ecbc444d307bd8c]
https://managedaccounts.gs.com [403] [GET] [text/html] [Access Denied] [AkamaiGHost] [vhost] [27bc0bdf45eeb130d9e58b7d92a01667]
https://managedaccounts.gs.com [403] [GET] [text/html] [Access Denied] [AkamaiGHost] [vhost] [fbcbdbfafdfbd71104dc8e670b59d729]
https://marcus.jira.devcollab.gs.com [403] [GET] [text/html] [ERROR: The request could not be satisfied] [CloudFront] [cloudfront] [Amazon Cloudfront,Amazon Web Services] [c7ef440aa129d22f15d81093299f4085]
https://marcus.jira.devcollab.gs.com [403] [GET] [text/html] [ERROR: The request could not be satisfied] [CloudFront] [cloudfront] [Amazon Cloudfront,Amazon Web Services] [dedf580a3b128f1794f2751a677f0716]
https://marketing.gs.com [200] [GET] [text/html] [IIS Windows Server] [Apache] [vhost] [Apache] [242c23ea412530c7d94b77a7a978c176]
https://marquee.gs.com [302] [GET] [] [] [webserver] [vhost] [d41d8cd98f00b204e9800998ecf8427e]
https://marquee-qa.gs.com [302] [GET] [] [] [webserver] [vhost] [d41d8cd98f00b204e9800998ecf8427e]
https://mbd.gs.com [302] [GET] [text/html] [302 Found] [Apache] [vhost] [Apache] [d974d497a0179a79122f2d8110096992]
https://mbd-qa.gs.com [403] [GET] [text/html] [Access Denied] [AkamaiGHost] [vhost] [6e62c45307f1d676ce63b590bd6b5b93]
https://mbd-qa.gs.com [403] [GET] [text/html] [Access Denied] [AkamaiGHost] [vhost] [d15cfb8fdf7f1ee3e96f5a9eb353b608]
https://mdm.gs.com [302] [GET] [text/html] [Object moved] [] [9ad003160256619ad4ff244827ef44e8]
https://mfa.aon.gs.com [401] [GET] [text/html] [MFA] [GS] [vhost] [7d48f34c407c2d136dc1db1fd25d867d]
https://mfa-aycocom.gs.com [401] [GET] [text/html] [GS - Error] [GS] [vhost] [295056fefabf85cf8852a7b44cb20937]
https://mfaaycocomqa.gs.com [401] [GET] [text/html] [GS - Error] [GS] [vhost] [295056fefabf85cf8852a7b44cb20937]
https://mfa-aycodirect.gs.com [401] [GET] [text/html] [GS - Error] [GS] [vhost] [295056fefabf85cf8852a7b44cb20937]
https://mfaaycodirectqa.gs.com [401] [GET] [text/html] [GS - Error] [GS] [vhost] [295056fefabf85cf8852a7b44cb20937]
https://mfa-aycofc.gs.com [401] [GET] [text/html] [GS - Error] [GS] [vhost] [295056fefabf85cf8852a7b44cb20937]
https://mfaaycofcqa.gs.com [401] [GET] [text/html] [GS - Error] [GS] [vhost] [295056fefabf85cf8852a7b44cb20937]
https://mfa-ayco.gs.com [401] [GET] [text/html] [GS - Error] [GS] [vhost] [295056fefabf85cf8852a7b44cb20937]
https://mfa.bmo.gs.com [401] [GET] [text/html] [MFA] [GS] [vhost] [323d316305f32757d8017cf8df027672]
https://mfa.global-liquidity.gs.com [401] [GET] [text/html] [MFA] [GS] [vhost] [ad5c57b8478542badae78e9473917b5e]
https://mfa.gsmosaic.gs.com [401] [GET] [text/html] [MFA] [GS] [vhost] [85e279d4398f96199ff9a6c718e3c755]
https://mfa.qaaon.gs.com [401] [GET] [text/html] [MFA] [GS] [vhost] [7d48f34c407c2d136dc1db1fd25d867d]
https://mfa.qabmo.gs.com [401] [GET] [text/html] [MFA] [GS] [vhost] [323d316305f32757d8017cf8df027672]
https://mfa.qaglobal-liquidity.gs.com [401] [GET] [text/html] [MFA] [GS] [vhost] [ad5c57b8478542badae78e9473917b5e]
https://mfa.qagsmosaic.gs.com [401] [GET] [text/html] [MFA] [GS] [vhost] [85e279d4398f96199ff9a6c718e3c755]
https://mfa.qasuntrust.gs.com [401] [GET] [text/html] [MFA] [GS] [vhost] [0675b5ee45e57a2191746ebe8016ec50]
https://mfa.qatruist.gs.com [401] [GET] [text/html] [MFA] [GS] [vhost] [0675b5ee45e57a2191746ebe8016ec50]
https://mfa.suntrust.gs.com [401] [GET] [text/html] [MFA] [GS] [vhost] [0675b5ee45e57a2191746ebe8016ec50]
https://mfa.truist.gs.com [401] [GET] [text/html] [MFA] [GS] [vhost] [0675b5ee45e57a2191746ebe8016ec50]
https://mortgagecredituniversity.gs.com [301] [GET] [text/html] [301 Moved Permanently] [Apache] [Apache] [82a405a418e2ca9866a603a5c03aaf40]
https://ny.fx.gs.com [302] [GET] [application/json] [] [] [vhost] [91c6f4cc1580aac002e2c8fac4c62447]
https://origin.gsam.gs.com [301] [GET] [text/html] [301 Moved Permanently] [Apache] [vhost] [Apache] [7c0e97c224d86eff4e2e062a2f6d478d]
https://origin.lockbox.gs.com [302] [GET] [text/html] [302 Found] [Apache] [Apache] [aa0009342a938c0954063d7b7e881d66]
https://origin.lockbox.gs.com:9443 [302] [GET] [text/html] [302 Found] [Apache] [Apache] [b158114f418fa854958c5b0b681d2c4b]
https://origin.lockbox-qa.gs.com [302] [GET] [text/html] [302 Found] [Apache] [Apache] [0236cf3c63c1ffff5000cb299b80ec47]
https://origin-qa.gsam.gs.com [404] [GET] [text/html] [Page Not Found] [Apache] [vhost] [Apache] [81f7ea973d5334e30352186018a50519]
https://ose-warrant.gs.com [403] [GET] [text/html] [Access Denied] [AkamaiGHost] [vhost] [0bfe6c43d75b888566eec6bfa948c312]
https://ose-warrant.gs.com [403] [GET] [text/html] [Access Denied] [AkamaiGHost] [vhost] [5bbff6b8ddfadef48a185a1b4c24e312]
https://pilot.dsp.gs.com [403] [GET] [text/html] [Access Denied] [AkamaiGHost] [vhost] [9d07a0f7f3a82d038ad44377ce5c0be9]
https://pilot.dsp.gs.com [403] [GET] [text/html] [Access Denied] [AkamaiGHost] [vhost] [fe8aa2432af12f2b5c7105d07790db4b]
https://pilot.global-liquidity.gs.com [403] [GET] [text/html] [Access Denied] [AkamaiGHost] [vhost] [0778e76ee1253702a6e4a314005995af]
https://pilot.global-liquidity.gs.com [403] [GET] [text/html] [Access Denied] [AkamaiGHost] [vhost] [892b8ce18ea74452128b2fe52784f580]
https://pilot.qaglobal-liquidity.gs.com [403] [GET] [text/html] [Access Denied] [AkamaiGHost] [vhost] [3aa42bafbb78a7e9114663d01c29bd72]
https://pilot.qaglobal-liquidity.gs.com [403] [GET] [text/html] [Access Denied] [AkamaiGHost] [vhost] [ed44e18d97b963a42ad71426c8226386]
https://pilot.uat.dsp.gs.com [404] [GET] [text/html] [Error Page] [Apache] [vhost] [Apache,Java] [6e5d885dfa79b24f8644d02954a87097]
https://portal.gs.com [401] [GET] [text/html] [Error: Document Not Found] [Apache] [vhost] [Apache] [a57fd1a77e2f0aabde1553c2dd07c78e]
https://portal-qa.gs.com [401] [GET] [text/html] [Error: Document Not Found] [Apache] [vhost] [Apache] [89d7c43fc958896c2926469dceafa91d]
https://portal.valueaccelerator.gs.com [200] [GET] [text/html] [Value Accelerator] [] [vhost] [Express,Node.js] [dc7ee0b379b6924264eb8e6d9ea56ba9]
https://portal.valueaccelerator.gs.com [200] [GET] [text/html] [Value Accelerator] [] [vhost] [Express,Node.js] [f25c1d9bc2ade579effda49255171200]
https://portfolio.gs.com [301] [GET] [] [] [AkamaiGHost] [vhost] [d41d8cd98f00b204e9800998ecf8427e]
https://pp-ext-select.gs.com [403] [GET] [text/html] [Access Denied] [AkamaiGHost] [vhost] [94019a4838030e1d1b3e78c5e3fef9a1]
https://pp-ext-select.gs.com [403] [GET] [text/html] [Access Denied] [AkamaiGHost] [vhost] [dc3040ba7b65b8d442a5a1e131eab7b7]
https://ppselect.gs.com [403] [GET] [text/html] [Access Denied] [AkamaiGHost] [vhost] [187a936d6e145ee636a0a6e64b603201]
https://ppselect.gs.com [403] [GET] [text/html] [Access Denied] [AkamaiGHost] [vhost] [6ffdb0f861b80bc4c073d8ade961ca6b]
https://pre-prod.360.gs.com [503] [GET] [text/html] [Error] [AkamaiGHost] [vhost] [498a62789f2b7b95305ab381990810cb]
https://pre-prod.360.gs.com [503] [GET] [text/html] [Error] [AkamaiGHost] [vhost] [cf1f7e31d6f17cab6c82a5bae2c5dffa]
https://pre-prod.portal.gs.com [503] [GET] [text/html] [Error] [AkamaiGHost] [vhost] [020432e52508a67ef3440dfe9de8178f]
https://pre-prod.portal.gs.com [503] [GET] [text/html] [Error] [AkamaiGHost] [vhost] [cb233a9438990b850995b150d24c402d]
https://prod-360.gs.com [401] [GET] [text/html] [Error: Document Not Found] [Apache] [vhost] [Apache] [a57fd1a77e2f0aabde1553c2dd07c78e]
https://prod-commod-ng-edi.gs.com [404] [GET] [] [] [] [d41d8cd98f00b204e9800998ecf8427e]
https://prod.eum.appd.gs.com [404] [GET] [application/json] [] [] [bc2aa9e4302a2bd3005ff4defd589b15]
https://prod.mdm.gs.com [302] [GET] [text/html] [Object moved] [] [9ad003160256619ad4ff244827ef44e8]
https://projx.api.clearfactr.gs.com [403] [GET] [text/html] [ERROR: The request could not be satisfied] [CloudFront] [cloudfront] [Amazon Cloudfront,Amazon Web Services] [01346886fb73da3fddca7418e56e8721]
https://projx.api.clearfactr.gs.com [403] [GET] [text/html] [ERROR: The request could not be satisfied] [CloudFront] [cloudfront] [Amazon Cloudfront,Amazon Web Services] [7667ebbb85d69b455f7c10d2187017d3]
https://projx.app.clearfactr.gs.com [403] [GET] [text/html] [ERROR: The request could not be satisfied] [CloudFront] [cloudfront] [Amazon Cloudfront,Amazon Web Services] [6aaffabadfd1ee2dace6d1243c5113cb]
https://projx.app.clearfactr.gs.com [403] [GET] [text/html] [ERROR: The request could not be satisfied] [CloudFront] [cloudfront] [Amazon Cloudfront,Amazon Web Services] [dd67d7fc5171f4a6f8183d8db798e656]
https://publishing.gs.com [403] [GET] [text/html] [Access Denied] [AkamaiGHost] [vhost] [65caa2692d98ca4b2c006a2d4d653385]
https://publishing.gs.com [403] [GET] [text/html] [Access Denied] [AkamaiGHost] [vhost] [74c48815efb9971eddd7ce621eae820f]
https://publishing-qa.gs.com [301] [GET] [] [] [AkamaiGHost] [vhost] [d41d8cd98f00b204e9800998ecf8427e]
https://qa1-login.gs.com [403] [GET] [text/html] [Access Denied] [AkamaiGHost] [vhost] [1d9c5eecf60e3ab6a682323d2eed7c5f]
https://qa1-login.gs.com [403] [GET] [text/html] [Access Denied] [AkamaiGHost] [vhost] [54d7d909eb1d25b7028d4a8714f1eb02]
https://qa2-login.gs.com [403] [GET] [text/html] [Access Denied] [AkamaiGHost] [vhost] [0f9e9d988908f7ae01ddfc2d08f9be0d]
https://qa2-login.gs.com [403] [GET] [text/html] [Access Denied] [AkamaiGHost] [vhost] [1ca2f1c945519c3362b68d3352a360ed]
https://qa-360.gs.com [401] [GET] [text/html] [Error: Document Not Found] [Apache] [vhost] [Apache] [89d7c43fc958896c2926469dceafa91d]
https://qa.accounts.gs.com [200] [GET] [text/html] [NYCGoldmanSachs - Sign In] [nginx] [vhost] [Java,Nginx] [07cb9121c57739f764af3195206912f6]
https://qa.accounts.gs.com [200] [GET] [text/html] [NYCGoldmanSachs - Sign In] [nginx] [vhost] [Java,Nginx] [e72064a01e4b81e3182164bfef037c81]
https://qaaon.gs.com [403] [GET] [text/html] [Access Denied] [AkamaiGHost] [vhost] [851d3956232cd864d7ce979d02a0539c]
https://qaaon.gs.com [403] [GET] [text/html] [Access Denied] [AkamaiGHost] [vhost] [8f9cf31a3de00d23cf5f251a4dad3b8a]
https://qa-commod-ng-edi.gs.com [404] [GET] [] [] [] [d41d8cd98f00b204e9800998ecf8427e]
https://qacommod-ng-edi.gs.com [404] [GET] [] [] [] [d41d8cd98f00b204e9800998ecf8427e]
https://qa.confluence.devcollab.gs.com [403] [GET] [text/html] [ERROR: The request could not be satisfied] [CloudFront] [cloudfront] [Amazon Cloudfront,Amazon Web Services] [062f8f75e118f906b99a168cce86be2c]
https://qa.confluence.devcollab.gs.com [403] [GET] [text/html] [ERROR: The request could not be satisfied] [CloudFront] [cloudfront] [Amazon Cloudfront,Amazon Web Services] [73650133d4c99be9a544efb5e358f281]
https://qa.developer.gs.com [301] [GET] [] [] [AkamaiGHost] [vhost] [d41d8cd98f00b204e9800998ecf8427e]
https://qafx.gs.com [401] [GET] [] [] [Apache] [Apache,Basic] [d41d8cd98f00b204e9800998ecf8427e]
https://qaglobal-liquidity.gs.com [403] [GET] [text/html] [Access Denied] [AkamaiGHost] [vhost] [7fb410aa2204b7026058a1f9c6eea626]
https://qaglobal-liquidity.gs.com [403] [GET] [text/html] [Access Denied] [AkamaiGHost] [vhost] [a13285b2d5d0af08c21ba89b28f0fd04]
https://qa.growth.gs.com [302] [GET] [text/html] [302 Found] [Apache] [vhost] [Apache] [0f8f778c7213ff8b5f00673cef1cbbdb]
https://qagsmarkets.gs.com [404] [GET] [text/html] [] [] [b9d1d8bb90a18fd9a3768b1ccc60ff42]
https://qagtam-external-vendor-srp.gs.com [403] [GET] [text/html] [Access Denied] [AkamaiGHost] [vhost] [9e6c5ebddf0056e1d8bc9335ed25a794]
https://qagtam-external-vendor-srp.gs.com [403] [GET] [text/html] [Access Denied] [AkamaiGHost] [vhost] [ab2081f40d1911ae0c6d657772f91cc5]
https://qa.jira3.devcollab.gs.com [403] [GET] [text/html] [ERROR: The request could not be satisfied] [CloudFront] [cloudfront] [Amazon Cloudfront,Amazon Web Services] [ae3f1bcc3cc2061fba252c28a6fb28c6]
https://qa.jira3.devcollab.gs.com [403] [GET] [text/html] [ERROR: The request could not be satisfied] [CloudFront] [cloudfront] [Amazon Cloudfront,Amazon Web Services] [f80d1fbdd04765f8981f7d2c29014845]
https://qa.jira.devcollab.gs.com [403] [GET] [text/html] [ERROR: The request could not be satisfied] [CloudFront] [cloudfront] [Amazon Cloudfront,Amazon Web Services] [3345af11a2f4d39e998b7104c7d48c57]
https://qa.jira.devcollab.gs.com [403] [GET] [text/html] [ERROR: The request could not be satisfied] [CloudFront] [cloudfront] [Amazon Cloudfront,Amazon Web Services] [edbaf2c35675d74e05d11f2533c09430]
https://qalogin.gs.com [403] [GET] [text/html] [Access Denied] [AkamaiGHost] [vhost] [2e72c1922457a57242fe02c773877289]
https://qalogin.gs.com [403] [GET] [text/html] [Access Denied] [AkamaiGHost] [vhost] [9afbb8293d91db9a96bd9d2dec89012d]
https://qa-login-higher.gs.com [302] [GET] [text/html] [] [nginx] [vhost] [Nginx] [d41d8cd98f00b204e9800998ecf8427e]
https://qa.marcus.jira.devcollab.gs.com [403] [GET] [text/html] [ERROR: The request could not be satisfied] [CloudFront] [cloudfront] [Amazon Cloudfront,Amazon Web Services] [752bf35ca9ec4238bb670b8c82ff678b]
https://qa.marcus.jira.devcollab.gs.com [403] [GET] [text/html] [ERROR: The request could not be satisfied] [CloudFront] [cloudfront] [Amazon Cloudfront,Amazon Web Services] [c4b95b86bb927df4ca12153a4a4b2ae5]
https://qa.marketing.gs.com [200] [GET] [text/html] [IIS Windows Server] [Apache] [vhost] [Apache] [dea139153d780fdc018caefdbd600c1c]
https://qa.marqueetrader.gs.com [302] [GET] [application/json] [] [] [vhost] [d2c8e2082753eb0171aafbfe6efaa48a]
https://qamdm.acoe.gs.com:8443 [403] [GET] [] [] [Apache Tomcat] [Apache,Java] [aea0e4f6edf67b117ca08e62c4d987a9]
https://qa.mdm.gs.com [302] [GET] [text/html] [Object moved] [] [3335de8bd8f76703b6e35dab776166cb]
https://qamdm.gs.com [302] [GET] [text/html] [Object moved] [] [7f9cdd2e1bb5839cb985fdf04fb69909]
https://qa-portal.valueaccelerator.gs.com [200] [GET] [text/html] [Value Accelerator] [] [vhost] [Express,Node.js] [f241adb5d7852455ecbfbe1c191ae704]
https://qa-portal.valueaccelerator.gs.com [200] [GET] [text/html] [Value Accelerator] [] [vhost] [Express,Node.js] [f6e288183135f7faabb2609bebee2018]
https://qareditrader.gs.com [401] [GET] [] [] [Apache] [Apache,Basic] [d41d8cd98f00b204e9800998ecf8427e]
https://qasecurities.mobile.gs.com [404] [GET] [text/html] [] [] [b9d1d8bb90a18fd9a3768b1ccc60ff42]
https://qa.site1.sitehostingdemo.gs.com [403] [GET] [text/html] [Access Denied] [] [vhost] [31b094113c864232ce1c7b0a61b0a7f1]
https://qa.site1.sitehostingdemo.gs.com [403] [GET] [text/html] [Access Denied] [] [vhost] [8f18c9438cd65f25c10e0b80d56d1111]
https://qa.site2.sitehostingdemo.gs.com [200] [GET] [text/html] [React App] [WebServer] [vhost] [cloudfront] [Amazon Cloudfront,Amazon Web Services,React] [f1b409c0ec8c4c74ee7f77a706bb2f71]
https://qasocialcontent.gs.com [403] [GET] [text/html] [Goldman Sachs - Document Not Found] [Webserver] [vhost] [33ee21ff515ca8c5235468ae0e8ed205]
https://qastablevalue.gs.com [403] [GET] [text/html] [Access Denied] [AkamaiGHost] [vhost] [03d32e0cfef8d53edea8e600c8748878]
https://qastablevalue.gs.com [403] [GET] [text/html] [Access Denied] [AkamaiGHost] [vhost] [486c8681a618ed7d4aac874f1a3cd610]
https://qasuntrust.gs.com [403] [GET] [text/html] [Access Denied] [AkamaiGHost] [vhost] [d0f8ed5b6a790a2b4843ac599404bd5a]
https://qasuntrust.gs.com [403] [GET] [text/html] [Access Denied] [AkamaiGHost] [vhost] [e82380d7e8ef5727539ce3780e735845]
https://qa.tracking.gs.com [200] [GET] [text/html] [IIS Windows Server] [Apache] [vhost] [Apache] [dea139153d780fdc018caefdbd600c1c]
https://qatruist.gs.com [403] [GET] [text/html] [Access Denied] [AkamaiGHost] [vhost] [02a841b678afe941be6410ba2cbb9187]
https://qatruist.gs.com [403] [GET] [text/html] [Access Denied] [AkamaiGHost] [vhost] [c4117e62b6e6bd3e04d0307a9bc040ec]
https://qa-twilio-ext.gs.com [404] [GET] [text/html] [404 Not Found] [Apache] [Apache] [62962daa1b19bbcc2db10b7bfd531ea6]
https://qa.valueaccelerator.gs.com [302] [GET] [text/html] [302 Found] [Apache] [vhost] [Apache] [2250a8c472d753b5f081ecfcdf310ce7]
https://qawebid2.gs.com [200] [GET] [text/html] [qawebid2.gs.com] [Apache] [Apache] [142774129bd8a02cb1475574989b368e]
https://qawww.bmo.gs.com [403] [GET] [text/html] [Access Denied] [AkamaiGHost] [vhost] [c402413db9556d2a0c8f446354c14135]
https://qawww.bmo.gs.com [403] [GET] [text/html] [Access Denied] [AkamaiGHost] [vhost] [d52c79046f0ffdbe999011af750e7bdb]
https://redifx.gs.com [401] [GET] [] [] [Apache] [Apache,Basic] [d41d8cd98f00b204e9800998ecf8427e]
https://redifx.hk.gs.com [401] [GET] [] [] [Apache] [vhost] [Apache,Basic] [d41d8cd98f00b204e9800998ecf8427e]
https://redifx.uk.gs.com [401] [GET] [] [] [Apache] [Apache,Basic] [d41d8cd98f00b204e9800998ecf8427e]
https://reditrader.gs.com [401] [GET] [] [] [Apache] [vhost] [Apache,Basic] [d41d8cd98f00b204e9800998ecf8427e]
https://research.gs.com [403] [GET] [text/html] [Access Denied] [AkamaiGHost] [vhost] [9c1b3abf19cd27a6def9af7d3d0eb0f0]
https://research.gs.com [403] [GET] [text/html] [Access Denied] [AkamaiGHost] [vhost] [e36b38ba6f442ccecf5c9a35aa7dcfc6]
https://research-poc.gs.com [302] [GET] [text/html] [Redirection] [] [vhost] [2c505ec8035871d4f1e3e4ef98088058]
https://research-qa.gs.com [301] [GET] [] [] [AkamaiGHost] [vhost] [d41d8cd98f00b204e9800998ecf8427e]
https://research-qa-upgrade.gs.com [302] [GET] [text/html] [Redirection] [] [vhost] [4727cabcb73e1bc91a380537beb18089]
https://research-test.gs.com [302] [GET] [text/html] [Redirection] [] [vhost] [e46a7a9a58955232534debe1710ccaf6]
https://research-test-qa.gs.com [302] [GET] [text/html] [Redirection] [] [vhost] [01f3b24fab25be4b8f464cd6cf66a2e3]
https://research-upgrade.gs.com [302] [GET] [text/html] [Redirection] [] [vhost] [2a2d84a07a2abe5ca206800748a318dd]
https://sdr.uk.enotifications.gs.com [404] [GET] [text/html] [] [nginx] [vhost] [Nginx] [cf05dfbd6c8069a7f1eeee606ecb1479]
https://securemail2.gs.com [403] [GET] [text/html] [] [] [12ad6874f2d36eb26a91812772d78654]
https://securemail.gs.com [403] [GET] [text/html] [] [] [12ad6874f2d36eb26a91812772d78654]
https://securities.mobile.gs.com [404] [GET] [text/html] [] [] [b9d1d8bb90a18fd9a3768b1ccc60ff42]
https://seft.gs.com [200] [GET] [text/html] [SFX - Secure File Xchange] [] [AngularJS,Bootstrap,Java] [f7084c03c9789fb2ef9802768aff553e]
https://select.gs.com [403] [GET] [text/html] [Access Denied] [AkamaiGHost] [vhost] [913d224a5826746f1dc70656a374473a]
https://select.gs.com [403] [GET] [text/html] [Access Denied] [AkamaiGHost] [vhost] [ffead58922f87b0103b84473d5350d49]
https://select-staging.gs.com [302] [GET] [text/html] [302 Found] [webserver] [vhost] [cfbeaf604823f038b8b46f0ac862b98c]
https://service.jabber.gs.com:8443 [400] [GET] [text/html] [Bad Request] [CE_E] [dd1cb5f50e8fe10c7dafc6df7b0c97cd]
https://sftqa.txb.gs.com:10443 [405] [GET] [text/plain] [] [Axway SecureTransport AS2] [e8c2e2c948d26263a977c1743e71efc6]
https://sfx.gs.com [200] [GET] [text/html] [SFX - Secure File Xchange] [] [AngularJS,Bootstrap,Java] [f7084c03c9789fb2ef9802768aff553e]
https://sfxqa.gs.com [200] [GET] [text/html] [SFX - Secure File Xchange] [] [AngularJS,Bootstrap,Java] [f7084c03c9789fb2ef9802768aff553e]
https://sgadcexp01edge01.jabber.gs.com:8443 [400] [GET] [text/html] [Bad Request] [CE_E] [dd1cb5f50e8fe10c7dafc6df7b0c97cd]
https://sitselect.gs.com [403] [GET] [text/html] [Access Denied] [AkamaiGHost] [vhost] [0da9331dc504dd743e84915b8aa2909e]
https://sitselect.gs.com [403] [GET] [text/html] [Access Denied] [AkamaiGHost] [vhost] [e8f9c4aa6c39c05a92fe053f6be6beac]
https://skylab.gs.com [200] [GET] [text/html] [] [AmazonS3] [vhost] [cloudfront] [Amazon Cloudfront,Amazon S3,Amazon Web Services] [1733848b016fecca4d44dd8592cc8fdc]
https://socialcontent.gs.com [403] [GET] [text/html] [Goldman Sachs - Document Not Found] [Webserver] [vhost] [33ee21ff515ca8c5235468ae0e8ed205]
https://sparkgate-prod.gs.com [404] [GET] [text/html] [] [] [b9d1d8bb90a18fd9a3768b1ccc60ff42]
https://sparkgate-prod-hkg.gs.com [302] [GET] [application/json] [] [] [vhost] [c9a0aaacd58e01cca6333619b3793984]
https://sparkgate-prod-ldn.gs.com [302] [GET] [application/json] [] [] [vhost] [a75fb6eb26cc26a49f9145c1bcce7f47]
https://sparkgate-qa.gs.com [404] [GET] [text/html] [] [] [b9d1d8bb90a18fd9a3768b1ccc60ff42]
https://stablevalue.gs.com [403] [GET] [text/html] [Access Denied] [AkamaiGHost] [vhost] [4031a1ef7d34eaed864e32a9090ba5f0]
https://stablevalue.gs.com [403] [GET] [text/html] [Access Denied] [AkamaiGHost] [vhost] [a6fe5cc5290246eaacb2d69fa5d00c57]
https://staging.sitselect.gs.com [302] [GET] [] [] [webserver] [vhost] [d41d8cd98f00b204e9800998ecf8427e]
https://start.gs.com [401] [GET] [text/html] [401 Unauthorized] [Apache] [vhost] [Apache] [118a489422be0c5ca0cecf3bb7903c7e]
https://start-uat.gs.com [401] [GET] [text/html] [401 Unauthorized] [Apache] [vhost] [Apache,Basic] [118a489422be0c5ca0cecf3bb7903c7e]
https://status.developer.gs.com [200] [GET] [text/html] [Goldman Sachs Developer Status] [] [vhost] [Atlassian Statuspage,Fastly] [1a5735e7adea5bd86d05a61f1d02049a]
https://suntrust.gs.com [403] [GET] [text/html] [Access Denied] [AkamaiGHost] [vhost] [32d0532f854bd32575ebf22179b27dcb]
https://suntrust.gs.com [403] [GET] [text/html] [Access Denied] [AkamaiGHost] [vhost] [52a39fd13ff9aabb0f82c78ef513ce20]
https://swiss1.gw-login.gs.com [302] [GET] [text/html] [] [Login.GS] [Microsoft ASP.NET] [8cb42e7a965a9d36983d4c4f4e9d64ea]
https://swiss1-login.gs.com [403] [GET] [text/html] [Access Denied] [AkamaiGHost] [vhost] [4c36733ab8272ae47b2037cf28a593d0]
https://swiss1-login.gs.com [403] [GET] [text/html] [Access Denied] [AkamaiGHost] [vhost] [bfbc1628edec72a8ec23a7e4ad6fe5eb]
https://swiss2.gw-login.gs.com [302] [GET] [text/html] [] [Login.GS] [Microsoft ASP.NET] [8cb42e7a965a9d36983d4c4f4e9d64ea]
https://swiss2-login.gs.com [403] [GET] [text/html] [Access Denied] [AkamaiGHost] [vhost] [501d7e6da03ad7031947fe73fc0d6dd9]
https://swiss2-login.gs.com [403] [GET] [text/html] [Access Denied] [AkamaiGHost] [vhost] [937cf2bf7ffbb39c48976afd95b89c2d]
https://swiss.gw-login.gs.com [302] [GET] [text/html] [] [Login.GS] [Microsoft ASP.NET] [8cb42e7a965a9d36983d4c4f4e9d64ea]
https://swiss-login.gs.com [403] [GET] [text/html] [Access Denied] [AkamaiGHost] [vhost] [130b8a00cf01801daf978202476c8275]
https://swiss-login.gs.com [403] [GET] [text/html] [Access Denied] [AkamaiGHost] [vhost] [29e22aa9a0aba6887d610ef1856803a4]
https://test.accounts.gs.com [200] [GET] [text/html] [Goldman - Sign In] [nginx] [vhost] [Java,Nginx] [788fd4dbc8913f32273acfdd3ca0330e]
https://tracking.gs.com [200] [GET] [text/html] [IIS Windows Server] [Apache] [vhost] [Apache] [242c23ea412530c7d94b77a7a978c176]
https://track.uk.enotifications.gs.com [404] [GET] [text/html] [] [nginx] [Nginx] [cf05dfbd6c8069a7f1eeee606ecb1479]
https://truist.gs.com [403] [GET] [text/html] [Access Denied] [AkamaiGHost] [vhost] [394879ae6f9b5e9b19c256014756da6e]
https://truist.gs.com [403] [GET] [text/html] [Access Denied] [AkamaiGHost] [vhost] [bf63f37b78076df6f1c2e18d009bb292]
https://truist-mfa.liquidity.gs.com [401] [GET] [text/html] [Truist Money Market Fund Portal] [GS] [vhost] [6e3e28141d6b4f825c10946b8080b815]
https://truist-mfa.uat.liquidity.gs.com [401] [GET] [text/html] [Truist Money Market Fund Portal] [GS] [vhost] [6e3e28141d6b4f825c10946b8080b815]
https://txbdev.gs.com [403] [GET] [text/html] [ERROR: The request could not be satisfied] [CloudFront] [cloudfront] [Amazon Cloudfront,Amazon Web Services] [4e14f21d1799eeeb066c7a40c36f1b94]
https://txbdev.gs.com [403] [GET] [text/html] [ERROR: The request could not be satisfied] [CloudFront] [cloudfront] [Amazon Cloudfront,Amazon Web Services] [f80cf84b159a6ec57228273cbdfab433]
https://txb.gs.com [200] [GET] [text/html] [Goldman Sachs Transaction Banking] [CloudFront] [vhost] [cloudfront] [Amazon Cloudfront,Amazon Web Services,Fourthwall:cx-5.11.0] [077c1393507edc20441cf729cceb3685]
https://txbqa.gs.com [403] [GET] [text/html] [ERROR: The request could not be satisfied] [CloudFront] [cloudfront] [Amazon Cloudfront,Amazon Web Services] [bc0b0fc9ce37af1693acd603358522fe]
https://txbqa.gs.com [403] [GET] [text/html] [ERROR: The request could not be satisfied] [CloudFront] [cloudfront] [Amazon Cloudfront,Amazon Web Services] [f402d0fa7678dd6254a69f4a059cef16]
https://txbsit.gs.com [403] [GET] [text/html] [ERROR: The request could not be satisfied] [CloudFront] [cloudfront] [Amazon Cloudfront,Amazon Web Services] [6437c8152fa7113e2523f6b7ff3d67ae]
https://txbsit.gs.com [403] [GET] [text/html] [ERROR: The request could not be satisfied] [CloudFront] [cloudfront] [Amazon Cloudfront,Amazon Web Services] [9ca6e9469562c0c3179b8be69853ff94]
https://uat.confluence.devcollab.gs.com [403] [GET] [text/html] [ERROR: The request could not be satisfied] [CloudFront] [cloudfront] [Amazon Cloudfront,Amazon Web Services] [94096f35f88f8eae06a9922ea6ba8b90]
https://uat.confluence.devcollab.gs.com [403] [GET] [text/html] [ERROR: The request could not be satisfied] [CloudFront] [cloudfront] [Amazon Cloudfront,Amazon Web Services] [d26ade0c555b1c84bda986088f472f96]
https://uat.jira2.devcollab.gs.com [403] [GET] [text/html] [ERROR: The request could not be satisfied] [CloudFront] [cloudfront] [Amazon Cloudfront,Amazon Web Services] [38bbfd3d07276d58b497bc2045aab50d]
https://uat.jira2.devcollab.gs.com [403] [GET] [text/html] [ERROR: The request could not be satisfied] [CloudFront] [cloudfront] [Amazon Cloudfront,Amazon Web Services] [dfc4df8020fa67fb9618d43d7b489e17]
https://uat.jira3.devcollab.gs.com [403] [GET] [text/html] [ERROR: The request could not be satisfied] [CloudFront] [cloudfront] [Amazon Cloudfront,Amazon Web Services] [69d5371f30c549f4f6778c0c62dbec29]
https://uat.jira3.devcollab.gs.com [403] [GET] [text/html] [ERROR: The request could not be satisfied] [CloudFront] [cloudfront] [Amazon Cloudfront,Amazon Web Services] [97c121eb3de94167201c41e35f4f1b51]
https://uat.jira.devcollab.gs.com [403] [GET] [text/html] [ERROR: The request could not be satisfied] [CloudFront] [cloudfront] [Amazon Cloudfront,Amazon Web Services] [40928a9383d739f8110d48f5de123a74]
https://uat.jira.devcollab.gs.com [403] [GET] [text/html] [ERROR: The request could not be satisfied] [CloudFront] [cloudfront] [Amazon Cloudfront,Amazon Web Services] [462af9017ac1becc0bd6d176801cd907]
https://uat.marcus.jira.devcollab.gs.com [403] [GET] [text/html] [ERROR: The request could not be satisfied] [CloudFront] [cloudfront] [Amazon Cloudfront,Amazon Web Services] [4afb5a7988c8774b7ff358e0dfb268ff]
https://uat.marcus.jira.devcollab.gs.com [403] [GET] [text/html] [ERROR: The request could not be satisfied] [CloudFront] [cloudfront] [Amazon Cloudfront,Amazon Web Services] [f4eb7b2df1c8f8d149c7243567c6e890]
https://uat.relda.devdesk.gs.com [502] [GET] [text/html] [ERROR: The request could not be satisfied] [CloudFront] [vhost] [cloudfront] [Amazon Cloudfront,Amazon Web Services] [088eb6375e856253af88c9e29dc80628]
https://uat.relda.devdesk.gs.com [502] [GET] [text/html] [ERROR: The request could not be satisfied] [CloudFront] [vhost] [cloudfront] [Amazon Cloudfront,Amazon Web Services] [12be362595311ff128d0b7d05f0e6034]
https://uat.zoom.workplace.gs.com [403] [GET] [text/html] [ERROR: The request could not be satisfied] [CloudFront] [cloudfront] [Amazon Cloudfront,Amazon Web Services] [a18a429db0372f8cb7cf4e924b37c407]
https://uat.zoom.workplace.gs.com [403] [GET] [text/html] [ERROR: The request could not be satisfied] [CloudFront] [cloudfront] [Amazon Cloudfront,Amazon Web Services] [f289de62dbf6a3d93900017b014cf54e]
https://valueaccelerator.gs.com [302] [GET] [text/html] [302 Found] [Apache] [vhost] [Apache] [74a85ec254ab1058883a2ea6a16430a7]
https://v.gs.com [400] [GET] [text/html] [] [Apache] [Apache] [825644f747baab2c00e420dbbc39e4b3]
https://visr.gs.com [302] [GET] [text/html] [302 Found] [] [vhost] [f366e0e18b589cb6f243bf43ce75e83c]
https://visruat.gs.com [302] [GET] [text/html] [302 Found] [] [vhost] [f366e0e18b589cb6f243bf43ce75e83c]
https://vitfunds.gs.com [301] [GET] [text/html] [301 Moved Permanently] [Apache] [Apache] [82a405a418e2ca9866a603a5c03aaf40]
https://warrants.gs.com [301] [GET] [] [] [AkamaiGHost] [vhost] [d41d8cd98f00b204e9800998ecf8427e]
https://web-global.marquee.gs.com [302] [GET] [] [] [webserver] [vhost] [d41d8cd98f00b204e9800998ecf8427e]
https://web-global.marquee-qa.gs.com [302] [GET] [] [] [webserver] [vhost] [d41d8cd98f00b204e9800998ecf8427e]
https://webid2.gs.com [200] [GET] [text/html] [webid2.gs.com] [Apache] [Apache] [de5a4d5513e4a6816dcc076d8e7a9d96]
https://webid.gs.com [200] [GET] [text/html] [webid2.gs.com] [Apache] [Apache] [de5a4d5513e4a6816dcc076d8e7a9d96]
https://www2.gs.com [301] [GET] [] [] [AkamaiGHost] [vhost] [d41d8cd98f00b204e9800998ecf8427e]
https://www.beta.dsp.gs.com [403] [GET] [text/html] [Access Denied] [AkamaiGHost] [vhost] [c62fbac9475b4625c4be16b2ce8abf21]
https://www.beta.dsp.gs.com [403] [GET] [text/html] [Access Denied] [AkamaiGHost] [vhost] [cd751f38a2e2a8bd189e820a6bb937a5]
https://www.beta.global-liquidity.gs.com [403] [GET] [text/html] [Access Denied] [AkamaiGHost] [vhost] [31c7605dd818e714edd4a66d2b07ba9d]
https://www.beta.global-liquidity.gs.com [403] [GET] [text/html] [Access Denied] [AkamaiGHost] [vhost] [47ecaf43fdef115ff11d2d4806a4b4f2]
https://www.beta.qaglobal-liquidity.gs.com [403] [GET] [text/html] [Access Denied] [AkamaiGHost] [vhost] [468d0bef0438131e1e04ba1adf2a3e52]
https://www.beta.qaglobal-liquidity.gs.com [403] [GET] [text/html] [Access Denied] [AkamaiGHost] [vhost] [5454b2bd49fe4c5c13a62a13db20a990]
https://www.beta.uat.dsp.gs.com [302] [GET] [text/html] [302 Found] [Apache] [vhost] [Apache] [50b8e4fcde4b2a359fb7d3a6289a6023]
https://www.blackinbusiness.gs.com [200] [GET] [text/html] [One Million Black Women: Black in Business] [Apache/2.4.41 (Ubuntu)] [vhost] [Apache:2.4.41,Flywheel,MySQL,PHP,Ubuntu,WordPress:6.0.1,Yoast SEO:18.2] [b3f504eaaf69512507cfd074496be9c0]
https://www.bmo.gs.com [403] [GET] [text/html] [Access Denied] [AkamaiGHost] [vhost] [2f89070580fe7616b308aeae9b53fbd9]
https://www.bmo.gs.com [403] [GET] [text/html] [Access Denied] [AkamaiGHost] [vhost] [78f3de2daf6f75788dd2839870a600c2]
https://www.derivativesuniversity.gs.com [301] [GET] [text/html] [301 Moved Permanently] [Apache] [Apache] [82a405a418e2ca9866a603a5c03aaf40]
https://www.developer.gs.com [301] [GET] [] [] [AkamaiGHost] [vhost] [d41d8cd98f00b204e9800998ecf8427e]
https://www.dsp.gs.com [302] [GET] [text/html] [302 Found] [Apache] [vhost] [Apache] [03744af580ae4d25f701c7702dac6465]
https://www.fx.gs.com [401] [GET] [] [] [Apache] [Apache,Basic] [d41d8cd98f00b204e9800998ecf8427e]
https://www.global-liquidity.gs.com [302] [GET] [text/html] [] [] [1128005ae5c9b57625a8ea627eb8de33]
https://www.growth.gs.com [302] [GET] [text/html] [302 Found] [Apache] [vhost] [Apache] [2e582b6eee45c97784b53fa3a10d0aa8]
https://www.gsamccs.gs.com [301] [GET] [text/html] [301 Moved Permanently] [Apache] [Apache] [82a405a418e2ca9866a603a5c03aaf40]
https://www.gsamldi.gs.com [301] [GET] [text/html] [301 Moved Permanently] [Apache] [Apache] [82a405a418e2ca9866a603a5c03aaf40]
https://www.gs.com [301] [GET] [] [] [AkamaiGHost] [vhost] [d41d8cd98f00b204e9800998ecf8427e]
https://www.gs-mosaic.gs.com [403] [GET] [text/html] [Access Denied] [AkamaiGHost] [vhost] [0bd9f41676e5df6a4e0c497bd79bd838]
https://www.gsmosaic.gs.com [403] [GET] [text/html] [Access Denied] [AkamaiGHost] [vhost] [b4b66f2c27dcb20e21038baf8ef2d419]
https://www.gsmosaic.gs.com [403] [GET] [text/html] [Access Denied] [AkamaiGHost] [vhost] [b56b2afc9ab59c104903a4991e07957c]
https://www.gs-mosaic.gs.com [403] [GET] [text/html] [Access Denied] [AkamaiGHost] [vhost] [bcfddcc4d74f2b2e57c65dcc05f94811]
https://www.gs-mosaic.qa.gs.com [403] [GET] [text/html] [Access Denied] [AkamaiGHost] [vhost] [4265d3888ea6b00a683a168e945acd62]
https://www.gsmosaic.qa.gs.com [403] [GET] [text/html] [Access Denied] [AkamaiGHost] [vhost] [4cbbe516ecc4cbdb1dfda78bbc9af7c6]
https://www.gsmosaic.qa.gs.com [403] [GET] [text/html] [Access Denied] [AkamaiGHost] [vhost] [68d2c5b5d3ed40c0b840f99c2162225a]
https://www.gs-mosaic.qa.gs.com [403] [GET] [text/html] [Access Denied] [AkamaiGHost] [vhost] [d266c69d1b0e621713b7f7568c3ec428]
https://www.help.gsmosaic.gs.com [301] [GET] [text/html] [] [cloudflare] [vhost] [cloudflare] [Cloudflare,Cloudflare Network Error Logging,Zendesk] [1d7cfb282800d8b4802fe29ddf722a71]
https://www.help.gs-mosaic.qa.gs.com [403] [GET] [text/html] [403 Forbidden] [cloudflare] [cloudflare] [Cloudflare] [0127426bf3ba07ff7211399ddf5186c4]
https://www.help.gsmosaic.qa.gs.com [403] [GET] [text/html] [403 Forbidden] [cloudflare] [cloudflare] [Cloudflare] [0127426bf3ba07ff7211399ddf5186c4]
https://www.help.gs-mosaic.qa.gs.com:8443 [403] [GET] [text/html] [403 Forbidden] [cloudflare] [cloudflare] [Cloudflare] [0127426bf3ba07ff7211399ddf5186c4]
https://www.help.gsmosaic.qa.gs.com:8443 [403] [GET] [text/html] [403 Forbidden] [cloudflare] [cloudflare] [Cloudflare] [c371fa8374a06a3c0535fc341d454236]
https://www.ias.gs.com [301] [GET] [text/html] [301 Moved Permanently] [Apache] [Apache] [82a405a418e2ca9866a603a5c03aaf40]
https://www.institutionaladvisoryservices.gs.com [301] [GET] [text/html] [301 Moved Permanently] [Apache] [Apache] [82a405a418e2ca9866a603a5c03aaf40]
https://www.marquee.gs.com [301] [GET] [] [] [AkamaiGHost] [vhost] [d41d8cd98f00b204e9800998ecf8427e]
https://www.pilot.dsp.gs.com [403] [GET] [text/html] [Access Denied] [AkamaiGHost] [vhost] [73115952fe6761f2ff74565288408f18]
https://www.pilot.dsp.gs.com [403] [GET] [text/html] [Access Denied] [AkamaiGHost] [vhost] [98c1f9c2243457edfc0d33a4acce7e6e]
https://www.pilot.global-liquidity.gs.com [403] [GET] [text/html] [Access Denied] [AkamaiGHost] [vhost] [981394da6b1f581601a3cc96098a914f]
https://www.pilot.global-liquidity.gs.com [403] [GET] [text/html] [Access Denied] [AkamaiGHost] [vhost] [ee29e2c5992afd021a30fdae63210dd4]
https://www.pilot.qaglobal-liquidity.gs.com [403] [GET] [text/html] [Access Denied] [AkamaiGHost] [vhost] [7ad6f035e07338efea5ff733d6d9a75a]
https://www.pilot.qaglobal-liquidity.gs.com [403] [GET] [text/html] [Access Denied] [AkamaiGHost] [vhost] [9c3087107108e9684ec9422e0af7787a]
https://www.pilot.uat.dsp.gs.com [404] [GET] [text/html] [Error Page] [Apache] [vhost] [Apache,Java] [6e5d885dfa79b24f8644d02954a87097]
https://www.portal.gs.com [403] [GET] [text/html] [Access Denied] [AkamaiGHost] [vhost] [1b07a9392de112c728680312bb77fdac]
https://www.portal.gs.com [403] [GET] [text/html] [Access Denied] [AkamaiGHost] [vhost] [7e79c076b40eec7f58511efa239b0917]
https://www.portfolio.gs.com [403] [GET] [text/html] [Access Denied] [AkamaiGHost] [vhost] [400f9ffaa53ef7667f32a9ad282c23f2]
https://www.portfolio.gs.com [403] [GET] [text/html] [Access Denied] [AkamaiGHost] [vhost] [434afb5071cbab994f0dc2ed40268148]
https://www.qa.developer.gs.com [301] [GET] [] [] [AkamaiGHost] [vhost] [d41d8cd98f00b204e9800998ecf8427e]
https://www.qaglobal-liquidity.gs.com [403] [GET] [text/html] [Access Denied] [AkamaiGHost] [vhost] [05e76aee844c723f7a67d65ac870326e]
https://www.qaglobal-liquidity.gs.com [403] [GET] [text/html] [Access Denied] [AkamaiGHost] [vhost] [84b76415e33828879b21322e3247b130]
https://www.qa.growth.gs.com [403] [GET] [text/html] [Access Denied] [AkamaiGHost] [vhost] [25ea492462fb8af881591dde7ff7ee02]
https://www.qa.growth.gs.com [403] [GET] [text/html] [Access Denied] [AkamaiGHost] [vhost] [3337e3117ee7e14907bcc335144855f6]
https://wwwqa.gs.com [301] [GET] [] [] [AkamaiGHost] [vhost] [d41d8cd98f00b204e9800998ecf8427e]
https://www.qalogin.gs.com [403] [GET] [text/html] [Access Denied] [AkamaiGHost] [vhost] [0446e4df21ccd0fa9f7c346b08223b0e]
https://www.qalogin.gs.com [403] [GET] [text/html] [Access Denied] [AkamaiGHost] [vhost] [f4218230d1678a5c4072859be8f0f769]
https://wwwqa.redir.web.gs.com [403] [GET] [text/html] [Access Denied] [AkamaiGHost] [vhost] [1af7e5105aeb0aa677ce9d98cff5e228]
https://wwwqa.redir.web.gs.com [403] [GET] [text/html] [Access Denied] [AkamaiGHost] [vhost] [820866ff4942023a664b008f7eacabf3]
https://www.qa.valueaccelerator.gs.com [302] [GET] [text/html] [302 Found] [Apache] [vhost] [Apache] [d032156fea99fb1d9105a5c26be5b65b]
https://www.valueaccelerator.gs.com [302] [GET] [text/html] [302 Found] [Apache] [vhost] [Apache] [e43073eefb1b80f1e974671ef9fb9a7e]
http://txbqa2.gs.com [403] [GET] [text/html] [ERROR: The request could not be satisfied] [CloudFront] [cloudfront] [Amazon Cloudfront,Amazon Web Services] [ae57bd7f914c63766b72147ac16591b1]
http://www.360.gs.com [302] [GET] [text/html] [] [] [be280b32c881b07334b8b9df1d2c73d3]
http://www.help.gsmosaic.gs.com:2083 [400] [GET] [text/html] [400 The plain HTTP request was sent to HTTPS port] [cloudflare] [cloudflare] [Cloudflare] [cd58783500d7fa3c58f88eb0ba22f4f8]
http://www.help.gsmosaic.gs.com:2087 [400] [GET] [text/html] [400 The plain HTTP request was sent to HTTPS port] [cloudflare] [cloudflare] [Cloudflare] [20ad84d030031252141ca0b3fc0183f0]
http://www.help.gsmosaic.gs.com:8443 [400] [GET] [text/html] [400 The plain HTTP request was sent to HTTPS port] [cloudflare] [cloudflare] [Cloudflare] [20ad84d030031252141ca0b3fc0183f0]
http://wwwqa.gsamldi.gs.com [301] [GET] [text/html] [] [] [vhost] [81051bcc2cf1bedf378224b0a93e2877]
http://wwwqa.ias.gs.com [301] [GET] [text/html] [] [] [vhost] [81051bcc2cf1bedf378224b0a93e2877]
http://wwwqa.institutionaladvisoryservices.gs.com [301] [GET] [text/html] [] [] [vhost] [81051bcc2cf1bedf378224b0a93e2877]
