http://gsselect.com [301] [GET] [text/html] [] [] [vhost] [81051bcc2cf1bedf378224b0a93e2877]
https://ampf.apply.gsselect.com [403] [GET] [text/html] [Access Denied] [AkamaiGHost] [00957caa0edaf1fb89afc8b7f2c2a330]
https://ampf.apply.gsselect.com [403] [GET] [text/html] [Access Denied] [AkamaiGHost] [91bc842f7cade3ccfaf5f26baa82a927]
https://ampf.apply.pp.gsselect.com [403] [GET] [text/html] [Access Denied] [AkamaiGHost] [b1c4a8a2cc3b2a92e538b328ea9eff14]
https://ampf.apply.pp.gsselect.com [403] [GET] [text/html] [Access Denied] [AkamaiGHost] [f52a6697ab9218396fb08a29b06e5967]
https://ampf.apply.sit.gsselect.com [403] [GET] [text/html] [Access Denied] [AkamaiGHost] [5ab4b5823ab58ff732b04447d1d375e5]
https://ampf.apply.sit.gsselect.com [403] [GET] [text/html] [Access Denied] [AkamaiGHost] [8725a52b5b7e17509bd09a798d7817ca]
https://ampf.gsselect.com [403] [GET] [text/html] [Access Denied] [AkamaiGHost] [9df589684e5c59fed36da7b2a4080765]
https://ampf.gsselect.com [403] [GET] [text/html] [Access Denied] [AkamaiGHost] [c7bb321449e814e05c8e89ffd993cabb]
https://ampf.pp.gsselect.com [403] [GET] [text/html] [Access Denied] [AkamaiGHost] [1876465ef77ff07fe6944ac0304b6c89]
https://ampf.pp.gsselect.com [403] [GET] [text/html] [Access Denied] [AkamaiGHost] [96bab6bb9b982afb6fa659151a33a50f]
https://ampf.sit.gsselect.com [403] [GET] [text/html] [Access Denied] [AkamaiGHost] [29ad38b0aae98364b3028048adbaba49]
https://ampf.sit.gsselect.com [403] [GET] [text/html] [Access Denied] [AkamaiGHost] [b03be75da238996c8f88a9419d5b1d95]
https://apply.gsselect.com [403] [GET] [text/html] [Access Denied] [AkamaiGHost] [4930475e84e71ebc964f49cd3808685a]
https://apply.gsselect.com [403] [GET] [text/html] [Access Denied] [AkamaiGHost] [5ed678d94c53d4ef26ad5ed19797f477]
https://apply.pp.gsselect.com [403] [GET] [text/html] [Access Denied] [AkamaiGHost] [2f37445908714708f74139c5698b90eb]
https://apply.pp.gsselect.com [403] [GET] [text/html] [Access Denied] [AkamaiGHost] [b9396214e895bb32d4a7e5085961230a]
https://apply.sit.gsselect.com [403] [GET] [text/html] [Access Denied] [AkamaiGHost] [480b8b187cc05744b2ca36095fb4b073]
https://apply.sit.gsselect.com [403] [GET] [text/html] [Access Denied] [AkamaiGHost] [6ace4eab2e26eb3eff06aedf7dceb228]
https://login.mfa.gsselect.com [401] [GET] [text/html] [GS - Error] [GS] [vhost] [301b3f9b803ef279c9dc3cc9c0b258e7]
https://login.qa.mfa.gsselect.com [401] [GET] [text/html] [GS - Error] [GS] [vhost] [979425169ce1a49b049ae0ba30580f8b]
https://pp.gsselect.com [403] [GET] [text/html] [Access Denied] [AkamaiGHost] [456d934daaadea2a8deb1ec6b48730a8]
https://pp.gsselect.com [403] [GET] [text/html] [Access Denied] [AkamaiGHost] [bdd17c022b8a7eff2fb2415289e0ca87]
https://qa-welcome.gsselect.com [302] [GET] [text/html] [302 Found] [Apache] [vhost] [Apache] [a98fc201ad70cea0d983b4c3bc76de70]
https://sit.gsselect.com [301] [GET] [text/html] [301 Moved Permanently] [Apache] [vhost] [Apache] [5a968a16c07f05e46c724851ae93dc43]
https://uat.gsselect.com [200] [GET] [text/html] [Browser Not Supported] [Apache] [vhost] [Apache] [54aa17be4bea7fc02d5afca7d998f4f0]
https://uat.gsselect.com [301] [GET] [text/html] [301 Moved Permanently] [Apache] [vhost] [Apache] [3161ce62307617a2c292c98618fe47ed]
https://v.gsselect.com [400] [GET] [text/html] [] [Apache] [Apache] [825644f747baab2c00e420dbbc39e4b3]
https://welcome.gsselect.com [302] [GET] [text/html] [302 Found] [Apache] [vhost] [Apache] [e6f80f4566d96d4f989775e94bdabd26]
https://www.gsselect.com [403] [GET] [text/html] [Access Denied] [AkamaiGHost] [5866fe11112f907659cc89eb3b05b5ea]
https://www.gsselect.com [403] [GET] [text/html] [Access Denied] [AkamaiGHost] [7807ba7e9192df937bd4ee63f34b8689]
https://www.qa-welcome.gsselect.com [403] [GET] [text/html] [Access Denied] [AkamaiGHost] [ff59b9cc0c6a72ea05becbd6ffb86c36]
https://www.stage.gsselect.com [403] [GET] [text/html] [Access Denied] [AkamaiGHost] [898003d00b628e390228609978a5aec5]
https://www.stage.gsselect.com [403] [GET] [text/html] [Access Denied] [AkamaiGHost] [f3cd80457cb8c36a7b76009695f9b5e4]
https://www.welcome.gsselect.com [302] [GET] [text/html] [302 Found] [Apache] [vhost] [Apache] [6ba981e8ef3498db89ca6ebddba91694]
