http://forum.hakka.finance:2053 [400] [GET] [text/html] [400 The plain HTTP request was sent to HTTPS port] [cloudflare] [cloudflare] [Cloudflare] [cd58783500d7fa3c58f88eb0ba22f4f8]
http://forum.hakka.finance:2082 [301] [GET] [] [] [cloudflare] [vhost] [cloudflare] [Cloudflare,Cloudflare Network Error Logging] [d41d8cd98f00b204e9800998ecf8427e]
http://forum.hakka.finance:2086 [301] [GET] [] [] [cloudflare] [vhost] [cloudflare] [Cloudflare,Cloudflare Network Error Logging] [d41d8cd98f00b204e9800998ecf8427e]
http://forum.hakka.finance:2087 [400] [GET] [text/html] [400 The plain HTTP request was sent to HTTPS port] [cloudflare] [cloudflare] [Cloudflare] [20ad84d030031252141ca0b3fc0183f0]
http://forum.hakka.finance:8080 [301] [GET] [] [] [cloudflare] [vhost] [cloudflare] [Cloudflare,Cloudflare Network Error Logging] [d41d8cd98f00b204e9800998ecf8427e]
http://forum.hakka.finance:8443 [400] [GET] [text/html] [400 The plain HTTP request was sent to HTTPS port] [cloudflare] [cloudflare] [Cloudflare] [20ad84d030031252141ca0b3fc0183f0]
http://forum.hakka.finance:8880 [301] [GET] [] [] [cloudflare] [vhost] [cloudflare] [Cloudflare,Cloudflare Network Error Logging] [d41d8cd98f00b204e9800998ecf8427e]
http://hakka.finance:2053 [400] [GET] [text/html] [400 The plain HTTP request was sent to HTTPS port] [cloudflare] [cloudflare] [Cloudflare] [cd58783500d7fa3c58f88eb0ba22f4f8]
http://hakka.finance:2082 [301] [GET] [] [] [cloudflare] [vhost] [cloudflare] [Cloudflare,Cloudflare Network Error Logging] [d41d8cd98f00b204e9800998ecf8427e]
http://hakka.finance:2086 [301] [GET] [] [] [cloudflare] [vhost] [cloudflare] [Cloudflare,Cloudflare Network Error Logging] [d41d8cd98f00b204e9800998ecf8427e]
http://hakka.finance:2087 [400] [GET] [text/html] [400 The plain HTTP request was sent to HTTPS port] [cloudflare] [cloudflare] [Cloudflare] [20ad84d030031252141ca0b3fc0183f0]
http://hakka.finance:8080 [301] [GET] [] [] [cloudflare] [vhost] [cloudflare] [Cloudflare,Cloudflare Network Error Logging] [d41d8cd98f00b204e9800998ecf8427e]
http://hakka.finance:8443 [400] [GET] [text/html] [400 The plain HTTP request was sent to HTTPS port] [cloudflare] [cloudflare] [Cloudflare] [cd58783500d7fa3c58f88eb0ba22f4f8]
http://hakka.finance:8880 [301] [GET] [] [] [cloudflare] [vhost] [cloudflare] [Cloudflare,Cloudflare Network Error Logging] [d41d8cd98f00b204e9800998ecf8427e]
http://harvesters.hakka.finance:2053 [400] [GET] [text/html] [400 The plain HTTP request was sent to HTTPS port] [cloudflare] [cloudflare] [Cloudflare] [20ad84d030031252141ca0b3fc0183f0]
http://harvesters.hakka.finance:2082 [301] [GET] [] [] [cloudflare] [vhost] [cloudflare] [Cloudflare,Cloudflare Network Error Logging] [d41d8cd98f00b204e9800998ecf8427e]
http://harvesters.hakka.finance:2086 [301] [GET] [] [] [cloudflare] [vhost] [cloudflare] [Cloudflare,Cloudflare Network Error Logging] [d41d8cd98f00b204e9800998ecf8427e]
http://harvesters.hakka.finance:2087 [400] [GET] [text/html] [400 The plain HTTP request was sent to HTTPS port] [cloudflare] [cloudflare] [Cloudflare] [cd58783500d7fa3c58f88eb0ba22f4f8]
http://harvesters.hakka.finance:8080 [301] [GET] [] [] [cloudflare] [vhost] [cloudflare] [Cloudflare,Cloudflare Network Error Logging] [d41d8cd98f00b204e9800998ecf8427e]
http://harvesters.hakka.finance:8443 [400] [GET] [text/html] [400 The plain HTTP request was sent to HTTPS port] [cloudflare] [cloudflare] [Cloudflare] [cd58783500d7fa3c58f88eb0ba22f4f8]
http://harvesters.hakka.finance:8880 [301] [GET] [] [] [cloudflare] [vhost] [cloudflare] [Cloudflare,Cloudflare Network Error Logging] [d41d8cd98f00b204e9800998ecf8427e]
http://igain.hakka.finance:2053 [400] [GET] [text/html] [400 The plain HTTP request was sent to HTTPS port] [cloudflare] [cloudflare] [Cloudflare] [cd58783500d7fa3c58f88eb0ba22f4f8]
http://igain.hakka.finance:2082 [301] [GET] [] [] [cloudflare] [vhost] [cloudflare] [Cloudflare,Cloudflare Network Error Logging] [d41d8cd98f00b204e9800998ecf8427e]
http://igain.hakka.finance:2086 [301] [GET] [] [] [cloudflare] [vhost] [cloudflare] [Cloudflare,Cloudflare Network Error Logging] [d41d8cd98f00b204e9800998ecf8427e]
http://igain.hakka.finance:2087 [400] [GET] [text/html] [400 The plain HTTP request was sent to HTTPS port] [cloudflare] [cloudflare] [Cloudflare] [cd58783500d7fa3c58f88eb0ba22f4f8]
http://igain.hakka.finance:8080 [301] [GET] [] [] [cloudflare] [vhost] [cloudflare] [Cloudflare,Cloudflare Network Error Logging] [d41d8cd98f00b204e9800998ecf8427e]
http://igain.hakka.finance:8443 [400] [GET] [text/html] [400 The plain HTTP request was sent to HTTPS port] [cloudflare] [cloudflare] [Cloudflare] [cd58783500d7fa3c58f88eb0ba22f4f8]
http://igain.hakka.finance:8880 [301] [GET] [] [] [cloudflare] [vhost] [cloudflare] [Cloudflare,Cloudflare Network Error Logging] [d41d8cd98f00b204e9800998ecf8427e]
http://intelligence.hakka.finance:2082 [301] [GET] [] [] [cloudflare] [vhost] [cloudflare] [Cloudflare,Cloudflare Network Error Logging] [d41d8cd98f00b204e9800998ecf8427e]
http://intelligence.hakka.finance:2086 [301] [GET] [] [] [cloudflare] [vhost] [cloudflare] [Cloudflare,Cloudflare Network Error Logging] [d41d8cd98f00b204e9800998ecf8427e]
http://intelligence.hakka.finance:2087 [400] [GET] [text/html] [400 The plain HTTP request was sent to HTTPS port] [cloudflare] [cloudflare] [Cloudflare] [cd58783500d7fa3c58f88eb0ba22f4f8]
http://intelligence.hakka.finance:2095 [301] [GET] [] [] [cloudflare] [vhost] [cloudflare] [Cloudflare,Cloudflare Network Error Logging] [d41d8cd98f00b204e9800998ecf8427e]
http://intelligence.hakka.finance:8080 [301] [GET] [] [] [cloudflare] [vhost] [cloudflare] [Cloudflare,Cloudflare Network Error Logging] [d41d8cd98f00b204e9800998ecf8427e]
http://intelligence.hakka.finance:8880 [301] [GET] [] [] [cloudflare] [vhost] [cloudflare] [Cloudflare,Cloudflare Network Error Logging] [d41d8cd98f00b204e9800998ecf8427e]
https://api.hakka.finance [200] [GET] [text/html] [] [Google Frontend] [vhost] [Google App Engine,Google Cloud,Google Cloud Trace] [09a6a7e0013a67cd0857e72962779df9]
https://forum.hakka.finance [200] [GET] [text/html] [Hakka Finance] [cloudflare] [vhost] [cloudflare] [Cloudflare,Cloudflare Network Error Logging,Discourse,Ruby on Rails] [cfa28659cc9d28373b3f195add0b685c]
https://forum.hakka.finance [200] [GET] [text/html] [Hakka Finance] [cloudflare] [vhost] [cloudflare] [Cloudflare,Cloudflare Network Error Logging,Discourse,Ruby on Rails] [d1debb409bf2f8c27260737976d701bf]
https://hakka.finance [200] [GET] [text/html] [Hakka Finance] [cloudflare] [vhost] [cloudflare] [Cloudflare,Cloudflare Network Error Logging,Gatsby:3.4.0,Google Tag Manager,Netlify,React,webpack] [6f661d17e9aba4eb5da6512dc23e1ef7]
https://hakka.finance [200] [GET] [text/html] [Hakka Finance] [cloudflare] [vhost] [cloudflare] [Cloudflare,Cloudflare Network Error Logging,Gatsby:3.4.0,Google Tag Manager,Netlify,React,webpack] [8d315d7e367bacc6133d3e6797b3fbd9]
https://harvesters.hakka.finance [200] [GET] [text/html] [Harvesters | HAKKA.FINANCE] [cloudflare] [vhost] [cloudflare] [Cloudflare,Cloudflare Network Error Logging,Netlify,React] [988b5fe2ba53217eb6c3e5e57e7a7d99]
https://igain.hakka.finance [200] [GET] [text/html] [] [cloudflare] [vhost] [cloudflare] [Cloudflare,Cloudflare Network Error Logging,Fastly,GitHub Pages,Varnish] [43c2c140117f52d9eae1b5d24b3ef3b0]
https://intelligence.hakka.finance [200] [GET] [text/html] [HAKKA INTELLIGENCE | HAKKA.FINANCE] [cloudflare] [vhost] [cloudflare] [Cloudflare,Cloudflare Network Error Logging,Google Font API,Netlify,React] [d9acee6079eed7b8e5a2a6ead5dd3acf]
https://tvl.hakka.finance [200] [GET] [text/html] [] [Google Frontend] [vhost] [Express,Google App Engine,Google Cloud,Google Cloud Trace,Node.js] [688f3f0a1383760e36bd657a4a715179]
