http://docs.halodao.com:2082 [302] [GET] [] [] [cloudflare] [vhost] [cloudflare] [Cloudflare] [d41d8cd98f00b204e9800998ecf8427e]
http://docs.halodao.com:2086 [302] [GET] [] [] [cloudflare] [vhost] [cloudflare] [Cloudflare] [d41d8cd98f00b204e9800998ecf8427e]
http://docs.halodao.com:8080 [302] [GET] [] [] [cloudflare] [vhost] [cloudflare] [Cloudflare] [d41d8cd98f00b204e9800998ecf8427e]
http://docs.halodao.com:8880 [302] [GET] [] [] [cloudflare] [vhost] [cloudflare] [Cloudflare] [d41d8cd98f00b204e9800998ecf8427e]
https://alpha.app.halodao.com [200] [GET] [text/html] [HaloDAO Exchange] [] [vhost] [fastly] [Fastly] [8d306cf5c6d00be95475251b8d64ff40]
https://app.halodao.com [200] [GET] [text/html] [HaloDAO] [] [vhost] [fastly] [Fastly] [2f00144bf43e48291ca61ed9496dd050]
https://app.lending.halodao.com [200] [GET] [text/html] [HaloDAO - Lending Market] [] [vhost] [Fastly] [9897122e7a4ee95f835a12dc48f1d747]
https://beta.app.halodao.com [200] [GET] [text/html] [HaloDAO (Beta)] [] [vhost] [fastly] [Fastly] [b49ec3da070c13f2f0027c10e1d19aff]
https://dev.app.halodao.com [200] [GET] [text/html] [HaloDAO] [] [vhost] [fastly] [Fastly] [1e1ae34f8a4189e7774cccb5ea09b8e5]
https://dev.app.lending.halodao.com [200] [GET] [text/html] [HaloDAO - Lending Market] [] [vhost] [Fastly] [25440a0ceabb2420e2f6204693ffb947]
https://dev.beta.app.halodao.com [200] [GET] [text/html] [HaloDAO (Beta)] [] [vhost] [fastly] [Fastly] [c0b4061c24ba8a5b91c81f241981ad34]
https://dev.halodao.com [200] [GET] [text/html] [Home | HaloDAO] [] [vhost] [fastly] [Fastly,Gatsby:2.30.3,Google Font API,React,webpack] [474e222d496b2123bf41541984e5d84e]
https://dev.lending.app.halodao.com [200] [GET] [text/html] [HaloDAO - Lending Market] [] [vhost] [Fastly] [25440a0ceabb2420e2f6204693ffb947]
https://dev.minter.halodao.com [200] [GET] [text/html] [HaloDAO Minter] [] [vhost] [fastly] [Fastly,Google Font API] [7621a3a7a8f7e211adb0112ed82fd290]
https://docs.halodao.com:2053 [302] [GET] [text/plain] [] [cloudflare] [vhost] [cloudflare] [Algolia,Cloudflare,Google Cloud,Google Cloud Trace] [91d26751b54737d04f0107889b1553c9]
https://docs.halodao.com:2083 [302] [GET] [text/plain] [] [cloudflare] [vhost] [cloudflare] [Algolia,Cloudflare,Google Cloud,Google Cloud Trace] [91d26751b54737d04f0107889b1553c9]
https://docs.halodao.com:2087 [302] [GET] [text/plain] [] [cloudflare] [vhost] [cloudflare] [Algolia,Cloudflare,Google Cloud,Google Cloud Trace] [91d26751b54737d04f0107889b1553c9]
https://docs.halodao.com [302] [GET] [text/plain] [] [cloudflare] [vhost] [cloudflare] [Algolia,Cloudflare,Google Cloud,Google Cloud Trace] [91d26751b54737d04f0107889b1553c9]
https://docs.halodao.com:8443 [302] [GET] [text/plain] [] [cloudflare] [vhost] [cloudflare] [Algolia,Cloudflare,Google Cloud,Google Cloud Trace] [91d26751b54737d04f0107889b1553c9]
https://halodao.com [301] [GET] [text/html] [301 Moved Permanently] [openresty] [vhost] [Nginx,OpenResty] [3ea1c8d079b38532a6e01a96216ba5e2]
https://lending.app.halodao.com [200] [GET] [text/html] [HaloDAO - Lending Market] [] [vhost] [Fastly] [9897122e7a4ee95f835a12dc48f1d747]
https://staging.minter.halodao.com [200] [GET] [text/html] [HaloDAO Minter] [] [vhost] [fastly] [Fastly,Google Font API] [f50ce33d8322f0b7f88ec3534c5e4a3c]
https://test.app.halodao.com [200] [GET] [text/html] [HaloDAO] [] [vhost] [fastly] [Fastly] [25929e0c5ebff01a543d36897b32ccb9]
https://www.halodao.com [200] [GET] [text/html] [HaloDAO: Home] [openresty] [Fastly,Nginx,OpenResty,Varnish,Webflow] [e146c1528fc2e5cc389a10dec59fe701]
