https://activate.hitmanpro.com [403] [GET] [text/html] [] [Microsoft-IIS/10.0] [vhost] [azure] [IIS:10.0,Microsoft ASP.NET,Windows Server] [97a729425160429efb6b9ec91f1c7a96]
https://alert.hitmanpro.com [200] [GET] [text/html] [Microsoft Azure Website - Welcome] [Microsoft-IIS/10.0] [vhost] [azure] [Azure,IIS:10.0,Microsoft ASP.NET,Windows Server] [a3d4a9a55233753380b9347e1876eb2c]
https://cloud.hitmanpro.com [403] [GET] [text/html] [403 - Forbidden: Access is denied.] [Microsoft-IIS/8.0] [IIS:8.0,Windows Server] [11ca4578cb026a23713aea6781b8ece3]
https://dev.cms.hitmanpro.com [404] [GET] [text/html] [404 Not Found] [nginx] [vhost] [Nginx,Varnish] [38fd2dd9c9e4df9619e46ab2ac5cf31f]
https://dev.cms.hitmanpro.com [404] [GET] [text/html] [404 Not Found] [nginx] [vhost] [Nginx,Varnish] [c0063c8dbdb61f11af705b24f8728458]
https://ftp.hitmanpro.com [503] [GET] [text/html] [503 Service Temporarily Unavailable] [awselb/2.0] [81df4d3863debf3eceb5cf84251fd472]
https://get.hitmanpro.com [302] [GET] [text/html] [Object moved] [Microsoft-IIS/8.5] [vhost] [IIS:8.5,Microsoft ASP.NET,Windows Server] [b1ec246844c09a8defd26cf3daf4b9a6]
https://hash.hitmanpro.com [404] [GET] [text/html] [] [Microsoft-IIS/10.0] [vhost] [azure] [IIS:10.0,Microsoft ASP.NET:4.0.30319,Windows Server] [96c5637e1eb8f8f8c34172f2d23eafc6]
https://hash.hitmanpro.com [404] [GET] [text/html] [] [Microsoft-IIS/10.0] [vhost] [azure] [IIS:10.0,Microsoft ASP.NET,Windows Server] [96c5637e1eb8f8f8c34172f2d23eafc6]
https://hitmanpro.com [301] [GET] [text/html] [301 Moved Permanently] [awselb/2.0] [vhost] [4aa7a432bb447f094408f1bd6229c605]
https://prod.cms.hitmanpro.com [404] [GET] [text/html] [404 Not Found] [nginx] [vhost] [Nginx,Varnish] [25376338ef02f075220fc03f0c8a636c]
https://prod.cms.hitmanpro.com [404] [GET] [text/html] [404 Not Found] [nginx] [vhost] [Nginx,Varnish] [e58c49597acbdcbf359fa4b93a06ee45]
https://remnants.hitmanpro.com [200] [GET] [text/html] [] [Microsoft-IIS/10.0] [vhost] [azure] [Azure,IIS:10.0,Microsoft ASP.NET,Windows Server] [7590c74cf980f5f147cb0ccb594fa49b]
https://resellers.hitmanpro.com [503] [GET] [text/html] [503 Service Temporarily Unavailable] [awselb/2.0] [613f79233487af685baf4b32a2397ede]
https://scan.hitmanpro.com [200] [GET] [text/html] [Strider 5.0 File Classifier] [Microsoft-IIS/10.0] [vhost] [azure] [Azure,Bootstrap:3.3.7,Handlebars,IIS:10.0,Microsoft ASP.NET,Windows Server] [1b1e32e27c9f5351abab6cef97bb0ee3]
https://stage.cms.hitmanpro.com [403] [GET] [text/html] [Access Denied] [AkamaiGHost] [vhost] [07958e872bee1b32714ede5ad3c0177b]
https://stage.cms.hitmanpro.com [403] [GET] [text/html] [Access Denied] [AkamaiGHost] [vhost] [f711873c71ea3c69c81e529a9b8a5abd]
https://test.hitmanpro.com [404] [GET] [text/html] [Not Found] [Microsoft-HTTPAPI/2.0] [Microsoft HTTPAPI:2.0] [67932d4b695e1d6b19dfc2e3610761ff]
https://tracking.hitmanpro.com [200] [GET] [text/html] [whatcounts.com] [] [6874bd95232e8d2f0bf8affb5be06e60]
https://updates.hitmanpro.com [403] [GET] [text/html] [403 - Forbidden: Access is denied.] [Microsoft-IIS/8.5] [vhost] [IIS:8.5,Microsoft ASP.NET,Windows Server] [11ca4578cb026a23713aea6781b8ece3]
https://www.hitmanpro.com [301] [GET] [text/html] [Redirecting to https://www.hitmanpro.com/en-us] [] [vhost] [Acquia Cloud Classic,Acquia Cloud Platform,Amazon EC2,Amazon Web Services,Drupal,PHP,Percona,Red Hat Gluster] [69bfbe20c1ac455c48a812418839b013]
