https://athena.huffpost.net [302] [GET] [text/html] [] [nginx] [vhost] [Nginx] [1c563ae1fdc70af1612978b7a2b36a9d]
https://athena.huffpost.net [302] [GET] [text/html] [] [nginx] [vhost] [Nginx] [b603822d533502c10969a7fc4cfa67cc]
https://edit.widget.tools.huffpost.net [301] [GET] [text/html] [301 Moved Permanently] [nginx] [vhost] [Nginx] [4f8e702cc244ec5d4de32740c0ecbd97]
https://grafana.huffpost.net [302] [GET] [text/html] [] [nginx] [vhost] [Nginx] [489f91bfc96506d27479e1cff1baa513]
https://grafana.huffpost.net [302] [GET] [text/html] [] [nginx] [vhost] [Nginx] [8e70a6f7d8c70785e67e05d71aa8a3b0]
https://graphite.huffpost.net [302] [GET] [text/html] [] [nginx] [vhost] [Nginx] [555ae9cea2d43fee788f204856d75c8a]
https://graphite.huffpost.net [302] [GET] [text/html] [] [nginx] [vhost] [Nginx] [cd9aa06d0bb3c88f054582e554f8cc1e]
https://huffpost.net [301] [GET] [] [] [lighttpd/1.4.55] [vhost] [cloudfront] [Amazon Cloudfront,Amazon Web Services,lighttpd:1.4.55] [d41d8cd98f00b204e9800998ecf8427e]
https://it-athena.huffpost.net [302] [GET] [text/html] [] [nginx] [vhost] [Nginx] [b89e506a4b062d6483959401fda82c85]
https://it-athena.huffpost.net [302] [GET] [text/html] [] [nginx] [vhost] [Nginx] [c24dabec8faab94e336835899c359a8f]
https://jenkins.huffpost.net [302] [GET] [text/html] [] [nginx] [vhost] [Nginx] [087cb4dcc348fcc84cc35e7684ab4055]
https://jenkins.huffpost.net [302] [GET] [text/html] [] [nginx] [vhost] [Nginx] [797856dcaeb50e167f08c10bec5d8104]
https://modulous.huffpost.net [302] [GET] [text/html] [] [nginx] [vhost] [Nginx] [4b7dbb27ba6a6717a59461380e2bdd83]
https://modulous.huffpost.net [302] [GET] [text/html] [] [nginx] [vhost] [Nginx] [a0968ad1b11a97394ea5fa1be1cf8270]
https://nagios.huffpost.net [302] [GET] [text/html] [] [nginx] [vhost] [Nginx] [2f510aac8502fde32f1162c20d72422c]
https://nagios.huffpost.net [302] [GET] [text/html] [] [nginx] [vhost] [Nginx] [b563e41b39458b6dca93a6445a051b05]
https://production-securedrop.huffpost.net [200] [GET] [text/html] [How To Share Information With HuffPost] [nginx] [Nginx] [40b545d233dde8dd29e2bd09aa35c003]
https://secrets.huffpost.net [301] [GET] [] [] [lighttpd/1.4.55] [vhost] [cloudfront] [Amazon Cloudfront,Amazon Web Services,lighttpd:1.4.55] [d41d8cd98f00b204e9800998ecf8427e]
https://staging-edit.widget.tools.huffpost.net [301] [GET] [text/html] [301 Moved Permanently] [nginx] [vhost] [Nginx] [4f8e702cc244ec5d4de32740c0ecbd97]
https://staging-elections.huffpost.net [404] [GET] [text/html] [404 Not Found] [] [Amazon Web Services] [2eab161f360b1328b84028bf3d55ea2d]
https://staging-securedrop.huffpost.net [200] [GET] [text/html] [How To Share Information With HuffPost] [nginx] [Nginx] [40b545d233dde8dd29e2bd09aa35c003]
https://staging-widget.tools.huffpost.net [200] [GET] [text/html] [Widgets... Widgets, everywhere.] [nginx] [vhost] [Amazon S3,Amazon Web Services,Nginx] [557da682a07e7e175ddc1851cd64ed8a]
https://widget.tools.huffpost.net [200] [GET] [text/html] [Widgets... Widgets, everywhere.] [nginx] [vhost] [Amazon S3,Amazon Web Services,Nginx] [557da682a07e7e175ddc1851cd64ed8a]
https://www.huffpost.net [301] [GET] [] [] [lighttpd/1.4.55] [vhost] [cloudfront] [Amazon Cloudfront,Amazon Web Services,lighttpd:1.4.55] [d41d8cd98f00b204e9800998ecf8427e]
