http://auth.huffpost.com:2086 [301] [GET] [] [] [cloudflare] [vhost] [cloudflare] [Cloudflare] [d41d8cd98f00b204e9800998ecf8427e]
http://auth.huffpost.com:2095 [301] [GET] [] [] [cloudflare] [vhost] [cloudflare] [Cloudflare] [d41d8cd98f00b204e9800998ecf8427e]
http://auth.huffpost.com:8080 [301] [GET] [] [] [cloudflare] [vhost] [cloudflare] [Cloudflare] [d41d8cd98f00b204e9800998ecf8427e]
http://auth.huffpost.com:8880 [301] [GET] [] [] [cloudflare] [vhost] [cloudflare] [Cloudflare] [d41d8cd98f00b204e9800998ecf8427e]
https://amp.assets.huffpost.com [403] [GET] [application/xml] [] [AmazonS3] [vhost] [fastly] [Amazon S3,Amazon Web Services,Fastly,Varnish] [72fc6229588bd4d373ea387e721b07d1]
https://amp.assets.huffpost.com [403] [GET] [application/xml] [] [AmazonS3] [vhost] [fastly] [Amazon S3,Amazon Web Services,Fastly,Varnish] [ed54e1d1007c885ffbbf9a3069b64c8e]
https://api.login.huffpost.com [404] [GET] [] [] [] [vhost] [fastly] [Fastly] [d41d8cd98f00b204e9800998ecf8427e]
https://api-public.huffpost.com [404] [GET] [application/json] [] [nginx] [vhost] [fastly] [Fastly,Nginx,Varnish] [c7e5a7cd68a9a0abcf019555bc6bd41d]
https://auth.huffpost.com:2083 [400] [GET] [text/plain] [] [cloudflare] [vhost] [cloudflare] [Cloudflare] [426975243793dd61c5340e83425bc0e9]
https://auth.huffpost.com:2087 [400] [GET] [text/plain] [] [cloudflare] [vhost] [cloudflare] [Cloudflare] [426975243793dd61c5340e83425bc0e9]
https://auth.huffpost.com [302] [GET] [text/plain] [] [cloudflare] [vhost] [cloudflare] [Cloudflare] [13164ba65fb165d332471ae5b7cad859]
https://auth.huffpost.com:8443 [400] [GET] [text/plain] [] [cloudflare] [vhost] [cloudflare] [Cloudflare] [426975243793dd61c5340e83425bc0e9]
https://auth.stage.huffpost.com [302] [GET] [text/plain] [] [cloudflare] [vhost] [cloudflare] [Cloudflare] [dc113585f1a8585804bc092e3d460f34]
https://cambria.assets.huffpost.com [403] [GET] [application/xml] [] [AmazonS3] [vhost] [fastly] [Amazon S3,Amazon Web Services,Fastly,Varnish] [67eae24993dcc317ed3c78b89bcbe2c8]
https://cambria.assets.huffpost.com [403] [GET] [application/xml] [] [AmazonS3] [vhost] [fastly] [Amazon S3,Amazon Web Services,Fastly,Varnish] [7cb05beac5a8214006adf8e33fa89345]
https://chaski.huffpost.com [200] [GET] [text/html] [] [nginx/1.23.0] [Express,Nginx:1.23.0,Node.js] [bd86e8d68b21c0ae0e4844872bf6d67e]
https://checkout.huffpost.com [404] [GET] [text/html] [Yahoo] [ATS] [Apache Traffic Server] [a91dbb788f4283e872e478381c983c36]
https://checkout.huffpost.com [404] [GET] [text/html] [Yahoo] [ATS] [Apache Traffic Server] [d99aa296953c2072468ff37113e438d5]
https://dev.checkout.huffpost.com [404] [GET] [text/html] [Yahoo] [ATS] [Apache Traffic Server] [570566254498a870572f1ac5f2eae71b]
https://dev.checkout.huffpost.com [404] [GET] [text/html] [Yahoo] [ATS] [Apache Traffic Server] [d8d30de0f79881adfd5327cd50d76ad3]
https://dev.mysubscriptions.huffpost.com [404] [GET] [text/html] [Yahoo] [ATS] [Apache Traffic Server] [d0a55f8fdb6a4ba4e6ee3d06bdc7efa7]
https://dev.mysubscriptions.huffpost.com [404] [GET] [text/html] [Yahoo] [ATS] [Apache Traffic Server] [d686b30dd4b800c54e1d974558cbc234]
https://e.huffpost.com [403] [GET] [application/xml] [] [] [vhost] [fastly] [Amazon Web Services,Fastly,Varnish] [1eb3d10f92000b5d24f0a4316ed924fc]
https://e.huffpost.com [403] [GET] [application/xml] [] [] [vhost] [fastly] [Amazon Web Services,Fastly,Varnish] [da48eee7ff5141d315752d1700c3212b]
https://flipside.huffpost.com [200] [GET] [text/html] [The Flipside] [AmazonS3] [vhost] [fastly] [Amazon S3,Amazon Web Services,Fastly,Varnish] [97403b5d0c7ea39d10ff8f554b0cc0dd]
https://help.huffpost.com [301] [GET] [] [] [lighttpd/1.4.55] [vhost] [cloudfront] [Amazon Cloudfront,Amazon Web Services,lighttpd:1.4.55] [d41d8cd98f00b204e9800998ecf8427e]
https://housewithoutwindows.huffpost.com [200] [GET] [text/html] [House Without Windows: A graphic novel] [AmazonS3] [vhost] [fastly] [Amazon S3,Amazon Web Services,Fastly,Varnish] [eaa76bf4422942dbf3bf045c055e5ba4]
https://huffpost.com [301] [GET] [] [] [lighttpd/1.4.55] [vhost] [cloudfront] [Amazon Cloudfront,Amazon Web Services,lighttpd:1.4.55] [d41d8cd98f00b204e9800998ecf8427e]
https://i0.huffpost.com [403] [GET] [application/xml] [] [AmazonS3] [vhost] [fastly] [Amazon S3,Amazon Web Services,Fastly,Varnish] [8ddab4df7698ba7ac46ca404f08818c7]
https://i0.huffpost.com [403] [GET] [application/xml] [] [AmazonS3] [vhost] [fastly] [Amazon S3,Amazon Web Services,Fastly,Varnish] [a146c84b499eb6eea1b5b906e5a10b02]
https://i1.huffpost.com [403] [GET] [application/xml] [] [AmazonS3] [vhost] [fastly] [Amazon S3,Amazon Web Services,Fastly,Varnish] [933d8029ae7f191d52f0f617fcbcc78a]
https://i1.huffpost.com [403] [GET] [application/xml] [] [AmazonS3] [vhost] [fastly] [Amazon S3,Amazon Web Services,Fastly,Varnish] [b35c7e56a43bf3ccbebc471ffd242a5d]
https://i2.huffpost.com [403] [GET] [application/xml] [] [AmazonS3] [vhost] [fastly] [Amazon S3,Amazon Web Services,Fastly,Varnish] [393d59b549686bb6202d1f01200c90a0]
https://i2.huffpost.com [403] [GET] [application/xml] [] [AmazonS3] [vhost] [fastly] [Amazon S3,Amazon Web Services,Fastly,Varnish] [da4d6857db0bfac8d38660ae7d4e6d99]
https://i3.huffpost.com [403] [GET] [application/xml] [] [AmazonS3] [vhost] [fastly] [Amazon S3,Amazon Web Services,Fastly,Varnish] [8389c583c81195b4333725a91a743fd7]
https://i3.huffpost.com [403] [GET] [application/xml] [] [AmazonS3] [vhost] [fastly] [Amazon S3,Amazon Web Services,Fastly,Varnish] [8bc3215d32228cd1bb4efbeec3cfa547]
https://i.huffpost.com [403] [GET] [application/xml] [] [AmazonS3] [vhost] [fastly] [Amazon S3,Amazon Web Services,Fastly,Varnish] [4e16bc901b3780e410a9969bbf9cdc63]
https://i.huffpost.com [403] [GET] [application/xml] [] [AmazonS3] [vhost] [fastly] [Amazon S3,Amazon Web Services,Fastly,Varnish] [84c43d95852ce517b61d5e00498a217a]
https://link.huffpost.com [302] [GET] [text/html] [] [Sailthru] [d41d8cd98f00b204e9800998ecf8427e]
https://live.huffpost.com [301] [GET] [] [] [lighttpd/1.4.55] [vhost] [cloudfront] [Amazon Cloudfront,Amazon Web Services,lighttpd:1.4.55] [d41d8cd98f00b204e9800998ecf8427e]
https://login.huffpost.com [404] [GET] [] [] [] [vhost] [fastly] [Fastly] [d41d8cd98f00b204e9800998ecf8427e]
https://login-stage.huffpost.com [404] [GET] [] [] [] [vhost] [fastly] [Fastly] [d41d8cd98f00b204e9800998ecf8427e]
https://longform.assets.huffpost.com [403] [GET] [application/xml] [] [AmazonS3] [vhost] [fastly] [Amazon S3,Amazon Web Services,Fastly,Varnish] [c4a2d8a50d9d722901cf65bdf3f4b668]
https://longform.assets.huffpost.com [403] [GET] [application/xml] [] [AmazonS3] [vhost] [fastly] [Amazon S3,Amazon Web Services,Fastly,Varnish] [eac2a7b9a9ffb612bd421d4dc5562479]
https://maisonsansfenetres.huffpost.com [200] [GET] [text/html] [Maison sans fenêtres: un roman graphique] [AmazonS3] [vhost] [fastly] [Amazon S3,Amazon Web Services,Fastly,Varnish] [d94d759c6131611db04c4be7a120f3c7]
https://mapi.huffpost.com [404] [GET] [application/json] [] [nginx] [vhost] [fastly] [Fastly,Nginx,Varnish] [d64874fd710e3cec432c377969f0591e]
https://m.huffpost.com [301] [GET] [text/html] [] [nginx] [vhost] [fastly] [Fastly,Nginx,Varnish] [719b5b559b3cfe82d9cdb51a046593d6]
https://m.huffpost.com [301] [GET] [text/plain] [] [nginx] [vhost] [fastly] [Fastly,Nginx,Varnish] [4f8a7a587b7867685baf2230cf0ebc32]
https://m-huffpost-com.huffpost.com [500] [GET] [text/html] [Fastly error: unknown domain m-huffpost-com.huffpost.com] [Varnish] [fastly] [Fastly,Varnish] [5b4b3b7bb6d2e04698e086c0502f9fe9]
https://m-huffpost-com.huffpost.com [500] [GET] [text/html] [Fastly error: unknown domain m-huffpost-com.huffpost.com] [Varnish] [fastly] [Fastly,Varnish] [65b5bf3fec6a7b164abc1e394c3289b4]
https://mod.huffpost.com [403] [GET] [application/xml] [] [AmazonS3] [vhost] [fastly] [Amazon S3,Amazon Web Services,Fastly,Varnish] [b4ba43242dd2ee2beb3d1ded7177e4ea]
https://mod.huffpost.com [403] [GET] [application/xml] [] [AmazonS3] [vhost] [fastly] [Amazon S3,Amazon Web Services,Fastly,Varnish] [f037857788fd87bc00ff6a811fbc0475]
https://modulous.huffpost.com [403] [GET] [application/xml] [] [AmazonS3] [vhost] [fastly] [Amazon S3,Amazon Web Services,Fastly,Varnish] [98f3438420dd88f3c0416faf3b6a4ded]
https://modulous.huffpost.com [403] [GET] [application/xml] [] [AmazonS3] [vhost] [fastly] [Amazon S3,Amazon Web Services,Fastly,Varnish] [be309e1f8b35047cfadc3bc377dbd979]
https://mysubscriptions.huffpost.com [404] [GET] [text/html] [Yahoo] [ATS] [Apache Traffic Server] [36e817d035bc4c02bb6c18a74fedaa7e]
https://mysubscriptions.huffpost.com [404] [GET] [text/html] [Yahoo] [ATS] [Apache Traffic Server] [503d3ccb374ac9c4e57fb41e59a37f03]
https://oidc.huffpost.com [404] [GET] [] [] [] [vhost] [fastly] [Fastly] [d41d8cd98f00b204e9800998ecf8427e]
https://parallellives.huffpost.com [200] [GET] [text/html] [ECHO — Parallel Lives] [AmazonS3] [vhost] [fastly] [Amazon S3,Amazon Web Services,Fastly,Varnish] [901dd87c29bd9b0e1f3dfb9c67bea7bb]
https://preview.m.huffpost.com [500] [GET] [text/html] [We're sorry, but something went wrong (500)] [nginx] [vhost] [Nginx] [7e3274448cd1d665c0ec016868452635]
https://preview.www.huffpost.com [200] [GET] [text/html] [HuffPost - Breaking News, U.S. and World News | HuffPost] [] [Express,Google Font API,Node.js] [f6e2cf6d55887adc0370905336226119]
https://publishing.huffpost.com [301] [GET] [] [] [lighttpd/1.4.55] [vhost] [cloudfront] [Amazon Cloudfront,Amazon Web Services,lighttpd:1.4.55] [d41d8cd98f00b204e9800998ecf8427e]
https://qa.checkout.huffpost.com [404] [GET] [text/html] [Yahoo] [ATS] [Apache Traffic Server] [08f768dc854a5cbca3c33ebb4e4dad75]
https://qa.checkout.huffpost.com [404] [GET] [text/html] [Yahoo] [ATS] [Apache Traffic Server] [e07d60a20c42102dee51358227a7d2a3]
https://qa.m.huffpost.com [301] [GET] [text/plain] [] [] [vhost] [fastly] [Fastly,Varnish] [668b2024730e4aa46fe8b2d0c4f728a6]
https://qa.mysubscriptions.huffpost.com [404] [GET] [text/html] [Yahoo] [ATS] [Apache Traffic Server] [ac771a5246c06dbaccb72b4aefa92220]
https://qa.mysubscriptions.huffpost.com [404] [GET] [text/html] [Yahoo] [ATS] [Apache Traffic Server] [c438e7ddf0e91d3c86cbd254ca821e5d]
https://qa.search.huffpost.com [301] [GET] [] [] [lighttpd/1.4.55] [vhost] [cloudfront] [Amazon Cloudfront,Amazon Web Services,lighttpd:1.4.55] [d41d8cd98f00b204e9800998ecf8427e]
https://qa.www.huffpost.com [200] [GET] [text/html] [HuffPost - Breaking News, U.S. and World News | HuffPost] [] [vhost] [fastly] [Fastly,Google Font API,Varnish] [53679e9d783dc38adc5b65cb1a746c00]
https://ryotstudio.huffpost.com [301] [GET] [] [] [lighttpd/1.4.55] [vhost] [cloudfront] [Amazon Cloudfront,Amazon Web Services,lighttpd:1.4.55] [d41d8cd98f00b204e9800998ecf8427e]
https://ryotstudios.huffpost.com [301] [GET] [] [] [lighttpd/1.4.55] [vhost] [cloudfront] [Amazon Cloudfront,Amazon Web Services,lighttpd:1.4.55] [d41d8cd98f00b204e9800998ecf8427e]
https://s0.huffpost.com [403] [GET] [application/xml] [] [AmazonS3] [vhost] [fastly] [Amazon S3,Amazon Web Services,Fastly,Varnish] [288ec77cf15976f302f7f6a03229daed]
https://s0.huffpost.com [403] [GET] [application/xml] [] [AmazonS3] [vhost] [fastly] [Amazon S3,Amazon Web Services,Fastly,Varnish] [fe517659794edc532e953e36eb774bd5]
https://s1.huffpost.com [403] [GET] [application/xml] [] [AmazonS3] [vhost] [fastly] [Amazon S3,Amazon Web Services,Fastly,Varnish] [817daabd97c01e3d1b6bf87528bd0a68]
https://s1.huffpost.com [403] [GET] [application/xml] [] [AmazonS3] [vhost] [fastly] [Amazon S3,Amazon Web Services,Fastly,Varnish] [a1e6042b307ff1416c8d5179d0346f9f]
https://s2.huffpost.com [403] [GET] [application/xml] [] [AmazonS3] [vhost] [fastly] [Amazon S3,Amazon Web Services,Fastly,Varnish] [68165b5f1ec207ecadd249ece9d25a8c]
https://s2.huffpost.com [403] [GET] [application/xml] [] [AmazonS3] [vhost] [fastly] [Amazon S3,Amazon Web Services,Fastly,Varnish] [ec79b66457d530e404aea1f515544285]
https://s3.huffpost.com [403] [GET] [application/xml] [] [AmazonS3] [vhost] [fastly] [Amazon S3,Amazon Web Services,Fastly,Varnish] [249a4425f677148226abac4a8e7a2c57]
https://s3.huffpost.com [403] [GET] [application/xml] [] [AmazonS3] [vhost] [fastly] [Amazon S3,Amazon Web Services,Fastly,Varnish] [2efcf67c48ac847562c6d2971f2acf2f]
https://search.huffpost.com [301] [GET] [] [] [lighttpd/1.4.55] [vhost] [cloudfront] [Amazon Cloudfront,Amazon Web Services,lighttpd:1.4.55] [d41d8cd98f00b204e9800998ecf8427e]
https://s-i.huffpost.com [403] [GET] [application/xml] [] [AmazonS3] [vhost] [fastly] [Amazon S3,Amazon Web Services,Fastly,Varnish] [51d39c126fca7cf96e9e323f6426cafe]
https://s-i.huffpost.com [403] [GET] [application/xml] [] [AmazonS3] [vhost] [fastly] [Amazon S3,Amazon Web Services,Fastly,Varnish] [e126f0e26e5cfd1e3c2e17ef51ec75aa]
https://sketchy.huffpost.com [301] [GET] [] [] [lighttpd/1.4.55] [vhost] [cloudfront] [Amazon Cloudfront,Amazon Web Services,lighttpd:1.4.55] [d41d8cd98f00b204e9800998ecf8427e]
https://sli.huffpost.com [301] [GET] [text/html] [] [] [vhost] [d41d8cd98f00b204e9800998ecf8427e]
https://s.m.huffpost.com [403] [GET] [application/xml] [] [AmazonS3] [vhost] [fastly] [Amazon S3,Amazon Web Services,Fastly,Varnish] [26b74c0eb8a913c5d58e3345c988a318]
https://s.m.huffpost.com [403] [GET] [application/xml] [] [AmazonS3] [vhost] [fastly] [Amazon S3,Amazon Web Services,Fastly,Varnish] [5ca4f698d773c9aa3a0172f301ea967e]
https://s-s.huffpost.com [403] [GET] [application/xml] [] [AmazonS3] [vhost] [fastly] [Amazon S3,Amazon Web Services,Fastly,Varnish] [809275fd78260a6811f127448af83d75]
https://s-s.huffpost.com [403] [GET] [application/xml] [] [AmazonS3] [vhost] [fastly] [Amazon S3,Amazon Web Services,Fastly,Varnish] [bae3cfce3e8878b91354da7cad43e670]
https://s.staging.mobile.huffpost.com [403] [GET] [application/xml] [] [AmazonS3] [vhost] [fastly] [Amazon S3,Amazon Web Services,Fastly,Varnish] [77be9de659e3bd722647b40373238703]
https://s.staging.mobile.huffpost.com [403] [GET] [application/xml] [] [AmazonS3] [vhost] [fastly] [Amazon S3,Amazon Web Services,Fastly,Varnish] [8d29b9186de1fe6f512abc9801db654f]
https://stage.api.login.huffpost.com [404] [GET] [text/html] [Not Found on Accelerator] [ATS] [Apache Traffic Server] [2fa9c0f01f6a17b5f639fe1a3a126335]
https://stage.login.huffpost.com [404] [GET] [text/html] [Not Found on Accelerator] [ATS] [Apache Traffic Server] [2fa9c0f01f6a17b5f639fe1a3a126335]
https://stage.mysubscriptions.huffpost.com [404] [GET] [text/html] [Yahoo] [ATS] [Apache Traffic Server] [bd6eacc7b39e53cf63b1ba93c4784364]
https://stage.mysubscriptions.huffpost.com [404] [GET] [text/html] [Yahoo] [ATS] [Apache Traffic Server] [f4edd9495ff2cedd92cd23d9fde73038]
https://stage.oidc.huffpost.com [404] [GET] [text/html] [Not Found on Accelerator] [ATS] [Apache Traffic Server] [2fa9c0f01f6a17b5f639fe1a3a126335]
https://staging-amp.assets.huffpost.com [403] [GET] [application/xml] [] [AmazonS3] [vhost] [fastly] [Amazon S3,Amazon Web Services,Fastly,Varnish] [74ea395f818810abc607bb7ce6fc80a6]
https://staging-amp.assets.huffpost.com [403] [GET] [application/xml] [] [AmazonS3] [vhost] [fastly] [Amazon S3,Amazon Web Services,Fastly,Varnish] [9b75a61d05657d8ecaf1c3488859f604]
https://staging-flipside.huffpost.com [401] [GET] [text/html] [Error] [Varnish] [vhost] [fastly] [Basic,Fastly,Varnish] [26de7260422660d2f3c8dbac7b305c65]
https://staging.mapi.huffpost.com [404] [GET] [application/json] [] [nginx] [vhost] [fastly] [Fastly,Nginx,Varnish] [d64874fd710e3cec432c377969f0591e]
https://staging.m.huffpost.com [301] [GET] [text/plain] [] [nginx] [vhost] [fastly] [Fastly,Nginx,Varnish] [8441ce5ad8172eab3b014fb44ba158f7]
https://staging.modulous.huffpost.com [403] [GET] [application/xml] [] [AmazonS3] [vhost] [fastly] [Amazon S3,Amazon Web Services,Fastly,Varnish] [26baa83e116b8f20240cd3fd5ffb43c5]
https://staging.modulous.huffpost.com [403] [GET] [application/xml] [] [AmazonS3] [vhost] [fastly] [Amazon S3,Amazon Web Services,Fastly,Varnish] [9aae37196095d1e4ea8ca94a77b0dcba]
https://staging.preview.m.huffpost.com [500] [GET] [text/html] [We're sorry, but something went wrong (500)] [nginx] [Nginx] [7e3274448cd1d665c0ec016868452635]
https://staging.search.huffpost.com [301] [GET] [] [] [lighttpd/1.4.55] [vhost] [cloudfront] [Amazon Cloudfront,Amazon Web Services,lighttpd:1.4.55] [d41d8cd98f00b204e9800998ecf8427e]
https://staging-support.huffpost.com [301] [GET] [] [] [lighttpd/1.4.55] [vhost] [cloudfront] [Amazon Cloudfront,Amazon Web Services,lighttpd:1.4.55] [d41d8cd98f00b204e9800998ecf8427e]
https://staging.widgets.huffpost.com [404] [GET] [text/html] [404 Not Found] [] [vhost] [fastly] [Fastly,Varnish] [8eec510e57f5f732fd2cce73df7b73ef]
https://staging.www.huffpost.com [200] [GET] [text/html] [HuffPost - Breaking News, U.S. and World News | HuffPost] [nginx] [vhost] [fastly] [Fastly,Google Font API,Nginx,Varnish] [6b65c034423c63ebe0f9495b25f7d053]
https://staging.www.huffpost.com [200] [GET] [text/html] [HuffPost - Breaking News, U.S. and World News | HuffPost] [nginx] [vhost] [fastly] [Fastly,Google Font API,Nginx,Varnish] [932fe62a432039efa48f4cfe5672672b]
https://styleguide.huffpost.com [200] [GET] [text/html] [] [AmazonS3] [vhost] [fastly] [Amazon S3,Amazon Web Services,Fastly,Google Font API,Varnish] [6f6aa0627d476ebc4599abe018b77e35]
https://support.huffpost.com [301] [GET] [] [] [lighttpd/1.4.55] [vhost] [cloudfront] [Amazon Cloudfront,Amazon Web Services,lighttpd:1.4.55] [d41d8cd98f00b204e9800998ecf8427e]
https://www.huffpost.com [200] [GET] [text/html] [HuffPost - Breaking News, U.S. and World News | HuffPost] [nginx] [vhost] [fastly] [Fastly,Google Font API,Nginx,Varnish] [1c84349477b8fd3f9aaf844132443928]
https://www.huffpost.com [200] [GET] [text/html] [HuffPost - Breaking News, U.S. and World News | HuffPost] [nginx] [vhost] [fastly] [Fastly,Google Font API,Nginx,Varnish] [411ace5a91f8e53665653d4fd928f3e5]
https://www-huffpost-com.huffpost.com [500] [GET] [text/html] [Fastly error: unknown domain www-huffpost-com.huffpost.com] [Varnish] [fastly] [Fastly,Varnish] [65c970e7872a552c3fb73ae92bdb3a61]
https://www-huffpost-com.huffpost.com [500] [GET] [text/html] [Fastly error: unknown domain www-huffpost-com.huffpost.com] [Varnish] [fastly] [Fastly,Varnish] [7cb99c81638b548ba43fc4bce68f3c11]
