http://ariannaonline.huffingtonpost.com [301] [GET] [] [] [AmazonS3] [vhost] [Amazon S3,Amazon Web Services] [d41d8cd98f00b204e9800998ecf8427e]
http://dev.highline.huffingtonpost.com [200] [GET] [text/html] [Highline | HuffPost] [AmazonS3] [vhost] [Amazon S3,Amazon Web Services,Bootstrap:3.3.4,Google Font API] [653db77defcc6ac0000d828ae4bed6f8]
http://help.huffingtonpost.com [409] [GET] [text/plain] [] [cloudflare] [cloudflare] [Cloudflare] [f6bbbdc9b05a5af96b6b7e618ee357cc]
https://accounts-beta.huffingtonpost.com [400] [GET] [text/plain] [] [nginx] [Nginx,Play,Scala] [288fc4182412e5eb85e92f7d5c539985]
https://accounts.huffingtonpost.com [303] [GET] [] [] [nginx] [vhost] [Nginx,Play,Scala] [d41d8cd98f00b204e9800998ecf8427e]
https://accounts-staging.huffingtonpost.com [400] [GET] [text/plain] [] [nginx] [Nginx,Play,Scala] [3c40cad976e5c3f0959806fef2810b0f]
https://accounts.staging.huffingtonpost.com [400] [GET] [text/plain] [] [nginx] [Nginx,Play,Scala] [63ddf4cb0cfa0f719c3c6ed5f6c20c4c]
https://assets.elections.huffingtonpost.com [403] [GET] [application/xml] [] [AmazonS3] [vhost] [Amazon S3,Amazon Web Services] [5bd6f262f5c72b2399c4d1878af69a1b]
https://assets.elections.huffingtonpost.com [403] [GET] [application/xml] [] [AmazonS3] [vhost] [Amazon S3,Amazon Web Services] [a777dac6375adebd70d416fd6b100a2d]
https://assets.huffingtonpost.com [403] [GET] [application/xml] [] [AmazonS3] [vhost] [fastly] [Amazon S3,Amazon Web Services,Fastly,Varnish] [d1b3c3fa2dc3dedbdb7bbeae45a59486]
https://assets.huffingtonpost.com [403] [GET] [application/xml] [] [AmazonS3] [vhost] [fastly] [Amazon S3,Amazon Web Services,Fastly,Varnish] [fb50ca90e0236dc391b4209919766ea1]
https://bestschoolday.huffingtonpost.com [301] [GET] [] [] [lighttpd/1.4.55] [vhost] [cloudfront] [Amazon Cloudfront,Amazon Web Services,lighttpd:1.4.55] [d41d8cd98f00b204e9800998ecf8427e]
https://big.assets.huffingtonpost.com [403] [GET] [application/xml] [] [AmazonS3] [vhost] [fastly] [Amazon S3,Amazon Web Services,Fastly,Varnish] [a14fa3fd5c86f42322d53dfa18851325]
https://big.assets.huffingtonpost.com [403] [GET] [application/xml] [] [AmazonS3] [vhost] [fastly] [Amazon S3,Amazon Web Services,Fastly,Varnish] [c86c1c0740608d8b46635889c502d261]
https://blogger.huffingtonpost.com [301] [GET] [] [] [lighttpd/1.4.55] [vhost] [cloudfront] [Amazon Cloudfront,Amazon Web Services,lighttpd:1.4.55] [d41d8cd98f00b204e9800998ecf8427e]
https://calendar.huffingtonpost.com [301] [GET] [] [] [lighttpd/1.4.55] [vhost] [cloudfront] [Amazon Cloudfront,Amazon Web Services,lighttpd:1.4.55] [d41d8cd98f00b204e9800998ecf8427e]
https://cgnk.huffingtonpost.com [301] [GET] [] [] [lighttpd/1.4.55] [vhost] [cloudfront] [Amazon Cloudfront,Amazon Web Services,lighttpd:1.4.55] [d41d8cd98f00b204e9800998ecf8427e]
https://content-write.huffingtonpost.com [403] [GET] [] [] [Varnish] [vhost] [fastly] [Fastly,Varnish] [d41d8cd98f00b204e9800998ecf8427e]
https://content-write.staging.huffingtonpost.com [403] [GET] [] [] [Varnish] [vhost] [fastly] [Fastly,Varnish] [d41d8cd98f00b204e9800998ecf8427e]
https://contributor.huffingtonpost.com [301] [GET] [] [] [lighttpd/1.4.55] [vhost] [cloudfront] [Amazon Cloudfront,Amazon Web Services,lighttpd:1.4.55] [d41d8cd98f00b204e9800998ecf8427e]
https://creativelabs.huffingtonpost.com [301] [GET] [] [] [lighttpd/1.4.55] [vhost] [cloudfront] [Amazon Cloudfront,Amazon Web Services,lighttpd:1.4.55] [d41d8cd98f00b204e9800998ecf8427e]
https://data.huffingtonpost.com [200] [GET] [text/html] [HuffPost Data] [] [vhost] [fastly] [Amazon Web Services,Fastly,Varnish] [6ac6500f10cd128d57ef2852b4a1ad91]
https://dev.assets.huffingtonpost.com [403] [GET] [application/xml] [] [AmazonS3] [vhost] [Amazon S3,Amazon Web Services] [7bf5f4b5febaea95fdbbab54355fe572]
https://dev.assets.huffingtonpost.com [403] [GET] [application/xml] [] [AmazonS3] [vhost] [Amazon S3,Amazon Web Services] [f77e4e18dbc644bec7197521f0b22bc9]
https://docs.huffingtonpost.com [301] [GET] [] [] [lighttpd/1.4.55] [vhost] [cloudfront] [Amazon Cloudfront,Amazon Web Services,lighttpd:1.4.55] [d41d8cd98f00b204e9800998ecf8427e]
https://drive.huffingtonpost.com [301] [GET] [] [] [lighttpd/1.4.55] [vhost] [cloudfront] [Amazon Cloudfront,Amazon Web Services,lighttpd:1.4.55] [d41d8cd98f00b204e9800998ecf8427e]
https://editorial.huffingtonpost.com [301] [GET] [] [] [lighttpd/1.4.55] [vhost] [cloudfront] [Amazon Cloudfront,Amazon Web Services,lighttpd:1.4.55] [d41d8cd98f00b204e9800998ecf8427e]
https://elections.huffingtonpost.com [301] [GET] [] [] [] [vhost] [fastly] [Amazon Web Services,Fastly,Varnish] [d41d8cd98f00b204e9800998ecf8427e]
https://finance.huffingtonpost.com [301] [GET] [] [] [lighttpd/1.4.55] [vhost] [cloudfront] [Amazon Cloudfront,Amazon Web Services,lighttpd:1.4.55] [d41d8cd98f00b204e9800998ecf8427e]
https://fundrace.huffingtonpost.com [301] [GET] [] [] [lighttpd/1.4.55] [vhost] [cloudfront] [Amazon Cloudfront,Amazon Web Services,lighttpd:1.4.55] [d41d8cd98f00b204e9800998ecf8427e]
https://groups.huffingtonpost.com [301] [GET] [] [] [lighttpd/1.4.55] [vhost] [cloudfront] [Amazon Cloudfront,Amazon Web Services,lighttpd:1.4.55] [d41d8cd98f00b204e9800998ecf8427e]
https://gunviolence-assets.huffingtonpost.com [403] [GET] [application/xml] [] [AmazonS3] [vhost] [fastly] [Amazon S3,Amazon Web Services,Fastly,Varnish] [1cb244928558942142627f7483a8e134]
https://gunviolence-assets.huffingtonpost.com [403] [GET] [application/xml] [] [AmazonS3] [vhost] [fastly] [Amazon S3,Amazon Web Services,Fastly,Varnish] [d8a44a55236966409e4e1266a9974457]
https://gunviolence.huffingtonpost.com [200] [GET] [text/html] ["How Did He Even Get a Gun?" by The Huffington Post] [AmazonS3] [vhost] [fastly] [Amazon S3,Amazon Web Services,Fastly,Varnish] [aa0cbed64ef32e81454743de325b2b8c]
https://horizon.huffingtonpost.com [404] [GET] [text/html] [] [Sailthru] [d41d8cd98f00b204e9800998ecf8427e]
https://horoscopes.huffingtonpost.com [301] [GET] [] [] [lighttpd/1.4.55] [vhost] [cloudfront] [Amazon Cloudfront,Amazon Web Services,lighttpd:1.4.55] [d41d8cd98f00b204e9800998ecf8427e]
https://huffingtonpost.com [301] [GET] [] [] [lighttpd/1.4.55] [vhost] [cloudfront] [Amazon Cloudfront,Amazon Web Services,lighttpd:1.4.55] [d41d8cd98f00b204e9800998ecf8427e]
https://ifthisartcouldvote.huffingtonpost.com [200] [GET] [text/html] [If This Art Could Vote] [openresty] [vhost] [Google Font API,Nginx,OpenResty,Tumblr] [ae8819b7e0fe260a6bbcb0060b77baae]
https://ifthisartcouldvote.huffingtonpost.com [200] [GET] [text/html] [If This Art Could Vote] [openresty] [vhost] [Google Font API,Nginx,OpenResty,Tumblr] [d844783fb399698b524db1b430d1f7bf]
https://images.huffingtonpost.com [403] [GET] [application/xml] [] [AmazonS3] [vhost] [fastly] [Amazon S3,Amazon Web Services,Fastly,Varnish] [4c09e19535387502516ae49294560223]
https://images.huffingtonpost.com [403] [GET] [application/xml] [] [AmazonS3] [vhost] [fastly] [Amazon S3,Amazon Web Services,Fastly,Varnish] [ddc0f7cec575771e6baf4ce9293addeb]
https://img.huffingtonpost.com [404] [GET] [text/html] [Error] [] [vhost] [fastly] [Fastly,Varnish] [da7da7d630292e7a2a7dda8ca87b3d39]
https://img.qa.huffingtonpost.com [404] [GET] [text/html] [Error] [] [vhost] [fastly] [Fastly,Varnish] [da7da7d630292e7a2a7dda8ca87b3d39]
https://img.staging.huffingtonpost.com [404] [GET] [text/html] [Error] [] [vhost] [fastly] [Fastly,Varnish] [da7da7d630292e7a2a7dda8ca87b3d39]
https://interactives.huffingtonpost.com [301] [GET] [] [] [lighttpd/1.4.55] [vhost] [cloudfront] [Amazon Cloudfront,Amazon Web Services,lighttpd:1.4.55] [d41d8cd98f00b204e9800998ecf8427e]
https://live.huffingtonpost.com [301] [GET] [] [] [lighttpd/1.4.55] [vhost] [cloudfront] [Amazon Cloudfront,Amazon Web Services,lighttpd:1.4.55] [d41d8cd98f00b204e9800998ecf8427e]
https://mail.huffingtonpost.com [301] [GET] [] [] [lighttpd/1.4.55] [vhost] [cloudfront] [Amazon Cloudfront,Amazon Web Services,lighttpd:1.4.55] [d41d8cd98f00b204e9800998ecf8427e]
https://m.huffingtonpost.com [301] [GET] [] [] [lighttpd/1.4.55] [vhost] [cloudfront] [Amazon Cloudfront,Amazon Web Services,lighttpd:1.4.55] [d41d8cd98f00b204e9800998ecf8427e]
https://new.www.huffingtonpost.com [301] [GET] [] [] [lighttpd/1.4.55] [vhost] [cloudfront] [Amazon Cloudfront,Amazon Web Services,lighttpd:1.4.55] [d41d8cd98f00b204e9800998ecf8427e]
https://nl.huffingtonpost.com [301] [GET] [] [] [AkamaiGHost] [vhost] [d41d8cd98f00b204e9800998ecf8427e]
https://partnerstudio.huffingtonpost.com [301] [GET] [] [] [lighttpd/1.4.55] [vhost] [cloudfront] [Amazon Cloudfront,Amazon Web Services,lighttpd:1.4.55] [d41d8cd98f00b204e9800998ecf8427e]
https://politics.huffingtonpost.com [301] [GET] [] [] [lighttpd/1.4.55] [vhost] [cloudfront] [Amazon Cloudfront,Amazon Web Services,lighttpd:1.4.55] [d41d8cd98f00b204e9800998ecf8427e]
https://preview.www.huffingtonpost.com [500] [GET] [text/html] [We're sorry, but something went wrong (500)] [nginx] [vhost] [Nginx] [7e3274448cd1d665c0ec016868452635]
https://profiles.images.huffingtonpost.com [403] [GET] [application/xml] [] [AmazonS3] [vhost] [Amazon S3,Amazon Web Services] [8fe5e36a16b7b38c0220fbb998a09b17]
https://profiles.images.huffingtonpost.com [403] [GET] [application/xml] [] [AmazonS3] [vhost] [Amazon S3,Amazon Web Services] [d0a5051be0dfe1c3c0cb7ed0e9846fe7]
https://projects.huffingtonpost.com [200] [GET] [text/html] [HuffPost Data] [] [vhost] [fastly] [Amazon Web Services,Fastly,Google Font API,Varnish] [70ac681d0757d78373573f0c00882c48]
https://ps.huffingtonpost.com [403] [GET] [application/xml] [] [AmazonS3] [vhost] [Amazon S3,Amazon Web Services] [9cfd20dac245e30919ad2c602d0d37de]
https://ps.huffingtonpost.com [403] [GET] [application/xml] [] [AmazonS3] [vhost] [Amazon S3,Amazon Web Services] [f935adea0a0dab6e558fa23cdd4da367]
https://qa.contributor.huffingtonpost.com [301] [GET] [] [] [lighttpd/1.4.55] [vhost] [cloudfront] [Amazon Cloudfront,Amazon Web Services,lighttpd:1.4.55] [d41d8cd98f00b204e9800998ecf8427e]
https://qa-userapi.huffingtonpost.com [303] [GET] [] [] [nginx] [vhost] [Nginx,Play,Scala] [d41d8cd98f00b204e9800998ecf8427e]
https://qa.www.huffingtonpost.com [301] [GET] [text/plain] [] [] [vhost] [fastly] [Fastly,Varnish] [668b2024730e4aa46fe8b2d0c4f728a6]
https://quebec.huffingtonpost.com [301] [GET] [] [] [lighttpd/1.4.55] [vhost] [cloudfront] [Amazon Cloudfront,Amazon Web Services,lighttpd:1.4.55] [d41d8cd98f00b204e9800998ecf8427e]
https://rise.huffingtonpost.com [301] [GET] [] [] [lighttpd/1.4.55] [vhost] [cloudfront] [Amazon Cloudfront,Amazon Web Services,lighttpd:1.4.55] [d41d8cd98f00b204e9800998ecf8427e]
https://ryot.huffingtonpost.com [404] [GET] [text/html] [Site Not Configured | 404 Not Found] [nginx] [google] [Nginx] [2d5139959d162cf17d50d19acd10405c]
https://search.huffingtonpost.com [301] [GET] [] [] [lighttpd/1.4.55] [vhost] [cloudfront] [Amazon Cloudfront,Amazon Web Services,lighttpd:1.4.55] [d41d8cd98f00b204e9800998ecf8427e]
https://secure.huffingtonpost.com [301] [GET] [] [] [lighttpd/1.4.55] [vhost] [cloudfront] [Amazon Cloudfront,Amazon Web Services,lighttpd:1.4.55] [d41d8cd98f00b204e9800998ecf8427e]
https://shows.huffingtonpost.com [301] [GET] [text/html] [301 Moved Permanently] [Apache] [vhost] [Apache] [0f92f72fb2279271599dcff77af9c60f]
https://sites.huffingtonpost.com [301] [GET] [] [] [lighttpd/1.4.55] [vhost] [cloudfront] [Amazon Cloudfront,Amazon Web Services,lighttpd:1.4.55] [d41d8cd98f00b204e9800998ecf8427e]
https://staging-big.assets.huffingtonpost.com [403] [GET] [application/xml] [] [AmazonS3] [vhost] [fastly] [Amazon S3,Amazon Web Services,Fastly,Varnish] [22a35baa21ee2abb71faed8581aecdfb]
https://staging-big.assets.huffingtonpost.com [403] [GET] [application/xml] [] [AmazonS3] [vhost] [fastly] [Amazon S3,Amazon Web Services,Fastly,Varnish] [994be556060c2d3a76e9febe32dc79a2]
https://staging.contributor.huffingtonpost.com [301] [GET] [] [] [lighttpd/1.4.55] [vhost] [cloudfront] [Amazon Cloudfront,Amazon Web Services,lighttpd:1.4.55] [d41d8cd98f00b204e9800998ecf8427e]
https://staging.preview.www.huffingtonpost.com [500] [GET] [text/html] [We're sorry, but something went wrong (500)] [nginx] [Nginx] [7e3274448cd1d665c0ec016868452635]
https://staging-react.contributor.huffingtonpost.com [301] [GET] [] [] [lighttpd/1.4.55] [vhost] [cloudfront] [Amazon Cloudfront,Amazon Web Services,lighttpd:1.4.55] [d41d8cd98f00b204e9800998ecf8427e]
https://staging-uk.contributor.huffingtonpost.com [301] [GET] [] [] [lighttpd/1.4.55] [vhost] [cloudfront] [Amazon Cloudfront,Amazon Web Services,lighttpd:1.4.55] [d41d8cd98f00b204e9800998ecf8427e]
https://staging-userapi.huffingtonpost.com [303] [GET] [] [] [nginx] [vhost] [Nginx,Play,Scala] [d41d8cd98f00b204e9800998ecf8427e]
https://staging.www.huffingtonpost.com [301] [GET] [text/plain] [] [nginx] [vhost] [fastly] [Fastly,Nginx,Varnish] [8441ce5ad8172eab3b014fb44ba158f7]
https://status.huffingtonpost.com [301] [GET] [] [] [lighttpd/1.4.55] [vhost] [cloudfront] [Amazon Cloudfront,Amazon Web Services,lighttpd:1.4.55] [d41d8cd98f00b204e9800998ecf8427e]
https://testkitchen.huffingtonpost.com [200] [GET] [text/html] [‘Test Kitchen’ by Huffington Post | Readymag] [AmazonS3] [vhost] [fastly] [Amazon S3,Amazon Web Services,Fastly,Varnish] [1810376dbb61860c329046d3118ad1f9]
https://trumpcards-assets.huffingtonpost.com [403] [GET] [application/xml] [] [AmazonS3] [vhost] [fastly] [Amazon S3,Amazon Web Services,Fastly,Varnish] [3c0da543e6d29e34b562e7b8c3e6222c]
https://trumpcards-assets.huffingtonpost.com [403] [GET] [application/xml] [] [AmazonS3] [vhost] [fastly] [Amazon S3,Amazon Web Services,Fastly,Varnish] [7173d0b47b4a1563d547f4fe75804e5b]
https://trumpcards.huffingtonpost.com [200] [GET] [text/html] [Trump Cards | The Huffington Post] [AmazonS3] [vhost] [fastly] [Amazon S3,Amazon Web Services,Fastly,Google Font API,Varnish] [9372068d9b0e45f4a71a22672ca966e6]
https://videos.huffingtonpost.com [301] [GET] [] [] [lighttpd/1.4.55] [vhost] [cloudfront] [Amazon Cloudfront,Amazon Web Services,lighttpd:1.4.55] [d41d8cd98f00b204e9800998ecf8427e]
https://voces.huffingtonpost.com [301] [GET] [] [] [lighttpd/1.4.55] [vhost] [cloudfront] [Amazon Cloudfront,Amazon Web Services,lighttpd:1.4.55] [d41d8cd98f00b204e9800998ecf8427e]
https://widget.assets.huffingtonpost.com [403] [GET] [application/xml] [] [AmazonS3] [vhost] [fastly] [Amazon S3,Amazon Web Services,Fastly,Varnish] [47e34b3ccbe61c1c4501d4fefa59adf1]
https://widget.assets.huffingtonpost.com [403] [GET] [application/xml] [] [AmazonS3] [vhost] [fastly] [Amazon S3,Amazon Web Services,Fastly,Varnish] [a96e173fca09d23f1133135fcf4a3093]
https://www2.huffingtonpost.com [301] [GET] [] [] [lighttpd/1.4.55] [vhost] [cloudfront] [Amazon Cloudfront,Amazon Web Services,lighttpd:1.4.55] [d41d8cd98f00b204e9800998ecf8427e]
https://www.elections.huffingtonpost.com [301] [GET] [] [] [lighttpd/1.4.55] [vhost] [cloudfront] [Amazon Cloudfront,Amazon Web Services,lighttpd:1.4.55] [d41d8cd98f00b204e9800998ecf8427e]
https://www.huffingtonpost.com [301] [GET] [text/html] [] [nginx] [vhost] [fastly] [Fastly,Nginx,Varnish] [719b5b559b3cfe82d9cdb51a046593d6]
http://video.huffingtonpost.com [403] [GET] [text/html] [ERROR: The request could not be satisfied] [CloudFront] [cloudfront] [Amazon Cloudfront,Amazon Web Services] [eb965b2e329e1f6279efd0c756a04b90]
