http://click.klantacties.humo.be:8080 [200] [GET] [text/html] [Shared IP] [Apache/2] [Apache:2] [d3f59542649dcf75112dea876843f05a]
https://acc.humo.be [401] [GET] [text/html] [Access Denied] [AkamaiGHost] [vhost] [Basic] [1f91712843eeb2217663fe204fa9d265]
https://acc.humo.be [401] [GET] [text/html] [Access Denied] [AkamaiGHost] [vhost] [Basic] [84d1a49b35ab6cee3c8a2addb80e8e9f]
https://accounts.humo.be [200] [GET] [text/html] [] [] [Microsoft ASP.NET] [d41d8cd98f00b204e9800998ecf8427e]
https://actie.humo.be [404] [GET] [text/html] [-] [NCSA/1.4.2] [d57424ca602fa39a59d65a02e43e5e55]
https://beta.humo.be [403] [GET] [text/html] [Access Denied] [AkamaiGHost] [vhost] [06b1b8da5bca0b42bb79aaffbf044854]
https://beta.humo.be [403] [GET] [text/html] [Access Denied] [AkamaiGHost] [vhost] [40c4f83e08c9e5d817d12daba6720058]
https://brandedcontentbe.humo.be [403] [GET] [text/html] [Access Denied] [AkamaiGHost] [vhost] [787a918e12f6823d6d74b2a2cc8ba9be]
https://brandedcontentbe.humo.be [403] [GET] [text/html] [Access Denied] [AkamaiGHost] [vhost] [9164c6658967e2643da6f0e6e5661d1f]
https://brandedcontent.humo.be [302] [GET] [text/html] [] [] [vhost] [d41d8cd98f00b204e9800998ecf8427e]
https://castor-forum.humo.be [200] [GET] [text/html] [Redirecting..] [] [Java] [0214b0f5e5339f1b5811ac08d9347dd8]
https://click.klantacties.humo.be [200] [GET] [text/html] [] [Apache/2] [vhost] [Apache:2] [5360706c803a759e3a9f2ca54a651950]
https://cmp.humo.be [403] [GET] [application/xml] [] [AmazonS3] [vhost] [cloudfront] [Amazon Cloudfront,Amazon S3,Amazon Web Services] [2216f767e05afa9d495e52046291b374]
https://cmp.humo.be [403] [GET] [application/xml] [] [AmazonS3] [vhost] [cloudfront] [Amazon Cloudfront,Amazon S3,Amazon Web Services] [4b1b3899e653197e08c74d36e3d01a36]
https://dev-service.humo.be [400] [GET] [text/html] [Invalid URL] [AkamaiGHost] [0a561d644c0c3fa9fdd55892e4695a1d]
https://dev-service.humo.be [400] [GET] [text/html] [Invalid URL] [AkamaiGHost] [e63157f17b0093dc0f0dfb4739cc1a4d]
https://digitalemagazine.humo.be [302] [GET] [text/html] [] [nginx] [vhost] [Nginx] [d41d8cd98f00b204e9800998ecf8427e]
https://docu.humo.be [200] [GET] [text/html] [Humo | Diamond Docu] [Apache] [vhost] [Apache,MySQL,PHP,WordPress:5.7.6] [ff3315a617defdc36ca100b7e1d322d4]
https://durex.humo.be [404] [GET] [text/html] [404 Not Found] [Symantec Endpoint Protection Manager] [62962daa1b19bbcc2db10b7bfd531ea6]
https://ebike.humo.be [403] [GET] [text/html] [Access Denied] [] [vhost] [6b0c91603e88702d4fff9fb3f508fcae]
https://ebike.humo.be [403] [GET] [text/html] [Access Denied] [] [vhost] [873118e919db3186df0d899f6dc31326]
https://ebike-non-prod.humo.be [403] [GET] [text/html] [Access Denied] [] [vhost] [0ad2d12997ac8c79b43ad63f1813b90e]
https://ebike-non-prod.humo.be [403] [GET] [text/html] [Access Denied] [] [vhost] [523addeb876f43f915a0ac9bb0d69221]
https://e.email.humo.be [200] [GET] [text/html] [You received emails from this domain, didn't you?] [nginx] [Nginx,Webflow] [c0666cde79e5426946974302fe3307c3]
https://esales.humo.be [403] [GET] [text/html] [Access Denied] [AkamaiGHost] [vhost] [1f151880b23e6eea3bb1ea44c0a02bd2]
https://esales.humo.be [403] [GET] [text/html] [Access Denied] [AkamaiGHost] [vhost] [ba8260b8f11a7854ec43fc0210243bf9]
https://esales-test.humo.be [200] [GET] [text/html] [Welcome] [nginx/1.20.0] [vhost] [Amazon ALB,Amazon Web Services,Java,Nginx:1.20.0] [4f3a00d5a4dd31b27d6801b8a81245f4]
https://humo.be [403] [GET] [text/html] [Access Denied] [AkamaiGHost] [vhost] [435fabc5dd19af15074a73b9fec4d2d5]
https://humo.be [403] [GET] [text/html] [Access Denied] [AkamaiGHost] [vhost] [e04796dcd72e7a8bd43bdd3a5666140b]
https://ims.humo.be [200] [GET] [text/html] [] [] [vhost] [ce885dfc7b98daf8af33132a6b63ab22]
https://interactief.humo.be [404] [GET] [text/html] [-] [NCSA/1.4.2] [d57424ca602fa39a59d65a02e43e5e55]
https://kijkt.humo.be [200] [GET] [text/html] [Humo's Streaminggids | Humo's streaminggids met tips voor Netflix, Play, VTM Go, VRT Nu, Amazon en Disney. Welke serie wil je kijken? Wat zijn de beste films on demand?] [Apache] [vhost] [Apache,Google Tag Manager,MySQL,PHP,WordPress] [955ecde07605c5533d23f7e113a1932d]
https://klantacties.humo.be [200] [GET] [text/html] [Startpagina | DPG Media] [Apache/2] [vhost] [Apache:2,Varnish:7.1,Vue.js] [662bdeb4ae8d3342ac27ca4b92d96dc6]
https://landingpage.humo.be [403] [GET] [text/html] [Access Denied] [AkamaiGHost] [vhost] [26e48b176ecdf4fbb46e97b7823c1d20]
https://landingpage.humo.be [403] [GET] [text/html] [Access Denied] [AkamaiGHost] [vhost] [841e9aa7f9d0b6f5115434ff93286963]
https://login2.humo.be [403] [GET] [text/html] [Access Denied] [AkamaiGHost] [vhost] [f67ca5a44f519b3d91d74cafdfa2ce54]
https://login2.humo.be [403] [GET] [text/html] [Access Denied] [AkamaiGHost] [vhost] [f7e3e2b91e01e9086eac53cfd3290bc1]
https://login.humo.be [403] [GET] [text/html] [Access Denied] [AkamaiGHost] [vhost] [d2be8d79b2dc97cc6425835518cccf82]
https://login.humo.be [403] [GET] [text/html] [Access Denied] [AkamaiGHost] [vhost] [fcf833497bb997e742de944c297a3fef]
https://magazine.humo.be [302] [GET] [text/html] [] [nginx] [vhost] [Nginx,PHP] [d41d8cd98f00b204e9800998ecf8427e]
https://mijn.humo.be [403] [GET] [text/html] [Access Denied] [] [vhost] [c5d5592bd8a2a194b5e29de62218bb5c]
https://mijn.humo.be [403] [GET] [text/html] [Access Denied] [] [vhost] [ec080c11480b33a60e168bcaf6fb3aa2]
https://mijnomgeving-acc.humo.be [403] [GET] [text/html] [Access Denied] [] [vhost] [3f3eefa4ab5ea0edda13ca3a08479b65]
https://mijnomgeving-acc.humo.be [403] [GET] [text/html] [Access Denied] [] [vhost] [44a81bdc9ba4445543bd8357a7825459]
https://mijnomgeving.humo.be [403] [GET] [text/html] [Access Denied] [] [vhost] [306d3d4eb51f67067ccb23e3f45a8a6a]
https://mijnomgeving.humo.be [403] [GET] [text/html] [Access Denied] [] [vhost] [9ed7ac69a013c0de05233933e0c9050e]
https://mobile2.humo.be [403] [GET] [text/html] [Access Denied] [AkamaiGHost] [vhost] [d7fa6b74362b675c709b039bf4d9eeaf]
https://mobile2.humo.be [403] [GET] [text/html] [Access Denied] [AkamaiGHost] [vhost] [f5c7f9c429f78b50315168c202d59ab3]
https://mobile-acc.humo.be [401] [GET] [text/html] [Access Denied] [AkamaiGHost] [vhost] [Basic] [032bfad093038f677bcebfbd98f0eda8]
https://mobile-acc.humo.be [401] [GET] [text/html] [Access Denied] [AkamaiGHost] [vhost] [Basic] [363ad4c54cfb894097ef5c7727abe0c9]
https://myaccount.humo.be [403] [GET] [text/html] [Access Denied] [AkamaiGHost] [vhost] [498d0c7cb56cbf017a25a26ad0ace22e]
https://myaccount.humo.be [403] [GET] [text/html] [Access Denied] [AkamaiGHost] [vhost] [68fb4d52f492678d5b3556cee208a47c]
https://projecten.humo.be [302] [GET] [text/html] [] [] [vhost] [d41d8cd98f00b204e9800998ecf8427e]
https://rock-rally.humo.be [302] [GET] [text/html] [] [] [vhost] [d41d8cd98f00b204e9800998ecf8427e]
https://rockrally.humo.be [302] [GET] [text/html] [] [] [vhost] [d41d8cd98f00b204e9800998ecf8427e]
https://seat.humo.be [200] [GET] [text/html] [Cms Bug Concept] [Bug-Concept Web Server] [Bootstrap,Font Awesome,Google Font API,PHP] [a82347f9693cd52e7e1ae21b3ac158ee]
https://shop.humo.be [403] [GET] [text/html] [Access Denied] [AkamaiGHost] [vhost] [b656af718dc49a8d86537fb55d953623]
https://shop.humo.be [403] [GET] [text/html] [Access Denied] [AkamaiGHost] [vhost] [bf410d3b35f1edbf1e83d5660da00b83]
https://social.humo.be [200] [GET] [text/html] [] [] [Microsoft ASP.NET] [d41d8cd98f00b204e9800998ecf8427e]
https://t2.klantacties.humo.be [404] [GET] [text/html] [404 Not Found] [Apache/2.4.37 (rocky)] [Apache:2.4.37] [cd3be2f061d2d1bd9623c5549fb7d904]
https://t.klantacties.humo.be [404] [GET] [text/html] [404 Not Found] [Apache/2.4.37 (AlmaLinux)] [AlmaLinux,Apache:2.4.37] [cd3be2f061d2d1bd9623c5549fb7d904]
https://voordelen.humo.be [403] [GET] [text/html] [Access Denied] [AkamaiGHost] [vhost] [3fab191518f76881193e592b43a0516f]
https://voordelen.humo.be [403] [GET] [text/html] [Access Denied] [AkamaiGHost] [vhost] [fd95e779f34cf231c8203b44a41e225c]
https://www.click.klantacties.humo.be [200] [GET] [text/html] [] [Apache/2] [vhost] [Apache:2] [5360706c803a759e3a9f2ca54a651950]
https://www.humo.be [403] [GET] [text/html] [Access Denied] [AkamaiGHost] [vhost] [1a7625da426e7ed6de18c65091416d8f]
https://www.humo.be [403] [GET] [text/html] [Access Denied] [AkamaiGHost] [vhost] [a5a2d7c9b71a74169a2fb1055900ec94]
https://www.klantacties.humo.be [200] [GET] [text/html] [Startpagina | DPG Media] [Apache/2] [vhost] [Apache:2,Varnish:7.1,Vue.js] [662bdeb4ae8d3342ac27ca4b92d96dc6]
http://t2.klantacties.humo.be:8080 [404] [GET] [text/html] [404 Not Found] [Apache/2.4.37 (rocky)] [Apache:2.4.37] [cd3be2f061d2d1bd9623c5549fb7d904]
http://t.klantacties.humo.be:8080 [404] [GET] [text/html] [404 Not Found] [Apache/2.4.37 (AlmaLinux)] [AlmaLinux,Apache:2.4.37] [cd3be2f061d2d1bd9623c5549fb7d904]
http://www.click.klantacties.humo.be:8080 [200] [GET] [text/html] [Shared IP] [Apache/2] [Apache:2] [d3f59542649dcf75112dea876843f05a]
