http://account.huobi.com:2052 [301] [GET] [] [] [cloudflare] [cloudflare] [Cloudflare] [d41d8cd98f00b204e9800998ecf8427e]
http://account.huobi.com:2082 [301] [GET] [] [] [cloudflare] [cloudflare] [Cloudflare] [d41d8cd98f00b204e9800998ecf8427e]
http://account.huobi.com:2083 [400] [GET] [text/html] [400 The plain HTTP request was sent to HTTPS port] [cloudflare] [cloudflare] [Cloudflare] [20ad84d030031252141ca0b3fc0183f0]
http://account.huobi.com:2086 [301] [GET] [] [] [cloudflare] [cloudflare] [Cloudflare] [d41d8cd98f00b204e9800998ecf8427e]
http://account.huobi.com:2087 [400] [GET] [text/html] [400 The plain HTTP request was sent to HTTPS port] [cloudflare] [cloudflare] [Cloudflare] [cd58783500d7fa3c58f88eb0ba22f4f8]
http://account.huobi.com:8080 [301] [GET] [] [] [cloudflare] [cloudflare] [Cloudflare] [d41d8cd98f00b204e9800998ecf8427e]
http://account.huobi.com:8880 [301] [GET] [] [] [cloudflare] [cloudflare] [Cloudflare] [d41d8cd98f00b204e9800998ecf8427e]
http://api.huobi.com:2052 [301] [GET] [] [] [cloudflare] [cloudflare] [Cloudflare] [d41d8cd98f00b204e9800998ecf8427e]
http://api.huobi.com:2082 [301] [GET] [] [] [cloudflare] [cloudflare] [Cloudflare] [d41d8cd98f00b204e9800998ecf8427e]
http://api.huobi.com:2083 [400] [GET] [text/html] [400 The plain HTTP request was sent to HTTPS port] [cloudflare] [cloudflare] [Cloudflare] [cd58783500d7fa3c58f88eb0ba22f4f8]
http://api.huobi.com:2086 [301] [GET] [] [] [cloudflare] [cloudflare] [Cloudflare] [d41d8cd98f00b204e9800998ecf8427e]
http://api.huobi.com:2087 [400] [GET] [text/html] [400 The plain HTTP request was sent to HTTPS port] [cloudflare] [cloudflare] [Cloudflare] [20ad84d030031252141ca0b3fc0183f0]
http://api.huobi.com:8080 [301] [GET] [] [] [cloudflare] [cloudflare] [Cloudflare] [d41d8cd98f00b204e9800998ecf8427e]
http://api.huobi.com:8880 [301] [GET] [] [] [cloudflare] [cloudflare] [Cloudflare] [d41d8cd98f00b204e9800998ecf8427e]
http://asset.huobi.com:2052 [301] [GET] [] [] [cloudflare] [cloudflare] [Cloudflare] [d41d8cd98f00b204e9800998ecf8427e]
http://asset.huobi.com:2082 [301] [GET] [] [] [cloudflare] [cloudflare] [Cloudflare] [d41d8cd98f00b204e9800998ecf8427e]
http://asset.huobi.com:2083 [400] [GET] [text/html] [400 The plain HTTP request was sent to HTTPS port] [cloudflare] [cloudflare] [Cloudflare] [cd58783500d7fa3c58f88eb0ba22f4f8]
http://asset.huobi.com:2086 [301] [GET] [] [] [cloudflare] [cloudflare] [Cloudflare] [d41d8cd98f00b204e9800998ecf8427e]
http://asset.huobi.com:2087 [400] [GET] [text/html] [400 The plain HTTP request was sent to HTTPS port] [cloudflare] [cloudflare] [Cloudflare] [20ad84d030031252141ca0b3fc0183f0]
http://asset.huobi.com [301] [GET] [] [] [cloudflare] [cloudflare] [Cloudflare] [d41d8cd98f00b204e9800998ecf8427e]
http://asset.huobi.com:8080 [301] [GET] [] [] [cloudflare] [cloudflare] [Cloudflare] [d41d8cd98f00b204e9800998ecf8427e]
http://asset.huobi.com:8880 [301] [GET] [] [] [cloudflare] [cloudflare] [Cloudflare] [d41d8cd98f00b204e9800998ecf8427e]
http://autodiscover.huobi.com [301] [GET] [] [] [Microsoft-IIS/10.0] [vhost] [IIS:10.0,Microsoft ASP.NET,Windows Server] [d41d8cd98f00b204e9800998ecf8427e]
http://autodiscover.mm.huobi.com [301] [GET] [] [] [Microsoft-IIS/10.0] [vhost] [IIS:10.0,Microsoft ASP.NET,Windows Server] [d41d8cd98f00b204e9800998ecf8427e]
http://brokerage.huobi.com:2082 [301] [GET] [] [] [cloudflare] [cloudflare] [Cloudflare] [d41d8cd98f00b204e9800998ecf8427e]
http://brokerage.huobi.com:2083 [400] [GET] [text/html] [400 The plain HTTP request was sent to HTTPS port] [cloudflare] [cloudflare] [Cloudflare] [20ad84d030031252141ca0b3fc0183f0]
http://brokerage.huobi.com:2086 [301] [GET] [] [] [cloudflare] [cloudflare] [Cloudflare] [d41d8cd98f00b204e9800998ecf8427e]
http://brokerage.huobi.com:2087 [400] [GET] [text/html] [400 The plain HTTP request was sent to HTTPS port] [cloudflare] [cloudflare] [Cloudflare] [20ad84d030031252141ca0b3fc0183f0]
http://brokerage.huobi.com:8080 [301] [GET] [] [] [cloudflare] [cloudflare] [Cloudflare] [d41d8cd98f00b204e9800998ecf8427e]
http://brokerage.huobi.com:8443 [400] [GET] [text/html] [400 The plain HTTP request was sent to HTTPS port] [cloudflare] [cloudflare] [Cloudflare] [cd58783500d7fa3c58f88eb0ba22f4f8]
http://brokerage.huobi.com:8880 [301] [GET] [] [] [cloudflare] [cloudflare] [Cloudflare] [d41d8cd98f00b204e9800998ecf8427e]
http://broker.huobi.com:2052 [403] [GET] [text/plain] [] [cloudflare] [cloudflare] [Cloudflare] [4f20b85ce5ebf225720e040314a7966a]
http://broker.huobi.com:2082 [301] [GET] [] [] [cloudflare] [cloudflare] [Cloudflare] [d41d8cd98f00b204e9800998ecf8427e]
http://broker.huobi.com:2083 [400] [GET] [text/html] [400 The plain HTTP request was sent to HTTPS port] [cloudflare] [cloudflare] [Cloudflare] [20ad84d030031252141ca0b3fc0183f0]
http://broker.huobi.com:2086 [301] [GET] [] [] [cloudflare] [cloudflare] [Cloudflare] [d41d8cd98f00b204e9800998ecf8427e]
http://broker.huobi.com:2087 [400] [GET] [text/html] [400 The plain HTTP request was sent to HTTPS port] [cloudflare] [cloudflare] [Cloudflare] [cd58783500d7fa3c58f88eb0ba22f4f8]
http://broker.huobi.com:8080 [301] [GET] [] [] [cloudflare] [cloudflare] [Cloudflare] [d41d8cd98f00b204e9800998ecf8427e]
http://broker.huobi.com:8880 [301] [GET] [] [] [cloudflare] [cloudflare] [Cloudflare] [d41d8cd98f00b204e9800998ecf8427e]
http://c2c.huobi.com:2052 [301] [GET] [] [] [cloudflare] [cloudflare] [Cloudflare] [d41d8cd98f00b204e9800998ecf8427e]
http://c2c.huobi.com:2082 [301] [GET] [] [] [cloudflare] [cloudflare] [Cloudflare] [d41d8cd98f00b204e9800998ecf8427e]
http://c2c.huobi.com:2083 [400] [GET] [text/html] [400 The plain HTTP request was sent to HTTPS port] [cloudflare] [cloudflare] [Cloudflare] [20ad84d030031252141ca0b3fc0183f0]
http://c2c.huobi.com:2086 [301] [GET] [] [] [cloudflare] [cloudflare] [Cloudflare] [d41d8cd98f00b204e9800998ecf8427e]
http://c2c.huobi.com:2087 [400] [GET] [text/html] [400 The plain HTTP request was sent to HTTPS port] [cloudflare] [cloudflare] [Cloudflare] [20ad84d030031252141ca0b3fc0183f0]
http://c2c.huobi.com:8080 [301] [GET] [] [] [cloudflare] [cloudflare] [Cloudflare] [d41d8cd98f00b204e9800998ecf8427e]
http://c2c.huobi.com:8880 [301] [GET] [] [] [cloudflare] [cloudflare] [Cloudflare] [d41d8cd98f00b204e9800998ecf8427e]
http://charity.huobi.com:2082 [301] [GET] [] [] [cloudflare] [cloudflare] [Cloudflare] [d41d8cd98f00b204e9800998ecf8427e]
http://charity.huobi.com:2083 [400] [GET] [text/html] [400 The plain HTTP request was sent to HTTPS port] [cloudflare] [cloudflare] [Cloudflare] [20ad84d030031252141ca0b3fc0183f0]
http://charity.huobi.com:2086 [301] [GET] [] [] [cloudflare] [cloudflare] [Cloudflare] [d41d8cd98f00b204e9800998ecf8427e]
http://charity.huobi.com:2087 [400] [GET] [text/html] [400 The plain HTTP request was sent to HTTPS port] [cloudflare] [cloudflare] [Cloudflare] [cd58783500d7fa3c58f88eb0ba22f4f8]
http://charity.huobi.com:8080 [301] [GET] [] [] [cloudflare] [cloudflare] [Cloudflare] [d41d8cd98f00b204e9800998ecf8427e]
http://charity.huobi.com:8443 [400] [GET] [text/html] [400 The plain HTTP request was sent to HTTPS port] [cloudflare] [cloudflare] [Cloudflare] [20ad84d030031252141ca0b3fc0183f0]
http://charity.huobi.com:8880 [301] [GET] [] [] [cloudflare] [cloudflare] [Cloudflare] [d41d8cd98f00b204e9800998ecf8427e]
http://chat.huobi.com:2082 [301] [GET] [] [] [cloudflare] [cloudflare] [Cloudflare] [d41d8cd98f00b204e9800998ecf8427e]
http://chat.huobi.com:2083 [400] [GET] [text/html] [400 The plain HTTP request was sent to HTTPS port] [cloudflare] [cloudflare] [Cloudflare] [20ad84d030031252141ca0b3fc0183f0]
http://chat.huobi.com:2086 [301] [GET] [] [] [cloudflare] [cloudflare] [Cloudflare] [d41d8cd98f00b204e9800998ecf8427e]
http://chat.huobi.com:2087 [400] [GET] [text/html] [400 The plain HTTP request was sent to HTTPS port] [cloudflare] [cloudflare] [Cloudflare] [20ad84d030031252141ca0b3fc0183f0]
http://chat.huobi.com [301] [GET] [] [] [cloudflare] [cloudflare] [Cloudflare] [d41d8cd98f00b204e9800998ecf8427e]
http://chat.huobi.com:8080 [301] [GET] [] [] [cloudflare] [cloudflare] [Cloudflare] [d41d8cd98f00b204e9800998ecf8427e]
http://chat.huobi.com:8443 [400] [GET] [text/html] [400 The plain HTTP request was sent to HTTPS port] [cloudflare] [cloudflare] [Cloudflare] [cd58783500d7fa3c58f88eb0ba22f4f8]
http://chat.huobi.com:8880 [301] [GET] [] [] [cloudflare] [cloudflare] [Cloudflare] [d41d8cd98f00b204e9800998ecf8427e]
http://dm.huobi.com:2082 [301] [GET] [] [] [cloudflare] [cloudflare] [Cloudflare] [d41d8cd98f00b204e9800998ecf8427e]
http://dm.huobi.com:2083 [400] [GET] [text/html] [400 The plain HTTP request was sent to HTTPS port] [cloudflare] [cloudflare] [Cloudflare] [20ad84d030031252141ca0b3fc0183f0]
http://dm.huobi.com:2086 [301] [GET] [] [] [cloudflare] [cloudflare] [Cloudflare] [d41d8cd98f00b204e9800998ecf8427e]
http://dm.huobi.com:2087 [400] [GET] [text/html] [400 The plain HTTP request was sent to HTTPS port] [cloudflare] [cloudflare] [Cloudflare] [20ad84d030031252141ca0b3fc0183f0]
http://dm.huobi.com:8080 [301] [GET] [] [] [cloudflare] [cloudflare] [Cloudflare] [d41d8cd98f00b204e9800998ecf8427e]
http://dm.huobi.com:8443 [400] [GET] [text/html] [400 The plain HTTP request was sent to HTTPS port] [cloudflare] [cloudflare] [Cloudflare] [cd58783500d7fa3c58f88eb0ba22f4f8]
http://dm.huobi.com:8880 [301] [GET] [] [] [cloudflare] [cloudflare] [Cloudflare] [d41d8cd98f00b204e9800998ecf8427e]
http://eco.huobi.com:2082 [301] [GET] [] [] [cloudflare] [cloudflare] [Cloudflare] [d41d8cd98f00b204e9800998ecf8427e]
http://eco.huobi.com:2083 [400] [GET] [text/html] [400 The plain HTTP request was sent to HTTPS port] [cloudflare] [cloudflare] [Cloudflare] [20ad84d030031252141ca0b3fc0183f0]
http://eco.huobi.com:2086 [301] [GET] [] [] [cloudflare] [cloudflare] [Cloudflare] [d41d8cd98f00b204e9800998ecf8427e]
http://eco.huobi.com:2087 [400] [GET] [text/html] [400 The plain HTTP request was sent to HTTPS port] [cloudflare] [cloudflare] [Cloudflare] [20ad84d030031252141ca0b3fc0183f0]
http://eco.huobi.com:8080 [301] [GET] [] [] [cloudflare] [cloudflare] [Cloudflare] [d41d8cd98f00b204e9800998ecf8427e]
http://eco.huobi.com:8443 [400] [GET] [text/html] [400 The plain HTTP request was sent to HTTPS port] [cloudflare] [cloudflare] [Cloudflare] [cd58783500d7fa3c58f88eb0ba22f4f8]
http://eco.huobi.com:8880 [301] [GET] [] [] [cloudflare] [cloudflare] [Cloudflare] [d41d8cd98f00b204e9800998ecf8427e]
http://futures.huobi.com:2082 [301] [GET] [] [] [cloudflare] [cloudflare] [Cloudflare] [d41d8cd98f00b204e9800998ecf8427e]
http://futures.huobi.com:2083 [400] [GET] [text/html] [400 The plain HTTP request was sent to HTTPS port] [cloudflare] [cloudflare] [Cloudflare] [20ad84d030031252141ca0b3fc0183f0]
http://futures.huobi.com:2086 [301] [GET] [] [] [cloudflare] [cloudflare] [Cloudflare] [d41d8cd98f00b204e9800998ecf8427e]
http://futures.huobi.com:2087 [400] [GET] [text/html] [400 The plain HTTP request was sent to HTTPS port] [cloudflare] [cloudflare] [Cloudflare] [cd58783500d7fa3c58f88eb0ba22f4f8]
http://futures.huobi.com:8080 [301] [GET] [] [] [cloudflare] [cloudflare] [Cloudflare] [d41d8cd98f00b204e9800998ecf8427e]
http://futures.huobi.com:8443 [400] [GET] [text/html] [400 The plain HTTP request was sent to HTTPS port] [cloudflare] [cloudflare] [Cloudflare] [cd58783500d7fa3c58f88eb0ba22f4f8]
http://futures.huobi.com:8880 [403] [GET] [text/plain] [] [cloudflare] [cloudflare] [Cloudflare] [4f20b85ce5ebf225720e040314a7966a]
http://general.huobi.com:2082 [301] [GET] [] [] [cloudflare] [cloudflare] [Cloudflare] [d41d8cd98f00b204e9800998ecf8427e]
http://general.huobi.com:2083 [400] [GET] [text/html] [400 The plain HTTP request was sent to HTTPS port] [cloudflare] [cloudflare] [Cloudflare] [cd58783500d7fa3c58f88eb0ba22f4f8]
http://general.huobi.com:2086 [301] [GET] [] [] [cloudflare] [cloudflare] [Cloudflare] [d41d8cd98f00b204e9800998ecf8427e]
http://general.huobi.com:2087 [400] [GET] [text/html] [400 The plain HTTP request was sent to HTTPS port] [cloudflare] [cloudflare] [Cloudflare] [20ad84d030031252141ca0b3fc0183f0]
http://general.huobi.com:8080 [301] [GET] [] [] [cloudflare] [cloudflare] [Cloudflare] [d41d8cd98f00b204e9800998ecf8427e]
http://general.huobi.com:8443 [400] [GET] [text/html] [400 The plain HTTP request was sent to HTTPS port] [cloudflare] [cloudflare] [Cloudflare] [cd58783500d7fa3c58f88eb0ba22f4f8]
http://general.huobi.com:8880 [301] [GET] [] [] [cloudflare] [cloudflare] [Cloudflare] [d41d8cd98f00b204e9800998ecf8427e]
http://hdm.huobi.com:2082 [301] [GET] [] [] [cloudflare] [cloudflare] [Cloudflare] [d41d8cd98f00b204e9800998ecf8427e]
http://hdm.huobi.com:2083 [400] [GET] [text/html] [400 The plain HTTP request was sent to HTTPS port] [cloudflare] [cloudflare] [Cloudflare] [cd58783500d7fa3c58f88eb0ba22f4f8]
http://hdm.huobi.com:2086 [301] [GET] [] [] [cloudflare] [cloudflare] [Cloudflare] [d41d8cd98f00b204e9800998ecf8427e]
http://hdm.huobi.com:2087 [400] [GET] [text/html] [400 The plain HTTP request was sent to HTTPS port] [cloudflare] [cloudflare] [Cloudflare] [20ad84d030031252141ca0b3fc0183f0]
http://hdm.huobi.com:8080 [301] [GET] [] [] [cloudflare] [cloudflare] [Cloudflare] [d41d8cd98f00b204e9800998ecf8427e]
http://hdm.huobi.com:8443 [400] [GET] [text/html] [400 The plain HTTP request was sent to HTTPS port] [cloudflare] [cloudflare] [Cloudflare] [20ad84d030031252141ca0b3fc0183f0]
http://hdm.huobi.com:8880 [301] [GET] [] [] [cloudflare] [cloudflare] [Cloudflare] [d41d8cd98f00b204e9800998ecf8427e]
http://huobi.com:2082 [301] [GET] [] [] [cloudflare] [cloudflare] [Cloudflare] [d41d8cd98f00b204e9800998ecf8427e]
http://huobi.com:2086 [301] [GET] [] [] [cloudflare] [cloudflare] [Cloudflare] [d41d8cd98f00b204e9800998ecf8427e]
http://huobi.com:8080 [301] [GET] [] [] [cloudflare] [cloudflare] [Cloudflare] [d41d8cd98f00b204e9800998ecf8427e]
http://im.huobi.com:2082 [301] [GET] [] [] [cloudflare] [cloudflare] [Cloudflare] [d41d8cd98f00b204e9800998ecf8427e]
http://im.huobi.com:2083 [400] [GET] [text/html] [400 The plain HTTP request was sent to HTTPS port] [cloudflare] [cloudflare] [Cloudflare] [cd58783500d7fa3c58f88eb0ba22f4f8]
http://im.huobi.com:2086 [301] [GET] [] [] [cloudflare] [cloudflare] [Cloudflare] [d41d8cd98f00b204e9800998ecf8427e]
http://im.huobi.com:2087 [400] [GET] [text/html] [400 The plain HTTP request was sent to HTTPS port] [cloudflare] [cloudflare] [Cloudflare] [20ad84d030031252141ca0b3fc0183f0]
http://im.huobi.com [301] [GET] [] [] [cloudflare] [cloudflare] [Cloudflare] [d41d8cd98f00b204e9800998ecf8427e]
http://im.huobi.com:8080 [301] [GET] [] [] [cloudflare] [cloudflare] [Cloudflare] [d41d8cd98f00b204e9800998ecf8427e]
http://im.huobi.com:8443 [400] [GET] [text/html] [400 The plain HTTP request was sent to HTTPS port] [cloudflare] [cloudflare] [Cloudflare] [20ad84d030031252141ca0b3fc0183f0]
http://im.huobi.com:8880 [301] [GET] [] [] [cloudflare] [cloudflare] [Cloudflare] [d41d8cd98f00b204e9800998ecf8427e]
http://institution.huobi.com:2082 [301] [GET] [] [] [cloudflare] [cloudflare] [Cloudflare] [d41d8cd98f00b204e9800998ecf8427e]
http://institution.huobi.com:2083 [400] [GET] [text/html] [400 The plain HTTP request was sent to HTTPS port] [cloudflare] [cloudflare] [Cloudflare] [20ad84d030031252141ca0b3fc0183f0]
http://institution.huobi.com:2086 [301] [GET] [] [] [cloudflare] [cloudflare] [Cloudflare] [d41d8cd98f00b204e9800998ecf8427e]
http://institution.huobi.com:2087 [400] [GET] [text/html] [400 The plain HTTP request was sent to HTTPS port] [cloudflare] [cloudflare] [Cloudflare] [20ad84d030031252141ca0b3fc0183f0]
http://institution.huobi.com:8080 [301] [GET] [] [] [cloudflare] [cloudflare] [Cloudflare] [d41d8cd98f00b204e9800998ecf8427e]
http://institution.huobi.com:8443 [400] [GET] [text/html] [400 The plain HTTP request was sent to HTTPS port] [cloudflare] [cloudflare] [Cloudflare] [cd58783500d7fa3c58f88eb0ba22f4f8]
http://institution.huobi.com:8880 [301] [GET] [] [] [cloudflare] [cloudflare] [Cloudflare] [d41d8cd98f00b204e9800998ecf8427e]
http://kr.huobi.com:2052 [301] [GET] [] [] [cloudflare] [cloudflare] [Cloudflare] [d41d8cd98f00b204e9800998ecf8427e]
http://kr.huobi.com:2082 [301] [GET] [] [] [cloudflare] [cloudflare] [Cloudflare] [d41d8cd98f00b204e9800998ecf8427e]
http://kr.huobi.com:2086 [301] [GET] [] [] [cloudflare] [cloudflare] [Cloudflare] [d41d8cd98f00b204e9800998ecf8427e]
http://kr.huobi.com:8080 [301] [GET] [] [] [cloudflare] [cloudflare] [Cloudflare] [d41d8cd98f00b204e9800998ecf8427e]
http://kr.huobi.com:8880 [301] [GET] [] [] [cloudflare] [cloudflare] [Cloudflare] [d41d8cd98f00b204e9800998ecf8427e]
http://kyc.huobi.com:2082 [301] [GET] [] [] [cloudflare] [cloudflare] [Cloudflare] [d41d8cd98f00b204e9800998ecf8427e]
http://kyc.huobi.com:2086 [301] [GET] [] [] [cloudflare] [cloudflare] [Cloudflare] [d41d8cd98f00b204e9800998ecf8427e]
http://kyc.huobi.com:2087 [400] [GET] [text/html] [400 The plain HTTP request was sent to HTTPS port] [cloudflare] [cloudflare] [Cloudflare] [cd58783500d7fa3c58f88eb0ba22f4f8]
http://kyc.huobi.com:8080 [301] [GET] [] [] [cloudflare] [cloudflare] [Cloudflare] [d41d8cd98f00b204e9800998ecf8427e]
http://kyc.huobi.com:8443 [400] [GET] [text/html] [400 The plain HTTP request was sent to HTTPS port] [cloudflare] [cloudflare] [Cloudflare] [cd58783500d7fa3c58f88eb0ba22f4f8]
http://kyc.huobi.com:8880 [301] [GET] [] [] [cloudflare] [cloudflare] [Cloudflare] [d41d8cd98f00b204e9800998ecf8427e]
http://learn.huobi.com:2052 [301] [GET] [] [] [cloudflare] [cloudflare] [Cloudflare] [d41d8cd98f00b204e9800998ecf8427e]
http://learn.huobi.com:2082 [301] [GET] [] [] [cloudflare] [cloudflare] [Cloudflare] [d41d8cd98f00b204e9800998ecf8427e]
http://learn.huobi.com:2083 [400] [GET] [text/html] [400 The plain HTTP request was sent to HTTPS port] [cloudflare] [cloudflare] [Cloudflare] [cd58783500d7fa3c58f88eb0ba22f4f8]
http://learn.huobi.com:2086 [301] [GET] [] [] [cloudflare] [cloudflare] [Cloudflare] [d41d8cd98f00b204e9800998ecf8427e]
http://learn.huobi.com:2087 [400] [GET] [text/html] [400 The plain HTTP request was sent to HTTPS port] [cloudflare] [cloudflare] [Cloudflare] [20ad84d030031252141ca0b3fc0183f0]
http://learn.huobi.com:8080 [301] [GET] [] [] [cloudflare] [cloudflare] [Cloudflare] [d41d8cd98f00b204e9800998ecf8427e]
http://learn.huobi.com:8880 [301] [GET] [] [] [cloudflare] [cloudflare] [Cloudflare] [d41d8cd98f00b204e9800998ecf8427e]
http://lt.huobi.com:2052 [301] [GET] [] [] [cloudflare] [cloudflare] [Cloudflare] [d41d8cd98f00b204e9800998ecf8427e]
http://lt.huobi.com:2082 [301] [GET] [] [] [cloudflare] [cloudflare] [Cloudflare] [d41d8cd98f00b204e9800998ecf8427e]
http://lt.huobi.com:2083 [400] [GET] [text/html] [400 The plain HTTP request was sent to HTTPS port] [cloudflare] [cloudflare] [Cloudflare] [cd58783500d7fa3c58f88eb0ba22f4f8]
http://lt.huobi.com:2086 [301] [GET] [] [] [cloudflare] [cloudflare] [Cloudflare] [d41d8cd98f00b204e9800998ecf8427e]
http://lt.huobi.com:2087 [400] [GET] [text/html] [400 The plain HTTP request was sent to HTTPS port] [cloudflare] [cloudflare] [Cloudflare] [20ad84d030031252141ca0b3fc0183f0]
http://lt.huobi.com:8080 [301] [GET] [] [] [cloudflare] [cloudflare] [Cloudflare] [d41d8cd98f00b204e9800998ecf8427e]
http://lt.huobi.com:8880 [301] [GET] [] [] [cloudflare] [cloudflare] [Cloudflare] [d41d8cd98f00b204e9800998ecf8427e]
http://lus.huobi.com:2082 [301] [GET] [] [] [cloudflare] [cloudflare] [Cloudflare] [d41d8cd98f00b204e9800998ecf8427e]
http://lus.huobi.com:2086 [301] [GET] [] [] [cloudflare] [cloudflare] [Cloudflare] [d41d8cd98f00b204e9800998ecf8427e]
http://lus.huobi.com:8080 [301] [GET] [] [] [cloudflare] [cloudflare] [Cloudflare] [d41d8cd98f00b204e9800998ecf8427e]
http://lus.huobi.com:8880 [301] [GET] [] [] [cloudflare] [cloudflare] [Cloudflare] [d41d8cd98f00b204e9800998ecf8427e]
http://mailagent.huobi.com:22 [302] [GET] [] [] [] [d41d8cd98f00b204e9800998ecf8427e]
http://market.huobi.com:2082 [301] [GET] [] [] [cloudflare] [cloudflare] [Cloudflare] [d41d8cd98f00b204e9800998ecf8427e]
http://market.huobi.com:2083 [400] [GET] [text/html] [400 The plain HTTP request was sent to HTTPS port] [cloudflare] [cloudflare] [Cloudflare] [20ad84d030031252141ca0b3fc0183f0]
http://market.huobi.com:2086 [301] [GET] [] [] [cloudflare] [cloudflare] [Cloudflare] [d41d8cd98f00b204e9800998ecf8427e]
http://market.huobi.com:2087 [400] [GET] [text/html] [400 The plain HTTP request was sent to HTTPS port] [cloudflare] [cloudflare] [Cloudflare] [cd58783500d7fa3c58f88eb0ba22f4f8]
http://market.huobi.com:8080 [301] [GET] [] [] [cloudflare] [cloudflare] [Cloudflare] [d41d8cd98f00b204e9800998ecf8427e]
http://market.huobi.com:8443 [400] [GET] [text/html] [400 The plain HTTP request was sent to HTTPS port] [cloudflare] [cloudflare] [Cloudflare] [20ad84d030031252141ca0b3fc0183f0]
http://market.huobi.com:8880 [301] [GET] [] [] [cloudflare] [cloudflare] [Cloudflare] [d41d8cd98f00b204e9800998ecf8427e]
http://m.huobi.com:2082 [301] [GET] [] [] [cloudflare] [cloudflare] [Cloudflare] [d41d8cd98f00b204e9800998ecf8427e]
http://m.huobi.com:2086 [301] [GET] [] [] [cloudflare] [cloudflare] [Cloudflare] [d41d8cd98f00b204e9800998ecf8427e]
http://m.huobi.com:8080 [301] [GET] [] [] [cloudflare] [cloudflare] [Cloudflare] [d41d8cd98f00b204e9800998ecf8427e]
http://m.huobi.com:8880 [301] [GET] [] [] [cloudflare] [cloudflare] [Cloudflare] [d41d8cd98f00b204e9800998ecf8427e]
http://mis-api.huobi.com:2052 [301] [GET] [] [] [cloudflare] [cloudflare] [Cloudflare] [d41d8cd98f00b204e9800998ecf8427e]
http://mis-api.huobi.com:2082 [301] [GET] [] [] [cloudflare] [cloudflare] [Cloudflare] [d41d8cd98f00b204e9800998ecf8427e]
http://mis-api.huobi.com:2086 [301] [GET] [] [] [cloudflare] [cloudflare] [Cloudflare] [d41d8cd98f00b204e9800998ecf8427e]
http://mis-api.huobi.com:8080 [301] [GET] [] [] [cloudflare] [cloudflare] [Cloudflare] [d41d8cd98f00b204e9800998ecf8427e]
http://mis-api.huobi.com:8880 [301] [GET] [] [] [cloudflare] [cloudflare] [Cloudflare] [d41d8cd98f00b204e9800998ecf8427e]
http://mobile.huobi.com:2052 [301] [GET] [] [] [cloudflare] [cloudflare] [Cloudflare] [d41d8cd98f00b204e9800998ecf8427e]
http://mobile.huobi.com:2082 [301] [GET] [] [] [cloudflare] [cloudflare] [Cloudflare] [d41d8cd98f00b204e9800998ecf8427e]
http://mobile.huobi.com:2083 [400] [GET] [text/html] [400 The plain HTTP request was sent to HTTPS port] [cloudflare] [cloudflare] [Cloudflare] [cd58783500d7fa3c58f88eb0ba22f4f8]
http://mobile.huobi.com:2086 [301] [GET] [] [] [cloudflare] [cloudflare] [Cloudflare] [d41d8cd98f00b204e9800998ecf8427e]
http://mobile.huobi.com:2087 [400] [GET] [text/html] [400 The plain HTTP request was sent to HTTPS port] [cloudflare] [cloudflare] [Cloudflare] [20ad84d030031252141ca0b3fc0183f0]
http://mobile.huobi.com:8080 [301] [GET] [] [] [cloudflare] [cloudflare] [Cloudflare] [d41d8cd98f00b204e9800998ecf8427e]
http://mobile.huobi.com:8880 [301] [GET] [] [] [cloudflare] [cloudflare] [Cloudflare] [d41d8cd98f00b204e9800998ecf8427e]
http://nft.huobi.com:2082 [301] [GET] [] [] [cloudflare] [cloudflare] [Cloudflare] [d41d8cd98f00b204e9800998ecf8427e]
http://nft.huobi.com:2083 [400] [GET] [text/html] [400 The plain HTTP request was sent to HTTPS port] [cloudflare] [cloudflare] [Cloudflare] [cd58783500d7fa3c58f88eb0ba22f4f8]
http://nft.huobi.com:2086 [301] [GET] [] [] [cloudflare] [cloudflare] [Cloudflare] [d41d8cd98f00b204e9800998ecf8427e]
http://nft.huobi.com:2087 [400] [GET] [text/html] [400 The plain HTTP request was sent to HTTPS port] [cloudflare] [cloudflare] [Cloudflare] [20ad84d030031252141ca0b3fc0183f0]
http://nft.huobi.com:8080 [301] [GET] [] [] [cloudflare] [cloudflare] [Cloudflare] [d41d8cd98f00b204e9800998ecf8427e]
http://nft.huobi.com:8443 [400] [GET] [text/html] [400 The plain HTTP request was sent to HTTPS port] [cloudflare] [cloudflare] [Cloudflare] [20ad84d030031252141ca0b3fc0183f0]
http://nft.huobi.com:8880 [301] [GET] [] [] [cloudflare] [cloudflare] [Cloudflare] [d41d8cd98f00b204e9800998ecf8427e]
http://old.huobi.com:2052 [301] [GET] [] [] [cloudflare] [cloudflare] [Cloudflare] [d41d8cd98f00b204e9800998ecf8427e]
http://old.huobi.com:2082 [301] [GET] [] [] [cloudflare] [cloudflare] [Cloudflare] [d41d8cd98f00b204e9800998ecf8427e]
http://old.huobi.com:2083 [400] [GET] [text/html] [400 The plain HTTP request was sent to HTTPS port] [cloudflare] [cloudflare] [Cloudflare] [cd58783500d7fa3c58f88eb0ba22f4f8]
http://old.huobi.com:2086 [301] [GET] [] [] [cloudflare] [cloudflare] [Cloudflare] [d41d8cd98f00b204e9800998ecf8427e]
http://old.huobi.com:2087 [400] [GET] [text/html] [400 The plain HTTP request was sent to HTTPS port] [cloudflare] [cloudflare] [Cloudflare] [20ad84d030031252141ca0b3fc0183f0]
http://old.huobi.com:8080 [301] [GET] [] [] [cloudflare] [cloudflare] [Cloudflare] [d41d8cd98f00b204e9800998ecf8427e]
http://old.huobi.com:8880 [301] [GET] [] [] [cloudflare] [cloudflare] [Cloudflare] [d41d8cd98f00b204e9800998ecf8427e]
http://otc-api.huobi.com:2082 [301] [GET] [] [] [cloudflare] [cloudflare] [Cloudflare] [d41d8cd98f00b204e9800998ecf8427e]
http://otc-api.huobi.com:2083 [400] [GET] [text/html] [400 The plain HTTP request was sent to HTTPS port] [cloudflare] [cloudflare] [Cloudflare] [20ad84d030031252141ca0b3fc0183f0]
http://otc-api.huobi.com:2086 [301] [GET] [] [] [cloudflare] [cloudflare] [Cloudflare] [d41d8cd98f00b204e9800998ecf8427e]
http://otc-api.huobi.com:2087 [400] [GET] [text/html] [400 The plain HTTP request was sent to HTTPS port] [cloudflare] [cloudflare] [Cloudflare] [cd58783500d7fa3c58f88eb0ba22f4f8]
http://otc-api.huobi.com:8080 [301] [GET] [] [] [cloudflare] [cloudflare] [Cloudflare] [d41d8cd98f00b204e9800998ecf8427e]
http://otc-api.huobi.com:8443 [400] [GET] [text/html] [400 The plain HTTP request was sent to HTTPS port] [cloudflare] [cloudflare] [Cloudflare] [cd58783500d7fa3c58f88eb0ba22f4f8]
http://otc-api.huobi.com:8880 [403] [GET] [text/plain] [] [cloudflare] [cloudflare] [Cloudflare] [4f20b85ce5ebf225720e040314a7966a]
http://otc.huobi.com:2052 [301] [GET] [] [] [cloudflare] [cloudflare] [Cloudflare] [d41d8cd98f00b204e9800998ecf8427e]
http://otc.huobi.com:2082 [301] [GET] [] [] [cloudflare] [cloudflare] [Cloudflare] [d41d8cd98f00b204e9800998ecf8427e]
http://otc.huobi.com:2083 [400] [GET] [text/html] [400 The plain HTTP request was sent to HTTPS port] [cloudflare] [cloudflare] [Cloudflare] [cd58783500d7fa3c58f88eb0ba22f4f8]
http://otc.huobi.com:2086 [301] [GET] [] [] [cloudflare] [cloudflare] [Cloudflare] [d41d8cd98f00b204e9800998ecf8427e]
http://otc.huobi.com:2087 [400] [GET] [text/html] [400 The plain HTTP request was sent to HTTPS port] [cloudflare] [cloudflare] [Cloudflare] [cd58783500d7fa3c58f88eb0ba22f4f8]
http://otc.huobi.com:8080 [301] [GET] [] [] [cloudflare] [cloudflare] [Cloudflare] [d41d8cd98f00b204e9800998ecf8427e]
http://otc.huobi.com:8880 [301] [GET] [] [] [cloudflare] [cloudflare] [Cloudflare] [d41d8cd98f00b204e9800998ecf8427e]
http://pledge.huobi.com:2082 [301] [GET] [] [] [cloudflare] [cloudflare] [Cloudflare] [d41d8cd98f00b204e9800998ecf8427e]
http://pledge.huobi.com:2083 [400] [GET] [text/html] [400 The plain HTTP request was sent to HTTPS port] [cloudflare] [cloudflare] [Cloudflare] [cd58783500d7fa3c58f88eb0ba22f4f8]
http://pledge.huobi.com:2086 [301] [GET] [] [] [cloudflare] [cloudflare] [Cloudflare] [d41d8cd98f00b204e9800998ecf8427e]
http://pledge.huobi.com:2087 [400] [GET] [text/html] [400 The plain HTTP request was sent to HTTPS port] [cloudflare] [cloudflare] [Cloudflare] [cd58783500d7fa3c58f88eb0ba22f4f8]
http://pledge.huobi.com:8080 [301] [GET] [] [] [cloudflare] [cloudflare] [Cloudflare] [d41d8cd98f00b204e9800998ecf8427e]
http://pledge.huobi.com:8443 [400] [GET] [text/html] [400 The plain HTTP request was sent to HTTPS port] [cloudflare] [cloudflare] [Cloudflare] [20ad84d030031252141ca0b3fc0183f0]
http://pledge.huobi.com:8880 [301] [GET] [] [] [cloudflare] [cloudflare] [Cloudflare] [d41d8cd98f00b204e9800998ecf8427e]
http://pool.huobi.com:2052 [301] [GET] [] [] [cloudflare] [cloudflare] [Cloudflare] [d41d8cd98f00b204e9800998ecf8427e]
http://pool.huobi.com:2082 [301] [GET] [] [] [cloudflare] [cloudflare] [Cloudflare] [d41d8cd98f00b204e9800998ecf8427e]
http://pool.huobi.com:2083 [400] [GET] [text/html] [400 The plain HTTP request was sent to HTTPS port] [cloudflare] [cloudflare] [Cloudflare] [cd58783500d7fa3c58f88eb0ba22f4f8]
http://pool.huobi.com:2086 [301] [GET] [] [] [cloudflare] [cloudflare] [Cloudflare] [d41d8cd98f00b204e9800998ecf8427e]
http://pool.huobi.com:2087 [400] [GET] [text/html] [400 The plain HTTP request was sent to HTTPS port] [cloudflare] [cloudflare] [Cloudflare] [cd58783500d7fa3c58f88eb0ba22f4f8]
http://pool.huobi.com:8080 [301] [GET] [] [] [cloudflare] [cloudflare] [Cloudflare] [d41d8cd98f00b204e9800998ecf8427e]
http://pool.huobi.com:8880 [301] [GET] [] [] [cloudflare] [cloudflare] [Cloudflare] [d41d8cd98f00b204e9800998ecf8427e]
http://research-api.huobi.com:2052 [301] [GET] [] [] [cloudflare] [cloudflare] [Cloudflare] [d41d8cd98f00b204e9800998ecf8427e]
http://research-api.huobi.com:2082 [301] [GET] [] [] [cloudflare] [cloudflare] [Cloudflare] [d41d8cd98f00b204e9800998ecf8427e]
http://research-api.huobi.com:2083 [400] [GET] [text/html] [400 The plain HTTP request was sent to HTTPS port] [cloudflare] [cloudflare] [Cloudflare] [cd58783500d7fa3c58f88eb0ba22f4f8]
http://research-api.huobi.com:2086 [301] [GET] [] [] [cloudflare] [cloudflare] [Cloudflare] [d41d8cd98f00b204e9800998ecf8427e]
http://research-api.huobi.com:8080 [301] [GET] [] [] [cloudflare] [cloudflare] [Cloudflare] [d41d8cd98f00b204e9800998ecf8427e]
http://research-api.huobi.com:8880 [301] [GET] [] [] [cloudflare] [cloudflare] [Cloudflare] [d41d8cd98f00b204e9800998ecf8427e]
http://research.huobi.com:2052 [301] [GET] [] [] [cloudflare] [cloudflare] [Cloudflare] [d41d8cd98f00b204e9800998ecf8427e]
http://research.huobi.com:2082 [301] [GET] [] [] [cloudflare] [cloudflare] [Cloudflare] [d41d8cd98f00b204e9800998ecf8427e]
http://research.huobi.com:2083 [400] [GET] [text/html] [400 The plain HTTP request was sent to HTTPS port] [cloudflare] [cloudflare] [Cloudflare] [20ad84d030031252141ca0b3fc0183f0]
http://research.huobi.com:2086 [301] [GET] [] [] [cloudflare] [cloudflare] [Cloudflare] [d41d8cd98f00b204e9800998ecf8427e]
http://research.huobi.com:2087 [400] [GET] [text/html] [400 The plain HTTP request was sent to HTTPS port] [cloudflare] [cloudflare] [Cloudflare] [20ad84d030031252141ca0b3fc0183f0]
http://research.huobi.com:8080 [301] [GET] [] [] [cloudflare] [cloudflare] [Cloudflare] [d41d8cd98f00b204e9800998ecf8427e]
http://research.huobi.com:8880 [301] [GET] [] [] [cloudflare] [cloudflare] [Cloudflare] [d41d8cd98f00b204e9800998ecf8427e]
https://account.huobi.com [200] [GET] [text/html] [loading...] [cloudflare] [vhost] [cloudflare] [Cloudflare,Google Tag Manager] [d91bf19c96988ac513739657a9de709c]
https://api.huobi.com [404] [GET] [text/html] [404 Not Found] [cloudflare] [vhost] [cloudflare] [Cloudflare] [4709e41ca960cbd3cd51f72c7fd98236]
https://api.huobi.com [404] [GET] [text/html] [404 Not Found] [cloudflare] [vhost] [cloudflare] [Cloudflare] [d0d7e0e5b87fb1277e5d7b9777db33db]
https://blog.huobi.com [200] [GET] [text/html] [Huobi Blog - Huobi Global's Latest News] [nginx] [vhost] [Font Awesome,Google Font API,MySQL,Nginx,PHP,WordPress,WordPress.com,Yoast SEO:19.5.1] [94ed981759fe56978d2c9cdd0a5d9721]
https://brokerage.huobi.com [200] [GET] [text/html] [] [cloudflare] [vhost] [cloudflare] [Cloudflare] [7f606539a7428a65631b258ac766f205]
https://brokerage.huobi.com [403] [GET] [text/html] [Attention Required! | Cloudflare] [cloudflare] [vhost] [cloudflare] [Cloudflare] [bb3a53ae4d997c11ab58b03bb830a8a7]
https://broker.huobi.com [200] [GET] [text/html] [火币 | 火币衍生品交易所 | 比特币合约交易] [cloudflare] [vhost] [cloudflare] [Cloudflare] [76ac668726701ccc314cb24a982ac46d]
https://c2c.huobi.com [301] [GET] [text/html] [301 Moved Permanently] [cloudflare] [vhost] [cloudflare] [Cloudflare] [3ea1c8d079b38532a6e01a96216ba5e2]
https://charity.huobi.com [200] [GET] [text/html] [Digital Charity, Visible Trust] [cloudflare] [vhost] [cloudflare] [Cloudflare] [787162767443c912b32bfa5dcba3622b]
https://dm.huobi.com [200] [GET] [text/html] [Huobi Futures | Crypto Futures Trading Platform] [cloudflare] [vhost] [cloudflare] [Cloudflare] [dcbc45f7483b93c84091cce5495bcab0]
https://eco.huobi.com [403] [GET] [text/html] [403 Forbidden] [cloudflare] [vhost] [cloudflare] [Cloudflare] [60bb83ecb2636b0746851830fee4f930]
https://enterpriseenrollment.huobi.com [302] [GET] [] [] [Microsoft-IIS/10.0] [azure] [IIS:10.0,Microsoft ASP.NET:4.0.30319,Windows Server] [d41d8cd98f00b204e9800998ecf8427e]
https://enterpriseenrollment.mm.huobi.com [302] [GET] [] [] [Microsoft-IIS/10.0] [azure] [IIS:10.0,Microsoft ASP.NET:4.0.30319,Windows Server] [d41d8cd98f00b204e9800998ecf8427e]
https://enterpriseregistration.huobi.com [404] [GET] [text/html] [Service] [] [azure] [17654c28a506596d05424ea295203bac]
https://enterpriseregistration.mm.huobi.com [404] [GET] [text/html] [Service] [] [azure] [17654c28a506596d05424ea295203bac]
https://futures.huobi.com [200] [GET] [text/html] [Huobi Futures | Crypto Futures Trading Platform] [cloudflare] [vhost] [cloudflare] [Cloudflare] [dcbc45f7483b93c84091cce5495bcab0]
https://general.huobi.com [403] [GET] [text/html] [403 Forbidden] [cloudflare] [vhost] [cloudflare] [Cloudflare] [60bb83ecb2636b0746851830fee4f930]
https://general.huobi.com [403] [GET] [text/html] [403 Forbidden] [cloudflare] [vhost] [cloudflare] [Cloudflare] [95a27dfd720e4be78f288dbda8b61031]
https://hdm.huobi.com [200] [GET] [text/html] [‎] [cloudflare] [vhost] [cloudflare] [Cloudflare] [76027466a1048e1e63757ad2d7233115]
https://huobi.com:2087 [301] [GET] [] [] [cloudflare] [cloudflare] [Cloudflare] [d41d8cd98f00b204e9800998ecf8427e]
https://huobi.com [301] [GET] [] [] [cloudflare] [vhost] [cloudflare] [Cloudflare] [d41d8cd98f00b204e9800998ecf8427e]
https://huobi.com:8443 [301] [GET] [] [] [cloudflare] [cloudflare] [Cloudflare] [d41d8cd98f00b204e9800998ecf8427e]
https://institution.huobi.com [200] [GET] [text/html] [Huobi Institution] [cloudflare] [vhost] [cloudflare] [Cloudflare] [2c77bee1276fa4d7d409812fc1ce21b3]
https://kr.huobi.com:2083 [530] [GET] [text/html] [Origin DNS error | kr.huobi.com | Cloudflare] [cloudflare] [vhost] [cloudflare] [Cloudflare] [804e87729252d35965adc5c759905bda]
https://kr.huobi.com:2087 [530] [GET] [text/html] [Origin DNS error | kr.huobi.com | Cloudflare] [cloudflare] [vhost] [cloudflare] [Cloudflare] [a3fd2656fbb98439cd31d51a53dc1e55]
https://kr.huobi.com [530] [GET] [text/html] [Origin DNS error | kr.huobi.com | Cloudflare] [cloudflare] [vhost] [cloudflare] [Cloudflare] [5bce05e3e143ee4c5493c31c3dd9f00b]
https://kr.huobi.com [530] [GET] [text/html] [Origin DNS error | kr.huobi.com | Cloudflare] [cloudflare] [vhost] [cloudflare] [Cloudflare] [b80433ba3ae8c93c6d9c7628918f78a1]
https://kyc.huobi.com [200] [GET] [text/html] [loading...] [cloudflare] [vhost] [cloudflare] [Cloudflare] [b735f529e7f1683c0cd494de5e896ecc]
https://learn.huobi.com [301] [GET] [text/html] [301 Moved Permanently] [cloudflare] [vhost] [cloudflare] [Cloudflare] [a3ff447f49262fbe83ee1fea4302ee5e]
https://lt.huobi.com [200] [GET] [text/html] [Huobi Lithuania] [cloudflare] [vhost] [cloudflare] [Cloudflare,Next.js,Node.js,React,webpack] [670006966ce73f07ad474c1f3da162f4]
https://lt.huobi.com [200] [GET] [text/html] [Huobi Lithuania] [cloudflare] [vhost] [cloudflare] [Cloudflare,Next.js,Node.js,React,webpack] [aeaee1e5c2d4953725227b70e7bdb7c4]
https://lus.huobi.com:2083 [530] [GET] [text/html] [Origin DNS error | lus.huobi.com | Cloudflare] [cloudflare] [vhost] [cloudflare] [Cloudflare] [a829f4008b42852125a5cffa28ab3c90]
https://lus.huobi.com:2087 [403] [GET] [text/plain] [] [cloudflare] [vhost] [cloudflare] [Cloudflare] [4f20b85ce5ebf225720e040314a7966a]
https://lus.huobi.com [530] [GET] [text/html] [Origin DNS error | lus.huobi.com | Cloudflare] [cloudflare] [vhost] [cloudflare] [Cloudflare] [262e6c2a0e42833265f712dd2bf50129]
https://lus.huobi.com [530] [GET] [text/html] [Origin DNS error | lus.huobi.com | Cloudflare] [cloudflare] [vhost] [cloudflare] [Cloudflare] [4ecd405b825a9b5dead831b7ab303e15]
https://lus.huobi.com:8443 [530] [GET] [text/html] [Origin DNS error | lus.huobi.com | Cloudflare] [cloudflare] [vhost] [cloudflare] [Cloudflare] [6975e4bca1b254988f1dd2d69733686d]
https://lyncdiscover.huobi.com [200] [GET] [application/json] [] [] [vhost] [Azure] [c8392c3812dabcc50319272eb192dd88]
https://lyncdiscover.mm.huobi.com [404] [GET] [application/json] [] [] [vhost] [Azure] [373397b4ebf514ea3578818e90f5f9b6]
https://mail.huobi.com [302] [GET] [] [] [Microsoft-IIS/10.0] [vhost] [IIS:10.0,Microsoft ASP.NET,Windows Server] [d41d8cd98f00b204e9800998ecf8427e]
https://market.huobi.com [403] [GET] [text/html] [403 Forbidden] [cloudflare] [vhost] [cloudflare] [Cloudflare] [60bb83ecb2636b0746851830fee4f930]
https://market.huobi.com [403] [GET] [text/html] [403 Forbidden] [cloudflare] [vhost] [cloudflare] [Cloudflare] [95a27dfd720e4be78f288dbda8b61031]
https://m.huobi.com [200] [GET] [text/html] [Buy Bitcoin&Ethereum | Crypto Exchange | Huobi Global] [cloudflare] [vhost] [cloudflare] [Cloudflare] [9d2e1cbb16313ce9a4bb6154ce3e4739]
https://m.huobi.com:2083 [429] [GET] [text/plain] [] [cloudflare] [vhost] [cloudflare] [Cloudflare] [1001b29d0cc03c0a5d1cd2567ed8ed94]
https://m.huobi.com:2087 [429] [GET] [text/plain] [] [cloudflare] [vhost] [cloudflare] [Cloudflare] [1001b29d0cc03c0a5d1cd2567ed8ed94]
https://m.huobi.com [429] [GET] [text/plain] [] [cloudflare] [vhost] [cloudflare] [Cloudflare] [1001b29d0cc03c0a5d1cd2567ed8ed94]
https://m.huobi.com:8443 [429] [GET] [text/plain] [] [cloudflare] [vhost] [cloudflare] [Cloudflare] [1001b29d0cc03c0a5d1cd2567ed8ed94]
https://mis-api.huobi.com:2083 [530] [GET] [text/html] [Origin DNS error | mis-api.huobi.com | Cloudflare] [cloudflare] [vhost] [cloudflare] [Cloudflare] [dada48b0ea8e37990503869130b43155]
https://mis-api.huobi.com:2087 [530] [GET] [text/html] [Origin DNS error | mis-api.huobi.com | Cloudflare] [cloudflare] [vhost] [cloudflare] [Cloudflare] [00951faf62b03b4e70ce018ebdc5914b]
https://mis-api.huobi.com [530] [GET] [text/html] [Origin DNS error | mis-api.huobi.com | Cloudflare] [cloudflare] [vhost] [cloudflare] [Cloudflare] [5ba666cd3024e48423bff4c9322c18d1]
https://mis-api.huobi.com [530] [GET] [text/html] [Origin DNS error | mis-api.huobi.com | Cloudflare] [cloudflare] [vhost] [cloudflare] [Cloudflare] [d053dda80a8dcbf1350f822f8afa655d]
https://mobile.huobi.com [200] [GET] [text/html] [火币-专业的比特币交易平台 | 火币全球站] [cloudflare] [vhost] [cloudflare] [Cloudflare] [df18af678f0a3b844a715559c96b52f5]
https://nft.huobi.com [200] [GET] [text/html] [全球领先的数字藏品电商平台] [cloudflare] [vhost] [cloudflare] [Cloudflare,Node.js,Nuxt.js,Vue.js] [824cb9f8a4342a04f4836696f807d280]
https://old.huobi.com [200] [GET] [text/html] [比特币交易平台_安全的以太坊莱特币比特币交易网-【火币网官网】] [cloudflare] [vhost] [cloudflare] [Cloudflare] [383cd911446119b0e08939936e239c37]
https://old.huobi.com [200] [GET] [text/html] [比特币交易平台_安全的以太坊莱特币比特币交易网-【火币网官网】] [cloudflare] [vhost] [cloudflare] [Cloudflare] [e306595238baee04dac4b95753165300]
https://otc-api.huobi.com [404] [GET] [application/json] [] [cloudflare] [vhost] [cloudflare] [Cloudflare] [3dc721fe197f99b46066de6dfdfaffc8]
https://otc.huobi.com [301] [GET] [text/html] [301 Moved Permanently] [cloudflare] [vhost] [cloudflare] [Cloudflare] [dd3f85baaa94b4d65db3ff76dd646a94]
https://pledge.huobi.com [200] [GET] [text/html] [‎] [cloudflare] [vhost] [cloudflare] [Cloudflare] [16d3a5ba7ec0471350d05dfd3cbe2fca]
https://pool.huobi.com [200] [GET] [text/html] [Huobi Pool] [cloudflare] [vhost] [cloudflare] [Cloudflare] [45dcc270fd6e0e9a49fee58f62478109]
https://research-api.huobi.com:2087 [403] [GET] [text/plain] [] [cloudflare] [vhost] [cloudflare] [Cloudflare] [4f20b85ce5ebf225720e040314a7966a]
https://research-api.huobi.com [403] [GET] [text/html] [403 - Forbidden: Access is denied.] [cloudflare] [vhost] [cloudflare] [Cloudflare,Microsoft ASP.NET] [7c1bf344bfe74174cee60b4c5c34ac33]
https://research.huobi.com [200] [GET] [text/html] [Huobi Research] [cloudflare] [vhost] [cloudflare] [Cloudflare,Microsoft ASP.NET] [5dcb0da54d150925b77e46d07cb886e8]
https://sip.huobi.com [404] [GET] [text/plain] [] [RTC/7.0] [61fd6d9c5d6ae702f5d4803378d2deac]
https://sip.mm.huobi.com [404] [GET] [text/plain] [] [RTC/7.0] [5a8708285ffac58146cf75a9406c0dfd]
https://static.huobi.com [403] [GET] [text/html] [403 Forbidden] [cloudflare] [vhost] [cloudflare] [Cloudflare] [a0a9adeb35439f02fd9074b853e73f55]
https://static.huobi.com [403] [GET] [text/html] [403 Forbidden] [cloudflare] [vhost] [cloudflare] [Cloudflare] [ce5a1c71bc403a7edd77bcd428102cd7]
http://static.huobi.com:2052 [301] [GET] [] [] [cloudflare] [cloudflare] [Cloudflare] [d41d8cd98f00b204e9800998ecf8427e]
http://static.huobi.com:2082 [301] [GET] [] [] [cloudflare] [cloudflare] [Cloudflare] [d41d8cd98f00b204e9800998ecf8427e]
http://static.huobi.com:2083 [400] [GET] [text/html] [400 The plain HTTP request was sent to HTTPS port] [cloudflare] [cloudflare] [Cloudflare] [20ad84d030031252141ca0b3fc0183f0]
http://static.huobi.com:2086 [301] [GET] [] [] [cloudflare] [cloudflare] [Cloudflare] [d41d8cd98f00b204e9800998ecf8427e]
http://static.huobi.com:2087 [400] [GET] [text/html] [400 The plain HTTP request was sent to HTTPS port] [cloudflare] [cloudflare] [Cloudflare] [cd58783500d7fa3c58f88eb0ba22f4f8]
http://static.huobi.com:8080 [301] [GET] [] [] [cloudflare] [cloudflare] [Cloudflare] [d41d8cd98f00b204e9800998ecf8427e]
http://static.huobi.com:8880 [301] [GET] [] [] [cloudflare] [cloudflare] [Cloudflare] [d41d8cd98f00b204e9800998ecf8427e]
https://test01.huobi.com [403] [GET] [text/html] [403 Forbidden] [cloudflare] [vhost] [cloudflare] [Cloudflare] [60bb83ecb2636b0746851830fee4f930]
https://test01.huobi.com [403] [GET] [text/plain] [] [cloudflare] [vhost] [cloudflare] [Cloudflare] [4f20b85ce5ebf225720e040314a7966a]
https://track.huobi.com [403] [GET] [text/html] [Bad Request] [AkamaiGHost] [vhost] [4db1bee7d439a5f478d760acfd00eb92]
https://track.huobi.com [403] [GET] [text/html] [Bad Request] [AkamaiGHost] [vhost] [d2d8ddebc15f213a74e22afdeb5b5200]
https://uc-cn.huobi.com [200] [GET] [] [] [cloudflare] [vhost] [cloudflare] [Cloudflare] [d41d8cd98f00b204e9800998ecf8427e]
https://uc.huobi.com:2083 [530] [GET] [text/html] [Origin DNS error | uc.huobi.com | Cloudflare] [cloudflare] [vhost] [cloudflare] [Cloudflare] [66348771c8b04bb01959dc5282205665]
https://uc.huobi.com:2087 [530] [GET] [text/html] [Origin DNS error | uc.huobi.com | Cloudflare] [cloudflare] [vhost] [cloudflare] [Cloudflare] [25042733640c767bab7dfe2b944752da]
https://uc.huobi.com [403] [GET] [text/plain] [] [cloudflare] [vhost] [cloudflare] [Cloudflare] [4f20b85ce5ebf225720e040314a7966a]
https://uc.huobi.com [530] [GET] [text/html] [Origin DNS error | uc.huobi.com | Cloudflare] [cloudflare] [vhost] [cloudflare] [Cloudflare] [b530080f3a31f3573e2501d54ebc6ab4]
https://uc.huobi.com:8443 [530] [GET] [text/html] [Origin DNS error | uc.huobi.com | Cloudflare] [cloudflare] [vhost] [cloudflare] [Cloudflare] [d921d66f2163a45e6000bc70882c0720]
https://www.blog.huobi.com [301] [GET] [text/html] [301 Moved Permanently] [nginx] [vhost] [Nginx] [4f8e702cc244ec5d4de32740c0ecbd97]
https://www.huobi.com [200] [GET] [text/html] [Buy Bitcoin/Ethereum|Secure cryptocurrency trading platform|Huobi Global] [openresty] [vhost] [Google Tag Manager,Nginx,Node.js,Nuxt.js,OpenResty,Vue.js] [b11049a623079c87078819dad70ef17e]
https://zendesk1.huobi.com [403] [GET] [text/html] [403 Forbidden] [cloudflare] [vhost] [cloudflare] [Cloudflare] [60bb83ecb2636b0746851830fee4f930]
https://zendesk1.huobi.com [403] [GET] [text/html] [403 Forbidden] [cloudflare] [vhost] [cloudflare] [Cloudflare] [95a27dfd720e4be78f288dbda8b61031]
https://zendesk3.huobi.com [403] [GET] [text/html] [403 Forbidden] [cloudflare] [vhost] [cloudflare] [Cloudflare] [60bb83ecb2636b0746851830fee4f930]
https://zendesk3.huobi.com [403] [GET] [text/html] [403 Forbidden] [cloudflare] [vhost] [cloudflare] [Cloudflare] [95a27dfd720e4be78f288dbda8b61031]
https://zendesk4.huobi.com:2053 [403] [GET] [text/html] [Attention Required! | Cloudflare] [cloudflare] [vhost] [cloudflare] [Cloudflare] [809b3c7a921cda649af2185754018957]
https://zendesk4.huobi.com [403] [GET] [text/html] [403 Forbidden] [cloudflare] [vhost] [cloudflare] [Cloudflare] [60bb83ecb2636b0746851830fee4f930]
http://test01.huobi.com:2082 [301] [GET] [] [] [cloudflare] [cloudflare] [Cloudflare] [d41d8cd98f00b204e9800998ecf8427e]
http://test01.huobi.com:2083 [400] [GET] [text/html] [400 The plain HTTP request was sent to HTTPS port] [cloudflare] [cloudflare] [Cloudflare] [cd58783500d7fa3c58f88eb0ba22f4f8]
http://test01.huobi.com:2086 [301] [GET] [] [] [cloudflare] [cloudflare] [Cloudflare] [d41d8cd98f00b204e9800998ecf8427e]
http://test01.huobi.com:2087 [400] [GET] [text/html] [400 The plain HTTP request was sent to HTTPS port] [cloudflare] [cloudflare] [Cloudflare] [cd58783500d7fa3c58f88eb0ba22f4f8]
http://test01.huobi.com:8080 [403] [GET] [text/plain] [] [cloudflare] [cloudflare] [Cloudflare] [4f20b85ce5ebf225720e040314a7966a]
http://test01.huobi.com:8443 [400] [GET] [text/html] [400 The plain HTTP request was sent to HTTPS port] [cloudflare] [cloudflare] [Cloudflare] [20ad84d030031252141ca0b3fc0183f0]
http://test01.huobi.com:8880 [301] [GET] [] [] [cloudflare] [cloudflare] [Cloudflare] [d41d8cd98f00b204e9800998ecf8427e]
http://uc-cn.huobi.com:2082 [301] [GET] [] [] [cloudflare] [cloudflare] [Cloudflare] [d41d8cd98f00b204e9800998ecf8427e]
http://uc-cn.huobi.com:2083 [400] [GET] [text/html] [400 The plain HTTP request was sent to HTTPS port] [cloudflare] [cloudflare] [Cloudflare] [20ad84d030031252141ca0b3fc0183f0]
http://uc-cn.huobi.com:2086 [301] [GET] [] [] [cloudflare] [cloudflare] [Cloudflare] [d41d8cd98f00b204e9800998ecf8427e]
http://uc-cn.huobi.com:2087 [400] [GET] [text/html] [400 The plain HTTP request was sent to HTTPS port] [cloudflare] [cloudflare] [Cloudflare] [cd58783500d7fa3c58f88eb0ba22f4f8]
http://uc-cn.huobi.com:8080 [301] [GET] [] [] [cloudflare] [cloudflare] [Cloudflare] [d41d8cd98f00b204e9800998ecf8427e]
http://uc-cn.huobi.com:8443 [400] [GET] [text/html] [400 The plain HTTP request was sent to HTTPS port] [cloudflare] [cloudflare] [Cloudflare] [cd58783500d7fa3c58f88eb0ba22f4f8]
http://uc-cn.huobi.com:8880 [301] [GET] [] [] [cloudflare] [cloudflare] [Cloudflare] [d41d8cd98f00b204e9800998ecf8427e]
http://uc.huobi.com:2082 [301] [GET] [] [] [cloudflare] [cloudflare] [Cloudflare] [d41d8cd98f00b204e9800998ecf8427e]
http://uc.huobi.com:2086 [301] [GET] [] [] [cloudflare] [cloudflare] [Cloudflare] [d41d8cd98f00b204e9800998ecf8427e]
http://uc.huobi.com:8080 [301] [GET] [] [] [cloudflare] [cloudflare] [Cloudflare] [d41d8cd98f00b204e9800998ecf8427e]
http://uc.huobi.com:8880 [301] [GET] [] [] [cloudflare] [cloudflare] [Cloudflare] [d41d8cd98f00b204e9800998ecf8427e]
http://zendesk1.huobi.com:2052 [301] [GET] [] [] [cloudflare] [cloudflare] [Cloudflare] [d41d8cd98f00b204e9800998ecf8427e]
http://zendesk1.huobi.com:2053 [400] [GET] [text/html] [400 The plain HTTP request was sent to HTTPS port] [cloudflare] [cloudflare] [Cloudflare] [cd58783500d7fa3c58f88eb0ba22f4f8]
http://zendesk1.huobi.com:2082 [301] [GET] [] [] [cloudflare] [cloudflare] [Cloudflare] [d41d8cd98f00b204e9800998ecf8427e]
http://zendesk1.huobi.com:2083 [400] [GET] [text/html] [400 The plain HTTP request was sent to HTTPS port] [cloudflare] [cloudflare] [Cloudflare] [20ad84d030031252141ca0b3fc0183f0]
http://zendesk1.huobi.com:2086 [301] [GET] [] [] [cloudflare] [cloudflare] [Cloudflare] [d41d8cd98f00b204e9800998ecf8427e]
http://zendesk1.huobi.com:2087 [400] [GET] [text/html] [400 The plain HTTP request was sent to HTTPS port] [cloudflare] [cloudflare] [Cloudflare] [20ad84d030031252141ca0b3fc0183f0]
http://zendesk1.huobi.com:2096 [400] [GET] [text/html] [400 The plain HTTP request was sent to HTTPS port] [cloudflare] [cloudflare] [Cloudflare] [20ad84d030031252141ca0b3fc0183f0]
http://zendesk1.huobi.com:8080 [301] [GET] [] [] [cloudflare] [cloudflare] [Cloudflare] [d41d8cd98f00b204e9800998ecf8427e]
http://zendesk1.huobi.com:8443 [400] [GET] [text/html] [400 The plain HTTP request was sent to HTTPS port] [cloudflare] [cloudflare] [Cloudflare] [cd58783500d7fa3c58f88eb0ba22f4f8]
http://zendesk1.huobi.com:8880 [301] [GET] [] [] [cloudflare] [cloudflare] [Cloudflare] [d41d8cd98f00b204e9800998ecf8427e]
http://zendesk3.huobi.com:2053 [400] [GET] [text/html] [400 The plain HTTP request was sent to HTTPS port] [cloudflare] [cloudflare] [Cloudflare] [20ad84d030031252141ca0b3fc0183f0]
http://zendesk3.huobi.com:2082 [301] [GET] [] [] [cloudflare] [cloudflare] [Cloudflare] [d41d8cd98f00b204e9800998ecf8427e]
http://zendesk3.huobi.com:2083 [400] [GET] [text/html] [400 The plain HTTP request was sent to HTTPS port] [cloudflare] [cloudflare] [Cloudflare] [20ad84d030031252141ca0b3fc0183f0]
http://zendesk3.huobi.com:2086 [301] [GET] [] [] [cloudflare] [cloudflare] [Cloudflare] [d41d8cd98f00b204e9800998ecf8427e]
http://zendesk3.huobi.com:2087 [400] [GET] [text/html] [400 The plain HTTP request was sent to HTTPS port] [cloudflare] [cloudflare] [Cloudflare] [cd58783500d7fa3c58f88eb0ba22f4f8]
http://zendesk3.huobi.com:2095 [301] [GET] [] [] [cloudflare] [cloudflare] [Cloudflare] [d41d8cd98f00b204e9800998ecf8427e]
http://zendesk3.huobi.com:8080 [301] [GET] [] [] [cloudflare] [cloudflare] [Cloudflare] [d41d8cd98f00b204e9800998ecf8427e]
http://zendesk3.huobi.com:8443 [400] [GET] [text/html] [400 The plain HTTP request was sent to HTTPS port] [cloudflare] [cloudflare] [Cloudflare] [20ad84d030031252141ca0b3fc0183f0]
http://zendesk3.huobi.com:8880 [301] [GET] [] [] [cloudflare] [cloudflare] [Cloudflare] [d41d8cd98f00b204e9800998ecf8427e]
http://zendesk4.huobi.com:2082 [301] [GET] [] [] [cloudflare] [cloudflare] [Cloudflare] [d41d8cd98f00b204e9800998ecf8427e]
http://zendesk4.huobi.com:2083 [400] [GET] [text/html] [400 The plain HTTP request was sent to HTTPS port] [cloudflare] [cloudflare] [Cloudflare] [cd58783500d7fa3c58f88eb0ba22f4f8]
http://zendesk4.huobi.com:2086 [301] [GET] [] [] [cloudflare] [cloudflare] [Cloudflare] [d41d8cd98f00b204e9800998ecf8427e]
http://zendesk4.huobi.com:2087 [400] [GET] [text/html] [400 The plain HTTP request was sent to HTTPS port] [cloudflare] [cloudflare] [Cloudflare] [cd58783500d7fa3c58f88eb0ba22f4f8]
http://zendesk4.huobi.com:2095 [301] [GET] [] [] [cloudflare] [cloudflare] [Cloudflare] [d41d8cd98f00b204e9800998ecf8427e]
http://zendesk4.huobi.com:8080 [301] [GET] [] [] [cloudflare] [cloudflare] [Cloudflare] [d41d8cd98f00b204e9800998ecf8427e]
http://zendesk4.huobi.com:8443 [400] [GET] [text/html] [400 The plain HTTP request was sent to HTTPS port] [cloudflare] [cloudflare] [Cloudflare] [cd58783500d7fa3c58f88eb0ba22f4f8]
http://zendesk4.huobi.com:8880 [301] [GET] [] [] [cloudflare] [cloudflare] [Cloudflare] [d41d8cd98f00b204e9800998ecf8427e]
