http://api-docs-v2.idex.io:2082 [301] [GET] [] [] [cloudflare] [cloudflare] [Cloudflare] [d41d8cd98f00b204e9800998ecf8427e]
http://api-docs-v2.idex.io:2083 [400] [GET] [text/html] [400 The plain HTTP request was sent to HTTPS port] [cloudflare] [cloudflare] [Cloudflare] [20ad84d030031252141ca0b3fc0183f0]
http://api-docs-v2.idex.io:2086 [301] [GET] [] [] [cloudflare] [cloudflare] [Cloudflare] [d41d8cd98f00b204e9800998ecf8427e]
http://api-docs-v2.idex.io:2087 [400] [GET] [text/html] [400 The plain HTTP request was sent to HTTPS port] [cloudflare] [cloudflare] [Cloudflare] [cd58783500d7fa3c58f88eb0ba22f4f8]
http://api-docs-v2.idex.io:2095 [301] [GET] [] [] [cloudflare] [cloudflare] [Cloudflare] [d41d8cd98f00b204e9800998ecf8427e]
http://api-docs-v2.idex.io:8080 [301] [GET] [] [] [cloudflare] [cloudflare] [Cloudflare] [d41d8cd98f00b204e9800998ecf8427e]
http://api-docs-v2.idex.io:8443 [400] [GET] [text/html] [400 The plain HTTP request was sent to HTTPS port] [cloudflare] [cloudflare] [Cloudflare] [20ad84d030031252141ca0b3fc0183f0]
http://api-docs-v2.idex.io:8880 [301] [GET] [] [] [cloudflare] [cloudflare] [Cloudflare] [d41d8cd98f00b204e9800998ecf8427e]
http://api-docs-v3.idex.io:2083 [400] [GET] [text/html] [400 The plain HTTP request was sent to HTTPS port] [cloudflare] [cloudflare] [Cloudflare] [20ad84d030031252141ca0b3fc0183f0]
http://api-docs-v3.idex.io:2086 [301] [GET] [] [] [cloudflare] [cloudflare] [Cloudflare] [d41d8cd98f00b204e9800998ecf8427e]
http://api-docs-v3.idex.io:2087 [400] [GET] [text/html] [400 The plain HTTP request was sent to HTTPS port] [cloudflare] [cloudflare] [Cloudflare] [cd58783500d7fa3c58f88eb0ba22f4f8]
http://api-docs-v3.idex.io:8880 [301] [GET] [] [] [cloudflare] [cloudflare] [Cloudflare] [d41d8cd98f00b204e9800998ecf8427e]
http://docs.idex.io:2082 [302] [GET] [] [] [cloudflare] [vhost] [cloudflare] [Cloudflare] [d41d8cd98f00b204e9800998ecf8427e]
http://docs.idex.io:2086 [302] [GET] [] [] [cloudflare] [vhost] [cloudflare] [Cloudflare] [d41d8cd98f00b204e9800998ecf8427e]
http://docs.idex.io:8080 [302] [GET] [] [] [cloudflare] [vhost] [cloudflare] [Cloudflare] [d41d8cd98f00b204e9800998ecf8427e]
http://docs.idex.io:8880 [302] [GET] [] [] [cloudflare] [vhost] [cloudflare] [Cloudflare] [d41d8cd98f00b204e9800998ecf8427e]
http://exchange-feature-1-prod.idex.io:2082 [301] [GET] [] [] [cloudflare] [cloudflare] [Cloudflare] [d41d8cd98f00b204e9800998ecf8427e]
http://exchange-feature-1-prod.idex.io:2086 [301] [GET] [] [] [cloudflare] [cloudflare] [Cloudflare] [d41d8cd98f00b204e9800998ecf8427e]
http://exchange-feature-1-prod.idex.io:2095 [301] [GET] [] [] [cloudflare] [cloudflare] [Cloudflare] [d41d8cd98f00b204e9800998ecf8427e]
http://exchange-feature-1-prod.idex.io:8080 [301] [GET] [] [] [cloudflare] [cloudflare] [Cloudflare] [d41d8cd98f00b204e9800998ecf8427e]
http://exchange-feature-1-prod.idex.io:8880 [301] [GET] [] [] [cloudflare] [cloudflare] [Cloudflare] [d41d8cd98f00b204e9800998ecf8427e]
http://exchange-feature-2-prod.idex.io:2086 [301] [GET] [] [] [cloudflare] [cloudflare] [Cloudflare] [d41d8cd98f00b204e9800998ecf8427e]
http://exchange-feature-2-prod.idex.io:8880 [301] [GET] [] [] [cloudflare] [cloudflare] [Cloudflare] [d41d8cd98f00b204e9800998ecf8427e]
http://exchange-feature-3-prod.idex.io:2086 [301] [GET] [] [] [cloudflare] [cloudflare] [Cloudflare] [d41d8cd98f00b204e9800998ecf8427e]
http://exchange-feature-3-prod.idex.io:8880 [301] [GET] [] [] [cloudflare] [cloudflare] [Cloudflare] [d41d8cd98f00b204e9800998ecf8427e]
http://exchange-feature-4-prod.idex.io:2086 [301] [GET] [] [] [cloudflare] [cloudflare] [Cloudflare] [d41d8cd98f00b204e9800998ecf8427e]
http://exchange-feature-4-prod.idex.io:8880 [301] [GET] [] [] [cloudflare] [cloudflare] [Cloudflare] [d41d8cd98f00b204e9800998ecf8427e]
http://farms.idex.io:2086 [301] [GET] [] [] [cloudflare] [cloudflare] [Cloudflare] [d41d8cd98f00b204e9800998ecf8427e]
http://farms.idex.io:8880 [301] [GET] [] [] [cloudflare] [cloudflare] [Cloudflare] [d41d8cd98f00b204e9800998ecf8427e]
http://help.idex.io:2086 [301] [GET] [] [] [cloudflare] [cloudflare] [Cloudflare] [d41d8cd98f00b204e9800998ecf8427e]
http://help.idex.io:8880 [301] [GET] [] [] [cloudflare] [cloudflare] [Cloudflare] [d41d8cd98f00b204e9800998ecf8427e]
http://idex.io:2082 [301] [GET] [] [] [cloudflare] [cloudflare] [Cloudflare] [d41d8cd98f00b204e9800998ecf8427e]
http://idex.io:2086 [301] [GET] [] [] [cloudflare] [cloudflare] [Cloudflare] [d41d8cd98f00b204e9800998ecf8427e]
http://idex.io:2095 [301] [GET] [] [] [cloudflare] [cloudflare] [Cloudflare] [d41d8cd98f00b204e9800998ecf8427e]
http://idex.io:8080 [301] [GET] [] [] [cloudflare] [cloudflare] [Cloudflare] [d41d8cd98f00b204e9800998ecf8427e]
http://idex.io:8880 [301] [GET] [] [] [cloudflare] [cloudflare] [Cloudflare] [d41d8cd98f00b204e9800998ecf8427e]
https://api-docs-v2.idex.io [200] [GET] [text/html] [IDEX API Documentation] [cloudflare] [vhost] [cloudflare] [Cloudflare,Fastly,GitHub Pages,Varnish] [b35197147fb6074f4776b07f461ab372]
https://api-docs-v2.idex.io [200] [GET] [text/html] [IDEX API Documentation] [cloudflare] [vhost] [cloudflare] [Cloudflare,Fastly,GitHub Pages,Varnish] [e7770c23c69bc6ce4b2f4627d356872e]
https://api-docs-v3.idex.io [200] [GET] [text/html] [IDEX API Documentation] [cloudflare] [vhost] [cloudflare] [Cloudflare,Fastly,GitHub Pages,Varnish] [2b11ab3ae8355eba17e5a81c5892b3cd]
https://api-docs-v3.idex.io [200] [GET] [text/html] [IDEX API Documentation] [cloudflare] [vhost] [cloudflare] [Cloudflare,Fastly,GitHub Pages,Varnish] [6fff4cf85684737f39d50f35ad6f8c35]
https://api.eu-west-1.p9-prod-mainnet.ops.idex.io [404] [GET] [text/plain] [] [awselb/2.0] [d41d8cd98f00b204e9800998ecf8427e]
https://api.eu-west-1.p9-prod-sub-matic-mainnet.ops.idex.io [404] [GET] [text/plain] [] [awselb/2.0] [d41d8cd98f00b204e9800998ecf8427e]
https://api.eu-west-1.p9-sandbox-rinkeby.ops.idex.io [404] [GET] [text/plain] [] [awselb/2.0] [d41d8cd98f00b204e9800998ecf8427e]
https://api.eu-west-1.p9-sandbox-sub-matic-mumbai.ops.idex.io [404] [GET] [text/plain] [] [awselb/2.0] [d41d8cd98f00b204e9800998ecf8427e]
https://api-matic.idex.io [400] [GET] [application/json] [] [IDEX REST API] [vhost] [74b5035285df6ad790fab31657d62f11]
https://api-sandbox-matic.idex.io [400] [GET] [application/json] [] [IDEX REST API] [vhost] [74b5035285df6ad790fab31657d62f11]
https://blog.idex.io [200] [GET] [text/html] [IDEX Blog] [Squarespace] [vhost] [Google Font API,Squarespace,Squarespace Commerce,Stimulus] [f26f4c90956e78727901b61d3f5f2ef0]
https://careers.idex.io [200] [GET] [text/html] [IDEX Careers | Careers] [openresty] [vhost] [google] [Nginx,OpenResty] [efefa1ca14743dec0f12553d7c616c17]
https://docs.idex.io [200] [GET] [text/html] [Introduction to IDEX - IDEX] [cloudflare] [vhost] [cloudflare] [Algolia,Cloudflare,Google Cloud,Google Cloud Trace,React] [c62aef3005e1c17718b46c98d8635a28]
https://docs.idex.io:2083 [200] [GET] [text/html] [Introduction to IDEX - IDEX] [cloudflare] [vhost] [cloudflare] [Algolia,Cloudflare,Google Cloud,Google Cloud Trace,React] [600047a79269ea79db112e01606f64c5]
https://docs.idex.io:2087 [200] [GET] [text/html] [Introduction to IDEX - IDEX] [cloudflare] [vhost] [cloudflare] [Algolia,Cloudflare,Google Cloud,Google Cloud Trace,React] [a8f6232a17a9b4a40cc3337fa965ab73]
https://docs.idex.io:8443 [200] [GET] [text/html] [Introduction to IDEX - IDEX] [cloudflare] [vhost] [cloudflare] [Algolia,Cloudflare,Google Cloud,Google Cloud Trace,React] [d8c8f23f5f69417339b984e67d7158bd]
https://exchange-feature-1-prod.idex.io:2083 [302] [GET] [] [] [cloudflare] [vhost] [cloudflare] [Cloudflare] [d41d8cd98f00b204e9800998ecf8427e]
https://exchange-feature-1-prod.idex.io:2087 [302] [GET] [] [] [cloudflare] [vhost] [cloudflare] [Cloudflare] [d41d8cd98f00b204e9800998ecf8427e]
https://exchange-feature-1-prod.idex.io [302] [GET] [] [] [cloudflare] [vhost] [cloudflare] [Cloudflare] [d41d8cd98f00b204e9800998ecf8427e]
https://exchange-feature-1-prod.idex.io:8443 [302] [GET] [] [] [cloudflare] [vhost] [cloudflare] [Cloudflare] [d41d8cd98f00b204e9800998ecf8427e]
https://exchange-feature-2-prod.idex.io:2083 [302] [GET] [] [] [cloudflare] [vhost] [cloudflare] [Cloudflare] [d41d8cd98f00b204e9800998ecf8427e]
https://exchange-feature-2-prod.idex.io:2087 [302] [GET] [] [] [cloudflare] [vhost] [cloudflare] [Cloudflare] [d41d8cd98f00b204e9800998ecf8427e]
https://exchange-feature-2-prod.idex.io [302] [GET] [] [] [cloudflare] [vhost] [cloudflare] [Cloudflare] [d41d8cd98f00b204e9800998ecf8427e]
https://exchange-feature-3-prod.idex.io:2083 [302] [GET] [] [] [cloudflare] [vhost] [cloudflare] [Cloudflare] [d41d8cd98f00b204e9800998ecf8427e]
https://exchange-feature-3-prod.idex.io:2087 [302] [GET] [] [] [cloudflare] [vhost] [cloudflare] [Cloudflare] [d41d8cd98f00b204e9800998ecf8427e]
https://exchange-feature-3-prod.idex.io [302] [GET] [] [] [cloudflare] [vhost] [cloudflare] [Cloudflare] [d41d8cd98f00b204e9800998ecf8427e]
https://exchange-feature-4-prod.idex.io:2083 [302] [GET] [] [] [cloudflare] [vhost] [cloudflare] [Cloudflare] [d41d8cd98f00b204e9800998ecf8427e]
https://exchange-feature-4-prod.idex.io:2087 [302] [GET] [] [] [cloudflare] [vhost] [cloudflare] [Cloudflare] [d41d8cd98f00b204e9800998ecf8427e]
https://exchange-feature-4-prod.idex.io [302] [GET] [] [] [cloudflare] [vhost] [cloudflare] [Cloudflare] [d41d8cd98f00b204e9800998ecf8427e]
https://exchange.idex.io [200] [GET] [text/html] [IDEX High-Performance Decentralized Exchange] [AmazonS3] [vhost] [cloudfront] [Amazon Cloudfront,Amazon S3,Amazon Web Services,React] [7b6cab0baa9f64964a5225da9f5bdbbb]
https://farms.idex.io [200] [GET] [text/html] [Farms | IDEX] [cloudflare] [vhost] [cloudflare] [Cloudflare,Cloudflare Network Error Logging,Google Font API] [2e1f7f6795f10f4ac3e180af0a1fa6e9]
https://farms.idex.io [200] [GET] [text/html] [Farms | IDEX] [cloudflare] [vhost] [cloudflare] [Cloudflare,Cloudflare Network Error Logging,Google Font API] [42c3698c0b01891ef9fb134ee807122f]
https://farms.idex.io:2083 [200] [GET] [text/html] [Farms | IDEX] [cloudflare] [vhost] [cloudflare] [Cloudflare,Cloudflare Network Error Logging,Google Font API] [5aeec551d50b4a20f62c2563063077e8]
https://farms.idex.io:2087 [200] [GET] [text/html] [Farms | IDEX] [cloudflare] [vhost] [cloudflare] [Cloudflare,Cloudflare Network Error Logging,Google Font API] [e20fa40c77b5c379c49a72b69ae4334f]
https://help.idex.io:2083 [301] [GET] [] [] [cloudflare] [vhost] [cloudflare] [Cloudflare] [d41d8cd98f00b204e9800998ecf8427e]
https://help.idex.io:2087 [301] [GET] [] [] [cloudflare] [vhost] [cloudflare] [Cloudflare] [d41d8cd98f00b204e9800998ecf8427e]
https://help.idex.io [301] [GET] [] [] [cloudflare] [vhost] [cloudflare] [Cloudflare] [d41d8cd98f00b204e9800998ecf8427e]
https://idex.io [200] [GET] [text/html] [IDEX High-Performance Decentralized Exchange] [cloudflare] [vhost] [cloudflare] [Cloudflare,Cloudflare Network Error Logging,Google Font API,React] [215ec3e86b0ea1970b87f910691a8107]
https://idex.io [200] [GET] [text/html] [IDEX High-Performance Decentralized Exchange] [cloudflare] [vhost] [cloudflare] [Cloudflare,Cloudflare Network Error Logging,Google Font API,React] [8d8940dce4d4cd044f99a2e22126fd6f]
https://idex.io:2083 [200] [GET] [text/html] [IDEX High-Performance Decentralized Exchange] [cloudflare] [vhost] [cloudflare] [Cloudflare,Cloudflare Network Error Logging,Google Font API,React] [2ed6c904e93ae8697dc156d004718139]
https://idex.io:2087 [200] [GET] [text/html] [IDEX High-Performance Decentralized Exchange] [cloudflare] [vhost] [cloudflare] [Cloudflare,Cloudflare Network Error Logging,Google Font API,React] [98d7667acbdfa4d31d3b7b1abdcef7a6]
https://idex.io:8443 [200] [GET] [text/html] [IDEX High-Performance Decentralized Exchange] [cloudflare] [vhost] [cloudflare] [Cloudflare,Cloudflare Network Error Logging,Google Font API,React] [f1f4981e0567d17043574547cd285e8c]
https://sc.idex.io [404] [GET] [application/json] [] [IDEX Staking Coordinator] [vhost] [621ae330f88fe87fe7f8027ba6851675]
https://sc-sandbox.idex.io [404] [GET] [application/json] [] [IDEX Staking Coordinator] [vhost] [621ae330f88fe87fe7f8027ba6851675]
https://url5913.idex.io [404] [GET] [text/html] [404 Not Found] [nginx] [Nginx] [70461da8b94c6ca5d2fda3260c5a8c3b]
https://url5913.idex.io [404] [GET] [text/html] [404 Not Found] [nginx] [Nginx] [8e325dc2fea7c8900fc6c4b8c6c394fe]
https://websocket-matic.idex.io [426] [GET] [text/plain] [] [] [vhost] [7580e1f4e34b963d5ce1bbb35001f953]
https://websocket-sandbox-matic.idex.io [426] [GET] [text/plain] [] [] [vhost] [7580e1f4e34b963d5ce1bbb35001f953]
https://widgets-exchange-feature-1-prod.idex.io:2083 [302] [GET] [] [] [cloudflare] [vhost] [cloudflare] [Cloudflare] [d41d8cd98f00b204e9800998ecf8427e]
https://widgets-exchange-feature-1-prod.idex.io:2087 [302] [GET] [] [] [cloudflare] [vhost] [cloudflare] [Cloudflare] [d41d8cd98f00b204e9800998ecf8427e]
https://widgets-exchange-feature-1-prod.idex.io [302] [GET] [] [] [cloudflare] [vhost] [cloudflare] [Cloudflare] [d41d8cd98f00b204e9800998ecf8427e]
https://widgets-exchange-feature-1-prod.idex.io:8443 [302] [GET] [] [] [cloudflare] [vhost] [cloudflare] [Cloudflare] [d41d8cd98f00b204e9800998ecf8427e]
https://widgets-exchange-feature-2-prod.idex.io:2083 [302] [GET] [] [] [cloudflare] [vhost] [cloudflare] [Cloudflare] [d41d8cd98f00b204e9800998ecf8427e]
https://widgets-exchange-feature-2-prod.idex.io:2087 [302] [GET] [] [] [cloudflare] [vhost] [cloudflare] [Cloudflare] [d41d8cd98f00b204e9800998ecf8427e]
https://widgets-exchange-feature-2-prod.idex.io [302] [GET] [] [] [cloudflare] [vhost] [cloudflare] [Cloudflare] [d41d8cd98f00b204e9800998ecf8427e]
https://widgets-exchange-feature-3-prod.idex.io:2083 [302] [GET] [] [] [cloudflare] [vhost] [cloudflare] [Cloudflare] [d41d8cd98f00b204e9800998ecf8427e]
https://widgets-exchange-feature-3-prod.idex.io:2087 [302] [GET] [] [] [cloudflare] [vhost] [cloudflare] [Cloudflare] [d41d8cd98f00b204e9800998ecf8427e]
https://widgets-exchange-feature-3-prod.idex.io [302] [GET] [] [] [cloudflare] [vhost] [cloudflare] [Cloudflare] [d41d8cd98f00b204e9800998ecf8427e]
https://widgets-exchange-feature-4-prod.idex.io:2083 [302] [GET] [] [] [cloudflare] [vhost] [cloudflare] [Cloudflare] [d41d8cd98f00b204e9800998ecf8427e]
https://widgets-exchange-feature-4-prod.idex.io:2087 [302] [GET] [] [] [cloudflare] [vhost] [cloudflare] [Cloudflare] [d41d8cd98f00b204e9800998ecf8427e]
https://widgets-exchange-feature-4-prod.idex.io [302] [GET] [] [] [cloudflare] [vhost] [cloudflare] [Cloudflare] [d41d8cd98f00b204e9800998ecf8427e]
https://widgets-exchange.idex.io [200] [GET] [text/html] [IDEX High-Performance Decentralized Exchange] [AmazonS3] [vhost] [cloudfront] [Amazon Cloudfront,Amazon S3,Amazon Web Services,React] [7b6cab0baa9f64964a5225da9f5bdbbb]
https://www.careers.idex.io [301] [GET] [text/html] [301 Moved Permanently] [openresty] [vhost] [google] [Nginx,OpenResty] [3ea1c8d079b38532a6e01a96216ba5e2]
https://www.idex.io:2083 [301] [GET] [] [] [cloudflare] [vhost] [cloudflare] [Cloudflare] [d41d8cd98f00b204e9800998ecf8427e]
https://www.idex.io:2087 [301] [GET] [] [] [cloudflare] [vhost] [cloudflare] [Cloudflare] [d41d8cd98f00b204e9800998ecf8427e]
https://www.idex.io [301] [GET] [] [] [cloudflare] [vhost] [cloudflare] [Cloudflare] [d41d8cd98f00b204e9800998ecf8427e]
http://widgets-exchange-feature-1-prod.idex.io:2082 [301] [GET] [] [] [cloudflare] [cloudflare] [Cloudflare] [d41d8cd98f00b204e9800998ecf8427e]
http://widgets-exchange-feature-1-prod.idex.io:2086 [301] [GET] [] [] [cloudflare] [cloudflare] [Cloudflare] [d41d8cd98f00b204e9800998ecf8427e]
http://widgets-exchange-feature-1-prod.idex.io:2095 [301] [GET] [] [] [cloudflare] [cloudflare] [Cloudflare] [d41d8cd98f00b204e9800998ecf8427e]
http://widgets-exchange-feature-1-prod.idex.io:8080 [301] [GET] [] [] [cloudflare] [cloudflare] [Cloudflare] [d41d8cd98f00b204e9800998ecf8427e]
http://widgets-exchange-feature-1-prod.idex.io:8880 [301] [GET] [] [] [cloudflare] [cloudflare] [Cloudflare] [d41d8cd98f00b204e9800998ecf8427e]
http://widgets-exchange-feature-2-prod.idex.io:2086 [301] [GET] [] [] [cloudflare] [cloudflare] [Cloudflare] [d41d8cd98f00b204e9800998ecf8427e]
http://widgets-exchange-feature-2-prod.idex.io:8880 [301] [GET] [] [] [cloudflare] [cloudflare] [Cloudflare] [d41d8cd98f00b204e9800998ecf8427e]
http://widgets-exchange-feature-3-prod.idex.io:2086 [301] [GET] [] [] [cloudflare] [cloudflare] [Cloudflare] [d41d8cd98f00b204e9800998ecf8427e]
http://widgets-exchange-feature-3-prod.idex.io:8880 [301] [GET] [] [] [cloudflare] [cloudflare] [Cloudflare] [d41d8cd98f00b204e9800998ecf8427e]
http://widgets-exchange-feature-4-prod.idex.io:2086 [301] [GET] [] [] [cloudflare] [cloudflare] [Cloudflare] [d41d8cd98f00b204e9800998ecf8427e]
http://widgets-exchange-feature-4-prod.idex.io:8880 [301] [GET] [] [] [cloudflare] [cloudflare] [Cloudflare] [d41d8cd98f00b204e9800998ecf8427e]
http://www.idex.io:2086 [301] [GET] [] [] [cloudflare] [cloudflare] [Cloudflare] [d41d8cd98f00b204e9800998ecf8427e]
http://www.idex.io:8880 [301] [GET] [] [] [cloudflare] [cloudflare] [Cloudflare] [d41d8cd98f00b204e9800998ecf8427e]
