http://atlas.instacart.tools:2086 [301] [GET] [] [] [cloudflare] [cloudflare] [Cloudflare] [d41d8cd98f00b204e9800998ecf8427e]
http://atlas.instacart.tools:2087 [400] [GET] [text/html] [400 The plain HTTP request was sent to HTTPS port] [cloudflare] [cloudflare] [Cloudflare] [cd58783500d7fa3c58f88eb0ba22f4f8]
http://atlas.instacart.tools:8080 [301] [GET] [] [] [cloudflare] [cloudflare] [Cloudflare] [d41d8cd98f00b204e9800998ecf8427e]
http://atlas.instacart.tools:8880 [301] [GET] [] [] [cloudflare] [cloudflare] [Cloudflare] [d41d8cd98f00b204e9800998ecf8427e]
http://bristolfarms-dev.pbis-cf-dev.instacart.tools:2086 [301] [GET] [] [] [cloudflare] [cloudflare] [Cloudflare] [d41d8cd98f00b204e9800998ecf8427e]
http://bristolfarms-dev.pbis-cf-dev.instacart.tools [301] [GET] [] [] [cloudflare] [cloudflare] [Cloudflare] [d41d8cd98f00b204e9800998ecf8427e]
http://bristolfarms-dev.pbis-cf-dev.instacart.tools:8080 [301] [GET] [] [] [cloudflare] [cloudflare] [Cloudflare] [d41d8cd98f00b204e9800998ecf8427e]
http://bristolfarms-dev.pbis-cf-dev.instacart.tools:8880 [301] [GET] [] [] [cloudflare] [cloudflare] [Cloudflare] [d41d8cd98f00b204e9800998ecf8427e]
http://costcobusinesscenter-onecart.dev.instacart.tools:2082 [301] [GET] [] [] [cloudflare] [vhost] [cloudflare] [Cloudflare] [d41d8cd98f00b204e9800998ecf8427e]
http://costcobusinesscenter-onecart.dev.instacart.tools:2086 [301] [GET] [] [] [cloudflare] [vhost] [cloudflare] [Cloudflare] [d41d8cd98f00b204e9800998ecf8427e]
http://costcobusinesscenter-onecart.dev.instacart.tools:2095 [301] [GET] [] [] [cloudflare] [vhost] [cloudflare] [Cloudflare] [d41d8cd98f00b204e9800998ecf8427e]
http://costcobusinesscenter-onecart.dev.instacart.tools:8080 [301] [GET] [] [] [cloudflare] [vhost] [cloudflare] [Cloudflare] [d41d8cd98f00b204e9800998ecf8427e]
http://costcobusinesscenter-onecart.dev.instacart.tools:8880 [301] [GET] [] [] [cloudflare] [vhost] [cloudflare] [Cloudflare] [d41d8cd98f00b204e9800998ecf8427e]
http://costcobusinesscenter-onecart-dev.pbis-cf-dev.instacart.tools:2082 [403] [GET] [text/plain] [] [cloudflare] [cloudflare] [Cloudflare] [7b5ea53ba332630e5aca8e4abb807f70]
http://costcobusinesscenter-onecart-dev.pbis-cf-dev.instacart.tools:2086 [403] [GET] [text/plain] [] [cloudflare] [cloudflare] [Cloudflare] [7b5ea53ba332630e5aca8e4abb807f70]
http://costcobusinesscenter-onecart-dev.pbis-cf-dev.instacart.tools:2095 [403] [GET] [text/plain] [] [cloudflare] [cloudflare] [Cloudflare] [7b5ea53ba332630e5aca8e4abb807f70]
http://costcobusinesscenter-onecart-dev.pbis-cf-dev.instacart.tools:8080 [403] [GET] [text/plain] [] [cloudflare] [cloudflare] [Cloudflare] [7b5ea53ba332630e5aca8e4abb807f70]
http://costcobusinesscenter-onecart-dev.pbis-cf-dev.instacart.tools:8880 [403] [GET] [text/plain] [] [cloudflare] [cloudflare] [Cloudflare] [7b5ea53ba332630e5aca8e4abb807f70]
http://costcous.pbis-cf-dev.instacart.tools:2082 [403] [GET] [text/plain] [] [cloudflare] [cloudflare] [Cloudflare] [7b5ea53ba332630e5aca8e4abb807f70]
http://costcous.pbis-cf-dev.instacart.tools:2086 [403] [GET] [text/plain] [] [cloudflare] [cloudflare] [Cloudflare] [7b5ea53ba332630e5aca8e4abb807f70]
http://costcous.pbis-cf-dev.instacart.tools:8080 [403] [GET] [text/plain] [] [cloudflare] [cloudflare] [Cloudflare] [7b5ea53ba332630e5aca8e4abb807f70]
http://costcous.pbis-cf-dev.instacart.tools:8880 [403] [GET] [text/plain] [] [cloudflare] [cloudflare] [Cloudflare] [7b5ea53ba332630e5aca8e4abb807f70]
http://customers.dev.instacart.tools [301] [GET] [text/html] [301 Moved Permanently] [awselb/2.0] [4aa7a432bb447f094408f1bd6229c605]
http://foodbazar.dev.instacart.tools [301] [GET] [] [] [cloudflare] [vhost] [cloudflare] [Cloudflare] [d41d8cd98f00b204e9800998ecf8427e]
http://foodlion.dev.instacart.tools [409] [GET] [text/plain] [] [cloudflare] [cloudflare] [Cloudflare] [f6bbbdc9b05a5af96b6b7e618ee357cc]
http://foodlion.pbis-cf-dev.instacart.tools:2082 [403] [GET] [text/plain] [] [cloudflare] [cloudflare] [Cloudflare] [7b5ea53ba332630e5aca8e4abb807f70]
http://foodlion.pbis-cf-dev.instacart.tools:2086 [403] [GET] [text/plain] [] [cloudflare] [cloudflare] [Cloudflare] [7b5ea53ba332630e5aca8e4abb807f70]
http://foodlion.pbis-cf-dev.instacart.tools:8080 [403] [GET] [text/plain] [] [cloudflare] [cloudflare] [Cloudflare] [7b5ea53ba332630e5aca8e4abb807f70]
http://foodlion.pbis-cf-dev.instacart.tools:8880 [403] [GET] [text/plain] [] [cloudflare] [cloudflare] [Cloudflare] [7b5ea53ba332630e5aca8e4abb807f70]
https://ads.instacart.tools [200] [GET] [text/html] [] [nginx] [Ahoy,Nginx] [f916fe3a0716ba5ff7ebd403cecea0be]
https://atlantis.dev.instacart.tools [302] [GET] [text/html] [302 Found] [awselb/2.0] [vhost] [f366e0e18b589cb6f243bf43ce75e83c]
https://atlantis.instacart.tools [302] [GET] [text/html] [302 Found] [awselb/2.0] [vhost] [f366e0e18b589cb6f243bf43ce75e83c]
https://atlas.dev.instacart.tools [200] [GET] [text/html] [Atlas] [nginx] [vhost] [Bootstrap:2,Nginx,Ruby,Ruby on Rails] [dbff7817a45b3b88ed9840b11609027d]
https://atlas.dev.instacart.tools [200] [GET] [text/html] [Atlas] [nginx] [vhost] [Bootstrap:2,Nginx,Ruby,Ruby on Rails] [e5ae0e0097e6e21c0b43b3030f536be7]
https://atlas.instacart.tools [200] [GET] [text/html] [Atlas] [cloudflare] [vhost] [cloudflare] [Bootstrap:2,Cloudflare,Ruby,Ruby on Rails] [c1e20c03a062e3d8471696f7858c7fbd]
https://atlas.instacart.tools [200] [GET] [text/html] [Atlas] [cloudflare] [vhost] [cloudflare] [Bootstrap:2,Cloudflare,Ruby,Ruby on Rails] [d9ceea1f690adc9c089c5eb9f14105b0]
https://blazer-backend.instacart.tools [301] [GET] [text/html] [] [nginx] [Nginx] [1282016a21a2efa75d8a946d88fa6f88]
https://blazer-beta.instacart.tools [503] [GET] [text/html] [503 Service Temporarily Unavailable] [awselb/2.0] [vhost] [613f79233487af685baf4b32a2397ede]
https://blazer-beta.instacart.tools [503] [GET] [text/html] [503 Service Temporarily Unavailable] [awselb/2.0] [vhost] [81df4d3863debf3eceb5cf84251fd472]
https://blazer.instacart.tools [301] [GET] [text/html] [] [nginx] [Nginx] [e7b6c5deebfc40e5ce887f95825885cc]
https://bristolfarms-dev.pbis-cf-dev.instacart.tools:2053 [521] [GET] [] [] [cloudflare] [vhost] [cloudflare] [Cloudflare] [d41d8cd98f00b204e9800998ecf8427e]
https://bristolfarms-dev.pbis-cf-dev.instacart.tools:2087 [521] [GET] [] [] [cloudflare] [vhost] [cloudflare] [Cloudflare] [d41d8cd98f00b204e9800998ecf8427e]
https://bristolfarms-dev.pbis-cf-dev.instacart.tools:2096 [521] [GET] [] [] [cloudflare] [vhost] [cloudflare] [Cloudflare] [d41d8cd98f00b204e9800998ecf8427e]
https://bristolfarms-dev.pbis-cf-dev.instacart.tools:8443 [521] [GET] [] [] [cloudflare] [vhost] [cloudflare] [Cloudflare] [d41d8cd98f00b204e9800998ecf8427e]
https://catalog.instacart.tools [404] [GET] [text/html] [Instacart - Page not found] [nginx] [Google Font API,Nginx] [10f556939cd1990bd72c62c3264add61]
https://connect.dev.instacart.tools [404] [GET] [text/plain] [] [awselb/2.0] [9d1ead73e678fa2f51a70a933b0bf017]
https://costcobusinesscenter-onecart.dev.instacart.tools [200] [GET] [text/html] [Instacart | Grocery Delivery or Pickup from Local Stores Near You] [cloudflare] [cloudflare] [Ahoy,Cloudflare,Google Tag Manager] [a06ad18fabb25fb86e8481b4173e1a27]
https://costcobusinesscenter-onecart.dev.instacart.tools:2087 [521] [GET] [] [] [cloudflare] [vhost] [cloudflare] [Cloudflare] [d41d8cd98f00b204e9800998ecf8427e]
https://costcobusinesscenter-onecart.dev.instacart.tools:8443 [521] [GET] [] [] [cloudflare] [vhost] [cloudflare] [Cloudflare] [d41d8cd98f00b204e9800998ecf8427e]
https://costcobusinesscenter-onecart-dev.pbis-cf-dev.instacart.tools:2087 [403] [GET] [text/plain] [] [cloudflare] [cloudflare] [Cloudflare] [7b5ea53ba332630e5aca8e4abb807f70]
https://costcobusinesscenter-onecart-dev.pbis-cf-dev.instacart.tools [403] [GET] [text/plain] [] [cloudflare] [cloudflare] [Cloudflare] [7b5ea53ba332630e5aca8e4abb807f70]
https://costcobusinesscenter-onecart-dev.pbis-cf-dev.instacart.tools:8443 [403] [GET] [text/plain] [] [cloudflare] [cloudflare] [Cloudflare] [7b5ea53ba332630e5aca8e4abb807f70]
https://costcopbi.dev.instacart.tools [403] [GET] [text/html] [ERROR: The request could not be satisfied] [CloudFront] [cloudfront] [Amazon Cloudfront,Amazon Web Services] [37206838e5748b9d87aacbd2bbfc791c]
https://costcopbi.dev.instacart.tools [403] [GET] [text/html] [ERROR: The request could not be satisfied] [CloudFront] [cloudfront] [Amazon Cloudfront,Amazon Web Services] [99e0890d952e26a3032383e24f5c0ec8]
https://costcous.dev.instacart.tools [200] [GET] [text/html] [Instacart | Grocery Delivery or Pickup from Local Stores Near You] [cloudflare] [cloudflare] [Ahoy,Cloudflare,Google Tag Manager] [d7e339516874ed8426b7738102e2a525]
https://costcous.pbis-cf-dev.instacart.tools:2053 [403] [GET] [text/plain] [] [cloudflare] [cloudflare] [Cloudflare] [7b5ea53ba332630e5aca8e4abb807f70]
https://costcous.pbis-cf-dev.instacart.tools:2083 [403] [GET] [text/plain] [] [cloudflare] [cloudflare] [Cloudflare] [7b5ea53ba332630e5aca8e4abb807f70]
https://costcous.pbis-cf-dev.instacart.tools:2087 [403] [GET] [text/plain] [] [cloudflare] [cloudflare] [Cloudflare] [7b5ea53ba332630e5aca8e4abb807f70]
https://costcous.pbis-cf-dev.instacart.tools [403] [GET] [text/plain] [] [cloudflare] [cloudflare] [Cloudflare] [7b5ea53ba332630e5aca8e4abb807f70]
https://costcous.pbis-cf-dev.instacart.tools:8443 [403] [GET] [text/plain] [] [cloudflare] [cloudflare] [Cloudflare] [7b5ea53ba332630e5aca8e4abb807f70]
https://data-ingestion.instacart.tools [302] [GET] [text/html] [] [nginx] [Nginx] [7eef225a87fa3fe6de100425f855d6be]
https://experiments.instacart.tools [301] [GET] [text/html] [] [nginx] [vhost] [Nginx] [e1621662c5eab773bae5782a2768c32c]
https://foodlion.pbis-cf-dev.instacart.tools:2053 [403] [GET] [text/plain] [] [cloudflare] [cloudflare] [Cloudflare] [7b5ea53ba332630e5aca8e4abb807f70]
https://foodlion.pbis-cf-dev.instacart.tools:2083 [403] [GET] [text/plain] [] [cloudflare] [cloudflare] [Cloudflare] [7b5ea53ba332630e5aca8e4abb807f70]
https://foodlion.pbis-cf-dev.instacart.tools:2087 [403] [GET] [text/plain] [] [cloudflare] [cloudflare] [Cloudflare] [7b5ea53ba332630e5aca8e4abb807f70]
https://foodlion.pbis-cf-dev.instacart.tools [403] [GET] [text/plain] [] [cloudflare] [cloudflare] [Cloudflare] [7b5ea53ba332630e5aca8e4abb807f70]
https://gardenpbi.dev.instacart.tools [403] [GET] [text/html] [ERROR: The request could not be satisfied] [CloudFront] [cloudfront] [Amazon Cloudfront,Amazon Web Services] [1d966b6addfa586b6d0598ddbf2044b2]
https://gardenpbi.dev.instacart.tools [403] [GET] [text/html] [ERROR: The request could not be satisfied] [CloudFront] [cloudfront] [Amazon Cloudfront,Amazon Web Services] [8d953f3fb237fe93cc15fb5aa015b855]
https://go.instacart.tools [301] [GET] [text/html] [301 Moved Permanently] [Apache] [vhost] [Apache] [ea3ebf12f15731f40c58aac70153eb08]
https://heinens-onecart.dev.instacart.tools [403] [GET] [text/html] [ERROR: The request could not be satisfied] [CloudFront] [cloudfront] [Amazon Cloudfront,Amazon Web Services] [a32d9f665fb0e0120963ae1660e9bb39]
https://heinens-onecart.dev.instacart.tools [403] [GET] [text/html] [ERROR: The request could not be satisfied] [CloudFront] [cloudfront] [Amazon Cloudfront,Amazon Web Services] [ad2b7c50d80a801465acce24228b6629]
https://heinenspbi.dev.instacart.tools [403] [GET] [text/html] [ERROR: The request could not be satisfied] [CloudFront] [cloudfront] [Amazon Cloudfront,Amazon Web Services] [21d892ca8571940a37056bac4f527607]
https://heinenspbi.dev.instacart.tools [403] [GET] [text/html] [ERROR: The request could not be satisfied] [CloudFront] [cloudfront] [Amazon Cloudfront,Amazon Web Services] [7871449419416ed50c2c6b61a88b3033]
https://mypricechopperdelivers-onecart.dev.instacart.tools [200] [GET] [text/html] [Instacart | Grocery Delivery or Pickup from Local Stores Near You] [cloudflare] [cloudflare] [Ahoy,Cloudflare,Google Tag Manager] [991d76eff036a65551abed7e07d07c47]
https://node0.vpn.instacart.tools [302] [GET] [text/html] [] [Server] [vhost] [d41d8cd98f00b204e9800998ecf8427e]
https://node1.vpn.instacart.tools [302] [GET] [text/html] [] [Server] [vhost] [d41d8cd98f00b204e9800998ecf8427e]
https://node2.vpn.instacart.tools [302] [GET] [text/html] [] [Server] [vhost] [d41d8cd98f00b204e9800998ecf8427e]
https://node3.vpn.instacart.tools [302] [GET] [text/html] [] [Server] [vhost] [d41d8cd98f00b204e9800998ecf8427e]
https://node4.vpn.instacart.tools [302] [GET] [text/html] [] [Server] [d41d8cd98f00b204e9800998ecf8427e]
https://pbis.dev.instacart.tools [200] [GET] [text/html] [Instacart | Grocery Delivery or Pickup from Local Stores Near You] [nginx] [Ahoy,Google Tag Manager,Nginx] [a845665773bd4b65ae89748fcc549312]
https://plum-market.dev.instacart.tools [200] [GET] [text/html] [Instacart | Grocery Delivery or Pickup from Local Stores Near You] [cloudflare] [cloudflare] [Ahoy,Cloudflare,Google Tag Manager] [c692886aade7f6b42195e253f7d5fbc0]
https://portal.instacart.tools [301] [GET] [text/html] [] [nginx] [Nginx] [1ccd290edf623d81fabdda45987394c6]
http://sproutspbi.pbis-cf-dev.instacart.tools:2082 [403] [GET] [text/plain] [] [cloudflare] [cloudflare] [Cloudflare] [7b5ea53ba332630e5aca8e4abb807f70]
http://sproutspbi.pbis-cf-dev.instacart.tools:2086 [403] [GET] [text/plain] [] [cloudflare] [cloudflare] [Cloudflare] [7b5ea53ba332630e5aca8e4abb807f70]
http://sproutspbi.pbis-cf-dev.instacart.tools:8080 [403] [GET] [text/plain] [] [cloudflare] [cloudflare] [Cloudflare] [7b5ea53ba332630e5aca8e4abb807f70]
https://reset.sftp-dataeng.dev.instacart.tools [403] [GET] [text/html] [403 Forbidden] [awselb/2.0] [2e40045efe5134ada9942798c090d269]
https://reset.sftp-infra.dev.instacart.tools [403] [GET] [text/html] [403 Forbidden] [awselb/2.0] [2e40045efe5134ada9942798c090d269]
https://reset.sftp-partners.dev.instacart.tools [403] [GET] [text/html] [403 Forbidden] [awselb/2.0] [2e40045efe5134ada9942798c090d269]
https://reset.sftp-payments.dev.instacart.tools [403] [GET] [text/html] [403 Forbidden] [awselb/2.0] [bad2e8579dcdb79399aac2064216a37d]
https://snowplow.dev.instacart.tools [404] [GET] [text/plain] [] [akka-http/10.1.10] [Akka HTTP:10.1.10] [75d8bea19790a638a8dde30fd475dba6]
https://sproutspbi.dev.instacart.tools [200] [GET] [text/html] [Instacart | Grocery Delivery or Pickup from Local Stores Near You] [cloudflare] [cloudflare] [Ahoy,Cloudflare,Google Tag Manager] [1d24b6265db321cbae1566c7bf1c2f27]
https://sproutspbi.pbis-cf-dev.instacart.tools:2083 [403] [GET] [text/plain] [] [cloudflare] [cloudflare] [Cloudflare] [7b5ea53ba332630e5aca8e4abb807f70]
https://sproutspbi.pbis-cf-dev.instacart.tools:2087 [403] [GET] [text/plain] [] [cloudflare] [cloudflare] [Cloudflare] [7b5ea53ba332630e5aca8e4abb807f70]
https://sproutspbi.pbis-cf-dev.instacart.tools [403] [GET] [text/plain] [] [cloudflare] [cloudflare] [Cloudflare] [7b5ea53ba332630e5aca8e4abb807f70]
https://sre.instacart.tools [200] [GET] [text/html] [] [nginx] [Nginx] [d41d8cd98f00b204e9800998ecf8427e]
http://stewleonards.dev.instacart.tools [301] [GET] [] [] [cloudflare] [vhost] [cloudflare] [Cloudflare] [d41d8cd98f00b204e9800998ecf8427e]
https://thefreshmarket-onecart.dev.instacart.tools [200] [GET] [text/html] [Instacart | Grocery Delivery or Pickup from Local Stores Near You] [cloudflare] [cloudflare] [Ahoy,Cloudflare,Google Tag Manager] [8c1fb1c4b28c44ebfd4a4a170cd64248]
https://tools-auth.instacart.tools [301] [GET] [text/html] [] [cloudflare] [vhost] [cloudflare] [Cloudflare,Cloudflare Bot Management,Cloudflare Network Error Logging] [71659e384de922af9299d1476e93cf37]
https://tops-onecart.dev.instacart.tools [200] [GET] [text/html] [Instacart | Grocery Delivery or Pickup from Local Stores Near You] [cloudflare] [cloudflare] [Ahoy,Cloudflare,Google Tag Manager] [4fff3c8c0c6b64c454d6af344c4a4460]
https://tux.instacart.tools [301] [GET] [text/html] [] [nginx] [vhost] [Nginx] [a9b02a1ed8b9dfefe693bdc034743a56]
https://vpn-beta.instacart.tools [302] [GET] [text/html] [] [Server] [d41d8cd98f00b204e9800998ecf8427e]
https://vpn.instacart.tools [302] [GET] [text/html] [] [Server] [vhost] [d41d8cd98f00b204e9800998ecf8427e]
https://weglegacy.dev.instacart.tools [403] [GET] [text/html] [ERROR: The request could not be satisfied] [CloudFront] [cloudfront] [Amazon Cloudfront,Amazon Web Services] [aa9ef4c4bf42c2092b2f6a430e66b9ea]
https://weglegacy.dev.instacart.tools [403] [GET] [text/html] [ERROR: The request could not be satisfied] [CloudFront] [cloudfront] [Amazon Cloudfront,Amazon Web Services] [d69746a695d79dec43e2f49af3b7384d]
https://wiki.instacart.tools [301] [GET] [text/html] [301 Moved Permanently] [awselb/2.0] [vhost] [4aa7a432bb447f094408f1bd6229c605]
https://www.instacart.tools [301] [GET] [text/html] [] [nginx] [Nginx] [c3cc57f5681603b13d065fa6c5df4631]
http://wegmanspbi.dev.instacart.tools [301] [GET] [] [] [cloudflare] [vhost] [cloudflare] [Cloudflare] [d41d8cd98f00b204e9800998ecf8427e]
