http://docs.iotube.org:2082 [302] [GET] [] [] [cloudflare] [vhost] [cloudflare] [Cloudflare] [d41d8cd98f00b204e9800998ecf8427e]
http://docs.iotube.org:2086 [302] [GET] [] [] [cloudflare] [vhost] [cloudflare] [Cloudflare] [d41d8cd98f00b204e9800998ecf8427e]
http://docs.iotube.org:8080 [302] [GET] [] [] [cloudflare] [vhost] [cloudflare] [Cloudflare] [d41d8cd98f00b204e9800998ecf8427e]
http://docs.iotube.org:8880 [302] [GET] [] [] [cloudflare] [vhost] [cloudflare] [Cloudflare] [d41d8cd98f00b204e9800998ecf8427e]
http://g.iotube.org:8082 [403] [GET] [text/html] [403 Forbidden] [nginx] [vhost] [Nginx] [4f8afc2689243991dcede77ebc8b25c8]
http://g.iotube.org:8084 [403] [GET] [text/html] [403 Forbidden] [nginx] [vhost] [Nginx] [4f8afc2689243991dcede77ebc8b25c8]
http://g.iotube.org:8085 [403] [GET] [text/html] [403 Forbidden] [nginx] [vhost] [Nginx] [4f8afc2689243991dcede77ebc8b25c8]
http://iotube.org:2082 [403] [GET] [text/html] [Attention Required! | Cloudflare] [cloudflare] [vhost] [Cloudflare] [17f5976ded45c7dea11ded93aa0ad6b4]
http://iotube.org:8080 [403] [GET] [text/html] [Attention Required! | Cloudflare] [cloudflare] [vhost] [Cloudflare] [c88c0c200582405055031e5912f76879]
http://iotube.org:8880 [403] [GET] [text/html] [Attention Required! | Cloudflare] [cloudflare] [vhost] [Cloudflare] [a0f3306f6e30bfaefe27edc5a19de5db]
https://docs.iotube.org:2053 [302] [GET] [text/plain] [] [cloudflare] [vhost] [cloudflare] [Algolia,Cloudflare,Google Cloud,Google Cloud Trace] [10686c27904040ef900ebbb145b8ef45]
https://docs.iotube.org:2083 [302] [GET] [text/plain] [] [cloudflare] [vhost] [cloudflare] [Algolia,Cloudflare,Google Cloud,Google Cloud Trace] [10686c27904040ef900ebbb145b8ef45]
https://docs.iotube.org:2087 [302] [GET] [text/plain] [] [cloudflare] [vhost] [cloudflare] [Algolia,Cloudflare,Google Cloud,Google Cloud Trace] [10686c27904040ef900ebbb145b8ef45]
https://docs.iotube.org [302] [GET] [text/plain] [] [cloudflare] [vhost] [cloudflare] [Algolia,Cloudflare,Google Cloud,Google Cloud Trace] [10686c27904040ef900ebbb145b8ef45]
https://docs.iotube.org:8443 [403] [GET] [text/html] [Attention Required! | Cloudflare] [cloudflare] [vhost] [cloudflare] [Cloudflare] [96f2a26144b6bbb9b3bd3f43c95eb5f4]
https://g.iotube.org:1935 [403] [GET] [application/octet-stream] [] [nginx] [Nginx] [086d9069069ed62de536cbd4f326d0a9]
https://g.iotube.org [400] [GET] [text/plain] [] [BunnyCDN-IL-807] [vhost] [Bunny,Fastly,GitHub Pages,Varnish] [6a0405c77f92538ad6b4e17cb3cc13cb]
https://g.iotube.org [400] [GET] [text/plain] [] [BunnyCDN-SIL-915] [vhost] [Bunny,Fastly,GitHub Pages,Varnish] [6a0405c77f92538ad6b4e17cb3cc13cb]
https://iotube.org [200] [GET] [text/html] [ioTube V5] [cloudflare] [vhost] [Cloudflare,Google Font API,Google Tag Manager] [f8ad2be2753db9e551ebf1c32c25c4c0]
https://iotube.org:2087 [403] [GET] [text/html] [Attention Required! | Cloudflare] [cloudflare] [vhost] [Cloudflare] [773bb173b724502592963ccb03fd62a0]
https://iotube.org:8443 [403] [GET] [text/html] [Attention Required! | Cloudflare] [cloudflare] [vhost] [Cloudflare] [438b0bd1d867f8a9c5c6c56457f6530d]
https://testnet.iotube.org [200] [GET] [text/html] [ioTube Test] [cloudflare] [vhost] [Cloudflare,Google Font API,Google Tag Manager] [6da124410c7c1709d7eea4790915dbb0]
https://testnet.iotube.org:2053 [403] [GET] [text/html] [Attention Required! | Cloudflare] [cloudflare] [vhost] [Cloudflare] [d62cb17634884da975a9e4301a8c3c00]
https://testnet.iotube.org:2083 [403] [GET] [text/html] [Attention Required! | Cloudflare] [cloudflare] [vhost] [Cloudflare] [99eb388bafd783e7d185572c127a459e]
https://testnet.iotube.org:2087 [403] [GET] [text/html] [Attention Required! | Cloudflare] [cloudflare] [vhost] [Cloudflare] [28bfcdc6dc78ead461665560487a3286]
https://testnet.iotube.org:8443 [403] [GET] [text/html] [Attention Required! | Cloudflare] [cloudflare] [vhost] [Cloudflare] [847d249ab0931bb7bfb2bdbf3732a6a0]
https://v4.iotube.org:2053 [525] [GET] [] [] [cloudflare] [vhost] [Cloudflare,Cloudflare Network Error Logging] [d41d8cd98f00b204e9800998ecf8427e]
https://v4.iotube.org:2083 [525] [GET] [] [] [cloudflare] [vhost] [Cloudflare,Cloudflare Network Error Logging] [d41d8cd98f00b204e9800998ecf8427e]
https://v4.iotube.org:2087 [525] [GET] [] [] [cloudflare] [vhost] [Cloudflare,Cloudflare Network Error Logging] [d41d8cd98f00b204e9800998ecf8427e]
https://v4.iotube.org [301] [GET] [] [] [cloudflare] [vhost] [Cloudflare,Cloudflare Network Error Logging] [d41d8cd98f00b204e9800998ecf8427e]
https://v4.iotube.org:8443 [525] [GET] [] [] [cloudflare] [vhost] [Cloudflare,Cloudflare Network Error Logging] [d41d8cd98f00b204e9800998ecf8427e]
https://www.iotube.org:2053 [403] [GET] [text/html] [Attention Required! | Cloudflare] [cloudflare] [vhost] [Cloudflare] [dfaf3b275bd9f04c5af5f2a7f089d68a]
https://www.iotube.org:2083 [403] [GET] [text/html] [Attention Required! | Cloudflare] [cloudflare] [vhost] [Cloudflare] [2438cc9c8cf324a3ca71e713ae518c30]
https://www.iotube.org:2087 [403] [GET] [text/html] [Attention Required! | Cloudflare] [cloudflare] [vhost] [Cloudflare] [e9e477a2700f6951c0f3ac58fc6e659e]
https://www.iotube.org [301] [GET] [text/html] [] [cloudflare] [vhost] [Cloudflare] [afdb84334b2decfb7a26161787ac2723]
https://www.iotube.org:8443 [403] [GET] [text/html] [Attention Required! | Cloudflare] [cloudflare] [vhost] [Cloudflare] [6fe9b5c3909b2421c75318572a69fcf4]
http://testnet.iotube.org:2082 [403] [GET] [text/html] [Attention Required! | Cloudflare] [cloudflare] [vhost] [Cloudflare] [20b190cba00bf63b67c71c0bb98be6f2]
http://testnet.iotube.org:2086 [403] [GET] [text/html] [Attention Required! | Cloudflare] [cloudflare] [vhost] [Cloudflare] [f3a4be066d01f3c97614bd3fbe4680f7]
http://testnet.iotube.org:2095 [403] [GET] [text/html] [Attention Required! | Cloudflare] [cloudflare] [vhost] [Cloudflare] [4d3b010fb028b567a74825e7dd452a09]
http://testnet.iotube.org:8080 [403] [GET] [text/html] [Attention Required! | Cloudflare] [cloudflare] [vhost] [Cloudflare] [13763be0e337535cde57cdb69b05aeef]
http://testnet.iotube.org:8880 [403] [GET] [text/html] [Attention Required! | Cloudflare] [cloudflare] [vhost] [Cloudflare] [1a1e195fc5d9d90cbed65188f946cde4]
http://v4.iotube.org:2082 [301] [GET] [] [] [cloudflare] [vhost] [Cloudflare,Cloudflare Network Error Logging] [d41d8cd98f00b204e9800998ecf8427e]
http://v4.iotube.org:2086 [301] [GET] [] [] [cloudflare] [vhost] [Cloudflare,Cloudflare Network Error Logging] [d41d8cd98f00b204e9800998ecf8427e]
http://v4.iotube.org:2095 [301] [GET] [] [] [cloudflare] [vhost] [Cloudflare,Cloudflare Network Error Logging] [d41d8cd98f00b204e9800998ecf8427e]
http://v4.iotube.org:8080 [301] [GET] [] [] [cloudflare] [vhost] [Cloudflare,Cloudflare Network Error Logging] [d41d8cd98f00b204e9800998ecf8427e]
http://v4.iotube.org:8880 [301] [GET] [] [] [cloudflare] [vhost] [Cloudflare,Cloudflare Network Error Logging] [d41d8cd98f00b204e9800998ecf8427e]
http://www.iotube.org:2052 [403] [GET] [text/html] [Attention Required! | Cloudflare] [cloudflare] [vhost] [Cloudflare] [4158d5d66ac94956ce2c6ef40fc039d5]
http://www.iotube.org:2082 [403] [GET] [text/html] [Attention Required! | Cloudflare] [cloudflare] [vhost] [Cloudflare] [70eea62f836f976bc8315a58564c66be]
http://www.iotube.org:2086 [403] [GET] [text/html] [Attention Required! | Cloudflare] [cloudflare] [vhost] [Cloudflare] [c5b839998d255f14b8d3fcc0879a2448]
http://www.iotube.org:8080 [403] [GET] [text/html] [Attention Required! | Cloudflare] [cloudflare] [vhost] [Cloudflare] [b8ebd20c7ae9bb4144904e08d08b9c7a]
