http://irccloud.com:2052 [301] [GET] [] [] [cloudflare] [vhost] [cloudflare] [Cloudflare] [d41d8cd98f00b204e9800998ecf8427e]
http://irccloud.com:2082 [301] [GET] [] [] [cloudflare] [vhost] [cloudflare] [Cloudflare] [d41d8cd98f00b204e9800998ecf8427e]
http://irccloud.com:2086 [301] [GET] [] [] [cloudflare] [vhost] [cloudflare] [Cloudflare] [d41d8cd98f00b204e9800998ecf8427e]
http://irccloud.com:8080 [301] [GET] [] [] [cloudflare] [vhost] [cloudflare] [Cloudflare] [d41d8cd98f00b204e9800998ecf8427e]
http://irc.ec2-us-west-1.irccloud.com [302] [GET] [text/html] [302 Found] [nginx/1.14.0] [Nginx:1.14.0] [4f3e95deb55a8bf216df5ab58f762c59]
https://api-1.irccloud.com [301] [GET] [text/html] [301 Moved Permanently] [cloudflare] [vhost] [cloudflare] [Cloudflare] [bd2695f4b079c71dbddde3436286fb9c]
https://api-2.irccloud.com [301] [GET] [text/html] [301 Moved Permanently] [cloudflare] [vhost] [cloudflare] [Cloudflare] [bd2695f4b079c71dbddde3436286fb9c]
https://api-3.irccloud.com [301] [GET] [text/html] [301 Moved Permanently] [cloudflare] [vhost] [cloudflare] [Cloudflare] [bd2695f4b079c71dbddde3436286fb9c]
https://api-4.irccloud.com [301] [GET] [text/html] [301 Moved Permanently] [cloudflare] [vhost] [cloudflare] [Cloudflare] [bd2695f4b079c71dbddde3436286fb9c]
https://api-5.irccloud.com [301] [GET] [text/html] [301 Moved Permanently] [cloudflare] [vhost] [cloudflare] [Cloudflare] [bd2695f4b079c71dbddde3436286fb9c]
https://api-6.irccloud.com [301] [GET] [text/html] [301 Moved Permanently] [cloudflare] [vhost] [cloudflare] [Cloudflare] [bd2695f4b079c71dbddde3436286fb9c]
https://api-7.irccloud.com [301] [GET] [text/html] [301 Moved Permanently] [cloudflare] [vhost] [cloudflare] [Cloudflare] [bd2695f4b079c71dbddde3436286fb9c]
https://api-8.irccloud.com [523] [GET] [] [] [cloudflare] [vhost] [cloudflare] [Cloudflare] [d41d8cd98f00b204e9800998ecf8427e]
https://api.irccloud.com [301] [GET] [text/html] [301 Moved Permanently] [cloudflare] [vhost] [cloudflare] [Cloudflare] [bd2695f4b079c71dbddde3436286fb9c]
https://blog.irccloud.com [200] [GET] [text/html] [IRCCloud Blog] [cloudflare] [vhost] [cloudflare] [Amazon Web Services,Cloudflare,Google Font API] [1b46a5d2b3eb60a96709ab4e36d73ddc]
https://desktop.irccloud.com [200] [GET] [application/octet-stream] [] [Cowboy] [vhost] [Cowboy,Express,Heroku,Node.js] [59b9ed5799456002b1a272533ceee31e]
https://desktop.irccloud.com [200] [GET] [application/octet-stream] [] [Windows-Azure-Blob/1.0 Microsoft-HTTPAPI/2.0] [Azure,Express,Fastly,Heroku,Microsoft HTTPAPI:2.0,Node.js,Varnish] [987b247a0e244bf55d036576660749ec]
https://irccloud.com:2083 [301] [GET] [] [] [cloudflare] [vhost] [cloudflare] [Cloudflare] [d41d8cd98f00b204e9800998ecf8427e]
https://irccloud.com:2087 [301] [GET] [] [] [cloudflare] [vhost] [cloudflare] [Cloudflare] [d41d8cd98f00b204e9800998ecf8427e]
https://irccloud.com [301] [GET] [] [] [cloudflare] [vhost] [cloudflare] [Cloudflare] [d41d8cd98f00b204e9800998ecf8427e]
https://irccloud.com:8443 [301] [GET] [] [] [cloudflare] [vhost] [cloudflare] [Cloudflare] [d41d8cd98f00b204e9800998ecf8427e]
https://ops.irccloud.com [302] [GET] [] [] [cloudflare] [vhost] [cloudflare] [Cloudflare] [d41d8cd98f00b204e9800998ecf8427e]
https://status.irccloud.com [302] [GET] [] [] [cloudflare] [vhost] [cloudflare] [Cloudflare] [d41d8cd98f00b204e9800998ecf8427e]
https://www.irccloud.com [403] [GET] [text/html] [Just a moment...] [cloudflare] [vhost] [cloudflare] [Cloudflare] [63dc7b59c68099bc08d63f9d1bc12575]
https://www.irccloud.com [403] [GET] [text/html] [Just a moment...] [cloudflare] [vhost] [cloudflare] [Cloudflare] [6e00ef448f805ee2697529f67daf69ac]
http://team-irc.irccloud.com [302] [GET] [text/html] [302 Found] [nginx/1.18.0 (Ubuntu)] [Nginx:1.18.0,Ubuntu] [c34a889404161b1abde82974413740d6]
