https://api.jobapi.net [403] [GET] [text/html] [403 Forbidden] [nginx/1.14.0 (Ubuntu)] [Nginx:1.14.0,Ubuntu] [af54461653dbb060bb6de1b81c1ca1fb]
https://fallback.jobapi.net [404] [GET] [] [] [envoy] [Envoy] [d41d8cd98f00b204e9800998ecf8427e]
https://grafana.jobapi.net [302] [GET] [text/html] [] [nginx/1.14.0 (Ubuntu)] [vhost] [Nginx:1.14.0,Ubuntu] [ba9207dde07055fbfe8fe5c88cc2750d]
https://grafana.jobapi.net [302] [GET] [text/html] [] [nginx/1.14.0 (Ubuntu)] [vhost] [Nginx:1.14.0,Ubuntu] [c693227d8c18b2536de57746c0748df4]
https://ingestion0-bm-sjc04-us.jobapi.net [404] [GET] [] [] [envoy] [Envoy] [d41d8cd98f00b204e9800998ecf8427e]
https://ingestion1-bm-sjc04-us.jobapi.net [404] [GET] [] [] [envoy] [Envoy] [d41d8cd98f00b204e9800998ecf8427e]
https://ingestion.jobapi.net [404] [GET] [] [] [envoy] [Envoy] [d41d8cd98f00b204e9800998ecf8427e]
https://kibana.jobapi.net [302] [GET] [text/html] [] [nginx/1.14.0 (Ubuntu)] [vhost] [Nginx:1.14.0,Ubuntu] [6c2a9eb5b8e127c2c3fe45017b29f61d]
https://kibana.jobapi.net [302] [GET] [text/html] [] [nginx/1.14.0 (Ubuntu)] [vhost] [Nginx:1.14.0,Ubuntu] [9e04c9af15d8c999c640bb0dd5df65a8]
https://landscape.jobapi.net [503] [GET] [text/html] [System error - Landscape] [Apache/2.4.29 (Ubuntu)] [Apache:2.4.29,Ubuntu] [4a93020506db8556373caf8a0fd3844b]
https://lb0-bm-sjc04-us.jobapi.net [404] [GET] [] [] [envoy] [Envoy] [d41d8cd98f00b204e9800998ecf8427e]
https://lb0-bm-syd01-au.jobapi.net [404] [GET] [] [] [envoy] [Envoy] [d41d8cd98f00b204e9800998ecf8427e]
https://lb1-bm-sjc04-us.jobapi.net [404] [GET] [] [] [envoy] [Envoy] [d41d8cd98f00b204e9800998ecf8427e]
https://lb1-bm-syd01-au.jobapi.net [404] [GET] [] [] [envoy] [Envoy] [d41d8cd98f00b204e9800998ecf8427e]
https://lb-bm-sjc04-us.jobapi.net [404] [GET] [] [] [envoy] [Envoy] [d41d8cd98f00b204e9800998ecf8427e]
https://lb-bm-syd01-au.jobapi.net [404] [GET] [] [] [envoy] [Envoy] [d41d8cd98f00b204e9800998ecf8427e]
https://monitor0-bm-sjc04-us.jobapi.net [403] [GET] [text/html] [403 Forbidden] [nginx/1.14.0 (Ubuntu)] [Nginx:1.14.0,Ubuntu] [af54461653dbb060bb6de1b81c1ca1fb]
https://prometheus.jobapi.net [302] [GET] [text/html] [] [nginx/1.14.0 (Ubuntu)] [vhost] [Nginx:1.14.0,Ubuntu] [9fc01749d10a0608d43845052705cff0]
https://prometheus.jobapi.net [302] [GET] [text/html] [] [nginx/1.14.0 (Ubuntu)] [vhost] [Nginx:1.14.0,Ubuntu] [aef32201b11f21d40aa24a3d46278e1d]
https://search-au.jobapi.net [404] [GET] [] [] [envoy] [Envoy] [d41d8cd98f00b204e9800998ecf8427e]
https://search.jobapi.net [404] [GET] [] [] [envoy] [Envoy] [d41d8cd98f00b204e9800998ecf8427e]
https://search-us.jobapi.net [404] [GET] [] [] [envoy] [Envoy] [d41d8cd98f00b204e9800998ecf8427e]
