http://justeattakeaway.com:2082 [301] [GET] [] [] [cloudflare] [vhost] [cloudflare] [Cloudflare,Cloudflare Bot Management] [d41d8cd98f00b204e9800998ecf8427e]
http://justeattakeaway.com:2086 [301] [GET] [] [] [cloudflare] [vhost] [cloudflare] [Cloudflare,Cloudflare Bot Management] [d41d8cd98f00b204e9800998ecf8427e]
http://justeattakeaway.com:8080 [301] [GET] [] [] [cloudflare] [vhost] [cloudflare] [Cloudflare,Cloudflare Bot Management] [d41d8cd98f00b204e9800998ecf8427e]
http://justeattakeaway.com:8880 [301] [GET] [] [] [cloudflare] [vhost] [cloudflare] [Cloudflare,Cloudflare Bot Management] [d41d8cd98f00b204e9800998ecf8427e]
https://access.justeattakeaway.com [301] [GET] [text/html] [Document Moved] [cloudflare] [vhost] [cloudflare] [Amazon ALB,Amazon Web Services,Cloudflare,Cloudflare Bot Management,Microsoft ASP.NET] [5415f23f72e5acd475ee6daeba0bece2]
https://beta.justeattakeaway.com [503] [GET] [text/html] [Just a moment...] [cloudflare] [vhost] [cloudflare] [Cloudflare,Cloudflare Bot Management] [1bdded188fe3ebbda61beb8ccf247cdf]
https://beta.justeattakeaway.com [503] [GET] [text/html] [Just a moment...] [cloudflare] [vhost] [cloudflare] [Cloudflare,Cloudflare Bot Management] [d1205d1f9e481089c0a3e2518b48072d]
https://brand.justeattakeaway.com [302] [GET] [text/html] [] [cloudflare] [vhost] [cloudflare] [Amazon ALB,Amazon Web Services,Cloudflare,Cloudflare Bot Management,PHP,Sqreen] [d41d8cd98f00b204e9800998ecf8427e]
https://careers.justeattakeaway.com [303] [GET] [] [] [] [vhost] [Java,Play,Scala] [d41d8cd98f00b204e9800998ecf8427e]
https://click.connect.justeattakeaway.com [403] [GET] [text/html] [403 - Forbidden: Access is denied.] [] [11ca4578cb026a23713aea6781b8ece3]
https://click.ridewith.justeattakeaway.com [403] [GET] [text/html] [403 - Forbidden: Access is denied.] [] [11ca4578cb026a23713aea6781b8ece3]
https://cloud.connect.justeattakeaway.com [403] [GET] [text/html] [403 - Forbidden: Access is denied.] [] [11ca4578cb026a23713aea6781b8ece3]
https://cloud.ridewith.justeattakeaway.com [403] [GET] [text/html] [403 - Forbidden: Access is denied.] [] [11ca4578cb026a23713aea6781b8ece3]
https://easylogin.justeattakeaway.com [301] [GET] [] [] [cloudflare] [vhost] [cloudflare] [Cloudflare,Cloudflare Bot Management] [d41d8cd98f00b204e9800998ecf8427e]
https://email.pr.justeattakeaway.com [200] [GET] [application/octet-stream] [] [nginx] [Nginx] [9f36c1c909fa94ed5e7af41387ae3dae]
https://emails.corporate.justeattakeaway.com [404] [GET] [text/html] [404 Not Found] [] [vhost] [8e325dc2fea7c8900fc6c4b8c6c394fe]
https://enterpriseenrollment.justeattakeaway.com [302] [GET] [] [] [Microsoft-IIS/10.0] [azure] [IIS:10.0,Microsoft ASP.NET,Windows Server] [d41d8cd98f00b204e9800998ecf8427e]
https://enterpriseregistration.justeattakeaway.com [404] [GET] [text/html] [Service] [] [azure] [17654c28a506596d05424ea295203bac]
https://features.api.justeattakeaway.com [404] [GET] [application/xml] [] [cloudflare] [vhost] [cloudflare] [Amazon Cloudfront,Amazon Web Services,Cloudflare,Cloudflare Bot Management] [9bd603763db8e35aca4ab74070e15bf9]
https://features.api.justeattakeaway.com [404] [GET] [application/xml] [] [cloudflare] [vhost] [cloudflare] [Amazon Cloudfront,Amazon Web Services,Cloudflare,Cloudflare Bot Management] [f58e7cfef3ab8db130696164593238e4]
https://image.connect.justeattakeaway.com [403] [GET] [text/html] [Access Denied] [AkamaiGHost] [vhost] [0103fe0006aa52b79cbbf687a15dd49f]
https://image.connect.justeattakeaway.com [403] [GET] [text/html] [Access Denied] [AkamaiGHost] [vhost] [89717c6cbd70ec443d494e10126a535c]
https://image.ridewith.justeattakeaway.com [403] [GET] [text/html] [Access Denied] [AkamaiGHost] [vhost] [c08bc0568a58e189b40674fe32c1a33f]
https://image.ridewith.justeattakeaway.com [403] [GET] [text/html] [Access Denied] [AkamaiGHost] [vhost] [f925f27a29388b6497fd0768a35e6794]
https://justeattakeaway.com:2083 [521] [GET] [] [] [cloudflare] [vhost] [cloudflare] [Cloudflare,Cloudflare Bot Management] [d41d8cd98f00b204e9800998ecf8427e]
https://justeattakeaway.com:2087 [521] [GET] [] [] [cloudflare] [vhost] [cloudflare] [Cloudflare,Cloudflare Bot Management] [d41d8cd98f00b204e9800998ecf8427e]
https://justeattakeaway.com:2096 [521] [GET] [] [] [cloudflare] [vhost] [cloudflare] [Cloudflare,Cloudflare Bot Management] [d41d8cd98f00b204e9800998ecf8427e]
https://justeattakeaway.com [308] [GET] [text/html] [308 Permanent Redirect] [cloudflare] [vhost] [cloudflare] [Cloudflare,Cloudflare Bot Management] [f23c4815ecaef1588f16ac735c0e15d6]
https://justeattakeaway.com:8443 [521] [GET] [] [] [cloudflare] [vhost] [cloudflare] [Cloudflare,Cloudflare Bot Management] [d41d8cd98f00b204e9800998ecf8427e]
https://kitchen.justeattakeaway.com [302] [GET] [text/html] [] [Google Frontend] [vhost] [Google App Engine,Google Cloud,Google Cloud Trace] [d41d8cd98f00b204e9800998ecf8427e]
https://rest.api.justeattakeaway.com [404] [GET] [application/json] [] [cloudflare] [vhost] [cloudflare] [Cloudflare,Cloudflare Bot Management] [2c7ef3e2a869dd3196f197e7c6b27070]
https://sg.api.justeattakeaway.com [404] [GET] [application/json] [] [cloudflare] [vhost] [cloudflare] [Cloudflare,Cloudflare Bot Management] [2c7ef3e2a869dd3196f197e7c6b27070]
https://support.justeattakeaway.com [301] [GET] [] [] [cloudflare] [vhost] [cloudflare] [Cloudflare,Cloudflare Bot Management] [d41d8cd98f00b204e9800998ecf8427e]
https://tech.justeattakeaway.com [200] [GET] [text/html] [Tech Blog – Just Eat Takeaway] [cloudflare] [vhost] [cloudflare] [Cloudflare,Cloudflare Bot Management,MySQL,PHP:7.3.27,WordPress] [1c220e543ac82875b06766a043a72d6c]
https://view.connect.justeattakeaway.com [302] [GET] [text/html] [Object moved] [] [0b9ef0192b2022a0b94f012083714795]
https://view.ridewith.justeattakeaway.com [302] [GET] [text/html] [Object moved] [] [0b9ef0192b2022a0b94f012083714795]
https://www.justeattakeaway.com [503] [GET] [text/html] [Just a moment...] [cloudflare] [vhost] [cloudflare] [Cloudflare,Cloudflare Bot Management] [301b571ddb704f045565d103fc2e2795]
https://www.justeattakeaway.com [503] [GET] [text/html] [Just a moment...] [cloudflare] [vhost] [cloudflare] [Cloudflare,Cloudflare Bot Management] [dd0b3afbd64b4dfe9a15798a1aadc642]
