http://devnet.kaddex.com:8081 [404] [GET] [text/html] [404 Not Found] [nginx/1.21.6] [Nginx:1.21.6] [841102042dfedb8a9dcc0e6a9966307f]
http://docs.kaddex.com:2082 [302] [GET] [] [] [cloudflare] [vhost] [cloudflare] [Cloudflare] [d41d8cd98f00b204e9800998ecf8427e]
http://docs.kaddex.com:2086 [302] [GET] [] [] [cloudflare] [vhost] [cloudflare] [Cloudflare] [d41d8cd98f00b204e9800998ecf8427e]
http://docs.kaddex.com:8080 [302] [GET] [] [] [cloudflare] [vhost] [cloudflare] [Cloudflare] [d41d8cd98f00b204e9800998ecf8427e]
http://docs.kaddex.com:8880 [302] [GET] [] [] [cloudflare] [vhost] [cloudflare] [Cloudflare] [d41d8cd98f00b204e9800998ecf8427e]
http://kaddex.com:2053 [400] [GET] [text/html] [400 The plain HTTP request was sent to HTTPS port] [cloudflare] [cloudflare] [Cloudflare] [20ad84d030031252141ca0b3fc0183f0]
http://kaddex.com:2082 [301] [GET] [] [] [cloudflare] [vhost] [cloudflare] [Cloudflare,Cloudflare Network Error Logging] [d41d8cd98f00b204e9800998ecf8427e]
http://kaddex.com:2083 [400] [GET] [text/html] [400 The plain HTTP request was sent to HTTPS port] [cloudflare] [cloudflare] [Cloudflare] [cd58783500d7fa3c58f88eb0ba22f4f8]
http://kaddex.com:2086 [301] [GET] [] [] [cloudflare] [vhost] [cloudflare] [Cloudflare,Cloudflare Network Error Logging] [d41d8cd98f00b204e9800998ecf8427e]
http://kaddex.com:2087 [400] [GET] [text/html] [400 The plain HTTP request was sent to HTTPS port] [cloudflare] [cloudflare] [Cloudflare] [20ad84d030031252141ca0b3fc0183f0]
http://kaddex.com:8080 [301] [GET] [] [] [cloudflare] [vhost] [cloudflare] [Cloudflare,Cloudflare Network Error Logging] [d41d8cd98f00b204e9800998ecf8427e]
http://kaddex.com:8443 [400] [GET] [text/html] [400 The plain HTTP request was sent to HTTPS port] [cloudflare] [cloudflare] [Cloudflare] [cd58783500d7fa3c58f88eb0ba22f4f8]
https://chainweb.kaddex.com [404] [GET] [text/html] [404 Not Found] [nginx/1.23.1] [Nginx:1.23.1] [17824dbf3791e94315227cf49b34e4a0]
https://chainweb.kaddex.com [404] [GET] [text/html] [404 Not Found] [nginx/1.23.1] [Nginx:1.23.1] [3a7eadf2966cc0a3f0100a308c27876e]
https://devnet.analytics-api.kaddex.com [200] [GET] [application/json] [] [nginx/1.18.0 (Ubuntu)] [Express,Nginx:1.18.0,Node.js,Ubuntu] [d4e176f26084ff1ba53afcf8fd296b15]
https://devnet.kaddex.com [404] [GET] [text/html] [404 Not Found] [nginx/1.18.0 (Ubuntu)] [Nginx:1.18.0,Ubuntu] [841102042dfedb8a9dcc0e6a9966307f]
https://devnet.swap.kaddex.com [200] [GET] [text/html] [Kaddex] [nginx/1.18.0 (Ubuntu)] [vhost] [Nginx:1.18.0,Ubuntu] [fab781f11ad996afff6ab9a19cf07902]
https://devnet.vaulting.kaddex.com [200] [GET] [text/html] [Kaddex] [nginx/1.18.0 (Ubuntu)] [vhost] [Nginx:1.18.0,Ubuntu] [aa78c574f1e22c218a46d44844301af6]
https://docs.kaddex.com:2083 [302] [GET] [text/plain] [] [cloudflare] [vhost] [cloudflare] [Algolia,Cloudflare,Google Cloud,Google Cloud Trace] [6af52cfb37237bdd870ad53370e51778]
https://docs.kaddex.com:2087 [302] [GET] [text/plain] [] [cloudflare] [vhost] [cloudflare] [Algolia,Cloudflare,Google Cloud,Google Cloud Trace] [6af52cfb37237bdd870ad53370e51778]
https://docs.kaddex.com [302] [GET] [text/plain] [] [cloudflare] [vhost] [cloudflare] [Algolia,Cloudflare,Google Cloud,Google Cloud Trace] [6af52cfb37237bdd870ad53370e51778]
https://docs.kaddex.com:8443 [302] [GET] [text/plain] [] [cloudflare] [vhost] [cloudflare] [Algolia,Cloudflare,Google Cloud,Google Cloud Trace] [6af52cfb37237bdd870ad53370e51778]
https://kaddex.com [200] [GET] [text/html] [Kaddex] [cloudflare] [vhost] [cloudflare] [Cloudflare,Cloudflare Network Error Logging] [034046efb5e43b0cd0a786648414a520]
https://stage.buy.kaddex.com [401] [GET] [text/html] [] [nginx/1.18.0 (Ubuntu)] [Basic,Nginx:1.18.0,Ubuntu] [987ec9e1c847709406571048e5a96a18]
https://stage.swap.kaddex.com [401] [GET] [text/html] [401 Authorization Required] [nginx/1.18.0 (Ubuntu)] [vhost] [Basic,Nginx:1.18.0,Ubuntu] [2de6b6d344def6c218b25eb98e5ebfd2]
https://swap.kaddex.com [200] [GET] [text/html] [Kaddex] [cloudflare] [vhost] [cloudflare] [Cloudflare,Cloudflare Network Error Logging] [4d5860704b856788d50c58e70eb2e48d]
http://stage.buy.kaddex.com:5010 [401] [GET] [text/html] [] [] [Basic] [987ec9e1c847709406571048e5a96a18]
http://stage.buy.kaddex.com:5030 [200] [GET] [text/html] [Kaddex] [] [c861e524f6a262a3798899f705308c92]
http://stage.buy.kaddex.com:5050 [200] [GET] [text/html] [Kaddex] [] [10cb62c89199a5495b753281c7014c19]
http://stage.buy.kaddex.com:5080 [200] [GET] [text/html] [Kaddex] [] [63b41b20d9abe004d18f739035e6e67a]
http://stage.swap.kaddex.com:5010 [401] [GET] [text/html] [] [] [Basic] [987ec9e1c847709406571048e5a96a18]
http://stage.swap.kaddex.com:5030 [200] [GET] [text/html] [Kaddex] [] [c861e524f6a262a3798899f705308c92]
http://stage.swap.kaddex.com:5050 [200] [GET] [text/html] [Kaddex] [] [10cb62c89199a5495b753281c7014c19]
http://stage.swap.kaddex.com:5080 [200] [GET] [text/html] [Kaddex] [] [63b41b20d9abe004d18f739035e6e67a]
https://vaulting.kaddex.com [200] [GET] [text/html] [Kaddex] [cloudflare] [vhost] [cloudflare] [Cloudflare,Cloudflare Network Error Logging] [37635dc658bb834fb3eacc060b0590b7]
http://swap.kaddex.com:2053 [400] [GET] [text/html] [400 The plain HTTP request was sent to HTTPS port] [cloudflare] [cloudflare] [Cloudflare] [20ad84d030031252141ca0b3fc0183f0]
http://swap.kaddex.com:2082 [301] [GET] [] [] [cloudflare] [vhost] [cloudflare] [Cloudflare,Cloudflare Network Error Logging] [d41d8cd98f00b204e9800998ecf8427e]
http://swap.kaddex.com:2083 [400] [GET] [text/html] [400 The plain HTTP request was sent to HTTPS port] [cloudflare] [cloudflare] [Cloudflare] [20ad84d030031252141ca0b3fc0183f0]
http://swap.kaddex.com:2086 [301] [GET] [] [] [cloudflare] [vhost] [cloudflare] [Cloudflare,Cloudflare Network Error Logging] [d41d8cd98f00b204e9800998ecf8427e]
http://swap.kaddex.com:2087 [400] [GET] [text/html] [400 The plain HTTP request was sent to HTTPS port] [cloudflare] [cloudflare] [Cloudflare] [cd58783500d7fa3c58f88eb0ba22f4f8]
http://swap.kaddex.com:8080 [301] [GET] [] [] [cloudflare] [vhost] [cloudflare] [Cloudflare,Cloudflare Network Error Logging] [d41d8cd98f00b204e9800998ecf8427e]
http://swap.kaddex.com:8443 [400] [GET] [text/html] [400 The plain HTTP request was sent to HTTPS port] [cloudflare] [cloudflare] [Cloudflare] [20ad84d030031252141ca0b3fc0183f0]
https://www.chainweb.kaddex.com [404] [GET] [text/html] [404 Not Found] [nginx/1.23.1] [Nginx:1.23.1] [17824dbf3791e94315227cf49b34e4a0]
https://www.chainweb.kaddex.com [404] [GET] [text/html] [404 Not Found] [nginx/1.23.1] [Nginx:1.23.1] [3a7eadf2966cc0a3f0100a308c27876e]
https://www.devnet.analytics-api.kaddex.com [200] [GET] [application/json] [] [nginx/1.18.0 (Ubuntu)] [Express,Nginx:1.18.0,Node.js,Ubuntu] [d4e176f26084ff1ba53afcf8fd296b15]
https://www.devnet.kaddex.com [404] [GET] [text/html] [404 Not Found] [nginx/1.18.0 (Ubuntu)] [Nginx:1.18.0,Ubuntu] [841102042dfedb8a9dcc0e6a9966307f]
https://www.devnet.swap.kaddex.com [200] [GET] [text/html] [Kaddex] [nginx/1.18.0 (Ubuntu)] [vhost] [Nginx:1.18.0,Ubuntu] [fab781f11ad996afff6ab9a19cf07902]
https://www.devnet.vaulting.kaddex.com [200] [GET] [text/html] [Kaddex] [nginx/1.18.0 (Ubuntu)] [vhost] [Nginx:1.18.0,Ubuntu] [aa78c574f1e22c218a46d44844301af6]
https://www.kaddex.com [200] [GET] [text/html] [Kaddex] [cloudflare] [vhost] [cloudflare] [Cloudflare,Cloudflare Network Error Logging] [034046efb5e43b0cd0a786648414a520]
https://www.stage.buy.kaddex.com [401] [GET] [text/html] [] [nginx/1.18.0 (Ubuntu)] [Basic,Nginx:1.18.0,Ubuntu] [987ec9e1c847709406571048e5a96a18]
https://www.stage.swap.kaddex.com [401] [GET] [text/html] [401 Authorization Required] [nginx/1.18.0 (Ubuntu)] [vhost] [Basic,Nginx:1.18.0,Ubuntu] [55d2e7860455448d0e50c2fc8e87b611]
https://xwallet.kaddex.com [200] [GET] [text/html] [X-Wallet by Kaddex] [cloudflare] [vhost] [cloudflare] [Cloudflare,Cloudflare Network Error Logging,Google Tag Manager] [9099bf100e8407ca2e0a68b40e4c5f3a]
http://vaulting.kaddex.com:2053 [400] [GET] [text/html] [400 The plain HTTP request was sent to HTTPS port] [cloudflare] [cloudflare] [Cloudflare] [cd58783500d7fa3c58f88eb0ba22f4f8]
http://vaulting.kaddex.com:2082 [301] [GET] [] [] [cloudflare] [vhost] [cloudflare] [Cloudflare,Cloudflare Network Error Logging] [d41d8cd98f00b204e9800998ecf8427e]
http://vaulting.kaddex.com:2083 [400] [GET] [text/html] [400 The plain HTTP request was sent to HTTPS port] [cloudflare] [cloudflare] [Cloudflare] [cd58783500d7fa3c58f88eb0ba22f4f8]
http://vaulting.kaddex.com:2086 [301] [GET] [] [] [cloudflare] [vhost] [cloudflare] [Cloudflare,Cloudflare Network Error Logging] [d41d8cd98f00b204e9800998ecf8427e]
http://vaulting.kaddex.com:2087 [400] [GET] [text/html] [400 The plain HTTP request was sent to HTTPS port] [cloudflare] [cloudflare] [Cloudflare] [20ad84d030031252141ca0b3fc0183f0]
http://vaulting.kaddex.com:8080 [403] [GET] [text/plain] [] [cloudflare] [vhost] [cloudflare] [Cloudflare,Cloudflare Network Error Logging] [4f20b85ce5ebf225720e040314a7966a]
http://vaulting.kaddex.com:8443 [400] [GET] [text/html] [400 The plain HTTP request was sent to HTTPS port] [cloudflare] [cloudflare] [Cloudflare] [20ad84d030031252141ca0b3fc0183f0]
http://www.devnet.kaddex.com:8081 [404] [GET] [text/html] [404 Not Found] [nginx/1.21.6] [Nginx:1.21.6] [9b9278a3fc0e0dcb812e81d6072a9f99]
http://www.kaddex.com:2053 [400] [GET] [text/html] [400 The plain HTTP request was sent to HTTPS port] [cloudflare] [cloudflare] [Cloudflare] [cd58783500d7fa3c58f88eb0ba22f4f8]
http://www.kaddex.com:2082 [301] [GET] [] [] [cloudflare] [vhost] [cloudflare] [Cloudflare,Cloudflare Network Error Logging] [d41d8cd98f00b204e9800998ecf8427e]
http://www.kaddex.com:2083 [400] [GET] [text/html] [400 The plain HTTP request was sent to HTTPS port] [cloudflare] [cloudflare] [Cloudflare] [20ad84d030031252141ca0b3fc0183f0]
http://www.kaddex.com:2086 [301] [GET] [] [] [cloudflare] [vhost] [cloudflare] [Cloudflare,Cloudflare Network Error Logging] [d41d8cd98f00b204e9800998ecf8427e]
http://www.kaddex.com:2087 [400] [GET] [text/html] [400 The plain HTTP request was sent to HTTPS port] [cloudflare] [cloudflare] [Cloudflare] [cd58783500d7fa3c58f88eb0ba22f4f8]
http://www.kaddex.com:8080 [301] [GET] [] [] [cloudflare] [vhost] [cloudflare] [Cloudflare,Cloudflare Network Error Logging] [d41d8cd98f00b204e9800998ecf8427e]
http://www.kaddex.com:8443 [400] [GET] [text/html] [400 The plain HTTP request was sent to HTTPS port] [cloudflare] [cloudflare] [Cloudflare] [cd58783500d7fa3c58f88eb0ba22f4f8]
http://www.stage.buy.kaddex.com:5010 [401] [GET] [text/html] [] [] [Basic] [987ec9e1c847709406571048e5a96a18]
http://www.stage.buy.kaddex.com:5030 [200] [GET] [text/html] [Kaddex] [] [c861e524f6a262a3798899f705308c92]
http://www.stage.buy.kaddex.com:5050 [200] [GET] [text/html] [Kaddex] [] [10cb62c89199a5495b753281c7014c19]
http://www.stage.buy.kaddex.com:5080 [200] [GET] [text/html] [Kaddex] [] [63b41b20d9abe004d18f739035e6e67a]
http://www.stage.swap.kaddex.com:5010 [401] [GET] [text/html] [] [] [Basic] [987ec9e1c847709406571048e5a96a18]
http://www.stage.swap.kaddex.com:5030 [200] [GET] [text/html] [Kaddex] [] [c861e524f6a262a3798899f705308c92]
http://www.stage.swap.kaddex.com:5050 [200] [GET] [text/html] [Kaddex] [] [10cb62c89199a5495b753281c7014c19]
http://www.stage.swap.kaddex.com:5080 [200] [GET] [text/html] [Kaddex] [] [63b41b20d9abe004d18f739035e6e67a]
http://www.swap.kaddex.com:2053 [400] [GET] [text/html] [400 The plain HTTP request was sent to HTTPS port] [cloudflare] [cloudflare] [Cloudflare] [cd58783500d7fa3c58f88eb0ba22f4f8]
http://www.swap.kaddex.com:2082 [301] [GET] [] [] [cloudflare] [vhost] [cloudflare] [Cloudflare,Cloudflare Network Error Logging] [d41d8cd98f00b204e9800998ecf8427e]
http://www.swap.kaddex.com:2083 [400] [GET] [text/html] [400 The plain HTTP request was sent to HTTPS port] [cloudflare] [cloudflare] [Cloudflare] [cd58783500d7fa3c58f88eb0ba22f4f8]
http://www.swap.kaddex.com:2086 [301] [GET] [] [] [cloudflare] [vhost] [cloudflare] [Cloudflare,Cloudflare Network Error Logging] [d41d8cd98f00b204e9800998ecf8427e]
http://www.swap.kaddex.com:2087 [400] [GET] [text/html] [400 The plain HTTP request was sent to HTTPS port] [cloudflare] [cloudflare] [Cloudflare] [cd58783500d7fa3c58f88eb0ba22f4f8]
http://www.swap.kaddex.com [301] [GET] [] [] [cloudflare] [vhost] [cloudflare] [Cloudflare,Cloudflare Network Error Logging] [d41d8cd98f00b204e9800998ecf8427e]
http://www.swap.kaddex.com:8080 [301] [GET] [] [] [cloudflare] [vhost] [cloudflare] [Cloudflare,Cloudflare Network Error Logging] [d41d8cd98f00b204e9800998ecf8427e]
http://www.swap.kaddex.com:8443 [400] [GET] [text/html] [400 The plain HTTP request was sent to HTTPS port] [cloudflare] [cloudflare] [Cloudflare] [cd58783500d7fa3c58f88eb0ba22f4f8]
http://xwallet.kaddex.com:2053 [400] [GET] [text/html] [400 The plain HTTP request was sent to HTTPS port] [cloudflare] [cloudflare] [Cloudflare] [20ad84d030031252141ca0b3fc0183f0]
http://xwallet.kaddex.com:2082 [301] [GET] [] [] [cloudflare] [vhost] [cloudflare] [Cloudflare,Cloudflare Network Error Logging] [d41d8cd98f00b204e9800998ecf8427e]
http://xwallet.kaddex.com:2083 [400] [GET] [text/html] [400 The plain HTTP request was sent to HTTPS port] [cloudflare] [cloudflare] [Cloudflare] [cd58783500d7fa3c58f88eb0ba22f4f8]
http://xwallet.kaddex.com:2086 [301] [GET] [] [] [cloudflare] [vhost] [cloudflare] [Cloudflare,Cloudflare Network Error Logging] [d41d8cd98f00b204e9800998ecf8427e]
http://xwallet.kaddex.com:2087 [400] [GET] [text/html] [400 The plain HTTP request was sent to HTTPS port] [cloudflare] [cloudflare] [Cloudflare] [cd58783500d7fa3c58f88eb0ba22f4f8]
http://xwallet.kaddex.com:8080 [301] [GET] [] [] [cloudflare] [vhost] [cloudflare] [Cloudflare,Cloudflare Network Error Logging] [d41d8cd98f00b204e9800998ecf8427e]
http://xwallet.kaddex.com:8443 [400] [GET] [text/html] [400 The plain HTTP request was sent to HTTPS port] [cloudflare] [cloudflare] [Cloudflare] [cd58783500d7fa3c58f88eb0ba22f4f8]
