https://api.acceptatie.karwei.nl [404] [GET] [application/json] [] [] [vhost] [23c0e72b3e884bc83386cafbc18ab47a]
https://api.acceptatie.karwei.nl [404] [GET] [application/json] [] [] [vhost] [91961f4fd1754e39d0c20273d9e6feb9]
https://api.acc.karwei.nl [404] [GET] [application/json] [] [] [vhost] [9e8d289e8b030e7b96d69920f4835a9c]
https://api.acc.karwei.nl [404] [GET] [application/json] [] [] [vhost] [e59431967ab5950d21d04797f8350e71]
https://api.karwei.nl [404] [GET] [application/json] [] [] [vhost] [a558067e69f2110defcd6159d0d21b94]
https://api.karwei.nl [404] [GET] [application/json] [] [] [vhost] [e3f7597df778102de124a1102838c4b0]
https://api.maakafspraak.karwei.nl [200] [GET] [text/html] [Welcome to your Strapi app] [] [vhost] [Google Font API] [276d5c160b65e81d061c8a9e30c50960]
https://api.maakafspraak.karwei.nl [200] [GET] [text/html] [Welcome to your Strapi app] [] [vhost] [Google Font API] [9c8cae832745012c8c6ac42fde90bcc9]
https://audiotour.karwei.nl [200] [GET] [text/html] [Karwei audiotour] [Netlify] [vhost] [Netlify] [b5dc4bdfe237f4048c377bd715575e96]
https://blog.karwei.nl [301] [GET] [text/html] [301 Moved Permanently] [nginx] [vhost] [cloudfront] [Amazon Cloudfront,Amazon Web Services,Nginx] [4f8e702cc244ec5d4de32740c0ecbd97]
https://cdn.email.karwei.nl [403] [GET] [application/xml] [] [AmazonS3] [vhost] [cloudfront] [Amazon Cloudfront,Amazon S3,Amazon Web Services] [442a942b0fa87dc3c247de83657388d5]
https://chatapp.karwei.nl [403] [GET] [text/html] [403 Forbidden] [] [vhost] [9fe3cb2b7313dc79bb477bc8fde184a7]
https://data.email.karwei.nl [200] [GET] [] [] [jag] [d41d8cd98f00b204e9800998ecf8427e]
https://feedback.karwei.nl [200] [GET] [text/html] [Insocial] [nginx/1.20.0] [Google Font API,Nginx:1.20.0,Node.js,Nuxt.js,Vue.js] [854aac01c86018b7e34e7d1e1990faab]
https://folder.karwei.nl [200] [GET] [text/html] [Vuewer] [AmazonS3] [vhost] [cloudfront] [Amazon Cloudfront,Amazon S3,Amazon Web Services,Google Font API] [263d4534e5f5d200de05110bfa97c422]
https://game.karwei.nl [301] [GET] [text/html] [301 Moved Permanently] [Apache/2.4.29 (Ubuntu)] [vhost] [Apache:2.4.29,Ubuntu] [fca7bab76b5753852bbfd723e26d0ec3]
https://inspiratie.karwei.nl [301] [GET] [text/html] [301 Moved Permanently] [nginx] [vhost] [cloudfront] [Amazon Cloudfront,Amazon Web Services,Nginx] [4f8e702cc244ec5d4de32740c0ecbd97]
https://karwei.nl [301] [GET] [] [] [AmazonS3] [vhost] [cloudfront] [Amazon Cloudfront,Amazon S3,Amazon Web Services] [d41d8cd98f00b204e9800998ecf8427e]
https://kassa.acceptatie.karwei.nl [403] [GET] [text/html] [ERROR: The request could not be satisfied] [CloudFront] [cloudfront] [Amazon Cloudfront,Amazon Web Services] [65a0a08e7a33510dfa3100c849c29359]
https://kassa.acceptatie.karwei.nl [403] [GET] [text/html] [ERROR: The request could not be satisfied] [CloudFront] [cloudfront] [Amazon Cloudfront,Amazon Web Services] [dbbf5cf95f91bf781b7e4c78c06059b2]
https://kassa.karwei.nl [301] [GET] [] [] [] [vhost] [cloudfront] [Amazon Cloudfront,Amazon Web Services] [d41d8cd98f00b204e9800998ecf8427e]
https://keuzehulp.karwei.nl [302] [GET] [text/html] [Object moved] [Microsoft-IIS/8.5] [vhost] [IIS:8.5,Windows Server] [1121267462663a67c3808b60cb80253f]
https://kiosk.acceptatie.karwei.nl [200] [GET] [text/html] [Kiosk launcher] [AmazonS3] [vhost] [cloudfront] [Amazon Cloudfront,Amazon S3,Amazon Web Services] [9b37b31df75ce08824d59a7fc870fecf]
https://kioskadmin.acceptatie.karwei.nl [200] [GET] [text/html] [Kiosk admin interface] [AmazonS3] [vhost] [cloudfront] [Amazon Cloudfront,Amazon S3,Amazon Web Services,React] [4ba333cd2e69430fb3120277b804a60e]
https://kioskadmin.karwei.nl [200] [GET] [text/html] [Kiosk admin interface] [AmazonS3] [vhost] [cloudfront] [Amazon Cloudfront,Amazon S3,Amazon Web Services,React] [8b81fa2c5c1e07a17152562ff06d5b0c]
https://kiosk.karwei.nl [200] [GET] [text/html] [Kiosk launcher] [AmazonS3] [vhost] [cloudfront] [Amazon Cloudfront,Amazon S3,Amazon Web Services] [fd3800ff63014d0ea46f3f0d07d16af6]
https://maakafspraak.karwei.nl [200] [GET] [text/html] [Karwei] [] [vhost] [Node.js,Nuxt.js,Vue.js] [29f89a9f0acbb1a866f14c2271e73bad]
https://magazine.karwei.nl [302] [GET] [text/html] [] [nginx] [vhost] [cloudfront] [Amazon Cloudfront,Amazon Web Services,Nginx] [7e9de679ebb7e31458d6399ef5d077a7]
https://mijn.acceptatie.karwei.nl [403] [GET] [text/html] [ERROR: The request could not be satisfied] [CloudFront] [vhost] [cloudfront] [Algolia,Amazon Cloudfront,Amazon Web Services] [55f7d05ada3b2cd55aac13d3a30145b5]
https://mijn.acceptatie.karwei.nl [403] [GET] [text/html] [ERROR: The request could not be satisfied] [CloudFront] [vhost] [cloudfront] [Algolia,Amazon Cloudfront,Amazon Web Services] [c0a1a18561ce102239ebeeaa77ea58be]
https://mijn.karwei.nl [200] [GET] [text/html] [] [AmazonS3] [vhost] [cloudfront] [Algolia,Amazon Cloudfront,Amazon S3,Amazon Web Services] [4ac838ebd0edc3196ab5f9c5b28e4a49]
https://origin.checkout.acc.karwei.nl [403] [GET] [text/html] [403 Forbidden] [awselb/2.0] [2e40045efe5134ada9942798c090d269]
https://origin.checkout.acc.karwei.nl [403] [GET] [text/html] [403 Forbidden] [awselb/2.0] [bad2e8579dcdb79399aac2064216a37d]
https://origin.checkout.prd.karwei.nl [403] [GET] [text/html] [403 Forbidden] [awselb/2.0] [2e40045efe5134ada9942798c090d269]
https://origin.inspiratie.karwei.nl [403] [GET] [text/html] [403 Forbidden] [awselb/2.0] [2e40045efe5134ada9942798c090d269]
https://origin.myaccount.acc.karwei.nl [403] [GET] [text/html] [403 Forbidden] [awselb/2.0] [2e40045efe5134ada9942798c090d269]
https://origin.myaccount.acc.karwei.nl [403] [GET] [text/html] [403 Forbidden] [awselb/2.0] [bad2e8579dcdb79399aac2064216a37d]
https://origin.myaccount.prd.karwei.nl [403] [GET] [text/html] [403 Forbidden] [awselb/2.0] [2e40045efe5134ada9942798c090d269]
https://origin.myaccount.prd.karwei.nl [403] [GET] [text/html] [403 Forbidden] [awselb/2.0] [bad2e8579dcdb79399aac2064216a37d]
https://origin.shopfront.acc.karwei.nl [403] [GET] [text/html] [403 Forbidden] [awselb/2.0] [2e40045efe5134ada9942798c090d269]
https://origin.shopfront.prd.karwei.nl [403] [GET] [text/html] [403 Forbidden] [awselb/2.0] [2e40045efe5134ada9942798c090d269]
https://origin.shopfront.prd.karwei.nl [403] [GET] [text/html] [403 Forbidden] [awselb/2.0] [bad2e8579dcdb79399aac2064216a37d]
https://shopfront.acceptatie.karwei.nl [403] [GET] [text/html] [403 Forbidden] [awselb/2.0] [2e40045efe5134ada9942798c090d269]
https://shopfront.acceptatie.karwei.nl [403] [GET] [text/html] [403 Forbidden] [awselb/2.0] [bad2e8579dcdb79399aac2064216a37d]
https://shopfront.karwei.nl [403] [GET] [text/html] [403 Forbidden] [awselb/2.0] [2e40045efe5134ada9942798c090d269]
https://shopfront.karwei.nl [403] [GET] [text/html] [403 Forbidden] [awselb/2.0] [bad2e8579dcdb79399aac2064216a37d]
https://sitemap.acceptatie.karwei.nl [200] [GET] [text/xml] [] [AmazonS3] [vhost] [cloudfront] [Amazon Cloudfront,Amazon S3,Amazon Web Services] [7c4d367e93977fd1411c1ed267e3d4d4]
https://sitemap.karwei.nl [200] [GET] [text/xml] [] [AmazonS3] [vhost] [cloudfront] [Amazon Cloudfront,Amazon S3,Amazon Web Services] [7c4d367e93977fd1411c1ed267e3d4d4]
https://sorry.karwei.nl [503] [GET] [text/html] [Sorry, wij klussen op dit moment aan onze site...] [AmazonS3] [vhost] [cloudfront] [Amazon Cloudfront,Amazon S3,Amazon Web Services] [aa9058f997c6f2bd4b40a2ad9129a5a1]
https://static-acceptatie.karwei.nl [403] [GET] [text/xml] [] [CloudFront] [vhost] [cloudfront] [Amazon Cloudfront,Amazon Web Services] [40a481f43ca93bbbdd18621b439ea397]
https://static.karwei.nl [403] [GET] [text/xml] [] [CloudFront] [vhost] [cloudfront] [Amazon Cloudfront,Amazon Web Services] [40a481f43ca93bbbdd18621b439ea397]
https://winactie.karwei.nl [404] [GET] [text/html] [404 Page not found] [] [vhost] [9902fb9f7cf3e9a8dd26f45a5cb94113]
https://www.acceptatie.karwei.nl [403] [GET] [text/html] [ERROR: The request could not be satisfied] [CloudFront] [cloudfront] [Amazon Cloudfront,Amazon Web Services] [5dd466a457184f49d7e16a69f7b789c3]
https://www.acceptatie.karwei.nl [403] [GET] [text/html] [ERROR: The request could not be satisfied] [CloudFront] [cloudfront] [Amazon Cloudfront,Amazon Web Services] [8833a0037bce2171ef950f71174a7a8d]
https://www.audiotour.karwei.nl [404] [GET] [text/plain] [] [Netlify] [vhost] [Netlify] [2178886d85af301e5b6fbb5865dd3803]
https://www.audiotour.karwei.nl [404] [GET] [text/plain] [] [Netlify] [vhost] [Netlify] [da0d63a41bbdbcf0a31ccb74616c11a4]
https://www.karwei.nl [200] [GET] [text/html] [Karwei - Voor klussen & inrichten] [nginx] [vhost] [cloudfront] [Amazon Cloudfront,Amazon Web Services,Contentful,Nginx] [5b4e0b47ce576094da4f7dd0cbf64388]
