http://autodiscover.kinepolis.nl [301] [GET] [] [] [Microsoft-IIS/10.0] [vhost] [IIS:10.0,Microsoft ASP.NET,Windows Server] [d41d8cd98f00b204e9800998ecf8427e]
http://business.kinepolis.nl:8080 [403] [GET] [text/plain] [] [cloudflare] [vhost] [Cloudflare,Cloudflare Bot Management,Cloudflare Network Error Logging] [c8750906ad1e689d41ab2a4e25d9864d]
https://app.kinepolis.nl [200] [GET] [text/html] [Kinepolis | Selligent Sites] [] [vhost] [b2c7b758c4a53bf4d4522ead25b74678]
https://business.kinepolis.nl [403] [GET] [text/plain] [] [cloudflare] [vhost] [Cloudflare,Cloudflare Bot Management,Cloudflare Network Error Logging] [c8750906ad1e689d41ab2a4e25d9864d]
https://business.kinepolis.nl:8443 [403] [GET] [text/plain] [] [cloudflare] [vhost] [Cloudflare,Cloudflare Bot Management,Cloudflare Network Error Logging] [c8750906ad1e689d41ab2a4e25d9864d]
https://hr.kinepolis.nl [403] [GET] [text/html] [403 Blocked] [AkamaiGHost] [vhost] [2d220ef3c99cd2865c5958c1d7d49866]
https://hr.kinepolis.nl [403] [GET] [text/html] [403 Blocked] [AkamaiGHost] [vhost] [cd3aa2e6d3e72cda93d15507aa91d857]
https://kinepolis.nl [403] [GET] [text/html] [403 Blocked] [] [vhost] [23ca77aafc891e2dfc36eb54076b8dbf]
https://kinepolis.nl [403] [GET] [text/html] [403 Blocked] [] [vhost] [cf1165536e525db936878e53827e00be]
https://msoid.kinepolis.nl [302] [GET] [text/html] [Object moved] [] [vhost] [azure] [67dc47621d0dca9dc8d849ee26494c3b]
https://prive.kinepolis.nl [403] [GET] [text/html] [Access Denied] [] [vhost] [a13c724016a4ff0a27e1a8140c1e285b]
https://prive.kinepolis.nl [403] [GET] [text/html] [Access Denied] [] [vhost] [a99bd4c508ec03be0e2ad843976f2f40]
https://privetickets.kinepolis.nl [403] [GET] [text/html] [Access Denied] [] [vhost] [0cf854300fd4b073da0891af840eecf7]
https://privetickets.kinepolis.nl [403] [GET] [text/html] [Access Denied] [] [vhost] [330438420e1edbfe932cf7842e3ca5d0]
https://stage-kinecard.kinepolis.nl [403] [GET] [text/html] [403 Blocked] [] [vhost] [eb6170639a25aaa0a1d5ace7100bccfc]
https://tickets.kinepolis.nl [403] [GET] [text/html] [Access Denied] [] [vhost] [7be41ce61e69821e39cddf44585f9199]
https://tickets.kinepolis.nl [403] [GET] [text/html] [Access Denied] [] [vhost] [ac6c0c7d8517db089132a9c7a337f537]
https://wallet-acc.kinepolis.nl [403] [GET] [text/html] [403 Blocked] [] [vhost] [08f64fb224a5e2e1fa35763de2ca7d15]
https://wallet-acc.kinepolis.nl [403] [GET] [text/html] [403 Blocked] [] [vhost] [154274deb8604a4623e8d8f458cd2925]
https://wallet.kinepolis.nl [403] [GET] [text/html] [403 Blocked] [] [vhost] [2a66bbd9f2320e59044fbb1805ad198c]
https://wallet.kinepolis.nl [403] [GET] [text/html] [403 Blocked] [] [vhost] [9bb0c41298533d17128a4227d987be69]
https://www.kinepolis.nl [403] [GET] [text/html] [403 Blocked] [] [vhost] [305503b4415666aef0b35aa25b0f8ead]
https://www.kinepolis.nl [403] [GET] [text/html] [403 Blocked] [] [vhost] [43581d1953399f7403f0f24ddc4c8ada]
http://www.business.kinepolis.nl [409] [GET] [text/plain] [] [cloudflare] [Cloudflare] [f6bbbdc9b05a5af96b6b7e618ee357cc]
http://www.business.kinepolis.nl:8080 [409] [GET] [text/plain] [] [cloudflare] [Cloudflare] [f6bbbdc9b05a5af96b6b7e618ee357cc]
http://www.business.kinepolis.nl:8443 [400] [GET] [text/html] [400 The plain HTTP request was sent to HTTPS port] [cloudflare] [Cloudflare] [20ad84d030031252141ca0b3fc0183f0]
