http://autodiscover.kinepolis.fr [301] [GET] [] [] [Microsoft-IIS/10.0] [vhost] [IIS:10.0,Microsoft ASP.NET,Windows Server] [d41d8cd98f00b204e9800998ecf8427e]
https://02.kinepolis.fr [400] [GET] [text/html] [Invalid URL] [AkamaiGHost] [84ef6f197f4e0541630c588fcd1c87b7]
https://02.kinepolis.fr [400] [GET] [text/html] [Invalid URL] [AkamaiGHost] [a71b73a4f2d1de2320ecfd09daed1869]
https://0-checkpoint.thomsonreuters.com.olinkserver.kinepolis.fr [400] [GET] [text/html] [Invalid URL] [AkamaiGHost] [1c8643a93f335dd104f5331ace25a120]
https://0-checkpoint.thomsonreuters.com.olinkserver.kinepolis.fr [400] [GET] [text/html] [Invalid URL] [AkamaiGHost] [5ed65ef5614eecd9c74a901c4ac5ee57]
https://0-customimages.webofknowledge.com.biblio.kinepolis.fr [400] [GET] [text/html] [Invalid URL] [AkamaiGHost] [c78146364b412c5eab8732cdccc85f94]
https://0-customimages.webofknowledge.com.biblio.kinepolis.fr [400] [GET] [text/html] [Invalid URL] [AkamaiGHost] [f05cfde5122c4976fe02abeb8a2daff4]
https://0-d194ekacf8mn8t.cloudfront.net.skyline.kinepolis.fr [400] [GET] [text/html] [Invalid URL] [AkamaiGHost] [ba52533256906642fc3c5f30a59f7251]
https://0-d194ekacf8mn8t.cloudfront.net.skyline.kinepolis.fr [400] [GET] [text/html] [Invalid URL] [AkamaiGHost] [d029e67ccbb38322b7ec4a22287b372e]
https://0-journalarchives.jisc.ac.uk.pugwash.lib.kinepolis.fr [400] [GET] [text/html] [Invalid URL] [AkamaiGHost] [5391efd7a8092eaba7954a8ffd97fc55]
https://0-journalarchives.jisc.ac.uk.pugwash.lib.kinepolis.fr [400] [GET] [text/html] [Invalid URL] [AkamaiGHost] [80ff88a552e3c2ac4f6a7baaed8803e4]
https://0-login.incites.thomsonreuters.com.wncln.kinepolis.fr [400] [GET] [text/html] [Invalid URL] [AkamaiGHost] [1416866af0f1417734d4efd06811ffdc]
https://0-login.incites.thomsonreuters.com.wncln.kinepolis.fr [400] [GET] [text/html] [Invalid URL] [AkamaiGHost] [3f4bf8b9ae1aa91daa3f38b312985ad4]
https://0-ulrichsweb.serialssolutions.com.iii-server.kinepolis.fr [400] [GET] [text/html] [Invalid URL] [AkamaiGHost] [9248a368e582a4ab0f30fa888227f4f4]
https://0-ulrichsweb.serialssolutions.com.iii-server.kinepolis.fr [400] [GET] [text/html] [Invalid URL] [AkamaiGHost] [96cc7986af9014f17dc991fec6a94ece]
https://0-ulrichsweb.serialssolutions.com.libraries.kinepolis.fr [400] [GET] [text/html] [Invalid URL] [AkamaiGHost] [72d34efc5fdd6ff6566f06c37e565cad]
https://0-ulrichsweb.serialssolutions.com.libraries.kinepolis.fr [400] [GET] [text/html] [Invalid URL] [AkamaiGHost] [900a05425d5df66c04981b9111dce85d]
https://0-wcs.webofknowledge.com.dewey2.library.kinepolis.fr [400] [GET] [text/html] [Invalid URL] [AkamaiGHost] [8ff8d759760ac5159e28ed52404c21a2]
https://0-wcs.webofknowledge.com.dewey2.library.kinepolis.fr [400] [GET] [text/html] [Invalid URL] [AkamaiGHost] [a7a1be4868455dd50082e33dde0a0a22]
https://0-wellcomelibrary.on.worldcat.org.catalogue.kinepolis.fr [400] [GET] [text/html] [Invalid URL] [AkamaiGHost] [3644e15a6a92edfbfb2e63dea92574bf]
https://0-wellcomelibrary.on.worldcat.org.catalogue.kinepolis.fr [400] [GET] [text/html] [Invalid URL] [AkamaiGHost] [583a7efb2ea0c98cea9df80550178cab]
https://0-www.lexisnexis.com.pacificatclassic.kinepolis.fr [400] [GET] [text/html] [Invalid URL] [AkamaiGHost] [52a71604e512ab215bb8300f9d3b77de]
https://0-www.lexisnexis.com.pacificatclassic.kinepolis.fr [400] [GET] [text/html] [Invalid URL] [AkamaiGHost] [c85d64c253fb6624f29d5e2f9a7d1035]
https://0-www.ropercenter.uconn.edu.libraries.kinepolis.fr [400] [GET] [text/html] [Invalid URL] [AkamaiGHost] [2d875d8b1908046d2f1d52197410111c]
https://0-www.ropercenter.uconn.edu.libraries.kinepolis.fr [400] [GET] [text/html] [Invalid URL] [AkamaiGHost] [50a9925d1336cc46333dae9eaa3c7272]
https://0-www.sciencedirect.com.pacificatclassic.kinepolis.fr [400] [GET] [text/html] [Invalid URL] [AkamaiGHost] [15e2ef1f5f8074205f7118929f134cb0]
https://0-www.sciencedirect.com.pacificatclassic.kinepolis.fr [400] [GET] [text/html] [Invalid URL] [AkamaiGHost] [2e4fa1819160d2c28e658148210b9867]
https://13.kinepolis.fr [400] [GET] [text/html] [Invalid URL] [AkamaiGHost] [9240c1399decbe43aa4da04518f3dd59]
https://13.kinepolis.fr [400] [GET] [text/html] [Invalid URL] [AkamaiGHost] [a85202c7fdf8b4c78141e5989167e21f]
https://20www.kinepolis.fr [400] [GET] [text/html] [Invalid URL] [AkamaiGHost] [7877b7edf464d5294929b3f64845c957]
https://20www.kinepolis.fr [400] [GET] [text/html] [Invalid URL] [AkamaiGHost] [8f96dfc1f2084540cfddf7c5e7eb3721]
https://8-1.kinepolis.fr [400] [GET] [text/html] [Invalid URL] [AkamaiGHost] [3d3ed39be9b2a1f3904c0ecf583d5783]
https://8-1.kinepolis.fr [400] [GET] [text/html] [Invalid URL] [AkamaiGHost] [c74d5007912989c10bd9164d2c31f64d]
https://88.kinepolis.fr [400] [GET] [text/html] [Invalid URL] [AkamaiGHost] [57e5a50a550f03d7e18c8472f01f9b7e]
https://88.kinepolis.fr [400] [GET] [text/html] [Invalid URL] [AkamaiGHost] [d3e8be92ed6efbd75b40cba2088e172b]
https://a1covid19.kinepolis.fr [400] [GET] [text/html] [Invalid URL] [AkamaiGHost] [2e8a4499a709cc85a32e82515ee6eb80]
https://a1covid19.kinepolis.fr [400] [GET] [text/html] [Invalid URL] [AkamaiGHost] [3a2feb00e53b433cf3e5d69d634adeb5]
https://a1.kinepolis.fr [400] [GET] [text/html] [Invalid URL] [AkamaiGHost] [90bb70bc78016b59af0b1347480fb311]
https://a1.kinepolis.fr [400] [GET] [text/html] [Invalid URL] [AkamaiGHost] [9462b952a2a722f1cc61ed0d88fa7955]
https://acceso6.kinepolis.fr [400] [GET] [text/html] [Invalid URL] [AkamaiGHost] [7e79560f741886bcbe9d4c458121177d]
https://acceso6.kinepolis.fr [400] [GET] [text/html] [Invalid URL] [AkamaiGHost] [e4ac316142d45c081c08cd0d798b8ea5]
https://acceso.kinepolis.fr [400] [GET] [text/html] [Invalid URL] [AkamaiGHost] [3be6b07d92f83a63958ffe327bb99824]
https://acceso.kinepolis.fr [400] [GET] [text/html] [Invalid URL] [AkamaiGHost] [8b3d0e03e1ed8bcbaca79ab4110c5847]
https://accounts.google.com.mail.googlo.comselom.kinepolis.fr [400] [GET] [text/html] [Invalid URL] [AkamaiGHost] [7e3de72fd80261d1bdc25bacfb23bfdc]
https://accounts.google.com.mail.googlo.comselom.kinepolis.fr [400] [GET] [text/html] [Invalid URL] [AkamaiGHost] [c16696d80dc52f9f86280cbfbfcb8421]
https://adsl.kinepolis.fr [400] [GET] [text/html] [Invalid URL] [AkamaiGHost] [27e309566258c707a784795dc290ef2b]
https://adsl.kinepolis.fr [400] [GET] [text/html] [Invalid URL] [AkamaiGHost] [f39fbd7587e2ef2e593b76338a9c5a90]
https://alabama.kinepolis.fr [400] [GET] [text/html] [Invalid URL] [AkamaiGHost] [d76fc8965a2f9db64675467600192469]
https://alabama.kinepolis.fr [400] [GET] [text/html] [Invalid URL] [AkamaiGHost] [fd326833c041062d19a12cee36b75d1d]
https://anzeiger-news.com.kunden.ortsinfo.at.kunden.kinepolis.fr [400] [GET] [text/html] [Invalid URL] [AkamaiGHost] [3c13d7b22c96f30f80b135359447ad00]
https://anzeiger-news.com.kunden.ortsinfo.at.kunden.kinepolis.fr [400] [GET] [text/html] [Invalid URL] [AkamaiGHost] [4310f82c8655ee0ac45023630147494b]
https://ar.kinepolis.fr [400] [GET] [text/html] [Invalid URL] [AkamaiGHost] [bbe21f7e65b792dddf737807ff2c6081]
https://ar.kinepolis.fr [400] [GET] [text/html] [Invalid URL] [AkamaiGHost] [db26e5dc37d0e3e7f85ddc34db688feb]
https://asia.kinepolis.fr [400] [GET] [text/html] [Invalid URL] [AkamaiGHost] [8404d5927ccb2d21f09796bc4d3cbfdb]
https://asia.kinepolis.fr [400] [GET] [text/html] [Invalid URL] [AkamaiGHost] [d45c7bf1647e67217016015f6c514d4b]
https://assets-yammer-docker.com.office.cibcpoc.kinepolis.fr [400] [GET] [text/html] [Invalid URL] [AkamaiGHost] [85a03ca2fdba4fd167fff340f9a898bc]
https://assets-yammer-docker.com.office.cibcpoc.kinepolis.fr [400] [GET] [text/html] [Invalid URL] [AkamaiGHost] [bd657920741c4afd18ddbea727233924]
https://assets-yammer-elasticbeanstalk.com.office.cibcpoc.kinepolis.fr [400] [GET] [text/html] [Invalid URL] [AkamaiGHost] [6af20aa14c41ebffba3932bdbb2e4a4c]
https://assets-yammer-elasticbeanstalk.com.office.cibcpoc.kinepolis.fr [400] [GET] [text/html] [Invalid URL] [AkamaiGHost] [7184b25f153f95b111da72fba884fa6a]
https://assets-yammer-login.com.office.cibcpoc.kinepolis.fr [400] [GET] [text/html] [Invalid URL] [AkamaiGHost] [4c5a7d97ed78e53ec7c2864d9652ce76]
https://assets-yammer-login.com.office.cibcpoc.kinepolis.fr [400] [GET] [text/html] [Invalid URL] [AkamaiGHost] [8fae3b98cc122e1bcc8d49ad4f85678d]
https://assets-yammer.test.com.office.cibcpoc.kinepolis.fr [400] [GET] [text/html] [Invalid URL] [AkamaiGHost] [300fab949f5752d855df41fea63b7fba]
https://assets-yammer.test.com.office.cibcpoc.kinepolis.fr [400] [GET] [text/html] [Invalid URL] [AkamaiGHost] [9a0ccfa8819f0235f3cae20b764f5702]
https://avira-free-antivirus.ar.kinepolis.fr [400] [GET] [text/html] [Invalid URL] [AkamaiGHost] [5fe73a074e4be260fcc9873e28ee0b50]
https://avira-free-antivirus.ar.kinepolis.fr [400] [GET] [text/html] [Invalid URL] [AkamaiGHost] [deed7fbf6a8ed4161ab4ab0a382473fb]
https://bannervirus0316.kinepolis.fr [400] [GET] [text/html] [Invalid URL] [AkamaiGHost] [49eb14570bced2f1479b8610e7fe78aa]
https://bannervirus0316.kinepolis.fr [400] [GET] [text/html] [Invalid URL] [AkamaiGHost] [ca918f746b74ef041e7d7cf771239e03]
https://be.kinepolis.fr [400] [GET] [text/html] [Invalid URL] [AkamaiGHost] [6547ee6010d94f703dd4c83e890e7753]
https://be.kinepolis.fr [400] [GET] [text/html] [Invalid URL] [AkamaiGHost] [c08653ccd1e87a946ed7ae3f6336e674]
https://blogmask.kinepolis.fr [400] [GET] [text/html] [Invalid URL] [AkamaiGHost] [2b9f51c44bbae89675a95beb8eee86d6]
https://blogmask.kinepolis.fr [400] [GET] [text/html] [Invalid URL] [AkamaiGHost] [3c3cc6db0549d72f27d04f08edbef7b2]
https://blogspot.centerpriseenrollment.kinepolis.fr [400] [GET] [text/html] [Invalid URL] [AkamaiGHost] [a4cb6efe993ff76fe39435e3e73226aa]
https://blogspot.centerpriseenrollment.kinepolis.fr [400] [GET] [text/html] [Invalid URL] [AkamaiGHost] [b44067f91d54181d3c0fd665ca875d15]
https://bojena69.blogspot.centerpriseenrollment.kinepolis.fr [400] [GET] [text/html] [Invalid URL] [AkamaiGHost] [05900388c91ff860bc1af116ef4ce8fb]
https://bojena69.blogspot.centerpriseenrollment.kinepolis.fr [400] [GET] [text/html] [Invalid URL] [AkamaiGHost] [acc8a9ae9fcc69d50ba0c429fe4e72db]
https://bumetavoxww.kinepolis.fr [400] [GET] [text/html] [Invalid URL] [AkamaiGHost] [18b7d6494adcfeed6ad19f772933f5f6]
https://bumetavoxww.kinepolis.fr [400] [GET] [text/html] [Invalid URL] [AkamaiGHost] [48d63d52c43288c39450283d4715dc65]
https://business.kinepolis.fr [403] [GET] [text/html] [403 Blocked] [] [vhost] [91bd81554546f48bb0c333a34bd57854]
https://business.kinepolis.fr [403] [GET] [text/html] [403 Blocked] [] [vhost] [c927028f2c365ded4e709d05bbfcfe49]
https://channel.kinepolis.fr [400] [GET] [text/html] [Invalid URL] [AkamaiGHost] [2270f92a6431246442d16d2a396585d4]
https://channel.kinepolis.fr [400] [GET] [text/html] [Invalid URL] [AkamaiGHost] [8b388e628027e9bb65493a7b77c87066]
https://commerceserver.kinepolis.fr [400] [GET] [text/html] [Invalid URL] [AkamaiGHost] [40d1f5cca8504aec2d575562904bfbc0]
https://commerceserver.kinepolis.fr [400] [GET] [text/html] [Invalid URL] [AkamaiGHost] [7f58bdc2804e0c73985b2a1db0cc01de]
https://corona420.kinepolis.fr [400] [GET] [text/html] [Invalid URL] [AkamaiGHost] [52d9b22bc6ccdc5f07fbc63f552f0894]
https://corona420.kinepolis.fr [400] [GET] [text/html] [Invalid URL] [AkamaiGHost] [fdf6bf1f3286d0dc37d7c25de98fb228]
https://coronakuamp.kinepolis.fr [400] [GET] [text/html] [Invalid URL] [AkamaiGHost] [2ee3a92d550ec6258283aa84d30fde92]
https://coronakuamp.kinepolis.fr [400] [GET] [text/html] [Invalid URL] [AkamaiGHost] [8d8a953a51fa349ae4e0cb0f64a011b3]
https://corona-trunk-development-manhattan-gq.kinepolis.fr [400] [GET] [text/html] [Invalid URL] [AkamaiGHost] [50dfc67e812ba30779df727253900eb4]
https://corona-trunk-development-manhattan-gq.kinepolis.fr [400] [GET] [text/html] [Invalid URL] [AkamaiGHost] [aaf6eec9e8cea480e73c65c7f3465ea0]
https://cust100.kinepolis.fr [400] [GET] [text/html] [Invalid URL] [AkamaiGHost] [233dc58597fbb2c0b82b3cda39220b0a]
https://cust100.kinepolis.fr [400] [GET] [text/html] [Invalid URL] [AkamaiGHost] [be10bdd934c532dfb3b9f15002117540]
https://cust83.kinepolis.fr [400] [GET] [text/html] [Invalid URL] [AkamaiGHost] [0cd2a61b3e4a158d7a8457b7194c12ff]
https://cust83.kinepolis.fr [400] [GET] [text/html] [Invalid URL] [AkamaiGHost] [8f3d84c61cf46f5368691ac2286a3a0e]
https://cust84.kinepolis.fr [400] [GET] [text/html] [Invalid URL] [AkamaiGHost] [e8c1bf839443a68c1e79835cca404040]
https://cust84.kinepolis.fr [400] [GET] [text/html] [Invalid URL] [AkamaiGHost] [f29150faf850bc7238ffbb84073481d1]
https://devcorona.kinepolis.fr [400] [GET] [text/html] [Invalid URL] [AkamaiGHost] [6d24a3a98331a3936c7365f667438cb7]
https://devcorona.kinepolis.fr [400] [GET] [text/html] [Invalid URL] [AkamaiGHost] [b31db4f7e5125e405e0436bf2b81f92a]
https://distancelearnpre.kinepolis.fr [400] [GET] [text/html] [Invalid URL] [AkamaiGHost] [ca5d75106694c85656123c5887848a82]
https://distancelearnpre.kinepolis.fr [400] [GET] [text/html] [Invalid URL] [AkamaiGHost] [dff23578ab08c6f007c37a944dcd99f9]
https://doesdefinatelynotexist.a.ebscohost.com.aupac.lib.kinepolis.fr [400] [GET] [text/html] [Invalid URL] [AkamaiGHost] [563a09e3f8f74036b96dd9dfd0eb9c6f]
https://doesdefinatelynotexist.a.ebscohost.com.aupac.lib.kinepolis.fr [400] [GET] [text/html] [Invalid URL] [AkamaiGHost] [671bf442bb8dcaf7f6502f9f40bfc517]
https://doesdefinatelynotexist.a.ebscohost.com.ezproxy.kinepolis.fr [400] [GET] [text/html] [Invalid URL] [AkamaiGHost] [a599c1c73336b167f1c6df6950c5f80a]
https://doesdefinatelynotexist.a.ebscohost.com.ezproxy.kinepolis.fr [400] [GET] [text/html] [Invalid URL] [AkamaiGHost] [ed6d3913da49adf2652179246fb9cfd5]
https://doesdefinatelynotexist.a.ebscohost.com.kinepolis.fr [400] [GET] [text/html] [Invalid URL] [AkamaiGHost] [6ee6ed640ecbdafd7de6c19d339feb81]
https://doesdefinatelynotexist.a.ebscohost.com.kinepolis.fr [400] [GET] [text/html] [Invalid URL] [AkamaiGHost] [fc3980e19d6cb6ff4ef9d564f2a8e78a]
https://doesdefinatelynotexist.b.ebscohost.com.alvin.kinepolis.fr [400] [GET] [text/html] [Invalid URL] [AkamaiGHost] [c0bf2e266b5c9e632fd7a0379fa559d2]
https://doesdefinatelynotexist.b.ebscohost.com.alvin.kinepolis.fr [400] [GET] [text/html] [Invalid URL] [AkamaiGHost] [dfe67b662cee652e773f3b44cf2869e9]
https://doesdefinatelynotexist.b.ebscohost.com.library.kinepolis.fr [400] [GET] [text/html] [Invalid URL] [AkamaiGHost] [013bcfb35bb533c7c0748a524484ab0e]
https://doesdefinatelynotexist.b.ebscohost.com.library.kinepolis.fr [400] [GET] [text/html] [Invalid URL] [AkamaiGHost] [74481804459e2e2aba8bc409d489ef6c]
https://doesdefinatelynotexist.b.ebscohost.com.oak.kinepolis.fr [400] [GET] [text/html] [Invalid URL] [AkamaiGHost] [2c4c2144a3c62c13862bd6c4fb903eac]
https://doesdefinatelynotexist.b.ebscohost.com.oak.kinepolis.fr [400] [GET] [text/html] [Invalid URL] [AkamaiGHost] [b7e79564e0432c78cb722666c2b7b3d4]
https://doesdefinatelynotexist.b.ebscohost.com.sultan.kinepolis.fr [400] [GET] [text/html] [Invalid URL] [AkamaiGHost] [1446e68dbb701e9d208cda5acf74cd1e]
https://doesdefinatelynotexist.b.ebscohost.com.sultan.kinepolis.fr [400] [GET] [text/html] [Invalid URL] [AkamaiGHost] [e55931d179d65f8e0a2562189d32ec1a]
https://doesdefinatelynotexist.biccamera.com.c.lj.hpcn.kinepolis.fr [400] [GET] [text/html] [Invalid URL] [AkamaiGHost] [28fa362ef398d2ad7bc7db47c3b6b0d4]
https://doesdefinatelynotexist.biccamera.com.c.lj.hpcn.kinepolis.fr [400] [GET] [text/html] [Invalid URL] [AkamaiGHost] [be29f64704b2a05167e86d2f20c52b52]
https://doesdefinatelynotexist.biccamera.com.k.lj.hp.kinepolis.fr [400] [GET] [text/html] [Invalid URL] [AkamaiGHost] [90d6b46d102eccf9432c2e8361d602d6]
https://doesdefinatelynotexist.biccamera.com.k.lj.hp.kinepolis.fr [400] [GET] [text/html] [Invalid URL] [AkamaiGHost] [dbbbc036972195b088f3aa09eb38dfa3]
https://doesdefinatelynotexist.biccamera.com.th.vi.hp.kinepolis.fr [400] [GET] [text/html] [Invalid URL] [AkamaiGHost] [0c4424fc07f8b017c4c1e1f361603d56]
https://doesdefinatelynotexist.biccamera.com.th.vi.hp.kinepolis.fr [400] [GET] [text/html] [Invalid URL] [AkamaiGHost] [13871d43a86f5e086e178f4bd5fc3600]
https://doesdefinatelynotexist.bioconductor.org.s3-website-us-east-1.kinepolis.fr [400] [GET] [text/html] [Invalid URL] [AkamaiGHost] [59f4cb08c996db7927c8b1b398a94c83]
https://doesdefinatelynotexist.bioconductor.org.s3-website-us-east-1.kinepolis.fr [400] [GET] [text/html] [Invalid URL] [AkamaiGHost] [f3e14cdce5dcff67ea21d7ad5f62b846]
https://doesdefinatelynotexist.caltech.edu.s3-website-us-east-1.kinepolis.fr [400] [GET] [text/html] [Invalid URL] [AkamaiGHost] [7dbbd1ffbb46517d6c5286b54a2d23b5]
https://doesdefinatelynotexist.caltech.edu.s3-website-us-east-1.kinepolis.fr [400] [GET] [text/html] [Invalid URL] [AkamaiGHost] [a2e743e48b99e9b5803af469f20aee10]
https://doesdefinatelynotexist.creative.blog.jp.kinepolis.fr [400] [GET] [text/html] [Invalid URL] [AkamaiGHost] [625e6ff64630a54c5dae70cab61c02e1]
https://doesdefinatelynotexist.creative.blog.jp.kinepolis.fr [400] [GET] [text/html] [Invalid URL] [AkamaiGHost] [8412ebd3897f9cf12bd3d35ec0a2faa9]
https://doesdefinatelynotexist.ebscohost.com.alvin.kinepolis.fr [400] [GET] [text/html] [Invalid URL] [AkamaiGHost] [11be71a00cc11c252722498a00c8fdc4]
https://doesdefinatelynotexist.ebscohost.com.alvin.kinepolis.fr [400] [GET] [text/html] [Invalid URL] [AkamaiGHost] [f4702f20acc496cdfa3250edb3bff932]
https://doesdefinatelynotexist.ebscohost.com.bdigitaluss.kinepolis.fr [400] [GET] [text/html] [Invalid URL] [AkamaiGHost] [8eca1627d6a284dcfd246e7279a69851]
https://doesdefinatelynotexist.ebscohost.com.bdigitaluss.kinepolis.fr [400] [GET] [text/html] [Invalid URL] [AkamaiGHost] [b5991dad797bd4595c4e0f2fb6e4eded]
https://doesdefinatelynotexist.ebscohost.com.divit.library.kinepolis.fr [400] [GET] [text/html] [Invalid URL] [AkamaiGHost] [c14d0cd945aa88e6c42985085de11f15]
https://doesdefinatelynotexist.ebscohost.com.divit.library.kinepolis.fr [400] [GET] [text/html] [Invalid URL] [AkamaiGHost] [ea583e3065ba16f3c04ca274e34ff457]
https://doesdefinatelynotexist.ebscohost.com.lib1000.kinepolis.fr [400] [GET] [text/html] [Invalid URL] [AkamaiGHost] [17f20df3557d91d6165676cf3b303409]
https://doesdefinatelynotexist.ebscohost.com.lib1000.kinepolis.fr [400] [GET] [text/html] [Invalid URL] [AkamaiGHost] [279838a46e36bb10dd78c481aca35147]
https://doesdefinatelynotexist.ebscohost.com.libcat.kinepolis.fr [400] [GET] [text/html] [Invalid URL] [AkamaiGHost] [250b66f62ebc033a30e15a9a56b73bf2]
https://doesdefinatelynotexist.ebscohost.com.libcat.kinepolis.fr [400] [GET] [text/html] [Invalid URL] [AkamaiGHost] [333f9d717db8101c53722e9838d96705]
https://doesdefinatelynotexist.ebscohost.com.lib.kinepolis.fr [400] [GET] [text/html] [Invalid URL] [AkamaiGHost] [aa59ad3cd950c7a2d649d93ffebf29fd]
https://doesdefinatelynotexist.ebscohost.com.lib.kinepolis.fr [400] [GET] [text/html] [Invalid URL] [AkamaiGHost] [fe729792adecc2cb634e2213dcd221c0]
https://doesdefinatelynotexist.ebscohost.com.oak.kinepolis.fr [400] [GET] [text/html] [Invalid URL] [AkamaiGHost] [c1127ca628764811634f8b38cf66e4cc]
https://doesdefinatelynotexist.ebscohost.com.oak.kinepolis.fr [400] [GET] [text/html] [Invalid URL] [AkamaiGHost] [c33c6d3b641fc26b39415f162521b0eb]
https://doesdefinatelynotexist.ebscohost.com.wam.kinepolis.fr [400] [GET] [text/html] [Invalid URL] [AkamaiGHost] [8c0e0e7852bb127110d8c3b82a7c58ea]
https://doesdefinatelynotexist.ebscohost.com.wam.kinepolis.fr [400] [GET] [text/html] [Invalid URL] [AkamaiGHost] [a2e1697f3f1fd40038c69982a4641b7e]
https://doesdefinatelynotexist.elecom.co.jp.e.gj.hp.kinepolis.fr [400] [GET] [text/html] [Invalid URL] [AkamaiGHost] [2e95457a3effc4b646d933ff45fecf1d]
https://doesdefinatelynotexist.elecom.co.jp.e.gj.hp.kinepolis.fr [400] [GET] [text/html] [Invalid URL] [AkamaiGHost] [47472cdc0cb0461faf714bdd55ab55e7]
https://doesdefinatelynotexist.eventd.wild941.cbslocal.com.kinepolis.fr [400] [GET] [text/html] [Invalid URL] [AkamaiGHost] [747988832a68865dfcced02a722d5abe]
https://doesdefinatelynotexist.eventd.wild941.cbslocal.com.kinepolis.fr [400] [GET] [text/html] [Invalid URL] [AkamaiGHost] [80bbc12ad334945616a8eb1dc8b029ea]
https://doesdefinatelynotexist.fotor.com.s3-website-us-east-1.kinepolis.fr [400] [GET] [text/html] [Invalid URL] [AkamaiGHost] [7b500662bcd1cab501318012c433b7a3]
https://doesdefinatelynotexist.fotor.com.s3-website-us-east-1.kinepolis.fr [400] [GET] [text/html] [Invalid URL] [AkamaiGHost] [bf71f2e0bc8dd4394c0c86d0960fb08e]
https://doesdefinatelynotexist.fotor.com.s3-website-us-west-2.kinepolis.fr [400] [GET] [text/html] [Invalid URL] [AkamaiGHost] [02956fcf55c7343b480ee82e5415d118]
https://doesdefinatelynotexist.fotor.com.s3-website-us-west-2.kinepolis.fr [400] [GET] [text/html] [Invalid URL] [AkamaiGHost] [a07665b3849c915fdebdc91024c3e6fb]
https://doesdefinatelynotexist.ieee.org.egateway.kinepolis.fr [400] [GET] [text/html] [Invalid URL] [AkamaiGHost] [0029ed2dfbc181526a5d634d00fcd975]
https://doesdefinatelynotexist.ieee.org.egateway.kinepolis.fr [400] [GET] [text/html] [Invalid URL] [AkamaiGHost] [ab10ae7bdb98660b6b757981b098f091]
https://doesdefinatelynotexist.iimcal.ac.in.iimcal.kinepolis.fr [400] [GET] [text/html] [Invalid URL] [AkamaiGHost] [0c65c3d230fc6fd8c3071c6a4415e25f]
https://doesdefinatelynotexist.iimcal.ac.in.iimcal.kinepolis.fr [400] [GET] [text/html] [Invalid URL] [AkamaiGHost] [4d9dd4ce3479c6a0534e6fc5b8ab5009]
https://doesdefinatelynotexist.jstor.org.oca.rizal.library.kinepolis.fr [400] [GET] [text/html] [Invalid URL] [AkamaiGHost] [62a085f83657a6b42de10c93f3b3a767]
https://doesdefinatelynotexist.jstor.org.oca.rizal.library.kinepolis.fr [400] [GET] [text/html] [Invalid URL] [AkamaiGHost] [e58c3f8b2099d3acf3627c5acc1ef084]
https://doesdefinatelynotexist.jstor.org.rgnul.kinepolis.fr [400] [GET] [text/html] [Invalid URL] [AkamaiGHost] [67ea705f36f2e1e45812e7e9dd98a49f]
https://doesdefinatelynotexist.jstor.org.rgnul.kinepolis.fr [400] [GET] [text/html] [Invalid URL] [AkamaiGHost] [fc84d90601e52967cff31d5aee41a878]
https://doesdefinatelynotexist.listas.postgresql.org.kinepolis.fr [400] [GET] [text/html] [Invalid URL] [AkamaiGHost] [3f6f375ff11a176dee8c4fa93fee2dd2]
https://doesdefinatelynotexist.listas.postgresql.org.kinepolis.fr [400] [GET] [text/html] [Invalid URL] [AkamaiGHost] [e81dac128d4c426d44e2ba83f6e002ed]
https://doesdefinatelynotexist.maharashtra.gov.in.kinepolis.fr [400] [GET] [text/html] [Invalid URL] [AkamaiGHost] [4d828d647adfa944a2576e1c5400feb5]
https://doesdefinatelynotexist.maharashtra.gov.in.kinepolis.fr [400] [GET] [text/html] [Invalid URL] [AkamaiGHost] [66db9df9837c271f87b8a2e1c8aaa234]
https://doesdefinatelynotexist.orisaifa.blogspot.com.kinepolis.fr [400] [GET] [text/html] [Invalid URL] [AkamaiGHost] [39e68078b193064fad25770292ba4376]
https://doesdefinatelynotexist.orisaifa.blogspot.com.kinepolis.fr [400] [GET] [text/html] [Invalid URL] [AkamaiGHost] [5ee53d84f3021773d65249d07941f0e9]
https://doesdefinatelynotexist.qingcaodizhi.at.gmail.com.kinepolis.fr [400] [GET] [text/html] [Invalid URL] [AkamaiGHost] [66ceb11219ee7f7b745740de11fc70d3]
https://doesdefinatelynotexist.qingcaodizhi.at.gmail.com.kinepolis.fr [400] [GET] [text/html] [Invalid URL] [AkamaiGHost] [86f1f971b449f03f2e2fba27c64da961]
https://doesdefinatelynotexist.rajasthan.gov.in.kinepolis.fr [400] [GET] [text/html] [Invalid URL] [AkamaiGHost] [829f4d2de075a15fcdc0232c14e4bad3]
https://doesdefinatelynotexist.rajasthan.gov.in.kinepolis.fr [400] [GET] [text/html] [Invalid URL] [AkamaiGHost] [fd3777243ca591bc282acb734de0bb25]
https://doesdefinatelynotexist.sagepub.com.oca.rizal.library.kinepolis.fr [400] [GET] [text/html] [Invalid URL] [AkamaiGHost] [0b5f5e1251dd5137dbe0fe25f1445ab6]
https://doesdefinatelynotexist.sagepub.com.oca.rizal.library.kinepolis.fr [400] [GET] [text/html] [Invalid URL] [AkamaiGHost] [1902f7c18c2d5fdc87ec8271080e51f1]
https://doesdefinatelynotexist.sciencedirect.com.ditlib.kinepolis.fr [400] [GET] [text/html] [Invalid URL] [AkamaiGHost] [2f8b46fc5f4ee71a5248f8010f63baad]
https://doesdefinatelynotexist.sciencedirect.com.ditlib.kinepolis.fr [400] [GET] [text/html] [Invalid URL] [AkamaiGHost] [630c97a7a45a819b6abad6d78a9df57c]
https://doesdefinatelynotexist.sciencedirect.com.egateway.kinepolis.fr [400] [GET] [text/html] [Invalid URL] [AkamaiGHost] [73201fb2ca2a110bc2a02ece3b388e43]
https://doesdefinatelynotexist.sciencedirect.com.egateway.kinepolis.fr [400] [GET] [text/html] [Invalid URL] [AkamaiGHost] [f3f012555a7e5758082eab2e3f30dd2d]
https://doesdefinatelynotexist.sciencedirect.com.kinepolis.fr [400] [GET] [text/html] [Invalid URL] [AkamaiGHost] [5e0140fcd6f07533f51c2d6b1585183b]
https://doesdefinatelynotexist.sciencedirect.com.kinepolis.fr [400] [GET] [text/html] [Invalid URL] [AkamaiGHost] [aebafa2c84d2daa8f29f5f339e87f2f3]
https://doesdefinatelynotexist.sciencedirect.com.millenium.kinepolis.fr [400] [GET] [text/html] [Invalid URL] [AkamaiGHost] [2f3c93db4b90f96113865d3548288a09]
https://doesdefinatelynotexist.sciencedirect.com.millenium.kinepolis.fr [400] [GET] [text/html] [Invalid URL] [AkamaiGHost] [e21238293e4e0af3dc7d20b38a767843]
https://doesdefinatelynotexist.scopus.com.millenium.kinepolis.fr [400] [GET] [text/html] [Invalid URL] [AkamaiGHost] [4a33e8fb30c6e14a7d4e809a7833fe4a]
https://doesdefinatelynotexist.scopus.com.millenium.kinepolis.fr [400] [GET] [text/html] [Invalid URL] [AkamaiGHost] [bb81b869d6a33d4afe0d685606aad8aa]
https://doesdefinatelynotexist.search.serialssolutions.com.iimb.kinepolis.fr [400] [GET] [text/html] [Invalid URL] [AkamaiGHost] [2381cd19b29f91f9834dcd8847220ee9]
https://doesdefinatelynotexist.search.serialssolutions.com.iimb.kinepolis.fr [400] [GET] [text/html] [Invalid URL] [AkamaiGHost] [ea2851f0b83bf88603898770b9d103aa]
https://doesdefinatelynotexist.search.serialssolutions.com.uma.kinepolis.fr [400] [GET] [text/html] [Invalid URL] [AkamaiGHost] [5a99ed99c90b410dadd38aa23bfadc49]
https://doesdefinatelynotexist.search.serialssolutions.com.uma.kinepolis.fr [400] [GET] [text/html] [Invalid URL] [AkamaiGHost] [87347ed44c36e7d830bb4888d1ad4b1c]
https://doesdefinatelynotexist.summon.serialssolutions.com.millenium.kinepolis.fr [400] [GET] [text/html] [Invalid URL] [AkamaiGHost] [c711ba0e49a02f8538340be8de6d34bb]
https://doesdefinatelynotexist.summon.serialssolutions.com.millenium.kinepolis.fr [400] [GET] [text/html] [Invalid URL] [AkamaiGHost] [f2d1c6846590d44e4f2aeaac1cd579cb]
https://doesdefinatelynotexist.techtudo.com.br.kinepolis.fr [400] [GET] [text/html] [Invalid URL] [AkamaiGHost] [7a0314ec6a240d5e0bdab36958b0af3c]
https://doesdefinatelynotexist.techtudo.com.br.kinepolis.fr [400] [GET] [text/html] [Invalid URL] [AkamaiGHost] [cef1842c2e0b3c99d98e3f98c92a3fd3]
https://doesdefinatelynotexist.teletalk.com.bd.kinepolis.fr [400] [GET] [text/html] [Invalid URL] [AkamaiGHost] [0fdf0e2eeea86cbd07525d94caf9860c]
https://doesdefinatelynotexist.teletalk.com.bd.kinepolis.fr [400] [GET] [text/html] [Invalid URL] [AkamaiGHost] [10a416ddee1f55258a3928f8aa15c245]
https://doesdefinatelynotexist.tepco.co.jp.cache.kinepolis.fr [400] [GET] [text/html] [Invalid URL] [AkamaiGHost] [025c92ace179eed2fb36a19a7a02d2bb]
https://doesdefinatelynotexist.tepco.co.jp.cache.kinepolis.fr [400] [GET] [text/html] [Invalid URL] [AkamaiGHost] [41628ec4d9ab56193895822d7fd584ea]
https://doesdefinatelynotexist.tescobank.com.s3-website-eu-west-1.kinepolis.fr [400] [GET] [text/html] [Invalid URL] [AkamaiGHost] [2933b2cb29208c470e7038bd2b47c46d]
https://doesdefinatelynotexist.tescobank.com.s3-website-eu-west-1.kinepolis.fr [400] [GET] [text/html] [Invalid URL] [AkamaiGHost] [60284bac519b2d81e5d87370da2820ed]
https://doesdefinatelynotexist.v2dizhi.at.gmail.com.kinepolis.fr [400] [GET] [text/html] [Invalid URL] [AkamaiGHost] [0b6c7edaf166d81880acb4d7f3aba331]
https://doesdefinatelynotexist.v2dizhi.at.gmail.com.kinepolis.fr [400] [GET] [text/html] [Invalid URL] [AkamaiGHost] [679366be93d9f1d3380a74317560da6a]
https://doesdefinatelynotexist.webofknowledge.com.acces.bibl.kinepolis.fr [400] [GET] [text/html] [Invalid URL] [AkamaiGHost] [7eedb760514935a9da3268cc0dc6d3aa]
https://doesdefinatelynotexist.webofknowledge.com.acces.bibl.kinepolis.fr [400] [GET] [text/html] [Invalid URL] [AkamaiGHost] [aff7878b9f94896ea7110e1faf6b059e]
https://doesdefinatelynotexist.www.google.com.kinepolis.fr [400] [GET] [text/html] [Invalid URL] [AkamaiGHost] [7703aeed41d4a3605216dd74372e179b]
https://doesdefinatelynotexist.www.google.com.kinepolis.fr [400] [GET] [text/html] [Invalid URL] [AkamaiGHost] [efeba44c4cf905dcc3b23e70a40e3159]
https://doesdefinatelynotexist.www.seahawks.com.s3.kinepolis.fr [400] [GET] [text/html] [Invalid URL] [AkamaiGHost] [1b85221ee4763635ec945adf9f4b10cb]
https://doesdefinatelynotexist.www.seahawks.com.s3.kinepolis.fr [400] [GET] [text/html] [Invalid URL] [AkamaiGHost] [81057196b69bd65b2aa47bc2b79fb819]
https://email1-quarantine.kinepolis.fr [400] [GET] [text/html] [Invalid URL] [AkamaiGHost] [60b622a41a7c2c2dcf584fb9f7f438c5]
https://email1-quarantine.kinepolis.fr [400] [GET] [text/html] [Invalid URL] [AkamaiGHost] [828c3f15413ffac725976104d9045d3d]
https://enterpriseenrollment.kinepolis.fr [302] [GET] [] [] [Microsoft-IIS/10.0] [azure] [IIS:10.0,Microsoft ASP.NET:4.0.30319,Windows Server] [d41d8cd98f00b204e9800998ecf8427e]
https://error.incites.thomsonreuters.com.ezproxy.kinepolis.fr [400] [GET] [text/html] [Invalid URL] [AkamaiGHost] [1e970279fdab0160486f1bcbee270cd9]
https://error.incites.thomsonreuters.com.ezproxy.kinepolis.fr [400] [GET] [text/html] [Invalid URL] [AkamaiGHost] [3a1c5aa5fc799a4fddaffff3955adfc7]
https://error.incites.thomsonreuters.com.lib-ezproxy.library.kinepolis.fr [400] [GET] [text/html] [Invalid URL] [AkamaiGHost] [6d4eeb492d1ddc6d669fb6b6685c8de9]
https://error.incites.thomsonreuters.com.lib-ezproxy.library.kinepolis.fr [400] [GET] [text/html] [Invalid URL] [AkamaiGHost] [eef47493f2ba537a1959ce80cb569165]
https://facebook.com.security-checkpoint-global-do.kinepolis.fr [400] [GET] [text/html] [Invalid URL] [AkamaiGHost] [5a700afe629bcf7b3ce7494c805ee385]
https://facebook.com.security-checkpoint-global-do.kinepolis.fr [400] [GET] [text/html] [Invalid URL] [AkamaiGHost] [d60c386ca14d045bbd91ff6d8e9e3314]
https://forum.kinepolis.fr [400] [GET] [text/html] [Invalid URL] [AkamaiGHost] [742ff1dca57af94d1307de5ef086c78f]
https://forum.kinepolis.fr [400] [GET] [text/html] [Invalid URL] [AkamaiGHost] [acfebd1394bd1d915da81214d62005bd]
https://gd.kinepolis.fr [400] [GET] [text/html] [Invalid URL] [AkamaiGHost] [3a2c160e772903a21201d40d75703c9c]
https://gd.kinepolis.fr [400] [GET] [text/html] [Invalid URL] [AkamaiGHost] [3fa1298173769b7abb8d7a94748e0c21]
https://gemaskop.kinepolis.fr [400] [GET] [text/html] [Invalid URL] [AkamaiGHost] [7c4a03fdfd3c980248b25adf8967bff3]
https://gemaskop.kinepolis.fr [400] [GET] [text/html] [Invalid URL] [AkamaiGHost] [be6aee126d4b93448fcc1351c275d475]
https://gwscovidien.kinepolis.fr [400] [GET] [text/html] [Invalid URL] [AkamaiGHost] [5ba160fed7f868111995e0064444faa3]
https://gwscovidien.kinepolis.fr [400] [GET] [text/html] [Invalid URL] [AkamaiGHost] [7d881e7e883c86add6a0ae933a856895]
https://hc1covid19.kinepolis.fr [400] [GET] [text/html] [Invalid URL] [AkamaiGHost] [175a1616b853004b936234d56dbb524a]
https://hc1covid19.kinepolis.fr [400] [GET] [text/html] [Invalid URL] [AkamaiGHost] [a495285dc203db143e288682195f9bd8]
http://shop-dev.kinepolis.fr:8080 [404] [GET] [application/json] [] [nginx] [Nginx] [8a80554c91d9fca8acb82f023de02f11]
https://houstin.kinepolis.fr [400] [GET] [text/html] [Invalid URL] [AkamaiGHost] [66d3b8490ee69f68fe9b0418dff65dfe]
https://houstin.kinepolis.fr [400] [GET] [text/html] [Invalid URL] [AkamaiGHost] [7da3bbca2bdd47493299ee128f870b57]
https://h-s.jcr.incites.thomsonreuters.com.niit.kinepolis.fr [400] [GET] [text/html] [Invalid URL] [AkamaiGHost] [33f02dd6a78d70144fde88c375ab661e]
https://h-s.jcr.incites.thomsonreuters.com.niit.kinepolis.fr [400] [GET] [text/html] [Invalid URL] [AkamaiGHost] [61e423dd71dcb604ee32ccdc1d0edf30]
https://insight-fm.kinepolis.fr [400] [GET] [text/html] [Invalid URL] [AkamaiGHost] [1db905b41f30b173682d4b1eadb8a92c]
https://insight-fm.kinepolis.fr [400] [GET] [text/html] [Invalid URL] [AkamaiGHost] [cbdedaf7a23e73b562b1bf309dab302d]
https://intern.kinepolis.fr [400] [GET] [text/html] [Invalid URL] [AkamaiGHost] [86b5e2b37d7b38f7b75983ee9b12d730]
https://intern.kinepolis.fr [400] [GET] [text/html] [Invalid URL] [AkamaiGHost] [e5059fecf91e02d102e689a3ad219a56]
https://iowrb-www420.kinepolis.fr [400] [GET] [text/html] [Invalid URL] [AkamaiGHost] [6d301e7ae3dc762c8b71859830419b3a]
https://iowrb-www420.kinepolis.fr [400] [GET] [text/html] [Invalid URL] [AkamaiGHost] [a68dfaf0dc9e759b99eb28a1c01e2155]
https://kortmaskin.kinepolis.fr [400] [GET] [text/html] [Invalid URL] [AkamaiGHost] [b75035270a2b9cd7063ba873cd0edcca]
https://kortmaskin.kinepolis.fr [400] [GET] [text/html] [Invalid URL] [AkamaiGHost] [c6392afa1c5729aad2527d071f10cd5b]
https://lannuaire.service-public.fr.qualif.ext.kinepolis.fr [400] [GET] [text/html] [Invalid URL] [AkamaiGHost] [c53ea815d008514d46c73cf289837ae0]
https://lannuaire.service-public.fr.qualif.ext.kinepolis.fr [400] [GET] [text/html] [Invalid URL] [AkamaiGHost] [cff8d28cdd873a72dec36fd0434a7c8b]
https://lc.kinepolis.fr [400] [GET] [text/html] [Invalid URL] [AkamaiGHost] [09af9002ae9a310827794399c4029482]
https://lc.kinepolis.fr [400] [GET] [text/html] [Invalid URL] [AkamaiGHost] [65071295a4a53cf520c8fb36fb886abd]
https://lecomarquage.service-public.fr.qualif.ext.kinepolis.fr [400] [GET] [text/html] [Invalid URL] [AkamaiGHost] [46bdf8b535545f3a5e5797d2fc6ce429]
https://lecomarquage.service-public.fr.qualif.ext.kinepolis.fr [400] [GET] [text/html] [Invalid URL] [AkamaiGHost] [81f3761c268550c3f55dd6cfb8778a2a]
https://login.com-apple-updata-account-informations.kinepolis.fr [400] [GET] [text/html] [Invalid URL] [AkamaiGHost] [2f134db4d38c946d3f60cb8bdb7ab39d]
https://login.com-apple-updata-account-informations.kinepolis.fr [400] [GET] [text/html] [Invalid URL] [AkamaiGHost] [35b836cbd3c9f9847ea7f7ea7b2482d6]
https://login-travelrewards.capitalone.com.test.kinepolis.fr [400] [GET] [text/html] [Invalid URL] [AkamaiGHost] [cd2540ad5b749ce1ee44a3ec3fff1bc8]
https://login-travelrewards.capitalone.com.test.kinepolis.fr [400] [GET] [text/html] [Invalid URL] [AkamaiGHost] [ffb1f929e12de1e82630fcb4e1d0f6d6]
https://lyncdiscover.kinepolis.fr [404] [GET] [application/json] [] [] [vhost] [Azure] [373397b4ebf514ea3578818e90f5f9b6]
https://macintosh.kinepolis.fr [400] [GET] [text/html] [Invalid URL] [AkamaiGHost] [150e0b360141e4621654b08aa0754735]
https://macintosh.kinepolis.fr [400] [GET] [text/html] [Invalid URL] [AkamaiGHost] [d8ae3fc232601ddba1bfaf0a3ef1cc67]
https://mamaskram.kinepolis.fr [400] [GET] [text/html] [Invalid URL] [AkamaiGHost] [7ba281cbf51cdd8c82186498f182c982]
https://mamaskram.kinepolis.fr [400] [GET] [text/html] [Invalid URL] [AkamaiGHost] [d387f7d197effb0030d73c42285fc2dc]
https://mamasku.kinepolis.fr [400] [GET] [text/html] [Invalid URL] [AkamaiGHost] [24b460b32d80c0bf159c2f64450434de]
https://mamasku.kinepolis.fr [400] [GET] [text/html] [Invalid URL] [AkamaiGHost] [7c688b25c92950d9e4be4ba491b3b36c]
https://marketintelligence.lexisnexis.com.ezproxy.kinepolis.fr [400] [GET] [text/html] [Invalid URL] [AkamaiGHost] [4bfac96597f819b9ef7c20ea62052dcf]
https://marketintelligence.lexisnexis.com.ezproxy.kinepolis.fr [400] [GET] [text/html] [Invalid URL] [AkamaiGHost] [67bb64850f8656211e03a28926b05b06]
https://mascara1865.kinepolis.fr [400] [GET] [text/html] [Invalid URL] [AkamaiGHost] [5be9c5b13b8f09bb086df99e47f628fa]
https://mascara1865.kinepolis.fr [400] [GET] [text/html] [Invalid URL] [AkamaiGHost] [ed1cc85312307f4da4a8b313744e9e0c]
https://maschera.kinepolis.fr [400] [GET] [text/html] [Invalid URL] [AkamaiGHost] [a5a922b5d5a0a4941b98cd84e635eeb2]
https://maschera.kinepolis.fr [400] [GET] [text/html] [Invalid URL] [AkamaiGHost] [e5d37fb4340f187d75b18a6ac6baa978]
https://maskan.kinepolis.fr [400] [GET] [text/html] [Invalid URL] [AkamaiGHost] [4e4f881264415efa2bf63263c685bc2b]
https://maskan.kinepolis.fr [400] [GET] [text/html] [Invalid URL] [AkamaiGHost] [987bc061aa3cfc1f096be241619b0725]
https://maskargo.kinepolis.fr [400] [GET] [text/html] [Invalid URL] [AkamaiGHost] [2313fe1098d4b6afd232f83ad181a58d]
https://maskargo.kinepolis.fr [400] [GET] [text/html] [Invalid URL] [AkamaiGHost] [eeb13fd06d9022b8483b0867379f5109]
https://maskedqueen.kinepolis.fr [400] [GET] [text/html] [Invalid URL] [AkamaiGHost] [1bb962b98d2ad7b34efb63ee599eb0d3]
https://maskedqueen.kinepolis.fr [400] [GET] [text/html] [Invalid URL] [AkamaiGHost] [341f12e058eb30e3be935698030f457b]
https://maskot41ikitellit41.kinepolis.fr [400] [GET] [text/html] [Invalid URL] [AkamaiGHost] [183ac8add5040a1a457e1e1630869bf7]
https://maskot41ikitellit41.kinepolis.fr [400] [GET] [text/html] [Invalid URL] [AkamaiGHost] [d64f6343e85250760930b57ea2fcd0f2]
https://maskurblog.kinepolis.fr [400] [GET] [text/html] [Invalid URL] [AkamaiGHost] [19f18e0143768298dd6b8ab1c9b453fa]
https://maskurblog.kinepolis.fr [400] [GET] [text/html] [Invalid URL] [AkamaiGHost] [9fe6a328a8346ff2b07598434c461e47]
https://maskxapas02.kinepolis.fr [400] [GET] [text/html] [Invalid URL] [AkamaiGHost] [20aef98f39450f6bdcf680a9bd445906]
https://maskxapas02.kinepolis.fr [400] [GET] [text/html] [Invalid URL] [AkamaiGHost] [3d39fd8e868532b699543abe785d2a73]
https://mcafeequarantine.kinepolis.fr [400] [GET] [text/html] [Invalid URL] [AkamaiGHost] [0a1d20afa48077fc50f46a360db0f235]
https://mcafeequarantine.kinepolis.fr [400] [GET] [text/html] [Invalid URL] [AkamaiGHost] [7b8af0d69abf9373744cb8c5a587b4e8]
https://meine.immowelt.de.0-558.meineimmowelt.kinepolis.fr [400] [GET] [text/html] [Invalid URL] [AkamaiGHost] [39b4cd5af8023c8bdf833f77f17db527]
https://meine.immowelt.de.0-558.meineimmowelt.kinepolis.fr [400] [GET] [text/html] [Invalid URL] [AkamaiGHost] [71244afe66533368cdffa740272e0e90]
https://mobilvirus0316.kinepolis.fr [400] [GET] [text/html] [Invalid URL] [AkamaiGHost] [1fb10f06028ce3dd8fcd64691992bb5f]
https://mobilvirus0316.kinepolis.fr [400] [GET] [text/html] [Invalid URL] [AkamaiGHost] [53127d8fd8a9b6fb94adc98c5a16c6c7]
https://mrtg.kinepolis.fr [400] [GET] [text/html] [Invalid URL] [AkamaiGHost] [69fb4318dfa0175b6545d0a7d152ad6e]
https://mrtg.kinepolis.fr [400] [GET] [text/html] [Invalid URL] [AkamaiGHost] [71ea964ca11a9c48fbb3be23486b04e3]
https://msoid.kinepolis.fr [302] [GET] [text/html] [Object moved] [] [vhost] [azure] [67dc47621d0dca9dc8d849ee26494c3b]
https://mw.musikhochschule-muenchen.de.devweb.kinepolis.fr [400] [GET] [text/html] [Invalid URL] [AkamaiGHost] [8e56df3b087a53e2fe36c4e6cbea9570]
https://mw.musikhochschule-muenchen.de.devweb.kinepolis.fr [400] [GET] [text/html] [Invalid URL] [AkamaiGHost] [9411ab315d8daaf9df29d35b21d341c2]
https://myaccount.com-webapps.mpp.denx3f19b6a4a40d5c.6abec026.kinepolis.fr [400] [GET] [text/html] [Invalid URL] [AkamaiGHost] [4491b2c9f4e991d1e99250adcd66cffe]
https://myaccount.com-webapps.mpp.denx3f19b6a4a40d5c.6abec026.kinepolis.fr [400] [GET] [text/html] [Invalid URL] [AkamaiGHost] [924f764022cc2326b595f9f394365962]
https://mysql.kinepolis.fr [400] [GET] [text/html] [Invalid URL] [AkamaiGHost] [432505216d7848bbc2379d164e0579d1]
https://mysql.kinepolis.fr [400] [GET] [text/html] [Invalid URL] [AkamaiGHost] [48f3f057389dadb0e57b42b7f4b116ae]
https://ns6.kinepolis.fr [400] [GET] [text/html] [Invalid URL] [AkamaiGHost] [8741632e2ec3ac6dfb496a0c34e32e10]
https://ns6.kinepolis.fr [400] [GET] [text/html] [Invalid URL] [AkamaiGHost] [c01e86d91b32d86b3e5fb06b365fac80]
https://officeapps.live.com.office.cardinalhealth.kinepolis.fr [400] [GET] [text/html] [Invalid URL] [AkamaiGHost] [1c63b171a97dde301c137b7cc02fc1f3]
https://officeapps.live.com.office.cardinalhealth.kinepolis.fr [400] [GET] [text/html] [Invalid URL] [AkamaiGHost] [884373bd26685bc142d16b23b15b03e6]
https://onlineweb.kinepolis.fr [400] [GET] [text/html] [Invalid URL] [AkamaiGHost] [01f54326a019d49da27a79d1d73fe30f]
https://onlineweb.kinepolis.fr [400] [GET] [text/html] [Invalid URL] [AkamaiGHost] [e74c4710162d53feea7a02da01c4bf8d]
https://pager.kinepolis.fr [400] [GET] [text/html] [Invalid URL] [AkamaiGHost] [89de7337e9655f602344f0ced61656d3]
https://pager.kinepolis.fr [400] [GET] [text/html] [Invalid URL] [AkamaiGHost] [93254ec7a42561f321cd7fb00a208114]
https://pandemie.kinepolis.fr [400] [GET] [text/html] [Invalid URL] [AkamaiGHost] [1f3df23af18ce4507e68269780840284]
https://pandemie.kinepolis.fr [400] [GET] [text/html] [Invalid URL] [AkamaiGHost] [da3c72425c1978becb028ed7b1530b77]
https://particuliers.clients.mabanque.bnpparibas.para.kinepolis.fr [400] [GET] [text/html] [Invalid URL] [AkamaiGHost] [6eee42f95a3bf440e564c46081cbe5ad]
https://particuliers.clients.mabanque.bnpparibas.para.kinepolis.fr [400] [GET] [text/html] [Invalid URL] [AkamaiGHost] [7eccce761511d86e618af691bb0d221b]
https://paypal.com.services-account-update-billing.kinepolis.fr [400] [GET] [text/html] [Invalid URL] [AkamaiGHost] [5becd05cfa2c4ca44a6f351ef94b55fa]
https://paypal.com.services-account-update-billing.kinepolis.fr [400] [GET] [text/html] [Invalid URL] [AkamaiGHost] [5fd6ee72a7f1a0095fbbb04e91c6d41f]
https://pc1.kinepolis.fr [400] [GET] [text/html] [Invalid URL] [AkamaiGHost] [63378924222c150cbf6ae81e4f4db03c]
https://pc1.kinepolis.fr [400] [GET] [text/html] [Invalid URL] [AkamaiGHost] [eddd13b406d19735f4dc38114c9894e2]
https://ppp16.kinepolis.fr [400] [GET] [text/html] [Invalid URL] [AkamaiGHost] [61c33b499c23c555ecaacc31b18bc6f0]
https://ppp16.kinepolis.fr [400] [GET] [text/html] [Invalid URL] [AkamaiGHost] [85d3a0f8e55f0eecdd292d3522d2aab0]
https://ppp5.kinepolis.fr [400] [GET] [text/html] [Invalid URL] [AkamaiGHost] [4ab0bcc15be2edbcfc6a72dfbd055bea]
https://ppp5.kinepolis.fr [400] [GET] [text/html] [Invalid URL] [AkamaiGHost] [dc5532678a812f6c5a873d01be0fef2f]
https://prive.kinepolis.fr [403] [GET] [text/html] [Access Denied] [] [vhost] [371b5cafe761b5f6f49a1b39df1bab18]
https://prive.kinepolis.fr [403] [GET] [text/html] [Access Denied] [] [vhost] [617333b050945d32eda7e6ec4371ac8a]
https://privetickets.kinepolis.fr [403] [GET] [text/html] [Access Denied] [] [vhost] [1fb78cf7536339646a905f22cd1a5840]
https://privetickets.kinepolis.fr [403] [GET] [text/html] [Access Denied] [] [vhost] [70da60ded293377cfd18d680f4abba4b]
https://profiles.google.com.ezproxy.bibliothek.kinepolis.fr [400] [GET] [text/html] [Invalid URL] [AkamaiGHost] [80198c18457c8909fef4a5647d06985e]
https://profiles.google.com.ezproxy.bibliothek.kinepolis.fr [400] [GET] [text/html] [Invalid URL] [AkamaiGHost] [8b03be4ed1fd3d415f94297f9205e60d]
https://qotd2.kinepolis.fr [400] [GET] [text/html] [Invalid URL] [AkamaiGHost] [215f0d2e6f216e791ebd33ab697b3eae]
https://qotd2.kinepolis.fr [400] [GET] [text/html] [Invalid URL] [AkamaiGHost] [dfae67566a16c8ff890ca73df87c4fd5]
https://quake.kinepolis.fr [400] [GET] [text/html] [Invalid URL] [AkamaiGHost] [8413ab0a40279317b9fbd4b9a34ac2ba]
https://quake.kinepolis.fr [400] [GET] [text/html] [Invalid URL] [AkamaiGHost] [8868d692644f03628d2c1129e0bb0748]
https://quarantine2.kinepolis.fr [400] [GET] [text/html] [Invalid URL] [AkamaiGHost] [9aeb96f4f6e3736de2fb9cd8ac3d94e0]
https://quarantine2.kinepolis.fr [400] [GET] [text/html] [Invalid URL] [AkamaiGHost] [ca3ccd5123223e58274e90f1b8ebe776]
https://quarentena.kinepolis.fr [400] [GET] [text/html] [Invalid URL] [AkamaiGHost] [5faff62c456f873f97726b5119388c9f]
https://quarentena.kinepolis.fr [400] [GET] [text/html] [Invalid URL] [AkamaiGHost] [b1862a4e563e8e7d2489e5521ff8c10f]
https://quarentenamp.kinepolis.fr [400] [GET] [text/html] [Invalid URL] [AkamaiGHost] [82d8a6faeb6663f8cec88cbee3b292f5]
https://quarentenamp.kinepolis.fr [400] [GET] [text/html] [Invalid URL] [AkamaiGHost] [ccf647b9f796d25f21887017d23f11e8]
https://quarter-virus.kinepolis.fr [400] [GET] [text/html] [Invalid URL] [AkamaiGHost] [5a3e8e55ca7343315a0c1c5917f4e8d1]
https://quarter-virus.kinepolis.fr [400] [GET] [text/html] [Invalid URL] [AkamaiGHost] [fd991ac77f58ef2da457a6fbe7ec8708]
https://ra-7.kinepolis.fr [400] [GET] [text/html] [Invalid URL] [AkamaiGHost] [94404e7e6f2614b803b93be12532eeed]
https://ra-7.kinepolis.fr [400] [GET] [text/html] [Invalid URL] [AkamaiGHost] [b8f9e87ece0726590dd2642ecffd2367]
https://rd.kinepolis.fr [400] [GET] [text/html] [Invalid URL] [AkamaiGHost] [e2e690a965b17efea171881359dc67a0]
https://rd.kinepolis.fr [400] [GET] [text/html] [Invalid URL] [AkamaiGHost] [e7c19f056b75e33362ef84df926de4a3]
https://removevirusmalwares.kinepolis.fr [400] [GET] [text/html] [Invalid URL] [AkamaiGHost] [23eb66d7bdc038613b43f058df156d6d]
https://removevirusmalwares.kinepolis.fr [400] [GET] [text/html] [Invalid URL] [AkamaiGHost] [b15b0573a2cf02cbc0743ce2ed0ba97b]
https://scholar.google.com.fortwayne.libproxy.kinepolis.fr [400] [GET] [text/html] [Invalid URL] [AkamaiGHost] [278cf78da5c9e3cd4c0401ca65c48ff3]
https://scholar.google.com.fortwayne.libproxy.kinepolis.fr [400] [GET] [text/html] [Invalid URL] [AkamaiGHost] [e6f406961c7fd27c6a7b85c02587d6eb]
https://scjfvirus0316.kinepolis.fr [400] [GET] [text/html] [Invalid URL] [AkamaiGHost] [9f95f5caa1268608e478c1cee65ffaa1]
https://scjfvirus0316.kinepolis.fr [400] [GET] [text/html] [Invalid URL] [AkamaiGHost] [f530deb707c45331436a8a37e0dcd77f]
https://secure.login.confirmation.bankofamerica.com.kinepolis.fr [400] [GET] [text/html] [Invalid URL] [AkamaiGHost] [a2c2184efa6a62c9c83fc6b64c379930]
https://secure.login.confirmation.bankofamerica.com.kinepolis.fr [400] [GET] [text/html] [Invalid URL] [AkamaiGHost] [df0244300c41b29be02df44ea511e792]
https://sedi-https-internal-eu.aka.amazon.com.kinepolis.fr [400] [GET] [text/html] [Invalid URL] [AkamaiGHost] [571a4326b988bd00622e82db91d46f28]
https://sedi-https-internal-eu.aka.amazon.com.kinepolis.fr [400] [GET] [text/html] [Invalid URL] [AkamaiGHost] [b88e626f5bdd42ba90dd95bb03a97f94]
https://serv.kinepolis.fr [400] [GET] [text/html] [Invalid URL] [AkamaiGHost] [311af7e9f33c45798c56444203de7572]
https://serv.kinepolis.fr [400] [GET] [text/html] [Invalid URL] [AkamaiGHost] [8d252bdd34df22947c918e226de97ca6]
https://shn-dev-ed.my.salesforce.com.crm.abccorp.kinepolis.fr [400] [GET] [text/html] [Invalid URL] [AkamaiGHost] [c1fb2b3e5301226ebbd4b7c01ad3b51a]
https://shn-dev-ed.my.salesforce.com.crm.abccorp.kinepolis.fr [400] [GET] [text/html] [Invalid URL] [AkamaiGHost] [fdd81f43fb21210674453c2607b42bd9]
https://shop-dev.kinepolis.fr [401] [GET] [text/html] [401 Unauthorized] [Apache] [vhost] [Apache,Basic] [118a489422be0c5ca0cecf3bb7903c7e]
https://shop-dev.kinepolis.fr:8081 [404] [GET] [application/json] [] [nginx] [Nginx] [8a80554c91d9fca8acb82f023de02f11]
https://shop.kinepolis.fr [403] [GET] [text/html] [403 Blocked] [] [vhost] [099d5572527c82e53cef289e441eee8f]
https://shop.kinepolis.fr [403] [GET] [text/html] [403 Blocked] [] [vhost] [de5519eab00d7323e96fd0abf276d505]
https://studio58gtv.kinepolis.fr [400] [GET] [text/html] [Invalid URL] [AkamaiGHost] [8935c601c896bcfec67b0f912d79989c]
https://studio58gtv.kinepolis.fr [400] [GET] [text/html] [Invalid URL] [AkamaiGHost] [b8bccd3be4122171517c0b5c8d9e45d7]
https://sub-97-52-63.kinepolis.fr [400] [GET] [text/html] [Invalid URL] [AkamaiGHost] [0a1b76fe1e018f70b172783425ad5a15]
https://sub-97-52-63.kinepolis.fr [400] [GET] [text/html] [Invalid URL] [AkamaiGHost] [cf77dc8dada9e217657e07420c6bb3e7]
https://sw0.kinepolis.fr [400] [GET] [text/html] [Invalid URL] [AkamaiGHost] [36b3267b78787896a54b4086eb0d867d]
https://sw0.kinepolis.fr [400] [GET] [text/html] [Invalid URL] [AkamaiGHost] [dd7b1b6dd1e7768cc240d62ab83de534]
https://switzerland.kinepolis.fr [400] [GET] [text/html] [Invalid URL] [AkamaiGHost] [29440112a83eb5ed26b9831187574d97]
https://switzerland.kinepolis.fr [400] [GET] [text/html] [Invalid URL] [AkamaiGHost] [49f1bc9cc741827738a3502d9f252de8]
https://telnet.kinepolis.fr [400] [GET] [text/html] [Invalid URL] [AkamaiGHost] [763ff4fbc19159c8735c84785c5bcbb6]
https://telnet.kinepolis.fr [400] [GET] [text/html] [Invalid URL] [AkamaiGHost] [e3c60512ab34ea3f3588681123fc0cfb]
https://test-distance.kinepolis.fr [400] [GET] [text/html] [Invalid URL] [AkamaiGHost] [b818164ec230924eac3da811e7333c05]
https://test-distance.kinepolis.fr [400] [GET] [text/html] [Invalid URL] [AkamaiGHost] [e3609737b0482bf5beaca4924ef42b87]
https://tickets.kinepolis.fr [403] [GET] [text/html] [Access Denied] [] [vhost] [1ae9d5d4514706f0d21fab7a0a3e13c4]
https://tickets.kinepolis.fr [403] [GET] [text/html] [Access Denied] [] [vhost] [4c7c4c82ed7ef247af411d26e0af5753]
https://titan.kinepolis.fr [400] [GET] [text/html] [Invalid URL] [AkamaiGHost] [8c3d72f30955d49db527cd11d159db71]
https://titan.kinepolis.fr [400] [GET] [text/html] [Invalid URL] [AkamaiGHost] [95a5c21940d1baf8b0ab980e8bee2a55]
https://tokyo.kinepolis.fr [400] [GET] [text/html] [Invalid URL] [AkamaiGHost] [0076dae4780bc1e0da290a5a99deee07]
https://tokyo.kinepolis.fr [400] [GET] [text/html] [Invalid URL] [AkamaiGHost] [c9b808fd9c490268c98dfb8d0419ae7f]
https://vaccines.kinepolis.fr [400] [GET] [text/html] [Invalid URL] [AkamaiGHost] [15f943755e2d4b671dad6fa54638338b]
https://vaccines.kinepolis.fr [400] [GET] [text/html] [Invalid URL] [AkamaiGHost] [92132213ecb1c08b55c34285ddf365fe]
https://vermont.kinepolis.fr [400] [GET] [text/html] [Invalid URL] [AkamaiGHost] [8d110ac9fe1cc1c5b1ab3e4559ce2811]
https://vermont.kinepolis.fr [400] [GET] [text/html] [Invalid URL] [AkamaiGHost] [8fc2dae7ab1434b30a973b9d4437bb7b]
https://vger-virus0316.kinepolis.fr [400] [GET] [text/html] [Invalid URL] [AkamaiGHost] [6b73beae89a587979d3f455a70908008]
https://vger-virus0316.kinepolis.fr [400] [GET] [text/html] [Invalid URL] [AkamaiGHost] [f687271fd6f9adc0fb7d0ee6cf8d7454]
https://virus0316-deemed.kinepolis.fr [400] [GET] [text/html] [Invalid URL] [AkamaiGHost] [42184f6a7298aba5d7c585d864f74d2b]
https://virus0316-deemed.kinepolis.fr [400] [GET] [text/html] [Invalid URL] [AkamaiGHost] [f1ee1c285ba729a7957d179d8e97c37f]
https://virus0316herapeutic.kinepolis.fr [400] [GET] [text/html] [Invalid URL] [AkamaiGHost] [82e24f736203d4d123fb103652657bc7]
https://virus0316herapeutic.kinepolis.fr [400] [GET] [text/html] [Invalid URL] [AkamaiGHost] [cb60c6ea3da399c33f1a266eab6d1cfc]
https://virus.kinepolis.fr [400] [GET] [text/html] [Invalid URL] [AkamaiGHost] [41ab2e7cc40ec6dba8f775e529c55b92]
https://virus.kinepolis.fr [400] [GET] [text/html] [Invalid URL] [AkamaiGHost] [7b2ca4a2446af5a83586dd92d75875a1]
https://wallet-acc.kinepolis.fr [403] [GET] [text/html] [403 Blocked] [] [vhost] [231d94abce95b41e8e9432689ed8aba9]
https://wallet-acc.kinepolis.fr [403] [GET] [text/html] [403 Blocked] [] [vhost] [84a0cbca03c97599a699f55d067be298]
https://wallet.kinepolis.fr [403] [GET] [text/html] [403 Blocked] [] [vhost] [0c4476dd7de5a0a630c541415692d012]
https://wallet.kinepolis.fr [403] [GET] [text/html] [403 Blocked] [] [vhost] [6ea85f67e073a8f975dbe1827028104f]
https://webdocs.kinepolis.fr [400] [GET] [text/html] [Invalid URL] [AkamaiGHost] [6f81d5a8d90776126c014ab9718d8534]
https://webdocs.kinepolis.fr [400] [GET] [text/html] [Invalid URL] [AkamaiGHost] [742e23bf05386b4b9c79e9bbcfc69507]
https://windows1.kinepolis.fr [400] [GET] [text/html] [Invalid URL] [AkamaiGHost] [0f2447790bc8e36ec21155b663be7d19]
https://windows1.kinepolis.fr [400] [GET] [text/html] [Invalid URL] [AkamaiGHost] [d2b8bc395b6dbac8b092650fbf52050c]
https://w.kinepolis.fr [400] [GET] [text/html] [Invalid URL] [AkamaiGHost] [3ad06c3d465854408a498cd5fb0edbfe]
https://w.kinepolis.fr [400] [GET] [text/html] [Invalid URL] [AkamaiGHost] [799c29d135287d5590a636134064e835]
https://wsww.kinepolis.fr [400] [GET] [text/html] [Invalid URL] [AkamaiGHost] [64928b6a219125b42c16e881cd7190c9]
https://wsww.kinepolis.fr [400] [GET] [text/html] [Invalid URL] [AkamaiGHost] [9d5ed7fb580c068cb27045773c1fc530]
https://ww.kinepolis.fr [400] [GET] [text/html] [Invalid URL] [AkamaiGHost] [0a64dfff2cffe8e29ae77289255d6761]
https://ww.kinepolis.fr [400] [GET] [text/html] [Invalid URL] [AkamaiGHost] [76f5aa098b03966d94e6893b0bdcc797]
https://www11.sitekey.login.update.billing.information.bankofamerica.com.kinepolis.fr [400] [GET] [text/html] [Invalid URL] [AkamaiGHost] [8de6767e7dd241567ad86145463e5fcf]
https://www11.sitekey.login.update.billing.information.bankofamerica.com.kinepolis.fr [400] [GET] [text/html] [Invalid URL] [AkamaiGHost] [e3d5b9d37f35111e1bbd692971dff33f]
https://www-dimask.kinepolis.fr [400] [GET] [text/html] [Invalid URL] [AkamaiGHost] [11509b2e5c752e6c73290f35447939d5]
https://www-dimask.kinepolis.fr [400] [GET] [text/html] [Invalid URL] [AkamaiGHost] [c96f86f8efc49c4371b52daf2b5e9e4f]
https://www.foundationmedicine.com.sg.uat-fmi.preprod.opengarden.kinepolis.fr [400] [GET] [text/html] [Invalid URL] [AkamaiGHost] [60f31e93a54521f2f9acb70c6cbcfff1]
https://www.foundationmedicine.com.sg.uat-fmi.preprod.opengarden.kinepolis.fr [400] [GET] [text/html] [Invalid URL] [AkamaiGHost] [cd029174ae061842b4b809d1be3995cc]
https://www.google.com.googledocs.signin.verification.attachment.kinepolis.fr [400] [GET] [text/html] [Invalid URL] [AkamaiGHost] [28e1749a3d3608d6be0b45438a91c399]
https://www.google.com.googledocs.signin.verification.attachment.kinepolis.fr [400] [GET] [text/html] [Invalid URL] [AkamaiGHost] [debf42cd4a0cbe3d2b4c16375165b7b9]
https://www-infectionfree.kinepolis.fr [400] [GET] [text/html] [Invalid URL] [AkamaiGHost] [8f56e3395a477ce5f4fb400b19c12a7c]
https://www-infectionfree.kinepolis.fr [400] [GET] [text/html] [Invalid URL] [AkamaiGHost] [b0b1230e1d99e6764f158c7b53cb8d5b]
https://www-mask10.kinepolis.fr [400] [GET] [text/html] [Invalid URL] [AkamaiGHost] [b3a5331a708ea5408ed83fc4c307bfa5]
https://www-mask10.kinepolis.fr [400] [GET] [text/html] [Invalid URL] [AkamaiGHost] [bcabcab61f20496ea116474658890b10]
https://www.pressreader.com.indianapolis.libproxy.kinepolis.fr [400] [GET] [text/html] [Invalid URL] [AkamaiGHost] [6009052715d2cfbdfe83c6d129f7cfe2]
https://www.pressreader.com.indianapolis.libproxy.kinepolis.fr [400] [GET] [text/html] [Invalid URL] [AkamaiGHost] [f3a3dfe3e08fabe3cafecb2fb0c82510]
https://www.tandfonline.com.ezproxy.bibliothek.kinepolis.fr [400] [GET] [text/html] [Invalid URL] [AkamaiGHost] [2812681ca44072eb8c5013f562e82408]
https://www.tandfonline.com.ezproxy.bibliothek.kinepolis.fr [400] [GET] [text/html] [Invalid URL] [AkamaiGHost] [421e6e6aea737db8c7055452d171be07]
https://wwwvirus0316.kinepolis.fr [400] [GET] [text/html] [Invalid URL] [AkamaiGHost] [21e18a1fb35e1ab9715e5ace9330df61]
https://wwwvirus0316.kinepolis.fr [400] [GET] [text/html] [Invalid URL] [AkamaiGHost] [e4c0194aeca3f988b974d91d545dce74]
https://wwww.kinepolis.fr [400] [GET] [text/html] [Invalid URL] [AkamaiGHost] [399b6a7291e11016dcd5e8c31bc0fcdd]
https://wwww.kinepolis.fr [400] [GET] [text/html] [Invalid URL] [AkamaiGHost] [a006fc375abd3ed9c1152eba8b9dde98]
https://www.wvv.paypal.com.cgi-bin-webapps.com.kinepolis.fr [400] [GET] [text/html] [Invalid URL] [AkamaiGHost] [57d6abf2a3d6a49a52cd27afd8b968d8]
https://www.wvv.paypal.com.cgi-bin-webapps.com.kinepolis.fr [400] [GET] [text/html] [Invalid URL] [AkamaiGHost] [751e72fc3f116d1da96dd3d5567e744f]
https://wwwwww.kinepolis.fr [400] [GET] [text/html] [Invalid URL] [AkamaiGHost] [0fa5da0dd8ead9209497d5456ad76823]
https://wwwwww.kinepolis.fr [400] [GET] [text/html] [Invalid URL] [AkamaiGHost] [94561478f07f566a3afa1a5fdf25070a]
https://xingjiyulechengguanfangwang.kinepolis.fr [400] [GET] [text/html] [Invalid URL] [AkamaiGHost] [76b88f965dde2c49373c291765753644]
https://xingjiyulechengguanfangwang.kinepolis.fr [400] [GET] [text/html] [Invalid URL] [AkamaiGHost] [c6b4e040e6c725e247bd1f9f84fb98a5]
