http://autodiscover.kinepolis.com [301] [GET] [] [] [Microsoft-IIS/10.0] [vhost] [IIS:10.0,Microsoft ASP.NET,Windows Server] [d41d8cd98f00b204e9800998ecf8427e]
http://partners.kinepolis.com:8080 [404] [GET] [application/json] [] [nginx] [Nginx] [8a80554c91d9fca8acb82f023de02f11]
http://r.kinepolis.com:81 [403] [GET] [text/html] [403 - Forbidden: Access is denied.] [Microsoft-IIS/7.5] [IIS:7.5,Microsoft ASP.NET,Windows Server] [11ca4578cb026a23713aea6781b8ece3]
https://api.kinepolis.com [403] [GET] [text/html] [403 Blocked] [AkamaiGHost] [vhost] [24e1368c800ce0395a33b7dac51f0fa0]
https://api.kinepolis.com [403] [GET] [text/html] [403 Blocked] [AkamaiGHost] [vhost] [aa15e044cfc1f1d6b5ec76b0125aea03]
https://atv.kinepolis.com [403] [GET] [text/html] [403 Blocked] [] [vhost] [bfcf1c54acb1fd48db0de691f82baa19]
https://atv.kinepolis.com [403] [GET] [text/html] [403 Blocked] [] [vhost] [f214aa13a57afcfc7d3e939d16311df7]
https://be-fr-acc.kinepolis.com [401] [GET] [text/html] [403 Blocked] [] [vhost] [Basic] [60067399dafe1ae7ec558ebbc11bddec]
https://be-fr-acc.kinepolis.com [401] [GET] [text/html] [403 Blocked] [] [vhost] [Basic] [dc1e9f9df836a677517cc1dbbe099c1a]
https://be-fr-cdn.kinepolis.com [403] [GET] [text/html] [403 Blocked] [AkamaiGHost] [vhost] [20abc86e90cf78c23ca94e83550690ab]
https://be-fr-cdn.kinepolis.com [403] [GET] [text/html] [403 Blocked] [AkamaiGHost] [vhost] [407693a44e85b7b758d3a56153646adc]
https://be-fr-dev.kinepolis.com [401] [GET] [text/html] [403 Blocked] [] [vhost] [Basic] [7102856f2502d8cb750ceb332e55ec08]
https://be-fr-dev.kinepolis.com [401] [GET] [text/html] [403 Blocked] [] [vhost] [Basic] [76a1db73d9472c20b0d9920e460ef0d8]
https://be-nl-acc.kinepolis.com [401] [GET] [text/html] [403 Blocked] [] [vhost] [Basic] [450073535f2b30dba80852e9ab7e65ec]
https://be-nl-acc.kinepolis.com [401] [GET] [text/html] [403 Blocked] [] [vhost] [Basic] [e9d1dfa5183bb61fc4304519f7049542]
https://be-nl-cdn-acc.kinepolis.com [403] [GET] [text/html] [403 Blocked] [AkamaiGHost] [vhost] [75bb45356171134f03225837e659ddfa]
https://be-nl-cdn-acc.kinepolis.com [403] [GET] [text/html] [403 Blocked] [AkamaiGHost] [vhost] [7ec3589131d805327652432e4ce38ea6]
https://be-nl-cdn-dev.kinepolis.com [403] [GET] [text/html] [403 Blocked] [AkamaiGHost] [vhost] [586edfa903f9da8724b210c0653df80b]
https://be-nl-cdn-dev.kinepolis.com [403] [GET] [text/html] [403 Blocked] [AkamaiGHost] [vhost] [cd348492ab475578d81c1b90d64e135d]
https://be-nl-cdn.kinepolis.com [403] [GET] [text/html] [403 Blocked] [AkamaiGHost] [vhost] [12f864731ea5330326a2f88c19d4b886]
https://be-nl-cdn.kinepolis.com [403] [GET] [text/html] [403 Blocked] [AkamaiGHost] [vhost] [8bdf5214b4234cab03a928dd4841d73b]
https://be-nl-dev.kinepolis.com [401] [GET] [text/html] [403 Blocked] [] [vhost] [Basic] [0305d51c11213534b42c7676e9464fc2]
https://be-nl-dev.kinepolis.com [401] [GET] [text/html] [403 Blocked] [] [vhost] [Basic] [c178b61da387547876023d26ebfcd4b8]
https://cd1.kinepolis.com [400] [GET] [text/html] [Invalid URL] [AkamaiGHost] [61f458cd3f3319eaef4474487ba4b193]
https://cd1.kinepolis.com [400] [GET] [text/html] [Invalid URL] [AkamaiGHost] [892412e1b405a31aade4018414f1a867]
https://cd2.kinepolis.com [400] [GET] [text/html] [Invalid URL] [AkamaiGHost] [19a809a72441216bd162b0c97afa01dd]
https://cd2.kinepolis.com [400] [GET] [text/html] [Invalid URL] [AkamaiGHost] [f73853ea1253b005a530b7cbf5de5bb4]
https://cd3.kinepolis.com [400] [GET] [text/html] [Invalid URL] [AkamaiGHost] [88151f90149f0a198e6c36b70add2284]
https://cd3.kinepolis.com [400] [GET] [text/html] [Invalid URL] [AkamaiGHost] [9d66e312f6533df8df58e846249379f7]
https://cd4.kinepolis.com [400] [GET] [text/html] [Invalid URL] [AkamaiGHost] [de73ca606775c556dd0674d0cca7f8e3]
https://cd4.kinepolis.com [400] [GET] [text/html] [Invalid URL] [AkamaiGHost] [e2f8c2c0ba8385430d41dd47c331ea0e]
https://cdn-web-statics.kinepolis.com [403] [GET] [text/html] [403 Blocked] [AkamaiGHost] [vhost] [b2b88172284140f2ab1d90d6462c5553]
https://cdn-web-statics.kinepolis.com [403] [GET] [text/html] [403 Blocked] [AkamaiGHost] [vhost] [e9ee3628dbd1f4c45f79651f467df7ef]
https://ch-cdn.kinepolis.com [403] [GET] [text/html] [403 Blocked] [AkamaiGHost] [vhost] [64b7572bee20e1af0eec6c3b2a0f4ccd]
https://ch-cdn.kinepolis.com [403] [GET] [text/html] [403 Blocked] [AkamaiGHost] [vhost] [e7e7514c7fafdb70c400d37aa6c7535c]
https://com-cdn.kinepolis.com [403] [GET] [text/html] [403 Blocked] [AkamaiGHost] [vhost] [ae59f35e5991bdd0026d53d4f91d02fc]
https://com-cdn.kinepolis.com [403] [GET] [text/html] [403 Blocked] [AkamaiGHost] [vhost] [d52e70a53afc82e8854a755cf67c3394]
https://corporate.kinepolis.com [403] [GET] [text/html] [403 Blocked] [] [vhost] [6f5d6a4b7c268ed26bdbec219ef386cb]
https://corporate.kinepolis.com [403] [GET] [text/html] [403 Blocked] [] [vhost] [887962bd8d03cd3041867a2c8f503dbc]
https://customersupport.kinepolis.com [403] [GET] [text/html] [403 Blocked] [] [vhost] [61b8f2ada488433662ac652d9702dd92]
https://customersupport.kinepolis.com [403] [GET] [text/html] [403 Blocked] [] [vhost] [fc8a51ceb111244861746e7cdc54ae77]
https://enterpriseenrollment.kinepolis.com [302] [GET] [] [] [Microsoft-IIS/10.0] [azure] [IIS:10.0,Microsoft ASP.NET:4.0.30319,Windows Server] [d41d8cd98f00b204e9800998ecf8427e]
https://es-cdn-dev.kinepolis.com [403] [GET] [text/html] [403 Blocked] [AkamaiGHost] [vhost] [5361a03a274db21c7c3415c89733d26a]
https://es-cdn-dev.kinepolis.com [403] [GET] [text/html] [403 Blocked] [AkamaiGHost] [vhost] [94a4acafcb10fb4d5597f13e344a594f]
https://es-cdn.kinepolis.com [403] [GET] [text/html] [403 Blocked] [AkamaiGHost] [vhost] [9ac040be677a0c9b28ce1b9cc28939a2]
https://es-cdn.kinepolis.com [403] [GET] [text/html] [403 Blocked] [AkamaiGHost] [vhost] [fff6a91a61261977fae2f718edc953fc]
https://filmdepot.kinepolis.com [403] [GET] [text/html] [403 Blocked] [] [vhost] [d6e23040a46037e53a061038ca00f170]
https://filmdepot.kinepolis.com [403] [GET] [text/html] [403 Blocked] [] [vhost] [e02be5a55cceaaf603a3155613819acc]
https://fr-cdn.kinepolis.com [403] [GET] [text/html] [403 Blocked] [AkamaiGHost] [vhost] [91b5f1e89d423ab6e6e0cdb6b73b1a28]
https://fr-cdn.kinepolis.com [403] [GET] [text/html] [403 Blocked] [AkamaiGHost] [vhost] [976b9af996be20fbfdbf94f5007432c2]
https://full-cat-cdn.kinepolis.com [403] [GET] [text/html] [403 Blocked] [AkamaiGHost] [vhost] [77f2612b90f1a4e5b1f84eeca7abbf77]
https://full-cat-cdn.kinepolis.com [403] [GET] [text/html] [403 Blocked] [AkamaiGHost] [vhost] [97213761a124d20d1bd07b3c0593de2c]
https://full-es-cdn-dev.kinepolis.com [403] [GET] [text/html] [403 Blocked] [AkamaiGHost] [vhost] [57ebfdb169cd0ff782c9208933376fdb]
https://full-es-cdn-dev.kinepolis.com [403] [GET] [text/html] [403 Blocked] [AkamaiGHost] [vhost] [ce20a9f5eb5fee69ecd5864e84050d92]
https://full-es-cdn.kinepolis.com [403] [GET] [text/html] [403 Blocked] [AkamaiGHost] [vhost] [2343dc1d2ba7098845f9ecc04e6704d5]
https://full-es-cdn.kinepolis.com [403] [GET] [text/html] [403 Blocked] [AkamaiGHost] [vhost] [c331018bfad4f670e120a9e05484181e]
https://identityserver-acc.kinepolis.com [403] [GET] [text/html] [403 Blocked] [] [vhost] [5bf68d73234b2a9dd672d64c32cabf2a]
https://identityserver-acc.kinepolis.com [403] [GET] [text/html] [403 Blocked] [] [vhost] [cb23b343c6f1e2a1a22f07e7bbd78be4]
https://identityserver-int.kinepolis.com [403] [GET] [text/html] [403 Blocked] [] [vhost] [9763b8abde45c88dc333cda2153c30eb]
https://identityserver-int.kinepolis.com [403] [GET] [text/html] [403 Blocked] [] [vhost] [c6b923ce02edcd8270dfb82c12b24d95]
https://identityserver.kinepolis.com [200] [GET] [text/html] [Kinepolis Identity Server] [] [vhost] [Amazon S3,Amazon Web Services,Microsoft ASP.NET] [8645e297c20bd3ea14366623d936f6cb]
https://identityserver.kinepolis.com [403] [GET] [text/html] [403 Blocked] [] [vhost] [36718721e88d8398efa6382379e0eb2f]
https://investors.kinepolis.com [403] [GET] [text/html] [403 Blocked] [AkamaiGHost] [vhost] [00e2854774eeda8a91f341565bf008fa]
https://investors.kinepolis.com [403] [GET] [text/html] [403 Blocked] [AkamaiGHost] [vhost] [40f35474fe56c902473eae2f72d3a3f5]
https://jobs.kinepolis.com [500] [GET] [text/html] [Runtime Error] [Microsoft-IIS/8.5] [vhost] [IIS:8.5,Microsoft ASP.NET:4.0.30319,Windows Server] [504ae2e068b4f2f58f27804a5db9b9ba]
https://kbc.kinepolis.com [200] [GET] [text/html] [KineMobileTicketing] [Windows-Azure-Web/1.0 Microsoft-HTTPAPI/2.0] [vhost] [Azure,Azure Front Door,Microsoft HTTPAPI:2.0] [b59aedcc357f018e01df78126737d537]
https://kfd.kinepolis.com [200] [GET] [text/html] [Selligent Marketing Cloud - Ownership contact information] [] [d94d9c5f6ffe2dc6a0634a56dfb5b857]
https://kinepolis.com [403] [GET] [text/html] [403 Blocked] [] [vhost] [2c0546d4a05b5bef7a2bfeb60963aedc]
https://kinepolis.com [403] [GET] [text/html] [403 Blocked] [] [vhost] [9846c92004938fcbe987ea169f1cee23]
https://kl-acc.kinepolis.com [401] [GET] [text/html] [403 Blocked] [] [vhost] [Basic] [1e17189333c413339e7225ef04efeddc]
https://kl-acc.kinepolis.com [401] [GET] [text/html] [403 Blocked] [] [vhost] [Basic] [471c94f81456fb3ff98956f3ff951e6e]
https://kl-dev.kinepolis.com [401] [GET] [text/html] [403 Blocked] [] [vhost] [Basic] [2e7efa54bf58b06b703c566a07c1d5a1]
https://kl-dev.kinepolis.com [401] [GET] [text/html] [403 Blocked] [] [vhost] [Basic] [abd3bf01351d1dc7ee4ec823a97e49ce]
https://l.kinepolis.com [403] [GET] [text/html] [403 Blocked] [AkamaiGHost] [vhost] [5c8ad5a010fe7a733d47d8668ba9bbb5]
https://l.kinepolis.com [403] [GET] [text/html] [403 Blocked] [AkamaiGHost] [vhost] [87823141da772c53b8f51d4fb2a8e4cb]
https://lu-en-cdn.kinepolis.com [403] [GET] [text/html] [403 Blocked] [AkamaiGHost] [vhost] [0f132df32f83b09d785cfebc4fcf1882]
https://lu-en-cdn.kinepolis.com [403] [GET] [text/html] [403 Blocked] [AkamaiGHost] [vhost] [3f75cf4e7add8c95efcf0f22fb11ce6b]
https://lu-fr-cdn-dev.kinepolis.com [403] [GET] [text/html] [403 Blocked] [AkamaiGHost] [vhost] [08cc965bedca9fd6ae5775ac9eb5d3b0]
https://lu-fr-cdn-dev.kinepolis.com [403] [GET] [text/html] [403 Blocked] [AkamaiGHost] [vhost] [71be1cbf249d892cd5515205e9bad43a]
https://lu-fr-cdn.kinepolis.com [403] [GET] [text/html] [403 Blocked] [AkamaiGHost] [vhost] [664ca96d60e2c78a651ec77ffb06af4f]
https://lu-fr-cdn.kinepolis.com [403] [GET] [text/html] [403 Blocked] [AkamaiGHost] [vhost] [797306e5610e18e7d9771a1307f6240c]
https://lu-fr-dev.kinepolis.com [401] [GET] [text/html] [403 Blocked] [] [vhost] [Basic] [4e53b1dc470b27caa158554ccc5c30d6]
https://lu-fr-dev.kinepolis.com [401] [GET] [text/html] [403 Blocked] [] [vhost] [Basic] [c2b3442296a6d644cfd8494dac8cda38]
https://lyncdiscover.kinepolis.com [200] [GET] [application/json] [] [] [vhost] [Azure] [33834a4c51dc0e98bd9968c021849f46]
https://mail.kinepolis.com [200] [GET] [text/html] [Selligent Marketing Cloud - Ownership contact information] [] [d94d9c5f6ffe2dc6a0634a56dfb5b857]
https://meetmeserver.kinepolis.com [400] [GET] [text/html] [Invalid URL] [AkamaiGHost] [2fa6ed04485f111cac7c9f58275f093a]
https://meetmeserver.kinepolis.com [400] [GET] [text/html] [Invalid URL] [AkamaiGHost] [5e789fefbd27e5d1e487a4fd2f26e039]
https://msoid.kinepolis.com [302] [GET] [text/html] [Object moved] [] [vhost] [azure] [67dc47621d0dca9dc8d849ee26494c3b]
https://nl-cdn.kinepolis.com [403] [GET] [text/html] [403 Blocked] [AkamaiGHost] [vhost] [57d05022f1393429dfaf83cf66bbc5c1]
https://nl-cdn.kinepolis.com [403] [GET] [text/html] [403 Blocked] [AkamaiGHost] [vhost] [59be051cb7f091e1ea24277a8bed6077]
https://partners.kinepolis.com [400] [GET] [text/html] [ownCloud] [Apache] [vhost] [Apache] [0adc2d218f096a267f211555fdbd34b3]
https://partners.kinepolis.com [400] [GET] [text/html] [ownCloud] [Apache] [vhost] [Apache] [69aa291b42f04c1a9d3e5420042ca75d]
https://partners.kinepolis.com:8081 [404] [GET] [application/json] [] [nginx] [Nginx] [8a80554c91d9fca8acb82f023de02f11]
https://realestate.kinepolis.com [400] [GET] [text/html] [Invalid URL] [AkamaiGHost] [2c55e3ee453f79cd7dc9b48cbf29b5fa]
https://realestate.kinepolis.com [400] [GET] [text/html] [Invalid URL] [AkamaiGHost] [f88a9d47e15e7d011dd99a40d704c7f4]
https://r.kinepolis.com [403] [GET] [text/html] [403 - Forbidden: Access is denied.] [Microsoft-IIS/7.5] [IIS:7.5,Microsoft ASP.NET,Windows Server] [11ca4578cb026a23713aea6781b8ece3]
https://rvb.kinepolis.com [403] [GET] [text/html] [403 Blocked] [] [vhost] [63e41def3822dcc05ae55e4aa11e0021]
https://rvb.kinepolis.com [403] [GET] [text/html] [403 Blocked] [] [vhost] [f639ec10267125da8bc3bca672f27bc8]
https://shop.kinepolis.com [200] [GET] [text/html] [Selligent Marketing Cloud - Ownership contact information] [cloudflare] [vhost] [cloudflare] [Cloudflare] [d94d9c5f6ffe2dc6a0634a56dfb5b857]
https://ticket.kinepolis.com [200] [GET] [text/html] [Selligent Marketing Cloud - Ownership contact information] [] [d94d9c5f6ffe2dc6a0634a56dfb5b857]
https://training.kinepolis.com [302] [GET] [text/html] [] [Lucy] [vhost] [PHP] [d41d8cd98f00b204e9800998ecf8427e]
https://training.kinepolis.com:5001 [503] [GET] [text/html] [503 Service Unavailable] [Lucy] [a9748728514bcb1c8f8979178e9a5d9b]
https://wallet-acc.kinepolis.com [403] [GET] [text/html] [403 Blocked] [] [vhost] [8ef19629270926ad171c04b10e71670a]
https://wallet-acc.kinepolis.com [403] [GET] [text/html] [403 Blocked] [] [vhost] [ef742d8fa723d1ae2f9d4c43cb9e6fd0]
https://wallet.kinepolis.com [403] [GET] [text/html] [403 Blocked] [] [vhost] [4a0b9c72c8fc3be8032a4e6549c35489]
https://wallet.kinepolis.com [403] [GET] [text/html] [403 Blocked] [] [vhost] [fede0601e285000bb185cd8142b9bbe7]
https://webmail.kinepolis.com [403] [GET] [text/html] [403 Blocked] [AkamaiGHost] [vhost] [4e7dc1e191bd2532103d2ac8d6ea3bac]
https://webmail.kinepolis.com [403] [GET] [text/html] [403 Blocked] [AkamaiGHost] [vhost] [5278eac6a440ef6d5c1d8a7c7136ead7]
https://www.kinepolis.com [403] [GET] [text/html] [403 Blocked] [] [vhost] [38a814e928b57b099edbd054bcb917d6]
https://www.kinepolis.com [403] [GET] [text/html] [403 Blocked] [] [vhost] [57d0a78165f8dbc0e49fe9a9901a47a9]
