https://01.kinepolis.lu [400] [GET] [text/html] [Invalid URL] [AkamaiGHost] [41e697b341cdc935a75ea9bbf0967512]
https://01.kinepolis.lu [400] [GET] [text/html] [Invalid URL] [AkamaiGHost] [4486ac90a36babc2ea3ed8113b8810f6]
https://1www.kinepolis.lu [400] [GET] [text/html] [Invalid URL] [AkamaiGHost] [53af5a04dbfff507da963dbbf07314e6]
https://1www.kinepolis.lu [400] [GET] [text/html] [Invalid URL] [AkamaiGHost] [5d1e1a87433d73c418377745f0740e5e]
https://accesadistance.kinepolis.lu [400] [GET] [text/html] [Invalid URL] [AkamaiGHost] [07dd2a14c0a52be94884711d20c117ad]
https://accesadistance.kinepolis.lu [400] [GET] [text/html] [Invalid URL] [AkamaiGHost] [6a196617d91d7de01b994e6e7557b612]
https://ac.kinepolis.lu [400] [GET] [text/html] [Invalid URL] [AkamaiGHost] [51b9af9fb57a5ea5a30bbe9211a1819d]
https://ac.kinepolis.lu [400] [GET] [text/html] [Invalid URL] [AkamaiGHost] [9aae2494cd582b875c1fad23747b5ea8]
https://acp.kinepolis.lu [400] [GET] [text/html] [Invalid URL] [AkamaiGHost] [e292e26b861d1a1340b2342fb0f8a219]
https://acp.kinepolis.lu [400] [GET] [text/html] [Invalid URL] [AkamaiGHost] [fe83a642f1ab184d333bd859b396aef9]
https://administrator.kinepolis.lu [400] [GET] [text/html] [Invalid URL] [AkamaiGHost] [80731213d0c36bebc63be1cf02ef5970]
https://administrator.kinepolis.lu [400] [GET] [text/html] [Invalid URL] [AkamaiGHost] [e7e307a60dc485042bd68f0c2a05d6e6]
https://admin.kinepolis.lu [400] [GET] [text/html] [Invalid URL] [AkamaiGHost] [1a21170991301abb284ba966f4926908]
https://admin.kinepolis.lu [400] [GET] [text/html] [Invalid URL] [AkamaiGHost] [94fe60ae8eb4e615159c56ce68794d45]
http://saint-nicolas.kinepolis.lu:8080 [404] [GET] [application/json] [] [nginx] [Nginx] [8a80554c91d9fca8acb82f023de02f11]
https://a.kinepolis.lu [400] [GET] [text/html] [Invalid URL] [AkamaiGHost] [c5d264849b6bfc7120f298bf100958d7]
https://a.kinepolis.lu [400] [GET] [text/html] [Invalid URL] [AkamaiGHost] [f83e6cabb75b08cf6b476d9520c9589b]
https://analyticsshop.kinepolis.lu [400] [GET] [text/html] [Invalid URL] [AkamaiGHost] [7468d412341cfd4c1713fa19b5c89d6e]
https://analyticsshop.kinepolis.lu [400] [GET] [text/html] [Invalid URL] [AkamaiGHost] [cb80dc7fe0fdc057517d8240e2d85cc9]
https://api.kinepolis.lu [400] [GET] [text/html] [Invalid URL] [AkamaiGHost] [394d37079e5ec048d575e68e4313129e]
https://api.kinepolis.lu [400] [GET] [text/html] [Invalid URL] [AkamaiGHost] [41de7e0f08ee53a27db7dcbe13839024]
https://app.kinepolis.lu [200] [GET] [text/html] [Kinepolis | Selligent Sites] [] [vhost] [b2c7b758c4a53bf4d4522ead25b74678]
https://argonaytis-iphonegtape.kinepolis.lu [400] [GET] [text/html] [Invalid URL] [AkamaiGHost] [56cdde61b430ea4f726260bfdba00d3c]
https://argonaytis-iphonegtape.kinepolis.lu [400] [GET] [text/html] [Invalid URL] [AkamaiGHost] [f9642c6c6275543c59605803bde21eaf]
https://baidu.kinepolis.lu [400] [GET] [text/html] [Invalid URL] [AkamaiGHost] [9e4360dd28b0d41ee090fa83c31bb73b]
https://baidu.kinepolis.lu [400] [GET] [text/html] [Invalid URL] [AkamaiGHost] [e271894761596b7413971654b62c3315]
https://banorte.com.bancadigital.acceso24.banorte.gw1.cloud.profiles.kinepolis.lu [400] [GET] [text/html] [Invalid URL] [AkamaiGHost] [7972fb4e3d5571dd094f894e5d3a90b7]
https://banorte.com.bancadigital.acceso24.banorte.gw1.cloud.profiles.kinepolis.lu [400] [GET] [text/html] [Invalid URL] [AkamaiGHost] [a8c7c4ff31d65a4befb9ba1d398f35da]
https://bip.kinepolis.lu [400] [GET] [text/html] [Invalid URL] [AkamaiGHost] [115126c22817812151120a0e8524ed63]
https://bip.kinepolis.lu [400] [GET] [text/html] [Invalid URL] [AkamaiGHost] [75774a7c56c682e2740c7b85cf6bf223]
https://blog.kinepolis.lu [400] [GET] [text/html] [Invalid URL] [AkamaiGHost] [7ac055b16fec60c64286b8e32b44bd58]
https://blog.kinepolis.lu [400] [GET] [text/html] [Invalid URL] [AkamaiGHost] [83173569d94e1f83b92acca58aca7447]
https://blogs.kinepolis.lu [400] [GET] [text/html] [Invalid URL] [AkamaiGHost] [32645da824d212f6f4e3921be20c6713]
https://blogs.kinepolis.lu [400] [GET] [text/html] [Invalid URL] [AkamaiGHost] [3f4bd7b5c30df35afc1169d1f36ba758]
https://bookmarks.kinepolis.lu [400] [GET] [text/html] [Invalid URL] [AkamaiGHost] [6a4e0313337f93605e02e72018558607]
https://bookmarks.kinepolis.lu [400] [GET] [text/html] [Invalid URL] [AkamaiGHost] [6ab3a3c15b61af1e5ebcbd7b1fe643b6]
https://business.kinepolis.lu [403] [GET] [text/html] [403 Blocked] [] [vhost] [6d2b3f384f70a6ac883a84b94a2f8795]
https://business.kinepolis.lu [403] [GET] [text/html] [403 Blocked] [] [vhost] [8d9cebae5bd1c8f014b2b2c1d5d6edde]
https://class.kinepolis.lu [400] [GET] [text/html] [Invalid URL] [AkamaiGHost] [2da43f3495263d8cfb2b81b1d2142f80]
https://class.kinepolis.lu [400] [GET] [text/html] [Invalid URL] [AkamaiGHost] [969410ebab100566f66fc78b51f57b67]
https://club.kinepolis.lu [400] [GET] [text/html] [Invalid URL] [AkamaiGHost] [314efe0809ad002d40470f41baf2807a]
https://club.kinepolis.lu [400] [GET] [text/html] [Invalid URL] [AkamaiGHost] [679b87528176d0af511e96aabe831582]
https://cn.kinepolis.lu [400] [GET] [text/html] [Invalid URL] [AkamaiGHost] [40cabf2b4b9e6b662416203199a9225b]
https://cn.kinepolis.lu [400] [GET] [text/html] [Invalid URL] [AkamaiGHost] [fa1a9465e908b9d23e48f2f33a4b2580]
https://com.kinepolis.lu [400] [GET] [text/html] [Invalid URL] [AkamaiGHost] [833ef877ae2b9b7de86f4d70d5f592a8]
https://com.kinepolis.lu [400] [GET] [text/html] [Invalid URL] [AkamaiGHost] [9352b57e73911c3bcc7df51bcc6577da]
https://comune.kinepolis.lu [400] [GET] [text/html] [Invalid URL] [AkamaiGHost] [c86e4694f524d8b5455d422b3a0332c2]
https://comune.kinepolis.lu [400] [GET] [text/html] [Invalid URL] [AkamaiGHost] [dc4f29df1d6e4c1c48c3722008220999]
https://corp.kinepolis.lu [400] [GET] [text/html] [Invalid URL] [AkamaiGHost] [351e514f26845415ad689b22e962c17c]
https://corp.kinepolis.lu [400] [GET] [text/html] [Invalid URL] [AkamaiGHost] [d72f755ed1042704bd0768702855f83d]
https://covir1997.kinepolis.lu [400] [GET] [text/html] [Invalid URL] [AkamaiGHost] [478094434fdb689c8a4165999145bb7c]
https://covir1997.kinepolis.lu [400] [GET] [text/html] [Invalid URL] [AkamaiGHost] [ee68065977d5bea9e41127b0827736d8]
https://coviran.kinepolis.lu [400] [GET] [text/html] [Invalid URL] [AkamaiGHost] [08475b31e2a422c00f03e312bfe32882]
https://coviran.kinepolis.lu [400] [GET] [text/html] [Invalid URL] [AkamaiGHost] [b741655706b9716a72809ca765c77bc8]
https://cpanel.ib.boreas.kunlun.alibaba-inc.com.w.kinepolis.lu [400] [GET] [text/html] [Invalid URL] [AkamaiGHost] [c4b0cc5acf646c0f3d10f776adbb9699]
https://cpanel.ib.boreas.kunlun.alibaba-inc.com.w.kinepolis.lu [400] [GET] [text/html] [Invalid URL] [AkamaiGHost] [fd22db400ded84b74217c8a716915133]
https://cs.kinepolis.lu [400] [GET] [text/html] [Invalid URL] [AkamaiGHost] [4a3561cbea31d160ac90252ac0b955dc]
https://cs.kinepolis.lu [400] [GET] [text/html] [Invalid URL] [AkamaiGHost] [4a4c3c614694ba5c7a42cadc72a2a408]
https://dev.business.kinepolis.lu [403] [GET] [text/html] [403 Blocked] [] [vhost] [02396235251026dba61325e6a0d6c62c]
https://dev.business.kinepolis.lu [403] [GET] [text/html] [403 Blocked] [] [vhost] [47f09fa3a6dc5ef58c21418411c20e1d]
https://dev.kinepolis.lu [400] [GET] [text/html] [Invalid URL] [AkamaiGHost] [142a8eb281d1094f57b1790cbbafd5fb]
https://dev.kinepolis.lu [400] [GET] [text/html] [Invalid URL] [AkamaiGHost] [e7f47fdf5a0cd7226486f764cdf78b95]
https://digilander.kinepolis.lu [400] [GET] [text/html] [Invalid URL] [AkamaiGHost] [a704fd6f9d3a53a4296f2d455def31f3]
https://digilander.kinepolis.lu [400] [GET] [text/html] [Invalid URL] [AkamaiGHost] [e711cb4550b6f74a35d9c13e9da1a522]
https://diskmaskinen.kinepolis.lu [400] [GET] [text/html] [Invalid URL] [AkamaiGHost] [6d4fd88ba1c6845302f0b7f207d596b0]
https://diskmaskinen.kinepolis.lu [400] [GET] [text/html] [Invalid URL] [AkamaiGHost] [c25b5ceb1417f0f8b5774772c389c30c]
https://distancelearn.kinepolis.lu [400] [GET] [text/html] [Invalid URL] [AkamaiGHost] [0dd2bf65685151f036db2a77c35975a6]
https://distancelearn.kinepolis.lu [400] [GET] [text/html] [Invalid URL] [AkamaiGHost] [e4fbceee432c03e701e1c27de537196c]
https://distancepl.kinepolis.lu [400] [GET] [text/html] [Invalid URL] [AkamaiGHost] [8a961332db4cd62301c3951d3fede8ba]
https://distancepl.kinepolis.lu [400] [GET] [text/html] [Invalid URL] [AkamaiGHost] [e98120ebf2fe6a07430d9f42555a2cc6]
https://distancesdiscreet.kinepolis.lu [400] [GET] [text/html] [Invalid URL] [AkamaiGHost] [2c3bf37ea951c83a44ab34a8832c5e0c]
https://distancesdiscreet.kinepolis.lu [400] [GET] [text/html] [Invalid URL] [AkamaiGHost] [cdc84912b58df3649d129aeecff1b60e]
https://distributormasker.kinepolis.lu [400] [GET] [text/html] [Invalid URL] [AkamaiGHost] [9bb3b0ca581d154ccafd5149eeb4d8b0]
https://distributormasker.kinepolis.lu [400] [GET] [text/html] [Invalid URL] [AkamaiGHost] [a6c1ad94364d21d52b14c7c347af6f61]
https://emeaquarantine.kinepolis.lu [400] [GET] [text/html] [Invalid URL] [AkamaiGHost] [633d9305bfae434353d6898d659f7898]
https://emeaquarantine.kinepolis.lu [400] [GET] [text/html] [Invalid URL] [AkamaiGHost] [8371f3980d0e3d0ca7373a68b4bad22d]
https://en.kinepolis.lu [400] [GET] [text/html] [Invalid URL] [AkamaiGHost] [c63a394411ebdfdbef200e366f359197]
https://en.kinepolis.lu [400] [GET] [text/html] [Invalid URL] [AkamaiGHost] [f7abed3cb3d4ab216a61e4acfbc61114]
https://euabvspamquarantine.kinepolis.lu [400] [GET] [text/html] [Invalid URL] [AkamaiGHost] [7634a53c6492de9b90f631935a62ae7b]
https://euabvspamquarantine.kinepolis.lu [400] [GET] [text/html] [Invalid URL] [AkamaiGHost] [f6a707d88a1fc73c307e4f45c90b621f]
https://feeds.kinepolis.lu [400] [GET] [text/html] [Invalid URL] [AkamaiGHost] [93280d447a224810cabb0227cbd7fe4a]
https://feeds.kinepolis.lu [400] [GET] [text/html] [Invalid URL] [AkamaiGHost] [ab4c9e239ff625e712cdbbaa9a3b1020]
https://ferrero.kinepolis.lu [403] [GET] [text/html] [Access Denied] [] [vhost] [091ec713e2fcd79ef25b6a838052d585]
https://ferrero.kinepolis.lu [403] [GET] [text/html] [Access Denied] [] [vhost] [98b76bba6e51d44f871a0a395410bde8]
https://ff.kinepolis.lu [400] [GET] [text/html] [Invalid URL] [AkamaiGHost] [2f633b97bc9e848c9353294306443ad2]
https://ff.kinepolis.lu [400] [GET] [text/html] [Invalid URL] [AkamaiGHost] [8f0b38506535bed60fda1da3c04fe7de]
https://file.kinepolis.lu [400] [GET] [text/html] [Invalid URL] [AkamaiGHost] [10e6cefa4d597886dbbca684e408435d]
https://file.kinepolis.lu [400] [GET] [text/html] [Invalid URL] [AkamaiGHost] [3dcdb6fa4e3b2ce9bcac18730afa4c1a]
https://forum.kinepolis.lu [400] [GET] [text/html] [Invalid URL] [AkamaiGHost] [3a64abf884140638b07e7702c8b10761]
https://forum.kinepolis.lu [400] [GET] [text/html] [Invalid URL] [AkamaiGHost] [cc04b1e6643e1f23c73e5a0a05b77c83]
https://forums.kinepolis.lu [400] [GET] [text/html] [Invalid URL] [AkamaiGHost] [21eb42a01eb3b13eb46a94d772500036]
https://forums.kinepolis.lu [400] [GET] [text/html] [Invalid URL] [AkamaiGHost] [cdc04bfe6e894c9cedd0b4b096654483]
https://fr.kinepolis.lu [400] [GET] [text/html] [Invalid URL] [AkamaiGHost] [62507118ab03832a372859160e514afc]
https://fr.kinepolis.lu [400] [GET] [text/html] [Invalid URL] [AkamaiGHost] [fbf2d8290d42275964ed1e317cf1cdfd]
https://games.kinepolis.lu [400] [GET] [text/html] [Invalid URL] [AkamaiGHost] [b61676856b701e128456cfee65999d0f]
https://games.kinepolis.lu [400] [GET] [text/html] [Invalid URL] [AkamaiGHost] [ce7b0118e1de6fdaca861d69fd608866]
https://geoinfection.kinepolis.lu [400] [GET] [text/html] [Invalid URL] [AkamaiGHost] [443dc31acef0eb335a823728d120483c]
https://geoinfection.kinepolis.lu [400] [GET] [text/html] [Invalid URL] [AkamaiGHost] [f12706344e5ccfe337edd588d47f8292]
https://goingthedistance.kinepolis.lu [400] [GET] [text/html] [Invalid URL] [AkamaiGHost] [06f69dae3d61ac8ea32bbb354470db5c]
https://goingthedistance.kinepolis.lu [400] [GET] [text/html] [Invalid URL] [AkamaiGHost] [915f5a100c7338a2696536b03f5da656]
https://grc2go.kinepolis.lu [400] [GET] [text/html] [Invalid URL] [AkamaiGHost] [a44927e4da920b794027672682710c4d]
https://grc2go.kinepolis.lu [400] [GET] [text/html] [Invalid URL] [AkamaiGHost] [e007db393b9b4edd98597255302865ff]
https://groups.kinepolis.lu [400] [GET] [text/html] [Invalid URL] [AkamaiGHost] [6d6d9588b6b20cef9f0077fcab360afe]
https://groups.kinepolis.lu [400] [GET] [text/html] [Invalid URL] [AkamaiGHost] [ea8d4b35d66e7806b22e35fd8d5f13e6]
https://h2.kinepolis.lu [400] [GET] [text/html] [Invalid URL] [AkamaiGHost] [026dca61929083663149d3118e51ce0e]
https://h2.kinepolis.lu [400] [GET] [text/html] [Invalid URL] [AkamaiGHost] [eb73b7c9f99fe28a3947f51836fcc752]
https://h3.kinepolis.lu [400] [GET] [text/html] [Invalid URL] [AkamaiGHost] [bbc2c51d5d660c7c5198d5f947838ce7]
https://h3.kinepolis.lu [400] [GET] [text/html] [Invalid URL] [AkamaiGHost] [e1cd91de540722838ff74667c1ab79ca]
https://h4.kinepolis.lu [400] [GET] [text/html] [Invalid URL] [AkamaiGHost] [91e5eceb3cd46259c678301e112a8cc9]
https://h4.kinepolis.lu [400] [GET] [text/html] [Invalid URL] [AkamaiGHost] [9561a78fafd2ac4db036ba2fa5891128]
https://h6.kinepolis.lu [400] [GET] [text/html] [Invalid URL] [AkamaiGHost] [4d6028cc098a5569fd2abd53b7734806]
https://h6.kinepolis.lu [400] [GET] [text/html] [Invalid URL] [AkamaiGHost] [9dc44089f73a02d6eb6bc639a04d8878]
https://h7.kinepolis.lu [400] [GET] [text/html] [Invalid URL] [AkamaiGHost] [8ba50f5d885958047f089d680894e383]
https://h7.kinepolis.lu [400] [GET] [text/html] [Invalid URL] [AkamaiGHost] [dc48d68620e962430267aad1404a4719]
https://heart-surgery-ntm-infection-injury.kinepolis.lu [400] [GET] [text/html] [Invalid URL] [AkamaiGHost] [01ea5137a355cd16f5ae8e1bff214179]
https://heart-surgery-ntm-infection-injury.kinepolis.lu [400] [GET] [text/html] [Invalid URL] [AkamaiGHost] [4e3b4f14664a93f617c34a22902f551d]
https://heliamask.kinepolis.lu [400] [GET] [text/html] [Invalid URL] [AkamaiGHost] [3c30f64959e1e0e0fac23cad4eb24c50]
https://heliamask.kinepolis.lu [400] [GET] [text/html] [Invalid URL] [AkamaiGHost] [9820a0db9d7cfc61394ca13d7c2d6404]
https://help.kinepolis.lu [400] [GET] [text/html] [Invalid URL] [AkamaiGHost] [7e53fb7a323c12c8b5ab191690070233]
https://help.kinepolis.lu [400] [GET] [text/html] [Invalid URL] [AkamaiGHost] [b2e98ab5a9a1fa787a7eb34b35ede8ee]
https://hh.kinepolis.lu [400] [GET] [text/html] [Invalid URL] [AkamaiGHost] [3b0b99ee64f3aa0b0cc6450e9f92a3ca]
https://hh.kinepolis.lu [400] [GET] [text/html] [Invalid URL] [AkamaiGHost] [7424305c7e2d2134692753bc8e82aa8a]
https://home.kinepolis.lu [400] [GET] [text/html] [Invalid URL] [AkamaiGHost] [514d7755fb40057e558a350a801a4414]
https://home.kinepolis.lu [400] [GET] [text/html] [Invalid URL] [AkamaiGHost] [d6cdf2926ad26748d119d6a500920bea]
https://homepage1.kinepolis.lu [400] [GET] [text/html] [Invalid URL] [AkamaiGHost] [14e8b2f26c61d24398deb9526f1c74e0]
https://homepage1.kinepolis.lu [400] [GET] [text/html] [Invalid URL] [AkamaiGHost] [6be0247c74affb1041355d7f0d319b75]
https://homepage2.kinepolis.lu [400] [GET] [text/html] [Invalid URL] [AkamaiGHost] [2c9c0b3d004f3fe5e2d28a841e268428]
https://homepage2.kinepolis.lu [400] [GET] [text/html] [Invalid URL] [AkamaiGHost] [ad6798afad4fc25b3e4b1219891cccb5]
https://homepage3.kinepolis.lu [400] [GET] [text/html] [Invalid URL] [AkamaiGHost] [5e6d927c30d6838c94b55e661fbc601a]
https://homepage3.kinepolis.lu [400] [GET] [text/html] [Invalid URL] [AkamaiGHost] [d764186501f0d6aa0edbeea1212a5614]
https://homepage.kinepolis.lu [400] [GET] [text/html] [Invalid URL] [AkamaiGHost] [2bac9053d045d374f8ec156db04b4760]
https://homepage.kinepolis.lu [400] [GET] [text/html] [Invalid URL] [AkamaiGHost] [d2e337b61289889abc0aa62425ec0bfd]
http://shop-dev.kinepolis.lu:8080 [404] [GET] [application/json] [] [nginx] [Nginx] [8a80554c91d9fca8acb82f023de02f11]
https://host.kinepolis.lu [400] [GET] [text/html] [Invalid URL] [AkamaiGHost] [019eb63229e116c7db7da274067f6d3f]
https://host.kinepolis.lu [400] [GET] [text/html] [Invalid URL] [AkamaiGHost] [78d91773712d1708d6c85df1174c0d80]
https://iimahd.kinepolis.lu [400] [GET] [text/html] [Invalid URL] [AkamaiGHost] [7538ba294a0ea2b7f2de0dc11482e4e7]
https://iimahd.kinepolis.lu [400] [GET] [text/html] [Invalid URL] [AkamaiGHost] [8cc9d2c8c3fbce76832402c87b03ad85]
https://info.kinepolis.lu [400] [GET] [text/html] [Invalid URL] [AkamaiGHost] [89a47f127d6106fc9ccd1183c7e89694]
https://info.kinepolis.lu [400] [GET] [text/html] [Invalid URL] [AkamaiGHost] [e3e60032e9e2dadf56ba41e63a0bd1db]
https://infolab.kinepolis.lu [400] [GET] [text/html] [Invalid URL] [AkamaiGHost] [550f19b7275101f96daa8b41a9876fcc]
https://infolab.kinepolis.lu [400] [GET] [text/html] [Invalid URL] [AkamaiGHost] [d27cd5ec61c905dfcf72a42859462610]
https://informatik.kinepolis.lu [400] [GET] [text/html] [Invalid URL] [AkamaiGHost] [254e27488bd3cce561e3c8d5e8efe1f2]
https://informatik.kinepolis.lu [400] [GET] [text/html] [Invalid URL] [AkamaiGHost] [8e4a36d28471ed015c39e64ffbb47725]
https://inst.kinepolis.lu [400] [GET] [text/html] [Invalid URL] [AkamaiGHost] [905ecbfa887f77d701738bf52d2258e9]
https://inst.kinepolis.lu [400] [GET] [text/html] [Invalid URL] [AkamaiGHost] [f84818d5a599a6c27f6622ffcf45d65c]
https://ion9.roslin.www.youtube.collabwww.people.com.cn.kinepolis.lu [400] [GET] [text/html] [Invalid URL] [AkamaiGHost] [1c7795f2e50dd9ac25feea71cdad23d8]
https://ion9.roslin.www.youtube.collabwww.people.com.cn.kinepolis.lu [400] [GET] [text/html] [Invalid URL] [AkamaiGHost] [4a71d2b13e5190c92e5380e0db3b280e]
https://jmask.kinepolis.lu [400] [GET] [text/html] [Invalid URL] [AkamaiGHost] [03869c8e8f6cb5a37d1e25a2679310bc]
https://jmask.kinepolis.lu [400] [GET] [text/html] [Invalid URL] [AkamaiGHost] [8483d93e8847d97401a44d78661e0163]
https://k2.kinepolis.lu [400] [GET] [text/html] [Invalid URL] [AkamaiGHost] [39cd5472a22beba67e4b4c8e491743ea]
https://k2.kinepolis.lu [400] [GET] [text/html] [Invalid URL] [AkamaiGHost] [d885cfdd80347a38882eb7f4f46b974e]
https://k3.kinepolis.lu [400] [GET] [text/html] [Invalid URL] [AkamaiGHost] [01016e125fd4cc0495f1b4e25ead6a9f]
https://k3.kinepolis.lu [400] [GET] [text/html] [Invalid URL] [AkamaiGHost] [f3590c3870ddce4414c57b444dd146ed]
https://k4.kinepolis.lu [400] [GET] [text/html] [Invalid URL] [AkamaiGHost] [a7c2c192a3608fb3fef9243f8a38dec5]
https://k4.kinepolis.lu [400] [GET] [text/html] [Invalid URL] [AkamaiGHost] [efe00841a8038b788aa56e0b873e099a]
https://k5.kinepolis.lu [400] [GET] [text/html] [Invalid URL] [AkamaiGHost] [0d455c043ad0cb63677df926aefdd48f]
https://k5.kinepolis.lu [400] [GET] [text/html] [Invalid URL] [AkamaiGHost] [795112b71cc8efc57884c0018171982c]
https://kabokimask.kinepolis.lu [400] [GET] [text/html] [Invalid URL] [AkamaiGHost] [da6349dd9b581a3d27bd31150ef44395]
https://kabokimask.kinepolis.lu [400] [GET] [text/html] [Invalid URL] [AkamaiGHost] [ee788965c08f84929b2ff1328da3e575]
https://kaffemaskiner.kinepolis.lu [400] [GET] [text/html] [Invalid URL] [AkamaiGHost] [102e195657bcddae3757a1046737faac]
https://kaffemaskiner.kinepolis.lu [400] [GET] [text/html] [Invalid URL] [AkamaiGHost] [6beca43ab574df6165acd0d899e2089b]
https://kinepolis.lu [403] [GET] [text/html] [403 Blocked] [AkamaiGHost] [vhost] [2b9ac6fb197e5f2634efce2eb6f08600]
https://kinepolis.lu [403] [GET] [text/html] [403 Blocked] [AkamaiGHost] [vhost] [a943e5a0fa7e144a2e51c3b4dcb2c986]
https://kk.kinepolis.lu [400] [GET] [text/html] [Invalid URL] [AkamaiGHost] [21fa235fc968a3f2185264d36662d30f]
https://kk.kinepolis.lu [400] [GET] [text/html] [Invalid URL] [AkamaiGHost] [2f9378cc183fc2a11683d66e74c35b37]
https://koronalakopark.kinepolis.lu [400] [GET] [text/html] [Invalid URL] [AkamaiGHost] [b71069ac3860de9c2d3df4ea84616393]
https://koronalakopark.kinepolis.lu [400] [GET] [text/html] [Invalid URL] [AkamaiGHost] [fb46ba92d6a1e6ce6e079b476f65a32b]
https://korona-residence.kinepolis.lu [400] [GET] [text/html] [Invalid URL] [AkamaiGHost] [1c9ed0347af829b1aeb537e64c5eef45]
https://korona-residence.kinepolis.lu [400] [GET] [text/html] [Invalid URL] [AkamaiGHost] [64005692e30fcd9c855a2be2f241b694]
https://ksvirus.kinepolis.lu [400] [GET] [text/html] [Invalid URL] [AkamaiGHost] [c97a97cf5b6feb5c5f1ec79f2c177bed]
https://ksvirus.kinepolis.lu [400] [GET] [text/html] [Invalid URL] [AkamaiGHost] [d864f9f477286f35bc9c88bdf15a5d18]
https://ku1720.kinepolis.lu [400] [GET] [text/html] [Invalid URL] [AkamaiGHost] [6044e845bb0cc9c0f30df481c8168218]
https://ku1720.kinepolis.lu [400] [GET] [text/html] [Invalid URL] [AkamaiGHost] [91a3e93f773a3950e94b36b4cf43b3f4]
https://kunstimuuseum.kinepolis.lu [400] [GET] [text/html] [Invalid URL] [AkamaiGHost] [6a0765fab9368537d7bb72fb5d8eb11e]
https://kunstimuuseum.kinepolis.lu [400] [GET] [text/html] [Invalid URL] [AkamaiGHost] [fcf334c9b64151b1e4a0ebae8c8896f2]
https://lesvirus.kinepolis.lu [400] [GET] [text/html] [Invalid URL] [AkamaiGHost] [27d5eca0dbd5f08f69137b302a443754]
https://lesvirus.kinepolis.lu [400] [GET] [text/html] [Invalid URL] [AkamaiGHost] [5f4f9e930ee0c2c0b3216aaf9d9ec95d]
https://local.kinepolis.lu [400] [GET] [text/html] [Invalid URL] [AkamaiGHost] [1d5c43a1299b88f650358e55e1877eee]
https://local.kinepolis.lu [400] [GET] [text/html] [Invalid URL] [AkamaiGHost] [4ff0298478708d6e42a0bd6aa7119356]
https://lockdown.kinepolis.lu [400] [GET] [text/html] [Invalid URL] [AkamaiGHost] [23b0b0b0895b5506eb4884d4dc105532]
https://lockdown.kinepolis.lu [400] [GET] [text/html] [Invalid URL] [AkamaiGHost] [ce72788066f3cbce4013c3090caba71d]
https://lockdownteam.kinepolis.lu [400] [GET] [text/html] [Invalid URL] [AkamaiGHost] [3a3752a5555d80f7f59a5e5a8a21afad]
https://lockdownteam.kinepolis.lu [400] [GET] [text/html] [Invalid URL] [AkamaiGHost] [654c4413e22aa415f05dfcebb37eaa8d]
https://mail.kinepolis.lu [400] [GET] [text/html] [Invalid URL] [AkamaiGHost] [38b8959adb7f2498e15d6e5832f29f17]
https://mail.kinepolis.lu [400] [GET] [text/html] [Invalid URL] [AkamaiGHost] [a10a3bbecbe809b55f2de260a40f6954]
https://manager.kinepolis.lu [400] [GET] [text/html] [Invalid URL] [AkamaiGHost] [25c55cd0880fd479bb8e846e9fdb965f]
https://manager.kinepolis.lu [400] [GET] [text/html] [Invalid URL] [AkamaiGHost] [7e80a3770de81899e6dba790222887b9]
https://mascaras.kinepolis.lu [400] [GET] [text/html] [Invalid URL] [AkamaiGHost] [786ee8593df7f2115d6e7d99e7b3c43d]
https://mascaras.kinepolis.lu [400] [GET] [text/html] [Invalid URL] [AkamaiGHost] [c95c0aa2ddc91f646e8bea8e9d28eb58]
https://maschera.kinepolis.lu [400] [GET] [text/html] [Invalid URL] [AkamaiGHost] [0be7d856ccc99e49e4514412bdf4ab42]
https://maschera.kinepolis.lu [400] [GET] [text/html] [Invalid URL] [AkamaiGHost] [1c33251ec03705056adaeb7434ff55e1]
https://mask10.kinepolis.lu [400] [GET] [text/html] [Invalid URL] [AkamaiGHost] [e4c8860ceba2ca5732bc3c02ea048b79]
https://mask10.kinepolis.lu [400] [GET] [text/html] [Invalid URL] [AkamaiGHost] [ef2c8c404fddce39f0738c846fd9e3c2]
https://mask12.kinepolis.lu [400] [GET] [text/html] [Invalid URL] [AkamaiGHost] [d445c1786eaea3069de439773821a141]
https://mask12.kinepolis.lu [400] [GET] [text/html] [Invalid URL] [AkamaiGHost] [fa163cdcc32f59ecde03eca2d3617395]
https://mask8.kinepolis.lu [400] [GET] [text/html] [Invalid URL] [AkamaiGHost] [5db523e61f2a9c70359d4c88158bf2e4]
https://mask8.kinepolis.lu [400] [GET] [text/html] [Invalid URL] [AkamaiGHost] [faa4bdb95f32c6f30acda0ae51295d65]
https://mask9.kinepolis.lu [400] [GET] [text/html] [Invalid URL] [AkamaiGHost] [1e9428d22546c419b9d351abad0323b2]
https://mask9.kinepolis.lu [400] [GET] [text/html] [Invalid URL] [AkamaiGHost] [c828d6af8f138ef8d22aae44bb604578]
https://maskable.kinepolis.lu [400] [GET] [text/html] [Invalid URL] [AkamaiGHost] [127cce526db27690d50c487cfadc375f]
https://maskable.kinepolis.lu [400] [GET] [text/html] [Invalid URL] [AkamaiGHost] [5c0613c9f398affd5297df4d2a774786]
https://maska.kinepolis.lu [400] [GET] [text/html] [Invalid URL] [AkamaiGHost] [154a7440e4a2951d6d423eab8e7efee7]
https://maska.kinepolis.lu [400] [GET] [text/html] [Invalid URL] [AkamaiGHost] [23a3e453521ee2775501cb118131ea45]
https://maskarad.kinepolis.lu [400] [GET] [text/html] [Invalid URL] [AkamaiGHost] [2abb49f196c19769928f196bf4f99513]
https://maskarad.kinepolis.lu [400] [GET] [text/html] [Invalid URL] [AkamaiGHost] [4de36d26eed5d40626c3b41f54cacf0e]
https://maskell.kinepolis.lu [400] [GET] [text/html] [Invalid URL] [AkamaiGHost] [80ae8187b7ab1bc8b9a0be768298516b]
https://maskell.kinepolis.lu [400] [GET] [text/html] [Invalid URL] [AkamaiGHost] [8e509fb685053c7baf9c24dbfbef4752]
https://maskerchlorina.kinepolis.lu [400] [GET] [text/html] [Invalid URL] [AkamaiGHost] [789d6683092548b656d2555e56fe158d]
https://maskerchlorina.kinepolis.lu [400] [GET] [text/html] [Invalid URL] [AkamaiGHost] [f3dffad57cd11e8ba4db351185d9e7a4]
https://maskerspirulinagq.kinepolis.lu [400] [GET] [text/html] [Invalid URL] [AkamaiGHost] [1ccd86706eddeb2022af9f2610d9e14a]
https://maskerspirulinagq.kinepolis.lu [400] [GET] [text/html] [Invalid URL] [AkamaiGHost] [ac78beea0db686da79e902d8fd267e0e]
https://maskindg.kinepolis.lu [400] [GET] [text/html] [Invalid URL] [AkamaiGHost] [1e2e1eca031c61418cb1810f64c5e609]
https://maskindg.kinepolis.lu [400] [GET] [text/html] [Invalid URL] [AkamaiGHost] [c5cb3e6db09216d0e1994a775d8f4789]
https://maskiner.kinepolis.lu [400] [GET] [text/html] [Invalid URL] [AkamaiGHost] [7f398f1faab0378725a6fd25309ea1bd]
https://maskiner.kinepolis.lu [400] [GET] [text/html] [Invalid URL] [AkamaiGHost] [dd8f64bd7a290f4d02902088f9e8fca4]
https://maskingtape.kinepolis.lu [400] [GET] [text/html] [Invalid URL] [AkamaiGHost] [03b12c93b328b895a36c61d49be8fde5]
https://maskingtape.kinepolis.lu [400] [GET] [text/html] [Invalid URL] [AkamaiGHost] [dee87ce7472892f28a6fa270f90f18a3]
https://maskin.kinepolis.lu [400] [GET] [text/html] [Invalid URL] [AkamaiGHost] [51a5fb11f51ce29cdc699181dcc88e9f]
https://maskin.kinepolis.lu [400] [GET] [text/html] [Invalid URL] [AkamaiGHost] [9e6168d9484ed51fd3b45e8b454eab13]
https://maskottchen.kinepolis.lu [400] [GET] [text/html] [Invalid URL] [AkamaiGHost] [1c320dba4e3a6641af1d7341e0bbdd76]
https://maskottchen.kinepolis.lu [400] [GET] [text/html] [Invalid URL] [AkamaiGHost] [f4b9fd46e3aaea8116d329f19452e4ee]
https://masks.kinepolis.lu [400] [GET] [text/html] [Invalid URL] [AkamaiGHost] [046c89076d733b8745b316b5b543be08]
https://masks.kinepolis.lu [400] [GET] [text/html] [Invalid URL] [AkamaiGHost] [33b78e01f4efbecdf1814b35491ce835]
https://math.kinepolis.lu [400] [GET] [text/html] [Invalid URL] [AkamaiGHost] [1a8530053e03591a3e33cf88bcbd9f16]
https://math.kinepolis.lu [400] [GET] [text/html] [Invalid URL] [AkamaiGHost] [6bf8b6d7ca9f2c900ef05c948ba4f8bb]
https://maven.kinepolis.lu [400] [GET] [text/html] [Invalid URL] [AkamaiGHost] [010cbffbac1af5c579e4dadb99cd27bc]
https://maven.kinepolis.lu [400] [GET] [text/html] [Invalid URL] [AkamaiGHost] [bda88d628daeaf06994f97065f380fb9]
https://members.kinepolis.lu [400] [GET] [text/html] [Invalid URL] [AkamaiGHost] [7f27a75f3a218d6cdf2badb0bb234407]
https://members.kinepolis.lu [400] [GET] [text/html] [Invalid URL] [AkamaiGHost] [d93ea4b4ad339d643b2f241f545b4d5a]
https://mpk.kinepolis.lu [400] [GET] [text/html] [Invalid URL] [AkamaiGHost] [af2cba7c058286ed1456cca8de7fb651]
https://mpk.kinepolis.lu [400] [GET] [text/html] [Invalid URL] [AkamaiGHost] [bd621b76328f98aa2a8c2866fa449bdd]
https://music.kinepolis.lu [400] [GET] [text/html] [Invalid URL] [AkamaiGHost] [b1f5ede15098cb5fe24b4716f283d42a]
https://music.kinepolis.lu [400] [GET] [text/html] [Invalid URL] [AkamaiGHost] [cd4fc078dc99ac9d4e5d387565030ecd]
https://mvn.kinepolis.lu [400] [GET] [text/html] [Invalid URL] [AkamaiGHost] [2b91a64067e530d417fad7598d71054b]
https://mvn.kinepolis.lu [400] [GET] [text/html] [Invalid URL] [AkamaiGHost] [8baf3c7471311f260cd0ad4c27b3a2ef]
https://myhome.kinepolis.lu [400] [GET] [text/html] [Invalid URL] [AkamaiGHost] [ab6c2a3024d1c858cbb4ae827c6d0727]
https://myhome.kinepolis.lu [400] [GET] [text/html] [Invalid URL] [AkamaiGHost] [be1e29ab60564d954e159f50fffa1569]
https://my.kinepolis.lu [400] [GET] [text/html] [Invalid URL] [AkamaiGHost] [349f667d9c4fe08c24f350ffc78485b2]
https://my.kinepolis.lu [400] [GET] [text/html] [Invalid URL] [AkamaiGHost] [97930c093a337a44a04c46ff4de95dc7]
https://new.kinepolis.lu [400] [GET] [text/html] [Invalid URL] [AkamaiGHost] [930c92722852af5dfe71b8926458ca96]
https://new.kinepolis.lu [400] [GET] [text/html] [Invalid URL] [AkamaiGHost] [b920249ceae1363a0905c07ef84aee6a]
https://news.kinepolis.lu [400] [GET] [text/html] [Invalid URL] [AkamaiGHost] [2d4a37e90169ed36439898399af23855]
https://news.kinepolis.lu [400] [GET] [text/html] [Invalid URL] [AkamaiGHost] [b315868f118a3fc032f7aa76da7136a5]
https://newvirus.kinepolis.lu [400] [GET] [text/html] [Invalid URL] [AkamaiGHost] [32f4a04ca19c88c89d6e695e3faf2ddc]
https://newvirus.kinepolis.lu [400] [GET] [text/html] [Invalid URL] [AkamaiGHost] [7133c3949bd1f1e6802c132dc863544b]
https://nn.kinepolis.lu [400] [GET] [text/html] [Invalid URL] [AkamaiGHost] [1de1c94e28fd664f6b722968edccaca8]
https://nn.kinepolis.lu [400] [GET] [text/html] [Invalid URL] [AkamaiGHost] [97979ba96ac87ccd31af0eb42bf4df9f]
https://nosemask.kinepolis.lu [400] [GET] [text/html] [Invalid URL] [AkamaiGHost] [aed43bf6650afd75112a838fdbe4a403]
https://nosemask.kinepolis.lu [400] [GET] [text/html] [Invalid URL] [AkamaiGHost] [bd198befbccc189bc14b496526196c03]
https://obatkankermulutrahim.kinepolis.lu [400] [GET] [text/html] [Invalid URL] [AkamaiGHost] [3287281245632888c8b9eb9437b53f69]
https://obatkankermulutrahim.kinepolis.lu [400] [GET] [text/html] [Invalid URL] [AkamaiGHost] [8dfafc15a35954bfade1f35fa92289f5]
https://opafstand.kinepolis.lu [400] [GET] [text/html] [Invalid URL] [AkamaiGHost] [42b0fe24aae19f5641a1d4b91502d4d3]
https://opafstand.kinepolis.lu [400] [GET] [text/html] [Invalid URL] [AkamaiGHost] [c77f6cd88b0cbc933eaf55dd6bb8acb3]
https://open-heart-lung-ntm-infection-settlement.kinepolis.lu [400] [GET] [text/html] [Invalid URL] [AkamaiGHost] [20ec70e6a1143a14e5c772d4456cea03]
https://open-heart-lung-ntm-infection-settlement.kinepolis.lu [400] [GET] [text/html] [Invalid URL] [AkamaiGHost] [794f55719c0cef352fb39e277be5aaa1]
https://ops.kinepolis.lu [400] [GET] [text/html] [Invalid URL] [AkamaiGHost] [7a557acd5339ba3d7cc17b37db9c7983]
https://ops.kinepolis.lu [400] [GET] [text/html] [Invalid URL] [AkamaiGHost] [ea8fa1d1a1e5a9e029ca88e81a50bbc1]
https://order.kinepolis.lu [400] [GET] [text/html] [Invalid URL] [AkamaiGHost] [9fcc27c9da2e039b818633a11f1f5a73]
https://order.kinepolis.lu [400] [GET] [text/html] [Invalid URL] [AkamaiGHost] [dff9582f9377d4f1aa848b0169ce2ccf]
https://pandemicflu.kinepolis.lu [400] [GET] [text/html] [Invalid URL] [AkamaiGHost] [548bcddfeedc680b53643054f391f817]
https://pandemicflu.kinepolis.lu [400] [GET] [text/html] [Invalid URL] [AkamaiGHost] [734cba0e3ece7315892fb3da47a6415a]
https://passport.kinepolis.lu [400] [GET] [text/html] [Invalid URL] [AkamaiGHost] [40aea7c7958c8b2716866ca5befab547]
https://passport.kinepolis.lu [400] [GET] [text/html] [Invalid URL] [AkamaiGHost] [f78d5f4021f77e13769f1d0aea1450be]
https://pay.kinepolis.lu [400] [GET] [text/html] [Invalid URL] [AkamaiGHost] [3d85634512bb6888da5a404d46342af6]
https://pay.kinepolis.lu [400] [GET] [text/html] [Invalid URL] [AkamaiGHost] [c6c314a03b7a61bd2a5e26719e7402bc]
https://people.kinepolis.lu [400] [GET] [text/html] [Invalid URL] [AkamaiGHost] [0d2340913e91accbb68a6a44288ab2c2]
https://people.kinepolis.lu [400] [GET] [text/html] [Invalid URL] [AkamaiGHost] [1454ef951a3952302a9eb58c44441300]
https://prive.kinepolis.lu [403] [GET] [text/html] [Access Denied] [] [vhost] [0c42b2b6b07be0f7274773b4657632f0]
https://prive.kinepolis.lu [403] [GET] [text/html] [Access Denied] [] [vhost] [d4108322f2a2551aff03852de6cfcd4c]
https://privetickets.kinepolis.lu [403] [GET] [text/html] [Access Denied] [] [vhost] [30bdb85cf3fe8b920db9f5d848811a0c]
https://privetickets.kinepolis.lu [403] [GET] [text/html] [Access Denied] [] [vhost] [dec0e89d8e97a987ab3b963420872e38]
https://prof.kinepolis.lu [400] [GET] [text/html] [Invalid URL] [AkamaiGHost] [576806f6eca2cd4a9e6c0bf89f7dabe6]
https://prof.kinepolis.lu [400] [GET] [text/html] [Invalid URL] [AkamaiGHost] [d73cbcff732f10f9bd7a78f99efcbbd9]
https://provincia.kinepolis.lu [400] [GET] [text/html] [Invalid URL] [AkamaiGHost] [6df6c77e42b07f1cb5ad02d54075a40d]
https://provincia.kinepolis.lu [400] [GET] [text/html] [Invalid URL] [AkamaiGHost] [a329393723ead6eb7c8f4d8f48ef24ce]
https://pup.kinepolis.lu [400] [GET] [text/html] [Invalid URL] [AkamaiGHost] [555d0d3ce5c4bdf5ebb938803b536ef7]
https://pup.kinepolis.lu [400] [GET] [text/html] [Invalid URL] [AkamaiGHost] [d1f95e910ba942f4d737b176eec98204]
https://quarantine1.kinepolis.lu [400] [GET] [text/html] [Invalid URL] [AkamaiGHost] [1a08219c214241850501e91b295c4f0e]
https://quarantine1.kinepolis.lu [400] [GET] [text/html] [Invalid URL] [AkamaiGHost] [3bee6bcd481bc4ebd70cd854a8b6a2e6]
https://quarantine51.kinepolis.lu [400] [GET] [text/html] [Invalid URL] [AkamaiGHost] [4593914c12437d8a63b793d06aa9c565]
https://quarantine51.kinepolis.lu [400] [GET] [text/html] [Invalid URL] [AkamaiGHost] [5705ee65df3a8c6aa98d52e794965828]
https://quarantine-a.kinepolis.lu [400] [GET] [text/html] [Invalid URL] [AkamaiGHost] [74d131c88eaccb00b17277bc8e50cec2]
https://quarantine-a.kinepolis.lu [400] [GET] [text/html] [Invalid URL] [AkamaiGHost] [80238ca8197f7cf955bd6e6665d0216b]
https://regione.kinepolis.lu [400] [GET] [text/html] [Invalid URL] [AkamaiGHost] [6a39844f9cea4b0b4af9922a03bfd84a]
https://regione.kinepolis.lu [400] [GET] [text/html] [Invalid URL] [AkamaiGHost] [972355b865a4d988e865de9068311e98]
https://respiratorysystem.kinepolis.lu [400] [GET] [text/html] [Invalid URL] [AkamaiGHost] [32cf29da31ba93135fa9dc67d188541f]
https://respiratorysystem.kinepolis.lu [400] [GET] [text/html] [Invalid URL] [AkamaiGHost] [3701635b91ea1d7b9a010d1b161dee44]
https://resume.kinepolis.lu [400] [GET] [text/html] [Invalid URL] [AkamaiGHost] [1dac6b8979d6641309ecd1ebea62a6d4]
https://resume.kinepolis.lu [400] [GET] [text/html] [Invalid URL] [AkamaiGHost] [eaa14e48b54931665c34eed80a038fa7]
https://riccardocoronati.kinepolis.lu [400] [GET] [text/html] [Invalid URL] [AkamaiGHost] [bce580d9e961526ffcc6999e67ab02eb]
https://riccardocoronati.kinepolis.lu [400] [GET] [text/html] [Invalid URL] [AkamaiGHost] [debb455a6a9510fcb4c893a33f7a033c]
https://rootsweb.kinepolis.lu [400] [GET] [text/html] [Invalid URL] [AkamaiGHost] [467352730f0ee3fff480bac63917cdc3]
https://rootsweb.kinepolis.lu [400] [GET] [text/html] [Invalid URL] [AkamaiGHost] [83f22a7f549f2c3edc48d774b2618df9]
https://saint-nicolas.kinepolis.lu [200] [GET] [text/html] [Kinepolis St Nicolas – Vivez une St. Nicolas magique] [Apache] [vhost] [Apache,MySQL,PHP,WordPress:5.4.10] [9f01e52150a55503b7098d525ca67edd]
https://saint-nicolas.kinepolis.lu:8081 [404] [GET] [application/json] [] [nginx] [Nginx] [8a80554c91d9fca8acb82f023de02f11]
https://search.kinepolis.lu [400] [GET] [text/html] [Invalid URL] [AkamaiGHost] [1f741551edf09b1d162f8bf2062f9f6f]
https://search.kinepolis.lu [400] [GET] [text/html] [Invalid URL] [AkamaiGHost] [bdbd7167fe83213601931320b9bc0ee3]
https://secure.kinepolis.lu [400] [GET] [text/html] [Invalid URL] [AkamaiGHost] [101a5b85433e0996f3cb6d741f586158]
https://secure.kinepolis.lu [400] [GET] [text/html] [Invalid URL] [AkamaiGHost] [12f6279758b746bb36db321193cd3d0c]
https://server1.kinepolis.lu [400] [GET] [text/html] [Invalid URL] [AkamaiGHost] [a07a6b4aa4c0023bc25cd93904eeef3c]
https://server1.kinepolis.lu [400] [GET] [text/html] [Invalid URL] [AkamaiGHost] [da9a261f1621a2734d9c34db5b95b905]
https://server.kinepolis.lu [400] [GET] [text/html] [Invalid URL] [AkamaiGHost] [cdf776143d297bf4b1cdd2be9aec04b7]
https://server.kinepolis.lu [400] [GET] [text/html] [Invalid URL] [AkamaiGHost] [f87b0f9c6d0773e9c5bbd444763c80be]
https://severnaya-korona.kinepolis.lu [400] [GET] [text/html] [Invalid URL] [AkamaiGHost] [b3c2a062753838c3a8bc9ea5eb209b20]
https://severnaya-korona.kinepolis.lu [400] [GET] [text/html] [Invalid URL] [AkamaiGHost] [de35f4118fb29afffab81f45245b6695]
https://shop-dev.kinepolis.lu [401] [GET] [text/html] [401 Unauthorized] [Apache] [vhost] [Apache,Basic] [118a489422be0c5ca0cecf3bb7903c7e]
https://shop-dev.kinepolis.lu:8081 [404] [GET] [application/json] [] [nginx] [Nginx] [8a80554c91d9fca8acb82f023de02f11]
https://shop-devprod.kinepolis.lu [400] [GET] [text/html] [Invalid URL] [AkamaiGHost] [8de17cedf524f486dec63e4887f38872]
https://shop-devprod.kinepolis.lu [400] [GET] [text/html] [Invalid URL] [AkamaiGHost] [d50b3d554a143562ef4bc6aaa52152ea]
https://shop.kinepolis.lu [403] [GET] [text/html] [403 Blocked] [] [vhost] [4c80bbc1f0b76dbb411ad62e54c7f707]
https://shop.kinepolis.lu [403] [GET] [text/html] [403 Blocked] [] [vhost] [50b31fdc31ac76e23259963f857e9880]
https://shop-nicolas.kinepolis.lu [400] [GET] [text/html] [Invalid URL] [AkamaiGHost] [ae8fe5420b0f1859df5f88445386d020]
https://shop-nicolas.kinepolis.lu [400] [GET] [text/html] [Invalid URL] [AkamaiGHost] [ea4ca5fb2daf6cf1bbfb6a738b12f1b2]
https://sites.kinepolis.lu [400] [GET] [text/html] [Invalid URL] [AkamaiGHost] [1ff9b5917827fe2c347e0b73f9fb9dbb]
https://sites.kinepolis.lu [400] [GET] [text/html] [Invalid URL] [AkamaiGHost] [bb0002e86433a4d27263925db9f89630]
https://sixxvirus.kinepolis.lu [400] [GET] [text/html] [Invalid URL] [AkamaiGHost] [0eb06c7fd58ad6de4db7daf9b2d970e4]
https://sixxvirus.kinepolis.lu [400] [GET] [text/html] [Invalid URL] [AkamaiGHost] [687d5e2d5aaf1782911d2fe49633b112]
https://skolajovandamaskin.kinepolis.lu [400] [GET] [text/html] [Invalid URL] [AkamaiGHost] [73dbb7243a29bb4da083be8a5fb81100]
https://skolajovandamaskin.kinepolis.lu [400] [GET] [text/html] [Invalid URL] [AkamaiGHost] [89fcf27ab97bbdfc70ff57c3d7914cc7]
https://slovari.kinepolis.lu [400] [GET] [text/html] [Invalid URL] [AkamaiGHost] [57ecf31358b77daa6b76f72a897c490b]
https://slovari.kinepolis.lu [400] [GET] [text/html] [Invalid URL] [AkamaiGHost] [7a36920d541d4c764287e45863d5b8f8]
https://ss.kinepolis.lu [400] [GET] [text/html] [Invalid URL] [AkamaiGHost] [24c1289a745a7e2175333e1585c45ff8]
https://ss.kinepolis.lu [400] [GET] [text/html] [Invalid URL] [AkamaiGHost] [99deb3636ced6904a023ad589735d39c]
https://stage-prive.kinepolis.lu [403] [GET] [text/html] [Access Denied] [] [vhost] [96534b684833936f081338986d2ceaa7]
https://stage-prive.kinepolis.lu [403] [GET] [text/html] [Access Denied] [] [vhost] [d832fb8afe7755d03a8510176e4fc144]
https://stage-privetickets.kinepolis.lu [403] [GET] [text/html] [Access Denied] [] [vhost] [3465647e9bf610771414142f2f0da807]
https://stage-privetickets.kinepolis.lu [403] [GET] [text/html] [Access Denied] [] [vhost] [689e0fc84e1ed7cf1a8e4f1ab1c15803]
https://staging.kinepolis.lu [400] [GET] [text/html] [Invalid URL] [AkamaiGHost] [1820a07a0f1c7193f3ddc19305e2568f]
https://staging.kinepolis.lu [400] [GET] [text/html] [Invalid URL] [AkamaiGHost] [e8d3d9cf13c639c3ff9dca9b65804391]
https://support.kinepolis.lu [400] [GET] [text/html] [Invalid URL] [AkamaiGHost] [2bb482ec4c1dd5f28fabd03fac866033]
https://support.kinepolis.lu [400] [GET] [text/html] [Invalid URL] [AkamaiGHost] [904c790f4c56ff4c65821970421769cc]
https://symposium.kinepolis.lu [400] [GET] [text/html] [Invalid URL] [AkamaiGHost] [31cc135501e3a990d80e39a62a5454a3]
https://symposium.kinepolis.lu [400] [GET] [text/html] [Invalid URL] [AkamaiGHost] [5b6231d4900fd9dffe35165167705963]
https://thomaskonrad.kinepolis.lu [400] [GET] [text/html] [Invalid URL] [AkamaiGHost] [414a8525b5f17ce4631b1ff7de778bd5]
https://thomaskonrad.kinepolis.lu [400] [GET] [text/html] [Invalid URL] [AkamaiGHost] [5dc4069b45b7da69f59cc9931939ec55]
https://tickets.kinepolis.lu [403] [GET] [text/html] [Access Denied] [] [vhost] [48fe50945729e1106dd526c19cb1d526]
https://tickets.kinepolis.lu [403] [GET] [text/html] [Access Denied] [] [vhost] [6cb002bc7f5476883c6705d0fa09d49f]
https://top100.kinepolis.lu [400] [GET] [text/html] [Invalid URL] [AkamaiGHost] [03afb08d6e044346a118e2f51f121509]
https://top100.kinepolis.lu [400] [GET] [text/html] [Invalid URL] [AkamaiGHost] [c6c566c747445e376ce9a329227f4c06]
https://tribunale.kinepolis.lu [400] [GET] [text/html] [Invalid URL] [AkamaiGHost] [2c433849932dd3cc9a79b9a002f9d04e]
https://tribunale.kinepolis.lu [400] [GET] [text/html] [Invalid URL] [AkamaiGHost] [c2499acd118aba3345a646da4333c82c]
https://uni.kinepolis.lu [400] [GET] [text/html] [Invalid URL] [AkamaiGHost] [0d096c00d95bd1d2a8af5690ae8388f6]
https://uni.kinepolis.lu [400] [GET] [text/html] [Invalid URL] [AkamaiGHost] [e1d0e239cfd048a5fb0d50b65f00035b]
https://union.kinepolis.lu [400] [GET] [text/html] [Invalid URL] [AkamaiGHost] [241aa382c046d37edfe6d50abdb8e65f]
https://union.kinepolis.lu [400] [GET] [text/html] [Invalid URL] [AkamaiGHost] [d5e4e54b8b241afb41f46462d8d0f6eb]
https://univ.kinepolis.lu [400] [GET] [text/html] [Invalid URL] [AkamaiGHost] [6ea26d4f62abbe3b43eb71cbcd7be6da]
https://univ.kinepolis.lu [400] [GET] [text/html] [Invalid URL] [AkamaiGHost] [d29483dc9eb1d36cfe8d6df267669042]
https://uppstartsmaskinen.kinepolis.lu [400] [GET] [text/html] [Invalid URL] [AkamaiGHost] [0844c37e09dc259286ee14698d963c5a]
https://uppstartsmaskinen.kinepolis.lu [400] [GET] [text/html] [Invalid URL] [AkamaiGHost] [a3e961ab056afd81565d69b60c8b2e34]
https://user.kinepolis.lu [400] [GET] [text/html] [Invalid URL] [AkamaiGHost] [64ebf0051ec30dc7fe4119f22ca0de45]
https://user.kinepolis.lu [400] [GET] [text/html] [Invalid URL] [AkamaiGHost] [b48dc65f2bbabba702d05a2090a86f94]
https://users.kinepolis.lu [400] [GET] [text/html] [Invalid URL] [AkamaiGHost] [4be7cb598ed68b090e05b5cc3e06eeb9]
https://users.kinepolis.lu [400] [GET] [text/html] [Invalid URL] [AkamaiGHost] [5941206658acdb78c2ba9f2d1536bd41]
https://utazzmaskepp.kinepolis.lu [400] [GET] [text/html] [Invalid URL] [AkamaiGHost] [012225640b3762de5ed93116f6d593e6]
https://utazzmaskepp.kinepolis.lu [400] [GET] [text/html] [Invalid URL] [AkamaiGHost] [d91a7d3650c4fec00e8d98c7584f4aa8]
https://vaccinetracker.kinepolis.lu [400] [GET] [text/html] [Invalid URL] [AkamaiGHost] [7dc62e5d905951953963c4c236beae95]
https://vaccinetracker.kinepolis.lu [400] [GET] [text/html] [Invalid URL] [AkamaiGHost] [b7b40ebe8dfa2f27a18bd463cf3b5bcc]
https://varnish.kinepolis.lu [400] [GET] [text/html] [Invalid URL] [AkamaiGHost] [2387be88837c985757bf3986d448fd11]
https://varnish.kinepolis.lu [400] [GET] [text/html] [Invalid URL] [AkamaiGHost] [95d6dbc64908780c032012d49308f27f]
https://virusscan.kinepolis.lu [400] [GET] [text/html] [Invalid URL] [AkamaiGHost] [5574cc8c73cf15ccc7d4ecd4aba53020]
https://virusscan.kinepolis.lu [400] [GET] [text/html] [Invalid URL] [AkamaiGHost] [fa9bf0ea5e322239065bce2ed3232195]
https://walkingmask.kinepolis.lu [400] [GET] [text/html] [Invalid URL] [AkamaiGHost] [8c7cf2838118bbd1e9861289b5fde8a1]
https://walkingmask.kinepolis.lu [400] [GET] [text/html] [Invalid URL] [AkamaiGHost] [c07f8f66f9834e447bafdc224ceda79c]
https://wallet-acc.kinepolis.lu [403] [GET] [text/html] [403 Blocked] [] [vhost] [940f8c7abe5c2f2ab1deb4222b979e6b]
https://wallet-acc.kinepolis.lu [403] [GET] [text/html] [403 Blocked] [] [vhost] [d526f025bbd54ed73942e38024ae4c74]
https://wallet.kinepolis.lu [403] [GET] [text/html] [403 Blocked] [] [vhost] [06572ef1b90a8acbb01ee5942c109826]
https://wallet.kinepolis.lu [403] [GET] [text/html] [403 Blocked] [] [vhost] [26ff0d412979038defd583163868eb63]
https://web.kinepolis.lu [400] [GET] [text/html] [Invalid URL] [AkamaiGHost] [283e42f97c13ceef813184063dddc545]
https://web.kinepolis.lu [400] [GET] [text/html] [Invalid URL] [AkamaiGHost] [442a69c69b11e1473e983e2adfe7a4d0]
https://webmail.kinepolis.lu [400] [GET] [text/html] [Invalid URL] [AkamaiGHost] [463da4f842eae2b7ccb2e5ce36c345bd]
https://webmail.kinepolis.lu [400] [GET] [text/html] [Invalid URL] [AkamaiGHost] [cf995d976aca06dbc807c74f49711be6]
https://wenku.kinepolis.lu [400] [GET] [text/html] [Invalid URL] [AkamaiGHost] [147986d4bfa24c714dde913132badce4]
https://wenku.kinepolis.lu [400] [GET] [text/html] [Invalid URL] [AkamaiGHost] [c585b2cdae232d0a144060a5fa4728fc]
https://ww5.kinepolis.lu [400] [GET] [text/html] [Invalid URL] [AkamaiGHost] [8f053ded9fd9ec37d4794f2c1eb066b5]
https://ww5.kinepolis.lu [400] [GET] [text/html] [Invalid URL] [AkamaiGHost] [deb2c0e36b90feb92ba7272c132892dd]
https://www2s.kinepolis.lu [400] [GET] [text/html] [Invalid URL] [AkamaiGHost] [2e59b40462cb40767e57bd4d476e1f6c]
https://www2s.kinepolis.lu [400] [GET] [text/html] [Invalid URL] [AkamaiGHost] [6aa909ac5298803fd3bc23a3d36c1365]
https://www2u.kinepolis.lu [400] [GET] [text/html] [Invalid URL] [AkamaiGHost] [08c7e95058d2d2b1e0a2870c1eeb7a8a]
https://www2u.kinepolis.lu [400] [GET] [text/html] [Invalid URL] [AkamaiGHost] [14be36a43aed4af971c78b4b94ffd4ab]
https://www4b.kinepolis.lu [400] [GET] [text/html] [Invalid URL] [AkamaiGHost] [21e50a4f334f020fa26f7f23c605e03c]
https://www4b.kinepolis.lu [400] [GET] [text/html] [Invalid URL] [AkamaiGHost] [c3707349bdaa6a81d68087f3d048763f]
https://www5a.kinepolis.lu [400] [GET] [text/html] [Invalid URL] [AkamaiGHost] [2b226d315399540c2f6bc37b0ad9f211]
https://www5a.kinepolis.lu [400] [GET] [text/html] [Invalid URL] [AkamaiGHost] [3aebe6d498da0f49e7f9f765a432f568]
https://www5b.kinepolis.lu [400] [GET] [text/html] [Invalid URL] [AkamaiGHost] [5edeb65feb522d2d27637f74427ca11b]
https://www5b.kinepolis.lu [400] [GET] [text/html] [Invalid URL] [AkamaiGHost] [937f23d7f6d36ba941b12f86201a1d1b]
https://www5c.kinepolis.lu [400] [GET] [text/html] [Invalid URL] [AkamaiGHost] [dd94a6ac0ad2321560360144338ecc6b]
https://www5c.kinepolis.lu [400] [GET] [text/html] [Invalid URL] [AkamaiGHost] [f72ad286e694824e8f78b0093f32357e]
https://www5d.kinepolis.lu [400] [GET] [text/html] [Invalid URL] [AkamaiGHost] [ca80e04d1e079dcf448ca8238aefbe29]
https://www5d.kinepolis.lu [400] [GET] [text/html] [Invalid URL] [AkamaiGHost] [f30660c93f6dd8e21e5885d2e72fbe64]
https://www5f.kinepolis.lu [400] [GET] [text/html] [Invalid URL] [AkamaiGHost] [027da73a9b631f637b9d0fcaa6107093]
https://www5f.kinepolis.lu [400] [GET] [text/html] [Invalid URL] [AkamaiGHost] [7a813297e908ce871d2718d3022700c5]
https://www7a.kinepolis.lu [400] [GET] [text/html] [Invalid URL] [AkamaiGHost] [d40cf33e604330403f2d556b61187fec]
https://www7a.kinepolis.lu [400] [GET] [text/html] [Invalid URL] [AkamaiGHost] [daecf706c08561eebbb910bf750601fa]
https://www7b.kinepolis.lu [400] [GET] [text/html] [Invalid URL] [AkamaiGHost] [de63bcc7c93e86e49c1e4d264a2fd1f3]
https://www7b.kinepolis.lu [400] [GET] [text/html] [Invalid URL] [AkamaiGHost] [dec17dcd138535e916b40a1e4883aafe]
https://xroads.kinepolis.lu [400] [GET] [text/html] [Invalid URL] [AkamaiGHost] [476d6adfdae6975c4e24ccfe5754dca6]
https://xroads.kinepolis.lu [400] [GET] [text/html] [Invalid URL] [AkamaiGHost] [8c9ef32411dbc9f3933808fa72389985]
