http://autodiscover.kinepolis.ch [301] [GET] [] [] [Microsoft-IIS/10.0] [vhost] [IIS:10.0,Microsoft ASP.NET,Windows Server] [d41d8cd98f00b204e9800998ecf8427e]
https://10-9.kinepolis.ch [400] [GET] [text/html] [Invalid URL] [AkamaiGHost] [49f74b290fc68393a32996e55eaea015]
https://10-9.kinepolis.ch [400] [GET] [text/html] [Invalid URL] [AkamaiGHost] [c74372bbf6a4e18700a17dacaebf32de]
https://11.kinepolis.ch [400] [GET] [text/html] [Invalid URL] [AkamaiGHost] [d2c73d1735286aff6211eb3e4a4ccf3c]
https://11.kinepolis.ch [400] [GET] [text/html] [Invalid URL] [AkamaiGHost] [d6f9d13f9fb5291332351777800f5699]
https://19.kinepolis.ch [400] [GET] [text/html] [Invalid URL] [AkamaiGHost] [5a48658a234767dc4fec1628284f3191]
https://19.kinepolis.ch [400] [GET] [text/html] [Invalid URL] [AkamaiGHost] [b280342a7b23083b9a96e6b257b39513]
https://1www.kinepolis.ch [400] [GET] [text/html] [Invalid URL] [AkamaiGHost] [099560ffe165458463553bd2563122aa]
https://1www.kinepolis.ch [400] [GET] [text/html] [Invalid URL] [AkamaiGHost] [80df3e15880f9e108d146dc510795a85]
https://20.kinepolis.ch [400] [GET] [text/html] [Invalid URL] [AkamaiGHost] [0916012e73993cc4e5e1ef40b3579da9]
https://20.kinepolis.ch [400] [GET] [text/html] [Invalid URL] [AkamaiGHost] [cd1b539a5c9b841e8b1ff1860629a50f]
https://36.kinepolis.ch [400] [GET] [text/html] [Invalid URL] [AkamaiGHost] [492ce14ecbb43cfb62d7d0d7b67fbc7a]
https://36.kinepolis.ch [400] [GET] [text/html] [Invalid URL] [AkamaiGHost] [ba649309cb43683c75d338d2a4b9fc75]
https://6-232.kinepolis.ch [400] [GET] [text/html] [Invalid URL] [AkamaiGHost] [2cedde46f52cf7f3b7b7e712cd9725c7]
https://6-232.kinepolis.ch [400] [GET] [text/html] [Invalid URL] [AkamaiGHost] [b8cecb9df23b88e698f3307a4fd06c99]
https://96.kinepolis.ch [400] [GET] [text/html] [Invalid URL] [AkamaiGHost] [3cd932a86c2bb298957124990d147521]
https://96.kinepolis.ch [400] [GET] [text/html] [Invalid URL] [AkamaiGHost] [f80d4c0491f48d28dd90d364c11b88c4]
https://9.kinepolis.ch [400] [GET] [text/html] [Invalid URL] [AkamaiGHost] [1a0d8a9b242a29e5315c60a7fa7dc66b]
https://9.kinepolis.ch [400] [GET] [text/html] [Invalid URL] [AkamaiGHost] [608eae75586d9e6d014f815a04987ef8]
https://a1.kinepolis.ch [400] [GET] [text/html] [Invalid URL] [AkamaiGHost] [66c287a892bb431f46c42490a30719fe]
https://a1.kinepolis.ch [400] [GET] [text/html] [Invalid URL] [AkamaiGHost] [ad0ec359a135596412201c51729f11b2]
https://access.kinepolis.ch [400] [GET] [text/html] [Invalid URL] [AkamaiGHost] [324f2e64720c80b5f0346d7b5ee87549]
https://access.kinepolis.ch [400] [GET] [text/html] [Invalid URL] [AkamaiGHost] [e2b77c2df41af1537d3d441c32fcdc8e]
https://ac.kinepolis.ch [400] [GET] [text/html] [Invalid URL] [AkamaiGHost] [c6c3a293effd92a456a3fb2e52714d11]
https://ac.kinepolis.ch [400] [GET] [text/html] [Invalid URL] [AkamaiGHost] [d36a981e3e0bde9626aa92cda7959b3e]
https://acp.kinepolis.ch [400] [GET] [text/html] [Invalid URL] [AkamaiGHost] [1f713f4e8a1a9b96bdef303d195897da]
https://acp.kinepolis.ch [400] [GET] [text/html] [Invalid URL] [AkamaiGHost] [36a32c5676f0ebe6a81a11501e0bef56]
https://admin.kinepolis.ch [400] [GET] [text/html] [Invalid URL] [AkamaiGHost] [62149a9dbf158d16362fca78ea6e43f7]
https://admin.kinepolis.ch [400] [GET] [text/html] [Invalid URL] [AkamaiGHost] [ecdc8b2d7e2221e7a6ca370155408f62]
https://ae.kinepolis.ch [400] [GET] [text/html] [Invalid URL] [AkamaiGHost] [6720d8aa252e9b19b2c8eb7c01d8d167]
https://ae.kinepolis.ch [400] [GET] [text/html] [Invalid URL] [AkamaiGHost] [6a1f9172573c2adea209147ef2382f29]
https://af.myrioctx.kinepolis.ch [400] [GET] [text/html] [Invalid URL] [AkamaiGHost] [4ad48d0710c74844e7104ce8e9b22695]
https://af.myrioctx.kinepolis.ch [400] [GET] [text/html] [Invalid URL] [AkamaiGHost] [f15d3028fdd8ed4e1ab469b87bcb91b8]
https://agent.kinepolis.ch [400] [GET] [text/html] [Invalid URL] [AkamaiGHost] [31edb0594b00259473b0dc44dd419454]
https://agent.kinepolis.ch [400] [GET] [text/html] [Invalid URL] [AkamaiGHost] [823381d5325bc676f2aadb59a12b3cf2]
https://ai.kinepolis.ch [400] [GET] [text/html] [Invalid URL] [AkamaiGHost] [cbe6540a69b7fb41990912d0c86839fa]
https://ai.kinepolis.ch [400] [GET] [text/html] [Invalid URL] [AkamaiGHost] [d840dde4af9135d2dc6198c26f80cd54]
https://a.kinepolis.ch [400] [GET] [text/html] [Invalid URL] [AkamaiGHost] [2c9cda159f87822d8fa46dd853f4fcbe]
https://a.kinepolis.ch [400] [GET] [text/html] [Invalid URL] [AkamaiGHost] [6f57e24257baf4e5c6647d31d06747cd]
https://ak.kinepolis.ch [400] [GET] [text/html] [Invalid URL] [AkamaiGHost] [32a62e459af9a5f1180b41769e49e199]
https://ak.kinepolis.ch [400] [GET] [text/html] [Invalid URL] [AkamaiGHost] [5896824401d97eaba2ea093335e048b7]
https://apotonickrangqiuma.kinepolis.ch [400] [GET] [text/html] [Invalid URL] [AkamaiGHost] [41baf026505d266a30e636aa5b642537]
https://apotonickrangqiuma.kinepolis.ch [400] [GET] [text/html] [Invalid URL] [AkamaiGHost] [db5604a88dce5f86f22946c2e0e16910]
https://app.kinepolis.ch [200] [GET] [text/html] [Kinepolis | Selligent Sites] [] [vhost] [b2c7b758c4a53bf4d4522ead25b74678]
https://argentina.kinepolis.ch [400] [GET] [text/html] [Invalid URL] [AkamaiGHost] [4c659f5851ea2b8b37daf05050f31473]
https://argentina.kinepolis.ch [400] [GET] [text/html] [Invalid URL] [AkamaiGHost] [6ba27a9aa6f01963c54bf11d7d8b03b4]
https://autodiscoveroid.kinepolis.ch [400] [GET] [text/html] [Invalid URL] [AkamaiGHost] [72727b91fee2d2fc59394488039b019f]
https://autodiscoveroid.kinepolis.ch [400] [GET] [text/html] [Invalid URL] [AkamaiGHost] [e313fd31b191bd8a159a0439cb39dd4a]
https://b01.kinepolis.ch [400] [GET] [text/html] [Invalid URL] [AkamaiGHost] [8503b231373ee705ca13eb2c5c2636e2]
https://b01.kinepolis.ch [400] [GET] [text/html] [Invalid URL] [AkamaiGHost] [bd5f27e4af331344bffad2f5fb2fe857]
https://baidu.kinepolis.ch [400] [GET] [text/html] [Invalid URL] [AkamaiGHost] [52cc498013177ff794ac0e50877c8028]
https://baidu.kinepolis.ch [400] [GET] [text/html] [Invalid URL] [AkamaiGHost] [dd3ff597f440681b682a5081a11fe142]
https://banuba-live-selfie-filters-and-face-masks-camera.kinepolis.ch [400] [GET] [text/html] [Invalid URL] [AkamaiGHost] [98033bb9d8dab021b2581499b0d3ece4]
https://banuba-live-selfie-filters-and-face-masks-camera.kinepolis.ch [400] [GET] [text/html] [Invalid URL] [AkamaiGHost] [c064f6cddf6b20f0029b379a37d877c4]
https://bip.kinepolis.ch [400] [GET] [text/html] [Invalid URL] [AkamaiGHost] [537189e283269485408b0d5eb484392c]
https://bip.kinepolis.ch [400] [GET] [text/html] [Invalid URL] [AkamaiGHost] [75750f512aee3110ff9c7579dd15d4bf]
https://blogs.kinepolis.ch [400] [GET] [text/html] [Invalid URL] [AkamaiGHost] [408a4b4fb61e7a3ff108a08f05a962c7]
https://blogs.kinepolis.ch [400] [GET] [text/html] [Invalid URL] [AkamaiGHost] [f5cc59f884ad0178a499816f95aa527b]
https://bookmarks.kinepolis.ch [400] [GET] [text/html] [Invalid URL] [AkamaiGHost] [1fdb75f19525233054bab1e7635a9114]
https://bookmarks.kinepolis.ch [400] [GET] [text/html] [Invalid URL] [AkamaiGHost] [8b4a9a168fd4741ffb7b98af8e697b4c]
https://boy.kinepolis.ch [400] [GET] [text/html] [Invalid URL] [AkamaiGHost] [3eb54a3fb155ab8da3f2e859d9b8f134]
https://boy.kinepolis.ch [400] [GET] [text/html] [Invalid URL] [AkamaiGHost] [4c8a2917675d1eb94cb8474c3907d061]
https://broadcast.kinepolis.ch [400] [GET] [text/html] [Invalid URL] [AkamaiGHost] [bd5cbc5f75c4eaae1e180e418f637e79]
https://broadcast.kinepolis.ch [400] [GET] [text/html] [Invalid URL] [AkamaiGHost] [ef5f4aa46f1fb7df72b1913bbcf6993a]
https://bsd01.kinepolis.ch [400] [GET] [text/html] [Invalid URL] [AkamaiGHost] [85b6cc62ffcd31e2aa8dcb1662406189]
https://bsd01.kinepolis.ch [400] [GET] [text/html] [Invalid URL] [AkamaiGHost] [9b07b382caed8c41d3586a835f916562]
https://bsd02.kinepolis.ch [400] [GET] [text/html] [Invalid URL] [AkamaiGHost] [1303a311a5daebb38ab496bbc350eb9f]
https://bsd02.kinepolis.ch [400] [GET] [text/html] [Invalid URL] [AkamaiGHost] [471c4d4174454930a73f439912f5814c]
https://bsd73.kinepolis.ch [400] [GET] [text/html] [Invalid URL] [AkamaiGHost] [ae3341140993a3811615473672d8bc6c]
https://bsd73.kinepolis.ch [400] [GET] [text/html] [Invalid URL] [AkamaiGHost] [e5224b09ab4d82d46d0905db614dc05b]
https://burner-1.kinepolis.ch [400] [GET] [text/html] [Invalid URL] [AkamaiGHost] [6adb04113b09dee0a2f06b1012fae8f6]
https://burner-1.kinepolis.ch [400] [GET] [text/html] [Invalid URL] [AkamaiGHost] [8f9e8b45f2e38a25d5518511c9ca1faa]
https://burner.kinepolis.ch [400] [GET] [text/html] [Invalid URL] [AkamaiGHost] [022ef360a277879384f6b6f1fd6cf399]
https://burner.kinepolis.ch [400] [GET] [text/html] [Invalid URL] [AkamaiGHost] [fd69087417b6d2a23d3938842aa87a61]
https://buy.kinepolis.ch [400] [GET] [text/html] [Invalid URL] [AkamaiGHost] [9736411964c9df6d7d0e8c4e396cfb5d]
https://buy.kinepolis.ch [400] [GET] [text/html] [Invalid URL] [AkamaiGHost] [becda121a49fdacaaf6870e452a2d7c6]
https://bv.kinepolis.ch [400] [GET] [text/html] [Invalid URL] [AkamaiGHost] [a27f5262ba6077f2a39f88c439c3231a]
https://bv.kinepolis.ch [400] [GET] [text/html] [Invalid URL] [AkamaiGHost] [f6a1e1a2fd0bd16e655492902b1a182b]
https://cache.kinepolis.ch [400] [GET] [text/html] [Invalid URL] [AkamaiGHost] [14d85c72939a8dd558bca3938102394a]
https://cache.kinepolis.ch [400] [GET] [text/html] [Invalid URL] [AkamaiGHost] [2ee41eabfea669c1a380d38c18ddb905]
https://cancancommunity.kinepolis.ch [400] [GET] [text/html] [Invalid URL] [AkamaiGHost] [b9f7912481ccc0992efc80757abf1ce2]
https://cancancommunity.kinepolis.ch [400] [GET] [text/html] [Invalid URL] [AkamaiGHost] [c7bb64c6c3b5e45bf95d99d18dd1fd83]
https://cc.kinepolis.ch [400] [GET] [text/html] [Invalid URL] [AkamaiGHost] [6390e0cf66c9f65525c24030fa8b0a19]
https://cc.kinepolis.ch [400] [GET] [text/html] [Invalid URL] [AkamaiGHost] [6cb378acf5bcf89fed1e1f4f17cbdd61]
https://class.kinepolis.ch [400] [GET] [text/html] [Invalid URL] [AkamaiGHost] [b2b7ca1a220ae4f846d8fcbcfe3a7387]
https://class.kinepolis.ch [400] [GET] [text/html] [Invalid URL] [AkamaiGHost] [dcfb29d0fa95ddfc652a1e7d42035fc1]
https://club.kinepolis.ch [400] [GET] [text/html] [Invalid URL] [AkamaiGHost] [206639ce65dcc6fe33795978b69863ed]
https://club.kinepolis.ch [400] [GET] [text/html] [Invalid URL] [AkamaiGHost] [37fb35318d8d5c7d94caa0b01ad18d0e]
https://clusters.kinepolis.ch [400] [GET] [text/html] [Invalid URL] [AkamaiGHost] [093987c24fa8ef0a7cd673a4d5a4637c]
https://clusters.kinepolis.ch [400] [GET] [text/html] [Invalid URL] [AkamaiGHost] [20bf3de5628aff94d3e62aa60b7cb891]
https://cn.kinepolis.ch [400] [GET] [text/html] [Invalid URL] [AkamaiGHost] [60cc34a95799e704081efe5cb8eb85ed]
https://cn.kinepolis.ch [400] [GET] [text/html] [Invalid URL] [AkamaiGHost] [6cfb42f45449e24bcaf46f631b7f5cee]
https://com.kinepolis.ch [400] [GET] [text/html] [Invalid URL] [AkamaiGHost] [68b5419b2145b3899e92a809d49b47b9]
https://com.kinepolis.ch [400] [GET] [text/html] [Invalid URL] [AkamaiGHost] [b8d7f925de27c3ed5c6e632db451cd27]
https://comprignet2.kinepolis.ch [400] [GET] [text/html] [Invalid URL] [AkamaiGHost] [2003bf91a4215cd72fa4c5315323e284]
https://comprignet2.kinepolis.ch [400] [GET] [text/html] [Invalid URL] [AkamaiGHost] [9db886702274df05a23361e13896f524]
https://computer-virus-verwijderen.kinepolis.ch [400] [GET] [text/html] [Invalid URL] [AkamaiGHost] [b75d7e27d48561e22b0d61b3403d5e1b]
https://computer-virus-verwijderen.kinepolis.ch [400] [GET] [text/html] [Invalid URL] [AkamaiGHost] [c7aa22722a70b045fea672a12eab6895]
https://comune.kinepolis.ch [400] [GET] [text/html] [Invalid URL] [AkamaiGHost] [114f15a36652ce09e3846872f78ca7d4]
https://comune.kinepolis.ch [400] [GET] [text/html] [Invalid URL] [AkamaiGHost] [fe95ec41f91727d0df312da9c9e786b5]
https://corona-canary-production-manhattan-gq.kinepolis.ch [400] [GET] [text/html] [Invalid URL] [AkamaiGHost] [26a4abc58542a7c876533afb2cb49efd]
https://corona-canary-production-manhattan-gq.kinepolis.ch [400] [GET] [text/html] [Invalid URL] [AkamaiGHost] [b32c991587ac9d87fb833feb5cfba998]
https://corona.kinepolis.ch [400] [GET] [text/html] [Invalid URL] [AkamaiGHost] [66d43813613c207bc86629afd3e93122]
https://corona.kinepolis.ch [400] [GET] [text/html] [Invalid URL] [AkamaiGHost] [891e755744a52fd147c8bcf6b86c1e29]
https://corp.kinepolis.ch [400] [GET] [text/html] [Invalid URL] [AkamaiGHost] [331fe8b42f81f3c5591ccb93ab230269]
https://corp.kinepolis.ch [400] [GET] [text/html] [Invalid URL] [AkamaiGHost] [d09445cf58cafd052dbbb308a3f9191f]
https://couronne.kinepolis.ch [400] [GET] [text/html] [Invalid URL] [AkamaiGHost] [52e3e4cc156d01cf40c3e89bda6eb111]
https://couronne.kinepolis.ch [400] [GET] [text/html] [Invalid URL] [AkamaiGHost] [a5a10b68111f72a29b349321f83fda10]
https://cp.kinepolis.ch [400] [GET] [text/html] [Invalid URL] [AkamaiGHost] [517c09e52d9ad6a2dfa6c2c5740f0f8c]
https://cp.kinepolis.ch [400] [GET] [text/html] [Invalid URL] [AkamaiGHost] [a4bf747dfb650a19f2edfa9b42f5357c]
https://crm.kinepolis.ch [400] [GET] [text/html] [Invalid URL] [AkamaiGHost] [2e15633eec16a1c63ea7c821bc289262]
https://crm.kinepolis.ch [400] [GET] [text/html] [Invalid URL] [AkamaiGHost] [d1b140693e1f3bfb0a50dd501f29f5a3]
https://cse.kinepolis.ch [400] [GET] [text/html] [Invalid URL] [AkamaiGHost] [c950509eb8cecf90ebc43e5a13a7d4f1]
https://cse.kinepolis.ch [400] [GET] [text/html] [Invalid URL] [AkamaiGHost] [ffdfc75516eb20de3b7da5ec279516f0]
https://cs.kinepolis.ch [400] [GET] [text/html] [Invalid URL] [AkamaiGHost] [b54ca5ec4b3cde573fad461a26f9bf74]
https://cs.kinepolis.ch [400] [GET] [text/html] [Invalid URL] [AkamaiGHost] [fa7202ef081fb5c4f80711c3e2c48f75]
https://cust114.kinepolis.ch [400] [GET] [text/html] [Invalid URL] [AkamaiGHost] [07fd296566f58731370b338094fde826]
https://cust114.kinepolis.ch [400] [GET] [text/html] [Invalid URL] [AkamaiGHost] [9b6e7c8a9fd83a454aebe627fea1c81b]
https://cust212.kinepolis.ch [400] [GET] [text/html] [Invalid URL] [AkamaiGHost] [2b238e2b1e6ab2803529393e956bc9c2]
https://cust212.kinepolis.ch [400] [GET] [text/html] [Invalid URL] [AkamaiGHost] [78ca93e162aa27cbfe8d704f67b436b0]
https://cust25.kinepolis.ch [400] [GET] [text/html] [Invalid URL] [AkamaiGHost] [06996c23a4529913757b7a48fc40db87]
https://cust25.kinepolis.ch [400] [GET] [text/html] [Invalid URL] [AkamaiGHost] [d55aba3408adf543611237ee68600dfe]
https://cust614.kinepolis.ch [400] [GET] [text/html] [Invalid URL] [AkamaiGHost] [01c629574db3fd8bbfff462581d56585]
https://cust614.kinepolis.ch [400] [GET] [text/html] [Invalid URL] [AkamaiGHost] [7beab6fec894841a6c6d67fc6a6c09a8]
https://database2.kinepolis.ch [400] [GET] [text/html] [Invalid URL] [AkamaiGHost] [4c548a460a324e5e0754a81a2ffee17c]
https://database2.kinepolis.ch [400] [GET] [text/html] [Invalid URL] [AkamaiGHost] [56da3918593a868d1eb52d9107cab3da]
https://dd.kinepolis.ch [400] [GET] [text/html] [Invalid URL] [AkamaiGHost] [5834cbe8a06b98fccbc1f9c7bacdae7b]
https://dd.kinepolis.ch [400] [GET] [text/html] [Invalid URL] [AkamaiGHost] [b1e6988e931e276a048b302d16362b14]
https://de.kinepolis.ch [400] [GET] [text/html] [Invalid URL] [AkamaiGHost] [ac16db64ef2703048ef2bb3308938671]
https://de.kinepolis.ch [400] [GET] [text/html] [Invalid URL] [AkamaiGHost] [b2494e4fa515d1a44dd2904e90a7f86f]
https://dev.kinepolis.ch [400] [GET] [text/html] [Invalid URL] [AkamaiGHost] [9fe8b0b37d4dc5a7eb1ea5afadeb935a]
https://dev.kinepolis.ch [400] [GET] [text/html] [Invalid URL] [AkamaiGHost] [c1989956a6d4e86592eceef640a6074e]
https://dialup.kinepolis.ch [400] [GET] [text/html] [Invalid URL] [AkamaiGHost] [2167e5acdb7585bf4526cc7ced9ce8b0]
https://dialup.kinepolis.ch [400] [GET] [text/html] [Invalid URL] [AkamaiGHost] [ff87b68fe0d136e09d241071915ac9b1]
https://digilander.kinepolis.ch [400] [GET] [text/html] [Invalid URL] [AkamaiGHost] [33180722d71261beee92519289ead7b7]
https://digilander.kinepolis.ch [400] [GET] [text/html] [Invalid URL] [AkamaiGHost] [403332a7a2cffb90394b00b7273235d0]
https://distancelearnpre.kinepolis.ch [400] [GET] [text/html] [Invalid URL] [AkamaiGHost] [202641d163358dd8f27c8deca5da28fd]
https://distancelearnpre.kinepolis.ch [400] [GET] [text/html] [Invalid URL] [AkamaiGHost] [ce97a54a1e1cd2d8018914f22dba1f78]
https://distancepilot.kinepolis.ch [400] [GET] [text/html] [Invalid URL] [AkamaiGHost] [19228f73c1688ae1da3b9420ef0ffea0]
https://distancepilot.kinepolis.ch [400] [GET] [text/html] [Invalid URL] [AkamaiGHost] [2510ead9ad13e1c11098a2de225bac43]
https://e.kinepolis.ch [400] [GET] [text/html] [Invalid URL] [AkamaiGHost] [3800fea11e1a3d50143769137ca31676]
https://e.kinepolis.ch [400] [GET] [text/html] [Invalid URL] [AkamaiGHost] [a6e2f4e76b4de99d5aedd3fab959be91]
https://en.kinepolis.ch [400] [GET] [text/html] [Invalid URL] [AkamaiGHost] [1e9a6b76df5944a18440a7e9cf53ac0e]
https://en.kinepolis.ch [400] [GET] [text/html] [Invalid URL] [AkamaiGHost] [25e97c26638aad4f43b4ff3483cb165d]
https://enterpriseenrollment.kinepolis.ch [302] [GET] [] [] [Microsoft-IIS/10.0] [azure] [IIS:10.0,Microsoft ASP.NET:4.0.30319,Windows Server] [d41d8cd98f00b204e9800998ecf8427e]
https://es.kinepolis.ch [400] [GET] [text/html] [Invalid URL] [AkamaiGHost] [5453781b261ff8d29ccf0d364605e434]
https://es.kinepolis.ch [400] [GET] [text/html] [Invalid URL] [AkamaiGHost] [89207f02c8693ef08c3b3444848e4749]
https://external.kinepolis.ch [400] [GET] [text/html] [Invalid URL] [AkamaiGHost] [40aa6298ed3e736d818cb3f2a07abb0e]
https://external.kinepolis.ch [400] [GET] [text/html] [Invalid URL] [AkamaiGHost] [534a91d63de4e2317d4bc7b8f6336805]
https://feeds.kinepolis.ch [400] [GET] [text/html] [Invalid URL] [AkamaiGHost] [1adf855d14e1279e7d7b757afd694811]
https://feeds.kinepolis.ch [400] [GET] [text/html] [Invalid URL] [AkamaiGHost] [27e5c96e5bdf9cbdd87b5868f2cd9de9]
https://ff.kinepolis.ch [400] [GET] [text/html] [Invalid URL] [AkamaiGHost] [a98fdf830ef072a959c828fe8914229b]
https://ff.kinepolis.ch [400] [GET] [text/html] [Invalid URL] [AkamaiGHost] [b6336e09da298e193ffef5674dff9bba]
https://focaccine.kinepolis.ch [400] [GET] [text/html] [Invalid URL] [AkamaiGHost] [549d80b569650f1955e6816d09e7d56b]
https://focaccine.kinepolis.ch [400] [GET] [text/html] [Invalid URL] [AkamaiGHost] [8ed61fbcc9e925d94318c2432b0e669a]
https://forum.kinepolis.ch [400] [GET] [text/html] [Invalid URL] [AkamaiGHost] [a304ddbc2f1f0b572b4bbf2f6e4413e5]
https://forum.kinepolis.ch [400] [GET] [text/html] [Invalid URL] [AkamaiGHost] [b57b96c74b1b50b13e1ddccca2460910]
https://forums.kinepolis.ch [400] [GET] [text/html] [Invalid URL] [AkamaiGHost] [0f578e642267f00613dcd5475c9b4327]
https://forums.kinepolis.ch [400] [GET] [text/html] [Invalid URL] [AkamaiGHost] [97dd416e3bdea5002f1101533cb8500f]
https://fr.kinepolis.ch [400] [GET] [text/html] [Invalid URL] [AkamaiGHost] [26fd14ccee79c11fff0c30a95a0490bb]
https://fr.kinepolis.ch [400] [GET] [text/html] [Invalid URL] [AkamaiGHost] [6cd51a19ade73d150e8e6ad986e6dd45]
https://games.kinepolis.ch [400] [GET] [text/html] [Invalid URL] [AkamaiGHost] [446906ff708c3db0abc0de8686488211]
https://games.kinepolis.ch [400] [GET] [text/html] [Invalid URL] [AkamaiGHost] [a992ddd6b29cfbcaefdc5487ed77eca0]
https://glittering-stars-com.kinepolis.ch [400] [GET] [text/html] [Invalid URL] [AkamaiGHost] [33e887560976e332de0959225d70f7b7]
https://glittering-stars-com.kinepolis.ch [400] [GET] [text/html] [Invalid URL] [AkamaiGHost] [6165bacc1d6a095856b6cf0ba2718242]
https://grc2go.kinepolis.ch [400] [GET] [text/html] [Invalid URL] [AkamaiGHost] [3ddb4ef25f6ec195854eae128656bd5b]
https://grc2go.kinepolis.ch [400] [GET] [text/html] [Invalid URL] [AkamaiGHost] [ea1d70450adf729df18a765f4624d92b]
https://groups.kinepolis.ch [400] [GET] [text/html] [Invalid URL] [AkamaiGHost] [61e705c98ef7bd307c554599cb4a6ced]
https://groups.kinepolis.ch [400] [GET] [text/html] [Invalid URL] [AkamaiGHost] [7941bf7fc5d44a3cba0f47b1c3491beb]
https://h1virusradarv.kinepolis.ch [400] [GET] [text/html] [Invalid URL] [AkamaiGHost] [a4142fb63ea5fb2933e875bd5fc4ccd5]
https://h1virusradarv.kinepolis.ch [400] [GET] [text/html] [Invalid URL] [AkamaiGHost] [b69d257621165be96d98c34888c5c3f1]
https://h2.kinepolis.ch [400] [GET] [text/html] [Invalid URL] [AkamaiGHost] [529374773fc06cc5fc1bffd5d04325ed]
https://h2.kinepolis.ch [400] [GET] [text/html] [Invalid URL] [AkamaiGHost] [d033c35b30db45f12194e5c53ef4cef4]
https://h3.kinepolis.ch [400] [GET] [text/html] [Invalid URL] [AkamaiGHost] [52f2f453d6d932a9e519d4027db52621]
https://h3.kinepolis.ch [400] [GET] [text/html] [Invalid URL] [AkamaiGHost] [909351b5c7f3e4c704b3576f5154c398]
https://h4.kinepolis.ch [400] [GET] [text/html] [Invalid URL] [AkamaiGHost] [3a545fe8de262bd2b8336a800d0e6ef7]
https://h4.kinepolis.ch [400] [GET] [text/html] [Invalid URL] [AkamaiGHost] [f36b4b17ee6029817faaa747da4939f3]
https://h6.kinepolis.ch [400] [GET] [text/html] [Invalid URL] [AkamaiGHost] [279a5cd7069ef146f8588ea9e039afec]
https://h6.kinepolis.ch [400] [GET] [text/html] [Invalid URL] [AkamaiGHost] [4eff2616962fc18f19a2d645aa236316]
https://h7.kinepolis.ch [400] [GET] [text/html] [Invalid URL] [AkamaiGHost] [30f8cc8e03f9ce5a7ea1795b607a47c3]
https://h7.kinepolis.ch [400] [GET] [text/html] [Invalid URL] [AkamaiGHost] [a4d47b101316bb87826b71c47f89314d]
https://help.kinepolis.ch [400] [GET] [text/html] [Invalid URL] [AkamaiGHost] [b4f981316dcefbf249d8e14e20c3bd4d]
https://help.kinepolis.ch [400] [GET] [text/html] [Invalid URL] [AkamaiGHost] [ffbf602753e30817dfcc0cb21d2c4f09]
https://hh.kinepolis.ch [400] [GET] [text/html] [Invalid URL] [AkamaiGHost] [d534444be83af7ad33de68163b0720e0]
https://hh.kinepolis.ch [400] [GET] [text/html] [Invalid URL] [AkamaiGHost] [dc1e494e97099c579bac1155bc749f80]
https://home.kinepolis.ch [400] [GET] [text/html] [Invalid URL] [AkamaiGHost] [653daeb45075c0c39958ccc818e27c95]
https://home.kinepolis.ch [400] [GET] [text/html] [Invalid URL] [AkamaiGHost] [e1b4f01d14a05e027f1e1ac3b220d529]
https://homepage1.kinepolis.ch [400] [GET] [text/html] [Invalid URL] [AkamaiGHost] [9320daa3d555f8b0b4d7be629d09e99f]
https://homepage1.kinepolis.ch [400] [GET] [text/html] [Invalid URL] [AkamaiGHost] [ededb041640ae703d03c1a92d30df835]
https://homepage2.kinepolis.ch [400] [GET] [text/html] [Invalid URL] [AkamaiGHost] [3fbe14e98e6f60f97c376d567d7a6b7c]
https://homepage2.kinepolis.ch [400] [GET] [text/html] [Invalid URL] [AkamaiGHost] [4200cceb95b2c7acf1861db6a142dfce]
https://homepage3.kinepolis.ch [400] [GET] [text/html] [Invalid URL] [AkamaiGHost] [84fccf6bcfec0ee5a7028b68fc826f46]
https://homepage3.kinepolis.ch [400] [GET] [text/html] [Invalid URL] [AkamaiGHost] [ccd386eee25bdd098ed408058281b07d]
https://homepage.kinepolis.ch [400] [GET] [text/html] [Invalid URL] [AkamaiGHost] [362df6cf5db986d7e6c4dcacabb45de0]
https://homepage.kinepolis.ch [400] [GET] [text/html] [Invalid URL] [AkamaiGHost] [caae3ed7461357591c4d17726b47e196]
https://host.kinepolis.ch [400] [GET] [text/html] [Invalid URL] [AkamaiGHost] [d9a186fe1c7ee6d1664ef90d4752a5fb]
https://host.kinepolis.ch [400] [GET] [text/html] [Invalid URL] [AkamaiGHost] [f8287e07ec1746912503aeec4c3546c3]
https://hotaruvirus.kinepolis.ch [400] [GET] [text/html] [Invalid URL] [AkamaiGHost] [a27c811676fcfafad9f28cfd70d070fd]
https://hotaruvirus.kinepolis.ch [400] [GET] [text/html] [Invalid URL] [AkamaiGHost] [cffe24d47ad859cfaf62c7a4b8b01671]
https://iakovidis.kinepolis.ch [400] [GET] [text/html] [Invalid URL] [AkamaiGHost] [187a8dc030dc690e8003e4dd3955647e]
https://iakovidis.kinepolis.ch [400] [GET] [text/html] [Invalid URL] [AkamaiGHost] [a24e8e116fb5c14690395a3ca2834344]
https://iimahd.kinepolis.ch [400] [GET] [text/html] [Invalid URL] [AkamaiGHost] [4aee52c99d425a49f1e586324e508531]
https://iimahd.kinepolis.ch [400] [GET] [text/html] [Invalid URL] [AkamaiGHost] [f28a71e4c90a27c45f99891ad4f2f2ed]
https://info.kinepolis.ch [400] [GET] [text/html] [Invalid URL] [AkamaiGHost] [2494be637bb5a45b9bd895d0b0e44247]
https://info.kinepolis.ch [400] [GET] [text/html] [Invalid URL] [AkamaiGHost] [6665035ac4f4fa3e2f1bc2d66a71bcf6]
https://infolab.kinepolis.ch [400] [GET] [text/html] [Invalid URL] [AkamaiGHost] [13964fb6dbda9e42e69b75bb98d78969]
https://infolab.kinepolis.ch [400] [GET] [text/html] [Invalid URL] [AkamaiGHost] [aad2fbc67454efbd45442b62efee4e39]
https://informatik.kinepolis.ch [400] [GET] [text/html] [Invalid URL] [AkamaiGHost] [c426b2b13e3e44150c2b154e7013b180]
https://informatik.kinepolis.ch [400] [GET] [text/html] [Invalid URL] [AkamaiGHost] [da559902823a86e475576d76cac96c26]
https://inst.kinepolis.ch [400] [GET] [text/html] [Invalid URL] [AkamaiGHost] [58c309bfdf28c050b8f4f06a2ce1432e]
https://inst.kinepolis.ch [400] [GET] [text/html] [Invalid URL] [AkamaiGHost] [b5e82922adc43630f448448e88d93af5]
https://ism.kinepolis.ch [400] [GET] [text/html] [Invalid URL] [AkamaiGHost] [0e27f684c9423e3b14efe5945c65cd7b]
https://ism.kinepolis.ch [400] [GET] [text/html] [Invalid URL] [AkamaiGHost] [1b961d01d785af10a9590287407114d8]
https://k2.kinepolis.ch [400] [GET] [text/html] [Invalid URL] [AkamaiGHost] [0d2955e4b812b8b8611a39149263f213]
https://k2.kinepolis.ch [400] [GET] [text/html] [Invalid URL] [AkamaiGHost] [9f83b1ee63e126b831e318b6dd266ca1]
https://k3.kinepolis.ch [400] [GET] [text/html] [Invalid URL] [AkamaiGHost] [92014a7e3fb81e3af487f59107c70487]
https://k3.kinepolis.ch [400] [GET] [text/html] [Invalid URL] [AkamaiGHost] [e5b04f71a5430a37633ff69ee0991b09]
https://k4.kinepolis.ch [400] [GET] [text/html] [Invalid URL] [AkamaiGHost] [7093a6457870909da4503e4271b54e4f]
https://k4.kinepolis.ch [400] [GET] [text/html] [Invalid URL] [AkamaiGHost] [735cb938d921dd6985cd1d5894eea2f9]
https://k5.kinepolis.ch [400] [GET] [text/html] [Invalid URL] [AkamaiGHost] [1a9e19b0932c8f821d5f038b72030395]
https://k5.kinepolis.ch [400] [GET] [text/html] [Invalid URL] [AkamaiGHost] [c2b88a12daecb97dc705253ae76c2409]
https://kaviruspnet.kinepolis.ch [400] [GET] [text/html] [Invalid URL] [AkamaiGHost] [6f2ff1909c1b884fb73c88a34aecc5f0]
https://kaviruspnet.kinepolis.ch [400] [GET] [text/html] [Invalid URL] [AkamaiGHost] [86bb79800f77fe7aa319629a40f8a3f7]
https://kinepolis.ch [403] [GET] [text/html] [403 Blocked] [] [vhost] [205847990102df20334d84b47986410d]
https://kinepolis.ch [403] [GET] [text/html] [403 Blocked] [] [vhost] [9c7ac1f805d6f242499c958ce4c4d31a]
https://kk.kinepolis.ch [400] [GET] [text/html] [Invalid URL] [AkamaiGHost] [504a660f4e8af1e0bdb1a31f4ef89e86]
https://kk.kinepolis.ch [400] [GET] [text/html] [Invalid URL] [AkamaiGHost] [b928d66b874598978dbfd2b4b2e09b31]
https://korona-na-monetach.kinepolis.ch [400] [GET] [text/html] [Invalid URL] [AkamaiGHost] [4b6786c3ea4b6bb7bdcf42f4077e33ea]
https://korona-na-monetach.kinepolis.ch [400] [GET] [text/html] [Invalid URL] [AkamaiGHost] [fff276bfb11e4c98cf0097904917d6d9]
https://ku1720.kinepolis.ch [400] [GET] [text/html] [Invalid URL] [AkamaiGHost] [55e1fd9500e53e08c3c986a81b0e863c]
https://ku1720.kinepolis.ch [400] [GET] [text/html] [Invalid URL] [AkamaiGHost] [fa710728a46dd49cb336aa3110028034]
https://kw.kinepolis.ch [400] [GET] [text/html] [Invalid URL] [AkamaiGHost] [149724af1a4fa91c5e3836da2da237ec]
https://kw.kinepolis.ch [400] [GET] [text/html] [Invalid URL] [AkamaiGHost] [96af0107a22d230726a29f21609090d4]
https://local.kinepolis.ch [400] [GET] [text/html] [Invalid URL] [AkamaiGHost] [8aaa49b0bdd8b2a0f13de509a086b3ee]
https://local.kinepolis.ch [400] [GET] [text/html] [Invalid URL] [AkamaiGHost] [fc13cd64769df8ae5cd2efc6be18e70f]
https://lock-corona.kinepolis.ch [400] [GET] [text/html] [Invalid URL] [AkamaiGHost] [6b0cdde0fc1170e5d06c49b86e776bf6]
https://lock-corona.kinepolis.ch [400] [GET] [text/html] [Invalid URL] [AkamaiGHost] [c73e4016566ffa28e984861393828d0a]
https://losvirus.kinepolis.ch [400] [GET] [text/html] [Invalid URL] [AkamaiGHost] [74a870646d87c3d4215d5f721dca1c4a]
https://losvirus.kinepolis.ch [400] [GET] [text/html] [Invalid URL] [AkamaiGHost] [ae998f055d05f9280d347ba513b08e0a]
https://lyncdiscover.kinepolis.ch [404] [GET] [application/json] [] [] [vhost] [Azure] [373397b4ebf514ea3578818e90f5f9b6]
https://manager.kinepolis.ch [400] [GET] [text/html] [Invalid URL] [AkamaiGHost] [880a29cad09deaf630d0be52289bacff]
https://manager.kinepolis.ch [400] [GET] [text/html] [Invalid URL] [AkamaiGHost] [abbe3f1dcb9d970ba0c733aa62d3ba64]
https://mascara.kinepolis.ch [400] [GET] [text/html] [Invalid URL] [AkamaiGHost] [031cd20f0d1f17f9c021faade0a1f9bf]
https://mascara.kinepolis.ch [400] [GET] [text/html] [Invalid URL] [AkamaiGHost] [7aca7e34e36fddf5a3341f69393fac29]
https://maska.kinepolis.ch [400] [GET] [text/html] [Invalid URL] [AkamaiGHost] [55fa042bd57aff008aee18d4c6295e00]
https://maska.kinepolis.ch [400] [GET] [text/html] [Invalid URL] [AkamaiGHost] [7f827a5669e601e1b74ffbf161155f81]
https://maskan.kinepolis.ch [400] [GET] [text/html] [Invalid URL] [AkamaiGHost] [8dcab294cda119558ac30cb6a9ad5558]
https://maskan.kinepolis.ch [400] [GET] [text/html] [Invalid URL] [AkamaiGHost] [ee64743bbff933ff509aa315ea2b34e1]
https://maskerkulit.kinepolis.ch [400] [GET] [text/html] [Invalid URL] [AkamaiGHost] [789fb0799142d78b598266d61a798c68]
https://maskerkulit.kinepolis.ch [400] [GET] [text/html] [Invalid URL] [AkamaiGHost] [a009053cc46e0e8ea76181ba8d355900]
https://maskindg.kinepolis.ch [400] [GET] [text/html] [Invalid URL] [AkamaiGHost] [41e4cb33b06fc0430b4f022108a427dd]
https://maskindg.kinepolis.ch [400] [GET] [text/html] [Invalid URL] [AkamaiGHost] [e3faeb872ee280d70529140f34e46e97]
https://maskxapas02.kinepolis.ch [400] [GET] [text/html] [Invalid URL] [AkamaiGHost] [8a0c95072ba916ef6a23e220e1e83d0a]
https://maskxapas02.kinepolis.ch [400] [GET] [text/html] [Invalid URL] [AkamaiGHost] [e1f9d9ef07dbf49ad48333b46cb925a8]
https://master.kinepolis.ch [400] [GET] [text/html] [Invalid URL] [AkamaiGHost] [b39c2a32e7e8f69dd915d23585249323]
https://master.kinepolis.ch [400] [GET] [text/html] [Invalid URL] [AkamaiGHost] [d8dd5f00b9cbe602d4dceb21d38b033b]
https://math.kinepolis.ch [400] [GET] [text/html] [Invalid URL] [AkamaiGHost] [00043ab65c7096ac903a1616d858ff2c]
https://math.kinepolis.ch [400] [GET] [text/html] [Invalid URL] [AkamaiGHost] [cdd5afdefa53d40c252f6bd86a655b18]
https://maven.kinepolis.ch [400] [GET] [text/html] [Invalid URL] [AkamaiGHost] [e6b6afc69fa7f3f8dda1dcfd4391c6ae]
https://maven.kinepolis.ch [400] [GET] [text/html] [Invalid URL] [AkamaiGHost] [e87d106818529c806efbd1ba7239a743]
https://members.kinepolis.ch [400] [GET] [text/html] [Invalid URL] [AkamaiGHost] [2b0a3dbf59c189a23213ef7b43d63035]
https://members.kinepolis.ch [400] [GET] [text/html] [Invalid URL] [AkamaiGHost] [4451c8a5539eac6931f9f3b32f086507]
https://merckvaccinesbackoffice.kinepolis.ch [400] [GET] [text/html] [Invalid URL] [AkamaiGHost] [3e6f40d0502ea5db027299a98d216465]
https://merckvaccinesbackoffice.kinepolis.ch [400] [GET] [text/html] [Invalid URL] [AkamaiGHost] [b56c133e58d28387dd8dac5aa06e718c]
https://mpk.kinepolis.ch [400] [GET] [text/html] [Invalid URL] [AkamaiGHost] [296b9d697b813b8c5c95f29beb6e1c1a]
https://mpk.kinepolis.ch [400] [GET] [text/html] [Invalid URL] [AkamaiGHost] [e4e109c298e8948eb0cd6f780af7dccf]
https://msoid.kinepolis.ch [302] [GET] [text/html] [Object moved] [] [vhost] [azure] [67dc47621d0dca9dc8d849ee26494c3b]
https://muhunupothamuluthange.kinepolis.ch [400] [GET] [text/html] [Invalid URL] [AkamaiGHost] [3d57843860af85c18bef2647423f92af]
https://muhunupothamuluthange.kinepolis.ch [400] [GET] [text/html] [Invalid URL] [AkamaiGHost] [681ced04a9e4454d1946c8b53d446f11]
https://music.kinepolis.ch [400] [GET] [text/html] [Invalid URL] [AkamaiGHost] [43a6c11df6eb1cd1255547f5cd46b3a4]
https://music.kinepolis.ch [400] [GET] [text/html] [Invalid URL] [AkamaiGHost] [9b1bb9e9ea0fd16f52757a3824ce3299]
https://mvn.kinepolis.ch [400] [GET] [text/html] [Invalid URL] [AkamaiGHost] [7190f9fac5ae82b5d34a1956c5dc0895]
https://mvn.kinepolis.ch [400] [GET] [text/html] [Invalid URL] [AkamaiGHost] [e5cb13e41de16734164e437bbb9b88f7]
https://myhome.kinepolis.ch [400] [GET] [text/html] [Invalid URL] [AkamaiGHost] [09a0efb72b16fe51a29503e9f4595556]
https://myhome.kinepolis.ch [400] [GET] [text/html] [Invalid URL] [AkamaiGHost] [71b0c4e062f165458139e4eeab83045b]
https://my.kinepolis.ch [400] [GET] [text/html] [Invalid URL] [AkamaiGHost] [96c7a61dc5288d7d0654077fb9afd040]
https://my.kinepolis.ch [400] [GET] [text/html] [Invalid URL] [AkamaiGHost] [a085ae4339e21c40d5ba24c85dd65662]
https://new.kinepolis.ch [400] [GET] [text/html] [Invalid URL] [AkamaiGHost] [2ea46419597e63c71d5a129cb210020b]
https://new.kinepolis.ch [400] [GET] [text/html] [Invalid URL] [AkamaiGHost] [362ba75a1a1cdbfc76c02cde8a064e27]
https://news.kinepolis.ch [400] [GET] [text/html] [Invalid URL] [AkamaiGHost] [210ab4620e1a33970e849176d548a12a]
https://news.kinepolis.ch [400] [GET] [text/html] [Invalid URL] [AkamaiGHost] [43e5d13b3ad8389d8edba2841aa595fc]
https://ng4.kinepolis.ch [400] [GET] [text/html] [Invalid URL] [AkamaiGHost] [b8b81df06223725ff3867442baf7fed3]
https://ng4.kinepolis.ch [400] [GET] [text/html] [Invalid URL] [AkamaiGHost] [d07a48bb81f79a31ba072cfe8d765dc4]
https://nn.kinepolis.ch [400] [GET] [text/html] [Invalid URL] [AkamaiGHost] [14d400d54ed98b92d0837d361ac3590b]
https://nn.kinepolis.ch [400] [GET] [text/html] [Invalid URL] [AkamaiGHost] [a829474cce2696ab5c3dd0f710cca728]
https://ns01.kinepolis.ch [400] [GET] [text/html] [Invalid URL] [AkamaiGHost] [63e119f1c8db23526de88a6d4bf32b9f]
https://ns01.kinepolis.ch [400] [GET] [text/html] [Invalid URL] [AkamaiGHost] [d9f03aea574d7f1887900d989277f9c1]
https://ops2.kinepolis.ch [400] [GET] [text/html] [Invalid URL] [AkamaiGHost] [10578a785f3dc1bb88af818ed65fe07a]
https://ops2.kinepolis.ch [400] [GET] [text/html] [Invalid URL] [AkamaiGHost] [1c146826b43de71879610d5bc0d38777]
https://order.kinepolis.ch [400] [GET] [text/html] [Invalid URL] [AkamaiGHost] [0055d4d0150a0cfb5173f665bda99204]
https://order.kinepolis.ch [400] [GET] [text/html] [Invalid URL] [AkamaiGHost] [de497b9e59555b0f9f30b52ae804d5e5]
https://passport.kinepolis.ch [400] [GET] [text/html] [Invalid URL] [AkamaiGHost] [4890617f2847af8f8c772253af8d994c]
https://passport.kinepolis.ch [400] [GET] [text/html] [Invalid URL] [AkamaiGHost] [91b6cf0d628abce33db4d8c261e44fe0]
https://pay.kinepolis.ch [400] [GET] [text/html] [Invalid URL] [AkamaiGHost] [c573f2f4c0232d1202c47ef3d57c7608]
https://pay.kinepolis.ch [400] [GET] [text/html] [Invalid URL] [AkamaiGHost] [d30015315de3baad85d47e25aadd9c3b]
https://people.kinepolis.ch [400] [GET] [text/html] [Invalid URL] [AkamaiGHost] [00983883d99a22e5773f72f1fa247e0d]
https://people.kinepolis.ch [400] [GET] [text/html] [Invalid URL] [AkamaiGHost] [7a8885090dea13e00dac762c7643bf31]
https://pink.kinepolis.ch [400] [GET] [text/html] [Invalid URL] [AkamaiGHost] [cb4a7e3b1f43cdb4f1940717e035d601]
https://pink.kinepolis.ch [400] [GET] [text/html] [Invalid URL] [AkamaiGHost] [e3f28c3c0c5563d50d8a71273d076ba1]
https://postentryquarantine.kinepolis.ch [400] [GET] [text/html] [Invalid URL] [AkamaiGHost] [ce6124ade82cd9a41f6a9a16fb614a6b]
https://postentryquarantine.kinepolis.ch [400] [GET] [text/html] [Invalid URL] [AkamaiGHost] [e468fe84d982c7f133372ee8255e42e2]
https://pp.kinepolis.ch [400] [GET] [text/html] [Invalid URL] [AkamaiGHost] [6be3fc1a79ca7f57bfcf7db163e5cfbb]
https://pp.kinepolis.ch [400] [GET] [text/html] [Invalid URL] [AkamaiGHost] [7654483759bd0cc3ee0f8e4655e006d5]
https://ppp.kinepolis.ch [400] [GET] [text/html] [Invalid URL] [AkamaiGHost] [39ffce529538ee088724b0dcc2fecf8b]
https://ppp.kinepolis.ch [400] [GET] [text/html] [Invalid URL] [AkamaiGHost] [eb8e8a63ce38b653a5d9fc9dee9a347c]
https://prive.kinepolis.ch [403] [GET] [text/html] [Access Denied] [] [vhost] [3ddfce145a732a0706913afbd75f658a]
https://prive.kinepolis.ch [403] [GET] [text/html] [Access Denied] [] [vhost] [f924aeb8a1547b911a2244383f016821]
https://privetickets.kinepolis.ch [403] [GET] [text/html] [Access Denied] [] [vhost] [11165e4fae3af3288bfed6e9bfadcb77]
https://privetickets.kinepolis.ch [403] [GET] [text/html] [Access Denied] [] [vhost] [7721cab9a7696765f58662d23d2b32ac]
https://prof.kinepolis.ch [400] [GET] [text/html] [Invalid URL] [AkamaiGHost] [3792b702dd020479855c2c861e92c0c2]
https://prof.kinepolis.ch [400] [GET] [text/html] [Invalid URL] [AkamaiGHost] [38ced63c2ad61a594b0a287473a765c9]
https://provincia.kinepolis.ch [400] [GET] [text/html] [Invalid URL] [AkamaiGHost] [3921cf2f5b48bd038cfcf9a5d01133e9]
https://provincia.kinepolis.ch [400] [GET] [text/html] [Invalid URL] [AkamaiGHost] [b268c439bff3a949a2d83bd4d863cb77]
https://ptp128.kinepolis.ch [400] [GET] [text/html] [Invalid URL] [AkamaiGHost] [cdf26eb6a062bcbe52beb2358686d7d8]
https://ptp128.kinepolis.ch [400] [GET] [text/html] [Invalid URL] [AkamaiGHost] [e99f13188db58ca98179ccd996a37c5e]
https://ptr09.kinepolis.ch [400] [GET] [text/html] [Invalid URL] [AkamaiGHost] [4b55d89aa4a521d34c2ea636bb592e4c]
https://ptr09.kinepolis.ch [400] [GET] [text/html] [Invalid URL] [AkamaiGHost] [b972249df41a39e26c76f4c42fe5552c]
https://publicstaticvoid.kinepolis.ch [400] [GET] [text/html] [Invalid URL] [AkamaiGHost] [19f6b580c0fd0b28339104dcfaaa7404]
https://publicstaticvoid.kinepolis.ch [400] [GET] [text/html] [Invalid URL] [AkamaiGHost] [a9e337b239b02862034a48ea6abd6e1d]
https://pup.kinepolis.ch [400] [GET] [text/html] [Invalid URL] [AkamaiGHost] [636804cedf97eb4d88372f7517cd0352]
https://pup.kinepolis.ch [400] [GET] [text/html] [Invalid URL] [AkamaiGHost] [8a7545a6f05e054db7c35aeba3e7926e]
https://quarantinetco.kinepolis.ch [400] [GET] [text/html] [Invalid URL] [AkamaiGHost] [b1f7e2b55312e8bc40b49943dc8ff2bd]
https://quarantinetco.kinepolis.ch [400] [GET] [text/html] [Invalid URL] [AkamaiGHost] [b7bb39ff0fbcf85b0707f041a3315c13]
https://regione.kinepolis.ch [400] [GET] [text/html] [Invalid URL] [AkamaiGHost] [b19cba5d876e4264603c888bd739aa1a]
https://regione.kinepolis.ch [400] [GET] [text/html] [Invalid URL] [AkamaiGHost] [b8d15d8f70d3fceae7a4aad06cff2d78]
https://restricted.kinepolis.ch [400] [GET] [text/html] [Invalid URL] [AkamaiGHost] [4636b3f660ce393572e438eed329627d]
https://restricted.kinepolis.ch [400] [GET] [text/html] [Invalid URL] [AkamaiGHost] [97dfec91b39bfc3c807d2663f4364d24]
https://resume.kinepolis.ch [400] [GET] [text/html] [Invalid URL] [AkamaiGHost] [393f0e40ea43354e3e5f730f91981947]
https://resume.kinepolis.ch [400] [GET] [text/html] [Invalid URL] [AkamaiGHost] [c551d1610d34177f5ebc27971fdf3ad1]
https://rootsweb.kinepolis.ch [400] [GET] [text/html] [Invalid URL] [AkamaiGHost] [14f4be49af7c1e907692896c38136790]
https://rootsweb.kinepolis.ch [400] [GET] [text/html] [Invalid URL] [AkamaiGHost] [ebd6f41d60b386506626cf1d7ace24e3]
https://search.kinepolis.ch [400] [GET] [text/html] [Invalid URL] [AkamaiGHost] [1fd9c78aaed93e76614a5b543986cd37]
https://search.kinepolis.ch [400] [GET] [text/html] [Invalid URL] [AkamaiGHost] [cf9194b96a6d3aa3f495b048d90d2fa9]
https://secure.kinepolis.ch [400] [GET] [text/html] [Invalid URL] [AkamaiGHost] [37d25046fb83a92148679aac00011ede]
https://secure.kinepolis.ch [400] [GET] [text/html] [Invalid URL] [AkamaiGHost] [bf7ffff1a924065d20dc688a0c862e92]
https://server1.kinepolis.ch [400] [GET] [text/html] [Invalid URL] [AkamaiGHost] [0a6a878420e525e687613f3758c882d9]
https://server1.kinepolis.ch [400] [GET] [text/html] [Invalid URL] [AkamaiGHost] [a97d716acd62c9cdfac42a7da15159b3]
https://server.kinepolis.ch [400] [GET] [text/html] [Invalid URL] [AkamaiGHost] [6ac6ebf3eca768446a3c1a00b7264d72]
https://server.kinepolis.ch [400] [GET] [text/html] [Invalid URL] [AkamaiGHost] [70d1ab06323e9952c375dc002a665ddb]
https://shop.kinepolis.ch [400] [GET] [text/html] [Invalid URL] [AkamaiGHost] [81467904e604337f73de3b5037d0cdc6]
https://shop.kinepolis.ch [400] [GET] [text/html] [Invalid URL] [AkamaiGHost] [cb2fbbae52fca5dcf7f1017ae0c62be3]
https://sites.kinepolis.ch [400] [GET] [text/html] [Invalid URL] [AkamaiGHost] [7817fa429daa69f5a1fd74440d28251a]
https://sites.kinepolis.ch [400] [GET] [text/html] [Invalid URL] [AkamaiGHost] [846bde093ea6f86b82eb918ff7ce1f9e]
https://slovari.kinepolis.ch [400] [GET] [text/html] [Invalid URL] [AkamaiGHost] [1f19480db4480ab79f34d03ff4990a35]
https://slovari.kinepolis.ch [400] [GET] [text/html] [Invalid URL] [AkamaiGHost] [4c7a6941aa155246f97ffe459773bb31]
https://sql18.kinepolis.ch [400] [GET] [text/html] [Invalid URL] [AkamaiGHost] [150d531a36491cc2aba8d6b58a4178a7]
https://sql1-8.kinepolis.ch [400] [GET] [text/html] [Invalid URL] [AkamaiGHost] [5ec33b5955add3264e455f967e5237b4]
https://sql18.kinepolis.ch [400] [GET] [text/html] [Invalid URL] [AkamaiGHost] [91daff264f147898279b5147379c191b]
https://sql1-8.kinepolis.ch [400] [GET] [text/html] [Invalid URL] [AkamaiGHost] [ec2de437e1c5cd55be1ee09f44e41cd4]
https://ss.kinepolis.ch [400] [GET] [text/html] [Invalid URL] [AkamaiGHost] [54aee838d14728dc918bba4a9fdd0ddd]
https://ss.kinepolis.ch [400] [GET] [text/html] [Invalid URL] [AkamaiGHost] [cbea9127c14dbdc794cf5a4f090dad48]
https://staging.kinepolis.ch [400] [GET] [text/html] [Invalid URL] [AkamaiGHost] [1e1d54bd2ebac4fed438acd5c043e4e3]
https://staging.kinepolis.ch [400] [GET] [text/html] [Invalid URL] [AkamaiGHost] [2af52548fa692909fe5df68e159239b1]
https://storefront.kinepolis.ch [400] [GET] [text/html] [Invalid URL] [AkamaiGHost] [75b3ea56c1b05b158757d91d19ff8360]
https://storefront.kinepolis.ch [400] [GET] [text/html] [Invalid URL] [AkamaiGHost] [8915c02c3cee1f852a9fb7129163a19d]
https://streamscrolls.kinepolis.ch [400] [GET] [text/html] [Invalid URL] [AkamaiGHost] [dfb7935f1f590450f64709c3a2b5d7b4]
https://streamscrolls.kinepolis.ch [400] [GET] [text/html] [Invalid URL] [AkamaiGHost] [fac29e04e6ee4ba8ab5c1904c1142397]
https://stromectole.kinepolis.ch [400] [GET] [text/html] [Invalid URL] [AkamaiGHost] [9a1e44b811e91df5a0c1ab4e71448c87]
https://stromectole.kinepolis.ch [400] [GET] [text/html] [Invalid URL] [AkamaiGHost] [c781c1416750b1c0dec7120be359bf9a]
https://sub-97-206-232.kinepolis.ch [400] [GET] [text/html] [Invalid URL] [AkamaiGHost] [6d834f75f9a6371fc7655308b513274c]
https://sub-97-206-232.kinepolis.ch [400] [GET] [text/html] [Invalid URL] [AkamaiGHost] [6e754928ea8da52f6fa610eba7daaa41]
https://support.kinepolis.ch [400] [GET] [text/html] [Invalid URL] [AkamaiGHost] [1a5d9bf5d0655d7f2187519dc7f94afe]
https://support.kinepolis.ch [400] [GET] [text/html] [Invalid URL] [AkamaiGHost] [420411a17e0a5c90f4cabd8d7cc12b35]
https://sv.kinepolis.ch [400] [GET] [text/html] [Invalid URL] [AkamaiGHost] [410afe1d6af555d77394b20a836252a5]
https://sv.kinepolis.ch [400] [GET] [text/html] [Invalid URL] [AkamaiGHost] [d171369db662176178bcfb7397020574]
https://sweden.kinepolis.ch [400] [GET] [text/html] [Invalid URL] [AkamaiGHost] [14fb3c73c2fe748cf54755c6c30c3971]
https://sweden.kinepolis.ch [400] [GET] [text/html] [Invalid URL] [AkamaiGHost] [b589e8d9ee914762971d9f81203e026e]
https://sybase.kinepolis.ch [400] [GET] [text/html] [Invalid URL] [AkamaiGHost] [b9e760e6fcc1e7261e308b236dfe1592]
https://sybase.kinepolis.ch [400] [GET] [text/html] [Invalid URL] [AkamaiGHost] [fa8e01358c7aa851855ea067bf9f857a]
https://symposium.kinepolis.ch [400] [GET] [text/html] [Invalid URL] [AkamaiGHost] [3ea07733560b00207af1170d44ce1185]
https://symposium.kinepolis.ch [400] [GET] [text/html] [Invalid URL] [AkamaiGHost] [793c681ff8b247f7e63db400f73929cb]
https://tango-8.kinepolis.ch [400] [GET] [text/html] [Invalid URL] [AkamaiGHost] [747bf2c710308bc5205de6c1954eaff2]
https://tango-8.kinepolis.ch [400] [GET] [text/html] [Invalid URL] [AkamaiGHost] [d39cb6a0dd481be84216bc241d90fea1]
https://teachernet.kinepolis.ch [400] [GET] [text/html] [Invalid URL] [AkamaiGHost] [0e53a9d4efc1c9e37986fcc69d4e28ab]
https://teachernet.kinepolis.ch [400] [GET] [text/html] [Invalid URL] [AkamaiGHost] [9946c052bfecebf67a75bf6a7b514e9e]
https://telnet.kinepolis.ch [400] [GET] [text/html] [Invalid URL] [AkamaiGHost] [5c93b9a28f2f643fb30bb2f83cef80b1]
https://telnet.kinepolis.ch [400] [GET] [text/html] [Invalid URL] [AkamaiGHost] [a8b71eaaac1e50386e7baca2288bf372]
https://tickets.kinepolis.ch [403] [GET] [text/html] [Access Denied] [] [vhost] [2b3c7c5a21a44211857b3c362189ce8d]
https://tickets.kinepolis.ch [403] [GET] [text/html] [Access Denied] [] [vhost] [d73925ed2178e57cdbf8ca2a0d4d1d43]
https://tlwquarantine1.kinepolis.ch [400] [GET] [text/html] [Invalid URL] [AkamaiGHost] [261f4978dbb771984831592480060103]
https://tlwquarantine1.kinepolis.ch [400] [GET] [text/html] [Invalid URL] [AkamaiGHost] [dad773cbc9d77700d1344ae4828d5fc1]
https://top100.kinepolis.ch [400] [GET] [text/html] [Invalid URL] [AkamaiGHost] [317f0e0f14a9e623adca1ef30a24e65d]
https://top100.kinepolis.ch [400] [GET] [text/html] [Invalid URL] [AkamaiGHost] [f78cb0dbd37fb451aa7a7e952067bc28]
https://tribunale.kinepolis.ch [400] [GET] [text/html] [Invalid URL] [AkamaiGHost] [a4078c691a8de3a58ae8706a334956f9]
https://tribunale.kinepolis.ch [400] [GET] [text/html] [Invalid URL] [AkamaiGHost] [a939e5b87d54e586703c426f7d140dea]
https://trinidad7.kinepolis.ch [400] [GET] [text/html] [Invalid URL] [AkamaiGHost] [03455a5698862ae977b591672c81ca49]
https://trinidad7.kinepolis.ch [400] [GET] [text/html] [Invalid URL] [AkamaiGHost] [073b7041357de933db252c4a6970d53f]
https://t-virus.kinepolis.ch [400] [GET] [text/html] [Invalid URL] [AkamaiGHost] [0a9ed672b0e13031cb059cd0825c47ea]
https://t-virus.kinepolis.ch [400] [GET] [text/html] [Invalid URL] [AkamaiGHost] [96e2712cb8265d16b6453622163708dc]
https://uni.kinepolis.ch [400] [GET] [text/html] [Invalid URL] [AkamaiGHost] [923def4a8334b3fdf3cfe2b2c06e5c96]
https://uni.kinepolis.ch [400] [GET] [text/html] [Invalid URL] [AkamaiGHost] [e98ebb71498c1d135c4b3684c5cdf1a5]
https://union.kinepolis.ch [400] [GET] [text/html] [Invalid URL] [AkamaiGHost] [46834a7f467c0742d8c35f663316b0fb]
https://union.kinepolis.ch [400] [GET] [text/html] [Invalid URL] [AkamaiGHost] [d9f93225f294ac3d613f69a46034c20d]
https://univ.kinepolis.ch [400] [GET] [text/html] [Invalid URL] [AkamaiGHost] [a1af65a4a2f99cb06f6273c1e77cc0d2]
https://univ.kinepolis.ch [400] [GET] [text/html] [Invalid URL] [AkamaiGHost] [b605e9c4fbd6c56162873f3afded1460]
https://up.kinepolis.ch [400] [GET] [text/html] [Invalid URL] [AkamaiGHost] [30688e3c266a1c4817194896f9d72862]
https://up.kinepolis.ch [400] [GET] [text/html] [Invalid URL] [AkamaiGHost] [5af050abbb4dfe8841af84ed5ba7376b]
https://user.kinepolis.ch [400] [GET] [text/html] [Invalid URL] [AkamaiGHost] [2a0cbc42bb2c89d55d590c090e94a83a]
https://user.kinepolis.ch [400] [GET] [text/html] [Invalid URL] [AkamaiGHost] [de7e1a5b6ded5ea3bb02746886535690]
https://users.kinepolis.ch [400] [GET] [text/html] [Invalid URL] [AkamaiGHost] [423a4e3379c2959cc54b5ef687ec3f22]
https://users.kinepolis.ch [400] [GET] [text/html] [Invalid URL] [AkamaiGHost] [f25c1fbf4db20b1b57fe62328072f755]
https://vaccine.kinepolis.ch [400] [GET] [text/html] [Invalid URL] [AkamaiGHost] [3d2a24a309600c63b5390e1f68116883]
https://vaccine.kinepolis.ch [400] [GET] [text/html] [Invalid URL] [AkamaiGHost] [3e488bf1a37b25db6d1f5021dd686c17]
https://varnish.kinepolis.ch [400] [GET] [text/html] [Invalid URL] [AkamaiGHost] [b2f11992df2ab59818ce6e524467a475]
https://varnish.kinepolis.ch [400] [GET] [text/html] [Invalid URL] [AkamaiGHost] [cfc2f27b548f8cf5c8b72148fc3727d3]
https://venetianmaskticino.kinepolis.ch [400] [GET] [text/html] [Invalid URL] [AkamaiGHost] [50ab0e7fdb074c12a88135317e779526]
https://venetianmaskticino.kinepolis.ch [400] [GET] [text/html] [Invalid URL] [AkamaiGHost] [f56c32ca4907229eb76430f0994bfc0d]
https://virus0316.kinepolis.ch [400] [GET] [text/html] [Invalid URL] [AkamaiGHost] [a745989c9a705326e97b57c44ade331c]
https://virus0316.kinepolis.ch [400] [GET] [text/html] [Invalid URL] [AkamaiGHost] [df85aab209f6b3273dcbc90226d1c164]
https://virus-20.kinepolis.ch [400] [GET] [text/html] [Invalid URL] [AkamaiGHost] [83b87600743ec810ada10d687f4026a7]
https://virus-20.kinepolis.ch [400] [GET] [text/html] [Invalid URL] [AkamaiGHost] [866c7a93af38637faf8a8e370dd2ca56]
https://viruswall.kinepolis.ch [400] [GET] [text/html] [Invalid URL] [AkamaiGHost] [b2d3e5ea0bfe2e08b27e1e4700575ade]
https://viruswall.kinepolis.ch [400] [GET] [text/html] [Invalid URL] [AkamaiGHost] [ddbc0f4afe194b444ef146e86b494cab]
https://vpn1.kinepolis.ch [400] [GET] [text/html] [Invalid URL] [AkamaiGHost] [344559efa26aac4d0c79cd011ba76ee9]
https://vpn1.kinepolis.ch [400] [GET] [text/html] [Invalid URL] [AkamaiGHost] [c739b5b24630a3fbf185406dd419c155]
https://wallet-acc.kinepolis.ch [403] [GET] [text/html] [403 Blocked] [] [vhost] [527fe939a5804f255766403bebb8aad5]
https://wallet-acc.kinepolis.ch [403] [GET] [text/html] [403 Blocked] [] [vhost] [cf62d83815eec564f49b1227046009ea]
https://wallet.kinepolis.ch [403] [GET] [text/html] [403 Blocked] [] [vhost] [24e4df50f38f51f103786d03ec7d141a]
https://wallet.kinepolis.ch [403] [GET] [text/html] [403 Blocked] [] [vhost] [d2ccb8bfc867bc11e48c05fad2f2743e]
https://webcache.kinepolis.ch [400] [GET] [text/html] [Invalid URL] [AkamaiGHost] [cba691f13b425f5a928c0b07c90ee473]
https://webcache.kinepolis.ch [400] [GET] [text/html] [Invalid URL] [AkamaiGHost] [e431e0676ca8b904c68f971ad8752cd7]
https://webhelp2.kinepolis.ch [400] [GET] [text/html] [Invalid URL] [AkamaiGHost] [76f04f882e31a840a5206f0750be726b]
https://webhelp2.kinepolis.ch [400] [GET] [text/html] [Invalid URL] [AkamaiGHost] [921d063bcd8f8ccc3f4afbca5b732b5f]
https://webhelp.kinepolis.ch [400] [GET] [text/html] [Invalid URL] [AkamaiGHost] [a7fae52f2a61661b364fbbbcb9bc86ff]
https://webhelp.kinepolis.ch [400] [GET] [text/html] [Invalid URL] [AkamaiGHost] [d7befce591b4f5ec585bffd604e0d2fa]
https://webmail.kinepolis.ch [400] [GET] [text/html] [Invalid URL] [AkamaiGHost] [32f5a8b6078e82b9af1bc6cde7e02240]
https://webmail.kinepolis.ch [400] [GET] [text/html] [Invalid URL] [AkamaiGHost] [41e574e0e38830457eb452294cda9e41]
https://wililiam.kinepolis.ch [400] [GET] [text/html] [Invalid URL] [AkamaiGHost] [8af830f9fd4e14a12dc9ea33fd34582e]
https://wililiam.kinepolis.ch [400] [GET] [text/html] [Invalid URL] [AkamaiGHost] [a963509a9960b566d4a8878550e54f3d]
https://win1.kinepolis.ch [400] [GET] [text/html] [Invalid URL] [AkamaiGHost] [0681f1f99d6416f285e4e7240e2f3f81]
https://win1.kinepolis.ch [400] [GET] [text/html] [Invalid URL] [AkamaiGHost] [923d5090329643c7157130f8d9b06b9a]
https://win2k3.kinepolis.ch [400] [GET] [text/html] [Invalid URL] [AkamaiGHost] [080b02c98afaaf1a197a547b36019e3e]
https://win2k3.kinepolis.ch [400] [GET] [text/html] [Invalid URL] [AkamaiGHost] [9fbd453353e794f590dee338ff96694b]
https://win2k4.kinepolis.ch [400] [GET] [text/html] [Invalid URL] [AkamaiGHost] [098e562296887a811acc4c666075a65c]
https://win2k4.kinepolis.ch [400] [GET] [text/html] [Invalid URL] [AkamaiGHost] [7ca0c6c9ca6ccc0bc753c0ce8bf307c2]
https://ws11.kinepolis.ch [400] [GET] [text/html] [Invalid URL] [AkamaiGHost] [18e4cf800ccc4c11f75f3b8520d22c38]
https://ws11.kinepolis.ch [400] [GET] [text/html] [Invalid URL] [AkamaiGHost] [e8c7db778f44443e6f034ad8f7a872a9]
https://ww5.kinepolis.ch [400] [GET] [text/html] [Invalid URL] [AkamaiGHost] [154cc4c510c38db2b47fe917aa182c1c]
https://ww5.kinepolis.ch [400] [GET] [text/html] [Invalid URL] [AkamaiGHost] [3835b64e6159242bf0b54ddbda31f34e]
https://www-02.kinepolis.ch [400] [GET] [text/html] [Invalid URL] [AkamaiGHost] [67425a6c390ac70011f7ecbe913cbeaf]
https://www-02.kinepolis.ch [400] [GET] [text/html] [Invalid URL] [AkamaiGHost] [998277b55de5a2e0ce529286983200e5]
https://www2s.kinepolis.ch [400] [GET] [text/html] [Invalid URL] [AkamaiGHost] [17fe9833a951387797e646d56fdd93cc]
https://www2s.kinepolis.ch [400] [GET] [text/html] [Invalid URL] [AkamaiGHost] [204bfc3d16de8ca35eff6f288352688f]
https://www2u.kinepolis.ch [400] [GET] [text/html] [Invalid URL] [AkamaiGHost] [88f219779b2542a6df0d8384d651b58d]
https://www2u.kinepolis.ch [400] [GET] [text/html] [Invalid URL] [AkamaiGHost] [d40a6304d0ade62dca884cc84df85e1b]
https://www4b.kinepolis.ch [400] [GET] [text/html] [Invalid URL] [AkamaiGHost] [4bf1cfcdf8f6e2cd224b6fafb6328c47]
https://www4b.kinepolis.ch [400] [GET] [text/html] [Invalid URL] [AkamaiGHost] [b913a675af6fdcf5233dc311c4066011]
https://www5-6.kinepolis.ch [400] [GET] [text/html] [Invalid URL] [AkamaiGHost] [9557321456aa838301cd9844bf59fe83]
https://www5-6.kinepolis.ch [400] [GET] [text/html] [Invalid URL] [AkamaiGHost] [bf5fce4d17f042007b15c66642ffbc5d]
https://www5-7.kinepolis.ch [400] [GET] [text/html] [Invalid URL] [AkamaiGHost] [9cf84b0ff36d4e2d19a2eac3f80a3f0a]
https://www5-7.kinepolis.ch [400] [GET] [text/html] [Invalid URL] [AkamaiGHost] [f18cc444cb056334c3f60056c836198d]
https://www5a.kinepolis.ch [400] [GET] [text/html] [Invalid URL] [AkamaiGHost] [541cb93de09c081a3810d4d3eae55363]
https://www5a.kinepolis.ch [400] [GET] [text/html] [Invalid URL] [AkamaiGHost] [c15a1461f5c0e4cddb926a2625286556]
https://www5b.kinepolis.ch [400] [GET] [text/html] [Invalid URL] [AkamaiGHost] [4c0908b74682acaf381e1c18e6eeb303]
https://www5b.kinepolis.ch [400] [GET] [text/html] [Invalid URL] [AkamaiGHost] [f1e355aabae9a1b51b04a281400930fd]
https://www5c.kinepolis.ch [400] [GET] [text/html] [Invalid URL] [AkamaiGHost] [3872a59de08b55802cdf162e5c4b3b35]
https://www5c.kinepolis.ch [400] [GET] [text/html] [Invalid URL] [AkamaiGHost] [9201b9c48fe5963b2a74087e172634a5]
https://www5d.kinepolis.ch [400] [GET] [text/html] [Invalid URL] [AkamaiGHost] [aeec33102a59efe1f6967a1394a2e9a1]
https://www5d.kinepolis.ch [400] [GET] [text/html] [Invalid URL] [AkamaiGHost] [d9ecefbc6eaafa474a033895355ceec0]
https://www5f.kinepolis.ch [400] [GET] [text/html] [Invalid URL] [AkamaiGHost] [17cccba7e2df61cf9497c8273541fffc]
https://www5f.kinepolis.ch [400] [GET] [text/html] [Invalid URL] [AkamaiGHost] [53606dceffbf67afb2f2dc20b53aa4ae]
https://www7a.kinepolis.ch [400] [GET] [text/html] [Invalid URL] [AkamaiGHost] [9e1f0b081890fdaeb93510a562662d75]
https://www7a.kinepolis.ch [400] [GET] [text/html] [Invalid URL] [AkamaiGHost] [a01c03a3c3042af0665792056f789c5b]
https://www7b.kinepolis.ch [400] [GET] [text/html] [Invalid URL] [AkamaiGHost] [501f8c995c81dda8f5678b7a03497265]
https://www7b.kinepolis.ch [400] [GET] [text/html] [Invalid URL] [AkamaiGHost] [a15334f01ee836af5ec2e25840bba2c0]
https://www.blog123.kinepolis.ch [400] [GET] [text/html] [Invalid URL] [AkamaiGHost] [280408448a7674cfe03a624ebf5a9af7]
https://www.blog123.kinepolis.ch [400] [GET] [text/html] [Invalid URL] [AkamaiGHost] [64d5ad599a4ca1a2f08eaf3094b82a32]
https://www-int.kinepolis.ch [400] [GET] [text/html] [Invalid URL] [AkamaiGHost] [440ec17bcfc64c86afa3b06bdf630f28]
https://www-int.kinepolis.ch [400] [GET] [text/html] [Invalid URL] [AkamaiGHost] [7501feafa19611dd971a1e4c286b6db3]
https://www-mask.kinepolis.ch [400] [GET] [text/html] [Invalid URL] [AkamaiGHost] [011fd9a6ee5c5297f8b54aa2e3257281]
https://www-mask.kinepolis.ch [400] [GET] [text/html] [Invalid URL] [AkamaiGHost] [29dd70a37e902e8b6c7957f32f0110fa]
https://www.tb3.kinepolis.ch [400] [GET] [text/html] [Invalid URL] [AkamaiGHost] [78ff6bdd1d3da6a522621d02e842b91f]
https://www.tb3.kinepolis.ch [400] [GET] [text/html] [Invalid URL] [AkamaiGHost] [e9bb5914f98e05582515930f5f447dfb]
https://www.w2d.kinepolis.ch [400] [GET] [text/html] [Invalid URL] [AkamaiGHost] [6220925120de5ad8d71de70256fb66b9]
https://www.w2d.kinepolis.ch [400] [GET] [text/html] [Invalid URL] [AkamaiGHost] [ccf6c687d97293a7ef5c68458df9937b]
https://www.weblhe.kinepolis.ch [400] [GET] [text/html] [Invalid URL] [AkamaiGHost] [3bffa89358e71e48112ec35f1f0a929b]
https://www.weblhe.kinepolis.ch [400] [GET] [text/html] [Invalid URL] [AkamaiGHost] [b4f301826a874079c2e6b44cf36d4a47]
https://xroads.kinepolis.ch [400] [GET] [text/html] [Invalid URL] [AkamaiGHost] [0be681fd630dd3c979f11599b7bf1033]
https://xroads.kinepolis.ch [400] [GET] [text/html] [Invalid URL] [AkamaiGHost] [81c431a4ea53926ee5e6caf2a935fe9a]
https://yellowfevervaccine.kinepolis.ch [400] [GET] [text/html] [Invalid URL] [AkamaiGHost] [2ecd698e8d9987ff4b0bbf0339491be3]
https://yellowfevervaccine.kinepolis.ch [400] [GET] [text/html] [Invalid URL] [AkamaiGHost] [57f4d264efa06ec7e02e0cce75cc87fe]
https://zw.kinepolis.ch [400] [GET] [text/html] [Invalid URL] [AkamaiGHost] [3e7200b017ca54a4c45ead06d793e489]
https://zw.kinepolis.ch [400] [GET] [text/html] [Invalid URL] [AkamaiGHost] [a0ba4d375d29119e130e9ffbbfeae491]
