http://ccaasdev.service.lahitapiola.fi [301] [GET] [] [] [BigIP] [F5 BigIP] [d41d8cd98f00b204e9800998ecf8427e]
http://dcstunnistusdev.lahitapiola.fi [301] [GET] [] [] [BigIP] [F5 BigIP] [d41d8cd98f00b204e9800998ecf8427e]
http://dcstunnistustest.lahitapiola.fi [301] [GET] [] [] [BigIP] [F5 BigIP] [d41d8cd98f00b204e9800998ecf8427e]
http://extwebfarm.lahitapiola.fi [302] [GET] [] [] [BigIP] [F5 BigIP] [d41d8cd98f00b204e9800998ecf8427e]
https://ajanvaraus.lahitapiola.fi [404] [GET] [text/html] [404 Not Found] [Microsoft-Azure-Application-Gateway/v2] [cfe8a99fba6ef8492e11599840e85d2d]
https://api.lahitapiola.fi [404] [GET] [text/xml] [] [] [IBM DataPower] [b8fd105a3c58e03ae188849b94dc361b]
https://api.lemmikkihelppi.lahitapiola.fi [401] [GET] [text/html] [] [Microsoft-IIS/10.0] [vhost] [azure] [Azure,Express,IIS:10.0,Node.js,Windows Server] [4bbee4dd5aca8adaba9f034f1693672f]
https://api.lhvetapp.lahitapiola.fi [401] [GET] [text/html] [] [Microsoft-IIS/10.0] [vhost] [azure] [Azure,Express,IIS:10.0,Node.js,Windows Server] [4bbee4dd5aca8adaba9f034f1693672f]
https://apim-mgmt.lahitapiola.fi [400] [GET] [application/json] [] [] [vhost] [702c7a7a1eb13ee20f6ca505e4432f81]
https://api.terveyshelppi.lahitapiola.fi [200] [GET] [text/html] [] [Microsoft-IIS/10.0] [vhost] [azure] [Azure,Express,IIS:10.0,Node.js,Windows Server] [d41d8cd98f00b204e9800998ecf8427e]
https://app.lahitapiola.fi [403] [GET] [] [LähiTapiola - virhe] [BigIP] [vhost] [F5 BigIP] [47f645af0089eaeed92da3c185d4ed90]
https://asiointi.lahitapiola.fi [200] [GET] [text/html] [Self Service] [Windows-Azure-Blob/1.0 Microsoft-HTTPAPI/2.0] [vhost] [Azure,Microsoft HTTPAPI:2.0] [66bd743cd407b36f871580b9b763553a]
https://asunnot.lahitapiola.fi [200] [GET] [text/html] [Mutkatonkoti - Lähitapiola] [nginx/1.16.1] [vhost] [Google PageSpeed:enabled,MySQL,Nginx:1.16.1,PHP,WordPress] [e1cf72f797c07292db8e55bd75a93f9c]
https://atlassian.lahitapiola.fi [200] [GET] [text/html] [Lähitapiola Atlassian] [nginx] [vhost] [Bootstrap,Nginx] [55495cb8c2851234040d66cc151f1a6f]
https://authcrm16.lahitapiola.fi [401] [GET] [text/plain] [] [Microsoft-IIS/8.5 Microsoft-HTTPAPI/2.0] [vhost] [IIS:8.5,Microsoft ASP.NET,Microsoft HTTPAPI:2.0,SPNEGO,Windows Server] [b48a02883b0c6f2a3844371589ddb7bd]
https://authcrm16test.lahitapiola.fi [401] [GET] [text/plain] [] [Microsoft-IIS/8.5 Microsoft-HTTPAPI/2.0] [vhost] [IIS:8.5,Microsoft ASP.NET,Microsoft HTTPAPI:2.0,SPNEGO,Windows Server] [b48a02883b0c6f2a3844371589ddb7bd]
https://authenticate.lahitapiola.fi [404] [GET] [text/html] [] [istio-envoy] [vhost] [d41d8cd98f00b204e9800998ecf8427e]
https://authmigrate.lahitapiola.fi [200] [GET] [text/html] [Auth Migration] [Windows-Azure-Web/1.0 Microsoft-HTTPAPI/2.0] [vhost] [Azure,Microsoft HTTPAPI:2.0] [12f7e4458152af9dc384d454cf2a8e85]
https://autodiscover.lahitapiola.fi [302] [GET] [] [] [BigIP] [F5 BigIP] [d41d8cd98f00b204e9800998ecf8427e]
https://beta.lahitapiola.fi [200] [GET] [text/html] [] [Windows-Azure-Web/1.0 Microsoft-HTTPAPI/2.0] [vhost] [Azure,Gatsby:3.3.1,Microsoft HTTPAPI:2.0,React,webpack] [207487aec7ba3e0afb46e38ef925649d]
https://dcstunnistus.lahitapiola.fi [404] [GET] [text/html] [HTTP Status 404 – Not Found] [] [ab690366911f47c879e81a21cb719ce7]
https://depcrm16.lahitapiola.fi [401] [GET] [text/plain] [] [Microsoft-IIS/8.5 Microsoft-HTTPAPI/2.0] [vhost] [IIS:8.5,Microsoft ASP.NET,Microsoft HTTPAPI:2.0,SPNEGO,Windows Server] [b48a02883b0c6f2a3844371589ddb7bd]
https://depcrm16test.lahitapiola.fi [401] [GET] [text/plain] [] [Microsoft-IIS/8.5 Microsoft-HTTPAPI/2.0] [vhost] [IIS:8.5,Microsoft ASP.NET,Microsoft HTTPAPI:2.0,SPNEGO,Windows Server] [b48a02883b0c6f2a3844371589ddb7bd]
https://developers.lahitapiola.fi [200] [GET] [text/html] [Home - Lahitapiola API Management - developer portal] [Windows-Azure-Web/1.0 Microsoft-HTTPAPI/2.0] [vhost] [Azure,Azure Front Door,Microsoft HTTPAPI:2.0] [bf9a9fc925c6260ccf63ed970a212cb9]
https://devsecops.lahitapiola.fi [302] [GET] [] [] [BigIP] [vhost] [F5 BigIP] [d41d8cd98f00b204e9800998ecf8427e]
https://ext-gw.lahitapiola.fi:7000 [404] [GET] [text/xml] [] [] [IBM DataPower] [b8fd105a3c58e03ae188849b94dc361b]
https://huolenpitoa.lahitapiola.fi [404] [GET] [text/html] [404 Not Found] [Apache] [Apache] [a59a696caee588826a365d80e9a57e16]
https://huolenpito.lahitapiola.fi [302] [GET] [text/html] [302 Found] [Apache] [Apache] [6935a296f793faed9319b69b10105695]
https://hybridsmtp.lahitapiola.fi [302] [GET] [] [] [BigIP] [F5 BigIP] [d41d8cd98f00b204e9800998ecf8427e]
https://internal.toimitilat.lahitapiola.fi [401] [GET] [text/html] [401 Authorization Required] [] [vhost] [Basic] [28c5f434e4ab2e2a682400cb005fb08b]
https://kumppanihallinta.lahitapiola.fi [200] [GET] [text/html] [] [] [vhost] [azure] [cc8a41fba28ab8cf9099583598617dd6]
https://kumppani.lahitapiola.fi [200] [GET] [text/html] [] [] [vhost] [azure] [d03d4ad9eb8d09fd1eefad34d7b5ea26]
https://kumppanitunnistus.lahitapiola.fi [200] [GET] [text/html] [] [] [vhost] [azure] [d3c7360ac8471834ce143a7228c037b1]
https://lahitapiola.fi [301] [GET] [] [] [BigIP] [F5 BigIP] [d41d8cd98f00b204e9800998ecf8427e]
https://lemmikkihelppi.lahitapiola.fi [200] [GET] [text/html] [Etusivu | LemmikkiHelppi] [Windows-Azure-Web/1.0 Microsoft-HTTPAPI/2.0] [vhost] [azure] [Azure,Gatsby:2.25.2,Microsoft HTTPAPI:2.0,React,webpack] [f22996ab4c941338b816aed2765de25a]
https://lhvetapp.lahitapiola.fi [200] [GET] [text/html] [LemmikkiHelppi] [Microsoft-IIS/10.0] [vhost] [azure] [Azure,IIS:10.0,Microsoft ASP.NET,Windows Server] [15b74963ebaac371507949a5dcfe2894]
https://ltcrm16.lahitapiola.fi [401] [GET] [text/plain] [] [Microsoft-IIS/8.5 Microsoft-HTTPAPI/2.0] [vhost] [IIS:8.5,Microsoft ASP.NET,Microsoft HTTPAPI:2.0,SPNEGO,Windows Server] [b48a02883b0c6f2a3844371589ddb7bd]
https://ltcrm16test.lahitapiola.fi [401] [GET] [text/plain] [] [Microsoft-IIS/8.5 Microsoft-HTTPAPI/2.0] [vhost] [IIS:8.5,Microsoft ASP.NET,Microsoft HTTPAPI:2.0,SPNEGO,Windows Server] [b48a02883b0c6f2a3844371589ddb7bd]
https://lyncdiscover.lahitapiola.fi [200] [GET] [application/json] [] [] [vhost] [Azure] [85cfe250f7599c613681b288d7482a47]
https://meet.lahitapiola.fi [301] [GET] [text/html] [301 Moved Permanently] [nginx] [vhost] [Nginx] [cd2e0e43980a00fb6a2742d3afd803b8]
https://m.info2.lahitapiola.fi [302] [GET] [text/html] [302 Found] [Apache] [Apache] [8c3638a52a921d970dc42c72b4eebbf7]
https://m.info.lahitapiola.fi [404] [GET] [text/html] [404 Not Found] [Apache] [Apache] [62962daa1b19bbcc2db10b7bfd531ea6]
https://mobile.lahitapiola.fi [404] [GET] [text/html] [TEST SSLVPN] [] [9b5ea91dc2f7f1a792c974b638b62f28]
https://note.lahitapiola.fi [200] [GET] [text/html] [LähiTapiola - domain varattu] [BigIP] [F5 BigIP] [cf5230e4278ca69553856adff3b4eaba]
https://oa.lahitapiola.fi [302] [GET] [] [] [BigIP] [F5 BigIP] [d41d8cd98f00b204e9800998ecf8427e]
https://partner.lahitapiola.fi [302] [GET] [text/html] [] [] [vhost] [Pulse Secure] [d41d8cd98f00b204e9800998ecf8427e]
https://paymentwall.lahitapiola.fi [200] [GET] [text/html] [Payment Wall] [istio-envoy] [vhost] [Envoy,Express,Node.js] [dda158efe45bab41c41034d3e665c9e6]
https://pulssi.lahitapiola.fi [302] [GET] [text/plain] [] [nginx/1.18.0 (Ubuntu)] [Express,Nginx:1.18.0,Node.js,Ubuntu] [b67a264a63f197e6a3eedb40d7c5ea16]
https://qap.lahitapiola.fi [404] [GET] [text/html] [404 - The requested resource cannot be found. - Qlik Sense] [] [5ce3eec0146e21d1003953dd1853a1c2]
https://remote.lahitapiola.fi [302] [GET] [text/html] [] [] [vhost] [Pulse Secure] [d41d8cd98f00b204e9800998ecf8427e]
https://res.info2.lahitapiola.fi [302] [GET] [text/html] [302 Found] [Apache] [vhost] [cloudfront] [Amazon Cloudfront,Amazon Web Services,Apache] [22e10aa2a6a5df41b90c5449e6db663e]
https://res.info.lahitapiola.fi [302] [GET] [text/html] [302 Found] [Apache] [vhost] [cloudfront] [Amazon Cloudfront,Amazon Web Services,Apache] [feba33836a5cfda8d799bc04590d6b05]
https://secdevops.lahitapiola.fi [302] [GET] [] [] [BigIP] [vhost] [F5 BigIP] [d41d8cd98f00b204e9800998ecf8427e]
https://secure.lahitapiola.fi [200] [GET] [text/html] [Send message - LahiTapiola] [Apache] [Apache] [33938084950ed631301efb4cd8ab03af]
https://sip.lahitapiola.fi [404] [GET] [text/plain] [] [RTC/7.0] [a1ef044d6399bfc3d29e77cfb27ddbae]
https://sitapim-api.lahitapiola.fi [404] [GET] [application/json] [] [] [vhost] [0d89eb733f51aee92d10122fdf5533cb]
https://sitapim-mgmt.lahitapiola.fi [400] [GET] [application/json] [] [] [vhost] [702c7a7a1eb13ee20f6ca505e4432f81]
https://sitdevelopers.lahitapiola.fi [200] [GET] [text/html] [Home - Lahitapiola API Management - developer portal] [Windows-Azure-Web/1.0 Microsoft-HTTPAPI/2.0] [vhost] [Azure,Azure Front Door,Microsoft HTTPAPI:2.0] [5b2a7ce114a05c30fb20b7c2171c6b13]
https://sts.lahitapiola.fi [404] [GET] [text/html] [Not Found] [Microsoft-HTTPAPI/2.0] [vhost] [Microsoft HTTPAPI:2.0] [67932d4b695e1d6b19dfc2e3610761ff]
https://suunnannayttajat.lahitapiola.fi [200] [GET] [text/html] [Apache2 Ubuntu Default Page: It works] [nginx/1.14.0 (Ubuntu)] [Nginx:1.14.0,Ubuntu] [3526531ccd6c6a1d2340574a305a18f8]
https://tandem.lahitapiola.fi [200] [GET] [text/html] [Baby Tux] [nginx] [Nginx,Varnish:5.0] [5e3bc5e26d4f1af8a95e8940199b6b27]
https://teams.lahitapiola.fi [301] [GET] [text/html] [301 Moved Permanently] [nginx] [vhost] [Nginx] [cd2e0e43980a00fb6a2742d3afd803b8]
https://terveyshelppi.lahitapiola.fi [200] [GET] [text/html] [Etusivu | TerveysHelppi] [Windows-Azure-Web/1.0 Microsoft-HTTPAPI/2.0] [vhost] [azure] [Azure,Contentful,Gatsby:2.22.8,Microsoft HTTPAPI:2.0,React,webpack] [57815cf1f4620a56846ec35fd74c2c23]
https://test.api.lemmikkihelppi.lahitapiola.fi [401] [GET] [text/html] [] [Microsoft-IIS/10.0] [vhost] [azure] [Azure,Express,IIS:10.0,Node.js,Windows Server] [4bbee4dd5aca8adaba9f034f1693672f]
https://test.api.lhvetapp.lahitapiola.fi [401] [GET] [text/html] [] [Microsoft-IIS/10.0] [vhost] [azure] [Azure,Express,IIS:10.0,Node.js,Windows Server] [4bbee4dd5aca8adaba9f034f1693672f]
https://test.api.terveyshelppi.lahitapiola.fi [200] [GET] [text/html] [] [Microsoft-IIS/10.0] [vhost] [azure] [Azure,Express,IIS:10.0,Node.js,Windows Server] [d41d8cd98f00b204e9800998ecf8427e]
https://test.beta.lahitapiola.fi [200] [GET] [text/html] [| LähiTapiola] [Windows-Azure-Web/1.0 Microsoft-HTTPAPI/2.0] [vhost] [Azure,Contentful,Gatsby:4.20.0,Microsoft HTTPAPI:2.0,React,webpack] [472fde812461fd01c2ba50dfb74cab92]
https://testi.kumppanihallinta.lahitapiola.fi [200] [GET] [text/html] [] [] [vhost] [azure] [122ab6376fff602a346ccaa2fbe1a2f1]
https://testi.kumppani.lahitapiola.fi [200] [GET] [text/html] [] [] [vhost] [azure] [b36f88718d62add33c89799e1ab40b89]
https://testi.kumppanitunnistus.lahitapiola.fi [200] [GET] [text/html] [] [] [vhost] [azure] [d3c7360ac8471834ce143a7228c037b1]
https://testi.lemmikkihelppi.lahitapiola.fi [302] [GET] [text/plain] [] [] [vhost] [azure] [b417be1d1cb32f1071a0736170e44d06]
https://testi.terveyshelppi.lahitapiola.fi [302] [GET] [text/plain] [] [] [vhost] [azure] [b417be1d1cb32f1071a0736170e44d06]
https://test.lhvetapp.lahitapiola.fi [200] [GET] [text/html] [LemmikkiHelppi] [Microsoft-IIS/10.0] [vhost] [azure] [Azure,IIS:10.0,Microsoft ASP.NET,Windows Server] [eb09a7ac10f06d07c25bfd0c28ecde87]
https://tilaisuudet.lahitapiola.fi [200] [GET] [text/html] [Technical subdomain] [] [google] [f5f6d07d22b6073a65c5ba48e2ae86e9]
https://t.info2.lahitapiola.fi [302] [GET] [text/html] [302 Found] [Apache] [Apache] [9d82a1154705bb4d5e387d6ca356444e]
https://t.info.lahitapiola.fi [404] [GET] [text/html] [404 Not Found] [Apache] [Apache] [62962daa1b19bbcc2db10b7bfd531ea6]
https://toimitilat.lahitapiola.fi [200] [GET] [text/html] [LähiTapiola toimitilat] [] [vhost] [Google Font API,Ruby,Ruby on Rails] [24a51d3d247815080545cef7be870f0f]
https://toimitilat.lahitapiola.fi [200] [GET] [text/html] [LähiTapiola toimitilat] [] [vhost] [Google Font API,Ruby,Ruby on Rails] [28f0a70918fb7d65344bb7a1ed73c3d2]
https://tunnistus.lahitapiola.fi [200] [GET] [text/html] [] [Apache] [Apache] [cc4faec7bd6f5e50edf81b6de6ba399a]
https://turvacrm16.lahitapiola.fi [401] [GET] [text/plain] [] [Microsoft-IIS/8.5 Microsoft-HTTPAPI/2.0] [vhost] [IIS:8.5,Microsoft ASP.NET,Microsoft HTTPAPI:2.0,SPNEGO,Windows Server] [b48a02883b0c6f2a3844371589ddb7bd]
https://turvacrm16test.lahitapiola.fi [401] [GET] [text/plain] [] [Microsoft-IIS/8.5 Microsoft-HTTPAPI/2.0] [vhost] [IIS:8.5,Microsoft ASP.NET,Microsoft HTTPAPI:2.0,SPNEGO,Windows Server] [b48a02883b0c6f2a3844371589ddb7bd]
https://turvallisuuspoikkeamat.lahitapiola.fi [200] [GET] [text/html] [Granite] [nginx] [vhost] [Nginx,PHP] [5f43f3b3a3857aaec0e0e0c4a7c7a8fb]
https://turvallisuuspoikkeamat.lahitapiola.fi [200] [GET] [text/html] [Granite] [nginx] [vhost] [Nginx,PHP] [e05f465d308c543d243cd19276817345]
https://uatapim-api.lahitapiola.fi [404] [GET] [application/json] [] [] [vhost] [0d89eb733f51aee92d10122fdf5533cb]
https://uat.beta.lahitapiola.fi [200] [GET] [text/html] [| LähiTapiola] [Windows-Azure-Web/1.0 Microsoft-HTTPAPI/2.0] [vhost] [Azure,Contentful,Gatsby:4.20.0,Microsoft HTTPAPI:2.0,React,webpack] [18c5ecbfc5af830a8d0938b7d97e0392]
https://uat-ext-gw.lahitapiola.fi:7000 [404] [GET] [text/xml] [] [] [IBM DataPower] [b8fd105a3c58e03ae188849b94dc361b]
https://verkkopalvelu.lahitapiola.fi [302] [GET] [] [] [BigIP] [F5 BigIP] [d41d8cd98f00b204e9800998ecf8427e]
https://vhcrm16.lahitapiola.fi [401] [GET] [text/plain] [] [Microsoft-IIS/8.5 Microsoft-HTTPAPI/2.0] [vhost] [IIS:8.5,Microsoft ASP.NET,Microsoft HTTPAPI:2.0,SPNEGO,Windows Server] [b48a02883b0c6f2a3844371589ddb7bd]
https://vhcrm16test.lahitapiola.fi [401] [GET] [text/plain] [] [Microsoft-IIS/8.5 Microsoft-HTTPAPI/2.0] [vhost] [IIS:8.5,Microsoft ASP.NET,Microsoft HTTPAPI:2.0,SPNEGO,Windows Server] [b48a02883b0c6f2a3844371589ddb7bd]
https://www.lahitapiola.fi [301] [GET] [] [] [BigIP] [F5 BigIP] [d41d8cd98f00b204e9800998ecf8427e]
https://www.lemmikkihelppi.lahitapiola.fi [404] [GET] [text/html] [Microsoft Azure Web App - Error 404] [] [azure] [30df3c0287ff1b1551e6be944501c461]
https://www.toimitilat.lahitapiola.fi [301] [GET] [text/html] [301 Moved Permanently] [] [4f8e702cc244ec5d4de32740c0ecbd97]
https://www.toimitilat.lahitapiola.fi [301] [GET] [text/html] [301 Moved Permanently] [] [vhost] [4f8e702cc244ec5d4de32740c0ecbd97]
https://yrityksenomatalous.lahitapiola.fi [404] [GET] [text/html] [404 Not Found] [nginx] [Nginx,Varnish:6.1] [91bb1b56d0269c877c3eabe134f366c0]
https://yrityspalvelu.lahitapiola.fi [200] [GET] [text/html] [Uudelleenohjaus Tapiolan Yrityspalveluun] [] [ff6b0485b28175cea24e8556508b45a7]
http://talous.lahitapiola.fi [200] [GET] [text/html] [LähiTapiola - Palvelussa on huoltokatko] [Microsoft-IIS/8.5] [vhost] [Bootstrap,IIS:8.5,Windows Server] [4aaf2d19a223eb8db93ce4e1fd97e687]
http://vuokra-asunnot.lahitapiola.fi [302] [GET] [text/html] [] [nginx + Phusion Passenger 5.0.2] [vhost] [Nginx,Phusion Passenger:5.0.2] [755a75aa9406c9740a31900a185484c1]
