http://api.sellercenter.lazada.com.my [301] [GET] [text/html] [301 Moved Permanently] [Tengine/Aserver] [Tengine] [c6eee52eb2f0b8d48f818d75278c08e8]
http://least.lazada.com.my [301] [GET] [text/html] [301 Moved Permanently] [Tengine/Aserver] [Tengine] [c6eee52eb2f0b8d48f818d75278c08e8]
https://ab.lazada.com.my [404] [GET] [text/html] [] [Tengine/Aserver] [vhost] [Tengine] [5a2bce9d53f443761357fef4f5674ca7]
https://acs-m.lazada.com.my [403] [GET] [text/html] [403 Forbidden] [Tengine/Aserver] [vhost] [Tengine] [87aa011fa3c08762534507eeb4dda381]
https://acs-m.lazada.com.my [403] [GET] [text/html] [403 Forbidden] [Tengine/Aserver] [vhost] [Tengine] [d13d967f39e17cc9173a8194c5c25914]
https://admin.education.lazada.com.my [302] [GET] [text/html] [302 Found] [Tengine/Aserver] [vhost] [Tengine] [43276b3c9487605068688498af0acfab]
https://admin.lazada.com.my [302] [GET] [text/html] [302 Found] [Tengine/Aserver] [Tengine] [43276b3c9487605068688498af0acfab]
https://admin-m.lazada.com.my [404] [GET] [text/html] [404 Not Found] [Tengine/Aserver] [Tengine] [335b54655d0a6f2d077881e1d28624f6]
https://admin-m.lazada.com.my [404] [GET] [text/html] [404 Not Found] [Tengine/Aserver] [Tengine] [5c5c0e4e18bc8920aa9785966f63ab30]
https://admin-p.lazada.com.my [200] [GET] [text/html] [] [Tengine/Aserver] [Tengine] [0de7633f315229d9274bad60f531285b]
https://admin-p.lazada.com.my [200] [GET] [text/html] [] [Tengine/Aserver] [Tengine] [0e7d3e01104d5ac0e8c25be39b206484]
https://admin.sellercenter.lazada.com.my [302] [GET] [text/html] [302 Found] [Tengine/Aserver] [Tengine] [43276b3c9487605068688498af0acfab]
https://admin-staging.education.lazada.com.my [302] [GET] [text/html] [302 Found] [Tengine/Aserver] [vhost] [Tengine] [43276b3c9487605068688498af0acfab]
https://adsense.lazada.com.my [302] [GET] [] [] [Tengine/Aserver] [vhost] [Tengine] [d41d8cd98f00b204e9800998ecf8427e]
https://affiliate.lazada.com.my [200] [GET] [] [] [Tengine/Aserver] [vhost] [Tengine] [d41d8cd98f00b204e9800998ecf8427e]
https://ali.lazada.com.my [200] [GET] [text/html] [Lazada.com.my: Best Online Shopping in Malaysia] [Tengine/Aserver] [vhost] [Lazada,Tengine] [b9d08478a80ee991bd7b559366080446]
https://ali.lazada.com.my [200] [GET] [text/html] [Lazada.com.my: Best Online Shopping in Malaysia] [Tengine/Aserver] [vhost] [Tengine] [1c9f1cb3fed74c853c0ff648ae598e49]
https://api-pre.lazada.com.my [200] [GET] [text/html] [] [Tengine/Aserver] [Tengine] [b3f8c141b72b7dab3ee7f2c1f6754c2e]
https://api-pre.lazada.com.my [200] [GET] [text/html] [] [Tengine/Aserver] [Tengine] [f4c851521a7010115bb6a2e47ced3d53]
https://api-xspace.lazada.com.my [302] [GET] [text/html] [302 Found] [Tengine/Aserver] [vhost] [Tengine] [ca862016d6c92c0e14232962898c3e79]
https://asc-hub.lazada.com.my [404] [GET] [text/html] [404 Not Found] [Tengine/Aserver] [Tengine] [31125df42d1d785c28a3cf63769a1d2d]
https://asc-hub.lazada.com.my [404] [GET] [text/html] [404 Not Found] [Tengine/Aserver] [Tengine] [6fa72df7007970bf8ff42c496e2caba4]
https://ba-buyer.lazada.com.my [200] [GET] [text/plain] [] [Tengine/Aserver] [vhost] [Tengine] [8c02547a8a3b02382bac3557bcb2280d]
https://ba-buyer-staging.lazada.com.my [200] [GET] [text/html] [] [Tengine/Aserver] [Tengine] [0407e48740a5c125b58aa42c6eab04d9]
https://ba-buyer-staging.lazada.com.my [200] [GET] [text/html] [] [Tengine/Aserver] [Tengine] [4136fd9f7feac05e75f217d661e441a8]
https://cart-m.lazada.com.my [404] [GET] [text/html] [] [Tengine/Aserver] [vhost] [Tengine] [357c171a118b41bcc4775403070a006e]
https://cart-p.lazada.com.my [200] [GET] [text/html] [] [Tengine/Aserver] [Tengine] [8893adb4d236c9e0381715bd8d5a7fed]
https://cart-p.lazada.com.my [200] [GET] [text/html] [] [Tengine/Aserver] [Tengine] [d14ca94b4a8328785e2d5ee2ffd87f03]
https://cb-customs.lazada.com.my [404] [GET] [text/html] [404 Not Found] [Tengine/Aserver] [Tengine] [8d085e48bce845cdc04833b17c3caa95]
https://cb-customs.lazada.com.my [404] [GET] [text/html] [404 Not Found] [Tengine/Aserver] [Tengine] [c1f8109bcfb0b400ce352f396f25b9ea]
https://checkout.lazada.com.my [302] [GET] [text/html] [302 Found] [Tengine/Aserver] [vhost] [Tengine] [ca862016d6c92c0e14232962898c3e79]
https://checkout-m.lazada.com.my [404] [GET] [text/html] [] [Tengine/Aserver] [vhost] [Tengine] [bae5ed21668e8ebad9c86e603fa74053]
https://checkout-p.lazada.com.my [200] [GET] [text/html] [] [Tengine/Aserver] [Tengine] [0a7f4d400b7decd2bae1174ae219ca09]
https://checkout-p.lazada.com.my [200] [GET] [text/html] [] [Tengine/Aserver] [Tengine] [7e883b20aad6e4a5f2eb8461dd5e3d22]
https://c.lazada.com.my [302] [GET] [text/html] [302 Found] [Tengine/Aserver] [vhost] [Tengine] [ca862016d6c92c0e14232962898c3e79]
https://connected.lazada.com.my [200] [GET] [] [] [Tengine/Aserver] [vhost] [Tengine] [78fc92d25e3406b478c7883fcfed0fbd]
https://creative.lazada.com.my [200] [GET] [text/plain] [Content Platform] [Tengine/Aserver] [vhost] [Java,Spring,Tengine] [ea7720f3051466afb7d7d525a72b4357]
https://crossborder.lazada.com.my [302] [GET] [] [] [Tengine/Aserver] [vhost] [Tengine] [d41d8cd98f00b204e9800998ecf8427e]
https://cs.lazada.com.my [200] [GET] [text/html] [] [Tengine/Aserver] [vhost] [Tengine] [81379077fae010cb04efbdc8eb02fff6]
https://cs.lazada.com.my [200] [GET] [text/html] [] [Tengine/Aserver] [vhost] [Tengine] [f3771ce72e4e015dd3a422ea31eeda9a]
https://datafeeds.lazada.com.my [404] [GET] [application/json] [] [Tengine/Aserver] [vhost] [Tengine] [414a8fd83039014ff684072b0467ac13]
https://datafeeds.lazada.com.my [404] [GET] [application/json] [] [Tengine/Aserver] [vhost] [Tengine] [4c3fcb4dd61f7a262d035e43899e4be1]
https://digital.lazada.com.my [400] [GET] [text/html] [Invalid URL] [AkamaiGHost] [d133969c5a3d162bae20a2991b2f01d4]
https://digital.lazada.com.my [400] [GET] [text/html] [Invalid URL] [AkamaiGHost] [e540e4968656a3d80e531e10fa14d075]
https://eco-acc.lazada.com.my [404] [GET] [text/html] [404 Not Found] [Tengine/Aserver] [Tengine] [3622d8d26721ded11cb2862d4fdfa9a5]
https://eco-acc.lazada.com.my [404] [GET] [text/html] [404 Not Found] [Tengine/Aserver] [Tengine] [485f77ce311baee8ef1091374f2d9177]
https://eco-device.lazada.com.my [404] [GET] [text/html] [404 Not Found] [Tengine/Aserver] [Tengine] [4926f8302bbdceddc9b9ae9733c8b226]
https://eco-device.lazada.com.my [404] [GET] [text/html] [404 Not Found] [Tengine/Aserver] [Tengine] [6eb41e90551769cd5211110f7c5b5033]
https://eco.lazada.com.my [404] [GET] [text/html] [404 Not Found] [Tengine/Aserver] [Tengine] [51b65961bfda19a0470c988ca6d1a22a]
https://eco.lazada.com.my [404] [GET] [text/html] [404 Not Found] [Tengine/Aserver] [Tengine] [981e249d6055b7005ae91eea04499f32]
https://education.lazada.com.my [200] [GET] [text/html] [Lazada University] [Tengine/Aserver] [vhost] [Tengine] [253d85d65b352f6bef718269a0f57933]
https://education.lazada.com.my [200] [GET] [text/html] [Lazada University] [Tengine/Aserver] [vhost] [Tengine] [b79e4d26349311d6615296419135fab8]
https://email.lazada.com.my [403] [GET] [text/html] [403 Forbidden] [Apache] [Apache] [bb8f534fbff5ee61a95af9c4740ae043]
https://enterpriseenrollment.lazada.com.my [302] [GET] [] [] [Microsoft-IIS/10.0] [azure] [IIS:10.0,Microsoft ASP.NET:4.0.30319,Windows Server] [d41d8cd98f00b204e9800998ecf8427e]
https://enterpriseenrollment.lazada.com.my [302] [GET] [] [] [Microsoft-IIS/10.0] [azure] [IIS:10.0,Microsoft ASP.NET,Windows Server] [d41d8cd98f00b204e9800998ecf8427e]
https://enterpriseregistration.lazada.com.my [404] [GET] [text/html] [Service] [] [azure] [17654c28a506596d05424ea295203bac]
https://er.lazada.com.my [200] [GET] [text/html] [ER] [Tengine] [vhost] [Tengine] [1c5042579b1ee71d312dbf049adc2477]
https://er-p.lazada.com.my [200] [GET] [text/html] [ER] [Tengine] [vhost] [Tengine] [1c5042579b1ee71d312dbf049adc2477]
https://er-search.lazada.com.my [403] [GET] [application/xml] [] [Tengine] [vhost] [Tengine] [4eddb18f495ed7d139b935772370a765]
https://filebroker-cdn.lazada.com.my [200] [GET] [application/octet-stream] [] [Tengine] [vhost] [Tengine] [0cc175b9c0f1b6a831c399e269772661]
https://filebroker.lazada.com.my [200] [GET] [text/plain] [] [Tengine/Aserver] [vhost] [Tengine] [5058f1af8388633f609cadb75a75dc9d]
https://filebroker-staging.lazada.com.my [200] [GET] [text/html] [] [Tengine/Aserver] [Tengine] [f581da146e08b339219b70c8fc984524]
https://filebroker-staging.lazada.com.my [200] [GET] [text/html] [] [Tengine/Aserver] [vhost] [Tengine] [6303b0776638e4d1e895137d6b9ac474]
https://gmcp.lazada.com.my [200] [GET] [text/html] [Global Media Creative Platform] [Tengine/Aserver] [vhost] [Tengine] [e6833978a8ab5e0263c2cd4069dcb08b]
https://gmcp.lazada.com.my [200] [GET] [text/html] [Global Media Creative Platform] [Tengine/Aserver] [vhost] [Tengine] [fc032726561de656c554b7fdc7e09b0e]
https://h5-alimebot.lazada.com.my [200] [GET] [application/json] [] [Tengine/Aserver] [vhost] [Java,Spring,Tengine] [e2a98308e7869828e561710d44a1be08]
https://ho.lazada.com.my [404] [GET] [] [] [nginx] [Nginx] [d41d8cd98f00b204e9800998ecf8427e]
https://ifs.lazada.com.my [200] [GET] [text/html] [] [Tengine/Aserver] [vhost] [Java,Spring,Tengine] [6540839b7153df7f3910830853c1fec3]
https://ifs.lazada.com.my [200] [GET] [text/html] [] [Tengine/Aserver] [vhost] [Java,Spring,Tengine] [909b8f26f55e506442bcd7e53d0c4d6d]
https://i.lazada.com.my [200] [GET] [text/html] [Lazada.com.my: Best Online Shopping in Malaysia] [Tengine] [vhost] [Tengine] [f8d1745d5d2af8c281e368772406a9b6]
https://i.lazada.com.my [301] [GET] [] [] [Tengine] [vhost] [Tengine] [c1672b641f87a9cde48e9120d2a11e85]
https://jmacs-m.lazada.com.my [403] [GET] [text/html] [403 Forbidden] [Tengine/Aserver] [Tengine] [13dd0a01a111ac43bc547039fbf4e86f]
https://ju.lazada.com.my [302] [GET] [image/gif] [] [] [vhost] [ad4b0f606e0f8465bc4c4c170b37e1a3]
https://lazada.com.my [301] [GET] [text/html] [301 Moved Permanently] [Tengine/Aserver] [vhost] [Tengine] [67194376ec810b1466000b45b043ab94]
https://lighthouse.lazada.com.my [200] [GET] [text/html] [Lighthouse] [Tengine/Aserver] [vhost] [Java,Spring,Tengine] [0ff0d7e085593be74db4e6d21b58836e]
https://lighthouse.lazada.com.my [200] [GET] [text/html] [Lighthouse] [Tengine/Aserver] [vhost] [Java,Spring,Tengine] [ee48cd1ff12b4928684208889cda5aba]
https://locker.lazada.com.my [200] [GET] [text/html] [Lazada - Digital Delivery Center] [] [vhost] [incapsula] [Imperva,Java] [109f3166998eb7772477cb4a9943c390]
https://locker.lazada.com.my [200] [GET] [text/html] [Lazada - Digital Delivery Center] [] [vhost] [incapsula] [Imperva,Java] [6ad44f92217e57f824c33b6502b1b32b]
https://login.sellercenter.lazada.com.my [302] [GET] [text/html] [302 Found] [Tengine/Aserver] [vhost] [Tengine] [ca862016d6c92c0e14232962898c3e79]
https://media.lazada.com.my [404] [GET] [text/html] [404 Not Found] [Tengine/Aserver] [Tengine] [0a67f06fd28dffa60e0e0995d023ec2d]
https://media.lazada.com.my [404] [GET] [text/html] [404 Not Found] [Tengine/Aserver] [Tengine] [70f6c55ec3a0f91fc95fbc71316e5842]
https://member.lazada.com.my [302] [GET] [text/html] [302 Found] [Tengine/Aserver] [vhost] [Tengine] [ca862016d6c92c0e14232962898c3e79]
https://member-m.lazada.com.my [302] [GET] [text/html] [302 Found] [Tengine/Aserver] [vhost] [Tengine] [ca862016d6c92c0e14232962898c3e79]
https://member-p.lazada.com.my [200] [GET] [text/html] [] [Tengine/Aserver] [Tengine] [34a4e98fd029e0da4600d4ae097ac354]
https://member-p.lazada.com.my [200] [GET] [text/html] [] [Tengine/Aserver] [Tengine] [fca4fb393f470293e216262d673e9012]
https://m.lazada.com.my [301] [GET] [] [] [Tengine] [vhost] [Tengine] [c1672b641f87a9cde48e9120d2a11e85]
https://ms.adsense.lazada.com.my [302] [GET] [] [] [Tengine/Aserver] [vhost] [Tengine] [d41d8cd98f00b204e9800998ecf8427e]
https://m.sellercenter.lazada.com.my [302] [GET] [] [] [Tengine/Aserver] [vhost] [Tengine] [d41d8cd98f00b204e9800998ecf8427e]
https://msgacs-m.lazada.com.my [403] [GET] [text/html] [403 Forbidden] [Tengine/Aserver] [Tengine] [f2f502d9898d86e63fd1e3f228aba295]
https://msgx-space.lazada.com.my [302] [GET] [text/html] [302 Found] [Tengine/Aserver] [vhost] [Tengine] [ca862016d6c92c0e14232962898c3e79]
https://ms.locker.lazada.com.my [200] [GET] [text/html] [Lazada - Digital Delivery Center] [] [vhost] [incapsula] [Imperva,Java] [40eb7ce999ea9b831eeef3c4ff7f9ac3]
https://ms.locker.lazada.com.my [200] [GET] [text/html] [Lazada - Digital Delivery Center] [] [vhost] [incapsula] [Imperva,Java] [78fef1120b32801124f8eb9568a915f0]
https://msoid.lazada.com.my [302] [GET] [text/html] [Object moved] [] [vhost] [azure] [67dc47621d0dca9dc8d849ee26494c3b]
https://my.lazada.com.my [302] [GET] [text/html] [302 Found] [Tengine/Aserver] [vhost] [Tengine] [ca862016d6c92c0e14232962898c3e79]
https://my-m.lazada.com.my [404] [GET] [text/html] [] [Tengine/Aserver] [vhost] [Tengine] [260bdf052c40e92b4c5e7f00a2e93d09]
https://my-p.lazada.com.my [200] [GET] [text/html] [] [Tengine/Aserver] [Tengine] [26a7c72f303a1d9531a49e581cbedd3e]
https://my-p.lazada.com.my [200] [GET] [text/html] [] [Tengine/Aserver] [Tengine] [65187e57443eab1cbdb71c7fa45ebdf2]
https://nest.sellercenter.lazada.com.my [302] [GET] [text/html] [] [Tengine/Aserver] [vhost] [Tengine] [1e07be36874e8f15a647cc49775fa53e]
https://openapi.lazada.com.my [404] [GET] [text/html] [404 Not Found] [Tengine/Aserver] [Tengine] [1f9bc2d785803dfcd0f97e367d866f60]
https://openapi.lazada.com.my [404] [GET] [text/html] [404 Not Found] [Tengine/Aserver] [Tengine] [e1f7a7da4577eab5e1ac2b708ae3e91f]
https://open.lazada.com.my [404] [GET] [text/html] [404 Not Found] [Tengine/Aserver] [Tengine] [334eef4f6b6132ebd7a77d5d75b801f0]
https://open.lazada.com.my [404] [GET] [text/html] [404 Not Found] [Tengine/Aserver] [Tengine] [e8daa6a7cc7380eb2e8d73ff232b2f50]
https://orders.lazada.com.my [403] [GET] [text/html] [403 Forbidden] [Apache] [Apache] [bb8f534fbff5ee61a95af9c4740ae043]
https://pages.lazada.com.my [200] [GET] [text/html] [Lazada.com.my: Best Online Shopping in Malaysia] [Tengine/Aserver] [vhost] [Lazada,Tengine] [b9d08478a80ee991bd7b559366080446]
https://pdp-beta.lazada.com.my [502] [GET] [text/html] [502 Bad Gateway] [Tengine/Aserver] [vhost] [Tengine] [c065b9e7de425a56ed45f00b4abee936]
https://pdp-beta.lazada.com.my [502] [GET] [text/html] [502 Bad Gateway] [Tengine/Aserver] [vhost] [Tengine] [c7dd0ecad65e1f360a4add3389578ea2]
https://pdpdesc.lazada.com.my [404] [GET] [text/html] [404 Not Found] [Tengine/Aserver] [Tengine] [2ac66dad9f10a307ae499f82b25376b9]
https://pdpdesc.lazada.com.my [404] [GET] [text/html] [404 Not Found] [Tengine/Aserver] [Tengine] [95723b5cd6ad1ef79fa1461282d9e39c]
https://pdpdesc-m.lazada.com.my [404] [GET] [application/json] [] [Tengine/Aserver] [vhost] [Java,Spring,Tengine] [9f6c058acbdb5369299fe62d0fbcbace]
https://pdpdesc-m.lazada.com.my [404] [GET] [application/json] [] [Tengine/Aserver] [vhost] [Java,Spring,Tengine] [d3f1f93fa8488c01182757e1ccd260e0]
https://pdpdesc-p.lazada.com.my [200] [GET] [text/html] [] [Tengine/Aserver] [Tengine] [1c9f34b08d3bec4474291a486d656700]
https://pdpdesc-p.lazada.com.my [200] [GET] [text/html] [] [Tengine/Aserver] [Tengine] [60f37a73956eef11e8996036e61eb3ef]
https://pdp.lazada.com.my [200] [GET] [text/html] [] [Tengine/Aserver] [vhost] [Bootstrap:3.3.7,Tengine] [b05beb65e7d82a8a17f2174d926e9bf4]
https://pdp-p.lazada.com.my [200] [GET] [text/html] [] [Tengine/Aserver] [Tengine] [0ccdcaca60a51b552e1a957b8acfd631]
https://pdp-p.lazada.com.my [200] [GET] [text/html] [] [Tengine/Aserver] [Tengine] [78ff07fd759146cf12b221a73d3cb8a4]
https://pform.lazada.com.my [404] [GET] [text/html] [] [Tengine] [vhost] [Tengine] [5a2bce9d53f443761357fef4f5674ca7]
https://pre-adsense.lazada.com.my [200] [GET] [text/html] [] [Tengine/Aserver] [Tengine] [8b0028419633fbc9b83aa7a617035b54]
https://pre-adsense.lazada.com.my [200] [GET] [text/html] [] [Tengine/Aserver] [Tengine] [eded53fe657c74c8c6e459a6a02e20df]
https://pre-c.lazada.com.my [200] [GET] [text/html] [] [Tengine/Aserver] [Tengine] [e17fdef66dafbdc8d1759683c62ef767]
https://pre-c.lazada.com.my [200] [GET] [text/html] [] [Tengine/Aserver] [vhost] [Tengine] [4dec84cd2e4fd2bea6acbc3b1c9440d3]
https://pre-connected.lazada.com.my [200] [GET] [text/html] [] [Tengine/Aserver] [Tengine] [7600015c919d7fdc53850ca3724e0ff1]
https://pre-connected.lazada.com.my [200] [GET] [text/html] [] [Tengine/Aserver] [Tengine] [c1e36594362cee7a72e00fa13291af0a]
https://pre-gmcp.lazada.com.my [200] [GET] [text/html] [] [Tengine/Aserver] [Tengine] [9811a65236c95770223d9c618d3189b0]
https://pre-gmcp.lazada.com.my [200] [GET] [text/html] [] [Tengine/Aserver] [Tengine] [cfadeabca4d5878400ce812c1efa2143]
https://pre-h5-alimebot.lazada.com.my [200] [GET] [text/html] [] [Tengine/Aserver] [Tengine] [4c04362bc7d1c888ce4f2660b2df91b7]
https://pre-h5-alimebot.lazada.com.my [200] [GET] [text/html] [] [Tengine/Aserver] [Tengine] [97132ed993045626d4f48b18bde1ad30]
https://pre-login-openaccount-sg94.lazada.com.my [200] [GET] [text/html] [] [Tengine/Aserver] [Tengine] [24bdb7e969c214bc5186650865483b81]
https://pre-login-openaccount-sg94.lazada.com.my [200] [GET] [text/html] [] [Tengine/Aserver] [Tengine] [89fd5a171e3d8d617b7eb04a51d6b1c7]
https://pre-psc-alimebot.lazada.com.my [200] [GET] [text/html] [] [Tengine/Aserver] [Tengine] [88853d532d65a67d3ffd258616b7b472]
https://pre-psc-alimebot.lazada.com.my [200] [GET] [text/html] [] [Tengine/Aserver] [Tengine] [bbc2423407057394f024f42d0d26668d]
https://pre-shop-alimebot.lazada.com.my [200] [GET] [text/html] [] [Tengine/Aserver] [Tengine] [80c778de4ad8c7ffa053d76f4bb4a4dc]
https://pre-wallet.lazada.com.my [200] [GET] [text/html] [] [Tengine/Aserver] [Tengine] [00390c0f350a49b2a3b5b4594c753f29]
https://pre-wallet.lazada.com.my [200] [GET] [text/html] [] [Tengine/Aserver] [Tengine] [e2df1efa74ab7fd616122d6ee0e2769f]
https://pre-xspace.lazada.com.my [200] [GET] [text/html] [] [Tengine/Aserver] [Tengine] [7ad974c40892bab9f4e7f594fbff1aa1]
https://pre-xspace.lazada.com.my [200] [GET] [text/html] [] [Tengine/Aserver] [Tengine] [86d5b1e686a1c63c30e439cf39a20ae1]
https://pre-xspace-social.lazada.com.my [200] [GET] [text/html] [] [Tengine/Aserver] [Tengine] [33790b4b2d4ae1e4d6a537be81b7711c]
https://psc-alimebot.lazada.com.my [302] [GET] [] [] [Tengine/Aserver] [vhost] [Tengine] [d41d8cd98f00b204e9800998ecf8427e]
https://rest.lazada.com.my [404] [GET] [text/html] [404 Not Found] [Tengine/Aserver] [Tengine] [60f807e97f76ecafeaee96dccb753f57]
https://rest.lazada.com.my [404] [GET] [text/html] [404 Not Found] [Tengine/Aserver] [Tengine] [fc71bdacefc088954330f0b6f9e61180]
https://search-p.lazada.com.my [200] [GET] [text/html] [] [Tengine/Aserver] [Tengine] [3e4aa92411fd7fbb4d0bffcf23de57e0]
https://search-p.lazada.com.my [200] [GET] [text/html] [] [Tengine/Aserver] [Tengine] [d04e00745e2089153eedaed5a1e810e7]
https://sellercenter.lazada.com.my [302] [GET] [] [] [Tengine/Aserver] [vhost] [Java,Tengine] [d41d8cd98f00b204e9800998ecf8427e]
https://sellercenter-staging.lazada.com.my [200] [GET] [text/html] [] [Tengine/Aserver] [Tengine] [164f25491e5be58b16bc60bfdcefde0e]
https://sellercenter-staging.lazada.com.my [200] [GET] [text/html] [] [Tengine/Aserver] [Tengine] [9b9b44a407bac1e23dc8b1772d606b7c]
https://shop-alimebot.lazada.com.my [200] [GET] [text/html] [alimebot] [Tengine/Aserver] [vhost] [Java,Spring,Tengine] [660a30c02870d832cbfe4cdb3ce4008c]
https://shop-alimebot.lazada.com.my [200] [GET] [text/html] [alimebot] [Tengine/Aserver] [vhost] [Java,Spring,Tengine] [e89011b5ecb5572ba7740a9ac7612df5]
https://s.lazada.com.my [302] [GET] [text/html] [302 Found] [Tengine/Aserver] [vhost] [Tengine] [bfac680f5601df0f5482fd08c8c970a7]
https://social-xspace.lazada.com.my [302] [GET] [text/html] [302 Found] [Tengine/Aserver] [vhost] [Tengine] [ca862016d6c92c0e14232962898c3e79]
https://solution.lazada.com.my [302] [GET] [] [] [Tengine/Aserver] [vhost] [Tengine] [d41d8cd98f00b204e9800998ecf8427e]
https://ssc.lazada.com.my [302] [GET] [] [] [Tengine/Aserver] [vhost] [Tengine] [d41d8cd98f00b204e9800998ecf8427e]
https://ssc-staging.lazada.com.my [200] [GET] [text/html] [] [Tengine/Aserver] [Tengine] [3d83941fde7a4fb3cc0ab64ca0b6849e]
https://ssc-staging.lazada.com.my [200] [GET] [text/html] [] [Tengine/Aserver] [Tengine] [75b322daf974f20ade509a9b10c9767b]
https://ssr-std.lazada.com.my [200] [GET] [application/json] [] [Tengine/Aserver] [vhost] [Tengine] [2accc21a6db24d5baefad8a762a8fc10]
https://station.lazada.com.my [200] [GET] [application/octet-stream] [Home Page] [Tengine/Aserver] [vhost] [Bootstrap:4.3.1,Font Awesome,Tengine] [15d0e4ccab7d02a834148ce6c49c3635]
https://store.lazada.com.my [302] [GET] [text/html] [302 Found] [Tengine/Aserver] [vhost] [Tengine] [ca862016d6c92c0e14232962898c3e79]
https://stp.lazada.com.my [302] [GET] [text/html] [302 Found] [Tengine/Aserver] [vhost] [Tengine] [ca862016d6c92c0e14232962898c3e79]
https://survey.lazada.com.my [200] [GET] [text/html] [] [Tengine/Aserver] [vhost] [Tengine] [42aa077e88065fbb517c8ece132b8567]
https://survey.lazada.com.my [200] [GET] [text/html] [] [Tengine/Aserver] [vhost] [Tengine] [d2fd1e1ef2dbd28fc4989627da223bd9]
https://taobao.lazada.com.my [200] [GET] [text/html] [Taobao Collection] [Tengine/Aserver] [vhost] [Tengine] [43259c81df908b767464b357659bdb45]
https://taobao.lazada.com.my [200] [GET] [text/html] [Taobao Collection] [Tengine/Aserver] [vhost] [Tengine] [6dc657a85dd279fd54065556698e60f0]
https://uapi-xspace.lazada.com.my [302] [GET] [text/html] [302 Found] [Tengine/Aserver] [vhost] [Tengine] [ca862016d6c92c0e14232962898c3e79]
https://u.lazada.com.my [302] [GET] [text/html] [302 Found] [Tengine/Aserver] [vhost] [Tengine] [ca862016d6c92c0e14232962898c3e79]
https://union.lazada.com.my [200] [GET] [text/html] [Lazada.com.my: Best Online Shopping in Malaysia] [Tengine/Aserver] [vhost] [Lazada,Tengine] [1ba1665efea1601057b8823a51bda22e]
https://union.lazada.com.my [200] [GET] [text/html] [Lazada.com.my: Best Online Shopping in Malaysia] [Tengine/Aserver] [vhost] [Tengine] [1c9f1cb3fed74c853c0ff648ae598e49]
https://university.lazada.com.my [200] [GET] [text/html] [Lazada University] [Tengine/Aserver] [vhost] [Tengine] [adba6fc0e04cd5eac37de262e89e439b]
https://university.lazada.com.my [200] [GET] [text/html] [Lazada University] [Tengine/Aserver] [vhost] [Tengine] [fbf5e7fff7461ffef78e7d21b0b76a1b]
https://wallet.lazada.com.my [302] [GET] [text/html] [302 Found] [Tengine/Aserver] [vhost] [Tengine] [ca862016d6c92c0e14232962898c3e79]
https://webim.lazada.com.my [302] [GET] [text/html] [302 Found] [Tengine/Aserver] [vhost] [Tengine] [ca862016d6c92c0e14232962898c3e79]
https://www.lazada.com.my [200] [GET] [text/html] [Lazada.com.my: Best Online Shopping in Malaysia] [Tengine/Aserver] [vhost] [Lazada,Tengine] [1ba1665efea1601057b8823a51bda22e]
https://www.locker.lazada.com.my [200] [GET] [text/html] [] [] [vhost] [incapsula] [Imperva,Java] [6034132c3225ef149afbc4dabce0da7b]
https://www.locker.lazada.com.my [200] [GET] [text/html] [] [] [vhost] [incapsula] [Imperva,Java] [a70a8df365c7a36e1935edc9cac7f35a]
https://www.ms.locker.lazada.com.my [200] [GET] [text/html] [] [] [vhost] [incapsula] [Imperva,Java] [8cc28fa77c07cadbaf841a77f5608cba]
https://www.ms.locker.lazada.com.my [200] [GET] [text/html] [] [] [vhost] [incapsula] [Imperva,Java] [afe98173da12e20d597a1e4949250ae2]
https://xform.lazada.com.my [302] [GET] [text/html] [302 Found] [Tengine/Aserver] [vhost] [Tengine] [ca862016d6c92c0e14232962898c3e79]
https://xspace.lazada.com.my [200] [GET] [text/html] [Agent Workbench] [Tengine/Aserver] [vhost] [Tengine] [6141f130f3378f5966a75f61aa415190]
https://xspace.lazada.com.my [200] [GET] [text/html] [Agent Workbench] [Tengine/Aserver] [vhost] [Tengine] [80cf729f9a132078b58c0ff8a9159507]
http://topup.lazada.com.my [301] [GET] [text/html] [301 Moved Permanently] [Tengine/Aserver] [Tengine] [c6eee52eb2f0b8d48f818d75278c08e8]
