http://gpss.lazada.co.id [404] [GET] [text/html] [Error 404 (Not Found)!!1] [ghs] [b81150861bf911f947660cf73bce77f6]
https://ab.lazada.co.id [404] [GET] [text/html] [] [Tengine/Aserver] [vhost] [Tengine] [5a2bce9d53f443761357fef4f5674ca7]
https://acs-m.lazada.co.id [403] [GET] [text/html] [403 Forbidden] [Tengine/Aserver] [vhost] [Tengine] [0c4e7bfe93e39138e120c850decaddf9]
https://acs-m.lazada.co.id [403] [GET] [text/html] [403 Forbidden] [Tengine/Aserver] [vhost] [Tengine] [5b5aec6dd15be1e49810be0a86661d18]
https://acs-m-sg.lazada.co.id [403] [GET] [text/html] [403 Forbidden] [Tengine/Aserver] [vhost] [Tengine] [bb6ddc77a9c3768e8d4386236e437275]
https://acs-m-sg.lazada.co.id [403] [GET] [text/html] [403 Forbidden] [Tengine/Aserver] [vhost] [Tengine] [c0d3e597cebbf70dfc358146f0c598f2]
https://acs-wapa.lazada.co.id [200] [GET] [text/html] [] [Tengine/Aserver] [Tengine] [66bdce57ebfeac02b5747221445469df]
https://acs-wapa.lazada.co.id [200] [GET] [text/html] [] [Tengine/Aserver] [vhost] [Tengine] [578e41c0b47dd85b8fa0935e1b1cbf84]
https://admin.education.lazada.co.id [302] [GET] [text/html] [302 Found] [Tengine/Aserver] [Tengine] [43276b3c9487605068688498af0acfab]
https://admin.lazada.co.id [302] [GET] [text/html] [302 Found] [Tengine/Aserver] [Tengine] [43276b3c9487605068688498af0acfab]
https://admin-staging.education.lazada.co.id [302] [GET] [text/html] [302 Found] [Tengine/Aserver] [Tengine] [43276b3c9487605068688498af0acfab]
https://admin-staging.education.lazada.co.id [302] [GET] [text/html] [302 Found] [Tengine/Aserver] [vhost] [Tengine] [43276b3c9487605068688498af0acfab]
https://adsense.lazada.co.id [302] [GET] [] [] [Tengine/Aserver] [vhost] [Tengine] [d41d8cd98f00b204e9800998ecf8427e]
https://affiliate.lazada.co.id [200] [GET] [] [] [Tengine/Aserver] [vhost] [Tengine] [d41d8cd98f00b204e9800998ecf8427e]
https://air-ual.lazada.co.id [404] [GET] [text/html] [] [Tengine/Aserver] [vhost] [Tengine] [5a2bce9d53f443761357fef4f5674ca7]
https://ali.lazada.co.id [200] [GET] [text/html] [Lazada.co.id | Jual Beli Online Terbaik di Indonesia] [Tengine/Aserver] [vhost] [Lazada,Tengine] [104f329e8f2944ff8fc686e6ba21e88b]
https://ali.lazada.co.id [200] [GET] [text/html] [Lazada.co.id | Jual Beli Online Terbaik di Indonesia] [Tengine/Aserver] [vhost] [Lazada,Tengine] [2b5a16f45ae42284f6abd535b3541c89]
https://api.lazada.co.id [404] [GET] [text/html] [] [Tengine/Aserver] [vhost] [Tengine] [31751d9a8251760f6b1f21b229b870cf]
https://arup-m.lazada.co.id [200] [GET] [text/html] [] [Tengine/Aserver] [vhost] [Tengine] [c01d5e767a313c66dd3a8d672a5038a8]
https://asc-hub.lazada.co.id [404] [GET] [text/html] [404 Not Found] [Tengine/Aserver] [Tengine] [11f317212bc2518748e107e76f5f1e64]
https://asc-hub.lazada.co.id [404] [GET] [text/html] [404 Not Found] [Tengine/Aserver] [Tengine] [814459ad7da11c058b7850ef3d32b62d]
https://c360-ali.lazada.co.id [404] [GET] [text/html] [404 Not Found] [Tengine/Aserver] [Tengine] [3d2682dbf3a3d3aff5678b7d5e20c488]
https://c360-ali.lazada.co.id [404] [GET] [text/html] [404 Not Found] [Tengine/Aserver] [Tengine] [4df959fa9a281d92e8e7ea5000d64309]
https://c360.lazada.co.id [404] [GET] [text/html] [404 Not Found] [Tengine/Aserver] [Tengine] [5376006645de8a1f1111c34d28a00491]
https://c360.lazada.co.id [404] [GET] [text/html] [404 Not Found] [Tengine/Aserver] [Tengine] [5f13b26864bb88ad755d9bed10936365]
https://cart.lazada.co.id [302] [GET] [text/html] [302 Found] [Tengine/Aserver] [vhost] [Tengine] [ca862016d6c92c0e14232962898c3e79]
https://cart-m.lazada.co.id [302] [GET] [text/html] [] [Tengine/Aserver] [vhost] [Tengine] [c0959ee8ab4b23096e83a0dfae1dd57f]
https://checkout-m.lazada.co.id [302] [GET] [text/html] [] [Tengine/Aserver] [vhost] [Tengine] [a0aca5ff98142faec6e9ef4064fca6a7]
https://checkout-p.lazada.co.id [200] [GET] [text/html] [] [Tengine/Aserver] [Tengine] [c2ac13ccd3b146f525aaaf8963545c63]
https://checkout-p.lazada.co.id [200] [GET] [text/html] [] [Tengine/Aserver] [Tengine] [cd026328e09be3ded69c83fba6c8b960]
https://c.lazada.co.id [302] [GET] [text/html] [302 Found] [Tengine/Aserver] [vhost] [Tengine] [ca862016d6c92c0e14232962898c3e79]
https://community.lazada.co.id [200] [GET] [text/html] [Forum Diskusi Lazada - Tanya apa saja, temukan jawabannya! Yuk, diskusi dengan sesama Seller Lazada!] [Tengine/Aserver] [vhost] [Next.js,Node.js,React,Tengine,webpack] [62d3b7476e2ab0e947403c4798f09a7f]
https://community.lazada.co.id [200] [GET] [text/html] [Forum Diskusi Lazada - Tanya apa saja, temukan jawabannya! Yuk, diskusi dengan sesama Seller Lazada!] [Tengine/Aserver] [vhost] [Next.js,Node.js,React,Tengine,webpack] [7e6e794a23889e8cb63b529a33935ff7]
https://connected.lazada.co.id [404] [GET] [text/html] [404 Not Found] [Tengine/Aserver] [Tengine] [bddbcb73b727394cd99707c36277ca38]
https://connected.lazada.co.id [404] [GET] [text/html] [404 Not Found] [Tengine/Aserver] [Tengine] [fcf62c2d67746884d3dd71650982305a]
https://creative.lazada.co.id [200] [GET] [text/plain] [Content Platform] [Tengine/Aserver] [vhost] [Java,Spring,Tengine] [ea7720f3051466afb7d7d525a72b4357]
https://cs.lazada.co.id [200] [GET] [text/html] [] [Tengine/Aserver] [vhost] [Tengine] [36c14157ae78efd6c10e135fbedb0967]
https://cs.lazada.co.id [200] [GET] [text/html] [] [Tengine/Aserver] [vhost] [Tengine] [ba46caafb1121c189eb208fcd47d703e]
https://digital.lazada.co.id [400] [GET] [text/html] [Invalid URL] [AkamaiGHost] [3c5622f672028bf17bf471cf2cb6bf76]
https://digital.lazada.co.id [400] [GET] [text/html] [Invalid URL] [AkamaiGHost] [b96f093c47953d355ace7c82ab8440c6]
https://eco-acc.lazada.co.id [404] [GET] [text/html] [404 Not Found] [Tengine/Aserver] [Tengine] [013eeff6041cc800f08796d2ec70340e]
https://eco-acc.lazada.co.id [404] [GET] [text/html] [404 Not Found] [Tengine/Aserver] [Tengine] [a9194876fd81cb83706592ec734e057c]
https://eco-device.lazada.co.id [404] [GET] [text/html] [404 Not Found] [Tengine/Aserver] [Tengine] [054c270ec541d2c22427924216e50ac8]
https://eco-device.lazada.co.id [404] [GET] [text/html] [404 Not Found] [Tengine/Aserver] [Tengine] [f4d93894e639e5a0594bb94c87b4dc85]
https://eco.lazada.co.id [404] [GET] [text/html] [404 Not Found] [Tengine/Aserver] [Tengine] [0a50192a944696fa2a8649fcd4f4ed59]
https://eco.lazada.co.id [404] [GET] [text/html] [404 Not Found] [Tengine/Aserver] [Tengine] [d9bb08a979fb65deea400a54df71bca9]
https://education.lazada.co.id [200] [GET] [text/html] [Lazada University] [Tengine/Aserver] [vhost] [Tengine] [03d4ec274df71411f9065560dc6eb608]
https://education.lazada.co.id [200] [GET] [text/html] [Lazada University] [Tengine/Aserver] [vhost] [Tengine] [d0c58616ab136648f11c059f888bb3f5]
https://email.lazada.co.id [403] [GET] [text/html] [403 Forbidden] [Apache] [Apache] [bb8f534fbff5ee61a95af9c4740ae043]
https://enterpriseenrollment.lazada.co.id [302] [GET] [] [] [Microsoft-IIS/10.0] [azure] [IIS:10.0,Microsoft ASP.NET:4.0.30319,Windows Server] [d41d8cd98f00b204e9800998ecf8427e]
https://enterpriseregistration.lazada.co.id [404] [GET] [text/html] [Service] [] [azure] [17654c28a506596d05424ea295203bac]
https://er.lazada.co.id [200] [GET] [text/html] [ER] [Tengine] [vhost] [Tengine] [1c5042579b1ee71d312dbf049adc2477]
https://er-p.lazada.co.id [200] [GET] [text/html] [ER] [Tengine] [vhost] [Tengine] [1c5042579b1ee71d312dbf049adc2477]
https://er-search.lazada.co.id [403] [GET] [text/html] [403 Forbidden] [Tengine] [vhost] [Tengine] [f9fe2e9a4770fe7ef4eebdbd6385299d]
https://filebroker-cdn.lazada.co.id [200] [GET] [application/octet-stream] [] [Tengine] [vhost] [Tengine] [0cc175b9c0f1b6a831c399e269772661]
https://filebroker.lazada.co.id [200] [GET] [text/plain] [] [Tengine/Aserver] [vhost] [Tengine] [5058f1af8388633f609cadb75a75dc9d]
https://gmcp.lazada.co.id [200] [GET] [text/html] [Global Media Creative Platform] [Tengine/Aserver] [vhost] [Tengine] [80353028df5a054295b9d44a44505a86]
https://gmcp.lazada.co.id [200] [GET] [text/html] [Global Media Creative Platform] [Tengine/Aserver] [vhost] [Tengine] [e6833978a8ab5e0263c2cd4069dcb08b]
https://h5-alimebot.lazada.co.id [200] [GET] [application/json] [] [Tengine/Aserver] [vhost] [Java,Spring,Tengine] [e2a98308e7869828e561710d44a1be08]
https://ho.lazada.co.id [404] [GET] [] [] [nginx] [Nginx] [d41d8cd98f00b204e9800998ecf8427e]
https://ifs.lazada.co.id [200] [GET] [text/html] [] [Tengine/Aserver] [vhost] [Java,Spring,Tengine] [0235f717df6cfcdbb813c9e4ca141d71]
https://ifs.lazada.co.id [200] [GET] [text/html] [] [Tengine/Aserver] [vhost] [Java,Spring,Tengine] [4403d6d93b13ed2d2d2c2d338587578e]
https://i.lazada.co.id [301] [GET] [] [] [Tengine] [vhost] [Tengine] [c1672b641f87a9cde48e9120d2a11e85]
https://jmacs-m.lazada.co.id [403] [GET] [text/html] [403 Forbidden] [Tengine/Aserver] [Tengine] [2779ed4daa2eaca92863d73f3dcf39a4]
https://jmacs-wapa.lazada.co.id [200] [GET] [text/html] [] [Tengine/Aserver] [Tengine] [0a5d8440c4e25db1f3d97573cbab996a]
https://jmacs-wapa.lazada.co.id [200] [GET] [text/html] [] [Tengine/Aserver] [Tengine] [a2dc5443d2d37783cdb30a289153a25e]
https://ju.lazada.co.id [302] [GET] [image/gif] [] [] [vhost] [ad4b0f606e0f8465bc4c4c170b37e1a3]
https://lazada.co.id [301] [GET] [text/html] [301 Moved Permanently] [Tengine/Aserver] [vhost] [Tengine] [67194376ec810b1466000b45b043ab94]
https://lighthouse.lazada.co.id [200] [GET] [text/html] [Lighthouse] [Tengine/Aserver] [vhost] [Java,Spring,Tengine] [2f4eb7ed0b13969c8982a1f0b3ca7400]
https://media.lazada.co.id [200] [GET] [text/html] [] [Tengine/Aserver] [vhost] [Java,Tengine] [98e22e6b8497aad5909ceb7d50d57863]
https://member.lazada.co.id [302] [GET] [text/html] [302 Found] [Tengine/Aserver] [vhost] [Tengine] [ca862016d6c92c0e14232962898c3e79]
https://member-p.lazada.co.id [200] [GET] [text/html] [] [Tengine/Aserver] [Tengine] [13bfeecce0345d7ce1fa1eac3d5756c1]
https://member-p.lazada.co.id [200] [GET] [text/html] [] [Tengine/Aserver] [Tengine] [b8639716d6b24f45d9072e2970cc8df6]
https://m.lazada.co.id [200] [GET] [text/html] [Lazada.co.id | Situs Jual Beli Online Terbaik di Indonesia!] [Tengine] [vhost] [Tengine] [e26b41c2e2da10b0ea504799c6a83e28]
https://m.lazada.co.id [301] [GET] [] [] [Tengine] [vhost] [Tengine] [c1672b641f87a9cde48e9120d2a11e85]
https://msgacs-m.lazada.co.id [403] [GET] [text/html] [403 Forbidden] [Tengine/Aserver] [Tengine] [4df11eb6460bde4d4cceb6f94530ce63]
https://msgx-space.lazada.co.id [404] [GET] [text/html] [404 Not Found] [Tengine/Aserver] [Tengine] [3772bb4f4f661788e85f373f3a8f372a]
https://msgx-space.lazada.co.id [404] [GET] [text/html] [404 Not Found] [Tengine/Aserver] [Tengine] [938516821617ad0bd3e05fe726071af1]
https://msoid.lazada.co.id [302] [GET] [text/html] [Object moved] [] [vhost] [azure] [67dc47621d0dca9dc8d849ee26494c3b]
https://my.lazada.co.id [302] [GET] [text/html] [302 Found] [Tengine/Aserver] [vhost] [Tengine] [ca862016d6c92c0e14232962898c3e79]
https://my-m.lazada.co.id [302] [GET] [text/html] [] [Tengine/Aserver] [vhost] [Tengine] [88fc7d98dc74af0eaf54c6ce0e7399f2]
https://my-p.lazada.co.id [200] [GET] [text/html] [] [Tengine/Aserver] [Tengine] [1335cddffda65030aac3ef0cbfa97a4c]
https://my-p.lazada.co.id [200] [GET] [text/html] [] [Tengine/Aserver] [Tengine] [c54f8ba3855f17fa6d9eb0522752183e]
https://openapi.lazada.co.id [404] [GET] [text/html] [404 Not Found] [Tengine/Aserver] [Tengine] [5e90cb4b8bf92af9516445d969a95f59]
https://openapi.lazada.co.id [404] [GET] [text/html] [404 Not Found] [Tengine/Aserver] [Tengine] [fb17b723db1a04fd048508ecae9c2ae1]
https://orders.lazada.co.id [403] [GET] [text/html] [403 Forbidden] [Apache] [Apache] [bb8f534fbff5ee61a95af9c4740ae043]
https://pages.lazada.co.id [200] [GET] [text/html] [Lazada.co.id | Jual Beli Online Terbaik di Indonesia] [Tengine/Aserver] [vhost] [Lazada,Tengine] [104f329e8f2944ff8fc686e6ba21e88b]
https://pages.lazada.co.id [200] [GET] [text/html] [Lazada.co.id | Situs Jual Beli Online Terbaik di Indonesia!] [Tengine/Aserver] [vhost] [Tengine] [0202b5da4207886fe407cf6fb992d599]
https://partners-p.lazada.co.id [200] [GET] [text/html] [] [Tengine/Aserver] [Tengine] [a1063824fc53235f9c3602028a5a6532]
https://partners-p.lazada.co.id [200] [GET] [text/html] [] [Tengine/Aserver] [Tengine] [c15343e1a35f083dc6407898833911bf]
https://pdp-beta.lazada.co.id [502] [GET] [text/html] [502 Bad Gateway] [Tengine/Aserver] [vhost] [Tengine] [3a06d345a83feb67ca76b6fbc737896d]
https://pdp-beta.lazada.co.id [502] [GET] [text/html] [502 Bad Gateway] [Tengine/Aserver] [vhost] [Tengine] [c07bed4f077843a385e81312c23ecab3]
https://pdpdesc.lazada.co.id [404] [GET] [text/html] [404 Not Found] [Tengine/Aserver] [Tengine] [4881dbb209b1518bb8370ea0340b794e]
https://pdpdesc.lazada.co.id [404] [GET] [text/html] [404 Not Found] [Tengine/Aserver] [Tengine] [9f3262ac20ca25e0badee9a619965b74]
https://pdpdesc-m.lazada.co.id [404] [GET] [application/json] [] [Tengine/Aserver] [vhost] [Java,Spring,Tengine] [945b193cfbde2e90b7001cd8210fb7ea]
https://pdpdesc-m.lazada.co.id [404] [GET] [application/json] [] [Tengine/Aserver] [vhost] [Java,Spring,Tengine] [d62d9ac053d52b1b0b01374a50fca7ce]
https://pdp.lazada.co.id [200] [GET] [text/html] [] [Tengine/Aserver] [vhost] [Bootstrap:3.3.7,Tengine] [b05beb65e7d82a8a17f2174d926e9bf4]
https://pform.lazada.co.id [404] [GET] [text/html] [] [Tengine] [vhost] [Tengine] [5a2bce9d53f443761357fef4f5674ca7]
https://pre-adsense.lazada.co.id [200] [GET] [text/html] [] [Tengine/Aserver] [Tengine] [5b73f1a72b36b9cbc25ac7fc518cbd37]
https://pre-adsense.lazada.co.id [200] [GET] [text/html] [] [Tengine/Aserver] [Tengine] [a6abc442e69ec418b58a91796e440bb8]
https://pre-c.lazada.co.id [200] [GET] [text/html] [] [Tengine/Aserver] [Tengine] [62b7e0e94d4f48299e3cb33e8246f196]
https://pre-c.lazada.co.id [200] [GET] [text/html] [] [Tengine/Aserver] [vhost] [Tengine] [e9b971a1e870fefa2fcb7698029243b7]
https://pre-creative.lazada.co.id [200] [GET] [text/html] [] [Tengine/Aserver] [Tengine] [d0f9da4655d021aa891caf8184a445fc]
https://pre-creative.lazada.co.id [200] [GET] [text/html] [] [Tengine/Aserver] [vhost] [Tengine] [8325550752cda120014e8702b98386df]
https://pre-gateway.lazada.co.id [200] [GET] [text/html] [] [Tengine/Aserver] [Tengine] [ef606fd2c936eb81d2db7a0b6200202d]
https://pre-gateway.lazada.co.id [200] [GET] [text/html] [] [Tengine/Aserver] [vhost] [Tengine] [9dd267f5ee12ec72265b8f79d3836da0]
https://pre-ifs.lazada.co.id [200] [GET] [text/html] [] [Tengine/Aserver] [Tengine] [02865d96ba81958e5caef3436fa1df59]
https://pre-ifs.lazada.co.id [200] [GET] [text/html] [] [Tengine/Aserver] [vhost] [Tengine] [ac9979c4ad3b7071410e146d8762750e]
https://pre.lazada.co.id [200] [GET] [text/html] [] [Tengine/Aserver] [Tengine] [5ef65f8fe0af971dd17d26139e3c45ae]
https://pre.lazada.co.id [200] [GET] [text/html] [] [Tengine/Aserver] [Tengine] [9f2195f2520292c23711804d9d1409a6]
https://pre-msgx-space.lazada.co.id [200] [GET] [text/html] [] [Tengine/Aserver] [Tengine] [518c6d32bf6c6e23ac4b6c2be9366709]
https://pre-msgx-space.lazada.co.id [200] [GET] [text/html] [] [Tengine/Aserver] [Tengine] [cd883a5aa6cc1cf974bb2a3726804e51]
https://pre-psc-alimebot.lazada.co.id [200] [GET] [text/html] [] [Tengine/Aserver] [Tengine] [237eb0f8f43996b32c90de3d67bb7f28]
https://pre-psc-alimebot.lazada.co.id [200] [GET] [text/html] [] [Tengine/Aserver] [Tengine] [ce7f1da933a94b6cacccc7a26a3ab04e]
https://pre-s.lazada.co.id [200] [GET] [text/html] [] [Tengine/Aserver] [Tengine] [b5d553b499cbf2f41a42c2369730d212]
https://pre-s.lazada.co.id [200] [GET] [text/html] [] [Tengine/Aserver] [vhost] [Tengine] [b89af7948c4ccc32a11d8107d309b541]
https://pre-solution.lazada.co.id [200] [GET] [text/html] [] [Tengine/Aserver] [Tengine] [25886a95ff6bb83024e242feaf93c194]
https://pre-solution.lazada.co.id [200] [GET] [text/html] [] [Tengine/Aserver] [Tengine] [ab4fb40eab070cfaaf519ac1dd60fe7f]
https://pre-webim.lazada.co.id [200] [GET] [text/html] [] [Tengine/Aserver] [Tengine] [88a30e89713ee1f2cf3e4daa76dc6929]
https://pre-webim.lazada.co.id [200] [GET] [text/html] [] [Tengine/Aserver] [Tengine] [aa59e47437c09cac87479a0c4c624e4c]
https://pre-xspace.lazada.co.id [200] [GET] [text/html] [] [Tengine/Aserver] [Tengine] [110f52c486246d82756174ef73d02c30]
https://pre-xspace.lazada.co.id [200] [GET] [text/html] [] [Tengine/Aserver] [Tengine] [8b2e70a0f0089fa317dfc0951876ba1e]
https://psc-alimebot.lazada.co.id [302] [GET] [] [] [Tengine/Aserver] [vhost] [Tengine] [d41d8cd98f00b204e9800998ecf8427e]
https://rest.lazada.co.id [404] [GET] [text/html] [404 Not Found] [Tengine/Aserver] [Tengine] [da78b5844e57adecca7c00efb0274e48]
https://rest.lazada.co.id [404] [GET] [text/html] [404 Not Found] [Tengine/Aserver] [Tengine] [fc809bbe4a6b94203eb4f768a8d3c11c]
https://search-beta.lazada.co.id [200] [GET] [text/html] [] [Tengine/Aserver] [vhost] [Bootstrap:3.3.7,Tengine] [1d65cc1d2758e64942c0d417c4e53347]
https://search-p.lazada.co.id [200] [GET] [text/html] [] [Tengine/Aserver] [Tengine] [54fb1facada9cb1cc9b6d6a272b75917]
https://search-p.lazada.co.id [200] [GET] [text/html] [] [Tengine/Aserver] [Tengine] [bf9e9ebd328cdd59a95ba8744b708b1b]
https://sellercenter-staging.lazada.co.id [200] [GET] [text/html] [] [Tengine/Aserver] [Tengine] [4eba77bcb2fe6ad869af90c350b33567]
https://sellercenter-staging.lazada.co.id [200] [GET] [text/html] [] [Tengine/Aserver] [Tengine] [b23534206712bc5642d066efb3ae74f7]
https://s.lazada.co.id [302] [GET] [text/html] [302 Found] [Tengine/Aserver] [vhost] [Tengine] [bfac680f5601df0f5482fd08c8c970a7]
https://solution.lazada.co.id [302] [GET] [] [] [Tengine/Aserver] [vhost] [Tengine] [d41d8cd98f00b204e9800998ecf8427e]
https://ssc.lazada.co.id [302] [GET] [] [] [Tengine/Aserver] [vhost] [Tengine] [d41d8cd98f00b204e9800998ecf8427e]
https://ssc-staging.lazada.co.id [200] [GET] [text/html] [] [Tengine/Aserver] [Tengine] [232beeee3993edff95aa690f48ba468d]
https://ssc-staging.lazada.co.id [200] [GET] [text/html] [] [Tengine/Aserver] [Tengine] [3af87560febf7f3f5e9de3e5a0acea6a]
https://ssr-std-pre.lazada.co.id [200] [GET] [text/html] [] [Tengine/Aserver] [Tengine] [8129121dea2915a04d5dfe19782a91d1]
https://ssr-std-pre.lazada.co.id [200] [GET] [text/html] [] [Tengine/Aserver] [vhost] [Tengine] [77734a44aa5b7bae648429a7430d9234]
https://static-file.lazada.co.id [400] [GET] [text/html] [Invalid URL] [AkamaiGHost] [0b0ef89e51dcd07e94cfd81e3fa8bc1e]
https://static-file.lazada.co.id [400] [GET] [text/html] [Invalid URL] [AkamaiGHost] [67c881949cfb366a6894074eb393840e]
https://store.lazada.co.id [302] [GET] [text/html] [302 Found] [Tengine/Aserver] [vhost] [Tengine] [ca862016d6c92c0e14232962898c3e79]
https://stp.lazada.co.id [302] [GET] [text/html] [302 Found] [Tengine/Aserver] [vhost] [Tengine] [ca862016d6c92c0e14232962898c3e79]
https://survey.lazada.co.id [200] [GET] [text/html] [] [Tengine/Aserver] [vhost] [Tengine] [975257bdbefe9e0e47ecc377a0928487]
https://taobao.lazada.co.id [200] [GET] [text/html] [Koleksi Taobao] [Tengine/Aserver] [vhost] [Tengine] [65c19d60e8618426aa982826573bae78]
https://topup.lazada.co.id [502] [GET] [text/html] [502 Bad Gateway] [Tengine/Aserver] [Tengine] [71d44a13f57c4d833c17366d7bf91d85]
https://topup.lazada.co.id [502] [GET] [text/html] [502 Bad Gateway] [Tengine/Aserver] [vhost] [Tengine] [5653601c97141949d62b3f432f5f9149]
https://uapi-xspace.lazada.co.id [302] [GET] [text/html] [302 Found] [Tengine/Aserver] [vhost] [Tengine] [ca862016d6c92c0e14232962898c3e79]
https://u.lazada.co.id [302] [GET] [text/html] [302 Found] [Tengine/Aserver] [vhost] [Tengine] [ca862016d6c92c0e14232962898c3e79]
https://union.lazada.co.id [200] [GET] [text/html] [Lazada.co.id | Jual Beli Online Terbaik di Indonesia] [Tengine/Aserver] [vhost] [Lazada,Tengine] [104f329e8f2944ff8fc686e6ba21e88b]
https://union.lazada.co.id [200] [GET] [text/html] [Lazada.co.id | Jual Beli Online Terbaik di Indonesia] [Tengine/Aserver] [vhost] [Lazada,Tengine] [2b5a16f45ae42284f6abd535b3541c89]
https://university.lazada.co.id [200] [GET] [text/html] [Lazada University] [Tengine/Aserver] [vhost] [Tengine] [5403cd986d24998db297fb6afe106b2d]
https://university.lazada.co.id [200] [GET] [text/html] [Lazada University] [Tengine/Aserver] [vhost] [Tengine] [84c82e58060a91c8e8dff4c729f73f26]
https://uni-wormhole.lazada.co.id [302] [GET] [text/html] [] [Tengine/Aserver] [vhost] [Tengine] [70aea93ec66c744438588192f584ebc3]
https://webim.lazada.co.id [404] [GET] [text/html] [404 Not Found] [Tengine/Aserver] [Tengine] [66544f1e435594f3d5070f6c3274ed77]
https://webim.lazada.co.id [404] [GET] [text/html] [404 Not Found] [Tengine/Aserver] [Tengine] [d1903fc4f919c986d3c96970f152559d]
https://www.digital.lazada.co.id [400] [GET] [text/html] [Invalid URL] [AkamaiGHost] [1a9faeae36e55707109054dbaef09cb0]
https://www.digital.lazada.co.id [400] [GET] [text/html] [Invalid URL] [AkamaiGHost] [a7562672a2d403e98d520455bbebef4a]
https://www.lazada.co.id [200] [GET] [text/html] [Lazada.co.id | Jual Beli Online Terbaik di Indonesia] [Tengine/Aserver] [vhost] [Lazada,Tengine] [2b5a16f45ae42284f6abd535b3541c89]
https://www.lazada.co.id [200] [GET] [text/html] [Lazada.co.id | Situs Jual Beli Online Terbaik di Indonesia!] [Tengine/Aserver] [vhost] [Tengine] [2a96ecfae1867f6d2c59e2564a5fe651]
https://xform.lazada.co.id [302] [GET] [text/html] [302 Found] [Tengine/Aserver] [vhost] [Tengine] [ca862016d6c92c0e14232962898c3e79]
