https://api-id.lazada-seller.cn [404] [GET] [text/html] [] [Tengine/Aserver] [vhost] [Tengine] [9e4996869fc6ebe55b4c2c5c883bcfb8]
https://api-id.lazada-seller.cn [404] [GET] [text/html] [] [Tengine/Aserver] [vhost] [Tengine] [f7db1901845a8d66def6a095316c93f6]
https://api.lazada-seller.cn [404] [GET] [text/html] [] [Tengine/Aserver] [vhost] [Tengine] [784fb0f4c9e3bccec8d2fab9734a7026]
https://api.lazada-seller.cn [404] [GET] [text/html] [] [Tengine/Aserver] [vhost] [Tengine] [cf1cdd59f83a416faae1c753ea8c4ad5]
https://api-my.lazada-seller.cn [404] [GET] [text/html] [] [Tengine/Aserver] [vhost] [Tengine] [17ee112e395e61db2e1a1da1054ae837]
https://api-my.lazada-seller.cn [404] [GET] [text/html] [] [Tengine/Aserver] [vhost] [Tengine] [30e2b9c99b55d6442701a33d88be1d19]
https://api-ph.lazada-seller.cn [404] [GET] [text/html] [] [Tengine/Aserver] [vhost] [Tengine] [25c3e7416ce3409bedd38dfddfcbb143]
https://api-ph.lazada-seller.cn [404] [GET] [text/html] [] [Tengine/Aserver] [vhost] [Tengine] [346a8a9b619d7cd3ea5eb7a54d54706a]
https://api-sg.lazada-seller.cn [404] [GET] [text/html] [] [Tengine/Aserver] [vhost] [Tengine] [6ce7c67ea71202290d3f6b5b58994d6e]
https://api-sg.lazada-seller.cn [404] [GET] [text/html] [] [Tengine/Aserver] [vhost] [Tengine] [8fa8a288308e88a2c2382d230bd9e3e9]
https://api-th.lazada-seller.cn [404] [GET] [text/html] [] [Tengine/Aserver] [vhost] [Tengine] [359443f3caf80c5673fffee440f32c3c]
https://api-th.lazada-seller.cn [404] [GET] [text/html] [] [Tengine/Aserver] [vhost] [Tengine] [d5ab481354a09c8f98423aed631cd08d]
https://api-vn.lazada-seller.cn [404] [GET] [text/html] [] [Tengine/Aserver] [vhost] [Tengine] [06624737a53df848fe20e3eeb98d3c76]
https://api-vn.lazada-seller.cn [404] [GET] [text/html] [] [Tengine/Aserver] [vhost] [Tengine] [2aaaefaaebaac39894f6c4fd8b119551]
https://cn-pull.lazada-seller.cn [403] [GET] [text/html] [403 Forbidden] [Tengine] [vhost] [Tengine] [f9fe2e9a4770fe7ef4eebdbd6385299d]
https://cn-pull-rts.lazada-seller.cn [403] [GET] [text/html] [403 Forbidden] [Tengine] [vhost] [Tengine] [f9fe2e9a4770fe7ef4eebdbd6385299d]
https://gmcp-my.lazada-seller.cn [200] [GET] [text/html] [Global Media Creative Platform] [Tengine/Aserver] [vhost] [Tengine] [2c871f1882e88483eefede245317dbd3]
https://gmcp-my.lazada-seller.cn [200] [GET] [text/html] [Global Media Creative Platform] [Tengine/Aserver] [vhost] [Tengine] [43ba08a3710ffb173fa983a6b99bf967]
https://gmcp-ph.lazada-seller.cn [200] [GET] [text/html] [Global Media Creative Platform] [Tengine/Aserver] [vhost] [Tengine] [90647b82ad3d6c02ae2972f52f48ad49]
https://gmcp-ph.lazada-seller.cn [200] [GET] [text/html] [Global Media Creative Platform] [Tengine/Aserver] [vhost] [Tengine] [ccb660d3c8fc2c25f6c71cd040d09f07]
https://gmcp-sg.lazada-seller.cn [200] [GET] [text/html] [Global Media Creative Platform] [Tengine/Aserver] [vhost] [Tengine] [8417c57a9350140dc6869393cc3000c2]
https://gmcp-sg.lazada-seller.cn [200] [GET] [text/html] [Global Media Creative Platform] [Tengine/Aserver] [vhost] [Tengine] [caee188c9c27a8f889340b8b8ef98047]
http://sg-pull.lazada-seller.cn [403] [GET] [text/html] [403 Forbidden] [Tengine] [vhost] [Tengine] [f9fe2e9a4770fe7ef4eebdbd6385299d]
https://gsp-alimebot.lazada-seller.cn [200] [GET] [application/json] [] [Tengine/Aserver] [vhost] [Java,Spring,Tengine] [e2a98308e7869828e561710d44a1be08]
https://gsp.lazada-seller.cn [302] [GET] [text/html] [] [Tengine/Aserver] [vhost] [Tengine] [903367f4f3442284826996ac264d4fdd]
https://gsp-stg.lazada-seller.cn [302] [GET] [text/html] [] [Tengine/Aserver] [vhost] [Tengine] [903367f4f3442284826996ac264d4fdd]
https://id-pull-akamai.lazada-seller.cn [403] [GET] [text/html] [403 Forbidden] [Tengine] [vhost] [Tengine] [f9fe2e9a4770fe7ef4eebdbd6385299d]
https://id-pull-rts.lazada-seller.cn [403] [GET] [text/html] [403 Forbidden] [Tengine] [vhost] [Tengine] [54d5b00ad428de02c11857b4da30f69d]
https://id-replay.lazada-seller.cn [403] [GET] [application/xml] [] [Tengine] [vhost] [Tengine] [0fe3ffe47ec000dd8e6512453f04125b]
https://id-replay.lazada-seller.cn [403] [GET] [application/xml] [] [Tengine] [vhost] [Tengine] [a39cd65031c20d577a33a939ce8c9b3b]
https://m-id.lazada-seller.cn [403] [GET] [text/html] [403 Forbidden] [Tengine/Aserver] [vhost] [Tengine] [d6f09bebda3a884087e9bb49aec7d1c9]
https://m-id.lazada-seller.cn [403] [GET] [text/html] [403 Forbidden] [Tengine/Aserver] [vhost] [Tengine] [fcf67a230b8c111cd124276928b8c6ac]
https://m-id-staging.lazada-seller.cn [200] [GET] [text/html] [] [Tengine/Aserver] [vhost] [Tengine] [61848dc4cbd1590eae037db3ad5e14eb]
https://m-id-staging.lazada-seller.cn [200] [GET] [text/html] [] [Tengine/Aserver] [vhost] [Tengine] [96c80325c071b979f0e0cc6ba9116827]
https://m-my.lazada-seller.cn [403] [GET] [text/html] [403 Forbidden] [Tengine/Aserver] [vhost] [Tengine] [45647b1e439980be628823b7e619732b]
https://m-my.lazada-seller.cn [403] [GET] [text/html] [403 Forbidden] [Tengine/Aserver] [vhost] [Tengine] [78481c35cacad48e780ab1e926bc9521]
https://m-my-staging.lazada-seller.cn [200] [GET] [text/html] [] [Tengine/Aserver] [Tengine] [8865e070b3c1ea000331f99316f7d375]
https://m-my-staging.lazada-seller.cn [200] [GET] [text/html] [] [Tengine/Aserver] [Tengine] [996f2bc735de40e70193740a2ac2c906]
https://m-ph.lazada-seller.cn [403] [GET] [text/html] [403 Forbidden] [Tengine/Aserver] [vhost] [Tengine] [cabd71776261dacaea00ea56bf040680]
https://m-ph.lazada-seller.cn [403] [GET] [text/html] [403 Forbidden] [Tengine/Aserver] [vhost] [Tengine] [f602fa976f433e2f7d600b48a6c27ba2]
https://m-ph-staging.lazada-seller.cn [200] [GET] [text/html] [] [Tengine/Aserver] [Tengine] [b0343e51c357b74f58dda725efd702c3]
https://m-ph-staging.lazada-seller.cn [200] [GET] [text/html] [] [Tengine/Aserver] [Tengine] [b592219bbced875653bb7761eb3cf776]
https://m.sellercenter-id-staging.lazada-seller.cn [200] [GET] [text/html] [] [Tengine/Aserver] [Tengine] [6c4b5de470bf51325ad8867d5beef6cd]
https://m.sellercenter-id-staging.lazada-seller.cn [200] [GET] [text/html] [] [Tengine/Aserver] [Tengine] [84b68f418b79fdf5abbce7088ec5685e]
https://m.sellercenter-ph-staging.lazada-seller.cn [200] [GET] [text/html] [] [Tengine/Aserver] [Tengine] [0c1c6d27e6ef67ff5377443625fc2b14]
https://m.sellercenter-ph-staging.lazada-seller.cn [200] [GET] [text/html] [] [Tengine/Aserver] [Tengine] [e15169a5ce27b28440b0f6373edda95f]
https://m.sellercenter-sg-staging.lazada-seller.cn [200] [GET] [text/html] [] [Tengine/Aserver] [Tengine] [adec84148592ad6747cd1cebadd18a4f]
https://m.sellercenter-sg-staging.lazada-seller.cn [200] [GET] [text/html] [] [Tengine/Aserver] [Tengine] [f8b79f46ee0f0322e1f740544c5eac13]
https://m.sellercenter-th-staging.lazada-seller.cn [200] [GET] [text/html] [] [Tengine/Aserver] [Tengine] [582cddd20c878e4b56e2c2219a9e9d78]
https://m.sellercenter-th-staging.lazada-seller.cn [200] [GET] [text/html] [] [Tengine/Aserver] [Tengine] [63868bbf421039177960ec1fd7da4584]
https://m.sellercenter-vn-staging.lazada-seller.cn [200] [GET] [text/html] [] [Tengine/Aserver] [Tengine] [3c9700e904ca88cbd2e6ad8a4af56fd6]
https://m.sellercenter-vn-staging.lazada-seller.cn [200] [GET] [text/html] [] [Tengine/Aserver] [Tengine] [59a1685a914b058e2d4513a321c05b20]
https://m-sg.lazada-seller.cn [403] [GET] [text/html] [403 Forbidden] [Tengine/Aserver] [vhost] [Tengine] [18fdedea00929eb489b6579b2d5a7468]
https://m-sg.lazada-seller.cn [403] [GET] [text/html] [403 Forbidden] [Tengine/Aserver] [vhost] [Tengine] [39c2d3d4117a1879128893000b3630f8]
https://m-sg-staging.lazada-seller.cn [200] [GET] [text/html] [] [Tengine/Aserver] [Tengine] [3c1bc10873c156a45d79978149ebb720]
https://m-sg-staging.lazada-seller.cn [200] [GET] [text/html] [] [Tengine/Aserver] [vhost] [Tengine] [2bb674e083a6deffe280ae98e8a0e135]
https://m-th.lazada-seller.cn [403] [GET] [text/html] [403 Forbidden] [Tengine/Aserver] [vhost] [Tengine] [cec12243bbf8545c2c37feeb374f1570]
https://m-th.lazada-seller.cn [403] [GET] [text/html] [403 Forbidden] [Tengine/Aserver] [vhost] [Tengine] [d87f278e4a367bc7ac1ec5754777c374]
https://m-th-staging.lazada-seller.cn [200] [GET] [text/html] [] [Tengine/Aserver] [Tengine] [24f55cb4263e563b43177d5cfa53afc6]
https://m-th-staging.lazada-seller.cn [200] [GET] [text/html] [] [Tengine/Aserver] [Tengine] [86e8cacd4ffd1173baeeed29e3b01791]
https://m-vn.lazada-seller.cn [403] [GET] [text/html] [403 Forbidden] [Tengine/Aserver] [vhost] [Tengine] [1cf245738afce734b682ab7381ccd000]
https://m-vn.lazada-seller.cn [403] [GET] [text/html] [403 Forbidden] [Tengine/Aserver] [vhost] [Tengine] [3edc3a277d0e830a91ed0abf7b58ac83]
https://m-vn-staging.lazada-seller.cn [200] [GET] [text/html] [] [Tengine/Aserver] [Tengine] [3d5386b19ca92de5add3a8e97e5f1766]
https://pages.lazada-seller.cn [404] [GET] [text/html] [] [Tengine] [vhost] [Tengine] [5a2bce9d53f443761357fef4f5674ca7]
https://pre-id-pull-akamai.lazada-seller.cn [403] [GET] [text/html] [403 Forbidden] [Tengine] [vhost] [Tengine] [f9fe2e9a4770fe7ef4eebdbd6385299d]
https://pre-sg-proxy-pull-akamai.lazada-seller.cn [503] [GET] [text/html] [503 Service Temporarily Unavailable] [] [vhost] [7772594fc0fcc01b962246dff814fcfd]
https://pre-sg-pull-akamai.lazada-seller.cn [403] [GET] [text/html] [403 Forbidden] [Tengine] [vhost] [Tengine] [f9fe2e9a4770fe7ef4eebdbd6385299d]
https://pre-sg-pull.lazada-seller.cn [403] [GET] [text/html] [403 Forbidden] [Tengine] [vhost] [Tengine] [f9fe2e9a4770fe7ef4eebdbd6385299d]
https://sellercenter-id.lazada-seller.cn [302] [GET] [] [] [Tengine/Aserver] [vhost] [Java,Tengine] [d41d8cd98f00b204e9800998ecf8427e]
https://sellercenter-id-staging.lazada-seller.cn [200] [GET] [text/html] [] [Tengine/Aserver] [Tengine] [1fda5839b4a640268ba7dbae9f1b8115]
https://sellercenter-id-staging.lazada-seller.cn [200] [GET] [text/html] [] [Tengine/Aserver] [Tengine] [54d08abbe1276c0438f13f9534ac26aa]
https://sellercenter-my.lazada-seller.cn [302] [GET] [] [] [Tengine/Aserver] [vhost] [Java,Tengine] [d41d8cd98f00b204e9800998ecf8427e]
https://sellercenter-my-staging.lazada-seller.cn [200] [GET] [text/html] [] [Tengine/Aserver] [Tengine] [40238a56e32501f30dc51dc049e583b6]
https://sellercenter-my-staging.lazada-seller.cn [200] [GET] [text/html] [] [Tengine/Aserver] [Tengine] [64a287d5c58a3287b08c783ab1fc2ecf]
https://sellercenter-ph.lazada-seller.cn [302] [GET] [] [] [Tengine/Aserver] [vhost] [Java,Tengine] [d41d8cd98f00b204e9800998ecf8427e]
https://sellercenter-ph-staging.lazada-seller.cn [200] [GET] [text/html] [] [Tengine/Aserver] [Tengine] [6f79d47eeb09ed4e0c47c4d6c09e60c4]
https://sellercenter-ph-staging.lazada-seller.cn [200] [GET] [text/html] [] [Tengine/Aserver] [Tengine] [ecabc086499f168bff793f88154ea3bd]
https://sellercenter-sg.lazada-seller.cn [302] [GET] [] [] [Tengine/Aserver] [vhost] [Java,Tengine] [d41d8cd98f00b204e9800998ecf8427e]
https://sellercenter-sg-staging.lazada-seller.cn [200] [GET] [text/html] [] [Tengine/Aserver] [Tengine] [8a7a9fa0172fdc1b95eec439abb6fe75]
https://sellercenter-th.lazada-seller.cn [302] [GET] [] [] [Tengine/Aserver] [vhost] [Java,Tengine] [d41d8cd98f00b204e9800998ecf8427e]
https://sellercenter-th-staging.lazada-seller.cn [200] [GET] [text/html] [] [Tengine/Aserver] [Tengine] [b45fe32ed804efc8849807d90497e585]
https://sellercenter-th-staging.lazada-seller.cn [200] [GET] [text/html] [] [Tengine/Aserver] [Tengine] [e40e0b1b79ff568404c65e9ae07992ab]
https://sellercenter-vn.lazada-seller.cn [302] [GET] [] [] [Tengine/Aserver] [vhost] [Java,Tengine] [d41d8cd98f00b204e9800998ecf8427e]
https://sellercenter-vn-staging.lazada-seller.cn [200] [GET] [text/html] [] [Tengine/Aserver] [Tengine] [01d70b30bf08b6e3b9ad88946683c99d]
https://sellercenter-vn-staging.lazada-seller.cn [200] [GET] [text/html] [] [Tengine/Aserver] [Tengine] [334a8be9d908043a2695f453440a1069]
https://sg-pull-akamai.lazada-seller.cn [403] [GET] [text/html] [403 Forbidden] [Tengine] [vhost] [Tengine] [f9fe2e9a4770fe7ef4eebdbd6385299d]
https://sg-pull-rts.lazada-seller.cn [403] [GET] [text/html] [403 Forbidden] [Tengine] [vhost] [Tengine] [54d5b00ad428de02c11857b4da30f69d]
https://sg-replay.lazada-seller.cn [403] [GET] [application/xml] [] [Tengine] [vhost] [Tengine] [d2a8792848c38e5c136faaece97302cf]
https://uac.lazada-seller.cn [302] [GET] [] [] [Tengine/Aserver] [vhost] [Tengine] [d41d8cd98f00b204e9800998ecf8427e]
