http://calendar.lazada.co.th [302] [GET] [text/html] [302 Moved] [ghs] [vhost] [55a126cc6cc82668e8289b8d650cb646]
http://docs.lazada.co.th [302] [GET] [text/html] [302 Moved] [ghs] [vhost] [fc38402e62ac30618b7c5a44421f9b48]
http://mail.lazada.co.th [301] [GET] [text/html] [301 Moved] [ghs] [vhost] [d2d0a79b18f5665d9d02c48dca046ef1]
https://ab.lazada.co.th [404] [GET] [text/html] [] [Tengine/Aserver] [vhost] [Tengine] [5a2bce9d53f443761357fef4f5674ca7]
https://acs-m.lazada.co.th [403] [GET] [text/html] [403 Forbidden] [Tengine/Aserver] [vhost] [Tengine] [464ec0ded315a588bf25011c3abc0642]
https://acs-m.lazada.co.th [403] [GET] [text/html] [403 Forbidden] [Tengine/Aserver] [vhost] [Tengine] [9f5d9cec99681ed7727710aca94e3ad7]
https://acs-wapa.lazada.co.th [200] [GET] [text/html] [] [Tengine/Aserver] [vhost] [Tengine] [4c9a3e21a46407ddd277c2a39e0c23aa]
https://acs-wapa.lazada.co.th [200] [GET] [text/html] [] [Tengine/Aserver] [vhost] [Tengine] [f1caf303fd99e68e2c70e03957e61f8e]
https://admin.education.lazada.co.th [302] [GET] [text/html] [302 Found] [Tengine/Aserver] [Tengine] [43276b3c9487605068688498af0acfab]
https://admin.lazada.co.th [302] [GET] [text/html] [302 Found] [Tengine/Aserver] [Tengine] [43276b3c9487605068688498af0acfab]
https://admin-m.lazada.co.th [404] [GET] [text/html] [404 Not Found] [Tengine/Aserver] [Tengine] [ae89ce17dec6406a5f778e68b6031450]
https://admin-m.lazada.co.th [404] [GET] [text/html] [404 Not Found] [Tengine/Aserver] [Tengine] [c41578c0e0f6a6655e7e560144894597]
https://admin-p.lazada.co.th [200] [GET] [text/html] [] [Tengine/Aserver] [Tengine] [3b4e6592d986d366d84c7ac3333d54c1]
https://admin-p.lazada.co.th [200] [GET] [text/html] [] [Tengine/Aserver] [Tengine] [4c994eb81609785d4566f6f65444b6c8]
https://admin-staging.education.lazada.co.th [302] [GET] [text/html] [302 Found] [Tengine/Aserver] [vhost] [Tengine] [43276b3c9487605068688498af0acfab]
https://adsense.lazada.co.th [302] [GET] [] [] [Tengine/Aserver] [vhost] [Tengine] [d41d8cd98f00b204e9800998ecf8427e]
https://affiliate.lazada.co.th [200] [GET] [] [] [Tengine/Aserver] [vhost] [Tengine] [d41d8cd98f00b204e9800998ecf8427e]
https://ali.lazada.co.th [200] [GET] [text/html] [Lazada.co.th - ช้อปปิ้งออนไลน์ รับเครดิตเงินคืน 10% ส่งฟรีทุกวัน] [Tengine/Aserver] [vhost] [Lazada,Tengine] [51b6d40ff30042133aca7d4bfabd428b]
https://ali.lazada.co.th [200] [GET] [text/html] [Lazada.co.th - ช้อปปิ้งออนไลน์ รับเครดิตเงินคืน 10% ส่งฟรีทุกวัน] [Tengine/Aserver] [vhost] [Tengine] [4cbe0c371c48c967174c22b4a3f033ac]
https://api.lazada.co.th [404] [GET] [text/html] [] [Tengine/Aserver] [vhost] [Tengine] [31751d9a8251760f6b1f21b229b870cf]
https://asc-hub.lazada.co.th [404] [GET] [text/html] [404 Not Found] [Tengine/Aserver] [Tengine] [5b7e1f59ef438d64f7fb2b8a6118c628]
https://asc-hub.lazada.co.th [404] [GET] [text/html] [404 Not Found] [Tengine/Aserver] [Tengine] [f1f1fbc2306cc612f733706c236dc8be]
https://ba-buyer.lazada.co.th [200] [GET] [text/plain] [] [Tengine/Aserver] [vhost] [Tengine] [8c02547a8a3b02382bac3557bcb2280d]
https://ba-buyer-staging.lazada.co.th [200] [GET] [text/html] [] [Tengine/Aserver] [Tengine] [46a0ee158e0fd24619592be42fdae674]
https://ba-buyer-staging.lazada.co.th [200] [GET] [text/html] [] [Tengine/Aserver] [Tengine] [d6a21cffcfb1cc8b4f20c8819e1771e6]
https://ba-p.zal.lazada.co.th [200] [GET] [text/html] [] [Tengine/Aserver] [Tengine] [4bd6d78ad20a1609abe97faa8c7669bc]
https://ba-p.zal.lazada.co.th [200] [GET] [text/html] [] [Tengine/Aserver] [Tengine] [f02f4eef99a90411abeb270cde7ce338]
https://brand.adsense.lazada.co.th [404] [GET] [text/html] [404 Not Found] [Tengine/Aserver] [Tengine] [858d163b9c653dcc6d5aee77c1abb1a9]
https://brand.adsense.lazada.co.th [404] [GET] [text/html] [404 Not Found] [Tengine/Aserver] [Tengine] [e7191f1b5c63a530f5ae71a22829f017]
https://cart.lazada.co.th [302] [GET] [text/html] [302 Found] [Tengine/Aserver] [vhost] [Tengine] [ca862016d6c92c0e14232962898c3e79]
https://cart-m.lazada.co.th [404] [GET] [text/html] [] [Tengine/Aserver] [vhost] [Tengine] [56b5e8f279c527cffd8311bef771b500]
https://cart-p.lazada.co.th [200] [GET] [text/html] [] [Tengine/Aserver] [Tengine] [10a99e030faaf829b25c3c5a78cbfbeb]
https://cart-p.lazada.co.th [200] [GET] [text/html] [] [Tengine/Aserver] [Tengine] [c80e714f6cd67c136579cdea48b5f660]
https://cb-customs.lazada.co.th [404] [GET] [text/html] [404 Not Found] [Tengine/Aserver] [Tengine] [3cb4e26d799bde0ed78f69c979d1edf4]
https://cb-customs.lazada.co.th [404] [GET] [text/html] [404 Not Found] [Tengine/Aserver] [Tengine] [e95445fe16d4532e01f2f35bb158e976]
https://checkout.lazada.co.th [302] [GET] [text/html] [302 Found] [Tengine/Aserver] [vhost] [Tengine] [ca862016d6c92c0e14232962898c3e79]
https://checkout-m.lazada.co.th [404] [GET] [text/html] [] [Tengine/Aserver] [vhost] [Tengine] [568ed3d59ec46bfa91ed8b815a35a7a7]
https://checkout-p.lazada.co.th [200] [GET] [text/html] [] [Tengine/Aserver] [Tengine] [7437a3ae20d81b27978bb583c84c5954]
https://checkout-p.lazada.co.th [200] [GET] [text/html] [] [Tengine/Aserver] [Tengine] [8b5899fac410260ed3165385537c5392]
https://c.lazada.co.th [302] [GET] [text/html] [302 Found] [Tengine/Aserver] [vhost] [Tengine] [ca862016d6c92c0e14232962898c3e79]
https://creative.lazada.co.th [200] [GET] [text/plain] [Content Platform] [Tengine/Aserver] [vhost] [Java,Spring,Tengine] [ea7720f3051466afb7d7d525a72b4357]
https://cs.lazada.co.th [200] [GET] [text/html] [] [Tengine/Aserver] [vhost] [Tengine] [54083bda89ff8edb357c4430b8a84dfc]
https://cs.lazada.co.th [200] [GET] [text/html] [] [Tengine/Aserver] [vhost] [Tengine] [94644a19aff4f4b7a394593a1cba7dfc]
https://datafeeds.lazada.co.th [404] [GET] [application/json] [] [Tengine/Aserver] [vhost] [Tengine] [8ee895c96470c227abd5d81ef7594cbc]
https://datafeeds.lazada.co.th [404] [GET] [application/json] [] [Tengine/Aserver] [vhost] [Tengine] [efce2a6063ce0323b9fb0eef40ce948e]
https://digital.lazada.co.th [400] [GET] [text/html] [Invalid URL] [AkamaiGHost] [3a08a3e4688d50ed3f549533e0a74b03]
https://digital.lazada.co.th [400] [GET] [text/html] [Invalid URL] [AkamaiGHost] [4d748c71555b45d3d9bbd2da7c85725a]
https://eco-acc.lazada.co.th [404] [GET] [text/html] [404 Not Found] [Tengine/Aserver] [Tengine] [03d9839b7a61b4d9681c9031116919a1]
https://eco-acc.lazada.co.th [404] [GET] [text/html] [404 Not Found] [Tengine/Aserver] [Tengine] [6ff7be0104a2ed954d876cb192aa1c9f]
https://eco-device.lazada.co.th [404] [GET] [text/html] [404 Not Found] [Tengine/Aserver] [Tengine] [d80cfca00d19646011026de55e87f1e6]
https://eco-device.lazada.co.th [404] [GET] [text/html] [404 Not Found] [Tengine/Aserver] [Tengine] [fb841f8448d24e797c6af9e3608c2a8d]
https://eco.lazada.co.th [404] [GET] [text/html] [404 Not Found] [Tengine/Aserver] [Tengine] [c0739cbdfeb40c611b5b1bb675bced1a]
https://eco.lazada.co.th [404] [GET] [text/html] [404 Not Found] [Tengine/Aserver] [Tengine] [f09c48f6136a298fcf4161640ea2f68e]
https://eco-ueba.lazada.co.th [404] [GET] [text/html] [404 Not Found] [Tengine/Aserver] [Tengine] [47bf91bc1ae79e70df898606c746c2a2]
https://eco-ueba.lazada.co.th [404] [GET] [text/html] [404 Not Found] [Tengine/Aserver] [Tengine] [6cb38b456f56ff0e0be175d92eecf9dc]
https://education.lazada.co.th [200] [GET] [text/html] [Lazada University] [Tengine/Aserver] [vhost] [Tengine] [98fc4c7ade5d7cb4fefa77843fd6d798]
https://education.lazada.co.th [200] [GET] [text/html] [Lazada University] [Tengine/Aserver] [vhost] [Tengine] [a689742f8665fa010f39baca53a15782]
https://education-staging.lazada.co.th [200] [GET] [text/html] [] [Tengine/Aserver] [Tengine] [1067c7fd1eb6d9f81f26e84fe7f8fc23]
https://education-staging.lazada.co.th [200] [GET] [text/html] [] [Tengine/Aserver] [Tengine] [f70236938ae879a1f443c440aa1b165e]
https://email.lazada.co.th [403] [GET] [text/html] [403 Forbidden] [Apache] [Apache] [bb8f534fbff5ee61a95af9c4740ae043]
https://enterpriseenrollment.lazada.co.th [302] [GET] [] [] [Microsoft-IIS/10.0] [azure] [IIS:10.0,Microsoft ASP.NET:4.0.30319,Windows Server] [d41d8cd98f00b204e9800998ecf8427e]
https://enterpriseregistration.lazada.co.th [404] [GET] [text/html] [Service] [] [azure] [17654c28a506596d05424ea295203bac]
https://er.lazada.co.th [200] [GET] [text/html] [ER] [Tengine] [vhost] [Tengine] [b2e3571b1e93d418eed9814702cfe8d2]
https://er-p.lazada.co.th [200] [GET] [text/html] [ER] [Tengine] [vhost] [Tengine] [1c5042579b1ee71d312dbf049adc2477]
https://er-search.lazada.co.th [403] [GET] [application/xml] [] [Tengine] [vhost] [Tengine] [c686380977b42f892408416af5d44051]
https://filebroker-cdn.lazada.co.th [200] [GET] [application/octet-stream] [] [Tengine] [vhost] [Tengine] [0cc175b9c0f1b6a831c399e269772661]
https://filebroker.lazada.co.th [200] [GET] [text/plain] [] [Tengine/Aserver] [vhost] [Tengine] [5058f1af8388633f609cadb75a75dc9d]
https://filebroker-p.zal.lazada.co.th [200] [GET] [text/html] [] [Tengine/Aserver] [Tengine] [c7dad592a87bcd7f30062e80bc6fb6d3]
https://filebroker-p.zal.lazada.co.th [200] [GET] [text/html] [] [Tengine/Aserver] [Tengine] [d11a3ddcede1c9c20ee2e3389d0463e2]
https://filebroker-staging.lazada.co.th [200] [GET] [text/html] [] [Tengine/Aserver] [Tengine] [68b2f6513a4c69672c717eb2a666c89b]
https://filebroker-staging.lazada.co.th [200] [GET] [text/html] [] [Tengine/Aserver] [Tengine] [aec69272c8ace3ebe6b53cbc9adc91af]
https://gmcp.lazada.co.th [200] [GET] [text/html] [Global Media Creative Platform] [Tengine/Aserver] [vhost] [Tengine] [80353028df5a054295b9d44a44505a86]
https://gmcp.lazada.co.th [200] [GET] [text/html] [Global Media Creative Platform] [Tengine/Aserver] [vhost] [Tengine] [d4fcb4fd8480df0970c539b9c8d68838]
https://h5-alimebot.lazada.co.th [200] [GET] [application/json] [] [Tengine/Aserver] [vhost] [Java,Spring,Tengine] [e2a98308e7869828e561710d44a1be08]
https://ho.lazada.co.th [404] [GET] [] [] [nginx] [Nginx] [d41d8cd98f00b204e9800998ecf8427e]
https://ifs.lazada.co.th [200] [GET] [text/html] [] [Tengine/Aserver] [vhost] [Java,Spring,Tengine] [95c04799aa4ed9caf85a2b0ab4c2ff5f]
https://ifs.lazada.co.th [200] [GET] [text/html] [] [Tengine/Aserver] [vhost] [Java,Spring,Tengine] [be45e51301e8c01435fce2ef117b0613]
https://i.lazada.co.th [301] [GET] [] [] [Tengine] [vhost] [Tengine] [c1672b641f87a9cde48e9120d2a11e85]
https://jmacs-m.lazada.co.th [403] [GET] [text/html] [403 Forbidden] [Tengine/Aserver] [Tengine] [995f7413754d8b0363662586ff470077]
https://ju.lazada.co.th [302] [GET] [image/gif] [] [] [vhost] [ad4b0f606e0f8465bc4c4c170b37e1a3]
https://lazada.co.th [301] [GET] [text/html] [301 Moved Permanently] [Tengine/Aserver] [vhost] [Tengine] [67194376ec810b1466000b45b043ab94]
https://lighthouse.lazada.co.th [200] [GET] [text/html] [Lighthouse] [Tengine/Aserver] [vhost] [Java,Spring,Tengine] [2f4eb7ed0b13969c8982a1f0b3ca7400]
https://locker.lazada.co.th [200] [GET] [text/html] [Lazada - Digital Delivery Center] [] [vhost] [incapsula] [Imperva,Java] [c2a5d97500e6a7a8640ccc28060699e9]
https://locker.lazada.co.th [200] [GET] [text/html] [Lazada - Digital Delivery Center] [] [vhost] [incapsula] [Imperva,Java] [ebb4c158a43f0d9d609eccc9ea29774d]
https://media.lazada.co.th [404] [GET] [text/html] [404 Not Found] [Tengine/Aserver] [Tengine] [35501352941ff41d2514aeee19451cf2]
https://media.lazada.co.th [404] [GET] [text/html] [404 Not Found] [Tengine/Aserver] [Tengine] [37001f0ac33b0ce94efdc0c8dfb9ed3d]
https://member.lazada.co.th [302] [GET] [text/html] [302 Found] [Tengine/Aserver] [vhost] [Tengine] [ca862016d6c92c0e14232962898c3e79]
https://member-m.lazada.co.th [302] [GET] [text/html] [302 Found] [Tengine/Aserver] [vhost] [Tengine] [ca862016d6c92c0e14232962898c3e79]
https://member-p.lazada.co.th [200] [GET] [text/html] [] [Tengine/Aserver] [Tengine] [1855f1cfc3fe5f26347d46127de3ad5e]
https://member-p.lazada.co.th [200] [GET] [text/html] [] [Tengine/Aserver] [Tengine] [cdf8cec702a5201dd65599fd6779ea89]
https://m.lazada.co.th [200] [GET] [text/html] [Lazada.co.th - Online Shopping Lazada Mobiles Tablets Cosmetics] [Tengine] [vhost] [Tengine] [80d7aed161c6078d0465623b1461dca5]
https://m.lazada.co.th [301] [GET] [] [] [Tengine] [vhost] [Tengine] [c1672b641f87a9cde48e9120d2a11e85]
https://msgacs-m.lazada.co.th [403] [GET] [text/html] [403 Forbidden] [Tengine/Aserver] [Tengine] [8fce747936df8657b3143a4373f39f75]
https://msoid.lazada.co.th [302] [GET] [text/html] [Object moved] [] [vhost] [azure] [67dc47621d0dca9dc8d849ee26494c3b]
https://my.lazada.co.th [302] [GET] [text/html] [302 Found] [Tengine/Aserver] [vhost] [Tengine] [ca862016d6c92c0e14232962898c3e79]
https://my-m.lazada.co.th [404] [GET] [text/html] [] [Tengine/Aserver] [vhost] [Tengine] [4d3867e5b90b79a2da70acc270d7b0a1]
https://openapi.lazada.co.th [404] [GET] [text/html] [404 Not Found] [Tengine/Aserver] [Tengine] [21369fa7a2bcaf45cad06ad84b2f1934]
https://openapi.lazada.co.th [404] [GET] [text/html] [404 Not Found] [Tengine/Aserver] [Tengine] [af8088c3c9d3c09b4c19c052c9fd7dca]
https://open.lazada.co.th [404] [GET] [text/html] [404 Not Found] [Tengine/Aserver] [Tengine] [3b455e7542f321d5118e8c8a462e683d]
https://open.lazada.co.th [404] [GET] [text/html] [404 Not Found] [Tengine/Aserver] [Tengine] [d24ac13eaae15f25407ee90d83c1fca0]
https://orders.lazada.co.th [403] [GET] [text/html] [403 Forbidden] [Apache] [Apache] [bb8f534fbff5ee61a95af9c4740ae043]
https://pages.lazada.co.th [200] [GET] [text/html] [Lazada.co.th - ช้อปปิ้งออนไลน์ รับเครดิตเงินคืน 10% ส่งฟรีทุกวัน] [Tengine/Aserver] [vhost] [Lazada,Tengine] [a1571fc42d824aea8110d60ae28a8cd4]
https://pages.lazada.co.th [200] [GET] [text/html] [Lazada.co.th - ช้อปปิ้งออนไลน์ รับเครดิตเงินคืน 10% ส่งฟรีทุกวัน] [Tengine/Aserver] [vhost] [Tengine] [a6ff763d852e2440ecb3522ea9dc6dad]
https://partners.lazada.co.th [404] [GET] [text/html] [404 Not Found] [Tengine/Aserver] [Tengine] [47454761c46ca1028971ee73d2a4a7e3]
https://partners.lazada.co.th [404] [GET] [text/html] [404 Not Found] [Tengine/Aserver] [Tengine] [b0d9af675cc19ac9bf99620da3b2c8c2]
https://pdpdesc-m.lazada.co.th [404] [GET] [application/json] [] [Tengine/Aserver] [vhost] [Java,Spring,Tengine] [3353ef941a1248519e79e8953a63e823]
https://pdpdesc-m.lazada.co.th [404] [GET] [application/json] [] [Tengine/Aserver] [vhost] [Java,Spring,Tengine] [fc9da79388fc2e502f769f872557f1ea]
https://pdpdesc-p.lazada.co.th [200] [GET] [text/html] [] [Tengine/Aserver] [Tengine] [54c0d9dd754e1a7a5bf49291da8bd3cf]
https://pdpdesc-p.lazada.co.th [200] [GET] [text/html] [] [Tengine/Aserver] [Tengine] [7176ccaf13907a2175676620e5f422db]
https://pdp.lazada.co.th [200] [GET] [text/html] [] [Tengine/Aserver] [vhost] [Bootstrap:3.3.7,Tengine] [b05beb65e7d82a8a17f2174d926e9bf4]
https://pdp-p.lazada.co.th [200] [GET] [text/html] [] [Tengine/Aserver] [Tengine] [62f3eb38c875e041f0e4191ca423485e]
https://pdp-p.lazada.co.th [200] [GET] [text/html] [] [Tengine/Aserver] [Tengine] [f221c299f00a5d929a91bec37847b694]
https://pre-adsence.lazada.co.th [200] [GET] [text/html] [] [Tengine/Aserver] [Tengine] [7d07d636c8de6a8361f456a30a7027c3]
https://pre-adsence.lazada.co.th [200] [GET] [text/html] [] [Tengine/Aserver] [Tengine] [9d64d84385b8828f6f21125f1b65b29f]
https://pre-adsense.lazada.co.th [200] [GET] [text/html] [] [Tengine/Aserver] [Tengine] [8e9672ce64a2a59d36bf7e3b286e21d8]
https://pre-adsense.lazada.co.th [200] [GET] [text/html] [] [Tengine/Aserver] [vhost] [Tengine] [9cd47ee7ac6b291af2416c04d8fd4b70]
https://pre-allinone.lazada.co.th [200] [GET] [text/html] [] [Tengine/Aserver] [Tengine] [354d8d723a598cf386093716099824a8]
https://pre-allinone.lazada.co.th [200] [GET] [text/html] [] [Tengine/Aserver] [Tengine] [959cdb2115a74515c9a199e3a1039ede]
https://pre.lazada.co.th [200] [GET] [text/html] [] [Tengine/Aserver] [Tengine] [4c081f4ca7da9e414aebe21ec5c8a607]
https://pre.lazada.co.th [200] [GET] [text/html] [] [Tengine/Aserver] [Tengine] [b3923d099ea72431e0ffcf99b8016332]
https://pre-s.lazada.co.th [200] [GET] [text/html] [] [Tengine/Aserver] [Tengine] [3eec014b63fe76ba5452dd547d61459a]
https://pre-s.lazada.co.th [200] [GET] [text/html] [] [Tengine/Aserver] [Tengine] [b2252f9935e49cff81a8479d07ad57cb]
https://pre-solution.lazada.co.th [200] [GET] [text/html] [] [Tengine/Aserver] [Tengine] [0c189f9ca6dc2145d12f361b6af9e12e]
https://pre-solution.lazada.co.th [200] [GET] [text/html] [] [Tengine/Aserver] [Tengine] [98581262940432cc20517f2403d542cf]
https://pre-u.lazada.co.th [200] [GET] [text/html] [] [Tengine/Aserver] [Tengine] [689664e969c65648a18ad278a5e09f57]
https://pre-u.lazada.co.th [200] [GET] [text/html] [] [Tengine/Aserver] [Tengine] [bb427743b1bd409b08d0625ed15ab0d1]
https://pre-wallet.lazada.co.th [200] [GET] [text/html] [] [Tengine/Aserver] [Tengine] [b28bff3be6acaa3b26af5d9fa5c07555]
https://pre-wallet.lazada.co.th [200] [GET] [text/html] [] [Tengine/Aserver] [Tengine] [b431e4ecbd8dda1498067a15c67b0e18]
https://psc-alimebot.lazada.co.th [302] [GET] [] [] [Tengine/Aserver] [vhost] [Tengine] [d41d8cd98f00b204e9800998ecf8427e]
https://rest.lazada.co.th [404] [GET] [text/html] [404 Not Found] [Tengine/Aserver] [Tengine] [11ac1a79d2af02e98ecc8e3fdf93536c]
https://rest.lazada.co.th [404] [GET] [text/html] [404 Not Found] [Tengine/Aserver] [Tengine] [52b91bd20733c4c938f2560c79e2e60a]
https://search-beta.lazada.co.th [200] [GET] [text/html] [] [Tengine/Aserver] [vhost] [Bootstrap:3.3.7,Tengine] [1d65cc1d2758e64942c0d417c4e53347]
https://search-p.lazada.co.th [200] [GET] [text/html] [] [Tengine/Aserver] [Tengine] [162f30704012057a7accd82f89f9e73f]
https://search-p.lazada.co.th [200] [GET] [text/html] [] [Tengine/Aserver] [Tengine] [c1947fc16340a5f28db95e8d3bc7f4fa]
https://sellercenter-staging.lazada.co.th [200] [GET] [text/html] [] [Tengine/Aserver] [Tengine] [321159cff0d1e7962b878b744e4eb232]
https://sellercenter-staging.lazada.co.th [200] [GET] [text/html] [] [Tengine/Aserver] [Tengine] [32d07dabc79dc5c428cd4b4bec6508a4]
https://shop-p.zal.lazada.co.th [200] [GET] [text/html] [] [Tengine/Aserver] [Tengine] [1c1ef5527fdf2715c6f0a049ef5811fc]
https://shop-p.zal.lazada.co.th [200] [GET] [text/html] [] [Tengine/Aserver] [Tengine] [ea65593a7e70b4d15903553e2508ae6d]
https://s.lazada.co.th [302] [GET] [text/html] [302 Found] [Tengine/Aserver] [vhost] [Tengine] [bfac680f5601df0f5482fd08c8c970a7]
https://solution.lazada.co.th [302] [GET] [] [] [Tengine/Aserver] [vhost] [Tengine] [d41d8cd98f00b204e9800998ecf8427e]
https://ssc.lazada.co.th [302] [GET] [] [] [Tengine/Aserver] [vhost] [Tengine] [d41d8cd98f00b204e9800998ecf8427e]
https://ssc-staging.lazada.co.th [200] [GET] [text/html] [] [Tengine/Aserver] [Tengine] [3a682be0a288dc4e656471f9b9cb30d2]
https://ssc-staging.lazada.co.th [200] [GET] [text/html] [] [Tengine/Aserver] [Tengine] [943d9aa8c848cbde282c8ef799b99ffd]
https://ssr-std.lazada.co.th [200] [GET] [application/json] [] [Tengine/Aserver] [vhost] [Tengine] [2accc21a6db24d5baefad8a762a8fc10]
https://static-file.lazada.co.th [403] [GET] [text/html] [403 Forbidden] [kngx/1.10.2] [f03f6374032e5b8a45972d62fdda96a0]
https://station.lazada.co.th [200] [GET] [application/octet-stream] [Home] [Tengine/Aserver] [vhost] [Bootstrap:4.3.1,Font Awesome,Tengine] [86ce98ce03a4646d1f71b1e94f4afad2]
https://store.lazada.co.th [302] [GET] [text/html] [302 Found] [Tengine/Aserver] [vhost] [Tengine] [ca862016d6c92c0e14232962898c3e79]
https://sug.lazada.co.th [200] [GET] [text/html] [] [Tengine/Aserver] [vhost] [Tengine] [cde86c8fc9569b17c1c487944842e81c]
https://survey.lazada.co.th [200] [GET] [text/html] [] [Tengine/Aserver] [vhost] [Tengine] [d18a32421354fde7c538346c421ca1ef]
https://taobao.lazada.co.th [200] [GET] [text/html] [Taobao คอลเลคชั่น] [Tengine/Aserver] [vhost] [Tengine] [d5764c0b2e7351d61ff1c1e5bbaa03fa]
https://th.locker.lazada.co.th [200] [GET] [text/html] [Lazada - Digital Delivery Center] [] [vhost] [incapsula] [Imperva,Java] [01d27e27bea50c6a686302e1d2827a21]
https://th.locker.lazada.co.th [200] [GET] [text/html] [Lazada - Digital Delivery Center] [] [vhost] [incapsula] [Imperva,Java] [2502d61b8b96a08e82b3471b4361a844]
https://uapi-xspace.lazada.co.th [302] [GET] [text/html] [302 Found] [Tengine/Aserver] [vhost] [Tengine] [ca862016d6c92c0e14232962898c3e79]
https://u.lazada.co.th [302] [GET] [text/html] [302 Found] [Tengine/Aserver] [vhost] [Tengine] [ca862016d6c92c0e14232962898c3e79]
https://union.lazada.co.th [200] [GET] [text/html] [Lazada.co.th - ช้อปปิ้งออนไลน์ รับเครดิตเงินคืน 10% ส่งฟรีทุกวัน] [Tengine/Aserver] [vhost] [Tengine] [4cbe0c371c48c967174c22b4a3f033ac]
https://university.lazada.co.th [200] [GET] [text/html] [Lazada University] [Tengine/Aserver] [vhost] [Tengine] [776d6322ec3a750314c408711f44ad56]
https://university.lazada.co.th [200] [GET] [text/html] [Lazada University] [Tengine/Aserver] [vhost] [Tengine] [e7286480ec60166c1669a654263c4f92]
https://wallet.lazada.co.th [302] [GET] [text/html] [302 Found] [Tengine/Aserver] [vhost] [Tengine] [ca862016d6c92c0e14232962898c3e79]
https://www.lazada.co.th [200] [GET] [text/html] [Lazada.co.th - ช้อปปิ้งออนไลน์ รับเครดิตเงินคืน 10% ส่งฟรีทุกวัน] [Tengine/Aserver] [vhost] [Lazada,Tengine] [a1571fc42d824aea8110d60ae28a8cd4]
https://www.lazada.co.th [200] [GET] [text/html] [Lazada.co.th - ช้อปปิ้งออนไลน์ รับเครดิตเงินคืน 10% ส่งฟรีทุกวัน] [Tengine/Aserver] [vhost] [Lazada,Tengine] [a87b1c8c66848b0940ec74ab81a643be]
https://www.locker.lazada.co.th [200] [GET] [text/html] [] [] [vhost] [incapsula] [Imperva,Java] [0c8c6dca9851666dae70862fd20f624f]
https://www.locker.lazada.co.th [200] [GET] [text/html] [] [] [vhost] [incapsula] [Imperva,Java] [be96f73eb451fa36adfc5449c68272a0]
https://www.th.locker.lazada.co.th [200] [GET] [text/html] [] [] [vhost] [incapsula] [Imperva,Java] [42c86dd4da6d81a2b9dd0580f76f81fd]
https://www.th.locker.lazada.co.th [200] [GET] [text/html] [] [] [vhost] [incapsula] [Imperva,Java] [ee6cc2a348b22a0a199bca77d639fd39]
https://xform.lazada.co.th [302] [GET] [text/html] [302 Found] [Tengine/Aserver] [vhost] [Tengine] [ca862016d6c92c0e14232962898c3e79]
https://zal.lazada.co.th [200] [GET] [text/html] [] [Tengine/Aserver] [Tengine] [48b4739a39e246e04725483f2f01eaef]
https://zal.lazada.co.th [200] [GET] [text/html] [] [Tengine/Aserver] [Tengine] [f3e87cf0e1594caef8d58c362cfd7ce7]
http://topup.lazada.co.th [301] [GET] [text/html] [301 Moved Permanently] [Tengine/Aserver] [Tengine] [c6eee52eb2f0b8d48f818d75278c08e8]
