https://email.lel.asia [301] [GET] [text/html] [301 Moved Permanently] [Apache] [vhost] [Apache] [99b66792a01fa335c7da5442bd2d5e93]
https://map-id.lel.asia [200] [GET] [text/html] [LNP-表达-drop station] [Tengine/Aserver] [vhost] [Tengine] [0efec9084088d4c6a8963202abdbf9f4]
https://map-id.lel.asia [200] [GET] [text/html] [LNP-表达-drop station] [Tengine/Aserver] [vhost] [Tengine] [b639a604fb1acc442018ab8afbb02e86]
https://map-my.lel.asia [200] [GET] [text/html] [LNP-表达-drop station] [Tengine/Aserver] [vhost] [Tengine] [7ab01ea3979003d2ffa3715a1369aa0e]
https://map-my.lel.asia [200] [GET] [text/html] [LNP-表达-drop station] [Tengine/Aserver] [vhost] [Tengine] [7f9c6e092f81d1f4d6b383493e94dfa1]
https://map-ph.lel.asia [200] [GET] [text/html] [LNP-表达-drop station] [Tengine/Aserver] [vhost] [Tengine] [553f98caeebcd7b79dd3e33a55dd8808]
https://map-ph.lel.asia [200] [GET] [text/html] [LNP-表达-drop station] [Tengine/Aserver] [vhost] [Tengine] [d7e1e5684f25eaf95538896864bc13e9]
https://map-th.lel.asia [200] [GET] [text/html] [LNP-表达-drop station] [Tengine/Aserver] [vhost] [Tengine] [24a6a78ec77c0de83c55fb73560f3343]
https://map-th.lel.asia [200] [GET] [text/html] [LNP-表达-drop station] [Tengine/Aserver] [vhost] [Tengine] [a9165a7573f4c865c7031de34da96098]
https://map-vn.lel.asia [200] [GET] [text/html] [LNP-表达-drop station] [Tengine/Aserver] [vhost] [Tengine] [db15a0a099774f5b99ad27251cc98c2f]
https://map-vn.lel.asia [200] [GET] [text/html] [LNP-表达-drop station] [Tengine/Aserver] [vhost] [Tengine] [eddf16ccd7ef6f148679fa8063f67824]
https://pre-map-id.lel.asia [200] [GET] [text/html] [] [Tengine/Aserver] [Tengine] [836b5c31ab4f004f0a2ffdf4cb5dbcb2]
https://pre-map-id.lel.asia [200] [GET] [text/html] [] [Tengine/Aserver] [Tengine] [e112aa7b91f15a6f4219668e2a4ca9b6]
https://pre-map-my.lel.asia [200] [GET] [text/html] [] [Tengine/Aserver] [Tengine] [194cc9c079b330793647a672ad91bbe7]
https://pre-map-my.lel.asia [200] [GET] [text/html] [] [Tengine/Aserver] [Tengine] [3a8efba9824019d757d68a8ca9742986]
https://pre-map-ph.lel.asia [200] [GET] [text/html] [] [Tengine/Aserver] [Tengine] [c35f7087a5c6ff99d4d8af0eb1c78aff]
https://pre-map-ph.lel.asia [200] [GET] [text/html] [] [Tengine/Aserver] [Tengine] [d766b29c3ba98bbc1e08d00523c62f15]
https://pre-map-sg.lel.asia [200] [GET] [text/html] [] [Tengine/Aserver] [Tengine] [750aea16c0e492592f57e10868c0b40b]
https://pre-map-sg.lel.asia [200] [GET] [text/html] [] [Tengine/Aserver] [Tengine] [fecee660054b631e3d6d7d302aec96b2]
https://pre-map-th.lel.asia [200] [GET] [text/html] [] [Tengine/Aserver] [Tengine] [14cfa80539e1965632d5c08384cd9bfe]
https://pre-map-th.lel.asia [200] [GET] [text/html] [] [Tengine/Aserver] [Tengine] [c682531b2c35fb68fa7bda8c344a7a2c]
https://pre-map-vn.lel.asia [200] [GET] [text/html] [] [Tengine/Aserver] [Tengine] [156475a5154bad0af96f0cd4a1b2ab17]
