http://1inch-pool-rewards.lido.fi:2082 [301] [GET] [] [] [cloudflare] [cloudflare] [Cloudflare] [d41d8cd98f00b204e9800998ecf8427e]
http://1inch-pool-rewards.lido.fi:2083 [400] [GET] [text/html] [400 The plain HTTP request was sent to HTTPS port] [cloudflare] [cloudflare] [Cloudflare] [cd58783500d7fa3c58f88eb0ba22f4f8]
http://1inch-pool-rewards.lido.fi:2086 [301] [GET] [] [] [cloudflare] [cloudflare] [Cloudflare] [d41d8cd98f00b204e9800998ecf8427e]
http://1inch-pool-rewards.lido.fi:2087 [400] [GET] [text/html] [400 The plain HTTP request was sent to HTTPS port] [cloudflare] [cloudflare] [Cloudflare] [20ad84d030031252141ca0b3fc0183f0]
http://1inch-pool-rewards.lido.fi:2096 [400] [GET] [text/html] [400 The plain HTTP request was sent to HTTPS port] [cloudflare] [cloudflare] [Cloudflare] [20ad84d030031252141ca0b3fc0183f0]
http://1inch-pool-rewards.lido.fi:8080 [301] [GET] [] [] [cloudflare] [cloudflare] [Cloudflare] [d41d8cd98f00b204e9800998ecf8427e]
http://1inch-pool-rewards.lido.fi:8443 [400] [GET] [text/html] [400 The plain HTTP request was sent to HTTPS port] [cloudflare] [cloudflare] [Cloudflare] [20ad84d030031252141ca0b3fc0183f0]
http://1inch-pool-rewards.lido.fi:8880 [301] [GET] [] [] [cloudflare] [cloudflare] [Cloudflare] [d41d8cd98f00b204e9800998ecf8427e]
http://airdrop.lido.fi:2082 [301] [GET] [] [] [cloudflare] [cloudflare] [Cloudflare] [d41d8cd98f00b204e9800998ecf8427e]
http://airdrop.lido.fi:2083 [400] [GET] [text/html] [400 The plain HTTP request was sent to HTTPS port] [cloudflare] [cloudflare] [Cloudflare] [cd58783500d7fa3c58f88eb0ba22f4f8]
http://airdrop.lido.fi:2086 [301] [GET] [] [] [cloudflare] [cloudflare] [Cloudflare] [d41d8cd98f00b204e9800998ecf8427e]
http://airdrop.lido.fi:2087 [400] [GET] [text/html] [400 The plain HTTP request was sent to HTTPS port] [cloudflare] [cloudflare] [Cloudflare] [cd58783500d7fa3c58f88eb0ba22f4f8]
http://airdrop.lido.fi:8880 [301] [GET] [] [] [cloudflare] [cloudflare] [Cloudflare] [d41d8cd98f00b204e9800998ecf8427e]
http://anchor.lido.fi:2053 [400] [GET] [text/html] [400 The plain HTTP request was sent to HTTPS port] [cloudflare] [cloudflare] [Cloudflare] [20ad84d030031252141ca0b3fc0183f0]
http://anchor.lido.fi:2082 [301] [GET] [] [] [cloudflare] [cloudflare] [Cloudflare] [d41d8cd98f00b204e9800998ecf8427e]
http://anchor.lido.fi:2086 [301] [GET] [] [] [cloudflare] [cloudflare] [Cloudflare] [d41d8cd98f00b204e9800998ecf8427e]
http://anchor.lido.fi:2087 [400] [GET] [text/html] [400 The plain HTTP request was sent to HTTPS port] [cloudflare] [cloudflare] [Cloudflare] [cd58783500d7fa3c58f88eb0ba22f4f8]
http://anchor.lido.fi:8080 [301] [GET] [] [] [cloudflare] [cloudflare] [Cloudflare] [d41d8cd98f00b204e9800998ecf8427e]
http://anchor.lido.fi:8443 [400] [GET] [text/html] [400 The plain HTTP request was sent to HTTPS port] [cloudflare] [cloudflare] [Cloudflare] [cd58783500d7fa3c58f88eb0ba22f4f8]
http://anchor.lido.fi:8880 [301] [GET] [] [] [cloudflare] [cloudflare] [Cloudflare] [d41d8cd98f00b204e9800998ecf8427e]
http://blog.lido.fi:2082 [301] [GET] [] [] [cloudflare] [cloudflare] [Cloudflare] [d41d8cd98f00b204e9800998ecf8427e]
http://blog.lido.fi:2083 [400] [GET] [text/html] [400 The plain HTTP request was sent to HTTPS port] [cloudflare] [cloudflare] [Cloudflare] [20ad84d030031252141ca0b3fc0183f0]
http://blog.lido.fi:2086 [301] [GET] [] [] [cloudflare] [cloudflare] [Cloudflare] [d41d8cd98f00b204e9800998ecf8427e]
http://blog.lido.fi:2087 [400] [GET] [text/html] [400 The plain HTTP request was sent to HTTPS port] [cloudflare] [cloudflare] [Cloudflare] [20ad84d030031252141ca0b3fc0183f0]
http://blog.lido.fi:2096 [400] [GET] [text/html] [400 The plain HTTP request was sent to HTTPS port] [cloudflare] [cloudflare] [Cloudflare] [20ad84d030031252141ca0b3fc0183f0]
http://blog.lido.fi:8080 [301] [GET] [] [] [cloudflare] [cloudflare] [Cloudflare] [d41d8cd98f00b204e9800998ecf8427e]
http://blog.lido.fi:8443 [400] [GET] [text/html] [400 The plain HTTP request was sent to HTTPS port] [cloudflare] [cloudflare] [Cloudflare] [cd58783500d7fa3c58f88eb0ba22f4f8]
http://blog.lido.fi:8880 [301] [GET] [] [] [cloudflare] [cloudflare] [Cloudflare] [d41d8cd98f00b204e9800998ecf8427e]
http://easytrack.lido.fi:2053 [400] [GET] [text/html] [400 The plain HTTP request was sent to HTTPS port] [cloudflare] [cloudflare] [Cloudflare] [cd58783500d7fa3c58f88eb0ba22f4f8]
http://easytrack.lido.fi:2082 [301] [GET] [] [] [cloudflare] [cloudflare] [Cloudflare] [d41d8cd98f00b204e9800998ecf8427e]
http://easytrack.lido.fi:2086 [301] [GET] [] [] [cloudflare] [cloudflare] [Cloudflare] [d41d8cd98f00b204e9800998ecf8427e]
http://easytrack.lido.fi:2087 [400] [GET] [text/html] [400 The plain HTTP request was sent to HTTPS port] [cloudflare] [cloudflare] [Cloudflare] [cd58783500d7fa3c58f88eb0ba22f4f8]
http://easytrack.lido.fi:8080 [301] [GET] [] [] [cloudflare] [cloudflare] [Cloudflare] [d41d8cd98f00b204e9800998ecf8427e]
http://easytrack.lido.fi:8443 [400] [GET] [text/html] [400 The plain HTTP request was sent to HTTPS port] [cloudflare] [cloudflare] [Cloudflare] [cd58783500d7fa3c58f88eb0ba22f4f8]
http://easytrack.lido.fi:8880 [301] [GET] [] [] [cloudflare] [cloudflare] [Cloudflare] [d41d8cd98f00b204e9800998ecf8427e]
http://feeds.lido.fi:2082 [403] [GET] [text/plain] [] [cloudflare] [vhost] [cloudflare] [Cloudflare] [7b5ea53ba332630e5aca8e4abb807f70]
http://feeds.lido.fi:2086 [403] [GET] [text/plain] [] [cloudflare] [vhost] [cloudflare] [Cloudflare] [7b5ea53ba332630e5aca8e4abb807f70]
http://feeds.lido.fi:8080 [403] [GET] [text/plain] [] [cloudflare] [vhost] [cloudflare] [Cloudflare] [7b5ea53ba332630e5aca8e4abb807f70]
http://feeds.lido.fi:8880 [403] [GET] [text/plain] [] [cloudflare] [vhost] [cloudflare] [Cloudflare] [7b5ea53ba332630e5aca8e4abb807f70]
http://help.lido.fi:2082 [301] [GET] [] [] [cloudflare] [cloudflare] [Cloudflare] [d41d8cd98f00b204e9800998ecf8427e]
http://help.lido.fi:2083 [400] [GET] [text/html] [400 The plain HTTP request was sent to HTTPS port] [cloudflare] [cloudflare] [Cloudflare] [20ad84d030031252141ca0b3fc0183f0]
http://help.lido.fi:2086 [301] [GET] [] [] [cloudflare] [cloudflare] [Cloudflare] [d41d8cd98f00b204e9800998ecf8427e]
http://help.lido.fi:2087 [400] [GET] [text/html] [400 The plain HTTP request was sent to HTTPS port] [cloudflare] [cloudflare] [Cloudflare] [cd58783500d7fa3c58f88eb0ba22f4f8]
http://help.lido.fi:8880 [301] [GET] [] [] [cloudflare] [cloudflare] [Cloudflare] [d41d8cd98f00b204e9800998ecf8427e]
http://kusama.lido.fi:2082 [301] [GET] [] [] [cloudflare] [cloudflare] [Cloudflare] [d41d8cd98f00b204e9800998ecf8427e]
http://kusama.lido.fi:2083 [400] [GET] [text/html] [400 The plain HTTP request was sent to HTTPS port] [cloudflare] [cloudflare] [Cloudflare] [20ad84d030031252141ca0b3fc0183f0]
http://kusama.lido.fi:2086 [301] [GET] [] [] [cloudflare] [cloudflare] [Cloudflare] [d41d8cd98f00b204e9800998ecf8427e]
http://kusama.lido.fi:2087 [400] [GET] [text/html] [400 The plain HTTP request was sent to HTTPS port] [cloudflare] [cloudflare] [Cloudflare] [20ad84d030031252141ca0b3fc0183f0]
http://kusama.lido.fi:2096 [400] [GET] [text/html] [400 The plain HTTP request was sent to HTTPS port] [cloudflare] [cloudflare] [Cloudflare] [20ad84d030031252141ca0b3fc0183f0]
http://kusama.lido.fi:8080 [301] [GET] [] [] [cloudflare] [cloudflare] [Cloudflare] [d41d8cd98f00b204e9800998ecf8427e]
http://kusama.lido.fi:8443 [400] [GET] [text/html] [400 The plain HTTP request was sent to HTTPS port] [cloudflare] [cloudflare] [Cloudflare] [cd58783500d7fa3c58f88eb0ba22f4f8]
http://kusama.lido.fi:8880 [301] [GET] [] [] [cloudflare] [cloudflare] [Cloudflare] [d41d8cd98f00b204e9800998ecf8427e]
http://lego.lido.fi:2053 [400] [GET] [text/html] [400 The plain HTTP request was sent to HTTPS port] [cloudflare] [cloudflare] [Cloudflare] [20ad84d030031252141ca0b3fc0183f0]
http://lego.lido.fi:2082 [301] [GET] [] [] [cloudflare] [cloudflare] [Cloudflare] [d41d8cd98f00b204e9800998ecf8427e]
http://lego.lido.fi:2086 [301] [GET] [] [] [cloudflare] [cloudflare] [Cloudflare] [d41d8cd98f00b204e9800998ecf8427e]
http://lego.lido.fi:2087 [400] [GET] [text/html] [400 The plain HTTP request was sent to HTTPS port] [cloudflare] [cloudflare] [Cloudflare] [20ad84d030031252141ca0b3fc0183f0]
http://lego.lido.fi:8080 [301] [GET] [] [] [cloudflare] [cloudflare] [Cloudflare] [d41d8cd98f00b204e9800998ecf8427e]
http://lego.lido.fi:8443 [400] [GET] [text/html] [400 The plain HTTP request was sent to HTTPS port] [cloudflare] [cloudflare] [Cloudflare] [20ad84d030031252141ca0b3fc0183f0]
http://lego.lido.fi:8880 [301] [GET] [] [] [cloudflare] [cloudflare] [Cloudflare] [d41d8cd98f00b204e9800998ecf8427e]
http://lido.fi:2053 [400] [GET] [text/html] [400 The plain HTTP request was sent to HTTPS port] [cloudflare] [cloudflare] [Cloudflare] [cd58783500d7fa3c58f88eb0ba22f4f8]
http://lido.fi:2082 [301] [GET] [] [] [cloudflare] [cloudflare] [Cloudflare] [d41d8cd98f00b204e9800998ecf8427e]
http://lido.fi:2086 [301] [GET] [] [] [cloudflare] [cloudflare] [Cloudflare] [d41d8cd98f00b204e9800998ecf8427e]
http://lido.fi:2087 [400] [GET] [text/html] [400 The plain HTTP request was sent to HTTPS port] [cloudflare] [cloudflare] [Cloudflare] [cd58783500d7fa3c58f88eb0ba22f4f8]
http://lido.fi:8080 [301] [GET] [] [] [cloudflare] [cloudflare] [Cloudflare] [d41d8cd98f00b204e9800998ecf8427e]
http://lido.fi:8443 [400] [GET] [text/html] [400 The plain HTTP request was sent to HTTPS port] [cloudflare] [cloudflare] [Cloudflare] [cd58783500d7fa3c58f88eb0ba22f4f8]
http://lido.fi:8880 [301] [GET] [] [] [cloudflare] [cloudflare] [Cloudflare] [d41d8cd98f00b204e9800998ecf8427e]
http://loki.lido.fi:2053 [400] [GET] [text/html] [400 The plain HTTP request was sent to HTTPS port] [cloudflare] [cloudflare] [Cloudflare] [cd58783500d7fa3c58f88eb0ba22f4f8]
http://loki.lido.fi:2082 [301] [GET] [] [] [cloudflare] [cloudflare] [Cloudflare] [d41d8cd98f00b204e9800998ecf8427e]
http://loki.lido.fi:2086 [301] [GET] [] [] [cloudflare] [cloudflare] [Cloudflare] [d41d8cd98f00b204e9800998ecf8427e]
http://loki.lido.fi:2087 [400] [GET] [text/html] [400 The plain HTTP request was sent to HTTPS port] [cloudflare] [cloudflare] [Cloudflare] [20ad84d030031252141ca0b3fc0183f0]
http://loki.lido.fi:8080 [301] [GET] [] [] [cloudflare] [cloudflare] [Cloudflare] [d41d8cd98f00b204e9800998ecf8427e]
http://loki.lido.fi:8443 [400] [GET] [text/html] [400 The plain HTTP request was sent to HTTPS port] [cloudflare] [cloudflare] [Cloudflare] [20ad84d030031252141ca0b3fc0183f0]
http://loki.lido.fi:8880 [301] [GET] [] [] [cloudflare] [cloudflare] [Cloudflare] [d41d8cd98f00b204e9800998ecf8427e]
http://mainnet.lido.fi:2082 [301] [GET] [] [] [cloudflare] [cloudflare] [Cloudflare] [d41d8cd98f00b204e9800998ecf8427e]
http://mainnet.lido.fi:2083 [400] [GET] [text/html] [400 The plain HTTP request was sent to HTTPS port] [cloudflare] [cloudflare] [Cloudflare] [20ad84d030031252141ca0b3fc0183f0]
http://mainnet.lido.fi:2086 [301] [GET] [] [] [cloudflare] [cloudflare] [Cloudflare] [d41d8cd98f00b204e9800998ecf8427e]
http://mainnet.lido.fi:2087 [400] [GET] [text/html] [400 The plain HTTP request was sent to HTTPS port] [cloudflare] [cloudflare] [Cloudflare] [cd58783500d7fa3c58f88eb0ba22f4f8]
http://mainnet.lido.fi:8880 [301] [GET] [] [] [cloudflare] [cloudflare] [Cloudflare] [d41d8cd98f00b204e9800998ecf8427e]
http://merch.lido.fi:2052 [403] [GET] [text/html] [Attention Required! | Cloudflare] [cloudflare] [Cloudflare,Cloudflare Network Error Logging] [7fb188990aac232f27a753c8750e972d]
http://merch.lido.fi:2082 [403] [GET] [text/html] [Attention Required! | Cloudflare] [cloudflare] [Cloudflare,Cloudflare Network Error Logging] [51130012f0f24503632ecfb627abe9ef]
http://merch.lido.fi:2086 [403] [GET] [text/html] [Attention Required! | Cloudflare] [cloudflare] [Cloudflare,Cloudflare Network Error Logging] [57dc69594d6487fdce05d3508c0b7f54]
http://merch.lido.fi:2095 [403] [GET] [text/html] [Attention Required! | Cloudflare] [cloudflare] [Cloudflare,Cloudflare Network Error Logging] [3ff275a95cac80579bef494539f01e2e]
http://merch.lido.fi:8080 [403] [GET] [text/html] [Attention Required! | Cloudflare] [cloudflare] [Cloudflare,Cloudflare Network Error Logging] [fa9f7ee8efeb47f1afe2461d7f9f8d4c]
http://merch.lido.fi:8880 [403] [GET] [text/html] [Attention Required! | Cloudflare] [cloudflare] [Cloudflare,Cloudflare Network Error Logging] [a3d368ba140f5b6b380d7cc9caa7bf91]
http://operators.lido.fi:2053 [400] [GET] [text/html] [400 The plain HTTP request was sent to HTTPS port] [cloudflare] [cloudflare] [Cloudflare] [20ad84d030031252141ca0b3fc0183f0]
http://operators.lido.fi:2082 [301] [GET] [] [] [cloudflare] [cloudflare] [Cloudflare] [d41d8cd98f00b204e9800998ecf8427e]
http://operators.lido.fi:2086 [301] [GET] [] [] [cloudflare] [cloudflare] [Cloudflare] [d41d8cd98f00b204e9800998ecf8427e]
http://operators.lido.fi:2087 [400] [GET] [text/html] [400 The plain HTTP request was sent to HTTPS port] [cloudflare] [cloudflare] [Cloudflare] [20ad84d030031252141ca0b3fc0183f0]
http://operators.lido.fi:8080 [301] [GET] [] [] [cloudflare] [cloudflare] [Cloudflare] [d41d8cd98f00b204e9800998ecf8427e]
http://operators.lido.fi:8443 [400] [GET] [text/html] [400 The plain HTTP request was sent to HTTPS port] [cloudflare] [cloudflare] [Cloudflare] [cd58783500d7fa3c58f88eb0ba22f4f8]
http://operators.lido.fi:8880 [301] [GET] [] [] [cloudflare] [cloudflare] [Cloudflare] [d41d8cd98f00b204e9800998ecf8427e]
http://polkadot.lido.fi:2082 [301] [GET] [] [] [cloudflare] [cloudflare] [Cloudflare] [d41d8cd98f00b204e9800998ecf8427e]
http://polkadot.lido.fi:2083 [400] [GET] [text/html] [400 The plain HTTP request was sent to HTTPS port] [cloudflare] [cloudflare] [Cloudflare] [20ad84d030031252141ca0b3fc0183f0]
http://polkadot.lido.fi:2086 [301] [GET] [] [] [cloudflare] [cloudflare] [Cloudflare] [d41d8cd98f00b204e9800998ecf8427e]
http://polkadot.lido.fi:2087 [400] [GET] [text/html] [400 The plain HTTP request was sent to HTTPS port] [cloudflare] [cloudflare] [Cloudflare] [20ad84d030031252141ca0b3fc0183f0]
http://polkadot.lido.fi:8880 [301] [GET] [] [] [cloudflare] [cloudflare] [Cloudflare] [d41d8cd98f00b204e9800998ecf8427e]
http://polygon.lido.fi:2053 [400] [GET] [text/html] [400 The plain HTTP request was sent to HTTPS port] [cloudflare] [cloudflare] [Cloudflare] [cd58783500d7fa3c58f88eb0ba22f4f8]
http://polygon.lido.fi:2082 [301] [GET] [] [] [cloudflare] [cloudflare] [Cloudflare] [d41d8cd98f00b204e9800998ecf8427e]
http://polygon.lido.fi:2086 [301] [GET] [] [] [cloudflare] [cloudflare] [Cloudflare] [d41d8cd98f00b204e9800998ecf8427e]
http://polygon.lido.fi:2087 [400] [GET] [text/html] [400 The plain HTTP request was sent to HTTPS port] [cloudflare] [cloudflare] [Cloudflare] [cd58783500d7fa3c58f88eb0ba22f4f8]
http://polygon.lido.fi:8080 [301] [GET] [] [] [cloudflare] [cloudflare] [Cloudflare] [d41d8cd98f00b204e9800998ecf8427e]
http://polygon.lido.fi:8443 [400] [GET] [text/html] [400 The plain HTTP request was sent to HTTPS port] [cloudflare] [cloudflare] [Cloudflare] [cd58783500d7fa3c58f88eb0ba22f4f8]
http://polygon.lido.fi:8880 [301] [GET] [] [] [cloudflare] [cloudflare] [Cloudflare] [d41d8cd98f00b204e9800998ecf8427e]
http://referral.lido.fi:2082 [301] [GET] [] [] [cloudflare] [cloudflare] [Cloudflare] [d41d8cd98f00b204e9800998ecf8427e]
http://referral.lido.fi:2083 [400] [GET] [text/html] [400 The plain HTTP request was sent to HTTPS port] [cloudflare] [cloudflare] [Cloudflare] [cd58783500d7fa3c58f88eb0ba22f4f8]
http://referral.lido.fi:2086 [301] [GET] [] [] [cloudflare] [cloudflare] [Cloudflare] [d41d8cd98f00b204e9800998ecf8427e]
http://referral.lido.fi:2087 [400] [GET] [text/html] [400 The plain HTTP request was sent to HTTPS port] [cloudflare] [cloudflare] [Cloudflare] [cd58783500d7fa3c58f88eb0ba22f4f8]
http://referral.lido.fi:8880 [301] [GET] [] [] [cloudflare] [cloudflare] [Cloudflare] [d41d8cd98f00b204e9800998ecf8427e]
http://research.lido.fi:2082 [301] [GET] [] [] [cloudflare] [cloudflare] [Cloudflare] [d41d8cd98f00b204e9800998ecf8427e]
http://research.lido.fi:2083 [400] [GET] [text/html] [400 The plain HTTP request was sent to HTTPS port] [cloudflare] [cloudflare] [Cloudflare] [cd58783500d7fa3c58f88eb0ba22f4f8]
http://research.lido.fi:2086 [301] [GET] [] [] [cloudflare] [cloudflare] [Cloudflare] [d41d8cd98f00b204e9800998ecf8427e]
http://research.lido.fi:2087 [400] [GET] [text/html] [400 The plain HTTP request was sent to HTTPS port] [cloudflare] [cloudflare] [Cloudflare] [20ad84d030031252141ca0b3fc0183f0]
http://research.lido.fi:2096 [400] [GET] [text/html] [400 The plain HTTP request was sent to HTTPS port] [cloudflare] [cloudflare] [Cloudflare] [20ad84d030031252141ca0b3fc0183f0]
http://research.lido.fi:8080 [301] [GET] [] [] [cloudflare] [cloudflare] [Cloudflare] [d41d8cd98f00b204e9800998ecf8427e]
http://research.lido.fi:8443 [400] [GET] [text/html] [400 The plain HTTP request was sent to HTTPS port] [cloudflare] [cloudflare] [Cloudflare] [cd58783500d7fa3c58f88eb0ba22f4f8]
http://research.lido.fi:8880 [301] [GET] [] [] [cloudflare] [cloudflare] [Cloudflare] [d41d8cd98f00b204e9800998ecf8427e]
https://1inch-pool-rewards.lido.fi [200] [GET] [text/html] [] [cloudflare] [vhost] [cloudflare] [Cloudflare,Google Font API,Next.js,Node.js,React,webpack] [195187b9fda7b8a5606971ae0437972a]
https://1inch-pool-rewards.lido.fi [200] [GET] [text/html] [] [cloudflare] [vhost] [cloudflare] [Cloudflare,Google Font API,Next.js,Node.js,React,webpack] [1cf1b9a96e3037baaa4f865e2781f193]
https://airdrop.lido.fi [200] [GET] [text/html] [] [cloudflare] [vhost] [cloudflare] [Cloudflare,Next.js,Node.js,React,webpack] [31f8c6c63745ebe53c9e7de9b48138a7]
https://airdrop.lido.fi [200] [GET] [text/html] [] [cloudflare] [vhost] [cloudflare] [Cloudflare,Next.js,Node.js,React,webpack] [9f07834eeb6043a12220b3605cc0ad6f]
https://anchor.lido.fi [200] [GET] [text/html] [Lido | Convert stETH to Terra bETH] [cloudflare] [vhost] [cloudflare] [Cloudflare,Next.js,Node.js,React,webpack] [00e5c592744e47d5fa850093a55aad4c]
https://anchor.lido.fi [200] [GET] [text/html] [Lido | Convert stETH to Terra bETH] [cloudflare] [vhost] [cloudflare] [Cloudflare,Next.js,Node.js,React,webpack] [9d9d5c66c0624f8e85df5fc6cfdbbf50]
https://blog.lido.fi [200] [GET] [text/html] [The Lido Blog] [cloudflare] [vhost] [cloudflare] [Cloudflare,Express,Ghost:4.48,Node.js] [83fb172d2f27911f2287d1abaa99099f]
https://careers.lido.fi [200] [GET] [text/html] [Careers at Lido] [cloudflare] [vhost] [cloudflare] [Cloudflare,Next.js,Node.js,React,Vercel,webpack] [c5e05617285ffb17d8c2b26f5af22afb]
https://careers.lido.fi:2083 [521] [GET] [] [] [cloudflare] [vhost] [cloudflare] [Cloudflare] [d41d8cd98f00b204e9800998ecf8427e]
https://careers.lido.fi:2087 [521] [GET] [] [] [cloudflare] [vhost] [cloudflare] [Cloudflare] [d41d8cd98f00b204e9800998ecf8427e]
https://careers.lido.fi:8443 [521] [GET] [] [] [cloudflare] [vhost] [cloudflare] [Cloudflare] [d41d8cd98f00b204e9800998ecf8427e]
https://docs.cosmos.lido.fi [404] [GET] [text/html] [Site not found · GitHub Pages] [GitHub.com] [Fastly,GitHub Pages,Varnish] [1eb970ce5a18bec7165f016df8238566]
https://docs.kusama.lido.fi [200] [GET] [text/html] [Overview | Lido KSM docs] [GitHub.com] [vhost] [Docusaurus:2.0.0-beta.14,Fastly,GitHub Pages,React,Varnish,webpack] [7eaa52d8b7ec1025c5212dc2f515d17f]
https://docs.lido.fi [200] [GET] [text/html] [Introduction | Lido Docs] [GitHub.com] [vhost] [Docusaurus:2.0.0-beta.14,Fastly,GitHub Pages,React,Varnish,webpack] [cf720fa3e82f34ca5ab51c06ad220efe]
https://docs.polkadot.lido.fi [200] [GET] [text/html] [Overview | Lido DOT docs] [GitHub.com] [vhost] [Docusaurus:2.0.0-beta.14,Fastly,GitHub Pages,React,Varnish,webpack] [c8f987b540b8fc9c73b513b6fdd03325]
https://docs.polygon.lido.fi [200] [GET] [text/html] [Overview | Lido On Polygon Docs] [GitHub.com] [vhost] [Docusaurus:2.0.0-alpha.73,Fastly,GitHub Pages,React,Varnish,webpack] [d26699f7a1f31604d805e103fed25b23]
https://docs.solana.lido.fi [200] [GET] [text/html] [Overview | Lido for Solana] [GitHub.com] [vhost] [Docusaurus:2.0.0-rc.1,Fastly,GitHub Pages,React,Varnish,webpack] [4689af60ce81b8b646c5cb14f21aa18d]
https://docs.terra.lido.fi [200] [GET] [text/html] [Liquid Staking for Terra | Lido Terra docs] [GitHub.com] [vhost] [Docusaurus:2.0.0-beta.6,Fastly,GitHub Pages,React,Varnish,webpack] [fa76d1694604558da322349c6c5514d5]
https://easytrack.lido.fi [200] [GET] [text/html] [Lido Easy Track] [cloudflare] [vhost] [cloudflare] [Cloudflare,Next.js,Node.js,React,webpack] [bf164ffcb776505f0d4d55630102254d]
https://feeds.lido.fi:2053 [403] [GET] [text/plain] [] [cloudflare] [vhost] [cloudflare] [Cloudflare] [7b5ea53ba332630e5aca8e4abb807f70]
https://feeds.lido.fi:2087 [403] [GET] [text/plain] [] [cloudflare] [vhost] [cloudflare] [Cloudflare] [7b5ea53ba332630e5aca8e4abb807f70]
https://feeds.lido.fi [403] [GET] [text/plain] [] [cloudflare] [vhost] [cloudflare] [Cloudflare] [7b5ea53ba332630e5aca8e4abb807f70]
https://feeds.lido.fi:8443 [403] [GET] [text/plain] [] [cloudflare] [vhost] [cloudflare] [Cloudflare] [7b5ea53ba332630e5aca8e4abb807f70]
https://help.lido.fi [302] [GET] [text/html] [] [cloudflare] [vhost] [cloudflare] [Cloudflare] [03a252d40fc780a337ecc3bfb7335b5f]
https://kusama.lido.fi [200] [GET] [text/html] [Stake with Lido | Lido] [cloudflare] [vhost] [cloudflare] [Cloudflare,Next.js,Node.js,React,webpack] [8e3a039eefaf5cab3e1e8631bab9fc1e]
https://kusama.lido.fi [200] [GET] [text/html] [Stake with Lido | Lido] [cloudflare] [vhost] [cloudflare] [Cloudflare,Next.js,Node.js,React,webpack] [a5492ae342de409d70409c8e92767df8]
https://lego.lido.fi [200] [GET] [text/html] [LEGO | Lido Ecosystem Grants Organisation] [cloudflare] [vhost] [cloudflare] [Cloudflare,Google Font API,Next.js,Node.js,React,Vercel,webpack] [8c3165b159cb8be97cfb5a27af6f6406]
https://lido.fi [200] [GET] [text/html] [Liquidity for staked assets | Lido] [cloudflare] [vhost] [cloudflare] [Cloudflare,React] [240f3e0463ac9d4127596d45afc3b83b]
https://lido.fi [200] [GET] [text/html] [Liquidity for staked assets | Lido] [cloudflare] [vhost] [cloudflare] [Cloudflare,React] [f8664098a5a2791e73fc10c89848ec3a]
https://loki.lido.fi [401] [GET] [text/plain] [] [cloudflare] [vhost] [cloudflare] [Basic,Cloudflare] [f73716aeea5e67820bfd7cf2ba50416b]
https://mainnet.lido.fi [200] [GET] [text/html] [Aragon] [cloudflare] [vhost] [cloudflare] [Cloudflare] [d05aefecd6b41851d3cc632cde1ecdb3]
https://merch.lido.fi [200] [GET] [text/html] [Lido Merch
https://merch.lido.fi:2053 [403] [GET] [text/html] [Attention Required! | Cloudflare] [cloudflare] [vhost] [Cloudflare,Cloudflare Network Error Logging] [6dc53103a84edd8df426fdd7c856ff5b]
https://merch.lido.fi:2083 [403] [GET] [text/html] [Attention Required! | Cloudflare] [cloudflare] [vhost] [Cloudflare,Cloudflare Network Error Logging] [31f17d4d9de0f755bafe80c7f50a42e2]
https://merch.lido.fi:2087 [403] [GET] [text/html] [Attention Required! | Cloudflare] [cloudflare] [vhost] [Cloudflare,Cloudflare Network Error Logging] [f456310225b39913e13e25c3908192ba]
https://merch.lido.fi:2096 [403] [GET] [text/html] [Attention Required! | Cloudflare] [cloudflare] [vhost] [Cloudflare,Cloudflare Network Error Logging] [312c69508daa7990a5436d0b649b8433]
https://merch.lido.fi:8443 [403] [GET] [text/html] [Attention Required! | Cloudflare] [cloudflare] [vhost] [Cloudflare,Cloudflare Network Error Logging] [decf9d58073cffbc5a40ac470dbd6ab9]
http://solana.lido.fi:2082 [301] [GET] [] [] [cloudflare] [cloudflare] [Cloudflare] [d41d8cd98f00b204e9800998ecf8427e]
http://solana.lido.fi:2083 [400] [GET] [text/html] [400 The plain HTTP request was sent to HTTPS port] [cloudflare] [cloudflare] [Cloudflare] [20ad84d030031252141ca0b3fc0183f0]
http://solana.lido.fi:2086 [301] [GET] [] [] [cloudflare] [cloudflare] [Cloudflare] [d41d8cd98f00b204e9800998ecf8427e]
http://solana.lido.fi:2087 [400] [GET] [text/html] [400 The plain HTTP request was sent to HTTPS port] [cloudflare] [cloudflare] [Cloudflare] [20ad84d030031252141ca0b3fc0183f0]
http://solana.lido.fi:8880 [301] [GET] [] [] [cloudflare] [cloudflare] [Cloudflare] [d41d8cd98f00b204e9800998ecf8427e]
https://operatorportal.lido.fi [200] [GET] [text/html] [Lido Node Operator Portal] [Vercel] [vhost] [Next.js,Node.js,React,Vercel,webpack] [1d1c7550f45893b242f3e6e4895a66d6]
https://operators.lido.fi [200] [GET] [text/html] [Lido | Node Operators Dashboard] [cloudflare] [vhost] [cloudflare] [Cloudflare,Next.js,Node.js,React,webpack] [873f7af07b702717ab51da56ab66dd5e]
https://operators.lido.fi [200] [GET] [text/html] [Lido | Node Operators Dashboard] [cloudflare] [vhost] [cloudflare] [Cloudflare,Next.js,Node.js,React,webpack] [d68542c31b681ddcd3828cc48a4e6ce9]
https://polkadot.lido.fi [200] [GET] [text/html] [Stake with Lido | Lido] [cloudflare] [vhost] [cloudflare] [Cloudflare,Next.js,Node.js,React,webpack] [28f6d1b2f301c26c22979eb56aa39280]
https://polkadot.lido.fi [200] [GET] [text/html] [Stake with Lido | Lido] [cloudflare] [vhost] [cloudflare] [Cloudflare,Next.js,Node.js,React,webpack] [c841d4607edf59cce9c7fef2ccbbe1df]
https://polygon.lido.fi [200] [GET] [text/html] [Stake | Lido] [cloudflare] [vhost] [cloudflare] [Cloudflare,Next.js,Node.js,React,webpack] [76239f4c2b6123471560d62c9a1cdbb4]
https://polygon.lido.fi [200] [GET] [text/html] [Stake | Lido] [cloudflare] [vhost] [cloudflare] [Cloudflare,Next.js,Node.js,React,webpack] [c91c0d62c5ad1408305aabe7254b9c64]
https://referral.lido.fi [200] [GET] [text/html] [Lido Referral Program - Earn rewards by spreading Ether staking | Lido] [cloudflare] [vhost] [cloudflare] [Cloudflare,Next.js,Node.js,React,webpack] [0af57e834c9bf169c7555096ecea954e]
https://referral.lido.fi [200] [GET] [text/html] [Lido Referral Program - Earn rewards by spreading Ether staking | Lido] [cloudflare] [vhost] [cloudflare] [Cloudflare,Next.js,Node.js,React,webpack] [34aaeb1dde2d21d2b2a35056296218b8]
https://research.lido.fi [200] [GET] [text/html] [Lido Governance - Lido - The Ethereum Liquid Staking Community] [cloudflare] [vhost] [cloudflare] [Cloudflare,Discourse,Ruby on Rails] [b9aa4957bae3fad5b7afd58de73913a2]
https://research.lido.fi [200] [GET] [text/html] [Lido Governance - Lido - The Ethereum Liquid Staking Community] [cloudflare] [vhost] [cloudflare] [Cloudflare,Discourse,Ruby on Rails] [e5d58950644856334e7ba5b79d899dc3]
https://scorecard.lido.fi [200] [GET] [text/html] [Lido on Ethereum Scorecard] [Vercel] [vhost] [Next.js,Node.js,React,Vercel,webpack] [13485fa22cf5d08b9d28795b4408ed81]
https://solana.lido.fi [200] [GET] [text/html] [Stake | Lido] [cloudflare] [vhost] [cloudflare] [Cloudflare,Google Font API,Next.js,Node.js,React,webpack] [b70ee2d88b94d2853707522ad7a12588]
https://solana.lido.fi [200] [GET] [text/html] [Stake | Lido] [cloudflare] [vhost] [cloudflare] [Cloudflare,Google Font API,Next.js,Node.js,React,webpack] [f022838b36c720580b02f8f6d6e9d0ce]
https://stake.lido.fi [200] [GET] [text/html] [Stake with Lido | Lido] [cloudflare] [vhost] [cloudflare] [Cloudflare,Next.js,Node.js,React,webpack] [79fc6d917290084ffd89b88a54fd2d57]
https://stake.lido.fi [200] [GET] [text/html] [Stake with Lido | Lido] [cloudflare] [vhost] [cloudflare] [Cloudflare,Next.js,Node.js,React,webpack] [bfc984863ee048307610d31ed9140616]
https://static.lido.fi [200] [GET] [text/html] [logos | Logos & other pictures for Lido assets] [GitHub.com] [vhost] [Fastly,GitHub Pages,Jekyll:v3.9.0,Varnish] [e5ab7b2151a95ecd9dfbff754d11f277]
https://status.lido.fi [200] [GET] [text/html] [Lido status – Service uptime in the past 90 days] [cloudflare] [vhost] [cloudflare] [Cloudflare] [e1c15182f136ab10dc7a18936e625b3c]
http://stake.lido.fi:2082 [301] [GET] [] [] [cloudflare] [cloudflare] [Cloudflare] [d41d8cd98f00b204e9800998ecf8427e]
http://stake.lido.fi:2083 [400] [GET] [text/html] [400 The plain HTTP request was sent to HTTPS port] [cloudflare] [cloudflare] [Cloudflare] [20ad84d030031252141ca0b3fc0183f0]
http://stake.lido.fi:2086 [301] [GET] [] [] [cloudflare] [cloudflare] [Cloudflare] [d41d8cd98f00b204e9800998ecf8427e]
http://stake.lido.fi:2087 [400] [GET] [text/html] [400 The plain HTTP request was sent to HTTPS port] [cloudflare] [cloudflare] [Cloudflare] [cd58783500d7fa3c58f88eb0ba22f4f8]
http://stake.lido.fi:8880 [301] [GET] [] [] [cloudflare] [cloudflare] [Cloudflare] [d41d8cd98f00b204e9800998ecf8427e]
http://status.lido.fi:2082 [301] [GET] [] [] [cloudflare] [cloudflare] [Cloudflare] [d41d8cd98f00b204e9800998ecf8427e]
http://status.lido.fi:2083 [400] [GET] [text/html] [400 The plain HTTP request was sent to HTTPS port] [cloudflare] [cloudflare] [Cloudflare] [20ad84d030031252141ca0b3fc0183f0]
http://status.lido.fi:2086 [301] [GET] [] [] [cloudflare] [cloudflare] [Cloudflare] [d41d8cd98f00b204e9800998ecf8427e]
http://status.lido.fi:2087 [400] [GET] [text/html] [400 The plain HTTP request was sent to HTTPS port] [cloudflare] [cloudflare] [Cloudflare] [cd58783500d7fa3c58f88eb0ba22f4f8]
http://status.lido.fi:2096 [400] [GET] [text/html] [400 The plain HTTP request was sent to HTTPS port] [cloudflare] [cloudflare] [Cloudflare] [20ad84d030031252141ca0b3fc0183f0]
http://status.lido.fi:8080 [301] [GET] [] [] [cloudflare] [cloudflare] [Cloudflare] [d41d8cd98f00b204e9800998ecf8427e]
http://status.lido.fi:8443 [400] [GET] [text/html] [400 The plain HTTP request was sent to HTTPS port] [cloudflare] [cloudflare] [Cloudflare] [20ad84d030031252141ca0b3fc0183f0]
http://status.lido.fi:8880 [301] [GET] [] [] [cloudflare] [cloudflare] [Cloudflare] [d41d8cd98f00b204e9800998ecf8427e]
https://terra.lido.fi [200] [GET] [text/html] [Bond Luna | Lido] [cloudflare] [vhost] [cloudflare] [Cloudflare,Next.js,Node.js,React,webpack] [2724ca53e5f03798b3e2bb04d39e5655]
https://terra.lido.fi [200] [GET] [text/html] [Bond Luna | Lido] [cloudflare] [vhost] [cloudflare] [Cloudflare,Next.js,Node.js,React,webpack] [2a24dc7045f26487b8ff9fb2570a45c3]
https://ui-blocks.lido.fi [200] [GET] [text/html] [Storybook] [GitHub.com] [vhost] [Fastly,GitHub Pages,Varnish] [143a562ec0ed175cdaee4f35f041f118]
https://ui.lido.fi [200] [GET] [text/html] [Storybook] [GitHub.com] [vhost] [Fastly,GitHub Pages,Varnish] [ed9d7b3026f417e3571971ef5bccf668]
https://www.lido.fi [301] [GET] [text/html] [301 Moved Permanently] [cloudflare] [vhost] [cloudflare] [Cloudflare] [4f8e702cc244ec5d4de32740c0ecbd97]
http://terra.lido.fi:2082 [301] [GET] [] [] [cloudflare] [cloudflare] [Cloudflare] [d41d8cd98f00b204e9800998ecf8427e]
http://terra.lido.fi:2083 [400] [GET] [text/html] [400 The plain HTTP request was sent to HTTPS port] [cloudflare] [cloudflare] [Cloudflare] [20ad84d030031252141ca0b3fc0183f0]
http://terra.lido.fi:2086 [301] [GET] [] [] [cloudflare] [cloudflare] [Cloudflare] [d41d8cd98f00b204e9800998ecf8427e]
http://terra.lido.fi:2087 [400] [GET] [text/html] [400 The plain HTTP request was sent to HTTPS port] [cloudflare] [cloudflare] [Cloudflare] [cd58783500d7fa3c58f88eb0ba22f4f8]
http://terra.lido.fi:2096 [400] [GET] [text/html] [400 The plain HTTP request was sent to HTTPS port] [cloudflare] [cloudflare] [Cloudflare] [cd58783500d7fa3c58f88eb0ba22f4f8]
http://terra.lido.fi:8080 [301] [GET] [] [] [cloudflare] [cloudflare] [Cloudflare] [d41d8cd98f00b204e9800998ecf8427e]
http://terra.lido.fi:8443 [400] [GET] [text/html] [400 The plain HTTP request was sent to HTTPS port] [cloudflare] [cloudflare] [Cloudflare] [cd58783500d7fa3c58f88eb0ba22f4f8]
http://terra.lido.fi:8880 [301] [GET] [] [] [cloudflare] [cloudflare] [Cloudflare] [d41d8cd98f00b204e9800998ecf8427e]
http://www.lido.fi:2082 [301] [GET] [] [] [cloudflare] [cloudflare] [Cloudflare] [d41d8cd98f00b204e9800998ecf8427e]
http://www.lido.fi:2083 [400] [GET] [text/html] [400 The plain HTTP request was sent to HTTPS port] [cloudflare] [cloudflare] [Cloudflare] [cd58783500d7fa3c58f88eb0ba22f4f8]
http://www.lido.fi:2086 [301] [GET] [] [] [cloudflare] [cloudflare] [Cloudflare] [d41d8cd98f00b204e9800998ecf8427e]
http://www.lido.fi:2087 [400] [GET] [text/html] [400 The plain HTTP request was sent to HTTPS port] [cloudflare] [cloudflare] [Cloudflare] [20ad84d030031252141ca0b3fc0183f0]
http://www.lido.fi:8880 [301] [GET] [] [] [cloudflare] [cloudflare] [Cloudflare] [d41d8cd98f00b204e9800998ecf8427e]
