https://airflow.limeinternal.com [302] [GET] [text/html] [Redirecting...] [cloudflare] [vhost] [cloudflare] [Cloudflare] [661995591b57c1e759703d1cab4cdb5d]
https://airflow-mwaa.limeinternal.com [302] [GET] [text/html] [Redirecting...] [cloudflare] [vhost] [cloudflare] [Cloudflare] [3cc140d34969fa39436714272aa23256]
https://common-airflow.limeinternal.com [530] [GET] [text/html] [Origin DNS error | common-airflow.limeinternal.com | Cloudflare] [cloudflare] [vhost] [cloudflare] [Cloudflare] [71754de2e39c3ecc9a96035d0f2d2f1a]
https://common-airflow.limeinternal.com [530] [GET] [text/html] [Origin DNS error | common-airflow.limeinternal.com | Cloudflare] [cloudflare] [vhost] [cloudflare] [Cloudflare] [efa43503ab2cfe5e4f5dd749c685b43d]
https://data-entrypoint-api.limeinternal.com [200] [GET] [text/html] [] [cloudflare] [vhost] [cloudflare] [Cloudflare,Express,Node.js] [f0ef7081e1539ac00ef5b761b4fb01b3]
https://data-entrypoint-api-staging.limeinternal.com [200] [GET] [text/html] [] [cloudflare] [vhost] [cloudflare] [Cloudflare,Express,Node.js] [f0ef7081e1539ac00ef5b761b4fb01b3]
https://data.limeinternal.com [200] [GET] [text/html] [Lime Data Portal] [cloudflare] [vhost] [cloudflare] [Amazon Cloudfront,Amazon Web Services,Cloudflare] [7b0237fb58fe3653f775a114ada4fd46]
https://data-staging.limeinternal.com [200] [GET] [text/html] [Lime Data Portal] [cloudflare] [vhost] [cloudflare] [Amazon Cloudfront,Amazon Web Services,Cloudflare] [4b27b9b2920209578c33551def61bd43]
https://golden-airflow.limeinternal.com [530] [GET] [text/html] [Origin DNS error | golden-airflow.limeinternal.com | Cloudflare] [cloudflare] [vhost] [cloudflare] [Cloudflare] [032d0d26f9bef6f60c11fec4dd2dcadd]
https://golden-airflow.limeinternal.com [530] [GET] [text/html] [Origin DNS error | golden-airflow.limeinternal.com | Cloudflare] [cloudflare] [vhost] [cloudflare] [Cloudflare] [8aa587e7f8cc05cc2747f4b913a94d4f]
https://golden-airflow-mwaa.limeinternal.com [302] [GET] [text/html] [Redirecting...] [cloudflare] [vhost] [cloudflare] [Cloudflare] [3cc140d34969fa39436714272aa23256]
https://ml-flower.limeinternal.com [302] [GET] [] [] [cloudflare] [vhost] [cloudflare] [Cloudflare] [d41d8cd98f00b204e9800998ecf8427e]
https://ml-flower-staging.limeinternal.com [302] [GET] [] [] [cloudflare] [vhost] [cloudflare] [Cloudflare] [d41d8cd98f00b204e9800998ecf8427e]
https://ml.limeinternal.com [302] [GET] [] [] [cloudflare] [vhost] [cloudflare] [Cloudflare] [d41d8cd98f00b204e9800998ecf8427e]
https://mlp.limeinternal.com [302] [GET] [] [] [cloudflare] [vhost] [cloudflare] [Cloudflare] [d41d8cd98f00b204e9800998ecf8427e]
https://ml-staging.limeinternal.com [302] [GET] [] [] [cloudflare] [vhost] [cloudflare] [Cloudflare] [d41d8cd98f00b204e9800998ecf8427e]
https://orchard.limeinternal.com [200] [GET] [text/html] [Lime Orchard] [cloudflare] [vhost] [cloudflare] [Bootstrap:4.2.1,Cloudflare,Envoy,Ionicons] [40f0b784d1d818474279662dcbbd61d9]
https://orchard-staging.limeinternal.com [200] [GET] [text/html] [Lime Orchard] [cloudflare] [vhost] [cloudflare] [Bootstrap:4.2.1,Cloudflare,Envoy,Ionicons] [40f0b784d1d818474279662dcbbd61d9]
https://pmm.limeinternal.com [302] [GET] [] [] [cloudflare] [vhost] [cloudflare] [Cloudflare] [d41d8cd98f00b204e9800998ecf8427e]
https://sidewalk-data-collection.limeinternal.com [302] [GET] [] [] [cloudflare] [vhost] [cloudflare] [Cloudflare] [d41d8cd98f00b204e9800998ecf8427e]
https://tab.limeinternal.com [200] [GET] [text/html] [] [cloudflare] [vhost] [cloudflare] [Cloudflare] [9c8bae22ba84bbf39e2837ff6077fff7]
https://test.limeinternal.com [404] [GET] [] [] [cloudflare] [vhost] [cloudflare] [Cloudflare] [d41d8cd98f00b204e9800998ecf8427e]
