http://account.line.me [302] [GET] [text/html] [302 Found] [nginx/1.20.2] [Nginx:1.20.2] [cb8aa599ce6e2e45603b7bc9db63a3e9]
http://aillis.line.me [302] [GET] [] [] [nginx] [Nginx] [d41d8cd98f00b204e9800998ecf8427e]
http://alpha-ace.line.me:8080 [301] [GET] [text/html] [301 Moved Permanently] [nginx] [Nginx] [4f8e702cc244ec5d4de32740c0ecbd97]
http://alpha-lcs.line.me:8080 [301] [GET] [text/html] [301 Moved Permanently] [nginx] [Nginx] [4f8e702cc244ec5d4de32740c0ecbd97]
http://alpha-nc.line.me:8080 [301] [GET] [text/html] [301 Moved Permanently] [nginx] [Nginx] [4f8e702cc244ec5d4de32740c0ecbd97]
http://at-blog.line.me [302] [GET] [text/html] [302 Found] [nginx] [vhost] [Nginx] [aff950cab4c0265e21d401db15f1026d]
http://baito-mag.line.me [302] [GET] [text/html] [302 Found] [nginx] [vhost] [Nginx] [aff950cab4c0265e21d401db15f1026d]
http://blog.clova.line.me:2052 [403] [GET] [text/plain] [] [cloudflare] [vhost] [Cloudflare,Cloudflare Bot Management,Cloudflare Network Error Logging] [c8750906ad1e689d41ab2a4e25d9864d]
http://blog.clova.line.me:2082 [403] [GET] [text/plain] [] [cloudflare] [vhost] [Cloudflare,Cloudflare Bot Management,Cloudflare Network Error Logging] [c8750906ad1e689d41ab2a4e25d9864d]
http://blog.clova.line.me:2086 [403] [GET] [text/plain] [] [cloudflare] [vhost] [Cloudflare,Cloudflare Bot Management,Cloudflare Network Error Logging] [c8750906ad1e689d41ab2a4e25d9864d]
http://blog.clova.line.me:2095 [403] [GET] [text/plain] [] [cloudflare] [vhost] [Cloudflare,Cloudflare Bot Management,Cloudflare Network Error Logging] [c8750906ad1e689d41ab2a4e25d9864d]
http://blog.clova.line.me:8080 [403] [GET] [text/plain] [] [cloudflare] [vhost] [Cloudflare,Cloudflare Bot Management,Cloudflare Network Error Logging] [c8750906ad1e689d41ab2a4e25d9864d]
http://blog.clova.line.me:8880 [403] [GET] [text/plain] [] [cloudflare] [vhost] [Cloudflare,Cloudflare Bot Management,Cloudflare Network Error Logging] [c8750906ad1e689d41ab2a4e25d9864d]
http://camera.line.me [302] [GET] [] [] [nginx] [Nginx] [d41d8cd98f00b204e9800998ecf8427e]
http://camera-official-blog.line.me [302] [GET] [text/html] [302 Found] [nginx] [vhost] [Nginx] [aff950cab4c0265e21d401db15f1026d]
http://charmmy-rss.line.me [401] [GET] [text/plain] [] [Apache] [Apache] [d41d8cd98f00b204e9800998ecf8427e]
http://clova-blog.line.me [302] [GET] [text/html] [302 Found] [nginx] [vhost] [Nginx] [aff950cab4c0265e21d401db15f1026d]
http://clovanote.line.me [307] [GET] [text/html] [307 Temporary Redirect] [nginx] [Nginx] [b0bbab9d0fa7b452cd2d044232ca5435]
http://creator-mag.line.me [302] [GET] [text/html] [302 Found] [nginx] [vhost] [Nginx] [aff950cab4c0265e21d401db15f1026d]
http://creator-manual.line.me [302] [GET] [text/html] [302 Found] [nginx] [vhost] [Nginx] [aff950cab4c0265e21d401db15f1026d]
http://cs-cb.clova.line.me:2052 [403] [GET] [text/plain] [] [cloudflare] [vhost] [Cloudflare,Cloudflare Bot Management,Cloudflare Network Error Logging] [c8750906ad1e689d41ab2a4e25d9864d]
http://cs-cb.clova.line.me:2082 [403] [GET] [text/plain] [] [cloudflare] [vhost] [Cloudflare,Cloudflare Bot Management,Cloudflare Network Error Logging] [c8750906ad1e689d41ab2a4e25d9864d]
http://cs-cb.clova.line.me:2086 [403] [GET] [text/plain] [] [cloudflare] [vhost] [Cloudflare,Cloudflare Bot Management,Cloudflare Network Error Logging] [c8750906ad1e689d41ab2a4e25d9864d]
http://cs-cb.clova.line.me:2095 [403] [GET] [text/plain] [] [cloudflare] [vhost] [Cloudflare,Cloudflare Bot Management,Cloudflare Network Error Logging] [c8750906ad1e689d41ab2a4e25d9864d]
http://cs-cb.clova.line.me:8080 [403] [GET] [text/plain] [] [cloudflare] [vhost] [Cloudflare,Cloudflare Bot Management,Cloudflare Network Error Logging] [c8750906ad1e689d41ab2a4e25d9864d]
http://cs-cb.clova.line.me:8880 [403] [GET] [text/plain] [] [cloudflare] [vhost] [Cloudflare,Cloudflare Bot Management,Cloudflare Network Error Logging] [c8750906ad1e689d41ab2a4e25d9864d]
http://cs-ocr.clova.line.me:2052 [403] [GET] [text/plain] [] [cloudflare] [vhost] [Cloudflare,Cloudflare Bot Management,Cloudflare Network Error Logging] [c8750906ad1e689d41ab2a4e25d9864d]
http://cs-ocr.clova.line.me:2082 [403] [GET] [text/plain] [] [cloudflare] [vhost] [Cloudflare,Cloudflare Bot Management,Cloudflare Network Error Logging] [c8750906ad1e689d41ab2a4e25d9864d]
http://cs-ocr.clova.line.me:2086 [403] [GET] [text/plain] [] [cloudflare] [vhost] [Cloudflare,Cloudflare Bot Management,Cloudflare Network Error Logging] [c8750906ad1e689d41ab2a4e25d9864d]
http://cs-ocr.clova.line.me:2095 [403] [GET] [text/plain] [] [cloudflare] [vhost] [Cloudflare,Cloudflare Bot Management,Cloudflare Network Error Logging] [c8750906ad1e689d41ab2a4e25d9864d]
http://cs-ocr.clova.line.me:8080 [403] [GET] [text/plain] [] [cloudflare] [vhost] [Cloudflare,Cloudflare Bot Management,Cloudflare Network Error Logging] [c8750906ad1e689d41ab2a4e25d9864d]
http://cs-ocr.clova.line.me:8880 [403] [GET] [text/plain] [] [cloudflare] [vhost] [Cloudflare,Cloudflare Bot Management,Cloudflare Network Error Logging] [c8750906ad1e689d41ab2a4e25d9864d]
http://deals.line.me [301] [GET] [] [] [AkamaiGHost] [vhost] [d41d8cd98f00b204e9800998ecf8427e]
http://events.line.me [302] [GET] [text/html] [302 Found] [nginx/1.20.2] [Nginx:1.20.2] [cb8aa599ce6e2e45603b7bc9db63a3e9]
http://fortune-mag.line.me [302] [GET] [text/html] [302 Found] [nginx] [vhost] [Nginx] [aff950cab4c0265e21d401db15f1026d]
http://gift-blog.line.me [302] [GET] [text/html] [302 Found] [nginx] [vhost] [Nginx] [aff950cab4c0265e21d401db15f1026d]
http://jumputi-heroes-blog.line.me [302] [GET] [text/html] [302 Found] [nginx] [vhost] [Nginx] [aff950cab4c0265e21d401db15f1026d]
http://lap-blog.line.me [302] [GET] [text/html] [302 Found] [nginx] [vhost] [Nginx] [aff950cab4c0265e21d401db15f1026d]
http://lb.clova.line.me:2052 [403] [GET] [text/plain] [] [cloudflare] [vhost] [Cloudflare,Cloudflare Bot Management,Cloudflare Network Error Logging] [c8750906ad1e689d41ab2a4e25d9864d]
http://lb.clova.line.me:2082 [403] [GET] [text/plain] [] [cloudflare] [vhost] [Cloudflare,Cloudflare Bot Management,Cloudflare Network Error Logging] [c8750906ad1e689d41ab2a4e25d9864d]
http://lb.clova.line.me:2086 [403] [GET] [text/plain] [] [cloudflare] [vhost] [Cloudflare,Cloudflare Bot Management,Cloudflare Network Error Logging] [c8750906ad1e689d41ab2a4e25d9864d]
http://lb.clova.line.me:2095 [403] [GET] [text/plain] [] [cloudflare] [vhost] [Cloudflare,Cloudflare Bot Management,Cloudflare Network Error Logging] [c8750906ad1e689d41ab2a4e25d9864d]
http://lb.clova.line.me:8080 [403] [GET] [text/plain] [] [cloudflare] [vhost] [Cloudflare,Cloudflare Bot Management,Cloudflare Network Error Logging] [c8750906ad1e689d41ab2a4e25d9864d]
http://lb.clova.line.me:8880 [403] [GET] [text/plain] [] [cloudflare] [vhost] [Cloudflare,Cloudflare Bot Management,Cloudflare Network Error Logging] [c8750906ad1e689d41ab2a4e25d9864d]
http://lgurl.line.me [302] [GET] [] [] [nginx] [Nginx] [d41d8cd98f00b204e9800998ecf8427e]
http://lp.play.line.me [302] [GET] [text/html] [302 Found] [Apache] [vhost] [Apache] [fa8817bd5213f79f88702a9b2aad702a]
http://manga-blog.line.me [302] [GET] [text/html] [302 Found] [nginx] [vhost] [Nginx] [aff950cab4c0265e21d401db15f1026d]
http://music-mag.line.me [302] [GET] [text/html] [302 Found] [nginx] [vhost] [Nginx] [aff950cab4c0265e21d401db15f1026d]
http://official-blog.line.me [302] [GET] [text/html] [302 Found] [nginx] [vhost] [Nginx] [aff950cab4c0265e21d401db15f1026d]
http://rabbitlinepay-blog.line.me [302] [GET] [text/html] [302 Found] [nginx] [vhost] [Nginx] [aff950cab4c0265e21d401db15f1026d]
https://10th-anniversary.line.me [302] [GET] [text/html] [302 Found] [Apache] [vhost] [cloudfront] [Amazon Cloudfront,Amazon Web Services,Apache] [fe7306ce58d14f553bf841fa42c74030]
https://20-21newyear.game.line.me [403] [GET] [text/html] [Not found] [] [vhost] [dd57f00262177f390925e975f7e69934]
https://6thanniversary.game.line.me [200] [GET] [text/html] [LINE GAME6周年記念キャンペーンサイト（ラインゲーム）] [] [vhost] [9ad5d24093bd326ecb823e2bb9d2cd4b]
https://7thanniversary.game.line.me [200] [GET] [text/html] [LINE GAME 7周年｜LINEポイント1500万ポイント山分けキャンペーン] [] [vhost] [Slick,jQuery] [17381ce53d69bf50a3599df51e6aed38]
https://access2.line.me [301] [GET] [] [] [legy] [vhost] [d41d8cd98f00b204e9800998ecf8427e]
https://access-auto.line.me [301] [GET] [] [] [legy] [vhost] [d41d8cd98f00b204e9800998ecf8427e]
https://access.line.me [301] [GET] [] [] [legy] [vhost] [d41d8cd98f00b204e9800998ecf8427e]
https://accountpage.line.me [307] [GET] [text/html] [] [] [vhost] [64a541dc6e3952830155a81eab098056]
https://ace.line.me [302] [GET] [text/html] [302 Found] [nginx] [Nginx] [aff950cab4c0265e21d401db15f1026d]
https://adrian.apigw.jp2.saas.line.me [400] [GET] [] [] [] [d41d8cd98f00b204e9800998ecf8427e]
https://ads.line.me [403] [GET] [text/html] [403 Forbidden] [nginx] [Nginx] [4dec45889e09ec3ceb63fd65825d0f11]
https://agecheck-beta.line.me [404] [GET] [text/html] [404 Not Found] [nginx] [Nginx] [70461da8b94c6ca5d2fda3260c5a8c3b]
https://agecheck.line.me [302] [GET] [text/html] [302 Found] [nginx] [Nginx] [cfbeaf604823f038b8b46f0ac862b98c]
https://agecheck-rc.line.me [404] [GET] [text/html] [404 Not Found] [nginx] [Nginx] [70461da8b94c6ca5d2fda3260c5a8c3b]
https://airarmor.line.me:10180 [200] [GET] [text/html] [LINEGAME Chat Sample] [nginx] [Nginx] [87a618c6d68a680e7833e813e81a5697]
https://airarmor.line.me [301] [GET] [] [] [] [d41d8cd98f00b204e9800998ecf8427e]
https://aireye.line.me:10180 [200] [GET] [text/html] [LINEGAME Chat Sample] [nginx] [Nginx] [0d686d94beae0d63e8ddd780f0beb16f]
https://aireye.line.me [301] [GET] [] [] [] [d41d8cd98f00b204e9800998ecf8427e]
https://air.game.line.me [503] [GET] [text/html] [] [] [ff4ed829ffd04e9c6095842b07d11f09]
https://airgo.line.me:10180 [200] [GET] [text/html] [LINEGAME Chat Sample] [nginx] [Nginx] [134cf282ea4f2f89efa495898f06bfc1]
https://airgo.line.me [301] [GET] [] [] [] [d41d8cd98f00b204e9800998ecf8427e]
https://air-kr.line.me [301] [GET] [] [] [] [d41d8cd98f00b204e9800998ecf8427e]
https://air.line.me:10180 [200] [GET] [text/html] [LINEGAME Chat Sample] [nginx] [Nginx] [9287d255bec7e18bdfa931921739ee02]
https://air.line.me [200] [GET] [text/html] [AIR] [] [vhost] [aebfcf91fbe6c90aac3e71ecbc95dd73]
https://air.line.me [200] [GET] [text/html] [AIR] [] [vhost] [deba14e558e7ac70c1abf07c0ef5119b]
https://alertth.line.me [200] [GET] [text/html] [Loading] [VOS] [vhost] [cloudfront] [Amazon Cloudfront,Amazon Web Services,Sentry:5.5.0] [2f9de4b89db78ab29de91b5b22fb9db2]
https://a.line.me [301] [GET] [text/html] [301 Moved Permanently] [nginx] [vhost] [Nginx] [4f8e702cc244ec5d4de32740c0ecbd97]
https://alpha-ace.line.me [302] [GET] [text/html] [302 Found] [nginx] [Nginx] [aff950cab4c0265e21d401db15f1026d]
https://alpha-lcs.line.me [302] [GET] [text/html] [302 Found] [nginx] [Nginx] [aff950cab4c0265e21d401db15f1026d]
https://alpha-nc.line.me [302] [GET] [text/html] [302 Found] [nginx] [Nginx] [aff950cab4c0265e21d401db15f1026d]
https://analytics-conomi.line.me [403] [GET] [text/html] [403 Forbidden] [nginx] [vhost] [Nginx] [4b074b0b59693fa9f94fb71b175fb187]
https://andy.apigw.jp2.saas.line.me [400] [GET] [] [] [] [d41d8cd98f00b204e9800998ecf8427e]
https://api2.line.me [301] [GET] [] [] [legy] [vhost] [d41d8cd98f00b204e9800998ecf8427e]
https://api.blockchain.line.me [400] [GET] [] [] [] [vhost] [Envoy] [d41d8cd98f00b204e9800998ecf8427e]
https://api-cas.line.me [404] [GET] [application/json] [] [] [4d3af6803dc950a2271c2c998cdcf6c7]
https://api-clovanote.line.me [404] [GET] [] [] [istio-envoy] [d41d8cd98f00b204e9800998ecf8427e]
https://api-data.line.me [302] [GET] [text/html] [302 Found] [openresty] [Nginx,OpenResty] [82c98e8e012b79c922655461171cc2fa]
https://api.line.me [301] [GET] [] [] [legy] [vhost] [d41d8cd98f00b204e9800998ecf8427e]
https://api-music.line.me [404] [GET] [text/html] [404 Not Found] [] [8eec510e57f5f732fd2cce73df7b73ef]
https://api-pay.line.me [403] [GET] [text/html] [403 Forbidden] [nginx] [Nginx] [202e618de5a155b15729a1c91673ba55]
https://api-reservation.line.me [404] [GET] [application/json] [] [nginx] [vhost] [Nginx] [17da744428bbbbfce558aaa99a6aa09e]
https://api-tapas.line.me [404] [GET] [application/json] [] [] [vhost] [a392210802082c5effa1bb18c3db45a9]
https://api.today.line.me [404] [GET] [text/html] [] [nginx] [vhost] [Nginx] [d41d8cd98f00b204e9800998ecf8427e]
https://app-cv.line.me [404] [GET] [application/json] [] [nginx] [Nginx] [fd0b7e500d1b9ff77af4502c6a026cf5]
https://appier-mobile.line.me [404] [GET] [text/html] [Error] [] [Express,Node.js] [da7da7d630292e7a2a7dda8ca87b3d39]
https://apple-cv.line.me [400] [GET] [text/plain] [] [nginx] [Nginx] [d069871f6868dd9ed46e60e26c9ded07]
https://app-manga.line.me [302] [GET] [] [] [nginx] [vhost] [Nginx] [d41d8cd98f00b204e9800998ecf8427e]
https://aqua.apigw.jp2.saas.line.me [400] [GET] [] [] [] [d41d8cd98f00b204e9800998ecf8427e]
https://ask-lawyer-mag.line.me [200] [GET] [text/html] [LINE弁護士相談] [nginx] [vhost] [Nginx] [4974fea8dee35c73b5572275fbdc042c]
https://ask-lawyer-mag.line.me [200] [GET] [text/html] [LINE弁護士相談] [nginx] [vhost] [Nginx] [9d23842da712ca272532a589b6885450]
https://askme.line.me [200] [GET] [text/html] [LINEトーク相談] [nginx] [Nginx] [c78bf07672f5265932a8ed41834184c7]
https://athens.line.me [404] [GET] [text/plain] [] [istio-envoy] [Envoy] [53af239ee5d3e261545dededcb6ffd57]
https://athens-stage.line.me [404] [GET] [text/plain] [] [istio-envoy] [Envoy] [53af239ee5d3e261545dededcb6ffd57]
https://at.line.me [302] [GET] [text/html] [302 Found] [nginx] [vhost] [Nginx] [aff950cab4c0265e21d401db15f1026d]
https://audition.line.me [302] [GET] [text/html] [302 Found] [Apache] [vhost] [Apache] [fe86ff2f563e7e9bd865ebce85cc40f7]
https://avatar.line.me [200] [GET] [text/html] [LINE Avatar] [nginx] [vhost] [cloudfront] [Amazon Cloudfront,Amazon Web Services,Nginx] [82c92d1a103a7034feb20ed0b3ce4c30]
https://baito-biz-blog.line.me [301] [GET] [text/plain] [] [nginx] [vhost] [Nginx] [d41d8cd98f00b204e9800998ecf8427e]
https://baito-biz-manual-blog.line.me [301] [GET] [text/plain] [] [nginx] [vhost] [Nginx] [d41d8cd98f00b204e9800998ecf8427e]
https://baito.line.me [200] [GET] [text/html] [Top｜アルバイト・求人情報ならLINEバイト] [] [vhost] [Google Tag Manager] [44b723ac1b9d998435a8ebff83e29545]
https://baito.line.me [200] [GET] [text/html] [Top｜アルバイト・求人情報ならLINEバイト] [] [vhost] [Google Tag Manager] [f72b1bac429791e1e520a2edfe1a8500]
https://baito-mag-ja.line.me [200] [GET] [text/html] [LINEバイト Magazine] [nginx] [vhost] [Nginx] [c9e1693a494f3e29732606e8eae4056b]
https://bank-open-api-web-pay.line.me [404] [GET] [text/plain] [] [nginx/1.10.1] [Nginx:1.10.1] [d8f4a1993546cc4b850cde3599e27aec]
https://birthday-gift-tw.line.me [301] [GET] [] [] [hide] [vhost] [d41d8cd98f00b204e9800998ecf8427e]
https://bitmax-mag.line.me [200] [GET] [text/html] [LINE BITMAX 公式ブログ] [nginx] [vhost] [Nginx] [327202078054bb4944de8b13b4fa7183]
https://bitmax-mag.line.me [200] [GET] [text/html] [LINE BITMAX 公式ブログ] [nginx] [vhost] [Nginx] [adc3436659cf5fa5133f4649680e0c09]
https://bjlinks.game.line.me [200] [GET] [text/html] [【LINE×集英社】 新作ゲームプロジェクト始動] [] [vhost] [682cfc46b38f6d002fbe8edd49d41c11]
https://bjlinks.game.line.me [200] [GET] [text/html] [【LINE×集英社】 新作ゲームプロジェクト始動] [] [vhost] [d33fbcccb7c29aa6c3dfa8c5b2656e48]
https://blockchain.line.me [200] [GET] [text/html] [LINE Blockchain] [Apache] [vhost] [Apache,MySQL,PHP:7.2.34,WordPress,Yoast SEO Premium:14.9] [4bcd44bc5efef71a26555c95412f4ba4]
https://blog-at.line.me [200] [GET] [text/html] [LINE@公式ブログ | ラインアットの最新情報や成功事例をご紹介 | LINEの法人・ビジネスアカウントを使った集客のコツ] [nginx] [vhost] [Nginx] [f02e837fac5770b9e1073f5150c208b8]
https://blog.clova.line.me:2053 [403] [GET] [text/plain] [] [cloudflare] [vhost] [Cloudflare,Cloudflare Bot Management,Cloudflare Network Error Logging] [c8750906ad1e689d41ab2a4e25d9864d]
https://blog.clova.line.me:2083 [403] [GET] [text/plain] [] [cloudflare] [vhost] [Cloudflare,Cloudflare Bot Management,Cloudflare Network Error Logging] [c8750906ad1e689d41ab2a4e25d9864d]
https://blog.clova.line.me:2087 [403] [GET] [text/plain] [] [cloudflare] [vhost] [Cloudflare,Cloudflare Bot Management,Cloudflare Network Error Logging] [c8750906ad1e689d41ab2a4e25d9864d]
https://blog.clova.line.me:2096 [403] [GET] [text/plain] [] [cloudflare] [vhost] [Cloudflare,Cloudflare Bot Management,Cloudflare Network Error Logging] [c8750906ad1e689d41ab2a4e25d9864d]
https://blog.clova.line.me [403] [GET] [text/plain] [] [cloudflare] [vhost] [Cloudflare,Cloudflare Bot Management,Cloudflare Network Error Logging] [c8750906ad1e689d41ab2a4e25d9864d]
https://blog.clova.line.me:8443 [403] [GET] [text/plain] [] [cloudflare] [vhost] [Cloudflare,Cloudflare Bot Management,Cloudflare Network Error Logging] [c8750906ad1e689d41ab2a4e25d9864d]
https://blog-cms.line.me [302] [GET] [] [] [nginx] [Nginx] [d41d8cd98f00b204e9800998ecf8427e]
https://blog.line.me [302] [GET] [text/html] [302 Found] [nginx] [vhost] [Nginx] [aff950cab4c0265e21d401db15f1026d]
https://bnms.game.line.me [301] [GET] [text/html] [301 Moved Permanently] [nginx/1.10.1] [Nginx:1.10.1] [b6ea7dd0793bbf6baa0d3d100b9ffae1]
https://bridgepage.game.line.me [404] [GET] [text/html] [error page] [] [vhost] [961cf29c5231f7cead6e5f2cccdb374f]
https://brownfarm.game.line.me [302] [GET] [text/html] [302 Found] [] [vhost] [aff800f7c0fbcc0a1b3a01222155d46a]
https://bubble2.game.line.me [302] [GET] [text/html] [302 Found] [] [vhost] [aff800f7c0fbcc0a1b3a01222155d46a]
https://business.game.line.me [200] [GET] [text/html] [LINE GAME FOR BUSINESS | An enterprise service that provides a user experience using LINE] [] [vhost] [Google Font API,Next.js,Node.js,React,webpack] [9998fbe908faac2c5a58138a9647077a]
https://buy.line.me [200] [GET] [text/html] [LINE購物｜先LINE購物 再購物 · LINE POINTS回饋賺不停] [] [vhost] [Google Tag Manager,Vue.js] [181b2b5ec96755dc08ad5563d1bad2e4]
https://buy.line.me [200] [GET] [text/html] [LINE購物｜先LINE購物 再購物 · LINE POINTS回饋賺不停] [] [vhost] [Google Tag Manager,Vue.js] [e1d036ef4fff5d0623bf445a974f187c]
https://buy-order-api-ec-sandbox.line.me [404] [GET] [text/html] [404 Not Found] [nginx] [Nginx] [370e16c3b7dba286cff055f93b9a94d8]
https://buy-order-api-ec-sandbox.line.me [404] [GET] [text/html] [404 Not Found] [nginx] [Nginx] [8eec510e57f5f732fd2cce73df7b73ef]
https://buy-order-api.line.me [404] [GET] [text/html] [404 Not Found] [nginx] [Nginx] [370e16c3b7dba286cff055f93b9a94d8]
https://buy-order-api.line.me [404] [GET] [text/html] [404 Not Found] [nginx] [Nginx] [8eec510e57f5f732fd2cce73df7b73ef]
https://buy-partner-api.line.me [404] [GET] [text/plain] [] [] [595e88012a6521aae3e12cbebe76eb9e]
https://buy-partner.line.me [404] [GET] [text/html] [404 Not Found] [nginx] [Nginx] [370e16c3b7dba286cff055f93b9a94d8]
https://buy-partner.line.me [404] [GET] [text/html] [404 Not Found] [nginx] [Nginx] [8eec510e57f5f732fd2cce73df7b73ef]
https://callback.line.me [302] [GET] [text/html] [302 Found] [nginx] [Nginx] [cfbeaf604823f038b8b46f0ac862b98c]
https://campaign.line.me [200] [GET] [text/html] [] [Apache] [vhost] [Apache] [d41d8cd98f00b204e9800998ecf8427e]
https://career.line.me [301] [GET] [text/html] [301 Moved Permanently] [] [vhost] [4f8e702cc244ec5d4de32740c0ecbd97]
https://career-mag.line.me [200] [GET] [text/html] [LINEキャリアの転職サプリ] [nginx] [vhost] [Nginx] [3a5edfb6cd12893e8488ee6ad3363610]
https://career-origin.line.me [301] [GET] [text/html] [301 Moved Permanently] [] [vhost] [4f8e702cc244ec5d4de32740c0ecbd97]
https://care-mag.line.me [200] [GET] [text/html] [トークCARE NEWS] [nginx] [vhost] [Nginx] [5a7f62a106f94df4a2d118f7648fd5f4]
https://care-mag.line.me [200] [GET] [text/html] [トークCARE NEWS] [nginx] [vhost] [Nginx] [b3dc6c1ade581db1ea346269fed36631]
https://carnavi.line.me [301] [GET] [text/html] [301 Moved Permanently] [nginx] [vhost] [Nginx] [4f8e702cc244ec5d4de32740c0ecbd97]
https://ca.tr.line.me [404] [GET] [text/html] [This page can't be displayed.] [nginx] [Nginx] [420bd7747b1f00705c127fcabc539b9b]
https://cb.apigw.jp2.saas.line.me [400] [GET] [] [] [] [d41d8cd98f00b204e9800998ecf8427e]
https://cbdc.line.me [200] [GET] [text/html] [LINE CBDC | CBDC Platform powered by LINE Blockchain] [VOS] [vhost] [cloudfront] [Amazon Cloudfront,Amazon Web Services,Gatsby:3.6.0,Google Font API,React,webpack] [3e8924a7a207d0b3b3f43c3d0c52784c]
https://cc.line.me [301] [GET] [text/html] [301 Moved Permanently] [] [vhost] [4f8e702cc244ec5d4de32740c0ecbd97]
https://charmmy-api.line.me [404] [GET] [application/json] [] [Apache] [vhost] [Apache,Java] [e0ebc6121c9e2312be54bc4684e5750c]
https://charmmy.line.me [301] [GET] [text/html] [301 Moved Permanently] [nginx] [vhost] [Nginx] [cd2e0e43980a00fb6a2742d3afd803b8]
https://charmmy-shortcut.line.me [200] [GET] [text/html] [charmmy] [nginx] [Nginx] [4cc4b3237a6b25ccb98351c128c77635]
https://chef.game.line.me [302] [GET] [text/html] [302 Found] [] [vhost] [aff800f7c0fbcc0a1b3a01222155d46a]
https://chirashi.line.me [200] [GET] [text/html] [LINEチラシ│LINEでお得なチラシ情報を簡単にチェック] [] [vhost] [Google Tag Manager,Next.js,Node.js,React,webpack] [06a728e401dbe6e7737ed08815d102d5]
https://chirashi.line.me [200] [GET] [text/html] [LINEチラシ│LINEでお得なチラシ情報を簡単にチェック] [] [vhost] [Google Tag Manager,Next.js,Node.js,React,webpack] [ea9967f9b220fdd48a1836d94d43dd26]
https://chocolat.game.line.me [302] [GET] [text/html] [302 Found] [] [vhost] [aff800f7c0fbcc0a1b3a01222155d46a]
https://chodaifugo.game.line.me [403] [GET] [text/html] [Not found] [] [vhost] [dd57f00262177f390925e975f7e69934]
https://clova-blog-ja.line.me [200] [GET] [text/html] [LINE CLOVA公式ブログ] [nginx] [vhost] [Nginx] [be1b8b8116ac5ad2e6a13287dbd1006d]
https://clova-blog-ja.line.me [200] [GET] [text/html] [LINE CLOVA公式ブログ] [nginx] [vhost] [Nginx] [fa95a8d10f9ce38042c7432c9f85f5da]
https://clova-cek-requests.line.me [200] [GET] [text/html] [Welcome to CentOS] [nginx] [Nginx] [a76b2b824459a563428efee4e4e10dfa]
https://clova-developers.line.me [302] [GET] [text/html] [302 Found] [Apache] [Apache] [5c4b4afb974d3ae86f6a986e04d43fcd]
https://clova.line.me [200] [GET] [text/html] [LINE CLOVA公式サイト] [nginx] [vhost] [Google Tag Manager,Nginx] [beec5f3c110899870b4b22cdefd011af]
https://clova-mashup.line.me [400] [GET] [application/json] [] [nginx] [Nginx] [b27deeff0ec37590dfb399920276ac60]
https://clova-skill-store.line.me [302] [GET] [text/plain] [] [nginx] [Nginx] [35415948b628144064c3fbcfb2b1a3a3]
https://cnts-pay.line.me [404] [GET] [] [] [nginx] [vhost] [Nginx] [d41d8cd98f00b204e9800998ecf8427e]
https://codelab.line.me [200] [GET] [text/html] [LINE Developers Codelabs] [envoy] [vhost] [Envoy] [862cbd1599a36dcd4c3f310d0a7b7077]
https://coder.line.me [200] [GET] [text/html] [LINE coder] [nginx] [Nginx] [270a9f90394381a08968e6b343ac0682]
https://conomi.line.me [301] [GET] [text/html] [301 Moved Permanently] [nginx] [vhost] [Nginx] [4f8e702cc244ec5d4de32740c0ecbd97]
https://contact.blockchain.line.me [200] [GET] [text/html] [Inquiry FormㅣLINE Blockchain] [nginx] [Java,Nginx,Spring] [71c42c8773cb3b122b763993713d7320]
https://contact.blockchain.line.me [200] [GET] [text/html] [Inquiry FormㅣLINE Blockchain] [nginx] [Java,Nginx,Spring] [a9847c82e43d26a324a3facd398caa88]
https://contact-cc.line.me [302] [GET] [] [] [nginx] [Java,Nginx,Spring] [d41d8cd98f00b204e9800998ecf8427e]
https://contact.line.me [301] [GET] [text/html] [301 Moved Permanently] [nginx] [Nginx] [cd2e0e43980a00fb6a2742d3afd803b8]
https://contact.pockeo.line.me [404] [GET] [text/html] [お持ち帰りサービス] [] [vhost] [Amazon Cloudfront,Amazon Web Services] [7684e7f85086778475dfb901777979b4]
https://conversion-api.tr.line.me [404] [GET] [application/json] [] [nginx] [Nginx] [c5676f7201c860424d61c776b5b4c55f]
https://convert.apigw.jp2.saas.line.me [400] [GET] [] [] [] [d41d8cd98f00b204e9800998ecf8427e]
https://coupon.line.me [404] [GET] [text/html] [Not Found] [nginx] [Amazon Cloudfront,Amazon Web Services,Google Tag Manager,Nginx] [bafd5370b99060dd2e8165c74d2410cc]
https://creativelab-tips.line.me [200] [GET] [text/html] [] [VOS] [vhost] [cloudfront] [Amazon Cloudfront,Amazon Web Services,Gatsby:3.11.1,Google Font API,React,webpack] [caf95d1fc977a93eedb091a7d18e6500]
https://creative.line.me [200] [GET] [text/html] [LINE CREATIVE] [VOS] [vhost] [cloudfront] [Amazon Cloudfront,Amazon Web Services,Gatsby:2.26.1,Google Font API,React,webpack] [7f14f28971afabda8fb4d09aa6b6b91c]
https://creator.line.me [302] [GET] [] [] [] [vhost] [d41d8cd98f00b204e9800998ecf8427e]
https://creator-mag-ja.line.me [200] [GET] [text/html] [LINEスタンプ公式ブログ] [nginx] [vhost] [Nginx] [30fd511a602d65a3fb27f90612d02694]
https://creator-mag-th.line.me [200] [GET] [text/html] [LINE Creators Magazine] [nginx] [vhost] [Nginx] [44bea7f549218d6d108e9e5ce40b7668]
https://creator-mag-th.line.me [200] [GET] [text/html] [LINE Creators Magazine] [nginx] [vhost] [Nginx] [eb7487fff0f604bb91a1f348cc991231]
https://creator-mag-tw.line.me [200] [GET] [text/html] [LINE 原創貼圖誌] [nginx] [vhost] [Nginx] [7b6d61ab6ed4ff1fa8bc21de508b017f]
https://creator-mag-tw.line.me [200] [GET] [text/html] [LINE 原創貼圖誌] [nginx] [vhost] [Nginx] [f9c97e9a928e14e0fe5e95ad3307b6d5]
https://creator-manual-en.line.me [200] [GET] [text/html] [LINE Creators Market Manual] [nginx] [vhost] [Nginx] [8927f46cb56c4ee9b988699747dee852]
https://creator-manual-en.line.me [200] [GET] [text/html] [LINE Creators Market Manual] [nginx] [vhost] [Nginx] [c9f30640213ff9c378c4ef3e29f3d7c7]
https://creator-manual-ja.line.me [200] [GET] [text/html] [LINE CREATORS MARKET マニュアル] [nginx] [vhost] [Nginx] [a706c7f4f83df819de08f9316395ebea]
https://creator-manual-th.line.me [200] [GET] [text/html] [คู่มือ LINE Creators Market] [nginx] [vhost] [Nginx] [03ed529eb19080c240709f07fb04c35e]
https://creator-manual-tw.line.me [200] [GET] [text/html] [LINE CREATORS MARKET指南] [nginx] [vhost] [Nginx] [a68083433a2eeadf9b63af39d6f8c999]
https://critical.apigw.jp2.saas.line.me [400] [GET] [] [] [] [d41d8cd98f00b204e9800998ecf8427e]
https://crossborder-pay.line.me [302] [GET] [text/html] [302 Found] [nginx] [Nginx] [aff950cab4c0265e21d401db15f1026d]
https://crs-event.line.me [404] [GET] [application/json] [] [nginx] [Nginx] [dbf3d2709cee2b194f3663396123b275]
https://crs-hometab-event.line.me [404] [GET] [application/json] [] [nginx] [Nginx] [296252eec7d928afc0a7d4d80bbba833]
https://crs-lp.line.me [200] [GET] [text/html] [] [nginx] [Nginx,Node.js,Nuxt.js,Vue.js] [dc4045a85f4ae334bf177bed7c991026]
https://crs-opt-out.line.me [400] [GET] [application/json] [] [nginx] [Nginx] [4ce7b7c159ceff39ab5f04ededd8b9a1]
https://cs-cb.clova.line.me:2053 [403] [GET] [text/plain] [] [cloudflare] [vhost] [Cloudflare,Cloudflare Bot Management,Cloudflare Network Error Logging] [c8750906ad1e689d41ab2a4e25d9864d]
https://cs-cb.clova.line.me:2083 [403] [GET] [text/plain] [] [cloudflare] [vhost] [Cloudflare,Cloudflare Bot Management,Cloudflare Network Error Logging] [c8750906ad1e689d41ab2a4e25d9864d]
https://cs-cb.clova.line.me:2087 [403] [GET] [text/plain] [] [cloudflare] [vhost] [Cloudflare,Cloudflare Bot Management,Cloudflare Network Error Logging] [c8750906ad1e689d41ab2a4e25d9864d]
https://cs-cb.clova.line.me:2096 [403] [GET] [text/plain] [] [cloudflare] [vhost] [Cloudflare,Cloudflare Bot Management,Cloudflare Network Error Logging] [c8750906ad1e689d41ab2a4e25d9864d]
https://cs-cb.clova.line.me [403] [GET] [text/plain] [] [cloudflare] [vhost] [Cloudflare,Cloudflare Bot Management,Cloudflare Network Error Logging] [c8750906ad1e689d41ab2a4e25d9864d]
https://cs-cb.clova.line.me:8443 [403] [GET] [text/plain] [] [cloudflare] [vhost] [Cloudflare,Cloudflare Bot Management,Cloudflare Network Error Logging] [c8750906ad1e689d41ab2a4e25d9864d]
https://cs-ocr.clova.line.me:2053 [403] [GET] [text/plain] [] [cloudflare] [vhost] [Cloudflare,Cloudflare Bot Management,Cloudflare Network Error Logging] [c8750906ad1e689d41ab2a4e25d9864d]
https://cs-ocr.clova.line.me:2083 [403] [GET] [text/plain] [] [cloudflare] [vhost] [Cloudflare,Cloudflare Bot Management,Cloudflare Network Error Logging] [c8750906ad1e689d41ab2a4e25d9864d]
https://cs-ocr.clova.line.me:2087 [403] [GET] [text/plain] [] [cloudflare] [vhost] [Cloudflare,Cloudflare Bot Management,Cloudflare Network Error Logging] [c8750906ad1e689d41ab2a4e25d9864d]
https://cs-ocr.clova.line.me:2096 [403] [GET] [text/plain] [] [cloudflare] [vhost] [Cloudflare,Cloudflare Bot Management,Cloudflare Network Error Logging] [c8750906ad1e689d41ab2a4e25d9864d]
https://cs-ocr.clova.line.me [403] [GET] [text/plain] [] [cloudflare] [vhost] [Cloudflare,Cloudflare Bot Management,Cloudflare Network Error Logging] [c8750906ad1e689d41ab2a4e25d9864d]
https://cs-ocr.clova.line.me:8443 [403] [GET] [text/plain] [] [cloudflare] [vhost] [Cloudflare,Cloudflare Bot Management,Cloudflare Network Error Logging] [c8750906ad1e689d41ab2a4e25d9864d]
https://cube.line.me [200] [GET] [text/html] [Welcome to nginx!] [nginx] [vhost] [Nginx] [e3eb0a1df437f3f97a64aca5952c8ea0]
https://cube-origin.line.me [200] [GET] [text/html] [Welcome to nginx!] [nginx] [Nginx] [e3eb0a1df437f3f97a64aca5952c8ea0]
https://deals.line.me [504] [GET] [text/html] [Error] [AkamaiGHost] [vhost] [ce6c52a89d0133ddd5b42788b45ca605]
https://delima.line.me [301] [GET] [text/html] [301 Moved Permanently] [] [vhost] [4f8e702cc244ec5d4de32740c0ecbd97]
https://design.line.me [301] [GET] [] [] [AkamaiGHost] [vhost] [d41d8cd98f00b204e9800998ecf8427e]
https://designsystem.line.me [200] [GET] [text/html] [LINE Design System] [VOS] [vhost] [cloudfront] [Amazon Cloudfront,Amazon Web Services,Gatsby:3.12.1,Google Font API,React,webpack] [d76bfd79d37a748f4230d9c1f7452069]
https://destiny-child-blog.line.me [301] [GET] [text/plain] [] [nginx] [vhost] [Nginx] [d41d8cd98f00b204e9800998ecf8427e]
https://destiny-child-kr-blog.line.me [301] [GET] [text/plain] [] [nginx] [vhost] [Nginx] [d41d8cd98f00b204e9800998ecf8427e]
https://dev.blockchain.line.me [302] [GET] [] [] [AkamaiGHost] [vhost] [d41d8cd98f00b204e9800998ecf8427e]
https://devday-2021.landpress.line.me [200] [GET] [text/html] [LINE DEVELOPER DAY 2021] [VOS] [vhost] [cloudfront] [Amazon Cloudfront,Amazon Web Services,Gatsby:3.11.1,React,webpack] [dce36384a13d833535a8327be696b77d]
https://devdocs.line.me [302] [GET] [text/html] [302 Found] [nginx] [vhost] [Nginx] [aff950cab4c0265e21d401db15f1026d]
https://developers-admin.game.line.me [200] [GET] [text/html] [LINEGAME Developers Admin] [nginx] [Nginx] [69c43ee6906d34dcee6241c6ee3eb638]
https://developers.game.line.me [200] [GET] [text/html] [LINEGAME Developers] [nginx] [Nginx] [1243907202c1f87305ccfad1a1c67bb2]
https://developers.line.me [301] [GET] [text/html] [301 Moved Permanently] [nginx] [vhost] [Nginx] [4f8e702cc244ec5d4de32740c0ecbd97]
https://dict.line.me [200] [GET] [text/html] [] [Apache] [Apache] [7bf2183f9eaef4f74a28a0d2f561019e]
https://d.line.me [302] [GET] [text/html] [302 Found] [nginx] [vhost] [Nginx] [aff950cab4c0265e21d401db15f1026d]
https://docs.blockchain.line.me [200] [GET] [text/html] [LINE Blockchain Docs] [VOS] [vhost] [Amazon Web Services,Docusaurus:2.0.0-beta.5,React,webpack] [581e4a6557228e59c97c990d6a793bd7]
https://docs-music-analytics.line.me [403] [GET] [text/html] [403 Forbidden] [VOS] [vhost] [cloudfront] [Amazon Cloudfront,Amazon Web Services] [57890c8de153fa3075e06373ce689ae3]
https://docs-music-analytics.line.me [403] [GET] [text/html] [403 Forbidden] [VOS] [vhost] [cloudfront] [Amazon Cloudfront,Amazon Web Services] [b90b3c51350d4eb2ffdc8b2d6e75db7e]
https://doctor.line.me [200] [GET] [text/html] [LINEドクター - LINEで使えるオンライン診療] [Apache] [vhost] [cloudfront] [Amazon Cloudfront,Amazon Web Services,Apache,Google Tag Manager] [0ceea2b9827bdd7d822151a77ec8ba84]
https://dona.pockeo.line.me [404] [GET] [text/html] [お持ち帰りサービス] [] [vhost] [Amazon Cloudfront,Amazon Web Services] [7684e7f85086778475dfb901777979b4]
https://donation-jp.line.me [200] [GET] [text/html] [Donation] [hide] [vhost] [Node.js,Nuxt.js,Vue.js] [1b13a1a455cfb81d91c47e526e8dc8df]
https://donation-jp.line.me [200] [GET] [text/html] [Donation] [hide] [vhost] [Node.js,Nuxt.js,Vue.js] [a7cd29743da87bad9e7d77724ce2953e]
https://donation-th.line.me [200] [GET] [text/html] [Donation] [hide] [vhost] [Node.js,Nuxt.js,Vue.js] [991b33b669ff7c7700f99d72cf74e11e]
https://donation-tw.line.me [200] [GET] [text/html] [Donation] [hide] [vhost] [Node.js,Nuxt.js,Vue.js] [cb60bf9f1f87baf5bd2e2f475a012995]
https://dpos-pay.line.me [400] [GET] [text/html] [4xx Error] [nginx] [Java,Nginx,Spring] [91618ee922c4bc0e2b36252ac057cfaf]
https://driver-regis.line.me [200] [GET] [text/html] [ลงทะเบียนผู้ขับ LINE MAN] [envoy] [vhost] [Envoy,Google Font API] [558a1705202618c2b5d8b5e3c17faa6a]
https://drpk.game.line.me [403] [GET] [text/html] [Not found] [] [vhost] [dd57f00262177f390925e975f7e69934]
https://duckyduck.pockeo.line.me [404] [GET] [text/html] [お持ち帰りサービス] [] [vhost] [Amazon Cloudfront,Amazon Web Services] [7684e7f85086778475dfb901777979b4]
https://ecbiz-blog.line.me [301] [GET] [text/plain] [] [nginx] [vhost] [Nginx] [d41d8cd98f00b204e9800998ecf8427e]
https://ec-bot-web.line.me [302] [GET] [text/plain] [] [] [vhost] [5d695cc28c6a7ea955162fbdd0ae42b9]
https://ec.line.me [200] [GET] [text/html] [LINEショッピング | インターネット通販サイト] [nginx] [vhost] [Google Tag Manager,Handlebars,Nginx,Sentry:7.6.0] [4ad9561996efe644633f1352d15c3cd1]
https://ec.line.me [200] [GET] [text/html] [LINEショッピング | インターネット通販サイト] [nginx] [vhost] [Google Tag Manager,Handlebars,Nginx,Sentry:7.6.0] [55f1c60d1efd6ff1427a6f1175c1dfa8]
https://eclive-blog.line.me [200] [GET] [text/html] [LINE購物直播 電商學堂] [nginx] [vhost] [Nginx] [e5bbe49dcec3f0e8655c739323b770db]
https://eiyu-ranbu.game.line.me [200] [GET] [text/html] [POD] [nginx] [Google Font API,Google Tag Manager,Nginx,React] [c21ed3abe39b8954af90062f609ac77d]
https://emojipack.landpress.line.me [403] [GET] [text/html] [403 Forbidden] [VOS] [vhost] [cloudfront] [Amazon Cloudfront,Amazon Web Services] [92947bdb705eab29548a24999c42c4f5]
https://emojipack.landpress.line.me [403] [GET] [text/html] [403 Forbidden] [VOS] [vhost] [cloudfront] [Amazon Cloudfront,Amazon Web Services] [e3a3d16ef2935b2abecf3d8a4b6a70ed]
https://entameoa-manual.line.me [200] [GET] [text/html] [パスワード認証] [nginx] [vhost] [Nginx] [16bd98a511932309ae2fce3d7df8d403]
https://entameoa-manual.line.me [200] [GET] [text/html] [パスワード認証] [nginx] [vhost] [Nginx] [b4328ba7c918352190996c59d94bc9f2]
https://entry.game.line.me [302] [GET] [] [] [] [vhost] [d41d8cd98f00b204e9800998ecf8427e]
https://entry.line.me [200] [GET] [text/html] [LINE entry] [nginx] [vhost] [Next.js,Nginx,Node.js,React,webpack] [38d4641c0a207b4d55ae677e2d19db0d]
https://entry.line.me [200] [GET] [text/html] [LINE entry] [nginx] [vhost] [Next.js,Nginx,Node.js,React,webpack] [c28d7e3afc90416080ada4721e2ba3a2]
https://europe.apigw.jp2.saas.line.me [400] [GET] [] [] [] [d41d8cd98f00b204e9800998ecf8427e]
https://event.line.me [302] [GET] [] [] [] [vhost] [d41d8cd98f00b204e9800998ecf8427e]
https://event-pay.line.me [301] [GET] [text/html] [301 Moved Permanently] [nginx] [vhost] [Nginx] [4f8e702cc244ec5d4de32740c0ecbd97]
https://event-web.line.me [200] [GET] [text/html] [LINE TODAY] [nginx] [vhost] [Nginx,Node.js,Nuxt.js,Vue.js] [13172435131d6001b643962c3000efd8]
https://explorer.blockchain.line.me [200] [GET] [text/html] [LINE Blockchain Explorer] [] [vhost] [Envoy] [2ec5f67de974698909a5af925b76628c]
https://ezstore.line.me [200] [GET] [text/html] [LINE口袋商店] [hide] [vhost] [Google Tag Manager,Node.js,Nuxt.js,Vue.js] [be883aa118e5440f70b4661bf3ee3a5a]
https://ezstore.line.me [200] [GET] [text/html] [LINE口袋商店] [hide] [vhost] [Google Tag Manager,Node.js,Nuxt.js,Vue.js] [d44b42b94ca59e7fc48e4f5914794e54]
https://fact-checker.line.me [200] [GET] [text/html] [LINE訊息查證] [nginx] [vhost] [Google Font API,Nginx] [752e0ef365072609df6e9bc727cb1e51]
https://feedback.line.me [302] [GET] [text/html] [302 Found] [nginx] [vhost] [Nginx] [aff950cab4c0265e21d401db15f1026d]
https://feedback-request.line.me [400] [GET] [text/html] [400 Bad Request] [nginx] [Nginx] [9377838b0621b6eb6018b244586af2f9]
https://fgw-jp-pay.line.me [403] [GET] [text/html] [403 Forbidden] [nginx] [Nginx] [4dec45889e09ec3ceb63fd65825d0f11]
https://foodie.line.me [200] [GET] [text/html] [Foodie] [nginx] [Java,Nginx] [d9ecd0e795b08f641ce832eeabfa8dd1]
https://fortune.line.me [200] [GET] [text/html] [LINE 占い | 初回10分無料のチャット占いや電話占い 無料占いや本格占いも国内最大級] [nginx] [vhost] [Express,Google Tag Manager,Nginx,Node.js] [792088c1b1e47af6f91369f610c091e9]
https://fortune.line.me [302] [GET] [text/html] [302 Found] [nginx] [vhost] [Nginx] [cfbeaf604823f038b8b46f0ac862b98c]
https://fortune-mag-ja.line.me [200] [GET] [text/html] [LINE占い Magazine] [nginx] [vhost] [Nginx] [14560cd5b9a3b5f126cbfaa1cef4b48c]
https://fortune-manager.line.me [200] [GET] [text/html] [frontend] [nginx] [Nginx] [b00636390ed07176c67e83d03b3b4144]
https://friend-invitation.line.me [200] [GET] [text/html] [Friend Invitation] [] [vhost] [43fc7dba1f224918974da8efedb08aa6]
https://fweb-jp-pay.line.me [302] [GET] [text/html] [302 Found] [nginx] [vhost] [Nginx] [cfbeaf604823f038b8b46f0ac862b98c]
https://fweb-th-pay.line.me [302] [GET] [text/html] [302 Found] [nginx] [Nginx] [cfbeaf604823f038b8b46f0ac862b98c]
https://fweb-tw-pay.line.me [302] [GET] [text/html] [302 Found] [nginx] [Nginx] [cfbeaf604823f038b8b46f0ac862b98c]
https://g1.apigw.jp2.saas.line.me [400] [GET] [] [] [] [d41d8cd98f00b204e9800998ecf8427e]
https://game-api-sandbox.line.me [503] [GET] [text/html] [] [] [ff4ed829ffd04e9c6095842b07d11f09]
https://game-api-staging.line.me [503] [GET] [text/html] [] [] [ff4ed829ffd04e9c6095842b07d11f09]
https://game-blog.line.me [200] [GET] [text/html] [LINE GAME公式ブログ] [nginx] [vhost] [Nginx] [2af3af76748d6c0b485c838f15f05b93]
https://game-blog-th.line.me [200] [GET] [text/html] [LINE GAME Thailand] [nginx] [vhost] [Nginx] [21f33bb2d4acf778b12009ee200c9fe4]
https://game.line.me [404] [GET] [text/html] [Page 404] [] [vhost] [Next.js,Node.js,React,webpack] [3664c5d2981f1bc430d6f258baad2795]
https://game.line.me [404] [GET] [text/html] [Page 404] [] [vhost] [Next.js,Node.js,React,webpack] [d4cbf38cfdd82909c75ee08e9af65d00]
https://game-oa.line.me [302] [GET] [] [] [] [vhost] [d41d8cd98f00b204e9800998ecf8427e]
https://game-portal-internal.line.me [200] [GET] [text/html] [] [] [vhost] [Next.js,Node.js,React,webpack] [a12f3d03adb6db7f7106fa7759e05d10]
https://game-yoyaku.line.me [200] [GET] [text/html] [LINEゲーム予約 | 新作ゲームアプリやおすすめゲームの事前登録サイト] [] [vhost] [9e6bd36e154576881eab78b31dae406c]
https://game-yoyaku.line.me [200] [GET] [text/html] [LINEゲーム予約 | 新作ゲームアプリやおすすめゲームの事前登録サイト] [] [vhost] [c7ee61d9a20bb13994c001ea17e9e611]
https://gdc.game.line.me [301] [GET] [text/html] [301 Moved Permanently] [nginx] [Nginx] [cd2e0e43980a00fb6a2742d3afd803b8]
https://gdc-rehearsal.game.line.me [301] [GET] [text/html] [301 Moved Permanently] [nginx] [Nginx] [cd2e0e43980a00fb6a2742d3afd803b8]
https://ge.apigw.jp2.saas.line.me [400] [GET] [] [] [] [d41d8cd98f00b204e9800998ecf8427e]
https://gift-blog-ja.line.me [200] [GET] [text/html] [LINEギフト公式ブログ] [nginx] [vhost] [Nginx] [8acdc3989a4426e45f9e9a3f7e7fbb14]
https://gift-blog-ja.line.me [200] [GET] [text/html] [LINEギフト公式ブログ] [nginx] [vhost] [Nginx] [8cbc7ddef13a4760e67f3757edef3523]
https://gift.line.me [200] [GET] [text/html] [LINE GIFT] [nginx] [Nginx] [8cf8c42eeb05355324e44729ffb3aee5]
https://gift-shop-entry.line.me [200] [GET] [text/html] [LINEギフト 出店申し込みフォーム] [nginx] [Google Font API,Nginx] [d33d4de3a516d0365cb642dbe89ec05c]
https://giftshop-tw-liff.line.me [200] [GET] [text/html] [LINE 禮物] [hide] [vhost] [Google Tag Manager,Node.js,Nuxt.js,Vue.js] [466bf248b7c99e2e16426b6162a5772f]
https://giftshop-tw-liff.line.me [200] [GET] [text/html] [LINE 禮物] [hide] [vhost] [Google Tag Manager,Node.js,Nuxt.js,Vue.js] [d63591401b4d4db44dc2edbdb5bfc7b8]
https://giftshop-tw.line.me [200] [GET] [text/html] [LINE 禮物] [hide] [vhost] [Google Tag Manager,Node.js,Nuxt.js,Vue.js] [54fd94fc33c5654b65e1517a0bbd249b]
https://giftshop-tw.line.me [200] [GET] [text/html] [LINE 禮物] [hide] [vhost] [Google Tag Manager,Node.js,Nuxt.js,Vue.js] [80fc41462e4a5251b146fdaef7aa996f]
https://glp-web.landpress.line.me [200] [GET] [text/html] [LINE | Live streams] [VOS] [vhost] [cloudfront] [Amazon Cloudfront,Amazon Web Services] [a61840387528182aeb81baf09833e139]
https://godtama-blog.line.me [301] [GET] [text/plain] [] [nginx] [vhost] [Nginx] [d41d8cd98f00b204e9800998ecf8427e]
https://godtamazeiya.game.line.me [301] [GET] [text/html] [301 Moved Permanently] [] [vhost] [b9d44ae5ca75a352070be23a6e9c70f6]
https://ground.line.me [200] [GET] [text/html] [LINE GROUND] [VOS] [vhost] [cloudfront] [Amazon Cloudfront,Amazon Web Services] [b0ad257b95de701ae7ed308a6513dec0]
https://growthy-analytics.game.line.me [302] [GET] [] [] [LINEGameSever] [d41d8cd98f00b204e9800998ecf8427e]
https://growthy-api.game.line.me [400] [GET] [text/plain] [] [nginx] [Nginx] [17984830d5f95d0e86748c8c2d35dcbc]
https://growthy-api.game.line.me [400] [GET] [text/plain] [] [nginx] [Nginx] [fc91d580fa09fcdb0256c74d8dac59de]
https://growthy-bip-chart.game.line.me [302] [GET] [] [] [LINEGameSever] [d41d8cd98f00b204e9800998ecf8427e]
https://growthy-welcome.game.line.me [404] [GET] [text/html] [Error] [LINEGameSever] [vhost] [f74bafe73c6b07cd0b28545cb97bd487]
https://guardians-blog.line.me [301] [GET] [text/html] [301 Moved Permanently] [] [vhost] [4f8e702cc244ec5d4de32740c0ecbd97]
https://guide.line.me [302] [GET] [text/html] [302 Found] [nginx] [vhost] [cloudfront] [Amazon Cloudfront,Amazon Web Services,Nginx] [cfbeaf604823f038b8b46f0ac862b98c]
https://gum.game.line.me [302] [GET] [] [] [nginx] [Java,Nginx,Spring] [d41d8cd98f00b204e9800998ecf8427e]
https://gundamwars-blog.line.me [200] [GET] [text/html] [LINE: ガンダム ウォーズ　公式ブログ] [nginx] [vhost] [Nginx] [4c8753c4e53d639e8c46a3dd9c389ec8]
https://hackth.line.me [200] [GET] [text/html] [LINE HACK 2020 - Innovate the next cool service prototype for LINE users] [envoy] [vhost] [Bootstrap,Envoy,Ionicons,Lightbox,MySQL,PHP,WordPress Super Cache,WordPress:6.0.1,Yoast SEO:19.5.1,YouTube] [a6cc0ca3dd1591e91857b7d2099b3e18]
https://healthcare-blog.line.me [200] [GET] [text/html] [LINEヘルスケア公式ブログ] [nginx] [vhost] [Nginx] [2b607cd147eb545db338d7f487156dee]
https://healthcare-blog.line.me [200] [GET] [text/html] [LINEヘルスケア公式ブログ] [nginx] [vhost] [Nginx] [c5a11ddea05c2299c94bb8670c49b0f3]
https://healthcare-cms.line.me [200] [GET] [text/html] [LINE@ HealthCare CMS] [nginx] [Google Font API,Nginx,Sentry:5.5.0] [79d48e8e88e062f08d12be5158676a63]
https://hello-bt21.game.line.me [302] [GET] [text/html] [302 Found] [] [vhost] [aff800f7c0fbcc0a1b3a01222155d46a]
https://help2.line.me [200] [GET] [text/html] [Help center | LINE] [nginx] [vhost] [Java,Nginx] [184fbe4e11fd85a664a033fb308705b2]
https://help2.line.me [200] [GET] [text/html] [Help center | LINE Android] [nginx] [vhost] [Java,Nginx] [dd815dac771a08c4af9119b4021ccb9a]
https://help2-o.line.me [200] [GET] [text/html] [Help center | LINE] [nginx] [Java,Nginx] [92c1685a01600509aa552aea0c3f4a51]
https://help3rd.line.me [200] [GET] [text/html] [Help center | LINE Android] [nginx] [Java,Nginx] [6ad5e564d484ff20bfed2aba153c5c92]
https://help3rd.line.me [200] [GET] [text/html] [Help center | LINE iOS] [nginx] [Java,Nginx] [dea21d38d455533b3ae544cea9fc7756]
https://help.line.me [200] [GET] [text/html] [Help center | LINE] [nginx] [vhost] [Java,Nginx] [99e69b22fb58de61f1a07c312c4b1bc3]
https://help.line.me [200] [GET] [text/html] [Help center | LINE] [nginx] [vhost] [Nginx] [99e69b22fb58de61f1a07c312c4b1bc3]
https://help-o.line.me [200] [GET] [text/html] [Help center | LINE] [nginx] [Java,Nginx] [b20ef6083cb8001aea6050c1d25dd1bb]
https://help-o.line.me [200] [GET] [text/html] [Help center | LINE Android] [nginx] [Java,Nginx] [34448f60ca04632f6a004eaf7e7cdbb5]
https://hidakaya.pockeo.line.me [404] [GET] [text/html] [お持ち帰りサービス] [] [vhost] [Amazon Cloudfront,Amazon Web Services] [7684e7f85086778475dfb901777979b4]
https://hidakayaservice.pockeo.line.me [404] [GET] [text/html] [お持ち帰りサービス] [] [vhost] [Amazon Cloudfront,Amazon Web Services] [7684e7f85086778475dfb901777979b4]
https://hoken-blog.line.me [200] [GET] [text/html] [LINEほけん 公式ブログ] [nginx] [vhost] [Nginx] [c4202240da191f282732e6a239038de9]
https://home.game.line.me [403] [GET] [text/html] [Not found] [] [vhost] [dd57f00262177f390925e975f7e69934]
https://horoscope.line.me [200] [GET] [text/html] [Line ดูดวง] [envoy] [vhost] [Bootstrap:4.5.3,Envoy,Google Font API] [19e4c8131e83d3701377cf200d5539a9]
https://hr-blog.line.me [301] [GET] [text/html] [301 Moved Permanently] [] [vhost] [4f8e702cc244ec5d4de32740c0ecbd97]
https://hrcon.line.me [200] [GET] [text/html] [] [] [vhost] [Amazon Cloudfront,Amazon Web Services] [4c037a98ee19b7459f4dbd8e1173ee0c]
https://hrcon-lp.line.me [200] [GET] [text/html] [] [] [vhost] [Amazon Cloudfront,Amazon Web Services] [4c037a98ee19b7459f4dbd8e1173ee0c]
https://hub-gql.line.me [404] [GET] [text/html] [Error] [] [vhost] [Express,Node.js] [da7da7d630292e7a2a7dda8ca87b3d39]
https://hub-gql-vks.line.me [404] [GET] [text/html] [Error] [] [vhost] [Express,Node.js] [da7da7d630292e7a2a7dda8ca87b3d39]
https://hub.line.me [200] [GET] [text/html] [LINE HUB] [] [vhost] [Google Font API,Node.js,Nuxt.js,Vue.js] [fb024648055d853548b011f86d38ef06]
https://hub-varnish.line.me [200] [GET] [text/html] [LINE HUB] [] [vhost] [Google Font API,Node.js,Nuxt.js,Vue.js] [fb024648055d853548b011f86d38ef06]
https://hub-web.line.me [200] [GET] [text/html] [LINE HUB] [] [vhost] [Google Font API,Node.js,Nuxt.js,Vue.js] [fb024648055d853548b011f86d38ef06]
https://hub-web-vks.line.me [200] [GET] [text/html] [LINE HUB] [] [vhost] [Google Font API,Node.js,Nuxt.js,Vue.js] [fb024648055d853548b011f86d38ef06]
https://insurance.line.me [302] [GET] [text/html] [302 Found] [Apache] [vhost] [Apache] [6f3a3811837210a528b683ac2fdedc8e]
https://integration-reservation.line.me [404] [GET] [application/json] [] [nginx] [vhost] [Nginx] [2e5e411e30ead932eb63ab33967aa87e]
https://invest.line.me [302] [GET] [text/html] [302 Found] [nginx] [Nginx] [cfbeaf604823f038b8b46f0ac862b98c]
https://isomarusuisan.pockeo.line.me [404] [GET] [text/html] [お持ち帰りサービス] [] [vhost] [Amazon Cloudfront,Amazon Web Services] [7684e7f85086778475dfb901777979b4]
https://itunes-card.line.me [200] [GET] [text/html] [Apple Gift Card] [nginx] [Amazon Web Services,Nginx] [95800b418bff353d40a8574461b8ed0c]
https://jobs-employer.line.me [200] [GET] [text/html] [LINE Jobs Employer Dashboard] [] [Google Font API] [31762875675880312aabe71d60784b00]
https://jobs.line.me [200] [GET] [text/html] [LINE Jobs] [nginx] [Google Font API,Nginx,Node.js,Nuxt.js,Vue.js] [71a721a00212338a6b21663f23cfec98]
https://jumputi.game.line.me [302] [GET] [text/html] [302 Found] [] [vhost] [aff800f7c0fbcc0a1b3a01222155d46a]
https://jumputiglobal.game.line.me [200] [GET] [text/html] [JUMPUTI HEROES 英雄氣泡官方網站] [nginx/1.12.0] [Google Tag Manager,Nginx:1.12.0,YouTube] [d1647fc7a35b70321bb8606f78cad999]
https://jumputiglobal.game.line.me [200] [GET] [text/html] [JUMPUTI HEROES 英雄氣泡官方網站] [nginx/1.12.0] [Nginx:1.12.0] [d1e3761a2f2dc6b54a033d69bca549aa]
https://jumputi-heroes-blog-ja.line.me [200] [GET] [text/html] [ジャンプチヒーローズ公式ブログ] [nginx] [vhost] [Nginx] [a835b8eaec3a04cda86740c7e55f56b5]
https://jumputi-heroes-blog-tw.line.me [200] [GET] [text/html] [パスワード認証] [nginx] [vhost] [Nginx] [4e635128eee487aba03a3d950dc3f5cd]
https://jwgl.apigw.jp2.saas.line.me [400] [GET] [] [] [] [d41d8cd98f00b204e9800998ecf8427e]
https://jyujyukarubi.pockeo.line.me [404] [GET] [text/html] [お持ち帰りサービス] [] [vhost] [Amazon Cloudfront,Amazon Web Services] [7684e7f85086778475dfb901777979b4]
https://kakeibo-blog.line.me [301] [GET] [text/html] [301 Moved Permanently] [] [vhost] [4f8e702cc244ec5d4de32740c0ecbd97]
https://keep.line.me [200] [GET] [text/html] [] [lisa] [vhost] [bc9f7d588538e3092d3653d28e3c21ee]
https://keygen.line.me [404] [GET] [Application/json] [] [nginx] [Nginx] [48c84d228dd8be10222b73e4624ff651]
https://keygen-sdbx.line.me [404] [GET] [Application/json] [] [nginx] [Nginx] [48c84d228dd8be10222b73e4624ff651]
https://kotegaeshi.pockeo.line.me [404] [GET] [text/html] [お持ち帰りサービス] [] [vhost] [Amazon Cloudfront,Amazon Web Services] [7684e7f85086778475dfb901777979b4]
https://kronos.apigw.jp2.saas.line.me [400] [GET] [] [] [] [d41d8cd98f00b204e9800998ecf8427e]
https://kushi-tanaka.pockeo.line.me [404] [GET] [text/html] [お持ち帰りサービス] [] [vhost] [Amazon Cloudfront,Amazon Web Services] [7684e7f85086778475dfb901777979b4]
https://lacore.line.me [302] [GET] [] [] [nginx] [Nginx] [d41d8cd98f00b204e9800998ecf8427e]
https://lan3rd.line.me [404] [GET] [text/html] [Error] [nginx] [vhost] [Nginx] [cc100608a0f465dc30dc0e3c960e248f]
https://lan3rd-o.line.me [404] [GET] [text/html] [Error] [nginx] [Nginx] [cc100608a0f465dc30dc0e3c960e248f]
https://lan-click.tr.line.me [404] [GET] [text/html] [Error 404 Not Found] [nginx] [Nginx] [0376d4860d0fbfffd0ee8ba488bde36a]
https://lan.line.me [404] [GET] [text/html] [Error] [nginx] [Nginx] [cc100608a0f465dc30dc0e3c960e248f]
https://lan-o.line.me [404] [GET] [text/html] [Error] [nginx] [Nginx] [cc100608a0f465dc30dc0e3c960e248f]
https://lap-click.tr.line.me [404] [GET] [text/html] [Error 404 Not Found] [nginx] [Nginx] [e017a48a314da83cabbdc1fe98fdf004]
https://lbc.line.me [301] [GET] [text/html] [301 Moved Permanently] [] [vhost] [4f8e702cc244ec5d4de32740c0ecbd97]
https://lb.clova.line.me:2053 [403] [GET] [text/plain] [] [cloudflare] [vhost] [Cloudflare,Cloudflare Bot Management,Cloudflare Network Error Logging] [c8750906ad1e689d41ab2a4e25d9864d]
https://lb.clova.line.me:2083 [403] [GET] [text/plain] [] [cloudflare] [vhost] [Cloudflare,Cloudflare Bot Management,Cloudflare Network Error Logging] [c8750906ad1e689d41ab2a4e25d9864d]
https://lb.clova.line.me:2087 [403] [GET] [text/plain] [] [cloudflare] [vhost] [Cloudflare,Cloudflare Bot Management,Cloudflare Network Error Logging] [c8750906ad1e689d41ab2a4e25d9864d]
https://lb.clova.line.me:2096 [403] [GET] [text/plain] [] [cloudflare] [vhost] [Cloudflare,Cloudflare Bot Management,Cloudflare Network Error Logging] [c8750906ad1e689d41ab2a4e25d9864d]
https://lb.clova.line.me [403] [GET] [text/plain] [] [cloudflare] [vhost] [Cloudflare,Cloudflare Bot Management,Cloudflare Network Error Logging] [c8750906ad1e689d41ab2a4e25d9864d]
https://lb.clova.line.me:8443 [403] [GET] [text/plain] [] [cloudflare] [vhost] [Cloudflare,Cloudflare Bot Management,Cloudflare Network Error Logging] [c8750906ad1e689d41ab2a4e25d9864d]
https://lbw-jp.line.me [301] [GET] [text/html] [301 Moved Permanently] [nginx] [Nginx] [4f8e702cc244ec5d4de32740c0ecbd97]
https://lbw.line.me [301] [GET] [text/html] [301 Moved Permanently] [nginx] [Nginx] [4f8e702cc244ec5d4de32740c0ecbd97]
https://lcp-apis.line.me [400] [GET] [] [] [] [d41d8cd98f00b204e9800998ecf8427e]
https://lcp-cas-external.line.me [404] [GET] [application/json] [] [] [32a5e8b7303d1155c7bbda349ef95b00]
https://lcp-checkout.line.me [302] [GET] [text/html] [302 Found] [nginx] [Nginx] [cfbeaf604823f038b8b46f0ac862b98c]
https://lcp-logs.line.me [404] [GET] [application/json] [] [] [80eb2df405b8c3fd39f114eaee521d1c]
https://lcs.line.me [302] [GET] [text/html] [302 Found] [nginx] [Nginx] [aff950cab4c0265e21d401db15f1026d]
https://lg-cs.line.me [302] [GET] [text/html] [302 Found] [nginx] [Nginx] [cfbeaf604823f038b8b46f0ac862b98c]
https://liff-ext.line.me [301] [GET] [text/html] [301 Moved Permanently] [nginx] [Nginx] [cd2e0e43980a00fb6a2742d3afd803b8]
https://liff.line.me [301] [GET] [text/html] [301 Moved Permanently] [nginx] [Nginx] [cd2e0e43980a00fb6a2742d3afd803b8]
https://lineat-partnercenter.line.me [301] [GET] [text/html] [301 Moved Permanently] [] [vhost] [4f8e702cc244ec5d4de32740c0ecbd97]
https://linecarnavi-blog.line.me [301] [GET] [text/html] [301 Moved Permanently] [] [vhost] [4f8e702cc244ec5d4de32740c0ecbd97]
https://linedevth.line.me [302] [GET] [text/plain] [] [envoy] [vhost] [cloudfront] [Amazon Cloudfront,Amazon Web Services,Envoy,Express,Node.js] [466e146f1f5104e9d01f8c16ae3d447f]
https://linedoctor-lp.line.me [404] [GET] [text/html] [LINEドクター] [nginx] [Google Tag Manager,Nginx,Node.js,Nuxt.js,Vue.js] [610b7d98fcf93db518c3f51fbc2e74d5]
https://line-entry-blog.line.me [200] [GET] [text/html] [LINE entry 公式ブログ] [nginx] [vhost] [Nginx] [6729f400bc731d87d08e998208db6db1]
https://lineit.line.me [301] [GET] [text/html] [301 Moved Permanently] [nginx] [vhost] [Nginx] [4f8e702cc244ec5d4de32740c0ecbd97]
https://lineman.line.me [200] [GET] [text/html] [LINE MAN | สั่งอาหาร แท็กซี่ ส่งพัสดุ แมสเซนเจอร์ ซื้อของ] [envoy] [vhost] [Envoy,Google Font API,Google Tag Manager,MySQL,PHP,Site Kit:1.79.1,W3 Total Cache,WordPress:6.0.1,Yoast SEO:19.4,wpBakery] [a0dd9fe488b54248201bfd05b0a505c9]
https://line.me [302] [GET] [text/html] [302 Found] [openresty] [vhost] [Nginx,OpenResty] [82c98e8e012b79c922655461171cc2fa]
https://linemusic-webapp.landpress.line.me [200] [GET] [text/html] [LINE MUSIC] [VOS] [vhost] [cloudfront] [Amazon Cloudfront,Amazon Web Services] [5d0bde8a67b872688d30712a8d6d3507]
https://linepay.line.me [301] [GET] [text/html] [301 Moved Permanently] [Apache] [vhost] [Apache] [a4d0fc2a7493a84560c2e5020098f77c]
https://line-research.line.me [302] [GET] [text/html] [302 Found] [nginx] [vhost] [Nginx] [aff950cab4c0265e21d401db15f1026d]
https://linescore-blog.line.me [200] [GET] [text/html] [LINEスコア/LINEポケットマネー 公式ブログ] [nginx] [vhost] [Nginx] [0e739d1b67c44408cb43f74b2cff918e]
https://linescore-blog.line.me [200] [GET] [text/html] [LINEスコア/LINEポケットマネー 公式ブログ] [nginx] [vhost] [Nginx] [9add0efabfc145a85cfe846d688689ef]
https://linesec-blog.line.me [301] [GET] [text/html] [301 Moved Permanently] [] [vhost] [4f8e702cc244ec5d4de32740c0ecbd97]
https://linevoom-blog.line.me [200] [GET] [text/html] [LINE VOOM 公式ブログ] [nginx] [vhost] [Nginx] [799b987040c93bcdb9cd834f9c695333]
https://linevoom-blog.line.me [200] [GET] [text/html] [LINE VOOM 公式ブログ] [nginx] [vhost] [Nginx] [c44c3a561a4372e96a6670958fb10080]
https://linevoom.line.me [200] [GET] [text/html] [LINE VOOM] [] [vhost] [cloudfront] [Amazon Cloudfront,Amazon Web Services,React] [a0d9293259ad4103cd6c67120e42bf46]
https://linevoom.line.me [200] [GET] [text/html] [LINE VOOM] [] [vhost] [cloudfront] [Amazon Cloudfront,Amazon Web Services,React] [c9a0c8f71c46934424ef5efe7a342735]
https://littleknights-blog.line.me [301] [GET] [text/plain] [] [nginx] [vhost] [Nginx] [d41d8cd98f00b204e9800998ecf8427e]
https://livebuy.line.me [200] [GET] [text/html] [LIVEBUY] [] [vhost] [f41de07c9e1ab1c0fde03d6d31d4b391]
https://live-channel.line.me [200] [GET] [text/html] [LINE LIVE] [nginx] [Nginx] [e4f252eb9d8a8c93f3d70d03a036c02b]
https://live.line.me [200] [GET] [text/html] [LINE LIVE（ラインライブ）| 夢を叶えるライブ配信サービス] [nginx] [vhost] [Google Tag Manager,Nginx] [f603feee1f9c3001b749b352380a343a]
https://lotteria.pockeo.line.me [404] [GET] [text/html] [お持ち帰りサービス] [] [vhost] [Amazon Cloudfront,Amazon Web Services] [7684e7f85086778475dfb901777979b4]
https://lpg.game.line.me [302] [GET] [text/html] [302 Found] [] [vhost] [aff800f7c0fbcc0a1b3a01222155d46a]
https://lsp-tw.line.me [200] [GET] [text/html] [發生錯誤] [] [vhost] [Google Font API,Node.js,Nuxt.js,Vue.js] [6eb012dac292f891320fd0c953c81267]
https://lt-click.tr.line.me [404] [GET] [text/html] [Error 404 Not Found] [nginx] [Nginx] [3cabe2f5aeb3abec570edd51f7229561]
https://lush.game.line.me [501] [GET] [application/json] [] [nginx] [Nginx] [693552a714bc17a21508f155d48145c4]
https://magiccoin.game.line.me [302] [GET] [text/html] [302 Found] [] [vhost] [aff800f7c0fbcc0a1b3a01222155d46a]
https://makepositive.game.line.me [200] [GET] [text/html] [「Make Positive」プロジェクト｜LINE GAME公式] [] [vhost] [4142dfae3ee77b6607a688edda98f123]
https://mall.line.me [301] [GET] [text/html] [301 Moved Permanently] [nginx] [vhost] [Nginx] [4f8e702cc244ec5d4de32740c0ecbd97]
https://mamaxlinepay.line.me [301] [GET] [text/html] [301 Moved Permanently] [] [vhost] [4f8e702cc244ec5d4de32740c0ecbd97]
https://manga-blog-ja.line.me [200] [GET] [text/html] [LINE マンガ公式ブログ] [nginx] [vhost] [Google Tag Manager,Nginx] [fe8e9eb1ff4fc85921b9b8a9e7018c86]
https://manga-channel.line.me [200] [GET] [text/html] [LINEマンガ] [nginx] [vhost] [Nginx] [3debe1111fbe9d6b5155e3673615708d]
https://manga-channel.line.me [200] [GET] [text/html] [LINEマンガ] [nginx] [vhost] [Nginx] [a437815244e8f98b3814acee38a82182]
https://manga.line.me [200] [GET] [text/html] [LINE マンガは日本でのみご利用いただけます｜LINE マンガ] [nginx] [Google Tag Manager,Nginx] [452835d4a3f9ca5721f7ac6880e57a34]
https://manga.line.me [200] [GET] [text/html] [LINE マンガは日本でのみご利用いただけます｜LINE マンガ] [nginx] [Google Tag Manager,Nginx] [feef8ee024694ee05bdb35fe3c431158]
https://man.line.me [200] [GET] [text/html] [LINE MAN Launcher] [envoy] [vhost] [Envoy] [b8c3b921140d4a22d29f8cdb24d04936]
https://manual-at.line.me [200] [GET] [text/html] [LINE@マニュアル | ラインアットの使い方] [nginx] [vhost] [Nginx] [03e1493f18965f3b3f0e341a34f6e777]
https://mart-tw-logistics-api.line.me [403] [GET] [text/html] [403 Forbidden] [nginx] [Nginx] [9fe3cb2b7313dc79bb477bc8fde184a7]
https://m-at-blog.line.me [200] [GET] [text/html] [お知らせ] [] [vhost] [Amazon Cloudfront,Amazon Web Services] [2eedbb64ed0903bbfb96e9a8264da05d]
https://m-baito-mag.line.me [200] [GET] [text/html] [お知らせ] [] [vhost] [Amazon Cloudfront,Amazon Web Services] [2eedbb64ed0903bbfb96e9a8264da05d]
https://m-botawards-blog.line.me [200] [GET] [text/html] [お知らせ] [] [vhost] [Amazon Cloudfront,Amazon Web Services] [2eedbb64ed0903bbfb96e9a8264da05d]
https://m-camera-official-blog.line.me [200] [GET] [text/html] [お知らせ] [] [vhost] [Amazon Cloudfront,Amazon Web Services] [2eedbb64ed0903bbfb96e9a8264da05d]
https://m-clova-blog.line.me [200] [GET] [text/html] [お知らせ] [] [vhost] [Amazon Cloudfront,Amazon Web Services] [2eedbb64ed0903bbfb96e9a8264da05d]
https://m-creator-mag.line.me [200] [GET] [text/html] [お知らせ] [] [vhost] [Amazon Cloudfront,Amazon Web Services] [2eedbb64ed0903bbfb96e9a8264da05d]
https://m-creator-manual.line.me [200] [GET] [text/html] [お知らせ] [] [vhost] [Amazon Cloudfront,Amazon Web Services] [2eedbb64ed0903bbfb96e9a8264da05d]
https://media.line.me [301] [GET] [] [] [AkamaiGHost] [vhost] [d41d8cd98f00b204e9800998ecf8427e]
https://melody-admin.line.me [200] [GET] [text/html] [LINE MELODY CMS] [VOS] [vhost] [cloudfront] [Amazon Cloudfront,Amazon Web Services,Bootstrap] [480d5b821f1b255352f79cae68ad368f]
https://melody.line.me [200] [GET] [text/html] [LINE MELODY] [VOS] [vhost] [Amazon Web Services,React] [0fff722f73e7238ebcb7fd91579e9773]
https://m-fortune-mag.line.me [200] [GET] [text/html] [お知らせ] [] [vhost] [Amazon Cloudfront,Amazon Web Services] [2eedbb64ed0903bbfb96e9a8264da05d]
https://m-gift-blog.line.me [200] [GET] [text/html] [お知らせ] [] [vhost] [Amazon Cloudfront,Amazon Web Services] [2eedbb64ed0903bbfb96e9a8264da05d]
https://m-guardians-blog.line.me [200] [GET] [text/html] [お知らせ] [] [vhost] [Amazon Cloudfront,Amazon Web Services] [2eedbb64ed0903bbfb96e9a8264da05d]
https://m-hr-blog.line.me [200] [GET] [text/html] [お知らせ] [] [vhost] [Amazon Cloudfront,Amazon Web Services] [2eedbb64ed0903bbfb96e9a8264da05d]
https://midas.game.line.me [302] [GET] [] [] [nginx] [vhost] [Nginx] [d41d8cd98f00b204e9800998ecf8427e]
https://mig.apigw.jp2.saas.line.me [400] [GET] [] [] [] [d41d8cd98f00b204e9800998ecf8427e]
https://m-manga-blog.line.me [200] [GET] [text/html] [お知らせ] [] [vhost] [Amazon Cloudfront,Amazon Web Services] [2eedbb64ed0903bbfb96e9a8264da05d]
https://m-music-mag.line.me [200] [GET] [text/html] [お知らせ] [] [vhost] [Amazon Cloudfront,Amazon Web Services] [2eedbb64ed0903bbfb96e9a8264da05d]
https://m-now-blog.line.me [200] [GET] [text/html] [お知らせ] [] [vhost] [Amazon Cloudfront,Amazon Web Services] [2eedbb64ed0903bbfb96e9a8264da05d]
https://mobile-blog.line.me [200] [GET] [text/html] [LINE MOBILE 公式ブログ] [nginx] [vhost] [Nginx] [67b72324cbbddf6ed2fb755e75bee733]
https://mobile-blog.line.me [200] [GET] [text/html] [LINE MOBILE 公式ブログ] [nginx] [vhost] [Nginx] [7eb0088c5cee8315a9512b0ca2a76765]
https://mobile.line.me [200] [GET] [text/html] [LINEモバイル【公式】選ばれる格安スマホ・格安SIM] [nginx] [vhost] [Google Tag Manager,Nginx] [0a01978d819b623f85a7e9fd6fc2aa7b]
https://m-official-blog.line.me [200] [GET] [text/html] [お知らせ] [] [vhost] [Amazon Cloudfront,Amazon Web Services] [2eedbb64ed0903bbfb96e9a8264da05d]
https://monsterfarm.game.line.me [302] [GET] [text/html] [302 Found] [] [vhost] [aff800f7c0fbcc0a1b3a01222155d46a]
https://movie.apigw.jp2.saas.line.me [400] [GET] [] [] [] [d41d8cd98f00b204e9800998ecf8427e]
https://m-survey-blog.line.me [200] [GET] [text/html] [お知らせ] [] [vhost] [Amazon Cloudfront,Amazon Web Services] [2eedbb64ed0903bbfb96e9a8264da05d]
https://music-campaign.line.me [404] [GET] [application/json] [] [nginx] [vhost] [Nginx] [68ae2a183c6ca6c84a29730f14fca9a1]
https://music-jp-cms.line.me [301] [GET] [text/html] [301 Moved Permanently] [nginx] [Nginx] [4f8e702cc244ec5d4de32740c0ecbd97]
https://music-jp-coupon.line.me [301] [GET] [text/html] [301 Moved Permanently] [nginx] [vhost] [Nginx] [4f8e702cc244ec5d4de32740c0ecbd97]
https://music-jp.line.me [303] [GET] [] [] [nginx] [Nginx] [d41d8cd98f00b204e9800998ecf8427e]
https://music.line.me [303] [GET] [] [] [nginx] [Nginx] [d41d8cd98f00b204e9800998ecf8427e]
https://music-mag-ja.line.me [200] [GET] [text/html] [LINE MUSIC MAGAZINE] [nginx] [vhost] [Nginx] [b97326126f3d5ba1716ae8291549f82b]
https://music-refund.line.me [200] [GET] [text/html] [LINE MUSIC コイン払戻し申請フォーム] [VOS] [vhost] [cloudfront] [Amazon Cloudfront,Amazon Web Services] [ef1ebb5b7b4188f2c3ba1e9b5cc495e3]
https://music-tw.line.me [200] [GET] [text/html] [LINE MUSIC - LINE鈴聲、來電答鈴、背景音樂、音樂焦點、音樂排行榜、最新專輯等豐富的音樂內容] [nginx] [vhost] [Google Tag Manager,Nginx,Node.js,Nuxt.js,Vue.js] [fb1eb126dc0c8bb39cfef1649f2689d1]
https://mycard.line.me [403] [GET] [text/html] [403 Forbidden] [nginx] [Nginx] [4b074b0b59693fa9f94fb71b175fb187]
https://mynumbercard-point-web.line.me [302] [GET] [] [] [nginx] [Nginx] [d41d8cd98f00b204e9800998ecf8427e]
https://mypage-mobile.line.me [404] [GET] [text/html] [ページが見つかりません - LINEモバイル] [nginx] [Google Tag Manager,Nginx] [461e56bebe3f30acee1c34fc01953581]
https://nc.line.me [302] [GET] [text/html] [302 Found] [nginx] [Nginx] [aff950cab4c0265e21d401db15f1026d]
https://netflow.apigw.jp2.saas.line.me [400] [GET] [] [] [] [d41d8cd98f00b204e9800998ecf8427e]
https://news.line.me [302] [GET] [text/html] [302 Found] [Apache] [vhost] [Apache] [40ad20287ed6656562b835d8b2b77818]
https://nft-biz.line.me [302] [GET] [text/html] [302 Found] [Apache] [Apache] [69a763f2b45893f56a89a846d6e6592a]
https://nft-blog.line.me [200] [GET] [text/html] [LINE NFT 公式ブログ] [nginx] [vhost] [Nginx] [87ea0fdc12021052753f4e7258a97df2]
https://nft-blog.line.me [200] [GET] [text/html] [LINE NFT 公式ブログ] [nginx] [vhost] [Nginx] [ed7beb4e749d0a6a2d2363395c429394]
https://nft.line.me [200] [GET] [text/html] [LINE NFT] [nginx] [Google Tag Manager,Nginx] [0ff20262064c20a4f7d019cabf247247]
https://nft-lp.line.me [403] [GET] [text/html] [Error] [nginx] [Nginx] [f3b9f713c4d6f3355e25fb2be47d6ad1]
https://nft-lp.line.me [403] [GET] [text/html] [Error] [nginx] [vhost] [Nginx] [f3b9f713c4d6f3355e25fb2be47d6ad1]
https://noble-blog.line.me [301] [GET] [text/html] [301 Moved Permanently] [] [vhost] [4f8e702cc244ec5d4de32740c0ecbd97]
https://noble.game.line.me [301] [GET] [text/html] [301 Moved Permanently] [] [vhost] [b9d44ae5ca75a352070be23a6e9c70f6]
https://notice2.line.me [404] [GET] [text/html] [Error] [nginx] [Nginx] [cc100608a0f465dc30dc0e3c960e248f]
https://notice2-o.line.me [404] [GET] [text/html] [Error] [nginx] [Nginx] [cc100608a0f465dc30dc0e3c960e248f]
https://notice.line.me [404] [GET] [text/html] [Error] [nginx] [Nginx] [cc100608a0f465dc30dc0e3c960e248f]
https://notice-o.line.me [404] [GET] [text/html] [Error] [nginx] [Nginx] [cc100608a0f465dc30dc0e3c960e248f]
https://notify-api.line.me [302] [GET] [] [] [nginx] [Nginx] [d41d8cd98f00b204e9800998ecf8427e]
https://notify-bot.line.me [303] [GET] [] [] [nginx] [Nginx] [d41d8cd98f00b204e9800998ecf8427e]
https://novel-blog.line.me [200] [GET] [text/html] [LINEノベル公式ブログ] [nginx] [vhost] [Nginx] [1702aea9c2c767e9e471a59441247bda]
https://novel.line.me [200] [GET] [text/html] [] [] [vhost] [Amazon Cloudfront,Amazon Web Services] [2d2b96a99d9dccf8042e22b6c3733e34]
https://now-blog.line.me [301] [GET] [text/html] [301 Moved Permanently] [] [vhost] [4f8e702cc244ec5d4de32740c0ecbd97]
https://ns14.apigw.jp2.saas.line.me [400] [GET] [] [] [] [d41d8cd98f00b204e9800998ecf8427e]
https://ns41.apigw.jp2.saas.line.me [400] [GET] [] [] [] [d41d8cd98f00b204e9800998ecf8427e]
https://oa.tr.line.me [404] [GET] [text/html] [This page can't be displayed.] [nginx] [Nginx] [de4a16a84dc8cfe777595199bdc5875b]
https://obs.line.me [400] [GET] [] [] [lisa] [vhost] [d41d8cd98f00b204e9800998ecf8427e]
https://oc.pool.apigw.jp2.saas.line.me [400] [GET] [] [] [] [d41d8cd98f00b204e9800998ecf8427e]
https://official-blog-cn.line.me [200] [GET] [text/html] [LINE 中国官方博客] [nginx] [vhost] [Nginx] [c6fb054a60e7f9df181eb6e4cbfb26e8]
https://official-blog-en.line.me [200] [GET] [text/html] [LINE official blog] [nginx] [vhost] [Nginx] [7b625da54300bfb12f2c50e9e15b2f10]
https://official-blog-en.line.me [302] [GET] [text/plain] [] [nginx] [vhost] [Nginx] [d41d8cd98f00b204e9800998ecf8427e]
https://official-blog-id.line.me [200] [GET] [text/html] [LINE Indonesia Official Blog] [nginx] [vhost] [Nginx] [5c13b5f93edc01e68e6840b878a095a2]
https://official-blog-id.line.me [200] [GET] [text/html] [LINE Indonesia Official Blog] [nginx] [vhost] [Nginx] [649d128d09eb7cce1648632e5801e597]
https://official-blog-ja.line.me [200] [GET] [text/html] [LINE公式ブログ] [nginx] [vhost] [Nginx] [a53df665a5ae27f885bfda6c33b7b8bf]
https://official-blog-tw-biz.line.me [200] [GET] [text/html] [LINE台灣 企業行銷官方BLOG] [nginx] [vhost] [Nginx] [1e728d2770dacd746aa7749eb0945f30]
https://official-blog-tw.line.me [200] [GET] [text/html] [LINE台灣 官方BLOG] [nginx] [vhost] [Nginx] [5e93868458b10509039d56958a97de91]
https://official-blog-tw.line.me [200] [GET] [text/html] [LINE台灣 官方BLOG] [nginx] [vhost] [Nginx] [dc92668e132ae660b3903acfa26ae288]
https://online.apigw.jp2.saas.line.me [400] [GET] [] [] [] [d41d8cd98f00b204e9800998ecf8427e]
https://openchat-blog.line.me [200] [GET] [text/html] [LINEオープンチャット 公式ブログ] [nginx] [vhost] [Nginx] [c941773d46451054d99277f1b71c277e]
https://openchat-blog.line.me [200] [GET] [text/html] [LINEオープンチャット 公式ブログ] [nginx] [vhost] [Nginx,YouTube] [06389b79690eaec02e52772430ac9c6c]
https://openchat-jp.line.me [200] [GET] [text/html] [【公式】 LINE オープンチャット] [VOS] [vhost] [cloudfront] [Amazon Cloudfront,Amazon Web Services,Gatsby:3.12.1,Google Font API,Google Tag Manager,React,YouTube,webpack] [efe9f55d8a895e88855e140124651960]
https://openchat.line.me [301] [GET] [text/html] [301 Moved Permanently] [nginx] [vhost] [Nginx] [cd2e0e43980a00fb6a2742d3afd803b8]
https://optout-api.tr.line.me [200] [GET] [text/html] [お使いのブラウザから取得するウェブサイトの行動履歴情報とLINEアカウントとの関連付けの停止（オプトアウト）について] [nginx] [vhost] [Nginx] [9aba16e0f54d02489be24ce8084dcff0]
https://optout.tr.line.me [200] [GET] [text/html] [お使いのブラウザから取得するウェブサイトの行動履歴情報とLINEアカウントとの関連付けの停止（オプトアウト）について] [nginx] [vhost] [Nginx] [9aba16e0f54d02489be24ce8084dcff0]
https://optrecru.game.line.me [200] [GET] [text/html] [馬林福特頂點決戰 拯救艾斯！] [] [vhost] [3ab145f0c3eef7d36294a9bc182f63cf]
https://order-mobile.line.me [301] [GET] [text/html] [301 Moved Permanently] [nginx] [Nginx] [4f8e702cc244ec5d4de32740c0ecbd97]
https://org-linevoom.line.me [200] [GET] [text/html] [LINE VOOM] [] [React] [c6abbb03861063e50ed0fd0f36e719ed]
https://org-linevoom.line.me [200] [GET] [text/html] [LINE VOOM] [] [React] [e48e14b539b49daa47824b5500df124e]
https://org-provider.line.me [302] [GET] [text/html] [302 Found] [nginx] [vhost] [Nginx] [aff950cab4c0265e21d401db15f1026d]
https://org-scdn.line.me [200] [GET] [text/html] [] [nginx] [Nginx] [d36f8f9425c4a8000ad9c4a97185aca5]
https://org-timeline.line.me [200] [GET] [text/html] [LINE VOOM] [] [React] [396b0f430805c24b740d5fe5da3b0ea7]
https://org-timeline.line.me [200] [GET] [text/html] [LINE VOOM] [] [React] [ab1b5a01b696c1c7773758d77497eb5d]
https://org-w.line.me [301] [GET] [text/html] [301 Moved Permanently] [nginx] [Nginx] [cd2e0e43980a00fb6a2742d3afd803b8]
https://osa-a.line.me [301] [GET] [text/html] [301 Moved Permanently] [nginx] [Nginx] [4f8e702cc244ec5d4de32740c0ecbd97]
https://page-api.line.me [404] [GET] [text/html] [HTTP Status 404 – Not Found] [nginx] [Nginx] [f58bcb6f574449d015363a3266200758]
https://page.line.me [307] [GET] [] [] [] [d41d8cd98f00b204e9800998ecf8427e]
https://page-share.line.me [404] [GET] [text/html] [404 Not Found] [nginx] [Nginx] [370e16c3b7dba286cff055f93b9a94d8]
https://partnercenter-pay.line.me [200] [GET] [text/html] [パスワード認証] [nginx] [vhost] [Nginx] [7cb0b2ea7cf4d887566d09a785cc103f]
https://partner.line.me [200] [GET] [text/html] [LINE Partners] [nginx] [vhost] [Nginx] [c4fa22b9d6eb3feadfb26f7fa3147f1c]
https://partners.line.me [200] [GET] [text/html] [LINE Partners] [nginx] [vhost] [Nginx] [c4fa22b9d6eb3feadfb26f7fa3147f1c]
https://pasutakann.pockeo.line.me [404] [GET] [text/html] [お持ち帰りサービス] [] [vhost] [Amazon Cloudfront,Amazon Web Services] [7684e7f85086778475dfb901777979b4]
https://pay-blog.line.me [200] [GET] [text/html] [LINE Pay 公式ブログ] [nginx] [vhost] [Nginx] [281173c249a45147793ef5ab11a18f24]
https://pay-blog.line.me [200] [GET] [text/html] [LINE Pay 公式ブログ] [nginx] [vhost] [Nginx] [539a8980a31e2451f52c5d30e5b60848]
https://pay.line.me [302] [GET] [] [] [nginx] [Nginx] [d41d8cd98f00b204e9800998ecf8427e]
https://pay-merchant-blog.line.me [301] [GET] [text/html] [301 Moved Permanently] [] [vhost] [4f8e702cc244ec5d4de32740c0ecbd97]
https://pazfre-blog.line.me [301] [GET] [text/plain] [] [nginx] [vhost] [Nginx] [d41d8cd98f00b204e9800998ecf8427e]
https://place-app.line.me [200] [GET] [text/html] [LINE PLACE - グルメ ＆ 地域のおすすめスポット検索・投稿サービス : 発見] [] [vhost] [Google Tag Manager,React] [d62f5ed1dce7c4a9ded0d74495e378c4]
https://place-blog.line.me [200] [GET] [text/html] [LINE PLACE BLOG] [VOS] [vhost] [cloudfront] [Amazon Cloudfront,Amazon Web Services,Gatsby:3.11.1,Google Font API,React,webpack] [9fefaf2e95fd02dfe43672944c502d26]
https://place.line.me [200] [GET] [text/html] [LINE PLACE - グルメ ＆ 地域のおすすめスポット検索・投稿サービス : 発見] [] [vhost] [Google Tag Manager,React] [ef6ef795950f73480097b75013351448]
https://planner.line.me [200] [GET] [text/html] [LINE家計簿 | お金がたまる家計簿アプリ] [nginx] [vhost] [Nginx] [da0e91c4585648386986d7f8b0727c05]
https://play.game.line.me [302] [GET] [text/html] [302 Found] [] [vhost] [aff800f7c0fbcc0a1b3a01222155d46a]
https://play.line.me [404] [GET] [text/html] [PAGE NOT FOUND] [nginx] [vhost] [Java,Nginx] [bcc4d7c5e292dadb0656a8f9f829abf2]
https://pockeobiz.line.me [404] [GET] [text/html] [ポケオ | LINEで持ち帰り商品を簡単に注文できるサイト] [] [Amazon Cloudfront,Amazon Web Services] [520e850c12e679cf0c07af6cf34dbcd0]
https://pockeo.line.me [404] [GET] [text/html] [ポケオ | LINEで持ち帰り商品を簡単に注文できるサイト] [] [vhost] [Amazon Cloudfront,Amazon Web Services] [c9d392538651af48577bf03442776787]
https://pod.game.line.me [200] [GET] [text/html] [POD] [nginx] [vhost] [Akamai,Google Font API,Google Tag Manager,Nginx,React] [747b7b7e99cf9bf6d74db38d1d6bd196]
https://pod.game.line.me [200] [GET] [text/html] [POD] [nginx] [vhost] [Akamai,Google Font API,Google Tag Manager,Nginx,React] [f4a2e61e378e92d34615a3da204dd86f]
https://pod-mobile.game.line.me [404] [GET] [text/html] [Page 404] [] [vhost] [Next.js,Node.js,React,webpack] [7a88869064076fce11856ccd27263823]
https://pod-orig.game.line.me [200] [GET] [text/html] [POD] [nginx] [Google Font API,Google Tag Manager,Nginx,React] [c21ed3abe39b8954af90062f609ac77d]
https://pod-payment.game.line.me [307] [GET] [] [] [nginx] [vhost] [Akamai,Nginx] [d41d8cd98f00b204e9800998ecf8427e]
https://pod-payment.game.line.me [307] [GET] [] [] [nginx] [vhost] [Nginx] [d41d8cd98f00b204e9800998ecf8427e]
https://pod-payment-orig.game.line.me [307] [GET] [] [] [nginx] [Nginx] [d41d8cd98f00b204e9800998ecf8427e]
https://pod-sandbox.game.line.me [403] [GET] [text/html] [] [nginx] [Nginx] [79a4a387ba5e1fc0e0b19de67daeb529]
https://point-blog.line.me [200] [GET] [text/html] [【公式】LINEポイントまとめ] [nginx] [vhost] [Nginx] [4d6726541338aaaa81187c709f5e4ed9]
https://pointclub.line.me [302] [GET] [text/html] [302 Found] [Apache] [vhost] [Apache] [cf7cb95c864a4f18be18b7b6742ca1c4]
https://points.line.me [200] [GET] [text/html] [LINE POINTS] [nginx] [vhost] [Nginx] [b63cceaf115103550f654e78014696d5]
https://poko.game.line.me [403] [GET] [text/html] [403 Forbidden] [] [vhost] [25da235cb4cf7f93044d4bd508ccec30]
https://pokopangtown.game.line.me [302] [GET] [text/html] [302 Found] [] [vhost] [aff800f7c0fbcc0a1b3a01222155d46a]
https://pokopoko.game.line.me [302] [GET] [text/html] [302 Found] [] [vhost] [aff800f7c0fbcc0a1b3a01222155d46a]
https://pop2.game.line.me [302] [GET] [text/html] [302 Found] [] [vhost] [aff800f7c0fbcc0a1b3a01222155d46a]
https://pr.line.me [301] [GET] [text/html] [301 Moved Permanently] [] [vhost] [4f8e702cc244ec5d4de32740c0ecbd97]
https://protostar.line.me [200] [GET] [text/html] [LINE 新星計劃] [VOS] [vhost] [cloudfront] [Amazon Cloudfront,Amazon Web Services,Gatsby:3.14.6,React,webpack] [069a279c9fd637a3c03b832c4153e4be]
https://provider.line.me [302] [GET] [text/html] [302 Found] [nginx] [vhost] [cloudfront] [Amazon Cloudfront,Amazon Web Services,Nginx] [aff950cab4c0265e21d401db15f1026d]
https://proxy-sdbx.line.me [403] [GET] [text/html] [403 Forbidden] [nginx] [Nginx] [4dec45889e09ec3ceb63fd65825d0f11]
https://proxy-sdbx.line.me [403] [GET] [text/html] [403 Forbidden] [nginx] [Nginx] [bc56979a0b381a791dd59713198a87fb]
https://qrcodepay.line.me [301] [GET] [text/html] [301 Moved Permanently] [nginx] [Nginx] [cd2e0e43980a00fb6a2742d3afd803b8]
https://qr-official.line.me [302] [GET] [text/html] [302 Found] [nginx] [vhost] [Nginx] [cfbeaf604823f038b8b46f0ac862b98c]
https://quick.game.line.me [404] [GET] [application/json] [] [nginx] [Nginx] [61f9654923548d31891c7dadfd53b95f]
https://rabbitlinepay-blog-th.line.me [200] [GET] [text/html] [Rabbit LINE Pay Blog] [nginx] [vhost] [Nginx] [0172ca97041a125d67234236c54b559e]
https://rabbitlinepay-blog-th.line.me [200] [GET] [text/html] [Rabbit LINE Pay Blog] [nginx] [vhost] [Nginx] [12649e7e24154901c425d354c1664b78]
https://rangers.game.line.me [302] [GET] [text/html] [302 Found] [] [vhost] [aff800f7c0fbcc0a1b3a01222155d46a]
https://reaction.line.me [403] [GET] [text/html] [Reaction Open Platform] [nginx] [vhost] [Nginx] [f2406a3cd0714f6274c1742b07cf13a2]
https://receipt.line.me [404] [GET] [text/plain] [] [] [vhost] [595e88012a6521aae3e12cbebe76eb9e]
https://red.line.me [404] [GET] [text/html] [404 Not Found] [] [ad76203cbb9feb6a77342842816f7b51]
https://refund.game.line.me [404] [GET] [text/html] [404 Not Found] [] [fece3a956c02bc19847fed34f86ae21a]
https://refund.line.me [200] [GET] [text/html] [LINE GAME] [] [vhost] [eacc42386b159d2eccba873a2f0de83c]
https://research.line.me [303] [GET] [] [] [nginx] [Java,Nginx] [d41d8cd98f00b204e9800998ecf8427e]
https://research.line.me [303] [GET] [] [] [nginx] [vhost] [Java,Nginx] [d41d8cd98f00b204e9800998ecf8427e]
https://research-platform.line.me [200] [GET] [text/html] [LINEリサーチ調査レポート｜リサーチノート powered by LINE] [nginx] [vhost] [Google Tag Manager,Nginx] [b13f08254a69ea9d6947a07753fe0b61]
https://research-tableau.line.me [200] [GET] [text/html] [] [nginx] [AngularJS,Nginx] [b229480127a4bd1cf03b626dcc7fe0ba]
https://reservation.line.me [200] [GET] [text/html] [ㅤ] [nginx] [vhost] [Nginx] [6d09fb3306e3c19be18f53fe9eeb458a]
https://reward.line.me [404] [GET] [text/html] [LINEで応募] [nginx] [Nginx] [86de8a60e579237698b03ea14c50ce2a]
https://rosa.apigw.jp2.saas.line.me [400] [GET] [] [] [] [d41d8cd98f00b204e9800998ecf8427e]
https://router1.apigw.jp2.saas.line.me [400] [GET] [] [] [] [d41d8cd98f00b204e9800998ecf8427e]
https://rssreader.game.line.me [404] [GET] [application/json] [] [] [vhost] [349797f107134ff71e6bbee26e144233]
https://rt-ads.line.me [403] [GET] [text/html] [403 Forbidden] [nginx] [Nginx] [bc56979a0b381a791dd59713198a87fb]
https://sales-pay.line.me [302] [GET] [] [] [nginx] [Nginx] [d41d8cd98f00b204e9800998ecf8427e]
https://sandbox-api-pay.line.me [200] [GET] [text/html] [Welcome to nginx!] [nginx] [Nginx] [e3eb0a1df437f3f97a64aca5952c8ea0]
https://sandbox-pay.line.me [302] [GET] [] [] [Apache] [Apache,Java] [d41d8cd98f00b204e9800998ecf8427e]
https://sandbox-pay.line.me [302] [GET] [] [] [Apache] [vhost] [Apache,Java] [d41d8cd98f00b204e9800998ecf8427e]
https://sandbox-reservation.line.me [200] [GET] [text/html] [ㅤ] [nginx] [vhost] [Nginx] [8c017074c067cfd5886d43f996e7c509]
https://sandbox-web-pay.line.me [404] [GET] [] [] [nginx] [vhost] [Nginx] [d41d8cd98f00b204e9800998ecf8427e]
https://scc.line.me [501] [GET] [application/json] [] [nginx] [Nginx] [693552a714bc17a21508f155d48145c4]
https://scdn.line.me [200] [GET] [text/html] [] [nginx] [vhost] [Nginx] [d36f8f9425c4a8000ad9c4a97185aca5]
https://schedule.line.me [301] [GET] [text/html] [301 Moved Permanently] [nginx] [Nginx] [4f8e702cc244ec5d4de32740c0ecbd97]
https://schedule-web.line.me [200] [GET] [text/html] [LINEスケジュール] [nginx] [Nginx] [be89af6fc8afaf0972d7d74886545728]
https://sch.line.me [404] [GET] [text/html] [Page not available.] [nginx/1.16.1] [Nginx:1.16.1] [a611be6e6d37215196f87b6d63a9f81e]
https://score.line.me [200] [GET] [text/html] [LINE] [nginx] [Google Tag Manager,Nginx] [b08ee2066ae07d3f61daa2ce6a688b8b]
https://search.line.me [200] [GET] [text/html] [LINE Search] [nxg] [vhost] [0907e58849f929491ce81a55856c54a5]
https://seller.line.me [302] [GET] [] [] [] [vhost] [d41d8cd98f00b204e9800998ecf8427e]
https://shop.line.me [302] [GET] [] [] [envoy] [vhost] [Envoy] [d41d8cd98f00b204e9800998ecf8427e]
https://shop-mall.line.me [301] [GET] [text/html] [301 Moved Permanently] [nginx] [vhost] [Nginx] [4f8e702cc244ec5d4de32740c0ecbd97]
https://shopping-mag.line.me [301] [GET] [text/html] [301 Moved Permanently] [] [vhost] [4f8e702cc244ec5d4de32740c0ecbd97]
https://shopping-th.line.me [200] [GET] [text/html] [LINE SHOPPING] [envoy] [vhost] [Envoy] [d704eb657a8cd3ca8fb72afab8f79ba4]
https://shop-report.line.me [200] [GET] [text/html] [LINE] [custom] [vhost] [cloudfront] [Amazon Cloudfront,Amazon Web Services] [976b84271a2a940463f69229ba51d123]
https://sign.game.line.me [302] [GET] [] [] [nginx] [Java,Nginx,Spring] [d41d8cd98f00b204e9800998ecf8427e]
https://sign-rehearsal.game.line.me [302] [GET] [] [] [nginx] [Java,Nginx,Spring] [d41d8cd98f00b204e9800998ecf8427e]
https://smart-invest.line.me [200] [GET] [text/html] [LINEスマート投資 公式ブログ] [nginx] [vhost] [Nginx] [30b132e0910937da3f3cd461b97452a0]
https://smart-invest.line.me [200] [GET] [text/html] [LINEスマート投資 公式ブログ] [nginx] [vhost] [Nginx] [46a496b21eeefcbefb237c066446f511]
https://social-plugins.line.me [301] [GET] [text/html] [301 Moved Permanently] [nginx] [vhost] [Nginx] [4f8e702cc244ec5d4de32740c0ecbd97]
https://spot.line.me [200] [GET] [text/html] [LINE熱點] [] [vhost] [Google Tag Manager,Next.js,Node.js,React,webpack] [3ba40c98fe5cd7a9bcb908aa8e1759f2]
https://spot.line.me [200] [GET] [text/html] [LINE熱點] [] [vhost] [Google Tag Manager,Next.js,Node.js,React,webpack] [4a26a9621f13b9d4018d5fd4e54286c8]
https://square-api.line.me [301] [GET] [text/html] [301 Moved Permanently] [nginx] [vhost] [Nginx] [cd2e0e43980a00fb6a2742d3afd803b8]
https://staging-z.line.me [404] [GET] [text/html] [404 Not Found] [nginx/1.19.1] [Nginx:1.19.1] [f68e2c9f50473733362050da8a935a81]
https://starbuckscard.line.me [404] [GET] [application/json] [] [nginx] [Nginx] [7389ac55c9df1f9a2829da72e902d83c]
https://sticker-channel-api.line.me [200] [GET] [application/json] [] [envoy] [vhost] [Envoy] [5820854f62a6eb3d38ba7ba0d1b3ea75]
https://sticker-channel-option.line.me [404] [GET] [text/html] [The page you were looking for doesn't exist (404)] [envoy] [vhost] [Envoy] [6cc3545f1d476b4b4e9f0785b4811be5]
https://stickers-contest.line.me [200] [GET] [text/html] [LINE STICKERS CONTEST 2022] [envoy] [vhost] [Envoy,Google Tag Manager,Node.js,Nuxt.js,Vue.js] [e0e4435c963eb8dc7f015cc78e5a2e39]
https://stickershop.line.me [200] [GET] [text/html] [LINE Stickershop] [custom] [vhost] [cloudfront] [Amazon Cloudfront,Amazon Web Services] [e74aa58c62ab6ca702c738991e856030]
https://stickers-on-kiosk.line.me [200] [GET] [text/html] [สติกเกอร์ไลน์ผ่านตู้] [envoy] [vhost] [Envoy,Ruby,Ruby on Rails] [16217e8257da4993530035d0ef6a2fdc]
https://stickers-on-kiosk.line.me [200] [GET] [text/html] [สติกเกอร์ไลน์ผ่านตู้] [envoy] [vhost] [Envoy,Ruby,Ruby on Rails] [fb755e81145fbff04bc41df5f95062bf]
https://store-bill.line.me [404] [GET] [httpd/unix-directory] [] [Apache] [vhost] [Apache] [d41d8cd98f00b204e9800998ecf8427e]
https://store.line.me [200] [GET] [text/html] [LINE STORE – Buy LINE stickers, game currencies, and more on LINE's official web store] [nginx] [vhost] [Nginx] [338aba425e50b2d895a2b120ff77e944]
https://store.line.me [200] [GET] [text/html] [LINE STORE – Buy LINE stickers, game currencies, and more on LINE's official web store] [nginx] [vhost] [Nginx] [5140a7c2b4c16b8a2be5305431b1b6f7]
https://store-rc-bill.line.me [404] [GET] [httpd/unix-directory] [] [Apache] [vhost] [Apache] [d41d8cd98f00b204e9800998ecf8427e]
https://store-rc.line.me [403] [GET] [text/html] [403 Forbidden] [nginx] [Nginx] [4b074b0b59693fa9f94fb71b175fb187]
https://store-rc.line.me [403] [GET] [text/html] [403 Forbidden] [nginx] [Nginx] [9fe3cb2b7313dc79bb477bc8fde184a7]
https://study.apigw.jp2.saas.line.me [400] [GET] [] [] [] [d41d8cd98f00b204e9800998ecf8427e]
https://studyroom.line.me [200] [GET] [text/html] [LINE Study Room] [envoy] [vhost] [Envoy,Google Font API] [6ff4505ea31114a6c0f464bb8d5fa94d]
https://sukimani.line.me [200] [GET] [text/html] [] [] [vhost] [Google Tag Manager] [974ce056d36e8b9e750606d2604af8a0]
https://sukimani.line.me [200] [GET] [text/html] [] [] [vhost] [Google Tag Manager] [ce0d25eaa68af9a0935ec975db91e32b]
https://survey-blog.line.me [301] [GET] [text/html] [301 Moved Permanently] [] [vhost] [4f8e702cc244ec5d4de32740c0ecbd97]
https://talk-care-chat.line.me [200] [GET] [text/plain] [] [nginx] [Java,Nginx,Spring] [444bcb3a3fcf8389296c49467f27e1d6]
https://talk-care-cms.line.me [302] [GET] [] [] [nginx] [Nginx] [d41d8cd98f00b204e9800998ecf8427e]
https://talk-care.line.me [200] [GET] [text/html] [トークCARE：こころの悩みはLINEで相談。約200名の専門家が24時間365日、あなたの悩みを解決！] [nginx] [vhost] [Nginx,YouTube] [6784c08c57e0783274a657d327d142fd]
https://talk-care.line.me [200] [GET] [text/html] [トークCARE：こころの悩みはLINEで相談。約200名の専門家が24時間365日、あなたの悩みを解決！] [nginx] [vhost] [Nginx,YouTube] [7cc9203ffa37b85d0bd5bbe6bb3e7591]
https://talkconsult.line.me [200] [GET] [text/html] [LINEトーク相談] [nginx] [Nginx] [c78bf07672f5265932a8ed41834184c7]
https://tantan.game.line.me [404] [GET] [text/html] [404 Not Found] [] [vhost] [68b370690b488d04badc85eb3240a30b]
https://tdlp.game.line.me [200] [GET] [text/html] [Welcome to nginx!] [nginx] [Nginx] [e3eb0a1df437f3f97a64aca5952c8ea0]
https://techpulse.line.me [200] [GET] [text/html] [LINE TAIWAN TECHPULSE 2022] [] [vhost] [2e51cb87e3fda3d99155fbef84c8467f]
https://teller-mag.line.me [200] [GET] [text/html] [トーク占い お仕事ガイド] [nginx] [vhost] [Nginx] [00c07d0de91bf42cee46787e112aba90]
https://teller-mag.line.me [200] [GET] [text/html] [トーク占い お仕事ガイド] [nginx] [vhost] [Nginx] [02ce287dd737c0bd9a151b26346fbdc4]
https://tenpo-keiri-blog.line.me [301] [GET] [text/html] [301 Moved Permanently] [] [vhost] [4f8e702cc244ec5d4de32740c0ecbd97]
https://tenpo-keiri.line.me [301] [GET] [text/html] [301 Moved Permanently] [] [vhost] [4f8e702cc244ec5d4de32740c0ecbd97]
https://terms2.line.me [400] [GET] [text/html] [Error] [nginx] [vhost] [Nginx] [886b6a7e63628cf016ab3dcdc2964c45]
https://terms2-o.line.me [400] [GET] [text/html] [Error] [nginx] [vhost] [Nginx] [886b6a7e63628cf016ab3dcdc2964c45]
https://terms.line.me [400] [GET] [text/html] [Error] [nginx] [vhost] [Nginx] [886b6a7e63628cf016ab3dcdc2964c45]
https://terms-o.line.me [400] [GET] [text/html] [Error] [nginx] [Nginx] [886b6a7e63628cf016ab3dcdc2964c45]
https://terms-o.line.me [400] [GET] [text/html] [Error] [nginx] [vhost] [Nginx] [886b6a7e63628cf016ab3dcdc2964c45]
https://test-api.blockchain.line.me [400] [GET] [] [] [] [vhost] [Envoy] [d41d8cd98f00b204e9800998ecf8427e]
https://themeshop.line.me [200] [GET] [text/html] [LINE Themeshop] [custom] [vhost] [cloudfront] [Amazon Cloudfront,Amazon Web Services] [39153f1b3402fc4c6a2259e44616d30c]
https://ticket-blog.line.me [301] [GET] [text/html] [301 Moved Permanently] [] [vhost] [4f8e702cc244ec5d4de32740c0ecbd97]
https://ticket.line.me [200] [GET] [text/html] [LINEチケットサービス終了のお知らせ] [] [vhost] [Amazon Cloudfront,Amazon Web Services] [5ae4d51a89baada0f867edbc488b15f9]
https://ticket-mypage.line.me [200] [GET] [text/html] [LINEチケットサービス終了のお知らせ] [] [vhost] [Amazon Cloudfront,Amazon Web Services] [5ae4d51a89baada0f867edbc488b15f9]
https://ticket-st.line.me [200] [GET] [text/html] [LINEチケットサービス終了のお知らせ] [] [vhost] [Amazon Cloudfront,Amazon Web Services] [5ae4d51a89baada0f867edbc488b15f9]
https://timeline-blog.line.me [301] [GET] [text/html] [301 Moved Permanently] [] [vhost] [4f8e702cc244ec5d4de32740c0ecbd97]
https://timeline-creator.line.me [301] [GET] [] [] [AkamaiGHost] [vhost] [d41d8cd98f00b204e9800998ecf8427e]
https://timeline.line.me [301] [GET] [] [] [AkamaiGHost] [vhost] [d41d8cd98f00b204e9800998ecf8427e]
https://today.line.me [200] [GET] [text/html] [LINE TODAY] [nginx] [vhost] [Nginx,Node.js,Nuxt.js,Vue.js] [13172435131d6001b643962c3000efd8]
https://todayshowcase.line.me [200] [GET] [text/html] [LINE TODAY SHOWCASE พื้นที่แสดงผลงานของ นักเขียนหน้าใหม่บน LINE TODAY] [VOS] [vhost] [cloudfront] [Amazon Cloudfront,Amazon Web Services,Google Tag Manager,Node.js,Nuxt.js,Vue.js] [a3bab9806b71d2dabc28c79cb367a56a]
https://toriyoshisyoten.pockeo.line.me [404] [GET] [text/html] [お持ち帰りサービス] [] [vhost] [Amazon Cloudfront,Amazon Web Services] [7684e7f85086778475dfb901777979b4]
https://tower.game.line.me [302] [GET] [text/html] [302 Found] [] [vhost] [aff800f7c0fbcc0a1b3a01222155d46a]
https://travel.line.me [200] [GET] [text/html] [LINE旅遊] [] [vhost] [Varnish,Vue.js] [a1b73c80f4a88e9a1946f85a736da73f]
https://tr.line.me [200] [GET] [image/gif] [] [nginx] [Nginx] [ad4b0f606e0f8465bc4c4c170b37e1a3]
https://tsubakiyacoffee.pockeo.line.me [404] [GET] [text/html] [お持ち帰りサービス] [] [vhost] [Amazon Cloudfront,Amazon Web Services] [7684e7f85086778475dfb901777979b4]
https://tsumtsum.game.line.me [302] [GET] [text/html] [302 Found] [] [vhost] [aff800f7c0fbcc0a1b3a01222155d46a]
https://ttstadium.game.line.me [302] [GET] [text/html] [302 Found] [] [vhost] [aff800f7c0fbcc0a1b3a01222155d46a]
https://tw-fresh.line.me [200] [GET] [text/html] [LINE FRESH 2022 校園競賽 - 全台大專院校學生集合！挑戰你的「企劃撰寫」與「程式碼」能力，總獎金28萬元，等你揪團來挑戰！] [VOS] [vhost] [cloudfront] [Amazon Cloudfront,Amazon Web Services,Google Tag Manager] [4324223ad98384baad01bcd53a1784e2]
https://uc.apigw.jp2.saas.line.me [400] [GET] [] [] [] [d41d8cd98f00b204e9800998ecf8427e]
https://u.line.me [302] [GET] [text/html] [302 Found] [nginx] [vhost] [Nginx] [aff950cab4c0265e21d401db15f1026d]
https://upphoto-ecommerce.line.me [500] [GET] [text/html] [네이버] [] [vhost] [402886274680d8e8448d7446586a1ab4]
https://utility-charge-pay.line.me [404] [GET] [application/json] [] [nginx/1.10.1] [Nginx:1.10.1] [efa6621e3d5890e9ba8617a8845fda00]
https://viewing.live.line.me [200] [GET] [text/html] [LINE LIVE-VIEWING | 夢を叶えるライブ配信サービス] [nginx] [Google Tag Manager,Nginx] [d2d5521637af6571ec75ca04d25a15c3]
https://voom-creators.line.me [200] [GET] [text/html] [VOOM Creators] [VOS] [vhost] [cloudfront] [Amazon Cloudfront,Amazon Web Services,Gatsby:2.24.63,React,webpack] [08ec1c1634b078e4d9b77ff07d6ab37d]
https://wallet.blockchain.line.me [301] [GET] [text/html] [301 Moved Permanently] [nginx] [Nginx] [4f8e702cc244ec5d4de32740c0ecbd97]
https://wallet-coupon-api-thailand.line.me [404] [GET] [application/json] [] [nginx] [Nginx] [92b847f7e9ddd801192cf879182dddca]
https://wallet-coupon.line.me [200] [GET] [text/html] [LINE クーポン] [nginx] [Nginx] [389f5be5bb93d80539ce86f6234d55f5]
https://wallet-coupon-ogp.line.me [404] [GET] [text/plain] [] [nginx] [Nginx] [d41d8cd98f00b204e9800998ecf8427e]
https://wallet-mycard-gw-tpoint.line.me [404] [GET] [application/json] [] [nginx] [Nginx] [20affe14318f66b4a9381c040097b47e]
https://wallet-mycards-gw-googleplay.line.me [200] [GET] [text/html] [Google Play ギフトコード] [nginx] [Amazon Web Services,Nginx] [8fa26403e3f9d5a7672c92c00b0b8036]
https://wallet-mycards-gw-tpoint.line.me [404] [GET] [application/json] [] [nginx] [Nginx] [2a71e39db0782b5165a02c942608a288]
https://wallet-mycards-web.line.me [404] [GET] [application/json] [] [nginx] [Nginx] [f1c8d4467f0f1022b580063bd572e20c]
https://washokusato.pockeo.line.me [404] [GET] [text/html] [お持ち帰りサービス] [] [vhost] [Amazon Cloudfront,Amazon Web Services] [7684e7f85086778475dfb901777979b4]
https://web2.apigw.jp2.saas.line.me [400] [GET] [] [] [] [d41d8cd98f00b204e9800998ecf8427e]
https://web-api-oaplus.line.me [404] [GET] [] [] [envoy] [Envoy] [d41d8cd98f00b204e9800998ecf8427e]
https://web-ec.line.me [302] [GET] [] [] [nginx] [vhost] [Nginx] [d41d8cd98f00b204e9800998ecf8427e]
https://web-oaplus.line.me [200] [GET] [text/html] [Redirect to link] [VOS] [vhost] [cloudfront] [Amazon Cloudfront,Amazon Web Services] [449e898de0125c8b1fa4cd7dfc420967]
https://web-pay.line.me [302] [GET] [text/html] [302 Found] [openresty] [Nginx,OpenResty] [cfbeaf604823f038b8b46f0ac862b98c]
https://webpos.line.me [301] [GET] [text/html] [301 Moved Permanently] [nginx] [Nginx] [cd2e0e43980a00fb6a2742d3afd803b8]
https://web-tw-pay.line.me [302] [GET] [text/html] [302 Found] [] [vhost] [aff950cab4c0265e21d401db15f1026d]
https://w-jp.line.me [301] [GET] [text/html] [301 Moved Permanently] [nginx] [Nginx] [cd2e0e43980a00fb6a2742d3afd803b8]
https://w.line.me [301] [GET] [text/html] [301 Moved Permanently] [nginx] [vhost] [Nginx] [cd2e0e43980a00fb6a2742d3afd803b8]
https://wow-blog.line.me [301] [GET] [text/plain] [] [nginx] [vhost] [Nginx] [d41d8cd98f00b204e9800998ecf8427e]
https://wow.line.me [301] [GET] [text/html] [301 Moved Permanently] [] [vhost] [4f8e702cc244ec5d4de32740c0ecbd97]
https://www16.apigw.jp2.saas.line.me [400] [GET] [] [] [] [d41d8cd98f00b204e9800998ecf8427e]
https://www.line.me [301] [GET] [text/html] [301 Moved Permanently] [nginx] [vhost] [Nginx] [4f8e702cc244ec5d4de32740c0ecbd97]
https://www.windows.apigw.jp2.saas.line.me [400] [GET] [] [] [] [d41d8cd98f00b204e9800998ecf8427e]
https://x1.apigw.jp2.saas.line.me [400] [GET] [] [] [] [d41d8cd98f00b204e9800998ecf8427e]
https://zip.apigw.jp2.saas.line.me [400] [GET] [] [] [] [d41d8cd98f00b204e9800998ecf8427e]
https://z.line.me [404] [GET] [text/html] [404 Not Found] [nginx/1.19.1] [Nginx:1.19.1] [f68e2c9f50473733362050da8a935a81]
