https://data.login.gov [200] [GET] [text/html] [Login.gov Reporting Dashboard] [] [vhost] [cloudfront] [Amazon Cloudfront,Amazon Web Services] [2d30f168f8377b5b81baef2a0cc5872d]
https://design.login.gov [200] [GET] [text/html] [Overview | Login.gov Design System] [] [vhost] [cloudfront] [Amazon Cloudfront,Amazon Web Services] [18b06d3166f1e66040b62a2ff731bd78]
https://developer.login.gov [301] [GET] [text/html] [301 Moved Permanently] [] [vhost] [cloudfront] [Amazon Cloudfront,Amazon Web Services] [4f8e702cc244ec5d4de32740c0ecbd97]
https://developers.login.gov [200] [GET] [text/html] [Welcome to the Login.gov developer guide | Login.gov] [] [vhost] [cloudfront] [Amazon Cloudfront,Amazon Web Services] [4c91c90b1dfe84656cbfcd0a1c8f9a24]
https://dm.login.gov [302] [GET] [text/html] [302 Found] [nginx] [vhost] [cloudfront] [Amazon Cloudfront,Amazon Web Services,Nginx] [aff950cab4c0265e21d401db15f1026d]
https://handbook.login.gov [200] [GET] [text/html] [Login Handbook |
https://idp.dm.login.gov [500] [GET] [text/html] [We're sorry, but something went wrong (500)] [nginx + Phusion Passenger(R)] [vhost] [cloudfront] [Amazon Cloudfront,Amazon Web Services,Nginx,Phusion Passenger] [28c830e701e3798f0b91870798703d90]
https://idp.staging.login.gov [200] [GET] [text/html] [Welcome - Login.gov] [nginx + Phusion Passenger(R)] [vhost] [cloudfront] [Ahoy,Amazon Cloudfront,Amazon S3,Amazon Web Services,Nginx,Phusion Passenger,Ruby,Ruby on Rails] [bbb066deccb30282856e1b4978330f0a]
https://idp.staging.login.gov [200] [GET] [text/html] [Welcome - Login.gov] [nginx + Phusion Passenger(R)] [vhost] [cloudfront] [Ahoy,Amazon Cloudfront,Amazon S3,Amazon Web Services,Nginx,Phusion Passenger,Ruby,Ruby on Rails] [e9f91486c7e2c1a128fa8ea70b20cadf]
https://mta-sts.login.gov [403] [GET] [application/xml] [] [AmazonS3] [vhost] [cloudfront] [Amazon Cloudfront,Amazon S3,Amazon Web Services] [9aa13d8bc0c4073aa177d002a61d17b4]
https://mta-sts.login.gov [403] [GET] [application/xml] [] [AmazonS3] [vhost] [cloudfront] [Amazon Cloudfront,Amazon S3,Amazon Web Services] [f685a8499906110a04b418e23ed37b6c]
https://partners.login.gov [200] [GET] [text/html] [Login.gov Partners | Login.gov Partners] [] [vhost] [cloudfront] [Amazon Cloudfront,Amazon Web Services] [5cbd5bf653dbbf3be1ef783f33141d8a]
https://public-reporting-data.dm.login.gov [403] [GET] [application/xml] [] [AmazonS3] [vhost] [cloudfront] [Amazon Cloudfront,Amazon S3,Amazon Web Services] [f91bea1cf9125d182da8fb32568c72de]
https://public-reporting-data.staging.login.gov [403] [GET] [application/xml] [] [AmazonS3] [vhost] [cloudfront] [Amazon Cloudfront,Amazon S3,Amazon Web Services] [2491b847bbc64d1911a8dadcce1c5a10]
https://public-reporting-data.staging.login.gov [403] [GET] [application/xml] [] [AmazonS3] [vhost] [cloudfront] [Amazon Cloudfront,Amazon S3,Amazon Web Services] [878230ae035d90a3301a096dc737c8ab]
https://secure.login.gov [200] [GET] [text/html] [Welcome - Login.gov] [nginx + Phusion Passenger(R)] [vhost] [cloudfront] [Ahoy,Amazon Cloudfront,Amazon S3,Amazon Web Services,Nginx,Phusion Passenger,Ruby,Ruby on Rails] [4709a29e54a2e4a39c19247aef06cfad]
https://secure.login.gov [200] [GET] [text/html] [Welcome - Login.gov] [nginx + Phusion Passenger(R)] [vhost] [cloudfront] [Ahoy,Amazon Cloudfront,Amazon S3,Amazon Web Services,Nginx,Phusion Passenger,Ruby,Ruby on Rails] [e8f7b1f696467788d37c3573db032246]
https://secure.origin.login.gov [301] [GET] [text/html] [301 Moved Permanently] [awselb/2.0] [4aa7a432bb447f094408f1bd6229c605]
https://staging.login.gov [302] [GET] [text/html] [302 Found] [nginx] [vhost] [cloudfront] [Amazon Cloudfront,Amazon Web Services,Nginx] [aff950cab4c0265e21d401db15f1026d]
https://status.login.gov [200] [GET] [text/html] [Login.gov Status] [] [vhost] [Atlassian Statuspage,Fastly] [cf05338d0b17ce05e87e299fdc0823e8]
https://www.login.gov [200] [GET] [text/html] [The public’s one account for government.
