http://autodiscover.luxuryretreats.com [301] [GET] [] [] [Microsoft-IIS/10.0] [vhost] [IIS:10.0,Microsoft ASP.NET,Windows Server] [d41d8cd98f00b204e9800998ecf8427e]
https://akamai.luxuryretreats.com [301] [GET] [] [] [AkamaiGHost] [vhost] [d41d8cd98f00b204e9800998ecf8427e]
https://akamai-staging.luxuryretreats.com [301] [GET] [] [] [AkamaiGHost] [vhost] [d41d8cd98f00b204e9800998ecf8427e]
https://blog.luxuryretreats.com [404] [GET] [text/html] [Site is not available] [UploadServer] [google] [Google Cloud,Google Cloud Storage] [06222bb7a635a39164087516ba1bf85c]
https://click.mail.luxuryretreats.com [403] [GET] [text/html] [403 - Forbidden: Access is denied.] [] [11ca4578cb026a23713aea6781b8ece3]
https://cloud.mail.luxuryretreats.com [403] [GET] [text/html] [403 - Forbidden: Access is denied.] [] [11ca4578cb026a23713aea6781b8ece3]
https://data.luxuryretreats.com [404] [GET] [text/html] [404 Not Found] [] [azure] [370e16c3b7dba286cff055f93b9a94d8]
https://data.luxuryretreats.com [404] [GET] [text/html] [404 Not Found] [] [azure] [8eec510e57f5f732fd2cce73df7b73ef]
https://enterpriseenrollment.luxuryretreats.com [302] [GET] [] [] [Microsoft-IIS/10.0] [azure] [IIS:10.0,Microsoft ASP.NET:4.0.30319,Windows Server] [d41d8cd98f00b204e9800998ecf8427e]
https://enterpriseenrollment.luxuryretreats.com [302] [GET] [] [] [Microsoft-IIS/10.0] [azure] [IIS:10.0,Microsoft ASP.NET,Windows Server] [d41d8cd98f00b204e9800998ecf8427e]
https://enterpriseregistration.luxuryretreats.com [404] [GET] [text/html] [Service] [] [azure] [17654c28a506596d05424ea295203bac]
https://es.luxuryretreats.com [301] [GET] [] [] [AkamaiGHost] [vhost] [d41d8cd98f00b204e9800998ecf8427e]
https://feature-branch.luxuryretreats.com [301] [GET] [] [] [AkamaiGHost] [vhost] [d41d8cd98f00b204e9800998ecf8427e]
https://fr.luxuryretreats.com [301] [GET] [] [] [AkamaiGHost] [vhost] [d41d8cd98f00b204e9800998ecf8427e]
https://helpdesk.luxuryretreats.com [404] [GET] [text/html] [-] [fwe] [Envoy] [47ecdfcf2ddc578b46cc110ad3bad251]
https://helpdesk.luxuryretreats.com [404] [GET] [text/html] [-] [fwe] [Envoy] [cd11088c50804fec10b5a5f0c0731556]
https://holidayparty.luxuryretreats.com [404] [GET] [text/plain] [] [] [f9ae9006943e3a67b95ca4c6c733b6d4]
https://image.mail.luxuryretreats.com [403] [GET] [text/html] [Access Denied] [AkamaiGHost] [vhost] [503dba754baab1cbb0e77174bb48a313]
https://image.mail.luxuryretreats.com [403] [GET] [text/html] [Access Denied] [AkamaiGHost] [vhost] [76c96468de1dded93298fa4c2cea8d51]
https://intranetone.luxuryretreats.com [404] [GET] [text/html] [Site is not available] [UploadServer] [google] [Google Cloud,Google Cloud Storage] [06222bb7a635a39164087516ba1bf85c]
https://luxuryretreats.com [301] [GET] [] [] [AkamaiGHost] [vhost] [d41d8cd98f00b204e9800998ecf8427e]
https://lyncdiscover.luxuryretreats.com [404] [GET] [application/json] [] [] [vhost] [Azure] [373397b4ebf514ea3578818e90f5f9b6]
https://m2.luxuryretreats.com [301] [GET] [] [] [AkamaiGHost] [vhost] [d41d8cd98f00b204e9800998ecf8427e]
https://m.luxuryretreats.com [301] [GET] [] [] [AkamaiGHost] [vhost] [d41d8cd98f00b204e9800998ecf8427e]
https://msoid.luxuryretreats.com [302] [GET] [text/html] [Object moved] [] [vhost] [azure] [67dc47621d0dca9dc8d849ee26494c3b]
https://news.luxuryretreats.com [400] [GET] [text/html] [Invalid URL] [AkamaiGHost] [a53f9c81374df01a046fdc9c0a604238]
https://news.luxuryretreats.com [400] [GET] [text/html] [Invalid URL] [AkamaiGHost] [c91593971b78366eb23195a8b7567a18]
https://pages.mail.luxuryretreats.com [403] [GET] [text/html] [403 - Forbidden: Access is denied.] [] [11ca4578cb026a23713aea6781b8ece3]
https://privateviewing.luxuryretreats.com [404] [GET] [text/html] [Site is not available] [UploadServer] [google] [Google Cloud,Google Cloud Storage] [06222bb7a635a39164087516ba1bf85c]
https://salesforce.luxuryretreats.com [302] [GET] [] [] [] [vhost] [d41d8cd98f00b204e9800998ecf8427e]
https://tv.luxuryretreats.com [301] [GET] [] [] [AkamaiGHost] [vhost] [d41d8cd98f00b204e9800998ecf8427e]
https://view.mail.luxuryretreats.com [302] [GET] [text/html] [Object moved] [] [0b9ef0192b2022a0b94f012083714795]
https://webserver01.luxuryretreats.com [301] [GET] [] [] [AkamaiGHost] [vhost] [d41d8cd98f00b204e9800998ecf8427e]
https://www2.luxuryretreats.com [301] [GET] [] [] [AkamaiGHost] [vhost] [d41d8cd98f00b204e9800998ecf8427e]
https://www.luxuryretreats.com [301] [GET] [] [] [AkamaiGHost] [vhost] [d41d8cd98f00b204e9800998ecf8427e]
https://xxkey.luxuryretreats.com [301] [GET] [] [] [AkamaiGHost] [vhost] [d41d8cd98f00b204e9800998ecf8427e]
https://xxlong.luxuryretreats.com [301] [GET] [] [] [AkamaiGHost] [vhost] [d41d8cd98f00b204e9800998ecf8427e]
https://xx.luxuryretreats.com [301] [GET] [] [] [AkamaiGHost] [vhost] [d41d8cd98f00b204e9800998ecf8427e]
