http://help.magisto.com:2083 [400] [GET] [text/html] [400 The plain HTTP request was sent to HTTPS port] [cloudflare] [cloudflare] [Cloudflare] [20ad84d030031252141ca0b3fc0183f0]
http://help.magisto.com:2087 [400] [GET] [text/html] [400 The plain HTTP request was sent to HTTPS port] [cloudflare] [cloudflare] [Cloudflare] [cd58783500d7fa3c58f88eb0ba22f4f8]
http://help.magisto.com:8443 [400] [GET] [text/html] [400 The plain HTTP request was sent to HTTPS port] [cloudflare] [cloudflare] [Cloudflare] [cd58783500d7fa3c58f88eb0ba22f4f8]
http://mail.magisto.com [404] [GET] [text/html] [Error 404 (Not Found)!!1] [ghs] [b81150861bf911f947660cf73bce77f6]
http://m.magisto.com [301] [GET] [text/html] [301 Moved] [ghs] [vhost] [b52f43c0c6f36cd9108f446fa0899f3e]
https://ablink.videofy.magisto.com [404] [GET] [text/html] [404 Not Found] [nginx] [Nginx] [8e325dc2fea7c8900fc6c4b8c6c394fe]
https://api.magisto.com [429] [GET] [text/plain] [] [cloudflare] [vhost] [cloudflare] [Cloudflare,Cloudflare Bot Management] [1001b29d0cc03c0a5d1cd2567ed8ed94]
https://docs2.magisto.com [301] [GET] [text/html] [301 Moved Permanently] [nginx/1.10.3] [Nginx:1.10.3] [55ddfe7044cf0f3a257edb0ddeb20fb5]
https://docs.magisto.com [301] [GET] [text/html] [301 Moved Permanently] [cloudflare] [vhost] [cloudflare] [Cloudflare,Cloudflare Bot Management] [55ddfe7044cf0f3a257edb0ddeb20fb5]
https://feed.magisto.com [403] [GET] [application/xml] [] [AmazonS3] [vhost] [cloudfront] [Amazon Cloudfront,Amazon S3,Amazon Web Services] [1e8263f1146b356d3f99120035e58af3]
https://feed.magisto.com [403] [GET] [application/xml] [] [AmazonS3] [vhost] [cloudfront] [Amazon Cloudfront,Amazon S3,Amazon Web Services] [3ae82c14327db10691808d2eea702172]
https://help.magisto.com [301] [GET] [text/html] [] [cloudflare] [vhost] [cloudflare] [Cloudflare,Cloudflare Network Error Logging,Zendesk] [c7b83b0e893dcbd4de96a99176449e4f]
https://ioslgr.magisto.com [200] [GET] [text/html] [Online Video Editor | Smart Video Maker by Magisto] [cloudflare] [vhost] [cloudflare] [Cloudflare,Cloudflare Bot Management,Google Tag Manager] [70e4cf527c7819dde9fc9081690abe92]
https://magisto.com [301] [GET] [text/html] [301 Moved Permanently] [nginx/1.10.3] [Nginx:1.10.3] [55ddfe7044cf0f3a257edb0ddeb20fb5]
https://musiclib.magisto.com [403] [GET] [application/xml] [] [AmazonS3] [vhost] [cloudfront] [Amazon Cloudfront,Amazon S3,Amazon Web Services] [0f851660bde38cd9ddf904b636c27429]
https://ntdc.magisto.com [404] [GET] [text/html] [404 Not Found] [nginx] [Nginx] [8e325dc2fea7c8900fc6c4b8c6c394fe]
https://push.magisto.com [301] [GET] [text/html] [301 Moved Permanently] [nginx/1.10.3] [Nginx:1.10.3] [55ddfe7044cf0f3a257edb0ddeb20fb5]
https://res.magisto.com [200] [GET] [text/html] [] [cloudflare] [vhost] [cloudflare] [Amazon Cloudfront,Amazon Web Services,Cloudflare,Cloudflare Bot Management] [d41d8cd98f00b204e9800998ecf8427e]
https://res.magisto.com [403] [GET] [text/html] [Attention Required! | Cloudflare] [cloudflare] [vhost] [cloudflare] [Cloudflare,Cloudflare Bot Management] [be6485cc148391d3c9cffdf88c0db006]
https://result.magisto.com [403] [GET] [application/xml] [] [AmazonS3] [vhost] [cloudfront] [Amazon Cloudfront,Amazon S3,Amazon Web Services] [aeeb6d41154ece19e1ac051ea9cd9408]
https://result.magisto.com [403] [GET] [application/xml] [] [AmazonS3] [vhost] [cloudfront] [Amazon Cloudfront,Amazon S3,Amazon Web Services] [ef5c9fad8bab605eff05bf2c5bdfc344]
https://source1.magisto.com [403] [GET] [application/xml] [] [AmazonS3] [vhost] [cloudfront] [Amazon Cloudfront,Amazon S3,Amazon Web Services] [2a30bdaee717d04c9c1eda2dd7b51e2c]
https://source1.magisto.com [403] [GET] [application/xml] [] [AmazonS3] [vhost] [cloudfront] [Amazon Cloudfront,Amazon S3,Amazon Web Services] [9379001a5924dee6f2012300105122eb]
https://source2.magisto.com [403] [GET] [application/xml] [] [AmazonS3] [vhost] [cloudfront] [Amazon Cloudfront,Amazon S3,Amazon Web Services] [28d5c436ef6c3a63e6bce7945baed160]
https://source2.magisto.com [403] [GET] [application/xml] [] [AmazonS3] [vhost] [cloudfront] [Amazon Cloudfront,Amazon S3,Amazon Web Services] [9a4e2d241e816b9f9101a383184b2781]
https://source3.magisto.com [403] [GET] [application/xml] [] [AmazonS3] [vhost] [cloudfront] [Amazon Cloudfront,Amazon S3,Amazon Web Services] [27490db91db69c68fcae14334a6f45bc]
https://source3.magisto.com [403] [GET] [application/xml] [] [AmazonS3] [vhost] [cloudfront] [Amazon Cloudfront,Amazon S3,Amazon Web Services] [cada75826859fa068f69260117310dee]
https://source.magisto.com [403] [GET] [application/xml] [] [AmazonS3] [vhost] [cloudfront] [Amazon Cloudfront,Amazon S3,Amazon Web Services] [a1edf9f3a8373708bb2f44a52b73ba74]
https://source.magisto.com [403] [GET] [application/xml] [] [AmazonS3] [vhost] [cloudfront] [Amazon Cloudfront,Amazon S3,Amazon Web Services] [cbedefe2bc3c8cd6ce0acac918491dc5]
https://static.magisto.com [403] [GET] [application/xml] [] [AmazonS3] [vhost] [cloudfront] [Amazon Cloudfront,Amazon S3,Amazon Web Services] [54bd3695ac5dead6527c95c211423d22]
https://static.magisto.com [403] [GET] [application/xml] [] [AmazonS3] [vhost] [cloudfront] [Amazon Cloudfront,Amazon S3,Amazon Web Services] [682189cff5c46eee24e3486df0587eed]
https://vimeo-b.magisto.com:2083 [429] [GET] [text/plain] [] [cloudflare] [vhost] [cloudflare] [Cloudflare,Cloudflare Bot Management] [1001b29d0cc03c0a5d1cd2567ed8ed94]
https://vimeo-b.magisto.com:2087 [429] [GET] [text/plain] [] [cloudflare] [vhost] [cloudflare] [Cloudflare,Cloudflare Bot Management] [1001b29d0cc03c0a5d1cd2567ed8ed94]
https://vimeo-b.magisto.com [403] [GET] [text/html] [Attention Required! | Cloudflare] [cloudflare] [vhost] [cloudflare] [Cloudflare,Cloudflare Bot Management] [d02b4870c8b2f94e1ab4289fe55c8150]
https://vimeo-b.magisto.com [429] [GET] [text/plain] [] [cloudflare] [vhost] [cloudflare] [Cloudflare,Cloudflare Bot Management] [1001b29d0cc03c0a5d1cd2567ed8ed94]
https://vimeo-b.magisto.com:8443 [429] [GET] [text/plain] [] [cloudflare] [vhost] [cloudflare] [Cloudflare,Cloudflare Bot Management] [1001b29d0cc03c0a5d1cd2567ed8ed94]
https://vimeo.magisto.com:2083 [429] [GET] [text/plain] [] [cloudflare] [vhost] [cloudflare] [Cloudflare,Cloudflare Bot Management] [1001b29d0cc03c0a5d1cd2567ed8ed94]
https://vimeo.magisto.com:2087 [429] [GET] [text/plain] [] [cloudflare] [vhost] [cloudflare] [Cloudflare,Cloudflare Bot Management] [1001b29d0cc03c0a5d1cd2567ed8ed94]
https://vimeo.magisto.com:2096 [429] [GET] [text/plain] [] [cloudflare] [vhost] [cloudflare] [Cloudflare,Cloudflare Bot Management] [1001b29d0cc03c0a5d1cd2567ed8ed94]
https://vimeo.magisto.com [301] [GET] [text/html] [] [cloudflare] [vhost] [cloudflare] [Cloudflare,Cloudflare Bot Management] [d41d8cd98f00b204e9800998ecf8427e]
https://vimeo.magisto.com:8443 [403] [GET] [text/html] [Attention Required! | Cloudflare] [cloudflare] [vhost] [cloudflare] [Cloudflare,Cloudflare Bot Management] [4600e0c2d3601352597814c8f07434ee]
https://www.magisto.com [429] [GET] [text/plain] [] [cloudflare] [vhost] [cloudflare] [Cloudflare,Cloudflare Bot Management] [1001b29d0cc03c0a5d1cd2567ed8ed94]
https://zendesk4.magisto.com:2053 [530] [GET] [text/html] [Origin DNS error | zendesk4.magisto.com | Cloudflare] [cloudflare] [vhost] [cloudflare] [Cloudflare] [a7b8435f44b3b9d36fb593f7436b5532]
https://zendesk4.magisto.com:2083 [530] [GET] [text/html] [Origin DNS error | zendesk4.magisto.com | Cloudflare] [cloudflare] [vhost] [cloudflare] [Cloudflare] [5b66cfd53a2406eaeed8f2d558fca4cb]
https://zendesk4.magisto.com:2087 [530] [GET] [text/html] [Origin DNS error | zendesk4.magisto.com | Cloudflare] [cloudflare] [vhost] [cloudflare] [Cloudflare] [8eb6ec21e9d6aa62c9927252cdd73d4d]
https://zendesk4.magisto.com [429] [GET] [text/plain] [] [cloudflare] [vhost] [cloudflare] [Cloudflare,Cloudflare Bot Management] [1001b29d0cc03c0a5d1cd2567ed8ed94]
https://zendesk4.magisto.com [530] [GET] [text/html] [Origin DNS error | zendesk4.magisto.com | Cloudflare] [cloudflare] [vhost] [cloudflare] [Cloudflare] [f5f922353cf8aceb24c2d82caa577c6a]
https://zendesk4.magisto.com:8443 [530] [GET] [text/html] [Origin DNS error | zendesk4.magisto.com | Cloudflare] [cloudflare] [vhost] [cloudflare] [Cloudflare] [f5b3e985d24c466e32674207e7b6f0a4]
http://zendesk4.magisto.com:2052 [429] [GET] [text/plain] [] [cloudflare] [vhost] [cloudflare] [Cloudflare,Cloudflare Bot Management] [1001b29d0cc03c0a5d1cd2567ed8ed94]
http://zendesk4.magisto.com:2082 [429] [GET] [text/plain] [] [cloudflare] [vhost] [cloudflare] [Cloudflare,Cloudflare Bot Management] [1001b29d0cc03c0a5d1cd2567ed8ed94]
http://zendesk4.magisto.com:2086 [429] [GET] [text/plain] [] [cloudflare] [vhost] [cloudflare] [Cloudflare,Cloudflare Bot Management] [1001b29d0cc03c0a5d1cd2567ed8ed94]
http://zendesk4.magisto.com:8080 [429] [GET] [text/plain] [] [cloudflare] [vhost] [cloudflare] [Cloudflare,Cloudflare Bot Management] [1001b29d0cc03c0a5d1cd2567ed8ed94]
http://zendesk4.magisto.com:8880 [429] [GET] [text/plain] [] [cloudflare] [vhost] [cloudflare] [Cloudflare,Cloudflare Bot Management] [1001b29d0cc03c0a5d1cd2567ed8ed94]
