http://ablink.insights.marcus.com:8080 [403] [GET] [text/plain] [] [cloudflare] [vhost] [cloudflare] [Cloudflare,Cloudflare Bot Management] [7b5ea53ba332630e5aca8e4abb807f70]
http://api.marcus.com:8080 [403] [GET] [text/plain] [] [cloudflare] [vhost] [cloudflare] [Cloudflare,Cloudflare Bot Management] [7b5ea53ba332630e5aca8e4abb807f70]
http://api.vendor.marcus.com:8080 [403] [GET] [text/plain] [] [cloudflare] [vhost] [cloudflare] [Cloudflare,Cloudflare Bot Management] [7b5ea53ba332630e5aca8e4abb807f70]
http://blue.api.marcus.com:8080 [403] [GET] [text/plain] [] [cloudflare] [vhost] [cloudflare] [Cloudflare,Cloudflare Bot Management] [7b5ea53ba332630e5aca8e4abb807f70]
http://blue.marcus.com:8080 [403] [GET] [text/plain] [] [cloudflare] [vhost] [cloudflare] [Cloudflare,Cloudflare Bot Management] [7b5ea53ba332630e5aca8e4abb807f70]
http://ca.e.marcus.com [403] [GET] [text/html] [403 Forbidden] [Apache] [Apache] [bb8f534fbff5ee61a95af9c4740ae043]
http://kpmg.invest.marcus.com [301] [GET] [] [] [AkamaiGHost] [vhost] [d41d8cd98f00b204e9800998ecf8427e]
http://marcus.com [301] [GET] [text/html] [] [] [vhost] [81051bcc2cf1bedf378224b0a93e2877]
https://ablink.insights.marcus.com [403] [GET] [text/plain] [] [cloudflare] [vhost] [cloudflare] [Cloudflare,Cloudflare Bot Management] [7b5ea53ba332630e5aca8e4abb807f70]
https://ablink.insights.marcus.com:8443 [403] [GET] [text/plain] [] [cloudflare] [vhost] [cloudflare] [Cloudflare,Cloudflare Bot Management] [7b5ea53ba332630e5aca8e4abb807f70]
https://aec-prod.acqueon.infra.marcus.com [403] [GET] [text/html] [ERROR: The request could not be satisfied] [CloudFront] [cloudfront] [Amazon Cloudfront,Amazon Web Services] [1c7f8153b26878109af9d66cd77a9e64]
https://aec-prod.acqueon.infra.marcus.com [403] [GET] [text/html] [ERROR: The request could not be satisfied] [CloudFront] [cloudfront] [Amazon Cloudfront,Amazon Web Services] [4ad3582cce1d7692dcbad8c330f94cd7]
https://aec-qa.acqueon.infra.marcus.com [403] [GET] [text/html] [ERROR: The request could not be satisfied] [CloudFront] [cloudfront] [Amazon Cloudfront,Amazon Web Services] [9ce3bedf77e541e5c2722266c6a0564d]
https://aec-qa.acqueon.infra.marcus.com [403] [GET] [text/html] [ERROR: The request could not be satisfied] [CloudFront] [cloudfront] [Amazon Cloudfront,Amazon Web Services] [cf613d5c754d241dd7da29962145c2e9]
https://agent.consumercloud.marcus.com [403] [GET] [text/html] [ERROR: The request could not be satisfied] [CloudFront] [cloudfront] [Amazon Cloudfront,Amazon Web Services] [aaf99025e7bffe860ae14b0c54205cf1]
https://agent.consumercloud.marcus.com [403] [GET] [text/html] [ERROR: The request could not be satisfied] [CloudFront] [cloudfront] [Amazon Cloudfront,Amazon Web Services] [bbf78b45746fd035780e0996a34b41b3]
https://akastg.api.marcus.com [403] [GET] [text/html] [Access Denied] [AkamaiGHost] [vhost] [0ab1cd79ce3084d0bfbe78de75dcce49]
https://akastg.api.marcus.com [403] [GET] [text/html] [Access Denied] [AkamaiGHost] [vhost] [5c7c360b7f51503c410f416e8e64bce0]
https://akastg.blue.api.marcus.com [403] [GET] [text/html] [Access Denied] [AkamaiGHost] [vhost] [83a8c9ba4d2232db69e027a0dad2b866]
https://akastg.blue.api.marcus.com [403] [GET] [text/html] [Access Denied] [AkamaiGHost] [vhost] [ebec234a6b5e9a7953121d71104dba39]
https://akastg.blue.marcus.com [403] [GET] [text/html] [Access Denied] [AkamaiGHost] [vhost] [1ede1d9a53c89279b62b6c36526a98d1]
https://akastg.blue.marcus.com [403] [GET] [text/html] [Access Denied] [AkamaiGHost] [vhost] [72d3fba81271579619ffca1a87913137]
https://akastg.www.marcus.com [403] [GET] [text/html] [Access Denied] [AkamaiGHost] [vhost] [6c5e60c0e53cf69ac241abada5f7bf6e]
https://akastg.www.marcus.com [403] [GET] [text/html] [Access Denied] [AkamaiGHost] [vhost] [7fdabf968cf8e5217b06ab4b0db806f4]
https://api.consumercloud.marcus.com [403] [GET] [text/html] [ERROR: The request could not be satisfied] [CloudFront] [cloudfront] [Amazon Cloudfront,Amazon Web Services] [32cd4617fa49164bb769d92b9188dc2c]
https://api.consumercloud.marcus.com [403] [GET] [text/html] [ERROR: The request could not be satisfied] [CloudFront] [cloudfront] [Amazon Cloudfront,Amazon Web Services] [7e44dd82a30be0eea800824db2737c29]
https://api.dev.consumercloud.marcus.com [403] [GET] [text/html] [ERROR: The request could not be satisfied] [CloudFront] [cloudfront] [Amazon Cloudfront,Amazon Web Services] [42aaa80af3059a9e02e6532a93ad69f4]
https://api.dev.consumercloud.marcus.com [403] [GET] [text/html] [ERROR: The request could not be satisfied] [CloudFront] [cloudfront] [Amazon Cloudfront,Amazon Web Services] [e347fa0bb233af7bb6032cef95b4a47a]
https://api.marcus.com [403] [GET] [text/plain] [] [cloudflare] [vhost] [cloudflare] [Cloudflare,Cloudflare Bot Management] [7b5ea53ba332630e5aca8e4abb807f70]
https://api.marcus.com:8443 [403] [GET] [text/plain] [] [cloudflare] [vhost] [cloudflare] [Cloudflare,Cloudflare Bot Management] [7b5ea53ba332630e5aca8e4abb807f70]
https://api.qa.consumercloud.marcus.com [403] [GET] [text/html] [ERROR: The request could not be satisfied] [CloudFront] [cloudfront] [Amazon Cloudfront,Amazon Web Services] [2dc9065376a0ab19ccce3eb2d13d3c53]
https://api.qa.consumercloud.marcus.com [403] [GET] [text/html] [ERROR: The request could not be satisfied] [CloudFront] [cloudfront] [Amazon Cloudfront,Amazon Web Services] [99f975e3b5f79a45e200089f133aaffe]
https://api.uat2.consumercloud.marcus.com [403] [GET] [text/html] [ERROR: The request could not be satisfied] [CloudFront] [cloudfront] [Amazon Cloudfront,Amazon Web Services] [3f15bf0ffc74f95b33421b9b416c61ba]
https://api.uat2.consumercloud.marcus.com [403] [GET] [text/html] [ERROR: The request could not be satisfied] [CloudFront] [cloudfront] [Amazon Cloudfront,Amazon Web Services] [d35315f210eba02f11d7e77303c3c2c0]
https://api.uat3.consumercloud.marcus.com [403] [GET] [text/html] [ERROR: The request could not be satisfied] [CloudFront] [cloudfront] [Amazon Cloudfront,Amazon Web Services] [49e814d1f0d41ea146219714baf97b30]
https://api.uat3.consumercloud.marcus.com [403] [GET] [text/html] [ERROR: The request could not be satisfied] [CloudFront] [cloudfront] [Amazon Cloudfront,Amazon Web Services] [61bd3ecc61ccd95e309f4e45f1303eaa]
https://api.uat.consumercloud.marcus.com [403] [GET] [text/html] [ERROR: The request could not be satisfied] [CloudFront] [cloudfront] [Amazon Cloudfront,Amazon Web Services] [87449047407a4ceb87d340290c86416c]
https://api.uat.consumercloud.marcus.com [403] [GET] [text/html] [ERROR: The request could not be satisfied] [CloudFront] [cloudfront] [Amazon Cloudfront,Amazon Web Services] [d32706690836c1df4303c8cca5b2e16c]
https://api.vendor.marcus.com [403] [GET] [text/plain] [] [cloudflare] [vhost] [cloudflare] [Cloudflare,Cloudflare Bot Management] [7b5ea53ba332630e5aca8e4abb807f70]
https://api.vendor.marcus.com:8443 [403] [GET] [text/plain] [] [cloudflare] [vhost] [cloudflare] [Cloudflare,Cloudflare Bot Management] [7b5ea53ba332630e5aca8e4abb807f70]
https://beta.invest.api.marcus.com [302] [GET] [text/html] [302 Found] [Apache] [vhost] [Apache] [5f1b8d6280634f889ceea4ff323c8786]
https://beta.invest.marcus.com [200] [GET] [text/html] [Honest Dollar] [Apache] [vhost] [Apache] [7a2eea4916ccfbca5fa353734a5c0239]
https://blue.api.marcus.com [403] [GET] [text/plain] [] [cloudflare] [vhost] [cloudflare] [Cloudflare,Cloudflare Bot Management] [7b5ea53ba332630e5aca8e4abb807f70]
https://blue.api.marcus.com:8443 [403] [GET] [text/plain] [] [cloudflare] [vhost] [cloudflare] [Cloudflare,Cloudflare Bot Management] [7b5ea53ba332630e5aca8e4abb807f70]
https://blue.marcus.com [403] [GET] [text/plain] [] [cloudflare] [vhost] [cloudflare] [Cloudflare,Cloudflare Bot Management] [7b5ea53ba332630e5aca8e4abb807f70]
https://blue.marcus.com:8443 [403] [GET] [text/plain] [] [cloudflare] [vhost] [cloudflare] [Cloudflare,Cloudflare Bot Management] [7b5ea53ba332630e5aca8e4abb807f70]
https://ca.e.marcus.com [403] [GET] [text/html] [403 Forbidden] [Apache] [Apache] [bb8f534fbff5ee61a95af9c4740ae043]
https://click.marcus.com [301] [GET] [text/html] [] [nginx] [vhost] [Nginx] [d41d8cd98f00b204e9800998ecf8427e]
https://consumer.communications.marcus.com [403] [GET] [text/html] [ERROR: The request could not be satisfied] [CloudFront] [cloudfront] [Amazon Cloudfront,Amazon Web Services] [58183d65d9c0d7655c4297d823dbd8a6]
https://consumer.communications.marcus.com [403] [GET] [text/html] [ERROR: The request could not be satisfied] [CloudFront] [cloudfront] [Amazon Cloudfront,Amazon Web Services] [ce24135da8695e148e0d8b91c4c822aa]
https://e.e.marcus.com [200] [GET] [text/html] [] [Apache] [Apache] [c3a32d45b895d58a98eb2fc98aed08d8]
https://images.e.marcus.com [403] [GET] [application/xml] [] [AmazonS3] [vhost] [cloudfront] [Amazon Cloudfront,Amazon S3,Amazon Web Services] [7aa835765c42392c7db17296b5d59e83]
https://images.e.marcus.com [403] [GET] [application/xml] [] [AmazonS3] [vhost] [cloudfront] [Amazon Cloudfront,Amazon S3,Amazon Web Services] [fa1c8e88c31147308682646aa41eb78a]
https://invest.api.marcus.com [302] [GET] [text/html] [302 Found] [Apache] [vhost] [Apache] [5f1b8d6280634f889ceea4ff323c8786]
https://invest.marcus.com [302] [GET] [text/html] [302 Found] [Apache] [vhost] [Apache] [5f1b8d6280634f889ceea4ff323c8786]
https://kpmg.invest.api.marcus.com [200] [GET] [text/html] [Marcus] [AkamaiNetStorage] [vhost] [40159c01799c849c2314cc2da4ddcad8]
https://login.marcus.com [403] [GET] [text/html] [Error] [Apache] [Apache] [e73aec16403ddabcffb1e84c75c50a9d]
https://metrics.marcus.com [200] [GET] [] [] [jag] [d41d8cd98f00b204e9800998ecf8427e]
https://patuat.corecredit.cc-pod2.infra.marcus.com [403] [GET] [text/html] [ERROR: The request could not be satisfied] [CloudFront] [cloudfront] [Amazon Cloudfront,Amazon Web Services] [9b345d0b6f1ad974d25ae24191972a92]
https://patuat.corecredit.cc-pod2.infra.marcus.com [403] [GET] [text/html] [ERROR: The request could not be satisfied] [CloudFront] [cloudfront] [Amazon Cloudfront,Amazon Web Services] [bae5c726aaac20a9a50e4c21104140a1]
https://pfm.marcus.com [403] [GET] [text/html] [ERROR: The request could not be satisfied] [CloudFront] [cloudfront] [Amazon Cloudfront,Amazon Web Services] [10d29bf79e493ce1ce4e308e8fad5ce1]
https://pfm.marcus.com [403] [GET] [text/html] [ERROR: The request could not be satisfied] [CloudFront] [cloudfront] [Amazon Cloudfront,Amazon Web Services] [9e019e96a2b46d797b141be257805988]
https://pilot.invest.api.marcus.com [302] [GET] [text/html] [302 Found] [Apache] [vhost] [Apache] [5f1b8d6280634f889ceea4ff323c8786]
https://pilot.invest.marcus.com [403] [GET] [text/html] [Access Denied] [AkamaiGHost] [vhost] [25a8447b405232fe66f1be93f63d67f3]
https://pilot.invest.marcus.com [403] [GET] [text/html] [Access Denied] [AkamaiGHost] [vhost] [fd28d241adf3509505604efd7fcbea71]
https://post.tw.marcus.com [200] [GET] [] [] [] [d41d8cd98f00b204e9800998ecf8427e]
https://preprod.consumer.communications.marcus.com [403] [GET] [text/html] [ERROR: The request could not be satisfied] [CloudFront] [cloudfront] [Amazon Cloudfront,Amazon Web Services] [a42d441e7ac9a7f40306b6280b5ffe72]
https://preprod.consumer.communications.marcus.com [403] [GET] [text/html] [ERROR: The request could not be satisfied] [CloudFront] [cloudfront] [Amazon Cloudfront,Amazon Web Services] [e8992f219e0e9f1bc83877e87090d9ab]
https://prod-wallboard.emite.infra.marcus.com [503] [GET] [text/html] [503 Service Temporarily Unavailable] [awselb/2.0] [81df4d3863debf3eceb5cf84251fd472]
https://smetrics.marcus.com [200] [GET] [] [] [jag] [d41d8cd98f00b204e9800998ecf8427e]
https://s.tw.marcus.com [200] [GET] [] [] [] [d41d8cd98f00b204e9800998ecf8427e]
https://tw.marcus.com [200] [GET] [] [] [] [d41d8cd98f00b204e9800998ecf8427e]
https://vendor.marcus.com [403] [GET] [text/plain] [] [cloudflare] [vhost] [cloudflare] [Cloudflare,Cloudflare Bot Management] [7b5ea53ba332630e5aca8e4abb807f70]
https://vendor.marcus.com:8443 [403] [GET] [text/plain] [] [cloudflare] [vhost] [cloudflare] [Cloudflare,Cloudflare Bot Management] [7b5ea53ba332630e5aca8e4abb807f70]
https://view.e.marcus.com [301] [GET] [text/html] [301 Moved Permanently] [awselb/2.0] [4aa7a432bb447f094408f1bd6229c605]
https://v.marcus.com [400] [GET] [text/html] [] [Apache] [Apache] [825644f747baab2c00e420dbbc39e4b3]
https://www.marcus.com [403] [GET] [text/plain] [] [cloudflare] [vhost] [cloudflare] [Cloudflare,Cloudflare Bot Management] [7b5ea53ba332630e5aca8e4abb807f70]
https://www.marcus.com:8443 [403] [GET] [text/plain] [] [cloudflare] [vhost] [cloudflare] [Cloudflare,Cloudflare Bot Management] [7b5ea53ba332630e5aca8e4abb807f70]
http://vendor.marcus.com:8080 [403] [GET] [text/plain] [] [cloudflare] [vhost] [cloudflare] [Cloudflare,Cloudflare Bot Management] [7b5ea53ba332630e5aca8e4abb807f70]
http://www.marcus.com:8080 [403] [GET] [text/plain] [] [cloudflare] [vhost] [cloudflare] [Cloudflare,Cloudflare Bot Management] [7b5ea53ba332630e5aca8e4abb807f70]
