http://api.marsecosystem.com:2083 [400] [GET] [text/html] [400 The plain HTTP request was sent to HTTPS port] [cloudflare] [cloudflare] [Cloudflare] [20ad84d030031252141ca0b3fc0183f0]
http://api.marsecosystem.com:2087 [400] [GET] [text/html] [400 The plain HTTP request was sent to HTTPS port] [cloudflare] [cloudflare] [Cloudflare] [20ad84d030031252141ca0b3fc0183f0]
http://api.marsecosystem.com:2096 [400] [GET] [text/html] [400 The plain HTTP request was sent to HTTPS port] [cloudflare] [cloudflare] [Cloudflare] [20ad84d030031252141ca0b3fc0183f0]
http://api.marsecosystem.com:8443 [400] [GET] [text/html] [400 The plain HTTP request was sent to HTTPS port] [cloudflare] [cloudflare] [Cloudflare] [cd58783500d7fa3c58f88eb0ba22f4f8]
http://app.marsecosystem.com:2083 [400] [GET] [text/html] [400 The plain HTTP request was sent to HTTPS port] [cloudflare] [cloudflare] [Cloudflare] [cd58783500d7fa3c58f88eb0ba22f4f8]
http://app.marsecosystem.com:2087 [400] [GET] [text/html] [400 The plain HTTP request was sent to HTTPS port] [cloudflare] [cloudflare] [Cloudflare] [cd58783500d7fa3c58f88eb0ba22f4f8]
http://app.marsecosystem.com:2096 [400] [GET] [text/html] [400 The plain HTTP request was sent to HTTPS port] [cloudflare] [cloudflare] [Cloudflare] [cd58783500d7fa3c58f88eb0ba22f4f8]
http://docs.marsecosystem.com:2082 [302] [GET] [] [] [cloudflare] [vhost] [cloudflare] [Cloudflare] [d41d8cd98f00b204e9800998ecf8427e]
http://docs.marsecosystem.com:2086 [302] [GET] [] [] [cloudflare] [vhost] [cloudflare] [Cloudflare] [d41d8cd98f00b204e9800998ecf8427e]
http://docs.marsecosystem.com:8080 [302] [GET] [] [] [cloudflare] [vhost] [cloudflare] [Cloudflare] [d41d8cd98f00b204e9800998ecf8427e]
http://docs.marsecosystem.com:8880 [302] [GET] [] [] [cloudflare] [vhost] [cloudflare] [Cloudflare] [d41d8cd98f00b204e9800998ecf8427e]
http://marsecosystem.com:2083 [400] [GET] [text/html] [400 The plain HTTP request was sent to HTTPS port] [cloudflare] [cloudflare] [Cloudflare] [cd58783500d7fa3c58f88eb0ba22f4f8]
http://marsecosystem.com:2087 [400] [GET] [text/html] [400 The plain HTTP request was sent to HTTPS port] [cloudflare] [cloudflare] [Cloudflare] [20ad84d030031252141ca0b3fc0183f0]
http://marsecosystem.com:2096 [400] [GET] [text/html] [400 The plain HTTP request was sent to HTTPS port] [cloudflare] [cloudflare] [Cloudflare] [20ad84d030031252141ca0b3fc0183f0]
http://marsecosystem.com:8443 [400] [GET] [text/html] [400 The plain HTTP request was sent to HTTPS port] [cloudflare] [cloudflare] [Cloudflare] [cd58783500d7fa3c58f88eb0ba22f4f8]
http://raw-github.marsecosystem.com:2082 [403] [GET] [text/plain] [] [cloudflare] [vhost] [cloudflare] [Cloudflare,Cloudflare Network Error Logging] [7b5ea53ba332630e5aca8e4abb807f70]
http://raw-github.marsecosystem.com:2086 [403] [GET] [text/plain] [] [cloudflare] [vhost] [cloudflare] [Cloudflare,Cloudflare Network Error Logging] [7b5ea53ba332630e5aca8e4abb807f70]
http://raw-github.marsecosystem.com:8080 [403] [GET] [text/plain] [] [cloudflare] [vhost] [cloudflare] [Cloudflare,Cloudflare Network Error Logging] [7b5ea53ba332630e5aca8e4abb807f70]
http://raw-github.marsecosystem.com:8880 [403] [GET] [text/plain] [] [cloudflare] [vhost] [cloudflare] [Cloudflare,Cloudflare Network Error Logging] [7b5ea53ba332630e5aca8e4abb807f70]
https://api.marsecosystem.com [404] [GET] [application/json] [] [cloudflare] [vhost] [cloudflare] [Cloudflare,Cloudflare Network Error Logging,Express,Node.js] [093206c775ab5f7ce396f1b67fcae5bb]
https://app.marsecosystem.com [200] [GET] [text/html] [Mars Ecosystem] [cloudflare] [vhost] [cloudflare] [Cloudflare,Cloudflare Network Error Logging] [e5f7913d3fee6d362b09b7d5d5f5d3dd]
https://docs.marsecosystem.com [200] [GET] [text/html] [Mars Ecosystem: Decentralized Stablecoin Ecosystem - Mars Ecosystem] [cloudflare] [vhost] [cloudflare] [Algolia,Cloudflare,Google Cloud,Google Cloud Trace,React] [1b291316be6592cd4e86390a16cd3630]
https://docs.marsecosystem.com:2053 [200] [GET] [text/html] [Mars Ecosystem: Decentralized Stablecoin Ecosystem - Mars Ecosystem] [cloudflare] [vhost] [cloudflare] [Algolia,Cloudflare,Google Cloud,Google Cloud Trace,React] [dcc9fb59c2085bda39e3f7d52e0ffee9]
https://docs.marsecosystem.com:2083 [200] [GET] [text/html] [Mars Ecosystem: Decentralized Stablecoin Ecosystem - Mars Ecosystem] [cloudflare] [vhost] [cloudflare] [Algolia,Cloudflare,Google Cloud,Google Cloud Trace,React] [e84cafef070055745a87064b1ad4fb3b]
https://docs.marsecosystem.com:2087 [200] [GET] [text/html] [Mars Ecosystem: Decentralized Stablecoin Ecosystem - Mars Ecosystem] [cloudflare] [vhost] [cloudflare] [Algolia,Cloudflare,Google Cloud,Google Cloud Trace,React] [a681472c3e8904c9e7e5ec9d1b9de2cf]
https://docs.marsecosystem.com:8443 [200] [GET] [text/html] [Mars Ecosystem: Decentralized Stablecoin Ecosystem - Mars Ecosystem] [cloudflare] [vhost] [cloudflare] [Algolia,Cloudflare,Google Cloud,Google Cloud Trace,React] [95a75c65c0ceb638e0f17559db856340]
https://marsecosystem.com [200] [GET] [text/html] [Mars Ecosystem | USDM, XMS, swap, DeFi's reserve currency,Decentralized Stablecoin] [cloudflare] [vhost] [cloudflare] [Cloudflare,Cloudflare Network Error Logging] [ec1832d39ba51cc85d8a16ea1e027997]
https://raw-github.marsecosystem.com:2083 [403] [GET] [text/plain] [] [cloudflare] [vhost] [cloudflare] [Cloudflare,Cloudflare Network Error Logging] [7b5ea53ba332630e5aca8e4abb807f70]
https://raw-github.marsecosystem.com:2087 [403] [GET] [text/plain] [] [cloudflare] [vhost] [cloudflare] [Cloudflare,Cloudflare Network Error Logging] [7b5ea53ba332630e5aca8e4abb807f70]
https://raw-github.marsecosystem.com:2096 [403] [GET] [text/plain] [] [cloudflare] [vhost] [cloudflare] [Cloudflare,Cloudflare Network Error Logging] [7b5ea53ba332630e5aca8e4abb807f70]
https://raw-github.marsecosystem.com [403] [GET] [text/plain] [] [cloudflare] [vhost] [cloudflare] [Cloudflare,Cloudflare Network Error Logging] [7b5ea53ba332630e5aca8e4abb807f70]
https://swap.marsecosystem.com [200] [GET] [text/html] [Mars Ecosystem] [cloudflare] [vhost] [cloudflare] [Cloudflare,Cloudflare Network Error Logging] [e5f7913d3fee6d362b09b7d5d5f5d3dd]
https://swap.marsecosystem.com [403] [GET] [text/plain] [] [cloudflare] [vhost] [cloudflare] [Cloudflare,Cloudflare Network Error Logging] [4f20b85ce5ebf225720e040314a7966a]
https://testapp.marsecosystem.com [200] [GET] [text/html] [Mars Ecosystem] [cloudflare] [vhost] [cloudflare] [Cloudflare,Cloudflare Network Error Logging] [7150e857a5b30ffa82d859e145c127c9]
https://test.marsecosystem.com [200] [GET] [text/html] [Mars Ecosystem | USDM, XMS, swap, DeFi's reserve currency,Decentralized Stablecoin] [cloudflare] [vhost] [cloudflare] [Cloudflare,Cloudflare Network Error Logging] [ec1832d39ba51cc85d8a16ea1e027997]
http://swap.marsecosystem.com:2083 [400] [GET] [text/html] [400 The plain HTTP request was sent to HTTPS port] [cloudflare] [cloudflare] [Cloudflare] [20ad84d030031252141ca0b3fc0183f0]
http://swap.marsecosystem.com:2087 [400] [GET] [text/html] [400 The plain HTTP request was sent to HTTPS port] [cloudflare] [cloudflare] [Cloudflare] [20ad84d030031252141ca0b3fc0183f0]
http://swap.marsecosystem.com:2096 [400] [GET] [text/html] [400 The plain HTTP request was sent to HTTPS port] [cloudflare] [cloudflare] [Cloudflare] [20ad84d030031252141ca0b3fc0183f0]
https://www.marsecosystem.com [200] [GET] [text/html] [Mars Ecosystem | USDM, XMS, swap, DeFi's reserve currency,Decentralized Stablecoin] [cloudflare] [vhost] [cloudflare] [Cloudflare,Cloudflare Network Error Logging] [ec1832d39ba51cc85d8a16ea1e027997]
http://testapp.marsecosystem.com:2083 [400] [GET] [text/html] [400 The plain HTTP request was sent to HTTPS port] [cloudflare] [cloudflare] [Cloudflare] [20ad84d030031252141ca0b3fc0183f0]
http://testapp.marsecosystem.com:2087 [400] [GET] [text/html] [400 The plain HTTP request was sent to HTTPS port] [cloudflare] [cloudflare] [Cloudflare] [20ad84d030031252141ca0b3fc0183f0]
http://testapp.marsecosystem.com:2096 [400] [GET] [text/html] [400 The plain HTTP request was sent to HTTPS port] [cloudflare] [cloudflare] [Cloudflare] [cd58783500d7fa3c58f88eb0ba22f4f8]
http://testapp.marsecosystem.com:8443 [400] [GET] [text/html] [400 The plain HTTP request was sent to HTTPS port] [cloudflare] [cloudflare] [Cloudflare] [cd58783500d7fa3c58f88eb0ba22f4f8]
http://test.marsecosystem.com:2083 [400] [GET] [text/html] [400 The plain HTTP request was sent to HTTPS port] [cloudflare] [cloudflare] [Cloudflare] [cd58783500d7fa3c58f88eb0ba22f4f8]
http://test.marsecosystem.com:2087 [400] [GET] [text/html] [400 The plain HTTP request was sent to HTTPS port] [cloudflare] [cloudflare] [Cloudflare] [20ad84d030031252141ca0b3fc0183f0]
http://test.marsecosystem.com:2096 [400] [GET] [text/html] [400 The plain HTTP request was sent to HTTPS port] [cloudflare] [cloudflare] [Cloudflare] [20ad84d030031252141ca0b3fc0183f0]
http://test.marsecosystem.com:8443 [400] [GET] [text/html] [400 The plain HTTP request was sent to HTTPS port] [cloudflare] [cloudflare] [Cloudflare] [20ad84d030031252141ca0b3fc0183f0]
http://www.marsecosystem.com:2083 [400] [GET] [text/html] [400 The plain HTTP request was sent to HTTPS port] [cloudflare] [cloudflare] [Cloudflare] [20ad84d030031252141ca0b3fc0183f0]
http://www.marsecosystem.com:2087 [400] [GET] [text/html] [400 The plain HTTP request was sent to HTTPS port] [cloudflare] [cloudflare] [Cloudflare] [20ad84d030031252141ca0b3fc0183f0]
http://www.marsecosystem.com:2096 [400] [GET] [text/html] [400 The plain HTTP request was sent to HTTPS port] [cloudflare] [cloudflare] [Cloudflare] [cd58783500d7fa3c58f88eb0ba22f4f8]
