http://api.faucet.matic.network:2087 [400] [GET] [text/html] [400 The plain HTTP request was sent to HTTPS port] [cloudflare] [cloudflare] [Cloudflare] [cd58783500d7fa3c58f88eb0ba22f4f8]
http://api-test.faucet.matic.network:2053 [400] [GET] [text/html] [400 The plain HTTP request was sent to HTTPS port] [cloudflare] [cloudflare] [Cloudflare] [20ad84d030031252141ca0b3fc0183f0]
http://api-test.faucet.matic.network:2083 [400] [GET] [text/html] [400 The plain HTTP request was sent to HTTPS port] [cloudflare] [cloudflare] [Cloudflare] [20ad84d030031252141ca0b3fc0183f0]
http://api-test.faucet.matic.network:2087 [400] [GET] [text/html] [400 The plain HTTP request was sent to HTTPS port] [cloudflare] [cloudflare] [Cloudflare] [20ad84d030031252141ca0b3fc0183f0]
http://api-test.faucet.matic.network:8443 [400] [GET] [text/html] [400 The plain HTTP request was sent to HTTPS port] [cloudflare] [cloudflare] [Cloudflare] [20ad84d030031252141ca0b3fc0183f0]
http://forum.matic.network:2086 [301] [GET] [] [] [cloudflare] [vhost] [cloudflare] [Cloudflare,Cloudflare Network Error Logging] [d41d8cd98f00b204e9800998ecf8427e]
http://forum.matic.network:8080 [301] [GET] [] [] [cloudflare] [vhost] [cloudflare] [Cloudflare,Cloudflare Network Error Logging] [d41d8cd98f00b204e9800998ecf8427e]
http://forum.matic.network:8880 [301] [GET] [] [] [cloudflare] [vhost] [cloudflare] [Cloudflare,Cloudflare Network Error Logging] [d41d8cd98f00b204e9800998ecf8427e]
http://jenkins.matic.network [301] [GET] [text/html] [301 Moved Permanently] [nginx/1.14.0 (Ubuntu)] [vhost] [Nginx:1.14.0,Ubuntu] [ec0f2d6d8da7997a10f72a2537729e59]
https://airdrop-api.matic.network [404] [GET] [application/json] [] [nginx/1.14.0 (Ubuntu)] [vhost] [Express,Nginx:1.14.0,Node.js,Ubuntu] [8981ac6edddb05c684624bcb6ef62c59]
https://api.faucet.matic.network [404] [GET] [application/json] [] [cloudflare] [vhost] [cloudflare] [Cloudflare,Cloudflare Network Error Logging,Express,Node.js] [8981ac6edddb05c684624bcb6ef62c59]
https://apis.matic.network [200] [GET] [application/json] [] [nginx/1.14.0 (Ubuntu)] [vhost] [cloudfront] [Amazon Cloudfront,Amazon Web Services,Express,Nginx:1.14.0,Node.js,Ubuntu] [23d3b18cc7642018d6870af1660dc1c8]
https://api-test.faucet.matic.network [404] [GET] [application/json] [] [cloudflare] [vhost] [cloudflare] [Cloudflare,Cloudflare Network Error Logging,Express,Node.js] [8981ac6edddb05c684624bcb6ef62c59]
https://blog.matic.network [302] [GET] [] [] [CloudFront] [vhost] [cloudfront] [Amazon Cloudfront,Amazon Web Services] [d41d8cd98f00b204e9800998ecf8427e]
https://bridge-api.matic.network [404] [GET] [text/plain] [] [nginx/1.14.0 (Ubuntu)] [Nginx:1.14.0,Ubuntu] [53af239ee5d3e261545dededcb6ffd57]
https://bridge-api-node.matic.network [404] [GET] [application/json] [] [nginx/1.14.0 (Ubuntu)] [Express,Nginx:1.14.0,Node.js,Ubuntu] [8981ac6edddb05c684624bcb6ef62c59]
https://docs.matic.network [302] [GET] [] [] [CloudFront] [vhost] [cloudfront] [Amazon Cloudfront,Amazon Web Services] [d41d8cd98f00b204e9800998ecf8427e]
https://faucet.matic.network [302] [GET] [] [] [CloudFront] [vhost] [cloudfront] [Amazon Cloudfront,Amazon Web Services] [d41d8cd98f00b204e9800998ecf8427e]
https://forum.matic.network:2053 [301] [GET] [] [] [cloudflare] [vhost] [cloudflare] [Cloudflare,Cloudflare Network Error Logging] [d41d8cd98f00b204e9800998ecf8427e]
https://forum.matic.network:2083 [301] [GET] [] [] [cloudflare] [vhost] [cloudflare] [Cloudflare,Cloudflare Network Error Logging] [d41d8cd98f00b204e9800998ecf8427e]
https://forum.matic.network:2087 [301] [GET] [] [] [cloudflare] [vhost] [cloudflare] [Cloudflare,Cloudflare Network Error Logging] [d41d8cd98f00b204e9800998ecf8427e]
https://forum.matic.network [301] [GET] [] [] [cloudflare] [vhost] [cloudflare] [Cloudflare,Cloudflare Network Error Logging] [d41d8cd98f00b204e9800998ecf8427e]
https://forum.matic.network:8443 [301] [GET] [] [] [cloudflare] [vhost] [cloudflare] [Cloudflare,Cloudflare Network Error Logging] [d41d8cd98f00b204e9800998ecf8427e]
https://gasstation-mainnet.matic.network [200] [GET] [application/json] [] [] [vhost] [cloudfront] [Amazon Cloudfront,Amazon Web Services,Express,Node.js] [948e992bfac78798ba93efa3a3795f46]
https://heimdall.api.matic.network [404] [GET] [text/plain] [] [nginx/1.14.0 (Ubuntu)] [vhost] [cloudfront] [Amazon Cloudfront,Amazon Web Services,Nginx:1.14.0,Ubuntu] [595e88012a6521aae3e12cbebe76eb9e]
https://matic.network [302] [GET] [] [] [CloudFront] [vhost] [cloudfront] [Amazon Cloudfront,Amazon Web Services] [d41d8cd98f00b204e9800998ecf8427e]
https://mnt.matic.network [404] [GET] [application/json] [] [nginx/1.14.0 (Ubuntu)] [Express,Nginx:1.14.0,Node.js,Ubuntu] [8981ac6edddb05c684624bcb6ef62c59]
https://polygon-withdraw.matic.network [302] [GET] [] [] [CloudFront] [vhost] [cloudfront] [Amazon Cloudfront,Amazon Web Services] [d41d8cd98f00b204e9800998ecf8427e]
https://rpc-mainnet.matic.network [403] [GET] [text/html] [403 Forbidden] [nginx/1.18.0 (Ubuntu)] [vhost] [cloudfront] [Amazon Cloudfront,Amazon Web Services,Nginx:1.18.0,Ubuntu] [2e40045efe5134ada9942798c090d269]
https://rpc-mainnet.matic.network [404] [GET] [text/plain] [] [nginx/1.18.0 (Ubuntu)] [vhost] [cloudfront] [Amazon Cloudfront,Amazon Web Services,Nginx:1.18.0,Ubuntu] [595e88012a6521aae3e12cbebe76eb9e]
https://sentinel.matic.network [404] [GET] [application/json] [] [nginx/1.18.0 (Ubuntu)] [vhost] [cloudfront] [Amazon Cloudfront,Amazon Web Services,Express,Nginx:1.18.0,Node.js,Ubuntu] [8981ac6edddb05c684624bcb6ef62c59]
https://static.matic.network [403] [GET] [application/xml] [] [AmazonS3] [vhost] [cloudfront] [Amazon Cloudfront,Amazon S3,Amazon Web Services] [f39e979aa61023d22ebb7314bab32d37]
https://torus-node.matic.network [404] [GET] [text/plain] [] [nginx/1.21.6] [Nginx:1.21.6] [595e88012a6521aae3e12cbebe76eb9e]
https://wallet-asset.matic.network [200] [GET] [text/html] [Document] [AmazonS3] [vhost] [cloudfront] [Amazon Cloudfront,Amazon S3,Amazon Web Services] [3bd346e7b799a306b749455fb02ad515]
https://wallet.matic.network [302] [GET] [] [] [CloudFront] [vhost] [cloudfront] [Amazon Cloudfront,Amazon Web Services] [d41d8cd98f00b204e9800998ecf8427e]
https://wallet-support.matic.network [302] [GET] [] [] [CloudFront] [vhost] [cloudfront] [Amazon Cloudfront,Amazon Web Services] [d41d8cd98f00b204e9800998ecf8427e]
https://wallet-test.matic.network [200] [GET] [text/html] [Polygon Web Wallet v2] [nginx/1.14.0 (Ubuntu)] [vhost] [Nginx:1.14.0,Node.js,Nuxt.js,Ubuntu,Vue.js] [5ced9b280106ce0a66da99941bb2dd45]
https://wallet-v1.matic.network [302] [GET] [] [] [CloudFront] [vhost] [cloudfront] [Amazon Cloudfront,Amazon Web Services] [d41d8cd98f00b204e9800998ecf8427e]
https://webhooks.dagger.matic.network [502] [GET] [text/html] [502 Bad Gateway] [nginx/1.10.3 (Ubuntu)] [Nginx:1.10.3,Ubuntu] [4ae7efd0f1dede8b3d301283f0a25252]
https://ws-mainnet.matic.network [404] [GET] [] [] [] [vhost] [cloudfront] [Amazon Cloudfront,Amazon Web Services] [d41d8cd98f00b204e9800998ecf8427e]
https://www.blog.matic.network [301] [GET] [text/html] [301 Moved Permanently] [nginx/1.10.3 (Ubuntu)] [vhost] [Nginx:1.10.3,Ubuntu] [a718c83022dda2cc03813d97ea9f3a9a]
https://www.matic.network [302] [GET] [] [] [CloudFront] [vhost] [cloudfront] [Amazon Cloudfront,Amazon Web Services] [d41d8cd98f00b204e9800998ecf8427e]
https://www.webhooks.dagger.matic.network [301] [GET] [text/html] [301 Moved Permanently] [nginx/1.10.3 (Ubuntu)] [vhost] [Nginx:1.10.3,Ubuntu] [a718c83022dda2cc03813d97ea9f3a9a]
