http://device.miwifi.com [302] [GET] [text/plain] [] [Tengine] [vhost] [Tengine] [d41d8cd98f00b204e9800998ecf8427e]
http://eu.bigota.miwifi.com:8001 [400] [GET] [application/octet-stream] [] [nginx] [vhost] [Nginx] [c86d8d7b07f00deef6c293c403f31a55]
http://eu.bigota.miwifi.com:8080 [400] [GET] [application/octet-stream] [] [nginx] [vhost] [Nginx] [cb080adcf811fa50096511df2fc3c186]
http://eu.bigota.miwifi.com:8081 [400] [GET] [application/octet-stream] [] [nginx] [vhost] [Nginx] [bb54480efa25b341f76972c0e89192c8]
http://eu.bigota.miwifi.com:8088 [400] [GET] [application/octet-stream] [] [nginx] [vhost] [Nginx] [b0750e713e862e84b8c9db6848afc612]
http://eu.bigota.miwifi.com:8089 [400] [GET] [application/octet-stream] [] [nginx] [vhost] [Nginx] [b0750e713e862e84b8c9db6848afc612]
http://eu.bigota.miwifi.com:8090 [400] [GET] [application/octet-stream] [] [nginx] [vhost] [Nginx] [b0750e713e862e84b8c9db6848afc612]
http://eu.bigota.miwifi.com:8099 [400] [GET] [application/octet-stream] [] [nginx] [vhost] [Nginx] [b0750e713e862e84b8c9db6848afc612]
http://proxy.miwifi.com [403] [GET] [text/html] [403 Forbidden] [Tengine] [Tengine] [e5e693614574c42e9539d76f3bfe898e]
https://api.miwifi.com [403] [GET] [text/html] [403 Forbidden] [Tengine] [Tengine] [17a71982722386658c8fa851218c2d47]
https://api.miwifi.com [403] [GET] [text/html] [403 Forbidden] [Tengine] [Tengine] [4d16307a36e0bf5a1d64f50296e4b68c]
https://app.miwifi.com [403] [GET] [text/html] [403 Forbidden] [Tengine] [Tengine] [644fc0e3a57b4af4ddd619694af6a796]
https://app.miwifi.com [403] [GET] [text/html] [403 Forbidden] [Tengine] [Tengine] [aaae1d816febc706cee811df7afcd935]
https://bigota.miwifi.com [200] [GET] [text/html] [Welcome to tengine!] [Tengine] [vhost] [Tengine] [4d527c4a0d8c71c830aac879ce1a340b]
https://broker.miwifi.com [400] [GET] [application/octet-stream] [] [Tengine] [vhost] [Tengine] [08da74d50d8396b18500cc5411df7a8c]
https://broker.miwifi.com [400] [GET] [application/octet-stream] [] [Tengine] [vhost] [Tengine] [19d45edd09b9a4f56f97733d7fa52ba5]
https://d.miwifi.com [403] [GET] [text/html] [403 Forbidden] [Tengine] [Tengine] [7c84b514df99b72d8b3e66aac05fa90d]
https://d.miwifi.com [403] [GET] [text/html] [403 Forbidden] [Tengine] [Tengine] [aedeebbb42cd918d1ee96a0ae7b1cee2]
https://eu.api.miwifi.com [404] [GET] [text/html] [404 Not Found] [Tengine] [vhost] [Tengine] [8e1ab6d0065eb5edd6965bfa361bc2dc]
https://eu.bigota.miwifi.com [400] [GET] [application/octet-stream] [] [nginx] [vhost] [Nginx] [7787f4d3c635c79098c4e4800dd545af]
https://eu.bigota.miwifi.com [400] [GET] [application/octet-stream] [] [nginx] [vhost] [Nginx] [d04cc449ed3bb44c52440dc5eaa92893]
https://eu.bigota.miwifi.com:8051 [403] [GET] [text/html] [403 Forbidden] [kngx/1.10.2] [46656e81abde8960ee1a7274ee3115b2]
https://eu.bigota.miwifi.com:8069 [403] [GET] [text/html] [403 Forbidden] [kngx/1.10.2] [f03f6374032e5b8a45972d62fdda96a0]
https://eu.bigota.miwifi.com:8443 [400] [GET] [application/octet-stream] [] [nginx] [vhost] [Nginx] [d04cc449ed3bb44c52440dc5eaa92893]
https://eu.broker.miwifi.com [400] [GET] [application/octet-stream] [] [nginx] [vhost] [Nginx] [39b8efc6589f435c479affc0fcd5368c]
https://eu.broker.miwifi.com [400] [GET] [application/octet-stream] [] [nginx] [vhost] [Nginx] [a9f2fe7ecdfe36fea8e84f317a537aee]
https://htp.miwifi.com [403] [GET] [text/html] [403 Forbidden] [Tengine] [Tengine] [041b4ec3e1644d26402c4077f63f1d0c]
https://htp.miwifi.com [403] [GET] [text/html] [403 Forbidden] [Tengine] [Tengine] [d3daf9c7b373c69cb5b5e5e4775285d9]
https://in.api.miwifi.com [404] [GET] [text/html] [404 Not Found] [Tengine] [vhost] [Tengine] [8e1ab6d0065eb5edd6965bfa361bc2dc]
https://in.broker.miwifi.com [400] [GET] [application/octet-stream] [] [nginx] [vhost] [Nginx] [89bdd630f7d70993da899d837bc44f6e]
https://in.broker.miwifi.com [400] [GET] [application/octet-stream] [] [nginx] [vhost] [Nginx] [ee417197bdc662d351f5eab10f397d91]
https://in.log.miwifi.com [403] [GET] [text/html] [403 Forbidden] [Tengine] [Tengine] [3e64b2e7ed877d737d33445ae72cfd7a]
https://in.log.miwifi.com [403] [GET] [text/html] [403 Forbidden] [Tengine] [Tengine] [7bac30dc62ff5516cbb3da22e2096e09]
https://log.miwifi.com [403] [GET] [text/html] [403 Forbidden] [Tengine] [Tengine] [c06e9fc786e93cc4b01dd534b3f7e16a]
https://miwifi.com [200] [GET] [text/html] [MiWiFi – 小米路由器官网] [Tengine] [vhost] [Tengine] [0a9582d1a81f9f2e20a56ec371b7608f]
https://orig.bigota.miwifi.com [200] [GET] [text/html] [Welcome to tengine!] [Tengine] [Tengine] [4d527c4a0d8c71c830aac879ce1a340b]
https://orig.s.miwifi.com [403] [GET] [text/html] [403 Forbidden] [Tengine] [Tengine] [4bd12aef1787106f2e960f1c3a31978d]
https://orig.s.miwifi.com [403] [GET] [text/html] [403 Forbidden] [Tengine] [Tengine] [cbd2ae8eef41fae19c6241e9caa4cefb]
https://orig.www.miwifi.com [200] [GET] [text/html] [MiWiFi – 小米路由器官网] [Tengine] [Tengine] [0a9582d1a81f9f2e20a56ec371b7608f]
https://pc.api.miwifi.com [404] [GET] [text/html] [404 Not Found] [Tengine] [Tengine] [8e1ab6d0065eb5edd6965bfa361bc2dc]
https://preview.api.miwifi.com [404] [GET] [text/html] [404 Not Found] [] [vhost] [8e1ab6d0065eb5edd6965bfa361bc2dc]
https://router.miwifi.com [200] [GET] [text/html] [] [Tengine] [Tengine] [708014a9a929b37935e38e94335900df]
https://ru.api.miwifi.com [404] [GET] [text/html] [404 Not Found] [CLOUD ELB 1.0.0] [vhost] [8e1ab6d0065eb5edd6965bfa361bc2dc]
https://ru.broker.miwifi.com [400] [GET] [application/octet-stream] [] [nginx] [vhost] [Nginx] [951f7732eda0fc69aeea6d51fe32874a]
https://ru.broker.miwifi.com [400] [GET] [application/octet-stream] [] [nginx] [vhost] [Nginx] [95294c2fb8195420ce73326a8a5c27ad]
https://sg.api.miwifi.com [404] [GET] [text/html] [404 Not Found] [] [vhost] [8e1ab6d0065eb5edd6965bfa361bc2dc]
https://sg.broker.miwifi.com [400] [GET] [application/octet-stream] [] [nginx] [vhost] [Nginx] [be7b92f704befa23bba364f9af7ff668]
https://sg.broker.miwifi.com [400] [GET] [application/octet-stream] [] [nginx] [vhost] [Nginx] [f426cb85743e8ce31b49f7ad9ee6e236]
https://tw.api.miwifi.com [404] [GET] [text/html] [404 Not Found] [] [vhost] [8e1ab6d0065eb5edd6965bfa361bc2dc]
https://tw.log.miwifi.com [404] [GET] [text/html] [404 Not Found] [] [vhost] [415635d4e00427a5c3b537aedc5fc14c]
https://us.api.miwifi.com [404] [GET] [text/html] [404 Not Found] [Tengine] [vhost] [Tengine] [8e1ab6d0065eb5edd6965bfa361bc2dc]
https://us.log.miwifi.com [403] [GET] [text/html] [403 Forbidden] [Tengine] [Tengine] [9b3d150b74e1dad13b42e98524182292]
https://us.log.miwifi.com [403] [GET] [text/html] [403 Forbidden] [Tengine] [Tengine] [de71387c2584474cb65adcf866b1ed9f]
https://weixin.miwifi.com [200] [GET] [text/html] [MiWiFi – 小米路由器官网] [Tengine] [Tengine] [0a9582d1a81f9f2e20a56ec371b7608f]
https://www1.miwifi.com [200] [GET] [text/html] [MiWiFi – 小米路由器官网] [Tengine] [Tengine] [0a9582d1a81f9f2e20a56ec371b7608f]
https://www1.miwifi.com:8000 [400] [GET] [text/html] [400 Bad Request] [nginx] [Nginx] [f3bd4faac754ffabe0441e0f35285b10]
https://www1.miwifi.com:8081 [400] [GET] [text/html] [400 Bad Request] [nginx] [Nginx] [616d6099905c7bd2dfccf50cd2589430]
https://www1.miwifi.com:8088 [400] [GET] [text/html] [400 Bad Request] [nginx] [Nginx] [5779a27b7f686a4300ad9a4de6790a3f]
https://www1.miwifi.com:8443 [403] [GET] [text/html] [403 Forbidden] [nginx] [Nginx] [5b6372635f1b1a427d55cdc14f192379]
https://www.miwifi.com [200] [GET] [text/html] [MiWiFi – 小米路由器官网] [Tengine] [Tengine] [0a9582d1a81f9f2e20a56ec371b7608f]
https://www.miwifi.com:8000 [400] [GET] [text/html] [400 Bad Request] [nginx] [Nginx] [8810ca60467e927b09d1976e93d06c48]
https://www.miwifi.com:8081 [400] [GET] [text/html] [400 Bad Request] [nginx] [Nginx] [0f5d6e8c0b4dc06ffcd9e1b68680f583]
https://www.miwifi.com:8088 [400] [GET] [text/html] [400 Bad Request] [nginx] [Nginx] [7f6598c60cc3f529468342766a2252c2]
https://www.miwifi.com:8443 [403] [GET] [text/html] [403 Forbidden] [nginx] [Nginx] [36cd14894bbce83542e3e333ce67a90d]
http://www1.miwifi.com:10012 [400] [GET] [text/html] [400 Bad Request] [nginx] [Nginx] [b1d11eb79fc47e307f5c6eeba34221f7]
http://www1.miwifi.com:1443 [400] [GET] [text/html] [400 Bad Request] [nginx] [Nginx] [7faf6f38071568477e7e8a19d38579c9]
http://www1.miwifi.com:20005 [400] [GET] [text/html] [400 Bad Request] [nginx] [Nginx] [45b566f6f37ad718a9a4c2d65496ad96]
http://www1.miwifi.com:2323 [404] [GET] [] [] [] [bb1ca97ec761fc37101737ba0aa2e7c5]
http://www1.miwifi.com:3306 [400] [GET] [text/html] [400 Bad Request] [nginx] [Nginx] [a6fa4043daf3fa1aa2cd9e6c9796505a]
http://www1.miwifi.com:4000 [400] [GET] [text/html] [400 Bad Request] [nginx] [Nginx] [a624b5a98d87a794c5d2e939413333dc]
http://www1.miwifi.com:4443 [400] [GET] [text/html] [400 Bad Request] [nginx] [Nginx] [285497c7e3053626b7e7959beeba6ee7]
http://www1.miwifi.com:444 [400] [GET] [text/html] [400 Bad Request] [nginx] [Nginx] [472a635787a211a17c6beae0f8cf0ada]
http://www1.miwifi.com:4445 [400] [GET] [text/html] [400 Bad Request] [nginx] [Nginx] [23ba4e07e48847a7ee6ce58b64f55b0b]
http://www1.miwifi.com:4446 [400] [GET] [text/html] [400 Bad Request] [nginx] [Nginx] [d189671e7c04fcf44af3e9ff24df0885]
http://www1.miwifi.com:5002 [400] [GET] [text/html] [400 Bad Request] [nginx] [Nginx] [37795974c52e0d603d425a2e0d067e44]
http://www1.miwifi.com:5030 [400] [GET] [text/html] [400 Bad Request] [nginx] [Nginx] [b81229e3e91c5e9d6cbe8487a5252adc]
http://www1.miwifi.com:6101 [400] [GET] [text/html] [400 Bad Request] [nginx] [Nginx] [c62f528d8b0860281ea14e1b46249e6b]
http://www1.miwifi.com:7100 [400] [GET] [text/html] [400 Bad Request] [nginx] [Nginx] [5a800b1f42ee304912a10148e8b2ae78]
http://www1.miwifi.com:8002 [400] [GET] [text/html] [400 Bad Request] [nginx] [Nginx] [f4b607f05e6e5973fffa993ea0657606]
http://www1.miwifi.com:8010 [400] [GET] [text/html] [400 Bad Request] [nginx] [Nginx] [06fb158735efd7e58e11fe9364033150]
http://www1.miwifi.com:801 [400] [GET] [text/html] [400 Bad Request] [nginx] [Nginx] [f857d11204611738c14db6fc1e9aa02e]
http://www1.miwifi.com:8042 [400] [GET] [text/html] [400 Bad Request] [nginx] [Nginx] [7f62e0b134a8fe9ba41e10edcd04300c]
http://www1.miwifi.com:8080 [403] [GET] [text/html] [403 Forbidden] [nginx] [Nginx] [f87251654535a5e7e7b61b2034488213]
http://www1.miwifi.com:8082 [400] [GET] [text/html] [400 Bad Request] [nginx] [Nginx] [0acadc2d7142b2bfe38446d568057e81]
http://www1.miwifi.com:8084 [400] [GET] [text/html] [400 Bad Request] [nginx] [Nginx] [5ff19c28335718fdde9880994ea8f817]
http://www1.miwifi.com:8085 [400] [GET] [text/html] [400 Bad Request] [nginx] [Nginx] [fc3fe449782a11675d611885d1dc6c4d]
http://www1.miwifi.com:8086 [400] [GET] [text/html] [400 Bad Request] [nginx] [Nginx] [7610236f8dc55f81cb38f08afe084129]
http://www1.miwifi.com:8090 [400] [GET] [text/html] [400 Bad Request] [nginx] [Nginx] [ff60b1aae8c015deb6afc0478ae24ff9]
http://www1.miwifi.com:8383 [400] [GET] [text/html] [400 Bad Request] [nginx] [Nginx] [f53c9a7fd7ef2f0df2af910baa973399]
http://www1.miwifi.com:88 [403] [GET] [text/html] [403 Forbidden] [nginx] [Nginx] [9f9880f4de47d54d392da91e31f9e80e]
http://www1.miwifi.com:9000 [400] [GET] [text/html] [400 Bad Request] [nginx] [Nginx] [e47b365a6c0aafc0f6264feed0421fb2]
http://www1.miwifi.com:9001 [400] [GET] [text/html] [400 Bad Request] [nginx] [Nginx] [c81855b4bce32605490a6c04ededf27b]
http://www1.miwifi.com:9002 [400] [GET] [text/html] [400 Bad Request] [nginx] [Nginx] [72ef5609846ab2f0ac7ef5d69ef845ee]
http://www1.miwifi.com:9009 [400] [GET] [text/html] [400 Bad Request] [nginx] [Nginx] [9bcddf07d058f41a6cca32f5408b3b45]
http://www1.miwifi.com:9091 [400] [GET] [text/html] [400 Bad Request] [nginx] [Nginx] [d411ecb1ab176c83b5a2b627df03bba4]
http://www1.miwifi.com:9101 [400] [GET] [text/html] [400 Bad Request] [nginx] [Nginx] [905a6b81189ea83534ce3336675d9fe5]
http://www1.miwifi.com:9900 [400] [GET] [text/html] [400 Bad Request] [nginx] [Nginx] [d1842f8e4600b4856054ea1cf6c7982d]
http://www1.miwifi.com:9944 [400] [GET] [text/html] [400 Bad Request] [nginx] [Nginx] [780977202912e114a4cda1735d64e4e6]
http://www1.miwifi.com:999 [400] [GET] [text/html] [400 Bad Request] [nginx] [Nginx] [29181ed0d0cce1ad420324540f543482]
http://www.miwifi.com:10012 [400] [GET] [text/html] [400 Bad Request] [nginx] [Nginx] [54bf5fb5f3ca25cf16126eb159b01f4a]
http://www.miwifi.com:1443 [400] [GET] [text/html] [400 Bad Request] [nginx] [Nginx] [64aa5dce2f7215d6e4f551ff810d9e3f]
http://www.miwifi.com:20005 [400] [GET] [text/html] [400 Bad Request] [nginx] [Nginx] [e36328b66daba8b7efad2aad60989a5e]
http://www.miwifi.com:2323 [404] [GET] [] [] [] [bb1ca97ec761fc37101737ba0aa2e7c5]
http://www.miwifi.com:3306 [400] [GET] [text/html] [400 Bad Request] [nginx] [Nginx] [7b19ea31a149f303cbbd6aac7dd597bd]
http://www.miwifi.com:4000 [400] [GET] [text/html] [400 Bad Request] [nginx] [Nginx] [7d80658fa20f197299ef31fad06a4657]
http://www.miwifi.com:4443 [400] [GET] [text/html] [400 Bad Request] [nginx] [Nginx] [301c46fd09c09fb43b6500f8d6d43359]
http://www.miwifi.com:444 [400] [GET] [text/html] [400 Bad Request] [nginx] [Nginx] [2415ad078f38797d00355b4f3fdc06d8]
http://www.miwifi.com:4445 [400] [GET] [text/html] [400 Bad Request] [nginx] [Nginx] [fb34d9405768771d450a22d011de9de5]
http://www.miwifi.com:4446 [400] [GET] [text/html] [400 Bad Request] [nginx] [Nginx] [58c63ce61afb4fbc7356f470bb691d94]
http://www.miwifi.com:5002 [400] [GET] [text/html] [400 Bad Request] [nginx] [Nginx] [3d5b485bf417200ad2e035620fa1a4f9]
http://www.miwifi.com:5030 [400] [GET] [text/html] [400 Bad Request] [nginx] [Nginx] [260a9dfe62272f5ad11fda018a12681b]
http://www.miwifi.com:6101 [400] [GET] [text/html] [400 Bad Request] [nginx] [Nginx] [6b80940be903bb1f683f2686cb2b91fc]
http://www.miwifi.com:7100 [400] [GET] [text/html] [400 Bad Request] [nginx] [Nginx] [605d68927d87ead1b312c339f77c0701]
http://www.miwifi.com:8002 [400] [GET] [text/html] [400 Bad Request] [nginx] [Nginx] [4067d3c10372c14ab967b9d6cb138655]
http://www.miwifi.com:8010 [400] [GET] [text/html] [400 Bad Request] [nginx] [Nginx] [3e382426c89d492b31da0c71d37f0a70]
http://www.miwifi.com:801 [400] [GET] [text/html] [400 Bad Request] [nginx] [Nginx] [11089b81a0bd29670636137955e7a59b]
http://www.miwifi.com:8042 [400] [GET] [text/html] [400 Bad Request] [nginx] [Nginx] [41dd5360bb3e5b895f41d2ac45f60bba]
http://www.miwifi.com:8080 [403] [GET] [text/html] [403 Forbidden] [nginx] [Nginx] [ab4ee2aa60814d8f6905d216c49c4b5c]
http://www.miwifi.com:8082 [400] [GET] [text/html] [400 Bad Request] [nginx] [Nginx] [6659da4999e493d346513e35650808a1]
http://www.miwifi.com:8084 [400] [GET] [text/html] [400 Bad Request] [nginx] [Nginx] [c758a352e0de95ebabf9a9058de12da8]
http://www.miwifi.com:8085 [400] [GET] [text/html] [400 Bad Request] [nginx] [Nginx] [818ae27c2c9b49ff34955e74b17b78eb]
http://www.miwifi.com:8086 [400] [GET] [text/html] [400 Bad Request] [nginx] [Nginx] [2e14379cb0fc405b7eae7ac21575a052]
http://www.miwifi.com:8090 [400] [GET] [text/html] [400 Bad Request] [nginx] [Nginx] [1ab91d0252791a55bb9d6b54b03ca5d8]
http://www.miwifi.com:8383 [400] [GET] [text/html] [400 Bad Request] [nginx] [Nginx] [96addc68527e8ab26ab891ed2b8fedf9]
http://www.miwifi.com:88 [403] [GET] [text/html] [403 Forbidden] [nginx] [Nginx] [513b041845e2e22dddf58eb5b9269d6b]
http://www.miwifi.com:9000 [400] [GET] [text/html] [400 Bad Request] [nginx] [Nginx] [63a18f6434e69bbc2abc5e68033337eb]
http://www.miwifi.com:9001 [400] [GET] [text/html] [400 Bad Request] [nginx] [Nginx] [5a8cfd6baa29a25a580cac98c13c67e2]
http://www.miwifi.com:9002 [400] [GET] [text/html] [400 Bad Request] [nginx] [Nginx] [464d1d00bbaa09bef905b1689d2147ff]
http://www.miwifi.com:9009 [400] [GET] [text/html] [400 Bad Request] [nginx] [Nginx] [09d813198c162780b5f9c02363466cb0]
http://www.miwifi.com:9091 [400] [GET] [text/html] [400 Bad Request] [nginx] [Nginx] [c09c7c64a647c41ad0cfc3349af95aae]
http://www.miwifi.com:9101 [400] [GET] [text/html] [400 Bad Request] [nginx] [Nginx] [552d0a0355e8f1d942216d0a510bb881]
http://www.miwifi.com:9900 [400] [GET] [text/html] [400 Bad Request] [nginx] [Nginx] [edbf7c81cfab61f00b765ce36e5ad887]
http://www.miwifi.com:9944 [400] [GET] [text/html] [400 Bad Request] [nginx] [Nginx] [b2a344a84409ea35aa2274caf996a04d]
http://www.miwifi.com:999 [400] [GET] [text/html] [400 Bad Request] [nginx] [Nginx] [992b6f68781ed858eb256c8244594666]
