http://0-accounts.mjrtheatres.com [404] [GET] [text/html] [Not Found] [Microsoft-HTTPAPI/2.0] [Microsoft HTTPAPI:2.0] [67932d4b695e1d6b19dfc2e3610761ff]
http://0-aleagamingltd.mjrtheatres.com [404] [GET] [text/html] [Not Found] [Microsoft-HTTPAPI/2.0] [Microsoft HTTPAPI:2.0] [67932d4b695e1d6b19dfc2e3610761ff]
http://0-global.mjrtheatres.com [404] [GET] [text/html] [Not Found] [Microsoft-HTTPAPI/2.0] [Microsoft HTTPAPI:2.0] [67932d4b695e1d6b19dfc2e3610761ff]
http://0.mjrtheatres.com [404] [GET] [text/html] [Not Found] [Microsoft-HTTPAPI/2.0] [Microsoft HTTPAPI:2.0] [67932d4b695e1d6b19dfc2e3610761ff]
http://0www.mjrtheatres.com [404] [GET] [text/html] [Not Found] [Microsoft-HTTPAPI/2.0] [Microsoft HTTPAPI:2.0] [67932d4b695e1d6b19dfc2e3610761ff]
http://222.mjrtheatres.com [404] [GET] [text/html] [Not Found] [Microsoft-HTTPAPI/2.0] [Microsoft HTTPAPI:2.0] [67932d4b695e1d6b19dfc2e3610761ff]
http://2.mjrtheatres.com [404] [GET] [text/html] [Not Found] [Microsoft-HTTPAPI/2.0] [Microsoft HTTPAPI:2.0] [67932d4b695e1d6b19dfc2e3610761ff]
http://35400www.mjrtheatres.com [404] [GET] [text/html] [Not Found] [Microsoft-HTTPAPI/2.0] [Microsoft HTTPAPI:2.0] [67932d4b695e1d6b19dfc2e3610761ff]
http://3ww.mjrtheatres.com [404] [GET] [text/html] [Not Found] [Microsoft-HTTPAPI/2.0] [Microsoft HTTPAPI:2.0] [67932d4b695e1d6b19dfc2e3610761ff]
http://denis114-ticketing.mjrtheatres.com [404] [GET] [text/html] [Not Found] [Microsoft-HTTPAPI/2.0] [Microsoft HTTPAPI:2.0] [67932d4b695e1d6b19dfc2e3610761ff]
https://booking.mjrtheatres.com [200] [GET] [text/html] [The Boxoffice Company - SaaS Ticketing] [Microsoft-IIS/10.0] [vhost] [azure] [Azure,IIS:10.0,Microsoft ASP.NET,Windows Server] [0aaf6c75bed4ce3a7cb24425b642e3e3]
https://mjrtheatres.com [200] [GET] [text/html] [MJR Digital Cinemas] [Microsoft-IIS/8.5] [vhost] [Google Font API,Google Tag Manager,IIS:8.5,PHP:7.4.13,Slick,Windows Server,jQuery] [8d7b2dfaf641642514f7bbb690d08394]
https://profile.mjrtheatres.com [302] [GET] [] [] [Apache-Coyote/1.1] [Apache Tomcat,Java] [d41d8cd98f00b204e9800998ecf8427e]
https://survey.mjrtheatres.com [200] [GET] [text/html] [Selligent Marketing Cloud - Ownership contact information] [cloudflare] [vhost] [cloudflare] [Cloudflare] [d94d9c5f6ffe2dc6a0634a56dfb5b857]
http://strategyand.mjrtheatres.com [404] [GET] [text/html] [Not Found] [Microsoft-HTTPAPI/2.0] [Microsoft HTTPAPI:2.0] [67932d4b695e1d6b19dfc2e3610761ff]
https://www.mjrtheatres.com [200] [GET] [text/html] [MJR Digital Cinemas] [Microsoft-IIS/8.5] [vhost] [Google Font API,Google Tag Manager,IIS:8.5,PHP:7.4.13,Slick,Windows Server,jQuery] [8d7b2dfaf641642514f7bbb690d08394]
http://ticketing.mjrtheatres.com [404] [GET] [text/html] [Not Found] [Microsoft-HTTPAPI/2.0] [Microsoft HTTPAPI:2.0] [67932d4b695e1d6b19dfc2e3610761ff]
http://vasa.mjrtheatres.com [404] [GET] [text/html] [Not Found] [Microsoft-HTTPAPI/2.0] [Microsoft HTTPAPI:2.0] [67932d4b695e1d6b19dfc2e3610761ff]
http://wwww.mjrtheatres.com [404] [GET] [text/html] [Not Found] [Microsoft-HTTPAPI/2.0] [Microsoft HTTPAPI:2.0] [67932d4b695e1d6b19dfc2e3610761ff]
http://www.wwww.mjrtheatres.com [404] [GET] [text/html] [Not Found] [Microsoft-HTTPAPI/2.0] [Microsoft HTTPAPI:2.0] [67932d4b695e1d6b19dfc2e3610761ff]
http://ypheq96.1.mjrtheatres.com [404] [GET] [text/html] [Not Found] [Microsoft-HTTPAPI/2.0] [Microsoft HTTPAPI:2.0] [67932d4b695e1d6b19dfc2e3610761ff]
