https://1www.mobilevikings.be [502] [GET] [text/html] [ERROR: The request could not be satisfied] [CloudFront] [cloudfront] [Amazon Cloudfront,Amazon Web Services] [a418c33bc30ef60225fa390ed3541ddf]
https://1www.mobilevikings.be [502] [GET] [text/html] [ERROR: The request could not be satisfied] [CloudFront] [cloudfront] [Amazon Cloudfront,Amazon Web Services] [dc2e77e1e72fbf68c126873d1c9cb3f2]
https://acc-strapi.mobilevikings.be [404] [GET] [text/plain] [] [] [efa6ba503d1db3c0aeb36d2dfe12081a]
https://ac.mobilevikings.be [502] [GET] [text/html] [ERROR: The request could not be satisfied] [CloudFront] [cloudfront] [Amazon Cloudfront,Amazon Web Services] [145951dff0b0e9bc07fc06de4fb41028]
https://ac.mobilevikings.be [502] [GET] [text/html] [ERROR: The request could not be satisfied] [CloudFront] [cloudfront] [Amazon Cloudfront,Amazon Web Services] [cf7a4bb3535a294e6d6493fe06aa9e2b]
https://acp.mobilevikings.be [502] [GET] [text/html] [ERROR: The request could not be satisfied] [CloudFront] [cloudfront] [Amazon Cloudfront,Amazon Web Services] [20685e3e802e9fe25e049fb05abc7c3e]
https://acp.mobilevikings.be [502] [GET] [text/html] [ERROR: The request could not be satisfied] [CloudFront] [cloudfront] [Amazon Cloudfront,Amazon Web Services] [6c79fa31a5088b2ee72ec9a14fef43da]
https://acs.mobilevikings.be [200] [GET] [application/json] [] [] [vhost] [cloudfront] [Amazon Cloudfront,Amazon Web Services] [cc7a7c4598d9113b25d9a3fdb9261185]
https://admin.mobilevikings.be [502] [GET] [text/html] [ERROR: The request could not be satisfied] [CloudFront] [cloudfront] [Amazon Cloudfront,Amazon Web Services] [0db090d23ebaa3502706b25abfa5e318]
https://admin.mobilevikings.be [502] [GET] [text/html] [ERROR: The request could not be satisfied] [CloudFront] [cloudfront] [Amazon Cloudfront,Amazon Web Services] [c614ddc5ef861ad166054de74dc40711]
https://adsl-7-125.mobilevikings.be [502] [GET] [text/html] [ERROR: The request could not be satisfied] [CloudFront] [cloudfront] [Amazon Cloudfront,Amazon Web Services] [05de4be126181de81a61e832683757f9]
https://adsl-7-125.mobilevikings.be [502] [GET] [text/html] [ERROR: The request could not be satisfied] [CloudFront] [cloudfront] [Amazon Cloudfront,Amazon Web Services] [759223ef41e64bbbbd762b466fef49dd]
https://alfa.api-2freedom.mobilevikings.be [502] [GET] [text/html] [ERROR: The request could not be satisfied] [CloudFront] [cloudfront] [Amazon Cloudfront,Amazon Web Services] [06b9827ad9be39520af5cf29f71d7516]
https://alfa.api-2freedom.mobilevikings.be [502] [GET] [text/html] [ERROR: The request could not be satisfied] [CloudFront] [cloudfront] [Amazon Cloudfront,Amazon Web Services] [ee82a3586802dac66aa14cb559babf08]
https://alfa.api.mobilevikings.be [502] [GET] [text/html] [ERROR: The request could not be satisfied] [CloudFront] [cloudfront] [Amazon Cloudfront,Amazon Web Services] [3f56e5e010830d2241e856adb325288e]
https://alfa.api.mobilevikings.be [502] [GET] [text/html] [ERROR: The request could not be satisfied] [CloudFront] [cloudfront] [Amazon Cloudfront,Amazon Web Services] [c8a08422b947bf1482f03a9331c91173]
https://alfa.mobilevikings.be [502] [GET] [text/html] [ERROR: The request could not be satisfied] [CloudFront] [cloudfront] [Amazon Cloudfront,Amazon Web Services] [60d914759a9833e5cce3e102267fd8cf]
https://alfa.mobilevikings.be [502] [GET] [text/html] [ERROR: The request could not be satisfied] [CloudFront] [cloudfront] [Amazon Cloudfront,Amazon Web Services] [8df29e36fc944c28c1a154c0d1c5d8fe]
https://alfa.test.mobilevikings.be [502] [GET] [text/html] [ERROR: The request could not be satisfied] [CloudFront] [cloudfront] [Amazon Cloudfront,Amazon Web Services] [464884cbd146a76b7d73ee77207ebf40]
https://alfa.test.mobilevikings.be [502] [GET] [text/html] [ERROR: The request could not be satisfied] [CloudFront] [cloudfront] [Amazon Cloudfront,Amazon Web Services] [d96d56aa5b830e164081e469e67cdb46]
https://a.mobilevikings.be [502] [GET] [text/html] [ERROR: The request could not be satisfied] [CloudFront] [cloudfront] [Amazon Cloudfront,Amazon Web Services] [591926985e4d25be292463fecd76a87b]
https://a.mobilevikings.be [502] [GET] [text/html] [ERROR: The request could not be satisfied] [CloudFront] [cloudfront] [Amazon Cloudfront,Amazon Web Services] [d45e6aad6a5dfb992049bbdcc1f46961]
https://andre.mobilevikings.be [404] [GET] [text/html] [Not Found] [] [vhost] [cloudfront] [Amazon Cloudfront,Amazon Web Services] [64db5ad5f2ef41babdba80a6dd0518f6]
https://api.mobilevikings.be [502] [GET] [text/html] [ERROR: The request could not be satisfied] [CloudFront] [cloudfront] [Amazon Cloudfront,Amazon Web Services] [3487d0d2f814237968a4301e08b45353]
https://api.mobilevikings.be [502] [GET] [text/html] [ERROR: The request could not be satisfied] [CloudFront] [cloudfront] [Amazon Cloudfront,Amazon Web Services] [39f752afabc205d2f920cd5bae6b9308]
https://api-staging.mobilevikings.be [502] [GET] [text/html] [ERROR: The request could not be satisfied] [CloudFront] [cloudfront] [Amazon Cloudfront,Amazon Web Services] [01eb8904db5b29e447693e60f2bea8a6]
https://api-staging.mobilevikings.be [502] [GET] [text/html] [ERROR: The request could not be satisfied] [CloudFront] [cloudfront] [Amazon Cloudfront,Amazon Web Services] [4e87e21bf2014d99a5ffc37409c79022]
https://app.mobilevikings.be [502] [GET] [text/html] [ERROR: The request could not be satisfied] [CloudFront] [cloudfront] [Amazon Cloudfront,Amazon Web Services] [6483f151934e2eb67928efe628c50d5f]
https://app.mobilevikings.be [502] [GET] [text/html] [ERROR: The request could not be satisfied] [CloudFront] [cloudfront] [Amazon Cloudfront,Amazon Web Services] [d5b57ba2b376673e6eac009777f3ba72]
https://baidu.mobilevikings.be [502] [GET] [text/html] [ERROR: The request could not be satisfied] [CloudFront] [cloudfront] [Amazon Cloudfront,Amazon Web Services] [830710979db513198904a2c352d3516e]
https://baidu.mobilevikings.be [502] [GET] [text/html] [ERROR: The request could not be satisfied] [CloudFront] [cloudfront] [Amazon Cloudfront,Amazon Web Services] [cb2d13d989efc96567cbbd2d28d48a36]
https://bhaalu.mobilevikings.be [502] [GET] [text/html] [ERROR: The request could not be satisfied] [CloudFront] [cloudfront] [Amazon Cloudfront,Amazon Web Services] [1f99147f629948c8b594312b4005e315]
https://bhaalu.mobilevikings.be [502] [GET] [text/html] [ERROR: The request could not be satisfied] [CloudFront] [cloudfront] [Amazon Cloudfront,Amazon Web Services] [ed1669e16e25f35a7584b24dc54c1f82]
https://bip.mobilevikings.be [502] [GET] [text/html] [ERROR: The request could not be satisfied] [CloudFront] [cloudfront] [Amazon Cloudfront,Amazon Web Services] [39fdc33f16fd0bee265e863d4ddb57af]
https://bip.mobilevikings.be [502] [GET] [text/html] [ERROR: The request could not be satisfied] [CloudFront] [cloudfront] [Amazon Cloudfront,Amazon Web Services] [4a2576a6038e9af2d2788bc2ad1f1a18]
https://blog.mobilevikings.be [502] [GET] [text/html] [ERROR: The request could not be satisfied] [CloudFront] [cloudfront] [Amazon Cloudfront,Amazon Web Services] [1f37eacdcd453b358f4b9bff69a1b0b2]
https://blog.mobilevikings.be [502] [GET] [text/html] [ERROR: The request could not be satisfied] [CloudFront] [cloudfront] [Amazon Cloudfront,Amazon Web Services] [870b60366bd3720910b680e8fafec73e]
https://blogs.mobilevikings.be [502] [GET] [text/html] [ERROR: The request could not be satisfied] [CloudFront] [cloudfront] [Amazon Cloudfront,Amazon Web Services] [d4a2fece9c41362e3efc3a39eaf564d4]
https://blogs.mobilevikings.be [502] [GET] [text/html] [ERROR: The request could not be satisfied] [CloudFront] [cloudfront] [Amazon Cloudfront,Amazon Web Services] [fea407a6c66a77542d248c5a8aaf43ec]
https://bookmarks.mobilevikings.be [502] [GET] [text/html] [ERROR: The request could not be satisfied] [CloudFront] [cloudfront] [Amazon Cloudfront,Amazon Web Services] [2c42a83d3f2bd35c9d005e2920fada43]
https://bookmarks.mobilevikings.be [502] [GET] [text/html] [ERROR: The request could not be satisfied] [CloudFront] [cloudfront] [Amazon Cloudfront,Amazon Web Services] [d698ed3c91e940ed412b055cc28fc72e]
https://bravo.api-2freedom.mobilevikings.be [502] [GET] [text/html] [ERROR: The request could not be satisfied] [CloudFront] [cloudfront] [Amazon Cloudfront,Amazon Web Services] [2d82a8f9ce428eba53b847ff08c45e81]
https://bravo.api-2freedom.mobilevikings.be [502] [GET] [text/html] [ERROR: The request could not be satisfied] [CloudFront] [cloudfront] [Amazon Cloudfront,Amazon Web Services] [328dc535637ea4ea64499bb2e21a2e8c]
https://bravo.api.mobilevikings.be [502] [GET] [text/html] [ERROR: The request could not be satisfied] [CloudFront] [cloudfront] [Amazon Cloudfront,Amazon Web Services] [58acf617800f495b59abcb4a746532e1]
https://bravo.api.mobilevikings.be [502] [GET] [text/html] [ERROR: The request could not be satisfied] [CloudFront] [cloudfront] [Amazon Cloudfront,Amazon Web Services] [d5f7b81880ef552f3f001b82a97ecbbe]
https://bravo.mobilevikings.be [502] [GET] [text/html] [ERROR: The request could not be satisfied] [CloudFront] [cloudfront] [Amazon Cloudfront,Amazon Web Services] [1e8667f8aa3c8410db65acaa6db1af93]
https://bravo.mobilevikings.be [502] [GET] [text/html] [ERROR: The request could not be satisfied] [CloudFront] [cloudfront] [Amazon Cloudfront,Amazon Web Services] [cf3b69bb2c900f434712dc84a2f31d44]
https://bravo.static.mobilevikings.be [502] [GET] [text/html] [ERROR: The request could not be satisfied] [CloudFront] [cloudfront] [Amazon Cloudfront,Amazon Web Services] [821adeb7ce086a0ecb36f9eb43dda7d6]
https://bravo.static.mobilevikings.be [502] [GET] [text/html] [ERROR: The request could not be satisfied] [CloudFront] [cloudfront] [Amazon Cloudfront,Amazon Web Services] [939b71438b936503127c9cc7510adb64]
https://bss-acceptance.mobilevikings.be [502] [GET] [text/html] [ERROR: The request could not be satisfied] [CloudFront] [cloudfront] [Amazon Cloudfront,Amazon Web Services] [7a9f20875f0bdee2a2f8684374013f2a]
https://bss-acceptance.mobilevikings.be [502] [GET] [text/html] [ERROR: The request could not be satisfied] [CloudFront] [cloudfront] [Amazon Cloudfront,Amazon Web Services] [9b56b7fb031ab9926fc222ec870ba755]
https://bss.mobilevikings.be [403] [GET] [text/html] [403 Forbidden] [nginx] [vhost] [Nginx] [4dec45889e09ec3ceb63fd65825d0f11]
https://bss-preprod.mobilevikings.be [502] [GET] [text/html] [ERROR: The request could not be satisfied] [CloudFront] [cloudfront] [Amazon Cloudfront,Amazon Web Services] [a44e5cf8fe5874d10b24ba7057440c2a]
https://bss-preprod.mobilevikings.be [502] [GET] [text/html] [ERROR: The request could not be satisfied] [CloudFront] [cloudfront] [Amazon Cloudfront,Amazon Web Services] [c786b4ff1130ccfe3cab73c3afba32a7]
https://budskap.mobilevikings.be [401] [GET] [application/json] [] [] [vhost] [cloudfront] [Amazon Cloudfront,Amazon Web Services] [68e42d7780ee95a877a8ce115f38e809]
https://business-support.mobilevikings.be [301] [GET] [text/html] [] [cloudflare] [vhost] [cloudflare] [Cloudflare,Cloudflare Network Error Logging,Zendesk] [1d4ece56b597ac335ede43c8d38aebc1]
https://campaigner.mobilevikings.be [502] [GET] [text/html] [ERROR: The request could not be satisfied] [CloudFront] [cloudfront] [Amazon Cloudfront,Amazon Web Services] [23886c40406db705c488cac97d888e4c]
https://campaigner.mobilevikings.be [502] [GET] [text/html] [ERROR: The request could not be satisfied] [CloudFront] [cloudfront] [Amazon Cloudfront,Amazon Web Services] [4033be621e5f2d8e4d132638a99ccc18]
https://charlie.api-2freedom.mobilevikings.be [502] [GET] [text/html] [ERROR: The request could not be satisfied] [CloudFront] [cloudfront] [Amazon Cloudfront,Amazon Web Services] [bc948bd0ef6fd3ca4eff5350120b73da]
https://charlie.api-2freedom.mobilevikings.be [502] [GET] [text/html] [ERROR: The request could not be satisfied] [CloudFront] [cloudfront] [Amazon Cloudfront,Amazon Web Services] [e2ca720ba6fa65f9e2ad0cb82e2fc354]
https://charlie.api.mobilevikings.be [502] [GET] [text/html] [ERROR: The request could not be satisfied] [CloudFront] [cloudfront] [Amazon Cloudfront,Amazon Web Services] [84fed85910ae3829edd12884f7f6eab6]
https://charlie.api.mobilevikings.be [502] [GET] [text/html] [ERROR: The request could not be satisfied] [CloudFront] [cloudfront] [Amazon Cloudfront,Amazon Web Services] [9dcdd180fc3c1cca15835b1b4663b74d]
https://charlie.mobilevikings.be [502] [GET] [text/html] [ERROR: The request could not be satisfied] [CloudFront] [cloudfront] [Amazon Cloudfront,Amazon Web Services] [4de44cb488e41d08a44288f860e62074]
https://charlie.mobilevikings.be [502] [GET] [text/html] [ERROR: The request could not be satisfied] [CloudFront] [cloudfront] [Amazon Cloudfront,Amazon Web Services] [56354cb78ed6cd05ce213c6d9d974420]
https://charlie.static.mobilevikings.be [502] [GET] [text/html] [ERROR: The request could not be satisfied] [CloudFront] [cloudfront] [Amazon Cloudfront,Amazon Web Services] [c14e2831cb7ac169b18b5cc5163e4a94]
https://charlie.static.mobilevikings.be [502] [GET] [text/html] [ERROR: The request could not be satisfied] [CloudFront] [cloudfront] [Amazon Cloudfront,Amazon Web Services] [e22db1308f8d2941253e585b4b3ad44e]
https://class.mobilevikings.be [502] [GET] [text/html] [ERROR: The request could not be satisfied] [CloudFront] [cloudfront] [Amazon Cloudfront,Amazon Web Services] [4ae7884fd4e0faadf9ad3b0109c9512a]
https://class.mobilevikings.be [502] [GET] [text/html] [ERROR: The request could not be satisfied] [CloudFront] [cloudfront] [Amazon Cloudfront,Amazon Web Services] [a980f840d1dbc8b6dbb9ef3dd2597693]
https://club.mobilevikings.be [502] [GET] [text/html] [ERROR: The request could not be satisfied] [CloudFront] [cloudfront] [Amazon Cloudfront,Amazon Web Services] [a0a691d32b3a8cdb0848c667ab8fbfef]
https://club.mobilevikings.be [502] [GET] [text/html] [ERROR: The request could not be satisfied] [CloudFront] [cloudfront] [Amazon Cloudfront,Amazon Web Services] [f79de6c185e37ca548f0de13163ee4cd]
https://cn.mobilevikings.be [502] [GET] [text/html] [ERROR: The request could not be satisfied] [CloudFront] [cloudfront] [Amazon Cloudfront,Amazon Web Services] [c83a79ed9837967ec2c9e4d4ecc9e538]
https://cn.mobilevikings.be [502] [GET] [text/html] [ERROR: The request could not be satisfied] [CloudFront] [cloudfront] [Amazon Cloudfront,Amazon Web Services] [d021c6292dea4fa325498af0f550ea6a]
https://com.mobilevikings.be [502] [GET] [text/html] [ERROR: The request could not be satisfied] [CloudFront] [cloudfront] [Amazon Cloudfront,Amazon Web Services] [07c74a25b5cff9dd1c8e0a9057d56bfa]
https://com.mobilevikings.be [502] [GET] [text/html] [ERROR: The request could not be satisfied] [CloudFront] [cloudfront] [Amazon Cloudfront,Amazon Web Services] [4491e521d7459c98ea178e4182ec7c85]
https://comune.mobilevikings.be [502] [GET] [text/html] [ERROR: The request could not be satisfied] [CloudFront] [cloudfront] [Amazon Cloudfront,Amazon Web Services] [7b2c5d589e0af11245fde2a1c929447f]
https://comune.mobilevikings.be [502] [GET] [text/html] [ERROR: The request could not be satisfied] [CloudFront] [cloudfront] [Amazon Cloudfront,Amazon Web Services] [b8c55e3e2a45c56eba43e7211665ddaf]
https://content.mobilevikings.be [502] [GET] [text/html] [ERROR: The request could not be satisfied] [CloudFront] [cloudfront] [Amazon Cloudfront,Amazon Web Services] [12bc9da9fc1f95c0c8e061a3ea3fe9bb]
https://content.mobilevikings.be [502] [GET] [text/html] [ERROR: The request could not be satisfied] [CloudFront] [cloudfront] [Amazon Cloudfront,Amazon Web Services] [762affdd343e6968ea64fb3a52533171]
https://corp.mobilevikings.be [502] [GET] [text/html] [ERROR: The request could not be satisfied] [CloudFront] [cloudfront] [Amazon Cloudfront,Amazon Web Services] [7ead95c28563be56f327259baa7999a4]
https://corp.mobilevikings.be [502] [GET] [text/html] [ERROR: The request could not be satisfied] [CloudFront] [cloudfront] [Amazon Cloudfront,Amazon Web Services] [f5da46ded807d31787c45f160cf13d2b]
https://cse.mobilevikings.be [502] [GET] [text/html] [ERROR: The request could not be satisfied] [CloudFront] [cloudfront] [Amazon Cloudfront,Amazon Web Services] [08e1dea4145a868284c79e96169ca709]
https://cse.mobilevikings.be [502] [GET] [text/html] [ERROR: The request could not be satisfied] [CloudFront] [cloudfront] [Amazon Cloudfront,Amazon Web Services] [ffb5290e5804dad552b84b7601867bb4]
https://dd.mobilevikings.be [502] [GET] [text/html] [ERROR: The request could not be satisfied] [CloudFront] [cloudfront] [Amazon Cloudfront,Amazon Web Services] [780ee844b11f1303d81c891dca87c5d0]
https://dd.mobilevikings.be [502] [GET] [text/html] [ERROR: The request could not be satisfied] [CloudFront] [cloudfront] [Amazon Cloudfront,Amazon Web Services] [dbe87b6c7f2b6de7bcfd526b884fbe93]
https://delta.api-2freedom.mobilevikings.be [502] [GET] [text/html] [ERROR: The request could not be satisfied] [CloudFront] [cloudfront] [Amazon Cloudfront,Amazon Web Services] [09cfb2e0013dda6146c52ecd7a7f10a8]
https://delta.api-2freedom.mobilevikings.be [502] [GET] [text/html] [ERROR: The request could not be satisfied] [CloudFront] [cloudfront] [Amazon Cloudfront,Amazon Web Services] [2c252ca2aaf2256b1e0f7ffd2d953efa]
https://delta.api.mobilevikings.be [502] [GET] [text/html] [ERROR: The request could not be satisfied] [CloudFront] [cloudfront] [Amazon Cloudfront,Amazon Web Services] [28a098c374c83468f09e0254cfc07849]
https://delta.api.mobilevikings.be [502] [GET] [text/html] [ERROR: The request could not be satisfied] [CloudFront] [cloudfront] [Amazon Cloudfront,Amazon Web Services] [36759284f97b4f27ec1f1c0a0dc742b3]
https://delta.mobilevikings.be [502] [GET] [text/html] [ERROR: The request could not be satisfied] [CloudFront] [cloudfront] [Amazon Cloudfront,Amazon Web Services] [1ae94414ae3b146862fad49698b069de]
https://delta.mobilevikings.be [502] [GET] [text/html] [ERROR: The request could not be satisfied] [CloudFront] [cloudfront] [Amazon Cloudfront,Amazon Web Services] [68d41cf0e685759d586d463805a5c21c]
https://delta.static.mobilevikings.be [502] [GET] [text/html] [ERROR: The request could not be satisfied] [CloudFront] [cloudfront] [Amazon Cloudfront,Amazon Web Services] [3d088c672de074461272b8eceb138bad]
https://delta.static.mobilevikings.be [502] [GET] [text/html] [ERROR: The request could not be satisfied] [CloudFront] [cloudfront] [Amazon Cloudfront,Amazon Web Services] [94352aff186c711f6c5374aa92f440d6]
https://delta.test.mobilevikings.be [502] [GET] [text/html] [ERROR: The request could not be satisfied] [CloudFront] [cloudfront] [Amazon Cloudfront,Amazon Web Services] [63b5902a68d6f2694706030abe6de244]
https://delta.test.mobilevikings.be [502] [GET] [text/html] [ERROR: The request could not be satisfied] [CloudFront] [cloudfront] [Amazon Cloudfront,Amazon Web Services] [cd0b3a0daff612bd0de28aa47dccaece]
https://de.mobilevikings.be [502] [GET] [text/html] [ERROR: The request could not be satisfied] [CloudFront] [cloudfront] [Amazon Cloudfront,Amazon Web Services] [a50b88a67e56049c77d28c1ffff5a4de]
https://de.mobilevikings.be [502] [GET] [text/html] [ERROR: The request could not be satisfied] [CloudFront] [cloudfront] [Amazon Cloudfront,Amazon Web Services] [c8ad3bb108a3db422f06683897634656]
https://dev1.ssl.mobilevikings.be [502] [GET] [text/html] [ERROR: The request could not be satisfied] [CloudFront] [cloudfront] [Amazon Cloudfront,Amazon Web Services] [65c0f67838ef0e81b3cc318a022ec2a7]
https://dev1.ssl.mobilevikings.be [502] [GET] [text/html] [ERROR: The request could not be satisfied] [CloudFront] [cloudfront] [Amazon Cloudfront,Amazon Web Services] [deda1af70db87ff7a4ecf1f9081cc0a9]
https://dev2.biznetman.1.ssl.mobilevikings.be [502] [GET] [text/html] [ERROR: The request could not be satisfied] [CloudFront] [cloudfront] [Amazon Cloudfront,Amazon Web Services] [a0c603f89466f2f8f285efe9141891c8]
https://dev2.biznetman.1.ssl.mobilevikings.be [502] [GET] [text/html] [ERROR: The request could not be satisfied] [CloudFront] [cloudfront] [Amazon Cloudfront,Amazon Web Services] [fbc6aef82321353e5670ebd82457254e]
https://dev2.ssl.mobilevikings.be [502] [GET] [text/html] [ERROR: The request could not be satisfied] [CloudFront] [cloudfront] [Amazon Cloudfront,Amazon Web Services] [81c5dffa6fff478140f5bdedda8dad10]
https://dev2.ssl.mobilevikings.be [502] [GET] [text/html] [ERROR: The request could not be satisfied] [CloudFront] [cloudfront] [Amazon Cloudfront,Amazon Web Services] [f3170b0c94a337bb063b7bb8305eff49]
https://dev-strapi.mobilevikings.be [502] [GET] [text/html] [ERROR: The request could not be satisfied] [CloudFront] [cloudfront] [Amazon Cloudfront,Amazon Web Services] [03d47223b2e19c0d9ea7e07a76128051]
https://dev-strapi.mobilevikings.be [502] [GET] [text/html] [ERROR: The request could not be satisfied] [CloudFront] [cloudfront] [Amazon Cloudfront,Amazon Web Services] [ad52b20e89cba7e24a5638322581540a]
https://digilander.mobilevikings.be [502] [GET] [text/html] [ERROR: The request could not be satisfied] [CloudFront] [cloudfront] [Amazon Cloudfront,Amazon Web Services] [adf35459a6ca256c3e823cba79596370]
https://digilander.mobilevikings.be [502] [GET] [text/html] [ERROR: The request could not be satisfied] [CloudFront] [cloudfront] [Amazon Cloudfront,Amazon Web Services] [edb310ac7c52dd738ca3915a3775f148]
https://docs.fakta.mobilevikings.be [200] [GET] [text/html] [Fakta documentation] [] [vhost] [cloudfront] [Amazon Cloudfront,Amazon Web Services] [5b4d41d20fe2d07ac115df9e0096591d]
https://docs.mips.mobilevikings.be [200] [GET] [text/html] [MV Inter Partner Service documentation] [] [vhost] [cloudfront] [Amazon Cloudfront,Amazon Web Services] [eb2c91e0af85de6c5a7a15d4e64273c1]
https://docs.mobilevikings.be [502] [GET] [text/html] [ERROR: The request could not be satisfied] [CloudFront] [cloudfront] [Amazon Cloudfront,Amazon Web Services] [0a679409862e01901a8b6850b7987a80]
https://docs.mobilevikings.be [502] [GET] [text/html] [ERROR: The request could not be satisfied] [CloudFront] [cloudfront] [Amazon Cloudfront,Amazon Web Services] [626e159fac44002663de935c356d7406]
https://docs.uwa.mobilevikings.be [200] [GET] [text/html] [Unleashed Web API documentation] [] [vhost] [5e93892261cd14ff6b8118657ef9df32]
https://echo.api-2freedom.mobilevikings.be [502] [GET] [text/html] [ERROR: The request could not be satisfied] [CloudFront] [cloudfront] [Amazon Cloudfront,Amazon Web Services] [8ed82b211f08f68c48397026c56467cb]
https://echo.api-2freedom.mobilevikings.be [502] [GET] [text/html] [ERROR: The request could not be satisfied] [CloudFront] [cloudfront] [Amazon Cloudfront,Amazon Web Services] [fd00a056d48331d5f3bd58c821f29fb3]
https://echo.api.mobilevikings.be [502] [GET] [text/html] [ERROR: The request could not be satisfied] [CloudFront] [cloudfront] [Amazon Cloudfront,Amazon Web Services] [04e2c8240df1a834f4badbbcbd412984]
https://echo.api.mobilevikings.be [502] [GET] [text/html] [ERROR: The request could not be satisfied] [CloudFront] [cloudfront] [Amazon Cloudfront,Amazon Web Services] [1c22cf027ac96e44bd97470a2552dd09]
https://echo.mobilevikings.be [502] [GET] [text/html] [ERROR: The request could not be satisfied] [CloudFront] [cloudfront] [Amazon Cloudfront,Amazon Web Services] [08473483b427bc76d8be53cd040ecdd3]
https://echo.mobilevikings.be [502] [GET] [text/html] [ERROR: The request could not be satisfied] [CloudFront] [cloudfront] [Amazon Cloudfront,Amazon Web Services] [af3e1962aaa63252fbcb6d6b1dae4d93]
https://echo.static.mobilevikings.be [502] [GET] [text/html] [ERROR: The request could not be satisfied] [CloudFront] [cloudfront] [Amazon Cloudfront,Amazon Web Services] [10e43859f2374123f7101b3584d5cd06]
https://echo.static.mobilevikings.be [502] [GET] [text/html] [ERROR: The request could not be satisfied] [CloudFront] [cloudfront] [Amazon Cloudfront,Amazon Web Services] [8407150a9bca2989790e2528f8e68a21]
https://echo.test.mobilevikings.be [502] [GET] [text/html] [ERROR: The request could not be satisfied] [CloudFront] [cloudfront] [Amazon Cloudfront,Amazon Web Services] [6cb2dbcb8d36fe08d71a32b3d3ad0320]
https://echo.test.mobilevikings.be [502] [GET] [text/html] [ERROR: The request could not be satisfied] [CloudFront] [cloudfront] [Amazon Cloudfront,Amazon Web Services] [9a6b81dc4e54b99bc984b4a9ad139f6b]
https://edpsyc.mobilevikings.be [502] [GET] [text/html] [ERROR: The request could not be satisfied] [CloudFront] [cloudfront] [Amazon Cloudfront,Amazon Web Services] [0a55a2093a271cd61952945ac4cbd3b1]
https://edpsyc.mobilevikings.be [502] [GET] [text/html] [ERROR: The request could not be satisfied] [CloudFront] [cloudfront] [Amazon Cloudfront,Amazon Web Services] [dce6fdb5d8ee9981d34fb9460e423892]
https://elementor.mobilevikings.be [502] [GET] [text/html] [ERROR: The request could not be satisfied] [CloudFront] [cloudfront] [Amazon Cloudfront,Amazon Web Services] [26662c31f5731464ed7784e498a25493]
https://elementor.mobilevikings.be [502] [GET] [text/html] [ERROR: The request could not be satisfied] [CloudFront] [cloudfront] [Amazon Cloudfront,Amazon Web Services] [c2d9960d0f7c91c0d31b3ab8bed53a14]
https://en.mobilevikings.be [502] [GET] [text/html] [ERROR: The request could not be satisfied] [CloudFront] [cloudfront] [Amazon Cloudfront,Amazon Web Services] [0d47262afbc56211d5c2f644ee4bdf8e]
https://en.mobilevikings.be [502] [GET] [text/html] [ERROR: The request could not be satisfied] [CloudFront] [cloudfront] [Amazon Cloudfront,Amazon Web Services] [da27bb2fdb8242d50d55b5c88dafa5b1]
https://es.mobilevikings.be [502] [GET] [text/html] [ERROR: The request could not be satisfied] [CloudFront] [cloudfront] [Amazon Cloudfront,Amazon Web Services] [3e942c0893086c4681eb04b60fa3ff0b]
https://es.mobilevikings.be [502] [GET] [text/html] [ERROR: The request could not be satisfied] [CloudFront] [cloudfront] [Amazon Cloudfront,Amazon Web Services] [7e7269961e992822e2de8ca59f6536a0]
https://fakta.mobilevikings.be [301] [GET] [text/html] [] [] [vhost] [cloudfront] [Amazon Cloudfront,Amazon Web Services] [d41d8cd98f00b204e9800998ecf8427e]
https://feeds.mobilevikings.be [502] [GET] [text/html] [ERROR: The request could not be satisfied] [CloudFront] [cloudfront] [Amazon Cloudfront,Amazon Web Services] [5b78bf2c1106da0eafd516f8040c7c18]
https://feeds.mobilevikings.be [502] [GET] [text/html] [ERROR: The request could not be satisfied] [CloudFront] [cloudfront] [Amazon Cloudfront,Amazon Web Services] [68c5c3705f92dbde7caff202bafd7211]
https://ff.mobilevikings.be [502] [GET] [text/html] [ERROR: The request could not be satisfied] [CloudFront] [cloudfront] [Amazon Cloudfront,Amazon Web Services] [6d66412d0dd2e2983d1ebfce6c5e2d39]
https://ff.mobilevikings.be [502] [GET] [text/html] [ERROR: The request could not be satisfied] [CloudFront] [cloudfront] [Amazon Cloudfront,Amazon Web Services] [b79be96e69f3a5b4f3e373012ce5eeef]
https://forum.mobilevikings.be [502] [GET] [text/html] [ERROR: The request could not be satisfied] [CloudFront] [cloudfront] [Amazon Cloudfront,Amazon Web Services] [54bddc59e5505b111b2e040e14b0111b]
https://forum.mobilevikings.be [502] [GET] [text/html] [ERROR: The request could not be satisfied] [CloudFront] [cloudfront] [Amazon Cloudfront,Amazon Web Services] [70dfe16fb7e29d59d37cd4ef0cb3a75a]
https://forums.mobilevikings.be [502] [GET] [text/html] [ERROR: The request could not be satisfied] [CloudFront] [cloudfront] [Amazon Cloudfront,Amazon Web Services] [1f2359df6fb71b5829d245cdeeb993c5]
https://forums.mobilevikings.be [502] [GET] [text/html] [ERROR: The request could not be satisfied] [CloudFront] [cloudfront] [Amazon Cloudfront,Amazon Web Services] [f48c6e39e037fc79c45db0877a76174a]
https://fraud-component.mobilevikings.be [502] [GET] [text/html] [ERROR: The request could not be satisfied] [CloudFront] [cloudfront] [Amazon Cloudfront,Amazon Web Services] [27b896a861a39991aa848cf294081459]
https://fraud-component.mobilevikings.be [502] [GET] [text/html] [ERROR: The request could not be satisfied] [CloudFront] [cloudfront] [Amazon Cloudfront,Amazon Web Services] [8ba62cbc08df76a6bade990257f4c4e0]
https://fr.mobilevikings.be [502] [GET] [text/html] [ERROR: The request could not be satisfied] [CloudFront] [cloudfront] [Amazon Cloudfront,Amazon Web Services] [4f61fedd7d9acb996e98252298b953cd]
https://fr.mobilevikings.be [502] [GET] [text/html] [ERROR: The request could not be satisfied] [CloudFront] [cloudfront] [Amazon Cloudfront,Amazon Web Services] [81d73d5fe6845e52fef79ba30265f1eb]
https://games.mobilevikings.be [502] [GET] [text/html] [ERROR: The request could not be satisfied] [CloudFront] [cloudfront] [Amazon Cloudfront,Amazon Web Services] [a5a96e139dce96ea650eb381a8460e2d]
https://games.mobilevikings.be [502] [GET] [text/html] [ERROR: The request could not be satisfied] [CloudFront] [cloudfront] [Amazon Cloudfront,Amazon Web Services] [af257e279ac4ef298f11ee4309da659a]
https://grafana.mobilevikings.be [502] [GET] [text/html] [ERROR: The request could not be satisfied] [CloudFront] [cloudfront] [Amazon Cloudfront,Amazon Web Services] [ed7d5c1279a047a695c3fb4b03d545e9]
https://grafana.mobilevikings.be [502] [GET] [text/html] [ERROR: The request could not be satisfied] [CloudFront] [cloudfront] [Amazon Cloudfront,Amazon Web Services] [fc0cffb07e56845423b20fb06292aa40]
https://grc2go.mobilevikings.be [502] [GET] [text/html] [ERROR: The request could not be satisfied] [CloudFront] [cloudfront] [Amazon Cloudfront,Amazon Web Services] [a85a7fd113a83c0139a3c8bec953d6ef]
https://grc2go.mobilevikings.be [502] [GET] [text/html] [ERROR: The request could not be satisfied] [CloudFront] [cloudfront] [Amazon Cloudfront,Amazon Web Services] [b21fa2234b1630bc2bb397a83e28db7b]
https://groups.mobilevikings.be [502] [GET] [text/html] [ERROR: The request could not be satisfied] [CloudFront] [cloudfront] [Amazon Cloudfront,Amazon Web Services] [3f8179fe829412f8c20988ef8e28bd6d]
https://groups.mobilevikings.be [502] [GET] [text/html] [ERROR: The request could not be satisfied] [CloudFront] [cloudfront] [Amazon Cloudfront,Amazon Web Services] [61fed3855c15fdd949a9bb20eccf3fbe]
https://h2.mobilevikings.be [502] [GET] [text/html] [ERROR: The request could not be satisfied] [CloudFront] [cloudfront] [Amazon Cloudfront,Amazon Web Services] [103a5f63412fc0cc491e4555166ce8c2]
https://h2.mobilevikings.be [502] [GET] [text/html] [ERROR: The request could not be satisfied] [CloudFront] [cloudfront] [Amazon Cloudfront,Amazon Web Services] [3732ddb4b56bbfc6fe4ef373cdf0ec41]
https://h3.mobilevikings.be [502] [GET] [text/html] [ERROR: The request could not be satisfied] [CloudFront] [cloudfront] [Amazon Cloudfront,Amazon Web Services] [a6067685ced8468e27022f8bc46de4a4]
https://h3.mobilevikings.be [502] [GET] [text/html] [ERROR: The request could not be satisfied] [CloudFront] [cloudfront] [Amazon Cloudfront,Amazon Web Services] [e9355a69d0eca7dcbe6ef7be08c9263a]
https://h4.mobilevikings.be [502] [GET] [text/html] [ERROR: The request could not be satisfied] [CloudFront] [cloudfront] [Amazon Cloudfront,Amazon Web Services] [89db498d08a0b5fe51432557bff4bddc]
https://h4.mobilevikings.be [502] [GET] [text/html] [ERROR: The request could not be satisfied] [CloudFront] [cloudfront] [Amazon Cloudfront,Amazon Web Services] [98714073a985d3eab79efb07c044a316]
https://h6.mobilevikings.be [502] [GET] [text/html] [ERROR: The request could not be satisfied] [CloudFront] [cloudfront] [Amazon Cloudfront,Amazon Web Services] [791063e0c5f7d38dbb216092a2a44bc4]
https://h6.mobilevikings.be [502] [GET] [text/html] [ERROR: The request could not be satisfied] [CloudFront] [cloudfront] [Amazon Cloudfront,Amazon Web Services] [f73006f858d824e7ce6ea65360ab2711]
https://hh.mobilevikings.be [502] [GET] [text/html] [ERROR: The request could not be satisfied] [CloudFront] [cloudfront] [Amazon Cloudfront,Amazon Web Services] [5d7254f48373f11f0197bc80d1a504fc]
https://hh.mobilevikings.be [502] [GET] [text/html] [ERROR: The request could not be satisfied] [CloudFront] [cloudfront] [Amazon Cloudfront,Amazon Web Services] [b1e33e58344274e00a072eab9b6f06a2]
https://home.mobilevikings.be [502] [GET] [text/html] [ERROR: The request could not be satisfied] [CloudFront] [cloudfront] [Amazon Cloudfront,Amazon Web Services] [a5575a6eb7da294261f3f92a434081a7]
https://home.mobilevikings.be [502] [GET] [text/html] [ERROR: The request could not be satisfied] [CloudFront] [cloudfront] [Amazon Cloudfront,Amazon Web Services] [e872ab67ff361be220b92f55f0330d20]
https://homepage1.mobilevikings.be [502] [GET] [text/html] [ERROR: The request could not be satisfied] [CloudFront] [cloudfront] [Amazon Cloudfront,Amazon Web Services] [56a5bf89e45bce26db8e1ea098eae4ba]
https://homepage1.mobilevikings.be [502] [GET] [text/html] [ERROR: The request could not be satisfied] [CloudFront] [cloudfront] [Amazon Cloudfront,Amazon Web Services] [a39736325e0f35c83bfd1addbe3302c7]
https://homepage2.mobilevikings.be [502] [GET] [text/html] [ERROR: The request could not be satisfied] [CloudFront] [cloudfront] [Amazon Cloudfront,Amazon Web Services] [a7f1545bbdcab06e1694ecfb44908d20]
https://homepage2.mobilevikings.be [502] [GET] [text/html] [ERROR: The request could not be satisfied] [CloudFront] [cloudfront] [Amazon Cloudfront,Amazon Web Services] [b4675a9c3594e66e1243680a2c528db7]
https://homepage3.mobilevikings.be [502] [GET] [text/html] [ERROR: The request could not be satisfied] [CloudFront] [cloudfront] [Amazon Cloudfront,Amazon Web Services] [4bb2c4896d75795fa30cd79ffc501b94]
https://homepage3.mobilevikings.be [502] [GET] [text/html] [ERROR: The request could not be satisfied] [CloudFront] [cloudfront] [Amazon Cloudfront,Amazon Web Services] [4e70e85ec9437a398b20e67dead58cce]
https://homepage.mobilevikings.be [502] [GET] [text/html] [ERROR: The request could not be satisfied] [CloudFront] [cloudfront] [Amazon Cloudfront,Amazon Web Services] [3d1a34e1c4fec94a3d9fcd6fa58317d7]
https://homepage.mobilevikings.be [502] [GET] [text/html] [ERROR: The request could not be satisfied] [CloudFront] [cloudfront] [Amazon Cloudfront,Amazon Web Services] [dac90b6d928deed522c9d74f681b5709]
https://host.mobilevikings.be [502] [GET] [text/html] [ERROR: The request could not be satisfied] [CloudFront] [cloudfront] [Amazon Cloudfront,Amazon Web Services] [1ff777c5550a1a95309cceacf39d8e29]
https://host.mobilevikings.be [502] [GET] [text/html] [ERROR: The request could not be satisfied] [CloudFront] [cloudfront] [Amazon Cloudfront,Amazon Web Services] [28e83b480f551792770390736372e37c]
https://iimahd.mobilevikings.be [502] [GET] [text/html] [ERROR: The request could not be satisfied] [CloudFront] [cloudfront] [Amazon Cloudfront,Amazon Web Services] [612916dd8f3171dbe6a9568daf38da58]
https://iimahd.mobilevikings.be [502] [GET] [text/html] [ERROR: The request could not be satisfied] [CloudFront] [cloudfront] [Amazon Cloudfront,Amazon Web Services] [71af408764659c04612e544082c4e808]
https://infolab.mobilevikings.be [502] [GET] [text/html] [ERROR: The request could not be satisfied] [CloudFront] [cloudfront] [Amazon Cloudfront,Amazon Web Services] [61ad64a7dcfe25d0c69a42657701e9ac]
https://infolab.mobilevikings.be [502] [GET] [text/html] [ERROR: The request could not be satisfied] [CloudFront] [cloudfront] [Amazon Cloudfront,Amazon Web Services] [a59cdd08a6ac710deeccbc80358ecf39]
https://info.mobilevikings.be [502] [GET] [text/html] [ERROR: The request could not be satisfied] [CloudFront] [cloudfront] [Amazon Cloudfront,Amazon Web Services] [bd7da28d4f115f9ed0b164f3192eb906]
https://info.mobilevikings.be [502] [GET] [text/html] [ERROR: The request could not be satisfied] [CloudFront] [cloudfront] [Amazon Cloudfront,Amazon Web Services] [e24e888508c6ec3c58064a09b97ba8aa]
https://informatik.mobilevikings.be [502] [GET] [text/html] [ERROR: The request could not be satisfied] [CloudFront] [cloudfront] [Amazon Cloudfront,Amazon Web Services] [8604e31807e23ae5410680b417f4bacd]
https://informatik.mobilevikings.be [502] [GET] [text/html] [ERROR: The request could not be satisfied] [CloudFront] [cloudfront] [Amazon Cloudfront,Amazon Web Services] [9ec4f009cda3e711777c9f23d7e44cdd]
https://insight.mobilevikings.be [502] [GET] [text/html] [ERROR: The request could not be satisfied] [CloudFront] [cloudfront] [Amazon Cloudfront,Amazon Web Services] [07dfeae397ee6e1c73d7ffbe1f3d4f01]
https://insight.mobilevikings.be [502] [GET] [text/html] [ERROR: The request could not be satisfied] [CloudFront] [cloudfront] [Amazon Cloudfront,Amazon Web Services] [e7474c6a422a8cde6cfb4e700f9a5b18]
https://insights.mobilevikings.be [502] [GET] [text/html] [ERROR: The request could not be satisfied] [CloudFront] [cloudfront] [Amazon Cloudfront,Amazon Web Services] [4dd0c017c091faadbdf56526dbe39c51]
https://insights.mobilevikings.be [502] [GET] [text/html] [ERROR: The request could not be satisfied] [CloudFront] [cloudfront] [Amazon Cloudfront,Amazon Web Services] [a1fc59d72a997ff30c1bbc9bd24b4325]
https://inst.mobilevikings.be [502] [GET] [text/html] [ERROR: The request could not be satisfied] [CloudFront] [cloudfront] [Amazon Cloudfront,Amazon Web Services] [294afe72bfa4fb27eaa49a3b9c591542]
https://inst.mobilevikings.be [502] [GET] [text/html] [ERROR: The request could not be satisfied] [CloudFront] [cloudfront] [Amazon Cloudfront,Amazon Web Services] [5fcf8680084506c2e09a4e2ab5c7ba1d]
https://ipa.mobilevikings.be [502] [GET] [text/html] [ERROR: The request could not be satisfied] [CloudFront] [cloudfront] [Amazon Cloudfront,Amazon Web Services] [308430f2855c90f677841cc388552e01]
https://ipa.mobilevikings.be [502] [GET] [text/html] [ERROR: The request could not be satisfied] [CloudFront] [cloudfront] [Amazon Cloudfront,Amazon Web Services] [b43585fcfdeeece6bc4f94c5426b27e1]
https://jenkins-github-hook.mobilevikings.be [404] [GET] [text/plain] [] [] [efa6ba503d1db3c0aeb36d2dfe12081a]
https://jenkinsplay-github-hook.mobilevikings.be [404] [GET] [text/plain] [] [] [efa6ba503d1db3c0aeb36d2dfe12081a]
https://joeribot.mobilevikings.be [502] [GET] [text/html] [ERROR: The request could not be satisfied] [CloudFront] [cloudfront] [Amazon Cloudfront,Amazon Web Services] [26593a1464e2a6e1c708ff8a2551f243]
https://joeribot.mobilevikings.be [502] [GET] [text/html] [ERROR: The request could not be satisfied] [CloudFront] [cloudfront] [Amazon Cloudfront,Amazon Web Services] [ce5f644e1fd5976768eeff7bcd36724e]
https://k2.mobilevikings.be [502] [GET] [text/html] [ERROR: The request could not be satisfied] [CloudFront] [cloudfront] [Amazon Cloudfront,Amazon Web Services] [846832b7b347c10d1f3da638a34c2e0d]
https://k2.mobilevikings.be [502] [GET] [text/html] [ERROR: The request could not be satisfied] [CloudFront] [cloudfront] [Amazon Cloudfront,Amazon Web Services] [e1434066f3987872203d9d66bb2bcfb2]
https://k3.mobilevikings.be [502] [GET] [text/html] [ERROR: The request could not be satisfied] [CloudFront] [cloudfront] [Amazon Cloudfront,Amazon Web Services] [3f43fe45c2cc756190033f1c333f2cc4]
https://k3.mobilevikings.be [502] [GET] [text/html] [ERROR: The request could not be satisfied] [CloudFront] [cloudfront] [Amazon Cloudfront,Amazon Web Services] [474bcd2874293302bd6f64bbfbcf8042]
https://k4.mobilevikings.be [502] [GET] [text/html] [ERROR: The request could not be satisfied] [CloudFront] [cloudfront] [Amazon Cloudfront,Amazon Web Services] [9ac96f23bd17e2828d6c232173da3f63]
https://k4.mobilevikings.be [502] [GET] [text/html] [ERROR: The request could not be satisfied] [CloudFront] [cloudfront] [Amazon Cloudfront,Amazon Web Services] [ef3a624b03470d7401316ffa68619052]
https://k5.mobilevikings.be [502] [GET] [text/html] [ERROR: The request could not be satisfied] [CloudFront] [cloudfront] [Amazon Cloudfront,Amazon Web Services] [bac4928078c541334fe6569b6e50673b]
https://k5.mobilevikings.be [502] [GET] [text/html] [ERROR: The request could not be satisfied] [CloudFront] [cloudfront] [Amazon Cloudfront,Amazon Web Services] [d97eeb034420c6d3746941bfe0034627]
https://keycloak.idm.mobilevikings.be [502] [GET] [text/html] [ERROR: The request could not be satisfied] [CloudFront] [cloudfront] [Amazon Cloudfront,Amazon Web Services] [c38090cc0bf363544440afa89447e531]
https://keycloak.idm.mobilevikings.be [502] [GET] [text/html] [ERROR: The request could not be satisfied] [CloudFront] [cloudfront] [Amazon Cloudfront,Amazon Web Services] [c7386595e4cb92c2e9bbf4aac5041411]
https://kk.mobilevikings.be [502] [GET] [text/html] [ERROR: The request could not be satisfied] [CloudFront] [cloudfront] [Amazon Cloudfront,Amazon Web Services] [1569d703b58ce7340f80c8439848dd9a]
https://kk.mobilevikings.be [502] [GET] [text/html] [ERROR: The request could not be satisfied] [CloudFront] [cloudfront] [Amazon Cloudfront,Amazon Web Services] [aecaca9882ed858e88d248b8ccd3b727]
https://kr.mobilevikings.be [502] [GET] [text/html] [ERROR: The request could not be satisfied] [CloudFront] [cloudfront] [Amazon Cloudfront,Amazon Web Services] [b5c045ae3f10f3c768a9f39858ecc707]
https://kr.mobilevikings.be [502] [GET] [text/html] [ERROR: The request could not be satisfied] [CloudFront] [cloudfront] [Amazon Cloudfront,Amazon Web Services] [f9e458615ba00ec5fef3eda207539b45]
https://ku1720.mobilevikings.be [502] [GET] [text/html] [ERROR: The request could not be satisfied] [CloudFront] [cloudfront] [Amazon Cloudfront,Amazon Web Services] [83e59ee834bf54ce3cb8aa539f084618]
https://ku1720.mobilevikings.be [502] [GET] [text/html] [ERROR: The request could not be satisfied] [CloudFront] [cloudfront] [Amazon Cloudfront,Amazon Web Services] [fd28e79d6f07eb6dee1529f4bb35adbe]
https://ldap-pwdreset.mobilevikings.be [301] [GET] [text/html] [301 Moved Permanently] [] [vhost] [4f8e702cc244ec5d4de32740c0ecbd97]
https://local.mobilevikings.be [502] [GET] [text/html] [ERROR: The request could not be satisfied] [CloudFront] [cloudfront] [Amazon Cloudfront,Amazon Web Services] [395562e48667d6f2b1d6fad173c0e013]
https://local.mobilevikings.be [502] [GET] [text/html] [ERROR: The request could not be satisfied] [CloudFront] [cloudfront] [Amazon Cloudfront,Amazon Web Services] [b01bc3121437b867f551e95c062121ac]
https://lolcentral.mobilevikings.be [502] [GET] [text/html] [ERROR: The request could not be satisfied] [CloudFront] [cloudfront] [Amazon Cloudfront,Amazon Web Services] [16e0706669daf926ff596912c205bd14]
https://lolcentral.mobilevikings.be [502] [GET] [text/html] [ERROR: The request could not be satisfied] [CloudFront] [cloudfront] [Amazon Cloudfront,Amazon Web Services] [8b1058d2d2f9d29eb1e0a6e644d809e1]
https://mail.mobilevikings.be [502] [GET] [text/html] [ERROR: The request could not be satisfied] [CloudFront] [cloudfront] [Amazon Cloudfront,Amazon Web Services] [7f822b8155e5ee5c48d269787c0ba910]
https://mail.mobilevikings.be [502] [GET] [text/html] [ERROR: The request could not be satisfied] [CloudFront] [cloudfront] [Amazon Cloudfront,Amazon Web Services] [fd9cc5ba261dce16e444c86f22ea9ecd]
https://manager.mobilevikings.be [502] [GET] [text/html] [ERROR: The request could not be satisfied] [CloudFront] [cloudfront] [Amazon Cloudfront,Amazon Web Services] [4d7161d0d4fed1b480897c30d6bffb89]
https://manager.mobilevikings.be [502] [GET] [text/html] [ERROR: The request could not be satisfied] [CloudFront] [cloudfront] [Amazon Cloudfront,Amazon Web Services] [8ace2c859d430ec00247f6ec1f04e07f]
https://math.mobilevikings.be [502] [GET] [text/html] [ERROR: The request could not be satisfied] [CloudFront] [cloudfront] [Amazon Cloudfront,Amazon Web Services] [4eff4702dafe5abc4edccc7821f4e621]
https://math.mobilevikings.be [502] [GET] [text/html] [ERROR: The request could not be satisfied] [CloudFront] [cloudfront] [Amazon Cloudfront,Amazon Web Services] [6b105608c12aa29e5267d4159e48a3ec]
https://maven.mobilevikings.be [502] [GET] [text/html] [ERROR: The request could not be satisfied] [CloudFront] [cloudfront] [Amazon Cloudfront,Amazon Web Services] [00136fc416f605fa05e811db5c0b17ce]
https://maven.mobilevikings.be [502] [GET] [text/html] [ERROR: The request could not be satisfied] [CloudFront] [cloudfront] [Amazon Cloudfront,Amazon Web Services] [2f39504c1c3db9e80916435f0a5bd870]
https://members.mobilevikings.be [502] [GET] [text/html] [ERROR: The request could not be satisfied] [CloudFront] [cloudfront] [Amazon Cloudfront,Amazon Web Services] [7802411854db95f6ace2dc7113bf4dbf]
https://members.mobilevikings.be [502] [GET] [text/html] [ERROR: The request could not be satisfied] [CloudFront] [cloudfront] [Amazon Cloudfront,Amazon Web Services] [dcc5a8f0f9a5a330699d64c8d1fde347]
https://meme.mobilevikings.be [502] [GET] [text/html] [ERROR: The request could not be satisfied] [CloudFront] [cloudfront] [Amazon Cloudfront,Amazon Web Services] [6c64b699f002611a74ef601c88a914fb]
https://meme.mobilevikings.be [502] [GET] [text/html] [ERROR: The request could not be satisfied] [CloudFront] [cloudfront] [Amazon Cloudfront,Amazon Web Services] [d700fdc83f8d9b4bda848631fca4bfd7]
https://mgm.mobilevikings.be [401] [GET] [application/json] [] [] [vhost] [cloudfront] [Amazon Cloudfront,Amazon Web Services] [68e42d7780ee95a877a8ce115f38e809]
https://mips.mobilevikings.be [404] [GET] [text/html] [Not Found] [] [vhost] [cloudfront] [Amazon Cloudfront,Amazon Web Services] [64db5ad5f2ef41babdba80a6dd0518f6]
https://mobilevikings.be [302] [GET] [text/html] [] [] [vhost] [cloudfront] [Amazon Cloudfront,Amazon Web Services] [d41d8cd98f00b204e9800998ecf8427e]
https://mpk.mobilevikings.be [502] [GET] [text/html] [ERROR: The request could not be satisfied] [CloudFront] [cloudfront] [Amazon Cloudfront,Amazon Web Services] [404b94ea00a16ff7deee9a7633e7314f]
https://mpk.mobilevikings.be [502] [GET] [text/html] [ERROR: The request could not be satisfied] [CloudFront] [cloudfront] [Amazon Cloudfront,Amazon Web Services] [7e3a70de7b154b40f06297467a1afa6e]
https://ms.mobilevikings.be [502] [GET] [text/html] [ERROR: The request could not be satisfied] [CloudFront] [cloudfront] [Amazon Cloudfront,Amazon Web Services] [9f834374070250255a5b23f66a10ef1c]
https://ms.mobilevikings.be [502] [GET] [text/html] [ERROR: The request could not be satisfied] [CloudFront] [cloudfront] [Amazon Cloudfront,Amazon Web Services] [ef80304983628ff7e3120b86fec96b59]
https://music.mobilevikings.be [502] [GET] [text/html] [ERROR: The request could not be satisfied] [CloudFront] [cloudfront] [Amazon Cloudfront,Amazon Web Services] [ac2f037b087fb08cafa64ce94fc2ce3d]
https://music.mobilevikings.be [502] [GET] [text/html] [ERROR: The request could not be satisfied] [CloudFront] [cloudfront] [Amazon Cloudfront,Amazon Web Services] [f2784b46b9fab5081ae68f01e269597c]
https://mvn.mobilevikings.be [502] [GET] [text/html] [ERROR: The request could not be satisfied] [CloudFront] [cloudfront] [Amazon Cloudfront,Amazon Web Services] [83e60361644286c186e3c92f708dec65]
https://mvn.mobilevikings.be [502] [GET] [text/html] [ERROR: The request could not be satisfied] [CloudFront] [cloudfront] [Amazon Cloudfront,Amazon Web Services] [cfa3ba900737554b3a3a2bf2b254d518]
https://myhome.mobilevikings.be [502] [GET] [text/html] [ERROR: The request could not be satisfied] [CloudFront] [cloudfront] [Amazon Cloudfront,Amazon Web Services] [13ad591b2cd65fe771d0a533a88db457]
https://myhome.mobilevikings.be [502] [GET] [text/html] [ERROR: The request could not be satisfied] [CloudFront] [cloudfront] [Amazon Cloudfront,Amazon Web Services] [f494a6ed985b07d402ec314d1a9dbbe3]
https://my.mobilevikings.be [502] [GET] [text/html] [ERROR: The request could not be satisfied] [CloudFront] [cloudfront] [Amazon Cloudfront,Amazon Web Services] [4b129f70a457a2db716692b2213c3f49]
https://my.mobilevikings.be [502] [GET] [text/html] [ERROR: The request could not be satisfied] [CloudFront] [cloudfront] [Amazon Cloudfront,Amazon Web Services] [516896d0194e4ebdee63a30e25878ca3]
https://new.mobilevikings.be [502] [GET] [text/html] [ERROR: The request could not be satisfied] [CloudFront] [cloudfront] [Amazon Cloudfront,Amazon Web Services] [300bee5ddb428e4a00ffe4622ad989d5]
https://new.mobilevikings.be [502] [GET] [text/html] [ERROR: The request could not be satisfied] [CloudFront] [cloudfront] [Amazon Cloudfront,Amazon Web Services] [535e61c81449396f92dd1475615e6c15]
https://news.mobilevikings.be [502] [GET] [text/html] [ERROR: The request could not be satisfied] [CloudFront] [cloudfront] [Amazon Cloudfront,Amazon Web Services] [7329ce521d1f31192f75193b1de50aff]
https://news.mobilevikings.be [502] [GET] [text/html] [ERROR: The request could not be satisfied] [CloudFront] [cloudfront] [Amazon Cloudfront,Amazon Web Services] [8ddafa07827aaa20248e6df18aad4e55]
https://nn.mobilevikings.be [502] [GET] [text/html] [ERROR: The request could not be satisfied] [CloudFront] [cloudfront] [Amazon Cloudfront,Amazon Web Services] [41bcc293916324cec63353ab3ab2d390]
https://nn.mobilevikings.be [502] [GET] [text/html] [ERROR: The request could not be satisfied] [CloudFront] [cloudfront] [Amazon Cloudfront,Amazon Web Services] [5038df1460842dbdfe43c630e243fb4f]
https://order.mobilevikings.be [502] [GET] [text/html] [ERROR: The request could not be satisfied] [CloudFront] [cloudfront] [Amazon Cloudfront,Amazon Web Services] [376ad11cdbca6ba14c10b0f87f22e380]
https://order.mobilevikings.be [502] [GET] [text/html] [ERROR: The request could not be satisfied] [CloudFront] [cloudfront] [Amazon Cloudfront,Amazon Web Services] [c3c0b94a9f8f6f0e66b30f3359b1f057]
https://ota-tool.mobilevikings.be [502] [GET] [text/html] [ERROR: The request could not be satisfied] [CloudFront] [cloudfront] [Amazon Cloudfront,Amazon Web Services] [093747831847b47d73839114c834a34a]
https://ota-tool.mobilevikings.be [502] [GET] [text/html] [ERROR: The request could not be satisfied] [CloudFront] [cloudfront] [Amazon Cloudfront,Amazon Web Services] [475cc90cd5dccfa2cfe7eb0650521aa0]
https://passport.mobilevikings.be [502] [GET] [text/html] [ERROR: The request could not be satisfied] [CloudFront] [cloudfront] [Amazon Cloudfront,Amazon Web Services] [92a333e7803e47a35817aceeb170ed40]
https://passport.mobilevikings.be [502] [GET] [text/html] [ERROR: The request could not be satisfied] [CloudFront] [cloudfront] [Amazon Cloudfront,Amazon Web Services] [f72edae16308ec59f908dbe3675d9471]
https://pay.mobilevikings.be [301] [GET] [text/html] [301 Moved Permanently] [] [vhost] [cloudfront] [Amazon Cloudfront,Amazon Web Services] [4f8e702cc244ec5d4de32740c0ecbd97]
https://people.mobilevikings.be [502] [GET] [text/html] [ERROR: The request could not be satisfied] [CloudFront] [cloudfront] [Amazon Cloudfront,Amazon Web Services] [44ba6bbaf92a4ef12cd791476fdd0337]
https://people.mobilevikings.be [502] [GET] [text/html] [ERROR: The request could not be satisfied] [CloudFront] [cloudfront] [Amazon Cloudfront,Amazon Web Services] [d170e15960be47c6d13ddf4bd2b15878]
https://postur.mobilevikings.be [404] [GET] [text/html] [Not Found] [] [vhost] [cloudfront] [Amazon Cloudfront,Amazon Web Services] [64db5ad5f2ef41babdba80a6dd0518f6]
https://pp-677-poc-preview.dev-pub.mobilevikings.be [404] [GET] [] [] [nginx/1.21.6] [Nginx:1.21.6] [9d1ead73e678fa2f51a70a933b0bf017]
https://ppp.mobilevikings.be [502] [GET] [text/html] [ERROR: The request could not be satisfied] [CloudFront] [cloudfront] [Amazon Cloudfront,Amazon Web Services] [c5546abfa8babbcdee1dde9dd493e3a5]
https://ppp.mobilevikings.be [502] [GET] [text/html] [ERROR: The request could not be satisfied] [CloudFront] [cloudfront] [Amazon Cloudfront,Amazon Web Services] [f8317d5b5af4f935323387b1b9c88e5c]
https://prd-strapi.mobilevikings.be [404] [GET] [text/plain] [] [] [efa6ba503d1db3c0aeb36d2dfe12081a]
https://present.mobilevikings.be [301] [GET] [text/html] [301 Moved Permanently] [] [vhost] [4f8e702cc244ec5d4de32740c0ecbd97]
https://production.ssl.mobilevikings.be [502] [GET] [text/html] [ERROR: The request could not be satisfied] [CloudFront] [cloudfront] [Amazon Cloudfront,Amazon Web Services] [4811af4e929d88417ba14cdec22addcf]
https://production.ssl.mobilevikings.be [502] [GET] [text/html] [ERROR: The request could not be satisfied] [CloudFront] [cloudfront] [Amazon Cloudfront,Amazon Web Services] [76f8d9db5313d642f32243eacc5242cb]
https://prof.mobilevikings.be [502] [GET] [text/html] [ERROR: The request could not be satisfied] [CloudFront] [cloudfront] [Amazon Cloudfront,Amazon Web Services] [4102d37b02a639af580ce2013baa3651]
https://prof.mobilevikings.be [502] [GET] [text/html] [ERROR: The request could not be satisfied] [CloudFront] [cloudfront] [Amazon Cloudfront,Amazon Web Services] [e50d1f1667203ca6c56b73bd7f04a77d]
https://provincia.mobilevikings.be [502] [GET] [text/html] [ERROR: The request could not be satisfied] [CloudFront] [cloudfront] [Amazon Cloudfront,Amazon Web Services] [4c4b04adfdc8362f99556aafdb60977c]
https://provincia.mobilevikings.be [502] [GET] [text/html] [ERROR: The request could not be satisfied] [CloudFront] [cloudfront] [Amazon Cloudfront,Amazon Web Services] [dbaa9297918de54d544d4f0d5d5dec61]
https://pulse.mobilevikings.be [502] [GET] [text/html] [ERROR: The request could not be satisfied] [CloudFront] [cloudfront] [Amazon Cloudfront,Amazon Web Services] [20bdd90147d9ca644fcab6e64e34579f]
https://pulse.mobilevikings.be [502] [GET] [text/html] [ERROR: The request could not be satisfied] [CloudFront] [cloudfront] [Amazon Cloudfront,Amazon Web Services] [f7a6ffd84c2e721d206e30707c9a0792]
https://pup.mobilevikings.be [502] [GET] [text/html] [ERROR: The request could not be satisfied] [CloudFront] [cloudfront] [Amazon Cloudfront,Amazon Web Services] [291c2ff4ac1a9e415155ab0e5ee6a53e]
https://pup.mobilevikings.be [502] [GET] [text/html] [ERROR: The request could not be satisfied] [CloudFront] [cloudfront] [Amazon Cloudfront,Amazon Web Services] [f3a97fc18531317ecc60ceab730204f9]
https://regione.mobilevikings.be [502] [GET] [text/html] [ERROR: The request could not be satisfied] [CloudFront] [cloudfront] [Amazon Cloudfront,Amazon Web Services] [959aff3b7d0b77aa33662128c0ad48ea]
https://regione.mobilevikings.be [502] [GET] [text/html] [ERROR: The request could not be satisfied] [CloudFront] [cloudfront] [Amazon Cloudfront,Amazon Web Services] [9f9ffad017157ffab9ca8f2be93beaf3]
https://resume.mobilevikings.be [502] [GET] [text/html] [ERROR: The request could not be satisfied] [CloudFront] [cloudfront] [Amazon Cloudfront,Amazon Web Services] [2d37669542ad5c586cdb03c5e245fd10]
https://resume.mobilevikings.be [502] [GET] [text/html] [ERROR: The request could not be satisfied] [CloudFront] [cloudfront] [Amazon Cloudfront,Amazon Web Services] [8a293728f075ada2b6cf8abfc58cbc97]
https://rootsweb.mobilevikings.be [502] [GET] [text/html] [ERROR: The request could not be satisfied] [CloudFront] [cloudfront] [Amazon Cloudfront,Amazon Web Services] [28010b5386de347a28be12318931fa1e]
https://rootsweb.mobilevikings.be [502] [GET] [text/html] [ERROR: The request could not be satisfied] [CloudFront] [cloudfront] [Amazon Cloudfront,Amazon Web Services] [b4e5d2247d4d0f6a83c5367296105954]
https://s59v.mobilevikings.be [502] [GET] [text/html] [ERROR: The request could not be satisfied] [CloudFront] [cloudfront] [Amazon Cloudfront,Amazon Web Services] [0def8c8fd8dca9799cc6f03cd8054ee5]
https://s59v.mobilevikings.be [502] [GET] [text/html] [ERROR: The request could not be satisfied] [CloudFront] [cloudfront] [Amazon Cloudfront,Amazon Web Services] [46faa4253b7d6071878188881696aa53]
https://s8231.mobilevikings.be [502] [GET] [text/html] [ERROR: The request could not be satisfied] [CloudFront] [cloudfront] [Amazon Cloudfront,Amazon Web Services] [77505ed84a7fcbcb5ea439897e81268f]
https://s8231.mobilevikings.be [502] [GET] [text/html] [ERROR: The request could not be satisfied] [CloudFront] [cloudfront] [Amazon Cloudfront,Amazon Web Services] [7d6695dafd111590969b693b6b9320b6]
https://search.mobilevikings.be [502] [GET] [text/html] [ERROR: The request could not be satisfied] [CloudFront] [cloudfront] [Amazon Cloudfront,Amazon Web Services] [1e4250bcb99ef09f990cd5d3469ed07b]
https://search.mobilevikings.be [502] [GET] [text/html] [ERROR: The request could not be satisfied] [CloudFront] [cloudfront] [Amazon Cloudfront,Amazon Web Services] [ab6fc0844b173beac6e578d04228b83d]
https://secure.mobilevikings.be [502] [GET] [text/html] [ERROR: The request could not be satisfied] [CloudFront] [cloudfront] [Amazon Cloudfront,Amazon Web Services] [832ce5f443efb07c8af847b6bcff668c]
https://secure.mobilevikings.be [502] [GET] [text/html] [ERROR: The request could not be satisfied] [CloudFront] [cloudfront] [Amazon Cloudfront,Amazon Web Services] [a2dfde99054d59ff5a40ee57b274186b]
https://sentry.mobilevikings.be [302] [GET] [text/html] [] [nginx] [Nginx] [d41d8cd98f00b204e9800998ecf8427e]
https://server1.mobilevikings.be [502] [GET] [text/html] [ERROR: The request could not be satisfied] [CloudFront] [cloudfront] [Amazon Cloudfront,Amazon Web Services] [4bfd3b429d3812edc4c4bd7d32c02127]
https://server1.mobilevikings.be [502] [GET] [text/html] [ERROR: The request could not be satisfied] [CloudFront] [cloudfront] [Amazon Cloudfront,Amazon Web Services] [9ebe839167b2dcb498525fe43cd8d50f]
https://server.mobilevikings.be [502] [GET] [text/html] [ERROR: The request could not be satisfied] [CloudFront] [cloudfront] [Amazon Cloudfront,Amazon Web Services] [5081006ae65e393d35aa23e05f32b86d]
https://server.mobilevikings.be [502] [GET] [text/html] [ERROR: The request could not be satisfied] [CloudFront] [cloudfront] [Amazon Cloudfront,Amazon Web Services] [f1dd87dd206db2448464ffaf5451fe0d]
https://signup.mobilevikings.be [502] [GET] [text/html] [ERROR: The request could not be satisfied] [CloudFront] [cloudfront] [Amazon Cloudfront,Amazon Web Services] [a686932ca3d363a6441f30a6aefe2b75]
https://signup.mobilevikings.be [502] [GET] [text/html] [ERROR: The request could not be satisfied] [CloudFront] [cloudfront] [Amazon Cloudfront,Amazon Web Services] [df98a5304d2d3d59a531d77eb415c38f]
https://simba.mobilevikings.be [401] [GET] [application/json] [] [] [vhost] [cloudfront] [Amazon Cloudfront,Amazon Web Services] [68e42d7780ee95a877a8ce115f38e809]
https://sites.mobilevikings.be [502] [GET] [text/html] [ERROR: The request could not be satisfied] [CloudFront] [cloudfront] [Amazon Cloudfront,Amazon Web Services] [1e0e6d5fc06edd76303b4e0d8ca19cbd]
https://sites.mobilevikings.be [502] [GET] [text/html] [ERROR: The request could not be satisfied] [CloudFront] [cloudfront] [Amazon Cloudfront,Amazon Web Services] [c17a1ddcbe4f586420903c057a27107f]
https://skipta.mobilevikings.be [404] [GET] [text/html] [Not Found] [] [vhost] [cloudfront] [Amazon Cloudfront,Amazon Web Services] [64db5ad5f2ef41babdba80a6dd0518f6]
https://slovari.mobilevikings.be [502] [GET] [text/html] [ERROR: The request could not be satisfied] [CloudFront] [cloudfront] [Amazon Cloudfront,Amazon Web Services] [5005c19d3a952ed745bfc4a90c28986c]
https://slovari.mobilevikings.be [502] [GET] [text/html] [ERROR: The request could not be satisfied] [CloudFront] [cloudfront] [Amazon Cloudfront,Amazon Web Services] [f78e29efb4a4f4106d66069aad8b2d2f]
https://snurucallback.dev-pub.mobilevikings.be [400] [GET] [text/html] [400 No required SSL certificate was sent] [] [vhost] [08fee48a957bb5fb09679a318ee48bbc]
https://snurucallback.dev-pub.mobilevikings.be [400] [GET] [text/html] [400 No required SSL certificate was sent] [] [vhost] [6be05d19e4ca80eb3ef0a7f16f937f13]
https://snuru.mobilevikings.be [404] [GET] [text/html] [Not Found] [] [vhost] [64db5ad5f2ef41babdba80a6dd0518f6]
https://snuru.prd-pub.mobilevikings.be [400] [GET] [text/html] [400 No required SSL certificate was sent] [] [vhost] [08fee48a957bb5fb09679a318ee48bbc]
https://staging.api-2freedom.mobilevikings.be [502] [GET] [text/html] [ERROR: The request could not be satisfied] [CloudFront] [cloudfront] [Amazon Cloudfront,Amazon Web Services] [bae0fbfd607b5e239f4e1d783f44c66f]
https://staging.api-2freedom.mobilevikings.be [502] [GET] [text/html] [ERROR: The request could not be satisfied] [CloudFront] [cloudfront] [Amazon Cloudfront,Amazon Web Services] [caa1146ec00d7b1eda25523ff9caa6fc]
https://staging.api.mobilevikings.be [502] [GET] [text/html] [ERROR: The request could not be satisfied] [CloudFront] [cloudfront] [Amazon Cloudfront,Amazon Web Services] [77595a517d4d5a6fdd9aa0acc3817d6b]
https://staging.api.mobilevikings.be [502] [GET] [text/html] [ERROR: The request could not be satisfied] [CloudFront] [cloudfront] [Amazon Cloudfront,Amazon Web Services] [c55d93935003b64b506e4262b5b20c40]
https://staging.budskap.mobilevikings.be [502] [GET] [text/html] [ERROR: The request could not be satisfied] [CloudFront] [cloudfront] [Amazon Cloudfront,Amazon Web Services] [7b0418d714626c980c9c56ecfc4b70b8]
https://staging.budskap.mobilevikings.be [502] [GET] [text/html] [ERROR: The request could not be satisfied] [CloudFront] [cloudfront] [Amazon Cloudfront,Amazon Web Services] [90836ebb22995f1c60ff9f849af8288b]
https://staging.docs.mobilevikings.be [502] [GET] [text/html] [ERROR: The request could not be satisfied] [CloudFront] [cloudfront] [Amazon Cloudfront,Amazon Web Services] [d63566bb0c3afa5d0abe5fdb4b58e472]
https://staging.docs.mobilevikings.be [502] [GET] [text/html] [ERROR: The request could not be satisfied] [CloudFront] [cloudfront] [Amazon Cloudfront,Amazon Web Services] [e0c50b5a836e2d4cad7b6e12769529c4]
https://staging.ssl.mobilevikings.be [502] [GET] [text/html] [ERROR: The request could not be satisfied] [CloudFront] [cloudfront] [Amazon Cloudfront,Amazon Web Services] [9160b7189ead43a6c5aab7270b2be544]
https://staging.ssl.mobilevikings.be [502] [GET] [text/html] [ERROR: The request could not be satisfied] [CloudFront] [cloudfront] [Amazon Cloudfront,Amazon Web Services] [e4fd3c59e2bc2b5028791cf346aebfc9]
https://staging.static.mobilevikings.be [502] [GET] [text/html] [ERROR: The request could not be satisfied] [CloudFront] [cloudfront] [Amazon Cloudfront,Amazon Web Services] [766ae2903064107f991bf1ea419be3ac]
https://staging.static.mobilevikings.be [502] [GET] [text/html] [ERROR: The request could not be satisfied] [CloudFront] [cloudfront] [Amazon Cloudfront,Amazon Web Services] [8c2f4a6ec913350d42bde888505596cb]
https://stripo.mas.mobilevikings.be [404] [GET] [application/xml] [] [AmazonS3] [vhost] [cloudfront] [Amazon Cloudfront,Amazon S3,Amazon Web Services] [bbee0c26765ce34277597bab3e3f7b1b]
https://support.mobilevikings.be [301] [GET] [text/html] [] [cloudflare] [vhost] [cloudflare] [Cloudflare,Cloudflare Network Error Logging,Zendesk] [5d365f4d4377859a00e9ee493c0f7b6d]
https://symposium.mobilevikings.be [502] [GET] [text/html] [ERROR: The request could not be satisfied] [CloudFront] [cloudfront] [Amazon Cloudfront,Amazon Web Services] [373c1258b78fe0344b5b192476bae80d]
https://symposium.mobilevikings.be [502] [GET] [text/html] [ERROR: The request could not be satisfied] [CloudFront] [cloudfront] [Amazon Cloudfront,Amazon Web Services] [ed8855e76d5368cb72adbd62f100a880]
https://szghkf.mobilevikings.be [502] [GET] [text/html] [ERROR: The request could not be satisfied] [CloudFront] [cloudfront] [Amazon Cloudfront,Amazon Web Services] [a95608bb94564c7f3573f17e26d6782f]
https://szghkf.mobilevikings.be [502] [GET] [text/html] [ERROR: The request could not be satisfied] [CloudFront] [cloudfront] [Amazon Cloudfront,Amazon Web Services] [b06d9be7ee4085bb6c3d970e29e552a9]
https://ta47.mobilevikings.be [502] [GET] [text/html] [ERROR: The request could not be satisfied] [CloudFront] [cloudfront] [Amazon Cloudfront,Amazon Web Services] [72ab7f1a239af4e7cfc4140a01ba491e]
https://ta47.mobilevikings.be [502] [GET] [text/html] [ERROR: The request could not be satisfied] [CloudFront] [cloudfront] [Amazon Cloudfront,Amazon Web Services] [c867abc37f849ba0561e00b7c7c12152]
https://taxa.mobilevikings.be [502] [GET] [text/html] [ERROR: The request could not be satisfied] [CloudFront] [cloudfront] [Amazon Cloudfront,Amazon Web Services] [135cf35d3fb557f7c22829f503b27b54]
https://taxa.mobilevikings.be [502] [GET] [text/html] [ERROR: The request could not be satisfied] [CloudFront] [cloudfront] [Amazon Cloudfront,Amazon Web Services] [3f5a3f232f4a8fda22ddeaa10b78d94b]
https://top100.mobilevikings.be [502] [GET] [text/html] [ERROR: The request could not be satisfied] [CloudFront] [cloudfront] [Amazon Cloudfront,Amazon Web Services] [8803d3fea123ddd1a973a57e77ba7c5c]
https://top100.mobilevikings.be [502] [GET] [text/html] [ERROR: The request could not be satisfied] [CloudFront] [cloudfront] [Amazon Cloudfront,Amazon Web Services] [fda0e85efa1dd7444487c1fc3a6ef905]
https://tribunale.mobilevikings.be [502] [GET] [text/html] [ERROR: The request could not be satisfied] [CloudFront] [cloudfront] [Amazon Cloudfront,Amazon Web Services] [56b93b20ecc89b38ad66f55609beac70]
https://tribunale.mobilevikings.be [502] [GET] [text/html] [ERROR: The request could not be satisfied] [CloudFront] [cloudfront] [Amazon Cloudfront,Amazon Web Services] [5bbecc563be810720a8544c6162ec6f2]
https://trinityriver.mobilevikings.be [502] [GET] [text/html] [ERROR: The request could not be satisfied] [CloudFront] [cloudfront] [Amazon Cloudfront,Amazon Web Services] [bd440e2968afac1c01a8c2718990a16f]
https://trinityriver.mobilevikings.be [502] [GET] [text/html] [ERROR: The request could not be satisfied] [CloudFront] [cloudfront] [Amazon Cloudfront,Amazon Web Services] [daf21a727a7c9151897d4406ebcf46b2]
https://uni.mobilevikings.be [502] [GET] [text/html] [ERROR: The request could not be satisfied] [CloudFront] [cloudfront] [Amazon Cloudfront,Amazon Web Services] [196a3edd4e1b933d453d1daf830ffa3b]
https://uni.mobilevikings.be [502] [GET] [text/html] [ERROR: The request could not be satisfied] [CloudFront] [cloudfront] [Amazon Cloudfront,Amazon Web Services] [55284ef1ece9dfc4b4a7462c31fa664c]
https://union.mobilevikings.be [502] [GET] [text/html] [ERROR: The request could not be satisfied] [CloudFront] [cloudfront] [Amazon Cloudfront,Amazon Web Services] [9dd928d57408d70bdf66b1e6d44f0ff8]
https://union.mobilevikings.be [502] [GET] [text/html] [ERROR: The request could not be satisfied] [CloudFront] [cloudfront] [Amazon Cloudfront,Amazon Web Services] [c06a82fc06ab08b522ebf11cad3ba704]
https://univ.mobilevikings.be [502] [GET] [text/html] [ERROR: The request could not be satisfied] [CloudFront] [cloudfront] [Amazon Cloudfront,Amazon Web Services] [22c707a5c10997c768c4d43ffa271eef]
https://univ.mobilevikings.be [502] [GET] [text/html] [ERROR: The request could not be satisfied] [CloudFront] [cloudfront] [Amazon Cloudfront,Amazon Web Services] [b408beb7985d179f56ebf097bb2c5d25]
https://user.mobilevikings.be [502] [GET] [text/html] [ERROR: The request could not be satisfied] [CloudFront] [cloudfront] [Amazon Cloudfront,Amazon Web Services] [68af33c5f518992f6a3eea84c74ea130]
https://user.mobilevikings.be [502] [GET] [text/html] [ERROR: The request could not be satisfied] [CloudFront] [cloudfront] [Amazon Cloudfront,Amazon Web Services] [f1acf5aa2151de9df86c6a06e83a543e]
https://users.mobilevikings.be [502] [GET] [text/html] [ERROR: The request could not be satisfied] [CloudFront] [cloudfront] [Amazon Cloudfront,Amazon Web Services] [4bad9b612f1f3ebca38168c2d75291f1]
https://users.mobilevikings.be [502] [GET] [text/html] [ERROR: The request could not be satisfied] [CloudFront] [cloudfront] [Amazon Cloudfront,Amazon Web Services] [be7c475d4bdc748ea9e47c166c02c5a0]
https://uwa.mobilevikings.be [302] [GET] [text/html] [] [] [vhost] [cloudfront] [Amazon Cloudfront,Amazon Web Services] [d41d8cd98f00b204e9800998ecf8427e]
https://varnish.mobilevikings.be [502] [GET] [text/html] [ERROR: The request could not be satisfied] [CloudFront] [cloudfront] [Amazon Cloudfront,Amazon Web Services] [04a81d82209df4563b56bb58458a3849]
https://varnish.mobilevikings.be [502] [GET] [text/html] [ERROR: The request could not be satisfied] [CloudFront] [cloudfront] [Amazon Cloudfront,Amazon Web Services] [f9e16a0c70363d41c5191486a5735f47]
https://vctry-prxy.dev.mobilevikings.be [403] [GET] [text/html] [403 Forbidden] [] [vhost] [9fe3cb2b7313dc79bb477bc8fde184a7]
https://vctry-prxy.mobilevikings.be [502] [GET] [text/html] [ERROR: The request could not be satisfied] [CloudFront] [cloudfront] [Amazon Cloudfront,Amazon Web Services] [0b91f2057ef5a84b5a03c2f9e01178c1]
https://vctry-prxy.mobilevikings.be [502] [GET] [text/html] [ERROR: The request could not be satisfied] [CloudFront] [cloudfront] [Amazon Cloudfront,Amazon Web Services] [99eb72ac6f6ea0949b90041c42f99ef7]
https://vikinginspace.mobilevikings.be [502] [GET] [text/html] [ERROR: The request could not be satisfied] [CloudFront] [cloudfront] [Amazon Cloudfront,Amazon Web Services] [4cd2e85caa7836d28991b50a198c683f]
https://vikinginspace.mobilevikings.be [502] [GET] [text/html] [ERROR: The request could not be satisfied] [CloudFront] [cloudfront] [Amazon Cloudfront,Amazon Web Services] [ce527e4aabc1471f87025581bba9aceb]
https://vpn.mas-pub.mobilevikings.be [404] [GET] [text/plain] [] [] [efa6ba503d1db3c0aeb36d2dfe12081a]
https://webmail.mobilevikings.be [502] [GET] [text/html] [ERROR: The request could not be satisfied] [CloudFront] [cloudfront] [Amazon Cloudfront,Amazon Web Services] [3dfcf428a77d8e8fa8eac10480e7803e]
https://webmail.mobilevikings.be [502] [GET] [text/html] [ERROR: The request could not be satisfied] [CloudFront] [cloudfront] [Amazon Cloudfront,Amazon Web Services] [cfc12957c74d1ef6ee2f5ff86f68992b]
https://web.mobilevikings.be [502] [GET] [text/html] [ERROR: The request could not be satisfied] [CloudFront] [cloudfront] [Amazon Cloudfront,Amazon Web Services] [34b8d5dc63f9028b7e0a9fdb6910dc60]
https://web.mobilevikings.be [502] [GET] [text/html] [ERROR: The request could not be satisfied] [CloudFront] [cloudfront] [Amazon Cloudfront,Amazon Web Services] [f6b6a101d72d055a8575435769b835d9]
https://wenku.mobilevikings.be [502] [GET] [text/html] [ERROR: The request could not be satisfied] [CloudFront] [cloudfront] [Amazon Cloudfront,Amazon Web Services] [69395e138d4cea4fda93b3c3547162de]
https://wenku.mobilevikings.be [502] [GET] [text/html] [ERROR: The request could not be satisfied] [CloudFront] [cloudfront] [Amazon Cloudfront,Amazon Web Services] [77eaaa4d67a35c5cfbec90e07b9d28cf]
https://whodis.mobilevikings.be [403] [GET] [text/html] [403 Forbidden] [] [vhost] [cloudfront] [Amazon Cloudfront,Amazon Web Services] [4b074b0b59693fa9f94fb71b175fb187]
https://work.mobilevikings.be [200] [GET] [text/html] [Homepage - Work at Mobile Vikings] [] [vhost] [cloudfront] [Amazon Cloudfront,Amazon Web Services,Google Font API,Google Tag Manager,MySQL,PHP,WordPress,Yoast SEO:17.9] [4131ee2f767d0263d6465f351ad1e345]
https://ww5.mobilevikings.be [502] [GET] [text/html] [ERROR: The request could not be satisfied] [CloudFront] [cloudfront] [Amazon Cloudfront,Amazon Web Services] [550bd5d5916650999c7f891c9780d299]
https://ww5.mobilevikings.be [502] [GET] [text/html] [ERROR: The request could not be satisfied] [CloudFront] [cloudfront] [Amazon Cloudfront,Amazon Web Services] [9d1a33b8b63d35408e75101146f14fff]
https://www2s.mobilevikings.be [502] [GET] [text/html] [ERROR: The request could not be satisfied] [CloudFront] [cloudfront] [Amazon Cloudfront,Amazon Web Services] [851bc84ba0c711cd7f280eb122c714d0]
https://www2s.mobilevikings.be [502] [GET] [text/html] [ERROR: The request could not be satisfied] [CloudFront] [cloudfront] [Amazon Cloudfront,Amazon Web Services] [c8d002e38d8257803d61e06d1251a925]
https://www2u.mobilevikings.be [502] [GET] [text/html] [ERROR: The request could not be satisfied] [CloudFront] [cloudfront] [Amazon Cloudfront,Amazon Web Services] [70fb67166bc8325e2bddadc8397e31be]
https://www2u.mobilevikings.be [502] [GET] [text/html] [ERROR: The request could not be satisfied] [CloudFront] [cloudfront] [Amazon Cloudfront,Amazon Web Services] [fe98e48098a221d2b8e3b5165d4b43c1]
https://www4b.mobilevikings.be [502] [GET] [text/html] [ERROR: The request could not be satisfied] [CloudFront] [cloudfront] [Amazon Cloudfront,Amazon Web Services] [3ffa8468992825f532f9f23d4b21fb39]
https://www4b.mobilevikings.be [502] [GET] [text/html] [ERROR: The request could not be satisfied] [CloudFront] [cloudfront] [Amazon Cloudfront,Amazon Web Services] [ee081dfc6352e37585b2324ad6922325]
https://www5a.mobilevikings.be [502] [GET] [text/html] [ERROR: The request could not be satisfied] [CloudFront] [cloudfront] [Amazon Cloudfront,Amazon Web Services] [5497628a4fb154598951393e6d014eb9]
https://www5a.mobilevikings.be [502] [GET] [text/html] [ERROR: The request could not be satisfied] [CloudFront] [cloudfront] [Amazon Cloudfront,Amazon Web Services] [634c82c91408944bf273f066c642fd91]
https://www5b.mobilevikings.be [502] [GET] [text/html] [ERROR: The request could not be satisfied] [CloudFront] [cloudfront] [Amazon Cloudfront,Amazon Web Services] [1a72c92dfcd8aa551d231df22c208a34]
https://www5b.mobilevikings.be [502] [GET] [text/html] [ERROR: The request could not be satisfied] [CloudFront] [cloudfront] [Amazon Cloudfront,Amazon Web Services] [e54e1a9900c2ab863090e78fff4f905b]
https://www5c.mobilevikings.be [502] [GET] [text/html] [ERROR: The request could not be satisfied] [CloudFront] [cloudfront] [Amazon Cloudfront,Amazon Web Services] [4ad1fbd1dde1ff2acfc38d8946a86332]
https://www5c.mobilevikings.be [502] [GET] [text/html] [ERROR: The request could not be satisfied] [CloudFront] [cloudfront] [Amazon Cloudfront,Amazon Web Services] [7d4fa28f9d97d4b1165672395afaea68]
https://www5d.mobilevikings.be [502] [GET] [text/html] [ERROR: The request could not be satisfied] [CloudFront] [cloudfront] [Amazon Cloudfront,Amazon Web Services] [67c3e6844453a40402384a68e60297b7]
https://www5d.mobilevikings.be [502] [GET] [text/html] [ERROR: The request could not be satisfied] [CloudFront] [cloudfront] [Amazon Cloudfront,Amazon Web Services] [d9f706d5c84c4e60ae188e6d40d5b985]
https://www5f.mobilevikings.be [502] [GET] [text/html] [ERROR: The request could not be satisfied] [CloudFront] [cloudfront] [Amazon Cloudfront,Amazon Web Services] [22a616efd2fb156e95512559678cd028]
https://www5f.mobilevikings.be [502] [GET] [text/html] [ERROR: The request could not be satisfied] [CloudFront] [cloudfront] [Amazon Cloudfront,Amazon Web Services] [9387a0bae3c0b2f33db4a18e0354a261]
https://www7a.mobilevikings.be [502] [GET] [text/html] [ERROR: The request could not be satisfied] [CloudFront] [cloudfront] [Amazon Cloudfront,Amazon Web Services] [15c6514e76c7139f3d0afaaefe97c49d]
https://www7a.mobilevikings.be [502] [GET] [text/html] [ERROR: The request could not be satisfied] [CloudFront] [cloudfront] [Amazon Cloudfront,Amazon Web Services] [b63b3585405ad355083e0915c9a31ce3]
https://www7b.mobilevikings.be [502] [GET] [text/html] [ERROR: The request could not be satisfied] [CloudFront] [cloudfront] [Amazon Cloudfront,Amazon Web Services] [48aabe9758287d3110b81da541e44662]
https://www7b.mobilevikings.be [502] [GET] [text/html] [ERROR: The request could not be satisfied] [CloudFront] [cloudfront] [Amazon Cloudfront,Amazon Web Services] [87db5e6e44d0c2c6eeee134f1ffe41bc]
https://www.mobilevikings.be [301] [GET] [text/html] [301 Moved Permanently] [] [vhost] [cloudfront] [Amazon Cloudfront,Amazon Web Services] [4f8e702cc244ec5d4de32740c0ecbd97]
https://xroads.mobilevikings.be [502] [GET] [text/html] [ERROR: The request could not be satisfied] [CloudFront] [cloudfront] [Amazon Cloudfront,Amazon Web Services] [6f2d951ca5fa3156ad5785c697e2533c]
https://xroads.mobilevikings.be [502] [GET] [text/html] [ERROR: The request could not be satisfied] [CloudFront] [cloudfront] [Amazon Cloudfront,Amazon Web Services] [d8f5c99af1150d920f49b2ee6f424e99]
http://www.staging.mobilevikings.be [400] [GET] [text/html] [Invalid URL] [AkamaiGHost] [c6a5702a2691e4883a7dbf94732b1882]
