http://admin.moonwell.fi:2082 [301] [GET] [] [] [cloudflare] [vhost] [cloudflare] [Cloudflare,Cloudflare Network Error Logging] [d41d8cd98f00b204e9800998ecf8427e]
http://admin.moonwell.fi:2086 [301] [GET] [] [] [cloudflare] [vhost] [cloudflare] [Cloudflare,Cloudflare Network Error Logging] [d41d8cd98f00b204e9800998ecf8427e]
http://admin.moonwell.fi:8880 [301] [GET] [] [] [cloudflare] [vhost] [cloudflare] [Cloudflare,Cloudflare Network Error Logging] [d41d8cd98f00b204e9800998ecf8427e]
http://claims.moonwell.fi:2082 [301] [GET] [] [] [cloudflare] [vhost] [cloudflare] [Cloudflare,Cloudflare Network Error Logging] [d41d8cd98f00b204e9800998ecf8427e]
http://claims.moonwell.fi:2086 [301] [GET] [] [] [cloudflare] [vhost] [cloudflare] [Cloudflare,Cloudflare Network Error Logging] [d41d8cd98f00b204e9800998ecf8427e]
http://claims.moonwell.fi:8080 [301] [GET] [] [] [cloudflare] [vhost] [cloudflare] [Cloudflare,Cloudflare Network Error Logging] [d41d8cd98f00b204e9800998ecf8427e]
http://claims.moonwell.fi:8880 [301] [GET] [] [] [cloudflare] [vhost] [cloudflare] [Cloudflare,Cloudflare Network Error Logging] [d41d8cd98f00b204e9800998ecf8427e]
http://docs.moonwell.fi:2082 [302] [GET] [] [] [cloudflare] [vhost] [cloudflare] [Cloudflare] [d41d8cd98f00b204e9800998ecf8427e]
http://docs.moonwell.fi:2086 [302] [GET] [] [] [cloudflare] [vhost] [cloudflare] [Cloudflare] [d41d8cd98f00b204e9800998ecf8427e]
http://docs.moonwell.fi:8080 [302] [GET] [] [] [cloudflare] [vhost] [cloudflare] [Cloudflare] [d41d8cd98f00b204e9800998ecf8427e]
http://docs.moonwell.fi:8880 [302] [GET] [] [] [cloudflare] [vhost] [cloudflare] [Cloudflare] [d41d8cd98f00b204e9800998ecf8427e]
http://geoip.moonwell.fi:2082 [301] [GET] [] [] [cloudflare] [vhost] [cloudflare] [Cloudflare,Cloudflare Network Error Logging] [d41d8cd98f00b204e9800998ecf8427e]
http://geoip.moonwell.fi:2086 [301] [GET] [] [] [cloudflare] [vhost] [cloudflare] [Cloudflare,Cloudflare Network Error Logging] [d41d8cd98f00b204e9800998ecf8427e]
http://geoip.moonwell.fi:8880 [301] [GET] [] [] [cloudflare] [vhost] [cloudflare] [Cloudflare,Cloudflare Network Error Logging] [d41d8cd98f00b204e9800998ecf8427e]
http://moonwell.fi:2082 [301] [GET] [] [] [cloudflare] [vhost] [cloudflare] [Cloudflare,Cloudflare Network Error Logging] [d41d8cd98f00b204e9800998ecf8427e]
http://moonwell.fi:2086 [301] [GET] [] [] [cloudflare] [vhost] [cloudflare] [Cloudflare,Cloudflare Network Error Logging] [d41d8cd98f00b204e9800998ecf8427e]
http://moonwell.fi:8080 [301] [GET] [] [] [cloudflare] [vhost] [cloudflare] [Cloudflare,Cloudflare Network Error Logging] [d41d8cd98f00b204e9800998ecf8427e]
http://moonwell.fi:8880 [301] [GET] [] [] [cloudflare] [vhost] [cloudflare] [Cloudflare,Cloudflare Network Error Logging] [d41d8cd98f00b204e9800998ecf8427e]
https://admin.moonwell.fi:2087 [302] [GET] [] [] [cloudflare] [vhost] [cloudflare] [Cloudflare,Cloudflare Network Error Logging] [d41d8cd98f00b204e9800998ecf8427e]
https://admin.moonwell.fi:2096 [302] [GET] [] [] [cloudflare] [vhost] [cloudflare] [Cloudflare,Cloudflare Network Error Logging] [d41d8cd98f00b204e9800998ecf8427e]
https://admin.moonwell.fi [302] [GET] [] [] [cloudflare] [vhost] [cloudflare] [Cloudflare,Cloudflare Network Error Logging] [d41d8cd98f00b204e9800998ecf8427e]
https://admin.moonwell.fi:8443 [302] [GET] [] [] [cloudflare] [vhost] [cloudflare] [Cloudflare,Cloudflare Network Error Logging] [d41d8cd98f00b204e9800998ecf8427e]
http://sale.moonwell.fi:2082 [301] [GET] [] [] [cloudflare] [vhost] [cloudflare] [Cloudflare,Cloudflare Network Error Logging] [d41d8cd98f00b204e9800998ecf8427e]
http://sale.moonwell.fi:2086 [301] [GET] [] [] [cloudflare] [vhost] [cloudflare] [Cloudflare,Cloudflare Network Error Logging] [d41d8cd98f00b204e9800998ecf8427e]
http://sale.moonwell.fi:8880 [301] [GET] [] [] [cloudflare] [vhost] [cloudflare] [Cloudflare,Cloudflare Network Error Logging] [d41d8cd98f00b204e9800998ecf8427e]
https://claims.moonwell.fi [200] [GET] [text/html] [Moonwell: DeFi's Liquidity Well] [cloudflare] [vhost] [cloudflare] [Cloudflare,Cloudflare Network Error Logging] [0a81447cb0adfcb7a09865d94d41660e]
https://claims.moonwell.fi:2083 [200] [GET] [text/html] [Moonwell: DeFi's Liquidity Well] [cloudflare] [vhost] [cloudflare] [Cloudflare,Cloudflare Network Error Logging] [0a81447cb0adfcb7a09865d94d41660e]
https://claims.moonwell.fi:2087 [200] [GET] [text/html] [Moonwell: DeFi's Liquidity Well] [cloudflare] [vhost] [cloudflare] [Cloudflare,Cloudflare Network Error Logging] [0a81447cb0adfcb7a09865d94d41660e]
https://claims.moonwell.fi:8443 [200] [GET] [text/html] [Moonwell: DeFi's Liquidity Well] [cloudflare] [vhost] [cloudflare] [Cloudflare,Cloudflare Network Error Logging] [0a81447cb0adfcb7a09865d94d41660e]
https://docs.moonwell.fi:2053 [302] [GET] [text/plain] [] [cloudflare] [vhost] [cloudflare] [Algolia,Cloudflare,Google Cloud,Google Cloud Trace] [c005243679480888242b71457fa1b433]
https://docs.moonwell.fi:2083 [302] [GET] [text/plain] [] [cloudflare] [vhost] [cloudflare] [Algolia,Cloudflare,Google Cloud,Google Cloud Trace] [c005243679480888242b71457fa1b433]
https://docs.moonwell.fi:2087 [302] [GET] [text/plain] [] [cloudflare] [vhost] [cloudflare] [Algolia,Cloudflare,Google Cloud,Google Cloud Trace] [c005243679480888242b71457fa1b433]
https://docs.moonwell.fi [302] [GET] [text/plain] [] [cloudflare] [vhost] [cloudflare] [Algolia,Cloudflare,Google Cloud,Google Cloud Trace] [c005243679480888242b71457fa1b433]
https://docs.moonwell.fi [403] [GET] [text/html] [Attention Required! | Cloudflare] [cloudflare] [vhost] [cloudflare] [Cloudflare] [a77b5a90f38b4c734eaf8250e5084118]
https://docs.moonwell.fi:8443 [302] [GET] [text/plain] [] [cloudflare] [vhost] [cloudflare] [Algolia,Cloudflare,Google Cloud,Google Cloud Trace] [c005243679480888242b71457fa1b433]
https://geoip.moonwell.fi [200] [GET] [application/json] [] [cloudflare] [vhost] [cloudflare] [Cloudflare,Cloudflare Network Error Logging] [f03cc427786416e04538d6030a147e6f]
https://geoip.moonwell.fi:2087 [200] [GET] [application/json] [] [cloudflare] [vhost] [cloudflare] [Cloudflare,Cloudflare Network Error Logging] [f03cc427786416e04538d6030a147e6f]
https://geoip.moonwell.fi:2096 [200] [GET] [application/json] [] [cloudflare] [vhost] [cloudflare] [Cloudflare,Cloudflare Network Error Logging] [f03cc427786416e04538d6030a147e6f]
https://geoip.moonwell.fi:8443 [200] [GET] [application/json] [] [cloudflare] [vhost] [cloudflare] [Cloudflare,Cloudflare Network Error Logging] [f03cc427786416e04538d6030a147e6f]
http://shop.moonwell.fi:2052 [403] [GET] [text/html] [Attention Required! | Cloudflare] [cloudflare] [Cloudflare,Cloudflare Network Error Logging] [ca7c932a571394624cfe9ef5196c4484]
http://shop.moonwell.fi:2082 [403] [GET] [text/html] [Attention Required! | Cloudflare] [cloudflare] [Cloudflare,Cloudflare Network Error Logging] [0d188876aee8b8a3172ab49dcb1a6608]
http://shop.moonwell.fi:2086 [403] [GET] [text/html] [Attention Required! | Cloudflare] [cloudflare] [Cloudflare,Cloudflare Network Error Logging] [16a90f788474853541bc4a398044b4c2]
http://shop.moonwell.fi:2095 [403] [GET] [text/html] [Attention Required! | Cloudflare] [cloudflare] [Cloudflare,Cloudflare Network Error Logging] [57813a1d134ff95e0aa2392d06b78c8a]
http://shop.moonwell.fi:8080 [403] [GET] [text/html] [Attention Required! | Cloudflare] [cloudflare] [Cloudflare,Cloudflare Network Error Logging] [72257722794e9f992031968dadda8594]
http://shop.moonwell.fi:8880 [403] [GET] [text/html] [Attention Required! | Cloudflare] [cloudflare] [Cloudflare,Cloudflare Network Error Logging] [c2dde763411406d49ae9c3723dc6f645]
https://moonwell.fi [200] [GET] [text/html] [Moonwell: DeFi's Liquidity Well] [cloudflare] [vhost] [cloudflare] [Cloudflare,Cloudflare Network Error Logging] [0a81447cb0adfcb7a09865d94d41660e]
https://moonwell.fi:2083 [200] [GET] [text/html] [Moonwell: DeFi's Liquidity Well] [cloudflare] [vhost] [cloudflare] [Cloudflare,Cloudflare Network Error Logging] [0a81447cb0adfcb7a09865d94d41660e]
https://moonwell.fi:2087 [200] [GET] [text/html] [Moonwell: DeFi's Liquidity Well] [cloudflare] [vhost] [cloudflare] [Cloudflare,Cloudflare Network Error Logging] [0a81447cb0adfcb7a09865d94d41660e]
https://moonwell.fi:8443 [200] [GET] [text/html] [Moonwell: DeFi's Liquidity Well] [cloudflare] [vhost] [cloudflare] [Cloudflare,Cloudflare Network Error Logging] [0a81447cb0adfcb7a09865d94d41660e]
https://sale.moonwell.fi [200] [GET] [text/html] [Moonwell: DeFi's Liquidity Well] [cloudflare] [vhost] [cloudflare] [Cloudflare,Cloudflare Network Error Logging] [0a81447cb0adfcb7a09865d94d41660e]
https://sale.moonwell.fi:2087 [200] [GET] [text/html] [Moonwell: DeFi's Liquidity Well] [cloudflare] [vhost] [cloudflare] [Cloudflare,Cloudflare Network Error Logging] [0a81447cb0adfcb7a09865d94d41660e]
https://sale.moonwell.fi:2096 [200] [GET] [text/html] [Moonwell: DeFi's Liquidity Well] [cloudflare] [vhost] [cloudflare] [Cloudflare,Cloudflare Network Error Logging] [0a81447cb0adfcb7a09865d94d41660e]
https://sale.moonwell.fi:8443 [200] [GET] [text/html] [Moonwell: DeFi's Liquidity Well] [cloudflare] [vhost] [cloudflare] [Cloudflare,Cloudflare Network Error Logging] [0a81447cb0adfcb7a09865d94d41660e]
https://shop.moonwell.fi [200] [GET] [text/html] [moonwelldefi] [cloudflare] [vhost] [Cloudflare,Cloudflare Network Error Logging,Shopify] [16b0b8fceb45f54d74daae6a4e20c7a5]
https://shop.moonwell.fi:2053 [403] [GET] [text/html] [Attention Required! | Cloudflare] [cloudflare] [vhost] [Cloudflare,Cloudflare Network Error Logging] [8f17b927ca5d10538d351336f8b6119c]
https://shop.moonwell.fi:2083 [403] [GET] [text/html] [Attention Required! | Cloudflare] [cloudflare] [vhost] [Cloudflare,Cloudflare Network Error Logging] [2012d36ee1b6a8ed239996efd29986c1]
https://shop.moonwell.fi:2087 [403] [GET] [text/html] [Attention Required! | Cloudflare] [cloudflare] [vhost] [Cloudflare,Cloudflare Network Error Logging] [2b3406385b1b1de4e57793bdb96f69d8]
https://shop.moonwell.fi:2096 [403] [GET] [text/html] [Attention Required! | Cloudflare] [cloudflare] [vhost] [Cloudflare,Cloudflare Network Error Logging] [d043b48d41715e71e9662a8d0885e060]
https://shop.moonwell.fi:8443 [403] [GET] [text/html] [Attention Required! | Cloudflare] [cloudflare] [vhost] [Cloudflare,Cloudflare Network Error Logging] [b84b113a621797fc470d9dd47023f312]
https://well-supply.moonwell.fi [200] [GET] [application/json] [] [cloudflare] [vhost] [cloudflare] [Cloudflare,Cloudflare Network Error Logging] [483c3c0260ed0b98189cceb8dc5fed2b]
https://well-supply.moonwell.fi [200] [GET] [application/json] [] [cloudflare] [vhost] [cloudflare] [Cloudflare,Cloudflare Network Error Logging] [60c9bf8aebe0f0402c4a6d5bda2e9b04]
https://well-supply.moonwell.fi:2083 [200] [GET] [application/json] [] [cloudflare] [vhost] [cloudflare] [Cloudflare,Cloudflare Network Error Logging] [483c3c0260ed0b98189cceb8dc5fed2b]
https://well-supply.moonwell.fi:2087 [200] [GET] [application/json] [] [cloudflare] [vhost] [cloudflare] [Cloudflare,Cloudflare Network Error Logging] [483c3c0260ed0b98189cceb8dc5fed2b]
https://well-supply.moonwell.fi:8443 [200] [GET] [application/json] [] [cloudflare] [vhost] [cloudflare] [Cloudflare,Cloudflare Network Error Logging] [483c3c0260ed0b98189cceb8dc5fed2b]
https://www.moonwell.fi:2083 [302] [GET] [] [] [cloudflare] [vhost] [cloudflare] [Cloudflare,Cloudflare Network Error Logging] [d41d8cd98f00b204e9800998ecf8427e]
https://www.moonwell.fi:2087 [302] [GET] [] [] [cloudflare] [vhost] [cloudflare] [Cloudflare,Cloudflare Network Error Logging] [d41d8cd98f00b204e9800998ecf8427e]
https://www.moonwell.fi [302] [GET] [] [] [cloudflare] [vhost] [cloudflare] [Cloudflare,Cloudflare Network Error Logging] [d41d8cd98f00b204e9800998ecf8427e]
https://www.moonwell.fi:8443 [302] [GET] [] [] [cloudflare] [vhost] [cloudflare] [Cloudflare,Cloudflare Network Error Logging] [d41d8cd98f00b204e9800998ecf8427e]
http://well-supply.moonwell.fi:2095 [301] [GET] [] [] [cloudflare] [vhost] [cloudflare] [Cloudflare,Cloudflare Network Error Logging] [d41d8cd98f00b204e9800998ecf8427e]
http://www.moonwell.fi:2082 [302] [GET] [] [] [cloudflare] [vhost] [cloudflare] [Cloudflare,Cloudflare Network Error Logging] [d41d8cd98f00b204e9800998ecf8427e]
http://www.moonwell.fi:2086 [302] [GET] [] [] [cloudflare] [vhost] [cloudflare] [Cloudflare,Cloudflare Network Error Logging] [d41d8cd98f00b204e9800998ecf8427e]
http://www.moonwell.fi:8080 [302] [GET] [] [] [cloudflare] [vhost] [cloudflare] [Cloudflare,Cloudflare Network Error Logging] [d41d8cd98f00b204e9800998ecf8427e]
http://www.moonwell.fi:8880 [302] [GET] [] [] [cloudflare] [vhost] [cloudflare] [Cloudflare,Cloudflare Network Error Logging] [d41d8cd98f00b204e9800998ecf8427e]
