http://academy.china.moonbeam.network:2082 [301] [GET] [] [] [cloudflare] [vhost] [cloudflare] [Cloudflare,Cloudflare Bot Management] [d41d8cd98f00b204e9800998ecf8427e]
http://academy.moonbeam.network:2082 [301] [GET] [] [] [cloudflare] [vhost] [cloudflare] [Cloudflare,Cloudflare Bot Management] [d41d8cd98f00b204e9800998ecf8427e]
http://rpc.api.moonbase.moonbeam.network:2086 [403] [GET] [text/plain] [] [cloudflare] [vhost] [cloudflare] [Cloudflare] [7b5ea53ba332630e5aca8e4abb807f70]
http://rpc.api.moonbase.moonbeam.network:8880 [403] [GET] [text/plain] [] [cloudflare] [vhost] [cloudflare] [Cloudflare] [7b5ea53ba332630e5aca8e4abb807f70]
http://rpc.api.moonbeam.network:2082 [403] [GET] [text/plain] [] [cloudflare] [vhost] [cloudflare] [Cloudflare] [7b5ea53ba332630e5aca8e4abb807f70]
http://rpc.api.moonbeam.network:8080 [403] [GET] [text/plain] [] [cloudflare] [vhost] [cloudflare] [Cloudflare] [7b5ea53ba332630e5aca8e4abb807f70]
http://rpc.api.moonbeam.network:8880 [403] [GET] [text/plain] [] [cloudflare] [vhost] [cloudflare] [Cloudflare] [7b5ea53ba332630e5aca8e4abb807f70]
http://rpc.api.moonriver.moonbeam.network:2082 [403] [GET] [text/plain] [] [cloudflare] [vhost] [cloudflare] [Cloudflare] [7b5ea53ba332630e5aca8e4abb807f70]
http://rpc.api.moonriver.moonbeam.network:2086 [403] [GET] [text/plain] [] [cloudflare] [vhost] [cloudflare] [Cloudflare] [7b5ea53ba332630e5aca8e4abb807f70]
http://rpc.api.moonriver.moonbeam.network:8080 [403] [GET] [text/plain] [] [cloudflare] [vhost] [cloudflare] [Cloudflare] [7b5ea53ba332630e5aca8e4abb807f70]
http://rpc.api.moonriver.moonbeam.network:8880 [403] [GET] [text/plain] [] [cloudflare] [vhost] [cloudflare] [Cloudflare] [7b5ea53ba332630e5aca8e4abb807f70]
http://rpc.moonriver.moonbeam.network:2082 [403] [GET] [text/plain] [] [cloudflare] [vhost] [cloudflare] [Cloudflare] [7b5ea53ba332630e5aca8e4abb807f70]
http://rpc.moonriver.moonbeam.network:2086 [403] [GET] [text/plain] [] [cloudflare] [vhost] [cloudflare] [Cloudflare] [7b5ea53ba332630e5aca8e4abb807f70]
http://rpc.moonriver.moonbeam.network:8880 [403] [GET] [text/plain] [] [cloudflare] [vhost] [cloudflare] [Cloudflare] [7b5ea53ba332630e5aca8e4abb807f70]
http://rpc.testnet.moonbeam.network:2082 [403] [GET] [text/plain] [] [cloudflare] [vhost] [cloudflare] [Cloudflare] [7b5ea53ba332630e5aca8e4abb807f70]
http://rpc.testnet.moonbeam.network:2086 [403] [GET] [text/plain] [] [cloudflare] [vhost] [cloudflare] [Cloudflare] [7b5ea53ba332630e5aca8e4abb807f70]
http://rpc.testnet.moonbeam.network:2095 [403] [GET] [text/plain] [] [cloudflare] [vhost] [cloudflare] [Cloudflare] [7b5ea53ba332630e5aca8e4abb807f70]
http://rpc.testnet.moonbeam.network:8080 [403] [GET] [text/plain] [] [cloudflare] [vhost] [cloudflare] [Cloudflare] [7b5ea53ba332630e5aca8e4abb807f70]
http://rpc.testnet.moonbeam.network:8880 [403] [GET] [text/plain] [] [cloudflare] [vhost] [cloudflare] [Cloudflare] [7b5ea53ba332630e5aca8e4abb807f70]
https://academy.china.moonbeam.network [200] [GET] [text/html] [Moonbeam China] [cloudflare] [vhost] [cloudflare] [Ahoy,Bootstrap:a14e0219bff457941c01e229139fcb9f4709e289,Cloudflare,Cloudflare Bot Management,Ruby,Ruby on Rails,Teachable] [4c34bed8aa9520b50c830a362e8f7de7]
https://academy.china.moonbeam.network [200] [GET] [text/html] [Moonbeam China] [cloudflare] [vhost] [cloudflare] [Ahoy,Bootstrap:a14e0219bff457941c01e229139fcb9f4709e289,Cloudflare,Cloudflare Bot Management,Ruby,Ruby on Rails,Teachable] [5a611039b60753a226015cc388489a35]
https://academy.china.moonbeam.network:2083 [403] [GET] [text/html] [Attention Required] [cloudflare] [vhost] [cloudflare] [Cloudflare,Cloudflare Bot Management] [c4ec3993114bab0dc8dc0a1cfca53c64]
https://academy.china.moonbeam.network:2087 [403] [GET] [text/html] [Attention Required] [cloudflare] [vhost] [cloudflare] [Cloudflare,Cloudflare Bot Management] [ec6534b618644232caf7029a4049c2fb]
https://academy.china.moonbeam.network:8443 [403] [GET] [text/html] [Attention Required] [cloudflare] [vhost] [cloudflare] [Cloudflare,Cloudflare Bot Management] [f3414f7e3e82ec9882a092d00d17ba95]
https://academy.moonbeam.network [200] [GET] [text/html] [Moonbuilders Academy | Moonbeam | Moonbuilders Academy] [cloudflare] [vhost] [cloudflare] [Ahoy,Cloudflare,Cloudflare Bot Management,Ruby,Ruby on Rails,Teachable] [04febff9653fd7be3f34d1720b3aab42]
https://academy.moonbeam.network [200] [GET] [text/html] [Moonbuilders Academy | Moonbeam | Moonbuilders Academy] [cloudflare] [vhost] [cloudflare] [Ahoy,Cloudflare,Cloudflare Bot Management,Ruby,Ruby on Rails,Teachable] [39b2462dd39976c166c4365ea9893417]
https://academy.moonbeam.network:2083 [403] [GET] [text/html] [Attention Required] [cloudflare] [vhost] [cloudflare] [Cloudflare,Cloudflare Bot Management] [331401f77296f88fe21dc97c3ca5868c]
https://academy.moonbeam.network:2087 [403] [GET] [text/html] [Attention Required] [cloudflare] [vhost] [cloudflare] [Cloudflare,Cloudflare Bot Management] [d569bfc0b23b1ea94fa3ca582a97a2d0]
https://academy.moonbeam.network:8443 [403] [GET] [text/html] [Attention Required] [cloudflare] [vhost] [cloudflare] [Cloudflare,Cloudflare Bot Management] [72b4b82d551d7266e79fbe6310fcbe77]
https://api.multisig.moonbeam.network [403] [GET] [text/plain] [] [awselb/2.0] [095afbf2f1f0e5be678f5dac5c54e717]
https://apps.moonbeam.network [200] [GET] [text/html] [Moonbeam Network Apps] [AmazonS3] [vhost] [cloudfront] [Amazon Cloudfront,Amazon S3,Amazon Web Services] [e144ae7eace5e189cb67bb9b094ff99f]
https://blockscout.moonbeam.network [200] [GET] [text/html] [Moonbeam Moonbeam Explorer] [Cowboy] [google] [Cowboy,Google Cloud,Google Cloud CDN] [e80f4e1a22ab734e44224322c2f3d63a]
https://blockscout.moonriver.moonbeam.network [200] [GET] [text/html] [Moonriver Moonbeam Explorer] [Cowboy] [google] [Cowboy,Google Cloud,Google Cloud CDN] [ffb3a3b466a1abd9a2b9e1cd5073192b]
https://dev.moonbase.multisig.moonbeam.network [403] [GET] [text/plain] [] [awselb/2.0] [095afbf2f1f0e5be678f5dac5c54e717]
https://dev.moonriver.multisig.moonbeam.network [403] [GET] [text/plain] [] [awselb/2.0] [08de2fdaabcd120b8ca1388d21179921]
https://docs.moonbeam.network [200] [GET] [text/html] [Moonbeam Docs] [AmazonS3] [vhost] [cloudfront] [Amazon Cloudfront,Amazon S3,Amazon Web Services,Google Font API,MkDocs:1.1.2] [2cd6af5204bdc6896198ab5500999a0a]
https://frag-moonbase-alpha-graph1.g.moonbase.moonbeam.network [405] [GET] [text/plain] [] [] [vhost] [google] [Google Cloud,Google Cloud CDN] [1bb04b36221098efe0950d88be98a000]
https://frag-moonbase-alpha-graph2.g.moonbase.moonbeam.network [405] [GET] [text/plain] [] [] [vhost] [google] [Google Cloud,Google Cloud CDN] [1bb04b36221098efe0950d88be98a000]
https://frag-moonbase-alpha-heavy.g.moonbase.moonbeam.network [403] [GET] [text/html] [403] [] [vhost] [google] [cf4bf23ae244e6fd5ca63598d4dcc82d]
https://frag-moonbase-alpha-ps-rpc.g.moonbase.moonbeam.network [405] [GET] [text/plain] [] [] [vhost] [google] [Google Cloud,Google Cloud CDN] [1bb04b36221098efe0950d88be98a000]
https://frag-moonbase-alpha-ps-rpc-ws.g.moonbase.moonbeam.network [502] [GET] [text/html] [502 Server Error] [] [vhost] [google] [47151679e6193060d77a7d92cbe4658c]
https://frag-moonbase-alpha-rpc.g.moonbase.moonbeam.network [403] [GET] [text/html] [403] [] [vhost] [google] [cf4bf23ae244e6fd5ca63598d4dcc82d]
https://frag-moonbase-alpha-rpc-ws-ws.g.moonbase.moonbeam.network [403] [GET] [text/html] [403] [] [vhost] [google] [cf4bf23ae244e6fd5ca63598d4dcc82d]
https://frag-moonbase-alpha-trace.g.moonbase.moonbeam.network [405] [GET] [text/plain] [] [] [vhost] [google] [Google Cloud,Google Cloud CDN] [1bb04b36221098efe0950d88be98a000]
https://frag-moonbase-alpha-trace-ws.g.moonbase.moonbeam.network [502] [GET] [text/html] [502 Server Error] [] [vhost] [google] [47151679e6193060d77a7d92cbe4658c]
https://frag-moonbase-beta-rpc.g.moonbase.moonbeam.network [405] [GET] [text/plain] [] [] [vhost] [google] [Google Cloud,Google Cloud CDN] [1bb04b36221098efe0950d88be98a000]
https://frag-moonbase-beta-rpc-ws.g.moonbase.moonbeam.network [502] [GET] [text/html] [502 Server Error] [] [vhost] [google] [47151679e6193060d77a7d92cbe4658c]
https://frag-moonbase-relay-rpc.g.moonbase.moonbeam.network [405] [GET] [text/plain] [] [] [vhost] [google] [Google Cloud,Google Cloud CDN] [1bb04b36221098efe0950d88be98a000]
https://frag-moonbase-relay-rpc-ws.g.moonbase.moonbeam.network [502] [GET] [text/html] [502 Server Error] [] [vhost] [google] [47151679e6193060d77a7d92cbe4658c]
https://frag-moonbase-sm-rpc.g.moonbase.moonbeam.network [405] [GET] [text/plain] [] [] [vhost] [google] [Google Cloud,Google Cloud CDN] [1bb04b36221098efe0950d88be98a000]
https://frag-moonbase-sm-rpc-ws.g.moonbase.moonbeam.network [400] [GET] [] [] [] [vhost] [google] [Google Cloud,Google Cloud CDN] [7d13b8765d3e0000823ba114752dc208]
https://frag-moonriver-rpc.g.moonriver.moonbeam.network [403] [GET] [text/html] [403] [] [vhost] [google] [cf4bf23ae244e6fd5ca63598d4dcc82d]
https://frag-moonriver-rpc-heavy.g.moonriver.moonbeam.network [403] [GET] [text/html] [403] [] [vhost] [google] [cf4bf23ae244e6fd5ca63598d4dcc82d]
https://frag-moonriver-rpc-heavy-ws.g.moonriver.moonbeam.network [403] [GET] [text/html] [403] [] [vhost] [google] [cf4bf23ae244e6fd5ca63598d4dcc82d]
https://frag-moonriver-rpc-ws-ws.g.moonriver.moonbeam.network [403] [GET] [text/html] [403] [] [vhost] [google] [cf4bf23ae244e6fd5ca63598d4dcc82d]
https://jpg-moonbeam-rpc.g.moonbeam.network [403] [GET] [text/html] [403] [] [vhost] [google] [cf4bf23ae244e6fd5ca63598d4dcc82d]
https://jpg-moonbeam-rpc-heavy.g.moonbeam.network [403] [GET] [text/html] [403] [] [vhost] [google] [cf4bf23ae244e6fd5ca63598d4dcc82d]
https://jpg-moonbeam-rpc-heavy-ws.g.moonbeam.network [403] [GET] [text/html] [403] [] [vhost] [google] [cf4bf23ae244e6fd5ca63598d4dcc82d]
https://jpg-moonbeam-rpc-ws-ws.g.moonbeam.network [403] [GET] [text/html] [403] [] [vhost] [google] [cf4bf23ae244e6fd5ca63598d4dcc82d]
https://moonbase-blockscout.testnet.moonbeam.network [200] [GET] [text/html] [Moonbase Moonbeam Explorer] [Cowboy] [google] [Cowboy,Google Cloud,Google Cloud CDN] [11f2b01aed6a170aa85ad95f2f1e7f89]
https://moonbase.multisig.moonbeam.network [403] [GET] [text/plain] [] [awselb/2.0] [095afbf2f1f0e5be678f5dac5c54e717]
https://moonbase.staging.multisig.moonbeam.network [403] [GET] [text/plain] [] [awselb/2.0] [095afbf2f1f0e5be678f5dac5c54e717]
https://moonbeam.network [200] [GET] [text/html] [Moonbeam | Polkadot Smart Contract Platform] [AmazonS3] [vhost] [cloudfront] [Amazon Cloudfront,Amazon S3,Amazon Web Services,Google Font API,Google Tag Manager,MySQL,PHP,WordPress,wpBakery] [d894966863f46c6f48bacb8ef535a96f]
https://moonbeam.staging.multisig.moonbeam.network [403] [GET] [text/plain] [] [awselb/2.0] [095afbf2f1f0e5be678f5dac5c54e717]
https://moonriver.multisig.moonbeam.network [403] [GET] [text/plain] [] [awselb/2.0] [095afbf2f1f0e5be678f5dac5c54e717]
https://moonriver.staging.multisig.moonbeam.network [403] [GET] [text/plain] [] [awselb/2.0] [095afbf2f1f0e5be678f5dac5c54e717]
https://mtlg-moonriver-chnlnk.g.moonriver.moonbeam.network [405] [GET] [text/plain] [] [] [vhost] [google] [Google Cloud,Google Cloud CDN] [1bb04b36221098efe0950d88be98a000]
https://mtlg-moonriver-chnlnk-ws.g.moonriver.moonbeam.network [502] [GET] [text/html] [502 Server Error] [] [vhost] [google] [47151679e6193060d77a7d92cbe4658c]
https://mtlg-moonriver-graph1.g.moonriver.moonbeam.network [405] [GET] [text/plain] [] [] [vhost] [google] [Google Cloud,Google Cloud CDN] [1bb04b36221098efe0950d88be98a000]
https://mtlg-moonriver-graph2.g.moonriver.moonbeam.network [405] [GET] [text/plain] [] [] [vhost] [google] [Google Cloud,Google Cloud CDN] [1bb04b36221098efe0950d88be98a000]
https://mtlg-moonriver-graph3.g.moonriver.moonbeam.network [405] [GET] [text/plain] [] [] [vhost] [google] [Google Cloud,Google Cloud CDN] [1bb04b36221098efe0950d88be98a000]
https://mtlg-moonriver-graph4.g.moonriver.moonbeam.network [405] [GET] [text/plain] [] [] [vhost] [google] [Google Cloud,Google Cloud CDN] [1bb04b36221098efe0950d88be98a000]
https://mtlg-moonriver-rpc.g.moonriver.moonbeam.network [403] [GET] [text/html] [403] [] [vhost] [google] [cf4bf23ae244e6fd5ca63598d4dcc82d]
https://mtlg-moonriver-rpc-heavy.g.moonriver.moonbeam.network [403] [GET] [text/html] [403] [] [vhost] [google] [cf4bf23ae244e6fd5ca63598d4dcc82d]
https://mtlg-moonriver-rpc-heavy-ws.g.moonriver.moonbeam.network [403] [GET] [text/html] [403] [] [vhost] [google] [cf4bf23ae244e6fd5ca63598d4dcc82d]
https://mtlg-moonriver-rpc-ws-ws.g.moonriver.moonbeam.network [403] [GET] [text/html] [403] [] [vhost] [google] [cf4bf23ae244e6fd5ca63598d4dcc82d]
https://multisig.moonbeam.network [200] [GET] [text/html] [Moonbeam Safe] [AmazonS3] [vhost] [cloudfront] [Amazon Cloudfront,Amazon S3,Amazon Web Services,Google Font API] [4eb22cf034b5fab704aeb636d68d1c00]
https://nlg-moonbeam-graph1.g.moonbeam.network [405] [GET] [text/plain] [] [] [vhost] [google] [Google Cloud,Google Cloud CDN] [1bb04b36221098efe0950d88be98a000]
https://nlg-moonbeam-graph2.g.moonbeam.network [405] [GET] [text/plain] [] [] [vhost] [google] [Google Cloud,Google Cloud CDN] [1bb04b36221098efe0950d88be98a000]
https://nlg-moonbeam-rpc.g.moonbeam.network [403] [GET] [text/html] [403] [] [vhost] [google] [cf4bf23ae244e6fd5ca63598d4dcc82d]
https://nlg-moonbeam-rpc-heavy.g.moonbeam.network [403] [GET] [text/html] [403] [] [vhost] [google] [cf4bf23ae244e6fd5ca63598d4dcc82d]
https://nlg-moonbeam-rpc-heavy-ws.g.moonbeam.network [403] [GET] [text/html] [403] [] [vhost] [google] [cf4bf23ae244e6fd5ca63598d4dcc82d]
https://nlg-moonbeam-rpc-ws-ws.g.moonbeam.network [403] [GET] [text/html] [403] [] [vhost] [google] [cf4bf23ae244e6fd5ca63598d4dcc82d]
https://roadmap.moonbeam.network [200] [GET] [text/html] [] [] [vhost] [cloudfront] [Amazon Cloudfront,Amazon Web Services,Typekit] [2a45fff34fa5c4a03ea62dcc9eb4f265]
https://roadmap.moonbeam.network [200] [GET] [text/html] [] [] [vhost] [cloudfront] [Amazon Cloudfront,Amazon Web Services,Typekit] [4103a6f37cbfad530ec90da17f89b70d]
https://rpc.api.moonbase.moonbeam.network:2087 [403] [GET] [text/plain] [] [cloudflare] [vhost] [cloudflare] [Cloudflare] [7b5ea53ba332630e5aca8e4abb807f70]
https://rpc.api.moonbase.moonbeam.network [403] [GET] [text/plain] [] [cloudflare] [vhost] [cloudflare] [Cloudflare] [7b5ea53ba332630e5aca8e4abb807f70]
https://rpc.api.moonbase.moonbeam.network:8443 [403] [GET] [text/plain] [] [cloudflare] [vhost] [cloudflare] [Cloudflare] [7b5ea53ba332630e5aca8e4abb807f70]
https://rpc.api.moonbeam.network:2083 [403] [GET] [text/plain] [] [cloudflare] [vhost] [cloudflare] [Cloudflare] [7b5ea53ba332630e5aca8e4abb807f70]
https://rpc.api.moonbeam.network:2087 [403] [GET] [text/plain] [] [cloudflare] [vhost] [cloudflare] [Cloudflare] [7b5ea53ba332630e5aca8e4abb807f70]
https://rpc.api.moonbeam.network [403] [GET] [text/plain] [] [cloudflare] [vhost] [cloudflare] [Cloudflare] [7b5ea53ba332630e5aca8e4abb807f70]
https://rpc.api.moonriver.moonbeam.network:2087 [403] [GET] [text/plain] [] [cloudflare] [vhost] [cloudflare] [Cloudflare] [7b5ea53ba332630e5aca8e4abb807f70]
https://rpc.api.moonriver.moonbeam.network:2096 [403] [GET] [text/plain] [] [cloudflare] [vhost] [cloudflare] [Cloudflare] [7b5ea53ba332630e5aca8e4abb807f70]
https://rpc.api.moonriver.moonbeam.network [403] [GET] [text/plain] [] [cloudflare] [vhost] [cloudflare] [Cloudflare] [7b5ea53ba332630e5aca8e4abb807f70]
https://rpc.api.moonriver.moonbeam.network:8443 [403] [GET] [text/plain] [] [cloudflare] [vhost] [cloudflare] [Cloudflare] [7b5ea53ba332630e5aca8e4abb807f70]
https://rpc.moonriver.moonbeam.network:2083 [403] [GET] [text/plain] [] [cloudflare] [vhost] [cloudflare] [Cloudflare] [7b5ea53ba332630e5aca8e4abb807f70]
https://rpc.moonriver.moonbeam.network:2087 [403] [GET] [text/plain] [] [cloudflare] [vhost] [cloudflare] [Cloudflare] [7b5ea53ba332630e5aca8e4abb807f70]
https://rpc.moonriver.moonbeam.network [403] [GET] [text/plain] [] [cloudflare] [vhost] [cloudflare] [Cloudflare] [7b5ea53ba332630e5aca8e4abb807f70]
https://rpc.testnet.moonbeam.network:2053 [403] [GET] [text/plain] [] [cloudflare] [vhost] [cloudflare] [Cloudflare] [7b5ea53ba332630e5aca8e4abb807f70]
https://rpc.testnet.moonbeam.network:2083 [403] [GET] [text/plain] [] [cloudflare] [vhost] [cloudflare] [Cloudflare] [7b5ea53ba332630e5aca8e4abb807f70]
https://rpc.testnet.moonbeam.network:2096 [403] [GET] [text/plain] [] [cloudflare] [vhost] [cloudflare] [Cloudflare] [7b5ea53ba332630e5aca8e4abb807f70]
https://rpc.testnet.moonbeam.network [403] [GET] [text/plain] [] [cloudflare] [vhost] [cloudflare] [Cloudflare] [7b5ea53ba332630e5aca8e4abb807f70]
https://rpc.testnet.moonbeam.network:8443 [403] [GET] [text/plain] [] [cloudflare] [vhost] [cloudflare] [Cloudflare] [7b5ea53ba332630e5aca8e4abb807f70]
https://sing-moonbase-alpha-heavy.g.moonbase.moonbeam.network [403] [GET] [text/html] [403] [] [vhost] [google] [cf4bf23ae244e6fd5ca63598d4dcc82d]
https://sing-moonbase-alpha-rpc.g.moonbase.moonbeam.network [403] [GET] [text/html] [403] [] [vhost] [google] [cf4bf23ae244e6fd5ca63598d4dcc82d]
https://sing-moonbase-alpha-rpc-ws-ws.g.moonbase.moonbeam.network [403] [GET] [text/html] [403] [] [vhost] [google] [cf4bf23ae244e6fd5ca63598d4dcc82d]
https://staging.moonbase.multisig.moonbeam.network [403] [GET] [text/plain] [] [awselb/2.0] [095afbf2f1f0e5be678f5dac5c54e717]
https://staging.moonriver.multisig.moonbeam.network [403] [GET] [text/plain] [] [awselb/2.0] [08de2fdaabcd120b8ca1388d21179921]
https://staging.multisig.moonbeam.network [200] [GET] [text/html] [Moonbeam Safe] [AmazonS3] [vhost] [cloudfront] [Amazon Cloudfront,Amazon S3,Amazon Web Services,Google Font API] [d462f8abf3868187d4275a49aaa45c27]
https://status.multisig.moonbeam.network [200] [GET] [text/html] [Moonbeam - Status] [Caddy] [vhost] [Caddy,Go,Google Font API,UIKit] [db8bcb88a7174d41b5086d7204a8ce59]
https://wss.api.moonbase.moonbeam.network [502] [GET] [text/html] [502 Bad Gateway] [cloudflare] [vhost] [cloudflare] [Cloudflare] [2b04736d96787f2c09e31a234e40273e]
https://wss.api.moonbeam.network [502] [GET] [text/html] [502 Bad Gateway] [cloudflare] [vhost] [cloudflare] [Cloudflare] [7418cbee906b4db0f20614d0eeebceff]
https://wss.moonriver.moonbeam.network:2083 [525] [GET] [] [] [cloudflare] [vhost] [cloudflare] [Cloudflare] [d41d8cd98f00b204e9800998ecf8427e]
https://wss.moonriver.moonbeam.network:2087 [521] [GET] [] [] [cloudflare] [vhost] [cloudflare] [Cloudflare] [d41d8cd98f00b204e9800998ecf8427e]
https://wss.moonriver.moonbeam.network [502] [GET] [text/html] [502 Server Error] [cloudflare] [vhost] [cloudflare] [Cloudflare] [47151679e6193060d77a7d92cbe4658c]
https://wss.moonriver.moonbeam.network:8443 [521] [GET] [] [] [cloudflare] [vhost] [cloudflare] [Cloudflare] [d41d8cd98f00b204e9800998ecf8427e]
https://wss.testnet.moonbeam.network [502] [GET] [text/html] [502 Bad Gateway] [cloudflare] [vhost] [cloudflare] [Cloudflare] [7418cbee906b4db0f20614d0eeebceff]
https://www.moonbeam.network [301] [GET] [] [] [AmazonS3] [vhost] [cloudfront] [Amazon Cloudfront,Amazon S3,Amazon Web Services] [d41d8cd98f00b204e9800998ecf8427e]
http://wss.api.moonbase.moonbeam.network:2083 [400] [GET] [text/html] [400 The plain HTTP request was sent to HTTPS port] [cloudflare] [cloudflare] [Cloudflare] [cd58783500d7fa3c58f88eb0ba22f4f8]
http://wss.api.moonbase.moonbeam.network:2087 [400] [GET] [text/html] [400 The plain HTTP request was sent to HTTPS port] [cloudflare] [cloudflare] [Cloudflare] [cd58783500d7fa3c58f88eb0ba22f4f8]
http://wss.api.moonbase.moonbeam.network:2096 [400] [GET] [text/html] [400 The plain HTTP request was sent to HTTPS port] [cloudflare] [cloudflare] [Cloudflare] [cd58783500d7fa3c58f88eb0ba22f4f8]
http://wss.api.moonbase.moonbeam.network:8443 [400] [GET] [text/html] [400 The plain HTTP request was sent to HTTPS port] [cloudflare] [cloudflare] [Cloudflare] [cd58783500d7fa3c58f88eb0ba22f4f8]
http://wss.api.moonbeam.network:2087 [400] [GET] [text/html] [400 The plain HTTP request was sent to HTTPS port] [cloudflare] [cloudflare] [Cloudflare] [cd58783500d7fa3c58f88eb0ba22f4f8]
http://wss.testnet.moonbeam.network:2053 [400] [GET] [text/html] [400 The plain HTTP request was sent to HTTPS port] [cloudflare] [cloudflare] [Cloudflare] [cd58783500d7fa3c58f88eb0ba22f4f8]
http://wss.testnet.moonbeam.network:2083 [400] [GET] [text/html] [400 The plain HTTP request was sent to HTTPS port] [cloudflare] [cloudflare] [Cloudflare] [cd58783500d7fa3c58f88eb0ba22f4f8]
http://wss.testnet.moonbeam.network:2096 [400] [GET] [text/html] [400 The plain HTTP request was sent to HTTPS port] [cloudflare] [cloudflare] [Cloudflare] [cd58783500d7fa3c58f88eb0ba22f4f8]
http://wss.testnet.moonbeam.network:8443 [400] [GET] [text/html] [400 The plain HTTP request was sent to HTTPS port] [cloudflare] [cloudflare] [Cloudflare] [20ad84d030031252141ca0b3fc0183f0]
