http://admin.muslimpro.com [404] [GET] [text/html] [Error 404 (Not Found)!!1] [ghs] [b81150861bf911f947660cf73bce77f6]
http://blog.muslimpro.com [404] [GET] [text/html] [Error 404 (Not Found)!!1] [ghs] [b81150861bf911f947660cf73bce77f6]
http://card.muslimpro.com [404] [GET] [text/html] [Error 404 (Not Found)!!1] [ghs] [b81150861bf911f947660cf73bce77f6]
http://dev.muslimpro.com [404] [GET] [text/html] [Error 404 (Not Found)!!1] [ghs] [b81150861bf911f947660cf73bce77f6]
http://dns.muslimpro.com [404] [GET] [text/html] [Error 404 (Not Found)!!1] [ghs] [b81150861bf911f947660cf73bce77f6]
http://eu-stage.muslimpro.com [404] [GET] [text/html] [Error 404 (Not Found)!!1] [ghs] [b81150861bf911f947660cf73bce77f6]
http://fownload.muslimpro.com [404] [GET] [text/html] [Error 404 (Not Found)!!1] [ghs] [b81150861bf911f947660cf73bce77f6]
http://hostmaster.muslimpro.com [404] [GET] [text/html] [Error 404 (Not Found)!!1] [ghs] [b81150861bf911f947660cf73bce77f6]
http://mobile.muslimpro.com [404] [GET] [text/html] [Error 404 (Not Found)!!1] [ghs] [b81150861bf911f947660cf73bce77f6]
http://preview.muslimpro.com [404] [GET] [text/html] [Error 404 (Not Found)!!1] [ghs] [b81150861bf911f947660cf73bce77f6]
http://remote.muslimpro.com [404] [GET] [text/html] [Error 404 (Not Found)!!1] [ghs] [b81150861bf911f947660cf73bce77f6]
http://salam.muslimpro.com [301] [GET] [text/html] [301 Moved Permanently] [nginx] [vhost] [Nginx] [4f8e702cc244ec5d4de32740c0ecbd97]
http://salam-wp.muslimpro.com [404] [GET] [text/html] [Error 404 (Not Found)!!1] [ghs] [b81150861bf911f947660cf73bce77f6]
https://api.muslimpro.com [404] [GET] [text/plain] [] [Google Frontend] [vhost] [Google App Engine,Google Cloud,Google Cloud Trace] [610bbaec4540d44471b7071f3473d1ca]
https://app-content.muslimpro.com [200] [GET] [text/html] [Muslim Pro] [nginx] [vhost] [Google Font API,MySQL,Nginx,PHP,WordPress,WordPress.com] [368da21bb0104d43b9963e1efc1d116a]
https://app-content.muslimpro.com [200] [GET] [text/html] [Muslim Pro] [nginx] [vhost] [Google Font API,MySQL,Nginx,PHP,WordPress,WordPress.com] [b617bedc931f36950cfe7f54ebc897dd]
https://boost.muslimpro.com [200] [GET] [text/html] [Activate Premium | Muslim Pro] [Google Frontend] [vhost] [Bootstrap,Font Awesome,Google App Engine,Google Cloud,Google Cloud Trace] [42a6d57b787e8da91b82bd9df581b412]
https://connect.muslimpro.com [200] [GET] [text/html] [Home - Connect - MuslimPro] [nginx] [vhost] [Divi,Google Font API,MailChimp,MySQL,Nginx,PHP,WordPress:6.0.1] [12382fd7885c8eed285173ed246b4762]
https://debug.muslimpro.com [200] [GET] [text/html] [] [Google Frontend] [vhost] [Google App Engine,Google Cloud,Google Cloud Trace] [8840a2c4ac9753dd450d33b0356accd0]
https://download2.muslimpro.com [403] [GET] [application/xml] [] [UploadServer] [vhost] [google] [e7a9350210b4dba641f6020447c96045]
https://download.muslimpro.com [403] [GET] [application/xml] [] [UploadServer] [vhost] [google] [e7a9350210b4dba641f6020447c96045]
https://email.mg.muslimpro.com [200] [GET] [application/octet-stream] [] [nginx] [Nginx] [9f36c1c909fa94ed5e7af41387ae3dae]
https://email.mg.muslimpro.com [404] [GET] [text/plain] [] [] [google] [595e88012a6521aae3e12cbebe76eb9e]
https://get.muslimpro.com [302] [GET] [text/html] [Accurate Prayer Times, Azan (Adhan) And Qibla Direction Worlwide | Muslim Pro] [Google Frontend] [vhost] [Bootstrap,Font Awesome,Google App Engine,Google Cloud,Google Cloud Trace,OWL Carousel,jQuery] [fdd9d7c1bcbdb58feba8c634c081f45f]
https://go.muslimpro.com [400] [GET] [text/html] [Invalid Dynamic Link] [] [vhost] [fastly] [Fastly] [13f4faea86a5d8a799a57a1bcd478434]
http://shop.muslimpro.com [404] [GET] [text/html] [Error 404 (Not Found)!!1] [ghs] [b81150861bf911f947660cf73bce77f6]
https://muslimpro.com [200] [GET] [text/html] [Accurate Prayer Times, Azan (Adhan) And Qibla Direction Worlwide | Muslim Pro] [Google Frontend] [vhost] [Bootstrap,Font Awesome,Google App Engine,Google Cloud,Google Cloud Trace,OWL Carousel,jQuery] [fdd9d7c1bcbdb58feba8c634c081f45f]
https://premium.muslimpro.com [200] [GET] [text/html] [Activate Premium | Muslim Pro] [Google Frontend] [vhost] [Bootstrap,Font Awesome,Google App Engine,Google Cloud,Google Cloud Trace] [a10af7726201af1cd5f20fb9711ecb9b]
https://redeem.muslimpro.com [200] [GET] [text/html] [Activate Premium | Muslim Pro] [Google Frontend] [vhost] [Bootstrap,Font Awesome,Google App Engine,Google Cloud,Google Cloud Trace] [a5213b3b07a9112b8440a4c055a467ee]
https://senheng.muslimpro.com [200] [GET] [text/html] [Activate Premium | Muslim Pro] [Google Frontend] [vhost] [Bootstrap,Font Awesome,Google App Engine,Google Cloud,Google Cloud Trace] [7142b16ab5145e72840c7c3fdce2a07c]
https://shopee.muslimpro.com [200] [GET] [text/html] [Activate Premium | Muslim Pro] [Google Frontend] [vhost] [Bootstrap,Font Awesome,Google App Engine,Google Cloud,Google Cloud Trace] [699a807733163c5282fb4b43e524d0b1]
http://staging.marketplace.muslimpro.com [404] [GET] [text/html] [Error 404 (Not Found)!!1] [ghs] [b81150861bf911f947660cf73bce77f6]
http://stats.muslimpro.com [404] [GET] [text/html] [Error 404 (Not Found)!!1] [ghs] [b81150861bf911f947660cf73bce77f6]
https://test.muslimpro.com [200] [GET] [text/html] [Activate Premium | Muslim Pro] [Google Frontend] [vhost] [Bootstrap,Font Awesome,Google App Engine,Google Cloud,Google Cloud Trace] [464b8a224b70d12a686f0556b638fc23]
https://www2.muslimpro.com [200] [GET] [text/html] [Accurate Prayer Times, Azan (Adhan) And Qibla Direction Worlwide | Muslim Pro] [Google Frontend] [vhost] [Bootstrap,Font Awesome,Google App Engine,Google Cloud,Google Cloud Trace,OWL Carousel,jQuery] [cd8c3f7d3eeaa36d9c26d7e7f3d001b0]
https://www.app-content.muslimpro.com [301] [GET] [text/html] [301 Moved Permanently] [nginx] [vhost] [Nginx] [4f8e702cc244ec5d4de32740c0ecbd97]
https://www.muslimpro.com [200] [GET] [text/html] [Accurate Prayer Times, Azan (Adhan) And Qibla Direction Worlwide | Muslim Pro] [Google Frontend] [vhost] [Bootstrap,Font Awesome,Google App Engine,Google Cloud,Google Cloud Trace,OWL Carousel,jQuery] [fdd9d7c1bcbdb58feba8c634c081f45f]
https://zurich.muslimpro.com [200] [GET] [text/html] [Activate Premium | Muslim Pro] [Google Frontend] [vhost] [Bootstrap,Font Awesome,Google App Engine,Google Cloud,Google Cloud Trace] [2b0518854060ed0a30e2b2b24316ae68]
http://unauthorized.muslimpro.com [404] [GET] [text/html] [Error 404 (Not Found)!!1] [ghs] [b81150861bf911f947660cf73bce77f6]
http://webdisk.muslimpro.com [404] [GET] [text/html] [Error 404 (Not Found)!!1] [ghs] [b81150861bf911f947660cf73bce77f6]
http://wp.muslimpro.com [404] [GET] [text/html] [Error 404 (Not Found)!!1] [ghs] [b81150861bf911f947660cf73bce77f6]
http://wwwkk.muslimpro.com [404] [GET] [text/html] [Error 404 (Not Found)!!1] [ghs] [b81150861bf911f947660cf73bce77f6]
http://yanka.muslimpro.com [404] [GET] [text/html] [Error 404 (Not Found)!!1] [ghs] [b81150861bf911f947660cf73bce77f6]
http://zanimatika.muslimpro.com [404] [GET] [text/html] [Error 404 (Not Found)!!1] [ghs] [b81150861bf911f947660cf73bce77f6]
http://zapiski.muslimpro.com [404] [GET] [text/html] [Error 404 (Not Found)!!1] [ghs] [b81150861bf911f947660cf73bce77f6]
http://zephyo.muslimpro.com [404] [GET] [text/html] [Error 404 (Not Found)!!1] [ghs] [b81150861bf911f947660cf73bce77f6]
http://zhc.muslimpro.com [404] [GET] [text/html] [Error 404 (Not Found)!!1] [ghs] [b81150861bf911f947660cf73bce77f6]
http://zionika.muslimpro.com [404] [GET] [text/html] [Error 404 (Not Found)!!1] [ghs] [b81150861bf911f947660cf73bce77f6]
http://zoltan.muslimpro.com [404] [GET] [text/html] [Error 404 (Not Found)!!1] [ghs] [b81150861bf911f947660cf73bce77f6]
http://zona.fmph.muslimpro.com [404] [GET] [text/html] [Error 404 (Not Found)!!1] [ghs] [b81150861bf911f947660cf73bce77f6]
http://zuhanyfej.muslimpro.com [404] [GET] [text/html] [Error 404 (Not Found)!!1] [ghs] [b81150861bf911f947660cf73bce77f6]
