http://2625a019b068474d8fdabb3e6868f582.es-kibana.myteksi.net [403] [GET] [text/html] [ERROR: The request could not be satisfied] [CloudFront] [cloudfront] [Amazon Cloudfront,Amazon Web Services] [b279f1cd63d24be88b86db166057331a]
http://pkcs7.myteksi.net [404] [GET] [text/plain] [] [] [d8f4a1993546cc4b850cde3599e27aec]
https://api.grabview.myteksi.net [400] [GET] [application/json] [] [nginx/1.17.10] [vhost] [azure] [Nginx:1.17.10] [8c940654a51215218becf21b1cfde5d0]
https://api.internal.waypoint.myteksi.net [404] [GET] [application/json] [] [envoy] [Envoy] [0e8cd5a38c3824ac9a366fb5a9c2e8eb]
https://api.us-east-2.internal.waypoint.myteksi.net [404] [GET] [application/json] [] [envoy] [Envoy] [0e8cd5a38c3824ac9a366fb5a9c2e8eb]
https://audit.es-kibana.myteksi.net [403] [GET] [text/html] [ERROR: The request could not be satisfied] [CloudFront] [cloudfront] [Amazon Cloudfront,Amazon Web Services] [4d67517e5626cac239a74e2dda281ad7]
https://audit.es-kibana.myteksi.net [403] [GET] [text/html] [ERROR: The request could not be satisfied] [CloudFront] [cloudfront] [Amazon Cloudfront,Amazon Web Services] [e7486c76e0698665f4d5b7f65ed51a3a]
https://autocall.myteksi.net [403] [GET] [application/xml] [] [AmazonS3] [vhost] [cloudfront] [Amazon Cloudfront,Amazon S3,Amazon Web Services] [cfaf7ddab8e02647fa4dd0f2439b57a3]
https://aws.myteksi.net [301] [GET] [text/html] [301 Moved Permanently] [nginx] [Nginx] [4f8e702cc244ec5d4de32740c0ecbd97]
https://baru.myteksi.net [403] [GET] [text/html] [403 Forbidden] [awselb/2.0] [bad2e8579dcdb79399aac2064216a37d]
https://camera-management.grabview.myteksi.net [200] [GET] [text/html] [Karta Camera] [nginx/1.17.10] [vhost] [azure] [Nginx:1.17.10] [4ad5787e6474b896d1463872c55830e5]
https://config-portal.myteksi.net [403] [GET] [text/html] [] [AmazonS3] [vhost] [cloudfront] [Amazon Cloudfront,Amazon S3,Amazon Web Services] [e8354801327722ea9afa27470bf3596d]
https://enterprise-api.myteksi.net [200] [GET] [text/plain] [] [nginx] [Nginx] [db9b83eddda683338b2923e094830d6e]
https://enterprise-gfb-portal-api.myteksi.net [405] [GET] [] [] [] [d41d8cd98f00b204e9800998ecf8427e]
https://fish.myteksi.net [404] [GET] [text/plain] [] [] [595e88012a6521aae3e12cbebe76eb9e]
https://food-cms.azure.myteksi.net [403] [GET] [application/xml] [] [AmazonS3] [vhost] [Amazon Cloudfront,Amazon S3,Amazon Web Services,Azure,Azure Front Door] [6d3d59e30eed8619460eb2d112500ff6]
https://food-cms.azure.myteksi.net [403] [GET] [application/xml] [] [AmazonS3] [vhost] [Amazon Cloudfront,Amazon S3,Amazon Web Services,Azure,Azure Front Door] [d86cf201d9e73d2409b9fc93b83659d4]
https://geo-tools.myteksi.net [403] [GET] [text/html] [ERROR: The request could not be satisfied] [CloudFront] [cloudfront] [Amazon Cloudfront,Amazon Web Services] [3611ea44de185782072391b33f90be88]
https://geo-tools.myteksi.net [403] [GET] [text/html] [ERROR: The request could not be satisfied] [CloudFront] [cloudfront] [Amazon Cloudfront,Amazon Web Services] [f9972dc46042f13da405ddcd3687eac5]
https://go.internal-tools.myteksi.net [307] [GET] [text/html] [] [] [fed3f9f40a75c2b717b26d6066b60cd7]
https://jarvis.geo.azure.myteksi.net [200] [GET] [text/html] [Jarvis - KartaView] [nginx/1.17.10] [vhost] [azure] [Nginx:1.17.10] [fed59d187a4e9aebf8db914deeb60c09]
https://juno.myteksi.net [403] [GET] [text/html] [403 Forbidden] [awselb/2.0] [2e40045efe5134ada9942798c090d269]
https://kibana.myteksi.net [403] [GET] [text/html] [403 Forbidden] [awselb/2.0] [2e40045efe5134ada9942798c090d269]
https://map.myteksi.net [403] [GET] [text/html] [ERROR: The request could not be satisfied] [CloudFront] [cloudfront] [Amazon Cloudfront,Amazon Web Services] [1e4ada175b7efefef98bd1c496911889]
https://map.myteksi.net [403] [GET] [text/html] [ERROR: The request could not be satisfied] [CloudFront] [cloudfront] [Amazon Cloudfront,Amazon Web Services] [5f4f19ccf7c6be8c300f686cce6653ed]
https://maps.myteksi.net [403] [GET] [text/html] [ERROR: The request could not be satisfied] [CloudFront] [cloudfront] [Amazon Cloudfront,Amazon Web Services] [194ba06102372524a85bd5b80ad3f436]
https://maps.myteksi.net [403] [GET] [text/html] [ERROR: The request could not be satisfied] [CloudFront] [cloudfront] [Amazon Cloudfront,Amazon Web Services] [b904c7908ff1b37d9d61b16a813d4bb4]
https://oncall.myteksi.net [403] [GET] [text/html] [ERROR: The request could not be satisfied] [CloudFront] [cloudfront] [Amazon Cloudfront,Amazon Web Services] [42ea08079996ae1f361804a347f9ae3f]
https://oncall.myteksi.net [403] [GET] [text/html] [ERROR: The request could not be satisfied] [CloudFront] [cloudfront] [Amazon Cloudfront,Amazon Web Services] [eb079932e5b5a598248b4db227e777f0]
https://partner-profile-pic.myteksi.net [403] [GET] [application/xml] [] [AmazonS3] [vhost] [cloudfront] [Amazon Cloudfront,Amazon S3,Amazon Web Services] [56049c51672c896b467ada01cee60fd7]
https://partner-profile-pic.myteksi.net [403] [GET] [application/xml] [] [AmazonS3] [vhost] [cloudfront] [Amazon Cloudfront,Amazon S3,Amazon Web Services] [8e44399a0459b0b15049ea3c808bfed9]
https://scim-bridge2.foundation.azure.myteksi.net [307] [GET] [text/html] [] [] [6bc692ccc10112a7d62b6e36e43c2a0b]
https://slam.myteksi.net [403] [GET] [text/html] [403 Forbidden] [awselb/2.0] [2e40045efe5134ada9942798c090d269]
https://stratus.myteksi.net [403] [GET] [text/html] [ERROR: The request could not be satisfied] [CloudFront] [cloudfront] [Amazon Cloudfront,Amazon Web Services] [188e1dd10874587debf20433411b5159]
https://stratus.myteksi.net [403] [GET] [text/html] [ERROR: The request could not be satisfied] [CloudFront] [cloudfront] [Amazon Cloudfront,Amazon Web Services] [e73fb4a4f155cad27cbbd4991691592c]
https://tawish.myteksi.net [403] [GET] [text/html] [ERROR: The request could not be satisfied] [CloudFront] [cloudfront] [Amazon Cloudfront,Amazon Web Services] [b3d14759991e8dbeef1692d6ac6bb8f6]
https://tawish.myteksi.net [403] [GET] [text/html] [ERROR: The request could not be satisfied] [CloudFront] [cloudfront] [Amazon Cloudfront,Amazon Web Services] [eeb54bc49fffa5e2d95ea0c0eec5dca4]
https://tis-content.myteksi.net [403] [GET] [application/xml] [] [AmazonS3] [vhost] [cloudfront] [Amazon Cloudfront,Amazon S3,Amazon Web Services] [503a17798be49fb04cbb1a4fff76c6a9]
https://tis-content.myteksi.net [403] [GET] [application/xml] [] [AmazonS3] [vhost] [cloudfront] [Amazon Cloudfront,Amazon S3,Amazon Web Services] [601404f718042fee8b9edb7ed15cbcd3]
https://ucm-gk.myteksi.net [403] [GET] [text/html] [ERROR: The request could not be satisfied] [CloudFront] [cloudfront] [Amazon Cloudfront,Amazon Web Services] [660f1df02eb27c45de70ca05299569c2]
https://ucm-gk.myteksi.net [403] [GET] [text/html] [ERROR: The request could not be satisfied] [CloudFront] [cloudfront] [Amazon Cloudfront,Amazon Web Services] [8a71c40345443726594a0b703b4f7f90]
