http://01.transactional.napoleongames.be [404] [GET] [text/html] [404 Not Found] [nginx] [Nginx] [70461da8b94c6ca5d2fda3260c5a8c3b]
http://affiliate.napoleongames.be [400] [GET] [text/html] [Invalid URL] [AkamaiGHost] [c34e2ce0705ef8bf04aa35b017867ebf]
http://autodiscover.napoleongames.be [301] [GET] [] [] [Microsoft-IIS/10.0] [vhost] [IIS:10.0,Microsoft ASP.NET,Windows Server] [d41d8cd98f00b204e9800998ecf8427e]
http://autodiscover.news.napoleongames.be [301] [GET] [] [] [Microsoft-IIS/10.0] [vhost] [IIS:10.0,Microsoft ASP.NET,Windows Server] [d41d8cd98f00b204e9800998ecf8427e]
http://dns1.int.napoleongames.be [301] [GET] [] [] [cloudflare] [vhost] [cloudflare] [Cloudflare,Cloudflare Network Error Logging] [d41d8cd98f00b204e9800998ecf8427e]
http://dns2.int.napoleongames.be [301] [GET] [] [] [cloudflare] [vhost] [cloudflare] [Cloudflare,Cloudflare Network Error Logging] [d41d8cd98f00b204e9800998ecf8427e]
http://feelinglucky.napoleongames.be [301] [GET] [] [] [cloudflare] [vhost] [cloudflare] [Cloudflare,Cloudflare Network Error Logging] [d41d8cd98f00b204e9800998ecf8427e]
http://koc.napoleongames.be [301] [GET] [] [] [cloudflare] [vhost] [cloudflare] [Cloudflare,Cloudflare Network Error Logging] [d41d8cd98f00b204e9800998ecf8427e]
http://mail.napoleongames.be [301] [GET] [] [] [cloudflare] [vhost] [cloudflare] [Cloudflare,Cloudflare Network Error Logging] [d41d8cd98f00b204e9800998ecf8427e]
http://o1.newsletter.napoleongames.be [301] [GET] [] [] [cloudflare] [vhost] [cloudflare] [Cloudflare,Cloudflare Network Error Logging] [d41d8cd98f00b204e9800998ecf8427e]
http://o2.transactional.napoleongames.be [301] [GET] [] [] [cloudflare] [vhost] [cloudflare] [Cloudflare,Cloudflare Network Error Logging] [d41d8cd98f00b204e9800998ecf8427e]
http://ptr.selligent.napoleongames.be [301] [GET] [] [] [cloudflare] [vhost] [cloudflare] [Cloudflare,Cloudflare Network Error Logging] [d41d8cd98f00b204e9800998ecf8427e]
https://01.acties.napoleongames.be [404] [GET] [text/html] [404 Not Found] [nginx] [Nginx] [70461da8b94c6ca5d2fda3260c5a8c3b]
https://01.acties.napoleongames.be [404] [GET] [text/html] [404 Not Found] [nginx] [Nginx] [8e325dc2fea7c8900fc6c4b8c6c394fe]
https://01.newsletter.napoleongames.be [404] [GET] [text/html] [404 Not Found] [nginx] [Nginx] [8e325dc2fea7c8900fc6c4b8c6c394fe]
https://01.transactional.napoleongames.be [404] [GET] [text/html] [404 Not Found] [nginx] [Nginx] [70461da8b94c6ca5d2fda3260c5a8c3b]
https://1620006.napoleongames.be [404] [GET] [text/html] [404 Not Found] [nginx] [Nginx] [70461da8b94c6ca5d2fda3260c5a8c3b]
https://1620006.napoleongames.be [404] [GET] [text/html] [404 Not Found] [nginx] [Nginx] [8e325dc2fea7c8900fc6c4b8c6c394fe]
https://1622686.napoleongames.be [404] [GET] [text/html] [404 Not Found] [nginx] [Nginx] [70461da8b94c6ca5d2fda3260c5a8c3b]
https://2343863.napoleongames.be [404] [GET] [text/html] [404 Not Found] [nginx] [Nginx] [70461da8b94c6ca5d2fda3260c5a8c3b]
https://2343863.napoleongames.be [404] [GET] [text/html] [404 Not Found] [nginx] [Nginx] [8e325dc2fea7c8900fc6c4b8c6c394fe]
https://adserving.napoleongames.be [403] [GET] [text/html] [403 - Forbidden: Access is denied.] [] [vhost] [11ca4578cb026a23713aea6781b8ece3]
https://affiliateadmin.napoleongames.be [302] [GET] [text/html] [Object moved] [] [vhost] [Microsoft ASP.NET:4.0.30319] [29dbe1d53fa384620d183d4b6ed5713f]
https://affiliates.napoleongames.be [403] [GET] [text/html] [403 - Forbidden: Access is denied.] [] [vhost] [11ca4578cb026a23713aea6781b8ece3]
https://airdice-callback.napoleongames.be [503] [GET] [text/html] [] [cloudflare] [vhost] [cloudflare] [Cloudflare,Cloudflare Network Error Logging] [b39e65a930c5f43dae57fee6c8acc029]
https://airdice-callback.napoleongames.be [503] [GET] [text/html] [] [cloudflare] [vhost] [cloudflare] [Cloudflare,Cloudflare Network Error Logging] [bd2af28bfe9e31bf67f4124ac1078674]
https://airdice-test.napoleongames.be [503] [GET] [text/html] [] [cloudflare] [vhost] [cloudflare] [Cloudflare,Cloudflare Network Error Logging] [8dd5c28e0cce657ff1f7162ce31b8b27]
https://airdice-test.napoleongames.be [503] [GET] [text/html] [] [cloudflare] [vhost] [cloudflare] [Cloudflare,Cloudflare Network Error Logging] [dc3df2ba7e9b5c92e7c60f7f3637bf63]
https://api.int.napoleongames.be [404] [GET] [application/json] [] [cloudflare] [vhost] [cloudflare] [Cloudflare,Cloudflare Network Error Logging] [2c7ef3e2a869dd3196f197e7c6b27070]
https://api.napoleongames.be [403] [GET] [text/html] [403 Forbidden] [cloudflare] [vhost] [cloudflare] [Cloudflare,Cloudflare Network Error Logging] [11c4f55a14f0b56075ef575890c10552]
https://api.napoleongames.be [403] [GET] [text/html] [403 Forbidden] [cloudflare] [vhost] [cloudflare] [Cloudflare,Cloudflare Network Error Logging] [957e95a18dbd79e00a4945a35b5a0e6d]
https://api-ngp.napoleongames.be [404] [GET] [application/json] [] [cloudflare] [vhost] [cloudflare] [Cloudflare,Cloudflare Network Error Logging] [2c7ef3e2a869dd3196f197e7c6b27070]
https://api-test.int.napoleongames.be [404] [GET] [application/json] [] [cloudflare] [vhost] [cloudflare] [Cloudflare,Cloudflare Network Error Logging] [2c7ef3e2a869dd3196f197e7c6b27070]
https://api-test-ngp.napoleongames.be [404] [GET] [application/json] [] [cloudflare] [vhost] [cloudflare] [Cloudflare,Cloudflare Network Error Logging] [2c7ef3e2a869dd3196f197e7c6b27070]
https://casino.napoleongames.be [301] [GET] [text/html] [301 Moved Permanently] [cloudflare] [vhost] [cloudflare] [Cloudflare,Cloudflare Network Error Logging] [7589a3140a833f24ea89083be51a22a4]
https://casino.napoleongames.be [301] [GET] [text/html] [301 Moved Permanently] [cloudflare] [vhost] [cloudflare] [Cloudflare,Cloudflare Network Error Logging] [7bd90ff088a07775b5a1285d9f37e248]
https://cdn.int.napoleongames.be [403] [GET] [text/html] [403 Forbidden] [cloudflare] [vhost] [cloudflare] [Cloudflare,Cloudflare Network Error Logging] [47b6c67164f4ba417aca85ea4269146a]
https://cdn.int.napoleongames.be [403] [GET] [text/html] [403 Forbidden] [cloudflare] [vhost] [cloudflare] [Cloudflare,Cloudflare Network Error Logging] [ccc014164b6b31411ec838a6f32750d1]
https://cdn-test.int.napoleongames.be [503] [GET] [text/html] [] [cloudflare] [vhost] [cloudflare] [Cloudflare,Cloudflare Network Error Logging] [4ec08a1013ae38a4500218676a154aa9]
https://cdn-test.int.napoleongames.be [503] [GET] [text/html] [] [cloudflare] [vhost] [cloudflare] [Cloudflare,Cloudflare Network Error Logging] [8f59627348af053637caa79b723b6f66]
https://cercle.napoleongames.be [301] [GET] [] [] [cloudflare] [vhost] [cloudflare] [Cloudflare,Cloudflare Network Error Logging] [d41d8cd98f00b204e9800998ecf8427e]
https://content.napoleongames.be [200] [GET] [text/html] [napoleongames.be] [cloudflare] [vhost] [cloudflare] [Cloudflare,Cloudflare Network Error Logging] [377b499dd2709b8da347b1a0dc072191]
https://content.napoleongames.be [200] [GET] [text/html] [napoleongames.be] [cloudflare] [vhost] [cloudflare] [Cloudflare,Cloudflare Network Error Logging] [4414715a1a84f99e2bb022b397bcd039]
https://content-ssl.napoleongames.be [200] [GET] [text/html] [napoleongames.be] [cloudflare] [vhost] [cloudflare] [Cloudflare,Cloudflare Network Error Logging] [682ac07ee585105caf3ff7cd8a2e2407]
https://content-ssl.napoleongames.be [200] [GET] [text/html] [napoleongames.be] [cloudflare] [vhost] [cloudflare] [Cloudflare,Cloudflare Network Error Logging] [6db22b16fb6c66917c915711f0cf0f66]
https://crmapi.napoleongames.be [200] [GET] [text/html] [Really fun prize money games - www.wimigames.be] [cloudflare] [vhost] [cloudflare] [Cloudflare,Cloudflare Network Error Logging,Font Awesome,Google Font API,Google Tag Manager] [bb4638a127845d58659daf0b4121db86]
https://crmapi.napoleongames.be [200] [GET] [text/html] [Really fun prize money games - www.wimigames.be] [cloudflare] [vhost] [cloudflare] [Cloudflare,Cloudflare Network Error Logging,Font Awesome,Google Font API,Google Tag Manager] [e3c7950aedbf58400296e838e12825e4]
https://crmapi-test.napoleongames.be [503] [GET] [text/html] [] [cloudflare] [vhost] [cloudflare] [Cloudflare,Cloudflare Network Error Logging] [4d44bea5808ede815b31ceb400879599]
https://crmapi-test.napoleongames.be [503] [GET] [text/html] [] [cloudflare] [vhost] [cloudflare] [Cloudflare,Cloudflare Network Error Logging] [58b39fade9ed9e670ffca263c9bf9800]
https://en-gb.casino.napoleongames.be [301] [GET] [text/html] [301 Moved Permanently] [cloudflare] [vhost] [cloudflare] [Cloudflare,Cloudflare Network Error Logging] [1162283c08b698d6efda8ef993c6cdf6]
https://en-gb.casino.napoleongames.be [301] [GET] [text/html] [301 Moved Permanently] [cloudflare] [vhost] [cloudflare] [Cloudflare,Cloudflare Network Error Logging] [3dd5448b4407243759a2978d3c2e2f3f]
https://en-gb.napoleongames.be [301] [GET] [text/html] [301 Moved Permanently] [cloudflare] [vhost] [cloudflare] [Cloudflare,Cloudflare Network Error Logging] [210244643c264fb3de288252756bb1d0]
https://en-gb.napoleongames.be [301] [GET] [text/html] [301 Moved Permanently] [cloudflare] [vhost] [cloudflare] [Cloudflare,Cloudflare Network Error Logging] [81a50dbeaeb6de33f08024c305b7ed0d]
https://en-gb.sports.napoleongames.be [403] [GET] [text/html] [Attention Required! | Cloudflare] [cloudflare] [vhost] [cloudflare] [Cloudflare,Cloudflare Network Error Logging] [4601de2d41986dcb46d6e975d772c4ee]
https://en-gb.sports.napoleongames.be [503] [GET] [text/html] [] [cloudflare] [vhost] [cloudflare] [Cloudflare,Cloudflare Network Error Logging] [f185148cf60b352f5ca43645df25f119]
https://evolution-callback.napoleongames.be [503] [GET] [text/html] [] [cloudflare] [vhost] [cloudflare] [Cloudflare,Cloudflare Network Error Logging] [6990a4d85fff4d99604759dc08ff801d]
https://evolution-callback.napoleongames.be [503] [GET] [text/html] [] [cloudflare] [vhost] [cloudflare] [Cloudflare,Cloudflare Network Error Logging] [7d6b5c2526d76ee55d771946048e97e5]
https://evolution-test.napoleongames.be [503] [GET] [text/html] [] [cloudflare] [vhost] [cloudflare] [Cloudflare,Cloudflare Network Error Logging] [5c159554787727cc9988c41c837884bc]
https://evolution-test.napoleongames.be [503] [GET] [text/html] [] [cloudflare] [vhost] [cloudflare] [Cloudflare,Cloudflare Network Error Logging] [9843c806dc57458ab4eb0ce5eae4da15]
https://extranet.napoleongames.be [302] [GET] [] [] [] [vhost] [azure] [d41d8cd98f00b204e9800998ecf8427e]
https://fr-be.casino.napoleongames.be [301] [GET] [text/html] [301 Moved Permanently] [cloudflare] [vhost] [cloudflare] [Cloudflare,Cloudflare Network Error Logging] [9b18525a5c5bb38a39ae44abbeb8873f]
https://fr-be.casino.napoleongames.be [301] [GET] [text/html] [301 Moved Permanently] [cloudflare] [vhost] [cloudflare] [Cloudflare,Cloudflare Network Error Logging] [e6b5eda3093a80a5d364b5627019e368]
https://fr-be.napoleongames.be [301] [GET] [text/html] [301 Moved Permanently] [cloudflare] [vhost] [cloudflare] [Cloudflare,Cloudflare Network Error Logging] [93212f964a8d849fb7e5dd87b3bbda30]
https://fr-be.napoleongames.be [301] [GET] [text/html] [301 Moved Permanently] [cloudflare] [vhost] [cloudflare] [Cloudflare,Cloudflare Network Error Logging] [974bbb28c8ea33109ca8a73b60205500]
https://fr-be.sports.napoleongames.be [301] [GET] [text/html] [301 Moved Permanently] [cloudflare] [vhost] [cloudflare] [Cloudflare,Cloudflare Network Error Logging] [de14a227ff9a3621ac0672c9cc523925]
https://fr-be.sports.napoleongames.be [301] [GET] [text/html] [301 Moved Permanently] [cloudflare] [vhost] [cloudflare] [Cloudflare,Cloudflare Network Error Logging] [f9c2362fc5bb7cd7be2ba4b1b9779cd2]
https://gokhulp.napoleongames.be [301] [GET] [] [] [cloudflare] [vhost] [cloudflare] [Cloudflare,Cloudflare Network Error Logging] [d41d8cd98f00b204e9800998ecf8427e]
http://shared-host-01.napoleongames.be:2053 [400] [GET] [text/html] [400 The plain HTTP request was sent to HTTPS port] [cloudflare] [cloudflare] [Cloudflare] [cd58783500d7fa3c58f88eb0ba22f4f8]
http://shared-host-01.napoleongames.be:2082 [301] [GET] [] [] [cloudflare] [vhost] [cloudflare] [Cloudflare,Cloudflare Network Error Logging] [d41d8cd98f00b204e9800998ecf8427e]
http://shared-host-01.napoleongames.be:2083 [400] [GET] [text/html] [400 The plain HTTP request was sent to HTTPS port] [cloudflare] [cloudflare] [Cloudflare] [cd58783500d7fa3c58f88eb0ba22f4f8]
http://shared-host-01.napoleongames.be:2087 [400] [GET] [text/html] [400 The plain HTTP request was sent to HTTPS port] [cloudflare] [cloudflare] [Cloudflare] [cd58783500d7fa3c58f88eb0ba22f4f8]
http://shared-host-01.napoleongames.be:8080 [301] [GET] [] [] [cloudflare] [vhost] [cloudflare] [Cloudflare,Cloudflare Network Error Logging] [d41d8cd98f00b204e9800998ecf8427e]
http://shared-host-01.napoleongames.be:8443 [400] [GET] [text/html] [400 The plain HTTP request was sent to HTTPS port] [cloudflare] [cloudflare] [Cloudflare] [20ad84d030031252141ca0b3fc0183f0]
http://shared-host-01.napoleongames.be:8880 [301] [GET] [] [] [cloudflare] [vhost] [cloudflare] [Cloudflare,Cloudflare Network Error Logging] [d41d8cd98f00b204e9800998ecf8427e]
https://hecate.napoleongames.be [403] [GET] [text/html] [403 Forbidden] [cloudflare] [vhost] [cloudflare] [Cloudflare,Cloudflare Network Error Logging] [b1c22f84233fabc61e6c72af3cf57c5d]
https://hecate.napoleongames.be [403] [GET] [text/html] [403 Forbidden] [cloudflare] [vhost] [cloudflare] [Cloudflare,Cloudflare Network Error Logging] [b2bcfeb4ea933410b2f514ee7fc915a1]
https://jobs.napoleongames.be [523] [GET] [] [] [cloudflare] [cloudflare] [Cloudflare,Cloudflare Network Error Logging] [d41d8cd98f00b204e9800998ecf8427e]
https://kaagent.napoleongames.be [301] [GET] [] [] [cloudflare] [vhost] [cloudflare] [Cloudflare,Cloudflare Network Error Logging] [d41d8cd98f00b204e9800998ecf8427e]
https://lb-ocp.int.napoleongames.be [503] [GET] [text/html] [] [cloudflare] [vhost] [cloudflare] [Cloudflare,Cloudflare Network Error Logging] [2070a27029733b572b948008668c4eb8]
https://lb-ocp.int.napoleongames.be [503] [GET] [text/html] [] [cloudflare] [vhost] [cloudflare] [Cloudflare,Cloudflare Network Error Logging] [b869c9d8214e491876d5c418b7eecc45]
https://lb-web.int.napoleongames.be [403] [GET] [text/html] [403 Forbidden] [cloudflare] [vhost] [cloudflare] [Cloudflare,Cloudflare Network Error Logging] [02022bcdc942e294830e80095ae9ee5b]
https://lb-web.int.napoleongames.be [403] [GET] [text/html] [403 Forbidden] [cloudflare] [vhost] [cloudflare] [Cloudflare,Cloudflare Network Error Logging] [4003cdca5d14b211ef3bb045a970b411]
https://livecasino.napoleongames.be [302] [GET] [] [] [] [vhost] [cloudfront] [Amazon Cloudfront,Amazon Web Services] [d41d8cd98f00b204e9800998ecf8427e]
https://mailing.napoleongames.be [200] [GET] [text/html] [napoleongames.be] [cloudflare] [vhost] [cloudflare] [Cloudflare,Cloudflare Network Error Logging] [2139ac1b6ccc98d0954ab2a1f89be5c8]
https://mailing.napoleongames.be [200] [GET] [text/html] [napoleongames.be] [cloudflare] [vhost] [cloudflare] [Cloudflare,Cloudflare Network Error Logging] [44cd6d728bcf01964e396ebbbdbfbba4]
https://media.napoleongames.be [403] [GET] [text/html] [403 Forbidden] [cloudflare] [vhost] [cloudflare] [Cloudflare,Cloudflare Network Error Logging] [47cb61b22aa3c8ceaf133c3363b09e01]
https://media.napoleongames.be [403] [GET] [text/html] [403 Forbidden] [cloudflare] [vhost] [cloudflare] [Cloudflare,Cloudflare Network Error Logging] [62cd0974eb851a8a3d6a90a2e5b8cf08]
https://media-ssl.casino.napoleongames.be [301] [GET] [text/html] [301 Moved Permanently] [cloudflare] [vhost] [cloudflare] [Cloudflare,Cloudflare Network Error Logging] [6c8fc664e768b095481d62b0652e60d9]
https://media-ssl.casino.napoleongames.be [301] [GET] [text/html] [301 Moved Permanently] [cloudflare] [vhost] [cloudflare] [Cloudflare,Cloudflare Network Error Logging] [9ee37b9a00cb0448a00c26857d8ea54f]
https://media-ssl.napoleongames.be [403] [GET] [text/html] [403 Forbidden] [cloudflare] [vhost] [cloudflare] [Cloudflare,Cloudflare Network Error Logging] [b8a184b5ba8aa47f9274b50e1d135442]
https://media-ssl.napoleongames.be [403] [GET] [text/html] [403 Forbidden] [cloudflare] [vhost] [cloudflare] [Cloudflare,Cloudflare Network Error Logging] [c7726c537886a86a071be008813668e3]
http://smtp.napoleongames.be [301] [GET] [] [] [cloudflare] [vhost] [cloudflare] [Cloudflare,Cloudflare Network Error Logging] [d41d8cd98f00b204e9800998ecf8427e]
https://netent-callback.napoleongames.be [503] [GET] [text/html] [] [cloudflare] [vhost] [cloudflare] [Cloudflare,Cloudflare Network Error Logging] [a9133d19ec24207074ff3cc885d83470]
https://netent-callback.napoleongames.be [503] [GET] [text/html] [] [cloudflare] [vhost] [cloudflare] [Cloudflare,Cloudflare Network Error Logging] [c9fc06de6a61b5fcf3698799cec32782]
https://netent-test.napoleongames.be [503] [GET] [text/html] [] [cloudflare] [vhost] [cloudflare] [Cloudflare,Cloudflare Network Error Logging] [93215f5f6a01f2afb16ab9d34a51be59]
https://netent-test.napoleongames.be [503] [GET] [text/html] [] [cloudflare] [vhost] [cloudflare] [Cloudflare,Cloudflare Network Error Logging] [e4197981ca04edc863b4018a1d34d334]
https://news.napoleongames.be [403] [GET] [text/html] [403 - Forbidden: Access is denied.] [cloudflare] [vhost] [cloudflare] [Cloudflare,Cloudflare Network Error Logging,Microsoft ASP.NET] [1ef3c3b23b7034e89facfa1523e200ce]
https://news.napoleongames.be [403] [GET] [text/html] [403 - Forbidden: Access is denied.] [cloudflare] [vhost] [cloudflare] [Cloudflare,Cloudflare Network Error Logging,Microsoft ASP.NET] [e53484c848c0afe7221afced0e9bd2fa]
https://nl-be.casino.napoleongames.be [503] [GET] [text/html] [] [cloudflare] [vhost] [cloudflare] [Cloudflare,Cloudflare Network Error Logging] [c4d14f52aaf00fb1aa48baed590f0017]
https://nl-be.casino.napoleongames.be [503] [GET] [text/html] [] [cloudflare] [vhost] [cloudflare] [Cloudflare,Cloudflare Network Error Logging] [e12e4ae71f6b3cfe9aa6df5a51277204]
https://nl-be.napoleongames.be [301] [GET] [text/html] [301 Moved Permanently] [cloudflare] [vhost] [cloudflare] [Cloudflare,Cloudflare Network Error Logging] [6daa6aef60449b8269652628be90820e]
https://nl-be.napoleongames.be [301] [GET] [text/html] [301 Moved Permanently] [cloudflare] [vhost] [cloudflare] [Cloudflare,Cloudflare Network Error Logging] [f72fea334f8b029239a0dcd73224e60e]
https://nl-be.sports.napoleongames.be [301] [GET] [text/html] [301 Moved Permanently] [cloudflare] [vhost] [cloudflare] [Cloudflare,Cloudflare Network Error Logging] [70bf4326e852fc84e3aaf0892241fe08]
https://nl-be.sports.napoleongames.be [301] [GET] [text/html] [301 Moved Permanently] [cloudflare] [vhost] [cloudflare] [Cloudflare,Cloudflare Network Error Logging] [a556dac48cc3c34d702ea3a1a31ad39f]
https://payment-api.napoleongames.be [503] [GET] [text/html] [] [cloudflare] [vhost] [cloudflare] [Cloudflare,Cloudflare Network Error Logging] [1df9149cacedb0cb1c5caeb729ffb398]
https://payment-api.napoleongames.be [503] [GET] [text/html] [] [cloudflare] [vhost] [cloudflare] [Cloudflare,Cloudflare Network Error Logging] [2bb1886a6a4af7c80a11c28def3d8a2b]
https://payment-test.napoleongames.be [503] [GET] [text/html] [] [cloudflare] [vhost] [cloudflare] [Cloudflare,Cloudflare Network Error Logging] [a6c1d56e0234289b0094f7055469f77a]
https://payment-test.napoleongames.be [503] [GET] [text/html] [] [cloudflare] [vhost] [cloudflare] [Cloudflare,Cloudflare Network Error Logging] [bcd42f8004bf377983ae528957477a9c]
https://playngo-callback.napoleongames.be [503] [GET] [text/html] [] [cloudflare] [vhost] [cloudflare] [Cloudflare,Cloudflare Network Error Logging] [3d79a53e4d17e71c1b6e03a9b4061c86]
https://playngo-callback.napoleongames.be [503] [GET] [text/html] [] [cloudflare] [vhost] [cloudflare] [Cloudflare,Cloudflare Network Error Logging] [d0e8203452f445459afbd770ed6d4bb0]
https://playngo-test.napoleongames.be [503] [GET] [text/html] [] [cloudflare] [vhost] [cloudflare] [Cloudflare,Cloudflare Network Error Logging] [9b7dd8b538a0bdcf98de6a6a058508e3]
https://playngo-test.napoleongames.be [503] [GET] [text/html] [] [cloudflare] [vhost] [cloudflare] [Cloudflare,Cloudflare Network Error Logging] [f674ee29d8cc47131d5588a6637f4550]
https://promo-api.napoleongames.be [200] [GET] [text/html] [Really fun prize money games - www.wimigames.be] [cloudflare] [vhost] [cloudflare] [Cloudflare,Cloudflare Network Error Logging,Font Awesome,Google Font API,Google Tag Manager] [377d98f0a9a0d0762a1cacd7175adc18]
https://promo-api.napoleongames.be [200] [GET] [text/html] [Really fun prize money games - www.wimigames.be] [cloudflare] [vhost] [cloudflare] [Cloudflare,Cloudflare Network Error Logging,Font Awesome,Google Font API,Google Tag Manager] [3f0af63840d1198067012d97b1946308]
https://promo-api-test.napoleongames.be [503] [GET] [text/html] [] [cloudflare] [vhost] [cloudflare] [Cloudflare,Cloudflare Network Error Logging] [34140b8806af125ae64f137d08246b83]
https://promo-api-test.napoleongames.be [503] [GET] [text/html] [] [cloudflare] [vhost] [cloudflare] [Cloudflare,Cloudflare Network Error Logging] [cdddf9722917e9f217e1a0cf4c517f4e]
https://promo.napoleongames.be [200] [GET] [text/html] [napoleongames.be] [cloudflare] [vhost] [cloudflare] [Cloudflare,Cloudflare Network Error Logging] [2c313bd27f77ca279c3cab1422c01ef1]
https://promo.napoleongames.be [200] [GET] [text/html] [napoleongames.be] [cloudflare] [vhost] [cloudflare] [Cloudflare,Cloudflare Network Error Logging] [b46583c257565a4d5f0d5be9a7a93686]
https://push.napoleongames.be [520] [GET] [] [] [cloudflare] [vhost] [cloudflare] [Cloudflare,Cloudflare Network Error Logging] [d41d8cd98f00b204e9800998ecf8427e]
https://quickfire-callback.napoleongames.be [503] [GET] [text/html] [] [cloudflare] [vhost] [cloudflare] [Cloudflare,Cloudflare Network Error Logging] [931e6a199f753e60595efbc391ab0c9b]
https://quickfire-callback.napoleongames.be [503] [GET] [text/html] [] [cloudflare] [vhost] [cloudflare] [Cloudflare,Cloudflare Network Error Logging] [d3bd2bd5623a31b2e78ca8e95c6bfc30]
https://quickfire-test.napoleongames.be [503] [GET] [text/html] [] [cloudflare] [vhost] [cloudflare] [Cloudflare,Cloudflare Network Error Logging] [3a636dcf8477e9a6f2ef1cd7af76fe27]
https://quickfire-test.napoleongames.be [503] [GET] [text/html] [] [cloudflare] [vhost] [cloudflare] [Cloudflare,Cloudflare Network Error Logging] [c269a7482750d69e97073974a34afa8f]
https://retentieek2016.napoleongames.be [523] [GET] [] [] [cloudflare] [vhost] [cloudflare] [Cloudflare,Cloudflare Network Error Logging] [d41d8cd98f00b204e9800998ecf8427e]
https://rvv.napoleongames.be [301] [GET] [] [] [cloudflare] [vhost] [cloudflare] [Cloudflare,Cloudflare Network Error Logging] [d41d8cd98f00b204e9800998ecf8427e]
https://shared-host-01.int.napoleongames.be [200] [GET] [text/html] [napoleongames.be] [cloudflare] [vhost] [cloudflare] [Cloudflare,Cloudflare Network Error Logging] [ae6d4e58d38511b02c313c2486172574]
https://shared-host-01.int.napoleongames.be [200] [GET] [text/html] [napoleongames.be] [cloudflare] [vhost] [cloudflare] [Cloudflare,Cloudflare Network Error Logging] [de47acefb74f0efcae7c040ad124e743]
https://shared-host-01.napoleongames.be [200] [GET] [text/html] [napoleongames.be] [cloudflare] [vhost] [cloudflare] [Cloudflare,Cloudflare Network Error Logging] [1bd69c3e9a96002331ae15431f977554]
https://shared-host-01.napoleongames.be [200] [GET] [text/html] [napoleongames.be] [cloudflare] [vhost] [cloudflare] [Cloudflare,Cloudflare Network Error Logging] [3ac5ef2f2f1b344bcfacda2d8723d324]
https://sms.napoleongames.be [404] [GET] [text/html] [Not Found] [Microsoft-HTTPAPI/2.0] [Microsoft HTTPAPI:2.0] [67932d4b695e1d6b19dfc2e3610761ff]
http://staging.lp.napoleongames.be [301] [GET] [] [] [cloudflare] [vhost] [cloudflare] [Cloudflare,Cloudflare Network Error Logging] [d41d8cd98f00b204e9800998ecf8427e]
http://starleague.napoleongames.be [301] [GET] [] [] [cloudflare] [vhost] [cloudflare] [Cloudflare,Cloudflare Network Error Logging] [d41d8cd98f00b204e9800998ecf8427e]
https://thesportsexperience.napoleongames.be [200] [GET] [text/html] [napoleongames.be] [cloudflare] [vhost] [cloudflare] [Cloudflare,Cloudflare Network Error Logging] [b86fd432624e2206a193a9da40639a88]
https://thesportsexperience.napoleongames.be [200] [GET] [text/html] [napoleongames.be] [cloudflare] [vhost] [cloudflare] [Cloudflare,Cloudflare Network Error Logging] [c909f4a9a291a6f877a43f5a783788b7]
https://vip.napoleongames.be [403] [GET] [text/plain] [] [cloudflare] [vhost] [cloudflare] [Cloudflare,Cloudflare Network Error Logging] [4f20b85ce5ebf225720e040314a7966a]
https://vip.napoleongames.be [525] [GET] [] [] [cloudflare] [vhost] [cloudflare] [Cloudflare,Cloudflare Network Error Logging] [d41d8cd98f00b204e9800998ecf8427e]
https://web-1.int.napoleongames.be [403] [GET] [text/html] [403 Forbidden] [cloudflare] [vhost] [cloudflare] [Cloudflare,Cloudflare Network Error Logging] [7fb8dc17e9bf18df4a435cc2b36ccccd]
https://web-1.int.napoleongames.be [403] [GET] [text/html] [403 Forbidden] [cloudflare] [vhost] [cloudflare] [Cloudflare,Cloudflare Network Error Logging] [de93fe83e07ab9fdf5763c2c3342e3db]
https://web-2.int.napoleongames.be [403] [GET] [text/html] [403 Forbidden] [cloudflare] [vhost] [cloudflare] [Cloudflare,Cloudflare Network Error Logging] [4b17f2e4956e935a21d19da7fe6d05d8]
https://web-2.int.napoleongames.be [403] [GET] [text/html] [403 Forbidden] [cloudflare] [vhost] [cloudflare] [Cloudflare,Cloudflare Network Error Logging] [c52461a4f701bd32de6180d6c87be3a9]
https://web-3.int.napoleongames.be [403] [GET] [text/html] [403 Forbidden] [cloudflare] [vhost] [cloudflare] [Cloudflare,Cloudflare Network Error Logging] [5fe4c244f5321eb7c1e54e7af782ca6d]
https://web-3.int.napoleongames.be [403] [GET] [text/html] [403 Forbidden] [cloudflare] [vhost] [cloudflare] [Cloudflare,Cloudflare Network Error Logging] [bc94aa1014a9936f93bdb584538b6019]
https://wimi-api.napoleongames.be [403] [GET] [text/plain] [] [cloudflare] [vhost] [cloudflare] [Cloudflare,Cloudflare Network Error Logging] [4f20b85ce5ebf225720e040314a7966a]
https://wimi-api.napoleongames.be [503] [GET] [text/html] [] [cloudflare] [vhost] [cloudflare] [Cloudflare,Cloudflare Network Error Logging] [271e8484cfce56baa04a39ee41de6540]
https://wimi-test.napoleongames.be [503] [GET] [text/html] [] [cloudflare] [vhost] [cloudflare] [Cloudflare,Cloudflare Network Error Logging] [41985ba31e7ad8f5d5e3a194d04f5f58]
https://wimi-test.napoleongames.be [503] [GET] [text/html] [] [cloudflare] [vhost] [cloudflare] [Cloudflare,Cloudflare Network Error Logging] [7d7b77c01daa6aa353838c72b7ace846]
https://www.napoleongames.be [200] [GET] [text/html] [Napoleon Sports & Casino] [cloudflare] [vhost] [cloudflare] [Cloudflare,Cloudflare Network Error Logging] [2277488360cea973f2db8f4330992b72]
https://www.napoleongames.be [200] [GET] [text/html] [Napoleon Sports & Casino] [cloudflare] [vhost] [cloudflare] [Cloudflare,Cloudflare Network Error Logging] [adfbbbf3a7d291336f0bd3831f83ccd4]
https://www.sports.napoleongames.be [301] [GET] [text/html] [301 Moved Permanently] [cloudflare] [vhost] [cloudflare] [Cloudflare,Cloudflare Network Error Logging] [27cfbc12dbdf0b3ee2bffa5b82b05608]
https://www.sports.napoleongames.be [301] [GET] [text/html] [301 Moved Permanently] [cloudflare] [vhost] [cloudflare] [Cloudflare,Cloudflare Network Error Logging] [a3a329e2b11b6ab58efdb38f215122a7]
https://yggdrasil-api.napoleongames.be [503] [GET] [text/html] [] [cloudflare] [vhost] [cloudflare] [Cloudflare,Cloudflare Network Error Logging] [f11dc4fe1da8b7e13538f26fa4269c47]
https://yggdrasil-api.napoleongames.be [503] [GET] [text/html] [] [cloudflare] [vhost] [cloudflare] [Cloudflare,Cloudflare Network Error Logging] [f31e4d2675f90757bd6859ed4a004c09]
https://yggdrasil-test.napoleongames.be [503] [GET] [text/html] [] [cloudflare] [vhost] [cloudflare] [Cloudflare,Cloudflare Network Error Logging] [83ca737316dba7b0824dc982cf789d9f]
https://yggdrasil-test.napoleongames.be [503] [GET] [text/html] [] [cloudflare] [vhost] [cloudflare] [Cloudflare,Cloudflare Network Error Logging] [d9de4995e0c40101724327173d054d33]
https://zh-cn.casino.napoleongames.be [301] [GET] [text/html] [301 Moved Permanently] [cloudflare] [vhost] [cloudflare] [Cloudflare,Cloudflare Network Error Logging] [2c9225acabec5bc73bf2382f72c1a9f0]
https://zh-cn.casino.napoleongames.be [301] [GET] [text/html] [301 Moved Permanently] [cloudflare] [vhost] [cloudflare] [Cloudflare,Cloudflare Network Error Logging] [ecac942c5096ac0c47dacd0450317fc6]
https://zh-cn.napoleongames.be [503] [GET] [text/html] [] [cloudflare] [vhost] [cloudflare] [Cloudflare,Cloudflare Network Error Logging] [1142d955fe5d0d1b3951586e00f9f2c7]
https://zh-cn.napoleongames.be [503] [GET] [text/html] [] [cloudflare] [vhost] [cloudflare] [Cloudflare,Cloudflare Network Error Logging] [f7fe00ba2d1612d220d2a8dfab940add]
https://zh-cn.sports.napoleongames.be [301] [GET] [text/html] [301 Moved Permanently] [cloudflare] [vhost] [cloudflare] [Cloudflare,Cloudflare Network Error Logging] [06a16e750456ca9fc2b315e2481cb7ab]
https://zh-cn.sports.napoleongames.be [301] [GET] [text/html] [301 Moved Permanently] [cloudflare] [vhost] [cloudflare] [Cloudflare,Cloudflare Network Error Logging] [7cd16a60cb5b5565f0da4a01af1b29bf]
http://web-4.int.napoleongames.be [301] [GET] [] [] [cloudflare] [vhost] [cloudflare] [Cloudflare,Cloudflare Network Error Logging] [d41d8cd98f00b204e9800998ecf8427e]
http://web-5.int.napoleongames.be [301] [GET] [] [] [cloudflare] [vhost] [cloudflare] [Cloudflare,Cloudflare Network Error Logging] [d41d8cd98f00b204e9800998ecf8427e]
http://web-6.int.napoleongames.be [301] [GET] [] [] [cloudflare] [vhost] [cloudflare] [Cloudflare,Cloudflare Network Error Logging] [d41d8cd98f00b204e9800998ecf8427e]
http://web-7.napoleongames.be [301] [GET] [] [] [cloudflare] [vhost] [cloudflare] [Cloudflare,Cloudflare Network Error Logging] [d41d8cd98f00b204e9800998ecf8427e]
http://web-8.napoleongames.be [301] [GET] [] [] [cloudflare] [vhost] [cloudflare] [Cloudflare,Cloudflare Network Error Logging] [d41d8cd98f00b204e9800998ecf8427e]
http://web-9.napoleongames.be [301] [GET] [] [] [cloudflare] [vhost] [cloudflare] [Cloudflare,Cloudflare Network Error Logging] [d41d8cd98f00b204e9800998ecf8427e]
http://www.shared-host-01.int.napoleongames.be [301] [GET] [] [] [cloudflare] [vhost] [cloudflare] [Cloudflare,Cloudflare Network Error Logging] [d41d8cd98f00b204e9800998ecf8427e]
http://www.shared-host-01.napoleongames.be [301] [GET] [] [] [cloudflare] [vhost] [cloudflare] [Cloudflare,Cloudflare Network Error Logging] [d41d8cd98f00b204e9800998ecf8427e]
http://xmas.napoleongames.be [301] [GET] [] [] [cloudflare] [vhost] [cloudflare] [Cloudflare,Cloudflare Network Error Logging] [d41d8cd98f00b204e9800998ecf8427e]
