http://bam.eu01.nr-data.net:8080 [301] [GET] [] [] [cloudflare] [vhost] [Cloudflare,Cloudflare Network Error Logging] [d41d8cd98f00b204e9800998ecf8427e]
http://collector-001.eu01.nr-data.net:8080 [301] [GET] [] [] [cloudflare] [Cloudflare] [d41d8cd98f00b204e9800998ecf8427e]
http://collector-pool.migration.cell.nr-data.net [409] [GET] [text/plain] [] [cloudflare] [Cloudflare] [f6bbbdc9b05a5af96b6b7e618ee357cc]
http://ingest-test-api.eu01.nr-data.net:2052 [301] [GET] [] [] [cloudflare] [Cloudflare] [d41d8cd98f00b204e9800998ecf8427e]
http://ingest-test-api.eu01.nr-data.net:2082 [301] [GET] [] [] [cloudflare] [Cloudflare] [d41d8cd98f00b204e9800998ecf8427e]
http://ingest-test-api.eu01.nr-data.net:8080 [301] [GET] [] [] [cloudflare] [Cloudflare] [d41d8cd98f00b204e9800998ecf8427e]
http://ingest-test-api.eu01.nr-data.net:8880 [301] [GET] [] [] [cloudflare] [Cloudflare] [d41d8cd98f00b204e9800998ecf8427e]
http://log-api-origin.cell.nr-data.net [409] [GET] [text/plain] [] [cloudflare] [Cloudflare] [f6bbbdc9b05a5af96b6b7e618ee357cc]
https://bam-6.nr-data.net [400] [GET] [] [] [] [d41d8cd98f00b204e9800998ecf8427e]
https://bam-7.nr-data.net [400] [GET] [] [] [] [d41d8cd98f00b204e9800998ecf8427e]
https://bam-8.nr-data.net [400] [GET] [] [] [] [d41d8cd98f00b204e9800998ecf8427e]
https://bam-9.nr-data.net [400] [GET] [] [] [] [d41d8cd98f00b204e9800998ecf8427e]
https://bam-cell.nr-data.net [404] [GET] [text/plain] [] [cloudflare] [vhost] [Cloudflare,Cloudflare Network Error Logging] [99914b932bd37a50b983c5e7c90ae93b]
https://bam.eu01.nr-data.net [404] [GET] [text/plain] [] [cloudflare] [vhost] [Cloudflare,Cloudflare Network Error Logging] [99914b932bd37a50b983c5e7c90ae93b]
https://bam.eu01.nr-data.net:8443 [404] [GET] [text/plain] [] [cloudflare] [vhost] [Cloudflare,Cloudflare Network Error Logging] [99914b932bd37a50b983c5e7c90ae93b]
https://bam-f10-i60-30.eu01.nr-data.net [202] [GET] [application/javascript] [] [] [d41d8cd98f00b204e9800998ecf8427e]
https://bam.nr-data.net [404] [GET] [text/plain] [] [cloudflare] [vhost] [Cloudflare] [99914b932bd37a50b983c5e7c90ae93b]
https://chi-prod-cloud-collector.nr-data.net [404] [GET] [application/json] [] [] [99914b932bd37a50b983c5e7c90ae93b]
https://chi-prod-collector.nr-data.net [403] [GET] [text/plain] [] [] [d41d8cd98f00b204e9800998ecf8427e]
https://chi-prod-infra-api.nr-data.net [404] [GET] [text/plain] [] [] [vhost] [d41d8cd98f00b204e9800998ecf8427e]
https://chi-production-insights-collector.nr-data.net [404] [GET] [application/json] [] [] [99914b932bd37a50b983c5e7c90ae93b]
https://chi-staging-cloud-collector.nr-data.net [404] [GET] [application/json] [] [] [99914b932bd37a50b983c5e7c90ae93b]
https://chi-staging-collector.nr-data.net [403] [GET] [text/plain] [] [] [d41d8cd98f00b204e9800998ecf8427e]
https://chi-staging-infra-api.nr-data.net [404] [GET] [text/plain] [] [] [vhost] [d41d8cd98f00b204e9800998ecf8427e]
https://chi-staging-insights-collector.nr-data.net [404] [GET] [application/json] [] [] [99914b932bd37a50b983c5e7c90ae93b]
https://cloud-collector.eu01.nr-data.net [403] [GET] [text/plain] [] [cloudflare] [vhost] [Cloudflare] [d41d8cd98f00b204e9800998ecf8427e]
https://collector-001.eu01.nr-data.net [403] [GET] [text/plain] [] [cloudflare] [vhost] [Cloudflare] [d41d8cd98f00b204e9800998ecf8427e]
https://collector-001.eu01.nr-data.net:8443 [403] [GET] [text/plain] [] [cloudflare] [vhost] [Cloudflare] [d41d8cd98f00b204e9800998ecf8427e]
https://gov-bam.nr-data.net [400] [GET] [] [] [] [d41d8cd98f00b204e9800998ecf8427e]
https://gov-staging-bam.nr-data.net [400] [GET] [] [] [] [d41d8cd98f00b204e9800998ecf8427e]
https://ingest-test-api.eu01.nr-data.net:2083 [404] [GET] [text/plain] [] [cloudflare] [vhost] [Cloudflare] [99914b932bd37a50b983c5e7c90ae93b]
https://ingest-test-api.eu01.nr-data.net:2087 [404] [GET] [text/plain] [] [cloudflare] [vhost] [Cloudflare] [99914b932bd37a50b983c5e7c90ae93b]
https://ingest-test-api.eu01.nr-data.net [404] [GET] [text/plain] [] [cloudflare] [vhost] [Cloudflare] [99914b932bd37a50b983c5e7c90ae93b]
https://ingest-test-api.eu01.nr-data.net:8443 [404] [GET] [text/plain] [] [cloudflare] [vhost] [Cloudflare] [99914b932bd37a50b983c5e7c90ae93b]
https://log-api.eu01.nr-data.net [404] [GET] [text/plain] [] [cloudflare] [vhost] [Cloudflare] [99914b932bd37a50b983c5e7c90ae93b]
https://metric-api.eu01.nr-data.net [404] [GET] [text/plain] [] [cloudflare] [vhost] [Cloudflare] [99914b932bd37a50b983c5e7c90ae93b]
https://mobile-collector.eu01.nr-data.net [403] [GET] [text/plain] [] [cloudflare] [vhost] [Cloudflare] [d41d8cd98f00b204e9800998ecf8427e]
https://mobile-crash-origin.eu01.nr-data.net [503] [GET] [] [] [] [0b12f326642120ebfb529fb9def08aaf]
https://service.nr-data.net [404] [GET] [text/html] [404 Sorry – You've reached an error on New Relic] [] [Google Font API] [6a156d4ca10ebf7a0c97c14ec3d0c3c3]
https://staging-bam-cell.nr-data.net [404] [GET] [text/plain] [] [cloudflare] [vhost] [Cloudflare,Cloudflare Network Error Logging] [99914b932bd37a50b983c5e7c90ae93b]
https://staging-bam.nr-data.net [404] [GET] [text/plain] [] [cloudflare] [vhost] [Cloudflare] [99914b932bd37a50b983c5e7c90ae93b]
https://staging-otlp.nr-data.net [404] [GET] [text/plain] [] [cloudflare] [vhost] [Cloudflare] [99914b932bd37a50b983c5e7c90ae93b]
https://staging-service.nr-data.net [404] [GET] [text/html] [404 Sorry – You've reached an error on New Relic] [] [Google Font API] [6a156d4ca10ebf7a0c97c14ec3d0c3c3]
https://staging-synthetics-horde-admin-tmp.nr-data.net [404] [GET] [text/plain] [] [] [595e88012a6521aae3e12cbebe76eb9e]
https://synthetics-horde.nr-data.net [404] [GET] [application/json] [] [] [vhost] [bc2aa9e4302a2bd3005ff4defd589b15]
http://staging-insights-collector-origin.nr-data.net [409] [GET] [text/plain] [] [cloudflare] [Cloudflare] [f6bbbdc9b05a5af96b6b7e618ee357cc]
https://tls10.eu01.nr-data.net:2083 [530] [GET] [text/html] [Origin DNS error | tls10.eu01.nr-data.net | Cloudflare] [cloudflare] [vhost] [Cloudflare] [cb592e70ae13fb67192a6f2ec9e02288]
https://tls10.eu01.nr-data.net:2087 [530] [GET] [text/html] [Origin DNS error | tls10.eu01.nr-data.net | Cloudflare] [cloudflare] [vhost] [Cloudflare] [a4fedea74e1141ca78b8126173d02a8a]
https://tls10.eu01.nr-data.net:2096 [530] [GET] [text/html] [Origin DNS error | tls10.eu01.nr-data.net | Cloudflare] [cloudflare] [vhost] [Cloudflare] [364bde6bcac9e6f74e3a52692dca44a8]
https://tls10.eu01.nr-data.net [530] [GET] [text/html] [Origin DNS error | tls10.eu01.nr-data.net | Cloudflare] [cloudflare] [vhost] [Cloudflare] [428378fcb14ebe8641ed9ca782e1873a]
https://tls10.eu01.nr-data.net [530] [GET] [text/html] [Origin DNS error | tls10.eu01.nr-data.net | Cloudflare] [cloudflare] [vhost] [Cloudflare] [e7e1a3c41dd413bcbc7542551e61714e]
https://tls10.eu01.nr-data.net:8443 [530] [GET] [text/html] [Origin DNS error | tls10.eu01.nr-data.net | Cloudflare] [cloudflare] [vhost] [Cloudflare] [f3c1945e6506ad3dc856699e6a23c4a0]
https://tls12.eu01.nr-data.net:2053 [530] [GET] [text/html] [Origin DNS error | tls12.eu01.nr-data.net | Cloudflare] [cloudflare] [vhost] [Cloudflare] [4221597557285cbe94caf1c4955efeec]
https://tls12.eu01.nr-data.net:2083 [530] [GET] [text/html] [Origin DNS error | tls12.eu01.nr-data.net | Cloudflare] [cloudflare] [vhost] [Cloudflare] [74c641b20dbf8fbcb25e1bfcbb0d1f77]
https://tls12.eu01.nr-data.net:2087 [530] [GET] [text/html] [Origin DNS error | tls12.eu01.nr-data.net | Cloudflare] [cloudflare] [vhost] [Cloudflare] [4705d0616b1313f1c6245d97794dc20d]
https://tls12.eu01.nr-data.net [530] [GET] [text/html] [Origin DNS error | tls12.eu01.nr-data.net | Cloudflare] [cloudflare] [vhost] [Cloudflare] [0c1a64d515e380860998b6dac61862d6]
https://tls12.eu01.nr-data.net [530] [GET] [text/html] [Origin DNS error | tls12.eu01.nr-data.net | Cloudflare] [cloudflare] [vhost] [Cloudflare] [175e6ef7a6e6dd797adc32d16fa1ff27]
https://tls12.eu01.nr-data.net:8443 [530] [GET] [text/html] [Origin DNS error | tls12.eu01.nr-data.net | Cloudflare] [cloudflare] [vhost] [Cloudflare] [81eb303423dc73dc10f96af2ad97d5bd]
http://tls10.eu01.nr-data.net:2052 [301] [GET] [] [] [cloudflare] [Cloudflare] [d41d8cd98f00b204e9800998ecf8427e]
http://tls10.eu01.nr-data.net:2082 [301] [GET] [] [] [cloudflare] [Cloudflare] [d41d8cd98f00b204e9800998ecf8427e]
http://tls10.eu01.nr-data.net:2086 [301] [GET] [] [] [cloudflare] [Cloudflare] [d41d8cd98f00b204e9800998ecf8427e]
http://tls10.eu01.nr-data.net:8080 [301] [GET] [] [] [cloudflare] [Cloudflare] [d41d8cd98f00b204e9800998ecf8427e]
http://tls10.eu01.nr-data.net:8880 [301] [GET] [] [] [cloudflare] [Cloudflare] [d41d8cd98f00b204e9800998ecf8427e]
http://tls12.eu01.nr-data.net:2082 [301] [GET] [] [] [cloudflare] [Cloudflare] [d41d8cd98f00b204e9800998ecf8427e]
http://tls12.eu01.nr-data.net:2086 [301] [GET] [] [] [cloudflare] [Cloudflare] [d41d8cd98f00b204e9800998ecf8427e]
http://tls12.eu01.nr-data.net:8080 [301] [GET] [] [] [cloudflare] [Cloudflare] [d41d8cd98f00b204e9800998ecf8427e]
http://tls12.eu01.nr-data.net:8880 [301] [GET] [] [] [cloudflare] [Cloudflare] [d41d8cd98f00b204e9800998ecf8427e]
