http://go.okx.com:2082 [403] [GET] [text/plain] [] [cloudflare] [vhost] [Cloudflare,Cloudflare Bot Management,Cloudflare Network Error Logging] [c8750906ad1e689d41ab2a4e25d9864d]
http://go.okx.com:2086 [403] [GET] [text/plain] [] [cloudflare] [vhost] [Cloudflare,Cloudflare Bot Management,Cloudflare Network Error Logging] [c8750906ad1e689d41ab2a4e25d9864d]
http://go.okx.com:2095 [403] [GET] [text/plain] [] [cloudflare] [vhost] [Cloudflare,Cloudflare Bot Management,Cloudflare Network Error Logging] [c8750906ad1e689d41ab2a4e25d9864d]
http://go.okx.com:8080 [403] [GET] [text/plain] [] [cloudflare] [vhost] [Cloudflare,Cloudflare Bot Management,Cloudflare Network Error Logging] [c8750906ad1e689d41ab2a4e25d9864d]
http://go.okx.com:8880 [403] [GET] [text/plain] [] [cloudflare] [vhost] [Cloudflare,Cloudflare Bot Management,Cloudflare Network Error Logging] [c8750906ad1e689d41ab2a4e25d9864d]
http://newsletter.okx.com:2082 [403] [GET] [text/plain] [] [cloudflare] [vhost] [Cloudflare,Cloudflare Bot Management,Cloudflare Network Error Logging] [c8750906ad1e689d41ab2a4e25d9864d]
http://newsletter.okx.com:2086 [403] [GET] [text/plain] [] [cloudflare] [vhost] [Cloudflare,Cloudflare Bot Management,Cloudflare Network Error Logging] [c8750906ad1e689d41ab2a4e25d9864d]
http://newsletter.okx.com:2095 [403] [GET] [text/plain] [] [cloudflare] [vhost] [Cloudflare,Cloudflare Bot Management,Cloudflare Network Error Logging] [c8750906ad1e689d41ab2a4e25d9864d]
http://newsletter.okx.com:8080 [403] [GET] [text/plain] [] [cloudflare] [vhost] [Cloudflare,Cloudflare Bot Management,Cloudflare Network Error Logging] [c8750906ad1e689d41ab2a4e25d9864d]
http://newsletter.okx.com:8880 [403] [GET] [text/plain] [] [cloudflare] [vhost] [Cloudflare,Cloudflare Bot Management,Cloudflare Network Error Logging] [c8750906ad1e689d41ab2a4e25d9864d]
https://aws.okx.com [200] [GET] [text/html] [Buy Bitcoin & other cryptocurrencies | cryptocurrency exchange, reimagined | OKX] [] [vhost] [3c632ae7201be3f138668f97af24152f]
https://aws.okx.com [200] [GET] [text/html] [Buy Bitcoin & other cryptocurrencies | cryptocurrency exchange, reimagined | OKX] [] [vhost] [9c84a5a3672c22e95c1ae5c67e2cc984]
https://awspush.okx.com [404] [GET] [text/html] [404 Not Found] [nginx] [Nginx] [8eec510e57f5f732fd2cce73df7b73ef]
https://awspush.okx.com:8443 [404] [GET] [text/html] [404 Not Found] [nginx] [Nginx] [370e16c3b7dba286cff055f93b9a94d8]
https://email.gh-mail.okx.com [200] [GET] [application/octet-stream] [] [nginx] [Nginx] [9f36c1c909fa94ed5e7af41387ae3dae]
https://email.gh-mail.okx.com [404] [GET] [text/plain] [] [] [google] [595e88012a6521aae3e12cbebe76eb9e]
https://go.okx.com:2053 [403] [GET] [text/plain] [] [cloudflare] [vhost] [Cloudflare,Cloudflare Bot Management,Cloudflare Network Error Logging] [c8750906ad1e689d41ab2a4e25d9864d]
https://go.okx.com:2083 [403] [GET] [text/plain] [] [cloudflare] [vhost] [Cloudflare,Cloudflare Bot Management,Cloudflare Network Error Logging] [c8750906ad1e689d41ab2a4e25d9864d]
https://go.okx.com:2087 [403] [GET] [text/plain] [] [cloudflare] [vhost] [Cloudflare,Cloudflare Bot Management,Cloudflare Network Error Logging] [c8750906ad1e689d41ab2a4e25d9864d]
https://go.okx.com:2096 [403] [GET] [text/plain] [] [cloudflare] [vhost] [Cloudflare,Cloudflare Bot Management,Cloudflare Network Error Logging] [c8750906ad1e689d41ab2a4e25d9864d]
https://go.okx.com [403] [GET] [text/plain] [] [cloudflare] [vhost] [Cloudflare,Cloudflare Bot Management,Cloudflare Network Error Logging] [c8750906ad1e689d41ab2a4e25d9864d]
https://go.okx.com:8443 [403] [GET] [text/plain] [] [cloudflare] [vhost] [Cloudflare,Cloudflare Bot Management,Cloudflare Network Error Logging] [c8750906ad1e689d41ab2a4e25d9864d]
https://learn.okx.com [301] [GET] [text/html] [] [nginx] [vhost] [google] [Nginx,WP Engine,WordPress] [d41d8cd98f00b204e9800998ecf8427e]
https://newsletter.okx.com:2053 [403] [GET] [text/plain] [] [cloudflare] [vhost] [Cloudflare,Cloudflare Bot Management,Cloudflare Network Error Logging] [c8750906ad1e689d41ab2a4e25d9864d]
https://newsletter.okx.com:2083 [403] [GET] [text/plain] [] [cloudflare] [vhost] [Cloudflare,Cloudflare Bot Management,Cloudflare Network Error Logging] [c8750906ad1e689d41ab2a4e25d9864d]
https://newsletter.okx.com:2087 [403] [GET] [text/plain] [] [cloudflare] [vhost] [Cloudflare,Cloudflare Bot Management,Cloudflare Network Error Logging] [c8750906ad1e689d41ab2a4e25d9864d]
https://newsletter.okx.com:2096 [403] [GET] [text/plain] [] [cloudflare] [vhost] [Cloudflare,Cloudflare Bot Management,Cloudflare Network Error Logging] [c8750906ad1e689d41ab2a4e25d9864d]
https://newsletter.okx.com [403] [GET] [text/plain] [] [cloudflare] [vhost] [Cloudflare,Cloudflare Bot Management,Cloudflare Network Error Logging] [c8750906ad1e689d41ab2a4e25d9864d]
https://newsletter.okx.com:8443 [403] [GET] [text/plain] [] [cloudflare] [vhost] [Cloudflare,Cloudflare Bot Management,Cloudflare Network Error Logging] [c8750906ad1e689d41ab2a4e25d9864d]
https://okx.com [301] [GET] [text/html] [301 Moved Permanently] [openresty] [vhost] [Nginx,OpenResty] [4aa7a432bb447f094408f1bd6229c605]
https://staticaws.okx.com [403] [GET] [application/xml] [] [Tengine] [vhost] [Tengine] [4654c55b7f95ff6b281b2279b1e4da00]
https://staticaws.okx.com [403] [GET] [application/xml] [] [Tengine] [vhost] [Tengine] [6f1faf52e30f8aa391acc1b0b1d70137]
https://static.okx.com [403] [GET] [application/xml] [] [Tengine] [vhost] [cloudfront] [Amazon Cloudfront,Amazon Web Services,Tengine] [76a3c58d7d13a5a35b5d438cc52adc4c]
https://static.okx.com [403] [GET] [application/xml] [] [Tengine] [vhost] [cloudfront] [Amazon Cloudfront,Amazon Web Services,Tengine] [fd07048b870a25b21571a2378f946716]
https://test.okx.com [400] [GET] [text/html] [Invalid URL] [AkamaiGHost] [114ec534d7681d2eaba226ee581de4e4]
https://test.okx.com [400] [GET] [text/html] [Invalid URL] [AkamaiGHost] [77ecd85a4dc0771b8ab7811231dfdea2]
https://wsaws.okx.com [404] [GET] [text/html] [404 Not Found] [nginx] [Nginx] [370e16c3b7dba286cff055f93b9a94d8]
https://wsaws.okx.com:8443 [404] [GET] [text/html] [404 Not Found] [nginx] [Nginx] [8eec510e57f5f732fd2cce73df7b73ef]
https://wsdex.okx.com [404] [GET] [text/html] [404 Not Found] [cloudflare] [vhost] [cloudflare] [Cloudflare,Cloudflare Bot Management] [8eec510e57f5f732fd2cce73df7b73ef]
https://wsdex.okx.com:8443 [404] [GET] [text/html] [404 Not Found] [cloudflare] [vhost] [cloudflare] [Cloudflare,Cloudflare Bot Management] [370e16c3b7dba286cff055f93b9a94d8]
https://wsdexpre.okx.com [404] [GET] [text/html] [404 Not Found] [cloudflare] [vhost] [cloudflare] [Cloudflare,Cloudflare Bot Management] [370e16c3b7dba286cff055f93b9a94d8]
https://wsdexpre.okx.com:8443 [404] [GET] [text/html] [404 Not Found] [cloudflare] [vhost] [cloudflare] [Cloudflare,Cloudflare Bot Management] [370e16c3b7dba286cff055f93b9a94d8]
https://ws.okx.com [404] [GET] [text/html] [404 Not Found] [cloudflare] [vhost] [cloudflare] [Cloudflare,Cloudflare Bot Management] [370e16c3b7dba286cff055f93b9a94d8]
https://ws.okx.com:8443 [404] [GET] [text/html] [404 Not Found] [cloudflare] [vhost] [cloudflare] [Cloudflare,Cloudflare Bot Management] [8eec510e57f5f732fd2cce73df7b73ef]
https://wspap.okx.com [404] [GET] [text/html] [404 Not Found] [cloudflare] [vhost] [cloudflare] [Cloudflare,Cloudflare Bot Management] [8eec510e57f5f732fd2cce73df7b73ef]
https://wspap.okx.com:8443 [404] [GET] [text/html] [404 Not Found] [cloudflare] [vhost] [cloudflare] [Cloudflare,Cloudflare Bot Management] [370e16c3b7dba286cff055f93b9a94d8]
https://wspri.okx.com [404] [GET] [text/html] [404 Not Found] [cloudflare] [vhost] [cloudflare] [Cloudflare,Cloudflare Bot Management] [8eec510e57f5f732fd2cce73df7b73ef]
https://wspri.okx.com:8443 [404] [GET] [text/html] [404 Not Found] [cloudflare] [vhost] [cloudflare] [Cloudflare,Cloudflare Bot Management] [8eec510e57f5f732fd2cce73df7b73ef]
https://wspripap.okx.com [404] [GET] [text/html] [404 Not Found] [cloudflare] [vhost] [cloudflare] [Cloudflare,Cloudflare Bot Management] [8eec510e57f5f732fd2cce73df7b73ef]
https://wspripap.okx.com:8443 [404] [GET] [text/html] [404 Not Found] [cloudflare] [vhost] [cloudflare] [Cloudflare,Cloudflare Bot Management] [8eec510e57f5f732fd2cce73df7b73ef]
https://www.okx.com [200] [GET] [text/html] [Buy Bitcoin & other cryptocurrencies | cryptocurrency exchange, reimagined | OKX] [cloudflare] [vhost] [cloudflare] [Cloudflare,Cloudflare Bot Management] [1cbed903ce6ebdab111415bee85bb15e]
https://www.okx.com [200] [GET] [text/html] [Buy Bitcoin & other cryptocurrencies | cryptocurrency exchange, reimagined | OKX] [cloudflare] [vhost] [cloudflare] [Cloudflare,Cloudflare Bot Management] [b01b83bc0e3296a1ab2b93ca531fa93a]
http://wsdex.okx.com:2083 [400] [GET] [text/html] [400 The plain HTTP request was sent to HTTPS port] [cloudflare] [cloudflare] [Cloudflare] [cd58783500d7fa3c58f88eb0ba22f4f8]
http://wsdex.okx.com:2087 [400] [GET] [text/html] [400 The plain HTTP request was sent to HTTPS port] [cloudflare] [cloudflare] [Cloudflare] [20ad84d030031252141ca0b3fc0183f0]
http://wsdex.okx.com:2096 [400] [GET] [text/html] [400 The plain HTTP request was sent to HTTPS port] [cloudflare] [cloudflare] [Cloudflare] [cd58783500d7fa3c58f88eb0ba22f4f8]
http://wsdexpre.okx.com:2083 [400] [GET] [text/html] [400 The plain HTTP request was sent to HTTPS port] [cloudflare] [cloudflare] [Cloudflare] [cd58783500d7fa3c58f88eb0ba22f4f8]
http://wsdexpre.okx.com:2087 [400] [GET] [text/html] [400 The plain HTTP request was sent to HTTPS port] [cloudflare] [cloudflare] [Cloudflare] [20ad84d030031252141ca0b3fc0183f0]
http://ws.okx.com:2083 [400] [GET] [text/html] [400 The plain HTTP request was sent to HTTPS port] [cloudflare] [cloudflare] [Cloudflare] [cd58783500d7fa3c58f88eb0ba22f4f8]
http://ws.okx.com:2087 [400] [GET] [text/html] [400 The plain HTTP request was sent to HTTPS port] [cloudflare] [cloudflare] [Cloudflare] [20ad84d030031252141ca0b3fc0183f0]
http://ws.okx.com:2096 [400] [GET] [text/html] [400 The plain HTTP request was sent to HTTPS port] [cloudflare] [cloudflare] [Cloudflare] [20ad84d030031252141ca0b3fc0183f0]
http://wspap.okx.com:2083 [400] [GET] [text/html] [400 The plain HTTP request was sent to HTTPS port] [cloudflare] [cloudflare] [Cloudflare] [cd58783500d7fa3c58f88eb0ba22f4f8]
http://wspap.okx.com:2087 [400] [GET] [text/html] [400 The plain HTTP request was sent to HTTPS port] [cloudflare] [cloudflare] [Cloudflare] [20ad84d030031252141ca0b3fc0183f0]
http://wspri.okx.com:2083 [400] [GET] [text/html] [400 The plain HTTP request was sent to HTTPS port] [cloudflare] [cloudflare] [Cloudflare] [20ad84d030031252141ca0b3fc0183f0]
http://wspri.okx.com:2087 [400] [GET] [text/html] [400 The plain HTTP request was sent to HTTPS port] [cloudflare] [cloudflare] [Cloudflare] [cd58783500d7fa3c58f88eb0ba22f4f8]
http://wspripap.okx.com:2083 [400] [GET] [text/html] [400 The plain HTTP request was sent to HTTPS port] [cloudflare] [cloudflare] [Cloudflare] [20ad84d030031252141ca0b3fc0183f0]
http://wspripap.okx.com:2087 [400] [GET] [text/html] [400 The plain HTTP request was sent to HTTPS port] [cloudflare] [cloudflare] [Cloudflare] [cd58783500d7fa3c58f88eb0ba22f4f8]
http://wspripap.okx.com:2096 [400] [GET] [text/html] [400 The plain HTTP request was sent to HTTPS port] [cloudflare] [cloudflare] [Cloudflare] [cd58783500d7fa3c58f88eb0ba22f4f8]
http://www.okx.com:2083 [400] [GET] [text/html] [400 The plain HTTP request was sent to HTTPS port] [cloudflare] [cloudflare] [Cloudflare] [cd58783500d7fa3c58f88eb0ba22f4f8]
http://www.okx.com:2087 [400] [GET] [text/html] [400 The plain HTTP request was sent to HTTPS port] [cloudflare] [cloudflare] [Cloudflare] [20ad84d030031252141ca0b3fc0183f0]
http://www.okx.com:8443 [400] [GET] [text/html] [400 The plain HTTP request was sent to HTTPS port] [cloudflare] [cloudflare] [Cloudflare] [cd58783500d7fa3c58f88eb0ba22f4f8]
