http://bream-dev.opera.software [301] [GET] [text/html] [301 Moved Permanently] [nginx] [Nginx] [cd2e0e43980a00fb6a2742d3afd803b8]
http://install.opera.software [200] [GET] [text/html] [Welcome to nginx on Debian!] [nginx/1.10.3] [Nginx:1.10.3] [9341805ff485c40b268e3a4e40e919ad]
https://admin.speeddials.opera.software [302] [GET] [text/html] [] [nginx] [vhost] [Nginx] [c5721fb8f7d389b6f7ddcc7696953b9f]
https://admin.speeddials.opera.software [302] [GET] [text/html] [] [nginx] [vhost] [Nginx] [f9b602e4d2fcd73398a77e620d46a647]
https://airflow.osp.opera.software [302] [GET] [text/html] [] [nginx/1.22.0] [vhost] [Nginx:1.22.0] [b980fd98abcb033e4aea2664a302f9a5]
https://airflow.osp.opera.software [302] [GET] [text/html] [] [nginx/1.22.0] [vhost] [Nginx:1.22.0] [fc0468e115a6bdb61a371918cf95f0b9]
https://am4.vpn.opera.software [302] [GET] [text/html] [] [] [Pulse Secure] [d41d8cd98f00b204e9800998ecf8427e]
https://amsterdam.vpn.opera.software [302] [GET] [text/html] [] [] [Pulse Secure] [d41d8cd98f00b204e9800998ecf8427e]
https://apt-internal.opera.software [403] [GET] [text/html] [403 Forbidden] [nginx/1.22.0] [Nginx:1.22.0] [59eccac6c2aa24c4bb6f33494d185261]
https://aws.opera.software [301] [GET] [text/html] [301 Moved Permanently] [nginx] [vhost] [Nginx] [cd2e0e43980a00fb6a2742d3afd803b8]
https://bbui.android.opera.software [302] [GET] [text/html] [] [nginx] [vhost] [Nginx] [392257242376fde770333ed1749ab350]
https://bbui.android.opera.software [302] [GET] [text/html] [] [nginx] [vhost] [Nginx] [966e3528e91aeffe003d8c92c93a443a]
https://bream.opera.software [302] [GET] [text/html] [] [nginx] [vhost] [Nginx] [9352c8658d746603c2c00a92b433cf3b]
https://bream.opera.software [302] [GET] [text/html] [] [nginx] [vhost] [Nginx] [b849ca2a6e40c5d19def389c5366e465]
https://buildbot-dev.opera.software [404] [GET] [text/plain] [] [nginx] [vhost] [Nginx] [53af239ee5d3e261545dededcb6ffd57]
https://buildbot.opera.software [302] [GET] [text/html] [] [nginx] [vhost] [Nginx] [0b415a2d639f09ed6a337430bee57779]
https://buildbot.opera.software [302] [GET] [text/html] [] [nginx] [vhost] [Nginx] [ae826a6db11853f66aaae789d6c1f0df]
https://desktop-assistant-sub.osp.opera.software [200] [GET] [text/html] [Welcome to nginx!] [nginx/1.18.0] [Nginx:1.18.0] [e3eb0a1df437f3f97a64aca5952c8ea0]
https://desktop-sessions-sub.osp.opera.software [200] [GET] [text/html] [Welcome to nginx!] [nginx/1.18.0] [Nginx:1.18.0] [e3eb0a1df437f3f97a64aca5952c8ea0]
https://dns-ui.opera.software [302] [GET] [text/html] [] [nginx] [vhost] [Nginx] [65dde70facb220255c81104eaf86c5a1]
https://dns-ui.opera.software [302] [GET] [text/html] [] [nginx] [vhost] [Nginx] [a1b9844d2d58dd8737575b4bde1e6da7]
https://era.opera.software [302] [GET] [text/html] [] [nginx] [vhost] [Nginx] [1cacaa814f0a1d34ad0ce5eed89b71d8]
https://era.opera.software [302] [GET] [text/html] [] [nginx] [vhost] [Nginx] [bfd4eb50bd205c4d9fee580f3747d7f5]
https://footer.opera.software [302] [GET] [text/html] [] [nginx] [vhost] [Nginx] [2305cc673c587a352f19cdc390afda80]
https://footer.opera.software [302] [GET] [text/html] [] [nginx] [vhost] [Nginx] [9b8d8cda1f80df3830c7caedf86fdc22]
https://gitlab.opera.software [302] [GET] [text/html] [] [nginx] [vhost] [Nginx] [59e27dc47e8e4d6073b396ec89a9aa46]
https://gitlab.opera.software [302] [GET] [text/html] [] [nginx] [vhost] [Nginx] [ffdb658f58e0323f35af67c5e3a5b095]
https://graylog.opera.software [302] [GET] [text/html] [] [nginx] [vhost] [Nginx] [49bde1e8ec605ab1b32107e8f417c8e6]
https://graylog.opera.software [302] [GET] [text/html] [] [nginx] [vhost] [Nginx] [8eff6f6733544c19f676388eb78e3ddf]
https://h05-17-01.osp.opera.software [404] [GET] [text/html] [404 Not Found] [nginx/1.18.0] [Nginx:1.18.0] [26017130abca7d511d22eea19ce6d7a1]
https://h05-17-02.osp.opera.software [404] [GET] [text/html] [404 Not Found] [nginx/1.18.0] [Nginx:1.18.0] [706a98254456810d3e849c3957af9d01]
https://h05-17-03.osp.opera.software [404] [GET] [text/html] [404 Not Found] [nginx/1.18.0] [Nginx:1.18.0] [706a98254456810d3e849c3957af9d01]
https://h05-17-04.osp.opera.software [404] [GET] [text/html] [404 Not Found] [nginx/1.18.0] [Nginx:1.18.0] [26017130abca7d511d22eea19ce6d7a1]
https://h05-18-02.osp.opera.software [404] [GET] [text/html] [404 Not Found] [nginx/1.18.0] [Nginx:1.18.0] [706a98254456810d3e849c3957af9d01]
https://h05-18-03.osp.opera.software [404] [GET] [text/html] [404 Not Found] [nginx/1.18.0] [Nginx:1.18.0] [26017130abca7d511d22eea19ce6d7a1]
https://h05-18-04.osp.opera.software [404] [GET] [text/html] [404 Not Found] [nginx/1.18.0] [Nginx:1.18.0] [706a98254456810d3e849c3957af9d01]
https://h05-19-01.osp.opera.software [404] [GET] [text/html] [404 Not Found] [nginx/1.18.0] [Nginx:1.18.0] [706a98254456810d3e849c3957af9d01]
https://h05-19-02.osp.opera.software [404] [GET] [text/html] [404 Not Found] [nginx/1.18.0] [Nginx:1.18.0] [706a98254456810d3e849c3957af9d01]
https://h05-19-03.osp.opera.software [404] [GET] [text/html] [404 Not Found] [nginx/1.18.0] [Nginx:1.18.0] [26017130abca7d511d22eea19ce6d7a1]
https://h05-19-04.osp.opera.software [404] [GET] [text/html] [404 Not Found] [nginx/1.18.0] [Nginx:1.18.0] [706a98254456810d3e849c3957af9d01]
https://h06-18-02.osp.opera.software [404] [GET] [text/html] [404 Not Found] [nginx/1.18.0] [Nginx:1.18.0] [26017130abca7d511d22eea19ce6d7a1]
https://h06-18-03.osp.opera.software [404] [GET] [text/html] [404 Not Found] [nginx/1.18.0] [Nginx:1.18.0] [26017130abca7d511d22eea19ce6d7a1]
https://h06-18-04.osp.opera.software [404] [GET] [text/html] [404 Not Found] [nginx/1.18.0] [Nginx:1.18.0] [26017130abca7d511d22eea19ce6d7a1]
https://h06-19-01.osp.opera.software [404] [GET] [text/html] [404 Not Found] [nginx/1.18.0] [Nginx:1.18.0] [706a98254456810d3e849c3957af9d01]
https://h06-19-02.osp.opera.software [404] [GET] [text/html] [404 Not Found] [nginx/1.18.0] [Nginx:1.18.0] [706a98254456810d3e849c3957af9d01]
https://h06-19-03.osp.opera.software [404] [GET] [text/html] [404 Not Found] [nginx/1.18.0] [Nginx:1.18.0] [706a98254456810d3e849c3957af9d01]
https://h06-19-04.osp.opera.software [404] [GET] [text/html] [404 Not Found] [nginx/1.18.0] [Nginx:1.18.0] [26017130abca7d511d22eea19ce6d7a1]
https://h07-20-01.osp.opera.software [404] [GET] [text/html] [404 Not Found] [nginx/1.18.0] [Nginx:1.18.0] [706a98254456810d3e849c3957af9d01]
https://h07-20-02.osp.opera.software [404] [GET] [text/html] [404 Not Found] [nginx/1.18.0] [Nginx:1.18.0] [706a98254456810d3e849c3957af9d01]
https://h07-20-03.osp.opera.software [404] [GET] [text/html] [404 Not Found] [nginx/1.18.0] [Nginx:1.18.0] [26017130abca7d511d22eea19ce6d7a1]
https://h07-20-04.osp.opera.software [404] [GET] [text/html] [404 Not Found] [nginx/1.18.0] [Nginx:1.18.0] [706a98254456810d3e849c3957af9d01]
https://h07-21-01.osp.opera.software [404] [GET] [text/html] [404 Not Found] [nginx/1.18.0] [Nginx:1.18.0] [706a98254456810d3e849c3957af9d01]
https://h07-21-02.osp.opera.software [404] [GET] [text/html] [404 Not Found] [nginx/1.18.0] [Nginx:1.18.0] [26017130abca7d511d22eea19ce6d7a1]
https://h07-21-03.osp.opera.software [404] [GET] [text/html] [404 Not Found] [nginx/1.18.0] [Nginx:1.18.0] [706a98254456810d3e849c3957af9d01]
https://h07-21-04.osp.opera.software [404] [GET] [text/html] [404 Not Found] [nginx/1.18.0] [Nginx:1.18.0] [26017130abca7d511d22eea19ce6d7a1]
https://hoardr.opera.software [302] [GET] [text/html] [] [nginx] [vhost] [Nginx] [6fe304f8ea18972b6cd31e10a2e8298d]
https://hoardr.opera.software [302] [GET] [text/html] [] [nginx] [vhost] [Nginx] [a6753df85c0723054cba8a2f3ea8fa95]
https://icinga-01.osp.opera.software [301] [GET] [text/html] [301 Moved Permanently] [nginx/1.22.0] [Nginx:1.22.0] [b51956ed2a6129f43c5d0ecc011cc5a5]
https://lati-otp.opera.software [200] [GET] [text/html] [WebADM Web Applications Portal] [nginx] [vhost] [Nginx] [48a8babd6e1e95b53254c8b72038fa89]
https://lvs-ash-test.osp.opera.software [404] [GET] [text/html] [404 Not Found] [nginx/1.18.0] [Nginx:1.18.0] [706a98254456810d3e849c3957af9d01]
https://mailing-list.opera.software [302] [GET] [text/html] [] [nginx] [vhost] [Nginx] [53059620a6c4c23915f5a3a9ed308b5b]
https://mailing-list.opera.software [302] [GET] [text/html] [] [nginx] [vhost] [Nginx] [a9552a01e9cfc6a12ca02d5d8f3769c4]
https://mobsf.opera.software [302] [GET] [text/html] [] [nginx] [vhost] [Nginx] [84586eab51384b4de8fe5fbd64111b8f]
https://mobsf.opera.software [302] [GET] [text/html] [] [nginx] [vhost] [Nginx] [e740fb7c8ce71123dbe98d45c15364e9]
https://nessus.opera.software [302] [GET] [text/html] [] [nginx] [vhost] [Nginx] [7d475fcdbddb3ad8b7349e233a80a63d]
https://nessus.opera.software [302] [GET] [text/html] [] [nginx] [vhost] [Nginx] [b750de8a2f9f2f14f0e15f1d0c5e4b8b]
https://n-infra-affive.opera.software [302] [GET] [text/html] [] [nginx] [vhost] [Nginx] [4273ea600ff90a894fa546bbd39d1e17]
https://n-infra-affive.opera.software [302] [GET] [text/html] [] [nginx] [vhost] [Nginx] [d30abd141c6c6b978566adc255b032fe]
https://ofa.android.opera.software [302] [GET] [text/html] [] [nginx] [vhost] [Nginx] [1f89fb9b028a960fb7be832ca26aa916]
https://ofa.android.opera.software [302] [GET] [text/html] [] [nginx] [vhost] [Nginx] [8ecd8aac99893363ace3b77b406e1bb5]
https://ofa-r-sub.osp.opera.software [200] [GET] [text/html] [Welcome to nginx!] [nginx/1.18.0] [Nginx:1.18.0] [e3eb0a1df437f3f97a64aca5952c8ea0]
https://ofa-sub.osp.opera.software [200] [GET] [text/html] [Welcome to nginx!] [nginx/1.18.0] [Nginx:1.18.0] [e3eb0a1df437f3f97a64aca5952c8ea0]
https://operanews-lite-app-sub.osp.opera.software [200] [GET] [text/html] [Welcome to nginx!] [nginx/1.18.0] [Nginx:1.18.0] [e3eb0a1df437f3f97a64aca5952c8ea0]
https://ospstatus.osp.opera.software [302] [GET] [text/html] [Redirecting...] [nginx/1.22.0] [Nginx:1.22.0] [be7b2b017ba872df16da811bbcc8d0ab]
https://ospsubmit-ash-01.osp.opera.software [404] [GET] [text/html] [404 Not Found] [nginx/1.18.0] [Nginx:1.18.0] [706a98254456810d3e849c3957af9d01]
https://ospsubmit-ash-02.osp.opera.software [404] [GET] [text/html] [404 Not Found] [nginx/1.18.0] [Nginx:1.18.0] [706a98254456810d3e849c3957af9d01]
https://ospsubmit-ash-03.osp.opera.software [404] [GET] [text/html] [404 Not Found] [nginx/1.18.0] [Nginx:1.18.0] [26017130abca7d511d22eea19ce6d7a1]
https://ospsubmit-ash-05.osp.opera.software [404] [GET] [text/html] [404 Not Found] [nginx/1.18.0] [Nginx:1.18.0] [706a98254456810d3e849c3957af9d01]
https://ospsubmit-ash-06.osp.opera.software [404] [GET] [text/html] [404 Not Found] [nginx/1.18.0] [Nginx:1.18.0] [706a98254456810d3e849c3957af9d01]
https://ospsubmit-ash-07.osp.opera.software [404] [GET] [text/html] [404 Not Found] [nginx/1.18.0] [Nginx:1.18.0] [706a98254456810d3e849c3957af9d01]
https://ospsubmit-ash-08.osp.opera.software [404] [GET] [text/html] [404 Not Found] [nginx/1.18.0] [Nginx:1.18.0] [706a98254456810d3e849c3957af9d01]
https://ospsubmit-ash-09.osp.opera.software [404] [GET] [text/html] [404 Not Found] [nginx/1.18.0] [Nginx:1.18.0] [706a98254456810d3e849c3957af9d01]
https://ospsubmit-ash-10.osp.opera.software [404] [GET] [text/html] [404 Not Found] [nginx/1.18.0] [Nginx:1.18.0] [26017130abca7d511d22eea19ce6d7a1]
https://ospsubmit-ash-11.osp.opera.software [404] [GET] [text/html] [404 Not Found] [nginx/1.18.0] [Nginx:1.18.0] [706a98254456810d3e849c3957af9d01]
https://ospsubmit-ash-12.osp.opera.software [404] [GET] [text/html] [404 Not Found] [nginx/1.18.0] [Nginx:1.18.0] [706a98254456810d3e849c3957af9d01]
https://ospsubmit-ash-13.osp.opera.software [404] [GET] [text/html] [404 Not Found] [nginx/1.18.0] [Nginx:1.18.0] [706a98254456810d3e849c3957af9d01]
https://ospsubmit-ash-14.osp.opera.software [404] [GET] [text/html] [404 Not Found] [nginx/1.18.0] [Nginx:1.18.0] [706a98254456810d3e849c3957af9d01]
https://ospsubmit-ash-15.osp.opera.software [404] [GET] [text/html] [404 Not Found] [nginx/1.18.0] [Nginx:1.18.0] [706a98254456810d3e849c3957af9d01]
https://ospsubmit-ash-16.osp.opera.software [404] [GET] [text/html] [404 Not Found] [nginx/1.18.0] [Nginx:1.18.0] [706a98254456810d3e849c3957af9d01]
https://ospsubmit-ash-17.osp.opera.software [404] [GET] [text/html] [404 Not Found] [nginx/1.18.0] [Nginx:1.18.0] [706a98254456810d3e849c3957af9d01]
https://ospsubmit-ash-18.osp.opera.software [404] [GET] [text/html] [404 Not Found] [nginx/1.18.0] [Nginx:1.18.0] [706a98254456810d3e849c3957af9d01]
https://ospsubmit-ash-19.osp.opera.software [404] [GET] [text/html] [404 Not Found] [nginx/1.18.0] [Nginx:1.18.0] [26017130abca7d511d22eea19ce6d7a1]
https://otp.opera.software [200] [GET] [text/html] [WebADM Web Applications Portal] [nginx] [vhost] [Nginx] [48a8babd6e1e95b53254c8b72038fa89]
https://password.opera.software [403] [GET] [text/html] [Sign In] [nginx] [vhost] [Nginx] [56a070d2d9940425f65bf4daaec58e1a]
https://pns.opera.software [200] [GET] [text/html] [PNS Console] [nginx] [vhost] [Nginx] [05450eb7abaeb27d3878b9267443dbe2]
https://puppetrepo.opera.software [302] [GET] [text/html] [] [nginx] [vhost] [Nginx] [826d05b966e91fa3aa877505bdc9398a]
https://puppetrepo.opera.software [302] [GET] [text/html] [] [nginx] [vhost] [Nginx] [e45e02a3aab4a82cbcfb49af3aabfa3a]
https://redash.opera.software [302] [GET] [text/html] [] [nginx] [vhost] [Nginx] [4918d7df5291e679111a8b25777b06f4]
https://redash.opera.software [302] [GET] [text/html] [] [nginx] [vhost] [Nginx] [4c500f5e773a924db35b2ecc93abcb0a]
https://request.opera.software [302] [GET] [text/html] [] [nginx] [vhost] [Nginx] [977ed7b44257065ea27732da6ed8a08e]
https://request.opera.software [302] [GET] [text/html] [] [nginx] [vhost] [Nginx] [f8afe3672a794dbe20d63c98ccf3852f]
https://revenueapi.osp.opera.software [404] [GET] [application/problem+json] [] [nginx/1.22.0] [Nginx:1.22.0] [f4c963e670e1f109758c26f4da9af56b]
https://revenueapi-test.osp.opera.software [404] [GET] [application/problem+json] [] [nginx/1.22.0] [Nginx:1.22.0] [f4c963e670e1f109758c26f4da9af56b]
https://sadb.opera.software [302] [GET] [text/html] [] [nginx] [vhost] [Nginx] [5503ba9017d89eb4f7c2ef6c18c3bf6d]
https://sadb.opera.software [302] [GET] [text/html] [] [nginx] [vhost] [Nginx] [de98d5cf89f866aff6e554adba42d6cf]
https://schemaserver.osp.opera.software [302] [GET] [text/html] [Redirecting...] [nginx/1.22.0] [Nginx:1.22.0] [fdca6f8436d1de3fbbd5a9370b154085]
https://screw.opera.software [302] [GET] [] [] [] [vhost] [google] [d41d8cd98f00b204e9800998ecf8427e]
https://secret.opera.software [200] [GET] [text/html] [Yopass: Share Secrets Securely] [nginx] [Nginx] [925854e5b4bc24e8c5f5d6499ec712f2]
https://security.opera.software [302] [GET] [text/html] [] [nginx] [vhost] [Nginx] [0e9375140f85a3d13e27f9cd83aaacda]
https://security.opera.software [302] [GET] [text/html] [] [nginx] [vhost] [Nginx] [680ef0a6d37ffdcaa342dafdab9c7804]
https://sentry-am3-01.osp.opera.software [302] [GET] [text/html] [] [nginx/1.22.0] [Nginx:1.22.0] [8f6c9c03a54d1c819775d0051ca1db38]
https://sg1.opera.software [200] [GET] [text/html] [] [nginx] [Nginx] [d41d8cd98f00b204e9800998ecf8427e]
https://sonarqube.opera.software [302] [GET] [text/html] [] [nginx] [vhost] [Nginx] [1acd3e57f92c92111819bc3d85f9c6e5]
https://sonarqube.opera.software [302] [GET] [text/html] [] [nginx] [vhost] [Nginx] [cc57399c59c61b1c337a318ebf1dc369]
https://submit-am4.osp.opera.software [404] [GET] [text/html] [404 Not Found] [nginx/1.18.0] [vhost] [Nginx:1.18.0] [706a98254456810d3e849c3957af9d01]
https://submit-ash.osp.opera.software [200] [GET] [text/html] [Welcome to nginx!] [nginx/1.18.0] [Nginx:1.18.0] [e3eb0a1df437f3f97a64aca5952c8ea0]
https://submit-com-am4.osp.opera.software [404] [GET] [text/html] [404 Not Found] [nginx/1.18.0] [Nginx:1.18.0] [26017130abca7d511d22eea19ce6d7a1]
https://submit-target.osp.opera.software [200] [GET] [text/html] [Welcome to nginx!] [nginx/1.18.0] [Nginx:1.18.0] [e3eb0a1df437f3f97a64aca5952c8ea0]
https://trial-ci-cdn.osp.opera.software [403] [GET] [application/xml] [] [UploadServer] [vhost] [google] [e7a9350210b4dba641f6020447c96045]
https://usernames.opera.software [302] [GET] [text/html] [] [nginx] [vhost] [Nginx] [307165af0cf5235c05f6cee2ea8250f2]
https://usernames.opera.software [302] [GET] [text/html] [] [nginx] [vhost] [Nginx] [98cb5ebe5cdacc4730724439b30175a4]
https://vault.opera.software [302] [GET] [text/html] [] [nginx] [vhost] [Nginx] [8bf55efcc0bdb37bf78ea22829deaa9b]
https://vault.opera.software [302] [GET] [text/html] [] [nginx] [vhost] [Nginx] [bae9bd64467560fd6b1ff351237b5a44]
https://vpn.opera.software [302] [GET] [text/html] [] [] [Pulse Secure] [d41d8cd98f00b204e9800998ecf8427e]
https://wiki.opera.software [302] [GET] [text/html] [302 Found] [Apache/2.4.25 (Debian)] [vhost] [Apache:2.4.25,Debian] [0cee9b4f9dfc11b8bc67ab30d058f1b0]
https://wiki.opera.software [302] [GET] [text/html] [302 Found] [Apache/2.4.25 (Debian)] [vhost] [Apache:2.4.25,Debian] [7914e201b47b02c41a8df848a450bbbb]
https://xenos.opera.software [302] [GET] [text/html] [] [nginx] [vhost] [Nginx] [13b7ded2111fefd3ea59af6f5e1ab1e7]
https://xenos.opera.software [302] [GET] [text/html] [] [nginx] [vhost] [Nginx] [430cb8becf82785373f5bb15bac3f2d7]
