https://api.ottokasino.com [503] [GET] [text/html] [503 Service Temporarily Unavailable] [kindred-loadbalancer] [80d85d8dee5d6b66ea68013f7ca3284a]
https://api-qa1.ottokasino.com [503] [GET] [text/html] [503 Service Temporarily Unavailable] [kindred-loadbalancer] [3267dd8f0e96711dd54dbb1f5676b447]
https://api-qa1.ottokasino.com [503] [GET] [text/html] [503 Service Temporarily Unavailable] [kindred-loadbalancer] [80d85d8dee5d6b66ea68013f7ca3284a]
https://api-si1.ottokasino.com [503] [GET] [text/html] [503 Service Temporarily Unavailable] [kindred-loadbalancer] [3267dd8f0e96711dd54dbb1f5676b447]
https://api-si1.ottokasino.com [503] [GET] [text/html] [503 Service Temporarily Unavailable] [kindred-loadbalancer] [80d85d8dee5d6b66ea68013f7ca3284a]
https://eum.ottokasino.com [503] [GET] [text/html] [503 Service Temporarily Unavailable] [kindred-loadbalancer] [3267dd8f0e96711dd54dbb1f5676b447]
https://evolivecasino.ottokasino.com [302] [GET] [] [] [] [vhost] [cloudfront] [Amazon Cloudfront,Amazon Web Services] [d41d8cd98f00b204e9800998ecf8427e]
https://link.email.ottokasino.com [404] [GET] [text/html] [404 Not Found] [nginx] [Nginx] [70461da8b94c6ca5d2fda3260c5a8c3b]
https://link.email.ottokasino.com [404] [GET] [text/html] [404 Not Found] [nginx] [Nginx] [8e325dc2fea7c8900fc6c4b8c6c394fe]
https://ottokasino.com [301] [GET] [text/html] [301 Moved Permanently] [kindred-loadbalancer] [4f8e702cc244ec5d4de32740c0ecbd97]
https://payment.ottokasino.com [302] [GET] [text/html] [302 Found] [Ironman-Loadbalancer] [vhost] [139a9a51ce119814060e5c23aed45fce]
https://welcome.ottokasino.com [404] [GET] [application/xml] [] [NetDNA-cache/2.2] [vhost] [MaxCDN] [626481844b246451c248de877e31d7c7]
https://welcome.ottokasino.com [404] [GET] [application/xml] [] [NetDNA-cache/2.2] [vhost] [MaxCDN] [d91376aa8fea5892386a551204134aaa]
https://www.ottokasino.com [503] [GET] [text/html] [503 Service Temporarily Unavailable] [kindred-loadbalancer] [3267dd8f0e96711dd54dbb1f5676b447]
https://www-qa1.ottokasino.com [503] [GET] [text/html] [503 Service Temporarily Unavailable] [kindred-loadbalancer] [80d85d8dee5d6b66ea68013f7ca3284a]
https://www-si1.ottokasino.com [503] [GET] [text/html] [503 Service Temporarily Unavailable] [kindred-loadbalancer] [80d85d8dee5d6b66ea68013f7ca3284a]
https://xns.ottokasino.com [503] [GET] [text/html] [503 Service Temporarily Unavailable] [kindred-loadbalancer] [3267dd8f0e96711dd54dbb1f5676b447]
https://xns.ottokasino.com [503] [GET] [text/html] [503 Service Temporarily Unavailable] [kindred-loadbalancer] [80d85d8dee5d6b66ea68013f7ca3284a]
https://xns-qa1.ottokasino.com [503] [GET] [text/html] [503 Service Temporarily Unavailable] [kindred-loadbalancer] [80d85d8dee5d6b66ea68013f7ca3284a]
https://xns-si1.ottokasino.com [503] [GET] [text/html] [503 Service Temporarily Unavailable] [kindred-loadbalancer] [80d85d8dee5d6b66ea68013f7ca3284a]
