http://docs.pancakeswap.finance:2082 [302] [GET] [] [] [cloudflare] [vhost] [cloudflare] [Cloudflare] [d41d8cd98f00b204e9800998ecf8427e]
http://docs.pancakeswap.finance:2086 [302] [GET] [] [] [cloudflare] [vhost] [cloudflare] [Cloudflare] [d41d8cd98f00b204e9800998ecf8427e]
http://docs.pancakeswap.finance:8080 [302] [GET] [] [] [cloudflare] [vhost] [cloudflare] [Cloudflare] [d41d8cd98f00b204e9800998ecf8427e]
http://docs.pancakeswap.finance:8880 [302] [GET] [] [] [cloudflare] [vhost] [cloudflare] [Cloudflare] [d41d8cd98f00b204e9800998ecf8427e]
http://exchange.pancakeswap.finance:2052 [301] [GET] [] [] [cloudflare] [vhost] [cloudflare] [Cloudflare,Cloudflare Network Error Logging] [d41d8cd98f00b204e9800998ecf8427e]
http://exchange.pancakeswap.finance:2082 [301] [GET] [] [] [cloudflare] [vhost] [cloudflare] [Cloudflare,Cloudflare Network Error Logging] [d41d8cd98f00b204e9800998ecf8427e]
http://exchange.pancakeswap.finance:8080 [301] [GET] [] [] [cloudflare] [vhost] [cloudflare] [Cloudflare,Cloudflare Network Error Logging] [d41d8cd98f00b204e9800998ecf8427e]
http://exchange.pancakeswap.finance:8880 [301] [GET] [] [] [cloudflare] [vhost] [cloudflare] [Cloudflare,Cloudflare Network Error Logging] [d41d8cd98f00b204e9800998ecf8427e]
http://hiccup.pancakeswap.finance:2087 [400] [GET] [text/html] [400 The plain HTTP request was sent to HTTPS port] [cloudflare] [cloudflare] [Cloudflare] [20ad84d030031252141ca0b3fc0183f0]
https://docs.pancakeswap.finance [200] [GET] [text/html] [PancakeSwap Intro - PancakeSwap] [cloudflare] [vhost] [cloudflare] [Algolia,Cloudflare,Google Cloud,Google Cloud Trace,React] [74262e11ad668e8b1c20b9f6d7cf2fef]
https://docs.pancakeswap.finance:2053 [200] [GET] [text/html] [PancakeSwap Intro - PancakeSwap] [cloudflare] [vhost] [cloudflare] [Algolia,Cloudflare,Google Cloud,Google Cloud Trace,React] [9eb1c162f9516d2eadd60fba174ccf89]
https://docs.pancakeswap.finance:2083 [200] [GET] [text/html] [PancakeSwap Intro - PancakeSwap] [cloudflare] [vhost] [cloudflare] [Algolia,Cloudflare,Google Cloud,Google Cloud Trace,React] [0d9e45be050a30f509d718f649ca6bbd]
https://docs.pancakeswap.finance:2087 [200] [GET] [text/html] [PancakeSwap Intro - PancakeSwap] [cloudflare] [vhost] [cloudflare] [Algolia,Cloudflare,Google Cloud,Google Cloud Trace,React] [56282afb598fd83a3af44d518559c859]
https://docs.pancakeswap.finance:8443 [200] [GET] [text/html] [PancakeSwap Intro - PancakeSwap] [cloudflare] [vhost] [cloudflare] [Algolia,Cloudflare,Google Cloud,Google Cloud Trace,React] [65a3076faa6421bc00a7635f3318e514]
https://exchange.pancakeswap.finance:2087 [301] [GET] [] [] [cloudflare] [vhost] [cloudflare] [Cloudflare,Cloudflare Network Error Logging] [d41d8cd98f00b204e9800998ecf8427e]
https://exchange.pancakeswap.finance [301] [GET] [] [] [cloudflare] [vhost] [cloudflare] [Cloudflare,Cloudflare Network Error Logging] [d41d8cd98f00b204e9800998ecf8427e]
https://exchange.pancakeswap.finance:8443 [301] [GET] [] [] [cloudflare] [vhost] [cloudflare] [Cloudflare,Cloudflare Network Error Logging] [d41d8cd98f00b204e9800998ecf8427e]
https://hiccup.pancakeswap.finance [200] [GET] [text/html] [Pancake Swap] [cloudflare] [vhost] [cloudflare] [Cloudflare,Cloudflare Network Error Logging,Google Font API,Google Tag Manager,Netlify] [ff79a1d010f60044a7ad7a6393450501]
https://pancakeswap.finance [200] [GET] [text/html] [PancakeSwap] [Vercel] [vhost] [Google Tag Manager,Next.js,Node.js,React,Vercel,webpack] [898b84b8ac45f3adfd9cbaf5dbb5686c]
https://perp.pancakeswap.finance [404] [GET] [text/html] [] [Tengine] [vhost] [cloudfront] [Amazon Cloudfront,Amazon Web Services,Tengine] [293b2b7d961f1d86abecfec9167255f1]
https://perp-static.pancakeswap.finance [403] [GET] [application/xml] [] [AmazonS3] [vhost] [cloudfront] [Amazon Cloudfront,Amazon S3,Amazon Web Services] [3ee6ae0381dc760606bde55518c6b4e9]
http://splash.pancakeswap.finance:2087 [400] [GET] [text/html] [400 The plain HTTP request was sent to HTTPS port] [cloudflare] [cloudflare] [Cloudflare] [cd58783500d7fa3c58f88eb0ba22f4f8]
https://splash.pancakeswap.finance [200] [GET] [text/html] [PancakeSwap] [cloudflare] [vhost] [cloudflare] [Cloudflare,Cloudflare Network Error Logging,Google Font API,Google Tag Manager,Netlify] [dfaff597b2eceed0f821498d7cf1550e]
https://tokens.pancakeswap.finance:2053 [404] [GET] [] [] [cloudflare] [vhost] [cloudflare] [Cloudflare,Cloudflare Network Error Logging] [d41d8cd98f00b204e9800998ecf8427e]
https://tokens.pancakeswap.finance:2083 [404] [GET] [] [] [cloudflare] [vhost] [cloudflare] [Cloudflare,Cloudflare Network Error Logging] [d41d8cd98f00b204e9800998ecf8427e]
https://tokens.pancakeswap.finance:2087 [404] [GET] [] [] [cloudflare] [vhost] [cloudflare] [Cloudflare,Cloudflare Network Error Logging] [d41d8cd98f00b204e9800998ecf8427e]
https://tokens.pancakeswap.finance [404] [GET] [] [] [cloudflare] [vhost] [cloudflare] [Cloudflare,Cloudflare Network Error Logging] [d41d8cd98f00b204e9800998ecf8427e]
https://tokens.pancakeswap.finance:8443 [404] [GET] [] [] [cloudflare] [vhost] [cloudflare] [Cloudflare,Cloudflare Network Error Logging] [d41d8cd98f00b204e9800998ecf8427e]
https://v1exchange.pancakeswap.finance [200] [GET] [text/html] [Pancake Swap] [cloudflare] [vhost] [cloudflare] [Cloudflare,Cloudflare Network Error Logging,Google Font API,Google Tag Manager,Netlify] [8efca45a64aa2e0fc8b9dc790adec7ca]
https://v1-farms.pancakeswap.finance [200] [GET] [text/html] [PancakeSwap] [Vercel] [vhost] [Google Tag Manager,Next.js,Node.js,React,Vercel,webpack] [279d2fe749a5d91a6b17edcef67e5a57]
https://v2litepaper-es.pancakeswap.finance [200] [GET] [application/pdf] [] [cloudflare] [vhost] [cloudflare] [Cloudflare,Cloudflare Bot Management,IPFS] [dacb056c9dd492329581a9baf4715f43]
https://v2litepaper-es.pancakeswap.finance:2053 [429] [GET] [text/html] [Just a moment...] [cloudflare] [vhost] [cloudflare] [Cloudflare,Cloudflare Bot Management] [5ba4808347cc9f3df62b1445c6d5f4d8]
https://v2litepaper-es.pancakeswap.finance:2087 [429] [GET] [text/html] [Just a moment...] [cloudflare] [vhost] [cloudflare] [Cloudflare,Cloudflare Bot Management] [b7695fdee1cb8a0d77a677c12cab14aa]
https://v2litepaper-es.pancakeswap.finance:2096 [429] [GET] [text/html] [Just a moment...] [cloudflare] [vhost] [cloudflare] [Cloudflare,Cloudflare Bot Management] [18552bcb9883a650717e7cf18ae17be8]
https://v2litepaper-es.pancakeswap.finance [429] [GET] [text/html] [Just a moment...] [cloudflare] [vhost] [cloudflare] [Cloudflare,Cloudflare Bot Management] [9b4a3f5fa780a6b93c3526d77be57bd3]
https://v2litepaper.pancakeswap.finance [200] [GET] [application/pdf] [] [cloudflare] [vhost] [cloudflare] [Cloudflare,Cloudflare Bot Management,IPFS] [13477ad67966f499099ad5365e0dbb3e]
https://v2litepaper.pancakeswap.finance:2053 [429] [GET] [text/html] [Just a moment...] [cloudflare] [cloudflare] [Cloudflare,Cloudflare Bot Management] [a1d3364a4978b7469e618d8d006b5855]
https://v2litepaper.pancakeswap.finance:2083 [429] [GET] [text/html] [Please Wait... | Cloudflare] [cloudflare] [vhost] [cloudflare] [Cloudflare,Cloudflare Bot Management] [ab26a7cd88f1169035fb3c94f3481e20]
https://v2litepaper.pancakeswap.finance:2087 [429] [GET] [text/html] [Just a moment...] [cloudflare] [vhost] [cloudflare] [Cloudflare,Cloudflare Bot Management] [0d53decf3dc367071466663ce5264b03]
https://v2litepaper.pancakeswap.finance [429] [GET] [text/html] [Please Wait... | Cloudflare] [cloudflare] [vhost] [cloudflare] [Cloudflare,Cloudflare Bot Management] [523809594f87f4c29d36c71fbdd68e7d]
https://v2litepaper.pancakeswap.finance:8443 [429] [GET] [text/html] [Just a moment...] [cloudflare] [vhost] [cloudflare] [Cloudflare,Cloudflare Bot Management] [e88897bfcb1fbe05c7893e748e115033]
https://voting.pancakeswap.finance [301] [GET] [text/plain] [] [cloudflare] [vhost] [cloudflare] [Cloudflare,Cloudflare Network Error Logging,Netlify] [4c5ccd19cd51ec679e169d3069860f44]
https://www.pancakeswap.finance [308] [GET] [text/plain] [] [Vercel] [vhost] [Vercel] [702885856148b06bdbd440125645ff84]
http://v1exchange.pancakeswap.finance:2053 [400] [GET] [text/html] [400 The plain HTTP request was sent to HTTPS port] [cloudflare] [cloudflare] [Cloudflare] [20ad84d030031252141ca0b3fc0183f0]
http://v1exchange.pancakeswap.finance:2083 [400] [GET] [text/html] [400 The plain HTTP request was sent to HTTPS port] [cloudflare] [cloudflare] [Cloudflare] [20ad84d030031252141ca0b3fc0183f0]
http://v1exchange.pancakeswap.finance:2087 [400] [GET] [text/html] [400 The plain HTTP request was sent to HTTPS port] [cloudflare] [cloudflare] [Cloudflare] [20ad84d030031252141ca0b3fc0183f0]
http://v1exchange.pancakeswap.finance:8443 [400] [GET] [text/html] [400 The plain HTTP request was sent to HTTPS port] [cloudflare] [cloudflare] [Cloudflare] [cd58783500d7fa3c58f88eb0ba22f4f8]
http://v2litepaper-es.pancakeswap.finance:2082 [429] [GET] [text/html] [Just a moment...] [cloudflare] [vhost] [cloudflare] [Cloudflare,Cloudflare Bot Management] [181381d623ae9ea9ccb364fde995ee87]
http://v2litepaper-es.pancakeswap.finance:2086 [429] [GET] [text/html] [Just a moment...] [cloudflare] [vhost] [cloudflare] [Cloudflare,Cloudflare Bot Management] [ab792e42aca03465f60bf460ec49e272]
http://v2litepaper-es.pancakeswap.finance:8080 [429] [GET] [text/html] [Just a moment...] [cloudflare] [vhost] [cloudflare] [Cloudflare,Cloudflare Bot Management] [f0e2131d87fe5a5134a56ac7e8c30c55]
http://v2litepaper-es.pancakeswap.finance:8880 [200] [GET] [application/pdf] [] [cloudflare] [vhost] [cloudflare] [Cloudflare,Cloudflare Bot Management,IPFS] [dacb056c9dd492329581a9baf4715f43]
http://v2litepaper.pancakeswap.finance:2082 [429] [GET] [text/html] [Just a moment...] [cloudflare] [vhost] [cloudflare] [Cloudflare,Cloudflare Bot Management] [9a82ee78d9c5e34e6710d6e4d5681de4]
http://v2litepaper.pancakeswap.finance:8080 [429] [GET] [text/html] [Just a moment...] [cloudflare] [vhost] [cloudflare] [Cloudflare,Cloudflare Bot Management] [f3ca1858098188f5cfd4bf50be9d4e05]
http://v2litepaper.pancakeswap.finance:8880 [429] [GET] [text/html] [Just a moment...] [cloudflare] [vhost] [cloudflare] [Cloudflare,Cloudflare Bot Management] [8ff6b76b8470fb966c744b5568de2287]
http://voting.pancakeswap.finance:2087 [400] [GET] [text/html] [400 The plain HTTP request was sent to HTTPS port] [cloudflare] [cloudflare] [Cloudflare] [20ad84d030031252141ca0b3fc0183f0]
http://voting.pancakeswap.finance:8443 [400] [GET] [text/html] [400 The plain HTTP request was sent to HTTPS port] [cloudflare] [cloudflare] [Cloudflare] [cd58783500d7fa3c58f88eb0ba22f4f8]
