http://autodiscover.payoneer.com [301] [GET] [] [] [Microsoft-IIS/10.0] [vhost] [IIS:10.0,Microsoft ASP.NET,Windows Server] [d41d8cd98f00b204e9800998ecf8427e]
http://bounce.email.payoneer.com [404] [GET] [image/jpeg] [] [Apache] [vhost] [Apache] [0a117f9c320fc06891e5d36402878f21]
http://design.payoneer.com:2052 [301] [GET] [] [] [cloudflare] [vhost] [cloudflare] [Cloudflare] [d41d8cd98f00b204e9800998ecf8427e]
http://design.payoneer.com:2082 [301] [GET] [] [] [cloudflare] [vhost] [cloudflare] [Cloudflare] [d41d8cd98f00b204e9800998ecf8427e]
http://design.payoneer.com:2083 [400] [GET] [text/html] [400 The plain HTTP request was sent to HTTPS port] [cloudflare] [cloudflare] [Cloudflare] [cd58783500d7fa3c58f88eb0ba22f4f8]
http://design.payoneer.com:2087 [400] [GET] [text/html] [400 The plain HTTP request was sent to HTTPS port] [cloudflare] [cloudflare] [Cloudflare] [20ad84d030031252141ca0b3fc0183f0]
http://design.payoneer.com:2096 [400] [GET] [text/html] [400 The plain HTTP request was sent to HTTPS port] [cloudflare] [cloudflare] [Cloudflare] [20ad84d030031252141ca0b3fc0183f0]
http://design.payoneer.com:8080 [301] [GET] [] [] [cloudflare] [vhost] [cloudflare] [Cloudflare] [d41d8cd98f00b204e9800998ecf8427e]
http://design.payoneer.com:8443 [400] [GET] [text/html] [400 The plain HTTP request was sent to HTTPS port] [cloudflare] [cloudflare] [Cloudflare] [20ad84d030031252141ca0b3fc0183f0]
http://design.payoneer.com:8880 [301] [GET] [] [] [cloudflare] [vhost] [cloudflare] [Cloudflare] [d41d8cd98f00b204e9800998ecf8427e]
http://engineering.payoneer.com:2052 [403] [GET] [text/html] [Attention Required! | Cloudflare] [cloudflare] [vhost] [cloudflare] [Cloudflare] [714c6b89ac429f5499b6f9b7fdfc7a78]
http://engineering.payoneer.com:2082 [301] [GET] [] [] [cloudflare] [vhost] [cloudflare] [Cloudflare] [d41d8cd98f00b204e9800998ecf8427e]
http://engineering.payoneer.com:2083 [400] [GET] [text/html] [400 The plain HTTP request was sent to HTTPS port] [cloudflare] [cloudflare] [Cloudflare] [20ad84d030031252141ca0b3fc0183f0]
http://engineering.payoneer.com:2086 [301] [GET] [] [] [cloudflare] [vhost] [cloudflare] [Cloudflare] [d41d8cd98f00b204e9800998ecf8427e]
http://engineering.payoneer.com:2087 [400] [GET] [text/html] [400 The plain HTTP request was sent to HTTPS port] [cloudflare] [cloudflare] [Cloudflare] [20ad84d030031252141ca0b3fc0183f0]
http://engineering.payoneer.com:2095 [403] [GET] [text/html] [Attention Required! | Cloudflare] [cloudflare] [vhost] [cloudflare] [Cloudflare] [0aac0a8d5a4c66657adeb0a5ea3e1aee]
http://engineering.payoneer.com:8080 [301] [GET] [] [] [cloudflare] [vhost] [cloudflare] [Cloudflare] [d41d8cd98f00b204e9800998ecf8427e]
http://engineering.payoneer.com:8443 [400] [GET] [text/html] [400 The plain HTTP request was sent to HTTPS port] [cloudflare] [cloudflare] [Cloudflare] [20ad84d030031252141ca0b3fc0183f0]
http://engineering.payoneer.com:8880 [301] [GET] [] [] [cloudflare] [vhost] [cloudflare] [Cloudflare] [d41d8cd98f00b204e9800998ecf8427e]
http://go.payoneer.com:2053 [400] [GET] [text/html] [400 The plain HTTP request was sent to HTTPS port] [cloudflare] [cloudflare] [Cloudflare] [cd58783500d7fa3c58f88eb0ba22f4f8]
http://go.payoneer.com:2083 [400] [GET] [text/html] [400 The plain HTTP request was sent to HTTPS port] [cloudflare] [cloudflare] [Cloudflare] [cd58783500d7fa3c58f88eb0ba22f4f8]
http://go.payoneer.com:2087 [400] [GET] [text/html] [400 The plain HTTP request was sent to HTTPS port] [cloudflare] [cloudflare] [Cloudflare] [cd58783500d7fa3c58f88eb0ba22f4f8]
http://go.payoneer.com:2096 [400] [GET] [text/html] [400 The plain HTTP request was sent to HTTPS port] [cloudflare] [cloudflare] [Cloudflare] [20ad84d030031252141ca0b3fc0183f0]
http://go.payoneer.com:8443 [400] [GET] [text/html] [400 The plain HTTP request was sent to HTTPS port] [cloudflare] [cloudflare] [Cloudflare] [cd58783500d7fa3c58f88eb0ba22f4f8]
http://investor.payoneer.com:2082 [403] [GET] [text/html] [Attention Required! | Cloudflare] [cloudflare] [vhost] [cloudflare] [Cloudflare,Cloudflare Bot Management] [4196478d072aa9151fd6d2b09acb8341]
http://investor.payoneer.com:2086 [403] [GET] [text/html] [Attention Required! | Cloudflare] [cloudflare] [vhost] [cloudflare] [Cloudflare,Cloudflare Bot Management] [0bec9e82077e7a1f9ab7cde6abbce5a3]
http://investor.payoneer.com:8080 [403] [GET] [text/html] [Attention Required! | Cloudflare] [cloudflare] [vhost] [cloudflare] [Cloudflare,Cloudflare Bot Management] [3f30de34c9af1fe897fdb5d2b441bbab]
http://investor.payoneer.com:8880 [403] [GET] [text/html] [Attention Required! | Cloudflare] [cloudflare] [vhost] [cloudflare] [Cloudflare,Cloudflare Bot Management] [de78caecd4cb929b146df683cad00b74]
https://account.payoneer.com [301] [GET] [text/html] [301 Moved Permanently] [rhino-core-shield] [vhost] [google] [Google Cloud,Google Cloud CDN] [821a0a0b8fd3f1ceec300e7c67b5f16c]
https://activity-demo.sandbox.payoneer.com [200] [GET] [text/html] [] [rhino-core-shield] [vhost] [google] [Google Cloud,Google Cloud CDN] [142bb3c739e51d78862060b0ff90108d]
https://activity-demo.sandbox.payoneer.com [200] [GET] [text/html] [] [rhino-core-shield] [vhost] [google] [Google Cloud,Google Cloud CDN] [59b62c6a0c7cc641864682739b91b204]
https://agenthandler.payoneer.com [200] [GET] [text/html] [] [rhino-core-shield] [vhost] [google] [Google Cloud,Google Cloud CDN] [20513b555f9186239112c9ddc15fa42b]
https://agenthandler.payoneer.com [200] [GET] [text/html] [] [rhino-core-shield] [vhost] [google] [Google Cloud,Google Cloud CDN] [8c140c07498af20e2b5b34bdda688f50]
https://api1.payoneer.com [200] [GET] [text/html] [] [rhino-core-shield] [vhost] [google] [301e064d6f9ca5a5b5b0b2277189fc90]
https://api1.payoneer.com [200] [GET] [text/html] [] [rhino-core-shield] [vhost] [google] [60065742d5335c429c3a1d2c86cd1a14]
https://apiecert.payoneer.com [496] [GET] [text/xml] [] [rhino-core-shield] [vhost] [google] [eb22ecea6896666fa4bcd43e538b07d1]
https://apie.sandbox.payoneer.com [200] [GET] [text/html] [] [rhino-core-shield] [vhost] [google] [Google Cloud,Google Cloud CDN] [d94ae4d313195aebc9814b0c73b867b4]
https://apie.sandbox.payoneer.com [200] [GET] [text/html] [] [rhino-core-shield] [vhost] [google] [Google Cloud,Google Cloud CDN] [f82a42b799412976f3ecb7d2594b2c57]
https://api.payoneer.com [200] [GET] [text/html] [] [rhino-core-shield] [vhost] [google] [68b64bd27b798a7fd14a171df2fd02c0]
https://api.payoneer.com [200] [GET] [text/html] [] [rhino-core-shield] [vhost] [google] [973434ca5100ec1f15c01839b27059e6]
https://api.sandbox.payoneer.com [200] [GET] [text/html] [] [rhino-core-shield] [vhost] [google] [095e8ccfd4c8f8d0d3ad7b20d7d0591e]
https://api.sandbox.payoneer.com [200] [GET] [text/html] [] [rhino-core-shield] [vhost] [google] [ece09b810bf67107cf08aac615c7a8b5]
https://assetsapi.payoneer.com [200] [GET] [text/html] [] [rhino-core-shield] [vhost] [google] [Google Cloud,Google Cloud CDN] [324f1552c390881db00a6a757cce8d0c]
https://assetsapi.payoneer.com [200] [GET] [text/html] [] [rhino-core-shield] [vhost] [google] [Google Cloud,Google Cloud CDN] [bd59d34b550e4f6e9a8d4f84c0237930]
https://auth.payoneer.com [200] [GET] [text/html] [] [rhino-core-shield] [vhost] [google] [Google Cloud,Google Cloud CDN] [17b53d98e9acb3b680e77baa138a233e]
https://auth.payoneer.com [200] [GET] [text/html] [] [rhino-core-shield] [vhost] [google] [Google Cloud,Google Cloud CDN] [ef69d177ea1d76e7d3d13497b90d5e51]
http://sbcmst.payoneer.com:5060 [403] [GET] [text/html] [] [] [ea229a51458085ce8d12e8f69ed5cc40]
https://beta.payoneer.com [200] [GET] [text/html] [Payment platform for cross-border digital business - Payoneer] [rhino-core-shield] [vhost] [google] [Amazon Cloudfront,Amazon S3,Amazon Web Services,Bootstrap:5.1.1,Font Awesome,Google Tag Manager,WordPress,Yoast SEO Premium:18.2.1,Yoast SEO:18.4.1] [952e9efb5761a01372d06425b44f648e]
https://birthright.payoneer.com [200] [GET] [text/html] [] [rhino-core-shield] [vhost] [google] [Google Cloud,Google Cloud CDN] [2aad15cd811eed66ebb6b8aed584065c]
https://birthright.payoneer.com [200] [GET] [text/html] [] [rhino-core-shield] [vhost] [google] [Google Cloud,Google Cloud CDN] [b67949077c956f2af703ef133d103359]
https://birthright.sandbox.payoneer.com [200] [GET] [text/html] [] [rhino-core-shield] [vhost] [google] [Google Cloud,Google Cloud CDN] [020e2b0e53869ef04916aa4cae5550b8]
https://birthright.sandbox.payoneer.com [200] [GET] [text/html] [] [rhino-core-shield] [vhost] [google] [Google Cloud,Google Cloud CDN] [6d3a6918e37ae812302d007e6967bb5d]
https://brand.payoneer.com [302] [GET] [text/html] [] [frontify] [vhost] [Amazon ALB,Amazon Web Services,PHP,Sqreen] [d41d8cd98f00b204e9800998ecf8427e]
https://bypaynr-expr-e.payoneer.com:8443 [400] [GET] [text/html] [Bad Request] [CE_E] [dd1cb5f50e8fe10c7dafc6df7b0c97cd]
https://callbackapi.payoneer.com [200] [GET] [text/html] [] [rhino-core-shield] [vhost] [google] [Google Cloud,Google Cloud CDN] [4c2341086f07f9f73ead2e51630b1761]
https://callbackapi.payoneer.com [200] [GET] [text/html] [] [rhino-core-shield] [vhost] [google] [Google Cloud,Google Cloud CDN] [dbe0d3eade5a0aeb36cf127d8965f838]
https://callbackapi.sandbox.payoneer.com [200] [GET] [text/html] [] [rhino-core-shield] [vhost] [google] [Google Cloud,Google Cloud CDN] [c76e1892a72b1a6d5a77dc77006dd78d]
https://callbackapi.sandbox.payoneer.com [200] [GET] [text/html] [] [rhino-core-shield] [vhost] [google] [Google Cloud,Google Cloud CDN] [fe2cb576da630ae3b971610437065b88]
https://careers.payoneer.com [301] [GET] [text/html] [301 Moved Permanently] [rhino-core-shield] [vhost] [google] [Google Cloud,Google Cloud CDN] [821a0a0b8fd3f1ceec300e7c67b5f16c]
https://checkoutdocs.payoneer.com [200] [GET] [text/html] [] [rhino-core-shield] [vhost] [google] [Google Cloud,Google Cloud CDN] [12837952f191093c078a4ced8dab7390]
https://checkoutdocs.payoneer.com [200] [GET] [text/html] [] [rhino-core-shield] [vhost] [google] [Google Cloud,Google Cloud CDN] [4d646579a06a8603d9cb82c56678c354]
https://custhelp.payoneer.com [301] [GET] [text/html] [301 Moved Permanently] [] [vhost] [oracle] [b02529ef3ec180a8627c0b3c96eef444]
https://customerfiles.payoneer.com [403] [GET] [text/xml] [] [CloudFront] [vhost] [cloudfront] [Amazon Cloudfront,Amazon Web Services] [40a481f43ca93bbbdd18621b439ea397]
https://customerfiles.qa.payoneer.com [403] [GET] [text/xml] [] [CloudFront] [vhost] [cloudfront] [Amazon Cloudfront,Amazon Web Services] [40a481f43ca93bbbdd18621b439ea397]
https://customerfiles.sandbox.payoneer.com [403] [GET] [text/xml] [] [CloudFront] [vhost] [cloudfront] [Amazon Cloudfront,Amazon Web Services] [40a481f43ca93bbbdd18621b439ea397]
https://design.payoneer.com [307] [GET] [text/html] [] [cloudflare] [vhost] [cloudflare] [Cloudflare,Envoy] [73b4480f07c9bb46a9ae2151f4a39637]
https://developer.payoneer.com [403] [GET] [text/html] [Error Page] [rhino-core-shield] [vhost] [google] [Google Cloud,Google Cloud CDN] [5203e453d069d64c9e85464e4329568e]
https://developer.payoneer.com [403] [GET] [text/html] [Error Page] [rhino-core-shield] [vhost] [google] [Google Cloud,Google Cloud CDN] [728dc37aeefd7e9e01f6f05b1ab0b9eb]
https://discover.payoneer.com [301] [GET] [text/html] [301 Moved Permanently] [rhino-core-shield] [vhost] [google] [Google Cloud,Google Cloud CDN] [821a0a0b8fd3f1ceec300e7c67b5f16c]
https://docs.payoneer.com [200] [GET] [text/html] [] [rhino-core-shield] [vhost] [google] [Google Cloud,Google Cloud CDN] [428c22ec89e5ce9efd98658b1113a45b]
https://docs.payoneer.com [200] [GET] [text/html] [] [rhino-core-shield] [vhost] [google] [Google Cloud,Google Cloud CDN] [dcfcf3fdda21273dd447aef2d4a58940]
https://downloads.payoneer.com [200] [GET] [text/html] [] [rhino-core-shield] [vhost] [google] [Google Cloud,Google Cloud CDN] [ced3122a0250732163334f376a61c647]
https://downloads.payoneer.com [200] [GET] [text/html] [] [rhino-core-shield] [vhost] [google] [Google Cloud,Google Cloud CDN] [d088d7ff5c4e57c9a05b485f64c663e6]
https://dyntest.payoneer.com [302] [GET] [text/html] [302 Moved] [HTTP server (unknown)] [4603cd027760d24928f83c9f6530313c]
https://emailverificationapi.payoneer.com [200] [GET] [text/html] [] [rhino-core-shield] [vhost] [google] [Google Cloud,Google Cloud CDN] [304c75646ed07c1de1a0991b8ddbac04]
https://emailverificationapi.payoneer.com [200] [GET] [text/html] [] [rhino-core-shield] [vhost] [google] [Google Cloud,Google Cloud CDN] [fc2215097a8baf312a5e70ec47cf6165]
https://emailverificationapi.sandbox.payoneer.com [200] [GET] [text/html] [] [rhino-core-shield] [vhost] [google] [Google Cloud,Google Cloud CDN] [41611b2192da0a59c33a51a2d4647540]
https://emailverificationapi.sandbox.payoneer.com [200] [GET] [text/html] [] [rhino-core-shield] [vhost] [google] [Google Cloud,Google Cloud CDN] [fd7854617cea5045b52ff431f28adca7]
https://emailverification.payoneer.com [200] [GET] [text/html] [] [rhino-core-shield] [vhost] [google] [Google Cloud,Google Cloud CDN] [9b0d8c4a787a89ccd9fa8bd751417ddc]
https://emailverification.payoneer.com [200] [GET] [text/html] [] [rhino-core-shield] [vhost] [google] [Google Cloud,Google Cloud CDN] [dbbe74777cbc2aaa5a1d1f1f12bb4de1]
https://emailverification.sandbox.payoneer.com [200] [GET] [text/html] [] [rhino-core-shield] [vhost] [google] [Google Cloud,Google Cloud CDN] [572e9de13a8ed75022900cf1558a0c93]
https://emailverification.sandbox.payoneer.com [200] [GET] [text/html] [] [rhino-core-shield] [vhost] [google] [Google Cloud,Google Cloud CDN] [85f6cfcda331c579976bb06f1777263d]
https://engineering.payoneer.com [307] [GET] [text/html] [] [cloudflare] [vhost] [cloudflare] [Cloudflare,Envoy] [8eae2b2cc68e7d1a846020870ae9f33b]
https://enterpriseenrollment.payoneer.com [302] [GET] [] [] [Microsoft-IIS/10.0] [azure] [IIS:10.0,Microsoft ASP.NET:4.0.30319,Windows Server] [d41d8cd98f00b204e9800998ecf8427e]
https://externaltokenservice.sandbox.payoneer.com [200] [GET] [text/html] [] [rhino-core-shield] [vhost] [google] [Google Cloud,Google Cloud CDN] [0cc9902c631bb77bad616f0abbbf452d]
https://externaltokenservice.sandbox.payoneer.com [200] [GET] [text/html] [] [rhino-core-shield] [vhost] [google] [Google Cloud,Google Cloud CDN] [79aef4fac2e10cc6c05993fc9b4b9f4d]
https://fdcapplicationapi.payoneer.com [200] [GET] [text/html] [] [rhino-core-shield] [vhost] [google] [Google Cloud,Google Cloud CDN] [dc6937a430115f72c4e67233cf88308b]
https://fdcapplicationapi.payoneer.com [200] [GET] [text/html] [] [rhino-core-shield] [vhost] [google] [Google Cloud,Google Cloud CDN] [eef6f149b41cfc6855b71131ed9c6500]
https://fdcapplicationapi.sandbox.payoneer.com [200] [GET] [text/html] [] [rhino-core-shield] [vhost] [google] [Google Cloud,Google Cloud CDN] [5e2fe587bf0c55b7a328269ffb77d916]
https://fdcapplicationapi.sandbox.payoneer.com [200] [GET] [text/html] [] [rhino-core-shield] [vhost] [google] [Google Cloud,Google Cloud CDN] [a0da98fa5bd70ae4a12a95bafca7cc8c]
https://filesapi.dev.payoneer.com [403] [GET] [application/json] [] [] [vhost] [cloudfront] [Amazon Cloudfront,Amazon Web Services] [bc45704aad57d445b6dfa58b101071e3]
https://filesapi.payoneer.com [200] [GET] [text/html] [] [rhino-core-shield] [vhost] [google] [Google Cloud,Google Cloud CDN] [5a0195f38eebd7c68d2c55a8cff8514e]
https://filesapi.payoneer.com [200] [GET] [text/html] [] [rhino-core-shield] [vhost] [google] [Google Cloud,Google Cloud CDN] [628e57051ca9c947346f81fe5ff11530]
https://filesapi.qa.payoneer.com [403] [GET] [application/json] [] [] [vhost] [cloudfront] [Amazon Cloudfront,Amazon Web Services] [bc45704aad57d445b6dfa58b101071e3]
https://filesapi.sandbox.payoneer.com [200] [GET] [text/html] [] [rhino-core-shield] [vhost] [google] [Google Cloud,Google Cloud CDN] [ac39a99b94a75368b4a63d54e1e7cfbe]
https://filesapi.sandbox.payoneer.com [200] [GET] [text/html] [] [rhino-core-shield] [vhost] [google] [Google Cloud,Google Cloud CDN] [e344d1333eb3c5fde620be057d5e570e]
https://files.payoneer.com [403] [GET] [text/xml] [] [CloudFront] [vhost] [cloudfront] [Amazon Cloudfront,Amazon Web Services] [40a481f43ca93bbbdd18621b439ea397]
https://files.sandbox.payoneer.com [403] [GET] [text/xml] [] [CloudFront] [vhost] [cloudfront] [Amazon Cloudfront,Amazon Web Services] [40a481f43ca93bbbdd18621b439ea397]
https://fxoperationsapi.payoneer.com [200] [GET] [text/html] [] [rhino-core-shield] [vhost] [google] [Google Cloud,Google Cloud CDN] [09b015b22d3d499daeb93109618a6175]
https://fxoperationsapi.payoneer.com [200] [GET] [text/html] [] [rhino-core-shield] [vhost] [google] [Google Cloud,Google Cloud CDN] [0c05b8a59b718b81a8c94dcc0c5e7d8d]
https://fxoperationsapi.sandbox.payoneer.com [200] [GET] [text/html] [] [rhino-core-shield] [vhost] [google] [Google Cloud,Google Cloud CDN] [0f3cf192edc68fcdcdeb360df7eca5ae]
https://fxoperationsapi.sandbox.payoneer.com [200] [GET] [text/html] [] [rhino-core-shield] [vhost] [google] [Google Cloud,Google Cloud CDN] [6f6fc3374238130b8c39779e0d55e39c]
https://go.payoneer.com [302] [GET] [text/html] [] [cloudflare] [vhost] [cloudflare] [Cloudflare,Cloudflare Bot Management] [a714ec482f9f6bea2e070de4847d99a4]
https://investor.payoneer.com:2083 [403] [GET] [text/html] [Attention Required! | Cloudflare] [cloudflare] [vhost] [cloudflare] [Cloudflare,Cloudflare Bot Management] [e6be0192015022cced2f6c8e91dd6192]
https://investor.payoneer.com:2087 [403] [GET] [text/html] [Attention Required! | Cloudflare] [cloudflare] [vhost] [cloudflare] [Cloudflare,Cloudflare Bot Management] [842da5034b61e5cecad88c76016063de]
https://investor.payoneer.com [301] [GET] [text/html] [Object moved] [cloudflare] [vhost] [cloudflare] [Cloudflare,Cloudflare Bot Management] [4b5b4bc043dbe571f1ab21c0ba52dcae]
https://investor.payoneer.com [301] [GET] [text/html] [Object moved] [cloudflare] [vhost] [cloudflare] [Cloudflare,Cloudflare Bot Management] [fc6b97776e298b7b9e0b6d51f79d0c59]
https://investor.payoneer.com:8443 [403] [GET] [text/html] [Attention Required! | Cloudflare] [cloudflare] [vhost] [cloudflare] [Cloudflare,Cloudflare Bot Management] [832660b168bc505aa712244e2186751f]
https://israelpost.sandbox.payoneer.com [200] [GET] [text/html] [] [rhino-core-shield] [vhost] [google] [Google Cloud,Google Cloud CDN] [54eaad059a3baa284afe063d54cf288f]
https://israelpost.sandbox.payoneer.com [200] [GET] [text/html] [] [rhino-core-shield] [vhost] [google] [Google Cloud,Google Cloud CDN] [aba41b304b0e9f8e3d1e5ba52c9b804a]
https://it.payoneer.com [302] [GET] [text/html] [] [Apache] [vhost] [Apache] [d41d8cd98f00b204e9800998ecf8427e]
https://ivrservice.payoneer.com [403] [GET] [text/html] [Error Page] [rhino-core-shield] [vhost] [google] [Google Cloud,Google Cloud CDN] [de942dec646716d37a2bf1409133f2ed]
https://ivrservice.payoneer.com [403] [GET] [text/html] [Error Page] [rhino-core-shield] [vhost] [google] [Google Cloud,Google Cloud CDN] [f4648812c2afc93924ac2c343db27898]
https://join.payoneer.com [301] [GET] [text/html] [301 Moved Permanently] [rhino-core-shield] [vhost] [google] [Google Cloud,Google Cloud CDN] [821a0a0b8fd3f1ceec300e7c67b5f16c]
https://link.payoneer.com [200] [GET] [text/html] [] [rhino-core-shield] [vhost] [google] [Google Cloud,Google Cloud CDN] [61c1f5ba6847d5baaa1ce8e82ef0064d]
https://link.payoneer.com [200] [GET] [text/html] [] [rhino-core-shield] [vhost] [google] [Google Cloud,Google Cloud CDN] [a0c0219d32ae2d516f4befeaae16ef49]
https://link.sandbox.payoneer.com [200] [GET] [text/html] [] [rhino-core-shield] [vhost] [google] [Google Cloud,Google Cloud CDN] [1f59422ffd3c98a313f1d1fb3b963295]
https://link.sandbox.payoneer.com [200] [GET] [text/html] [] [rhino-core-shield] [vhost] [google] [Google Cloud,Google Cloud CDN] [ad703c983ddee8f6d8df45592529cb27]
https://links.email.payoneer.com [200] [GET] [text/html] [Anti-Spam and Privacy] [Apache] [Apache] [d1ff7083e7c32451a99f66271aefb767]
https://load.payoneer.com [301] [GET] [text/html] [301 Moved Permanently] [rhino-core-shield] [vhost] [google] [Google Cloud,Google Cloud CDN] [821a0a0b8fd3f1ceec300e7c67b5f16c]
https://load.sandbox.payoneer.com [200] [GET] [text/html] [] [rhino-core-shield] [vhost] [google] [Google Cloud,Google Cloud CDN] [33fe15748ef5918bae575512b3bfaadb]
https://load.sandbox.payoneer.com [200] [GET] [text/html] [] [rhino-core-shield] [vhost] [google] [Google Cloud,Google Cloud CDN] [5de3d215b8f0dc38e580f9815315011b]
https://loginapi.payoneer.com [200] [GET] [text/html] [] [rhino-core-shield] [vhost] [google] [Google Cloud,Google Cloud CDN] [bd8ae5a8f5aede3464192fddea528db7]
https://loginapi.payoneer.com [200] [GET] [text/html] [] [rhino-core-shield] [vhost] [google] [Google Cloud,Google Cloud CDN] [d678383073a59e6c709b46cc68050f7d]
https://loginapi.sandbox.payoneer.com [200] [GET] [text/html] [] [rhino-core-shield] [vhost] [google] [Google Cloud,Google Cloud CDN] [600d94882b82587782dbe1f884693c75]
https://loginapi.sandbox.payoneer.com [200] [GET] [text/html] [] [rhino-core-shield] [vhost] [google] [Google Cloud,Google Cloud CDN] [82112bdeeb5f26cf75d427f3dc0c9f5f]
https://login.payoneer.com [200] [GET] [text/html] [] [rhino-core-shield] [vhost] [google] [Google Cloud,Google Cloud CDN] [2601003df52f8089a2c0682e82d6ab2b]
https://login.payoneer.com [200] [GET] [text/html] [] [rhino-core-shield] [vhost] [google] [Google Cloud,Google Cloud CDN] [c074f2fad228cefdc968a86706f9585f]
https://login.sandbox.payoneer.com [200] [GET] [text/html] [] [rhino-core-shield] [vhost] [google] [Google Cloud,Google Cloud CDN] [67e651bdd0012070bf0e9bb5545f058a]
https://login.sandbox.payoneer.com [200] [GET] [text/html] [] [rhino-core-shield] [vhost] [google] [Google Cloud,Google Cloud CDN] [7d4614010ad1fbc8aa21fa2bf728cf65]
https://ma-10653.sandbox.payoneer.com [502] [GET] [text/html] [502 Server Error] [] [google] [47151679e6193060d77a7d92cbe4658c]
https://ma-11060.sandbox.payoneer.com [502] [GET] [text/html] [502 Server Error] [] [google] [47151679e6193060d77a7d92cbe4658c]
https://ma-17056.sandbox.payoneer.com [502] [GET] [text/html] [502 Server Error] [] [google] [47151679e6193060d77a7d92cbe4658c]
https://ma-18826.sandbox.payoneer.com [502] [GET] [text/html] [502 Server Error] [] [google] [47151679e6193060d77a7d92cbe4658c]
https://ma-22504.sandbox.payoneer.com [502] [GET] [text/html] [502 Server Error] [] [google] [47151679e6193060d77a7d92cbe4658c]
https://ma-25587.sandbox.payoneer.com [502] [GET] [text/html] [502 Server Error] [] [google] [47151679e6193060d77a7d92cbe4658c]
https://ma-27506.sandbox.payoneer.com [502] [GET] [text/html] [502 Server Error] [] [google] [47151679e6193060d77a7d92cbe4658c]
https://ma-30194.sandbox.payoneer.com [502] [GET] [text/html] [502 Server Error] [] [google] [47151679e6193060d77a7d92cbe4658c]
https://ma-30357.sandbox.payoneer.com [502] [GET] [text/html] [502 Server Error] [] [google] [47151679e6193060d77a7d92cbe4658c]
https://ma-30622.sandbox.payoneer.com [502] [GET] [text/html] [502 Server Error] [] [google] [47151679e6193060d77a7d92cbe4658c]
https://ma-30665.sandbox.payoneer.com [502] [GET] [text/html] [502 Server Error] [] [google] [47151679e6193060d77a7d92cbe4658c]
https://ma-30670.sandbox.payoneer.com [502] [GET] [text/html] [502 Server Error] [] [google] [47151679e6193060d77a7d92cbe4658c]
https://ma-31159.sandbox.payoneer.com [502] [GET] [text/html] [502 Server Error] [] [google] [47151679e6193060d77a7d92cbe4658c]
https://ma-32084.sandbox.payoneer.com [502] [GET] [text/html] [502 Server Error] [] [google] [47151679e6193060d77a7d92cbe4658c]
https://ma-32127.sandbox.payoneer.com [502] [GET] [text/html] [502 Server Error] [] [google] [47151679e6193060d77a7d92cbe4658c]
https://ma-36004.sandbox.payoneer.com [502] [GET] [text/html] [502 Server Error] [] [google] [47151679e6193060d77a7d92cbe4658c]
https://ma-37958.sandbox.payoneer.com [502] [GET] [text/html] [502 Server Error] [] [google] [47151679e6193060d77a7d92cbe4658c]
https://ma-38615.sandbox.payoneer.com [502] [GET] [text/html] [502 Server Error] [] [google] [47151679e6193060d77a7d92cbe4658c]
https://ma-39685.sandbox.payoneer.com [502] [GET] [text/html] [502 Server Error] [] [google] [47151679e6193060d77a7d92cbe4658c]
https://ma-41731.sandbox.payoneer.com [502] [GET] [text/html] [502 Server Error] [] [google] [47151679e6193060d77a7d92cbe4658c]
https://ma-42014.sandbox.payoneer.com [502] [GET] [text/html] [502 Server Error] [] [google] [47151679e6193060d77a7d92cbe4658c]
https://ma-43026.sandbox.payoneer.com [502] [GET] [text/html] [502 Server Error] [] [google] [47151679e6193060d77a7d92cbe4658c]
https://ma-43360.sandbox.payoneer.com [502] [GET] [text/html] [502 Server Error] [] [google] [47151679e6193060d77a7d92cbe4658c]
https://ma-44064.sandbox.payoneer.com [502] [GET] [text/html] [502 Server Error] [] [google] [47151679e6193060d77a7d92cbe4658c]
https://ma-44065.sandbox.payoneer.com [502] [GET] [text/html] [502 Server Error] [] [google] [47151679e6193060d77a7d92cbe4658c]
https://ma-44738.sandbox.payoneer.com [502] [GET] [text/html] [502 Server Error] [] [google] [47151679e6193060d77a7d92cbe4658c]
https://ma-47018.sandbox.payoneer.com [502] [GET] [text/html] [502 Server Error] [] [google] [47151679e6193060d77a7d92cbe4658c]
https://ma-47034.sandbox.payoneer.com [502] [GET] [text/html] [502 Server Error] [] [google] [47151679e6193060d77a7d92cbe4658c]
https://ma-48665.sandbox.payoneer.com [502] [GET] [text/html] [502 Server Error] [] [google] [47151679e6193060d77a7d92cbe4658c]
https://ma-53318.sandbox.payoneer.com [502] [GET] [text/html] [502 Server Error] [] [google] [47151679e6193060d77a7d92cbe4658c]
https://ma-55331.sandbox.payoneer.com [502] [GET] [text/html] [502 Server Error] [] [google] [47151679e6193060d77a7d92cbe4658c]
https://ma-71396.sandbox.payoneer.com [502] [GET] [text/html] [502 Server Error] [] [google] [47151679e6193060d77a7d92cbe4658c]
https://ma-71908.sandbox.payoneer.com [502] [GET] [text/html] [502 Server Error] [] [google] [47151679e6193060d77a7d92cbe4658c]
https://ma-71947.sandbox.payoneer.com [502] [GET] [text/html] [502 Server Error] [] [google] [47151679e6193060d77a7d92cbe4658c]
https://ma-72300.sandbox.payoneer.com [502] [GET] [text/html] [502 Server Error] [] [google] [47151679e6193060d77a7d92cbe4658c]
https://ma-72342.sandbox.payoneer.com [502] [GET] [text/html] [502 Server Error] [] [google] [47151679e6193060d77a7d92cbe4658c]
https://ma-72528.sandbox.payoneer.com [502] [GET] [text/html] [502 Server Error] [] [google] [47151679e6193060d77a7d92cbe4658c]
https://ma-72764.sandbox.payoneer.com [502] [GET] [text/html] [502 Server Error] [] [google] [47151679e6193060d77a7d92cbe4658c]
https://ma-73734.sandbox.payoneer.com [502] [GET] [text/html] [502 Server Error] [] [google] [47151679e6193060d77a7d92cbe4658c]
https://ma-75261.sandbox.payoneer.com [502] [GET] [text/html] [502 Server Error] [] [google] [47151679e6193060d77a7d92cbe4658c]
https://ma-78784.sandbox.payoneer.com [502] [GET] [text/html] [502 Server Error] [] [google] [47151679e6193060d77a7d92cbe4658c]
https://ma-8524.sandbox.payoneer.com [502] [GET] [text/html] [502 Server Error] [] [google] [47151679e6193060d77a7d92cbe4658c]
https://ma-8594.sandbox.payoneer.com [502] [GET] [text/html] [502 Server Error] [] [google] [47151679e6193060d77a7d92cbe4658c]
https://ma-8760.sandbox.payoneer.com [502] [GET] [text/html] [502 Server Error] [] [google] [47151679e6193060d77a7d92cbe4658c]
https://ma-88871.sandbox.payoneer.com [502] [GET] [text/html] [502 Server Error] [] [google] [47151679e6193060d77a7d92cbe4658c]
https://ma-9392.sandbox.payoneer.com [502] [GET] [text/html] [502 Server Error] [] [google] [47151679e6193060d77a7d92cbe4658c]
https://ma-9837.sandbox.payoneer.com [502] [GET] [text/html] [502 Server Error] [] [google] [47151679e6193060d77a7d92cbe4658c]
https://ma.payoneer.com [200] [GET] [text/html] [] [rhino-core-shield] [vhost] [google] [Google Cloud,Google Cloud CDN] [8a3958eaee37f8a10c72ad153b137602]
https://ma.payoneer.com [200] [GET] [text/html] [] [rhino-core-shield] [vhost] [google] [Google Cloud,Google Cloud CDN] [dd4ea3e68c1e0118048b9589e53583f4]
https://ma.sandbox.payoneer.com [200] [GET] [text/html] [] [rhino-core-shield] [vhost] [google] [Google Cloud,Google Cloud CDN] [04b2f4d9846008610d24b7dee1bfb348]
https://ma.sandbox.payoneer.com [200] [GET] [text/html] [] [rhino-core-shield] [vhost] [google] [Google Cloud,Google Cloud CDN] [c3ffc7249a5067fd0ded268732ff8db0]
https://mobileapi.payoneer.com [200] [GET] [text/html] [] [rhino-core-shield] [vhost] [google] [Google Cloud,Google Cloud CDN] [778f87f916130361d1140008fc74b85f]
https://mobileapi.payoneer.com [200] [GET] [text/html] [] [rhino-core-shield] [vhost] [google] [Google Cloud,Google Cloud CDN] [f48f6545f5483fbd4dd32d40e81740d9]
https://mobile.payoneer.com [301] [GET] [text/html] [301 Moved Permanently] [rhino-core-shield] [vhost] [google] [Google Cloud,Google Cloud CDN] [821a0a0b8fd3f1ceec300e7c67b5f16c]
https://msoid.payoneer.com [302] [GET] [text/html] [Object moved] [] [vhost] [azure] [67dc47621d0dca9dc8d849ee26494c3b]
https://myaccount.payoneer.com [200] [GET] [text/html] [] [rhino-core-shield] [vhost] [google] [Google Cloud,Google Cloud CDN] [506e0348783312e3a8701c4469b67675]
https://myaccount.payoneer.com [200] [GET] [text/html] [] [rhino-core-shield] [vhost] [google] [Google Cloud,Google Cloud CDN] [f957bf10d932182de29cf7f84c65464c]
https://myaccount.sandbox.payoneer.com [200] [GET] [text/html] [] [rhino-core-shield] [vhost] [google] [Google Cloud,Google Cloud CDN] [a10a51271e23d4f581f1f69393144c85]
https://myaccount.sandbox.payoneer.com [200] [GET] [text/html] [] [rhino-core-shield] [vhost] [google] [Google Cloud,Google Cloud CDN] [f45edfdec2722520dec11ea24c8a763c]
https://myinfo.payoneer.com [200] [GET] [text/html] [] [rhino-core-shield] [vhost] [google] [Google Cloud,Google Cloud CDN] [93bae61a3ef7eeff84dc562a776f1e98]
https://myinfo.payoneer.com [200] [GET] [text/html] [] [rhino-core-shield] [vhost] [google] [Google Cloud,Google Cloud CDN] [bdc3752a0451707244190201129d3ffc]
https://myinfo.sandbox.payoneer.com [200] [GET] [text/html] [] [rhino-core-shield] [vhost] [google] [Google Cloud,Google Cloud CDN] [4728f68131017aeb9922ded2a1695935]
https://myinfo.sandbox.payoneer.com [200] [GET] [text/html] [] [rhino-core-shield] [vhost] [google] [Google Cloud,Google Cloud CDN] [e61620d502d3b3f5776dd9a455acda4c]
https://pa.payoneer.com [200] [GET] [text/html] [] [rhino-core-shield] [vhost] [google] [Google Cloud,Google Cloud CDN] [1ea04a6548ff1233982677cde61ca09d]
https://pa.payoneer.com [200] [GET] [text/html] [] [rhino-core-shield] [vhost] [google] [Google Cloud,Google Cloud CDN] [afa0f759aa3c9bc251f8fd1a1579f935]
https://partners-beta.sandbox.payoneer.com [200] [GET] [text/html] [] [rhino-core-shield] [vhost] [google] [Google Cloud,Google Cloud CDN] [2ac9ec31ff47dd2f44dca5da11320286]
https://partners-beta.sandbox.payoneer.com [200] [GET] [text/html] [] [rhino-core-shield] [vhost] [google] [Google Cloud,Google Cloud CDN] [40c7daa85d381e6e8c45e080cbd2d7ae]
https://partners.payoneer.com [200] [GET] [text/html] [] [rhino-core-shield] [vhost] [google] [Google Cloud,Google Cloud CDN] [1cac99cff5660d522fba80f970730f28]
https://partners.payoneer.com [200] [GET] [text/html] [] [rhino-core-shield] [vhost] [google] [Google Cloud,Google Cloud CDN] [2f8c6c79738de6bd1627b2d13e2b4d1b]
https://partners.sandbox.payoneer.com [200] [GET] [text/html] [] [rhino-core-shield] [vhost] [google] [Google Cloud,Google Cloud CDN] [79d420069d1d88e06a5ecbedeac21fee]
https://partners.sandbox.payoneer.com [200] [GET] [text/html] [] [rhino-core-shield] [vhost] [google] [Google Cloud,Google Cloud CDN] [f06623f91fbcf288c889bb81f37f0bf5]
https://paynow.payoneer.com [403] [GET] [text/html] [Error Page] [rhino-core-shield] [vhost] [google] [Google Cloud,Google Cloud CDN] [246e288b5783296807cf570b0111abdb]
https://paynow.payoneer.com [403] [GET] [text/html] [Error Page] [rhino-core-shield] [vhost] [google] [Google Cloud,Google Cloud CDN] [fe7185c9a7e43261f88d0b217045246f]
https://paynow.sandbox.payoneer.com [200] [GET] [text/html] [] [rhino-core-shield] [vhost] [google] [Google Cloud,Google Cloud CDN] [aec39a84d867a5e1218150d96d4124a2]
https://paynow.sandbox.payoneer.com [200] [GET] [text/html] [] [rhino-core-shield] [vhost] [google] [Google Cloud,Google Cloud CDN] [d7894671dd519c9f6de0f9157142af50]
https://payoneer.com [301] [GET] [text/html] [301 Moved Permanently] [rhino-core-shield] [vhost] [google] [Google Cloud,Google Cloud CDN] [74d385cfd94390c8b3e710aadfc18868]
https://payouts.payoneer.com [200] [GET] [text/html] [] [rhino-core-shield] [vhost] [google] [Google Cloud,Google Cloud CDN] [67cd423cb931e3f9f44ca44afb6de985]
https://payouts.payoneer.com [200] [GET] [text/html] [] [rhino-core-shield] [vhost] [google] [Google Cloud,Google Cloud CDN] [6cd2135a93babf144eb28153339d7559]
https://payouts.sandbox.payoneer.com [200] [GET] [text/html] [] [rhino-core-shield] [vhost] [google] [Google Cloud,Google Cloud CDN] [0e827924e0b8ddfac499498f62aa72e9]
https://payouts.sandbox.payoneer.com [200] [GET] [text/html] [] [rhino-core-shield] [vhost] [google] [Google Cloud,Google Cloud CDN] [1a050f2c0ca47cb7bb0508b5a59f7787]
https://pay.payoneer.com [301] [GET] [text/html] [301 Moved Permanently] [rhino-core-shield] [vhost] [google] [Google Cloud,Google Cloud CDN] [821a0a0b8fd3f1ceec300e7c67b5f16c]
https://pb.payoneer.com [200] [GET] [text/html] [] [rhino-core-shield] [vhost] [google] [Google Cloud,Google Cloud CDN] [6128f7b4ed29cb81ad87e4558ab10c45]
https://pb.payoneer.com [200] [GET] [text/html] [] [rhino-core-shield] [vhost] [google] [Google Cloud,Google Cloud CDN] [e10dc2e644821aad8a9e7827b665730d]
https://psd2-api.payoneer.com [200] [GET] [text/html] [] [rhino-core-shield] [vhost] [google] [70e60b4a32d14cdfa230a1bdb1525a94]
https://psd2-api.payoneer.com [200] [GET] [text/html] [] [rhino-core-shield] [vhost] [google] [7c4a4bd2fbdf0cf40518da5e8521c4cc]
https://pubs.payoneer.com [200] [GET] [text/html] [] [rhino-core-shield] [vhost] [google] [Google Cloud,Google Cloud CDN] [8daacc40e10a57707f383ef6feab7899]
https://pubs.payoneer.com [200] [GET] [text/html] [] [rhino-core-shield] [vhost] [google] [Google Cloud,Google Cloud CDN] [dc40220b081c5c1d84e6e2c73ebad8f3]
https://pubs.sandbox.payoneer.com [200] [GET] [text/html] [] [rhino-core-shield] [vhost] [google] [Google Cloud,Google Cloud CDN] [12601f42babffb66285d0ea1daba5747]
https://pubs.sandbox.payoneer.com [200] [GET] [text/html] [] [rhino-core-shield] [vhost] [google] [Google Cloud,Google Cloud CDN] [de064ae943f1bf1836fc18c560126e89]
https://sandbox.payoneer.com [403] [GET] [text/html] [403 Forbidden] [rhino-core-shield] [vhost] [google] [Google Cloud,Google Cloud CDN] [d094994ba9590cfc72a2545e6bfadfe8]
https://share.payoneer.com [200] [GET] [text/html] [] [rhino-core-shield] [vhost] [google] [Google Cloud,Google Cloud CDN] [9c9182683ac6d01e1bfda13fa0426322]
https://share.payoneer.com [200] [GET] [text/html] [] [rhino-core-shield] [vhost] [google] [Google Cloud,Google Cloud CDN] [d4910831812391247268e77721b015b3]
https://share.sandbox.payoneer.com [200] [GET] [text/html] [] [rhino-core-shield] [vhost] [google] [Google Cloud,Google Cloud CDN] [61f99456610d06aa3aac80f06af473b8]
https://share.sandbox.payoneer.com [200] [GET] [text/html] [] [rhino-core-shield] [vhost] [google] [Google Cloud,Google Cloud CDN] [ba4daca5ceb08a3ef858b8bfc111baec]
https://signup.payoneer.com [200] [GET] [text/html] [] [rhino-core-shield] [vhost] [google] [Google Cloud,Google Cloud CDN] [98f9576a9a3f0fc39bb76023a9962226]
https://signup.payoneer.com [200] [GET] [text/html] [] [rhino-core-shield] [vhost] [google] [Google Cloud,Google Cloud CDN] [a64f62b061e55189178c36c805761ab7]
https://signup.sandbox.payoneer.com [200] [GET] [text/html] [] [rhino-core-shield] [vhost] [google] [Google Cloud,Google Cloud CDN] [263f2585f0dc5edac85253851b674be8]
https://signup.sandbox.payoneer.com [200] [GET] [text/html] [] [rhino-core-shield] [vhost] [google] [Google Cloud,Google Cloud CDN] [61a67f0f5365f6fa25c44247503e2a07]
https://sl.payoneer.com [204] [GET] [] [] [] [vhost] [d41d8cd98f00b204e9800998ecf8427e]
https://social.payoneer.com [302] [GET] [] [] [] [d41d8cd98f00b204e9800998ecf8427e]
https://status.payoneer.com [200] [GET] [text/html] [Payoneer Status] [] [vhost] [Atlassian Statuspage,Fastly,Google Font API] [06669c78efa3ae1f555c7da1ac6ecacf]
https://status.payoneer.com [200] [GET] [text/html] [Payoneer Status] [] [vhost] [Atlassian Statuspage,Fastly,Google Font API] [c1dbda7ce697c8468f72dae15318c6f8]
http://stageblog.payoneer.com [302] [GET] [application/octet-stream] [] [awselb/2.0] [vhost] [d41d8cd98f00b204e9800998ecf8427e]
https://taxformsapi.payoneer.com [200] [GET] [text/html] [] [rhino-core-shield] [vhost] [google] [Google Cloud,Google Cloud CDN] [321ebcd5f88f2e01d9c4c670e7bb190f]
https://taxformsapi.payoneer.com [200] [GET] [text/html] [] [rhino-core-shield] [vhost] [google] [Google Cloud,Google Cloud CDN] [8aa56078d0da18f3e23824a46ce3e244]
https://taxformsapi.sandbox.payoneer.com [200] [GET] [text/html] [] [rhino-core-shield] [vhost] [google] [Google Cloud,Google Cloud CDN] [ebbceb7dfe0aa9bc8946a8bee3ea3c6a]
https://taxformsapi.sandbox.payoneer.com [200] [GET] [text/html] [] [rhino-core-shield] [vhost] [google] [Google Cloud,Google Cloud CDN] [ee889212098d3e47774ac640e2534e56]
https://taxforms.payoneer.com [200] [GET] [text/html] [] [rhino-core-shield] [vhost] [google] [Google Cloud,Google Cloud CDN] [42b7f94b824a771a2bda25f4687d7025]
https://taxforms.payoneer.com [200] [GET] [text/html] [] [rhino-core-shield] [vhost] [google] [Google Cloud,Google Cloud CDN] [7ce7679d010c6155a48e466c35905f72]
https://taxforms.sandbox.payoneer.com [200] [GET] [text/html] [] [rhino-core-shield] [vhost] [google] [Google Cloud,Google Cloud CDN] [c846e88521c9bae07d09821105dca4f5]
https://taxforms.sandbox.payoneer.com [200] [GET] [text/html] [] [rhino-core-shield] [vhost] [google] [Google Cloud,Google Cloud CDN] [f42dec7509a9b607d5599270209d85ee]
https://taxformstest.sandbox.payoneer.com [200] [GET] [text/html] [] [rhino-core-shield] [vhost] [google] [Google Cloud,Google Cloud CDN] [0a3a2a5b0a3c57f737eaf7b3ed7188de]
https://taxformstest.sandbox.payoneer.com [200] [GET] [text/html] [] [rhino-core-shield] [vhost] [google] [Google Cloud,Google Cloud CDN] [164a6937a6f2282a66ac36c0c8fbf377]
https://tracking.payoneer.com [200] [GET] [text/html] [] [rhino-core-shield] [vhost] [google] [Google Cloud,Google Cloud CDN] [5565c603cee7fa382d11cec5e09d7aa3]
https://tracking.payoneer.com [200] [GET] [text/html] [] [rhino-core-shield] [vhost] [google] [Google Cloud,Google Cloud CDN] [6ffe0913412cfce844d0a7e1727f002a]
https://uptime.payoneer.com [200] [GET] [text/html] [] [rhino-core-shield] [vhost] [google] [Google Cloud,Google Cloud CDN] [80bd7b98fdba48ade2e321f76131c8fd]
https://uptime.payoneer.com [200] [GET] [text/html] [] [rhino-core-shield] [vhost] [google] [Google Cloud,Google Cloud CDN] [d0b66bddb658ac7be92b90edbaf0357b]
https://urlvalidation.payoneer.com [200] [GET] [text/html] [] [rhino-core-shield] [vhost] [google] [Google Cloud,Google Cloud CDN] [3d775928d9dff31f42af9ccdec7c0f58]
https://urlvalidation.payoneer.com [200] [GET] [text/html] [] [rhino-core-shield] [vhost] [google] [Google Cloud,Google Cloud CDN] [e065169c8294918ff05884f7fb357187]
https://urlvalidation.sandbox.payoneer.com [200] [GET] [text/html] [] [rhino-core-shield] [vhost] [google] [Google Cloud,Google Cloud CDN] [0ceff242b06bb848e330a511a309e724]
https://urlvalidation.sandbox.payoneer.com [200] [GET] [text/html] [] [rhino-core-shield] [vhost] [google] [Google Cloud,Google Cloud CDN] [99bfe03517a573c88b4e14cc0f276fe0]
https://user.payoneer.com [200] [GET] [text/html] [] [rhino-core-shield] [vhost] [google] [Google Cloud,Google Cloud CDN] [407df202e387f81d63f6c08dcd7a2dd1]
https://user.payoneer.com [200] [GET] [text/html] [] [rhino-core-shield] [vhost] [google] [Google Cloud,Google Cloud CDN] [ad8cec0f04a1dd640099fd94260abf87]
https://vatapi.payoneer.com [200] [GET] [text/html] [] [rhino-core-shield] [vhost] [google] [Google Cloud,Google Cloud CDN] [cd1e3d59985f661e3808f2a2beccb0a8]
https://vatapi.payoneer.com [200] [GET] [text/html] [] [rhino-core-shield] [vhost] [google] [Google Cloud,Google Cloud CDN] [e23013e681e0cd582bf677feab225fa1]
https://vatapi.sandbox.payoneer.com [502] [GET] [text/html] [ERROR: The request could not be satisfied] [CloudFront] [vhost] [cloudfront] [Amazon Cloudfront,Amazon Web Services] [a78ea68a3ff168f78a54dcc98f947a7a]
https://vat.payoneer.com [200] [GET] [text/html] [] [rhino-core-shield] [vhost] [google] [Google Cloud,Google Cloud CDN] [7e1a9552805da9f6eefcb681abdbc412]
https://vat.payoneer.com [200] [GET] [text/html] [] [rhino-core-shield] [vhost] [google] [Google Cloud,Google Cloud CDN] [86e9c32778fe69e941b12a54aa550b80]
https://vat.sandbox.payoneer.com [502] [GET] [text/html] [ERROR: The request could not be satisfied] [CloudFront] [vhost] [cloudfront] [Amazon Cloudfront,Amazon Web Services] [edc2e30bff9b294e07d05404bc649174]
https://vmp.sandbox.payoneer.com [200] [GET] [text/html] [] [rhino-core-shield] [vhost] [google] [646fec7d19ca18ca660592ea2203974c]
https://vmp.sandbox.payoneer.com [200] [GET] [text/html] [] [rhino-core-shield] [vhost] [google] [f6198f3c5e05ded7d1d9fcd2b1186b70]
https://vpn.payoneer.com [200] [GET] [text/html] [] [] [f91a416be352a03c76b6ce8f948eda4d]
https://www2.payoneer.com [403] [GET] [text/html] [403 Forbidden] [rhino-core-shield] [google] [Google Cloud,Google Cloud CDN] [d094994ba9590cfc72a2545e6bfadfe8]
https://www.payoneer.com [200] [GET] [text/html] [Payment platform for cross-border digital business - Payoneer] [rhino-core-shield] [vhost] [google] [Amazon Cloudfront,Amazon S3,Amazon Web Services,Bootstrap:5.1.1,Font Awesome,Google Tag Manager,WordPress,Yoast SEO Premium:18.2.1,Yoast SEO:18.4.1] [c477c38cced7ea489b547f6b3d2cb266]
https://xero.payoneer.com [200] [GET] [text/html] [] [rhino-core-shield] [vhost] [google] [Google Cloud,Google Cloud CDN] [41e8b3949f403a5403e31cb41f069b22]
https://xero.payoneer.com [200] [GET] [text/html] [] [rhino-core-shield] [vhost] [google] [Google Cloud,Google Cloud CDN] [56509e300d072522f3995ae3a5b0236c]
http://zendesk1.payoneer.com:2053 [400] [GET] [text/html] [400 The plain HTTP request was sent to HTTPS port] [cloudflare] [cloudflare] [Cloudflare] [20ad84d030031252141ca0b3fc0183f0]
http://zendesk1.payoneer.com:2082 [409] [GET] [text/plain] [] [cloudflare] [cloudflare] [Cloudflare] [f6bbbdc9b05a5af96b6b7e618ee357cc]
http://zendesk1.payoneer.com:2083 [400] [GET] [text/html] [400 The plain HTTP request was sent to HTTPS port] [cloudflare] [cloudflare] [Cloudflare] [cd58783500d7fa3c58f88eb0ba22f4f8]
http://zendesk1.payoneer.com:2086 [409] [GET] [text/plain] [] [cloudflare] [cloudflare] [Cloudflare] [f6bbbdc9b05a5af96b6b7e618ee357cc]
http://zendesk1.payoneer.com:2087 [400] [GET] [text/html] [400 The plain HTTP request was sent to HTTPS port] [cloudflare] [cloudflare] [Cloudflare] [20ad84d030031252141ca0b3fc0183f0]
http://zendesk1.payoneer.com [409] [GET] [text/plain] [] [cloudflare] [cloudflare] [Cloudflare] [f6bbbdc9b05a5af96b6b7e618ee357cc]
http://zendesk1.payoneer.com:8080 [409] [GET] [text/plain] [] [cloudflare] [cloudflare] [Cloudflare] [f6bbbdc9b05a5af96b6b7e618ee357cc]
http://zendesk1.payoneer.com:8443 [400] [GET] [text/html] [400 The plain HTTP request was sent to HTTPS port] [cloudflare] [cloudflare] [Cloudflare] [cd58783500d7fa3c58f88eb0ba22f4f8]
http://zendesk1.payoneer.com:8880 [409] [GET] [text/plain] [] [cloudflare] [cloudflare] [Cloudflare] [f6bbbdc9b05a5af96b6b7e618ee357cc]
http://zendesk2.payoneer.com:2082 [409] [GET] [text/plain] [] [cloudflare] [cloudflare] [Cloudflare] [f6bbbdc9b05a5af96b6b7e618ee357cc]
http://zendesk2.payoneer.com:2083 [400] [GET] [text/html] [400 The plain HTTP request was sent to HTTPS port] [cloudflare] [cloudflare] [Cloudflare] [cd58783500d7fa3c58f88eb0ba22f4f8]
http://zendesk2.payoneer.com:2087 [400] [GET] [text/html] [400 The plain HTTP request was sent to HTTPS port] [cloudflare] [cloudflare] [Cloudflare] [20ad84d030031252141ca0b3fc0183f0]
http://zendesk2.payoneer.com [409] [GET] [text/plain] [] [cloudflare] [cloudflare] [Cloudflare] [f6bbbdc9b05a5af96b6b7e618ee357cc]
http://zendesk2.payoneer.com:8080 [409] [GET] [text/plain] [] [cloudflare] [cloudflare] [Cloudflare] [f6bbbdc9b05a5af96b6b7e618ee357cc]
http://zendesk2.payoneer.com:8443 [400] [GET] [text/html] [400 The plain HTTP request was sent to HTTPS port] [cloudflare] [cloudflare] [Cloudflare] [20ad84d030031252141ca0b3fc0183f0]
http://zendesk2.payoneer.com:8880 [409] [GET] [text/plain] [] [cloudflare] [cloudflare] [Cloudflare] [f6bbbdc9b05a5af96b6b7e618ee357cc]
http://zendesk3.payoneer.com:2082 [409] [GET] [text/plain] [] [cloudflare] [cloudflare] [Cloudflare] [f6bbbdc9b05a5af96b6b7e618ee357cc]
http://zendesk3.payoneer.com:2083 [400] [GET] [text/html] [400 The plain HTTP request was sent to HTTPS port] [cloudflare] [cloudflare] [Cloudflare] [20ad84d030031252141ca0b3fc0183f0]
http://zendesk3.payoneer.com:2087 [400] [GET] [text/html] [400 The plain HTTP request was sent to HTTPS port] [cloudflare] [cloudflare] [Cloudflare] [20ad84d030031252141ca0b3fc0183f0]
http://zendesk3.payoneer.com [409] [GET] [text/plain] [] [cloudflare] [cloudflare] [Cloudflare] [f6bbbdc9b05a5af96b6b7e618ee357cc]
http://zendesk3.payoneer.com:8080 [409] [GET] [text/plain] [] [cloudflare] [cloudflare] [Cloudflare] [f6bbbdc9b05a5af96b6b7e618ee357cc]
http://zendesk3.payoneer.com:8443 [400] [GET] [text/html] [400 The plain HTTP request was sent to HTTPS port] [cloudflare] [cloudflare] [Cloudflare] [20ad84d030031252141ca0b3fc0183f0]
http://zendesk3.payoneer.com:8880 [409] [GET] [text/plain] [] [cloudflare] [cloudflare] [Cloudflare] [f6bbbdc9b05a5af96b6b7e618ee357cc]
http://zendesk4.payoneer.com:2082 [409] [GET] [text/plain] [] [cloudflare] [cloudflare] [Cloudflare] [f6bbbdc9b05a5af96b6b7e618ee357cc]
http://zendesk4.payoneer.com:2083 [400] [GET] [text/html] [400 The plain HTTP request was sent to HTTPS port] [cloudflare] [cloudflare] [Cloudflare] [cd58783500d7fa3c58f88eb0ba22f4f8]
http://zendesk4.payoneer.com:2087 [400] [GET] [text/html] [400 The plain HTTP request was sent to HTTPS port] [cloudflare] [cloudflare] [Cloudflare] [cd58783500d7fa3c58f88eb0ba22f4f8]
http://zendesk4.payoneer.com [409] [GET] [text/plain] [] [cloudflare] [cloudflare] [Cloudflare] [f6bbbdc9b05a5af96b6b7e618ee357cc]
http://zendesk4.payoneer.com:8080 [409] [GET] [text/plain] [] [cloudflare] [cloudflare] [Cloudflare] [f6bbbdc9b05a5af96b6b7e618ee357cc]
http://zendesk4.payoneer.com:8443 [400] [GET] [text/html] [400 The plain HTTP request was sent to HTTPS port] [cloudflare] [cloudflare] [Cloudflare] [20ad84d030031252141ca0b3fc0183f0]
http://zendesk4.payoneer.com:8880 [409] [GET] [text/plain] [] [cloudflare] [cloudflare] [Cloudflare] [f6bbbdc9b05a5af96b6b7e618ee357cc]
