http://dev-vidman-eu-west-1.periscope.tv:1935 [400] [GET] [text/plain] [] [] [3073b4fb3dbc30dd1509ea9c3638987d]
https://admin.periscope.tv [301] [GET] [text/html] [] [] [Algolia] [1edbf98f325872ac3ccc3dec7c796d21]
https://api.periscope.tv [404] [GET] [text/plain] [] [] [595e88012a6521aae3e12cbebe76eb9e]
https://assets.periscope.tv [403] [GET] [application/xml] [] [AmazonS3] [vhost] [cloudfront] [Amazon Cloudfront,Amazon S3,Amazon Web Services] [5593c1c588070205aac8591ec9bc43ab]
https://assets.periscope.tv [403] [GET] [application/xml] [] [AmazonS3] [vhost] [cloudfront] [Amazon Cloudfront,Amazon S3,Amazon Web Services] [80d2d62a15fd771e47cc033f235fbd89]
https://canary-api.periscope.tv [404] [GET] [text/plain] [] [] [595e88012a6521aae3e12cbebe76eb9e]
https://canary-channels.periscope.tv [404] [GET] [text/plain] [] [] [595e88012a6521aae3e12cbebe76eb9e]
https://canary-guest.periscope.tv [404] [GET] [text/plain] [] [] [595e88012a6521aae3e12cbebe76eb9e]
https://canary-notification-service.periscope.tv [503] [GET] [] [] [] [d41d8cd98f00b204e9800998ecf8427e]
https://canary-payman.periscope.tv [404] [GET] [text/plain] [] [] [595e88012a6521aae3e12cbebe76eb9e]
https://canary-text-classification.periscope.tv [404] [GET] [text/plain] [] [] [595e88012a6521aae3e12cbebe76eb9e]
https://canary-transcode-proxy-us-east-1.periscope.tv [404] [GET] [text/plain] [] [] [595e88012a6521aae3e12cbebe76eb9e]
https://canary-transcode-us-east-1.periscope.tv [404] [GET] [text/plain] [] [] [595e88012a6521aae3e12cbebe76eb9e]
https://canary-web.periscope.tv [200] [GET] [text/html] [Watch LIVE] [] [vhost] [Amazon S3,Amazon Web Services,React] [02b90fed46c1df0f48b57ee76dade06e]
https://canary-web.periscope.tv [200] [GET] [text/html] [Watch LIVE] [] [vhost] [Amazon S3,Amazon Web Services,React] [679a3ceb8623f2f27adfc85ac11b5128]
https://channels.periscope.tv [404] [GET] [text/plain] [] [] [595e88012a6521aae3e12cbebe76eb9e]
https://chatman-replay-us-east-1.periscope.tv [404] [GET] [text/plain] [] [] [ef81e41d11c9e7193ddd3d470dbb3eda]
https://chatman-replay-us-west-2.periscope.tv [404] [GET] [text/plain] [] [] [ef81e41d11c9e7193ddd3d470dbb3eda]
https://dev-api.periscope.tv [404] [GET] [text/plain] [] [] [595e88012a6521aae3e12cbebe76eb9e]
https://dev-ap-southeast-1.periscope.tv [500] [GET] [text/html] [Fastly error: unknown domain dev-ap-southeast-1.periscope.tv] [Varnish] [fastly] [Fastly,Varnish] [0f88fbb9480e3ad0074781f7745982ee]
https://dev-ap-southeast-1.periscope.tv [500] [GET] [text/html] [Fastly error: unknown domain dev-ap-southeast-1.periscope.tv] [Varnish] [fastly] [Fastly,Varnish] [3b6f2298160ae04a64c7941115bbb065]
https://dev-ap-southeast-2.periscope.tv [500] [GET] [text/html] [Fastly error: unknown domain dev-ap-southeast-2.periscope.tv] [Varnish] [fastly] [Fastly,Varnish] [286ec2abe0350767b1c841044ff9e98a]
https://dev-ap-southeast-2.periscope.tv [500] [GET] [text/html] [Fastly error: unknown domain dev-ap-southeast-2.periscope.tv] [Varnish] [fastly] [Fastly,Varnish] [f2c2f5e1867b34ff7445a413db4be970]
https://dev-assets.periscope.tv [403] [GET] [application/xml] [] [AmazonS3] [vhost] [cloudfront] [Amazon Cloudfront,Amazon S3,Amazon Web Services] [95c0c7fc7fe9ddfdfd6481029ecc71c2]
https://dev-assets.periscope.tv [403] [GET] [application/xml] [] [AmazonS3] [vhost] [cloudfront] [Amazon Cloudfront,Amazon S3,Amazon Web Services] [a5dd0088e4915296680a5f6962069c14]
https://dev-audit-trail.periscope.tv [404] [GET] [text/plain] [] [] [595e88012a6521aae3e12cbebe76eb9e]
https://dev-channels.periscope.tv [404] [GET] [text/plain] [] [] [595e88012a6521aae3e12cbebe76eb9e]
https://dev-chatman-ancillary-eu-west-1.periscope.tv [404] [GET] [text/plain] [] [] [ef81e41d11c9e7193ddd3d470dbb3eda]
https://dev-chatman-replay-eu-west-1.periscope.tv [404] [GET] [text/plain] [] [] [ef81e41d11c9e7193ddd3d470dbb3eda]
https://dev-chatman-replay-us-west-2.periscope.tv [404] [GET] [text/plain] [] [] [ef81e41d11c9e7193ddd3d470dbb3eda]
https://dev-email.periscope.tv [404] [GET] [text/plain] [] [] [595e88012a6521aae3e12cbebe76eb9e]
https://dev-embed.periscope.tv [403] [GET] [application/json] [] [AmazonS3] [vhost] [fastly] [Amazon S3,Amazon Web Services,Fastly,Varnish] [6f88a4cc26542bcaa8c09cdfe8d184d0]
https://dev-embed.periscope.tv [403] [GET] [application/json] [] [AmazonS3] [vhost] [fastly] [Amazon S3,Amazon Web Services,Fastly,Varnish] [ba02f7f1ae8dfd464e00954eff5a0d35]
https://dev-eu-west-1.periscope.tv [500] [GET] [text/html] [Fastly error: unknown domain dev-eu-west-1.periscope.tv] [Varnish] [fastly] [Fastly,Varnish] [1fcf60b4e86d8856a6fe76f07202435f]
https://dev-eu-west-1.periscope.tv [500] [GET] [text/html] [Fastly error: unknown domain dev-eu-west-1.periscope.tv] [Varnish] [fastly] [Fastly,Varnish] [523beb068afc978d7ef1783564d59aca]
https://dev-masks.periscope.tv [403] [GET] [application/xml] [] [AmazonS3] [vhost] [cloudfront] [Amazon Cloudfront,Amazon S3,Amazon Web Services] [203003725ddfa788d9edddb64fac115a]
https://dev-masks.periscope.tv [403] [GET] [application/xml] [] [AmazonS3] [vhost] [cloudfront] [Amazon Cloudfront,Amazon S3,Amazon Web Services] [c7ab9bc09a3cbba57f54b1d1aa58d7e9]
https://dev-notification-service.periscope.tv [503] [GET] [] [] [] [d41d8cd98f00b204e9800998ecf8427e]
https://dev-payman.periscope.tv [404] [GET] [text/plain] [] [] [595e88012a6521aae3e12cbebe76eb9e]
https://dev-profile.periscope.tv [403] [GET] [application/xml] [] [AmazonS3] [vhost] [cloudfront] [Amazon Cloudfront,Amazon S3,Amazon Web Services] [b09f0dd3e92b0746f5940c522fe3c7f9]
https://dev-profile.periscope.tv [403] [GET] [application/xml] [] [AmazonS3] [vhost] [cloudfront] [Amazon Cloudfront,Amazon S3,Amazon Web Services] [e188fe1a99ff3bf079a3e57976302695]
https://dev-public-api-assets.periscope.tv [403] [GET] [application/xml] [] [AmazonS3] [vhost] [cloudfront] [Amazon Cloudfront,Amazon S3,Amazon Web Services] [af9a915dece6138ae7c4bea087d6bc2d]
https://dev-public-api-assets.periscope.tv [403] [GET] [application/xml] [] [AmazonS3] [vhost] [cloudfront] [Amazon Cloudfront,Amazon S3,Amazon Web Services] [bb215ae31a8c5797b1fa7662b73f37ba]
https://dev-public-api.periscope.tv [404] [GET] [text/plain] [] [] [595e88012a6521aae3e12cbebe76eb9e]
https://dev-replay.periscope.tv [403] [GET] [text/xml] [] [CloudFront] [vhost] [cloudfront] [Amazon Cloudfront,Amazon Web Services] [40a481f43ca93bbbdd18621b439ea397]
https://dev-signer-eu-west-1.periscope.tv [200] [GET] [application/json] [] [] [c1da567631175532d893899f42e714c8]
https://dev-signer.periscope.tv [200] [GET] [application/json] [] [] [7dd318b3f5d8ac2d16274e0a1f86a96b]
https://dev-signer-us-west-2.periscope.tv [200] [GET] [application/json] [] [] [7dd318b3f5d8ac2d16274e0a1f86a96b]
https://dev-text-classification.periscope.tv [404] [GET] [text/plain] [] [] [595e88012a6521aae3e12cbebe76eb9e]
https://dev-tn.periscope.tv [403] [GET] [text/xml] [] [CloudFront] [vhost] [cloudfront] [Amazon Cloudfront,Amazon Web Services] [40a481f43ca93bbbdd18621b439ea397]
https://dev-transcode-eu-west-1.periscope.tv [404] [GET] [text/plain] [] [] [595e88012a6521aae3e12cbebe76eb9e]
https://dev-transcode-proxy-eu-west-1.periscope.tv [404] [GET] [text/plain] [] [] [595e88012a6521aae3e12cbebe76eb9e]
https://dev-transcode-proxy-us-west-2.periscope.tv [404] [GET] [text/plain] [] [] [595e88012a6521aae3e12cbebe76eb9e]
https://dev-transcode-us-west-2.periscope.tv [404] [GET] [text/plain] [] [] [595e88012a6521aae3e12cbebe76eb9e]
https://dev-video-us-west-2.periscope.tv [400] [GET] [text/html] [400 no stream name] [Varnish] [vhost] [fastly] [Fastly,Varnish] [919613152d472a9e0b903c3842135406]
https://dev-video-us-west-2.periscope.tv [400] [GET] [text/html] [400 no stream name] [Varnish] [vhost] [fastly] [Fastly,Varnish] [a6b7ae16c79e3c34e3cfbbc18995a7ac]
https://dev-vidman-eu-west-1.periscope.tv [400] [GET] [text/plain] [] [] [3073b4fb3dbc30dd1509ea9c3638987d]
https://email.periscope.tv [404] [GET] [text/plain] [] [] [595e88012a6521aae3e12cbebe76eb9e]
https://embed.periscope.tv [403] [GET] [application/json] [] [AmazonS3] [vhost] [fastly] [Amazon S3,Amazon Web Services,Fastly,Varnish] [7683bc18fb501f18dc1575021358388e]
https://embed.periscope.tv [403] [GET] [application/json] [] [AmazonS3] [vhost] [fastly] [Amazon S3,Amazon Web Services,Fastly,Varnish] [ab0a973338deb9088bf8ffc4186aa6eb]
https://guest.periscope.tv [404] [GET] [text/plain] [] [] [595e88012a6521aae3e12cbebe76eb9e]
https://help.periscope.tv [301] [GET] [] [] [AmazonS3] [vhost] [cloudfront] [Amazon Cloudfront,Amazon S3,Amazon Web Services] [d41d8cd98f00b204e9800998ecf8427e]
https://hls.periscope.tv [500] [GET] [text/html] [Fastly error: unknown domain hls.periscope.tv] [Varnish] [fastly] [Fastly,Varnish] [1c16a1a451f583c27f8e9a2bb34c4503]
https://hls.periscope.tv [500] [GET] [text/html] [Fastly error: unknown domain hls.periscope.tv] [Varnish] [fastly] [Fastly,Varnish] [e21505167593f8fbb9d6ed1c3ab862ae]
https://notification-service.periscope.tv [503] [GET] [] [] [] [d41d8cd98f00b204e9800998ecf8427e]
https://payman.periscope.tv [404] [GET] [text/plain] [] [] [595e88012a6521aae3e12cbebe76eb9e]
https://periscope.tv [302] [GET] [text/plain] [] [] [vhost] [68ce607b1b8755d934d7d771f8aa11da]
https://prod-ap-northeast-1.periscope.tv [500] [GET] [text/html] [Fastly error: unknown domain prod-ap-northeast-1.periscope.tv] [Varnish] [fastly] [Fastly,Varnish] [1faa9df3f0e6e4cecff2dcac56a6e1b7]
https://prod-ap-northeast-1.periscope.tv [500] [GET] [text/html] [Fastly error: unknown domain prod-ap-northeast-1.periscope.tv] [Varnish] [fastly] [Fastly,Varnish] [9928ab416ced94eecd0d76b2d2d55a1e]
https://prod-ap-southeast-2.periscope.tv [500] [GET] [text/html] [Fastly error: unknown domain prod-ap-southeast-2.periscope.tv] [Varnish] [fastly] [Fastly,Varnish] [78f3956d9f842bf939c47af2cf604653]
https://prod-ap-southeast-2.periscope.tv [500] [GET] [text/html] [Fastly error: unknown domain prod-ap-southeast-2.periscope.tv] [Varnish] [fastly] [Fastly,Varnish] [8b36e237b86a3761c864fab40aa0242d]
https://prod-assets.periscope.tv [403] [GET] [application/xml] [] [AmazonS3] [vhost] [cloudfront] [Amazon Cloudfront,Amazon S3,Amazon Web Services] [4a982bc069dc198bf5a7c8592cd69389]
https://prod-assets.periscope.tv [403] [GET] [application/xml] [] [AmazonS3] [vhost] [cloudfront] [Amazon Cloudfront,Amazon S3,Amazon Web Services] [9d4e5d4ddd9f50214e446f7e3bd587bf]
https://prod-chatman-ancillary-ap-northeast-1.periscope.tv [404] [GET] [text/plain] [] [] [ef81e41d11c9e7193ddd3d470dbb3eda]
https://prod-chatman-ancillary-eu-central-1.periscope.tv [404] [GET] [text/plain] [] [] [ef81e41d11c9e7193ddd3d470dbb3eda]
https://prod-chatman-ancillary-us-east-1.periscope.tv [404] [GET] [text/plain] [] [] [ef81e41d11c9e7193ddd3d470dbb3eda]
https://prod-chatman-ancillary-us-west-2.periscope.tv [404] [GET] [text/plain] [] [] [ef81e41d11c9e7193ddd3d470dbb3eda]
https://prod-ec-ap-northeast-1.video.periscope.tv [404] [GET] [text/plain] [] [ECAcc (tkb/73B7)] [vhost] [Azure,Azure CDN,Fastly,Varnish] [595e88012a6521aae3e12cbebe76eb9e]
https://prod-ec-ap-southeast-1.video.periscope.tv [403] [GET] [text/html] [403 Forbidden] [Varnish] [vhost] [Fastly,Varnish] [9f6017f30e32593cf14351bb7b2763cb]
https://prod-ec-ap-southeast-1.video.periscope.tv [403] [GET] [text/html] [403 Forbidden] [Varnish] [vhost] [Fastly,Varnish] [ff31bcce37695246a3a7ca054e52d99a]
https://prod-ec-eu-central-1.video.periscope.tv [404] [GET] [text/plain] [] [ECAcc (frb/6691)] [vhost] [Azure,Azure CDN,Fastly,Varnish] [595e88012a6521aae3e12cbebe76eb9e]
https://prod-ec-eu-west-1.video.periscope.tv [404] [GET] [text/plain] [] [ECAcc (lhb/63A1)] [vhost] [Azure,Azure CDN,Fastly,Varnish] [595e88012a6521aae3e12cbebe76eb9e]
https://prod-ec-eu-west-3.video.periscope.tv [404] [GET] [text/plain] [] [ECAcc (pab/6F61)] [vhost] [Azure,Azure CDN,Fastly,Varnish] [595e88012a6521aae3e12cbebe76eb9e]
https://prod-ec-sa-east-1.video.periscope.tv [404] [GET] [text/plain] [] [ECAcc (spb/E56A)] [vhost] [Azure,Azure CDN,Fastly,Varnish] [595e88012a6521aae3e12cbebe76eb9e]
https://prod-ec-us-east-1.video.periscope.tv [404] [GET] [text/plain] [] [ECAcc (dcc/725C)] [vhost] [Azure,Azure CDN,Fastly,Varnish] [595e88012a6521aae3e12cbebe76eb9e]
https://prod-ec-us-west-1.video.periscope.tv [404] [GET] [text/plain] [] [ECAcc (sab/578E)] [vhost] [Azure,Azure CDN,Fastly,Varnish] [595e88012a6521aae3e12cbebe76eb9e]
https://prod-ec-us-west-2.video.periscope.tv [404] [GET] [text/plain] [] [ECAcc (sec/972A)] [vhost] [Azure,Azure CDN,Fastly,Varnish] [595e88012a6521aae3e12cbebe76eb9e]
https://prod-ec-us-west-2.video.periscope.tv [404] [GET] [text/plain] [] [ECAcc (sec/978A)] [vhost] [Azure,Azure CDN,Fastly,Varnish] [595e88012a6521aae3e12cbebe76eb9e]
https://prod-eu-central-1.periscope.tv [500] [GET] [text/html] [Fastly error: unknown domain prod-eu-central-1.periscope.tv] [Varnish] [fastly] [Fastly,Varnish] [76de0d1d7fba081c2f410cd6e9885283]
https://prod-eu-central-1.periscope.tv [500] [GET] [text/html] [Fastly error: unknown domain prod-eu-central-1.periscope.tv] [Varnish] [fastly] [Fastly,Varnish] [b04ba5cddd24e68039ef3cf27e5d54a8]
https://prod-fastly-ap-northeast-1.video.periscope.tv [404] [GET] [text/plain] [] [] [vhost] [fastly] [Fastly,Varnish] [595e88012a6521aae3e12cbebe76eb9e]
https://prod-fastly-ap-northeast-2.video.periscope.tv [404] [GET] [text/plain] [] [] [vhost] [fastly] [Fastly,Varnish] [595e88012a6521aae3e12cbebe76eb9e]
https://prod-fastly-ap-south-1.video.periscope.tv [403] [GET] [text/html] [403 Forbidden] [Varnish] [vhost] [fastly] [Fastly,Varnish] [332e19e627d57e43a8a4a454e1195d2f]
https://prod-fastly-ap-south-1.video.periscope.tv [403] [GET] [text/html] [403 Forbidden] [Varnish] [vhost] [fastly] [Fastly,Varnish] [f603d3935b54aeb33433b1654f18dbfb]
https://prod-fastly-ap-southeast-1.video.periscope.tv [403] [GET] [text/html] [403 Forbidden] [Varnish] [vhost] [fastly] [Fastly,Varnish] [5b51f4e2ced94009eec323b88e52cc26]
https://prod-fastly-ap-southeast-1.video.periscope.tv [403] [GET] [text/html] [403 Forbidden] [Varnish] [vhost] [fastly] [Fastly,Varnish] [602912437ba1f409a37293239d5e6afc]
https://prod-fastly-ap-southeast-2.video.periscope.tv [404] [GET] [text/plain] [] [] [vhost] [fastly] [Fastly,Varnish] [595e88012a6521aae3e12cbebe76eb9e]
https://prod-fastly-eu-central-1.video.periscope.tv [404] [GET] [text/plain] [] [] [vhost] [fastly] [Fastly,Varnish] [595e88012a6521aae3e12cbebe76eb9e]
https://prod-fastly-eu-west-1.video.periscope.tv [404] [GET] [text/plain] [] [] [vhost] [fastly] [Fastly,Varnish] [595e88012a6521aae3e12cbebe76eb9e]
https://prod-fastly-eu-west-3.video.periscope.tv [404] [GET] [text/plain] [] [] [vhost] [fastly] [Fastly,Varnish] [595e88012a6521aae3e12cbebe76eb9e]
https://prod-fastly-sa-east-1.video.periscope.tv [404] [GET] [text/plain] [] [] [vhost] [fastly] [Fastly,Varnish] [595e88012a6521aae3e12cbebe76eb9e]
https://prod-fastly-us-east-1.video.periscope.tv [404] [GET] [text/plain] [] [] [vhost] [fastly] [Fastly,Varnish] [595e88012a6521aae3e12cbebe76eb9e]
https://prod-fastly-us-west-1.video.periscope.tv [404] [GET] [text/plain] [] [] [vhost] [fastly] [Fastly,Varnish] [595e88012a6521aae3e12cbebe76eb9e]
https://prod-fastly-us-west-2.video.periscope.tv [404] [GET] [text/plain] [] [] [vhost] [fastly] [Fastly,Varnish] [595e88012a6521aae3e12cbebe76eb9e]
https://prod-masks.periscope.tv [403] [GET] [application/xml] [] [AmazonS3] [vhost] [cloudfront] [Amazon Cloudfront,Amazon S3,Amazon Web Services] [7136579cd39d63392c59e3e3c3e4954c]
https://prod-masks.periscope.tv [403] [GET] [application/xml] [] [AmazonS3] [vhost] [cloudfront] [Amazon Cloudfront,Amazon S3,Amazon Web Services] [a54a54bfa222ce7d51d10c0fa03322fb]
https://prod-profile.periscope.tv [403] [GET] [application/xml] [] [AmazonS3] [vhost] [cloudfront] [Amazon Cloudfront,Amazon S3,Amazon Web Services] [0166c039a1cde04e22784ee04952dd40]
https://prod-profile.periscope.tv [403] [GET] [application/xml] [] [AmazonS3] [vhost] [cloudfront] [Amazon Cloudfront,Amazon S3,Amazon Web Services] [0737da0cde8f018286acb0f3bdf33d1a]
https://prod-public-api-assets.periscope.tv [403] [GET] [application/xml] [] [AmazonS3] [vhost] [cloudfront] [Amazon Cloudfront,Amazon S3,Amazon Web Services] [6f20bf56307c15a6383d642a64fcd5ee]
https://prod-public-api-assets.periscope.tv [403] [GET] [application/xml] [] [AmazonS3] [vhost] [cloudfront] [Amazon Cloudfront,Amazon S3,Amazon Web Services] [af68e0a37cd86b6c2e776bf16e4b8dfa]
https://prod-sa-east-1.periscope.tv [500] [GET] [text/html] [Fastly error: unknown domain prod-sa-east-1.periscope.tv] [Varnish] [fastly] [Fastly,Varnish] [875831a5027facfd13c312781e9ec08a]
https://prod-sa-east-1.periscope.tv [500] [GET] [text/html] [Fastly error: unknown domain prod-sa-east-1.periscope.tv] [Varnish] [fastly] [Fastly,Varnish] [eacddb46453a8175624e91fa7972f5a7]
https://prod-text-classification.periscope.tv [404] [GET] [text/plain] [] [] [595e88012a6521aae3e12cbebe76eb9e]
https://prod-transcode-ap-northeast-2.periscope.tv [404] [GET] [text/plain] [] [] [595e88012a6521aae3e12cbebe76eb9e]
https://prod-transcode-ap-south-1.periscope.tv [404] [GET] [text/plain] [] [] [595e88012a6521aae3e12cbebe76eb9e]
https://prod-transcode-ap-southeast-1.periscope.tv [404] [GET] [text/plain] [] [] [595e88012a6521aae3e12cbebe76eb9e]
https://prod-transcode-ap-southeast-2.periscope.tv [404] [GET] [text/plain] [] [] [595e88012a6521aae3e12cbebe76eb9e]
https://prod-transcode-eu-central-1.periscope.tv [404] [GET] [text/plain] [] [] [595e88012a6521aae3e12cbebe76eb9e]
https://prod-transcode-eu-west-1.periscope.tv [404] [GET] [text/plain] [] [] [595e88012a6521aae3e12cbebe76eb9e]
https://prod-transcode-eu-west-3.periscope.tv [404] [GET] [text/plain] [] [] [595e88012a6521aae3e12cbebe76eb9e]
https://prod-transcode-proxy-ap-northeast-1.periscope.tv [404] [GET] [text/plain] [] [] [595e88012a6521aae3e12cbebe76eb9e]
https://prod-transcode-proxy-ap-south-1.periscope.tv [404] [GET] [text/plain] [] [] [595e88012a6521aae3e12cbebe76eb9e]
https://prod-transcode-proxy-ap-southeast-1.periscope.tv [404] [GET] [text/plain] [] [] [595e88012a6521aae3e12cbebe76eb9e]
https://prod-transcode-proxy-eu-west-3.periscope.tv [404] [GET] [text/plain] [] [] [595e88012a6521aae3e12cbebe76eb9e]
https://prod-transcode-proxy-us-east-1.periscope.tv [404] [GET] [text/plain] [] [] [595e88012a6521aae3e12cbebe76eb9e]
https://prod-transcode-sa-east-1.periscope.tv [404] [GET] [text/plain] [] [] [595e88012a6521aae3e12cbebe76eb9e]
https://prod-transcode-us-east-1.periscope.tv [404] [GET] [text/plain] [] [] [595e88012a6521aae3e12cbebe76eb9e]
https://prod-transcode-us-west-1.periscope.tv [404] [GET] [text/plain] [] [] [595e88012a6521aae3e12cbebe76eb9e]
https://prod-transcode-us-west-2.periscope.tv [404] [GET] [text/plain] [] [] [595e88012a6521aae3e12cbebe76eb9e]
https://prod-us-east-1.periscope.tv [500] [GET] [text/html] [Fastly error: unknown domain prod-us-east-1.periscope.tv] [Varnish] [fastly] [Fastly,Varnish] [0e0aa9f7aeb2e5c1db5e3d0df47f348a]
https://prod-us-east-1.periscope.tv [500] [GET] [text/html] [Fastly error: unknown domain prod-us-east-1.periscope.tv] [Varnish] [fastly] [Fastly,Varnish] [834f6e87f6ee80ef97a30aff733d66d5]
https://prod-us-west-1.periscope.tv [500] [GET] [text/html] [Fastly error: unknown domain prod-us-west-1.periscope.tv] [Varnish] [fastly] [Fastly,Varnish] [34ef104571b6effa3f4509d10b11caed]
https://prod-us-west-1.periscope.tv [500] [GET] [text/html] [Fastly error: unknown domain prod-us-west-1.periscope.tv] [Varnish] [fastly] [Fastly,Varnish] [f73d0a59bdc72dacef6a9ea361c20d3d]
https://prod-us-west-2.periscope.tv [500] [GET] [text/html] [Fastly error: unknown domain prod-us-west-2.periscope.tv] [Varnish] [fastly] [Fastly,Varnish] [68014cbd0ed8ea3b3f6e011e04b7b6fe]
https://prod-us-west-2.periscope.tv [500] [GET] [text/html] [Fastly error: unknown domain prod-us-west-2.periscope.tv] [Varnish] [fastly] [Fastly,Varnish] [8045d8e0d0d1054f4cea6033839adc5b]
https://prod-video-ap-northeast-1.periscope.tv [400] [GET] [text/html] [400 no stream name] [Varnish] [vhost] [fastly] [Fastly,Varnish] [51962f595aee2438cd7aed452b6c4612]
https://prod-video-ap-northeast-1.periscope.tv [400] [GET] [text/html] [400 no stream name] [Varnish] [vhost] [fastly] [Fastly,Varnish] [6b44408552c9f0fac0e4a24cbfd8104d]
https://prod-video-ap-northeast-2.periscope.tv [400] [GET] [text/html] [400 no stream name] [Varnish] [vhost] [fastly] [Fastly,Varnish] [607751c015ce4c2613acc06778c165e2]
https://prod-video-ap-northeast-2.periscope.tv [400] [GET] [text/html] [400 no stream name] [Varnish] [vhost] [fastly] [Fastly,Varnish] [8d2ab43174114c52c9116edf23a14fdd]
https://prod-video-ap-south-1.periscope.tv [400] [GET] [text/html] [400 no stream name] [Varnish] [vhost] [fastly] [Fastly,Varnish] [420abc841dd4341c6058fedd4fe69e72]
https://prod-video-ap-south-1.periscope.tv [400] [GET] [text/html] [400 no stream name] [Varnish] [vhost] [fastly] [Fastly,Varnish] [95337075606727479a3373760f197074]
https://prod-video-ap-southeast-1.periscope.tv [400] [GET] [text/html] [400 no stream name] [Varnish] [vhost] [fastly] [Fastly,Varnish] [0fd90d6dda7f57ec1f302f22e9889fe1]
https://prod-video-ap-southeast-1.periscope.tv [400] [GET] [text/html] [400 no stream name] [Varnish] [vhost] [fastly] [Fastly,Varnish] [eb5e7b8f4ea2e271854436e1b5882b0a]
https://prod-video-ap-southeast-2.periscope.tv [400] [GET] [text/html] [400 no stream name] [Varnish] [vhost] [fastly] [Fastly,Varnish] [2da4e4f14a7c12b31a139dccd96b723e]
https://prod-video-ap-southeast-2.periscope.tv [400] [GET] [text/html] [400 no stream name] [Varnish] [vhost] [fastly] [Fastly,Varnish] [635960218c3049b98607121aef98deac]
https://prod-video-eu-central-1.periscope.tv [400] [GET] [text/html] [400 no stream name] [Varnish] [vhost] [fastly] [Fastly,Varnish] [3ba33773d3002a99f8f8f812d3bf7325]
https://prod-video-eu-central-1.periscope.tv [400] [GET] [text/html] [400 no stream name] [Varnish] [vhost] [fastly] [Fastly,Varnish] [8e7e019ede5ad720c1d76ef878cf0c54]
https://prod-video-eu-west-1.periscope.tv [400] [GET] [text/html] [400 no stream name] [Varnish] [vhost] [fastly] [Fastly,Varnish] [fba8290a4f0d64f551eefa5e075f890d]
https://prod-video-eu-west-1.periscope.tv [400] [GET] [text/html] [400 no stream name] [Varnish] [vhost] [fastly] [Fastly,Varnish] [fbfccd9468cd619613f6c37eb91dfd88]
https://prod-video-eu-west-3.periscope.tv [400] [GET] [text/html] [400 no stream name] [Varnish] [vhost] [fastly] [Fastly,Varnish] [0aad9e89a88df189580cc71b84fefc57]
https://prod-video-eu-west-3.periscope.tv [400] [GET] [text/html] [400 no stream name] [Varnish] [vhost] [fastly] [Fastly,Varnish] [534daefa3c5032a0ce7fa77d8eebfe85]
https://prod-video-sa-east-1.periscope.tv [400] [GET] [text/html] [400 no stream name] [Varnish] [vhost] [fastly] [Fastly,Varnish] [d3216b86700bfa5d0adf0acca7ac0db7]
https://prod-video-sa-east-1.periscope.tv [400] [GET] [text/html] [400 no stream name] [Varnish] [vhost] [fastly] [Fastly,Varnish] [eac7f3d801a10b55e5673779ea15b671]
https://prod-video-us-east-1.periscope.tv [400] [GET] [text/html] [400 no stream name] [Varnish] [vhost] [fastly] [Fastly,Varnish] [515fb043584a4337242a460b0f0f9aca]
https://prod-video-us-east-1.periscope.tv [400] [GET] [text/html] [400 no stream name] [Varnish] [vhost] [fastly] [Fastly,Varnish] [a8d7498224b0ae50294ce1b276a0d5d6]
https://prod-video-us-west-1.periscope.tv [400] [GET] [text/html] [400 no stream name] [Varnish] [vhost] [fastly] [Fastly,Varnish] [53df8b645182388ba342032395cf1d8b]
https://prod-video-us-west-1.periscope.tv [400] [GET] [text/html] [400 no stream name] [Varnish] [vhost] [fastly] [Fastly,Varnish] [b26eeec96287969f72d3a3e60de432dc]
https://prod-video-us-west-2.periscope.tv [400] [GET] [text/html] [400 no stream name] [Varnish] [vhost] [fastly] [Fastly,Varnish] [b62f10fd7647b1f5dbf1dafb98afe23e]
https://prod-video-us-west-2.periscope.tv [400] [GET] [text/html] [400 no stream name] [Varnish] [vhost] [fastly] [Fastly,Varnish] [d0b00ec332ff6e472eb0ea12f38c347d]
https://public-api.periscope.tv [404] [GET] [text/plain] [] [] [595e88012a6521aae3e12cbebe76eb9e]
https://public-api-ws.periscope.tv [404] [GET] [text/plain] [] [] [595e88012a6521aae3e12cbebe76eb9e]
https://replay.periscope.tv [403] [GET] [text/xml] [] [CloudFront] [vhost] [cloudfront] [Amazon Cloudfront,Amazon Web Services] [40a481f43ca93bbbdd18621b439ea397]
https://safety.periscope.tv [404] [GET] [text/plain] [] [] [595e88012a6521aae3e12cbebe76eb9e]
https://signer-ap-northeast-1.periscope.tv [200] [GET] [application/json] [] [] [955e7eaf56cb40c3c4544b3324e53fdf]
https://signer-ap-northeast-2.periscope.tv [200] [GET] [application/json] [] [] [6b69d656a5dfac29e5e9091a72fa7850]
https://signer-ap-south-1.periscope.tv [200] [GET] [application/json] [] [] [9424f3998d453582129800c73d2a525a]
https://signer-ap-southeast-2.periscope.tv [200] [GET] [application/json] [] [] [af2f9e0a4df7d9d0b90229fa7ac3603f]
https://signer-eu-central-1.periscope.tv [200] [GET] [application/json] [] [] [190a879c11cce7db9110106fc27e990b]
https://signer-eu-west-1.periscope.tv [200] [GET] [application/json] [] [] [c1da567631175532d893899f42e714c8]
https://signer.periscope.tv [200] [GET] [application/json] [] [] [413e1bcdb3d6ebd501b9b34db5409680]
https://signer-sa-east-1.periscope.tv [200] [GET] [application/json] [] [] [8543ed1622ac8753a302c3ecc32ee68c]
https://signer-us-west-2.periscope.tv [200] [GET] [application/json] [] [] [7dd318b3f5d8ac2d16274e0a1f86a96b]
https://tn.periscope.tv [403] [GET] [text/xml] [] [CloudFront] [vhost] [cloudfront] [Amazon Cloudfront,Amazon Web Services] [40a481f43ca93bbbdd18621b439ea397]
https://vidman-ap-northeast-1.periscope.tv [400] [GET] [text/plain] [] [] [3073b4fb3dbc30dd1509ea9c3638987d]
https://vidman-ap-northeast-2.periscope.tv [400] [GET] [text/plain] [] [] [3073b4fb3dbc30dd1509ea9c3638987d]
https://vidman-ap-southeast-1.periscope.tv [400] [GET] [text/plain] [] [] [3073b4fb3dbc30dd1509ea9c3638987d]
https://vidman-ap-southeast-2.periscope.tv [400] [GET] [text/plain] [] [] [3073b4fb3dbc30dd1509ea9c3638987d]
https://vidman-eu-central-1.periscope.tv [400] [GET] [text/plain] [] [] [3073b4fb3dbc30dd1509ea9c3638987d]
https://vidman-eu-west-1.periscope.tv [400] [GET] [text/plain] [] [] [3073b4fb3dbc30dd1509ea9c3638987d]
https://vidman-sa-east-1.periscope.tv [400] [GET] [text/plain] [] [] [3073b4fb3dbc30dd1509ea9c3638987d]
https://vidman-us-east-1.periscope.tv [400] [GET] [text/plain] [] [] [3073b4fb3dbc30dd1509ea9c3638987d]
https://vidman-us-west-2.periscope.tv [400] [GET] [text/plain] [] [] [3073b4fb3dbc30dd1509ea9c3638987d]
https://web-ap-northeast-2.periscope.tv [403] [GET] [text/html] [] [] [Amazon S3,Amazon Web Services] [849426656a510e49d017b16626255f12]
https://web-ap-south-1.periscope.tv [403] [GET] [text/html] [] [] [Amazon S3,Amazon Web Services] [849426656a510e49d017b16626255f12]
https://web-ap-southeast-1.periscope.tv [403] [GET] [text/html] [] [] [Amazon S3,Amazon Web Services] [849426656a510e49d017b16626255f12]
https://web-ap-southeast-2.periscope.tv [403] [GET] [text/html] [] [] [Amazon S3,Amazon Web Services] [849426656a510e49d017b16626255f12]
https://web-eu-west-1.periscope.tv [403] [GET] [text/html] [] [] [Amazon S3,Amazon Web Services] [849426656a510e49d017b16626255f12]
https://web.periscope.tv [403] [GET] [text/html] [] [] [Amazon S3,Amazon Web Services] [849426656a510e49d017b16626255f12]
https://web-sa-east-1.periscope.tv [403] [GET] [text/html] [] [] [Amazon S3,Amazon Web Services] [849426656a510e49d017b16626255f12]
https://web-us-east-1.periscope.tv [403] [GET] [text/html] [] [] [Amazon S3,Amazon Web Services] [849426656a510e49d017b16626255f12]
https://web-us-west-1.periscope.tv [403] [GET] [text/html] [] [] [Amazon S3,Amazon Web Services] [849426656a510e49d017b16626255f12]
https://web-us-west-2.periscope.tv [403] [GET] [text/html] [] [] [Amazon S3,Amazon Web Services] [849426656a510e49d017b16626255f12]
https://www.periscope.tv [200] [GET] [text/html] [Watch LIVE] [] [vhost] [Amazon S3,Amazon Web Services,React] [2cd88fae1821e4793180ef862b531624]
https://www.periscope.tv [200] [GET] [text/html] [Watch LIVE] [] [vhost] [Amazon S3,Amazon Web Services,React] [8122ed65f11068f051edf88821126832]
http://vidman-ap-northeast-1.periscope.tv:1935 [400] [GET] [text/plain] [] [] [3073b4fb3dbc30dd1509ea9c3638987d]
http://vidman-ap-northeast-2.periscope.tv:1935 [400] [GET] [text/plain] [] [] [3073b4fb3dbc30dd1509ea9c3638987d]
http://vidman-ap-southeast-1.periscope.tv:1935 [400] [GET] [text/plain] [] [] [3073b4fb3dbc30dd1509ea9c3638987d]
http://vidman-ap-southeast-2.periscope.tv:1935 [400] [GET] [text/plain] [] [] [3073b4fb3dbc30dd1509ea9c3638987d]
http://vidman-eu-central-1.periscope.tv:1935 [400] [GET] [text/plain] [] [] [3073b4fb3dbc30dd1509ea9c3638987d]
http://vidman-eu-west-1.periscope.tv:1935 [400] [GET] [text/plain] [] [] [3073b4fb3dbc30dd1509ea9c3638987d]
http://vidman-sa-east-1.periscope.tv:1935 [400] [GET] [text/plain] [] [] [3073b4fb3dbc30dd1509ea9c3638987d]
http://vidman-us-east-1.periscope.tv:1935 [400] [GET] [text/plain] [] [] [3073b4fb3dbc30dd1509ea9c3638987d]
http://vidman-us-west-2.periscope.tv:1935 [400] [GET] [text/plain] [] [] [3073b4fb3dbc30dd1509ea9c3638987d]
