http://e.community.pexels.com:2082 [301] [GET] [] [] [cloudflare] [vhost] [cloudflare] [Cloudflare,Cloudflare Bot Management] [d41d8cd98f00b204e9800998ecf8427e]
http://e.community.pexels.com:2086 [301] [GET] [] [] [cloudflare] [vhost] [cloudflare] [Cloudflare,Cloudflare Bot Management] [d41d8cd98f00b204e9800998ecf8427e]
http://e.community.pexels.com:2095 [301] [GET] [] [] [cloudflare] [vhost] [cloudflare] [Cloudflare,Cloudflare Bot Management] [d41d8cd98f00b204e9800998ecf8427e]
http://e.community.pexels.com:8080 [301] [GET] [] [] [cloudflare] [vhost] [cloudflare] [Cloudflare,Cloudflare Bot Management] [d41d8cd98f00b204e9800998ecf8427e]
http://help.pexels.com:2083 [400] [GET] [text/html] [400 The plain HTTP request was sent to HTTPS port] [cloudflare] [cloudflare] [Cloudflare] [cd58783500d7fa3c58f88eb0ba22f4f8]
http://help.pexels.com:2087 [400] [GET] [text/html] [400 The plain HTTP request was sent to HTTPS port] [cloudflare] [cloudflare] [Cloudflare] [cd58783500d7fa3c58f88eb0ba22f4f8]
http://help.pexels.com:2096 [400] [GET] [text/html] [400 The plain HTTP request was sent to HTTPS port] [cloudflare] [cloudflare] [Cloudflare] [cd58783500d7fa3c58f88eb0ba22f4f8]
http://help.pexels.com:8443 [400] [GET] [text/html] [400 The plain HTTP request was sent to HTTPS port] [cloudflare] [cloudflare] [Cloudflare] [cd58783500d7fa3c58f88eb0ba22f4f8]
http://l.community.pexels.com:2053 [400] [GET] [text/html] [400 The plain HTTP request was sent to HTTPS port] [cloudflare] [cloudflare] [Cloudflare] [20ad84d030031252141ca0b3fc0183f0]
http://l.community.pexels.com:2082 [301] [GET] [] [] [cloudflare] [vhost] [cloudflare] [Cloudflare,Cloudflare Bot Management] [d41d8cd98f00b204e9800998ecf8427e]
http://l.community.pexels.com:2083 [400] [GET] [text/html] [400 The plain HTTP request was sent to HTTPS port] [cloudflare] [cloudflare] [Cloudflare] [20ad84d030031252141ca0b3fc0183f0]
http://l.community.pexels.com:2086 [301] [GET] [] [] [cloudflare] [vhost] [cloudflare] [Cloudflare,Cloudflare Bot Management] [d41d8cd98f00b204e9800998ecf8427e]
http://l.community.pexels.com:2087 [400] [GET] [text/html] [400 The plain HTTP request was sent to HTTPS port] [cloudflare] [cloudflare] [Cloudflare] [cd58783500d7fa3c58f88eb0ba22f4f8]
http://l.community.pexels.com:2095 [301] [GET] [] [] [cloudflare] [vhost] [cloudflare] [Cloudflare,Cloudflare Bot Management] [d41d8cd98f00b204e9800998ecf8427e]
http://l.community.pexels.com:8080 [301] [GET] [] [] [cloudflare] [vhost] [cloudflare] [Cloudflare,Cloudflare Bot Management] [d41d8cd98f00b204e9800998ecf8427e]
http://l.community.pexels.com:8443 [400] [GET] [text/html] [400 The plain HTTP request was sent to HTTPS port] [cloudflare] [cloudflare] [Cloudflare] [cd58783500d7fa3c58f88eb0ba22f4f8]
https://api.pexels.com [404] [GET] [text/html] [404 Not Found] [cloudflare] [vhost] [cloudflare] [Cloudflare,Cloudflare Bot Management] [2a07fb344523c95b938f2cf7b05771c4]
https://api.pexels.com [404] [GET] [text/html] [404 Not Found] [cloudflare] [vhost] [cloudflare] [Cloudflare,Cloudflare Bot Management] [6f079db383195edaee302dfb5bd72b61]
https://api-server.pexels.com [301] [GET] [text/html] [301 Moved Permanently] [cloudflare] [vhost] [cloudflare] [Cloudflare,Cloudflare Bot Management] [42c394b8f0152b372537ace9acc3f7bb]
https://blog.pexels.com [301] [GET] [] [] [cloudflare] [vhost] [cloudflare] [Cloudflare,Cloudflare Bot Management] [d41d8cd98f00b204e9800998ecf8427e]
https://cat.pexels.com [301] [GET] [text/html] [301 Moved Permanently] [cloudflare] [vhost] [cloudflare] [Cloudflare,Cloudflare Bot Management] [42c394b8f0152b372537ace9acc3f7bb]
https://e.community.pexels.com:2053 [403] [GET] [text/html] [CNAME Cross-User Banned | Cloudflare] [cloudflare] [vhost] [cloudflare] [Cloudflare] [e57935be061a97bb67ba1bd6af7c82d1]
https://e.community.pexels.com:2083 [403] [GET] [text/html] [CNAME Cross-User Banned | Cloudflare] [cloudflare] [vhost] [cloudflare] [Cloudflare] [c59bebcba6f8d5f7b0bc31b7e3777623]
https://e.community.pexels.com:2087 [403] [GET] [text/html] [CNAME Cross-User Banned | Cloudflare] [cloudflare] [vhost] [cloudflare] [Cloudflare] [9f3eb8de858dd67ed9a8e8c1f2772890]
https://e.community.pexels.com [403] [GET] [text/html] [CNAME Cross-User Banned | Cloudflare] [cloudflare] [vhost] [cloudflare] [Cloudflare] [04bc4c55c036d9de4c3c5d609473055a]
https://e.community.pexels.com [403] [GET] [text/html] [CNAME Cross-User Banned | Cloudflare] [cloudflare] [vhost] [cloudflare] [Cloudflare] [6ceeab47b301c26393448d8fba1ba3a6]
https://e.community.pexels.com:8443 [403] [GET] [text/html] [CNAME Cross-User Banned | Cloudflare] [cloudflare] [vhost] [cloudflare] [Cloudflare] [1b9da60e342b06563f0e9015c7dfc513]
https://elephant.pexels.com [401] [GET] [text/html] [401 Authorization Required] [cloudflare] [vhost] [cloudflare] [Basic,Cloudflare,Cloudflare Bot Management] [5f9abc36a8403e781d583eda39841fe1]
https://elephant.pexels.com [401] [GET] [text/html] [401 Authorization Required] [cloudflare] [vhost] [cloudflare] [Basic,Cloudflare,Cloudflare Bot Management] [cd5522c5c71b65ac06d7f57766e88eca]
https://email.pexels.com [404] [GET] [text/plain] [] [] [google] [595e88012a6521aae3e12cbebe76eb9e]
https://flamingo.pexels.com [401] [GET] [text/html] [401 Authorization Required] [cloudflare] [vhost] [cloudflare] [Basic,Cloudflare,Cloudflare Bot Management] [05507bbedb068745bcbf7254c715a56f]
https://flamingo.pexels.com [401] [GET] [text/html] [401 Authorization Required] [cloudflare] [vhost] [cloudflare] [Basic,Cloudflare,Cloudflare Bot Management] [26c656e73cc8e1a3b13dc1bcea3088c0]
https://help.pexels.com [301] [GET] [text/html] [] [cloudflare] [vhost] [cloudflare] [Cloudflare,Cloudflare Network Error Logging,Zendesk] [d71838e0356e3801c5b1c0d667772fb4]
https://images.pexels.com [200] [GET] [text/html] [imgix - Image Processing On-Demand, Served By CDN] [cloudflare] [vhost] [cloudflare] [Cloudflare,Cloudflare Bot Management,Fastly] [90ccf062b6f99304b8f2152290d30b2b]
https://images.pexels.com [200] [GET] [text/html] [imgix - Image Processing On-Demand, Served By CDN] [cloudflare] [vhost] [cloudflare] [Cloudflare,Cloudflare Bot Management,Fastly] [a9b256ddbcabd4190a28670f423ddb3c]
https://kibana.pexels.com [530] [GET] [text/html] [Origin DNS error | kibana.pexels.com | Cloudflare] [cloudflare] [vhost] [cloudflare] [Cloudflare] [4610138bfb35c5b133b42a60a1dd5e71]
https://kibana.pexels.com [530] [GET] [text/html] [Origin DNS error | kibana.pexels.com | Cloudflare] [cloudflare] [vhost] [cloudflare] [Cloudflare] [b40e244f6c28abb8ac59f513d0099492]
https://l.community.pexels.com [404] [GET] [text/html] [404 Not Found] [cloudflare] [vhost] [cloudflare] [Cloudflare,Cloudflare Bot Management] [1d08a279f20693c2887391dcb98134a5]
https://l.community.pexels.com [404] [GET] [text/html] [404 Not Found] [cloudflare] [vhost] [cloudflare] [Cloudflare,Cloudflare Bot Management] [620f8a1983730b349e846d932bfc716a]
https://lion.pexels.com [401] [GET] [text/html] [401 Authorization Required] [cloudflare] [vhost] [cloudflare] [Basic,Cloudflare,Cloudflare Bot Management] [5b26e5fdc5d9b0a1b3ef584a7424becf]
https://lion.pexels.com [401] [GET] [text/html] [401 Authorization Required] [cloudflare] [vhost] [cloudflare] [Basic,Cloudflare,Cloudflare Bot Management] [d603dc38372fbba55a68478bac025cef]
https://mantis.pexels.com [401] [GET] [text/html] [401 Authorization Required] [cloudflare] [vhost] [cloudflare] [Basic,Cloudflare,Cloudflare Bot Management] [08f5d31ec4aa28ad8f0fd3cbf9749eb0]
https://mantis.pexels.com [401] [GET] [text/html] [401 Authorization Required] [cloudflare] [vhost] [cloudflare] [Basic,Cloudflare,Cloudflare Bot Management] [1a93c4db5c8520bbea185521cf2678fe]
https://newsletter.pexels.com [301] [GET] [text/html] [] [cloudflare] [vhost] [cloudflare] [Cloudflare,Cloudflare Bot Management,Heroku,PHP:5.6.7] [d41d8cd98f00b204e9800998ecf8427e]
https://o2986.e.community.pexels.com [403] [GET] [text/html] [403 Forbidden] [cloudflare] [cloudflare] [Cloudflare] [c371fa8374a06a3c0535fc341d454236]
https://platypus.pexels.com [401] [GET] [text/html] [401 Authorization Required] [cloudflare] [vhost] [cloudflare] [Basic,Cloudflare,Cloudflare Bot Management] [6bdaba37435029253083f4fcc4ff765b]
https://platypus.pexels.com [401] [GET] [text/html] [401 Authorization Required] [cloudflare] [vhost] [cloudflare] [Basic,Cloudflare,Cloudflare Bot Management] [90562f2765c2d478d38a038bc9ef178e]
https://reacta.pexels.com [401] [GET] [text/plain] [] [cloudflare] [vhost] [cloudflare] [Basic,Cloudflare,Cloudflare Bot Management] [5d5b4ef52218ca790ec5a0e5213cf9a4]
https://reactb.pexels.com [401] [GET] [text/plain] [] [cloudflare] [vhost] [cloudflare] [Basic,Cloudflare,Cloudflare Bot Management] [5d5b4ef52218ca790ec5a0e5213cf9a4]
https://react.pexels.com [200] [GET] [text/html] [Free Stock Photos, Royalty Free Stock Images & Copyright Free Pictures · Pexels] [cloudflare] [vhost] [cloudflare] [Cloudflare,Cloudflare Bot Management,Next.js,Node.js,React,webpack] [51211c974faa6d1c00d2d6e3c65fd060]
https://react.pexels.com [200] [GET] [text/html] [Free Stock Photos, Royalty Free Stock Images & Copyright Free Pictures · Pexels] [cloudflare] [vhost] [cloudflare] [Cloudflare,Cloudflare Bot Management,Next.js,Node.js,React,webpack] [b677ead9ceb025921baa6500dad19731]
https://staging.pexels.com [401] [GET] [text/html] [401 Authorization Required] [cloudflare] [vhost] [cloudflare] [Basic,Cloudflare,Cloudflare Bot Management] [13d5f88c8f436e402f92a766f2e799b1]
https://staging.pexels.com [401] [GET] [text/html] [401 Authorization Required] [cloudflare] [vhost] [cloudflare] [Basic,Cloudflare,Cloudflare Bot Management] [b3f9d882eb52d00e8f8c4fada8f2df6f]
https://static.pexels.com [301] [GET] [] [] [cloudflare] [vhost] [cloudflare] [Cloudflare,Cloudflare Bot Management] [d41d8cd98f00b204e9800998ecf8427e]
https://static-videos.pexels.com [200] [GET] [text/html] [imgix - Image Processing On-Demand, Served By CDN] [cloudflare] [vhost] [cloudflare] [Cloudflare,Cloudflare Bot Management,Fastly] [08b25201987f889e02aa0c7b93e5d7e3]
https://static-videos.pexels.com [200] [GET] [text/html] [imgix - Image Processing On-Demand, Served By CDN] [cloudflare] [vhost] [cloudflare] [Cloudflare,Cloudflare Bot Management,Fastly] [619c43e570be7287b88ef150b348a388]
https://www.pexels.com [403] [GET] [text/html] [Just a moment...] [cloudflare] [vhost] [cloudflare] [Cloudflare,Cloudflare Bot Management] [357d37a2a62d47cf10c6441974f39954]
https://www.pexels.com [403] [GET] [text/html] [Please Wait... | Cloudflare] [cloudflare] [vhost] [cloudflare] [Cloudflare,Cloudflare Bot Management] [468a51fcb3c8f9c3e233d241482f2a6a]
https://zoomapp.pexels.com [200] [GET] [text/html] [] [cloudflare] [vhost] [cloudflare] [Amazon Web Services,Cloudflare,Cloudflare Bot Management] [5cedac5a3c32f95483a7ebb4bdf4b92d]
https://zoomapp.pexels.com [200] [GET] [text/html] [] [cloudflare] [vhost] [cloudflare] [Amazon Web Services,Cloudflare,Cloudflare Bot Management] [c2edb6ceda80da30752854721392fdd5]
