http://admin.polkastarter.com:2083 [400] [GET] [text/html] [400 The plain HTTP request was sent to HTTPS port] [cloudflare] [cloudflare] [Cloudflare] [cd58783500d7fa3c58f88eb0ba22f4f8]
http://admin.polkastarter.com:2086 [301] [GET] [] [] [cloudflare] [vhost] [cloudflare] [Cloudflare] [d41d8cd98f00b204e9800998ecf8427e]
http://admin.polkastarter.com:2087 [400] [GET] [text/html] [400 The plain HTTP request was sent to HTTPS port] [cloudflare] [cloudflare] [Cloudflare] [20ad84d030031252141ca0b3fc0183f0]
http://admin.polkastarter.com:2095 [301] [GET] [] [] [cloudflare] [vhost] [cloudflare] [Cloudflare] [d41d8cd98f00b204e9800998ecf8427e]
http://admin.polkastarter.com:2096 [400] [GET] [text/html] [400 The plain HTTP request was sent to HTTPS port] [cloudflare] [cloudflare] [Cloudflare] [cd58783500d7fa3c58f88eb0ba22f4f8]
http://admin.polkastarter.com:8080 [301] [GET] [] [] [cloudflare] [vhost] [cloudflare] [Cloudflare] [d41d8cd98f00b204e9800998ecf8427e]
http://admin.polkastarter.com:8443 [400] [GET] [text/html] [400 The plain HTTP request was sent to HTTPS port] [cloudflare] [cloudflare] [Cloudflare] [20ad84d030031252141ca0b3fc0183f0]
http://admin.polkastarter.com:8880 [301] [GET] [] [] [cloudflare] [vhost] [cloudflare] [Cloudflare] [d41d8cd98f00b204e9800998ecf8427e]
http://api.polkastarter.com:2083 [400] [GET] [text/html] [400 The plain HTTP request was sent to HTTPS port] [cloudflare] [cloudflare] [Cloudflare] [cd58783500d7fa3c58f88eb0ba22f4f8]
http://api.polkastarter.com:2087 [400] [GET] [text/html] [400 The plain HTTP request was sent to HTTPS port] [cloudflare] [cloudflare] [Cloudflare] [20ad84d030031252141ca0b3fc0183f0]
http://applications.polkastarter.com:2083 [400] [GET] [text/html] [400 The plain HTTP request was sent to HTTPS port] [cloudflare] [cloudflare] [Cloudflare] [20ad84d030031252141ca0b3fc0183f0]
http://applications.polkastarter.com:2087 [400] [GET] [text/html] [400 The plain HTTP request was sent to HTTPS port] [cloudflare] [cloudflare] [Cloudflare] [20ad84d030031252141ca0b3fc0183f0]
http://assets.polkastarter.com:2083 [400] [GET] [text/html] [400 The plain HTTP request was sent to HTTPS port] [cloudflare] [cloudflare] [Cloudflare] [20ad84d030031252141ca0b3fc0183f0]
http://assets.polkastarter.com:2087 [400] [GET] [text/html] [400 The plain HTTP request was sent to HTTPS port] [cloudflare] [cloudflare] [Cloudflare] [cd58783500d7fa3c58f88eb0ba22f4f8]
http://assets.polkastarter.com:8443 [400] [GET] [text/html] [400 The plain HTTP request was sent to HTTPS port] [cloudflare] [cloudflare] [Cloudflare] [cd58783500d7fa3c58f88eb0ba22f4f8]
http://cname4.polkastarter.com:2083 [400] [GET] [text/html] [400 The plain HTTP request was sent to HTTPS port] [cloudflare] [cloudflare] [Cloudflare] [cd58783500d7fa3c58f88eb0ba22f4f8]
http://cname4.polkastarter.com:2087 [400] [GET] [text/html] [400 The plain HTTP request was sent to HTTPS port] [cloudflare] [cloudflare] [Cloudflare] [cd58783500d7fa3c58f88eb0ba22f4f8]
http://demo.polkastarter.com:2083 [400] [GET] [text/html] [400 The plain HTTP request was sent to HTTPS port] [cloudflare] [cloudflare] [Cloudflare] [20ad84d030031252141ca0b3fc0183f0]
http://demo.polkastarter.com:2087 [400] [GET] [text/html] [400 The plain HTTP request was sent to HTTPS port] [cloudflare] [cloudflare] [Cloudflare] [cd58783500d7fa3c58f88eb0ba22f4f8]
http://dev-admin.polkastarter.com:2053 [400] [GET] [text/html] [400 The plain HTTP request was sent to HTTPS port] [cloudflare] [cloudflare] [Cloudflare] [cd58783500d7fa3c58f88eb0ba22f4f8]
http://dev-admin.polkastarter.com:2083 [400] [GET] [text/html] [400 The plain HTTP request was sent to HTTPS port] [cloudflare] [cloudflare] [Cloudflare] [cd58783500d7fa3c58f88eb0ba22f4f8]
http://dev-admin.polkastarter.com:2087 [400] [GET] [text/html] [400 The plain HTTP request was sent to HTTPS port] [cloudflare] [cloudflare] [Cloudflare] [cd58783500d7fa3c58f88eb0ba22f4f8]
http://dev-admin.polkastarter.com:8443 [400] [GET] [text/html] [400 The plain HTTP request was sent to HTTPS port] [cloudflare] [cloudflare] [Cloudflare] [20ad84d030031252141ca0b3fc0183f0]
http://dev-api.polkastarter.com:2087 [400] [GET] [text/html] [400 The plain HTTP request was sent to HTTPS port] [cloudflare] [cloudflare] [Cloudflare] [cd58783500d7fa3c58f88eb0ba22f4f8]
http://docs.polkastarter.com:2082 [302] [GET] [] [] [cloudflare] [vhost] [cloudflare] [Cloudflare] [d41d8cd98f00b204e9800998ecf8427e]
http://docs.polkastarter.com:2086 [302] [GET] [] [] [cloudflare] [vhost] [cloudflare] [Cloudflare] [d41d8cd98f00b204e9800998ecf8427e]
http://docs.polkastarter.com:8080 [302] [GET] [] [] [cloudflare] [vhost] [cloudflare] [Cloudflare] [d41d8cd98f00b204e9800998ecf8427e]
http://docs.polkastarter.com:8880 [302] [GET] [] [] [cloudflare] [vhost] [cloudflare] [Cloudflare] [d41d8cd98f00b204e9800998ecf8427e]
http://dosetoken.polkastarter.com:2083 [400] [GET] [text/html] [400 The plain HTTP request was sent to HTTPS port] [cloudflare] [cloudflare] [Cloudflare] [20ad84d030031252141ca0b3fc0183f0]
http://dosetoken.polkastarter.com:2087 [400] [GET] [text/html] [400 The plain HTTP request was sent to HTTPS port] [cloudflare] [cloudflare] [Cloudflare] [cd58783500d7fa3c58f88eb0ba22f4f8]
http://gaming.polkastarter.com:2086 [301] [GET] [] [] [cloudflare] [vhost] [cloudflare] [Cloudflare] [d41d8cd98f00b204e9800998ecf8427e]
http://gaming.polkastarter.com:2095 [301] [GET] [] [] [cloudflare] [vhost] [cloudflare] [Cloudflare] [d41d8cd98f00b204e9800998ecf8427e]
http://gaming.polkastarter.com:8080 [301] [GET] [] [] [cloudflare] [vhost] [cloudflare] [Cloudflare] [d41d8cd98f00b204e9800998ecf8427e]
http://gaming.polkastarter.com:8880 [301] [GET] [] [] [cloudflare] [vhost] [cloudflare] [Cloudflare] [d41d8cd98f00b204e9800998ecf8427e]
http://handbook.polkastarter.com:2086 [301] [GET] [] [] [cloudflare] [vhost] [cloudflare] [Cloudflare] [d41d8cd98f00b204e9800998ecf8427e]
http://handbook.polkastarter.com:2095 [301] [GET] [] [] [cloudflare] [vhost] [cloudflare] [Cloudflare] [d41d8cd98f00b204e9800998ecf8427e]
http://handbook.polkastarter.com:8080 [301] [GET] [] [] [cloudflare] [vhost] [cloudflare] [Cloudflare] [d41d8cd98f00b204e9800998ecf8427e]
http://handbook.polkastarter.com:8880 [301] [GET] [] [] [cloudflare] [vhost] [cloudflare] [Cloudflare] [d41d8cd98f00b204e9800998ecf8427e]
http://legendfantasywar.polkastarter.com:2083 [400] [GET] [text/html] [400 The plain HTTP request was sent to HTTPS port] [cloudflare] [cloudflare] [Cloudflare] [cd58783500d7fa3c58f88eb0ba22f4f8]
http://liquidity.polkastarter.com:2083 [400] [GET] [text/html] [400 The plain HTTP request was sent to HTTPS port] [cloudflare] [cloudflare] [Cloudflare] [cd58783500d7fa3c58f88eb0ba22f4f8]
http://liquidity.polkastarter.com:2087 [400] [GET] [text/html] [400 The plain HTTP request was sent to HTTPS port] [cloudflare] [cloudflare] [Cloudflare] [cd58783500d7fa3c58f88eb0ba22f4f8]
http://metabase.polkastarter.com [200] [GET] [text/html] [] [Apache/2.4.41 (Ubuntu)] [Apache:2.4.41,Ubuntu] [cae018230a01717a1e2b29164c81fe11]
http://moonbeam.polkastarter.com:2083 [400] [GET] [text/html] [400 The plain HTTP request was sent to HTTPS port] [cloudflare] [cloudflare] [Cloudflare] [20ad84d030031252141ca0b3fc0183f0]
http://moonbeam.polkastarter.com:2087 [400] [GET] [text/html] [400 The plain HTTP request was sent to HTTPS port] [cloudflare] [cloudflare] [Cloudflare] [cd58783500d7fa3c58f88eb0ba22f4f8]
http://mucho.applications.polkastarter.com:2083 [400] [GET] [text/html] [400 The plain HTTP request was sent to HTTPS port] [cloudflare] [cloudflare] [Cloudflare] [cd58783500d7fa3c58f88eb0ba22f4f8]
http://mucho.applications.polkastarter.com:2087 [400] [GET] [text/html] [400 The plain HTTP request was sent to HTTPS port] [cloudflare] [cloudflare] [Cloudflare] [20ad84d030031252141ca0b3fc0183f0]
http://mucho.applications.polkastarter.com:2096 [400] [GET] [text/html] [400 The plain HTTP request was sent to HTTPS port] [cloudflare] [cloudflare] [Cloudflare] [cd58783500d7fa3c58f88eb0ba22f4f8]
http://mucho.applications.polkastarter.com [520] [GET] [] [] [cloudflare] [cloudflare] [Cloudflare] [d41d8cd98f00b204e9800998ecf8427e]
http://mucho.applications.polkastarter.com:8443 [400] [GET] [text/html] [400 The plain HTTP request was sent to HTTPS port] [cloudflare] [cloudflare] [Cloudflare] [cd58783500d7fa3c58f88eb0ba22f4f8]
http://polkastarter.com:2082 [301] [GET] [] [] [cloudflare] [vhost] [cloudflare] [Cloudflare] [d41d8cd98f00b204e9800998ecf8427e]
http://polkastarter.com:2083 [400] [GET] [text/html] [400 The plain HTTP request was sent to HTTPS port] [cloudflare] [cloudflare] [Cloudflare] [cd58783500d7fa3c58f88eb0ba22f4f8]
http://polkastarter.com:2086 [301] [GET] [] [] [cloudflare] [vhost] [cloudflare] [Cloudflare] [d41d8cd98f00b204e9800998ecf8427e]
http://polkastarter.com:2087 [400] [GET] [text/html] [400 The plain HTTP request was sent to HTTPS port] [cloudflare] [cloudflare] [Cloudflare] [cd58783500d7fa3c58f88eb0ba22f4f8]
http://polkastarter.com:2095 [301] [GET] [] [] [cloudflare] [vhost] [cloudflare] [Cloudflare] [d41d8cd98f00b204e9800998ecf8427e]
http://polkastarter.com:8080 [301] [GET] [] [] [cloudflare] [vhost] [cloudflare] [Cloudflare] [d41d8cd98f00b204e9800998ecf8427e]
https://admin.polkastarter.com [200] [GET] [text/html] [Decentralized protocol for launching new ideas | Polkastarter] [cloudflare] [vhost] [cloudflare] [Cloudflare,Heroku,Ruby,Ruby on Rails,Stimulus] [189b217245c4191deefc63b76ee6d9fd]
https://admin.polkastarter.com [200] [GET] [text/html] [Decentralized protocol for launching new ideas | Polkastarter] [cloudflare] [vhost] [cloudflare] [Cloudflare,Heroku,Ruby,Ruby on Rails,Stimulus] [458bb520d963a3ff9f5688cc167a0475]
https://analytics.polkastarter.com [200] [GET] [text/html] [Polkastarter Analytics] [nginx/1.18.0 (Ubuntu)] [vhost] [Google Font API,Nginx:1.18.0,Ubuntu] [7258ac46825d9c20d51d5b53c7e23485]
https://api.polkastarter.com [404] [GET] [text/html] [The page you were looking for doesn't exist (404)] [cloudflare] [vhost] [cloudflare] [Cloudflare,Heroku] [03ce94effe9dcb202b41eefc9fedcbfb]
https://api.polkastarter.com [404] [GET] [text/html] [The page you were looking for doesn't exist (404)] [cloudflare] [vhost] [cloudflare] [Cloudflare,Heroku] [ee795f155760b868aaddd71d79cf7b37]
https://applications.polkastarter.com [200] [GET] [text/html] [Decentralized protocol for launching new ideas | Polkastarter] [cloudflare] [vhost] [cloudflare] [Cloudflare,Heroku,Ruby,Ruby on Rails,Stimulus] [6320f9b4aec84ad765238422f2a1d629]
https://applications.polkastarter.com [200] [GET] [text/html] [Decentralized protocol for launching new ideas | Polkastarter] [cloudflare] [vhost] [cloudflare] [Cloudflare,Heroku,Ruby,Ruby on Rails,Stimulus] [aa504b2a9b521d9917966664e99d7bde]
https://assets.polkastarter.com:2096 [403] [GET] [text/plain] [] [cloudflare] [vhost] [cloudflare] [Cloudflare] [4f20b85ce5ebf225720e040314a7966a]
https://assets.polkastarter.com [403] [GET] [application/xml] [] [cloudflare] [vhost] [cloudflare] [Cloudflare] [e7a9350210b4dba641f6020447c96045]
https://blog.polkastarter.com [200] [GET] [text/html] [Polkastarter Blog - Latest Polkastarter News & IDO Updates] [cloudflare] [vhost] [cloudflare] [Cloudflare,Fastly,Ghost:4.48,Google Font API,Node.js,Varnish] [3bd3a64ec9f37765d3618757d18794e4]
https://blog.polkastarter.com [200] [GET] [text/html] [Polkastarter Blog - Latest Polkastarter News & IDO Updates] [cloudflare] [vhost] [cloudflare] [Cloudflare,Fastly,Ghost:4.48,Google Font API,Node.js,Varnish] [5fe4c4e5a50b3be7ff41d78a5cbb9fdf]
https://careers.polkastarter.com [301] [GET] [text/html] [] [] [vhost] [google] [1f9a13fd9eb54063e21b690fc91c0271]
https://cname2.polkastarter.com [200] [GET] [text/html] [] [Cowboy] [vhost] [Cowboy,Heroku,Ruby,Ruby on Rails,Stimulus] [35430309278c99019da0af4b8a1114a9]
https://cname2.polkastarter.com [200] [GET] [text/html] [] [Cowboy] [vhost] [Cowboy,Heroku,Ruby,Ruby on Rails,Stimulus] [cf6cbd723caa866d0b6145696f9fc014]
https://cname3.polkastarter.com [503] [GET] [text/html] [Offline for Maintenance] [Cowboy] [vhost] [Cowboy] [a0a688f0affaaa3e52492251fd966a1c]
https://cname4.polkastarter.com [525] [GET] [] [] [cloudflare] [vhost] [cloudflare] [Cloudflare] [d41d8cd98f00b204e9800998ecf8427e]
https://community.polkastarter.com [301] [GET] [] [] [] [vhost] [d41d8cd98f00b204e9800998ecf8427e]
https://demo.polkastarter.com [404] [GET] [text/plain] [] [cloudflare] [vhost] [cloudflare] [Cloudflare,Vercel] [4d26cc19eabf6a98b7d3647f7002c9cf]
https://dev-admin.polkastarter.com [503] [GET] [text/html] [Offline for Maintenance] [cloudflare] [vhost] [cloudflare] [Cloudflare] [079776495b98d9bc5e30dd15b752b2c6]
https://dev-api.polkastarter.com [503] [GET] [text/html] [Offline for Maintenance] [cloudflare] [vhost] [cloudflare] [Cloudflare] [b1ccede3ba9165c640e579b05a5b293b]
https://dev-api.polkastarter.com [503] [GET] [text/html] [Offline for Maintenance] [cloudflare] [vhost] [cloudflare] [Cloudflare] [d4ed9dc9c6846a744c155df3403fbe63]
https://docs.polkastarter.com [200] [GET] [text/html] [Home - Polkastarter Documentation] [cloudflare] [vhost] [cloudflare] [Algolia,Cloudflare,Google Cloud,Google Cloud Trace,React] [c29ac129dfd90e4757116847e6640ba8]
https://docs.polkastarter.com:2083 [403] [GET] [text/html] [Attention Required! | Cloudflare] [cloudflare] [vhost] [cloudflare] [Cloudflare] [be112d5e987321678d30eea70d4a23fb]
https://docs.polkastarter.com:2087 [200] [GET] [text/html] [Home - Polkastarter Documentation] [cloudflare] [vhost] [cloudflare] [Algolia,Cloudflare,Google Cloud,Google Cloud Trace,React] [eb15f18c1155ee276359b428b17f7e65]
https://docs.polkastarter.com:8443 [200] [GET] [text/html] [Home - Polkastarter Documentation] [cloudflare] [vhost] [cloudflare] [Algolia,Cloudflare,Google Cloud,Google Cloud Trace,React] [14a8787575b9d06d7c4efd41564158ad]
https://dosetoken.polkastarter.com [403] [GET] [text/plain] [] [cloudflare] [vhost] [cloudflare] [Cloudflare] [4f20b85ce5ebf225720e040314a7966a]
https://dosetoken.polkastarter.com [525] [GET] [] [] [cloudflare] [vhost] [cloudflare] [Cloudflare] [d41d8cd98f00b204e9800998ecf8427e]
https://forum.polkastarter.com [200] [GET] [text/html] [Polkastarter] [nginx] [vhost] [Discourse,Nginx,Ruby on Rails] [a3c8251cfe00992f67ea5fe32673f2fc]
https://forum.polkastarter.com [200] [GET] [text/html] [Polkastarter] [nginx] [vhost] [Discourse,Nginx,Ruby on Rails] [be615db0c4f500bde1c7499c89a895db]
https://gaming.polkastarter.com:2083 [301] [GET] [] [] [cloudflare] [vhost] [cloudflare] [Cloudflare] [d41d8cd98f00b204e9800998ecf8427e]
https://gaming.polkastarter.com:2087 [301] [GET] [] [] [cloudflare] [vhost] [cloudflare] [Cloudflare] [d41d8cd98f00b204e9800998ecf8427e]
https://gaming.polkastarter.com:2096 [301] [GET] [] [] [cloudflare] [vhost] [cloudflare] [Cloudflare] [d41d8cd98f00b204e9800998ecf8427e]
https://gaming.polkastarter.com [301] [GET] [] [] [cloudflare] [vhost] [cloudflare] [Cloudflare] [d41d8cd98f00b204e9800998ecf8427e]
https://gaming.polkastarter.com:8443 [301] [GET] [] [] [cloudflare] [vhost] [cloudflare] [Cloudflare] [d41d8cd98f00b204e9800998ecf8427e]
https://governance.polkastarter.com [200] [GET] [text/html] [Polkastarter Governance] [Cowboy] [vhost] [Cowboy,Google Font API,Heroku,Ruby,Ruby on Rails] [470ca648a4162f61eb4e25b71a1ec50b]
https://governance.polkastarter.com [200] [GET] [text/html] [Polkastarter Governance] [Cowboy] [vhost] [Cowboy,Google Font API,Heroku,Ruby,Ruby on Rails] [471351a7e543ee216d9ac04bbe247089]
https://handbook.polkastarter.com:2083 [302] [GET] [] [] [cloudflare] [vhost] [cloudflare] [Cloudflare] [d41d8cd98f00b204e9800998ecf8427e]
https://handbook.polkastarter.com:2087 [302] [GET] [] [] [cloudflare] [vhost] [cloudflare] [Cloudflare] [d41d8cd98f00b204e9800998ecf8427e]
https://handbook.polkastarter.com:2096 [302] [GET] [] [] [cloudflare] [vhost] [cloudflare] [Cloudflare] [d41d8cd98f00b204e9800998ecf8427e]
https://handbook.polkastarter.com [302] [GET] [] [] [cloudflare] [vhost] [cloudflare] [Cloudflare] [d41d8cd98f00b204e9800998ecf8427e]
https://handbook.polkastarter.com:8443 [302] [GET] [] [] [cloudflare] [vhost] [cloudflare] [Cloudflare] [d41d8cd98f00b204e9800998ecf8427e]
https://legendfantasywar.polkastarter.com:2087 [403] [GET] [text/html] [Polkastarter - Protocol built for cross-chain token pools] [cloudflare] [vhost] [cloudflare] [Cloudflare] [466462fa96d27797c29319e1ff317f9a]
https://legendfantasywar.polkastarter.com [525] [GET] [] [] [cloudflare] [vhost] [cloudflare] [Cloudflare] [d41d8cd98f00b204e9800998ecf8427e]
https://liquidity.polkastarter.com [403] [GET] [text/plain] [] [cloudflare] [vhost] [cloudflare] [Cloudflare] [7b5ea53ba332630e5aca8e4abb807f70]
https://liquidity.polkastarter.com [520] [GET] [] [] [cloudflare] [vhost] [cloudflare] [Cloudflare] [d41d8cd98f00b204e9800998ecf8427e]
https://moonbeam.polkastarter.com [520] [GET] [] [] [cloudflare] [vhost] [cloudflare] [Cloudflare] [d41d8cd98f00b204e9800998ecf8427e]
https://polkastarter.com [200] [GET] [text/html] [Decentralized protocol for launching new ideas | Polkastarter] [cloudflare] [vhost] [cloudflare] [Cloudflare,React,Vercel] [d3d3b8e0b9888591d2b78c9ae32b21e7]
https://polkastarter.com [200] [GET] [text/html] [Decentralized protocol for launching new ideas | Polkastarter] [cloudflare] [vhost] [cloudflare] [Cloudflare,React,Vercel] [e38d0b562028152c0da2e09c3484c9e5]
https://poolside.polkastarter.com [200] [GET] [text/html] [Poolside with Polkastarter | Blockchain Podcast] [openresty] [Fastly,Nginx,OpenResty,Varnish,Webflow] [d7aa0709547075e5a5c376b8c7f4b085]
https://scan.polkastarter.com [302] [GET] [text/html] [] [Cowboy] [vhost] [Cowboy,Heroku] [511a338a9f7f6952d7fece78b1868431]
https://scan-stage.polkastarter.com [302] [GET] [text/html] [] [Cowboy] [vhost] [Cowboy,Heroku] [33850ea995880bb895c0f572b1abe633]
https://staging-admin.polkastarter.com:2083 [302] [GET] [] [] [cloudflare] [vhost] [cloudflare] [Cloudflare] [d41d8cd98f00b204e9800998ecf8427e]
https://staging-admin.polkastarter.com:2087 [302] [GET] [] [] [cloudflare] [vhost] [cloudflare] [Cloudflare] [d41d8cd98f00b204e9800998ecf8427e]
https://staging-admin.polkastarter.com [302] [GET] [] [] [cloudflare] [vhost] [cloudflare] [Cloudflare] [d41d8cd98f00b204e9800998ecf8427e]
https://staging-api.polkastarter.com [404] [GET] [text/html] [The page you were looking for doesn't exist (404)] [cloudflare] [vhost] [cloudflare] [Cloudflare,Heroku] [388bcf3fcfc3c0d86bd0f06b8ecd844e]
https://staging-api.polkastarter.com [404] [GET] [text/html] [The page you were looking for doesn't exist (404)] [cloudflare] [vhost] [cloudflare] [Cloudflare,Heroku] [7eff28e676fd541d214312186930e7b5]
https://staging.polkastarter.com:2083 [302] [GET] [] [] [cloudflare] [vhost] [cloudflare] [Cloudflare] [d41d8cd98f00b204e9800998ecf8427e]
https://staging.polkastarter.com:2087 [302] [GET] [] [] [cloudflare] [vhost] [cloudflare] [Cloudflare] [d41d8cd98f00b204e9800998ecf8427e]
https://staging.polkastarter.com:2096 [302] [GET] [] [] [cloudflare] [vhost] [cloudflare] [Cloudflare] [d41d8cd98f00b204e9800998ecf8427e]
https://staging.polkastarter.com [302] [GET] [] [] [cloudflare] [vhost] [cloudflare] [Cloudflare] [d41d8cd98f00b204e9800998ecf8427e]
https://staging.polkastarter.com [403] [GET] [text/plain] [] [cloudflare] [vhost] [cloudflare] [Cloudflare] [4f20b85ce5ebf225720e040314a7966a]
https://staging.polkastarter.com:8443 [302] [GET] [] [] [cloudflare] [vhost] [cloudflare] [Cloudflare] [d41d8cd98f00b204e9800998ecf8427e]
https://support.polkastarter.com [200] [GET] [text/html] [Polkastarter Knowledge Base] [openresty] [vhost] [Google Font API,Nginx,OpenResty,Play,Scala] [5c538bc79395ce08c64a751122b11586]
http://staging-admin.polkastarter.com:2082 [301] [GET] [] [] [cloudflare] [vhost] [cloudflare] [Cloudflare] [d41d8cd98f00b204e9800998ecf8427e]
http://staging-admin.polkastarter.com:2086 [301] [GET] [] [] [cloudflare] [vhost] [cloudflare] [Cloudflare] [d41d8cd98f00b204e9800998ecf8427e]
http://staging-admin.polkastarter.com:2095 [301] [GET] [] [] [cloudflare] [vhost] [cloudflare] [Cloudflare] [d41d8cd98f00b204e9800998ecf8427e]
http://staging-admin.polkastarter.com:8080 [301] [GET] [] [] [cloudflare] [vhost] [cloudflare] [Cloudflare] [d41d8cd98f00b204e9800998ecf8427e]
http://staging-api.polkastarter.com:2083 [400] [GET] [text/html] [400 The plain HTTP request was sent to HTTPS port] [cloudflare] [cloudflare] [Cloudflare] [cd58783500d7fa3c58f88eb0ba22f4f8]
http://staging-api.polkastarter.com:2087 [400] [GET] [text/html] [400 The plain HTTP request was sent to HTTPS port] [cloudflare] [cloudflare] [Cloudflare] [cd58783500d7fa3c58f88eb0ba22f4f8]
http://staging.polkastarter.com:2086 [301] [GET] [] [] [cloudflare] [vhost] [cloudflare] [Cloudflare] [d41d8cd98f00b204e9800998ecf8427e]
http://staging.polkastarter.com:2095 [301] [GET] [] [] [cloudflare] [vhost] [cloudflare] [Cloudflare] [d41d8cd98f00b204e9800998ecf8427e]
http://staging.polkastarter.com:8080 [403] [GET] [text/plain] [] [cloudflare] [cloudflare] [Cloudflare] [4f20b85ce5ebf225720e040314a7966a]
http://staging.polkastarter.com:8880 [301] [GET] [] [] [cloudflare] [vhost] [cloudflare] [Cloudflare] [d41d8cd98f00b204e9800998ecf8427e]
https://testing.polkastarter.com:2083 [530] [GET] [text/html] [Origin DNS error | testing.polkastarter.com | Cloudflare] [cloudflare] [vhost] [cloudflare] [Cloudflare] [2230cef492bf33635dc352bd5aa3c887]
https://testing.polkastarter.com:2087 [530] [GET] [text/html] [Origin DNS error | testing.polkastarter.com | Cloudflare] [cloudflare] [vhost] [cloudflare] [Cloudflare] [ceaf609816f480065478058cd6fffb34]
https://testing.polkastarter.com [530] [GET] [text/html] [Origin DNS error | testing.polkastarter.com | Cloudflare] [cloudflare] [vhost] [cloudflare] [Cloudflare] [425ee31af8a89c3aa1fb808a6ded94b7]
https://testing.polkastarter.com [530] [GET] [text/html] [Origin DNS error | testing.polkastarter.com | Cloudflare] [cloudflare] [vhost] [cloudflare] [Cloudflare] [4a3d131b4f989459a1b2d3f9dbfc3ac3]
https://v2.polkastarter.com [200] [GET] [text/html] [Decentralized protocol for launching new ideas | Polkastarter] [cloudflare] [vhost] [cloudflare] [Cloudflare,Heroku,Ruby,Ruby on Rails,Stimulus] [2e23998bb0ae4e679a4ee50d48003714]
https://v2.polkastarter.com [200] [GET] [text/html] [Decentralized protocol for launching new ideas | Polkastarter] [cloudflare] [vhost] [cloudflare] [Cloudflare,Heroku,Ruby,Ruby on Rails,Stimulus] [cfafed2fc9c8405661d389b3c400d322]
https://v3.polkastarter.com:2083 [301] [GET] [] [] [cloudflare] [vhost] [cloudflare] [Cloudflare] [d41d8cd98f00b204e9800998ecf8427e]
https://v3.polkastarter.com:2087 [301] [GET] [] [] [cloudflare] [vhost] [cloudflare] [Cloudflare] [d41d8cd98f00b204e9800998ecf8427e]
https://v3.polkastarter.com [301] [GET] [] [] [cloudflare] [vhost] [cloudflare] [Cloudflare] [d41d8cd98f00b204e9800998ecf8427e]
https://wonderhero.polkastarter.com [404] [GET] [text/plain] [] [cloudflare] [vhost] [cloudflare] [Cloudflare,Vercel] [4d26cc19eabf6a98b7d3647f7002c9cf]
https://wonderhero.polkastarter.com:8443 [403] [GET] [text/plain] [] [cloudflare] [vhost] [cloudflare] [Cloudflare] [4f20b85ce5ebf225720e040314a7966a]
https://www.polkastarter.com:2053 [301] [GET] [] [] [cloudflare] [vhost] [cloudflare] [Cloudflare] [d41d8cd98f00b204e9800998ecf8427e]
https://www.polkastarter.com:2083 [301] [GET] [] [] [cloudflare] [vhost] [cloudflare] [Cloudflare] [d41d8cd98f00b204e9800998ecf8427e]
https://www.polkastarter.com:2087 [301] [GET] [] [] [cloudflare] [vhost] [cloudflare] [Cloudflare] [d41d8cd98f00b204e9800998ecf8427e]
https://www.polkastarter.com [301] [GET] [] [] [cloudflare] [vhost] [cloudflare] [Cloudflare] [d41d8cd98f00b204e9800998ecf8427e]
https://www.polkastarter.com:8443 [301] [GET] [] [] [cloudflare] [vhost] [cloudflare] [Cloudflare] [d41d8cd98f00b204e9800998ecf8427e]
http://testing.polkastarter.com:2082 [530] [GET] [text/html] [Origin DNS error | testing.polkastarter.com | Cloudflare] [cloudflare] [cloudflare] [Cloudflare] [b24407516ed00d7f915bf83d5da86f44]
http://testing.polkastarter.com:2086 [530] [GET] [text/html] [Origin DNS error | testing.polkastarter.com | Cloudflare] [cloudflare] [cloudflare] [Cloudflare] [a072e0c6892ff48da2271b8cae1bb0a5]
http://testing.polkastarter.com:2095 [530] [GET] [text/html] [Origin DNS error | testing.polkastarter.com | Cloudflare] [cloudflare] [cloudflare] [Cloudflare] [1b4dce7b93606906a7d91f98cc28b825]
http://testing.polkastarter.com:8080 [530] [GET] [text/html] [Origin DNS error | testing.polkastarter.com | Cloudflare] [cloudflare] [cloudflare] [Cloudflare] [91b8141536143288ced54e0c9545db1b]
http://v2.polkastarter.com:2083 [400] [GET] [text/html] [400 The plain HTTP request was sent to HTTPS port] [cloudflare] [cloudflare] [Cloudflare] [cd58783500d7fa3c58f88eb0ba22f4f8]
http://v2.polkastarter.com:2086 [301] [GET] [] [] [cloudflare] [vhost] [cloudflare] [Cloudflare] [d41d8cd98f00b204e9800998ecf8427e]
http://v2.polkastarter.com:2087 [400] [GET] [text/html] [400 The plain HTTP request was sent to HTTPS port] [cloudflare] [cloudflare] [Cloudflare] [20ad84d030031252141ca0b3fc0183f0]
http://v2.polkastarter.com:2095 [301] [GET] [] [] [cloudflare] [vhost] [cloudflare] [Cloudflare] [d41d8cd98f00b204e9800998ecf8427e]
http://v2.polkastarter.com:2096 [400] [GET] [text/html] [400 The plain HTTP request was sent to HTTPS port] [cloudflare] [cloudflare] [Cloudflare] [cd58783500d7fa3c58f88eb0ba22f4f8]
http://v2.polkastarter.com:8080 [301] [GET] [] [] [cloudflare] [vhost] [cloudflare] [Cloudflare] [d41d8cd98f00b204e9800998ecf8427e]
http://v2.polkastarter.com:8443 [400] [GET] [text/html] [400 The plain HTTP request was sent to HTTPS port] [cloudflare] [cloudflare] [Cloudflare] [cd58783500d7fa3c58f88eb0ba22f4f8]
http://v2.polkastarter.com:8880 [301] [GET] [] [] [cloudflare] [vhost] [cloudflare] [Cloudflare] [d41d8cd98f00b204e9800998ecf8427e]
http://wonderhero.polkastarter.com:2053 [400] [GET] [text/html] [400 The plain HTTP request was sent to HTTPS port] [cloudflare] [cloudflare] [Cloudflare] [cd58783500d7fa3c58f88eb0ba22f4f8]
http://wonderhero.polkastarter.com:2083 [400] [GET] [text/html] [400 The plain HTTP request was sent to HTTPS port] [cloudflare] [cloudflare] [Cloudflare] [20ad84d030031252141ca0b3fc0183f0]
http://wonderhero.polkastarter.com:2087 [400] [GET] [text/html] [400 The plain HTTP request was sent to HTTPS port] [cloudflare] [cloudflare] [Cloudflare] [cd58783500d7fa3c58f88eb0ba22f4f8]
http://www.polkastarter.com:2082 [301] [GET] [] [] [cloudflare] [vhost] [cloudflare] [Cloudflare] [d41d8cd98f00b204e9800998ecf8427e]
http://www.polkastarter.com:2086 [301] [GET] [] [] [cloudflare] [vhost] [cloudflare] [Cloudflare] [d41d8cd98f00b204e9800998ecf8427e]
http://www.polkastarter.com:2095 [301] [GET] [] [] [cloudflare] [vhost] [cloudflare] [Cloudflare] [d41d8cd98f00b204e9800998ecf8427e]
http://www.polkastarter.com:8080 [301] [GET] [] [] [cloudflare] [vhost] [cloudflare] [Cloudflare] [d41d8cd98f00b204e9800998ecf8427e]
