http://app-reviews.popjam.com [200] [GET] [text/html] [] [AmazonS3] [vhost] [Amazon S3,Amazon Web Services,Google Font API] [c26fcd3337b36d6ae1c5e5100cfd498b]
http://download.popjam.com [301] [GET] [] [] [AmazonS3] [vhost] [Amazon S3,Amazon Web Services] [d41d8cd98f00b204e9800998ecf8427e]
http://popjam.com [301] [GET] [] [] [AmazonS3] [vhost] [Amazon S3,Amazon Web Services] [d41d8cd98f00b204e9800998ecf8427e]
https://admin2.popjam.com [404] [GET] [text/plain] [] [] [595e88012a6521aae3e12cbebe76eb9e]
https://admin2.staging.popjam.com [403] [GET] [text/html] [403 Forbidden] [awselb/2.0] [2e40045efe5134ada9942798c090d269]
https://admin2.staging.popjam.com [403] [GET] [text/html] [403 Forbidden] [awselb/2.0] [bad2e8579dcdb79399aac2064216a37d]
https://api.popjam.com [404] [GET] [text/html] [Error] [] [vhost] [da7da7d630292e7a2a7dda8ca87b3d39]
https://api.staging.popjam.com [403] [GET] [text/html] [403 Forbidden] [awselb/2.0] [2e40045efe5134ada9942798c090d269]
https://api.staging.popjam.com [403] [GET] [text/html] [403 Forbidden] [awselb/2.0] [bad2e8579dcdb79399aac2064216a37d]
https://cms.apac.cdn.popjam.com [403] [GET] [text/html] [403 Forbidden] [keycdn-engine] [KeyCDN] [aced3fea9748fd1195082cf5f0d9a49e]
https://eu-west-1.api.popjam.com [404] [GET] [text/html] [Error] [] [vhost] [da7da7d630292e7a2a7dda8ca87b3d39]
https://events.popjam.com [404] [GET] [text/html] [Error] [] [vhost] [da7da7d630292e7a2a7dda8ca87b3d39]
https://events.staging.popjam.com [403] [GET] [text/html] [403 Forbidden] [awselb/2.0] [2e40045efe5134ada9942798c090d269]
https://events.staging.popjam.com [403] [GET] [text/html] [403 Forbidden] [awselb/2.0] [bad2e8579dcdb79399aac2064216a37d]
https://grownups.popjam.com [200] [GET] [text/html] [Home - PopJam Grownups] [nginx] [vhost] [google] [Google Font API,MySQL,Nginx,PHP,WP Engine,WordPress,Yoast SEO:18.4.1] [729bada7f28c9039930fe6c7155a3c8f]
https://images.apac.cdn.popjam.com [403] [GET] [text/html] [403 Forbidden] [keycdn-engine] [KeyCDN] [aced3fea9748fd1195082cf5f0d9a49e]
https://origin-auth.popjam.com [200] [GET] [text/html] [PopJam Web Login] [nginx] [vhost] [Google Font API,Nginx] [622533bdf78e43abab5b0cf3aacd2fde]
https://origin-sdk.popjam.com [403] [GET] [text/html] [403 Forbidden] [nginx/1.18.0] [vhost] [Nginx:1.18.0] [364cd9fce8d0bc4a2dc1395de2c37cac]
https://origin-video.popjam.com [200] [GET] [text/html] [PopJam] [nginx] [vhost] [Bootstrap:4.3.1,Nginx] [db28520b1268e093085ecad2a5b3b965]
https://parse.popjam.com [403] [GET] [] [] [] [vhost] [Express,Node.js] [dc69d0eec0e466066fe7c9f9ffa710c8]
https://publishing-api.popjam.com [404] [GET] [text/html] [Error] [] [vhost] [da7da7d630292e7a2a7dda8ca87b3d39]
https://publishing-api.staging.popjam.com [403] [GET] [text/html] [403 Forbidden] [awselb/2.0] [2e40045efe5134ada9942798c090d269]
https://publishing.popjam.com [200] [GET] [text/html] [SuperAwesome Publishing Tools] [nginx] [vhost] [Nginx] [c7d92e25f959c3c7c35fc61c82e798d7]
https://publishing.staging.popjam.com [403] [GET] [text/html] [403 Forbidden] [awselb/2.0] [2e40045efe5134ada9942798c090d269]
https://publishing.staging.popjam.com [403] [GET] [text/html] [403 Forbidden] [awselb/2.0] [bad2e8579dcdb79399aac2064216a37d]
https://richcontent.apac.cdn.popjam.com [403] [GET] [text/html] [403 Forbidden] [keycdn-engine] [KeyCDN] [aced3fea9748fd1195082cf5f0d9a49e]
https://sdk.popjam.com [200] [GET] [text/html] [PopJam] [nginx] [vhost] [cloudfront] [Amazon Cloudfront,Amazon Web Services,Bootstrap:4.3.1,Nginx] [db28520b1268e093085ecad2a5b3b965]
https://sdk.staging.popjam.com [403] [GET] [text/html] [ERROR: The request could not be satisfied] [CloudFront] [cloudfront] [Amazon Cloudfront,Amazon Web Services] [071a56c3877b57faeddb6dc9dc08aa1f]
https://sdk.staging.popjam.com [403] [GET] [text/html] [ERROR: The request could not be satisfied] [CloudFront] [cloudfront] [Amazon Cloudfront,Amazon Web Services] [6182b611bc3bd9e1cc8135b50a8cd359]
https://us-east-1.api.popjam.com [404] [GET] [text/html] [Error] [] [vhost] [da7da7d630292e7a2a7dda8ca87b3d39]
https://video.popjam.com [200] [GET] [text/html] [PopJam] [nginx] [vhost] [cloudfront] [Amazon Cloudfront,Amazon Web Services,Bootstrap:4.3.1,Nginx] [db28520b1268e093085ecad2a5b3b965]
https://web-auth.popjam.com [200] [GET] [text/html] [PopJam Web Login] [nginx] [vhost] [Google Font API,Nginx] [622533bdf78e43abab5b0cf3aacd2fde]
https://web.popjam.com [404] [GET] [text/plain] [] [] [595e88012a6521aae3e12cbebe76eb9e]
https://web.staging.popjam.com [403] [GET] [text/html] [403 Forbidden] [awselb/2.0] [bad2e8579dcdb79399aac2064216a37d]
https://work.popjam.com [404] [GET] [text/plain] [] [awselb/2.0] [d41d8cd98f00b204e9800998ecf8427e]
https://www.popjam.com [200] [GET] [text/html] [Home - PopJam] [nginx] [vhost] [cloudfront] [Amazon Cloudfront,Amazon Web Services,Google Font API,MySQL,Nginx,PHP,WP Engine,WordPress,Yoast SEO:18.5.1] [0dcda9df9a034f667ba86c19f42cc3ad]
https://www.staging.popjam.com [403] [GET] [text/html] [403 Forbidden] [awselb/2.0] [2e40045efe5134ada9942798c090d269]
https://www.staging.popjam.com [403] [GET] [text/html] [403 Forbidden] [awselb/2.0] [bad2e8579dcdb79399aac2064216a37d]
http://videos.apac.cdn.popjam.com [403] [GET] [text/html] [403 Forbidden] [keycdn-engine] [KeyCDN] [aced3fea9748fd1195082cf5f0d9a49e]
