http://data.prismprotocol.app:2082 [403] [GET] [text/html] [Attention Required! | Cloudflare] [cloudflare] [vhost] [cloudflare] [Cloudflare,Cloudflare Network Error Logging] [9eaf9d1165352be8bed8df0537f9af67]
http://data.prismprotocol.app:2086 [403] [GET] [text/html] [Attention Required! | Cloudflare] [cloudflare] [vhost] [cloudflare] [Cloudflare,Cloudflare Network Error Logging] [b0cde04d5a2838486e064bfcef2df91b]
http://data.prismprotocol.app:8080 [403] [GET] [text/html] [Attention Required! | Cloudflare] [cloudflare] [vhost] [cloudflare] [Cloudflare,Cloudflare Network Error Logging] [6b4434dd4ee4e112bbe996fe74ea7c18]
http://dev.prismprotocol.app:2052 [301] [GET] [] [] [cloudflare] [vhost] [cloudflare] [Cloudflare,Cloudflare Network Error Logging] [d41d8cd98f00b204e9800998ecf8427e]
http://dev.prismprotocol.app:2082 [301] [GET] [] [] [cloudflare] [vhost] [cloudflare] [Cloudflare,Cloudflare Network Error Logging] [d41d8cd98f00b204e9800998ecf8427e]
http://docs.prismprotocol.app:2082 [302] [GET] [] [] [cloudflare] [vhost] [cloudflare] [Cloudflare] [d41d8cd98f00b204e9800998ecf8427e]
http://docs.prismprotocol.app:2086 [302] [GET] [] [] [cloudflare] [vhost] [cloudflare] [Cloudflare] [d41d8cd98f00b204e9800998ecf8427e]
http://docs.prismprotocol.app:8080 [302] [GET] [] [] [cloudflare] [vhost] [cloudflare] [Cloudflare] [d41d8cd98f00b204e9800998ecf8427e]
http://docs.prismprotocol.app:8880 [302] [GET] [] [] [cloudflare] [vhost] [cloudflare] [Cloudflare] [d41d8cd98f00b204e9800998ecf8427e]
http://forge.prismprotocol.app:2082 [301] [GET] [] [] [cloudflare] [vhost] [cloudflare] [Cloudflare,Cloudflare Network Error Logging] [d41d8cd98f00b204e9800998ecf8427e]
http://forge.prismprotocol.app:2086 [301] [GET] [] [] [cloudflare] [vhost] [cloudflare] [Cloudflare,Cloudflare Network Error Logging] [d41d8cd98f00b204e9800998ecf8427e]
http://forge.prismprotocol.app:8080 [301] [GET] [] [] [cloudflare] [vhost] [cloudflare] [Cloudflare,Cloudflare Network Error Logging] [d41d8cd98f00b204e9800998ecf8427e]
http://home.prismprotocol.app:2052 [301] [GET] [] [] [cloudflare] [vhost] [cloudflare] [Cloudflare,Cloudflare Network Error Logging] [d41d8cd98f00b204e9800998ecf8427e]
http://home.prismprotocol.app:2082 [301] [GET] [] [] [cloudflare] [vhost] [cloudflare] [Cloudflare,Cloudflare Network Error Logging] [d41d8cd98f00b204e9800998ecf8427e]
https://data.prismprotocol.app:2083 [403] [GET] [text/html] [Attention Required! | Cloudflare] [cloudflare] [vhost] [cloudflare] [Cloudflare,Cloudflare Network Error Logging] [b37d2f09bf40b12909db84cc4094862a]
https://data.prismprotocol.app:2087 [403] [GET] [text/html] [Attention Required! | Cloudflare] [cloudflare] [vhost] [cloudflare] [Cloudflare,Cloudflare Network Error Logging] [31679332f71da4864cfe874d80b44f4e]
https://data.prismprotocol.app [503] [GET] [text/html] [Service Suspended] [cloudflare] [vhost] [cloudflare] [Cloudflare,Cloudflare Network Error Logging] [66b5f8ff848c43d9be291ca8e9d0500f]
https://dev.prismprotocol.app:2083 [302] [GET] [] [] [cloudflare] [vhost] [cloudflare] [Cloudflare,Cloudflare Network Error Logging] [d41d8cd98f00b204e9800998ecf8427e]
https://dev.prismprotocol.app:2087 [302] [GET] [] [] [cloudflare] [vhost] [cloudflare] [Cloudflare,Cloudflare Network Error Logging] [d41d8cd98f00b204e9800998ecf8427e]
https://dev.prismprotocol.app [302] [GET] [] [] [cloudflare] [vhost] [cloudflare] [Cloudflare,Cloudflare Network Error Logging] [d41d8cd98f00b204e9800998ecf8427e]
https://dev.prismprotocol.app:8443 [302] [GET] [] [] [cloudflare] [vhost] [cloudflare] [Cloudflare,Cloudflare Network Error Logging] [d41d8cd98f00b204e9800998ecf8427e]
https://docs.prismprotocol.app:2053 [302] [GET] [text/plain] [] [cloudflare] [vhost] [cloudflare] [Algolia,Cloudflare,Google Cloud,Google Cloud Trace] [2e155faade916e948381b1ef4bd7e3fd]
https://docs.prismprotocol.app:2083 [302] [GET] [text/plain] [] [cloudflare] [vhost] [cloudflare] [Algolia,Cloudflare,Google Cloud,Google Cloud Trace] [2e155faade916e948381b1ef4bd7e3fd]
https://docs.prismprotocol.app:2087 [302] [GET] [text/plain] [] [cloudflare] [vhost] [cloudflare] [Algolia,Cloudflare,Google Cloud,Google Cloud Trace] [2e155faade916e948381b1ef4bd7e3fd]
https://docs.prismprotocol.app [302] [GET] [text/plain] [] [cloudflare] [vhost] [cloudflare] [Algolia,Cloudflare,Google Cloud,Google Cloud Trace] [2e155faade916e948381b1ef4bd7e3fd]
https://docs.prismprotocol.app:8443 [302] [GET] [text/plain] [] [cloudflare] [vhost] [cloudflare] [Algolia,Cloudflare,Google Cloud,Google Cloud Trace] [2e155faade916e948381b1ef4bd7e3fd]
https://forge.prismprotocol.app [200] [GET] [text/html] [] [cloudflare] [vhost] [cloudflare] [Cloudflare,Cloudflare Network Error Logging,React] [7157356cc25597c4e26fc12c6180cf31]
https://forge.prismprotocol.app:2083 [200] [GET] [text/html] [] [cloudflare] [vhost] [cloudflare] [Cloudflare,Cloudflare Network Error Logging,React] [7157356cc25597c4e26fc12c6180cf31]
https://forge.prismprotocol.app:2087 [200] [GET] [text/html] [] [cloudflare] [vhost] [cloudflare] [Cloudflare,Cloudflare Network Error Logging,React] [7157356cc25597c4e26fc12c6180cf31]
https://forum.prismprotocol.app [200] [GET] [text/html] [Prism Protocol - Prism Protocol enables users to split digital assets into yield and principal components, unleashing the next level of DeFi composability.] [nginx] [vhost] [Discourse,Nginx,Ruby on Rails] [06ed1b75990add60fd58f268ea28a940]
https://forum.prismprotocol.app [200] [GET] [text/html] [Prism Protocol - Prism Protocol enables users to split digital assets into yield and principal components, unleashing the next level of DeFi composability.] [nginx] [vhost] [Discourse,Nginx,Ruby on Rails] [9200ce1b89e3b825b22d708e76bf6958]
https://home.prismprotocol.app [200] [GET] [text/html] [PRISM] [cloudflare] [vhost] [cloudflare] [Cloudflare,Cloudflare Network Error Logging,Google Font API,React] [df63c232ccf6940f510df54423e2bb85]
https://home.prismprotocol.app:2083 [200] [GET] [text/html] [PRISM] [cloudflare] [vhost] [cloudflare] [Cloudflare,Cloudflare Network Error Logging,Google Font API,React] [df63c232ccf6940f510df54423e2bb85]
https://home.prismprotocol.app:2087 [200] [GET] [text/html] [PRISM] [cloudflare] [vhost] [cloudflare] [Cloudflare,Cloudflare Network Error Logging,Google Font API,React] [df63c232ccf6940f510df54423e2bb85]
https://home.prismprotocol.app:8443 [200] [GET] [text/html] [PRISM] [cloudflare] [vhost] [cloudflare] [Cloudflare,Cloudflare Network Error Logging,Google Font API,React] [df63c232ccf6940f510df54423e2bb85]
https://prismprotocol.app [200] [GET] [text/html] [] [Vercel] [vhost] [Next.js,Node.js,React,Vercel,webpack] [448e86266f54c31738b1a3a7665b9c08]
