https://0.r1.unverified-forwarding.projectbaseline.com [404] [GET] [text/html] [Error 404 (Not Found)!!1] [] [b81150861bf911f947660cf73bce77f6]
https://102.r3.unverified-forwarding.projectbaseline.com [404] [GET] [text/html] [Error 404 (Not Found)!!1] [] [b81150861bf911f947660cf73bce77f6]
https://109.r4.unverified-forwarding.projectbaseline.com [404] [GET] [text/html] [Error 404 (Not Found)!!1] [] [b81150861bf911f947660cf73bce77f6]
https://116.r2.unverified-forwarding.projectbaseline.com [404] [GET] [text/html] [Error 404 (Not Found)!!1] [] [b81150861bf911f947660cf73bce77f6]
https://blog.projectbaseline.com [302] [GET] [text/html] [302 Moved] [sffe] [vhost] [8e932ac1e40af08824cdc444ed2ac5bc]
https://click.projectbaseline.com [403] [GET] [text/html] [403 - Forbidden: Access is denied.] [] [11ca4578cb026a23713aea6781b8ece3]
https://cloud.projectbaseline.com [403] [GET] [text/html] [403 - Forbidden: Access is denied.] [] [11ca4578cb026a23713aea6781b8ece3]
https://corona-pad4.projectbaseline.com [404] [GET] [text/html] [Error 404 (Not Found)!!1] [] [b81150861bf911f947660cf73bce77f6]
https://ctls.projectbaseline.com [404] [GET] [text/html] [Error 404 (Not Found)!!1] [] [b81150861bf911f947660cf73bce77f6]
https://dashboard.projectbaseline.com [302] [GET] [] [] [] [vhost] [google] [d41d8cd98f00b204e9800998ecf8427e]
https://dev-cdn-1.projectbaseline.com [404] [GET] [text/html] [Error 404 (Not Found)!!1] [] [b81150861bf911f947660cf73bce77f6]
https://go.projectbaseline.com [302] [GET] [text/html] [302 Moved] [sffe] [vhost] [6f898a4a522fcf084d2acd190b1e5e86]
https://gsfc.projectbaseline.com [404] [GET] [text/html] [Error 404 (Not Found)!!1] [] [b81150861bf911f947660cf73bce77f6]
https://hostmta.projectbaseline.com [404] [GET] [text/html] [Error 404 (Not Found)!!1] [] [b81150861bf911f947660cf73bce77f6]
https://image.projectbaseline.com [403] [GET] [text/html] [Access Denied] [AkamaiGHost] [vhost] [5367ecba63a6bc5fdd10dd9f433ea56a]
https://image.projectbaseline.com [403] [GET] [text/html] [Access Denied] [AkamaiGHost] [vhost] [eda706d593c75925769e8987b5954e48]
https://macnica-poc-oid.projectbaseline.com [404] [GET] [text/html] [Error 404 (Not Found)!!1] [] [b81150861bf911f947660cf73bce77f6]
https://macnica-pocpayext.projectbaseline.com [404] [GET] [text/html] [Error 404 (Not Found)!!1] [] [b81150861bf911f947660cf73bce77f6]
https://projectbaseline.com [301] [GET] [text/html] [301 Moved] [sffe] [vhost] [b3bbf57a2cbd6f84aa9cc6e62703dc39]
https://_.projectbaseline.com [404] [GET] [text/html] [Error 404 (Not Found)!!1] [] [b81150861bf911f947660cf73bce77f6]
https://ptr.projectbaseline.com [404] [GET] [text/html] [Error 404 (Not Found)!!1] [] [b81150861bf911f947660cf73bce77f6]
https://pts0c.projectbaseline.com [404] [GET] [text/html] [Error 404 (Not Found)!!1] [] [b81150861bf911f947660cf73bce77f6]
https://pttpage.projectbaseline.com [404] [GET] [text/html] [Error 404 (Not Found)!!1] [] [b81150861bf911f947660cf73bce77f6]
https://search.projectbaseline.com [404] [GET] [text/html] [Error 404 (Not Found)!!1] [] [b81150861bf911f947660cf73bce77f6]
https://unverified-forwarding.projectbaseline.com [404] [GET] [text/html] [Error 404 (Not Found)!!1] [] [b81150861bf911f947660cf73bce77f6]
https://view.projectbaseline.com [302] [GET] [text/html] [Object moved] [] [0b9ef0192b2022a0b94f012083714795]
https://www.projectbaseline.com [200] [GET] [text/html] [Project Baseline by Verily | Join Clinical Trials and Research Opportunities] [sffe] [vhost] [Google Font API,Google Tag Manager] [1fa230db8d32d8e86ae2c95e8529f31d]
https://yourprogramforgottosendanonce.projectbaseline.com [404] [GET] [text/html] [Error 404 (Not Found)!!1] [] [b81150861bf911f947660cf73bce77f6]
