http://au.pscp.tv:1935 [400] [GET] [text/plain] [] [] [3073b4fb3dbc30dd1509ea9c3638987d]
http://br.pscp.tv:1935 [400] [GET] [text/plain] [] [] [3073b4fb3dbc30dd1509ea9c3638987d]
http://ca.pscp.tv:1935 [400] [GET] [text/plain] [] [] [3073b4fb3dbc30dd1509ea9c3638987d]
http://dca.pscp.tv:1935 [400] [GET] [text/plain] [] [] [3073b4fb3dbc30dd1509ea9c3638987d]
http://de.pscp.tv:1935 [400] [GET] [text/plain] [] [] [3073b4fb3dbc30dd1509ea9c3638987d]
http://dev-vidman-eu-west-1.pscp.tv:1935 [400] [GET] [text/plain] [] [] [3073b4fb3dbc30dd1509ea9c3638987d]
http://dev-vidman-us-west-2.pscp.tv:1935 [400] [GET] [text/plain] [] [] [3073b4fb3dbc30dd1509ea9c3638987d]
http://die.pscp.tv:1935 [400] [GET] [text/plain] [] [] [3073b4fb3dbc30dd1509ea9c3638987d]
http://fr.pscp.tv:1935 [400] [GET] [text/plain] [] [] [3073b4fb3dbc30dd1509ea9c3638987d]
http://ie.pscp.tv:1935 [400] [GET] [text/plain] [] [] [3073b4fb3dbc30dd1509ea9c3638987d]
http://in.pscp.tv:1935 [400] [GET] [text/plain] [] [] [3073b4fb3dbc30dd1509ea9c3638987d]
http://jp.pscp.tv:1935 [400] [GET] [text/plain] [] [] [3073b4fb3dbc30dd1509ea9c3638987d]
http://kr.pscp.tv:1935 [400] [GET] [text/plain] [] [] [3073b4fb3dbc30dd1509ea9c3638987d]
http://metrics.pscp.tv [403] [GET] [text/html] [403 Forbidden] [AmazonS3] [vhost] [Amazon S3,Amazon Web Services] [7a63094b70ee4cd403fea63d2c4a7b05]
http://or.pscp.tv:1935 [400] [GET] [text/plain] [] [] [3073b4fb3dbc30dd1509ea9c3638987d]
https://api.pscp.tv [404] [GET] [text/plain] [] [] [595e88012a6521aae3e12cbebe76eb9e]
https://api-ws.pscp.tv [404] [GET] [text/plain] [] [] [595e88012a6521aae3e12cbebe76eb9e]
https://a.pscp.tv [404] [GET] [text/plain] [] [] [595e88012a6521aae3e12cbebe76eb9e]
https://assets.pscp.tv [403] [GET] [application/xml] [] [AmazonS3] [vhost] [cloudfront] [Amazon Cloudfront,Amazon S3,Amazon Web Services] [a9e66bc2360802ea24d79114a22a89ec]
https://assets.pscp.tv [403] [GET] [application/xml] [] [AmazonS3] [vhost] [cloudfront] [Amazon Cloudfront,Amazon S3,Amazon Web Services] [f2062dc53463dbcb5b2d5cf866244eea]
https://audit-trail.pscp.tv [404] [GET] [text/plain] [] [] [595e88012a6521aae3e12cbebe76eb9e]
https://au.pscp.tv [400] [GET] [text/plain] [] [] [3073b4fb3dbc30dd1509ea9c3638987d]
https://br.pscp.tv [400] [GET] [text/plain] [] [] [3073b4fb3dbc30dd1509ea9c3638987d]
https://canary-channels.pscp.tv [404] [GET] [text/plain] [] [] [595e88012a6521aae3e12cbebe76eb9e]
https://canary-chatman-ancillary-us-west-2.pscp.tv [404] [GET] [text/plain] [] [] [ef81e41d11c9e7193ddd3d470dbb3eda]
https://canary-exp-video-us-east-1.pscp.tv [500] [GET] [text/html] [Fastly error: unknown domain canary-exp-video-us-east-1.pscp.tv] [Varnish] [fastly] [Fastly,Varnish] [853adb36bf6417bb22a91b71ec72e832]
https://canary-exp-video-us-east-1.pscp.tv [500] [GET] [text/html] [Fastly error: unknown domain canary-exp-video-us-east-1.pscp.tv] [Varnish] [fastly] [Fastly,Varnish] [eba4b9a9fc67167653a5f9330884e1c3]
https://canary-guest.pscp.tv [404] [GET] [text/plain] [] [] [595e88012a6521aae3e12cbebe76eb9e]
https://canary-proxsee.pscp.tv [404] [GET] [text/plain] [] [] [595e88012a6521aae3e12cbebe76eb9e]
https://canary-safety.pscp.tv [404] [GET] [text/plain] [] [] [595e88012a6521aae3e12cbebe76eb9e]
https://canary-text-classification.pscp.tv [404] [GET] [text/plain] [] [] [595e88012a6521aae3e12cbebe76eb9e]
https://canary-transcode-proxy-us-east-1.pscp.tv [404] [GET] [text/plain] [] [] [595e88012a6521aae3e12cbebe76eb9e]
https://canary-transcode-us-east-1.pscp.tv [404] [GET] [text/plain] [] [] [595e88012a6521aae3e12cbebe76eb9e]
https://canary-video-us-east-1.pscp.tv [404] [GET] [text/plain] [] [] [vhost] [fastly] [Fastly,Varnish] [595e88012a6521aae3e12cbebe76eb9e]
https://canary-web.pscp.tv [200] [GET] [text/html] [Watch LIVE] [] [vhost] [Amazon S3,Amazon Web Services,React] [5506232a3229535969b391cb27fd2404]
https://canary-web.pscp.tv [200] [GET] [text/html] [Watch LIVE] [] [vhost] [Amazon S3,Amazon Web Services,React] [a538972e4ae95909ced652ad1c5b7047]
https://ca.pscp.tv [400] [GET] [text/plain] [] [] [3073b4fb3dbc30dd1509ea9c3638987d]
https://channels.pscp.tv [404] [GET] [text/plain] [] [] [595e88012a6521aae3e12cbebe76eb9e]
https://channel-thumbnails-dev.pscp.tv [403] [GET] [application/xml] [] [AmazonS3] [vhost] [cloudfront] [Amazon Cloudfront,Amazon S3,Amazon Web Services] [46b9f2aec65766321b7f4e667218b016]
https://channel-thumbnails-dev.pscp.tv [403] [GET] [application/xml] [] [AmazonS3] [vhost] [cloudfront] [Amazon Cloudfront,Amazon S3,Amazon Web Services] [753467fe88caad93bb633f46c19054e6]
https://channel-thumbnails-live.pscp.tv [403] [GET] [application/xml] [] [AmazonS3] [vhost] [cloudfront] [Amazon Cloudfront,Amazon S3,Amazon Web Services] [9b4514426128fa4ff3543f31bb673fa8]
https://channel-thumbnails-live.pscp.tv [403] [GET] [application/xml] [] [AmazonS3] [vhost] [cloudfront] [Amazon Cloudfront,Amazon S3,Amazon Web Services] [e997d3c45ddc4105341e5451763fff93]
https://chatman-replay-ap-northeast-1.pscp.tv [404] [GET] [text/plain] [] [] [ef81e41d11c9e7193ddd3d470dbb3eda]
https://chatman-replay-eu-central-1.pscp.tv [404] [GET] [text/plain] [] [] [ef81e41d11c9e7193ddd3d470dbb3eda]
https://chatman-replay-us-east-1.pscp.tv [404] [GET] [text/plain] [] [] [ef81e41d11c9e7193ddd3d470dbb3eda]
https://chatman-replay-us-west-2.pscp.tv [404] [GET] [text/plain] [] [] [ef81e41d11c9e7193ddd3d470dbb3eda]
https://dca.pscp.tv [400] [GET] [text/plain] [] [] [3073b4fb3dbc30dd1509ea9c3638987d]
https://de.pscp.tv [400] [GET] [text/plain] [] [] [3073b4fb3dbc30dd1509ea9c3638987d]
https://dev-api.pscp.tv [404] [GET] [text/plain] [] [] [595e88012a6521aae3e12cbebe76eb9e]
https://dev-api-ws.pscp.tv [404] [GET] [text/plain] [] [] [595e88012a6521aae3e12cbebe76eb9e]
https://dev-assets.pscp.tv [403] [GET] [application/xml] [] [AmazonS3] [vhost] [cloudfront] [Amazon Cloudfront,Amazon S3,Amazon Web Services] [03c6fa6bcd9db9efa5e2dae154b89a56]
https://dev-assets.pscp.tv [403] [GET] [application/xml] [] [AmazonS3] [vhost] [cloudfront] [Amazon Cloudfront,Amazon S3,Amazon Web Services] [648d50b3a33ea1ffeae22f606f8cb278]
https://dev-audit-trail.pscp.tv [404] [GET] [text/plain] [] [] [595e88012a6521aae3e12cbebe76eb9e]
https://dev-channels-thumbnails.pscp.tv [403] [GET] [application/xml] [] [AmazonS3] [vhost] [cloudfront] [Amazon Cloudfront,Amazon S3,Amazon Web Services] [87dc442ea77da1794aca516ef3ef8857]
https://dev-channels-thumbnails.pscp.tv [403] [GET] [application/xml] [] [AmazonS3] [vhost] [cloudfront] [Amazon Cloudfront,Amazon S3,Amazon Web Services] [fd3e6011ba36649c503faf64e84836c3]
https://dev-chatman-ancillary-us-west-2.pscp.tv [404] [GET] [text/plain] [] [] [ef81e41d11c9e7193ddd3d470dbb3eda]
https://dev-chatman-replay-eu-west-1.pscp.tv [404] [GET] [text/plain] [] [] [ef81e41d11c9e7193ddd3d470dbb3eda]
https://dev-chatman-replay-us-west-2.pscp.tv [404] [GET] [text/plain] [] [] [ef81e41d11c9e7193ddd3d470dbb3eda]
https://dev-email.pscp.tv [404] [GET] [text/plain] [] [] [595e88012a6521aae3e12cbebe76eb9e]
https://dev-embed.pscp.tv [403] [GET] [application/json] [] [AmazonS3] [vhost] [fastly] [Amazon S3,Amazon Web Services,Fastly,Varnish] [482db1fbad3ae2b28765299cf13b37a1]
https://dev-embed.pscp.tv [403] [GET] [application/json] [] [AmazonS3] [vhost] [fastly] [Amazon S3,Amazon Web Services,Fastly,Varnish] [d1eb405c8939b06e9165ec095b1c7b09]
https://dev-exp-video-eu-west-1.pscp.tv [400] [GET] [text/html] [400 no stream name] [Varnish] [vhost] [fastly] [Fastly,Varnish] [46a3ddead34dc02bd377b3676d081804]
https://dev-exp-video-eu-west-1.pscp.tv [400] [GET] [text/html] [400 no stream name] [Varnish] [vhost] [fastly] [Fastly,Varnish] [d5d2cc12ff6d4b22ddb39a53288aedae]
https://dev-exp-video-us-west-2.pscp.tv [400] [GET] [text/html] [400 no stream name] [Varnish] [vhost] [fastly] [Fastly,Varnish] [16f2c9d1c24d5bdac77a8856c34de4c8]
https://dev-exp-video-us-west-2.pscp.tv [400] [GET] [text/html] [400 no stream name] [Varnish] [vhost] [fastly] [Fastly,Varnish] [a682f5cd5f7c0b0e3c83e2359b4c1740]
https://dev-guest.pscp.tv [404] [GET] [text/plain] [] [] [595e88012a6521aae3e12cbebe76eb9e]
https://dev-hlspull.pscp.tv [404] [GET] [text/plain] [] [] [595e88012a6521aae3e12cbebe76eb9e]
https://dev-masks.pscp.tv [403] [GET] [application/xml] [] [AmazonS3] [vhost] [cloudfront] [Amazon Cloudfront,Amazon S3,Amazon Web Services] [410f47892a6c1c7111d6190854e67e35]
https://dev-masks.pscp.tv [403] [GET] [application/xml] [] [AmazonS3] [vhost] [cloudfront] [Amazon Cloudfront,Amazon S3,Amazon Web Services] [c78c332309fe990fac8903b1daf893e6]
https://dev-profile.pscp.tv [403] [GET] [application/xml] [] [AmazonS3] [vhost] [cloudfront] [Amazon Cloudfront,Amazon S3,Amazon Web Services] [5b0177148983f23be60fb36ca4eabe98]
https://dev-profile.pscp.tv [403] [GET] [application/xml] [] [AmazonS3] [vhost] [cloudfront] [Amazon Cloudfront,Amazon S3,Amazon Web Services] [d7d1efb369302e1983e7110167f45024]
https://dev-proxsee.pscp.tv [404] [GET] [text/plain] [] [] [595e88012a6521aae3e12cbebe76eb9e]
https://dev-public-api-assets.pscp.tv [403] [GET] [application/xml] [] [AmazonS3] [vhost] [cloudfront] [Amazon Cloudfront,Amazon S3,Amazon Web Services] [3021928bb3204053d3cc4120f0d509c9]
https://dev-public-api-assets.pscp.tv [403] [GET] [application/xml] [] [AmazonS3] [vhost] [cloudfront] [Amazon Cloudfront,Amazon S3,Amazon Web Services] [ca60cfd6a197fc9f0a50944d7c9ee843]
https://dev-safety.pscp.tv [404] [GET] [text/plain] [] [] [595e88012a6521aae3e12cbebe76eb9e]
https://dev-signer-eu-west-1.pscp.tv [200] [GET] [application/json] [] [] [c1da567631175532d893899f42e714c8]
https://dev-signer.pscp.tv [200] [GET] [application/json] [] [] [vhost] [7dd318b3f5d8ac2d16274e0a1f86a96b]
https://dev-text-classification.pscp.tv [404] [GET] [text/plain] [] [] [595e88012a6521aae3e12cbebe76eb9e]
https://dev-thumbnail.pscp.tv [403] [GET] [application/xml] [] [AmazonS3] [vhost] [cloudfront] [Amazon Cloudfront,Amazon S3,Amazon Web Services] [8fc650094340c13021d7f4cdf9e46096]
https://dev-thumbnail.pscp.tv [403] [GET] [application/xml] [] [AmazonS3] [vhost] [cloudfront] [Amazon Cloudfront,Amazon S3,Amazon Web Services] [e8a02beabed228cc52e5c5d181ceb53a]
https://dev-transcode-us-west-2.pscp.tv [404] [GET] [text/plain] [] [] [595e88012a6521aae3e12cbebe76eb9e]
https://dev-video-eu-west-1.pscp.tv [400] [GET] [text/html] [400 no stream name] [Varnish] [vhost] [fastly] [Fastly,Varnish] [202b9718d7b92e50eda1386f5e278d02]
https://dev-video-eu-west-1.pscp.tv [400] [GET] [text/html] [400 no stream name] [Varnish] [vhost] [fastly] [Fastly,Varnish] [79d78e2efb57152ba69a4bc377cb260a]
https://dev-video-us-west-2.pscp.tv [400] [GET] [text/html] [400 no stream name] [Varnish] [vhost] [fastly] [Fastly,Varnish] [2f7a646c7c01b26a7450f05c59654c44]
https://dev-video-us-west-2.pscp.tv [400] [GET] [text/html] [400 no stream name] [Varnish] [vhost] [fastly] [Fastly,Varnish] [5371ba4c234e9d4ce9803544440ac2cf]
https://dev-vidman-eu-west-1.pscp.tv [400] [GET] [text/plain] [] [] [3073b4fb3dbc30dd1509ea9c3638987d]
https://dev-vidman-us-west-2.pscp.tv [400] [GET] [text/plain] [] [] [3073b4fb3dbc30dd1509ea9c3638987d]
https://die.pscp.tv [400] [GET] [text/plain] [] [] [3073b4fb3dbc30dd1509ea9c3638987d]
https://d.pscp.tv [404] [GET] [text/plain] [] [] [595e88012a6521aae3e12cbebe76eb9e]
https://email.pscp.tv [404] [GET] [text/plain] [] [] [595e88012a6521aae3e12cbebe76eb9e]
https://embed.pscp.tv [403] [GET] [application/json] [] [AmazonS3] [vhost] [fastly] [Amazon S3,Amazon Web Services,Fastly,Varnish] [3e7af74f933e01f912d2013b118822dd]
https://embed.pscp.tv [403] [GET] [application/json] [] [AmazonS3] [vhost] [fastly] [Amazon S3,Amazon Web Services,Fastly,Varnish] [7b5e173cebc1565b01bc4b6a9c683841]
https://fr.pscp.tv [400] [GET] [text/plain] [] [] [3073b4fb3dbc30dd1509ea9c3638987d]
http://sg.pscp.tv:1935 [400] [GET] [text/plain] [] [] [3073b4fb3dbc30dd1509ea9c3638987d]
https://guest.pscp.tv [404] [GET] [text/plain] [] [] [595e88012a6521aae3e12cbebe76eb9e]
https://gw-canary-hydra-us-east-1.pscp.tv [400] [GET] [text/plain] [] [] [3073b4fb3dbc30dd1509ea9c3638987d]
https://gw-dev-hydra-eu-west-1.pscp.tv [400] [GET] [text/plain] [] [] [3073b4fb3dbc30dd1509ea9c3638987d]
https://gw-dev-hydra-us-west-2.pscp.tv [400] [GET] [text/plain] [] [] [3073b4fb3dbc30dd1509ea9c3638987d]
https://gw-prod-hydra-ap-south-1.pscp.tv [400] [GET] [text/plain] [] [] [3073b4fb3dbc30dd1509ea9c3638987d]
https://gw-prod-hydra-eu-central-1.pscp.tv [400] [GET] [text/plain] [] [] [3073b4fb3dbc30dd1509ea9c3638987d]
https://gw-prod-hydra-eu-west-3.pscp.tv [400] [GET] [text/plain] [] [] [3073b4fb3dbc30dd1509ea9c3638987d]
https://gw-prod-hydra-us-west-1.pscp.tv [400] [GET] [text/plain] [] [] [3073b4fb3dbc30dd1509ea9c3638987d]
https://gw-prod-hydra-us-west-2.pscp.tv [400] [GET] [text/plain] [] [] [3073b4fb3dbc30dd1509ea9c3638987d]
https://help.pscp.tv [301] [GET] [] [] [AmazonS3] [vhost] [cloudfront] [Amazon Cloudfront,Amazon S3,Amazon Web Services] [d41d8cd98f00b204e9800998ecf8427e]
https://hls.pscp.tv [500] [GET] [text/html] [Fastly error: unknown domain hls.pscp.tv] [Varnish] [fastly] [Fastly,Varnish] [631474c1ffd21ab92b3bdffbb269dfb1]
https://hls.pscp.tv [500] [GET] [text/html] [Fastly error: unknown domain hls.pscp.tv] [Varnish] [fastly] [Fastly,Varnish] [6fb11fb1002cc6c7fe7d3a93f3a9f817]
https://hlspull.pscp.tv [404] [GET] [text/plain] [] [] [595e88012a6521aae3e12cbebe76eb9e]
https://ie.pscp.tv [400] [GET] [text/plain] [] [] [3073b4fb3dbc30dd1509ea9c3638987d]
https://in.pscp.tv [400] [GET] [text/plain] [] [] [3073b4fb3dbc30dd1509ea9c3638987d]
https://jp.pscp.tv [400] [GET] [text/plain] [] [] [3073b4fb3dbc30dd1509ea9c3638987d]
https://kr.pscp.tv [400] [GET] [text/plain] [] [] [3073b4fb3dbc30dd1509ea9c3638987d]
https://notification-service.pscp.tv [503] [GET] [] [] [] [d41d8cd98f00b204e9800998ecf8427e]
https://or.pscp.tv [400] [GET] [text/plain] [] [] [3073b4fb3dbc30dd1509ea9c3638987d]
https://payman.pscp.tv [404] [GET] [text/plain] [] [] [595e88012a6521aae3e12cbebe76eb9e]
https://prod-assets.pscp.tv [403] [GET] [application/xml] [] [AmazonS3] [vhost] [cloudfront] [Amazon Cloudfront,Amazon S3,Amazon Web Services] [39614c57a25af1c03101d60dd49a45c8]
https://prod-assets.pscp.tv [403] [GET] [application/xml] [] [AmazonS3] [vhost] [cloudfront] [Amazon Cloudfront,Amazon S3,Amazon Web Services] [c9d1b7c7318008c0d092f3e917d08ff2]
https://prod-channels-thumbnails.pscp.tv [403] [GET] [application/xml] [] [AmazonS3] [vhost] [cloudfront] [Amazon Cloudfront,Amazon S3,Amazon Web Services] [c9a7f1d2116bcc4925202f0012125f2d]
https://prod-channels-thumbnails.pscp.tv [403] [GET] [application/xml] [] [AmazonS3] [vhost] [cloudfront] [Amazon Cloudfront,Amazon S3,Amazon Web Services] [e9a19714afa79f9381950c9c494b8965]
https://prod-chatman-ancillary-ap-northeast-1.pscp.tv [404] [GET] [text/plain] [] [] [ef81e41d11c9e7193ddd3d470dbb3eda]
https://prod-chatman-ancillary-eu-central-1.pscp.tv [404] [GET] [text/plain] [] [] [ef81e41d11c9e7193ddd3d470dbb3eda]
https://prod-chatman-ancillary-us-east-1.pscp.tv [404] [GET] [text/plain] [] [] [ef81e41d11c9e7193ddd3d470dbb3eda]
https://prod-chatman-ancillary-us-west-2.pscp.tv [404] [GET] [text/plain] [] [] [ef81e41d11c9e7193ddd3d470dbb3eda]
https://prod-cloudfront-tn-ap-northeast-1-replay.video.pscp.tv [403] [GET] [text/xml] [] [CloudFront] [vhost] [cloudfront] [Amazon Cloudfront,Amazon Web Services] [40a481f43ca93bbbdd18621b439ea397]
https://prod-cloudfront-tn-ap-southeast-1-replay.video.pscp.tv [403] [GET] [text/xml] [] [CloudFront] [vhost] [cloudfront] [Amazon Cloudfront,Amazon Web Services] [40a481f43ca93bbbdd18621b439ea397]
https://prod-cloudfront-tn-eu-central-1-live.video.pscp.tv [403] [GET] [text/xml] [] [CloudFront] [vhost] [cloudfront] [Amazon Cloudfront,Amazon Web Services] [40a481f43ca93bbbdd18621b439ea397]
https://prod-cloudfront-tn-eu-central-1-replay.video.pscp.tv [403] [GET] [text/xml] [] [CloudFront] [vhost] [cloudfront] [Amazon Cloudfront,Amazon Web Services] [40a481f43ca93bbbdd18621b439ea397]
https://prod-cloudfront-tn-eu-west-1-live.video.pscp.tv [403] [GET] [text/xml] [] [CloudFront] [vhost] [cloudfront] [Amazon Cloudfront,Amazon Web Services] [40a481f43ca93bbbdd18621b439ea397]
https://prod-cloudfront-tn-eu-west-1-replay.video.pscp.tv [403] [GET] [text/xml] [] [CloudFront] [vhost] [cloudfront] [Amazon Cloudfront,Amazon Web Services] [40a481f43ca93bbbdd18621b439ea397]
https://prod-cloudfront-tn-eu-west-3-live.video.pscp.tv [403] [GET] [text/xml] [] [CloudFront] [vhost] [cloudfront] [Amazon Cloudfront,Amazon Web Services] [40a481f43ca93bbbdd18621b439ea397]
https://prod-cloudfront-tn-eu-west-3-replay.video.pscp.tv [403] [GET] [text/xml] [] [CloudFront] [vhost] [cloudfront] [Amazon Cloudfront,Amazon Web Services] [40a481f43ca93bbbdd18621b439ea397]
https://prod-cloudfront-tn-sa-east-1-live.video.pscp.tv [403] [GET] [text/xml] [] [CloudFront] [vhost] [cloudfront] [Amazon Cloudfront,Amazon Web Services] [40a481f43ca93bbbdd18621b439ea397]
https://prod-cloudfront-tn-sa-east-1-replay.video.pscp.tv [403] [GET] [text/xml] [] [CloudFront] [vhost] [cloudfront] [Amazon Cloudfront,Amazon Web Services] [40a481f43ca93bbbdd18621b439ea397]
https://prod-cloudfront-tn-us-east-1-live.video.pscp.tv [403] [GET] [text/xml] [] [CloudFront] [vhost] [cloudfront] [Amazon Cloudfront,Amazon Web Services] [40a481f43ca93bbbdd18621b439ea397]
https://prod-cloudfront-tn-us-east-1-replay.video.pscp.tv [403] [GET] [text/xml] [] [CloudFront] [vhost] [cloudfront] [Amazon Cloudfront,Amazon Web Services] [40a481f43ca93bbbdd18621b439ea397]
https://prod-cloudfront-tn-us-west-1-live.video.pscp.tv [403] [GET] [text/xml] [] [CloudFront] [vhost] [cloudfront] [Amazon Cloudfront,Amazon Web Services] [40a481f43ca93bbbdd18621b439ea397]
https://prod-cloudfront-tn-us-west-1-replay.video.pscp.tv [403] [GET] [text/xml] [] [CloudFront] [vhost] [cloudfront] [Amazon Cloudfront,Amazon Web Services] [40a481f43ca93bbbdd18621b439ea397]
https://prod-cloudfront-tn-us-west-2-live.video.pscp.tv [403] [GET] [text/xml] [] [CloudFront] [vhost] [cloudfront] [Amazon Cloudfront,Amazon Web Services] [40a481f43ca93bbbdd18621b439ea397]
https://prod-cloudfront-tn-us-west-2-replay.video.pscp.tv [403] [GET] [text/xml] [] [CloudFront] [vhost] [cloudfront] [Amazon Cloudfront,Amazon Web Services] [40a481f43ca93bbbdd18621b439ea397]
https://prod-ec-ap-northeast-1.video.pscp.tv [404] [GET] [text/plain] [] [ECAcc (tkb/73B7)] [vhost] [Azure,Azure CDN,Fastly,Varnish] [595e88012a6521aae3e12cbebe76eb9e]
https://prod-ec-ap-northeast-2.video.pscp.tv [404] [GET] [text/plain] [] [ECAcc (tka/8891)] [vhost] [Azure,Azure CDN,Fastly,Varnish] [595e88012a6521aae3e12cbebe76eb9e]
https://prod-ec-ap-south-1.video.pscp.tv [403] [GET] [text/html] [403 Forbidden] [Varnish] [vhost] [Fastly,Varnish] [d1ef686f9abee9231829f11099f9b703]
https://prod-ec-ap-south-1.video.pscp.tv [403] [GET] [text/html] [403 Forbidden] [Varnish] [vhost] [Fastly,Varnish] [dbed68fa136c47941a435a1146095456]
https://prod-ec-ap-southeast-1.video.pscp.tv [403] [GET] [text/html] [403 Forbidden] [Varnish] [vhost] [Fastly,Varnish] [31ee9c0696ce19489a6061963d5ad1e8]
https://prod-ec-ap-southeast-1.video.pscp.tv [403] [GET] [text/html] [403 Forbidden] [Varnish] [vhost] [Fastly,Varnish] [3f3aa9e62948a0ca6362a6d0eec87bca]
https://prod-ec-ap-southeast-2.video.pscp.tv [404] [GET] [text/plain] [] [ECAcc (nwa/E7C0)] [vhost] [Azure,Azure CDN,Fastly,Varnish] [595e88012a6521aae3e12cbebe76eb9e]
https://prod-ec-eu-central-1.video.pscp.tv [404] [GET] [text/plain] [] [ECAcc (frb/6691)] [vhost] [Azure,Azure CDN,Fastly,Varnish] [595e88012a6521aae3e12cbebe76eb9e]
https://prod-ec-eu-west-1.video.pscp.tv [404] [GET] [text/plain] [] [ECAcc (lhb/63A1)] [vhost] [Azure,Azure CDN,Fastly,Varnish] [595e88012a6521aae3e12cbebe76eb9e]
https://prod-ec-eu-west-3.video.pscp.tv [404] [GET] [text/plain] [] [ECAcc (pab/6F61)] [vhost] [Azure,Azure CDN,Fastly,Varnish] [595e88012a6521aae3e12cbebe76eb9e]
https://prod-ec-sa-east-1.video.pscp.tv [404] [GET] [text/plain] [] [ECAcc (spb/E56A)] [vhost] [Azure,Azure CDN,Fastly,Varnish] [595e88012a6521aae3e12cbebe76eb9e]
https://prod-ec-us-east-1.video.pscp.tv [404] [GET] [text/plain] [] [ECAcc (dcc/725C)] [vhost] [Azure,Azure CDN,Fastly,Varnish] [595e88012a6521aae3e12cbebe76eb9e]
https://prod-ec-us-west-1.video.pscp.tv [404] [GET] [text/plain] [] [ECAcc (sab/578E)] [vhost] [Azure,Azure CDN,Fastly,Varnish] [595e88012a6521aae3e12cbebe76eb9e]
https://prod-ec-us-west-2.video.pscp.tv [404] [GET] [text/plain] [] [ECAcc (sec/971D)] [vhost] [Azure,Azure CDN,Fastly,Varnish] [595e88012a6521aae3e12cbebe76eb9e]
https://prod-ec-us-west-2.video.pscp.tv [404] [GET] [text/plain] [] [ECAcc (sec/9788)] [vhost] [Azure,Azure CDN,Fastly,Varnish] [595e88012a6521aae3e12cbebe76eb9e]
https://prod-exp-video-ap-southeast-2.pscp.tv [400] [GET] [text/html] [400 no stream name] [Varnish] [vhost] [fastly] [Fastly,Varnish] [100bd082bfe6779275695e677d925a54]
https://prod-exp-video-ap-southeast-2.pscp.tv [400] [GET] [text/html] [400 no stream name] [Varnish] [vhost] [fastly] [Fastly,Varnish] [21e09c70c1ff02c2c7a4fad585dec5ac]
https://prod-exp-video-eu-central-1.pscp.tv [400] [GET] [text/html] [400 no stream name] [Varnish] [vhost] [fastly] [Fastly,Varnish] [6e623cbcabbc1531dcc4a3cdc8e19bad]
https://prod-exp-video-eu-central-1.pscp.tv [400] [GET] [text/html] [400 no stream name] [Varnish] [vhost] [fastly] [Fastly,Varnish] [b13e0490cf6fe85917e4187af1895cd5]
https://prod-exp-video-eu-west-1.pscp.tv [400] [GET] [text/html] [400 no stream name] [Varnish] [vhost] [fastly] [Fastly,Varnish] [599b4809b96d45091b7d1d674ea6d961]
https://prod-exp-video-eu-west-1.pscp.tv [400] [GET] [text/html] [400 no stream name] [Varnish] [vhost] [fastly] [Fastly,Varnish] [757f6f889da24962cf9b1331404bea6e]
https://prod-exp-video-sa-east-1.pscp.tv [400] [GET] [text/html] [400 no stream name] [Varnish] [vhost] [fastly] [Fastly,Varnish] [760c767c391bfd7702026cd421058d59]
https://prod-exp-video-sa-east-1.pscp.tv [400] [GET] [text/html] [400 no stream name] [Varnish] [vhost] [fastly] [Fastly,Varnish] [83e598ba99259ea6b59e2ab7e03dc6e0]
https://prod-exp-video-us-east-1.pscp.tv [400] [GET] [text/html] [400 no stream name] [Varnish] [vhost] [fastly] [Fastly,Varnish] [a3008112f01c7e1e8210a6c7308deeb6]
https://prod-exp-video-us-east-1.pscp.tv [400] [GET] [text/html] [400 no stream name] [Varnish] [vhost] [fastly] [Fastly,Varnish] [b9ce57748dbdfded557f61c98c048b71]
https://prod-fastly-ap-northeast-1.video.pscp.tv [404] [GET] [text/plain] [] [] [vhost] [fastly] [Fastly,Varnish] [595e88012a6521aae3e12cbebe76eb9e]
https://prod-fastly-ap-northeast-2.video.pscp.tv [404] [GET] [text/plain] [] [] [vhost] [fastly] [Fastly,Varnish] [595e88012a6521aae3e12cbebe76eb9e]
https://prod-fastly-ap-south-1.video.pscp.tv [403] [GET] [text/html] [403 Forbidden] [Varnish] [vhost] [fastly] [Fastly,Varnish] [56de062ef6605558cd2c75a117cb640d]
https://prod-fastly-ap-south-1.video.pscp.tv [404] [GET] [text/plain] [] [] [vhost] [fastly] [Fastly,Varnish] [595e88012a6521aae3e12cbebe76eb9e]
https://prod-fastly-ap-southeast-1.video.pscp.tv [403] [GET] [text/html] [403 Forbidden] [Varnish] [vhost] [fastly] [Fastly,Varnish] [81627d1a8b5d2b1f9fc6d727bfc7d8fe]
https://prod-fastly-ap-southeast-1.video.pscp.tv [404] [GET] [text/plain] [] [] [vhost] [fastly] [Fastly,Varnish] [595e88012a6521aae3e12cbebe76eb9e]
https://prod-fastly-ap-southeast-2.video.pscp.tv [404] [GET] [text/plain] [] [] [vhost] [fastly] [Fastly,Varnish] [595e88012a6521aae3e12cbebe76eb9e]
https://prod-fastly-eu-central-1.video.pscp.tv [404] [GET] [text/plain] [] [] [vhost] [fastly] [Fastly,Varnish] [595e88012a6521aae3e12cbebe76eb9e]
https://prod-fastly-eu-west-1.video.pscp.tv [404] [GET] [text/plain] [] [] [vhost] [fastly] [Fastly,Varnish] [595e88012a6521aae3e12cbebe76eb9e]
https://prod-fastly-eu-west-3.video.pscp.tv [404] [GET] [text/plain] [] [] [vhost] [fastly] [Fastly,Varnish] [595e88012a6521aae3e12cbebe76eb9e]
https://prod-fastly-sa-east-1.video.pscp.tv [404] [GET] [text/plain] [] [] [vhost] [fastly] [Fastly,Varnish] [595e88012a6521aae3e12cbebe76eb9e]
https://prod-fastly-us-east-1.video.pscp.tv [404] [GET] [text/plain] [] [] [vhost] [fastly] [Fastly,Varnish] [595e88012a6521aae3e12cbebe76eb9e]
https://prod-fastly-us-west-1.video.pscp.tv [404] [GET] [text/plain] [] [] [vhost] [fastly] [Fastly,Varnish] [595e88012a6521aae3e12cbebe76eb9e]
https://prod-fastly-us-west-2.video.pscp.tv [404] [GET] [text/plain] [] [] [vhost] [fastly] [Fastly,Varnish] [595e88012a6521aae3e12cbebe76eb9e]
https://prod-masks.pscp.tv [403] [GET] [application/xml] [] [AmazonS3] [vhost] [cloudfront] [Amazon Cloudfront,Amazon S3,Amazon Web Services] [59a0cbbe7f67b86f2e1eae9a4478f96e]
https://prod-masks.pscp.tv [403] [GET] [application/xml] [] [AmazonS3] [vhost] [cloudfront] [Amazon Cloudfront,Amazon S3,Amazon Web Services] [6c4d861d574d940a4b573b6257ecdd38]
https://prod-profile.pscp.tv [403] [GET] [application/xml] [] [AmazonS3] [vhost] [cloudfront] [Amazon Cloudfront,Amazon S3,Amazon Web Services] [0eedc1e384cdc0d2f7723f8872c166bb]
https://prod-profile.pscp.tv [403] [GET] [application/xml] [] [AmazonS3] [vhost] [cloudfront] [Amazon Cloudfront,Amazon S3,Amazon Web Services] [61c4ee4e89a00612ebfd7aadda966390]
https://prod-public-api-assets.pscp.tv [403] [GET] [application/xml] [] [AmazonS3] [vhost] [cloudfront] [Amazon Cloudfront,Amazon S3,Amazon Web Services] [5beffbbda328d4cb8d0722931826ee36]
https://prod-public-api-assets.pscp.tv [403] [GET] [application/xml] [] [AmazonS3] [vhost] [cloudfront] [Amazon Cloudfront,Amazon S3,Amazon Web Services] [7157d29e8c4cb80626370ba69a308b4d]
https://prod-text-classification.pscp.tv [404] [GET] [text/plain] [] [] [595e88012a6521aae3e12cbebe76eb9e]
https://prod-thumbnail.pscp.tv [403] [GET] [application/xml] [] [AmazonS3] [vhost] [cloudfront] [Amazon Cloudfront,Amazon S3,Amazon Web Services] [0e4fce4363965eb62ea5b8b957440d19]
https://prod-thumbnail.pscp.tv [403] [GET] [application/xml] [] [AmazonS3] [vhost] [cloudfront] [Amazon Cloudfront,Amazon S3,Amazon Web Services] [e62f8ab2549510c89b90ca0133f800c7]
https://prod-thumbnail-small.pscp.tv [403] [GET] [application/xml] [] [AmazonS3] [vhost] [cloudfront] [Amazon Cloudfront,Amazon S3,Amazon Web Services] [240f1bd30af23ef66b40da7ad238991a]
https://prod-thumbnail-small.pscp.tv [403] [GET] [application/xml] [] [AmazonS3] [vhost] [cloudfront] [Amazon Cloudfront,Amazon S3,Amazon Web Services] [7fbd824d7385bba8a20803ee9b61b7ea]
https://prod-transcode-ap-northeast-2.pscp.tv [404] [GET] [text/plain] [] [] [595e88012a6521aae3e12cbebe76eb9e]
https://prod-transcode-ap-south-1.pscp.tv [404] [GET] [text/plain] [] [] [595e88012a6521aae3e12cbebe76eb9e]
https://prod-transcode-ap-southeast-1.pscp.tv [404] [GET] [text/plain] [] [] [595e88012a6521aae3e12cbebe76eb9e]
https://prod-transcode-ap-southeast-2.pscp.tv [404] [GET] [text/plain] [] [] [595e88012a6521aae3e12cbebe76eb9e]
https://prod-transcode-eu-central-1.pscp.tv [404] [GET] [text/plain] [] [] [595e88012a6521aae3e12cbebe76eb9e]
https://prod-transcode-eu-west-1.pscp.tv [404] [GET] [text/plain] [] [] [595e88012a6521aae3e12cbebe76eb9e]
https://prod-transcode-eu-west-3.pscp.tv [404] [GET] [text/plain] [] [] [595e88012a6521aae3e12cbebe76eb9e]
https://prod-transcode-proxy-ap-south-1.pscp.tv [404] [GET] [text/plain] [] [] [595e88012a6521aae3e12cbebe76eb9e]
https://prod-transcode-proxy-ap-southeast-2.pscp.tv [404] [GET] [text/plain] [] [] [595e88012a6521aae3e12cbebe76eb9e]
https://prod-transcode-proxy-eu-central-1.pscp.tv [404] [GET] [text/plain] [] [] [595e88012a6521aae3e12cbebe76eb9e]
https://prod-transcode-proxy-eu-west-1.pscp.tv [404] [GET] [text/plain] [] [] [595e88012a6521aae3e12cbebe76eb9e]
https://prod-transcode-proxy-eu-west-3.pscp.tv [404] [GET] [text/plain] [] [] [595e88012a6521aae3e12cbebe76eb9e]
https://prod-transcode-proxy-sa-east-1.pscp.tv [404] [GET] [text/plain] [] [] [595e88012a6521aae3e12cbebe76eb9e]
https://prod-transcode-proxy-us-east-1.pscp.tv [404] [GET] [text/plain] [] [] [595e88012a6521aae3e12cbebe76eb9e]
https://prod-transcode-sa-east-1.pscp.tv [404] [GET] [text/plain] [] [] [595e88012a6521aae3e12cbebe76eb9e]
https://prod-transcode-us-east-1.pscp.tv [404] [GET] [text/plain] [] [] [595e88012a6521aae3e12cbebe76eb9e]
https://prod-transcode-us-west-2.pscp.tv [404] [GET] [text/plain] [] [] [595e88012a6521aae3e12cbebe76eb9e]
https://prod-video-ap-northeast-1.pscp.tv [400] [GET] [text/html] [400 no stream name] [Varnish] [vhost] [fastly] [Fastly,Varnish] [7b558faf3616b1e266d6812cb99b75fd]
https://prod-video-ap-northeast-1.pscp.tv [400] [GET] [text/html] [400 no stream name] [Varnish] [vhost] [fastly] [Fastly,Varnish] [ef647609c3b94c24da6ec678790b642a]
https://prod-video-ap-northeast-2.pscp.tv [400] [GET] [text/html] [400 no stream name] [Varnish] [vhost] [fastly] [Fastly,Varnish] [344508e01a9a86727c984908006bf6a3]
https://prod-video-ap-northeast-2.pscp.tv [400] [GET] [text/html] [400 no stream name] [Varnish] [vhost] [fastly] [Fastly,Varnish] [4adeb4ee5d73dc60d4fcbaa4a45b7266]
https://prod-video-ap-south-1.pscp.tv [400] [GET] [text/html] [400 no stream name] [Varnish] [vhost] [fastly] [Fastly,Varnish] [7e9474e18ad8aaaa84343473ba168608]
https://prod-video-ap-south-1.pscp.tv [400] [GET] [text/html] [400 no stream name] [Varnish] [vhost] [fastly] [Fastly,Varnish] [f9a212cec660d2b04c117e04112feb63]
https://prod-video-ap-southeast-1.pscp.tv [400] [GET] [text/html] [400 no stream name] [Varnish] [vhost] [fastly] [Fastly,Varnish] [4feeee0878ceb03af40ff6b15b3c9252]
https://prod-video-ap-southeast-1.pscp.tv [400] [GET] [text/html] [400 no stream name] [Varnish] [vhost] [fastly] [Fastly,Varnish] [60ef12e6eed49ff81ebe338d2d09702b]
https://prod-video-ap-southeast-2.pscp.tv [400] [GET] [text/html] [400 no stream name] [Varnish] [vhost] [fastly] [Fastly,Varnish] [a81e55c2a445638e70d41f2f9ac5e3f7]
https://prod-video-ap-southeast-2.pscp.tv [400] [GET] [text/html] [400 no stream name] [Varnish] [vhost] [fastly] [Fastly,Varnish] [b0c819c2158e2ea7330dd6c6de0b6fd6]
https://prod-video-eu-central-1.pscp.tv [400] [GET] [text/html] [400 no stream name] [Varnish] [vhost] [fastly] [Fastly,Varnish] [6b92b6a4b9c688d958c0750c10f67060]
https://prod-video-eu-central-1.pscp.tv [400] [GET] [text/html] [400 no stream name] [Varnish] [vhost] [fastly] [Fastly,Varnish] [be47828e892c43b87800672e6fdfac22]
https://prod-video-eu-west-1.pscp.tv [400] [GET] [text/html] [400 no stream name] [Varnish] [vhost] [fastly] [Fastly,Varnish] [2885e222ade68d54fd789cb6c38b33da]
https://prod-video-eu-west-1.pscp.tv [400] [GET] [text/html] [400 no stream name] [Varnish] [vhost] [fastly] [Fastly,Varnish] [c0b029d146519664a0e4004bd2b106e4]
https://prod-video-eu-west-3.pscp.tv [400] [GET] [text/html] [400 no stream name] [Varnish] [vhost] [fastly] [Fastly,Varnish] [2a59230c49b28c9df6bf8a2eb8f7589f]
https://prod-video-eu-west-3.pscp.tv [400] [GET] [text/html] [400 no stream name] [Varnish] [vhost] [fastly] [Fastly,Varnish] [d120686ee145a20d0f286b91aa0c34c4]
https://prod-video-sa-east-1.pscp.tv [400] [GET] [text/html] [400 no stream name] [Varnish] [vhost] [fastly] [Fastly,Varnish] [0ec7a2d3059ed6fe1bc0f131f803b52b]
https://prod-video-sa-east-1.pscp.tv [400] [GET] [text/html] [400 no stream name] [Varnish] [vhost] [fastly] [Fastly,Varnish] [d5fc5902b6b61224a2c56cd3fe1216e7]
https://prod-video-us-east-1.pscp.tv [400] [GET] [text/html] [400 no stream name] [Varnish] [vhost] [fastly] [Fastly,Varnish] [4495c1a292e3192c3cb55d4f5f5b719b]
https://prod-video-us-east-1.pscp.tv [400] [GET] [text/html] [400 no stream name] [Varnish] [vhost] [fastly] [Fastly,Varnish] [6c42840bae63be2b23f225a09740cc82]
https://prod-video-us-west-1.pscp.tv [400] [GET] [text/html] [400 no stream name] [Varnish] [vhost] [fastly] [Fastly,Varnish] [3ce00a22160b4c1e474671a97242aa79]
https://prod-video-us-west-1.pscp.tv [400] [GET] [text/html] [400 no stream name] [Varnish] [vhost] [fastly] [Fastly,Varnish] [c785d34d82ccd6ae6a23dafcc97a3e1c]
https://prod-video-us-west-2.pscp.tv [400] [GET] [text/html] [400 no stream name] [Varnish] [vhost] [fastly] [Fastly,Varnish] [33a0a6eb844b8c74690fc7facf4c38d8]
https://prod-video-us-west-2.pscp.tv [400] [GET] [text/html] [400 no stream name] [Varnish] [vhost] [fastly] [Fastly,Varnish] [bc2de74cb691f876c54bbe752e1ea7f4]
https://proxsee.pscp.tv [404] [GET] [text/plain] [] [] [595e88012a6521aae3e12cbebe76eb9e]
https://pscp.tv [302] [GET] [text/plain] [] [] [vhost] [c3345ce39bc9d1cad3d922330a1c3a70]
https://safety.pscp.tv [404] [GET] [text/plain] [] [] [595e88012a6521aae3e12cbebe76eb9e]
https://sg.pscp.tv [400] [GET] [text/plain] [] [] [3073b4fb3dbc30dd1509ea9c3638987d]
https://signer-ap-northeast-1.pscp.tv [200] [GET] [application/json] [] [] [955e7eaf56cb40c3c4544b3324e53fdf]
https://signer-ap-southeast-1.pscp.tv [200] [GET] [application/json] [] [] [44678677e90ff3958cfe1632432c9ffa]
https://signer-eu-west-1.pscp.tv [200] [GET] [application/json] [] [] [c1da567631175532d893899f42e714c8]
https://signer.pscp.tv [200] [GET] [application/json] [] [] [413e1bcdb3d6ebd501b9b34db5409680]
https://signer-sa-east-1.pscp.tv [200] [GET] [application/json] [] [] [8543ed1622ac8753a302c3ecc32ee68c]
https://signer-us-west-2.pscp.tv [200] [GET] [application/json] [] [] [7dd318b3f5d8ac2d16274e0a1f86a96b]
https://test-help.pscp.tv [301] [GET] [] [] [AmazonS3] [vhost] [cloudfront] [Amazon Cloudfront,Amazon S3,Amazon Web Services] [d41d8cd98f00b204e9800998ecf8427e]
https://va.pscp.tv [400] [GET] [text/plain] [] [] [3073b4fb3dbc30dd1509ea9c3638987d]
https://vidman-ap-northeast-1.pscp.tv [400] [GET] [text/plain] [] [] [3073b4fb3dbc30dd1509ea9c3638987d]
https://vidman-ap-northeast-2.pscp.tv [400] [GET] [text/plain] [] [] [3073b4fb3dbc30dd1509ea9c3638987d]
https://vidman-ap-southeast-1.pscp.tv [400] [GET] [text/plain] [] [] [3073b4fb3dbc30dd1509ea9c3638987d]
https://vidman-ap-southeast-2.pscp.tv [400] [GET] [text/plain] [] [] [3073b4fb3dbc30dd1509ea9c3638987d]
https://vidman-eu-central-1.pscp.tv [400] [GET] [text/plain] [] [] [3073b4fb3dbc30dd1509ea9c3638987d]
https://vidman-eu-west-1.pscp.tv [400] [GET] [text/plain] [] [] [3073b4fb3dbc30dd1509ea9c3638987d]
https://vidman-eu-west-3.pscp.tv [400] [GET] [text/plain] [] [] [3073b4fb3dbc30dd1509ea9c3638987d]
https://vidman-sa-east-1.pscp.tv [400] [GET] [text/plain] [] [] [3073b4fb3dbc30dd1509ea9c3638987d]
https://vidman-us-east-1.pscp.tv [400] [GET] [text/plain] [] [] [3073b4fb3dbc30dd1509ea9c3638987d]
https://vidman-us-west-1.pscp.tv [400] [GET] [text/plain] [] [] [3073b4fb3dbc30dd1509ea9c3638987d]
https://vidman-us-west-2.pscp.tv [400] [GET] [text/plain] [] [] [3073b4fb3dbc30dd1509ea9c3638987d]
https://web-ap-northeast-1.pscp.tv [403] [GET] [text/html] [] [] [Amazon S3,Amazon Web Services] [849426656a510e49d017b16626255f12]
https://web-ap-northeast-2.pscp.tv [403] [GET] [text/html] [] [] [Amazon S3,Amazon Web Services] [849426656a510e49d017b16626255f12]
https://web-ap-south-1.pscp.tv [403] [GET] [text/html] [] [] [Amazon S3,Amazon Web Services] [849426656a510e49d017b16626255f12]
https://web-ap-southeast-1.pscp.tv [403] [GET] [text/html] [] [] [Amazon S3,Amazon Web Services] [849426656a510e49d017b16626255f12]
https://web-ap-southeast-2.pscp.tv [403] [GET] [text/html] [] [] [Amazon S3,Amazon Web Services] [849426656a510e49d017b16626255f12]
https://web-eu-central-1.pscp.tv [403] [GET] [text/html] [] [] [Amazon S3,Amazon Web Services] [849426656a510e49d017b16626255f12]
https://web-eu-west-1.pscp.tv [403] [GET] [text/html] [] [] [Amazon S3,Amazon Web Services] [849426656a510e49d017b16626255f12]
https://web.pscp.tv [403] [GET] [text/html] [] [] [Amazon S3,Amazon Web Services] [849426656a510e49d017b16626255f12]
https://web-us-east-1.pscp.tv [403] [GET] [text/html] [] [] [Amazon S3,Amazon Web Services] [849426656a510e49d017b16626255f12]
https://web-us-west-2.pscp.tv [403] [GET] [text/html] [] [] [Amazon S3,Amazon Web Services] [849426656a510e49d017b16626255f12]
https://www.pscp.tv [200] [GET] [text/html] [Watch LIVE] [] [vhost] [Amazon S3,Amazon Web Services,React] [452ac36070396eb185729b1c9fd538e6]
https://www.pscp.tv [200] [GET] [text/html] [Watch LIVE] [] [vhost] [Amazon S3,Amazon Web Services,React] [670f43bac9fd676c4214fd5f9f199978]
https://zz.pscp.tv [400] [GET] [text/plain] [] [] [3073b4fb3dbc30dd1509ea9c3638987d]
http://va.pscp.tv:1935 [400] [GET] [text/plain] [] [] [3073b4fb3dbc30dd1509ea9c3638987d]
http://vidman-ap-northeast-1.pscp.tv:1935 [400] [GET] [text/plain] [] [] [3073b4fb3dbc30dd1509ea9c3638987d]
http://vidman-ap-northeast-2.pscp.tv:1935 [400] [GET] [text/plain] [] [] [3073b4fb3dbc30dd1509ea9c3638987d]
http://vidman-ap-southeast-1.pscp.tv:1935 [400] [GET] [text/plain] [] [] [3073b4fb3dbc30dd1509ea9c3638987d]
http://vidman-ap-southeast-2.pscp.tv:1935 [400] [GET] [text/plain] [] [] [3073b4fb3dbc30dd1509ea9c3638987d]
http://vidman-eu-central-1.pscp.tv:1935 [400] [GET] [text/plain] [] [] [3073b4fb3dbc30dd1509ea9c3638987d]
http://vidman-eu-west-1.pscp.tv:1935 [400] [GET] [text/plain] [] [] [3073b4fb3dbc30dd1509ea9c3638987d]
http://vidman-eu-west-3.pscp.tv:1935 [400] [GET] [text/plain] [] [] [3073b4fb3dbc30dd1509ea9c3638987d]
http://vidman-sa-east-1.pscp.tv:1935 [400] [GET] [text/plain] [] [] [3073b4fb3dbc30dd1509ea9c3638987d]
http://vidman-us-east-1.pscp.tv:1935 [400] [GET] [text/plain] [] [] [3073b4fb3dbc30dd1509ea9c3638987d]
http://vidman-us-west-1.pscp.tv:1935 [400] [GET] [text/plain] [] [] [3073b4fb3dbc30dd1509ea9c3638987d]
http://vidman-us-west-2.pscp.tv:1935 [400] [GET] [text/plain] [] [] [3073b4fb3dbc30dd1509ea9c3638987d]
http://zz.pscp.tv:1935 [400] [GET] [text/plain] [] [] [3073b4fb3dbc30dd1509ea9c3638987d]
