http://calendar.psyonix.com [404] [GET] [text/html] [Error 404 (Not Found)!!1] [ghs] [b81150861bf911f947660cf73bce77f6]
http://cdn.psyonix.com:2082 [403] [GET] [text/html] [Attention Required! | Cloudflare] [cloudflare] [cloudflare] [Cloudflare] [bad4581b4a2d627958686fb33af0dcc4]
http://cdn.psyonix.com:2086 [403] [GET] [text/html] [Attention Required! | Cloudflare] [cloudflare] [cloudflare] [Cloudflare] [441f382ade3e2d52291be1dfc5955a50]
http://cdn.psyonix.com:2095 [403] [GET] [text/html] [Attention Required! | Cloudflare] [cloudflare] [cloudflare] [Cloudflare] [551829edbab0be815526178f103777cc]
http://cdn.psyonix.com:8080 [403] [GET] [text/html] [Attention Required! | Cloudflare] [cloudflare] [cloudflare] [Cloudflare] [338b396aaf07beeb7bf9098b995225c6]
http://cdn.psyonix.com:8880 [403] [GET] [text/html] [Attention Required! | Cloudflare] [cloudflare] [cloudflare] [Cloudflare] [f4f893f810adf614be417760d69b7648]
http://docs.psyonix.com [404] [GET] [text/html] [Error 404 (Not Found)!!1] [ghs] [b81150861bf911f947660cf73bce77f6]
http://rl-cdn.psyonix.com:2082 [403] [GET] [text/html] [Attention Required! | Cloudflare] [cloudflare] [cloudflare] [Cloudflare] [a1b8fb2c7437d1a33fa135bc861fa4fa]
http://rl-cdn.psyonix.com:2086 [403] [GET] [text/html] [Attention Required! | Cloudflare] [cloudflare] [cloudflare] [Cloudflare] [682079d007e25e70716488476810a067]
http://rl-cdn.psyonix.com:2095 [403] [GET] [text/html] [Attention Required! | Cloudflare] [cloudflare] [cloudflare] [Cloudflare] [5eaf02ac9047dd41fd6fc62a27152b65]
http://rl-cdn.psyonix.com:8080 [403] [GET] [text/html] [Attention Required! | Cloudflare] [cloudflare] [cloudflare] [Cloudflare] [7be3c884488b73f30008672bf93cfb3a]
http://rl-cdn.psyonix.com:8880 [403] [GET] [text/html] [Attention Required! | Cloudflare] [cloudflare] [cloudflare] [Cloudflare] [6835a54a86ffce2deb848d742ad0b7c0]
https://bucket.psyonix.com [403] [GET] [text/html] [403 Forbidden] [] [vhost] [0152ed695f4291488741d98ba066d280]
https://cdn.psyonix.com:2053 [403] [GET] [text/html] [Attention Required! | Cloudflare] [cloudflare] [vhost] [cloudflare] [Cloudflare] [58fe1229500fce7e5f59595b437e3a86]
https://cdn.psyonix.com:2083 [403] [GET] [text/html] [Attention Required! | Cloudflare] [cloudflare] [vhost] [cloudflare] [Cloudflare] [29c52875b1280a75b59872b2229de150]
https://cdn.psyonix.com:2087 [403] [GET] [text/html] [Attention Required! | Cloudflare] [cloudflare] [vhost] [cloudflare] [Cloudflare] [544942899b4a5e64047cc06acb6608d3]
https://cdn.psyonix.com:2096 [403] [GET] [text/html] [Attention Required! | Cloudflare] [cloudflare] [vhost] [cloudflare] [Cloudflare] [2d9af1966e68cd4d894c122ebd12df54]
https://cdn.psyonix.com [530] [GET] [text/html] [Origin DNS error | cdn.psyonix.com | Cloudflare] [cloudflare] [vhost] [cloudflare] [Cloudflare] [4686226b21de4c2f624b5a7ba20e99c7]
https://cdn.psyonix.com [530] [GET] [text/html] [Origin DNS error | cdn.psyonix.com | Cloudflare] [cloudflare] [vhost] [cloudflare] [Cloudflare] [7e64b231fd7f99428fb93f45a489318a]
https://cdn.psyonix.com:8443 [403] [GET] [text/html] [Attention Required! | Cloudflare] [cloudflare] [vhost] [cloudflare] [Cloudflare] [4cfc0bed679b01e01ed8db1e97f57262]
https://flat.psyonix.com [403] [GET] [text/html] [403] [] [google] [cf4bf23ae244e6fd5ca63598d4dcc82d]
https://mail.psyonix.com [400] [GET] [text/plain] [] [] [18d8042386b79e2c279fd162df0205c8]
https://psyonix.com [301] [GET] [text/html] [] [] [vhost] [fastly] [Varnish] [d41d8cd98f00b204e9800998ecf8427e]
https://rl-cdn.psyonix.com:2053 [403] [GET] [text/html] [Attention Required! | Cloudflare] [cloudflare] [vhost] [cloudflare] [Cloudflare] [556d48314e8dc76df4fa370ab1159916]
https://rl-cdn.psyonix.com:2083 [403] [GET] [text/html] [Attention Required! | Cloudflare] [cloudflare] [vhost] [cloudflare] [Cloudflare] [1f1e022d7e0a7b36c9760884ba921301]
https://rl-cdn.psyonix.com:2087 [403] [GET] [text/html] [Attention Required! | Cloudflare] [cloudflare] [vhost] [cloudflare] [Cloudflare] [9aae4d8fb11bb2964590b3e274155a50]
https://rl-cdn.psyonix.com:2096 [403] [GET] [text/html] [Attention Required! | Cloudflare] [cloudflare] [vhost] [cloudflare] [Cloudflare] [8f1b06ed4591ea4b94d70a9a0a5894fb]
https://rl-cdn.psyonix.com [403] [GET] [text/html] [403 Forbidden] [cloudflare] [vhost] [cloudflare] [Cloudflare] [0152ed695f4291488741d98ba066d280]
https://rl-cdn.psyonix.com [403] [GET] [text/html] [Attention Required! | Cloudflare] [cloudflare] [vhost] [cloudflare] [Cloudflare] [b70c8058d5fff87a67d51d2ca6aa40fb]
https://rl-cdn.psyonix.com:8443 [403] [GET] [text/html] [Attention Required! | Cloudflare] [cloudflare] [vhost] [cloudflare] [Cloudflare] [ffcbc0f5f06a04a150773b7011b4a2cf]
https://sarb.psyonix.com [200] [GET] [text/html] [] [Apache] [Apache] [79002be8e13bcf6b180121a1842493d9]
https://skpwgwwilw.psyonix.com [403] [GET] [text/html] [403 Forbidden] [Apache/2.4.6 (CentOS) OpenSSL/1.0.2k-fips PHP/5.4.16] [vhost] [Apache:2.4.6,CentOS,OpenSSL:1.0.2k,PHP:5.4.16] [0152ed695f4291488741d98ba066d280]
https://staging.psyonix.com:2053 [403] [GET] [text/html] [Attention Required! | Cloudflare] [cloudflare] [vhost] [cloudflare] [Cloudflare] [675435b0b49e36c5eb15b21b8ab83b88]
https://staging.psyonix.com:2083 [403] [GET] [text/html] [Attention Required! | Cloudflare] [cloudflare] [vhost] [cloudflare] [Cloudflare] [eaffee4394dbdebd33de98846cfe9d46]
https://staging.psyonix.com:2087 [403] [GET] [text/html] [Attention Required! | Cloudflare] [cloudflare] [vhost] [cloudflare] [Cloudflare] [d75c4a8de4ca971344eb6795f01366dd]
https://staging.psyonix.com:2096 [403] [GET] [text/html] [Attention Required! | Cloudflare] [cloudflare] [vhost] [cloudflare] [Cloudflare] [e4ce8cd28e8500979a0cc93d663c3af6]
https://staging.psyonix.com:8443 [403] [GET] [text/html] [Attention Required! | Cloudflare] [cloudflare] [vhost] [cloudflare] [Cloudflare] [f4709a7902e7ac97ceda8a07e99ef69d]
https://stats.psyonix.com:2053 [403] [GET] [text/html] [Attention Required! | Cloudflare] [cloudflare] [vhost] [cloudflare] [Cloudflare] [c7451c40d266e45cda05d01f9bbd9ee4]
https://stats.psyonix.com:2083 [403] [GET] [text/html] [Attention Required! | Cloudflare] [cloudflare] [vhost] [cloudflare] [Cloudflare] [56bea2cafacb4428ec9541c69df26621]
https://stats.psyonix.com:2087 [403] [GET] [text/html] [Attention Required! | Cloudflare] [cloudflare] [vhost] [cloudflare] [Cloudflare] [bf75a1444e939bf9b2bb2758220a7e10]
https://stats.psyonix.com:2096 [403] [GET] [text/html] [Attention Required! | Cloudflare] [cloudflare] [vhost] [cloudflare] [Cloudflare] [db9652865ab25d25d507b20253878c4e]
https://stats.psyonix.com [403] [GET] [text/html] [403 Forbidden] [cloudflare] [vhost] [cloudflare] [Cloudflare] [0152ed695f4291488741d98ba066d280]
https://stats.psyonix.com:8443 [403] [GET] [text/html] [Attention Required! | Cloudflare] [cloudflare] [vhost] [cloudflare] [Cloudflare] [2ae4a857de0aeba7eb22865ccf170293]
https://steam.psyonix.com:2053 [403] [GET] [text/html] [Attention Required! | Cloudflare] [cloudflare] [vhost] [cloudflare] [Cloudflare] [4ac1457ccb2a29fcbc0c8726788d6fe1]
https://steam.psyonix.com:2083 [403] [GET] [text/html] [Attention Required! | Cloudflare] [cloudflare] [vhost] [cloudflare] [Cloudflare] [69fea454477dc9ecebe44a876e79e841]
https://steam.psyonix.com:2087 [403] [GET] [text/html] [Attention Required! | Cloudflare] [cloudflare] [vhost] [cloudflare] [Cloudflare] [a7afe781b5c71be2b8988e666168ac99]
https://steam.psyonix.com [403] [GET] [text/html] [403 Forbidden] [cloudflare] [vhost] [cloudflare] [Cloudflare] [0152ed695f4291488741d98ba066d280]
https://steam.psyonix.com:8443 [403] [GET] [text/html] [Attention Required! | Cloudflare] [cloudflare] [vhost] [cloudflare] [Cloudflare] [5c6f0fd25e23cfb2665a3bb506b6abda]
http://staging.psyonix.com:2082 [403] [GET] [text/html] [Attention Required! | Cloudflare] [cloudflare] [cloudflare] [Cloudflare] [78c298cbd0b09ecbd701e258fb8b2256]
http://staging.psyonix.com:2086 [403] [GET] [text/html] [Attention Required! | Cloudflare] [cloudflare] [cloudflare] [Cloudflare] [c62c6f8ace098ddafbb38c16df24577c]
http://staging.psyonix.com:2095 [403] [GET] [text/html] [Attention Required! | Cloudflare] [cloudflare] [cloudflare] [Cloudflare] [d46edd6f27da14fa93b4fcc491c3e532]
http://staging.psyonix.com:8080 [403] [GET] [text/html] [Attention Required! | Cloudflare] [cloudflare] [cloudflare] [Cloudflare] [faf45335dd298955e0c89e70a723b6e7]
http://staging.psyonix.com:8880 [403] [GET] [text/html] [Attention Required! | Cloudflare] [cloudflare] [cloudflare] [Cloudflare] [b7eb5bf8b6095c3a2a014a1e30ec80ca]
http://stats.psyonix.com:2082 [403] [GET] [text/html] [Attention Required! | Cloudflare] [cloudflare] [cloudflare] [Cloudflare] [fbdd7a6d7fc00f02a5cca907743876dd]
http://stats.psyonix.com:2086 [403] [GET] [text/html] [Attention Required! | Cloudflare] [cloudflare] [cloudflare] [Cloudflare] [025cd8dac683b4618a607cee30e33c71]
http://stats.psyonix.com:2095 [403] [GET] [text/html] [Attention Required! | Cloudflare] [cloudflare] [cloudflare] [Cloudflare] [7d64acfea031c2d080c7138ae8221446]
http://stats.psyonix.com:8080 [403] [GET] [text/html] [Attention Required! | Cloudflare] [cloudflare] [cloudflare] [Cloudflare] [e21ac7c70ae495be9c49def5535e1514]
http://stats.psyonix.com:8880 [403] [GET] [text/html] [Attention Required! | Cloudflare] [cloudflare] [cloudflare] [Cloudflare] [60a35827f050a26f9d41526340aa9222]
http://steam.psyonix.com:2082 [403] [GET] [text/html] [Attention Required! | Cloudflare] [cloudflare] [cloudflare] [Cloudflare] [b88eefc8313749d621bcea97e7d822e2]
http://steam.psyonix.com:2086 [403] [GET] [text/html] [Attention Required! | Cloudflare] [cloudflare] [cloudflare] [Cloudflare] [70f23ee42ee292b04a0ea7b90be91a9d]
http://steam.psyonix.com:8080 [403] [GET] [text/html] [Attention Required! | Cloudflare] [cloudflare] [cloudflare] [Cloudflare] [0ad1e576b5ef1d19a4ab302e1b31a18b]
http://steam.psyonix.com:8880 [403] [GET] [text/html] [Attention Required! | Cloudflare] [cloudflare] [cloudflare] [Cloudflare] [40ff0837a7fbb41151316aa35a56a533]
https://www.psyonix.com [200] [GET] [text/html] [About Psyonix | Psyonix] [nginx] [vhost] [fastly] [Fastly,Nginx,Typekit,Varnish] [0944b3a2307fab2f18dfcb8f5d7fa3d6]
https://zendesk1.psyonix.com:2083 [403] [GET] [text/html] [Attention Required! | Cloudflare] [cloudflare] [vhost] [cloudflare] [Cloudflare] [8fb993549d822e0a73a2e4cb351b1436]
https://zendesk1.psyonix.com:2087 [403] [GET] [text/html] [Attention Required! | Cloudflare] [cloudflare] [vhost] [cloudflare] [Cloudflare] [5b70040361c77059dde7cd76f64df813]
https://zendesk1.psyonix.com:8443 [403] [GET] [text/html] [Attention Required! | Cloudflare] [cloudflare] [vhost] [cloudflare] [Cloudflare] [71f33ec8d1359c69766dc50a76566a3e]
https://zendesk2.psyonix.com:2053 [403] [GET] [text/html] [Attention Required! | Cloudflare] [cloudflare] [vhost] [cloudflare] [Cloudflare] [26a87606b46c730979bbcd82b0b1484f]
https://zendesk2.psyonix.com:2083 [403] [GET] [text/html] [Attention Required! | Cloudflare] [cloudflare] [vhost] [cloudflare] [Cloudflare] [96a6d089f46da87e8f95f5cbe5f95a6d]
https://zendesk2.psyonix.com:2087 [403] [GET] [text/html] [Attention Required! | Cloudflare] [cloudflare] [vhost] [cloudflare] [Cloudflare] [04b8ca2e9553fca04fc636a61eee7496]
https://zendesk2.psyonix.com [403] [GET] [text/plain] [] [cloudflare] [vhost] [cloudflare] [Cloudflare] [1e592c666f49ec5d3c8933c571646d79]
https://zendesk2.psyonix.com:8443 [403] [GET] [text/html] [Attention Required! | Cloudflare] [cloudflare] [vhost] [cloudflare] [Cloudflare] [666d7fac7cbaaf6532af309790fbb03e]
https://zendesk3.psyonix.com:2053 [403] [GET] [text/html] [Attention Required! | Cloudflare] [cloudflare] [vhost] [cloudflare] [Cloudflare] [d06a50d7cb6d3a0134ac9af7b2ad8e69]
https://zendesk3.psyonix.com:2083 [403] [GET] [text/html] [Attention Required! | Cloudflare] [cloudflare] [vhost] [cloudflare] [Cloudflare] [eb1b7a0d83f144372c0215e870572a50]
https://zendesk3.psyonix.com:2087 [403] [GET] [text/html] [Attention Required! | Cloudflare] [cloudflare] [vhost] [cloudflare] [Cloudflare] [045888266d21f595bb69602ddff4dcee]
https://zendesk3.psyonix.com [403] [GET] [text/plain] [] [cloudflare] [vhost] [cloudflare] [Cloudflare] [1e592c666f49ec5d3c8933c571646d79]
https://zendesk3.psyonix.com:8443 [403] [GET] [text/html] [Attention Required! | Cloudflare] [cloudflare] [vhost] [cloudflare] [Cloudflare] [98997e72a34e4fd544996433846a2d78]
https://zendesk4.psyonix.com:2053 [403] [GET] [text/html] [Attention Required! | Cloudflare] [cloudflare] [vhost] [cloudflare] [Cloudflare] [9579c54054491d630e3b2ef6f8017e6f]
https://zendesk4.psyonix.com:2083 [403] [GET] [text/html] [Attention Required! | Cloudflare] [cloudflare] [vhost] [cloudflare] [Cloudflare] [c63b450b9bff4501676aac6922d3071d]
https://zendesk4.psyonix.com:2087 [403] [GET] [text/html] [Attention Required! | Cloudflare] [cloudflare] [vhost] [cloudflare] [Cloudflare] [d9cc9de17e8638d8367bf26a89c9314a]
https://zendesk4.psyonix.com [403] [GET] [text/html] [Attention Required! | Cloudflare] [cloudflare] [vhost] [cloudflare] [Cloudflare] [08151752ce0d0de909431327c6536707]
https://zendesk4.psyonix.com [403] [GET] [text/plain] [] [cloudflare] [vhost] [cloudflare] [Cloudflare] [1e592c666f49ec5d3c8933c571646d79]
https://zendesk4.psyonix.com:8443 [403] [GET] [text/html] [Attention Required! | Cloudflare] [cloudflare] [vhost] [cloudflare] [Cloudflare] [89db917d035e8d9d2bf99d725b73fd9c]
http://wiki.psyonix.com [404] [GET] [text/html] [Error 404 (Not Found)!!1] [ghs] [b81150861bf911f947660cf73bce77f6]
http://zendesk1.psyonix.com:2082 [403] [GET] [text/html] [Attention Required! | Cloudflare] [cloudflare] [cloudflare] [Cloudflare] [0ca5342351333564d11bcef38ab6835d]
http://zendesk1.psyonix.com [403] [GET] [text/html] [Attention Required! | Cloudflare] [cloudflare] [cloudflare] [Cloudflare] [059fef84b152c94c68cef261323d9252]
http://zendesk1.psyonix.com:8080 [403] [GET] [text/html] [Attention Required! | Cloudflare] [cloudflare] [cloudflare] [Cloudflare] [ed7b9a1111c10abca8b315cc3f5932ac]
http://zendesk1.psyonix.com:8880 [403] [GET] [text/html] [Attention Required! | Cloudflare] [cloudflare] [cloudflare] [Cloudflare] [0d366c2a1b73c0a315221b2b07f90821]
http://zendesk2.psyonix.com:2082 [403] [GET] [text/html] [Attention Required! | Cloudflare] [cloudflare] [cloudflare] [Cloudflare] [44cf5669dea6701cc03cacfa70224129]
http://zendesk2.psyonix.com:2086 [403] [GET] [text/html] [Attention Required! | Cloudflare] [cloudflare] [cloudflare] [Cloudflare] [c7dd3d37a5dba6794c740758f37e6536]
http://zendesk2.psyonix.com:8080 [403] [GET] [text/html] [Attention Required! | Cloudflare] [cloudflare] [cloudflare] [Cloudflare] [98416869cb7c220001d08f46336c6d35]
http://zendesk2.psyonix.com:8880 [403] [GET] [text/html] [Attention Required! | Cloudflare] [cloudflare] [cloudflare] [Cloudflare] [d5b7ef3de5f4a6973974048ec24812b0]
http://zendesk3.psyonix.com:2082 [403] [GET] [text/html] [Attention Required! | Cloudflare] [cloudflare] [cloudflare] [Cloudflare] [4da1b7d90e8942117d4497860822aa98]
http://zendesk3.psyonix.com:2086 [403] [GET] [text/html] [Attention Required! | Cloudflare] [cloudflare] [cloudflare] [Cloudflare] [eff86c4a0cda433119b7a9ad5d4cbd75]
http://zendesk3.psyonix.com:8080 [403] [GET] [text/html] [Attention Required! | Cloudflare] [cloudflare] [cloudflare] [Cloudflare] [e08dc3be1ddc06cb486f3b6cc2fe1b38]
http://zendesk3.psyonix.com:8880 [403] [GET] [text/html] [Attention Required! | Cloudflare] [cloudflare] [cloudflare] [Cloudflare] [c7c7134b58dedd44a59efe99b7c61ccf]
http://zendesk4.psyonix.com:2082 [403] [GET] [text/html] [Attention Required! | Cloudflare] [cloudflare] [cloudflare] [Cloudflare] [1abaeaf222b52dc5f1d1c9b0e4bca6ba]
http://zendesk4.psyonix.com:2086 [403] [GET] [text/html] [Attention Required! | Cloudflare] [cloudflare] [cloudflare] [Cloudflare] [f13df2afb6cdf8a46cde480eb2cfcdf9]
http://zendesk4.psyonix.com:8080 [403] [GET] [text/html] [Attention Required! | Cloudflare] [cloudflare] [cloudflare] [Cloudflare] [f78cbf50a0a26e21885dd4f8a476b4b9]
http://zendesk4.psyonix.com:8880 [403] [GET] [text/html] [Attention Required! | Cloudflare] [cloudflare] [cloudflare] [Cloudflare] [38c3fea0b32644e0c03645ac8a6d3699]
