http://api.rai.finance:2083 [400] [GET] [text/html] [400 The plain HTTP request was sent to HTTPS port] [cloudflare] [cloudflare] [Cloudflare] [20ad84d030031252141ca0b3fc0183f0]
http://api.rai.finance:2087 [400] [GET] [text/html] [400 The plain HTTP request was sent to HTTPS port] [cloudflare] [cloudflare] [Cloudflare] [cd58783500d7fa3c58f88eb0ba22f4f8]
http://docs.rai.finance:2082 [302] [GET] [] [] [cloudflare] [vhost] [cloudflare] [Cloudflare] [d41d8cd98f00b204e9800998ecf8427e]
http://docs.rai.finance:2086 [302] [GET] [] [] [cloudflare] [vhost] [cloudflare] [Cloudflare] [d41d8cd98f00b204e9800998ecf8427e]
http://docs.rai.finance:8080 [302] [GET] [] [] [cloudflare] [vhost] [cloudflare] [Cloudflare] [d41d8cd98f00b204e9800998ecf8427e]
http://docs.rai.finance:8880 [302] [GET] [] [] [cloudflare] [vhost] [cloudflare] [Cloudflare] [d41d8cd98f00b204e9800998ecf8427e]
http://prodapi.rai.finance:2083 [400] [GET] [text/html] [400 The plain HTTP request was sent to HTTPS port] [cloudflare] [cloudflare] [Cloudflare] [20ad84d030031252141ca0b3fc0183f0]
http://prodapi.rai.finance:2087 [400] [GET] [text/html] [400 The plain HTTP request was sent to HTTPS port] [cloudflare] [cloudflare] [Cloudflare] [20ad84d030031252141ca0b3fc0183f0]
https://api.rai.finance [502] [GET] [text/html] [502 Bad Gateway] [cloudflare] [vhost] [cloudflare] [Cloudflare,Cloudflare Network Error Logging] [f8722bb4476990cf85aea599f63becc4]
https://app.rai.finance [200] [GET] [text/html] [RAI Finance] [Netlify] [vhost] [Netlify] [b54b864d96ef832ca6d14fe77a911dbb]
https://betapro.rai.finance [200] [GET] [text/html] [RAI Finance] [Netlify] [vhost] [Netlify] [6157354ef39061dea6332c37d56dc205]
https://docs.rai.finance:2053 [302] [GET] [text/plain] [] [cloudflare] [vhost] [cloudflare] [Algolia,Cloudflare,Google Cloud,Google Cloud Trace] [dab615361a19e3ef0da0ef0f91c64628]
https://docs.rai.finance:2083 [302] [GET] [text/plain] [] [cloudflare] [vhost] [cloudflare] [Algolia,Cloudflare,Google Cloud,Google Cloud Trace] [dab615361a19e3ef0da0ef0f91c64628]
https://docs.rai.finance:2087 [302] [GET] [text/plain] [] [cloudflare] [vhost] [cloudflare] [Algolia,Cloudflare,Google Cloud,Google Cloud Trace] [dab615361a19e3ef0da0ef0f91c64628]
https://docs.rai.finance [302] [GET] [text/plain] [] [cloudflare] [vhost] [cloudflare] [Algolia,Cloudflare,Google Cloud,Google Cloud Trace] [dab615361a19e3ef0da0ef0f91c64628]
https://docs.rai.finance:8443 [302] [GET] [text/plain] [] [cloudflare] [vhost] [cloudflare] [Algolia,Cloudflare,Google Cloud,Google Cloud Trace] [dab615361a19e3ef0da0ef0f91c64628]
https://pro.app.rai.finance [200] [GET] [text/html] [RAI Finance] [Netlify] [vhost] [google] [Netlify] [972302d402b7a1fb5f14b0d30bd4582b]
https://prodapi.rai.finance [404] [GET] [text/plain] [] [cloudflare] [vhost] [cloudflare] [Cloudflare,Cloudflare Network Error Logging] [3be7b8b182ccd96e48989b4e57311193]
https://rai.finance [200] [GET] [text/html] [RAI Finance] [Netlify] [vhost] [Netlify,React] [51dc251ce9d9b3439ae03496857ebad3]
https://sofi.rai.finance [200] [GET] [text/html] [RAI Finance] [Netlify] [vhost] [google] [Netlify] [95d1b3d8db9165f27148e2925245a6da]
https://staging.app.rai.finance [200] [GET] [text/html] [RAI Finance] [Netlify] [vhost] [google] [Netlify] [4039ad760e28a991df6d8185a573c690]
https://supply.rai.finance [200] [GET] [text/html] [] [cloudflare] [vhost] [cloudflare] [Cloudflare,Cloudflare Network Error Logging] [f0c02bf55676612b269f970adca0c095]
https://swap.rai.finance [200] [GET] [text/html] [] [cloudflare] [vhost] [cloudflare] [Cloudflare,Cloudflare Network Error Logging] [1ccae647ef2e611ac1e713de64b53446]
http://supply.rai.finance:2083 [400] [GET] [text/html] [400 The plain HTTP request was sent to HTTPS port] [cloudflare] [cloudflare] [Cloudflare] [cd58783500d7fa3c58f88eb0ba22f4f8]
http://supply.rai.finance:2087 [400] [GET] [text/html] [400 The plain HTTP request was sent to HTTPS port] [cloudflare] [cloudflare] [Cloudflare] [cd58783500d7fa3c58f88eb0ba22f4f8]
http://swap.rai.finance:2083 [400] [GET] [text/html] [400 The plain HTTP request was sent to HTTPS port] [cloudflare] [cloudflare] [Cloudflare] [cd58783500d7fa3c58f88eb0ba22f4f8]
http://swap.rai.finance:2087 [400] [GET] [text/html] [400 The plain HTTP request was sent to HTTPS port] [cloudflare] [cloudflare] [Cloudflare] [20ad84d030031252141ca0b3fc0183f0]
https://www.rai.finance [301] [GET] [text/plain] [] [Netlify] [vhost] [Netlify] [251dde41c854f932051eef87df14c4e2]
