https://a.thumbs.redditmedia.com [404] [GET] [text/plain] [] [snooserv] [vhost] [fastly] [Varnish] [1e6cd917ed71a1241e4bedc29264bd98]
https://b.thumbs.redditmedia.com [404] [GET] [text/plain] [] [snooserv] [vhost] [fastly] [Varnish] [1e6cd917ed71a1241e4bedc29264bd98]
https://c.thumbs.redditmedia.com [404] [GET] [text/plain] [] [snooserv] [vhost] [fastly] [Varnish] [1e6cd917ed71a1241e4bedc29264bd98]
https://diagnostics.redditmedia.com [404] [GET] [text/plain] [] [] [124d5094cf7219507162d45f87235946]
https://d.thumbs.redditmedia.com [404] [GET] [text/plain] [] [snooserv] [vhost] [fastly] [Varnish] [1e6cd917ed71a1241e4bedc29264bd98]
https://embed.redditmedia.com [403] [GET] [application/xml] [] [snooserv] [vhost] [fastly] [Varnish] [92427b64dbb7df99301f803438aa68f4]
https://embed.redditmedia.com [403] [GET] [application/xml] [] [snooserv] [vhost] [fastly] [Varnish] [ced6fced3d72e3ad5d5e501a36ba2d20]
https://emoji.redditmedia.com [404] [GET] [text/plain] [] [snooserv] [vhost] [fastly] [Varnish] [1e6cd917ed71a1241e4bedc29264bd98]
https://e.thumbs.redditmedia.com [404] [GET] [text/plain] [] [snooserv] [vhost] [fastly] [Varnish] [1e6cd917ed71a1241e4bedc29264bd98]
https://events.redditmedia.com [404] [GET] [text/plain] [] [] [d41d8cd98f00b204e9800998ecf8427e]
https://events-test.redditmedia.com [404] [GET] [text/plain] [] [] [d41d8cd98f00b204e9800998ecf8427e]
https://events-test-v2.redditmedia.com [404] [GET] [text/plain] [] [] [d41d8cd98f00b204e9800998ecf8427e]
https://events-v2.redditmedia.com [404] [GET] [text/plain] [] [] [d41d8cd98f00b204e9800998ecf8427e]
https://f.thumbs.redditmedia.com [404] [GET] [text/plain] [] [snooserv] [vhost] [fastly] [Varnish] [1e6cd917ed71a1241e4bedc29264bd98]
https://g.redditmedia.com [301] [GET] [] [] [Varnish] [vhost] [fastly] [Varnish] [d41d8cd98f00b204e9800998ecf8427e]
https://i.redditmedia.com [301] [GET] [] [] [Varnish] [vhost] [fastly] [Varnish] [d41d8cd98f00b204e9800998ecf8427e]
https://live.redditmedia.com [301] [GET] [] [] [snooserv] [vhost] [fastly] [Varnish] [d41d8cd98f00b204e9800998ecf8427e]
https://meta.redditmedia.com [301] [GET] [] [] [snooserv] [vhost] [fastly] [Varnish] [d41d8cd98f00b204e9800998ecf8427e]
https://oops.redditmedia.com [404] [GET] [application/json] [] [] [vhost] [689525ee6c812e73a44b6aa1036ab53a]
https://rebed.redditmedia.com [704] [GET] [text/html] [704 reddit internal] [snooserv] [vhost] [fastly] [Varnish] [240b205a879afac45982774a5e75f6c2]
https://rebed.redditmedia.com [704] [GET] [text/html] [704 reddit internal] [snooserv] [vhost] [fastly] [Varnish] [9a84dadb4076c9872f866cd8895d4004]
https://redditmedia.com [301] [GET] [] [] [snooserv] [vhost] [fastly] [Varnish] [d41d8cd98f00b204e9800998ecf8427e]
https://sendbirdproxyk8s.chat.redditmedia.com [200] [GET] [application/json] [] [nginx] [Nginx] [7461c3fca50d16a4ec2cca1d3d9e28bb]
https://styles.redditmedia.com [404] [GET] [text/plain] [] [snooserv] [vhost] [fastly] [Varnish] [1e6cd917ed71a1241e4bedc29264bd98]
https://www.redditmedia.com [200] [GET] [text/html] [reddit: the front page of the internet] [snooserv] [vhost] [fastly] [Varnish] [5fb3a82a90f205eab5c69ac7fa9825c3]
https://www.redditmedia.com [200] [GET] [text/html] [reddit: the front page of the internet] [snooserv] [vhost] [fastly] [Varnish] [95b64069275a552f6e5733fa49279031]
