http://dev.revest.finance:2082 [302] [GET] [] [] [cloudflare] [vhost] [cloudflare] [Cloudflare] [d41d8cd98f00b204e9800998ecf8427e]
http://dev.revest.finance:2086 [302] [GET] [] [] [cloudflare] [vhost] [cloudflare] [Cloudflare] [d41d8cd98f00b204e9800998ecf8427e]
http://dev.revest.finance:8080 [302] [GET] [] [] [cloudflare] [vhost] [cloudflare] [Cloudflare] [d41d8cd98f00b204e9800998ecf8427e]
http://dev.revest.finance:8880 [302] [GET] [] [] [cloudflare] [vhost] [cloudflare] [Cloudflare] [d41d8cd98f00b204e9800998ecf8427e]
http://docs.revest.finance:2082 [302] [GET] [] [] [cloudflare] [vhost] [cloudflare] [Cloudflare] [d41d8cd98f00b204e9800998ecf8427e]
http://docs.revest.finance:2086 [302] [GET] [] [] [cloudflare] [vhost] [cloudflare] [Cloudflare] [d41d8cd98f00b204e9800998ecf8427e]
http://docs.revest.finance:8080 [302] [GET] [] [] [cloudflare] [vhost] [cloudflare] [Cloudflare] [d41d8cd98f00b204e9800998ecf8427e]
http://docs.revest.finance:8880 [302] [GET] [] [] [cloudflare] [vhost] [cloudflare] [Cloudflare] [d41d8cd98f00b204e9800998ecf8427e]
https://api.revest.finance [404] [GET] [text/html] [Error] [nginx/1.20.0] [Express,Nginx:1.20.0,Node.js] [da7da7d630292e7a2a7dda8ca87b3d39]
https://app.revest.finance [200] [GET] [text/html] [Revest Finance] [Vercel] [vhost] [Google Tag Manager,Vercel] [99bc5c31605f1e1e08a43711102b8aae]
https://dev.revest.finance [200] [GET] [text/html] [Revest Developer Documentation - Revest Developer Documents] [cloudflare] [vhost] [cloudflare] [Algolia,Cloudflare,Google Cloud,Google Cloud Trace,React] [0070ab4118f6e5d7fd4106915e6b35c8]
https://dev.revest.finance:2053 [200] [GET] [text/html] [Revest Developer Documentation - Revest Developer Documents] [cloudflare] [vhost] [cloudflare] [Algolia,Cloudflare,Google Cloud,Google Cloud Trace,React] [d43259d8b6bc725f7f662ee53e3ddc1b]
https://dev.revest.finance:2083 [200] [GET] [text/html] [Revest Developer Documentation - Revest Developer Documents] [cloudflare] [vhost] [cloudflare] [Algolia,Cloudflare,Google Cloud,Google Cloud Trace,React] [13109dcb678575ad8789e0d908311a8f]
https://dev.revest.finance:2087 [200] [GET] [text/html] [Revest Developer Documentation - Revest Developer Documents] [cloudflare] [vhost] [cloudflare] [Algolia,Cloudflare,Google Cloud,Google Cloud Trace,React] [f4160117d5321f71473318ffd405d9c7]
https://dev.revest.finance:8443 [200] [GET] [text/html] [Revest Developer Documentation - Revest Developer Documents] [cloudflare] [vhost] [cloudflare] [Algolia,Cloudflare,Google Cloud,Google Cloud Trace,React] [a5bea535f7ba4e44a8669643ba222afa]
https://docs.revest.finance [200] [GET] [text/html] [Revest Finance - Revest Protocol Documentation] [cloudflare] [vhost] [cloudflare] [Algolia,Cloudflare,Google Cloud,Google Cloud Trace,React] [8f024b8ac78d9af5cdf6be8b27d3074b]
https://docs.revest.finance:2083 [200] [GET] [text/html] [Revest Finance - Revest Protocol Documentation] [cloudflare] [vhost] [cloudflare] [Algolia,Cloudflare,Google Cloud,Google Cloud Trace,React] [235d4a9a83fea061889ac07be4ccde9e]
https://docs.revest.finance:2087 [200] [GET] [text/html] [Revest Finance - Revest Protocol Documentation] [cloudflare] [vhost] [cloudflare] [Algolia,Cloudflare,Google Cloud,Google Cloud Trace,React] [c9a148f7ce87243c29ed0e3b6296353e]
https://docs.revest.finance:8443 [200] [GET] [text/html] [Revest Finance - Revest Protocol Documentation] [cloudflare] [vhost] [cloudflare] [Algolia,Cloudflare,Google Cloud,Google Cloud Trace,React] [d1bb47daf120c9c74ff55b60c5711e0d]
https://lambda.revest.finance [404] [GET] [text/plain] [] [Vercel] [vhost] [Vercel] [d4ac7f1bba70ba87c56e6d93092b7cca]
https://revest.finance [200] [GET] [text/html] [Revest] [Vercel] [vhost] [Google Tag Manager,Vercel] [748af59e3344acc3736cddfdb5032db2]
https://www.revest.finance [308] [GET] [text/plain] [] [Vercel] [vhost] [Vercel] [246fe1779d279e1d1204d10ae45612dc]
