http://autodiscover.cn.roblox.com [301] [GET] [] [] [Microsoft-IIS/10.0] [vhost] [IIS:10.0,Microsoft ASP.NET,Windows Server] [d41d8cd98f00b204e9800998ecf8427e]
http://career.roblox.com [403] [GET] [text/html] [ERROR: The request could not be satisfied] [CloudFront] [cloudfront] [Amazon Cloudfront,Amazon Web Services] [6308e115d2836e963e92793e83f6a82b]
http://en.help.roblox.com:8443 [400] [GET] [text/html] [400 The plain HTTP request was sent to HTTPS port] [cloudflare] [cloudflare] [Cloudflare] [20ad84d030031252141ca0b3fc0183f0]
http://ir.roblox.com:8080 [403] [GET] [text/html] [Attention Required! | Cloudflare] [cloudflare] [vhost] [cloudflare] [Cloudflare,Cloudflare Bot Management] [5f98a247e385d92679b46dc663d0ba44]
http://job.roblox.com [403] [GET] [text/html] [ERROR: The request could not be satisfied] [CloudFront] [cloudfront] [Amazon Cloudfront,Amazon Web Services] [14fd19db2ff03468e9b53a8b9533aa58]
http://mail.roblox.com [301] [GET] [text/html] [301 Moved] [ghs] [vhost] [d7c0962bdde0430e179322fbf04fd2f0]
http://rjobs.roblox.com [403] [GET] [text/html] [ERROR: The request could not be satisfied] [CloudFront] [cloudfront] [Amazon Cloudfront,Amazon Web Services] [acadbe0bd531a0b1e1b5882d89603dfb]
https://abtesting.roblox.com [200] [GET] [application/json] [] [] [vhost] [ba518e7bb13f1b9d72a0569a52fc2832]
https://accountinformation.roblox.com [200] [GET] [application/json] [] [] [ba518e7bb13f1b9d72a0569a52fc2832]
https://accountinformation.roblox.com [200] [GET] [application/json] [] [] [vhost] [ba518e7bb13f1b9d72a0569a52fc2832]
https://accountsettings.roblox.com [200] [GET] [application/json] [] [] [vhost] [ba518e7bb13f1b9d72a0569a52fc2832]
https://adconfiguration.roblox.com [200] [GET] [application/json] [] [] [vhost] [ba518e7bb13f1b9d72a0569a52fc2832]
https://ads.roblox.com [200] [GET] [application/json] [] [] [vhost] [ba518e7bb13f1b9d72a0569a52fc2832]
https://affiliates.roblox.com [404] [GET] [text/html] [] [] [e48588dce09e3aa6eb4e2c2111c0c5ad]
https://ams1-128-116-121-3.roblox.com [404] [GET] [text/html] [] [] [e48588dce09e3aa6eb4e2c2111c0c5ad]
https://api.roblox.com [403] [GET] [] [] [Microsoft-IIS/8.5] [vhost] [IIS:8.5,Microsoft ASP.NET,Windows Server] [56869c5e17da94ac05595adca47d80d2]
https://apis.rcs.roblox.com [404] [GET] [text/plain] [] [] [595e88012a6521aae3e12cbebe76eb9e]
https://apis.rcs.roblox.com [404] [GET] [text/plain] [] [] [vhost] [595e88012a6521aae3e12cbebe76eb9e]
https://apis.roblox.com [404] [GET] [] [] [Kestrel] [vhost] [Kestrel,Microsoft ASP.NET] [d41d8cd98f00b204e9800998ecf8427e]
https://ash1-128-116-114-3.roblox.com [404] [GET] [text/html] [] [] [e48588dce09e3aa6eb4e2c2111c0c5ad]
https://assetdelivery.roblox.com [200] [GET] [application/json] [] [] [vhost] [ba518e7bb13f1b9d72a0569a52fc2832]
https://assetgame.roblox.com [301] [GET] [text/html] [Object moved] [] [vhost] [5faa8e3e1b0320ed7563f74de36dfee8]
https://atl1-128-116-99-3.roblox.com [404] [GET] [text/html] [] [] [e48588dce09e3aa6eb4e2c2111c0c5ad]
https://auth.roblox.com [200] [GET] [application/json] [] [] [vhost] [ba518e7bb13f1b9d72a0569a52fc2832]
https://authsite.roblox.com [404] [GET] [text/html] [] [] [e48588dce09e3aa6eb4e2c2111c0c5ad]
https://avatar.roblox.com [200] [GET] [application/json] [] [] [vhost] [ba518e7bb13f1b9d72a0569a52fc2832]
https://badges.roblox.com [200] [GET] [application/json] [] [] [vhost] [ba518e7bb13f1b9d72a0569a52fc2832]
https://billing.roblox.com [200] [GET] [application/json] [] [] [vhost] [ba518e7bb13f1b9d72a0569a52fc2832]
https://blog.roblox.com [200] [GET] [text/html] [Roblox Blog - All the latest news direct from Roblox employees.] [nginx] [vhost] [Font Awesome,MySQL,Nginx,PHP,WP Engine,WordPress,Yoast SEO Premium:6.0] [ee1a113da310dc040f80ae6554b830e8]
https://bloxcon.roblox.com [301] [GET] [text/html] [301 Moved Permanently] [awselb/2.0] [vhost] [4aa7a432bb447f094408f1bd6229c605]
https://bronze.roblox.com [404] [GET] [text/html] [] [] [e48588dce09e3aa6eb4e2c2111c0c5ad]
https://c0.roblox.com [403] [GET] [application/xml] [] [AmazonS3] [vhost] [Amazon S3,Amazon Web Services] [5a22e8c1a7fdeeb924bc042a903fce87]
https://c0.roblox.com [403] [GET] [application/xml] [] [AmazonS3] [vhost] [Amazon S3,Amazon Web Services] [9261e372a1096c9a4278e154ae3b5fdc]
https://c1-cf.roblox.com [403] [GET] [application/xml] [] [AmazonS3] [vhost] [cloudfront] [Amazon Cloudfront,Amazon S3,Amazon Web Services] [36c0683a35345dd54c0ebd8648b2ef45]
https://c1-cf.roblox.com [403] [GET] [application/xml] [] [AmazonS3] [vhost] [cloudfront] [Amazon Cloudfront,Amazon S3,Amazon Web Services] [82d443e176e0a22c7f5996bc309b582f]
https://c1.roblox.com [403] [GET] [application/xml] [] [AmazonS3] [vhost] [Amazon S3,Amazon Web Services] [59f86e3b980266c0ad53aee6c66540c8]
https://c1.roblox.com [403] [GET] [application/xml] [] [AmazonS3] [vhost] [Amazon S3,Amazon Web Services] [d40291229495ec6021ca8b982687bc3f]
https://c2-cf.roblox.com [403] [GET] [application/xml] [] [AmazonS3] [vhost] [cloudfront] [Amazon Cloudfront,Amazon S3,Amazon Web Services] [40522bb6d1ede4e7a177ff44aee11c84]
https://c2-cf.roblox.com [403] [GET] [application/xml] [] [AmazonS3] [vhost] [cloudfront] [Amazon Cloudfront,Amazon S3,Amazon Web Services] [8c4cf771593b4dcf0e97e5eae629a102]
https://c2.roblox.com [403] [GET] [application/xml] [] [AmazonS3] [vhost] [Amazon S3,Amazon Web Services] [276ac16977dd34ca8bb7390be5e77021]
https://c2.roblox.com [403] [GET] [application/xml] [] [AmazonS3] [vhost] [Amazon S3,Amazon Web Services] [6bc364eb3d1a5a6ee21673aeff2a3d63]
https://c3-cf.roblox.com [403] [GET] [application/xml] [] [AmazonS3] [vhost] [cloudfront] [Amazon Cloudfront,Amazon S3,Amazon Web Services] [4c86fc4edac38e4d892292da34508925]
https://c3-cf.roblox.com [403] [GET] [application/xml] [] [AmazonS3] [vhost] [cloudfront] [Amazon Cloudfront,Amazon S3,Amazon Web Services] [7f9b2978f8f9f36a4bcba455f1921434]
https://c3.roblox.com [403] [GET] [application/xml] [] [AmazonS3] [vhost] [Amazon S3,Amazon Web Services] [1c98395500adf8150780194344af036a]
https://c3.roblox.com [403] [GET] [application/xml] [] [AmazonS3] [vhost] [Amazon S3,Amazon Web Services] [d82c1ecd5bc6d7770110f16e2bb41316]
https://c4.roblox.com [403] [GET] [application/xml] [] [AmazonS3] [vhost] [Amazon S3,Amazon Web Services] [1c2a8122d51736b3b12cfae71e409e46]
https://c4.roblox.com [403] [GET] [application/xml] [] [AmazonS3] [vhost] [Amazon S3,Amazon Web Services] [b5525c01bbc4defc6aaeb421ea30cff1]
https://c5-cf.roblox.com [403] [GET] [application/xml] [] [AmazonS3] [vhost] [cloudfront] [Amazon Cloudfront,Amazon S3,Amazon Web Services] [10f17d56b7478a1954bd37fa8ead45dd]
https://c5-cf.roblox.com [403] [GET] [application/xml] [] [AmazonS3] [vhost] [cloudfront] [Amazon Cloudfront,Amazon S3,Amazon Web Services] [64c20d87492ad52e166ed8a8c7c9aecb]
https://c5.roblox.com [403] [GET] [application/xml] [] [AmazonS3] [vhost] [Amazon S3,Amazon Web Services] [4f7119b0b29079dd3241ac70a4a11590]
https://c5.roblox.com [403] [GET] [application/xml] [] [AmazonS3] [vhost] [Amazon S3,Amazon Web Services] [faf278f6ce250a5c9dcd3eceb10ce463]
https://c6-cf.roblox.com [403] [GET] [application/xml] [] [AmazonS3] [vhost] [cloudfront] [Amazon Cloudfront,Amazon S3,Amazon Web Services] [8e3e1e218ad2d12afcb1a4614ff5ead7]
https://c6-cf.roblox.com [403] [GET] [application/xml] [] [AmazonS3] [vhost] [cloudfront] [Amazon Cloudfront,Amazon S3,Amazon Web Services] [a2fecbd9e268fec3f25e08e6a7c252f3]
https://c6.roblox.com [403] [GET] [application/xml] [] [AmazonS3] [vhost] [Amazon S3,Amazon Web Services] [7c56296b0e0d59d9fbd6b10938d32f86]
https://c6.roblox.com [403] [GET] [application/xml] [] [AmazonS3] [vhost] [Amazon S3,Amazon Web Services] [ad323cf7a00aad63c1a6fd4e5c882610]
https://c7-cf.roblox.com [403] [GET] [application/xml] [] [AmazonS3] [vhost] [cloudfront] [Amazon Cloudfront,Amazon S3,Amazon Web Services] [cd6d570fe7e9193922291efaf2bc0e90]
https://c7-cf.roblox.com [403] [GET] [application/xml] [] [AmazonS3] [vhost] [cloudfront] [Amazon Cloudfront,Amazon S3,Amazon Web Services] [d18c8697aac9e6ee176ead175c84d75a]
https://c7.roblox.com [403] [GET] [application/xml] [] [AmazonS3] [vhost] [Amazon S3,Amazon Web Services] [e28d2f4c62ff5cbb2a322c7fbbe62766]
https://c7.roblox.com [403] [GET] [application/xml] [] [AmazonS3] [vhost] [Amazon S3,Amazon Web Services] [fb6482b63ec19e30be47db3144d67616]
https://captcha.roblox.com [404] [GET] [text/html] [] [] [e48588dce09e3aa6eb4e2c2111c0c5ad]
https://careers.roblox.com [200] [GET] [text/html] [Roblox Careers] [nginx] [vhost] [Bootstrap,Elementor,Google Font API,MySQL,Nginx,PHP,WP Engine,WordPress,Yoast SEO:18.0] [3af490808bd0aed38a74f1a9cd0687fa]
https://catalog.roblox.com [200] [GET] [application/json] [] [] [vhost] [ba518e7bb13f1b9d72a0569a52fc2832]
https://cdg1-128-116-122-3.roblox.com [404] [GET] [text/html] [] [] [e48588dce09e3aa6eb4e2c2111c0c5ad]
https://cdnproviders.roblox.com [404] [GET] [text/html] [] [] [vhost] [e48588dce09e3aa6eb4e2c2111c0c5ad]
https://chatmoderation.roblox.com [200] [GET] [application/json] [] [] [vhost] [ba518e7bb13f1b9d72a0569a52fc2832]
https://chat.roblox.com [200] [GET] [application/json] [] [] [vhost] [Microsoft ASP.NET] [ba518e7bb13f1b9d72a0569a52fc2832]
https://clientsettings.api.roblox.com [200] [GET] [application/json] [] [Microsoft-IIS/8.5] [vhost] [IIS:8.5,Microsoft ASP.NET:4.0.30319,Windows Server] [4ead05b2ec62001af5570af41ccaf044]
https://clientsettingscdn.roblox.com [200] [GET] [application/json] [] [] [vhost] [ba518e7bb13f1b9d72a0569a52fc2832]
https://clientsettings.roblox.com [200] [GET] [application/json] [] [] [vhost] [ba518e7bb13f1b9d72a0569a52fc2832]
https://client-telemetry.roblox.com [405] [GET] [application/json] [] [] [vhost] [a11ca69b231c79495aee10fde60cd934]
https://community.roblox.com [404] [GET] [text/plain] [] [awselb/2.0] [1e6cd917ed71a1241e4bedc29264bd98]
https://confluence.roblox.com [302] [GET] [text/html] [302 Found] [awselb/2.0] [vhost] [f366e0e18b589cb6f243bf43ce75e83c]
https://contacts.roblox.com [200] [GET] [application/json] [] [] [vhost] [ba518e7bb13f1b9d72a0569a52fc2832]
https://content.roblox.com [200] [GET] [text/html] [] [Microsoft-IIS/8.5] [vhost] [IIS:8.5,Microsoft ASP.NET,Windows Server] [d41d8cd98f00b204e9800998ecf8427e]
https://contentstore.roblox.com [200] [GET] [application/json] [] [] [vhost] [Microsoft ASP.NET] [ba518e7bb13f1b9d72a0569a52fc2832]
https://corp.roblox.com [200] [GET] [text/html] [Home - Roblox] [nginx] [vhost] [Font Awesome,MySQL,Nginx,PHP,WP Engine,WordPress,Yoast SEO Premium:6.0] [5cd99c3699c376d435657a12fdc7ec25]
https://corp.roblox.com [200] [GET] [text/html] [Home - Roblox] [nginx] [vhost] [Font Awesome,MySQL,Nginx,PHP,WP Engine,WordPress,Yoast SEO Premium:6.0] [75dd794e67ca4e6f9c101969118a8357]
https://create.roblox.com [200] [GET] [text/html] [] [AmazonS3] [vhost] [cloudfront] [Amazon Cloudfront,Amazon S3,Amazon Web Services,React] [8fa7eca839fc48c1c4a0041fe7a6a152]
https://cssak.roblox.com [403] [GET] [application/xml] [] [AmazonS3] [vhost] [Amazon S3,Amazon Web Services] [852c56d7327be94bdb5451d32238366d]
https://cssak.roblox.com [403] [GET] [application/xml] [] [AmazonS3] [vhost] [Amazon S3,Amazon Web Services] [dd847f756eb299654fae14e915596f0b]
https://css.roblox.com [403] [GET] [application/xml] [] [AmazonS3] [vhost] [Amazon S3,Amazon Web Services] [5cc36f12464f59d321df3fd838d3f45b]
https://css.roblox.com [403] [GET] [application/xml] [] [AmazonS3] [vhost] [Amazon S3,Amazon Web Services] [c106783e98fa48c230082e2d2fdc76aa]
https://data.roblox.com [301] [GET] [text/html] [Object moved] [] [5faa8e3e1b0320ed7563f74de36dfee8]
https://data.roblox.com [301] [GET] [text/html] [Object moved] [] [vhost] [5faa8e3e1b0320ed7563f74de36dfee8]
https://deploy.roblox.com [403] [GET] [application/xml] [] [AmazonS3] [vhost] [cloudfront] [Amazon Cloudfront,Amazon S3,Amazon Web Services] [7878dba9e056683f511294f1a360f1ab]
https://deploy.roblox.com [403] [GET] [application/xml] [] [AmazonS3] [vhost] [cloudfront] [Amazon Cloudfront,Amazon S3,Amazon Web Services] [7f56912d0a1cc3386c661efe2d50890f]
https://de.roblox.com [302] [GET] [text/html] [302 Found] [awselb/2.0] [vhost] [f366e0e18b589cb6f243bf43ce75e83c]
https://developer.roblox.com [302] [GET] [] [] [CloudFront] [vhost] [cloudfront] [Amazon Cloudfront,Amazon Web Services] [d41d8cd98f00b204e9800998ecf8427e]
https://develop.roblox.com [200] [GET] [application/json] [] [] [vhost] [ba518e7bb13f1b9d72a0569a52fc2832]
https://devforum.roblox.com [403] [GET] [text/html] [Access Denied] [AkamaiGHost] [91fda78047ca536f4f4cdd1bf2952a2c]
https://devforum.roblox.com [403] [GET] [text/html] [Access Denied] [AkamaiGHost] [9de73982f8928bc8f1d6ac19f3910492]
https://dfw1-128-116-125-3.roblox.com [404] [GET] [text/html] [] [] [e48588dce09e3aa6eb4e2c2111c0c5ad]
https://discussions.roblox.com [404] [GET] [text/html] [] [] [vhost] [e48588dce09e3aa6eb4e2c2111c0c5ad]
https://economycreatorstats.roblox.com [200] [GET] [application/json] [] [] [vhost] [ba518e7bb13f1b9d72a0569a52fc2832]
https://economy.roblox.com [200] [GET] [application/json] [] [] [vhost] [ba518e7bb13f1b9d72a0569a52fc2832]
https://ecsv2.roblox.com [404] [GET] [] [] [Kestrel] [vhost] [Kestrel,Microsoft ASP.NET] [d41d8cd98f00b204e9800998ecf8427e]
https://education.roblox.com [200] [GET] [text/html] [Home - Roblox Education] [nginx] [vhost] [MySQL,Nginx,PHP,WP Engine,WordPress,Yoast SEO Premium:18.4,Yoast SEO:18.6,wpBakery] [c2633670be544016f158b41cd35ec626]
https://eduforum.roblox.com [404] [GET] [text/html] [] [] [e48588dce09e3aa6eb4e2c2111c0c5ad]
https://engagementpayouts.roblox.com [200] [GET] [application/json] [] [] [vhost] [ba518e7bb13f1b9d72a0569a52fc2832]
https://en.help.roblox.com [301] [GET] [text/html] [] [cloudflare] [vhost] [cloudflare] [Cloudflare,Cloudflare Network Error Logging,Zendesk] [41947d2f18c2ae737985c8d47b532258]
https://ephemeralcounters.api.roblox.com [200] [GET] [application/json] [] [Microsoft-IIS/10.0] [vhost] [IIS:10.0,Windows Server] [cbe20229352a2e85a47433cb6ed16867]
https://ephemeralcounters.api.roblox.com [200] [GET] [application/json] [] [Microsoft-IIS/8.5] [IIS:8.5,Windows Server] [cbe20229352a2e85a47433cb6ed16867]
https://es.roblox.com [302] [GET] [text/html] [302 Found] [awselb/2.0] [vhost] [f366e0e18b589cb6f243bf43ce75e83c]
https://events.roblox.com [301] [GET] [] [] [AmazonS3] [vhost] [cloudfront] [Amazon Cloudfront,Amazon S3,Amazon Web Services] [d41d8cd98f00b204e9800998ecf8427e]
https://followings.roblox.com [200] [GET] [application/json] [] [] [vhost] [ba518e7bb13f1b9d72a0569a52fc2832]
https://fonts.roblox.com [403] [GET] [application/xml] [] [AmazonS3] [vhost] [cloudfront] [Amazon Cloudfront,Amazon S3,Amazon Web Services] [8ca83d60f8a70acb568393d1c4d54f7f]
https://fonts.roblox.com [403] [GET] [application/xml] [] [AmazonS3] [vhost] [cloudfront] [Amazon Cloudfront,Amazon S3,Amazon Web Services] [c75c7a06aac15ab31564dc1e7230634f]
https://forum.roblox.com [404] [GET] [text/html] [] [] [e48588dce09e3aa6eb4e2c2111c0c5ad]
https://fra1-128-116-123-3.roblox.com [404] [GET] [text/html] [] [] [e48588dce09e3aa6eb4e2c2111c0c5ad]
https://friends.roblox.com [200] [GET] [application/json] [] [] [ba518e7bb13f1b9d72a0569a52fc2832]
https://friends.roblox.com [200] [GET] [application/json] [] [] [vhost] [ba518e7bb13f1b9d72a0569a52fc2832]
https://fr.roblox.com [302] [GET] [text/html] [302 Found] [awselb/2.0] [vhost] [f366e0e18b589cb6f243bf43ce75e83c]
https://gameinstances.api.roblox.com [200] [GET] [text/plain] [] [Microsoft-IIS/8.5] [vhost] [IIS:8.5,Windows Server] [b7433ff4121231c4cf7478dadf325d78]
https://gameinternationalization.roblox.com [200] [GET] [application/json] [] [] [vhost] [ba518e7bb13f1b9d72a0569a52fc2832]
https://gamejoin.roblox.com [200] [GET] [application/json] [] [] [vhost] [ba518e7bb13f1b9d72a0569a52fc2832]
https://gamepersistence.roblox.com [200] [GET] [application/json] [] [] [Microsoft ASP.NET] [ba518e7bb13f1b9d72a0569a52fc2832]
https://gamepersistence.roblox.com [200] [GET] [application/json] [] [] [vhost] [Microsoft ASP.NET] [ba518e7bb13f1b9d72a0569a52fc2832]
https://games.api.roblox.com [200] [GET] [application/json] [] [Microsoft-IIS/8.5] [IIS:8.5,Windows Server] [81a38e052d194ccc188fde781ad7be91]
https://games.api.roblox.com [200] [GET] [application/json] [] [Microsoft-IIS/8.5] [vhost] [IIS:8.5,Windows Server] [81a38e052d194ccc188fde781ad7be91]
https://games.roblox.com [200] [GET] [application/json] [] [] [vhost] [ba518e7bb13f1b9d72a0569a52fc2832]
https://golden.roblox.com [404] [GET] [text/html] [] [] [e48588dce09e3aa6eb4e2c2111c0c5ad]
https://gold.roblox.com [404] [GET] [text/html] [] [] [e48588dce09e3aa6eb4e2c2111c0c5ad]
https://groupsmoderation.roblox.com [200] [GET] [application/json] [] [] [vhost] [ba518e7bb13f1b9d72a0569a52fc2832]
https://groups.roblox.com [200] [GET] [application/json] [] [] [vhost] [ba518e7bb13f1b9d72a0569a52fc2832]
https://help.roblox.com [302] [GET] [text/html] [302 Found] [awselb/2.0] [vhost] [f366e0e18b589cb6f243bf43ce75e83c]
https://hkg1-128-116-118-3.roblox.com [404] [GET] [text/html] [] [] [e48588dce09e3aa6eb4e2c2111c0c5ad]
https://iad4-128-116-102-3.roblox.com [404] [GET] [text/html] [] [] [e48588dce09e3aa6eb4e2c2111c0c5ad]
https://images.roblox.com [403] [GET] [application/xml] [] [AmazonS3] [vhost] [Amazon S3,Amazon Web Services] [7b4dafe40d7c72c6f68dfc5ead2982be]
https://images.roblox.com [403] [GET] [application/xml] [] [AmazonS3] [vhost] [Amazon S3,Amazon Web Services] [b6a55ff71c0fbfb9e5ab6e0354e3e005]
https://inventory.roblox.com [200] [GET] [application/json] [] [] [vhost] [ba518e7bb13f1b9d72a0569a52fc2832]
https://ir.roblox.com [301] [GET] [text/html] [Object moved] [cloudflare] [vhost] [cloudflare] [Cloudflare,Cloudflare Bot Management] [1b7fce8bc3a04026b050bc5a2a9319db]
https://ir.roblox.com [301] [GET] [text/html] [Object moved] [cloudflare] [vhost] [cloudflare] [Cloudflare,Cloudflare Bot Management] [1d34fba9c0a82228ebc1620eee109448]
https://ir.roblox.com:8443 [403] [GET] [text/html] [Attention Required! | Cloudflare] [cloudflare] [vhost] [cloudflare] [Cloudflare,Cloudflare Bot Management] [6b4252a44cf9383ff9c57bc5e0426849]
https://itemconfiguration.roblox.com [200] [GET] [application/json] [] [] [vhost] [ba518e7bb13f1b9d72a0569a52fc2832]
https://jira.roblox.com [302] [GET] [text/html] [302 Found] [awselb/2.0] [vhost] [f366e0e18b589cb6f243bf43ce75e83c]
https://jobs.roblox.com [302] [GET] [text/html] [Redirecting...] [nginx] [vhost] [cloudfront] [Amazon Cloudfront,Amazon Web Services,Nginx] [0479b06bd9b9db15c19c7c56d3d17ca8]
https://js.roblox.com [403] [GET] [application/xml] [] [AmazonS3] [vhost] [Amazon S3,Amazon Web Services] [54705b8e0ee805616ec3935cf024db2f]
https://js.roblox.com [403] [GET] [application/xml] [] [AmazonS3] [vhost] [Amazon S3,Amazon Web Services] [f23ca34e49102ea4b888e96cbc0b9289]
https://lax1-128-116-116-3.roblox.com [404] [GET] [text/html] [] [] [e48588dce09e3aa6eb4e2c2111c0c5ad]
https://lbaas-gold.roblox.com [404] [GET] [text/html] [] [] [e48588dce09e3aa6eb4e2c2111c0c5ad]
https://lbaas-platinum.roblox.com [404] [GET] [text/html] [] [] [e48588dce09e3aa6eb4e2c2111c0c5ad]
https://lga1-128-116-126-3.roblox.com [404] [GET] [text/html] [] [] [e48588dce09e3aa6eb4e2c2111c0c5ad]
https://lhr1-128-116-119-3.roblox.com [404] [GET] [text/html] [] [] [e48588dce09e3aa6eb4e2c2111c0c5ad]
https://lhr2-128-116-119-3.roblox.com [404] [GET] [text/html] [] [] [e48588dce09e3aa6eb4e2c2111c0c5ad]
https://lms.roblox.com [200] [GET] [text/plain] [] [] [vhost] [f161fb63939ad308f12ef78e5bd79a5a]
https://locale.roblox.com [200] [GET] [application/json] [] [] [vhost] [ba518e7bb13f1b9d72a0569a52fc2832]
https://localizationtables.roblox.com [200] [GET] [application/json] [] [] [vhost] [ba518e7bb13f1b9d72a0569a52fc2832]
https://membershipsite.roblox.com [404] [GET] [text/html] [] [] [e48588dce09e3aa6eb4e2c2111c0c5ad]
https://messagerouter.api.roblox.com [200] [GET] [application/json] [] [Microsoft-IIS/8.5] [IIS:8.5,Microsoft ASP.NET:4.0.30319,Windows Server] [adcb581a3858fa70fc24c7fbd708fa18]
https://messagerouter.api.roblox.com [200] [GET] [application/json] [] [Microsoft-IIS/8.5] [vhost] [IIS:8.5,Microsoft ASP.NET:4.0.30319,Windows Server] [adcb581a3858fa70fc24c7fbd708fa18]
https://metrics.roblox.com [200] [GET] [application/json] [] [] [vhost] [ba518e7bb13f1b9d72a0569a52fc2832]
https://mia1-128-116-127-3.roblox.com [404] [GET] [text/html] [] [] [e48588dce09e3aa6eb4e2c2111c0c5ad]
https://mia2-128-116-127-3.roblox.com [404] [GET] [text/html] [] [] [e48588dce09e3aa6eb4e2c2111c0c5ad]
https://midas-android.roblox.com [404] [GET] [text/html] [] [] [e48588dce09e3aa6eb4e2c2111c0c5ad]
https://midas.roblox.com [404] [GET] [text/html] [] [] [vhost] [e48588dce09e3aa6eb4e2c2111c0c5ad]
https://misc.roblox.com [301] [GET] [text/html] [Object moved] [] [vhost] [5faa8e3e1b0320ed7563f74de36dfee8]
https://m.roblox.com [404] [GET] [text/html] [] [] [e48588dce09e3aa6eb4e2c2111c0c5ad]
https://ncs.roblox.com [200] [GET] [text/plain] [] [] [0288d6cce871d789fd373248db22020b]
https://ncs.roblox.com [200] [GET] [text/plain] [] [] [vhost] [0288d6cce871d789fd373248db22020b]
https://news.roblox.com [301] [GET] [text/html] [301 Moved Permanently] [awselb/2.0] [vhost] [4aa7a432bb447f094408f1bd6229c605]
https://nl.roblox.com [404] [GET] [text/html] [] [] [e48588dce09e3aa6eb4e2c2111c0c5ad]
https://notifications.roblox.com [200] [GET] [application/json] [] [] [vhost] [Microsoft ASP.NET] [ba518e7bb13f1b9d72a0569a52fc2832]
https://nrt1-128-116-120-3.roblox.com [404] [GET] [text/html] [] [] [e48588dce09e3aa6eb4e2c2111c0c5ad]
https://nrt2-128-116-120-3.roblox.com [404] [GET] [text/html] [] [] [e48588dce09e3aa6eb4e2c2111c0c5ad]
https://ord2-128-116-101-3.roblox.com [404] [GET] [text/html] [] [] [e48588dce09e3aa6eb4e2c2111c0c5ad]
https://platinum.roblox.com [404] [GET] [text/html] [] [] [e48588dce09e3aa6eb4e2c2111c0c5ad]
https://points.roblox.com [200] [GET] [application/json] [] [] [ba518e7bb13f1b9d72a0569a52fc2832]
https://points.roblox.com [200] [GET] [application/json] [] [] [vhost] [ba518e7bb13f1b9d72a0569a52fc2832]
https://premiumfeatures.roblox.com [200] [GET] [application/json] [] [] [vhost] [ba518e7bb13f1b9d72a0569a52fc2832]
https://presence.roblox.com [200] [GET] [application/json] [] [] [vhost] [ba518e7bb13f1b9d72a0569a52fc2832]
https://privatemessages.roblox.com [200] [GET] [application/json] [] [] [ba518e7bb13f1b9d72a0569a52fc2832]
https://privatemessages.roblox.com [200] [GET] [application/json] [] [] [vhost] [ba518e7bb13f1b9d72a0569a52fc2832]
https://pt.roblox.com [302] [GET] [text/html] [302 Found] [awselb/2.0] [vhost] [f366e0e18b589cb6f243bf43ce75e83c]
https://public.ecs.roblox.com [403] [GET] [application/xml] [] [AmazonS3] [vhost] [cloudfront] [Amazon Cloudfront,Amazon S3,Amazon Web Services] [a88192c117da6c8ed3cd337b930ddf84]
https://public.ecs.roblox.com [403] [GET] [application/xml] [] [AmazonS3] [vhost] [cloudfront] [Amazon Cloudfront,Amazon S3,Amazon Web Services] [bf124aaf77a7e4dbbc20bb1fbb020920]
https://publish.roblox.com [200] [GET] [application/json] [] [] [ba518e7bb13f1b9d72a0569a52fc2832]
https://publish.roblox.com [200] [GET] [application/json] [] [] [vhost] [ba518e7bb13f1b9d72a0569a52fc2832]
https://pulsar.roblox.com [404] [GET] [text/html] [] [] [e48588dce09e3aa6eb4e2c2111c0c5ad]
https://punishments.roblox.com [503] [GET] [text/html] [] [] [vhost] [ff4ed829ffd04e9c6095842b07d11f09]
https://rblxcdn.roblox.com [503] [GET] [text/html] [] [] [vhost] [ff4ed829ffd04e9c6095842b07d11f09]
https://realtime.roblox.com [200] [GET] [application/json] [] [Microsoft-IIS/8.5] [IIS:8.5,Microsoft ASP.NET:4.0.30319,Windows Server] [3865fc04b758fcf1b0c4020708ab63cb]
https://realtime.roblox.com [200] [GET] [application/json] [] [Microsoft-IIS/8.5] [vhost] [IIS:8.5,Microsoft ASP.NET:4.0.30319,Windows Server] [3865fc04b758fcf1b0c4020708ab63cb]
https://roblox.com [308] [GET] [] [] [] [vhost] [d41d8cd98f00b204e9800998ecf8427e]
https://sales.roblox.com [301] [GET] [text/html] [301 Moved Permanently] [awselb/2.0] [vhost] [4aa7a432bb447f094408f1bd6229c605]
https://search.roblox.com [301] [GET] [text/html] [Object moved] [] [5faa8e3e1b0320ed7563f74de36dfee8]
https://search.roblox.com [301] [GET] [text/html] [Object moved] [] [vhost] [5faa8e3e1b0320ed7563f74de36dfee8]
https://setup-cf.roblox.com [403] [GET] [application/xml] [] [AmazonS3] [vhost] [cloudfront] [Amazon Cloudfront,Amazon S3,Amazon Web Services] [41f92a8b69cc10f1116726c11d1732a3]
https://setup-cf.roblox.com [403] [GET] [application/xml] [] [AmazonS3] [vhost] [cloudfront] [Amazon Cloudfront,Amazon S3,Amazon Web Services] [4ab15a8c2700cfd91df8e809a11e11f0]
https://setup.roblox.com [403] [GET] [application/xml] [] [AmazonS3] [vhost] [Amazon S3,Amazon Web Services] [2ff1ac584528d03c298285cba1fce881]
https://setup.roblox.com [403] [GET] [application/xml] [] [AmazonS3] [vhost] [Amazon S3,Amazon Web Services] [3db610f697a768b60920bf70965fdf2f]
https://share.roblox.com [200] [GET] [application/json] [] [] [ba518e7bb13f1b9d72a0569a52fc2832]
https://share.roblox.com [200] [GET] [application/json] [] [] [vhost] [ba518e7bb13f1b9d72a0569a52fc2832]
https://silver.roblox.com [404] [GET] [text/html] [] [] [e48588dce09e3aa6eb4e2c2111c0c5ad]
https://sin2-128-116-97-3.roblox.com [404] [GET] [text/html] [] [] [e48588dce09e3aa6eb4e2c2111c0c5ad]
https://sjc1-128-116-117-3.roblox.com [404] [GET] [text/html] [] [] [e48588dce09e3aa6eb4e2c2111c0c5ad]
https://staging.wiki.roblox.com [503] [GET] [text/html] [503 Service Temporarily Unavailable] [awselb/2.0] [81df4d3863debf3eceb5cf84251fd472]
https://static.roblox.com [403] [GET] [] [] [] [d41d8cd98f00b204e9800998ecf8427e]
https://static.roblox.com [403] [GET] [] [] [] [vhost] [d41d8cd98f00b204e9800998ecf8427e]
https://status.roblox.com [200] [GET] [text/html] [Roblox Status] [] [vhost] [cloudfront] [Amazon Cloudfront,Amazon Web Services,Bootstrap,Font Awesome,Varnish] [2781d0b0a63a7a7babf30727aa2a30f5]
https://survey.roblox.com [301] [GET] [] [] [] [d41d8cd98f00b204e9800998ecf8427e]
https://t0-cf.roblox.com [403] [GET] [application/xml] [] [AmazonS3] [vhost] [cloudfront] [Amazon Cloudfront,Amazon S3,Amazon Web Services] [6c9c8cda0a23475edff16295abe2514e]
https://t0-cf.roblox.com [403] [GET] [application/xml] [] [AmazonS3] [vhost] [cloudfront] [Amazon Cloudfront,Amazon S3,Amazon Web Services] [c6711e402323dbbef670b800849644d5]
https://t0.roblox.com [403] [GET] [application/xml] [] [AmazonS3] [vhost] [Amazon S3,Amazon Web Services] [5109a15652f2d569caa691e3871b9543]
https://t0.roblox.com [403] [GET] [application/xml] [] [AmazonS3] [vhost] [Amazon S3,Amazon Web Services] [e2dfbc06d26d8c293d6c2d5bdfef75d9]
https://t1-cf.roblox.com [403] [GET] [application/xml] [] [AmazonS3] [vhost] [cloudfront] [Amazon Cloudfront,Amazon S3,Amazon Web Services] [13dfa41bbf874783aafd6aa90c273b12]
https://t1-cf.roblox.com [403] [GET] [application/xml] [] [AmazonS3] [vhost] [cloudfront] [Amazon Cloudfront,Amazon S3,Amazon Web Services] [f75c295c039bd414e94d13a74a38ede1]
https://t1.roblox.com [403] [GET] [application/xml] [] [AmazonS3] [vhost] [Amazon S3,Amazon Web Services] [216eee08b97da71a7c375a4be0a9d3ef]
https://t1.roblox.com [403] [GET] [application/xml] [] [AmazonS3] [vhost] [Amazon S3,Amazon Web Services] [31a5fe3965818f05d376b6b640247dee]
https://t2-cf.roblox.com [403] [GET] [application/xml] [] [AmazonS3] [vhost] [cloudfront] [Amazon Cloudfront,Amazon S3,Amazon Web Services] [757a815c20fd169d59bc32d6fb43ab5b]
https://t2-cf.roblox.com [403] [GET] [application/xml] [] [AmazonS3] [vhost] [cloudfront] [Amazon Cloudfront,Amazon S3,Amazon Web Services] [fcc4fd17fe2a4199876f6b55a4fe32af]
https://t2.roblox.com [403] [GET] [application/xml] [] [AmazonS3] [vhost] [Amazon S3,Amazon Web Services] [0f92d9e9c5cbd650398ae9bb78a4a384]
https://t2.roblox.com [403] [GET] [application/xml] [] [AmazonS3] [vhost] [Amazon S3,Amazon Web Services] [b9ef549bd0b4626d3ab71c1d4d18df59]
https://t3-cf.roblox.com [403] [GET] [application/xml] [] [AmazonS3] [vhost] [cloudfront] [Amazon Cloudfront,Amazon S3,Amazon Web Services] [01703aa4f4e863787dba2519ce7199f7]
https://t3-cf.roblox.com [403] [GET] [application/xml] [] [AmazonS3] [vhost] [cloudfront] [Amazon Cloudfront,Amazon S3,Amazon Web Services] [1b6b473399dd7fb1d616b7f202623400]
https://t3.roblox.com [403] [GET] [application/xml] [] [AmazonS3] [vhost] [Amazon S3,Amazon Web Services] [107c5d6a8720b78e2570cfc5d235347c]
https://t3.roblox.com [403] [GET] [application/xml] [] [AmazonS3] [vhost] [Amazon S3,Amazon Web Services] [7cb1fb18ad298d9d9bfd9063fc26d4fe]
https://t4-cf.roblox.com [403] [GET] [application/xml] [] [AmazonS3] [vhost] [cloudfront] [Amazon Cloudfront,Amazon S3,Amazon Web Services] [37e0bb6bdcecf8fe72f29d2dfc49cdc9]
https://t4-cf.roblox.com [403] [GET] [application/xml] [] [AmazonS3] [vhost] [cloudfront] [Amazon Cloudfront,Amazon S3,Amazon Web Services] [a1399284268b0ceca1dc94e93a33c948]
https://t4.roblox.com [403] [GET] [application/xml] [] [AmazonS3] [vhost] [Amazon S3,Amazon Web Services] [51d9afc9dfcad88466d2d5fe02a7bde6]
https://t4.roblox.com [403] [GET] [application/xml] [] [AmazonS3] [vhost] [Amazon S3,Amazon Web Services] [6fe329c25d0e57c70850fb8c66841302]
https://t5-cf.roblox.com [403] [GET] [application/xml] [] [AmazonS3] [vhost] [cloudfront] [Amazon Cloudfront,Amazon S3,Amazon Web Services] [b45f3879811e5a864bd1df370d31bd73]
https://t5-cf.roblox.com [403] [GET] [application/xml] [] [AmazonS3] [vhost] [cloudfront] [Amazon Cloudfront,Amazon S3,Amazon Web Services] [db4a57c8e17e35b007da3686eb1cad40]
https://t5.roblox.com [403] [GET] [application/xml] [] [AmazonS3] [vhost] [Amazon S3,Amazon Web Services] [742f7256f64bcf1fb9dde8f7b9c0882e]
https://t5.roblox.com [403] [GET] [application/xml] [] [AmazonS3] [vhost] [Amazon S3,Amazon Web Services] [ee77612ff8e01d9ae08123d696fb9a49]
https://t6-cf.roblox.com [403] [GET] [application/xml] [] [AmazonS3] [vhost] [cloudfront] [Amazon Cloudfront,Amazon S3,Amazon Web Services] [1a3595b35dc1a53a978b3f77480af4e0]
https://t6-cf.roblox.com [403] [GET] [application/xml] [] [AmazonS3] [vhost] [cloudfront] [Amazon Cloudfront,Amazon S3,Amazon Web Services] [e954ac921c3af1c60a68e4009576a1a3]
https://t6.roblox.com [403] [GET] [application/xml] [] [AmazonS3] [vhost] [Amazon S3,Amazon Web Services] [9c0c106b284efc4b5a47ae2f31cdd332]
https://t6.roblox.com [403] [GET] [application/xml] [] [AmazonS3] [vhost] [Amazon S3,Amazon Web Services] [c6318c0f40e6499b38ee80a861c5eda7]
https://t7-cf.roblox.com [403] [GET] [application/xml] [] [AmazonS3] [vhost] [cloudfront] [Amazon Cloudfront,Amazon S3,Amazon Web Services] [7ec3e28c2d14bbfe6e5467cf1ff44ed7]
https://t7-cf.roblox.com [403] [GET] [application/xml] [] [AmazonS3] [vhost] [cloudfront] [Amazon Cloudfront,Amazon S3,Amazon Web Services] [b05dbadcb9ed3674e18a8883da9b8864]
https://t7.roblox.com [403] [GET] [application/xml] [] [AmazonS3] [vhost] [Amazon S3,Amazon Web Services] [a8bccf03ada00e2b8ee7ab12d91456ad]
https://t7.roblox.com [403] [GET] [application/xml] [] [AmazonS3] [vhost] [Amazon S3,Amazon Web Services] [bf4e824be86d1e7139248b7cdc96475a]
http://staging.wiki.roblox.com:4000 [503] [GET] [text/html] [503 Service Temporarily Unavailable] [awselb/2.0] [613f79233487af685baf4b32a2397ede]
https://talent.roblox.com [200] [GET] [text/html] [Talent Hub] [AmazonS3] [vhost] [cloudfront] [Amazon Cloudfront,Amazon S3,Amazon Web Services] [703bf2fa721d79e5cb6de05ec54da63f]
https://t.email.roblox.com [404] [GET] [text/html] [404 Not Found] [nginx] [Nginx] [70461da8b94c6ca5d2fda3260c5a8c3b]
https://test.public.ecs.roblox.com [403] [GET] [application/xml] [] [AmazonS3] [vhost] [cloudfront] [Amazon Cloudfront,Amazon S3,Amazon Web Services] [5c366482a5a67632bca4dd67911f42c0]
https://test.public.ecs.roblox.com [403] [GET] [application/xml] [] [AmazonS3] [vhost] [cloudfront] [Amazon Cloudfront,Amazon S3,Amazon Web Services] [ff4aba511e243244bb81a4abd91d0b8e]
https://textfilter.roblox.com [200] [GET] [application/json] [] [] [vhost] [ba518e7bb13f1b9d72a0569a52fc2832]
https://themes.roblox.com [404] [GET] [text/html] [] [] [e48588dce09e3aa6eb4e2c2111c0c5ad]
https://thumbnailsresizer.roblox.com [200] [GET] [application/json] [] [] [ba518e7bb13f1b9d72a0569a52fc2832]
https://thumbnailsresizer.roblox.com [200] [GET] [application/json] [] [] [vhost] [ba518e7bb13f1b9d72a0569a52fc2832]
https://thumbnails.roblox.com [200] [GET] [application/json] [] [] [vhost] [ba518e7bb13f1b9d72a0569a52fc2832]
https://trades.roblox.com [200] [GET] [application/json] [] [] [ba518e7bb13f1b9d72a0569a52fc2832]
https://trades.roblox.com [200] [GET] [application/json] [] [] [vhost] [ba518e7bb13f1b9d72a0569a52fc2832]
https://translationroles.roblox.com [200] [GET] [application/json] [] [] [vhost] [ba518e7bb13f1b9d72a0569a52fc2832]
https://translations.roblox.com [200] [GET] [application/json] [] [] [vhost] [ba518e7bb13f1b9d72a0569a52fc2832]
https://twostepverification.roblox.com [200] [GET] [application/json] [] [] [vhost] [ba518e7bb13f1b9d72a0569a52fc2832]
https://uiblox.roblox.com [200] [GET] [text/html] [Webpack App] [AmazonS3] [vhost] [cloudfront] [Amazon Cloudfront,Amazon S3,Amazon Web Services] [2c5af8c1e50b95dd5deddc9b2f010d29]
https://uk.roblox.com [302] [GET] [text/html] [302 Found] [awselb/2.0] [vhost] [f366e0e18b589cb6f243bf43ce75e83c]
https://upload.crashes.roblox.com [403] [GET] [text/html] [403 Forbidden] [nginx/1.21.6] [vhost] [Amazon ALB,Amazon Web Services,Nginx:1.21.6] [8c976db3fb949415bbf739e5d9d49767]
https://upload.crashes.roblox.com [403] [GET] [text/html] [403 Forbidden] [nginx/1.21.6] [vhost] [Amazon ALB,Amazon Web Services,Nginx:1.21.6] [d9e4660829c2f1d3aeece0700a737d21]
https://usermoderation.roblox.com [200] [GET] [application/json] [] [] [vhost] [ba518e7bb13f1b9d72a0569a52fc2832]
https://users.roblox.com [200] [GET] [application/json] [] [] [vhost] [ba518e7bb13f1b9d72a0569a52fc2832]
https://versioncompatibility.api.roblox.com [200] [GET] [application/json] [] [Microsoft-IIS/8.5] [vhost] [IIS:8.5,Windows Server] [f92a571c842775b28cd7f0082341730d]
https://voice.roblox.com [200] [GET] [application/json] [] [] [vhost] [ba518e7bb13f1b9d72a0569a52fc2832]
https://waw1-128-116-124-3.roblox.com [404] [GET] [text/html] [] [] [e48588dce09e3aa6eb4e2c2111c0c5ad]
https://web.roblox.com [302] [GET] [text/html] [Object moved] [] [vhost] [5faa8e3e1b0320ed7563f74de36dfee8]
https://wiki.roblox.com [302] [GET] [] [] [CloudFront] [vhost] [cloudfront] [Amazon Cloudfront,Amazon Web Services] [d41d8cd98f00b204e9800998ecf8427e]
https://www.corp.roblox.com [301] [GET] [text/html] [301 Moved Permanently] [awselb/2.0] [vhost] [4aa7a432bb447f094408f1bd6229c605]
https://www-gold.roblox.com [404] [GET] [text/html] [] [] [e48588dce09e3aa6eb4e2c2111c0c5ad]
https://www.roblox.com [200] [GET] [text/html] [Roblox] [] [vhost] [Amazon S3,Amazon Web Services,AngularJS] [368fd8e3db0d65be0955e099ef8bc666]
https://www.roblox.com [200] [GET] [text/html] [Roblox] [] [vhost] [Amazon S3,Amazon Web Services,AngularJS] [4ec8d525b73f539099a4f201754270ca]
http://tgf.roblox.com:8086 [405] [GET] [application/json] [] [] [a11ca69b231c79495aee10fde60cd934]
