http://autodiscover.rockstargames.com [301] [GET] [] [] [Microsoft-IIS/10.0] [vhost] [IIS:10.0,Microsoft ASP.NET,Windows Server] [d41d8cd98f00b204e9800998ecf8427e]
http://cert.store.rockstargames.com:8080 [403] [GET] [text/plain] [] [cloudflare] [cloudflare] [Cloudflare] [7b5ea53ba332630e5aca8e4abb807f70]
http://crews-gta5-prod.ros.rockstargames.com [404] [GET] [text/html] [404 - File or directory not found.] [Microsoft-IIS/10.0] [vhost] [IIS:10.0,Windows Server] [5343c1a8b203c162a3bf3870d9f50fd4]
http://cs-gta5-prod.ros.rockstargames.com [404] [GET] [text/html] [404 - File or directory not found.] [Microsoft-IIS/10.0] [vhost] [IIS:10.0,Windows Server] [5343c1a8b203c162a3bf3870d9f50fd4]
http://dev.store.rockstargames.com:8080 [403] [GET] [text/plain] [] [cloudflare] [cloudflare] [Cloudflare] [7b5ea53ba332630e5aca8e4abb807f70]
http://inbox-gta5-prod.ros.rockstargames.com [404] [GET] [text/html] [404 - File or directory not found.] [Microsoft-IIS/10.0] [vhost] [IIS:10.0,Windows Server] [5343c1a8b203c162a3bf3870d9f50fd4]
http://mm-gta5-prod.ros.rockstargames.com [404] [GET] [text/html] [404 - File or directory not found.] [Microsoft-IIS/10.0] [vhost] [IIS:10.0,Windows Server] [5343c1a8b203c162a3bf3870d9f50fd4]
http://prs-gta5-prod.ros.rockstargames.com [404] [GET] [text/html] [404 - File or directory not found.] [Microsoft-IIS/10.0] [vhost] [IIS:10.0,Windows Server] [5343c1a8b203c162a3bf3870d9f50fd4]
http://ps-gta5-prod.ros.rockstargames.com [404] [GET] [text/html] [404 - File or directory not found.] [Microsoft-IIS/10.0] [vhost] [IIS:10.0,Windows Server] [5343c1a8b203c162a3bf3870d9f50fd4]
https://activate.rockstargames.com [301] [GET] [text/html] [] [] [vhost] [d41d8cd98f00b204e9800998ecf8427e]
https://akapatch.rockstargames.com [403] [GET] [text/html] [Access Denied] [AkamaiGHost] [vhost] [a22e70d7b7af3e5b0dcfe9ee61162fbf]
https://akapatch.rockstargames.com [403] [GET] [text/html] [Access Denied] [AkamaiGHost] [vhost] [e486a30150db44654adb33f7e76d6709]
https://amspdc4-web2-rdr2-prod.ros.rockstargames.com [401] [GET] [] [] [] [d41d8cd98f00b204e9800998ecf8427e]
https://app-rgl-prod.ros.rockstargames.com [404] [GET] [text/html] [404 - File or directory not found.] [Microsoft-IIS/10.0] [IIS:10.0,Windows Server] [5343c1a8b203c162a3bf3870d9f50fd4]
https://auth-gta5-prod.ros.rockstargames.com [404] [GET] [text/html] [404 - File or directory not found.] [Microsoft-IIS/10.0] [IIS:10.0,Windows Server] [5343c1a8b203c162a3bf3870d9f50fd4]
https://auth-prod.ros.rockstargames.com [404] [GET] [text/html] [404 - File or directory not found.] [Microsoft-IIS/10.0] [IIS:10.0,Windows Server] [5343c1a8b203c162a3bf3870d9f50fd4]
https://auth-rdr2-prod.ros.rockstargames.com [404] [GET] [text/html] [404 - File or directory not found.] [Microsoft-IIS/10.0] [IIS:10.0,Windows Server] [5343c1a8b203c162a3bf3870d9f50fd4]
https://auth-rgl-prod.ros.rockstargames.com [404] [GET] [text/html] [404 - File or directory not found.] [Microsoft-IIS/10.0] [IIS:10.0,Windows Server] [5343c1a8b203c162a3bf3870d9f50fd4]
https://bomgar.rockstargames.com [200] [GET] [text/html] [Remote Support Portal | Powered by BOMGAR] [Bomgar] [vhost] [69a80037b1fd2229c129867287670749]
https://bomgar.rockstargames.com [200] [GET] [text/html] [Remote Support Portal | Powered by BOMGAR] [Bomgar] [vhost] [e09f5e125bfef8e18baa0000a7c32bcb]
https://cert-catalog-cloud.rockstargames.com [403] [GET] [text/html] [Access Denied] [AkamaiGHost] [vhost] [390d02f12a68f40cbb3f331cad18fb5f]
https://cert-catalog-cloud.rockstargames.com [403] [GET] [text/html] [Access Denied] [AkamaiGHost] [vhost] [aef3ab56ee06fcdd956fd138b882f7cb]
https://cert-gamedownloads.rockstargames.com [403] [GET] [text/html] [Access Denied] [AkamaiGHost] [vhost] [929612083dc0e7e6060940bd278cb65c]
https://cert-gamedownloads.rockstargames.com [403] [GET] [text/html] [Access Denied] [AkamaiGHost] [vhost] [945cd66453a09794dbb541b3779fc095]
https://cert.hosted.cloud.rockstargames.com [403] [GET] [text/html] [Access Denied] [AkamaiGHost] [vhost] [6b70bfd1f461cf35fa646a7f6c9fab37]
https://cert.hosted.cloud.rockstargames.com [403] [GET] [text/html] [Access Denied] [AkamaiGHost] [vhost] [9644652d7ea73a5f28cc1557b5289282]
https://cert-locator-cloud.rockstargames.com [403] [GET] [text/html] [Access Denied] [AkamaiGHost] [vhost] [6352d94b4a05dc1381ad06dca4c317f7]
https://cert-locator-cloud.rockstargames.com [403] [GET] [text/html] [Access Denied] [AkamaiGHost] [vhost] [d1bd93a34df96980301444da73ae54cb]
https://cert.store.rockstargames.com [403] [GET] [text/plain] [] [cloudflare] [vhost] [cloudflare] [Cloudflare] [7b5ea53ba332630e5aca8e4abb807f70]
https://cert.store.rockstargames.com:8443 [403] [GET] [text/plain] [] [cloudflare] [vhost] [cloudflare] [Cloudflare] [7b5ea53ba332630e5aca8e4abb807f70]
https://challenges-rdr2-prod.ros.rockstargames.com [404] [GET] [text/html] [404 - File or directory not found.] [Microsoft-IIS/10.0] [IIS:10.0,Windows Server] [5343c1a8b203c162a3bf3870d9f50fd4]
https://click.newsletter.rockstargames.com [403] [GET] [text/html] [403 - Forbidden: Access is denied.] [] [11ca4578cb026a23713aea6781b8ece3]
https://cloud.newsletter.rockstargames.com [403] [GET] [text/html] [403 - Forbidden: Access is denied.] [] [11ca4578cb026a23713aea6781b8ece3]
https://conductor-prod.ros.rockstargames.com [404] [GET] [text/html] [404 - File or directory not found.] [Microsoft-IIS/10.0] [IIS:10.0,Windows Server] [5343c1a8b203c162a3bf3870d9f50fd4]
https://conductor-rdr2-prod.ros.rockstargames.com [404] [GET] [text/html] [404 - File or directory not found.] [Microsoft-IIS/10.0] [IIS:10.0,Windows Server] [5343c1a8b203c162a3bf3870d9f50fd4]
https://crews-rdr2-prod.ros.rockstargames.com [404] [GET] [text/html] [404 - File or directory not found.] [Microsoft-IIS/10.0] [IIS:10.0,Windows Server] [5343c1a8b203c162a3bf3870d9f50fd4]
https://cs-gta4-prod.ros.rockstargames.com [404] [GET] [text/html] [404 - File or directory not found.] [Microsoft-IIS/10.0] [IIS:10.0,Windows Server] [5343c1a8b203c162a3bf3870d9f50fd4]
https://cs-rgl-prod.ros.rockstargames.com [404] [GET] [text/html] [404 - File or directory not found.] [Microsoft-IIS/10.0] [IIS:10.0,Windows Server] [5343c1a8b203c162a3bf3870d9f50fd4]
https://de.socialclub.rockstargames.com [301] [GET] [] [] [BigIP] [F5 BigIP] [d41d8cd98f00b204e9800998ecf8427e]
https://dev-catalog-cloud.rockstargames.com [403] [GET] [text/html] [Access Denied] [AkamaiGHost] [vhost] [352cf5d54f6edb6ccd4a14ecda9f002e]
https://dev-catalog-cloud.rockstargames.com [403] [GET] [text/html] [Access Denied] [AkamaiGHost] [vhost] [c838e0d0e0ace49e72d5690ca086b6c7]
https://dev-gamedownloads.rockstargames.com [403] [GET] [text/html] [Access Denied] [AkamaiGHost] [vhost] [8d57d1bb33bd9c93481728b51b9f6373]
https://dev-gamedownloads.rockstargames.com [403] [GET] [text/html] [Access Denied] [AkamaiGHost] [vhost] [efaf6cd003fe98123e49709354aa4829]
https://dev-locator-cloud.rockstargames.com [403] [GET] [text/html] [Access Denied] [AkamaiGHost] [vhost] [59aae77dd297686d9eeab8193614c33a]
https://dev-locator-cloud.rockstargames.com [403] [GET] [text/html] [Access Denied] [AkamaiGHost] [vhost] [ebe039ba52a701c8e228f0f4f1c283dd]
https://dev.store.rockstargames.com [403] [GET] [text/plain] [] [cloudflare] [vhost] [cloudflare] [Cloudflare] [7b5ea53ba332630e5aca8e4abb807f70]
https://dev.store.rockstargames.com:8443 [403] [GET] [text/plain] [] [cloudflare] [vhost] [cloudflare] [Cloudflare] [7b5ea53ba332630e5aca8e4abb807f70]
https://dev.stream.rockstargames.com [403] [GET] [text/html] [Access Denied] [AkamaiGHost] [vhost] [34b64304aa00c9acd15743695bf7421e]
https://dev.stream.rockstargames.com [403] [GET] [text/html] [Access Denied] [AkamaiGHost] [vhost] [53645cc05fada04dae850e8a302275e2]
https://downloads1.rockstargames.com [400] [GET] [text/plain] [] [EdgePrism/5.0.2.0] [vhost] [d41d8cd98f00b204e9800998ecf8427e]
https://downloads.rockstargames.com [400] [GET] [text/plain] [] [EdgePrism/5.0.2.0] [vhost] [d41d8cd98f00b204e9800998ecf8427e]
https://es-mx.socialclub.rockstargames.com [301] [GET] [] [] [BigIP] [F5 BigIP] [d41d8cd98f00b204e9800998ecf8427e]
https://es.socialclub.rockstargames.com [301] [GET] [] [] [BigIP] [F5 BigIP] [d41d8cd98f00b204e9800998ecf8427e]
https://facebook.rockstargames.com [301] [GET] [text/html] [] [] [vhost] [d41d8cd98f00b204e9800998ecf8427e]
https://feed-rdr2-prod.ros.rockstargames.com [404] [GET] [text/html] [404 - File or directory not found.] [Microsoft-IIS/10.0] [IIS:10.0,Windows Server] [5343c1a8b203c162a3bf3870d9f50fd4]
https://feed-rgl-prod.ros.rockstargames.com [404] [GET] [text/html] [404 - File or directory not found.] [Microsoft-IIS/10.0] [IIS:10.0,Windows Server] [5343c1a8b203c162a3bf3870d9f50fd4]
https://fr.socialclub.rockstargames.com [301] [GET] [] [] [BigIP] [F5 BigIP] [d41d8cd98f00b204e9800998ecf8427e]
https://gamedownloads.rockstargames.com [404] [GET] [] [] [AkamaiNetStorage] [vhost] [ddf0e2c382137c5bee8ee282368616f4]
https://graph.rockstargames.com [403] [GET] [text/html] [Access Denied] [AkamaiGHost] [vhost] [7fd9d667f385d05b3206cd83c2f1ba07]
https://graph.rockstargames.com [403] [GET] [text/html] [Access Denied] [AkamaiGHost] [vhost] [934f421fd1ec463a66efbe22bd006ae2]
https://gta4-prod.ros.rockstargames.com [404] [GET] [text/html] [404 - File or directory not found.] [Microsoft-IIS/10.0] [IIS:10.0,Windows Server] [5343c1a8b203c162a3bf3870d9f50fd4]
https://gta5-prod.ros.rockstargames.com [404] [GET] [text/html] [404 - File or directory not found.] [Microsoft-IIS/10.0] [IIS:10.0,Windows Server] [5343c1a8b203c162a3bf3870d9f50fd4]
https://image.newsletter.rockstargames.com [403] [GET] [text/html] [Access Denied] [AkamaiGHost] [vhost] [cea2ca98cbd773b926c7b3298c119c43]
https://image.newsletter.rockstargames.com [403] [GET] [text/html] [Access Denied] [AkamaiGHost] [vhost] [e1dafe7af51134b0bf3e6822d3ac331a]
https://inbox-rdr2-prod.ros.rockstargames.com [404] [GET] [text/html] [404 - File or directory not found.] [Microsoft-IIS/10.0] [IIS:10.0,Windows Server] [5343c1a8b203c162a3bf3870d9f50fd4]
https://it.socialclub.rockstargames.com [301] [GET] [] [] [BigIP] [F5 BigIP] [d41d8cd98f00b204e9800998ecf8427e]
https://ja.socialclub.rockstargames.com [301] [GET] [] [] [BigIP] [F5 BigIP] [d41d8cd98f00b204e9800998ecf8427e]
https://jobsadmin2.rockstargames.com [301] [GET] [text/html] [] [] [vhost] [d41d8cd98f00b204e9800998ecf8427e]
https://jobsadmin.rockstargames.com [301] [GET] [text/html] [] [] [vhost] [d41d8cd98f00b204e9800998ecf8427e]
https://jobs.rockstargames.com [301] [GET] [text/html] [] [] [vhost] [d41d8cd98f00b204e9800998ecf8427e]
https://jobstar.rockstargames.com [301] [GET] [text/html] [] [] [vhost] [d41d8cd98f00b204e9800998ecf8427e]
https://keys.rockstargames.com [403] [GET] [text/plain] [] [cloudflare] [vhost] [cloudflare] [Cloudflare] [7b5ea53ba332630e5aca8e4abb807f70]
https://ko.socialclub.rockstargames.com [301] [GET] [] [] [BigIP] [F5 BigIP] [d41d8cd98f00b204e9800998ecf8427e]
https://load-catalog-cloud.rockstargames.com [403] [GET] [text/html] [Access Denied] [AkamaiGHost] [vhost] [c048617aba5b4fdbe21f0c911938994e]
https://load-catalog-cloud.rockstargames.com [403] [GET] [text/html] [Access Denied] [AkamaiGHost] [vhost] [c0d4c835663911c7b77a4bc4aeb44bc4]
https://load.hosted.cloud.rockstargames.com [400] [GET] [text/plain] [] [EdgePrism/5.0.2.0] [vhost] [d41d8cd98f00b204e9800998ecf8427e]
https://media.rockstargames.com [404] [GET] [] [] [AkamaiNetStorage] [vhost] [ddf0e2c382137c5bee8ee282368616f4]
https://messdistr1-rdr2-prod.ros.rockstargames.com [401] [GET] [] [] [] [d41d8cd98f00b204e9800998ecf8427e]
https://messdistr2-rdr2-prod.ros.rockstargames.com [401] [GET] [] [] [] [d41d8cd98f00b204e9800998ecf8427e]
https://minigame1-rdr2-prod.ros.rockstargames.com [401] [GET] [] [] [] [d41d8cd98f00b204e9800998ecf8427e]
https://minigame2-rdr2-prod.ros.rockstargames.com [401] [GET] [] [] [] [d41d8cd98f00b204e9800998ecf8427e]
https://minigame3-rdr2-prod.ros.rockstargames.com [401] [GET] [] [] [] [d41d8cd98f00b204e9800998ecf8427e]
https://minigame4-rdr2-prod.ros.rockstargames.com [401] [GET] [] [] [] [d41d8cd98f00b204e9800998ecf8427e]
https://m.rockstargames.com [301] [GET] [text/html] [] [] [vhost] [d41d8cd98f00b204e9800998ecf8427e]
https://online.rockstargames.com [301] [GET] [text/html] [] [] [vhost] [d41d8cd98f00b204e9800998ecf8427e]
https://origin_videos.rockstargames.com [403] [GET] [text/html] [Access Denied] [AkamaiGHost] [vhost] [8442ea522d5a821ed3ff45493a937efb]
https://origin_videos.rockstargames.com [403] [GET] [text/html] [Access Denied] [AkamaiGHost] [vhost] [f1a92d7a1633c5017dd603b7b798b125]
https://pages.newsletter.rockstargames.com [403] [GET] [text/html] [403 - Forbidden: Access is denied.] [] [11ca4578cb026a23713aea6781b8ece3]
https://patches.rockstargames.com [404] [GET] [text/html] [Error] [AkamaiGHost] [vhost] [f708893303f25843aa78b91352c15e95]
https://pl.socialclub.rockstargames.com [301] [GET] [] [] [BigIP] [F5 BigIP] [d41d8cd98f00b204e9800998ecf8427e]
https://posse-rdr2-prod.ros.rockstargames.com [404] [GET] [text/html] [404 - File or directory not found.] [Microsoft-IIS/10.0] [IIS:10.0,Windows Server] [5343c1a8b203c162a3bf3870d9f50fd4]
https://prod1.rockstargames.com [400] [GET] [text/plain] [] [EdgePrism/5.0.2.0] [vhost] [d41d8cd98f00b204e9800998ecf8427e]
https://prod-catalog-cloud.rockstargames.com [404] [GET] [] [] [AkamaiNetStorage] [vhost] [7605968e79d0ca095ab1231486d2b814]
https://prod.cloud.rockstargames.com [403] [GET] [text/html] [403 - Forbidden: Access is denied.] [Microsoft-IIS/8.5] [vhost] [IIS:8.5,Microsoft ASP.NET,Windows Server] [11ca4578cb026a23713aea6781b8ece3]
https://prod.hosted.cloud.rockstargames.com [404] [GET] [] [] [AkamaiNetStorage] [vhost] [7605968e79d0ca095ab1231486d2b814]
https://prod-locator-cloud.rockstargames.com [404] [GET] [] [] [AkamaiNetStorage] [vhost] [7605968e79d0ca095ab1231486d2b814]
https://prod.p01ams.pod.rockstargames.com [403] [GET] [text/html] [403 - Forbidden: Access is denied.] [Microsoft-IIS/8.5] [IIS:8.5,Microsoft ASP.NET,Windows Server] [11ca4578cb026a23713aea6781b8ece3]
https://prod.p01ewr.pod.rockstargames.com [403] [GET] [text/html] [403 - Forbidden: Access is denied.] [Microsoft-IIS/8.5] [IIS:8.5,Microsoft ASP.NET,Windows Server] [11ca4578cb026a23713aea6781b8ece3]
https://prod.p01sjc.pod.rockstargames.com [403] [GET] [text/html] [403 - Forbidden: Access is denied.] [Microsoft-IIS/8.5] [IIS:8.5,Microsoft ASP.NET,Windows Server] [11ca4578cb026a23713aea6781b8ece3]
https://prod.p02ams.pod.rockstargames.com [403] [GET] [text/html] [403 - Forbidden: Access is denied.] [Microsoft-IIS/8.5] [IIS:8.5,Microsoft ASP.NET,Windows Server] [11ca4578cb026a23713aea6781b8ece3]
https://prod.p02ewr.pod.rockstargames.com [403] [GET] [text/html] [403 - Forbidden: Access is denied.] [Microsoft-IIS/8.5] [IIS:8.5,Microsoft ASP.NET,Windows Server] [11ca4578cb026a23713aea6781b8ece3]
https://prod.p02sjc.pod.rockstargames.com [403] [GET] [text/html] [403 - Forbidden: Access is denied.] [Microsoft-IIS/8.5] [IIS:8.5,Microsoft ASP.NET,Windows Server] [11ca4578cb026a23713aea6781b8ece3]
https://prod.telemetry.ros.rockstargames.com [404] [GET] [text/html] [404 - File or directory not found.] [Microsoft-IIS/10.0] [IIS:10.0,Windows Server] [5343c1a8b203c162a3bf3870d9f50fd4]
https://prs-rdr2-prod.ros.rockstargames.com [404] [GET] [text/html] [404 - File or directory not found.] [Microsoft-IIS/10.0] [IIS:10.0,Windows Server] [5343c1a8b203c162a3bf3870d9f50fd4]
https://prs-rgl-prod.ros.rockstargames.com [404] [GET] [text/html] [404 - File or directory not found.] [Microsoft-IIS/10.0] [IIS:10.0,Windows Server] [5343c1a8b203c162a3bf3870d9f50fd4]
https://ps-rdr2-prod.ros.rockstargames.com [404] [GET] [text/html] [404 - File or directory not found.] [Microsoft-IIS/10.0] [IIS:10.0,Windows Server] [5343c1a8b203c162a3bf3870d9f50fd4]
https://ps-rgl-prod.ros.rockstargames.com [404] [GET] [text/html] [404 - File or directory not found.] [Microsoft-IIS/10.0] [IIS:10.0,Windows Server] [5343c1a8b203c162a3bf3870d9f50fd4]
https://pt.socialclub.rockstargames.com [301] [GET] [] [] [BigIP] [F5 BigIP] [d41d8cd98f00b204e9800998ecf8427e]
https://rage-catalog-cloud.rockstargames.com [403] [GET] [text/html] [Access Denied] [AkamaiGHost] [vhost] [9a5db7f3fca21c20487dd2e0b835bdad]
https://rage-catalog-cloud.rockstargames.com [403] [GET] [text/html] [Access Denied] [AkamaiGHost] [vhost] [ab76a42a8368d75db458174119aa3a8b]
https://rage.hosted.cloud.rockstargames.com [400] [GET] [text/plain] [] [EdgePrism/5.0.2.0] [vhost] [d41d8cd98f00b204e9800998ecf8427e]
https://rage-locator-cloud.rockstargames.com [403] [GET] [text/html] [Access Denied] [AkamaiGHost] [vhost] [5f6b447c93aff388acfcf50fdb2e5df0]
https://rage-locator-cloud.rockstargames.com [403] [GET] [text/html] [Access Denied] [AkamaiGHost] [vhost] [fe3f3755980ca7e94bf3141e3077afb1]
https://rgl.rockstargames.com [403] [GET] [text/html] [403 - Forbidden: Access is denied.] [] [11ca4578cb026a23713aea6781b8ece3]
https://rockstargames.com [301] [GET] [] [] [AkamaiGHost] [vhost] [d41d8cd98f00b204e9800998ecf8427e]
https://ru.socialclub.rockstargames.com [301] [GET] [] [] [BigIP] [F5 BigIP] [d41d8cd98f00b204e9800998ecf8427e]
https://scapi.rockstargames.com [200] [GET] [application/json] [] [] [vhost] [33f76e73ff9969c0986a91cb5f826e67]
https://scui.rockstargames.com [403] [GET] [text/html] [403 - Forbidden: Access is denied.] [] [11ca4578cb026a23713aea6781b8ece3]
https://signin.rockstargames.com [200] [GET] [text/html] [Rockstar Games Social Club] [] [5ab09b06b744a59ad895bdb8f4be0650]
https://signin.rockstargames.com [200] [GET] [text/html] [Rockstar Games Social Club] [] [7952c5f9ecb035b2048b535bc6fe3e87]
https://sjcpdc1-web1-rdr2-prod.ros.rockstargames.com [401] [GET] [] [] [] [d41d8cd98f00b204e9800998ecf8427e]
https://sjcpdc1-web2-rdr2-prod.ros.rockstargames.com [401] [GET] [] [] [] [d41d8cd98f00b204e9800998ecf8427e]
https://sjcpdc1-web3-rdr2-prod.ros.rockstargames.com [401] [GET] [] [] [] [d41d8cd98f00b204e9800998ecf8427e]
https://sjcpdc1-web4-rdr2-prod.ros.rockstargames.com [401] [GET] [] [] [] [d41d8cd98f00b204e9800998ecf8427e]
https://sjcpdc2-web1-rdr2-prod.ros.rockstargames.com [401] [GET] [] [] [] [d41d8cd98f00b204e9800998ecf8427e]
https://sjcpdc2-web2-rdr2-prod.ros.rockstargames.com [401] [GET] [] [] [] [d41d8cd98f00b204e9800998ecf8427e]
https://sjcpdc2-web3-rdr2-prod.ros.rockstargames.com [401] [GET] [] [] [] [d41d8cd98f00b204e9800998ecf8427e]
https://sjcpdc3-web1-rdr2-prod.ros.rockstargames.com [401] [GET] [] [] [] [d41d8cd98f00b204e9800998ecf8427e]
https://sjcpdc3-web2-rdr2-prod.ros.rockstargames.com [401] [GET] [] [] [] [d41d8cd98f00b204e9800998ecf8427e]
https://socialclub.rockstargames.com [302] [GET] [text/html] [Object moved] [] [vhost] [43b3b55d37d1a499c54fe12bf753d0bd]
https://spap-rdr2-prod.ros.rockstargames.com [404] [GET] [text/html] [404 - File or directory not found.] [Microsoft-IIS/10.0] [IIS:10.0,Windows Server] [5343c1a8b203c162a3bf3870d9f50fd4]
https://stage-cert-catalog-cloud.rockstargames.com [403] [GET] [text/html] [Access Denied] [AkamaiGHost] [vhost] [3c2fc53ebd6647a5ddb40d7e8a68b670]
https://stage-cert-catalog-cloud.rockstargames.com [403] [GET] [text/html] [Access Denied] [AkamaiGHost] [vhost] [5b88c874fe75a2b5505ea2d91331c5c5]
https://stage-cert-gamedownloads.rockstargames.com [403] [GET] [text/html] [Access Denied] [AkamaiGHost] [vhost] [0b462c62c23e6f99364a61d95c72fa68]
https://stage-cert-gamedownloads.rockstargames.com [403] [GET] [text/html] [Access Denied] [AkamaiGHost] [vhost] [388124ea0ceef9b9955fb8610ed8c9c3]
https://stage-cert.hosted.cloud.rockstargames.com [403] [GET] [text/html] [Access Denied] [AkamaiGHost] [vhost] [563322848631308c8fbbbf69c3a12bb5]
https://stage-cert.hosted.cloud.rockstargames.com [403] [GET] [text/html] [Access Denied] [AkamaiGHost] [vhost] [f6db2f4b12390425b23e5e5f0a64ae44]
https://stage-cert-locator-cloud.rockstargames.com [403] [GET] [text/html] [Access Denied] [AkamaiGHost] [vhost] [0acb598742e55e7c556072211cfcd4d7]
https://stage-cert-locator-cloud.rockstargames.com [403] [GET] [text/html] [Access Denied] [AkamaiGHost] [vhost] [7048859f721b511007f9be6bbf454932]
https://stage-cert.store.rockstargames.com:2083 [403] [GET] [text/plain] [] [cloudflare] [vhost] [cloudflare] [Cloudflare] [7b5ea53ba332630e5aca8e4abb807f70]
https://stage-cert.store.rockstargames.com:2087 [403] [GET] [text/plain] [] [cloudflare] [vhost] [cloudflare] [Cloudflare] [7b5ea53ba332630e5aca8e4abb807f70]
https://stage-cert.store.rockstargames.com [403] [GET] [text/plain] [] [cloudflare] [vhost] [cloudflare] [Cloudflare] [7b5ea53ba332630e5aca8e4abb807f70]
https://stage-cert.store.rockstargames.com:8443 [403] [GET] [text/plain] [] [cloudflare] [vhost] [cloudflare] [Cloudflare] [7b5ea53ba332630e5aca8e4abb807f70]
https://stage-dev-catalog-cloud.rockstargames.com [403] [GET] [text/html] [Access Denied] [AkamaiGHost] [vhost] [857f46d8f91a8069a49e84f2a7c79c30]
https://stage-dev-catalog-cloud.rockstargames.com [403] [GET] [text/html] [Access Denied] [AkamaiGHost] [vhost] [dcb215bfcd97929c6475e272dea4bf0b]
https://stage-dev-catalog.rockstargames.com [400] [GET] [text/html] [Invalid URL] [AkamaiGHost] [48cd510152130583a1bcf05b0a1d5c0e]
https://stage-dev-catalog.rockstargames.com [400] [GET] [text/html] [Invalid URL] [AkamaiGHost] [7abe7f6af75274174cd027d8e67559f1]
https://stage-dev-gamedownloads.rockstargames.com [403] [GET] [text/html] [Access Denied] [AkamaiGHost] [vhost] [224c29cec38c18fd219f6ad41dd88096]
https://stage-dev-gamedownloads.rockstargames.com [403] [GET] [text/html] [Access Denied] [AkamaiGHost] [vhost] [7f6cd18d2734002582ab4b40e857022e]
https://stage-dev.hosted.cloud.rockstargames.com [403] [GET] [text/html] [Access Denied] [AkamaiGHost] [vhost] [583e6a2515c3cde177afa00737d5d377]
https://stage-dev.hosted.cloud.rockstargames.com [403] [GET] [text/html] [Access Denied] [AkamaiGHost] [vhost] [f60314db9898b40d996576be02f2d179]
https://stage-dev-locator-cloud.rockstargames.com [403] [GET] [text/html] [Access Denied] [AkamaiGHost] [vhost] [051dbdf2a34a9e2af469fecbfd2dd68c]
https://stage-dev-locator-cloud.rockstargames.com [403] [GET] [text/html] [Access Denied] [AkamaiGHost] [vhost] [e75b366f34a60ba7e3a0b075f4897d98]
https://stage-dev.store.rockstargames.com [403] [GET] [text/plain] [] [cloudflare] [vhost] [cloudflare] [Cloudflare] [7b5ea53ba332630e5aca8e4abb807f70]
https://stage-dev.store.rockstargames.com:8443 [403] [GET] [text/plain] [] [cloudflare] [vhost] [cloudflare] [Cloudflare] [7b5ea53ba332630e5aca8e4abb807f70]
https://stage-prod-catalog-cloud.rockstargames.com [403] [GET] [text/html] [Access Denied] [AkamaiGHost] [vhost] [ba1730c426d70b298e683a228d6a742d]
https://stage-prod-catalog-cloud.rockstargames.com [403] [GET] [text/html] [Access Denied] [AkamaiGHost] [vhost] [d8b16629e372b89a8d338451727c773b]
https://stage-prod-gamedownloads.rockstargames.com [403] [GET] [text/html] [Access Denied] [AkamaiGHost] [vhost] [26dd3a870d4b0cd6c4b9c6da26ff2ea8]
https://stage-prod-gamedownloads.rockstargames.com [403] [GET] [text/html] [Access Denied] [AkamaiGHost] [vhost] [fe0c786502c1d34a3adea61361df5c9e]
https://stage-prod.hosted.cloud.rockstargames.com [403] [GET] [text/html] [Access Denied] [AkamaiGHost] [vhost] [e0bf0a68ae1ea69e8c721cb71738e815]
https://stage-prod.hosted.cloud.rockstargames.com [403] [GET] [text/html] [Access Denied] [AkamaiGHost] [vhost] [f88155afce3ef65645209dddd11d50fc]
https://stage-prod-locator-cloud.rockstargames.com [403] [GET] [text/html] [Access Denied] [AkamaiGHost] [vhost] [2e1c2a136894ff65d4fc3946f7a47d0b]
https://stage-prod-locator-cloud.rockstargames.com [403] [GET] [text/html] [Access Denied] [AkamaiGHost] [vhost] [ed9a27d4a2a1f9c334d33ade071e344d]
https://stage-prod.store.rockstargames.com:2083 [403] [GET] [text/plain] [] [cloudflare] [vhost] [cloudflare] [Cloudflare] [7b5ea53ba332630e5aca8e4abb807f70]
https://stage-prod.store.rockstargames.com:2087 [403] [GET] [text/plain] [] [cloudflare] [vhost] [cloudflare] [Cloudflare] [7b5ea53ba332630e5aca8e4abb807f70]
https://stage-prod.store.rockstargames.com:2096 [403] [GET] [text/plain] [] [cloudflare] [vhost] [cloudflare] [Cloudflare] [7b5ea53ba332630e5aca8e4abb807f70]
https://stage-prod.store.rockstargames.com [403] [GET] [text/plain] [] [cloudflare] [vhost] [cloudflare] [Cloudflare] [7b5ea53ba332630e5aca8e4abb807f70]
https://stage-prod.store.rockstargames.com:8443 [403] [GET] [text/plain] [] [cloudflare] [vhost] [cloudflare] [Cloudflare] [7b5ea53ba332630e5aca8e4abb807f70]
https://store-develop.rockstargames.com [403] [GET] [text/plain] [] [cloudflare] [vhost] [cloudflare] [Cloudflare] [7b5ea53ba332630e5aca8e4abb807f70]
https://store-develop.rockstargames.com:8443 [403] [GET] [text/plain] [] [cloudflare] [vhost] [cloudflare] [Cloudflare] [7b5ea53ba332630e5aca8e4abb807f70]
https://store-integration.rockstargames.com [403] [GET] [text/plain] [] [cloudflare] [vhost] [cloudflare] [Cloudflare] [7b5ea53ba332630e5aca8e4abb807f70]
https://store-integration.rockstargames.com:8443 [403] [GET] [text/plain] [] [cloudflare] [vhost] [cloudflare] [Cloudflare] [7b5ea53ba332630e5aca8e4abb807f70]
https://store-preview.rockstargames.com [403] [GET] [text/plain] [] [cloudflare] [vhost] [cloudflare] [Cloudflare] [7b5ea53ba332630e5aca8e4abb807f70]
https://store-preview.rockstargames.com:8443 [403] [GET] [text/plain] [] [cloudflare] [vhost] [cloudflare] [Cloudflare] [7b5ea53ba332630e5aca8e4abb807f70]
https://store.rockstargames.com:2087 [403] [GET] [text/html] [Just a moment...] [cloudflare] [vhost] [cloudflare] [Cloudflare] [f57039833c916d4b35aae5513c06effc]
https://store.rockstargames.com [403] [GET] [text/html] [Attention Required! | Cloudflare] [cloudflare] [vhost] [cloudflare] [Cloudflare] [39613a6300383eb1ea2cc9510c568e3a]
https://store.rockstargames.com [403] [GET] [text/html] [Just a moment...] [cloudflare] [vhost] [cloudflare] [Cloudflare] [f0d920cfccf656531371214d3cd0860e]
https://store.rockstargames.com:8443 [403] [GET] [text/html] [Just a moment...] [cloudflare] [vhost] [cloudflare] [Cloudflare] [5dda3d50613eb82a6191b48796ac50a2]
https://store-staging.rockstargames.com [403] [GET] [text/plain] [] [cloudflare] [vhost] [cloudflare] [Cloudflare] [7b5ea53ba332630e5aca8e4abb807f70]
https://store-staging.rockstargames.com:8443 [403] [GET] [text/plain] [] [cloudflare] [vhost] [cloudflare] [Cloudflare] [7b5ea53ba332630e5aca8e4abb807f70]
https://supportfiles.rockstargames.com [400] [GET] [text/plain] [] [EdgePrism/5.0.2.0] [vhost] [d41d8cd98f00b204e9800998ecf8427e]
https://support.rockstargames.com [200] [GET] [text/html] [Rockstar Games Customer Support] [] [vhost] [Google Tag Manager] [6dd51022af36ada64c481e041761f64b]
http://stage-cert.store.rockstargames.com:2082 [403] [GET] [text/plain] [] [cloudflare] [cloudflare] [Cloudflare] [7b5ea53ba332630e5aca8e4abb807f70]
http://stage-cert.store.rockstargames.com:2086 [403] [GET] [text/plain] [] [cloudflare] [cloudflare] [Cloudflare] [7b5ea53ba332630e5aca8e4abb807f70]
http://stage-cert.store.rockstargames.com:8080 [403] [GET] [text/plain] [] [cloudflare] [cloudflare] [Cloudflare] [7b5ea53ba332630e5aca8e4abb807f70]
http://stage-cert.store.rockstargames.com:8880 [403] [GET] [text/plain] [] [cloudflare] [cloudflare] [Cloudflare] [7b5ea53ba332630e5aca8e4abb807f70]
http://stage-dev.store.rockstargames.com:8080 [403] [GET] [text/plain] [] [cloudflare] [cloudflare] [Cloudflare] [7b5ea53ba332630e5aca8e4abb807f70]
http://stage-prod.store.rockstargames.com:8880 [403] [GET] [text/plain] [] [cloudflare] [cloudflare] [Cloudflare] [7b5ea53ba332630e5aca8e4abb807f70]
https://techsupport.rockstargames.com [301] [GET] [text/html] [] [] [vhost] [d41d8cd98f00b204e9800998ecf8427e]
https://tm-rdr2-prod.ros.rockstargames.com [404] [GET] [text/html] [404 - File or directory not found.] [Microsoft-IIS/10.0] [IIS:10.0,Windows Server] [5343c1a8b203c162a3bf3870d9f50fd4]
https://tm-rgl-prod.rockstargames.com [404] [GET] [text/html] [404 - File or directory not found.] [Microsoft-IIS/10.0] [IIS:10.0,Windows Server] [5343c1a8b203c162a3bf3870d9f50fd4]
https://tm-rgl-prod.ros.rockstargames.com [404] [GET] [text/html] [404 - File or directory not found.] [Microsoft-IIS/10.0] [IIS:10.0,Windows Server] [5343c1a8b203c162a3bf3870d9f50fd4]
http://store-develop.rockstargames.com:8080 [403] [GET] [text/plain] [] [cloudflare] [cloudflare] [Cloudflare] [7b5ea53ba332630e5aca8e4abb807f70]
http://store-integration.rockstargames.com:8080 [403] [GET] [text/plain] [] [cloudflare] [cloudflare] [Cloudflare] [7b5ea53ba332630e5aca8e4abb807f70]
http://store-preview.rockstargames.com:8080 [403] [GET] [text/plain] [] [cloudflare] [cloudflare] [Cloudflare] [7b5ea53ba332630e5aca8e4abb807f70]
http://store.rockstargames.com:2082 [301] [GET] [] [] [cloudflare] [vhost] [cloudflare] [Cloudflare] [d41d8cd98f00b204e9800998ecf8427e]
http://store.rockstargames.com:2086 [301] [GET] [] [] [cloudflare] [vhost] [cloudflare] [Cloudflare] [d41d8cd98f00b204e9800998ecf8427e]
http://store.rockstargames.com:8080 [301] [GET] [] [] [cloudflare] [vhost] [cloudflare] [Cloudflare] [d41d8cd98f00b204e9800998ecf8427e]
http://store.rockstargames.com:8880 [301] [GET] [] [] [cloudflare] [vhost] [cloudflare] [Cloudflare] [d41d8cd98f00b204e9800998ecf8427e]
http://store-staging.rockstargames.com:8080 [403] [GET] [text/plain] [] [cloudflare] [cloudflare] [Cloudflare] [7b5ea53ba332630e5aca8e4abb807f70]
https://ugc-rdr2-prod.ros.rockstargames.com [404] [GET] [text/html] [404 - File or directory not found.] [Microsoft-IIS/10.0] [IIS:10.0,Windows Server] [5343c1a8b203c162a3bf3870d9f50fd4]
https://updates.rockstargames.com [404] [GET] [] [] [AkamaiNetStorage] [vhost] [7605968e79d0ca095ab1231486d2b814]
https://upload2005.rockstargames.com [301] [GET] [text/html] [] [] [vhost] [d41d8cd98f00b204e9800998ecf8427e]
https://vanity-develop.employee.store.rockstargames.com:2083 [403] [GET] [text/plain] [] [cloudflare] [vhost] [cloudflare] [Cloudflare] [7b5ea53ba332630e5aca8e4abb807f70]
https://vanity-develop.employee.store.rockstargames.com:2087 [403] [GET] [text/plain] [] [cloudflare] [vhost] [cloudflare] [Cloudflare] [7b5ea53ba332630e5aca8e4abb807f70]
https://vanity-develop.employee.store.rockstargames.com [403] [GET] [text/plain] [] [cloudflare] [vhost] [cloudflare] [Cloudflare] [7b5ea53ba332630e5aca8e4abb807f70]
https://vanity-develop.employee.store.rockstargames.com:8443 [403] [GET] [text/plain] [] [cloudflare] [vhost] [cloudflare] [Cloudflare] [7b5ea53ba332630e5aca8e4abb807f70]
https://vanity-develop.rockstargames.com:2083 [403] [GET] [text/plain] [] [cloudflare] [vhost] [cloudflare] [Cloudflare] [7b5ea53ba332630e5aca8e4abb807f70]
https://vanity-develop.rockstargames.com:2087 [403] [GET] [text/plain] [] [cloudflare] [vhost] [cloudflare] [Cloudflare] [7b5ea53ba332630e5aca8e4abb807f70]
https://vanity-develop.rockstargames.com [403] [GET] [text/plain] [] [cloudflare] [vhost] [cloudflare] [Cloudflare] [7b5ea53ba332630e5aca8e4abb807f70]
https://vanity-develop.rockstargames.com:8443 [403] [GET] [text/plain] [] [cloudflare] [vhost] [cloudflare] [Cloudflare] [7b5ea53ba332630e5aca8e4abb807f70]
https://vanity.employee.store.rockstargames.com:2083 [403] [GET] [text/plain] [] [cloudflare] [vhost] [cloudflare] [Cloudflare] [7b5ea53ba332630e5aca8e4abb807f70]
https://vanity.employee.store.rockstargames.com:2087 [403] [GET] [text/plain] [] [cloudflare] [vhost] [cloudflare] [Cloudflare] [7b5ea53ba332630e5aca8e4abb807f70]
https://vanity.employee.store.rockstargames.com [403] [GET] [text/plain] [] [cloudflare] [vhost] [cloudflare] [Cloudflare] [7b5ea53ba332630e5aca8e4abb807f70]
https://vanity.employee.store.rockstargames.com:8443 [403] [GET] [text/plain] [] [cloudflare] [vhost] [cloudflare] [Cloudflare] [7b5ea53ba332630e5aca8e4abb807f70]
https://vanity.rockstargames.com:2083 [403] [GET] [text/plain] [] [cloudflare] [vhost] [cloudflare] [Cloudflare] [7b5ea53ba332630e5aca8e4abb807f70]
https://vanity.rockstargames.com:2087 [403] [GET] [text/plain] [] [cloudflare] [vhost] [cloudflare] [Cloudflare] [7b5ea53ba332630e5aca8e4abb807f70]
https://vanity.rockstargames.com [403] [GET] [text/plain] [] [cloudflare] [vhost] [cloudflare] [Cloudflare] [7b5ea53ba332630e5aca8e4abb807f70]
https://vanity.rockstargames.com:8443 [403] [GET] [text/plain] [] [cloudflare] [vhost] [cloudflare] [Cloudflare] [7b5ea53ba332630e5aca8e4abb807f70]
https://videos2.rockstargames.com [404] [GET] [] [] [AkamaiNetStorage] [vhost] [7605968e79d0ca095ab1231486d2b814]
https://videos.rockstargames.com [404] [GET] [] [] [AkamaiNetStorage] [vhost] [ddf0e2c382137c5bee8ee282368616f4]
https://view-adm.rockstargames.com [200] [GET] [text/html] [VMware Horizon] [] [Java] [31793962dd264cba5a61af9112d6bec3]
https://view-adm.rockstargames.com [200] [GET] [text/html] [VMware Horizon] [] [Java] [cc15f8dcf549c09607ee453e22a117e3]
https://view-adm.rockstargames.com:8443 [404] [GET] [] [] [] [373f10631b8a3e1c5de5e0806478e92c]
https://view.newsletter.rockstargames.com [302] [GET] [text/html] [Object moved] [] [0b9ef0192b2022a0b94f012083714795]
https://view.rockstargames.com [200] [GET] [text/html] [VMware Horizon] [] [Java] [645dec3a6f979af708a76ca67f588d76]
https://view.rockstargames.com [200] [GET] [text/html] [VMware Horizon] [] [Java] [cc15f8dcf549c09607ee453e22a117e3]
https://view.rockstargames.com:8443 [404] [GET] [] [] [] [373f10631b8a3e1c5de5e0806478e92c]
https://vpn.rockstargames.com [200] [GET] [text/html] [] [] [f91a416be352a03c76b6ce8f948eda4d]
https://warehouse.rockstargames.com [301] [GET] [] [] [] [vhost] [d41d8cd98f00b204e9800998ecf8427e]
https://www.rockstargames.com [403] [GET] [text/html] [Access Denied] [AkamaiGHost] [vhost] [720a7706bc0724ee5bfa4f33827f55e6]
https://www.rockstargames.com [403] [GET] [text/html] [Access Denied] [AkamaiGHost] [vhost] [c4db5a3052d8cb2053e7393e834d9fa1]
https://www.socialclub.rockstargames.com [301] [GET] [] [] [BigIP] [F5 BigIP] [d41d8cd98f00b204e9800998ecf8427e]
https://ykval.rockstargames.com [403] [GET] [text/html] [403 Forbidden] [Apache/2.4.29 (Ubuntu)] [Apache:2.4.29,Ubuntu] [bf44d25bff74eb5fa379461a4a86c972]
https://zh-cn.socialclub.rockstargames.com [301] [GET] [] [] [BigIP] [F5 BigIP] [d41d8cd98f00b204e9800998ecf8427e]
https://zh.socialclub.rockstargames.com [301] [GET] [] [] [BigIP] [F5 BigIP] [d41d8cd98f00b204e9800998ecf8427e]
http://ugc-gta5-prod.ros.rockstargames.com [404] [GET] [text/html] [404 - File or directory not found.] [Microsoft-IIS/10.0] [vhost] [IIS:10.0,Windows Server] [5343c1a8b203c162a3bf3870d9f50fd4]
http://vanity-develop.employee.store.rockstargames.com:2082 [403] [GET] [text/plain] [] [cloudflare] [cloudflare] [Cloudflare] [7b5ea53ba332630e5aca8e4abb807f70]
http://vanity-develop.employee.store.rockstargames.com:2086 [403] [GET] [text/plain] [] [cloudflare] [cloudflare] [Cloudflare] [7b5ea53ba332630e5aca8e4abb807f70]
http://vanity-develop.employee.store.rockstargames.com:8080 [403] [GET] [text/plain] [] [cloudflare] [cloudflare] [Cloudflare] [7b5ea53ba332630e5aca8e4abb807f70]
http://vanity-develop.employee.store.rockstargames.com:8880 [403] [GET] [text/plain] [] [cloudflare] [cloudflare] [Cloudflare] [7b5ea53ba332630e5aca8e4abb807f70]
http://vanity-develop.rockstargames.com:8880 [403] [GET] [text/plain] [] [cloudflare] [cloudflare] [Cloudflare] [7b5ea53ba332630e5aca8e4abb807f70]
http://vanity.employee.store.rockstargames.com:2082 [403] [GET] [text/plain] [] [cloudflare] [cloudflare] [Cloudflare] [7b5ea53ba332630e5aca8e4abb807f70]
http://vanity.employee.store.rockstargames.com:2086 [403] [GET] [text/plain] [] [cloudflare] [cloudflare] [Cloudflare] [7b5ea53ba332630e5aca8e4abb807f70]
http://vanity.employee.store.rockstargames.com:8080 [403] [GET] [text/plain] [] [cloudflare] [cloudflare] [Cloudflare] [7b5ea53ba332630e5aca8e4abb807f70]
http://vanity.employee.store.rockstargames.com:8880 [403] [GET] [text/plain] [] [cloudflare] [cloudflare] [Cloudflare] [7b5ea53ba332630e5aca8e4abb807f70]
http://vanity.rockstargames.com:8880 [403] [GET] [text/plain] [] [cloudflare] [cloudflare] [Cloudflare] [7b5ea53ba332630e5aca8e4abb807f70]
