http://api.liquidity-reserves.routerprotocol.com:3005 [400] [GET] [text/plain] [] [] [a7e46b46d6989f211c0f948ac3a36970]
http://api.rebalancing.routerprotocol.com:3005 [400] [GET] [text/plain] [] [] [a7e46b46d6989f211c0f948ac3a36970]
http://api.rfq.routerprotocol.com:3005 [400] [GET] [text/plain] [] [] [a7e46b46d6989f211c0f948ac3a36970]
http://api.trading-competition.routerprotocol.com:3005 [400] [GET] [text/plain] [] [] [a7e46b46d6989f211c0f948ac3a36970]
http://dev.routerprotocol.com:2082 [302] [GET] [] [] [cloudflare] [vhost] [cloudflare] [Cloudflare] [d41d8cd98f00b204e9800998ecf8427e]
http://dev.routerprotocol.com:2086 [302] [GET] [] [] [cloudflare] [vhost] [cloudflare] [Cloudflare] [d41d8cd98f00b204e9800998ecf8427e]
http://dev.routerprotocol.com:8080 [302] [GET] [] [] [cloudflare] [vhost] [cloudflare] [Cloudflare] [d41d8cd98f00b204e9800998ecf8427e]
http://dev.routerprotocol.com:8880 [302] [GET] [] [] [cloudflare] [vhost] [cloudflare] [Cloudflare] [d41d8cd98f00b204e9800998ecf8427e]
http://docs.routerprotocol.com:2082 [302] [GET] [] [] [cloudflare] [vhost] [cloudflare] [Cloudflare] [d41d8cd98f00b204e9800998ecf8427e]
http://docs.routerprotocol.com:2086 [302] [GET] [] [] [cloudflare] [vhost] [cloudflare] [Cloudflare] [d41d8cd98f00b204e9800998ecf8427e]
http://docs.routerprotocol.com:8080 [302] [GET] [] [] [cloudflare] [vhost] [cloudflare] [Cloudflare] [d41d8cd98f00b204e9800998ecf8427e]
http://docs.routerprotocol.com:8880 [302] [GET] [] [] [cloudflare] [vhost] [cloudflare] [Cloudflare] [d41d8cd98f00b204e9800998ecf8427e]
https://api.liquidity-reserves.routerprotocol.com [404] [GET] [text/html] [Error] [nginx] [Express,Nginx,Node.js] [da7da7d630292e7a2a7dda8ca87b3d39]
https://api.pathfinder.routerprotocol.com [200] [GET] [text/plain] [] [] [vhost] [e0aa021e21dddbd6d8cecec71e9cf564]
https://api.rebalancing.routerprotocol.com [500] [GET] [text/html] [Error] [nginx] [vhost] [Express,Nginx,Node.js] [be8bba0450e4844eb57289fd4981c3d2]
https://api.rfq.routerprotocol.com [502] [GET] [text/html] [502 Bad Gateway] [nginx] [vhost] [Nginx] [eac0a6a53d4a4353aace122055b4b4c8]
https://api.routerprotocol.com [200] [GET] [text/html] [] [nginx] [vhost] [Express,Nginx,Node.js] [765e4264836e5942adba3d378580bb49]
https://api.stats.routerprotocol.com [200] [GET] [text/plain] [] [] [vhost] [e0aa021e21dddbd6d8cecec71e9cf564]
https://api.trading-competition.routerprotocol.com [404] [GET] [text/html] [Error] [nginx] [Express,Nginx,Node.js] [da7da7d630292e7a2a7dda8ca87b3d39]
https://app.routerprotocol.com [200] [GET] [text/html] [Router Cross-Chain Swap] [AmazonS3] [vhost] [cloudfront] [Amazon Cloudfront,Amazon S3,Amazon Web Services] [aaa847b8abc957f8637f039fd8bc0eda]
https://dev.routerprotocol.com [200] [GET] [text/html] [Build with Router Protocol - Dev Documentation] [cloudflare] [vhost] [cloudflare] [Algolia,Cloudflare,Google Cloud,Google Cloud Trace,React] [4de8e0878effd027a7089aa6c948d55f]
https://dev.routerprotocol.com:2083 [200] [GET] [text/html] [Build with Router Protocol - Dev Documentation] [cloudflare] [vhost] [cloudflare] [Algolia,Cloudflare,Google Cloud,Google Cloud Trace,React] [790d3111ac78b4b5e322e4da08b40e20]
https://dev.routerprotocol.com:2087 [200] [GET] [text/html] [Build with Router Protocol - Dev Documentation] [cloudflare] [vhost] [cloudflare] [Algolia,Cloudflare,Google Cloud,Google Cloud Trace,React] [1b1b432aa11ecb10b778fc844989907a]
https://dev.routerprotocol.com:8443 [200] [GET] [text/html] [Build with Router Protocol - Dev Documentation] [cloudflare] [vhost] [cloudflare] [Algolia,Cloudflare,Google Cloud,Google Cloud Trace,React] [15c55caa623580e1888bd8aa473bcd3f]
https://docs.routerprotocol.com:2083 [302] [GET] [text/plain] [] [cloudflare] [vhost] [cloudflare] [Algolia,Cloudflare,Google Cloud,Google Cloud Trace] [c6a5377bd60254a49b4df00958341982]
https://docs.routerprotocol.com:2087 [302] [GET] [text/plain] [] [cloudflare] [vhost] [cloudflare] [Algolia,Cloudflare,Google Cloud,Google Cloud Trace] [c6a5377bd60254a49b4df00958341982]
https://docs.routerprotocol.com [302] [GET] [text/plain] [] [cloudflare] [vhost] [cloudflare] [Algolia,Cloudflare,Google Cloud,Google Cloud Trace] [c6a5377bd60254a49b4df00958341982]
https://docs.routerprotocol.com:8443 [302] [GET] [text/plain] [] [cloudflare] [vhost] [cloudflare] [Algolia,Cloudflare,Google Cloud,Google Cloud Trace] [c6a5377bd60254a49b4df00958341982]
https://explorer.routerprotocol.com [200] [GET] [text/html] [Router Explorer] [AmazonS3] [vhost] [cloudfront] [Amazon Cloudfront,Amazon S3,Amazon Web Services] [f47012172264b45d10c6fcede05dcf1d]
https://faucet-api.routerprotocol.com [502] [GET] [text/html] [502 Bad Gateway] [nginx/1.18.0 (Ubuntu)] [vhost] [Nginx:1.18.0,Ubuntu] [b7a0f2b3e95ab9f1da72121ab5f88540]
https://faucet-api.routerprotocol.com [502] [GET] [text/html] [502 Bad Gateway] [nginx/1.18.0 (Ubuntu)] [vhost] [Nginx:1.18.0,Ubuntu] [d131850514b200c7ef56710965b3c70d]
https://faucet.routerprotocol.com [200] [GET] [text/html] [Router's Faucet] [nginx/1.18.0 (Ubuntu)] [vhost] [Google Font API,Nginx:1.18.0,Ubuntu] [ff3e92bc989754a76edd213c4731bf93]
https://forum.routerprotocol.com [200] [GET] [text/html] [Router Protocol] [nginx] [vhost] [Discourse,Nginx,Ruby on Rails] [34c451e3bad80ae119f126150f4436c1]
https://forum.routerprotocol.com [200] [GET] [text/html] [Router Protocol] [nginx] [vhost] [Discourse,Nginx,Ruby on Rails] [a35a6e2fbe4143f5543fb3abbe056294]
https://galaxyfarm.routerprotocol.com [200] [GET] [text/html] [Router Protocol] [AmazonS3] [vhost] [cloudfront] [Amazon Cloudfront,Amazon S3,Amazon Web Services] [d5f9b8efce688d1153fe62bfeb3a6145]
https://internal.mainnet.routerprotocol.com [401] [GET] [text/html] [401 Authorization Required] [nginx] [vhost] [Basic,Nginx] [55f69d37caed0efafa4d15970ed5f18e]
https://k8s-dashboard.routerprotocol.com [200] [GET] [text/html] [Kubernetes Dashboard] [] [vhost] [177dbb503fe20331413f73a340c28444]
https://routerprotocol.com [301] [GET] [text/html] [301 Moved Permanently] [openresty] [vhost] [Nginx,OpenResty] [3ea1c8d079b38532a6e01a96216ba5e2]
https://spacefarm.routerprotocol.com [200] [GET] [text/html] [Router Protocol] [AmazonS3] [vhost] [cloudfront] [Amazon Cloudfront,Amazon S3,Amazon Web Services] [f5da714a8eed7433e85ac4ef79031463]
https://staging.pathfinder.routerprotocol.com [200] [GET] [text/plain] [] [nginx] [Nginx] [e0aa021e21dddbd6d8cecec71e9cf564]
https://staging.routerprotocol.com [401] [GET] [text/html] [401 Authorization Required] [nginx] [vhost] [Basic,Nginx] [28c5f434e4ab2e2a682400cb005fb08b]
https://staging.routerprotocol.com [401] [GET] [text/html] [401 Authorization Required] [nginx] [vhost] [Basic,Nginx] [55f69d37caed0efafa4d15970ed5f18e]
https://staging.stats.routerprotocol.com [502] [GET] [text/html] [502 Bad Gateway] [nginx] [vhost] [Nginx] [2b027182dd680c922c2045072dad573c]
https://testnet.routerprotocol.com [200] [GET] [text/html] [Router Cross-Chain Swap] [AmazonS3] [vhost] [cloudfront] [Amazon Cloudfront,Amazon S3,Amazon Web Services] [4aa65b72896acc9d29f2123870a8f68e]
https://vote.routerprotocol.com:1935 [403] [GET] [application/octet-stream] [] [nginx] [Nginx] [086d9069069ed62de536cbd4f326d0a9]
https://vote.routerprotocol.com [200] [GET] [text/html] [Snapshot] [BunnyCDN-IL-463] [vhost] [Bunny,IPFS] [74fe4acc00519235bfd32759c7b59396]
https://vote.routerprotocol.com [200] [GET] [text/html] [Snapshot] [BunnyCDN-SIL-915] [vhost] [Bunny,IPFS] [74fe4acc00519235bfd32759c7b59396]
https://www.routerprotocol.com [200] [GET] [text/html] [Router Protocol | Communicate between blockchain networks] [openresty] [Fastly,Nginx,OpenResty,Varnish,Webflow] [a975f60413d5ffe10e590a86353919c1]
http://vote.routerprotocol.com:8082 [403] [GET] [text/html] [403 Forbidden] [nginx] [vhost] [Nginx] [4f8afc2689243991dcede77ebc8b25c8]
http://vote.routerprotocol.com:8084 [403] [GET] [text/html] [403 Forbidden] [nginx] [vhost] [Nginx] [4f8afc2689243991dcede77ebc8b25c8]
http://vote.routerprotocol.com:8085 [403] [GET] [text/html] [403 Forbidden] [nginx] [vhost] [Nginx] [4f8afc2689243991dcede77ebc8b25c8]
