https://authoriser.guea.sbgcore.com [403] [GET] [text/html] [Access to this site has or may be restricted or prohibited from your current location] [AkamaiNetStorage] [vhost] [a0861620c853283cc7fcbef80e07138b]
https://authoriser.nps.sbgcore.com [403] [GET] [text/html] [Access to this site has or may be restricted or prohibited from your current location] [AkamaiNetStorage] [vhost] [a0861620c853283cc7fcbef80e07138b]
https://authoriser.sbgcore.com [403] [GET] [text/html] [Access to this site has or may be restricted or prohibited from your current location] [AkamaiNetStorage] [vhost] [a0861620c853283cc7fcbef80e07138b]
https://customer-data.guea.sbgcore.com [404] [GET] [text/plain] [] [] [vhost] [Zipkin] [3ba83e5651fa69097b1f5bddd9cf4334]
https://customer-data.nps.sbgcore.com [403] [GET] [text/html] [Access to this site has or may be restricted or prohibited from your current location] [AkamaiNetStorage] [vhost] [a0861620c853283cc7fcbef80e07138b]
https://customer-data.sbgcore.com [404] [GET] [text/plain] [] [] [vhost] [Zipkin] [3ba83e5651fa69097b1f5bddd9cf4334]
https://customer-data.staging.sbgcore.com [403] [GET] [text/html] [Access to this site has or may be restricted or prohibited from your current location] [AkamaiNetStorage] [vhost] [a0861620c853283cc7fcbef80e07138b]
https://payments.account.sbgcore.com [404] [GET] [text/html] [] [(REDACTED)] [vhost] [e8392fbb2b6e35a246c669d4466d2c2d]
https://payments.account.staging.sbgcore.com [403] [GET] [text/html] [Access to this site has or may be restricted or prohibited from your current location] [AkamaiNetStorage] [vhost] [a0861620c853283cc7fcbef80e07138b]
https://safety-limits.guea.sbgcore.com [403] [GET] [application/json] [Access Denied] [] [vhost] [1342be6909eee860e9d430f5d28a77a0]
https://safety-limits.guea.sbgcore.com [403] [GET] [application/json] [Access Denied] [] [vhost] [4e82ef1e229ae25f596a8387e51e8616]
https://safety-limits.nps.sbgcore.com [403] [GET] [application/json] [Access Denied] [] [vhost] [0dfa47129566856be7583af2b1352492]
https://safety-limits.nps.sbgcore.com [403] [GET] [application/json] [Access Denied] [] [vhost] [748889689320c4987ef853cee38a9684]
https://safety-limits.sbgcore.com [403] [GET] [application/json] [Access Denied] [] [vhost] [2ff2ebf6d510c625bb4e0b50f44154b9]
https://safety-limits.sbgcore.com [403] [GET] [application/json] [Access Denied] [] [vhost] [d88d4323db7efac419a7ab2c16562538]
https://safety-limits.staging.sbgcore.com [403] [GET] [application/json] [Access Denied] [] [vhost] [4cecf0b8fdde3a11d5c5304608692f10]
https://safety-limits.staging.sbgcore.com [403] [GET] [application/json] [Access Denied] [] [vhost] [8f3e220262651338d5c267680c86abd6]
https://safety-limits.test.sbgcore.com [403] [GET] [application/json] [Access Denied] [] [vhost] [23fa1261c728e2deb3f995fddb759196]
https://safety-limits.test.sbgcore.com [403] [GET] [application/json] [Access Denied] [] [vhost] [4a63cd3473f0f44bea845bc1a0d46655]
https://sts.common.sbgcore.com [200] [GET] [text/html] [] [(REDACTED)] [vhost] [68b329da9893e34099c7d8ad5cb9c940]
https://sts.common.staging.sbgcore.com [403] [GET] [text/html] [Access to this site has or may be restricted or prohibited from your current location] [AkamaiNetStorage] [vhost] [a0861620c853283cc7fcbef80e07138b]
https://verification.staging.sbgcore.com [403] [GET] [text/html] [Access Denied] [AkamaiGHost] [vhost] [4c39a614ab70af3a1f747993f060bd71]
https://verification.staging.sbgcore.com [403] [GET] [text/html] [Access Denied] [AkamaiGHost] [vhost] [52899de8a7eea8e7e2630fc11360b2a3]
https://verification.test.sbgcore.com [403] [GET] [text/html] [Access Denied] [AkamaiGHost] [vhost] [c8581f822061d0d9cb8c13e72a937315]
