https://api.ff.sbgservices.com [403] [GET] [application/json] [] [] [vhost] [cloudfront] [Amazon Cloudfront,Amazon Web Services] [905b1fbb26e082557ff0b3b3553cda6c]
https://api.messaging.sbgservices.com [403] [GET] [application/json] [] [] [vhost] [bc45704aad57d445b6dfa58b101071e3]
https://api.s6e.sbgservices.com [404] [GET] [text/html] [] [AmazonS3] [vhost] [cloudfront] [Amazon Cloudfront,Amazon S3,Amazon Web Services] [9d1ead73e678fa2f51a70a933b0bf017]
https://api.s6.sbgservices.com [200] [GET] [text/html] [Super 6 API] [] [vhost] [cloudfront] [Amazon Cloudfront,Amazon Web Services,Express,Node.js] [ea444fdb19ade03e69bbefae42a4ba18]
https://api.sweeps.sbgservices.com [403] [GET] [application/json] [] [] [vhost] [cloudfront] [Amazon Cloudfront,Amazon Web Services] [905b1fbb26e082557ff0b3b3553cda6c]
https://api.test.messaging.sbgservices.com [403] [GET] [text/html] [Access to this site has or may be restricted or prohibited from your current location] [AkamaiNetStorage] [vhost] [a0861620c853283cc7fcbef80e07138b]
https://api.test.s6.sbgservices.com [403] [GET] [text/html] [ERROR: The request could not be satisfied] [CloudFront] [cloudfront] [Amazon Cloudfront,Amazon Web Services] [024ab516d03011cbb059a60c81cbb058]
https://api.test.s6.sbgservices.com [403] [GET] [text/html] [ERROR: The request could not be satisfied] [CloudFront] [cloudfront] [Amazon Cloudfront,Amazon Web Services] [4f475a0c0540ec8755c795edb482873d]
https://assetstore.sbgservices.com [403] [GET] [application/xml] [] [AmazonS3] [vhost] [Amazon S3,Amazon Web Services] [1736cc508bd8e71939cb2a50f77b789b]
https://assetstore.sbgservices.com [403] [GET] [application/xml] [] [AmazonS3] [vhost] [Amazon S3,Amazon Web Services] [e6c5c064297164c03edfd51e6b01966d]
https://cdn.ff.sbgservices.com [403] [GET] [application/xml] [] [AmazonS3] [vhost] [cloudfront] [Amazon Cloudfront,Amazon S3,Amazon Web Services] [3236097a1bc3209a8442687fb2b6f3b9]
https://ci.api.ff.sbgservices.com [403] [GET] [application/json] [] [] [vhost] [cloudfront] [Amazon Cloudfront,Amazon Web Services] [905b1fbb26e082557ff0b3b3553cda6c]
https://demo-portal.test.ges.sbgservices.com [403] [GET] [application/xml] [] [AmazonS3] [vhost] [cloudfront] [Amazon Cloudfront,Amazon S3,Amazon Web Services] [012bce8d1dc6bfb75be4ad08065ba8f2]
https://demo-portal.test.ges.sbgservices.com [403] [GET] [application/xml] [] [AmazonS3] [vhost] [cloudfront] [Amazon Cloudfront,Amazon S3,Amazon Web Services] [ab99c5f1e73786bd78c6daa2d96c8762]
https://feedback.s6.sbgservices.com [404] [GET] [application/json] [] [] [vhost] [cloudfront] [Amazon Cloudfront,Amazon Web Services] [bfa54684f90054d2acc4c43b9cc35cac]
https://match-challenge.sbgservices.com [403] [GET] [text/html] [Access Denied] [] [vhost] [33e34f4d2b4af46527128859eb07cb39]
https://match-challenge.sbgservices.com [403] [GET] [text/html] [Access Denied] [] [vhost] [ba9e5b3fe4ecce3db1cf7842317b783d]
https://match-challenge.stage.sbgservices.com [403] [GET] [text/html] [Access Denied] [] [vhost] [38cb12a1adb19b26336e82def0dc6c99]
https://match-challenge.stage.sbgservices.com [403] [GET] [text/html] [Access Denied] [] [vhost] [4effbe8b98ac22992c786c7e91cbec2e]
https://minigames.ges.sbgservices.com [404] [GET] [] [] [AkamaiNetStorage] [vhost] [7605968e79d0ca095ab1231486d2b814]
https://minigames.nps.ges.sbgservices.com [404] [GET] [text/html] [Access Denied] [AkamaiGHost] [vhost] [98133c509316f49f44c584df616c9a9a]
https://minigames.nps.ges.sbgservices.com [404] [GET] [text/html] [Access Denied] [AkamaiGHost] [vhost] [bd1599a43d378c3259858d90dd6f9742]
https://oauth.autotest.sweeps.sbgservices.com [403] [GET] [text/html] [403 Forbidden] [awselb/2.0] [2e40045efe5134ada9942798c090d269]
https://oauth.loadtest.sweeps.sbgservices.com [403] [GET] [text/html] [403 Forbidden] [awselb/2.0] [2e40045efe5134ada9942798c090d269]
https://oauth.test.sweeps.sbgservices.com [403] [GET] [text/html] [403 Forbidden] [awselb/2.0] [bad2e8579dcdb79399aac2064216a37d]
https://promotions-customer-experience.sbgservices.com [403] [GET] [text/html] [Access Denied] [AkamaiGHost] [vhost] [0ae3610f1d87358c48642e716ae2e101]
https://promotions-customer-experience.sbgservices.com [403] [GET] [text/html] [Access Denied] [AkamaiGHost] [vhost] [f429a888e607f8283d83dc5613970b54]
https://promotions-spin-service.promotions.nps.sbgservices.com [403] [GET] [text/html] [Access Denied] [AkamaiGHost] [vhost] [6157c1ca234f816519703bc0e9803eb8]
https://promotions-spin-service.promotions.sbgservices.com [404] [GET] [] [] [nginx] [vhost] [Nginx] [d41d8cd98f00b204e9800998ecf8427e]
https://promotions-spin-service.promotions.stage.sbgservices.com [403] [GET] [text/html] [Access Denied] [AkamaiGHost] [vhost] [6b836e34df09d2720baecc288c5693f2]
https://promotions-spin-service.promotions.stage.sbgservices.com [403] [GET] [text/html] [Access Denied] [AkamaiGHost] [vhost] [a60f0ec0c9e8be81f764ab4d57fd60cd]
https://push.gamingservices.sbgservices.com [401] [GET] [application/json] [] [] [vhost] [91aad84f7a60ef4fefdd5f33a5e9e586]
https://rc.ges.sbgservices.com [404] [GET] [] [] [AkamaiNetStorage] [vhost] [7605968e79d0ca095ab1231486d2b814]
https://rc.nps.ges.sbgservices.com [404] [GET] [] [] [AkamaiNetStorage] [vhost] [7605968e79d0ca095ab1231486d2b814]
https://rcs-int.sbgservices.com [403] [GET] [text/html] [Access Denied] [AkamaiGHost] [vhost] [7b5a0230564e3838cf37fb6af05f7b7c]
https://rcs-int.sbgservices.com [403] [GET] [text/html] [Access Denied] [AkamaiGHost] [vhost] [ccbdbc14beeb10e70624a0c3658b97bf]
https://rcs.sbgservices.com [403] [GET] [application/json] [] [] [vhost] [905b1fbb26e082557ff0b3b3553cda6c]
https://rc.staging.sbgservices.com [404] [GET] [text/html] [Access Denied] [AkamaiGHost] [vhost] [9754148e6f225a71702d03159929dda5]
https://rc.staging.sbgservices.com [404] [GET] [text/html] [Access Denied] [AkamaiGHost] [vhost] [9aa6bf5411c39ddf619539983f6efc09]
https://test.feedback.s6.sbgservices.com [403] [GET] [application/json] [] [] [vhost] [cloudfront] [Amazon Cloudfront,Amazon Web Services] [905b1fbb26e082557ff0b3b3553cda6c]
https://ui.ama04-1.dev.messaging.sbgservices.com [403] [GET] [text/html] [ERROR: The request could not be satisfied] [CloudFront] [cloudfront] [Amazon Cloudfront,Amazon Web Services] [36e08c4c9432119eef44a30b3c09e6e0]
https://ui.ama04-1.dev.messaging.sbgservices.com [403] [GET] [text/html] [ERROR: The request could not be satisfied] [CloudFront] [cloudfront] [Amazon Cloudfront,Amazon Web Services] [68d63aaad5a777316385d1be892eebf9]
https://ui.asi11-1.dev.messaging.sbgservices.com [403] [GET] [text/html] [ERROR: The request could not be satisfied] [CloudFront] [cloudfront] [Amazon Cloudfront,Amazon Web Services] [5b2c6959faf39655aa7b7fcb5d6b926d]
https://ui.asi11-1.dev.messaging.sbgservices.com [403] [GET] [text/html] [ERROR: The request could not be satisfied] [CloudFront] [cloudfront] [Amazon Cloudfront,Amazon Web Services] [94d4b2f49784e6d0558a0d9157979e21]
https://ui.browser-test.ama04-1.dev.messaging.sbgservices.com [403] [GET] [text/html] [ERROR: The request could not be satisfied] [CloudFront] [cloudfront] [Amazon Cloudfront,Amazon Web Services] [39a51b8013812d9648de147ef7db2f36]
https://ui.browser-test.ama04-1.dev.messaging.sbgservices.com [403] [GET] [text/html] [ERROR: The request could not be satisfied] [CloudFront] [cloudfront] [Amazon Cloudfront,Amazon Web Services] [d64c742fe11ff7acada2e6063626eee8]
https://ui.browser-test.asi11-1.dev.messaging.sbgservices.com [403] [GET] [text/html] [ERROR: The request could not be satisfied] [CloudFront] [cloudfront] [Amazon Cloudfront,Amazon Web Services] [97266368bcc5d0bb674f476eea431703]
https://ui.browser-test.asi11-1.dev.messaging.sbgservices.com [403] [GET] [text/html] [ERROR: The request could not be satisfied] [CloudFront] [cloudfront] [Amazon Cloudfront,Amazon Web Services] [ba539928c3d1931b5941ce21342f40b0]
https://ui.browser-test.cbe01-1.dev.messaging.sbgservices.com [403] [GET] [text/html] [ERROR: The request could not be satisfied] [CloudFront] [cloudfront] [Amazon Cloudfront,Amazon Web Services] [05ff18625cf2643b2d9758e891a9b0ba]
https://ui.browser-test.cbe01-1.dev.messaging.sbgservices.com [403] [GET] [text/html] [ERROR: The request could not be satisfied] [CloudFront] [cloudfront] [Amazon Cloudfront,Amazon Web Services] [6cb74d65207057736138dfa070623e35]
https://ui.browser-test.iba01-1.dev.messaging.sbgservices.com [403] [GET] [text/html] [ERROR: The request could not be satisfied] [CloudFront] [cloudfront] [Amazon Cloudfront,Amazon Web Services] [29347e24b5ef8c5cb9f10775455b6eed]
https://ui.browser-test.iba01-1.dev.messaging.sbgservices.com [403] [GET] [text/html] [ERROR: The request could not be satisfied] [CloudFront] [cloudfront] [Amazon Cloudfront,Amazon Web Services] [912e289dd419ec3ae66ca906a2ecfc8b]
https://ui.browser-test.leahyc-1.dev.messaging.sbgservices.com [403] [GET] [text/html] [ERROR: The request could not be satisfied] [CloudFront] [cloudfront] [Amazon Cloudfront,Amazon Web Services] [b036879e173658fd412e3755a267a122]
https://ui.browser-test.leahyc-1.dev.messaging.sbgservices.com [403] [GET] [text/html] [ERROR: The request could not be satisfied] [CloudFront] [cloudfront] [Amazon Cloudfront,Amazon Web Services] [b632779010a2244d8f42b3893f433984]
https://ui.browser-test.leahyc-2.dev.messaging.sbgservices.com [403] [GET] [text/html] [ERROR: The request could not be satisfied] [CloudFront] [cloudfront] [Amazon Cloudfront,Amazon Web Services] [37222193cde0ca6d98f26381b4df0b0c]
https://ui.browser-test.leahyc-2.dev.messaging.sbgservices.com [403] [GET] [text/html] [ERROR: The request could not be satisfied] [CloudFront] [cloudfront] [Amazon Cloudfront,Amazon Web Services] [e95077fa63646a3f25893c960900d9cd]
https://ui.browser-test.preenn-1.dev.messaging.sbgservices.com [403] [GET] [text/html] [ERROR: The request could not be satisfied] [CloudFront] [cloudfront] [Amazon Cloudfront,Amazon Web Services] [8aa69cb4d89ca7e3a88262527e532278]
https://ui.browser-test.preenn-1.dev.messaging.sbgservices.com [403] [GET] [text/html] [ERROR: The request could not be satisfied] [CloudFront] [cloudfront] [Amazon Cloudfront,Amazon Web Services] [f98beff4e3e931c15383ae4237584544]
https://ui.browser-test.test.messaging.sbgservices.com [403] [GET] [text/html] [ERROR: The request could not be satisfied] [CloudFront] [cloudfront] [Amazon Cloudfront,Amazon Web Services] [975cc8337308190cb8e51a4ff66c6268]
https://ui.browser-test.test.messaging.sbgservices.com [403] [GET] [text/html] [ERROR: The request could not be satisfied] [CloudFront] [cloudfront] [Amazon Cloudfront,Amazon Web Services] [b81fef22a479351228b3dacfe3e6ad08]
https://ui.cbe01-1.dev.messaging.sbgservices.com [403] [GET] [text/html] [ERROR: The request could not be satisfied] [CloudFront] [cloudfront] [Amazon Cloudfront,Amazon Web Services] [51c956bfdd0274fc65e56bf6768ef4a2]
https://ui.cbe01-1.dev.messaging.sbgservices.com [403] [GET] [text/html] [ERROR: The request could not be satisfied] [CloudFront] [cloudfront] [Amazon Cloudfront,Amazon Web Services] [5e82196b62d3180a8b817bc357de3153]
https://ui.iba01-1.dev.messaging.sbgservices.com [403] [GET] [text/html] [ERROR: The request could not be satisfied] [CloudFront] [cloudfront] [Amazon Cloudfront,Amazon Web Services] [72e5f679c83aace5f1f058b9e9c9827f]
https://ui.iba01-1.dev.messaging.sbgservices.com [403] [GET] [text/html] [ERROR: The request could not be satisfied] [CloudFront] [cloudfront] [Amazon Cloudfront,Amazon Web Services] [79a643774393df1321aa2fac12b09e37]
https://ui.jamesr-1.dev.messaging.sbgservices.com [403] [GET] [text/html] [ERROR: The request could not be satisfied] [CloudFront] [cloudfront] [Amazon Cloudfront,Amazon Web Services] [657bdbe364489d569228a8ccb96c9d89]
https://ui.jamesr-1.dev.messaging.sbgservices.com [403] [GET] [text/html] [ERROR: The request could not be satisfied] [CloudFront] [cloudfront] [Amazon Cloudfront,Amazon Web Services] [b7e11e039ba73a59a28e9df5d18b2988]
https://ui.leahyc-1.dev.messaging.sbgservices.com [403] [GET] [text/html] [ERROR: The request could not be satisfied] [CloudFront] [cloudfront] [Amazon Cloudfront,Amazon Web Services] [137473eec6b8a7ff7c08e7e728f35238]
https://ui.leahyc-1.dev.messaging.sbgservices.com [403] [GET] [text/html] [ERROR: The request could not be satisfied] [CloudFront] [cloudfront] [Amazon Cloudfront,Amazon Web Services] [a7708500c6f7e6d732bb7a94504ab1e8]
https://ui.leahyc-2.dev.messaging.sbgservices.com [403] [GET] [text/html] [ERROR: The request could not be satisfied] [CloudFront] [cloudfront] [Amazon Cloudfront,Amazon Web Services] [3b2649b9e4fc3ce09eb8a6875874c3b8]
https://ui.leahyc-2.dev.messaging.sbgservices.com [403] [GET] [text/html] [ERROR: The request could not be satisfied] [CloudFront] [cloudfront] [Amazon Cloudfront,Amazon Web Services] [d798319d46644517391090c0b5ab282d]
https://ui.messaging.sbgservices.com [200] [GET] [text/html] [Notifications] [AmazonS3] [vhost] [cloudfront] [Amazon Cloudfront,Amazon S3,Amazon Web Services] [34644474e86579ff16673b4461869ade]
https://ui.preenn-1.dev.messaging.sbgservices.com [403] [GET] [text/html] [ERROR: The request could not be satisfied] [CloudFront] [cloudfront] [Amazon Cloudfront,Amazon Web Services] [6368dec9f1e0d9164b0ce8977ea889d2]
https://ui.preenn1.dev.messaging.sbgservices.com [403] [GET] [text/html] [ERROR: The request could not be satisfied] [CloudFront] [cloudfront] [Amazon Cloudfront,Amazon Web Services] [648eefefdf8e6a49b5efa4f7fd4c2b12]
https://ui.preenn-1.dev.messaging.sbgservices.com [403] [GET] [text/html] [ERROR: The request could not be satisfied] [CloudFront] [cloudfront] [Amazon Cloudfront,Amazon Web Services] [9dff13ca66d709cc93dca9eba84ddf48]
https://ui.preenn1.dev.messaging.sbgservices.com [403] [GET] [text/html] [ERROR: The request could not be satisfied] [CloudFront] [cloudfront] [Amazon Cloudfront,Amazon Web Services] [e41254f3c882dd592f7f2b9d71ac40cd]
https://ui.test.messaging.sbgservices.com [403] [GET] [text/html] [ERROR: The request could not be satisfied] [CloudFront] [cloudfront] [Amazon Cloudfront,Amazon Web Services] [5eec9dafe51659af9241fc0ea169363f]
https://ui.test.messaging.sbgservices.com [403] [GET] [text/html] [ERROR: The request could not be satisfied] [CloudFront] [cloudfront] [Amazon Cloudfront,Amazon Web Services] [cb944034ecbe321c98a072ed1e4c729b]
http://web.ff.sbgservices.com [403] [GET] [text/html] [ERROR: The request could not be satisfied] [CloudFront] [cloudfront] [Amazon Cloudfront,Amazon Web Services] [2750563e17deb71ac1498822e9f13c36]
http://web.s6.sbgservices.com [403] [GET] [text/html] [ERROR: The request could not be satisfied] [CloudFront] [cloudfront] [Amazon Cloudfront,Amazon Web Services] [23f8bc732285a60183da7ffab806206b]
