http://img.logistics.scoober.com:2053 [400] [GET] [text/html] [400 The plain HTTP request was sent to HTTPS port] [cloudflare] [cloudflare] [Cloudflare] [cd58783500d7fa3c58f88eb0ba22f4f8]
http://img.logistics.scoober.com:2083 [400] [GET] [text/html] [400 The plain HTTP request was sent to HTTPS port] [cloudflare] [cloudflare] [Cloudflare] [cd58783500d7fa3c58f88eb0ba22f4f8]
http://img.logistics.scoober.com:2087 [400] [GET] [text/html] [400 The plain HTTP request was sent to HTTPS port] [cloudflare] [cloudflare] [Cloudflare] [cd58783500d7fa3c58f88eb0ba22f4f8]
http://img.logistics.scoober.com:2096 [400] [GET] [text/html] [400 The plain HTTP request was sent to HTTPS port] [cloudflare] [cloudflare] [Cloudflare] [20ad84d030031252141ca0b3fc0183f0]
http://img.logistics.scoober.com:8443 [400] [GET] [text/html] [400 The plain HTTP request was sent to HTTPS port] [cloudflare] [cloudflare] [Cloudflare] [20ad84d030031252141ca0b3fc0183f0]
http://ios.scoober.com [301] [GET] [] [] [AmazonS3] [vhost] [Amazon S3,Amazon Web Services] [d41d8cd98f00b204e9800998ecf8427e]
https://api.scoober.com [503] [GET] [text/html] [Just a moment...] [cloudflare] [vhost] [cloudflare] [Cloudflare,Cloudflare Bot Management] [3d5bfcd97aa4ab29824ff8c3bfa44042]
https://api.scoober.com [503] [GET] [text/html] [Just a moment...] [cloudflare] [vhost] [cloudflare] [Cloudflare,Cloudflare Bot Management] [53f333c7c26affd5991049f92f12ec02]
https://apps.scoober.com [200] [GET] [text/html] [Scoober App distribution] [AmazonS3] [vhost] [cloudfront] [Amazon Cloudfront,Amazon S3,Amazon Web Services] [c235f9915a705ae294e9da06d4e3bd45]
https://assets.scoober.com [403] [GET] [application/xml] [] [AmazonS3] [vhost] [cloudfront] [Amazon Cloudfront,Amazon S3,Amazon Web Services] [520a0f0390e34f07296721610abdb5f0]
https://assets.scoober.com [403] [GET] [application/xml] [] [AmazonS3] [vhost] [cloudfront] [Amazon Cloudfront,Amazon S3,Amazon Web Services] [66f69c3d227db5e93c4952a7dd9dfe60]
https://auth.scoober.com [403] [GET] [text/html] [403 Forbidden] [awselb/2.0] [2e40045efe5134ada9942798c090d269]
https://chat.beta.scoober.com [200] [GET] [text/html] [Scoober Chat] [AmazonS3] [vhost] [cloudfront] [Amazon Cloudfront,Amazon S3,Amazon Web Services,Google Font API] [e2663ed1fa73ecbbb9160c54a7ca9c07]
https://chat.dev.scoober.com [200] [GET] [text/html] [Scoober Chat] [AmazonS3] [vhost] [cloudfront] [Amazon Cloudfront,Amazon S3,Amazon Web Services,Google Font API] [879a352e723c3f27d52a890860cee311]
https://chat-manager.dev.scoober.com [404] [GET] [application/json] [] [nginx/1.21.6] [Nginx:1.21.6] [3a1f065bb2c05f3e432baf0a197de937]
https://chat-manager.dev.scoober.com [404] [GET] [application/json] [] [nginx/1.21.6] [Nginx:1.21.6] [bb5c856f85204bb03baf136f84ba2124]
https://chat-manager.scoober.com [404] [GET] [application/json] [] [nginx/1.21.6] [Nginx:1.21.6] [81e27cdbd5156c4f5b8ee33d77acc17b]
https://chat-manager.scoober.com [404] [GET] [application/json] [] [nginx/1.21.6] [Nginx:1.21.6] [a6dc6e6c607799950ec4f2ce5f2f21c6]
https://chat.scoober.com [200] [GET] [text/html] [Scoober Chat] [AmazonS3] [vhost] [cloudfront] [Amazon Cloudfront,Amazon S3,Amazon Web Services,Google Font API] [1508786c187f73b20417cefe0c5bedbc]
https://courier.scoober.com [503] [GET] [text/html] [Just a moment...] [cloudflare] [vhost] [cloudflare] [Cloudflare,Cloudflare Bot Management] [e744b1c8ba3f537600a5a5a2f60b5d65]
https://courier.scoober.com [503] [GET] [text/html] [Just a moment...] [cloudflare] [vhost] [cloudflare] [Cloudflare,Cloudflare Bot Management] [eb44eb81f08b0ca31123d3a4e7630851]
https://driver-location.dev.scoober.com [403] [GET] [text/html] [403 Forbidden] [awselb/2.0] [2e40045efe5134ada9942798c090d269]
https://driver-location.dev.scoober.com [403] [GET] [text/html] [403 Forbidden] [awselb/2.0] [bad2e8579dcdb79399aac2064216a37d]
https://driver-location.scoober.com [403] [GET] [text/html] [403 Forbidden] [awselb/2.0] [2e40045efe5134ada9942798c090d269]
https://driver-location.scoober.com [403] [GET] [text/html] [403 Forbidden] [awselb/2.0] [bad2e8579dcdb79399aac2064216a37d]
https://driver-notification.dev.scoober.com [403] [GET] [text/html] [403 Forbidden] [awselb/2.0] [bad2e8579dcdb79399aac2064216a37d]
https://driver-notification.scoober.com [403] [GET] [text/html] [403 Forbidden] [awselb/2.0] [2e40045efe5134ada9942798c090d269]
https://driver-notification.scoober.com [403] [GET] [text/html] [403 Forbidden] [awselb/2.0] [bad2e8579dcdb79399aac2064216a37d]
https://faq.dev.scoober.com [503] [GET] [text/html] [Just a moment...] [cloudflare] [vhost] [cloudflare] [Cloudflare,Cloudflare Bot Management] [1f3b32816f6335f89bb1de073f44d8d2]
https://faq.dev.scoober.com [503] [GET] [text/html] [Just a moment...] [cloudflare] [vhost] [cloudflare] [Cloudflare,Cloudflare Bot Management] [99ab7ef507096d722d70828beee73d8e]
https://faq.scoober.com [503] [GET] [text/html] [Just a moment...] [cloudflare] [vhost] [cloudflare] [Cloudflare,Cloudflare Bot Management] [3febbd89049bca7b25beb00b6a00d6d0]
https://faq.scoober.com [503] [GET] [text/html] [Just a moment...] [cloudflare] [vhost] [cloudflare] [Cloudflare,Cloudflare Bot Management] [9e6936779702145a1b6fe2fa5687dfbc]
https://forecast-api.dev.scoober.com [403] [GET] [text/html] [403 Forbidden] [awselb/2.0] [bad2e8579dcdb79399aac2064216a37d]
https://forecast-api.scoober.com [403] [GET] [text/html] [403 Forbidden] [awselb/2.0] [2e40045efe5134ada9942798c090d269]
https://forecast-api.scoober.com [403] [GET] [text/html] [403 Forbidden] [awselb/2.0] [bad2e8579dcdb79399aac2064216a37d]
https://geofence.dev.scoober.com [403] [GET] [text/html] [403 Forbidden] [awselb/2.0] [2e40045efe5134ada9942798c090d269]
https://geofence.dev.scoober.com [403] [GET] [text/html] [403 Forbidden] [awselb/2.0] [bad2e8579dcdb79399aac2064216a37d]
https://geofence.scoober.com [403] [GET] [text/html] [403 Forbidden] [awselb/2.0] [2e40045efe5134ada9942798c090d269]
https://geofence.scoober.com [403] [GET] [text/html] [403 Forbidden] [awselb/2.0] [bad2e8579dcdb79399aac2064216a37d]
https://img.logistics.scoober.com [301] [GET] [text/html] [] [cloudflare] [vhost] [cloudflare] [Cloudflare] [d41d8cd98f00b204e9800998ecf8427e]
https://internal.beta.scoober.com [403] [GET] [text/html] [ERROR: The request could not be satisfied] [CloudFront] [cloudfront] [Amazon Cloudfront,Amazon Web Services] [066d4490e04bd6cfcf9ecaa8d938bf60]
https://internal.beta.scoober.com [403] [GET] [text/html] [ERROR: The request could not be satisfied] [CloudFront] [cloudfront] [Amazon Cloudfront,Amazon Web Services] [c816092061afb0ee9f9d3fd7791d17e2]
https://job-list.beta.scoober.com [403] [GET] [text/html] [ERROR: The request could not be satisfied] [CloudFront] [cloudfront] [Amazon Cloudfront,Amazon Web Services] [03d57836110367efe62513cd5e47f687]
https://job-list.beta.scoober.com [403] [GET] [text/html] [ERROR: The request could not be satisfied] [CloudFront] [cloudfront] [Amazon Cloudfront,Amazon Web Services] [f06d1fa53ae6d1218a9d97e0bcdbbec2]
https://newsletter.scoober.com [404] [GET] [text/html] [Page Not Available | Mailchimp] [openresty] [vhost] [Nginx,OpenResty] [7c15786f5def1bfe06aa967f4b795cd1]
https://payroll-api.dev.scoober.com [403] [GET] [text/html] [403 Forbidden] [awselb/2.0] [bad2e8579dcdb79399aac2064216a37d]
https://payroll-api.scoober.com [403] [GET] [text/html] [403 Forbidden] [awselb/2.0] [2e40045efe5134ada9942798c090d269]
https://payroll-api.scoober.com [403] [GET] [text/html] [403 Forbidden] [awselb/2.0] [bad2e8579dcdb79399aac2064216a37d]
https://restaurant.dev.scoober.com [200] [GET] [text/html] [Restaurant - Scoober] [AmazonS3] [vhost] [cloudfront] [Amazon Cloudfront,Amazon S3,Amazon Web Services,AngularJS] [f454c145c4d37f75b9f068cd8a42565e]
https://restaurant.scoober.com [200] [GET] [text/html] [Restaurant - Scoober] [AmazonS3] [vhost] [cloudfront] [Amazon Cloudfront,Amazon S3,Amazon Web Services,AngularJS] [caaaeda02a932b98cecbdeefeb281fcc]
https://r.logistics.scoober.com [301] [GET] [text/html] [] [nginx] [vhost] [Nginx] [d41d8cd98f00b204e9800998ecf8427e]
https://r.logistics.scoober.com:4443 [301] [GET] [] [] [cloudflare] [Cloudflare] [d41d8cd98f00b204e9800998ecf8427e]
https://scoober.com [301] [GET] [] [] [AmazonS3] [vhost] [cloudfront] [Amazon Cloudfront,Amazon S3,Amazon Web Services] [d41d8cd98f00b204e9800998ecf8427e]
https://scoober-courier-api.scoober.com [503] [GET] [text/html] [Just a moment...] [cloudflare] [vhost] [cloudflare] [Cloudflare,Cloudflare Bot Management] [edb1e1991ccc09a7e8d85195393d7758]
https://scoober-courier-api.scoober.com [503] [GET] [text/html] [Just a moment...] [cloudflare] [vhost] [cloudflare] [Cloudflare,Cloudflare Bot Management] [f3e477549ed6f0bcc47f3b7797f4cfc3]
https://shiftplanning-api.scoober.com [403] [GET] [text/html] [403 Forbidden] [awselb/2.0] [2e40045efe5134ada9942798c090d269]
https://shiftplanning-api.scoober.com [403] [GET] [text/html] [403 Forbidden] [awselb/2.0] [bad2e8579dcdb79399aac2064216a37d]
https://ticket.dev.scoober.com [503] [GET] [text/html] [Just a moment...] [cloudflare] [vhost] [cloudflare] [Cloudflare,Cloudflare Bot Management] [e7e209a9b014f970f092d3c75349f4dd]
https://ticket.dev.scoober.com [503] [GET] [text/html] [Just a moment...] [cloudflare] [vhost] [cloudflare] [Cloudflare,Cloudflare Bot Management] [ff8edcc1e68d577d5dd2643e23818d4a]
https://ticket.scoober.com [503] [GET] [text/html] [Just a moment...] [cloudflare] [vhost] [cloudflare] [Cloudflare,Cloudflare Bot Management] [73f4f65ef60dad64f111e1fa0563cdc2]
https://ticket.scoober.com [503] [GET] [text/html] [Just a moment...] [cloudflare] [vhost] [cloudflare] [Cloudflare,Cloudflare Bot Management] [e4aa117cd69d558ede61f995c9263d8e]
https://tracker-api.scoober.com [403] [GET] [text/html] [403 Forbidden] [awselb/2.0] [2e40045efe5134ada9942798c090d269]
https://tracker.beta.scoober.com:2053 [503] [GET] [text/html] [Just a moment...] [cloudflare] [vhost] [cloudflare] [Cloudflare,Cloudflare Bot Management] [8511f812dd6476284ffa8d8e62d7c52b]
https://tracker.beta.scoober.com:2083 [503] [GET] [text/html] [Just a moment...] [cloudflare] [vhost] [cloudflare] [Cloudflare,Cloudflare Bot Management] [14c9e5c8dd6a77aaa1a66a278b2cd457]
https://tracker.beta.scoober.com:2087 [503] [GET] [text/html] [Just a moment...] [cloudflare] [vhost] [cloudflare] [Cloudflare,Cloudflare Bot Management] [0abf37caafeaf59268f7636dff1d2d23]
https://tracker.beta.scoober.com [503] [GET] [text/html] [Just a moment...] [cloudflare] [vhost] [cloudflare] [Cloudflare,Cloudflare Bot Management] [127bf258b582d274630a866db630f669]
https://tracker.beta.scoober.com [503] [GET] [text/html] [Just a moment...] [cloudflare] [vhost] [cloudflare] [Cloudflare,Cloudflare Bot Management] [b3fd092240cdf8415bfa2192785052dd]
https://tracker.beta.scoober.com:8443 [503] [GET] [text/html] [Just a moment...] [cloudflare] [vhost] [cloudflare] [Cloudflare,Cloudflare Bot Management] [b5cdac07ce9f4613fe9701fe920d3dff]
https://tracker.scoober.com:2053 [503] [GET] [text/html] [Just a moment...] [cloudflare] [vhost] [cloudflare] [Cloudflare,Cloudflare Bot Management] [58ac8c8b83123dd6e5f4fcbab165b58f]
https://tracker.scoober.com:2083 [503] [GET] [text/html] [Just a moment...] [cloudflare] [vhost] [cloudflare] [Cloudflare,Cloudflare Bot Management] [0f322ab1de01791c962cc28c4b1ab689]
https://tracker.scoober.com:2087 [503] [GET] [text/html] [Just a moment...] [cloudflare] [vhost] [cloudflare] [Cloudflare,Cloudflare Bot Management] [17a301abacf435c83f5b2e39b7264fb2]
https://tracker.scoober.com [503] [GET] [text/html] [Just a moment...] [cloudflare] [vhost] [cloudflare] [Cloudflare,Cloudflare Bot Management] [43b114b591e1bccb721723414c9f1f12]
https://tracker.scoober.com [503] [GET] [text/html] [Just a moment...] [cloudflare] [vhost] [cloudflare] [Cloudflare,Cloudflare Bot Management] [890b36c976cd013e7b7ebb11aa10ccad]
https://tracker.scoober.com:8443 [503] [GET] [text/html] [Just a moment...] [cloudflare] [vhost] [cloudflare] [Cloudflare,Cloudflare Bot Management] [657a0f205293952b734df1dd408f536d]
https://translator.dev.scoober.com [403] [GET] [text/html] [403 Forbidden] [awselb/2.0] [2e40045efe5134ada9942798c090d269]
https://translator.dev.scoober.com [403] [GET] [text/html] [403 Forbidden] [awselb/2.0] [bad2e8579dcdb79399aac2064216a37d]
https://translator.scoober.com [403] [GET] [text/html] [403 Forbidden] [awselb/2.0] [2e40045efe5134ada9942798c090d269]
https://translator.scoober.com [403] [GET] [text/html] [403 Forbidden] [awselb/2.0] [bad2e8579dcdb79399aac2064216a37d]
https://www.scoober.com [301] [GET] [] [] [AmazonS3] [vhost] [cloudfront] [Amazon Cloudfront,Amazon S3,Amazon Web Services] [d41d8cd98f00b204e9800998ecf8427e]
http://tracker.beta.scoober.com:2052 [301] [GET] [] [] [cloudflare] [vhost] [cloudflare] [Cloudflare,Cloudflare Bot Management] [d41d8cd98f00b204e9800998ecf8427e]
http://tracker.beta.scoober.com:2082 [301] [GET] [] [] [cloudflare] [vhost] [cloudflare] [Cloudflare,Cloudflare Bot Management] [d41d8cd98f00b204e9800998ecf8427e]
http://tracker.beta.scoober.com:2086 [301] [GET] [] [] [cloudflare] [vhost] [cloudflare] [Cloudflare,Cloudflare Bot Management] [d41d8cd98f00b204e9800998ecf8427e]
http://tracker.beta.scoober.com:8880 [301] [GET] [] [] [cloudflare] [vhost] [cloudflare] [Cloudflare,Cloudflare Bot Management] [d41d8cd98f00b204e9800998ecf8427e]
http://tracker.scoober.com:2052 [301] [GET] [] [] [cloudflare] [vhost] [cloudflare] [Cloudflare,Cloudflare Bot Management] [d41d8cd98f00b204e9800998ecf8427e]
http://tracker.scoober.com:2082 [301] [GET] [] [] [cloudflare] [vhost] [cloudflare] [Cloudflare,Cloudflare Bot Management] [d41d8cd98f00b204e9800998ecf8427e]
http://tracker.scoober.com:2086 [301] [GET] [] [] [cloudflare] [vhost] [cloudflare] [Cloudflare,Cloudflare Bot Management] [d41d8cd98f00b204e9800998ecf8427e]
http://tracker.scoober.com:8880 [301] [GET] [] [] [cloudflare] [vhost] [cloudflare] [Cloudflare,Cloudflare Bot Management] [d41d8cd98f00b204e9800998ecf8427e]
