http://prod-api.spinnaker.playgami.scopely.io:8443 [400] [GET] [text/plain] [] [] [f106c309184b96ad94e6ca4f3f8a0e37]
https://1p.adev.scopely.io [403] [GET] [text/html] [403 Forbidden] [AmazonS3] [vhost] [cloudfront] [Amazon Cloudfront,Amazon S3,Amazon Web Services] [df32955b06e59bbde26e4cf7d24bd2d0]
https://1p.adev.scopely.io [403] [GET] [text/html] [403 Forbidden] [AmazonS3] [vhost] [cloudfront] [Amazon Cloudfront,Amazon S3,Amazon Web Services] [faf1b21c2d3ff651c5035a7eff79f0f2]
https://30-tsthyperion-default-euw-analytics.adev.scopely.io [403] [GET] [text/html] [403 Forbidden] [AmazonS3] [vhost] [cloudfront] [Amazon Cloudfront,Amazon S3,Amazon Web Services] [ba9a3e451c20901f73b64db00c8f8b61]
https://30-tsthyperion-default-euw-analytics.adev.scopely.io [403] [GET] [text/html] [403 Forbidden] [AmazonS3] [vhost] [cloudfront] [Amazon Cloudfront,Amazon S3,Amazon Web Services] [efddb314203d33a199b8b83afd13f60e]
https://489a19fa-d831-4954-858d-46436d5cdb20.event.collector.scopely.io [404] [GET] [application/json] [] [] [vhost] [ec9f98753198f614467e22b136f90a66]
https://489a19fa-d831-4954-858d-46436d5cdb20.register.collector.scopely.io [404] [GET] [application/json] [] [] [vhost] [98794f1a18ac50cf397fcbb66d7605b4]
https://4af7c20b-7646-4fb7-b64f-ae0a8c51c1f1.event.collector.scopely.io [404] [GET] [application/json] [] [] [vhost] [426f98c638aab85c47867e87eda553db]
https://4af7c20b-7646-4fb7-b64f-ae0a8c51c1f1.register.collector.scopely.io [404] [GET] [application/json] [] [] [vhost] [f5627db45ce132ce0ccf21208f89cd7a]
https://58d677d4-37b9-4499-a28c-36043700aba3.event.collector.scopely.io [404] [GET] [application/json] [] [] [vhost] [39492d39299979ce46348010d2ca18df]
https://58d677d4-37b9-4499-a28c-36043700aba3.register.collector.scopely.io [404] [GET] [application/json] [] [] [vhost] [df90f23c69540b3de8358ee8bfed9e6a]
https://6b73d00a-d4a1-4350-825a-cd3f49afa460.event.collector.scopely.io [404] [GET] [application/json] [] [] [vhost] [6dece36e3760e76f0b637e4e3cca319f]
https://6b73d00a-d4a1-4350-825a-cd3f49afa460.register.collector.scopely.io [404] [GET] [application/json] [] [] [vhost] [b01051c82bf18c04700574fbea15d99a]
https://8fd3b6aa-5aea-469d-96fb-2670cc379215.event.collector.scopely.io [404] [GET] [application/json] [] [] [vhost] [4694de19fdc07886118306e443880cc1]
https://a645ce61-6cce-4fed-9dba-0a20f53b9886.event.collector.scopely.io [404] [GET] [application/json] [] [] [vhost] [964eb2df2ca9f8fb6adad0a3d9871ffe]
https://a645ce61-6cce-4fed-9dba-0a20f53b9886.register.collector.scopely.io [404] [GET] [application/json] [] [] [vhost] [243d9c2043a1fbf18bb95a842a38b45d]
https://airflow.adev.scopely.io [302] [GET] [text/html] [] [] [vhost] [02a9c55602567db6f9c457a98b87da0d]
https://airflow.adev.scopely.io [302] [GET] [text/html] [] [] [vhost] [47e8e0d68702dbc44c4f1cf5402f366b]
https://airflow.aprod.scopely.io [302] [GET] [text/html] [] [] [vhost] [5f7694d971fed4e3eeb51c7becb3f4a3]
https://airflow.aprod.scopely.io [302] [GET] [text/html] [] [] [vhost] [f99b48cc8cf861eab9c83d0f80fd3f42]
https://airflow-flower.aprod.scopely.io [502] [GET] [text/html] [502 Bad Gateway] [awselb/2.0] [vhost] [2b04736d96787f2c09e31a234e40273e]
https://airflow-flower.aprod.scopely.io [502] [GET] [text/html] [502 Bad Gateway] [awselb/2.0] [vhost] [7418cbee906b4db0f20614d0eeebceff]
https://alt-defaultfeb.adev.scopely.io [403] [GET] [text/html] [403 Forbidden] [AmazonS3] [vhost] [cloudfront] [Amazon Cloudfront,Amazon S3,Amazon Web Services] [27bb9f0c062438d2ad864ba751788908]
https://alt-defaultfeb.adev.scopely.io [403] [GET] [text/html] [403 Forbidden] [AmazonS3] [vhost] [cloudfront] [Amazon Cloudfront,Amazon S3,Amazon Web Services] [d359027419990786d8e6a2e73be9c169]
http://sandbox-api.spinnaker.playgami.scopely.io:8443 [400] [GET] [text/plain] [] [] [f106c309184b96ad94e6ca4f3f8a0e37]
https://apollo.scopely.io [200] [GET] [text/html] [Apollo - Scopely] [nginx] [vhost] [Google Tag Manager,Nginx] [8c87e73027edff468ef6d2824cc5a92a]
https://arche-abtest.adev.scopely.io [404] [GET] [application/json] [] [] [vhost] [b5aecb31706b827d3e08c8e91bc28582]
https://arche-abtest.aprod.scopely.io [404] [GET] [application/json] [] [] [vhost] [018a06f40623d1ea3b7dd83c5caef4be]
https://arche-abtest-dahtzee.aprod.scopely.io [404] [GET] [application/json] [] [] [vhost] [22834a57527fe425c645983b956356ee]
https://arche-abtest-default.adev.scopely.io [404] [GET] [application/json] [] [] [vhost] [de5f173282a848e3a285e29710e5cc3a]
https://arche-abtest-default.aprod.scopely.io [404] [GET] [application/json] [] [] [vhost] [694be057c2340a9c1a6aa50061d2873f]
https://arche.adev.scopely.io [404] [GET] [application/json] [] [] [vhost] [fc4b043f5df6eff565a71b83fae1e0ad]
https://arche.aprod.scopely.io [404] [GET] [application/json] [] [] [vhost] [62d3de8c964dffc060ab52866ae5846a]
https://arche-dahtzee.aprod.scopely.io [404] [GET] [application/json] [] [] [vhost] [7ab36b3159460ca64c73792ce8216391]
https://arche-default.adev.scopely.io [404] [GET] [application/json] [] [] [vhost] [f7394afc0d9e3e7185d3dd7b7938c28c]
https://arche-default.aprod.scopely.io [404] [GET] [application/json] [] [] [vhost] [96fb988ac54cfd3c11deac6b1122dd96]
https://ariel.scopely.io [404] [GET] [application/json] [] [] [vhost] [aadfee9f1a55e8544b82f2369b593ea0]
https://artflow-dev.games.scopely.io [404] [GET] [] [] [Kestrel] [vhost] [Amazon ALB,Amazon Web Services,Kestrel,Microsoft ASP.NET] [d41d8cd98f00b204e9800998ecf8427e]
https://artflow.games.scopely.io [404] [GET] [] [] [Kestrel] [vhost] [Amazon ALB,Amazon Web Services,Kestrel,Microsoft ASP.NET] [d41d8cd98f00b204e9800998ecf8427e]
https://bamboo.scopely.io [302] [GET] [] [] [] [Java] [d41d8cd98f00b204e9800998ecf8427e]
https://bd13e7b5-16cb-41e3-ac8b-253f9700ae69.event.collector.scopely.io [404] [GET] [application/json] [] [] [vhost] [e4e6329ae63a17e79553b142f24f55af]
https://bd13e7b5-16cb-41e3-ac8b-253f9700ae69.register.collector.scopely.io [404] [GET] [application/json] [] [] [vhost] [d915fc06b41796920877e2ae6933057a]
https://callisto.scopely.io [404] [GET] [application/json] [] [callisto] [vhost] [621ae330f88fe87fe7f8027ba6851675]
https://catalog.adev.scopely.io [404] [GET] [application/octet-stream] [] [] [vhost] [58b0fd607f0e5db127936608fee1fd11]
https://catalog.aprod.scopely.io [404] [GET] [application/octet-stream] [] [] [vhost] [37fb78da6d14f4c4ce5f9f99e97414e6]
https://cde7f281-566c-496d-b025-a3c60cc3073c.event.collector.scopely.io [404] [GET] [application/json] [] [] [vhost] [d091e24ed9906938457dec1389851b09]
https://cde7f281-566c-496d-b025-a3c60cc3073c.register.collector.scopely.io [404] [GET] [application/json] [] [] [vhost] [ffdd717c73fa8250232aead70cc33661]
https://cerebro.adev.scopely.io [302] [GET] [text/html] [] [] [vhost] [980b5036c726de810ac5b7e4f4d8bf42]
https://cerebro.adev.scopely.io [302] [GET] [text/html] [] [] [vhost] [9e86b5d77c5f27cb0cf04efcaa1b3b52]
https://cerebro.aprod.scopely.io [302] [GET] [text/html] [] [] [vhost] [4b327d35ba9a9ec9c60fa0daded0fb22]
https://cerebro.aprod.scopely.io [302] [GET] [text/html] [] [] [vhost] [e5c511681f87844b5aa668789fc38635]
https://chijyokikaku.adev.scopely.io [403] [GET] [text/html] [403 Forbidden] [AmazonS3] [vhost] [cloudfront] [Amazon Cloudfront,Amazon S3,Amazon Web Services] [34f4191ab2f48b4b3f6a4ed58fcfb388]
https://chijyokikaku.adev.scopely.io [403] [GET] [text/html] [403 Forbidden] [AmazonS3] [vhost] [cloudfront] [Amazon Cloudfront,Amazon S3,Amazon Web Services] [59f6065a513566596c2ea87ea8ce4579]
https://collector-dahtzee.aprod.scopely.io [404] [GET] [application/json] [] [] [vhost] [5bedffc19ed573c488c97f43c7f2433f]
https://collector-headshot.aprod.scopely.io [404] [GET] [application/json] [] [] [vhost] [82819799c60a35de886919d5542ae30e]
https://collector.scopely.io [404] [GET] [application/json] [] [] [3c70e9834b94c644482b8fb498db6f27]
https://collector-scrabble.aprod.scopely.io [404] [GET] [application/json] [] [] [vhost] [830df649e44a3bc46003bf3d5839b20f]
https://config.sdk.scopely.io [403] [GET] [application/xml] [] [AmazonS3] [vhost] [cloudfront] [Amazon Cloudfront,Amazon S3,Amazon Web Services] [7cdb69c49d0a140cb3d3a2e5f18001e6]
https://config.sdk.scopely.io [403] [GET] [application/xml] [] [AmazonS3] [vhost] [cloudfront] [Amazon Cloudfront,Amazon S3,Amazon Web Services] [82168012071c20ee8585d17d8c253785]
https://d87bcf46-9411-4ac5-a79e-f8791357a7a6.event.collector.scopely.io [404] [GET] [application/json] [] [] [vhost] [d6238e2b3f0b9c94eb800e74a64012a1]
https://d87bcf46-9411-4ac5-a79e-f8791357a7a6.register.collector.scopely.io [404] [GET] [application/json] [] [] [vhost] [96e4a1d7e8ebed8757e3452143b99539]
https://dev-bamboo.scopely.io [302] [GET] [] [] [] [Java] [d41d8cd98f00b204e9800998ecf8427e]
https://dione.scopely.io [404] [GET] [application/json] [] [] [vhost] [aaa9365361994e6c908ade9c1d6d4e56]
http://secondary.github.scopely.io [301] [GET] [] [] [] [d41d8cd98f00b204e9800998ecf8427e]
https://eks-east-logs.games.scopely.io [302] [GET] [text/html] [] [nginx/1.17.8] [vhost] [Nginx:1.17.8] [29e98a91db40a1d6f2537aace1d7bfc0]
https://eks-east-logs.games.scopely.io [302] [GET] [text/html] [] [nginx/1.17.8] [vhost] [Nginx:1.17.8] [47cc9dece2dd5830489c225950c7d261]
https://elasticband.adev.scopely.io [302] [GET] [text/html] [] [] [vhost] [1f98e999cacef690cbb99eb9ba51d9a1]
https://elasticband.adev.scopely.io [302] [GET] [text/html] [] [] [vhost] [ebfe28cdaae8a9c9e47c07dccec395c0]
https://elasticband.aprod.scopely.io [302] [GET] [text/html] [] [] [vhost] [cb1fe004841d952de4c0f21da2438da5]
https://elasticband.aprod.scopely.io [302] [GET] [text/html] [] [] [vhost] [d3f5401db96547f4803c12367f890e46]
https://elasticband.games.scopely.io [503] [GET] [text/html] [503 Service Temporarily Unavailable] [nginx/1.17.8] [vhost] [Nginx:1.17.8] [00d3fcfdc40e241a68e320d2fb081105]
https://elasticband.games.scopely.io [503] [GET] [text/html] [503 Service Temporarily Unavailable] [nginx/1.17.8] [vhost] [Nginx:1.17.8] [77b8df00324489cdf0ae139a8040dac1]
https://email.adev.scopely.io [403] [GET] [text/html] [403 Forbidden] [AmazonS3] [vhost] [cloudfront] [Amazon Cloudfront,Amazon S3,Amazon Web Services] [ecd4e8c0a82fe3e51e298f649d134366]
https://email.adev.scopely.io [403] [GET] [text/html] [403 Forbidden] [AmazonS3] [vhost] [cloudfront] [Amazon Cloudfront,Amazon S3,Amazon Web Services] [febdacfa87771ae94d85bc406840de8a]
https://email.email.scopely.io [200] [GET] [application/octet-stream] [] [nginx] [Nginx] [9f36c1c909fa94ed5e7af41387ae3dae]
https://email.scopely.io [200] [GET] [application/octet-stream] [] [nginx] [Nginx] [9f36c1c909fa94ed5e7af41387ae3dae]
https://epicycle.adev.scopely.io [404] [GET] [application/octet-stream] [] [] [vhost] [87c67dc45377c8fb23a2a5753ded8b73]
https://epicycle.aprod.scopely.io [404] [GET] [application/octet-stream] [] [] [vhost] [16025a3c29cfe4472ac30c6f0965a8eb]
https://epicycle.scopely.io [404] [GET] [application/octet-stream] [] [] [vhost] [4beda8cf53a5d5e7e1fce8f4b3dd9b08]
https://event.collector.scopely.io [404] [GET] [application/json] [] [] [7dcc6fc297d5ecb0d61f7eb4b0181f0a]
https://falcon.adev.scopely.io [404] [GET] [application/octet-stream] [] [] [vhost] [a375bcb0779521b45fa16c2bfc2a3d54]
https://falcon.aprod.scopely.io [404] [GET] [application/octet-stream] [] [] [vhost] [a9c0c5af4c100001477d319ab6f7398b]
https://falcon-dahtzee.aprod.scopely.io [404] [GET] [application/octet-stream] [] [] [vhost] [7b91ad192316c72846e1ea7246d51eda]
https://falcon-scrabble.aprod.scopely.io [404] [GET] [application/octet-stream] [] [] [vhost] [42b1db7cdfe50de536c843a3a6e83ec2]
https://fca3700d-51f3-4377-bf4a-2def366d439b.event.collector.scopely.io [404] [GET] [application/json] [] [] [vhost] [a37b178112ffb9f45367b32956be35bc]
https://fca3700d-51f3-4377-bf4a-2def366d439b.register.collector.scopely.io [404] [GET] [application/json] [] [] [vhost] [31eced1e61acb82e1683e588d741caf7]
https://flock.adev.scopely.io [404] [GET] [application/json] [] [] [vhost] [08ba7433f98a6807028b61774ce30a5a]
https://flock.aprod.scopely.io [404] [GET] [application/json] [] [] [vhost] [6bb3082cea3e3c373dd75d5c436ab3e0]
https://flock-default.adev.scopely.io [404] [GET] [application/json] [] [] [vhost] [5ffeff69cd6a9afb464be8def29a5e1d]
https://flock-default.aprod.scopely.io [404] [GET] [application/json] [] [] [vhost] [127e9bb5fcddd30ddcf6c60f2f62678b]
https://forum-latin-tsthyperion-ssoeuwe.adev.scopely.io [403] [GET] [text/html] [403 Forbidden] [AmazonS3] [vhost] [cloudfront] [Amazon Cloudfront,Amazon S3,Amazon Web Services] [3702bc61cde4e6e145142c6b5356be23]
https://forum-latin-tsthyperion-ssoeuwe.adev.scopely.io [403] [GET] [text/html] [403 Forbidden] [AmazonS3] [vhost] [cloudfront] [Amazon Cloudfront,Amazon S3,Amazon Web Services] [95bd500dc31a2381572fd895305480fe]
https://ftp-tsthyperion-default-x.adev.scopely.io [403] [GET] [text/html] [403 Forbidden] [AmazonS3] [vhost] [cloudfront] [Amazon Cloudfront,Amazon S3,Amazon Web Services] [bc194e9c92a339b0e2bb3b29b452d1e6]
https://ftp-tsthyperion-default-x.adev.scopely.io [403] [GET] [text/html] [403 Forbidden] [AmazonS3] [vhost] [cloudfront] [Amazon Cloudfront,Amazon S3,Amazon Web Services] [c47c161f617bdb8ba05854d7f7b1b271]
https://gammaray.aprod.scopely.io [403] [GET] [application/json] [] [] [vhost] [cloudfront] [Amazon Cloudfront,Amazon Web Services] [bc45704aad57d445b6dfa58b101071e3]
https://hyperion.scopely.io [302] [GET] [application/json] [] [hyperion] [vhost] [37a6259cc0c1dae299a7866489dff0bd]
https://id.adev.scopely.io [403] [GET] [text/html] [403 Forbidden] [AmazonS3] [vhost] [cloudfront] [Amazon Cloudfront,Amazon S3,Amazon Web Services] [8e3aeeff27e5a7d9ca5ffa3f15e922e2]
https://id.adev.scopely.io [403] [GET] [text/html] [403 Forbidden] [AmazonS3] [vhost] [cloudfront] [Amazon Cloudfront,Amazon S3,Amazon Web Services] [d127126a1e0c26d55586b525d4635787]
https://id.aprod.scopely.io [404] [GET] [application/xml] [] [AmazonS3] [vhost] [cloudfront] [Amazon Cloudfront,Amazon S3,Amazon Web Services] [cadee5da0eefad8dfa88637062e01093]
https://id.aprod.scopely.io [404] [GET] [application/xml] [] [AmazonS3] [vhost] [cloudfront] [Amazon Cloudfront,Amazon S3,Amazon Web Services] [def44a3a626239cd3aeafec30132464a]
https://infra.games.scopely.io [200] [GET] [text/html] [Playgami Infra Status] [Kestrel] [vhost] [Amazon ALB,Amazon Web Services,Bootstrap,Kestrel,Microsoft ASP.NET] [3f34b6bbe953d74ee05761cbc0936635]
https://infra.games.scopely.io [200] [GET] [text/html] [Playgami Infra Status] [Kestrel] [vhost] [Amazon ALB,Amazon Web Services,Bootstrap,Kestrel,Microsoft ASP.NET] [bcefa93604f16a9db65b40ed1b1f0e35]
https://k9.adev.scopely.io [403] [GET] [text/html] [403 Forbidden] [AmazonS3] [vhost] [cloudfront] [Amazon Cloudfront,Amazon S3,Amazon Web Services] [336bd1421182d6417f60f05e63e1385f]
https://k9.adev.scopely.io [403] [GET] [text/html] [403 Forbidden] [AmazonS3] [vhost] [cloudfront] [Amazon Cloudfront,Amazon S3,Amazon Web Services] [ee7b93eb14318fe07f3360a40cb2dd2f]
https://kisu-no-hi.adev.scopely.io [403] [GET] [text/html] [403 Forbidden] [AmazonS3] [vhost] [cloudfront] [Amazon Cloudfront,Amazon S3,Amazon Web Services] [aee23a83579df4c02d65541caf655020]
https://kisu-no-hi.adev.scopely.io [403] [GET] [text/html] [403 Forbidden] [AmazonS3] [vhost] [cloudfront] [Amazon Cloudfront,Amazon S3,Amazon Web Services] [f38881cc22415c2e829e5bf5c6e3e505]
https://korwarehouse-loadbalancer.adev.scopely.io [403] [GET] [text/html] [403 Forbidden] [AmazonS3] [vhost] [cloudfront] [Amazon Cloudfront,Amazon S3,Amazon Web Services] [4caeeafb66ffcfe2ecebe58d3368bbbe]
https://korwarehouse-loadbalancer.adev.scopely.io [403] [GET] [text/html] [403 Forbidden] [AmazonS3] [vhost] [cloudfront] [Amazon Cloudfront,Amazon S3,Amazon Web Services] [bdde303fb1ca6d94f1c5bfbaf8c17f72]
https://kraken.scopely.io [404] [GET] [application/json] [] [] [vhost] [55ef5cd7bd44f9c094d6ac103c698c0c]
https://logs.amgmt.scopely.io [403] [GET] [application/json] [] [] [vhost] [e342f157cd270c2a09da2eb11b446a5c]
https://menura.adev.scopely.io [404] [GET] [application/json] [] [] [vhost] [30de576d6ea8e465447e43e77f6c475b]
https://menura.aprod.scopely.io [404] [GET] [application/json] [] [] [vhost] [6299c7a051abd3743c05d86d214e37e3]
https://metricscatalog.aprod.scopely.io [404] [GET] [application/octet-stream] [] [] [vhost] [11a2e82369d07cff7f42d8cc6d9f9573]
https://mimir.scopely.io [404] [GET] [application/octet-stream] [] [] [vhost] [45e7d3767aacd35167a1297e2cc3dc06]
https://mneme.scopely.io [404] [GET] [application/json] [] [] [vhost] [78358d3c7ce86f065a20e74b10c98ddf]
https://mock.adev.scopely.io [403] [GET] [text/html] [403 Forbidden] [AmazonS3] [vhost] [cloudfront] [Amazon Cloudfront,Amazon S3,Amazon Web Services] [a849b93cada29ce5237fafd85a758b22]
https://morty.aprod.scopely.io [200] [GET] [text/html] [morty] [] [vhost] [Google Font API,Materialize CSS,Meteor,MongoDB,Node.js] [2d88b3c1a29d84041ff1f13cab950080]
https://morty.scopely.io [200] [GET] [text/html] [morty] [] [vhost] [Google Font API,Materialize CSS,Meteor,MongoDB,Node.js] [2d88b3c1a29d84041ff1f13cab950080]
https://perf.scopely.io [200] [GET] [text/html] [Voltron Starbase] [nginx/1.17.8] [vhost] [Nginx:1.17.8] [2c27e1a716693bd508d7d8e087796a4f]
https://pigeon.adev.scopely.io [404] [GET] [application/json] [] [] [vhost] [9b5d37a41d3c63f173081f48466cfed5]
https://pigeon.aprod.scopely.io [404] [GET] [application/json] [] [] [vhost] [5cf040c0a5ff09f0b2043c242447e677]
https://pigeon-default.adev.scopely.io [404] [GET] [application/json] [] [] [vhost] [d53b805a964c985e722d1455fcc46d54]
https://pigeon-default.aprod.scopely.io [404] [GET] [application/json] [] [] [vhost] [e78fca9e70c5eb35f5b02048c17fe3fd]
https://playgami.adev.scopely.io [403] [GET] [text/html] [403 Forbidden] [AmazonS3] [vhost] [cloudfront] [Amazon Cloudfront,Amazon S3,Amazon Web Services] [0da3b51871d7b2fc302f3abee8ab0ccf]
https://playgami.adev.scopely.io [403] [GET] [text/html] [403 Forbidden] [AmazonS3] [vhost] [cloudfront] [Amazon Cloudfront,Amazon S3,Amazon Web Services] [dc17fb8da2cd4c830ffda33a385aab5c]
https://pm1023.adev.scopely.io [403] [GET] [text/html] [403 Forbidden] [AmazonS3] [vhost] [cloudfront] [Amazon Cloudfront,Amazon S3,Amazon Web Services] [98276d8c4e8694d0396a4522bb0685fe]
https://pm1023.adev.scopely.io [403] [GET] [text/html] [403 Forbidden] [AmazonS3] [vhost] [cloudfront] [Amazon Cloudfront,Amazon S3,Amazon Web Services] [de379ff18004002fad8d511260d30448]
https://portal.scopely.io [200] [GET] [text/html] [] [AmazonS3] [vhost] [cloudfront] [Amazon Cloudfront,Amazon S3,Amazon Web Services] [a573c075cb2f722fc96a5b9f1ead6782]
https://porter-default.aprod.scopely.io [404] [GET] [application/json] [] [porter] [vhost] [621ae330f88fe87fe7f8027ba6851675]
https://porter.scopely.io [404] [GET] [application/json] [] [porter] [vhost] [621ae330f88fe87fe7f8027ba6851675]
https://porter-wb.aprod.scopely.io [404] [GET] [application/json] [] [porter] [vhost] [621ae330f88fe87fe7f8027ba6851675]
https://porter-withbuddies.scopely.io [404] [GET] [application/json] [] [porter] [vhost] [621ae330f88fe87fe7f8027ba6851675]
https://preview-ariel.scopely.io [404] [GET] [application/json] [] [] [vhost] [be33bc52e439eea2aae4c747f3ae502a]
https://preview-callisto.scopely.io [404] [GET] [application/json] [] [callisto] [vhost] [621ae330f88fe87fe7f8027ba6851675]
https://preview-dione.scopely.io [404] [GET] [application/json] [] [] [vhost] [af28ca0e685558546e41d27f73951f62]
https://preview-epicycle.scopely.io [404] [GET] [text/plain] [] [awselb/2.0] [d41d8cd98f00b204e9800998ecf8427e]
https://preview-hyperion.scopely.io [302] [GET] [application/json] [] [hyperion] [vhost] [37a6259cc0c1dae299a7866489dff0bd]
https://preview-kraken.scopely.io [404] [GET] [application/json] [] [] [vhost] [fa813a7dd1cc698e4ba203898feaaf82]
https://preview-mimir.scopely.io [404] [GET] [application/octet-stream] [] [] [vhost] [879b08f7de64280767cf45e385f262a5]
https://preview-mneme.scopely.io [404] [GET] [application/json] [] [] [vhost] [ac19e3d0ff0a9b4d918b8e568bf6f25d]
https://preview-porter.scopely.io [404] [GET] [application/json] [] [porter] [vhost] [621ae330f88fe87fe7f8027ba6851675]
https://preview-prometheus.scopely.io [404] [GET] [application/octet-stream] [] [] [vhost] [a08a103b47fbafb34a95530c47cc5a1e]
https://preview-segments.scopely.io [404] [GET] [text/plain] [] [awselb/2.0] [d41d8cd98f00b204e9800998ecf8427e]
https://preview-titan-admin.scopely.io [404] [GET] [application/json] [] [] [vhost] [176f602fc95620eaa1db2945fae1ebb1]
https://preview-umbriel.scopely.io [404] [GET] [application/json] [] [] [vhost] [5dd11faef03f5bd699f8f814837cb12c]
https://prometheus.scopely.io [404] [GET] [application/octet-stream] [] [] [vhost] [21410b15dcdb98de5c431b875eadc104]
https://puck.scopely.io [403] [GET] [application/json] [] [] [vhost] [cloudfront] [Amazon Cloudfront,Amazon Web Services] [905b1fbb26e082557ff0b3b3553cda6c]
https://raven.adev.scopely.io [404] [GET] [application/json] [] [] [vhost] [d295c6838f104946ebb6580eda612b6b]
https://raven.aprod.scopely.io [404] [GET] [application/json] [] [] [vhost] [ca60c204b5e4f298630d2cc74abb4a10]
https://raven-dahtzee.aprod.scopely.io [404] [GET] [application/json] [] [] [vhost] [fbff00099ca68e955e8fca0cb8bffae2]
https://raven-default.adev.scopely.io [404] [GET] [application/json] [] [] [vhost] [fc168b14dc973ddd8f0be4c5606f3e55]
https://raven-default.aprod.scopely.io [404] [GET] [application/json] [] [] [vhost] [c0aebd8477715280cc24663e0fb7155b]
https://raven-pepe.aprod.scopely.io [404] [GET] [application/json] [] [] [vhost] [adde3ea238bc100e431ba6c253d065f3]
https://raven-prime.aprod.scopely.io [404] [GET] [application/json] [] [] [vhost] [66b13d733af72d091ed5706e4b9bc422]
https://raven-wwe.aprod.scopely.io [404] [GET] [application/json] [] [] [vhost] [04739707c009c492bf87305dc00cb8af]
https://register.collector.scopely.io [404] [GET] [application/json] [] [] [0d5500133bed806fffe3063b868ddc35]
https://rooster.adev.scopely.io [404] [GET] [application/json] [] [] [vhost] [6af8e0e25b132240afb50f0c7db426b5]
https://rooster.aprod.scopely.io [404] [GET] [application/json] [] [] [vhost] [2cd051babfacc6310b3226118549d89e]
https://rooster-default.adev.scopely.io [404] [GET] [application/json] [] [] [vhost] [d97bc244186f1d74e0d5c372ba9eca7c]
https://rooster-default.aprod.scopely.io [404] [GET] [application/json] [] [] [vhost] [9ad391ebab70ec21858c5c7221d8d898]
https://s53.b.scopely.io [404] [GET] [application/json] [] [] [98db852f61504f975f136da683b58305]
https://sam.scopely.io [200] [GET] [text/html] [SAM - Scopely Asset Management: Sign In] [nginx] [vhost] [AngularJS,Bootstrap:3.3.1,Ionicons,Java,Nginx] [de564aa09740ef93022ac381f9fe0bd3]
https://sam.scopely.io [200] [GET] [text/html] [SAM - Scopely Asset Management: Sign In] [nginx] [vhost] [AngularJS,Bootstrap:3.3.1,Ionicons,Java,Nginx] [e8289f25e2665e7927f1f6a11f4b0c57]
https://segments.scopely.io [404] [GET] [application/octet-stream] [] [] [vhost] [262f99ff1e4ab057c36e8926b617e589]
https://spinnaker.amgmt.scopely.io [503] [GET] [] [] [] [d41d8cd98f00b204e9800998ecf8427e]
https://spinnaker.amgmt.scopely.io:8084 [503] [GET] [] [] [] [d41d8cd98f00b204e9800998ecf8427e]
https://staging-apollo.scopely.io [200] [GET] [text/html] [Apollo - Scopely] [nginx] [vhost] [Google Tag Manager,Nginx] [8c87e73027edff468ef6d2824cc5a92a]
https://staging.perf.scopely.io [200] [GET] [text/html] [Voltron Starbase] [nginx/1.17.8] [vhost] [Nginx:1.17.8] [2c27e1a716693bd508d7d8e087796a4f]
https://staging-starbase.voltron.scopely.io [200] [GET] [text/html] [Voltron Starbase] [nginx/1.17.8] [vhost] [Nginx:1.17.8] [2c27e1a716693bd508d7d8e087796a4f]
https://starbase.voltron.scopely.io [200] [GET] [text/html] [Voltron Starbase] [nginx/1.17.8] [vhost] [Nginx:1.17.8] [2c27e1a716693bd508d7d8e087796a4f]
https://static.adev.scopely.io [403] [GET] [application/xml] [] [AmazonS3] [vhost] [cloudfront] [Amazon Cloudfront,Amazon S3,Amazon Web Services] [d09c980d44fa481fe316d6b0c53ab5cb]
https://static.adev.scopely.io [403] [GET] [application/xml] [] [AmazonS3] [vhost] [cloudfront] [Amazon Cloudfront,Amazon S3,Amazon Web Services] [efa94d9312b2d1183fc16474d892277b]
https://static.aprod.scopely.io [403] [GET] [application/xml] [] [AmazonS3] [vhost] [cloudfront] [Amazon Cloudfront,Amazon S3,Amazon Web Services] [064348fc1260ecc6364ced5e17f121dd]
https://static.aprod.scopely.io [403] [GET] [application/xml] [] [AmazonS3] [vhost] [cloudfront] [Amazon Cloudfront,Amazon S3,Amazon Web Services] [a044f8fd9f063696688b92222619dac2]
https://static.sdk.scopely.io [403] [GET] [application/xml] [] [AmazonS3] [vhost] [cloudfront] [Amazon Cloudfront,Amazon S3,Amazon Web Services] [2f96b8d52c59a60eaea38c8048d63484]
https://static.sdk.scopely.io [403] [GET] [application/xml] [] [AmazonS3] [vhost] [cloudfront] [Amazon Cloudfront,Amazon S3,Amazon Web Services] [49ca961a8cd9e02e8677ffdfcfe3ca5d]
https://teamwork.games.scopely.io [200] [GET] [text/html] [Teamwork] [nginx/1.17.8] [vhost] [Google Font API,Nginx:1.17.8] [296be2a734cbc045cfa61e5e9aeefc89]
https://test1-ssonl-europe.adev.scopely.io [403] [GET] [text/html] [403 Forbidden] [AmazonS3] [vhost] [cloudfront] [Amazon Cloudfront,Amazon S3,Amazon Web Services] [1c26453fe5a2b913a6cd0f1fc30cae1d]
https://test1-ssonl-europe.adev.scopely.io [403] [GET] [text/html] [403 Forbidden] [AmazonS3] [vhost] [cloudfront] [Amazon Cloudfront,Amazon S3,Amazon Web Services] [bb26ced58e23c1695512f42eecddb497]
https://titan-admin.scopely.io [404] [GET] [application/json] [] [] [vhost] [c028d3162bee5e259acd432d72e0149f]
https://tsthyperion-default-lax-uat.adev.scopely.io [403] [GET] [text/html] [403 Forbidden] [AmazonS3] [vhost] [cloudfront] [Amazon Cloudfront,Amazon S3,Amazon Web Services] [5e727dbff03752e085b740a918f032c7]
https://tsthyperion-default-lax-uat.adev.scopely.io [403] [GET] [text/html] [403 Forbidden] [AmazonS3] [vhost] [cloudfront] [Amazon Cloudfront,Amazon S3,Amazon Web Services] [a91dec432083b81accd3cc0832b7d889]
https://ua.adev.scopely.io [403] [GET] [text/html] [403 Forbidden] [AmazonS3] [vhost] [cloudfront] [Amazon Cloudfront,Amazon S3,Amazon Web Services] [446d8e398e09e9eccf69f5734b3316d4]
https://ua.adev.scopely.io [403] [GET] [text/html] [403 Forbidden] [AmazonS3] [vhost] [cloudfront] [Amazon Cloudfront,Amazon S3,Amazon Web Services] [a4dfd826367129d9b5ed3058408397fc]
https://umbriel.scopely.io [404] [GET] [application/json] [] [] [vhost] [ea6a6d7782109bd6bdb35d6072501aae]
https://unity-registry-url-auth.adev.scopely.io [200] [GET] [] [] [] [vhost] [d41d8cd98f00b204e9800998ecf8427e]
https://unity-registry-url-auth.aprod.scopely.io [200] [GET] [] [] [] [vhost] [d41d8cd98f00b204e9800998ecf8427e]
https://warehouse.adev.scopely.io [403] [GET] [text/html] [403 Forbidden] [AmazonS3] [vhost] [cloudfront] [Amazon Cloudfront,Amazon S3,Amazon Web Services] [4cc36b005281d6d5b2755513258b9454]
https://warehouse.adev.scopely.io [403] [GET] [text/html] [403 Forbidden] [AmazonS3] [vhost] [cloudfront] [Amazon Cloudfront,Amazon S3,Amazon Web Services] [6b78ed5c730b87300000b864aa803ff8]
https://withboard.aprod.scopely.io [200] [GET] [text/html] [] [] [vhost] [Google Font API,Meteor,MongoDB,Node.js] [4d18cda2133245184ffbd62fffdbe021]
https://withboard.aprod.scopely.io [200] [GET] [text/html] [] [] [vhost] [Google Font API,Meteor,MongoDB,Node.js] [e8246286da5fb947414be2d40991a748]
https://withboard.scopely.io [200] [GET] [text/html] [] [] [vhost] [Google Font API,Meteor,MongoDB,Node.js] [4d18cda2133245184ffbd62fffdbe021]
https://withboard.scopely.io [200] [GET] [text/html] [] [] [vhost] [Google Font API,Meteor,MongoDB,Node.js] [e8246286da5fb947414be2d40991a748]
https://yellowjacket-automation.y.scopely.io [403] [GET] [text/plain] [] [awselb/2.0] [vhost] [6e4eb7362a64c0779a4a8f9a7680e80f]
https://yellowjacket-dev.y.scopely.io [403] [GET] [text/plain] [] [awselb/2.0] [vhost] [c02acee921f5aeb15c7ab5d1aed3c938]
