http://15.home.index2git.staging.cloud.seek.com.au [403] [GET] [text/plain] [] [cloudflare] [vhost] [cloudflare] [Cloudflare,Cloudflare Bot Management] [7b5ea53ba332630e5aca8e4abb807f70]
http://4-service.team2-pl.5gantryclassroom.staging.cloud.seek.com.au [403] [GET] [text/plain] [] [cloudflare] [vhost] [cloudflare] [Cloudflare,Cloudflare Bot Management] [7b5ea53ba332630e5aca8e4abb807f70]
http://adm-certmanalstatustic-service-cdn-dev.apollo.staging.cloud.seek.com.au [403] [GET] [text/plain] [] [cloudflare] [vhost] [cloudflare] [Cloudflare,Cloudflare Bot Management] [7b5ea53ba332630e5aca8e4abb807f70]
http://adm-certmanalytic-service-cdn-dev.apollo.staging.cloud.seek.com.au [403] [GET] [text/plain] [] [cloudflare] [vhost] [cloudflare] [Cloudflare,Cloudflare Bot Management] [7b5ea53ba332630e5aca8e4abb807f70]
http://akamai.alt-kafkainstall-prod-service-cdn.staging.cloud.seek.com.au [403] [GET] [text/plain] [] [cloudflare] [vhost] [cloudflare] [Cloudflare,Cloudflare Bot Management] [7b5ea53ba332630e5aca8e4abb807f70]
http://akureyri-service-cdn-dev.apollo.staging.cloud.seek.com.au [403] [GET] [text/plain] [] [cloudflare] [vhost] [cloudflare] [Cloudflare,Cloudflare Bot Management] [7b5ea53ba332630e5aca8e4abb807f70]
http://api-docs-adm-certmanalstatustic-service-cdn-dev.apollo.staging.cloud.seek.com.au [403] [GET] [text/plain] [] [cloudflare] [vhost] [cloudflare] [Cloudflare,Cloudflare Bot Management] [7b5ea53ba332630e5aca8e4abb807f70]
http://apple.corepo.index.staging.cloud.seek.com.au [403] [GET] [text/plain] [] [cloudflare] [vhost] [cloudflare] [Cloudflare,Cloudflare Bot Management] [7b5ea53ba332630e5aca8e4abb807f70]
http://appleidcom-fileirewall.home.index2.staging.cloud.seek.com.au [403] [GET] [text/plain] [] [cloudflare] [vhost] [cloudflare] [Cloudflare,Cloudflare Bot Management] [7b5ea53ba332630e5aca8e4abb807f70]
http://appleidcom-firewall.autodiscovedome.index2.staging.cloud.seek.com.au [403] [GET] [text/plain] [] [cloudflare] [vhost] [cloudflare] [Cloudflare,Cloudflare Bot Management] [7b5ea53ba332630e5aca8e4abb807f70]
http://appleidcom-firewall.cloudfront.document.home.index2.staging.cloud.seek.com.au [403] [GET] [text/plain] [] [cloudflare] [vhost] [cloudflare] [Cloudflare,Cloudflare Bot Management] [7b5ea53ba332630e5aca8e4abb807f70]
http://appleidcom-firewall.document.home.index217.staging.cloud.seek.com.au [403] [GET] [text/plain] [] [cloudflare] [vhost] [cloudflare] [Cloudflare,Cloudflare Bot Management] [7b5ea53ba332630e5aca8e4abb807f70]
http://appleidcom-firewall.document.home.index2git.staging.cloud.seek.com.au [403] [GET] [text/plain] [] [cloudflare] [vhost] [cloudflare] [Cloudflare,Cloudflare Bot Management] [7b5ea53ba332630e5aca8e4abb807f70]
http://appleidcom-firewall.document.home.index2.staging.cloud.seek.com.au [403] [GET] [text/plain] [] [cloudflare] [vhost] [cloudflare] [Cloudflare,Cloudflare Bot Management] [7b5ea53ba332630e5aca8e4abb807f70]
http://appleidcom-firewall.home.index2.staging.cloud.seek.com.au [403] [GET] [text/plain] [] [cloudflare] [vhost] [cloudflare] [Cloudflare,Cloudflare Bot Management] [7b5ea53ba332630e5aca8e4abb807f70]
http://appleidcom-firewall.pantheon-home.index2.staging.cloud.seek.com.au [403] [GET] [text/plain] [] [cloudflare] [vhost] [cloudflare] [Cloudflare,Cloudflare Bot Management] [7b5ea53ba332630e5aca8e4abb807f70]
http://autodiscover.seek.com.au [301] [GET] [] [] [Microsoft-IIS/10.0] [vhost] [IIS:10.0,Microsoft ASP.NET,Windows Server] [d41d8cd98f00b204e9800998ecf8427e]
http://certmanalytic-service-cdn-dev.apollo.staging.cloud.seek.com.au [403] [GET] [text/plain] [] [cloudflare] [vhost] [cloudflare] [Cloudflare,Cloudflare Bot Management] [7b5ea53ba332630e5aca8e4abb807f70]
http://certmanalytic-service-cdn-dev-sept.apollo.staging.cloud.seek.com.au [403] [GET] [text/plain] [] [cloudflare] [vhost] [cloudflare] [Cloudflare,Cloudflare Bot Management] [7b5ea53ba332630e5aca8e4abb807f70]
http://gh-secure.restricted-mobile.nike.staging.cloud.seek.com.au [403] [GET] [text/plain] [] [cloudflare] [vhost] [cloudflare] [Cloudflare,Cloudflare Bot Management] [7b5ea53ba332630e5aca8e4abb807f70]
http://image-service-cdn.seek.com.au:2082 [301] [GET] [] [] [cloudflare] [vhost] [cloudflare] [Cloudflare,Cloudflare Bot Management] [d41d8cd98f00b204e9800998ecf8427e]
http://image-service-cdn.seek.com.au:2083 [400] [GET] [text/html] [400 The plain HTTP request was sent to HTTPS port] [cloudflare] [cloudflare] [Cloudflare] [20ad84d030031252141ca0b3fc0183f0]
http://image-service-cdn.seek.com.au:2086 [301] [GET] [] [] [cloudflare] [vhost] [cloudflare] [Cloudflare,Cloudflare Bot Management] [d41d8cd98f00b204e9800998ecf8427e]
http://image-service-cdn.seek.com.au:2087 [400] [GET] [text/html] [400 The plain HTTP request was sent to HTTPS port] [cloudflare] [cloudflare] [Cloudflare] [cd58783500d7fa3c58f88eb0ba22f4f8]
http://image-service-cdn.seek.com.au:2096 [400] [GET] [text/html] [400 The plain HTTP request was sent to HTTPS port] [cloudflare] [cloudflare] [Cloudflare] [cd58783500d7fa3c58f88eb0ba22f4f8]
http://image-service-cdn.seek.com.au:8080 [301] [GET] [] [] [cloudflare] [vhost] [cloudflare] [Cloudflare,Cloudflare Bot Management] [d41d8cd98f00b204e9800998ecf8427e]
http://image-service-cdn.seek.com.au:8443 [400] [GET] [text/html] [400 The plain HTTP request was sent to HTTPS port] [cloudflare] [cloudflare] [Cloudflare] [20ad84d030031252141ca0b3fc0183f0]
http://image-service-cdn.seek.com.au:8880 [301] [GET] [] [] [cloudflare] [vhost] [cloudflare] [Cloudflare,Cloudflare Bot Management] [d41d8cd98f00b204e9800998ecf8427e]
http://labtomcat-stam.datauat-nautilus.staging.cloud.seek.com.au [403] [GET] [text/plain] [] [cloudflare] [vhost] [cloudflare] [Cloudflare,Cloudflare Bot Management] [7b5ea53ba332630e5aca8e4abb807f70]
http://mailtrap.labtomcat-stam.datauat.staging.cloud.seek.com.au [403] [GET] [text/plain] [] [cloudflare] [vhost] [cloudflare] [Cloudflare,Cloudflare Bot Management] [7b5ea53ba332630e5aca8e4abb807f70]
http://mailtrap.tomcat-stam.datauat.staging.cloud.seek.com.au [403] [GET] [text/plain] [] [cloudflare] [vhost] [cloudflare] [Cloudflare,Cloudflare Bot Management] [7b5ea53ba332630e5aca8e4abb807f70]
http://mailtrap.tomcat-stam.datauat-web5179.staging.cloud.seek.com.au [403] [GET] [text/plain] [] [cloudflare] [vhost] [cloudflare] [Cloudflare,Cloudflare Bot Management] [7b5ea53ba332630e5aca8e4abb807f70]
http://mapi.dot.dot.staging.cloud.seek.com.au [403] [GET] [text/plain] [] [cloudflare] [vhost] [cloudflare] [Cloudflare,Cloudflare Bot Management] [7b5ea53ba332630e5aca8e4abb807f70]
http://media.april.northamerica-ir.staging.cloud.seek.com.au [403] [GET] [text/plain] [] [cloudflare] [vhost] [cloudflare] [Cloudflare,Cloudflare Bot Management] [7b5ea53ba332630e5aca8e4abb807f70]
http://move-staging.cdn-secure.media.oscar.staging.cloud.seek.com.au [403] [GET] [text/plain] [] [cloudflare] [vhost] [cloudflare] [Cloudflare,Cloudflare Bot Management] [7b5ea53ba332630e5aca8e4abb807f70]
http://odisee-stam.datauat.staging.cloud.seek.com.au [403] [GET] [text/plain] [] [cloudflare] [vhost] [cloudflare] [Cloudflare,Cloudflare Bot Management] [7b5ea53ba332630e5aca8e4abb807f70]
http://presto-bm.dds.aips.seek.com.au:8080 [404] [GET] [] [] [Crow/0.1] [f32a3f4e01675b77e327442afb937886]
http://promotion-appleidcom-firewall.autodiscovedome.index2.staging.cloud.seek.com.au [403] [GET] [text/plain] [] [cloudflare] [vhost] [cloudflare] [Cloudflare,Cloudflare Bot Management] [7b5ea53ba332630e5aca8e4abb807f70]
https://101-229-47-212.rev.cloud.seek.com.au [418] [GET] [application/octet-stream text/plain] [] [nginx] [Nginx] [416e916bfd36d5b865cfe2b5ab61bdcb]
https://10.cloud.seek.com.au [418] [GET] [application/octet-stream text/plain] [] [nginx] [Nginx] [416e916bfd36d5b865cfe2b5ab61bdcb]
https://11.cloud.seek.com.au [418] [GET] [application/octet-stream text/plain] [] [nginx] [Nginx] [416e916bfd36d5b865cfe2b5ab61bdcb]
https://120.cloud.seek.com.au [418] [GET] [application/octet-stream text/plain] [] [nginx] [Nginx] [416e916bfd36d5b865cfe2b5ab61bdcb]
https://1761656.s.seek.com.au [404] [GET] [text/html] [404 Not Found] [nginx] [Nginx] [70461da8b94c6ca5d2fda3260c5a8c3b]
https://1761656.s.seek.com.au [404] [GET] [text/html] [404 Not Found] [nginx] [Nginx] [8e325dc2fea7c8900fc6c4b8c6c394fe]
https://2786905.fin.seek.com.au [404] [GET] [text/html] [404 Not Found] [nginx] [Nginx] [70461da8b94c6ca5d2fda3260c5a8c3b]
https://2786905.fin.seek.com.au [404] [GET] [text/html] [404 Not Found] [nginx] [Nginx] [8e325dc2fea7c8900fc6c4b8c6c394fe]
https://3531822.ga.seek.com.au [404] [GET] [text/html] [404 Not Found] [nginx] [Nginx] [70461da8b94c6ca5d2fda3260c5a8c3b]
https://3531822.ga.seek.com.au [404] [GET] [text/html] [404 Not Found] [nginx] [Nginx] [8e325dc2fea7c8900fc6c4b8c6c394fe]
https://5661519.hirer.s.seek.com.au [404] [GET] [text/html] [404 Not Found] [nginx] [Nginx] [70461da8b94c6ca5d2fda3260c5a8c3b]
https://5661519.hirer.s.seek.com.au [404] [GET] [text/html] [404 Not Found] [nginx] [Nginx] [8e325dc2fea7c8900fc6c4b8c6c394fe]
https://accounts.system.cdn.cloud.seek.com.au [418] [GET] [application/octet-stream text/plain] [] [nginx] [Nginx] [416e916bfd36d5b865cfe2b5ab61bdcb]
https://admin1-germany-service-cdn.staging.cloud.seek.com.au [403] [GET] [text/plain] [] [cloudflare] [vhost] [cloudflare] [Cloudflare,Cloudflare Bot Management] [7b5ea53ba332630e5aca8e4abb807f70]
https://adposting.cloud.seek.com.au [401] [GET] [] [] [Apache-Coyote/1.1] [vhost] [Apache Tomcat,Java] [d41d8cd98f00b204e9800998ecf8427e]
https://adposting-integration.cloud.seek.com.au [401] [GET] [] [] [Apache-Coyote/1.1] [vhost] [Apache Tomcat,Java] [d41d8cd98f00b204e9800998ecf8427e]
https://adv-caja-x-api.staging.cloud.seek.com.au [403] [GET] [text/plain] [] [cloudflare] [vhost] [cloudflare] [Cloudflare,Cloudflare Bot Management] [7b5ea53ba332630e5aca8e4abb807f70]
https://advertiser-metrics-forwarder.cloud.seek.com.au [418] [GET] [application/octet-stream text/plain] [] [nginx] [Nginx] [416e916bfd36d5b865cfe2b5ab61bdcb]
https://advertiser.seek.com.au [301] [GET] [text/html] [301 Moved Permanently] [awselb/2.0] [4aa7a432bb447f094408f1bd6229c605]
https://adv-invoice-api.cloud.seek.com.au [418] [GET] [application/octet-stream text/plain] [] [nginx] [Nginx] [416e916bfd36d5b865cfe2b5ab61bdcb]
https://alt-apidocs-prod-service-cdn.staging.cloud.seek.com.au [403] [GET] [text/plain] [] [cloudflare] [vhost] [cloudflare] [Cloudflare,Cloudflare Bot Management] [7b5ea53ba332630e5aca8e4abb807f70]
https://alt-kafka3-prod-service-cdn.k8sstaging.cloud.seek.com.au [418] [GET] [application/octet-stream text/plain] [] [nginx] [Nginx] [416e916bfd36d5b865cfe2b5ab61bdcb]
https://alt-kafkainstall-prod-service-cdnkorea.staging.cloud.seek.com.au [403] [GET] [text/plain] [] [cloudflare] [vhost] [cloudflare] [Cloudflare,Cloudflare Bot Management] [7b5ea53ba332630e5aca8e4abb807f70]
https://alt-kafkainstall-prod-service-cdn.staging.cloud.seek.com.au [403] [GET] [text/plain] [] [cloudflare] [vhost] [cloudflare] [Cloudflare,Cloudflare Bot Management] [7b5ea53ba332630e5aca8e4abb807f70]
https://alt-kafkainstall-prod-service-d.staging.cloud.seek.com.au [403] [GET] [text/plain] [] [cloudflare] [vhost] [cloudflare] [Cloudflare,Cloudflare Bot Management] [7b5ea53ba332630e5aca8e4abb807f70]
https://alt-kanetherlandska3-prod-service-cdn.staging.cloud.seek.com.au [403] [GET] [text/plain] [] [cloudflare] [vhost] [cloudflare] [Cloudflare,Cloudflare Bot Management] [7b5ea53ba332630e5aca8e4abb807f70]
https://analytics.seek.com.au [301] [GET] [text/html] [301 Moved Permanently] [awselb/2.0] [4aa7a432bb447f094408f1bd6229c605]
https://antivirus.gov.mil.cloud.seek.com.au [418] [GET] [application/octet-stream text/plain] [] [nginx] [Nginx] [416e916bfd36d5b865cfe2b5ab61bdcb]
https://api.id.api.cloud.seek.com.au [418] [GET] [application/octet-stream text/plain] [] [nginx] [Nginx] [416e916bfd36d5b865cfe2b5ab61bdcb]
https://api.incubator.seek.com.au [403] [GET] [application/json] [] [] [vhost] [cloudfront] [Amazon Cloudfront,Amazon Web Services] [bc45704aad57d445b6dfa58b101071e3]
https://api.seek.com.au [200] [GET] [text/plain] [] [cloudflare] [vhost] [cloudflare] [Cloudflare,Cloudflare Bot Management] [755b6727fffef10f423986cd51af0f66]
https://api.staging.seek.com.au [403] [GET] [text/plain] [] [cloudflare] [vhost] [cloudflare] [Cloudflare,Cloudflare Bot Management] [7b5ea53ba332630e5aca8e4abb807f70]
https://api.talentsearch.seek.com.au [301] [GET] [text/html] [301 Moved Permanently] [awselb/2.0] [4aa7a432bb447f094408f1bd6229c605]
https://apple.com.index.staging-administrator.cloud.seek.com.au [418] [GET] [application/octet-stream text/plain] [] [nginx] [Nginx] [416e916bfd36d5b865cfe2b5ab61bdcb]
https://appleidcom.home.iemaildex2.cloud.seek.com.au [418] [GET] [application/octet-stream text/plain] [] [nginx] [Nginx] [416e916bfd36d5b865cfe2b5ab61bdcb]
https://applied-jobs-web-experience-api.cloud.seek.com.au [418] [GET] [application/octet-stream text/plain] [] [nginx] [Nginx] [416e916bfd36d5b865cfe2b5ab61bdcb]
https://apply-with-seek-button.seek.com.au [200] [GET] [text/html] [] [AmazonS3] [vhost] [cloudfront] [Amazon Cloudfront,Amazon S3,Amazon Web Services] [389d1753bc4ab249f9c861b74b704829]
https://apps.staging.cloud.seek.com.au [403] [GET] [text/plain] [] [cloudflare] [vhost] [cloudflare] [Cloudflare,Cloudflare Bot Management] [7b5ea53ba332630e5aca8e4abb807f70]
https://authenticate.seek.com.au [302] [GET] [text/plain] [] [cloudflare] [vhost] [cloudflare] [Cloudflare,Cloudflare Bot Management] [d33db1de325b1ea35d8cb5f00d08c54f]
https://authenticate.staging.seek.com.au [302] [GET] [text/plain] [] [cloudflare] [vhost] [cloudflare] [Cloudflare,Cloudflare Bot Management] [3187ddab9c604f859ab8848976d2970d]
https://base-ress-conversars-cdn.cloud.seek.com.au [418] [GET] [application/octet-stream text/plain] [] [nginx] [Nginx] [416e916bfd36d5b865cfe2b5ab61bdcb]
https://belonging.seek.com.au [302] [GET] [text/html] [Object moved] [] [vhost] [cloudfront] [Amazon Cloudfront,Amazon Web Services] [d2b7bd279b4af07ea96bef6c2799520a]
https://beta.wikipedia-engineering.cloud.seek.com.au [418] [GET] [application/octet-stream text/plain] [] [nginx] [Nginx] [416e916bfd36d5b865cfe2b5ab61bdcb]
https://betterview-integration-service.cloud.seek.com.au [418] [GET] [application/octet-stream text/plain] [] [nginx] [Nginx] [416e916bfd36d5b865cfe2b5ab61bdcb]
https://betterview-integration-service.o.cloud.seek.com.au [418] [GET] [application/octet-stream text/plain] [] [nginx] [Nginx] [416e916bfd36d5b865cfe2b5ab61bdcb]
https://blueprintaccept.system.cdn.cloud.seek.com.au [418] [GET] [application/octet-stream text/plain] [] [nginx] [Nginx] [416e916bfd36d5b865cfe2b5ab61bdcb]
https://blueprint.northamerica-korea.cloud.seek.com.au [418] [GET] [application/octet-stream text/plain] [] [nginx] [Nginx] [416e916bfd36d5b865cfe2b5ab61bdcb]
https://boken.ibetterviewage-service-cdn.cloud.seek.com.au [302] [GET] [text/html] [302 Found] [nginx] [Nginx] [aff950cab4c0265e21d401db15f1026d]
https://bookmarks.cloud.seek.com.au [418] [GET] [application/octet-stream text/plain] [] [nginx] [Nginx] [416e916bfd36d5b865cfe2b5ab61bdcb]
https://brandbuildr.cloud.seek.com.au [418] [GET] [application/octet-stream text/plain] [] [nginx] [Nginx] [416e916bfd36d5b865cfe2b5ab61bdcb]
https://bucky.cloud.seek.com.au [418] [GET] [application/octet-stream text/plain] [] [nginx] [Nginx] [416e916bfd36d5b865cfe2b5ab61bdcb]
https://ca-applied-jobs-exp-api.cloud.seek.com.au [401] [GET] [text/plain] [] [nginx] [vhost] [Nginx] [0bd244736cf23657dd386df5ea4767a0]
https://caja-x-api.cloud.seek.com.au [418] [GET] [application/octet-stream text/plain] [] [nginx] [Nginx] [416e916bfd36d5b865cfe2b5ab61bdcb]
https://ca-jobapply-ex-api.cloud.seek.com.au [418] [GET] [application/octet-stream text/plain] [] [nginx] [Nginx] [416e916bfd36d5b865cfe2b5ab61bdcb]
https://ca-jobapply-linkout-service.cloud.seek.com.au [418] [GET] [application/octet-stream text/plain] [] [nginx] [Nginx] [416e916bfd36d5b865cfe2b5ab61bdcb]
https://ca-metrics-forwarder.cloud.seek.com.au [418] [GET] [application/octet-stream text/plain] [] [nginx] [Nginx] [416e916bfd36d5b865cfe2b5ab61bdcb]
https://candidate-nudger-api.staging.cloud.seek.com.au [403] [GET] [text/plain] [] [cloudflare] [vhost] [cloudflare] [Cloudflare,Cloudflare Bot Management] [7b5ea53ba332630e5aca8e4abb807f70]
https://candidate-resource-api.cloud.seek.com.au [401] [GET] [text/plain] [] [nginx] [vhost] [Nginx] [8c187a45c3c9fa913b3183bde798ad2f]
https://candidate-resource-api.staging.cloud.seek.com.au [401] [GET] [text/plain] [] [cloudflare] [vhost] [cloudflare] [Cloudflare,Cloudflare Bot Management] [8c187a45c3c9fa913b3183bde798ad2f]
https://career-guide-api.cloud.seek.com.au [200] [GET] [application/json] [] [nginx] [vhost] [Nginx] [1a6bdcdb5efffaeee5a6c9010fbb2a6e]
https://career-guide-api.staging.cloud.seek.com.au [403] [GET] [text/plain] [] [cloudflare] [vhost] [cloudflare] [Cloudflare,Cloudflare Bot Management] [7b5ea53ba332630e5aca8e4abb807f70]
https://ca-saved-jobs-exp-api.cloud.seek.com.au [401] [GET] [text/plain] [] [nginx] [vhost] [Nginx] [0bd244736cf23657dd386df5ea4767a0]
https://ca-user-consent-service.cloud.seek.com.au [401] [GET] [text/plain] [] [nginx] [vhost] [Nginx] [8c187a45c3c9fa913b3183bde798ad2f]
https://ccomms-desktop-experience-api.cloud.seek.com.au [418] [GET] [application/octet-stream text/plain] [] [nginx] [Nginx] [416e916bfd36d5b865cfe2b5ab61bdcb]
https://ccomms-ios-experience-api.cloud.seek.com.au [418] [GET] [application/octet-stream text/plain] [] [nginx] [Nginx] [416e916bfd36d5b865cfe2b5ab61bdcb]
https://ccomms-resource-api.cloud.seek.com.au [418] [GET] [application/octet-stream text/plain] [] [nginx] [Nginx] [416e916bfd36d5b865cfe2b5ab61bdcb]
https://cdn-redirectorooking-service-cdn.staging.cloud.seek.com.au [403] [GET] [text/plain] [] [cloudflare] [vhost] [cloudflare] [Cloudflare,Cloudflare Bot Management] [7b5ea53ba332630e5aca8e4abb807f70]
https://cg2018-metrics-forwarder.cloud.seek.com.au [418] [GET] [application/octet-stream text/plain] [] [nginx] [vhost] [Nginx] [416e916bfd36d5b865cfe2b5ab61bdcb]
https://chalice-experience-api.cloud.seek.com.au [404] [GET] [text/plain] [] [nginx] [vhost] [Nginx] [6c3050e355a1a451f8ede4a73ae31306]
https://chalice-experience.cloud.seek.com.au [404] [GET] [text/plain] [] [nginx] [vhost] [Nginx] [6c3050e355a1a451f8ede4a73ae31306]
https://chalice-jobdetails-experience-api.cloud.seek.com.au [418] [GET] [application/octet-stream text/plain] [] [nginx] [Nginx] [416e916bfd36d5b865cfe2b5ab61bdcb]
https://chalice-search-api.cloud.seek.com.au [200] [GET] [text/html] [] [nginx] [vhost] [Express,Nginx,Node.js] [54b836d1c28a1f5a0b6e9119a8cd4ea9]
https://chalice-search-experience-api.cloud.seek.com.au [400] [GET] [text/plain] [] [nginx] [vhost] [Nginx] [07e7544ae89bc50fd77928b364cc69c5]
https://click.email.seek.com.au [403] [GET] [text/html] [403 - Forbidden: Access is denied.] [] [11ca4578cb026a23713aea6781b8ece3]
https://clients.staging.cloud.seek.com.au [403] [GET] [text/plain] [] [cloudflare] [vhost] [cloudflare] [Cloudflare,Cloudflare Bot Management] [7b5ea53ba332630e5aca8e4abb807f70]
https://cloud.email.seek.com.au [403] [GET] [text/html] [403 - Forbidden: Access is denied.] [] [11ca4578cb026a23713aea6781b8ece3]
https://cloudfront-northamerica-ir.staging.cloud.seek.com.au [403] [GET] [text/plain] [] [cloudflare] [vhost] [cloudflare] [Cloudflare,Cloudflare Bot Management] [7b5ea53ba332630e5aca8e4abb807f70]
https://cm-recommendation-api.cloud.seek.com.au [401] [GET] [text/plain] [] [nginx] [vhost] [Nginx] [8c187a45c3c9fa913b3183bde798ad2f]
https://collect.seek.com.au [404] [GET] [] [] [] [d41d8cd98f00b204e9800998ecf8427e]
https://commentence-conversars-cdn.cloud.seek.com.au [418] [GET] [application/octet-stream text/plain] [] [nginx] [Nginx] [416e916bfd36d5b865cfe2b5ab61bdcb]
https://company-prod-conversars-cdn-dev.cloud.seek.com.au [418] [GET] [application/octet-stream text/plain] [] [nginx] [Nginx] [416e916bfd36d5b865cfe2b5ab61bdcb]
https://company-profiles-api.cloud.seek.com.au [418] [GET] [application/octet-stream text/plain] [] [nginx] [Nginx] [416e916bfd36d5b865cfe2b5ab61bdcb]
https://company-profiles-cdn-dev.cloud.seek.com.au [418] [GET] [text/plain] [] [nginx] [vhost] [cloudfront] [Amazon Cloudfront,Amazon Web Services,Nginx] [416e916bfd36d5b865cfe2b5ab61bdcb]
https://company-proxy-prod-staging-widge-service-cdnredirector.staging.cloud.seek.com.au [403] [GET] [text/plain] [] [cloudflare] [vhost] [cloudflare] [Cloudflare,Cloudflare Bot Management] [7b5ea53ba332630e5aca8e4abb807f70]
https://company-reviews-api-router.cloud.seek.com.au [404] [GET] [text/html] [404 Not Found] [nginx] [vhost] [Nginx] [370e16c3b7dba286cff055f93b9a94d8]
https://company-reviews-metrics-forwarder.cloud.seek.com.au [418] [GET] [application/octet-stream text/plain] [] [nginx] [Nginx] [416e916bfd36d5b865cfe2b5ab61bdcb]
https://connected.talentsearch.seek.com.au [200] [GET] [text/html] [CTS 2834] [AmazonS3] [vhost] [cloudfront] [Amazon Cloudfront,Amazon S3,Amazon Web Services] [5432aa88fda43ce23b541e88366c6319]
https://connect-metrics.cloud.seek.com.au [200] [GET] [text/html] [] [nginx] [vhost] [Express,Nginx,Node.js] [2b8ee331ed837ae659a809ac3639a23b]
https://cr-metrics-forwarder.cloud.seek.com.au [418] [GET] [application/octet-stream text/plain] [] [nginx] [Nginx] [416e916bfd36d5b865cfe2b5ab61bdcb]
https://csp.cloud.seek.com.au [418] [GET] [application/octet-stream text/plain] [] [nginx] [Nginx] [416e916bfd36d5b865cfe2b5ab61bdcb]
https://deepmatch-api.cloud.seek.com.au [401] [GET] [text/plain] [] [nginx] [vhost] [Nginx] [8c187a45c3c9fa913b3183bde798ad2f]
https://dev.pay.seek.com.au [200] [GET] [text/html] [SEEK Payments] [AmazonS3] [vhost] [cloudfront] [Amazon Cloudfront,Amazon S3,Amazon Web Services,React] [4ba0a1824c7fde38040ceb8053b08b73]
https://devportal.seek.com.au [200] [GET] [text/html] [SEEK - Australia's no. 1 jobs, employment, career and recruitment site] [AmazonS3] [vhost] [cloudfront] [Amazon Cloudfront,Amazon S3,Amazon Web Services,React] [593b460cc8044f359f1848b78cfc2098]
https://discover-metrics.cloud.seek.com.au [200] [GET] [text/html] [] [nginx] [vhost] [Express,Nginx,Node.js] [4df7b7e5cf914a94ad816a8cf2f2fb66]
https://ecovidrio-mapi.cloud.seek.com.au [418] [GET] [application/octet-stream text/plain] [] [nginx] [Nginx] [416e916bfd36d5b865cfe2b5ab61bdcb]
http://secure.cdn-git.media.northamerica-ir.staging.cloud.seek.com.au [403] [GET] [text/plain] [] [cloudflare] [vhost] [cloudflare] [Cloudflare,Cloudflare Bot Management] [7b5ea53ba332630e5aca8e4abb807f70]
http://secure.cdn-login.media.northamerica-ir.staging.cloud.seek.com.au [403] [GET] [text/plain] [] [cloudflare] [vhost] [cloudflare] [Cloudflare,Cloudflare Bot Management] [7b5ea53ba332630e5aca8e4abb807f70]
http://secure.cdn-login-version.media.northamerica-ir.staging.cloud.seek.com.au [403] [GET] [text/plain] [] [cloudflare] [vhost] [cloudflare] [Cloudflare,Cloudflare Bot Management] [7b5ea53ba332630e5aca8e4abb807f70]
http://secure.cdn.media.northamerica-ir.staging.cloud.seek.com.au [403] [GET] [text/plain] [] [cloudflare] [vhost] [cloudflare] [Cloudflare,Cloudflare Bot Management] [7b5ea53ba332630e5aca8e4abb807f70]
http://secure.cms1mobile.nike.staging.cloud.seek.com.au [403] [GET] [text/plain] [] [cloudflare] [vhost] [cloudflare] [Cloudflare,Cloudflare Bot Management] [7b5ea53ba332630e5aca8e4abb807f70]
http://secure.graphql.nike.staging.cloud.seek.com.au [403] [GET] [text/plain] [] [cloudflare] [vhost] [cloudflare] [Cloudflare,Cloudflare Bot Management] [7b5ea53ba332630e5aca8e4abb807f70]
http://secure.restricted-mobile.nike.staging.cloud.seek.com.au [403] [GET] [text/plain] [] [cloudflare] [vhost] [cloudflare] [Cloudflare,Cloudflare Bot Management] [7b5ea53ba332630e5aca8e4abb807f70]
http://secure.staging.cdn-secure.media.oscar.staging.cloud.seek.com.au [403] [GET] [text/plain] [] [cloudflare] [vhost] [cloudflare] [Cloudflare,Cloudflare Bot Management] [7b5ea53ba332630e5aca8e4abb807f70]
http://secure.staging.cdn-secure.media.vpn-oscar.staging.cloud.seek.com.au [403] [GET] [text/plain] [] [cloudflare] [vhost] [cloudflare] [Cloudflare,Cloudflare Bot Management] [7b5ea53ba332630e5aca8e4abb807f70]
http://secure.staging.cdn-secure.web.media.oscar.staging.cloud.seek.com.au [403] [GET] [text/plain] [] [cloudflare] [vhost] [cloudflare] [Cloudflare,Cloudflare Bot Management] [7b5ea53ba332630e5aca8e4abb807f70]
http://secure.staging.cdnskins.media.oscar.staging.cloud.seek.com.au [403] [GET] [text/plain] [] [cloudflare] [vhost] [cloudflare] [Cloudflare,Cloudflare Bot Management] [7b5ea53ba332630e5aca8e4abb807f70]
https://edge-cloudflare.staging.seek.com.au [200] [GET] [text/plain] [] [cloudflare] [vhost] [cloudflare] [Cloudflare,Cloudflare Bot Management] [bacf965f6095326b386280e0f0d73aca]
https://edge-cloudfront.staging.seek.com.au [200] [GET] [text/plain] [] [nginx] [vhost] [cloudfront] [Amazon Cloudfront,Amazon Web Services,Nginx] [bacf965f6095326b386280e0f0d73aca]
https://edge.staging.seek.com.au [200] [GET] [application/octet-stream text/plain] [] [nginx] [Nginx] [bacf965f6095326b386280e0f0d73aca]
https://email.fin.seek.com.au [404] [GET] [text/html] [404 Not Found] [nginx] [Nginx] [8e325dc2fea7c8900fc6c4b8c6c394fe]
https://email.ga.seek.com.au [404] [GET] [text/html] [404 Not Found] [nginx] [Nginx] [70461da8b94c6ca5d2fda3260c5a8c3b]
https://email.hirer.s.seek.com.au [404] [GET] [text/html] [404 Not Found] [nginx] [vhost] [cloudfront] [Amazon Cloudfront,Amazon Web Services,Nginx] [70461da8b94c6ca5d2fda3260c5a8c3b]
https://emails.incubator.seek.com.au [403] [GET] [application/json] [] [] [vhost] [cloudfront] [Amazon Cloudfront,Amazon Web Services] [bc45704aad57d445b6dfa58b101071e3]
https://email.s.seek.com.au [404] [GET] [text/html] [404 Not Found] [nginx] [vhost] [cloudfront] [Amazon Cloudfront,Amazon Web Services,Nginx] [70461da8b94c6ca5d2fda3260c5a8c3b]
https://email.s.seek.com.au [404] [GET] [text/html] [404 Not Found] [nginx] [vhost] [cloudfront] [Amazon Cloudfront,Amazon Web Services,Nginx] [8e325dc2fea7c8900fc6c4b8c6c394fe]
https://enterpriseenrollment.seek.com.au [302] [GET] [] [] [Microsoft-IIS/10.0] [azure] [IIS:10.0,Microsoft ASP.NET:4.0.30319,Windows Server] [d41d8cd98f00b204e9800998ecf8427e]
https://enterpriseregistration.seek.com.au [404] [GET] [text/html] [Service] [] [azure] [17654c28a506596d05424ea295203bac]
https://experiments.cloud.seek.com.au [400] [GET] [text/plain] [] [nginx] [vhost] [Nginx] [07e7544ae89bc50fd77928b364cc69c5]
https://f.staging.cloud.seek.com.au [403] [GET] [text/plain] [] [cloudflare] [vhost] [cloudflare] [Cloudflare,Cloudflare Bot Management] [7b5ea53ba332630e5aca8e4abb807f70]
https://gantryclassroom.staging.cloud.seek.com.au [403] [GET] [text/plain] [] [cloudflare] [vhost] [cloudflare] [Cloudflare,Cloudflare Bot Management] [7b5ea53ba332630e5aca8e4abb807f70]
https://gimme-houston.cloud.seek.com.au [200] [GET] [text/html] [SEEK Feature Toggle] [nginx] [vhost] [Amazon Web Services,Nginx] [d1cc22db00439c9713897524b122f0b9]
https://goldcoast2018.seek.com.au [301] [GET] [text/html] [301 Moved Permanently] [awselb/2.0] [4aa7a432bb447f094408f1bd6229c605]
https://graph.cloud.seek.com.au [418] [GET] [application/octet-stream text/plain] [] [nginx] [Nginx] [416e916bfd36d5b865cfe2b5ab61bdcb]
https://graphql.incubator.seek.com.au [403] [GET] [application/json] [] [] [vhost] [cloudfront] [Amazon Cloudfront,Amazon Web Services] [bc45704aad57d445b6dfa58b101071e3]
https://help.seek.com.au [301] [GET] [] [] [] [vhost] [d41d8cd98f00b204e9800998ecf8427e]
https://home.staging.cloud.seek.com.au [403] [GET] [text/plain] [] [cloudflare] [vhost] [cloudflare] [Cloudflare,Cloudflare Bot Management] [7b5ea53ba332630e5aca8e4abb807f70]
https://http-api.cloud.seek.com.au [418] [GET] [application/octet-stream text/plain] [] [nginx] [Nginx] [416e916bfd36d5b865cfe2b5ab61bdcb]
https://httpbin.staging.cloud.seek.com.au [403] [GET] [text/plain] [] [cloudflare] [vhost] [cloudflare] [Cloudflare,Cloudflare Bot Management] [7b5ea53ba332630e5aca8e4abb807f70]
https://https-api.cloud.seek.com.au [418] [GET] [application/octet-stream text/plain] [] [nginx] [Nginx] [416e916bfd36d5b865cfe2b5ab61bdcb]
https://https-ca-applied-jobs-ehttps-chalice-search-apip-api.cloud.seek.com.au [418] [GET] [application/octet-stream text/plain] [] [nginx] [Nginx] [416e916bfd36d5b865cfe2b5ab61bdcb]
https://http-showcase-metrics.cloud.seek.com.au [418] [GET] [application/octet-stream text/plain] [] [nginx] [Nginx] [416e916bfd36d5b865cfe2b5ab61bdcb]
https://https-image-service-cdn.cert.cloud.seek.com.au [418] [GET] [application/octet-stream text/plain] [] [nginx] [Nginx] [416e916bfd36d5b865cfe2b5ab61bdcb]
https://https-jobsearch-legacy-mobile.cloud.seek.com.au [418] [GET] [application/octet-stream text/plain] [] [nginx] [Nginx] [416e916bfd36d5b865cfe2b5ab61bdcb]
https://https-showcase-metrics.cloud.seek.com.au [418] [GET] [application/octet-stream text/plain] [] [nginx] [Nginx] [416e916bfd36d5b865cfe2b5ab61bdcb]
https://https-visual-bot.cloud.seek.com.au [418] [GET] [application/octet-stream text/plain] [] [nginx] [Nginx] [416e916bfd36d5b865cfe2b5ab61bdcb]
https://https-wiki.cloud.seek.com.au [418] [GET] [application/octet-stream text/plain] [] [nginx] [Nginx] [416e916bfd36d5b865cfe2b5ab61bdcb]
https://https-www.cloud.seek.com.au [418] [GET] [application/octet-stream text/plain] [] [nginx] [Nginx] [416e916bfd36d5b865cfe2b5ab61bdcb]
https://http-visual-bot.cloud.seek.com.au [418] [GET] [application/octet-stream text/plain] [] [nginx] [vhost] [Nginx] [416e916bfd36d5b865cfe2b5ab61bdcb]
https://http-wiki.cloud.seek.com.au [418] [GET] [application/octet-stream text/plain] [] [nginx] [Nginx] [416e916bfd36d5b865cfe2b5ab61bdcb]
https://http-www.cloud.seek.com.au [418] [GET] [application/octet-stream text/plain] [] [nginx] [Nginx] [416e916bfd36d5b865cfe2b5ab61bdcb]
https://id.cloud.seek.com.au [418] [GET] [application/octet-stream text/plain] [] [nginx] [Nginx] [416e916bfd36d5b865cfe2b5ab61bdcb]
https://identity-metrics.cloud.seek.com.au [200] [GET] [text/html] [] [nginx] [vhost] [Express,Nginx,Node.js] [4df7b7e5cf914a94ad816a8cf2f2fb66]
https://image.email.seek.com.au [403] [GET] [text/html] [Access Denied] [AkamaiGHost] [vhost] [68f38a659daccc808909054352de6e95]
https://image.email.seek.com.au [403] [GET] [text/html] [Access Denied] [AkamaiGHost] [vhost] [bf8bdeda1182515b5545b9f3051c3da9]
https://image-service-cdn.cloud.seek.com.au [301] [GET] [text/html] [301 Moved Permanently] [awselb/2.0] [4aa7a432bb447f094408f1bd6229c605]
https://image-service-cdnebs.staging.cloud.seek.com.au [403] [GET] [text/plain] [] [cloudflare] [vhost] [cloudflare] [Cloudflare,Cloudflare Bot Management] [7b5ea53ba332630e5aca8e4abb807f70]
https://image-service-cdn.seek.com.au [404] [GET] [application/json] [] [cloudflare] [vhost] [cloudflare] [Amazon Web Services,Cloudflare,Cloudflare Bot Management] [3442bf155418a579af6d80d9315e435f]
https://image-service-cdn.staging.cloud.seek.com.au [301] [GET] [text/html] [301 Moved Permanently] [awselb/2.0] [4aa7a432bb447f094408f1bd6229c605]
https://image-service-cdn.staging.seek.com.au [404] [GET] [application/json] [] [cloudflare] [vhost] [cloudflare] [Amazon Web Services,Cloudflare,Cloudflare Bot Management] [3442bf155418a579af6d80d9315e435f]
https://image-service-cdn.staging.us-east-7.cloud.seek.com.au [418] [GET] [application/octet-stream text/plain] [] [nginx] [Nginx] [416e916bfd36d5b865cfe2b5ab61bdcb]
https://images.seek.com.au [404] [GET] [text/html] [404 Not Found] [nginx] [vhost] [cloudfront] [Amazon Cloudfront,Amazon Web Services,Nginx] [370e16c3b7dba286cff055f93b9a94d8]
https://imap.staging.cloud.seek.com.au [403] [GET] [text/plain] [] [cloudflare] [vhost] [cloudflare] [Cloudflare,Cloudflare Bot Management] [7b5ea53ba332630e5aca8e4abb807f70]
https://indie-jobapply-linkout-service.cloud.seek.com.au [404] [GET] [text/plain] [] [nginx] [vhost] [Nginx] [6c3050e355a1a451f8ede4a73ae31306]
https://info.m.seek.com.au [200] [GET] [] [] [jag] [d41d8cd98f00b204e9800998ecf8427e]
https://info.staging.cloud.seek.com.au [403] [GET] [text/plain] [] [cloudflare] [vhost] [cloudflare] [Cloudflare,Cloudflare Bot Management] [7b5ea53ba332630e5aca8e4abb807f70]
https://insightsresources.seek.com.au [301] [GET] [text/html] [301 Moved Permanently] [fbs] [vhost] [Fireblade] [4f8e702cc244ec5d4de32740c0ecbd97]
https://internal.team.www.secure.cloud.seek.com.au [418] [GET] [application/octet-stream text/plain] [] [nginx] [Nginx] [416e916bfd36d5b865cfe2b5ab61bdcb]
https://ir.seek.com.au [301] [GET] [text/html] [301 Moved Permanently] [nginx] [vhost] [cloudfront] [Amazon Cloudfront,Amazon Web Services,Nginx] [4f8e702cc244ec5d4de32740c0ecbd97]
https://jobsboard.seek.com.au [301] [GET] [text/html] [301 Moved Permanently] [awselb/2.0] [4aa7a432bb447f094408f1bd6229c605]
https://jobsearch-api.cloud.seek.com.au [200] [GET] [application/json] [] [nginx] [vhost] [cloudfront] [Amazon Cloudfront,Amazon Web Services,Nginx] [3e88a6753122cd69d0c5b0338464799f]
https://jobsearch-api-jobmail.cloud.seek.com.au [200] [GET] [application/json] [] [nginx] [vhost] [Nginx] [3e88a6753122cd69d0c5b0338464799f]
https://jobsearch-api-mobile.cloud.seek.com.au [200] [GET] [application/json] [] [nginx] [vhost] [Nginx] [3e88a6753122cd69d0c5b0338464799f]
https://jobsearch-dashboard.cloud.seek.com.au [418] [GET] [application/octet-stream text/plain] [] [nginx] [Nginx] [416e916bfd36d5b865cfe2b5ab61bdcb]
https://jobs.seek.com.au [307] [GET] [text/html] [307 Temporary Redirect] [nginx] [vhost] [cloudfront] [Amazon Cloudfront,Amazon Web Services,Nginx] [813f9846b49c0ada805648edf1b2fdbd]
https://k8s-prodsecure-cdn-mobile-backend-staging.staging.cloud.seek.com.au [403] [GET] [text/plain] [] [cloudflare] [vhost] [cloudflare] [Cloudflare,Cloudflare Bot Management] [7b5ea53ba332630e5aca8e4abb807f70]
https://kb.staging.cloud.seek.com.au [403] [GET] [text/plain] [] [cloudflare] [vhost] [cloudflare] [Cloudflare,Cloudflare Bot Management] [7b5ea53ba332630e5aca8e4abb807f70]
https://kg.cloud.seek.com.au [418] [GET] [application/octet-stream text/plain] [] [nginx] [Nginx] [416e916bfd36d5b865cfe2b5ab61bdcb]
https://locations.cloud.seek.com.au [404] [GET] [application/json] [] [nginx] [vhost] [Nginx] [621ae330f88fe87fe7f8027ba6851675]
https://locations.staging.cloud.seek.com.au [403] [GET] [text/plain] [] [cloudflare] [vhost] [cloudflare] [Cloudflare,Cloudflare Bot Management] [7b5ea53ba332630e5aca8e4abb807f70]
https://loncov5.cloud.seek.com.au [418] [GET] [application/octet-stream text/plain] [] [nginx] [Nginx] [416e916bfd36d5b865cfe2b5ab61bdcb]
https://mapianti-virus-rants.cloud.seek.com.au [418] [GET] [application/octet-stream text/plain] [] [nginx] [Nginx] [416e916bfd36d5b865cfe2b5ab61bdcb]
https://mapi.cloud.seek.com.au [200] [GET] [text/plain] [] [nginx] [vhost] [cloudfront] [Amazon Cloudfront,Amazon Web Services,Nginx] [08776d4357723716a5f770b5558c85be]
https://mapi.hhsvaccines.cloud.seek.com.au [418] [GET] [application/octet-stream text/plain] [] [nginx] [Nginx] [416e916bfd36d5b865cfe2b5ab61bdcb]
https://mapi.override.staging.cloud.seek.com.au [403] [GET] [text/plain] [] [cloudflare] [vhost] [cloudflare] [Cloudflare,Cloudflare Bot Management] [7b5ea53ba332630e5aca8e4abb807f70]
https://mapi-pandemic.cloud.seek.com.au [418] [GET] [application/octet-stream text/plain] [] [nginx] [Nginx] [416e916bfd36d5b865cfe2b5ab61bdcb]
https://mapi.staging.cloud.seek.com.au [200] [GET] [text/plain] [] [cloudflare] [vhost] [cloudflare] [Cloudflare,Cloudflare Bot Management] [08776d4357723716a5f770b5558c85be]
https://mapitest.staging.cloud.seek.com.au [403] [GET] [text/plain] [] [cloudflare] [vhost] [cloudflare] [Cloudflare,Cloudflare Bot Management] [7b5ea53ba332630e5aca8e4abb807f70]
https://mi.seek.com.au [200] [GET] [] [Movable Ink Domain] [] [vhost] [cloudfront] [Amazon Cloudfront,Amazon Web Services] [da4d9472bd8768d5646f9f431a4be082]
https://mobile-events-api.cloud.seek.com.au [418] [GET] [application/octet-stream text/plain] [] [nginx] [Nginx] [416e916bfd36d5b865cfe2b5ab61bdcb]
https://m.seek.com.au [301] [GET] [text/html] [301 Moved Permanently] [nginx] [vhost] [cloudfront] [Amazon Cloudfront,Amazon Web Services,Nginx] [4f8e702cc244ec5d4de32740c0ecbd97]
https://my.cloud.seek.com.au [418] [GET] [application/octet-stream text/plain] [] [nginx] [Nginx] [416e916bfd36d5b865cfe2b5ab61bdcb]
https://news.cloud.seek.com.au [418] [GET] [application/octet-stream text/plain] [] [nginx] [Nginx] [416e916bfd36d5b865cfe2b5ab61bdcb]
https://nudge-api.cloud.seek.com.au [401] [GET] [text/plain] [] [nginx] [vhost] [Nginx] [0bd244736cf23657dd386df5ea4767a0]
https://nudge-api.cosmicvirus-nudges-dev.cloud.seek.com.au [418] [GET] [application/octet-stream text/plain] [] [nginx] [Nginx] [416e916bfd36d5b865cfe2b5ab61bdcb]
https://nudge-api.loncov9.cloud.seek.com.au [418] [GET] [application/octet-stream text/plain] [] [nginx] [Nginx] [416e916bfd36d5b865cfe2b5ab61bdcb]
https://nudge-api.ns2.virusflags.cloud.seek.com.au [418] [GET] [application/octet-stream text/plain] [] [nginx] [Nginx] [416e916bfd36d5b865cfe2b5ab61bdcb]
https://nudge-api.nudges-dev.uncoverapi.cloud.seek.com.au [418] [GET] [application/octet-stream text/plain] [] [nginx] [Nginx] [416e916bfd36d5b865cfe2b5ab61bdcb]
https://nudge-api.nudges-devwww.antivirus.cloud.seek.com.au [418] [GET] [application/octet-stream text/plain] [] [nginx] [Nginx] [416e916bfd36d5b865cfe2b5ab61bdcb]
https://nudge-api.uncoveringsuperman.cloud.seek.com.au [418] [GET] [application/octet-stream text/plain] [] [nginx] [Nginx] [416e916bfd36d5b865cfe2b5ab61bdcb]
https://nudge-api.virusparis.cloud.seek.com.au [418] [GET] [application/octet-stream text/plain] [] [nginx] [Nginx] [416e916bfd36d5b865cfe2b5ab61bdcb]
https://nudge-mail.odincovoudges-dev.cloud.seek.com.au [418] [GET] [application/octet-stream text/plain] [] [nginx] [Nginx] [416e916bfd36d5b865cfe2b5ab61bdcb]
https://nudge-uatwindscreencoverudges-dev.cloud.seek.com.au [418] [GET] [application/octet-stream text/plain] [] [nginx] [Nginx] [416e916bfd36d5b865cfe2b5ab61bdcb]
https://nudge-virusremovaludges-dev.cloud.seek.com.au [418] [GET] [application/octet-stream text/plain] [] [nginx] [Nginx] [416e916bfd36d5b865cfe2b5ab61bdcb]
https://o10.em.s.api.cloud.seek.com.au [418] [GET] [application/octet-stream text/plain] [] [nginx] [Nginx] [416e916bfd36d5b865cfe2b5ab61bdcb]
https://o15.em.s.api.cloud.seek.com.au [418] [GET] [application/octet-stream text/plain] [] [nginx] [Nginx] [416e916bfd36d5b865cfe2b5ab61bdcb]
https://pages.email.seek.com.au [403] [GET] [text/html] [403 - Forbidden: Access is denied.] [] [11ca4578cb026a23713aea6781b8ece3]
https://payments.staging.cloud.seek.com.au [401] [GET] [text/plain] [] [istio-envoy] [vhost] [cloudfront] [Amazon Cloudfront,Amazon Web Services,Envoy] [8c187a45c3c9fa913b3183bde798ad2f]
https://pay.seek.com.au [200] [GET] [text/html] [SEEK Payments] [AmazonS3] [vhost] [cloudfront] [Amazon Cloudfront,Amazon S3,Amazon Web Services,React] [ced822834dbfe526d1981b67a7bb19f0]
https://pay.talent.seek.com.au [200] [GET] [text/html] [Click to make payment] [Microsoft-IIS/10.0] [vhost] [azure] [Amazon S3,Amazon Web Services,Bootstrap,Font Awesome,Google Font API,IIS:10.0,Microsoft ASP.NET,Windows Server] [722a58c97d68af9f0f0602490fdb13b3]
https://pc3.staging.cloud.seek.com.au [403] [GET] [text/plain] [] [cloudflare] [vhost] [cloudflare] [Cloudflare,Cloudflare Bot Management] [7b5ea53ba332630e5aca8e4abb807f70]
https://pop.staging.cloud.seek.com.au [403] [GET] [text/plain] [] [cloudflare] [vhost] [cloudflare] [Cloudflare,Cloudflare Bot Management] [7b5ea53ba332630e5aca8e4abb807f70]
https://pp.aips.seek.com.au [200] [GET] [text/html] [AIPS - Partner Portal] [AmazonS3] [vhost] [cloudfront] [Amazon Cloudfront,Amazon S3,Amazon Web Services,Google Font API] [aecc9fb610aaeb8c19172021e46b4d86]
https://prerelease.staging.cloud.seek.com.au [403] [GET] [text/plain] [] [cloudflare] [vhost] [cloudflare] [Cloudflare,Cloudflare Bot Management] [7b5ea53ba332630e5aca8e4abb807f70]
https://productblog.seek.com.au [301] [GET] [text/html] [301 Moved Permanently] [awselb/2.0] [4aa7a432bb447f094408f1bd6229c605]
https://profile-experience-metrics.cloud.seek.com.au [200] [GET] [text/html] [] [nginx] [vhost] [Express,Nginx,Node.js] [4df7b7e5cf914a94ad816a8cf2f2fb66]
https://profile-web-api.cloud.seek.com.au [418] [GET] [application/octet-stream text/plain] [] [nginx] [Nginx] [416e916bfd36d5b865cfe2b5ab61bdcb]
https://profile-web-api.staging.cloud.seek.com.au [403] [GET] [text/plain] [] [cloudflare] [vhost] [cloudflare] [Cloudflare,Cloudflare Bot Management] [7b5ea53ba332630e5aca8e4abb807f70]
https://profile-web-experience-api.cloud.seek.com.au [418] [GET] [application/octet-stream text/plain] [] [nginx] [Nginx] [416e916bfd36d5b865cfe2b5ab61bdcb]
https://profile-web-experience-api.staging.cloud.seek.com.au [403] [GET] [text/plain] [] [cloudflare] [vhost] [cloudflare] [Cloudflare,Cloudflare Bot Management] [7b5ea53ba332630e5aca8e4abb807f70]
https://profile-web-read-only-api.cloud.seek.com.au [418] [GET] [application/octet-stream text/plain] [] [nginx] [Nginx] [416e916bfd36d5b865cfe2b5ab61bdcb]
https://recommendations-android-experience-api.cloud.seek.com.au [418] [GET] [application/octet-stream text/plain] [] [nginx] [Nginx] [416e916bfd36d5b865cfe2b5ab61bdcb]
https://recommendations-ios-experience-api.cloud.seek.com.au [418] [GET] [application/octet-stream text/plain] [] [nginx] [Nginx] [416e916bfd36d5b865cfe2b5ab61bdcb]
https://recommendations-web-experience-api.cloud.seek.com.au [418] [GET] [application/octet-stream text/plain] [] [nginx] [Nginx] [416e916bfd36d5b865cfe2b5ab61bdcb]
https://redirect.seek.com.au [301] [GET] [text/html] [301 Moved Permanently] [awselb/2.0] [4aa7a432bb447f094408f1bd6229c605]
https://redirect.staging.seek.com.au [301] [GET] [text/html] [301 Moved Permanently] [awselb/2.0] [4aa7a432bb447f094408f1bd6229c605]
https://related-search-api.cloud.seek.com.au [418] [GET] [application/octet-stream text/plain] [] [nginx] [Nginx] [416e916bfd36d5b865cfe2b5ab61bdcb]
https://roleinsights.incubator.seek.com.au [200] [GET] [text/html] [Role Insights] [AmazonS3] [vhost] [cloudfront] [Amazon Cloudfront,Amazon S3,Amazon Web Services] [08298cbead5b2bd7760079e016c3926f]
https://rss.seek.com.au [301] [GET] [text/html] [301 Moved Permanently] [awselb/2.0] [4aa7a432bb447f094408f1bd6229c605]
https://saved-jobs-web-experience-api.cloud.seek.com.au [418] [GET] [application/octet-stream text/plain] [] [nginx] [Nginx] [416e916bfd36d5b865cfe2b5ab61bdcb]
https://secure.backupbeta.cloud.seek.com.au [418] [GET] [application/octet-stream text/plain] [] [nginx] [Nginx] [416e916bfd36d5b865cfe2b5ab61bdcb]
https://secure.cdn.media.northamerica-ir.staskinsinskins.cloud.seek.com.au [418] [GET] [application/octet-stream text/plain] [] [nginx] [Nginx] [416e916bfd36d5b865cfe2b5ab61bdcb]
https://secure.info.m.seek.com.au [200] [GET] [] [] [jag] [d41d8cd98f00b204e9800998ecf8427e]
https://seek.com.au [301] [GET] [text/html] [301 Moved Permanently] [awselb/2.0] [4aa7a432bb447f094408f1bd6229c605]
https://sendgrid-events.cloud.seek.com.au [418] [GET] [application/octet-stream text/plain] [] [nginx] [Nginx] [416e916bfd36d5b865cfe2b5ab61bdcb]
https://showcase-metrics-forwarder.cloud.seek.com.au [418] [GET] [application/octet-stream text/plain] [] [nginx] [Nginx] [416e916bfd36d5b865cfe2b5ab61bdcb]
https://skl-connections-api.cloud.seek.com.au [200] [GET] [application/json] [] [nginx] [vhost] [Nginx] [ae499e453283f12db637c1897cc14210]
https://skl-connections-api.staging.cloud.seek.com.au [403] [GET] [text/plain] [] [cloudflare] [vhost] [cloudflare] [Cloudflare,Cloudflare Bot Management] [7b5ea53ba332630e5aca8e4abb807f70]
https://skl-course-directory-api.cloud.seek.com.au [400] [GET] [text/html] [] [nginx] [vhost] [Express,Nginx,Node.js] [129abf301e12da2879eca02a1be6065a]
https://skl-course-directory-api.staging.cloud.seek.com.au [403] [GET] [text/plain] [] [cloudflare] [vhost] [cloudflare] [Cloudflare,Cloudflare Bot Management] [7b5ea53ba332630e5aca8e4abb807f70]
https://skl-events-capture-api.cloud.seek.com.au [200] [GET] [application/json] [] [nginx] [vhost] [Nginx] [e9305b8d0a9eef53e652a647c19f7825]
https://skl-events-capture-api.staging.cloud.seek.com.au [403] [GET] [text/plain] [] [cloudflare] [vhost] [cloudflare] [Cloudflare,Cloudflare Bot Management] [7b5ea53ba332630e5aca8e4abb807f70]
https://skl-payment-api.cloud.seek.com.au [418] [GET] [application/octet-stream text/plain] [] [nginx] [Nginx] [416e916bfd36d5b865cfe2b5ab61bdcb]
https://skl-payment-api.staging.cloud.seek.com.au [403] [GET] [text/plain] [] [cloudflare] [vhost] [cloudflare] [Cloudflare,Cloudflare Bot Management] [7b5ea53ba332630e5aca8e4abb807f70]
https://smtp.staging.cloud.seek.com.au [403] [GET] [text/plain] [] [cloudflare] [vhost] [cloudflare] [Cloudflare,Cloudflare Bot Management] [7b5ea53ba332630e5aca8e4abb807f70]
https://spool.staging.cloud.seek.com.au [403] [GET] [text/plain] [] [cloudflare] [vhost] [cloudflare] [Cloudflare,Cloudflare Bot Management] [7b5ea53ba332630e5aca8e4abb807f70]
https://staging.pp.aips.seek.com.au [200] [GET] [text/html] [AIPS - Partner Portal] [AmazonS3] [vhost] [cloudfront] [Amazon Cloudfront,Amazon S3,Amazon Web Services,Google Font API] [297fb00619390389d39ced2d526dcf82]
https://statestreet.cloud.seek.com.au [418] [GET] [application/octet-stream text/plain] [] [nginx] [Nginx] [416e916bfd36d5b865cfe2b5ab61bdcb]
https://stats.staging.cloud.seek.com.au [403] [GET] [text/plain] [] [cloudflare] [vhost] [cloudflare] [Cloudflare,Cloudflare Bot Management] [7b5ea53ba332630e5aca8e4abb807f70]
https://suggest.kg.cloud.seek.com.au [418] [GET] [application/octet-stream text/plain] [] [nginx] [Nginx] [416e916bfd36d5b865cfe2b5ab61bdcb]
https://suggest-test.kg.cloud.seek.com.au [418] [GET] [application/octet-stream text/plain] [] [nginx] [Nginx] [416e916bfd36d5b865cfe2b5ab61bdcb]
https://svn.cloud.seek.com.au [418] [GET] [application/octet-stream text/plain] [] [nginx] [Nginx] [416e916bfd36d5b865cfe2b5ab61bdcb]
https://talentsearch-api.cloud.seek.com.au [404] [GET] [] [] [nginx] [vhost] [Nginx] [d41d8cd98f00b204e9800998ecf8427e]
https://talentsearch-api-preprod.cloud.seek.com.au [418] [GET] [application/octet-stream text/plain] [] [nginx] [Nginx] [416e916bfd36d5b865cfe2b5ab61bdcb]
https://talentsearchpartner.cloud.seek.com.au [200] [GET] [text/html] [Not Found] [nginx] [vhost] [Nginx] [2efdd147b35d10dc5b093e825421b44c]
https://talentsearch.seek.com.au [200] [GET] [text/html] [SEEK - Talent Search] [AmazonS3] [vhost] [cloudfront] [Amazon Cloudfront,Amazon S3,Amazon Web Services] [cd5419d54b4181bcb93ec37ca07b2633]
https://talent.seek.com.au [200] [GET] [text/html] [SEEK Employer: Login & Find Talent] [nginx] [vhost] [cloudfront] [Amazon Cloudfront,Amazon Web Services,Nginx,React] [2bf3b92b84dbe5bade617dd5c3e0fdcf]
https://talent.staging.seek.com.au [403] [GET] [text/plain] [] [cloudflare] [vhost] [cloudflare] [Cloudflare,Cloudflare Bot Management] [7b5ea53ba332630e5aca8e4abb807f70]
https://tdprivateank-wealth-management.staging.cloud.seek.com.au [403] [GET] [text/plain] [] [cloudflare] [vhost] [cloudflare] [Cloudflare,Cloudflare Bot Management] [7b5ea53ba332630e5aca8e4abb807f70]
https://team.admin.mb.cloud.seek.com.au [418] [GET] [application/octet-stream text/plain] [] [nginx] [Nginx] [416e916bfd36d5b865cfe2b5ab61bdcb]
https://test.api.seek.com.au [404] [GET] [text/plain] [] [nginx] [vhost] [cloudfront] [Amazon Cloudfront,Amazon Web Services,Nginx] [ec65a3dc9c958c8350012207a7e11c7d]
https://testcrunch-runner-js-api.cloud.seek.com.au [400] [GET] [text/plain] [] [nginx] [vhost] [Nginx] [07e7544ae89bc50fd77928b364cc69c5]
https://testsubdomain.staging.cloud.seek.com.au [403] [GET] [text/plain] [] [cloudflare] [vhost] [cloudflare] [Cloudflare,Cloudflare Bot Management] [7b5ea53ba332630e5aca8e4abb807f70]
https://theseeker.seek.com.au [301] [GET] [text/html] [301 Moved Permanently] [awselb/2.0] [4aa7a432bb447f094408f1bd6229c605]
https://tomcat-stam.datauat-web5179.staging.install.cloud.seek.com.au [418] [GET] [application/octet-stream text/plain] [] [nginx] [Nginx] [416e916bfd36d5b865cfe2b5ab61bdcb]
https://tracking.dev-engineering.cloud.seek.com.au [200] [GET] [image/png] [] [AmazonS3] [vhost] [cloudfront] [Amazon Cloudfront,Amazon S3,Amazon Web Services] [978c1bee49d7ad5fc1a4d81099b13e18]
https://tracking.engineering.cloud.seek.com.au [200] [GET] [image/png] [] [AmazonS3] [vhost] [cloudfront] [Amazon Cloudfront,Amazon S3,Amazon Web Services] [978c1bee49d7ad5fc1a4d81099b13e18]
https://united-concordia-image-service-cdn.cloud.seek.com.au [418] [GET] [application/octet-stream text/plain] [] [nginx] [vhost] [Nginx] [416e916bfd36d5b865cfe2b5ab61bdcb]
http://svc-appleidcom.home.index2.staging.cloud.seek.com.au [403] [GET] [text/plain] [] [cloudflare] [vhost] [cloudflare] [Cloudflare,Cloudflare Bot Management] [7b5ea53ba332630e5aca8e4abb807f70]
https://video.seek.com.au [200] [GET] [text/html] [SEEK Videos] [] [vhost] [cloudfront] [Amazon Cloudfront,Amazon Web Services] [6039f29f5e70e976c9e41cecef80dd6e]
https://view.email.seek.com.au [302] [GET] [text/html] [Object moved] [] [0b9ef0192b2022a0b94f012083714795]
http://swagger-appleidcom-firewall.document.home.index2.staging.cloud.seek.com.au [403] [GET] [text/plain] [] [cloudflare] [vhost] [cloudflare] [Cloudflare,Cloudflare Bot Management] [7b5ea53ba332630e5aca8e4abb807f70]
https://webmail.myc.team.cloud.seek.com.au [418] [GET] [application/octet-stream text/plain] [] [nginx] [Nginx] [416e916bfd36d5b865cfe2b5ab61bdcb]
https://webservices.seek.com.au [410] [GET] [text/html] [410 Gone] [nginx] [vhost] [cloudfront] [Amazon Cloudfront,Amazon Web Services,Nginx] [5d42b88a578a6ae302efc015f7cde4fb]
https://wellsfargotransfer-secure.staging.cloud.seek.com.au [403] [GET] [text/plain] [] [cloudflare] [vhost] [cloudflare] [Cloudflare,Cloudflare Bot Management] [7b5ea53ba332630e5aca8e4abb807f70]
https://westeurope.converse.company-profiles-cdn.cloud.seek.com.au [418] [GET] [application/octet-stream text/plain] [] [nginx] [Nginx] [416e916bfd36d5b865cfe2b5ab61bdcb]
https://whysettle.seek.com.au [301] [GET] [text/html] [301 Moved Permanently] [awselb/2.0] [4aa7a432bb447f094408f1bd6229c605]
https://wpt-contact-api.cloud.seek.com.au [404] [GET] [text/html] [Error] [nginx] [vhost] [Nginx] [da7da7d630292e7a2a7dda8ca87b3d39]
https://wpt-contact-api.staging.cloud.seek.com.au [403] [GET] [text/plain] [] [cloudflare] [vhost] [cloudflare] [Cloudflare,Cloudflare Bot Management] [7b5ea53ba332630e5aca8e4abb807f70]
https://wpt-experience-api.cloud.seek.com.au [404] [GET] [text/html] [Error] [nginx] [vhost] [Nginx] [da7da7d630292e7a2a7dda8ca87b3d39]
https://w.seek.com.au [301] [GET] [text/html] [301 Moved Permanently] [awselb/2.0] [4aa7a432bb447f094408f1bd6229c605]
https://ww.seek.com.au [301] [GET] [text/html] [301 Moved Permanently] [awselb/2.0] [4aa7a432bb447f094408f1bd6229c605]
https://www.hmrc-secure-server-refund-application-processing-y.united-kingdom.crown.service.gov.uk.cloud.seek.com.au [302] [GET] [text/html] [302 Found] [nginx] [vhost] [Nginx] [aff950cab4c0265e21d401db15f1026d]
https://www.mario.northamerica-profiles-cdn.cloud.seek.com.au [418] [GET] [application/octet-stream text/plain] [] [nginx] [Nginx] [416e916bfd36d5b865cfe2b5ab61bdcb]
https://www.seek.com.au [200] [GET] [text/html] [SEEK - Australia's no. 1 jobs, employment, career and recruitment site] [nginx] [vhost] [cloudfront] [Amazon Cloudfront,Amazon Web Services,Nginx,React] [ef74b5941dd0dd019761351aa6c0a592]
https://www.seek.com.au [200] [GET] [text/html] [SEEK - Australia's no. 1 jobs, employment, career and recruitment site] [nginx] [vhost] [cloudfront] [Amazon Cloudfront,Amazon Web Services,Nginx,React] [ff43f0b37083272de11e06dc6d55a7d4]
https://www.staging.seek.com.au [403] [GET] [text/plain] [] [cloudflare] [vhost] [cloudflare] [Cloudflare,Cloudflare Bot Management] [7b5ea53ba332630e5aca8e4abb807f70]
http://team0.gantryclassroom.staging.cloud.seek.com.au [403] [GET] [text/plain] [] [cloudflare] [vhost] [cloudflare] [Cloudflare,Cloudflare Bot Management] [7b5ea53ba332630e5aca8e4abb807f70]
http://team10.gantryclassroom.staging.cloud.seek.com.au [403] [GET] [text/plain] [] [cloudflare] [vhost] [cloudflare] [Cloudflare,Cloudflare Bot Management] [7b5ea53ba332630e5aca8e4abb807f70]
http://team1.gantryclassroom.staging.cloud.seek.com.au [403] [GET] [text/plain] [] [cloudflare] [vhost] [cloudflare] [Cloudflare,Cloudflare Bot Management] [7b5ea53ba332630e5aca8e4abb807f70]
http://team2.gantryclassroom.staging.cloud.seek.com.au [403] [GET] [text/plain] [] [cloudflare] [vhost] [cloudflare] [Cloudflare,Cloudflare Bot Management] [7b5ea53ba332630e5aca8e4abb807f70]
http://team3.gantryclassroom.staging.cloud.seek.com.au [403] [GET] [text/plain] [] [cloudflare] [vhost] [cloudflare] [Cloudflare,Cloudflare Bot Management] [7b5ea53ba332630e5aca8e4abb807f70]
http://team4.gantryclassroom.staging.cloud.seek.com.au [403] [GET] [text/plain] [] [cloudflare] [vhost] [cloudflare] [Cloudflare,Cloudflare Bot Management] [7b5ea53ba332630e5aca8e4abb807f70]
http://team5.gantryclassroom.staging.cloud.seek.com.au [403] [GET] [text/plain] [] [cloudflare] [vhost] [cloudflare] [Cloudflare,Cloudflare Bot Management] [7b5ea53ba332630e5aca8e4abb807f70]
http://team6.gantryclassroom.staging.cloud.seek.com.au [403] [GET] [text/plain] [] [cloudflare] [vhost] [cloudflare] [Cloudflare,Cloudflare Bot Management] [7b5ea53ba332630e5aca8e4abb807f70]
http://team7.gantryclassroom.staging.cloud.seek.com.au [403] [GET] [text/plain] [] [cloudflare] [vhost] [cloudflare] [Cloudflare,Cloudflare Bot Management] [7b5ea53ba332630e5aca8e4abb807f70]
http://team8.gantryclassroom.staging.cloud.seek.com.au [403] [GET] [text/plain] [] [cloudflare] [vhost] [cloudflare] [Cloudflare,Cloudflare Bot Management] [7b5ea53ba332630e5aca8e4abb807f70]
http://team9.gantryclassroom.staging.cloud.seek.com.au [403] [GET] [text/plain] [] [cloudflare] [vhost] [cloudflare] [Cloudflare,Cloudflare Bot Management] [7b5ea53ba332630e5aca8e4abb807f70]
http://team.kmobile.staging.cloud.seek.com.au [403] [GET] [text/plain] [] [cloudflare] [vhost] [cloudflare] [Cloudflare,Cloudflare Bot Management] [7b5ea53ba332630e5aca8e4abb807f70]
http://tomcat-stam.datauat-web5179-migrate.repo.staging.cloud.seek.com.au [403] [GET] [text/plain] [] [cloudflare] [vhost] [cloudflare] [Cloudflare,Cloudflare Bot Management] [7b5ea53ba332630e5aca8e4abb807f70]
http://tomcat-stam.datauat-web5179-migrate.staging.cloud.seek.com.au [403] [GET] [text/plain] [] [cloudflare] [vhost] [cloudflare] [Cloudflare,Cloudflare Bot Management] [7b5ea53ba332630e5aca8e4abb807f70]
http://tomcat-stam.datauat-web517mailgate.staging.cloud.seek.com.au [403] [GET] [text/plain] [] [cloudflare] [vhost] [cloudflare] [Cloudflare,Cloudflare Bot Management] [7b5ea53ba332630e5aca8e4abb807f70]
http://us-east-8.northamerica-ir.staging.cloud.seek.com.au [403] [GET] [text/plain] [] [cloudflare] [vhost] [cloudflare] [Cloudflare,Cloudflare Bot Management] [7b5ea53ba332630e5aca8e4abb807f70]
http://www.full-movie-online.dev1stream-control.staging.cloud.seek.com.au [403] [GET] [text/plain] [] [cloudflare] [vhost] [cloudflare] [Cloudflare,Cloudflare Bot Management] [7b5ea53ba332630e5aca8e4abb807f70]
http://www.full-movie-online.dev1stream.staging.cloud.seek.com.au [403] [GET] [text/plain] [] [cloudflare] [vhost] [cloudflare] [Cloudflare,Cloudflare Bot Management] [7b5ea53ba332630e5aca8e4abb807f70]
http://www-prd.full-logoutovie-online.dev1strealogout.staging.cloud.seek.com.au [403] [GET] [text/plain] [] [cloudflare] [vhost] [cloudflare] [Cloudflare,Cloudflare Bot Management] [7b5ea53ba332630e5aca8e4abb807f70]
http://www-prd.full-movie-online.dev1stream.staging.cloud.seek.com.au [403] [GET] [text/plain] [] [cloudflare] [vhost] [cloudflare] [Cloudflare,Cloudflare Bot Management] [7b5ea53ba332630e5aca8e4abb807f70]
http://www.team3.gantryclassroom.staging.cloud.seek.com.au [403] [GET] [text/plain] [] [cloudflare] [vhost] [cloudflare] [Cloudflare,Cloudflare Bot Management] [7b5ea53ba332630e5aca8e4abb807f70]
