http://engage.semrush.com [301] [GET] [] [] [cloudflare] [vhost] [cloudflare] [Cloudflare,Cloudflare Bot Management] [d41d8cd98f00b204e9800998ecf8427e]
http://mail.semrush.com [301] [GET] [text/html] [301 Moved] [ghs] [vhost] [6d2e1cbe398579212dc0a5af3a6f617d]
https://analytics.semrush.com [400] [GET] [] [] [] [vhost] [Google Cloud,Google Cloud CDN] [d41d8cd98f00b204e9800998ecf8427e]
https://ar.backend.semrush.com [500] [GET] [text/plain] [] [nginx] [google] [Google Cloud,Google Cloud CDN,Nginx] [d7cd25f0aa3c6ca01d8a5aaf8830e141]
https://au.backend.semrush.com [500] [GET] [text/plain] [] [nginx] [google] [Google Cloud,Google Cloud CDN,Nginx] [d7cd25f0aa3c6ca01d8a5aaf8830e141]
https://billing-proc.semrush.com [403] [GET] [text/html] [403 Forbidden] [nginx] [vhost] [google] [Google Cloud,Google Cloud CDN,Nginx] [4b074b0b59693fa9f94fb71b175fb187]
https://billing-proc.semrush.com [403] [GET] [text/html] [403 Forbidden] [nginx] [vhost] [google] [Google Cloud,Google Cloud CDN,Nginx] [9fe3cb2b7313dc79bb477bc8fde184a7]
https://bl.publicapi.semrush.com [200] [GET] [text/xml] [] [nginx] [vhost] [google] [Google Cloud,Google Cloud CDN,Nginx] [d41d8cd98f00b204e9800998ecf8427e]
https://cdn-company2.semrush.com [403] [GET] [application/xml] [] [UploadServer] [vhost] [google] [e7a9350210b4dba641f6020447c96045]
https://cdn-news2.semrush.com [403] [GET] [application/xml] [] [UploadServer] [vhost] [google] [e7a9350210b4dba641f6020447c96045]
https://cdn-secure.semrush.com [301] [GET] [text/html] [] [nginx] [vhost] [cloudfront] [Amazon Cloudfront,Amazon Web Services,Nginx] [68b329da9893e34099c7d8ad5cb9c940]
https://custom-api.semrush.com [545] [GET] [text/html] [Just a moment] [] [google] [Google Cloud,Google Cloud CDN] [9cc5f5ac7c88dcefa083d3865a72f84e]
https://custom-api.semrush.com [545] [GET] [text/html] [Just a moment] [] [google] [Google Cloud,Google Cloud CDN] [eff31ad4f12c98029b73df1a2d764a21]
https://da.publicapi.semrush.com [200] [GET] [application/xml] [] [nginx] [google] [Google Cloud,Google Cloud CDN,Nginx] [e6439a8702c5b25ea8b9cf56ef1135e6]
https://ec.semrush.com [545] [GET] [text/html] [Just a moment] [] [google] [Google Cloud,Google Cloud CDN] [27cd5f6f2b6750afa3ea1ed99bee199c]
https://ec.semrush.com [545] [GET] [text/html] [Just a moment] [] [google] [Google Cloud,Google Cloud CDN] [488242c00547ae5de10e872627c91505]
https://feedback.semrush.com [545] [GET] [text/html] [Just a moment] [] [google] [Google Cloud,Google Cloud CDN] [56a6cde12ba1c33f9b081b1a50b3cc43]
https://feedback.semrush.com [545] [GET] [text/html] [Just a moment] [] [google] [Google Cloud,Google Cloud CDN] [5fb012d51a780b070c32b380167672e0]
https://fr.backend.semrush.com [500] [GET] [text/plain] [] [nginx] [google] [Google Cloud,Google Cloud CDN,Nginx] [d7cd25f0aa3c6ca01d8a5aaf8830e141]
https://go.semrush.com [301] [GET] [text/html] [] [cloudflare] [vhost] [cloudflare] [Cloudflare,Cloudflare Bot Management] [07b162e33a57fe400918cd3effe27e97]
https://hoptothetop.semrush.com [545] [GET] [text/html] [Just a moment] [nginx] [google] [Google Cloud,Google Cloud CDN,Nginx] [397b0b2b95392aff31cc04854b198d75]
https://hoptothetop.semrush.com [545] [GET] [text/html] [Just a moment] [nginx] [google] [Google Cloud,Google Cloud CDN,Nginx] [b432c0229568779582c93d46d7ff8745]
https://i.semrush.com [301] [GET] [text/html] [301 Moved] [] [google] [6d94ab70a8f98af28aa4d1e89e8529c0]
https://market.semrush.com [545] [GET] [text/html] [Just a moment] [] [google] [Google Cloud,Google Cloud CDN] [20796fc3cdecfab9a9563b0f4dbe68ce]
https://market.semrush.com [545] [GET] [text/html] [Just a moment] [] [google] [Google Cloud,Google Cloud CDN] [b0c340b0dcd5ca01cff91b4d29a490c1]
https://oauth-balancer.semrush.com [545] [GET] [text/html] [Just a moment] [] [google] [Google Cloud,Google Cloud CDN] [2d0db2eb0c87858790bd546b37b7b23b]
https://oauth-balancer.semrush.com [545] [GET] [text/html] [Just a moment] [] [google] [Google Cloud,Google Cloud CDN] [df7e8ab35d63797401bd560670eb50f1]
https://oauth.semrush.com [545] [GET] [text/html] [Just a moment] [] [google] [Google Cloud,Google Cloud CDN] [690ce5d6a4aa04343289a95d5267c1ff]
https://oauth.semrush.com [545] [GET] [text/html] [Just a moment] [] [google] [Google Cloud,Google Cloud CDN] [cd78326dc9ed162e50b2511e4135b0c2]
https://partner-landing.semrush.com [403] [GET] [application/xml] [] [UploadServer] [vhost] [google] [e7a9350210b4dba641f6020447c96045]
https://product.semrush.com [404] [GET] [text/plain] [] [] [f9ae9006943e3a67b95ca4c6c733b6d4]
https://rc.billing-proc.semrush.com [403] [GET] [text/html] [403 Forbidden] [] [google] [Google Cloud,Google Cloud CDN] [4b074b0b59693fa9f94fb71b175fb187]
https://rc.billing-proc.semrush.com [403] [GET] [text/html] [403 Forbidden] [] [google] [Google Cloud,Google Cloud CDN] [9fe3cb2b7313dc79bb477bc8fde184a7]
https://salesloft.semrush.com [204] [GET] [] [] [] [vhost] [d41d8cd98f00b204e9800998ecf8427e]
https://secure.semrush.com [301] [GET] [text/html] [] [nginx] [Nginx] [68b329da9893e34099c7d8ad5cb9c940]
https://seoquake.publicapi.semrush.com [200] [GET] [application/xml] [] [nginx] [google] [Google Cloud,Google Cloud CDN,Nginx] [e6439a8702c5b25ea8b9cf56ef1135e6]
https://shapes.semrush.com [200] [GET] [text/html] [Start Shaping Your Online Story Today - EN shapeyourstory, semrush, data to achieve growth] [] [vhost] [fastly] [Amazon Cloudfront,Amazon Web Services,Fastly,Google Font API,Google Tag Manager,Varnish] [f2f6f825072665003b79b16b1e5e8eaf]
https://shapes.semrush.com [200] [GET] [text/html] [Your Browser is Not Supported] [] [vhost] [fastly] [Amazon Cloudfront,Amazon Web Services,Fastly,Varnish] [cd490181ea6d97d57c5c987c11e7720b]
https://siteaudit.crawler.semrush.com [545] [GET] [text/html] [Just a moment] [nginx] [google] [Google Cloud,Google Cloud CDN,Nginx] [72b17e134c95e90045f3b3246297a050]
https://siteaudit.crawler.semrush.com [545] [GET] [text/html] [Just a moment] [nginx] [google] [Google Cloud,Google Cloud CDN,Nginx] [a0dfeb5c43e9e859a554ff19d758690a]
https://smt-webhooks.semrush.com [403] [GET] [text/html] [403 Forbidden] [] [google] [Google Cloud,Google Cloud CDN] [4b074b0b59693fa9f94fb71b175fb187]
https://smt-webhooks.semrush.com [403] [GET] [text/html] [403 Forbidden] [] [google] [Google Cloud,Google Cloud CDN] [9fe3cb2b7313dc79bb477bc8fde184a7]
https://sso-new.semrush.com [545] [GET] [text/html] [Just a moment] [] [google] [Google Cloud,Google Cloud CDN] [4210417a2d3ab196c8467549d7c65840]
https://sso-new.semrush.com [545] [GET] [text/html] [Just a moment] [] [google] [Google Cloud,Google Cloud CDN] [a318c624c6d0ebcfddd885e29cf9b618]
https://swag.semrush.com [200] [GET] [text/html] [Semrush Swag Store] [cloudflare] [vhost] [Cloudflare,Cloudflare Network Error Logging,Google Font API,Shopify] [03245057e44466648f6ba16fc76aa580]
https://swag.semrush.com:2053 [403] [GET] [text/html] [Attention Required! | Cloudflare] [cloudflare] [vhost] [Cloudflare,Cloudflare Network Error Logging] [8ac96d72478b92a29af8336e30a20bd1]
https://swag.semrush.com:2083 [403] [GET] [text/html] [Attention Required! | Cloudflare] [cloudflare] [vhost] [Cloudflare,Cloudflare Network Error Logging] [6cfe4368695ece96851a32532668e288]
https://swag.semrush.com:2087 [403] [GET] [text/html] [Attention Required! | Cloudflare] [cloudflare] [vhost] [Cloudflare,Cloudflare Network Error Logging] [b0971e83d113ed0b8bafc1b71b6e426f]
https://swag.semrush.com:2096 [403] [GET] [text/html] [Attention Required! | Cloudflare] [cloudflare] [vhost] [Cloudflare,Cloudflare Network Error Logging] [84800370e068d102b54ee7bc8061a6eb]
https://swag.semrush.com:8443 [403] [GET] [text/html] [Attention Required! | Cloudflare] [cloudflare] [vhost] [Cloudflare,Cloudflare Network Error Logging] [251306b90f888c8646d784234f7ddb6b]
https://uk.backend.semrush.com [500] [GET] [text/plain] [] [nginx] [google] [Google Cloud,Google Cloud CDN,Nginx] [d7cd25f0aa3c6ca01d8a5aaf8830e141]
https://unfolder.semrush.com [545] [GET] [text/html] [Just a moment] [] [google] [Google Cloud,Google Cloud CDN] [7b7118ca266d184241d90280f132f4a4]
https://unfolder.semrush.com [545] [GET] [text/html] [Just a moment] [] [google] [Google Cloud,Google Cloud CDN] [a50aa041c73b3df378b5815339e197ef]
https://uptime-agent-k8s.semrush.com [545] [GET] [text/html] [Just a moment] [nginx] [google] [Google Cloud,Google Cloud CDN,Nginx] [06b136138d7a4541febb4ae4580efe08]
https://uptime-agent-k8s.semrush.com [545] [GET] [text/html] [Just a moment] [nginx] [google] [Google Cloud,Google Cloud CDN,Nginx] [e9e1ff1e1de611513cdbe28fff5fee27]
https://uptime-proxy-k8s.semrush.com [545] [GET] [text/html] [Just a moment] [] [google] [Google Cloud,Google Cloud CDN] [13650d5f638f1382fa9c0fb044fd0ac7]
https://uptime-proxy-k8s.semrush.com [545] [GET] [text/html] [Just a moment] [] [google] [Google Cloud,Google Cloud CDN] [c917f4c921e79a53e1a6288982196ebf]
https://us.backend.semrush.com [500] [GET] [text/plain] [] [nginx] [google] [Google Cloud,Google Cloud CDN,Nginx] [d7cd25f0aa3c6ca01d8a5aaf8830e141]
http://swag.semrush.com:2052 [403] [GET] [text/html] [Attention Required! | Cloudflare] [cloudflare] [Cloudflare,Cloudflare Network Error Logging] [0382ea4638857875e09de85b41b4fe6c]
http://swag.semrush.com:2082 [403] [GET] [text/html] [Attention Required! | Cloudflare] [cloudflare] [Cloudflare,Cloudflare Network Error Logging] [1393c398a8d75a340715d5ced9c3cab6]
http://swag.semrush.com:2086 [403] [GET] [text/html] [Attention Required! | Cloudflare] [cloudflare] [Cloudflare,Cloudflare Network Error Logging] [8304a402c9acb57ce193fdd620eb06fe]
http://swag.semrush.com:2095 [403] [GET] [text/html] [Attention Required! | Cloudflare] [cloudflare] [Cloudflare,Cloudflare Network Error Logging] [ffa2c3e14c0611cb4f59e81ae82d32c9]
http://swag.semrush.com:8080 [403] [GET] [text/html] [Attention Required! | Cloudflare] [cloudflare] [Cloudflare,Cloudflare Network Error Logging] [8498fe92053b9818598ff434df2d9a5d]
http://swag.semrush.com:8880 [403] [GET] [text/html] [Attention Required! | Cloudflare] [cloudflare] [Cloudflare,Cloudflare Network Error Logging] [ff1c4d145887478df99f7d978df58b8e]
