http://admin.shipt.com:8080 [403] [GET] [text/plain] [] [cloudflare] [vhost] [cloudflare] [Cloudflare,Cloudflare Bot Management] [e4a4146789500ddb4d0742b64715de3b]
http://api-east.shipt.com:8080 [403] [GET] [text/plain] [] [cloudflare] [vhost] [cloudflare] [Cloudflare,Cloudflare Bot Management] [e4a4146789500ddb4d0742b64715de3b]
http://api.shipt.com:8080 [403] [GET] [text/plain] [] [cloudflare] [vhost] [cloudflare] [Cloudflare,Cloudflare Bot Management] [e4a4146789500ddb4d0742b64715de3b]
http://app.shipt.com:8080 [403] [GET] [text/plain] [] [cloudflare] [vhost] [cloudflare] [Cloudflare,Cloudflare Bot Management] [e4a4146789500ddb4d0742b64715de3b]
http://envoy.shipt.com:8080 [403] [GET] [text/plain] [] [cloudflare] [vhost] [cloudflare] [Cloudflare,Cloudflare Bot Management] [e4a4146789500ddb4d0742b64715de3b]
http://get.shipt.com:2082 [301] [GET] [] [] [cloudflare] [vhost] [cloudflare] [Cloudflare] [d41d8cd98f00b204e9800998ecf8427e]
http://get.shipt.com:2086 [301] [GET] [] [] [cloudflare] [vhost] [cloudflare] [Cloudflare] [d41d8cd98f00b204e9800998ecf8427e]
http://get.shipt.com:8080 [301] [GET] [] [] [cloudflare] [vhost] [cloudflare] [Cloudflare] [d41d8cd98f00b204e9800998ecf8427e]
http://get.shipt.com:8880 [301] [GET] [] [] [cloudflare] [vhost] [cloudflare] [Cloudflare] [d41d8cd98f00b204e9800998ecf8427e]
http://gtm.shipt.com [302] [GET] [text/html] [] [Google Frontend] [vhost] [Google App Engine,Google Cloud,Google Cloud Trace] [d41d8cd98f00b204e9800998ecf8427e]
https://admin.shipt.com [403] [GET] [text/plain] [] [cloudflare] [vhost] [cloudflare] [Cloudflare,Cloudflare Bot Management] [e4a4146789500ddb4d0742b64715de3b]
https://admin.shipt.com:8443 [403] [GET] [text/plain] [] [cloudflare] [vhost] [cloudflare] [Cloudflare,Cloudflare Bot Management] [e4a4146789500ddb4d0742b64715de3b]
https://ambassadors.shipt.com [200] [GET] [text/html] [] [] [vhost] [cloudfront] [Amazon Cloudfront,Amazon Web Services,AngularJS,Express,Node.js] [8efa4029b6dbb351d42b9fb6d35e49bb]
https://api-east.shipt.com [403] [GET] [text/plain] [] [cloudflare] [vhost] [cloudflare] [Cloudflare,Cloudflare Bot Management] [e4a4146789500ddb4d0742b64715de3b]
https://api-east.shipt.com:8443 [403] [GET] [text/plain] [] [cloudflare] [vhost] [cloudflare] [Cloudflare,Cloudflare Bot Management] [e4a4146789500ddb4d0742b64715de3b]
https://api.shipt.com [403] [GET] [text/plain] [] [cloudflare] [vhost] [cloudflare] [Cloudflare,Cloudflare Bot Management] [e4a4146789500ddb4d0742b64715de3b]
https://api.shipt.com:8443 [403] [GET] [text/plain] [] [cloudflare] [vhost] [cloudflare] [Cloudflare,Cloudflare Bot Management] [e4a4146789500ddb4d0742b64715de3b]
https://app.shipt.com [403] [GET] [text/plain] [] [cloudflare] [vhost] [cloudflare] [Cloudflare,Cloudflare Bot Management] [e4a4146789500ddb4d0742b64715de3b]
https://app.shipt.com:8443 [403] [GET] [text/plain] [] [cloudflare] [vhost] [cloudflare] [Cloudflare,Cloudflare Bot Management] [e4a4146789500ddb4d0742b64715de3b]
https://beyond.shipt.com [200] [GET] [text/html] [Beyond 2020: Shipt Shopper Summit] [AmazonS3] [vhost] [cloudfront] [Amazon Cloudfront,Amazon S3,Amazon Web Services] [899c71232cbbc0ca9ca162e2243655b6]
https://blog.shipt.com [301] [GET] [text/html] [301 Moved Permanently] [nginx] [vhost] [google] [Nginx] [4f8e702cc244ec5d4de32740c0ecbd97]
https://credits.shipt.com [302] [GET] [text/html] [302 Found] [GitHub.com] [vhost] [Fastly,GitHub Pages,Varnish] [aff950cab4c0265e21d401db15f1026d]
https://drivers.shipt.com [200] [GET] [text/html] [Shipt Driver Support] [nginx] [vhost] [Bootstrap:3.3.5,Font Awesome,Heroku,Nginx,ZURB Foundation] [082311d4c616587cf4d76792a8783192]
https://drivers.shipt.com [200] [GET] [text/html] [Shipt Driver Support] [nginx] [vhost] [Bootstrap:3.3.5,Font Awesome,Heroku,Nginx,ZURB Foundation] [e5e0619802cd97cd3d987bc5c39ea30e]
https://dsom-imager-prod.shipt.com [404] [GET] [application/xml] [] [AmazonS3] [vhost] [cloudfront] [Amazon Cloudfront,Amazon S3,Amazon Web Services] [7c47190101ec77d7219ad3f094cca18d]
https://email.shipt.com [404] [GET] [text/html] [404 Not Found] [Apache] [vhost] [Apache] [62962daa1b19bbcc2db10b7bfd531ea6]
https://envoy.shipt.com [403] [GET] [text/plain] [] [cloudflare] [vhost] [cloudflare] [Cloudflare,Cloudflare Bot Management] [e4a4146789500ddb4d0742b64715de3b]
https://envoy.shipt.com:8443 [403] [GET] [text/plain] [] [cloudflare] [vhost] [cloudflare] [Cloudflare,Cloudflare Bot Management] [e4a4146789500ddb4d0742b64715de3b]
http://sg1.shipt.com:8080 [403] [GET] [text/plain] [] [cloudflare] [vhost] [cloudflare] [Cloudflare,Cloudflare Bot Management] [e4a4146789500ddb4d0742b64715de3b]
https://get.shipt.com [200] [GET] [text/html] [Shipt - Year in Review] [cloudflare] [vhost] [cloudflare] [Cloudflare] [7c658e20fa47db9b145da99119835cc7]
https://get.shipt.com [200] [GET] [text/html] [Shipt - Year in Review] [cloudflare] [vhost] [cloudflare] [Cloudflare] [a78266a1a238a2aa8234083b546ac28c]
https://get.shipt.com:2083 [200] [GET] [text/html] [Shipt - Year in Review] [cloudflare] [vhost] [cloudflare] [Cloudflare] [45689dafba472200b4711e890191f46a]
https://get.shipt.com:2087 [200] [GET] [text/html] [Shipt - Year in Review] [cloudflare] [vhost] [cloudflare] [Cloudflare] [d86ca12c08c407e81c9164d0485014e1]
https://get.shipt.com:2096 [200] [GET] [text/html] [Shipt - Year in Review] [cloudflare] [vhost] [cloudflare] [Cloudflare] [6ea27356861223dcf4ec691e7fe43640]
https://get.shipt.com:8443 [200] [GET] [text/html] [Shipt - Year in Review] [cloudflare] [vhost] [cloudflare] [Cloudflare] [c097084ef40ddfcd4efe1978c8b20318]
https://gtm-staging.shipt.com [400] [GET] [text/html] [] [Google Frontend] [vhost] [Google App Engine,Google Cloud,Google Cloud Trace] [d41d8cd98f00b204e9800998ecf8427e]
https://help.shipt.com [200] [GET] [text/html] [Get Help With Your Questions About Shipt] [nginx] [vhost] [Bootstrap:3.3.6,Font Awesome,Google Font API,Heroku,Nginx,ZURB Foundation] [548e6a9c099176d10e3e75f54ccc5e70]
https://help.shipt.com [200] [GET] [text/html] [Get Help With Your Questions About Shipt] [nginx] [vhost] [Bootstrap:3.3.6,Font Awesome,Google Font API,Heroku,Nginx,ZURB Foundation] [66203c901255cecb93e0aca8e8355ee7]
http://shoppingcart.shipt.com:8080 [403] [GET] [text/plain] [] [cloudflare] [vhost] [cloudflare] [Cloudflare,Cloudflare Bot Management] [e4a4146789500ddb4d0742b64715de3b]
http://shop.shipt.com:8080 [403] [GET] [text/plain] [] [cloudflare] [vhost] [cloudflare] [Cloudflare,Cloudflare Bot Management] [e4a4146789500ddb4d0742b64715de3b]
http://signup.shipt.com:8080 [403] [GET] [text/plain] [] [cloudflare] [vhost] [cloudflare] [Cloudflare,Cloudflare Bot Management] [e4a4146789500ddb4d0742b64715de3b]
https://insights.shipt.com [302] [GET] [application/binary] [] [ESF] [vhost] [d41d8cd98f00b204e9800998ecf8427e]
https://links.shipt.com [303] [GET] [application/octet-stream] [] [openresty] [vhost] [Nginx,OpenResty] [d41d8cd98f00b204e9800998ecf8427e]
https://mandrill.return-path.shipt.com [302] [GET] [text/html] [] [nginx/1.12.2] [Nginx:1.12.2,PHP] [d41d8cd98f00b204e9800998ecf8427e]
https://mandrill.return-path.shipt.com [302] [GET] [text/html] [] [nginx/1.4.6 (Ubuntu)] [Nginx:1.4.6,PHP,Ubuntu] [d41d8cd98f00b204e9800998ecf8427e]
https://marketingcdn.shipt.com [403] [GET] [application/xml] [] [AmazonS3] [vhost] [cloudfront] [Amazon Cloudfront,Amazon S3,Amazon Web Services] [35a48ebb97cc2b57d893dc2fc8c9431f]
https://marketingcdn.shipt.com [403] [GET] [application/xml] [] [AmazonS3] [vhost] [cloudfront] [Amazon Cloudfront,Amazon S3,Amazon Web Services] [53779207022262c0f51c797ed7f8d29e]
https://mi.shipt.com [200] [GET] [] [Movable Ink Domain] [] [vhost] [da4d9472bd8768d5646f9f431a4be082]
https://neptune.shipt.com [200] [GET] [text/html] [Your Local Stores Delivered - Shipt Same-Day Delivery] [Netlify] [vhost] [google] [Gatsby:3.14.6,Netlify,React,webpack] [d7570cac2b1e44f862c0397f10377c8a]
https://neptune-staging.shipt.com [404] [GET] [text/plain] [] [Netlify] [vhost] [google] [Netlify] [1cb45c81d93df09fe7e0573083880ff5]
https://neptune-staging.shipt.com [404] [GET] [text/plain] [] [Netlify] [vhost] [google] [Netlify] [f5c3378fb9cb48c25fd76cddafb3494e]
https://new-vpn.shipt.com [302] [GET] [text/html] [] [OpenVPN-AS] [20b5dcc7a42ef848f11b67929654c7b2]
https://partner.shipt.com [403] [GET] [text/plain] [] [cloudflare] [vhost] [cloudflare] [Cloudflare,Cloudflare Bot Management] [e4a4146789500ddb4d0742b64715de3b]
https://sg1.shipt.com [403] [GET] [text/plain] [] [cloudflare] [vhost] [cloudflare] [Cloudflare,Cloudflare Bot Management] [e4a4146789500ddb4d0742b64715de3b]
https://sg1.shipt.com:8443 [403] [GET] [text/plain] [] [cloudflare] [vhost] [cloudflare] [Cloudflare,Cloudflare Bot Management] [e4a4146789500ddb4d0742b64715de3b]
https://share.shipt.com [301] [GET] [text/html] [] [Cowboy] [vhost] [Cowboy,Heroku] [d41d8cd98f00b204e9800998ecf8427e]
https://shipt.com [403] [GET] [text/plain] [] [cloudflare] [vhost] [cloudflare] [Cloudflare,Cloudflare Bot Management] [e4a4146789500ddb4d0742b64715de3b]
https://shoppers.shipt.com [200] [GET] [text/html] [Shipt Shopper Support] [nginx] [vhost] [Bootstrap:3.3.5,Font Awesome,Heroku,Nginx,ZURB Foundation] [62156635c1d2e3efa231ff2b30fb6312]
https://shoppers.shipt.com [200] [GET] [text/html] [Shipt Shopper Support] [nginx] [vhost] [Bootstrap:3.3.5,Font Awesome,Heroku,Nginx,ZURB Foundation] [6543faba3954782211e899f7b394e880]
https://shoppingcart.shipt.com [403] [GET] [text/plain] [] [cloudflare] [vhost] [cloudflare] [Cloudflare,Cloudflare Bot Management] [e4a4146789500ddb4d0742b64715de3b]
https://shoppingcart.shipt.com:8443 [403] [GET] [text/plain] [] [cloudflare] [vhost] [cloudflare] [Cloudflare,Cloudflare Bot Management] [e4a4146789500ddb4d0742b64715de3b]
https://shop.shipt.com [403] [GET] [text/plain] [] [cloudflare] [vhost] [cloudflare] [Cloudflare,Cloudflare Bot Management] [e4a4146789500ddb4d0742b64715de3b]
https://shop.shipt.com:8443 [403] [GET] [text/plain] [] [cloudflare] [vhost] [cloudflare] [Cloudflare,Cloudflare Bot Management] [e4a4146789500ddb4d0742b64715de3b]
https://signup.shipt.com [403] [GET] [text/plain] [] [cloudflare] [vhost] [cloudflare] [Cloudflare,Cloudflare Bot Management] [e4a4146789500ddb4d0742b64715de3b]
https://signup.shipt.com:8443 [403] [GET] [text/plain] [] [cloudflare] [vhost] [cloudflare] [Cloudflare,Cloudflare Bot Management] [e4a4146789500ddb4d0742b64715de3b]
https://spark.shipt.com [302] [GET] [text/html] [] [SimpplrSecureServer (Simpplinux)] [vhost] [d41d8cd98f00b204e9800998ecf8427e]
https://staging-admin.shipt.com [403] [GET] [text/plain] [] [cloudflare] [vhost] [cloudflare] [Cloudflare,Cloudflare Bot Management] [e4a4146789500ddb4d0742b64715de3b]
https://staging-admin.shipt.com:8443 [403] [GET] [text/plain] [] [cloudflare] [vhost] [cloudflare] [Cloudflare,Cloudflare Bot Management] [e4a4146789500ddb4d0742b64715de3b]
https://staging-admin-test.shipt.com [403] [GET] [text/plain] [] [cloudflare] [vhost] [cloudflare] [Cloudflare,Cloudflare Bot Management] [e4a4146789500ddb4d0742b64715de3b]
https://staging-admin-test.shipt.com:8443 [403] [GET] [text/plain] [] [cloudflare] [vhost] [cloudflare] [Cloudflare,Cloudflare Bot Management] [e4a4146789500ddb4d0742b64715de3b]
https://staging-api-east.shipt.com [403] [GET] [text/plain] [] [cloudflare] [vhost] [cloudflare] [Cloudflare,Cloudflare Bot Management] [e4a4146789500ddb4d0742b64715de3b]
https://staging-api-east.shipt.com:8443 [403] [GET] [text/plain] [] [cloudflare] [vhost] [cloudflare] [Cloudflare,Cloudflare Bot Management] [e4a4146789500ddb4d0742b64715de3b]
https://staging-api.shipt.com [403] [GET] [text/plain] [] [cloudflare] [vhost] [cloudflare] [Cloudflare,Cloudflare Bot Management] [e4a4146789500ddb4d0742b64715de3b]
https://staging-api.shipt.com:8443 [403] [GET] [text/plain] [] [cloudflare] [vhost] [cloudflare] [Cloudflare,Cloudflare Bot Management] [e4a4146789500ddb4d0742b64715de3b]
https://staging-api-west.shipt.com [403] [GET] [text/plain] [] [cloudflare] [vhost] [cloudflare] [Cloudflare,Cloudflare Bot Management] [e4a4146789500ddb4d0742b64715de3b]
https://staging-api-west.shipt.com:8443 [403] [GET] [text/plain] [] [cloudflare] [vhost] [cloudflare] [Cloudflare,Cloudflare Bot Management] [e4a4146789500ddb4d0742b64715de3b]
https://staging-envoy.shipt.com [403] [GET] [text/plain] [] [cloudflare] [vhost] [cloudflare] [Cloudflare,Cloudflare Bot Management] [e4a4146789500ddb4d0742b64715de3b]
https://staging-envoy.shipt.com:8443 [403] [GET] [text/plain] [] [cloudflare] [vhost] [cloudflare] [Cloudflare,Cloudflare Bot Management] [e4a4146789500ddb4d0742b64715de3b]
https://staging-images.shipt.com [403] [GET] [text/plain] [] [cloudflare] [vhost] [cloudflare] [Cloudflare,Cloudflare Bot Management] [e4a4146789500ddb4d0742b64715de3b]
https://staging-secure.shipt.com [403] [GET] [text/plain] [] [cloudflare] [vhost] [cloudflare] [Cloudflare,Cloudflare Bot Management] [e4a4146789500ddb4d0742b64715de3b]
https://staging-secure.shipt.com:8443 [403] [GET] [text/plain] [] [cloudflare] [vhost] [cloudflare] [Cloudflare,Cloudflare Bot Management] [e4a4146789500ddb4d0742b64715de3b]
https://staging-shopper.shipt.com [403] [GET] [text/plain] [] [cloudflare] [vhost] [cloudflare] [Cloudflare,Cloudflare Bot Management] [e4a4146789500ddb4d0742b64715de3b]
https://staging-shopper.shipt.com:8443 [403] [GET] [text/plain] [] [cloudflare] [vhost] [cloudflare] [Cloudflare,Cloudflare Bot Management] [e4a4146789500ddb4d0742b64715de3b]
https://staging-shoppingcart.shipt.com [403] [GET] [text/plain] [] [cloudflare] [vhost] [cloudflare] [Cloudflare,Cloudflare Bot Management] [e4a4146789500ddb4d0742b64715de3b]
https://staging-shoppingcart.shipt.com:8443 [403] [GET] [text/plain] [] [cloudflare] [vhost] [cloudflare] [Cloudflare,Cloudflare Bot Management] [e4a4146789500ddb4d0742b64715de3b]
https://staging-shop.shipt.com [403] [GET] [text/plain] [] [cloudflare] [vhost] [cloudflare] [Cloudflare,Cloudflare Bot Management] [e4a4146789500ddb4d0742b64715de3b]
https://staging-shop.shipt.com:8443 [403] [GET] [text/plain] [] [cloudflare] [vhost] [cloudflare] [Cloudflare,Cloudflare Bot Management] [e4a4146789500ddb4d0742b64715de3b]
https://staging-signup.shipt.com [403] [GET] [text/plain] [] [cloudflare] [vhost] [cloudflare] [Cloudflare,Cloudflare Bot Management] [e4a4146789500ddb4d0742b64715de3b]
https://staging-signup.shipt.com:8443 [403] [GET] [text/plain] [] [cloudflare] [vhost] [cloudflare] [Cloudflare,Cloudflare Bot Management] [e4a4146789500ddb4d0742b64715de3b]
https://staging-stargate.shipt.com [403] [GET] [text/plain] [] [cloudflare] [vhost] [cloudflare] [Cloudflare,Cloudflare Bot Management] [e4a4146789500ddb4d0742b64715de3b]
https://staging-stargate.shipt.com:8443 [403] [GET] [text/plain] [] [cloudflare] [vhost] [cloudflare] [Cloudflare,Cloudflare Bot Management] [e4a4146789500ddb4d0742b64715de3b]
https://stargate.shipt.com [200] [GET] [text/html] [Stargate] [AmazonS3] [vhost] [cloudfront] [Amazon Cloudfront,Amazon S3,Amazon Web Services,Bootstrap:4.1.3] [f97dc34ca310e2f543d9497ca63372e9]
https://status.shipt.com [200] [GET] [text/html] [Shipt Status] [] [vhost] [Atlassian Statuspage,Fastly] [bde6cc620ddecc59987856076fe0d8f7]
http://staging-admin.shipt.com:8080 [403] [GET] [text/plain] [] [cloudflare] [vhost] [cloudflare] [Cloudflare,Cloudflare Bot Management] [e4a4146789500ddb4d0742b64715de3b]
http://staging-admin-test.shipt.com:8080 [403] [GET] [text/plain] [] [cloudflare] [vhost] [cloudflare] [Cloudflare,Cloudflare Bot Management] [e4a4146789500ddb4d0742b64715de3b]
http://staging-api-east.shipt.com:8080 [403] [GET] [text/plain] [] [cloudflare] [vhost] [cloudflare] [Cloudflare,Cloudflare Bot Management] [e4a4146789500ddb4d0742b64715de3b]
http://staging-api.shipt.com:8080 [403] [GET] [text/plain] [] [cloudflare] [vhost] [cloudflare] [Cloudflare,Cloudflare Bot Management] [e4a4146789500ddb4d0742b64715de3b]
http://staging-api-west.shipt.com:8080 [403] [GET] [text/plain] [] [cloudflare] [vhost] [cloudflare] [Cloudflare,Cloudflare Bot Management] [e4a4146789500ddb4d0742b64715de3b]
http://staging-envoy.shipt.com:8080 [403] [GET] [text/plain] [] [cloudflare] [vhost] [cloudflare] [Cloudflare,Cloudflare Bot Management] [e4a4146789500ddb4d0742b64715de3b]
http://staging-secure.shipt.com:8080 [403] [GET] [text/plain] [] [cloudflare] [vhost] [cloudflare] [Cloudflare,Cloudflare Bot Management] [e4a4146789500ddb4d0742b64715de3b]
http://staging-shopper.shipt.com:8080 [403] [GET] [text/plain] [] [cloudflare] [vhost] [cloudflare] [Cloudflare,Cloudflare Bot Management] [e4a4146789500ddb4d0742b64715de3b]
http://staging-shoppingcart.shipt.com:8080 [403] [GET] [text/plain] [] [cloudflare] [vhost] [cloudflare] [Cloudflare,Cloudflare Bot Management] [e4a4146789500ddb4d0742b64715de3b]
http://staging-shop.shipt.com:8080 [403] [GET] [text/plain] [] [cloudflare] [vhost] [cloudflare] [Cloudflare,Cloudflare Bot Management] [e4a4146789500ddb4d0742b64715de3b]
http://staging-signup.shipt.com:8080 [403] [GET] [text/plain] [] [cloudflare] [vhost] [cloudflare] [Cloudflare,Cloudflare Bot Management] [e4a4146789500ddb4d0742b64715de3b]
http://staging-stargate.shipt.com:8080 [403] [GET] [text/plain] [] [cloudflare] [vhost] [cloudflare] [Cloudflare,Cloudflare Bot Management] [e4a4146789500ddb4d0742b64715de3b]
https://techhub.shipt.com [403] [GET] [text/plain] [] [cloudflare] [vhost] [cloudflare] [Cloudflare,Cloudflare Bot Management] [e4a4146789500ddb4d0742b64715de3b]
https://techhub.shipt.com:8443 [403] [GET] [text/plain] [] [cloudflare] [vhost] [cloudflare] [Cloudflare,Cloudflare Bot Management] [e4a4146789500ddb4d0742b64715de3b]
https://vpn-east.shipt.com [302] [GET] [text/html] [] [OpenVPN-AS] [20b5dcc7a42ef848f11b67929654c7b2]
https://vpn.shipt.com [302] [GET] [text/html] [] [OpenVPN-AS] [20b5dcc7a42ef848f11b67929654c7b2]
https://vpn-west.shipt.com [302] [GET] [text/html] [] [OpenVPN-AS] [20b5dcc7a42ef848f11b67929654c7b2]
https://www.shipt.com [403] [GET] [text/plain] [] [cloudflare] [vhost] [cloudflare] [Cloudflare,Cloudflare Bot Management] [e4a4146789500ddb4d0742b64715de3b]
https://www.shipt.com:8443 [403] [GET] [text/plain] [] [cloudflare] [vhost] [cloudflare] [Cloudflare,Cloudflare Bot Management] [e4a4146789500ddb4d0742b64715de3b]
https://www-stg.shipt.com [403] [GET] [text/plain] [] [cloudflare] [vhost] [cloudflare] [Cloudflare,Cloudflare Bot Management] [e4a4146789500ddb4d0742b64715de3b]
https://www-stg.shipt.com:8443 [403] [GET] [text/plain] [] [cloudflare] [vhost] [cloudflare] [Cloudflare,Cloudflare Bot Management] [e4a4146789500ddb4d0742b64715de3b]
http://techhub.shipt.com:8080 [403] [GET] [text/plain] [] [cloudflare] [vhost] [cloudflare] [Cloudflare,Cloudflare Bot Management] [e4a4146789500ddb4d0742b64715de3b]
http://www.shipt.com:8080 [403] [GET] [text/plain] [] [cloudflare] [vhost] [cloudflare] [Cloudflare,Cloudflare Bot Management] [e4a4146789500ddb4d0742b64715de3b]
http://www-stg.shipt.com:8080 [403] [GET] [text/plain] [] [cloudflare] [vhost] [cloudflare] [Cloudflare,Cloudflare Bot Management] [e4a4146789500ddb4d0742b64715de3b]
