https://abandonment-pipeline-production.flink.shopifykloud.com [302] [GET] [text/html] [302 Found] [] [vhost] [google] [aff950cab4c0265e21d401db15f1026d]
https://abandonment-pipeline-staging.flink.shopifykloud.com [302] [GET] [text/html] [302 Found] [] [vhost] [google] [aff950cab4c0265e21d401db15f1026d]
https://ad-audience-sharing-log-production.flink.shopifykloud.com [302] [GET] [text/html] [302 Found] [] [vhost] [google] [aff950cab4c0265e21d401db15f1026d]
https://affiliate-signal-trickle-production.flink.shopifykloud.com [302] [GET] [text/html] [302 Found] [] [vhost] [google] [aff950cab4c0265e21d401db15f1026d]
https://airflow-airflow-flower-ingress-airflow-dev-us-central1-1.dev.airflow.shopifykloud.com [404] [GET] [text/html] [404 Not Found] [] [google] [370e16c3b7dba286cff055f93b9a94d8]
https://airflow-airflow-flower-ingress-airflow-dev-us-central1-1.dev.airflow.shopifykloud.com [404] [GET] [text/html] [404 Not Found] [] [google] [8eec510e57f5f732fd2cce73df7b73ef]
https://airflow-airflow-flower-ingress-airflow-global-us-central1-1.global.airflow.shopifykloud.com [404] [GET] [text/html] [404 Not Found] [] [google] [370e16c3b7dba286cff055f93b9a94d8]
https://airflow-airflow-flower-ingress-airflow-global-us-central1-1.global.airflow.shopifykloud.com [404] [GET] [text/html] [404 Not Found] [] [google] [8eec510e57f5f732fd2cce73df7b73ef]
https://airflow-airflow-flower-ingress-airflow-na-ne1-1.canada.airflow.shopifykloud.com [404] [GET] [text/html] [404 Not Found] [] [google] [370e16c3b7dba286cff055f93b9a94d8]
https://airflow-airflow-flower-ingress-airflow-na-ne1-1.canada.airflow.shopifykloud.com [404] [GET] [text/html] [404 Not Found] [] [google] [8eec510e57f5f732fd2cce73df7b73ef]
https://airflow-airflow-flower-ingress-airflow-staging-us-central1-1.staging.airflow.shopifykloud.com [404] [GET] [text/html] [404 Not Found] [] [google] [370e16c3b7dba286cff055f93b9a94d8]
https://airflow-airflow-flower-ingress-airflow-staging-us-central1-1.staging.airflow.shopifykloud.com [404] [GET] [text/html] [404 Not Found] [] [google] [8eec510e57f5f732fd2cce73df7b73ef]
https://airflow-airflow-webserver-ingress-airflow-dev-us-central1-1.dev.airflow.shopifykloud.com [404] [GET] [text/html] [404 Not Found] [] [google] [370e16c3b7dba286cff055f93b9a94d8]
https://airflow-airflow-webserver-ingress-airflow-dev-us-central1-1.dev.airflow.shopifykloud.com [404] [GET] [text/html] [404 Not Found] [] [google] [8eec510e57f5f732fd2cce73df7b73ef]
https://airflow-airflow-webserver-ingress-airflow-global-us-central1-1.global.airflow.shopifykloud.com [404] [GET] [text/html] [404 Not Found] [] [google] [370e16c3b7dba286cff055f93b9a94d8]
https://airflow-airflow-webserver-ingress-airflow-global-us-central1-1.global.airflow.shopifykloud.com [404] [GET] [text/html] [404 Not Found] [] [google] [8eec510e57f5f732fd2cce73df7b73ef]
https://airflow-airflow-webserver-ingress-airflow-na-ne1-1.canada.airflow.shopifykloud.com [404] [GET] [text/html] [404 Not Found] [] [google] [370e16c3b7dba286cff055f93b9a94d8]
https://airflow-airflow-webserver-ingress-airflow-na-ne1-1.canada.airflow.shopifykloud.com [404] [GET] [text/html] [404 Not Found] [] [google] [8eec510e57f5f732fd2cce73df7b73ef]
https://airflow-airflow-webserver-ingress-airflow-staging-us-central1-1.staging.airflow.shopifykloud.com [404] [GET] [text/html] [404 Not Found] [] [google] [370e16c3b7dba286cff055f93b9a94d8]
https://amp-developer-docs.flink.shopifykloud.com [302] [GET] [text/html] [302 Found] [] [vhost] [google] [aff950cab4c0265e21d401db15f1026d]
https://amp-grid-next.flink.shopifykloud.com [302] [GET] [text/html] [302 Found] [] [vhost] [google] [aff950cab4c0265e21d401db15f1026d]
https://amp-help-center.flink.shopifykloud.com [302] [GET] [text/html] [302 Found] [] [vhost] [google] [aff950cab4c0265e21d401db15f1026d]
https://amp-inbox.flink.shopifykloud.com [302] [GET] [text/html] [302 Found] [] [vhost] [google] [aff950cab4c0265e21d401db15f1026d]
https://amp-metafields.flink.shopifykloud.com [302] [GET] [text/html] [302 Found] [] [vhost] [google] [aff950cab4c0265e21d401db15f1026d]
https://amp-pos-customer-view.flink.shopifykloud.com [302] [GET] [text/html] [302 Found] [] [vhost] [google] [aff950cab4c0265e21d401db15f1026d]
https://amp-pos-next.flink.shopifykloud.com [302] [GET] [text/html] [302 Found] [] [vhost] [google] [aff950cab4c0265e21d401db15f1026d]
https://amp-pos-now.flink.shopifykloud.com [302] [GET] [text/html] [302 Found] [] [vhost] [google] [aff950cab4c0265e21d401db15f1026d]
https://amp-privacy-banner.flink.shopifykloud.com [302] [GET] [text/html] [302 Found] [] [vhost] [google] [aff950cab4c0265e21d401db15f1026d]
https://amp-retail-hardware.flink.shopifykloud.com [503] [GET] [text/html] [503 Service Temporarily Unavailable] [] [vhost] [google] [3267dd8f0e96711dd54dbb1f5676b447]
https://amp-shop-app-starscream.flink.shopifykloud.com [302] [GET] [text/html] [302 Found] [] [vhost] [google] [aff950cab4c0265e21d401db15f1026d]
https://amp-shop.flink.shopifykloud.com [302] [GET] [text/html] [302 Found] [] [vhost] [google] [aff950cab4c0265e21d401db15f1026d]
https://amp-support.flink.shopifykloud.com [302] [GET] [text/html] [302 Found] [] [vhost] [google] [aff950cab4c0265e21d401db15f1026d]
https://amp-theme-store.flink.shopifykloud.com [302] [GET] [text/html] [302 Found] [] [vhost] [google] [aff950cab4c0265e21d401db15f1026d]
https://api.general.global.druid.shopifykloud.com [400] [GET] [text/html] [400 No required SSL certificate was sent] [] [vhost] [google] [08fee48a957bb5fb09679a318ee48bbc]
https://api.general.global.druid.shopifykloud.com [400] [GET] [text/html] [400 No required SSL certificate was sent] [] [vhost] [google] [6be05d19e4ca80eb3ef0a7f16f937f13]
https://api.staging.global.druid.shopifykloud.com [400] [GET] [text/html] [400 No required SSL certificate was sent] [] [vhost] [google] [08fee48a957bb5fb09679a318ee48bbc]
https://api.staging.global.druid.shopifykloud.com [400] [GET] [text/html] [400 No required SSL certificate was sent] [] [vhost] [google] [6be05d19e4ca80eb3ef0a7f16f937f13]
https://bfcm-globe-cricket-relay-central.flink.shopifykloud.com [302] [GET] [text/html] [302 Found] [] [vhost] [google] [aff950cab4c0265e21d401db15f1026d]
https://bfcm-globe-cricket-relay-east.flink.shopifykloud.com [302] [GET] [text/html] [302 Found] [] [vhost] [google] [aff950cab4c0265e21d401db15f1026d]
https://bfcm-globe-monorail-central.flink.shopifykloud.com [302] [GET] [text/html] [302 Found] [] [vhost] [google] [aff950cab4c0265e21d401db15f1026d]
https://bfcm-globe-monorail-east.flink.shopifykloud.com [302] [GET] [text/html] [302 Found] [] [vhost] [google] [aff950cab4c0265e21d401db15f1026d]
https://bfcm-products-central-production.flink.shopifykloud.com [302] [GET] [text/html] [302 Found] [] [vhost] [google] [aff950cab4c0265e21d401db15f1026d]
https://bfcm-products-east-production.flink.shopifykloud.com [302] [GET] [text/html] [302 Found] [] [vhost] [google] [aff950cab4c0265e21d401db15f1026d]
https://canada.vpnify.shopifykloud.com [302] [GET] [text/html] [302 Found] [nginx] [google] [Nginx] [aff950cab4c0265e21d401db15f1026d]
https://capital-algo-streaming-production.flink.shopifykloud.com [503] [GET] [text/html] [503 Service Temporarily Unavailable] [] [vhost] [google] [3267dd8f0e96711dd54dbb1f5676b447]
https://capital-algo-streaming-production.flink.shopifykloud.com [503] [GET] [text/html] [503 Service Temporarily Unavailable] [] [vhost] [google] [80d85d8dee5d6b66ea68013f7ca3284a]
https://cdp-orderaggs-experiment-1.flink.shopifykloud.com [302] [GET] [text/html] [302 Found] [] [vhost] [google] [aff950cab4c0265e21d401db15f1026d]
https://cdp-orderaggs-experiment-3.flink.shopifykloud.com [302] [GET] [text/html] [302 Found] [] [vhost] [google] [aff950cab4c0265e21d401db15f1026d]
https://cdp-orderaggs-experiment-4.flink.shopifykloud.com [302] [GET] [text/html] [302 Found] [] [vhost] [google] [aff950cab4c0265e21d401db15f1026d]
https://conductor-server.shopify-data-presto-global.shopifykloud.com [302] [GET] [text/html] [] [] [vhost] [google] [1288db9f01a98b376e3e4668cc135ad1]
https://conductor-server.shopify-data-presto-global.shopifykloud.com [302] [GET] [text/html] [] [] [vhost] [google] [37f2086a902eab1a3253a0265c32869f]
https://conductor.shopify-data-presto-global.shopifykloud.com [302] [GET] [text/html] [302 Found] [] [vhost] [google] [aff950cab4c0265e21d401db15f1026d]
https://conductor-staging.shopify-data-presto-global.shopifykloud.com [302] [GET] [text/html] [302 Found] [] [vhost] [google] [aff950cab4c0265e21d401db15f1026d]
https://conductor-staging-s.shopify-data-presto-global.shopifykloud.com [302] [GET] [text/html] [] [] [vhost] [google] [312e886d85f6cf2ff3a6431845cc3873]
https://conductor-staging-s.shopify-data-presto-global.shopifykloud.com [302] [GET] [text/html] [] [] [vhost] [google] [51c4517c13c2698abce84bc6f7b07d2c]
https://core-engage-forms-central-stg.flink.shopifykloud.com [302] [GET] [text/html] [302 Found] [] [vhost] [google] [aff950cab4c0265e21d401db15f1026d]
https://customer-email-events-staging.flink.shopifykloud.com [302] [GET] [text/html] [302 Found] [] [vhost] [google] [aff950cab4c0265e21d401db15f1026d]
https://druid-general-druid-router-api-ingress-druid-global-us-east1-2.global.druid.shopifykloud.com [404] [GET] [text/html] [404 Not Found] [] [google] [370e16c3b7dba286cff055f93b9a94d8]
https://druid-general-druid-router-ingress-druid-global-us-central1-2.global.druid.shopifykloud.com [404] [GET] [text/html] [404 Not Found] [] [google] [8eec510e57f5f732fd2cce73df7b73ef]
https://druid-general-druid-router-ingress-druid-global-us-east1-2.global.druid.shopifykloud.com [404] [GET] [text/html] [404 Not Found] [] [google] [370e16c3b7dba286cff055f93b9a94d8]
https://druid-general-druid-router-ingress-druid-global-us-east1-2.global.druid.shopifykloud.com [404] [GET] [text/html] [404 Not Found] [] [google] [8eec510e57f5f732fd2cce73df7b73ef]
https://druid-general-druid-router--oxtu23mu-druid-global-us-central1-2.global.druid.shopifykloud.com [404] [GET] [text/html] [404 Not Found] [] [google] [370e16c3b7dba286cff055f93b9a94d8]
https://druid-general-druid-router--oxtu23mu-druid-global-us-central1-2.global.druid.shopifykloud.com [404] [GET] [text/html] [404 Not Found] [] [google] [8eec510e57f5f732fd2cce73df7b73ef]
https://flower.canada.airflow.shopifykloud.com [302] [GET] [text/html] [302 Found] [] [vhost] [google] [aff950cab4c0265e21d401db15f1026d]
https://flower.dev.airflow.shopifykloud.com [302] [GET] [text/html] [302 Found] [] [vhost] [google] [aff950cab4c0265e21d401db15f1026d]
https://flower.global.airflow.shopifykloud.com [302] [GET] [text/html] [302 Found] [] [vhost] [google] [aff950cab4c0265e21d401db15f1026d]
https://flower.staging.airflow.shopifykloud.com [302] [GET] [text/html] [302 Found] [] [vhost] [google] [aff950cab4c0265e21d401db15f1026d]
https://history-ext.yarn-adhoc.starscream-adhoc.yarn.shopifykloud.com [302] [GET] [text/html] [] [] [vhost] [google] [2ce8d69d6642d6dcdb0aa318f0c6b330]
https://history-ext.yarn-adhoc.starscream-adhoc.yarn.shopifykloud.com [302] [GET] [text/html] [] [] [vhost] [google] [ed088cae3efe38edfad6a39d4ac0923b]
https://history-ext.yarn-production.starscream.yarn.shopifykloud.com [302] [GET] [text/html] [] [] [vhost] [google] [760bc1c67e785294a3900393a3ed4355]
https://history-ext.yarn-production.starscream.yarn.shopifykloud.com [302] [GET] [text/html] [] [] [vhost] [google] [763977daf52c42e5c8a2c9b98e3b5ae5]
https://honeybee-honeybee-ingress-data-presto-us-central1-3.shopify-data-presto-global.shopifykloud.com [404] [GET] [text/html] [404 Not Found] [] [google] [370e16c3b7dba286cff055f93b9a94d8]
https://honeybee-honeybee-ingress-data-presto-us-central1-3.shopify-data-presto-global.shopifykloud.com [404] [GET] [text/html] [404 Not Found] [] [google] [8eec510e57f5f732fd2cce73df7b73ef]
https://honeybee.shopify-data-presto-global.shopifykloud.com [401] [GET] [text/html] [401 Authorization Required] [] [vhost] [google] [Basic] [28c5f434e4ab2e2a682400cb005fb08b]
https://honeybee.shopify-data-presto-global.shopifykloud.com [401] [GET] [text/html] [401 Authorization Required] [] [vhost] [google] [Basic] [55f69d37caed0efafa4d15970ed5f18e]
https://honeybee-staging.shopify-data-presto-global.shopifykloud.com [401] [GET] [text/html] [401 Authorization Required] [] [vhost] [google] [Basic] [28c5f434e4ab2e2a682400cb005fb08b]
https://hue-dataproc.starscream.starscream-adhoc.yarn.shopifykloud.com [302] [GET] [text/html] [302 Found] [nginx] [vhost] [google] [Nginx] [aff950cab4c0265e21d401db15f1026d]
https://hue-dataproc.starscream.starscream-adhoc.yarn.shopifykloud.com:8000 [302] [GET] [text/html] [302 Found] [nginx] [vhost] [google] [Nginx] [aff950cab4c0265e21d401db15f1026d]
https://hue-dataproc.starscream.starscream.yarn.shopifykloud.com [302] [GET] [text/html] [302 Found] [nginx] [google] [Nginx] [aff950cab4c0265e21d401db15f1026d]
https://hue-dataproc.starscream.starscream.yarn.shopifykloud.com:8000 [302] [GET] [text/html] [302 Found] [nginx] [google] [Nginx] [aff950cab4c0265e21d401db15f1026d]
https://hue.starscream.starscream-adhoc-canada.yarn.shopifykloud.com [302] [GET] [text/html] [302 Found] [nginx] [vhost] [google] [Nginx] [aff950cab4c0265e21d401db15f1026d]
https://hue.starscream.starscream-adhoc-canada.yarn.shopifykloud.com:8000 [302] [GET] [text/html] [302 Found] [nginx] [vhost] [google] [Nginx] [aff950cab4c0265e21d401db15f1026d]
https://hue.starscream.starscream-canada.yarn.shopifykloud.com [302] [GET] [text/html] [302 Found] [nginx] [google] [Nginx] [aff950cab4c0265e21d401db15f1026d]
https://hue.starscream.starscream-canada.yarn.shopifykloud.com:8000 [302] [GET] [text/html] [302 Found] [nginx] [google] [Nginx] [aff950cab4c0265e21d401db15f1026d]
https://hue.yarn-adhoc.starscream-adhoc.yarn.shopifykloud.com [302] [GET] [text/html] [302 Found] [nginx] [google] [Nginx] [aff950cab4c0265e21d401db15f1026d]
https://hue.yarn-adhoc.starscream-adhoc.yarn.shopifykloud.com:8000 [302] [GET] [text/html] [302 Found] [nginx] [vhost] [google] [Nginx] [aff950cab4c0265e21d401db15f1026d]
https://hue.yarn-production.starscream.yarn.shopifykloud.com [302] [GET] [text/html] [302 Found] [nginx] [vhost] [google] [Nginx] [aff950cab4c0265e21d401db15f1026d]
https://hue.yarn-production.starscream.yarn.shopifykloud.com:8000 [302] [GET] [text/html] [302 Found] [nginx] [google] [Nginx] [aff950cab4c0265e21d401db15f1026d]
https://identity-graph-staging.flink.shopifykloud.com [302] [GET] [text/html] [302 Found] [] [vhost] [google] [aff950cab4c0265e21d401db15f1026d]
https://inbox-analytics-backfill-staging.flink.shopifykloud.com [302] [GET] [text/html] [302 Found] [] [vhost] [google] [aff950cab4c0265e21d401db15f1026d]
https://inbox-analytics-conv-resp-times.flink.shopifykloud.com [302] [GET] [text/html] [302 Found] [] [vhost] [google] [aff950cab4c0265e21d401db15f1026d]
https://inbox-analytics-msg-facts.flink.shopifykloud.com [302] [GET] [text/html] [302 Found] [] [vhost] [google] [aff950cab4c0265e21d401db15f1026d]
https://inbox-analytics-staging.flink.shopifykloud.com [302] [GET] [text/html] [302 Found] [] [vhost] [google] [aff950cab4c0265e21d401db15f1026d]
https://jupyterhub-jupyterhub-data-notebooks-canada-na-ne-1.notebooks-canada.shopifykloud.com [404] [GET] [text/html] [404 Not Found] [] [google] [370e16c3b7dba286cff055f93b9a94d8]
https://jupyterhub-jupyterhub-data-notebooks-canada-na-ne-1.notebooks-canada.shopifykloud.com [404] [GET] [text/html] [404 Not Found] [] [google] [8eec510e57f5f732fd2cce73df7b73ef]
https://jupyterhub-jupyterhub-data-notebooks-production.notebooks.shopifykloud.com [404] [GET] [text/html] [404 Not Found] [] [google] [8eec510e57f5f732fd2cce73df7b73ef]
https://jupyterhub-jupyterhub-data-notebooks-staging.notebooks.shopifykloud.com [404] [GET] [text/html] [404 Not Found] [] [google] [370e16c3b7dba286cff055f93b9a94d8]
https://jupyterhub-jupyterhub-data-notebooks-staging.notebooks.shopifykloud.com [404] [GET] [text/html] [404 Not Found] [] [google] [8eec510e57f5f732fd2cce73df7b73ef]
https://marketing-event-sales-production.flink.shopifykloud.com [302] [GET] [text/html] [302 Found] [] [vhost] [google] [aff950cab4c0265e21d401db15f1026d]
https://marketing-event-sales-staging.flink.shopifykloud.com [302] [GET] [text/html] [302 Found] [] [vhost] [google] [aff950cab4c0265e21d401db15f1026d]
https://metadata-a.shopify-data-presto-global.shopifykloud.com [303] [GET] [] [] [] [vhost] [google] [d41d8cd98f00b204e9800998ecf8427e]
https://metadata-b.shopify-data-presto-global.shopifykloud.com [303] [GET] [] [] [] [vhost] [google] [d41d8cd98f00b204e9800998ecf8427e]
https://monorail-a.shopify-data-presto-global.shopifykloud.com [303] [GET] [] [] [] [vhost] [google] [d41d8cd98f00b204e9800998ecf8427e]
https://monorail-b.shopify-data-presto-global.shopifykloud.com [303] [GET] [] [] [] [vhost] [google] [d41d8cd98f00b204e9800998ecf8427e]
https://mt-failed-charges-production.flink.shopifykloud.com [302] [GET] [text/html] [302 Found] [] [vhost] [google] [aff950cab4c0265e21d401db15f1026d]
https://mt-minfraud-production.flink.shopifykloud.com [302] [GET] [text/html] [302 Found] [] [vhost] [google] [aff950cab4c0265e21d401db15f1026d]
https://mt-shop-domain-production.flink.shopifykloud.com [302] [GET] [text/html] [302 Found] [] [vhost] [google] [aff950cab4c0265e21d401db15f1026d]
https://oozie-dataproc.starscream-adhoc.yarn.shopifykloud.com [302] [GET] [text/html] [] [] [google] [c3f0286c6c9b3c3cc3ea698e1c2662be]
https://oozie-dataproc.starscream-adhoc.yarn.shopifykloud.com [302] [GET] [text/html] [] [] [google] [c4f108bd424730bcb8b5268b6928292e]
https://oozie-dataproc.starscream.yarn.shopifykloud.com [302] [GET] [text/html] [] [] [vhost] [google] [71e945b87e8e8105ff4b300acdc54e56]
https://oozie-dataproc.starscream.yarn.shopifykloud.com [302] [GET] [text/html] [] [] [vhost] [google] [c95dae7fc9f7cb0344a2f2d4fcd2b3a6]
https://oozie.starscream-canada.yarn.shopifykloud.com [302] [GET] [text/html] [] [] [vhost] [google] [66da8188b00eac45c216e919336f8a46]
https://oozie.starscream-canada.yarn.shopifykloud.com [302] [GET] [text/html] [] [] [vhost] [google] [fdc9243fd7b8d986f60268ca7beb1cc3]
https://oozie.yarn-adhoc.starscream-adhoc.yarn.shopifykloud.com [302] [GET] [text/html] [] [] [google] [bb34d044fbf730babdbe06015d3d8822]
https://oozie.yarn-adhoc.starscream-adhoc.yarn.shopifykloud.com [302] [GET] [text/html] [] [] [vhost] [google] [95b9cff5e225f6e04c6148c96660f5dc]
https://oozie.yarn-production.starscream.yarn.shopifykloud.com [302] [GET] [text/html] [] [] [vhost] [google] [0e4d0982c6fa218d44964ce8265edf48]
https://oozie.yarn-production.starscream.yarn.shopifykloud.com [302] [GET] [text/html] [] [] [vhost] [google] [ed648af5e711ee37c5a99353f9c7b7c8]
https://presto-adhoc-a.shopify-data-presto-global.shopifykloud.com [303] [GET] [] [] [] [vhost] [google] [d41d8cd98f00b204e9800998ecf8427e]
https://presto-adhoc-b.shopify-data-presto-global.shopifykloud.com [303] [GET] [] [] [] [vhost] [google] [d41d8cd98f00b204e9800998ecf8427e]
https://presto-adhoc.shopifykloud.com [302] [GET] [text/html] [] [] [vhost] [google] [09afa7257e8fbf8b2260b8f5fea688e5]
https://presto-adhoc.shopifykloud.com [302] [GET] [text/html] [] [] [vhost] [google] [9d8694fd844dbe0f3cd0becbf2fb9ca9]
https://presto-conductor-production--rdceauky-data-presto-us-central1-3.shopify-data-presto-global.shopifykloud.com [404] [GET] [text/html] [404 Not Found] [] [google] [8eec510e57f5f732fd2cce73df7b73ef]
https://presto-conductor-production--vjjkban7-data-presto-us-central1-3.shopify-data-presto-global.shopifykloud.com [404] [GET] [text/html] [404 Not Found] [] [google] [370e16c3b7dba286cff055f93b9a94d8]
https://presto-conductor-production--vjjkban7-data-presto-us-central1-3.shopify-data-presto-global.shopifykloud.com [404] [GET] [text/html] [404 Not Found] [] [google] [8eec510e57f5f732fd2cce73df7b73ef]
https://presto-exper-a.shopify-data-presto-global.shopifykloud.com [303] [GET] [] [] [] [vhost] [google] [d41d8cd98f00b204e9800998ecf8427e]
https://presto-exper-b.shopify-data-presto-global.shopifykloud.com [303] [GET] [] [] [] [vhost] [google] [d41d8cd98f00b204e9800998ecf8427e]
https://presto-exp-load-a.shopify-data-presto-global.shopifykloud.com [303] [GET] [] [] [] [vhost] [google] [d41d8cd98f00b204e9800998ecf8427e]
https://presto-exp-load-b.shopify-data-presto-global.shopifykloud.com [303] [GET] [] [] [] [vhost] [google] [d41d8cd98f00b204e9800998ecf8427e]
https://presto-for-datachi.presto.shopifykloud.com [302] [GET] [text/html] [] [] [vhost] [google] [5013e1f8f341b2042666630655a50643]
https://presto-for-datachi.presto.shopifykloud.com [302] [GET] [text/html] [] [] [vhost] [google] [dba6cb96cc9436b925e95f34e72ac591]
https://presto-gateway.shopify-data-presto-global.shopifykloud.com [302] [GET] [text/html] [] [] [vhost] [google] [0045540b6c98d38036ae82463f8c81fa]
https://presto-gateway.shopify-data-presto-global.shopifykloud.com [302] [GET] [text/html] [] [] [vhost] [google] [940727e956c272443c7931dbcf9821db]
https://presto-hpa-a.shopify-data-presto-global.shopifykloud.com [303] [GET] [] [] [] [vhost] [google] [d41d8cd98f00b204e9800998ecf8427e]
https://presto-hpa-b.shopify-data-presto-global.shopifykloud.com [303] [GET] [] [] [] [vhost] [google] [d41d8cd98f00b204e9800998ecf8427e]
https://presto-logging.shopify-data-presto-global.shopifykloud.com [404] [GET] [text/html] [404 Not Found] [] [google] [370e16c3b7dba286cff055f93b9a94d8]
https://presto-logging.shopify-data-presto-global.shopifykloud.com [404] [GET] [text/html] [404 Not Found] [] [google] [8eec510e57f5f732fd2cce73df7b73ef]
https://presto-production-adhoc-a.shopify-data-presto-global.shopifykloud.com [303] [GET] [] [] [] [vhost] [google] [d41d8cd98f00b204e9800998ecf8427e]
https://presto-production-adhoc-b.shopify-data-presto-global.shopifykloud.com [303] [GET] [] [] [] [vhost] [google] [d41d8cd98f00b204e9800998ecf8427e]
https://presto-production-exper-a.shopify-data-presto-global.shopifykloud.com [303] [GET] [] [] [] [vhost] [google] [d41d8cd98f00b204e9800998ecf8427e]
https://presto-production-exper-b.shopify-data-presto-global.shopifykloud.com [303] [GET] [] [] [] [vhost] [google] [d41d8cd98f00b204e9800998ecf8427e]
https://presto-production-monorail-a.shopify-data-presto-global.shopifykloud.com [303] [GET] [] [] [] [vhost] [google] [d41d8cd98f00b204e9800998ecf8427e]
https://presto-production-monorail-b.shopify-data-presto-global.shopifykloud.com [303] [GET] [] [] [] [vhost] [google] [d41d8cd98f00b204e9800998ecf8427e]
https://presto-production-scheduled-a.shopify-data-presto-global.shopifykloud.com [303] [GET] [] [] [] [vhost] [google] [d41d8cd98f00b204e9800998ecf8427e]
https://presto-production-scheduled-b.shopify-data-presto-global.shopifykloud.com [303] [GET] [] [] [] [vhost] [google] [d41d8cd98f00b204e9800998ecf8427e]
https://presto-production-seamster-b.shopify-data-presto-global.shopifykloud.com [303] [GET] [] [] [] [vhost] [google] [d41d8cd98f00b204e9800998ecf8427e]
https://presto-production-starscream-a.shopify-data-presto-global.shopifykloud.com [303] [GET] [] [] [] [vhost] [google] [d41d8cd98f00b204e9800998ecf8427e]
https://presto-production-starscream-b.shopify-data-presto-global.shopifykloud.com [303] [GET] [] [] [] [vhost] [google] [d41d8cd98f00b204e9800998ecf8427e]
https://presto-production-support-a.shopify-data-presto-global.shopifykloud.com [303] [GET] [] [] [] [vhost] [google] [d41d8cd98f00b204e9800998ecf8427e]
https://presto-production-support-b.shopify-data-presto-global.shopifykloud.com [303] [GET] [] [] [] [vhost] [google] [d41d8cd98f00b204e9800998ecf8427e]
https://presto-scheduled-a.shopify-data-presto-global.shopifykloud.com [303] [GET] [] [] [] [vhost] [google] [d41d8cd98f00b204e9800998ecf8427e]
https://presto-scheduled-b.shopify-data-presto-global.shopifykloud.com [303] [GET] [] [] [] [vhost] [google] [d41d8cd98f00b204e9800998ecf8427e]
https://presto-staging-exp-load-a.shopify-data-presto-global.shopifykloud.com [303] [GET] [] [] [] [vhost] [google] [d41d8cd98f00b204e9800998ecf8427e]
https://presto-staging-exp-load-b.shopify-data-presto-global.shopifykloud.com [303] [GET] [] [] [] [vhost] [google] [d41d8cd98f00b204e9800998ecf8427e]
https://presto-staging-hpa-a.shopify-data-presto-global.shopifykloud.com [303] [GET] [] [] [] [vhost] [google] [d41d8cd98f00b204e9800998ecf8427e]
https://presto-staging-hpa-b.shopify-data-presto-global.shopifykloud.com [303] [GET] [] [] [] [vhost] [google] [d41d8cd98f00b204e9800998ecf8427e]
https://presto-staging-logging-plugin-presto-data-presto-us-central1-3.shopify-data-presto-global.shopifykloud.com [404] [GET] [text/html] [404 Not Found] [] [google] [370e16c3b7dba286cff055f93b9a94d8]
https://presto-staging-logging-plugin-presto-data-presto-us-central1-3.shopify-data-presto-global.shopifykloud.com [404] [GET] [text/html] [404 Not Found] [] [google] [8eec510e57f5f732fd2cce73df7b73ef]
https://presto-starscream-a.shopify-data-presto-global.shopifykloud.com [303] [GET] [] [] [] [vhost] [google] [d41d8cd98f00b204e9800998ecf8427e]
https://presto-starscream-b.shopify-data-presto-global.shopifykloud.com [303] [GET] [] [] [] [vhost] [google] [d41d8cd98f00b204e9800998ecf8427e]
https://presto-support-a.shopify-data-presto-global.shopifykloud.com [303] [GET] [] [] [] [vhost] [google] [d41d8cd98f00b204e9800998ecf8427e]
https://presto-support-b.shopify-data-presto-global.shopifykloud.com [303] [GET] [] [] [] [vhost] [google] [d41d8cd98f00b204e9800998ecf8427e]
https://production.notebooks-canada.shopifykloud.com [302] [GET] [text/html] [302 Found] [] [vhost] [google] [aff950cab4c0265e21d401db15f1026d]
https://production.notebooks.shopifykloud.com [302] [GET] [text/html] [302 Found] [] [vhost] [google] [aff950cab4c0265e21d401db15f1026d]
https://seamster-b.shopify-data-presto-global.shopifykloud.com [303] [GET] [] [] [] [vhost] [google] [d41d8cd98f00b204e9800998ecf8427e]
https://shop-onboarding-milestone-prod.flink.shopifykloud.com [302] [GET] [text/html] [302 Found] [] [vhost] [google] [aff950cab4c0265e21d401db15f1026d]
https://shop-onboarding-milestone-stg.flink.shopifykloud.com [302] [GET] [text/html] [302 Found] [] [vhost] [google] [aff950cab4c0265e21d401db15f1026d]
https://shop-prdt-impressions-user-hour-prd.flink.shopifykloud.com [302] [GET] [text/html] [302 Found] [] [vhost] [google] [aff950cab4c0265e21d401db15f1026d]
https://shs-adhoc.starscream-adhoc.yarn.shopifykloud.com [302] [GET] [text/html] [] [] [google] [6d9cd044aa16924bb6ad9952aa0e0011]
https://shs-adhoc.starscream-adhoc.yarn.shopifykloud.com [302] [GET] [text/html] [] [] [google] [9fc3e8c7e2a3908baac4aca7f2e5b539]
https://shs-production-dataproc.starscream.yarn.shopifykloud.com [302] [GET] [text/html] [] [] [google] [d15d25d66cb8ada2047accc66961c842]
https://shs-production-dataproc.starscream.yarn.shopifykloud.com [302] [GET] [text/html] [] [] [google] [fc853eeb3b20dc282c3aaa305ea410b6]
https://shs-production.starscream.yarn.shopifykloud.com [302] [GET] [text/html] [] [] [google] [1c04a7f3aa9540819f0a16c1e8c1d7e8]
https://shs-production.starscream.yarn.shopifykloud.com [302] [GET] [text/html] [] [] [vhost] [google] [bbbce28ab0fc80584f5a8777d1336231]
https://speedboat-yarn-oauth-proxy.data-acq.shopifykloud.com [302] [GET] [text/html] [] [] [google] [7a54902257b74c335121d13eae30aba5]
https://speedboat-yarn-oauth-proxy.data-acq.shopifykloud.com [302] [GET] [text/html] [] [] [google] [d844fb6448c9179239b74ba5b67cf60a]
https://staging.notebooks.shopifykloud.com [302] [GET] [text/html] [302 Found] [] [vhost] [google] [aff950cab4c0265e21d401db15f1026d]
https://starscream-qa.shopify-data-presto-global.shopifykloud.com [303] [GET] [] [] [] [vhost] [google] [d41d8cd98f00b204e9800998ecf8427e]
https://storefront-theme-state-prod.flink.shopifykloud.com [302] [GET] [text/html] [302 Found] [] [vhost] [google] [aff950cab4c0265e21d401db15f1026d]
https://streaming-customer-sessions-staging.flink.shopifykloud.com [302] [GET] [text/html] [302 Found] [] [vhost] [google] [aff950cab4c0265e21d401db15f1026d]
https://superset.staging.tools.k8s-exp.shopifykloud.com [503] [GET] [text/html] [503 Service Temporarily Unavailable] [] [vhost] [google] [3267dd8f0e96711dd54dbb1f5676b447]
https://superset.staging.tools.k8s-exp.shopifykloud.com [503] [GET] [text/html] [503 Service Temporarily Unavailable] [] [vhost] [google] [80d85d8dee5d6b66ea68013f7ca3284a]
https://trickle-v2-examples-invent-staging.flink.shopifykloud.com [302] [GET] [text/html] [302 Found] [] [vhost] [google] [aff950cab4c0265e21d401db15f1026d]
https://trickle-v2-examples-vend-production.flink.shopifykloud.com [302] [GET] [text/html] [302 Found] [] [vhost] [google] [aff950cab4c0265e21d401db15f1026d]
https://turnilo.general.global.druid.shopifykloud.com [302] [GET] [text/html] [302 Found] [] [vhost] [google] [aff950cab4c0265e21d401db15f1026d]
https://turnilo.staging.global.druid.shopifykloud.com [302] [GET] [text/html] [302 Found] [] [vhost] [google] [aff950cab4c0265e21d401db15f1026d]
https://usage-service-reporting-production.flink.shopifykloud.com [302] [GET] [text/html] [302 Found] [] [vhost] [google] [aff950cab4c0265e21d401db15f1026d]
https://vpnify.data-acq-canada.shopifykloud.com [302] [GET] [text/html] [302 Found] [nginx] [vhost] [google] [Nginx] [aff950cab4c0265e21d401db15f1026d]
https://vpnify.playground.yarn.shopifykloud.com [302] [GET] [text/html] [302 Found] [nginx] [google] [Nginx] [aff950cab4c0265e21d401db15f1026d]
https://vpnify.shopify-data-cloud-infra.shopifykloud.com [302] [GET] [text/html] [302 Found] [nginx] [google] [Nginx] [aff950cab4c0265e21d401db15f1026d]
https://vpnify.shopify-data-yap-experiment.shopifykloud.com [302] [GET] [text/html] [302 Found] [nginx] [vhost] [google] [Nginx] [aff950cab4c0265e21d401db15f1026d]
https://vpnify.starscream-adhoc-canada.yarn.shopifykloud.com [302] [GET] [text/html] [302 Found] [nginx] [google] [Nginx] [aff950cab4c0265e21d401db15f1026d]
https://vpnify.starscream-adhoc.yarn.shopifykloud.com [302] [GET] [text/html] [302 Found] [nginx] [google] [Nginx] [aff950cab4c0265e21d401db15f1026d]
https://vpnify.starscream-canada.yarn.shopifykloud.com [302] [GET] [text/html] [302 Found] [nginx] [vhost] [google] [Nginx] [aff950cab4c0265e21d401db15f1026d]
https://vpnify.starscream-qa.yarn.shopifykloud.com [302] [GET] [text/html] [302 Found] [nginx] [google] [Nginx] [aff950cab4c0265e21d401db15f1026d]
https://vpnify.starscream.yarn.shopifykloud.com [302] [GET] [text/html] [302 Found] [nginx] [google] [Nginx] [aff950cab4c0265e21d401db15f1026d]
https://vpnify.streamify-216112.shopifykloud.com [302] [GET] [text/html] [302 Found] [nginx] [google] [Nginx] [cfbeaf604823f038b8b46f0ac862b98c]
https://web.canada.airflow.shopifykloud.com [302] [GET] [text/html] [302 Found] [] [vhost] [google] [Basic] [aff950cab4c0265e21d401db15f1026d]
https://web.dev.airflow.shopifykloud.com [302] [GET] [text/html] [302 Found] [] [vhost] [google] [Basic] [aff950cab4c0265e21d401db15f1026d]
https://web.general.global.druid.shopifykloud.com [302] [GET] [text/html] [302 Found] [] [vhost] [google] [aff950cab4c0265e21d401db15f1026d]
https://web.global.airflow.shopifykloud.com [302] [GET] [text/html] [302 Found] [] [vhost] [google] [Basic] [aff950cab4c0265e21d401db15f1026d]
https://web.staging.airflow.shopifykloud.com [302] [GET] [text/html] [302 Found] [] [vhost] [google] [Basic] [aff950cab4c0265e21d401db15f1026d]
https://web.staging.global.druid.shopifykloud.com [302] [GET] [text/html] [302 Found] [] [vhost] [google] [aff950cab4c0265e21d401db15f1026d]
https://yarn-oauth.starscream-adhoc.yarn.shopifykloud.com [302] [GET] [text/html] [] [] [vhost] [google] [2d7967811cba9a25f7679a669ba2bebc]
https://yarn-oauth.starscream-adhoc.yarn.shopifykloud.com [302] [GET] [text/html] [] [] [vhost] [google] [f6592764afa2e6a01ed3e6231910cf7c]
https://yarn-oauth.starscream.yarn.shopifykloud.com [302] [GET] [text/html] [] [] [vhost] [google] [059d77c66a866a916c212143a4fed52b]
https://yarn-oauth.starscream.yarn.shopifykloud.com [302] [GET] [text/html] [] [] [vhost] [google] [1a5dd879e4a8cb8e7562cacffb21ca55]
