http://help.sketchfab.com:2083 [400] [GET] [text/html] [400 The plain HTTP request was sent to HTTPS port] [cloudflare] [cloudflare] [Cloudflare] [20ad84d030031252141ca0b3fc0183f0]
http://help.sketchfab.com:2087 [400] [GET] [text/html] [400 The plain HTTP request was sent to HTTPS port] [cloudflare] [cloudflare] [Cloudflare] [cd58783500d7fa3c58f88eb0ba22f4f8]
http://help.sketchfab.com:2096 [400] [GET] [text/html] [400 The plain HTTP request was sent to HTTPS port] [cloudflare] [cloudflare] [Cloudflare] [cd58783500d7fa3c58f88eb0ba22f4f8]
http://help.sketchfab.com:8443 [400] [GET] [text/html] [400 The plain HTTP request was sent to HTTPS port] [cloudflare] [cloudflare] [Cloudflare] [cd58783500d7fa3c58f88eb0ba22f4f8]
http://img.email1.sketchfab.com:2053 [400] [GET] [text/html] [400 The plain HTTP request was sent to HTTPS port] [cloudflare] [cloudflare] [Cloudflare] [20ad84d030031252141ca0b3fc0183f0]
http://img.email1.sketchfab.com:2083 [400] [GET] [text/html] [400 The plain HTTP request was sent to HTTPS port] [cloudflare] [cloudflare] [Cloudflare] [20ad84d030031252141ca0b3fc0183f0]
http://img.email1.sketchfab.com:2087 [400] [GET] [text/html] [400 The plain HTTP request was sent to HTTPS port] [cloudflare] [cloudflare] [Cloudflare] [cd58783500d7fa3c58f88eb0ba22f4f8]
http://img.email1.sketchfab.com:2096 [400] [GET] [text/html] [400 The plain HTTP request was sent to HTTPS port] [cloudflare] [cloudflare] [Cloudflare] [20ad84d030031252141ca0b3fc0183f0]
http://img.email1.sketchfab.com:8443 [400] [GET] [text/html] [400 The plain HTTP request was sent to HTTPS port] [cloudflare] [cloudflare] [Cloudflare] [cd58783500d7fa3c58f88eb0ba22f4f8]
http://img.email2.sketchfab.com:2053 [400] [GET] [text/html] [400 The plain HTTP request was sent to HTTPS port] [cloudflare] [cloudflare] [Cloudflare] [20ad84d030031252141ca0b3fc0183f0]
http://img.email2.sketchfab.com:2083 [400] [GET] [text/html] [400 The plain HTTP request was sent to HTTPS port] [cloudflare] [cloudflare] [Cloudflare] [20ad84d030031252141ca0b3fc0183f0]
http://img.email2.sketchfab.com:2087 [400] [GET] [text/html] [400 The plain HTTP request was sent to HTTPS port] [cloudflare] [cloudflare] [Cloudflare] [cd58783500d7fa3c58f88eb0ba22f4f8]
http://img.email2.sketchfab.com:2096 [400] [GET] [text/html] [400 The plain HTTP request was sent to HTTPS port] [cloudflare] [cloudflare] [Cloudflare] [cd58783500d7fa3c58f88eb0ba22f4f8]
http://img.email2.sketchfab.com:8443 [400] [GET] [text/html] [400 The plain HTTP request was sent to HTTPS port] [cloudflare] [cloudflare] [Cloudflare] [cd58783500d7fa3c58f88eb0ba22f4f8]
http://img.email3.sketchfab.com:2053 [400] [GET] [text/html] [400 The plain HTTP request was sent to HTTPS port] [cloudflare] [cloudflare] [Cloudflare] [cd58783500d7fa3c58f88eb0ba22f4f8]
http://img.email3.sketchfab.com:2083 [400] [GET] [text/html] [400 The plain HTTP request was sent to HTTPS port] [cloudflare] [cloudflare] [Cloudflare] [cd58783500d7fa3c58f88eb0ba22f4f8]
http://img.email3.sketchfab.com:2087 [400] [GET] [text/html] [400 The plain HTTP request was sent to HTTPS port] [cloudflare] [cloudflare] [Cloudflare] [20ad84d030031252141ca0b3fc0183f0]
http://img.email3.sketchfab.com:2096 [400] [GET] [text/html] [400 The plain HTTP request was sent to HTTPS port] [cloudflare] [cloudflare] [Cloudflare] [20ad84d030031252141ca0b3fc0183f0]
http://img.email3.sketchfab.com:8443 [400] [GET] [text/html] [400 The plain HTTP request was sent to HTTPS port] [cloudflare] [cloudflare] [Cloudflare] [20ad84d030031252141ca0b3fc0183f0]
http://landings.sketchfab.com:2082 [403] [GET] [text/html] [Actions blocked] [cloudflare] [vhost] [Cloudflare,Cloudflare Bot Management,Cloudflare Network Error Logging] [41b1b16989f2325de0468791b3da6205]
http://landings.sketchfab.com:2086 [403] [GET] [text/html] [Actions blocked] [cloudflare] [vhost] [Cloudflare,Cloudflare Bot Management,Cloudflare Network Error Logging] [b397b527e11465f779f143ee27c10836]
http://landings.sketchfab.com:8080 [403] [GET] [text/html] [Actions blocked] [cloudflare] [vhost] [Cloudflare,Cloudflare Bot Management,Cloudflare Network Error Logging] [7c6accfb30b99ad72279a89fba1a2f69]
http://landings.sketchfab.com:8880 [403] [GET] [text/html] [Actions blocked] [cloudflare] [vhost] [Cloudflare,Cloudflare Bot Management,Cloudflare Network Error Logging] [9a3c38c76e3cc6fb2a968e16762128dc]
https://api.sketchfab.com [301] [GET] [text/html] [301 Moved Permanently] [awselb/2.0] [vhost] [cloudfront] [Amazon Cloudfront,Amazon Web Services] [4aa7a432bb447f094408f1bd6229c605]
https://apps.sketchfab.com [403] [GET] [application/xml] [] [AmazonS3] [vhost] [cloudfront] [Amazon Cloudfront,Amazon S3,Amazon Web Services] [2bb278f14e1faa69021519e509e1ec4e]
https://apps.sketchfab.com [403] [GET] [application/xml] [] [AmazonS3] [vhost] [cloudfront] [Amazon Cloudfront,Amazon S3,Amazon Web Services] [b385aeadae658f01db073a465408b1d3]
https://blog.sketchfab.com [301] [GET] [text/html] [301 Moved Permanently] [nginx] [vhost] [google] [Nginx,SiteGround] [d4857b3d1b83d0937fc86f8396d3d00a]
https://blog.sketchfab.com [403] [GET] [text/html] [403 - Forbidden] [nginx] [vhost] [google] [Google Font API,Nginx,SiteGround] [dcc4e47f2e8acc6928ab7e5d2fa69d61]
https://clients.sketchfab.com [403] [GET] [application/xml] [] [AmazonS3] [vhost] [cloudfront] [Amazon Cloudfront,Amazon S3,Amazon Web Services] [6d3bda36faf8d27fa70b8bff2bb7a013]
https://clients.sketchfab.com [403] [GET] [application/xml] [] [AmazonS3] [vhost] [cloudfront] [Amazon Cloudfront,Amazon S3,Amazon Web Services] [7324f8b7b836e3eb41ff4d77f2919bd1]
https://demos.sketchfab.com [403] [GET] [application/xml] [] [AmazonS3] [vhost] [cloudfront] [Amazon Cloudfront,Amazon S3,Amazon Web Services] [29a441eca513af8cafd8707014e0d8d3]
https://demos.sketchfab.com [403] [GET] [application/xml] [] [AmazonS3] [vhost] [cloudfront] [Amazon Cloudfront,Amazon S3,Amazon Web Services] [dd8985df5e139ed7069beb9158a3af23]
https://docs.sketchfab.com [403] [GET] [application/xml] [] [AmazonS3] [vhost] [cloudfront] [Amazon Cloudfront,Amazon S3,Amazon Web Services] [95d986ca18418f2e8a3c1a9c7247838d]
https://docs.sketchfab.com [403] [GET] [application/xml] [] [AmazonS3] [vhost] [cloudfront] [Amazon Cloudfront,Amazon S3,Amazon Web Services] [d1a04c1a26eae80e43e0bf6670b877d3]
https://email.sketchfab.com [200] [GET] [application/octet-stream] [] [nginx] [Nginx] [9f36c1c909fa94ed5e7af41387ae3dae]
https://forum.sketchfab.com [200] [GET] [text/html] [Sketchfab Forum] [openresty] [vhost] [Discourse,Nginx,OpenResty,Ruby on Rails] [4dce02dce79e0352b40f7ef9372b8929]
https://forum.sketchfab.com [200] [GET] [text/html] [Sketchfab Forum] [openresty] [vhost] [Discourse,Nginx,OpenResty,Ruby on Rails] [d2c0364a496cccf68619cd4a99fa5abe]
https://gltf.sketchfab.com [403] [GET] [application/xml] [] [AmazonS3] [vhost] [cloudfront] [Amazon Cloudfront,Amazon S3,Amazon Web Services] [19a10415b6ca1dee73a5a8dd5c81c1f8]
https://gltf.sketchfab.com [403] [GET] [application/xml] [] [AmazonS3] [vhost] [cloudfront] [Amazon Cloudfront,Amazon S3,Amazon Web Services] [39582691867abe5e83c4c43b82b1d786]
https://help.sketchfab.com [301] [GET] [text/html] [] [cloudflare] [vhost] [cloudflare] [Cloudflare,Cloudflare Network Error Logging,Zendesk] [ad1900cde8f4a6df009f81eef33a7ff3]
https://img.email1.sketchfab.com [301] [GET] [text/html] [] [cloudflare] [vhost] [cloudflare] [Cloudflare] [d41d8cd98f00b204e9800998ecf8427e]
https://img.email2.sketchfab.com [301] [GET] [text/html] [] [cloudflare] [vhost] [cloudflare] [Cloudflare] [d41d8cd98f00b204e9800998ecf8427e]
https://img.email3.sketchfab.com [301] [GET] [text/html] [] [cloudflare] [vhost] [cloudflare] [Cloudflare] [d41d8cd98f00b204e9800998ecf8427e]
https://labs.sketchfab.com [301] [GET] [text/html] [301 Moved Permanently] [nginx/1.15.2] [vhost] [cloudfront] [Amazon Cloudfront,Amazon Web Services,Nginx:1.15.2] [ad9e88a2915dcd1f1530ac80bcd48d25]
https://landings.sketchfab.com [200] [GET] [text/html] [Sketchfab] [cloudflare] [vhost] [Cloudflare,Cloudflare Bot Management,Cloudflare Network Error Logging,Google Font API,HubSpot,HubSpot CMS Hub] [78b0ccb34619959961905a7c6092049a]
https://landings.sketchfab.com:2083 [403] [GET] [text/html] [Actions blocked] [cloudflare] [vhost] [Cloudflare,Cloudflare Bot Management,Cloudflare Network Error Logging] [fd63fb2567982e7ccc5829ccf6e39089]
https://landings.sketchfab.com:2087 [403] [GET] [text/html] [Actions blocked] [cloudflare] [vhost] [Cloudflare,Cloudflare Bot Management,Cloudflare Network Error Logging] [ae0bc6b69c56b237b6054c9c0da038a0]
https://landings.sketchfab.com:8443 [403] [GET] [text/html] [Actions blocked] [cloudflare] [vhost] [Cloudflare,Cloudflare Bot Management,Cloudflare Network Error Logging] [b62ca56f3504ecf0860e1d16f70e23c2]
https://media.sketchfab.com [403] [GET] [application/xml] [] [AmazonS3] [vhost] [cloudfront] [Amazon Cloudfront,Amazon S3,Amazon Web Services] [43c3206a4fb2741044677e962d63cca3]
https://media.sketchfab.com [403] [GET] [application/xml] [] [AmazonS3] [vhost] [cloudfront] [Amazon Cloudfront,Amazon S3,Amazon Web Services] [797c1e9ba312d8f4b9261699282ee352]
https://r.email1.sketchfab.com [301] [GET] [text/html] [] [nginx] [vhost] [Nginx] [d41d8cd98f00b204e9800998ecf8427e]
https://r.email1.sketchfab.com:4443 [301] [GET] [] [] [cloudflare] [Cloudflare] [d41d8cd98f00b204e9800998ecf8427e]
https://r.email2.sketchfab.com [301] [GET] [text/html] [] [nginx] [vhost] [Nginx] [d41d8cd98f00b204e9800998ecf8427e]
https://r.email2.sketchfab.com:4443 [301] [GET] [] [] [cloudflare] [Cloudflare] [d41d8cd98f00b204e9800998ecf8427e]
https://r.email3.sketchfab.com [301] [GET] [text/html] [] [nginx] [vhost] [Nginx] [d41d8cd98f00b204e9800998ecf8427e]
https://r.email3.sketchfab.com:4443 [301] [GET] [] [] [cloudflare] [Cloudflare] [d41d8cd98f00b204e9800998ecf8427e]
https://sketchfab.com [200] [GET] [text/html] [Sketchfab - The best 3D viewer on the web] [gunicorn/20.0.4] [vhost] [cloudfront] [Amazon Cloudfront,Amazon Web Services,Python,gunicorn:20.0.4] [d561f5b41d8e006335f518afd6490f4f]
https://staging2.blog.sketchfab.com [403] [GET] [text/html] [403 - Forbidden] [nginx] [vhost] [google] [Google Font API,Nginx,SiteGround] [dcc4e47f2e8acc6928ab7e5d2fa69d61]
https://static.sketchfab.com [403] [GET] [application/xml] [] [AmazonS3] [vhost] [cloudfront] [Amazon Cloudfront,Amazon S3,Amazon Web Services] [2615b801921353aa6655a59a1fb52850]
https://static.sketchfab.com [403] [GET] [application/xml] [] [AmazonS3] [vhost] [cloudfront] [Amazon Cloudfront,Amazon S3,Amazon Web Services] [32103664056bd7cbfd3fcc775d10e184]
http://staging2.blog.sketchfab.com [403] [GET] [text/html] [403 - Forbidden] [nginx] [vhost] [google] [Google Font API,Nginx,SiteGround] [dcc4e47f2e8acc6928ab7e5d2fa69d61]
https://www.blog.sketchfab.com [301] [GET] [text/html] [301 Moved Permanently] [nginx] [vhost] [google] [Nginx,SiteGround] [d4857b3d1b83d0937fc86f8396d3d00a]
https://www.sketchfab.com [301] [GET] [text/html] [301 Moved Permanently] [awselb/2.0] [vhost] [cloudfront] [Amazon Cloudfront,Amazon Web Services] [4aa7a432bb447f094408f1bd6229c605]
https://www.staging2.blog.sketchfab.com [403] [GET] [text/html] [403 - Forbidden] [nginx] [vhost] [google] [Google Font API,Nginx,SiteGround] [dcc4e47f2e8acc6928ab7e5d2fa69d61]
http://zendesk1.sketchfab.com:2082 [409] [GET] [text/plain] [] [cloudflare] [cloudflare] [Cloudflare] [f6bbbdc9b05a5af96b6b7e618ee357cc]
http://zendesk1.sketchfab.com:2083 [400] [GET] [text/html] [400 The plain HTTP request was sent to HTTPS port] [cloudflare] [cloudflare] [Cloudflare] [20ad84d030031252141ca0b3fc0183f0]
http://zendesk1.sketchfab.com:2087 [400] [GET] [text/html] [400 The plain HTTP request was sent to HTTPS port] [cloudflare] [cloudflare] [Cloudflare] [20ad84d030031252141ca0b3fc0183f0]
http://zendesk1.sketchfab.com [409] [GET] [text/plain] [] [cloudflare] [cloudflare] [Cloudflare] [f6bbbdc9b05a5af96b6b7e618ee357cc]
http://zendesk1.sketchfab.com:8080 [409] [GET] [text/plain] [] [cloudflare] [cloudflare] [Cloudflare] [f6bbbdc9b05a5af96b6b7e618ee357cc]
http://zendesk1.sketchfab.com:8443 [400] [GET] [text/html] [400 The plain HTTP request was sent to HTTPS port] [cloudflare] [cloudflare] [Cloudflare] [cd58783500d7fa3c58f88eb0ba22f4f8]
http://zendesk1.sketchfab.com:8880 [409] [GET] [text/plain] [] [cloudflare] [cloudflare] [Cloudflare] [f6bbbdc9b05a5af96b6b7e618ee357cc]
http://zendesk2.sketchfab.com:2082 [409] [GET] [text/plain] [] [cloudflare] [cloudflare] [Cloudflare] [f6bbbdc9b05a5af96b6b7e618ee357cc]
http://zendesk2.sketchfab.com:2083 [400] [GET] [text/html] [400 The plain HTTP request was sent to HTTPS port] [cloudflare] [cloudflare] [Cloudflare] [20ad84d030031252141ca0b3fc0183f0]
http://zendesk2.sketchfab.com:2087 [400] [GET] [text/html] [400 The plain HTTP request was sent to HTTPS port] [cloudflare] [cloudflare] [Cloudflare] [cd58783500d7fa3c58f88eb0ba22f4f8]
http://zendesk2.sketchfab.com [409] [GET] [text/plain] [] [cloudflare] [cloudflare] [Cloudflare] [f6bbbdc9b05a5af96b6b7e618ee357cc]
http://zendesk2.sketchfab.com:8080 [409] [GET] [text/plain] [] [cloudflare] [cloudflare] [Cloudflare] [f6bbbdc9b05a5af96b6b7e618ee357cc]
http://zendesk2.sketchfab.com:8443 [400] [GET] [text/html] [400 The plain HTTP request was sent to HTTPS port] [cloudflare] [cloudflare] [Cloudflare] [cd58783500d7fa3c58f88eb0ba22f4f8]
http://zendesk2.sketchfab.com:8880 [409] [GET] [text/plain] [] [cloudflare] [cloudflare] [Cloudflare] [f6bbbdc9b05a5af96b6b7e618ee357cc]
http://zendesk3.sketchfab.com:2053 [400] [GET] [text/html] [400 The plain HTTP request was sent to HTTPS port] [cloudflare] [cloudflare] [Cloudflare] [20ad84d030031252141ca0b3fc0183f0]
http://zendesk3.sketchfab.com:2082 [409] [GET] [text/plain] [] [cloudflare] [cloudflare] [Cloudflare] [f6bbbdc9b05a5af96b6b7e618ee357cc]
http://zendesk3.sketchfab.com:2083 [400] [GET] [text/html] [400 The plain HTTP request was sent to HTTPS port] [cloudflare] [cloudflare] [Cloudflare] [20ad84d030031252141ca0b3fc0183f0]
http://zendesk3.sketchfab.com:2086 [409] [GET] [text/plain] [] [cloudflare] [cloudflare] [Cloudflare] [f6bbbdc9b05a5af96b6b7e618ee357cc]
http://zendesk3.sketchfab.com:2087 [400] [GET] [text/html] [400 The plain HTTP request was sent to HTTPS port] [cloudflare] [cloudflare] [Cloudflare] [cd58783500d7fa3c58f88eb0ba22f4f8]
http://zendesk3.sketchfab.com [409] [GET] [text/plain] [] [cloudflare] [cloudflare] [Cloudflare] [f6bbbdc9b05a5af96b6b7e618ee357cc]
http://zendesk3.sketchfab.com:8080 [409] [GET] [text/plain] [] [cloudflare] [cloudflare] [Cloudflare] [f6bbbdc9b05a5af96b6b7e618ee357cc]
http://zendesk3.sketchfab.com:8443 [400] [GET] [text/html] [400 The plain HTTP request was sent to HTTPS port] [cloudflare] [cloudflare] [Cloudflare] [20ad84d030031252141ca0b3fc0183f0]
http://zendesk3.sketchfab.com:8880 [409] [GET] [text/plain] [] [cloudflare] [cloudflare] [Cloudflare] [f6bbbdc9b05a5af96b6b7e618ee357cc]
http://zendesk4.sketchfab.com:2053 [400] [GET] [text/html] [400 The plain HTTP request was sent to HTTPS port] [cloudflare] [cloudflare] [Cloudflare] [20ad84d030031252141ca0b3fc0183f0]
http://zendesk4.sketchfab.com:2082 [409] [GET] [text/plain] [] [cloudflare] [cloudflare] [Cloudflare] [f6bbbdc9b05a5af96b6b7e618ee357cc]
http://zendesk4.sketchfab.com:2083 [400] [GET] [text/html] [400 The plain HTTP request was sent to HTTPS port] [cloudflare] [cloudflare] [Cloudflare] [20ad84d030031252141ca0b3fc0183f0]
http://zendesk4.sketchfab.com:2086 [409] [GET] [text/plain] [] [cloudflare] [cloudflare] [Cloudflare] [f6bbbdc9b05a5af96b6b7e618ee357cc]
http://zendesk4.sketchfab.com:2087 [400] [GET] [text/html] [400 The plain HTTP request was sent to HTTPS port] [cloudflare] [cloudflare] [Cloudflare] [cd58783500d7fa3c58f88eb0ba22f4f8]
http://zendesk4.sketchfab.com [409] [GET] [text/plain] [] [cloudflare] [cloudflare] [Cloudflare] [f6bbbdc9b05a5af96b6b7e618ee357cc]
http://zendesk4.sketchfab.com:8080 [409] [GET] [text/plain] [] [cloudflare] [cloudflare] [Cloudflare] [f6bbbdc9b05a5af96b6b7e618ee357cc]
http://zendesk4.sketchfab.com:8443 [400] [GET] [text/html] [400 The plain HTTP request was sent to HTTPS port] [cloudflare] [cloudflare] [Cloudflare] [cd58783500d7fa3c58f88eb0ba22f4f8]
http://zendesk4.sketchfab.com:8880 [409] [GET] [text/plain] [] [cloudflare] [cloudflare] [Cloudflare] [f6bbbdc9b05a5af96b6b7e618ee357cc]
