https://account.guea.skybetservices.com [302] [GET] [text/plain] [] [] [vhost] [0b7f2a5c390c3e89565b9eae391ad462]
https://account.nps.skybetservices.com [403] [GET] [text/html] [Access to this site has or may be restricted or prohibited from your current location] [AkamaiNetStorage] [vhost] [a0861620c853283cc7fcbef80e07138b]
https://account.skybetservices.com [302] [GET] [text/plain] [] [] [vhost] [0b7f2a5c390c3e89565b9eae391ad462]
https://account.staging.skybetservices.com [403] [GET] [text/html] [Access to this site has or may be restricted or prohibited from your current location] [AkamaiNetStorage] [vhost] [a0861620c853283cc7fcbef80e07138b]
https://auth.guea.skybetservices.com [404] [GET] [text/html] [Error] [] [vhost] [957c46b53cc0cdf0e4bf4d75256b9be2]
https://auth.nps.skybetservices.com [403] [GET] [text/html] [Access to this site has or may be restricted or prohibited from your current location] [AkamaiNetStorage] [vhost] [a0861620c853283cc7fcbef80e07138b]
https://auth.skybetservices.com [404] [GET] [text/html] [Error] [] [vhost] [8561e2ea13960ffb99a725106d6338e7]
https://auth.skybetservices.com [404] [GET] [text/html] [Error] [] [vhost] [957c46b53cc0cdf0e4bf4d75256b9be2]
https://auth.staging.skybetservices.com [403] [GET] [text/html] [Access to this site has or may be restricted or prohibited from your current location] [AkamaiNetStorage] [vhost] [a0861620c853283cc7fcbef80e07138b]
https://pay.static.skybetservices.com [403] [GET] [text/html] [403 Forbidden] [nginx] [vhost] [Nginx] [9fe3cb2b7313dc79bb477bc8fde184a7]
https://pay.static.staging.skybetservices.com [403] [GET] [text/html] [Access to this site has or may be restricted or prohibited from your current location] [AkamaiNetStorage] [vhost] [a0861620c853283cc7fcbef80e07138b]
https://sidebar.guea.skybetservices.com [301] [GET] [text/html] [] [(REDACTED)] [vhost] [d41d8cd98f00b204e9800998ecf8427e]
https://sidebar.nps.skybetservices.com [403] [GET] [text/html] [Access to this site has or may be restricted or prohibited from your current location] [AkamaiNetStorage] [vhost] [a0861620c853283cc7fcbef80e07138b]
https://sidebar.skybetservices.com [301] [GET] [text/html] [] [(REDACTED)] [vhost] [d41d8cd98f00b204e9800998ecf8427e]
https://sidebar.staging.skybetservices.com [403] [GET] [text/html] [Access to this site has or may be restricted or prohibited from your current location] [AkamaiNetStorage] [vhost] [a0861620c853283cc7fcbef80e07138b]
https://static.live.skybetservices.com [403] [GET] [application/xml] [] [AmazonS3] [vhost] [Amazon S3,Amazon Web Services] [a677540122ae00b78e8c4d60d2cabbc2]
https://static.live.skybetservices.com [403] [GET] [application/xml] [] [AmazonS3] [vhost] [Amazon S3,Amazon Web Services] [eb083e045526c2e6663e43d104674d6b]
https://static.skybetservices.com [403] [GET] [application/xml] [] [AmazonS3] [vhost] [Amazon S3,Amazon Web Services] [289376429f44b7cd3c91fdbaefd219ef]
https://static.skybetservices.com [403] [GET] [application/xml] [] [AmazonS3] [vhost] [Amazon S3,Amazon Web Services] [f35c86dc5790e8c76d19c7d0ade30511]
https://static.stage.skybetservices.com [400] [GET] [text/html] [Invalid URL] [AkamaiGHost] [affacb722f328cfec4e1647904a0d390]
https://static.stage.skybetservices.com [400] [GET] [text/html] [Invalid URL] [AkamaiGHost] [e3e58e6cc3f6c1968d12b2829908232c]
https://static.test.skybetservices.com [403] [GET] [text/html] [Access Denied] [AkamaiGHost] [vhost] [4880c73fe0213afef61131e9abba3627]
https://static.test.skybetservices.com [403] [GET] [text/html] [Access Denied] [AkamaiGHost] [vhost] [53c5a72a7b7fb12b3242453fcaa0463a]
https://verification.skybetservices.com [400] [GET] [text/html] [Invalid URL] [AkamaiGHost] [08f394d3a1749e14fcd916093a02dfe1]
https://verification.skybetservices.com [400] [GET] [text/html] [Invalid URL] [AkamaiGHost] [cb94a402cf540e3e69bce4ac170c74f8]
https://verify.skybetservices.com [401] [GET] [text/html] [Sky Betting and Gaming Verification] [] [vhost] [58d80c067b7b2db2db0fd6b6159b9130]
