http://autodiscover.skybettingandgaming.com [301] [GET] [] [] [Microsoft-IIS/10.0] [vhost] [IIS:10.0,Microsoft ASP.NET,Windows Server] [d41d8cd98f00b204e9800998ecf8427e]
http://sbgmail.skybettingandgaming.com [301] [GET] [] [] [BigIP] [F5 BigIP] [d41d8cd98f00b204e9800998ecf8427e]
https://ebm.sbagmail.skybettingandgaming.com [200] [GET] [text/html] [ny5p01lpebmp001 OK] [Apache] [vhost] [Apache] [afd4c3702c52e7a818c968cd0f628b33]
https://engineering.skybettingandgaming.com [301] [GET] [text/html] [301 Moved Permanently] [GitHub.com] [vhost] [cloudfront] [Amazon Cloudfront,Amazon Web Services,Fastly,GitHub Pages,Varnish] [4f8e702cc244ec5d4de32740c0ecbd97]
https://f.sbagmail.skybettingandgaming.com [200] [GET] [text/html] [ny5pimg01 OK] [nginx] [vhost] [Nginx] [4e1f64c8b1a491c33873f2473f926355]
https://l.sbgmail.skybettingandgaming.com [302] [GET] [text/html] [Object moved] [] [3f5b865b75dbbe9b3ef9872127e27bbc]
https://lyncdiscover.skybettingandgaming.com [200] [GET] [application/json] [] [] [vhost] [Azure] [faf99c2f5ad453a338888aa304a6a49f]
https://reg.sbagmail.skybettingandgaming.com [200] [GET] [text/html] [ny5pvpref01.cheetahmail.com OK] [Apache] [Apache] [fec264ef6d24bf4d930e823589559ca3]
https://reg.sbagmail.skybettingandgaming.com [200] [GET] [text/html] [ny5pvpref02.cheetahmail.com OK] [Apache] [Apache] [fd3946cb4b4ad0587a3888d6c39ad0e3]
https://safergambling.skybettingandgaming.com [200] [GET] [text/html] [SBG Safer Gambling] [nginx] [vhost] [MySQL,Nginx,PHP,Typekit,WordPress VIP,WordPress:6.0.1] [441c23acbf71f33755e260ff549d78e1]
https://sbagmail.skybettingandgaming.com [200] [GET] [text/html] [redt2.cheetahmail.com OK] [Apache] [Apache] [45ea50a6bb1f455dfba83aa5c9617450]
https://sbagmail.skybettingandgaming.com [200] [GET] [text/html] [redt4.cheetahmail.com OK] [Apache] [Apache] [941719bd443dee0f429885caef13b607]
https://sip.skybettingandgaming.com [404] [GET] [text/plain] [] [RTC/7.0] [f248ea9e9d926e1c1c56f7dba8bf5aad]
https://technology.skybettingandgaming.com [301] [GET] [text/html] [301 Moved Permanently] [GitHub.com] [vhost] [cloudfront] [Amazon Cloudfront,Amazon Web Services,Fastly,GitHub Pages,Varnish] [4f8e702cc244ec5d4de32740c0ecbd97]
http://surveys.skybettingandgaming.com:2082 [409] [GET] [text/plain] [] [cloudflare] [cloudflare] [Cloudflare] [f6bbbdc9b05a5af96b6b7e618ee357cc]
http://surveys.skybettingandgaming.com:2083 [400] [GET] [text/html] [400 The plain HTTP request was sent to HTTPS port] [cloudflare] [cloudflare] [Cloudflare] [20ad84d030031252141ca0b3fc0183f0]
http://surveys.skybettingandgaming.com:2086 [409] [GET] [text/plain] [] [cloudflare] [cloudflare] [Cloudflare] [f6bbbdc9b05a5af96b6b7e618ee357cc]
http://surveys.skybettingandgaming.com:2087 [400] [GET] [text/html] [400 The plain HTTP request was sent to HTTPS port] [cloudflare] [cloudflare] [Cloudflare] [20ad84d030031252141ca0b3fc0183f0]
http://surveys.skybettingandgaming.com [409] [GET] [text/plain] [] [cloudflare] [cloudflare] [Cloudflare] [f6bbbdc9b05a5af96b6b7e618ee357cc]
http://surveys.skybettingandgaming.com:8080 [409] [GET] [text/plain] [] [cloudflare] [cloudflare] [Cloudflare] [f6bbbdc9b05a5af96b6b7e618ee357cc]
http://surveys.skybettingandgaming.com:8443 [400] [GET] [text/html] [400 The plain HTTP request was sent to HTTPS port] [cloudflare] [cloudflare] [Cloudflare] [20ad84d030031252141ca0b3fc0183f0]
http://surveys.skybettingandgaming.com:8880 [409] [GET] [text/plain] [] [cloudflare] [cloudflare] [Cloudflare] [f6bbbdc9b05a5af96b6b7e618ee357cc]
