http://3.push.staging.skybet.com [301] [GET] [] [] [(REDACTED)] [vhost] [d41d8cd98f00b204e9800998ecf8427e]
http://3.push.test4.skybet.com [301] [GET] [] [] [(REDACTED)] [vhost] [d41d8cd98f00b204e9800998ecf8427e]
http://autodiscover.skybet.com [301] [GET] [] [] [Microsoft-IIS/10.0] [vhost] [IIS:10.0,Microsoft ASP.NET,Windows Server] [d41d8cd98f00b204e9800998ecf8427e]
http://bettingpreviews.skybet.com [301] [GET] [text/html] [] [] [vhost] [81051bcc2cf1bedf378224b0a93e2877]
http://email.skybet.com [301] [GET] [] [] [BigIP] [F5 BigIP] [d41d8cd98f00b204e9800998ecf8427e]
https://1.push.skybet.com:8443 [404] [GET] [text/html] [Error] [] [da7da7d630292e7a2a7dda8ca87b3d39]
https://2.push.skybet.com:8443 [404] [GET] [text/html] [Error] [] [da7da7d630292e7a2a7dda8ca87b3d39]
https://2.push.testdr.skybet.com:8443 [404] [GET] [text/html] [Error] [] [da7da7d630292e7a2a7dda8ca87b3d39]
https://2.ws.push.sbgsvc.skybet.com:8443 [404] [GET] [text/html] [Error] [] [da7da7d630292e7a2a7dda8ca87b3d39]
https://2.ws.push.testdr.sbgsvc.skybet.com:8443 [404] [GET] [text/html] [Error] [] [da7da7d630292e7a2a7dda8ca87b3d39]
https://catalogue.app-guea.live.skybet.com [404] [GET] [] [] [(REDACTED)] [vhost] [d41d8cd98f00b204e9800998ecf8427e]
https://catalogue.app-nps.live.skybet.com [404] [GET] [] [] [(REDACTED)] [vhost] [d41d8cd98f00b204e9800998ecf8427e]
https://catalogue.green-1-aws.live.skybet.com [404] [GET] [] [] [(REDACTED)] [vhost] [d41d8cd98f00b204e9800998ecf8427e]
https://catalogue.test-app-guea.staging.skybet.com [403] [GET] [text/html] [Access Denied] [] [vhost] [119a2211c1d869e11d397b377098ceca]
https://catalogue.test-app-guea.staging.skybet.com [403] [GET] [text/html] [Access Denied] [] [vhost] [69352c4f400d402655ec0583ef95327e]
https://catalogue.test-app-guea.test4.skybet.com [403] [GET] [text/html] [Access Denied] [] [vhost] [3cbeae111308b082ef40c7024bea0e35]
https://catalogue.test-app-guea.test4.skybet.com [403] [GET] [text/html] [Access Denied] [] [vhost] [c7da473dd4d8aa729b53a804fe19f67d]
https://catalogue.test-aws.staging.skybet.com [403] [GET] [text/html] [Access Denied] [(REDACTED)] [vhost] [aa9e52200522e3ba179d23701637c707]
https://catalogue.test-aws.staging.skybet.com [403] [GET] [text/html] [Access Denied] [(REDACTED)] [vhost] [de82d91f2cb73e66639f5036448cc269]
https://catalogue.test-aws.test4.skybet.com [403] [GET] [text/html] [Access Denied] [(REDACTED)] [vhost] [4b4fc39210b07c9c7ac76eb8cca0c02c]
https://catalogue.test-aws.test4.skybet.com [403] [GET] [text/html] [Access Denied] [(REDACTED)] [vhost] [d3827cf9e59615c06379a6bba289b5c8]
https://dev-abelson-feed-api.awsdev.feeds.skybet.com [403] [GET] [application/json] [] [] [vhost] [905b1fbb26e082557ff0b3b3553cda6c]
https://dev-football-api.awsdev.feeds.skybet.com [403] [GET] [application/json] [] [] [vhost] [905b1fbb26e082557ff0b3b3553cda6c]
https://ebm.email1.skybet.com [200] [GET] [text/html] [ny5p01lpebmp001 OK] [Apache] [vhost] [Apache] [afd4c3702c52e7a818c968cd0f628b33]
https://eds.nps.skybet.com [200] [GET] [application/json] [] [(REDACTED)] [vhost] [d41d8cd98f00b204e9800998ecf8427e]
https://eds.nps.skybet.com [400] [GET] [application/json] [] [(REDACTED)] [vhost] [d6301139441174117fd18b42d22c16f1]
https://eds.skybet.com [400] [GET] [application/json] [] [(REDACTED)] [vhost] [d6301139441174117fd18b42d22c16f1]
https://eds.staging.skybet.com [403] [GET] [text/html] [Access Denied] [(REDACTED)] [vhost] [14331ef2b2b3b1454fbc0b4250af62be]
https://eds.staging.skybet.com [403] [GET] [text/html] [Access Denied] [(REDACTED)] [vhost] [a3cedd88faceef2ab83d276519baa437]
https://eds.test4.skybet.com [403] [GET] [text/html] [Access Denied] [(REDACTED)] [vhost] [08c459db8cda8f3e452e09836be6c5e0]
https://eds.test4.skybet.com [403] [GET] [text/html] [Access Denied] [(REDACTED)] [vhost] [3708989c45bd925cec4396ecf456fc1e]
https://eds.test6.skybet.com [403] [GET] [text/html] [Access Denied] [AkamaiGHost] [vhost] [185207f9ff738b0edf33d7df0b3ce0a1]
https://eds.test6.skybet.com [403] [GET] [text/html] [Access Denied] [AkamaiGHost] [vhost] [b785abbd03212cf0bbc222859c186904]
https://email1.skybet.com [200] [GET] [text/html] [redt1.cheetahmail.com OK] [Apache] [Apache] [297cb8bf449995b00010eabbe3fbfdd5]
https://events.green-1-aws.live.skybet.com [403] [GET] [text/html] [Access Denied] [(REDACTED)] [vhost] [1596361f143e9583a832686df3dbad87]
https://events.green-1-aws.live.skybet.com [403] [GET] [text/html] [Access Denied] [(REDACTED)] [vhost] [274fcf8428d9e626bc683727c08a5a0f]
https://events.test-aws.staging.skybet.com [403] [GET] [text/html] [Access Denied] [(REDACTED)] [vhost] [c20467f402ae887aa6d66f3f30eb401f]
https://events.test-aws.staging.skybet.com [403] [GET] [text/html] [Access Denied] [(REDACTED)] [vhost] [d5115a8942e915e555e962cd1dfdca3c]
https://events.test-aws.test4.skybet.com [403] [GET] [text/html] [Access Denied] [(REDACTED)] [vhost] [61dab4bfeacfc8f3665832a867d59b89]
https://events.test-aws.test4.skybet.com [403] [GET] [text/html] [Access Denied] [(REDACTED)] [vhost] [f7d916baad1ce007ab77fe638349bb92]
https://f.email1.skybet.com [200] [GET] [text/html] [ny5pimg01 OK] [nginx] [vhost] [Nginx] [4e1f64c8b1a491c33873f2473f926355]
https://inttst-football-api.awsdev.feeds.skybet.com [403] [GET] [application/json] [] [] [vhost] [905b1fbb26e082557ff0b3b3553cda6c]
https://ios.bannercheck-api.skybet.com [403] [GET] [text/html] [Access Denied] [] [vhost] [2cf8ea7cff6c4986906fdcf264bdc992]
https://ios.bannercheck-api.skybet.com [403] [GET] [text/html] [Access Denied] [] [vhost] [a2cf827d45724885d014990f1f7b8e8c]
https://jmi08-dev-football-api.awsdev.feeds.skybet.com [403] [GET] [application/json] [] [] [vhost] [905b1fbb26e082557ff0b3b3553cda6c]
https://live-football-api.aws.feeds.skybet.com [403] [GET] [application/json] [] [] [vhost] [905b1fbb26e082557ff0b3b3553cda6c]
https://m.a.skybet.com [302] [GET] [] [] [AkamaiGHost] [vhost] [d41d8cd98f00b204e9800998ecf8427e]
https://m.nps.skybet.com [403] [GET] [text/html] [Access to this site has or may be restricted or prohibited from your current location] [AkamaiNetStorage] [vhost] [a0861620c853283cc7fcbef80e07138b]
https://m.skybet.com [302] [GET] [] [] [AkamaiGHost] [vhost] [d41d8cd98f00b204e9800998ecf8427e]
https://msoid.skybet.com [302] [GET] [text/html] [Object moved] [] [vhost] [azure] [67dc47621d0dca9dc8d849ee26494c3b]
https://opta.aws.feeds.skybet.com [403] [GET] [application/json] [] [] [vhost] [cloudfront] [Amazon Cloudfront,Amazon Web Services] [bc45704aad57d445b6dfa58b101071e3]
https://partners.skybet.com [200] [GET] [text/html] [Tracking Solution] [Microsoft-IIS/10.0] [vhost] [Google Font API,Google Tag Manager,IIS:10.0,Microsoft ASP.NET,Windows Server] [5e015e7da08d19aea65fbdc45cbb5721]
https://perf-football-api.awsdev.feeds.skybet.com [403] [GET] [application/json] [] [] [vhost] [905b1fbb26e082557ff0b3b3553cda6c]
https://placement.api.nps.skybet.com [302] [GET] [] [] [(REDACTED)] [vhost] [d41d8cd98f00b204e9800998ecf8427e]
https://placement.api.skybet.com [302] [GET] [] [] [(REDACTED)] [vhost] [d41d8cd98f00b204e9800998ecf8427e]
https://placement.api.staging.skybet.com [403] [GET] [text/html] [Access Denied] [(REDACTED)] [vhost] [056e87e13b87c0a8de7fd14e0feacd4d]
https://placement.api.staging.skybet.com [403] [GET] [text/html] [Access Denied] [(REDACTED)] [vhost] [0f2a02b9d8f80b41154556184f2cb49d]
https://placement.api.test4.skybet.com [403] [GET] [text/html] [Access Denied] [(REDACTED)] [vhost] [c420587c645bad51cc20be7a8335c982]
https://placement.api.test4.skybet.com [403] [GET] [text/html] [Access Denied] [(REDACTED)] [vhost] [f7c86e86721c299461ab58aa9e863579]
https://players.runningball.aws.feeds.skybet.com [403] [GET] [application/json] [] [] [vhost] [cloudfront] [Amazon Cloudfront,Amazon Web Services] [905b1fbb26e082557ff0b3b3553cda6c]
https://players-runningball-stage.awsdev.feeds.skybet.com [403] [GET] [application/json] [] [] [vhost] [cloudfront] [Amazon Cloudfront,Amazon Web Services] [905b1fbb26e082557ff0b3b3553cda6c]
https://players-runningball-test.awsdev.feeds.skybet.com [403] [GET] [application/json] [] [] [vhost] [cloudfront] [Amazon Cloudfront,Amazon Web Services] [905b1fbb26e082557ff0b3b3553cda6c]
https://promocode.nps.skybet.com [404] [GET] [] [] [(REDACTED)] [vhost] [d41d8cd98f00b204e9800998ecf8427e]
https://promocode.skybet.com [404] [GET] [] [] [(REDACTED)] [vhost] [d41d8cd98f00b204e9800998ecf8427e]
https://promocode.staging.skybet.com [403] [GET] [text/html] [Access Denied] [(REDACTED)] [vhost] [c5400e34e610892b15483e2c9292d97c]
https://promocode.staging.skybet.com [403] [GET] [text/html] [Access Denied] [(REDACTED)] [vhost] [d3e15068cfadf56a6af7ef7047d864dc]
https://promocode.test4.skybet.com [403] [GET] [text/html] [Access Denied] [(REDACTED)] [vhost] [b081cf9087d20602afb1dc483348f210]
https://promocode.test4.skybet.com [403] [GET] [text/html] [Access Denied] [(REDACTED)] [vhost] [ddb4f5e1ca552a9610d82253c3e7131a]
https://promotions.app-guea.live.skybet.com [404] [GET] [] [] [(REDACTED)] [vhost] [d41d8cd98f00b204e9800998ecf8427e]
https://promotions.app-nps.live.skybet.com [404] [GET] [] [] [(REDACTED)] [vhost] [d41d8cd98f00b204e9800998ecf8427e]
https://promotions.green-1-aws.live.skybet.com [404] [GET] [] [] [(REDACTED)] [vhost] [d41d8cd98f00b204e9800998ecf8427e]
https://promotions-hub.nps.skybet.com [404] [GET] [] [] [(REDACTED)] [vhost] [d41d8cd98f00b204e9800998ecf8427e]
https://promotions-hub.skybet.com [404] [GET] [] [] [(REDACTED)] [vhost] [d41d8cd98f00b204e9800998ecf8427e]
https://push.skybet.com:8443 [404] [GET] [text/html] [Error] [] [da7da7d630292e7a2a7dda8ca87b3d39]
https://services.nps.skybet.com [404] [GET] [text/html] [404 Not Found] [(REDACTED)] [vhost] [a59a696caee588826a365d80e9a57e16]
https://services.skybet.com [404] [GET] [text/html] [404 Not Found] [(REDACTED)] [vhost] [a59a696caee588826a365d80e9a57e16]
https://skybet.com [302] [GET] [] [] [AkamaiGHost] [vhost] [d41d8cd98f00b204e9800998ecf8427e]
https://skybetgroups.skybet.com [200] [GET] [text/html] [Group Bet] [(REDACTED)] [vhost] [Envoy,Express,Node.js] [ab2c45ffa69a889c4a256787243da5f4]
https://st1.a.skybet.com [403] [GET] [text/html] [403 Forbidden] [(REDACTED)] [vhost] [0152ed695f4291488741d98ba066d280]
https://st1.nps.skybet.com [403] [GET] [text/html] [403 Forbidden] [(REDACTED)] [vhost] [0152ed695f4291488741d98ba066d280]
https://st1.skybet.com [403] [GET] [text/html] [403 Forbidden] [(REDACTED)] [vhost] [0152ed695f4291488741d98ba066d280]
https://st1.staging.skybet.com [403] [GET] [text/html] [Access to this site has or may be restricted or prohibited from your current location] [AkamaiNetStorage] [vhost] [a0861620c853283cc7fcbef80e07138b]
https://st2.a.skybet.com [403] [GET] [text/html] [403 Forbidden] [(REDACTED)] [vhost] [0152ed695f4291488741d98ba066d280]
https://st2.nps.skybet.com [403] [GET] [text/html] [403 Forbidden] [(REDACTED)] [vhost] [0152ed695f4291488741d98ba066d280]
https://st2.skybet.com [403] [GET] [text/html] [403 Forbidden] [(REDACTED)] [vhost] [0152ed695f4291488741d98ba066d280]
https://st2.staging.skybet.com [403] [GET] [text/html] [Access to this site has or may be restricted or prohibited from your current location] [AkamaiNetStorage] [vhost] [a0861620c853283cc7fcbef80e07138b]
https://st3.a.skybet.com [404] [GET] [text/html] [] [Apache] [vhost] [Apache] [f4807dc872edc11b51fe27738a066d46]
https://st3.nps.skybet.com [403] [GET] [text/html] [Access to this site has or may be restricted or prohibited from your current location] [AkamaiNetStorage] [vhost] [a0861620c853283cc7fcbef80e07138b]
https://st3.skybet.com [404] [GET] [text/html] [] [Apache] [vhost] [Apache] [f4807dc872edc11b51fe27738a066d46]
https://stage-football-api.awsdev.feeds.skybet.com [403] [GET] [application/json] [] [] [vhost] [905b1fbb26e082557ff0b3b3553cda6c]
https://staging-abelson-feed-api.awsdev.feeds.skybet.com [403] [GET] [application/json] [] [] [vhost] [905b1fbb26e082557ff0b3b3553cda6c]
https://stats.app-guea.live.skybet.com [404] [GET] [] [] [(REDACTED)] [vhost] [d41d8cd98f00b204e9800998ecf8427e]
https://stats.app-nps.live.skybet.com [404] [GET] [] [] [(REDACTED)] [vhost] [d41d8cd98f00b204e9800998ecf8427e]
https://stats.green-1-aws.live.skybet.com [404] [GET] [] [] [(REDACTED)] [vhost] [d41d8cd98f00b204e9800998ecf8427e]
https://stats.test-app-guea.staging.skybet.com [403] [GET] [text/html] [Access Denied] [(REDACTED)] [vhost] [9ddd2aeafa7f726b703fb8af1f3acdd1]
https://stats.test-app-guea.staging.skybet.com [403] [GET] [text/html] [Access Denied] [(REDACTED)] [vhost] [bc569c848d8b4e0d7a381f7aff26f2f1]
https://stats.test-app-guea.test4.skybet.com [403] [GET] [text/html] [Access Denied] [(REDACTED)] [vhost] [a362ffe495ca634e3cfa8bc54fb5d69f]
https://stats.test-app-guea.test4.skybet.com [403] [GET] [text/html] [Access Denied] [(REDACTED)] [vhost] [b30c1fd60be10161047593bdf2c5d0ab]
https://stats.test-aws.staging.skybet.com [403] [GET] [text/html] [Access Denied] [(REDACTED)] [vhost] [652d6d362aaaf37b414073e7d58843d2]
https://stats.test-aws.staging.skybet.com [403] [GET] [text/html] [Access Denied] [(REDACTED)] [vhost] [f6ae60f530710a94bccf078975cd3610]
https://stats.test-aws.test4.skybet.com [403] [GET] [text/html] [Access Denied] [(REDACTED)] [vhost] [31571a31b0c60ea4f1d3cf7d3045e59a]
https://stats.test-aws.test4.skybet.com [403] [GET] [text/html] [Access Denied] [(REDACTED)] [vhost] [33e89b11e80c961082fb5052391d85ce]
https://support.skybet.com [301] [GET] [] [] [] [vhost] [d41d8cd98f00b204e9800998ecf8427e]
https://support.test.skybet.com [403] [GET] [text/html] [Access Denied] [AkamaiGHost] [vhost] [0f289f2815a3ee2f9776606cba731488]
https://support.test.skybet.com [403] [GET] [text/html] [Access Denied] [AkamaiGHost] [vhost] [fa3dc42965e243738f0bc66843124761]
https://test-abelson-feed-api.awsdev.feeds.skybet.com [403] [GET] [application/json] [] [] [vhost] [905b1fbb26e082557ff0b3b3553cda6c]
https://test-football-api.awsdev.feeds.skybet.com [403] [GET] [application/json] [] [] [vhost] [905b1fbb26e082557ff0b3b3553cda6c]
https://tooling.app-guea.live.skybet.com [404] [GET] [] [] [(REDACTED)] [vhost] [d41d8cd98f00b204e9800998ecf8427e]
https://tooling.app-nps.live.skybet.com [404] [GET] [] [] [(REDACTED)] [vhost] [d41d8cd98f00b204e9800998ecf8427e]
https://tooling.green-1-aws.live.skybet.com [404] [GET] [] [] [(REDACTED)] [vhost] [d41d8cd98f00b204e9800998ecf8427e]
https://trading.app-guea.live.skybet.com [404] [GET] [] [] [(REDACTED)] [vhost] [d41d8cd98f00b204e9800998ecf8427e]
https://trading.app-nps.live.skybet.com [404] [GET] [] [] [(REDACTED)] [vhost] [d41d8cd98f00b204e9800998ecf8427e]
https://trading.green-1-aws.live.skybet.com [404] [GET] [] [] [(REDACTED)] [vhost] [d41d8cd98f00b204e9800998ecf8427e]
https://trading.test-app-guea.staging.skybet.com [403] [GET] [text/html] [Access Denied] [(REDACTED)] [vhost] [42891c36981fa2cf8103b7e6b41dfedc]
https://trading.test-app-guea.staging.skybet.com [403] [GET] [text/html] [Access Denied] [(REDACTED)] [vhost] [b1c0ec6a0951c0509d1b53377935d660]
https://trading.test-app-guea.test4.skybet.com [403] [GET] [text/html] [Access Denied] [(REDACTED)] [vhost] [5d4637703f8e09ca9af92b9302ad2cbb]
https://trading.test-app-guea.test4.skybet.com [403] [GET] [text/html] [Access Denied] [(REDACTED)] [vhost] [5fd92feae97d63524125fcf696e96af1]
https://trading.test-aws.staging.skybet.com [403] [GET] [text/html] [Access Denied] [(REDACTED)] [vhost] [400237a0c25243a5d67d872c05e33265]
https://trading.test-aws.staging.skybet.com [403] [GET] [text/html] [Access Denied] [(REDACTED)] [vhost] [6c5b3576bb2ac8672d93983e4cb54fed]
https://trading.test-aws.test4.skybet.com [403] [GET] [text/html] [Access Denied] [(REDACTED)] [vhost] [d0735c481f8c960d925a3af6c6fcd043]
https://trading.test-aws.test4.skybet.com [403] [GET] [text/html] [Access Denied] [(REDACTED)] [vhost] [f9dff1ef7b65425d921f0a159fc7c171]
https://transactions.app-guea.live.skybet.com [404] [GET] [] [] [(REDACTED)] [vhost] [d41d8cd98f00b204e9800998ecf8427e]
https://transactions.app-nps.live.skybet.com [404] [GET] [] [] [(REDACTED)] [vhost] [d41d8cd98f00b204e9800998ecf8427e]
https://transactions.green-1-aws.live.skybet.com [404] [GET] [] [] [(REDACTED)] [vhost] [d41d8cd98f00b204e9800998ecf8427e]
https://twr01-dev-football-api.awsdev.feeds.skybet.com [403] [GET] [application/json] [] [] [vhost] [bc45704aad57d445b6dfa58b101071e3]
https://txodds.aws.feeds.skybet.com [403] [GET] [application/json] [] [] [vhost] [905b1fbb26e082557ff0b3b3553cda6c]
https://txodds-stage.awsdev.feeds.skybet.com [403] [GET] [application/json] [] [] [vhost] [905b1fbb26e082557ff0b3b3553cda6c]
https://txodds-test.awsdev.feeds.skybet.com [403] [GET] [application/json] [] [] [vhost] [905b1fbb26e082557ff0b3b3553cda6c]
https://www.a.skybet.com [302] [GET] [] [] [AkamaiGHost] [vhost] [d41d8cd98f00b204e9800998ecf8427e]
https://www.nps.skybet.com [403] [GET] [text/html] [Access to this site has or may be restricted or prohibited from your current location] [AkamaiNetStorage] [vhost] [a0861620c853283cc7fcbef80e07138b]
https://www.skybet.com [302] [GET] [] [] [AkamaiGHost] [vhost] [d41d8cd98f00b204e9800998ecf8427e]
https://www.staging.skybet.com [403] [GET] [text/html] [Access to this site has or may be restricted or prohibited from your current location] [AkamaiNetStorage] [vhost] [a0861620c853283cc7fcbef80e07138b]
https://www.test2.skybet.com [403] [GET] [text/html] [Access to this site has or may be restricted or prohibited from your current location] [AkamaiNetStorage] [vhost] [a0861620c853283cc7fcbef80e07138b]
