http://9735476.skyscanner.net [403] [GET] [text/html] [ERROR: The request could not be satisfied] [CloudFront] [cloudfront] [Amazon Cloudfront,Amazon Web Services] [ed5250b7126c3b48ca7c758dd894df7d]
http://amp.skyscanner.net [404] [GET] [text/html] [404 Not Found] [AmazonS3] [vhost] [Amazon S3,Amazon Web Services] [f1568ff1f30ce70db4ee270471f98e5c]
http://api2.skyscanner.net [403] [GET] [text/html] [ERROR: The request could not be satisfied] [CloudFront] [cloudfront] [Amazon Cloudfront,Amazon Web Services] [0313f3b474cb3ab71eb36cbbd9155a53]
http://autodiscover.skyscanner.net [301] [GET] [] [] [Microsoft-IIS/10.0] [vhost] [IIS:10.0,Microsoft ASP.NET,Windows Server] [d41d8cd98f00b204e9800998ecf8427e]
http://conditions.travel.skyscanner.net:2083 [400] [GET] [text/html] [400 The plain HTTP request was sent to HTTPS port] [cloudflare] [cloudflare] [Cloudflare] [cd58783500d7fa3c58f88eb0ba22f4f8]
http://conditions.travel.skyscanner.net:2087 [400] [GET] [text/html] [400 The plain HTTP request was sent to HTTPS port] [cloudflare] [cloudflare] [Cloudflare] [20ad84d030031252141ca0b3fc0183f0]
http://conditions.travel.skyscanner.net:8443 [400] [GET] [text/html] [400 The plain HTTP request was sent to HTTPS port] [cloudflare] [cloudflare] [Cloudflare] [cd58783500d7fa3c58f88eb0ba22f4f8]
http://feedback.skyscanner.net [403] [GET] [text/html] [ERROR: The request could not be satisfied] [CloudFront] [cloudfront] [Amazon Cloudfront,Amazon Web Services] [38a231b17afbd6bb068302a79613029c]
http://learning.skyscanner.net [409] [GET] [text/plain] [] [cloudflare] [cloudflare] [Cloudflare] [f6bbbdc9b05a5af96b6b7e618ee357cc]
https://355777.skyscanner.net [404] [GET] [text/html] [404 Not Found] [nginx] [Nginx] [8e325dc2fea7c8900fc6c4b8c6c394fe]
https://9735476.sender.skyscanner.net [307] [GET] [text/html] [] [openresty] [vhost] [Nginx,OpenResty] [6391632de9863f807d2ccc0d723fa393]
https://9735476.test.skyscanner.net [307] [GET] [text/html] [] [openresty] [vhost] [Nginx,OpenResty] [9eb923b05d29626307b969ecd317a083]
https://ablink.sender.skyscanner.net [307] [GET] [text/html] [] [openresty] [vhost] [Nginx,OpenResty] [6391632de9863f807d2ccc0d723fa393]
https://ablink.test.skyscanner.net [307] [GET] [text/html] [] [openresty] [vhost] [Nginx,OpenResty] [9eb923b05d29626307b969ecd317a083]
https://adfs1.skyscanner.net [502] [GET] [text/html] [502 Bad Gateway] [awselb/2.0] [vhost] [Amazon ALB,Amazon Web Services] [7418cbee906b4db0f20614d0eeebceff]
https://analytics.skyscanner.net [302] [GET] [text/plain] [] [istio-envoy] [vhost] [cloudfront] [Amazon Cloudfront,Amazon Web Services,Envoy] [a8e03540dce77ac5043211d114328eb8]
https://api.skyscanner.net [404] [GET] [] [] [istio-envoy] [vhost] [cloudfront] [Amazon Cloudfront,Amazon Web Services] [d41d8cd98f00b204e9800998ecf8427e]
https://business.skyscanner.net [301] [GET] [text/html] [301 Moved Permanently] [Apache/2.4.54 () OpenSSL/1.0.2k-fips] [vhost] [Apache:2.4.54,OpenSSL:1.0.2k] [75cd96ee2f73eff0abba5201a88eb932]
https://carhirehelp.skyscanner.net [301] [GET] [text/html] [] [cloudflare] [vhost] [cloudflare] [Cloudflare,Cloudflare Network Error Logging,Zendesk] [1403cbc96eb6ab23578c77f3479a9ff4]
http://schedule-change.travel.skyscanner.net:2083 [400] [GET] [text/html] [400 The plain HTTP request was sent to HTTPS port] [cloudflare] [cloudflare] [Cloudflare] [20ad84d030031252141ca0b3fc0183f0]
http://schedule-change.travel.skyscanner.net:2087 [400] [GET] [text/html] [400 The plain HTTP request was sent to HTTPS port] [cloudflare] [cloudflare] [Cloudflare] [20ad84d030031252141ca0b3fc0183f0]
http://schedule-change.travel.skyscanner.net:8443 [400] [GET] [text/html] [400 The plain HTTP request was sent to HTTPS port] [cloudflare] [cloudflare] [Cloudflare] [20ad84d030031252141ca0b3fc0183f0]
https://clicks.skyscanner.net [404] [GET] [text/html] [404 Not Found] [nginx] [vhost] [cloudfront] [Amazon Cloudfront,Amazon Web Services,Nginx] [70461da8b94c6ca5d2fda3260c5a8c3b]
https://cn.skyscanner.net [301] [GET] [text/html] [301 Moved Permanently] [Apache/2.4.54 () OpenSSL/1.0.2k-fips] [vhost] [Apache:2.4.54,OpenSSL:1.0.2k] [0a0de795ca95f9c03ef9ad545c74f6b9]
https://conditions.travel.skyscanner.net [404] [GET] [application/xml] [] [cloudflare] [vhost] [cloudflare] [Cloudflare,Cloudflare Bot Management] [6a9927369a243c4b4361b4c488649f02]
https://dk.skyscanner.net [301] [GET] [text/html] [301 Moved Permanently] [Apache/2.4.54 () OpenSSL/1.0.2k-fips] [vhost] [Apache:2.4.54,OpenSSL:1.0.2k] [d1eb0de55ad0ffd92df917be95707251]
http://secure-pay.travel.skyscanner.net:2083 [400] [GET] [text/html] [400 The plain HTTP request was sent to HTTPS port] [cloudflare] [cloudflare] [Cloudflare] [cd58783500d7fa3c58f88eb0ba22f4f8]
http://secure-pay.travel.skyscanner.net:2087 [400] [GET] [text/html] [400 The plain HTTP request was sent to HTTPS port] [cloudflare] [cloudflare] [Cloudflare] [20ad84d030031252141ca0b3fc0183f0]
http://secure-pay.travel.skyscanner.net:8443 [400] [GET] [text/html] [400 The plain HTTP request was sent to HTTPS port] [cloudflare] [cloudflare] [Cloudflare] [20ad84d030031252141ca0b3fc0183f0]
https://enterpriseenrollment.skyscanner.net [302] [GET] [] [] [Microsoft-IIS/10.0] [azure] [IIS:10.0,Microsoft ASP.NET:4.0.30319,Windows Server] [d41d8cd98f00b204e9800998ecf8427e]
https://enterpriseregistration.skyscanner.net [404] [GET] [text/html] [Service] [] [azure] [17654c28a506596d05424ea295203bac]
https://e.skyscanner.net [302] [GET] [text/html] [] [nginx] [Nginx] [d41d8cd98f00b204e9800998ecf8427e]
https://facescanner.skyscanner.net [301] [GET] [text/html] [301 Moved Permanently] [Apache/2.4.54 () OpenSSL/1.0.2k-fips] [vhost] [Apache:2.4.54,OpenSSL:1.0.2k] [0a0de795ca95f9c03ef9ad545c74f6b9]
https://forum.skyscanner.net [301] [GET] [text/html] [301 Moved Permanently] [Apache/2.4.54 () OpenSSL/1.0.2k-fips] [vhost] [Apache:2.4.54,OpenSSL:1.0.2k] [0a0de795ca95f9c03ef9ad545c74f6b9]
https://ftp.b2b.skyscanner.net [301] [GET] [text/html] [301 Moved Permanently] [Apache/2.4.54 () OpenSSL/1.0.2k-fips] [Apache:2.4.54,OpenSSL:1.0.2k] [0a0de795ca95f9c03ef9ad545c74f6b9]
https://futuretech.skyscanner.net [301] [GET] [] [] [Squarespace] [vhost] [Squarespace,Squarespace Commerce] [d41d8cd98f00b204e9800998ecf8427e]
https://gateway.skyscanner.net [404] [GET] [application/json] [] [kong/0.14.1] [378fa303c80d25091c727c26e56798f2]
https://gojira.skyscanner.net [302] [GET] [text/html] [] [] [vhost] [Amazon ALB,Amazon Web Services] [d41d8cd98f00b204e9800998ecf8427e]
https://gr.skyscanner.net [301] [GET] [text/html] [301 Moved Permanently] [Apache/2.4.54 () OpenSSL/1.0.2k-fips] [vhost] [Apache:2.4.54,OpenSSL:1.0.2k] [d5f4d04408ce4b5b54004ce1b8d4176f]
https://gw51.skyscanner.net [404] [GET] [application/json] [] [kong/0.14.1] [378fa303c80d25091c727c26e56798f2]
https://gw51-verify.skyscanner.net [404] [GET] [application/json] [] [kong/0.14.1] [378fa303c80d25091c727c26e56798f2]
https://gw52.skyscanner.net [404] [GET] [application/json] [] [kong/0.14.1] [378fa303c80d25091c727c26e56798f2]
https://gw53.skyscanner.net [404] [GET] [application/json] [] [kong/0.14.1] [378fa303c80d25091c727c26e56798f2]
https://gw54.skyscanner.net [404] [GET] [application/json] [] [kong/0.14.1] [378fa303c80d25091c727c26e56798f2]
https://gw-apac.skyscanner.net [404] [GET] [application/json] [] [kong/0.14.1] [378fa303c80d25091c727c26e56798f2]
https://gw-emea.skyscanner.net [404] [GET] [application/json] [] [kong/0.14.1] [378fa303c80d25091c727c26e56798f2]
https://gw-geo.skyscanner.net [404] [GET] [application/json] [] [kong/0.14.1] [378fa303c80d25091c727c26e56798f2]
https://help.skyscanner.net [301] [GET] [text/html] [] [cloudflare] [vhost] [cloudflare] [Cloudflare,Cloudflare Network Error Logging,Zendesk] [d453797bf079ebe6ebb23a60d04a58f4]
https://holidays.skyscanner.net [301] [GET] [text/html] [301 Moved Permanently] [Apache/2.4.54 () OpenSSL/1.0.2k-fips] [vhost] [Apache:2.4.54,OpenSSL:1.0.2k] [0a0de795ca95f9c03ef9ad545c74f6b9]
https://hotelshelp.skyscanner.net [301] [GET] [text/html] [] [cloudflare] [vhost] [cloudflare] [Cloudflare,Cloudflare Network Error Logging,Zendesk] [10ea12178d3b6c4f3f05512627729323]
https://hotels.skyscanner.net [301] [GET] [text/html] [301 Moved Permanently] [Apache/2.4.54 () OpenSSL/1.0.2k-fips] [Apache:2.4.54,OpenSSL:1.0.2k] [0a0de795ca95f9c03ef9ad545c74f6b9]
https://kr.skyscanner.net [301] [GET] [text/html] [301 Moved Permanently] [Apache/2.4.54 () OpenSSL/1.0.2k-fips] [vhost] [Apache:2.4.54,OpenSSL:1.0.2k] [b77e0595c54fc834b96ec9d7f2f9fb3e]
http://slipstream.skyscanner.net:4242 [200] [GET] [text/plain] [] [] [036fbc518b30da6faaa6bd989d2d3867]
https://lyncdiscover.skyscanner.net [200] [GET] [application/json] [] [] [vhost] [Azure] [e66c44eba2d645624d75466e414f94c9]
https://maint2.skyscanner.net [301] [GET] [text/plain] [] [istio-envoy] [vhost] [cloudfront] [Amazon Cloudfront,Amazon Web Services,Envoy,PerimeterX] [d8060393b2930647f208dc8cba7ee592]
https://maint2.skyscanner.net [307] [GET] [text/html] [307 Temporary Redirect] [istio-envoy] [vhost] [cloudfront] [Amazon Cloudfront,Amazon Web Services,Envoy,PerimeterX] [62019120e2e6b6a77d348c07ed5801aa]
https://maint3.skyscanner.net [200] [GET] [text/html] [Compare Cheap Flights & Book Airline Tickets to Everywhere | Skyscanner] [istio-envoy] [vhost] [cloudfront] [Amazon Cloudfront,Amazon Web Services,Envoy,PerimeterX] [79349b1f4226443d42f222cd24463ba8]
https://maint3.skyscanner.net [301] [GET] [text/plain] [] [istio-envoy] [vhost] [cloudfront] [Amazon Cloudfront,Amazon Web Services,Envoy,PerimeterX] [6a310222623a330b92f88613973160a6]
https://maint.skyscanner.net [301] [GET] [text/plain] [] [istio-envoy] [vhost] [cloudfront] [Amazon Cloudfront,Amazon Web Services,Envoy,PerimeterX] [2b37017c278362e63bf284b646ec5f31]
https://maint.skyscanner.net [301] [GET] [text/plain] [] [istio-envoy] [vhost] [cloudfront] [Amazon Cloudfront,Amazon Web Services,Envoy,PerimeterX] [cd974898dab4dfc2ebbe2d19b8fa4ad1]
https://mini.skyscanner.net [301] [GET] [text/html] [301 Moved Permanently] [Apache/2.4.54 () OpenSSL/1.0.2k-fips] [vhost] [Apache:2.4.54,OpenSSL:1.0.2k] [0a0de795ca95f9c03ef9ad545c74f6b9]
https://mobile.ds.skyscanner.net [200] [GET] [text/html] [Compare Cheap Flights & Book Airline Tickets to Everywhere | Skyscanner] [istio-envoy] [vhost] [cloudfront] [Amazon Cloudfront,Amazon Web Services,Envoy,PerimeterX] [d91416af125c82368d062db560cff979]
https://mobile.ds.skyscanner.net [307] [GET] [text/html] [307 Temporary Redirect] [istio-envoy] [vhost] [cloudfront] [Amazon Cloudfront,Amazon Web Services,Envoy,PerimeterX] [62019120e2e6b6a77d348c07ed5801aa]
https://mobile.skyscanner.net [301] [GET] [text/html] [301 Moved Permanently] [Apache/2.4.54 () OpenSSL/1.0.2k-fips] [vhost] [Apache:2.4.54,OpenSSL:1.0.2k] [0a0de795ca95f9c03ef9ad545c74f6b9]
https://news.skyscanner.net [301] [GET] [text/html] [301 Moved Permanently] [Apache/2.4.54 () OpenSSL/1.0.2k-fips] [vhost] [Apache:2.4.54,OpenSSL:1.0.2k] [db53d438ee341fa145c560a242abb9e2]
https://no.skyscanner.net [301] [GET] [text/html] [301 Moved Permanently] [Apache/2.4.54 () OpenSSL/1.0.2k-fips] [vhost] [Apache:2.4.54,OpenSSL:1.0.2k] [8afd942239a965213c6f6465f581e623]
https://partnerportal.skyscanner.net [302] [GET] [text/plain] [] [istio-envoy] [vhost] [cloudfront] [Amazon Cloudfront,Amazon Web Services,Envoy] [17f638dcb5cb278d758b43c01ae33b2a]
https://partners.api.skyscanner.net [404] [GET] [] [] [istio-envoy] [vhost] [cloudfront] [Amazon Cloudfront,Amazon Web Services] [d41d8cd98f00b204e9800998ecf8427e]
https://partners.skyscanner.net [301] [GET] [text/html] [301 Moved Permanently] [Apache/2.4.54 () OpenSSL/1.0.2k-fips] [vhost] [Apache:2.4.54,OpenSSL:1.0.2k] [75cd96ee2f73eff0abba5201a88eb932]
https://pgg13t.partners.skyscanner.net [301] [GET] [text/html] [301 Moved Permanently] [Apache/2.4.54 () OpenSSL/1.0.2k-fips] [Apache:2.4.54,OpenSSL:1.0.2k] [0a0de795ca95f9c03ef9ad545c74f6b9]
https://pt.skyscanner.net [301] [GET] [text/html] [301 Moved Permanently] [Apache/2.4.54 () OpenSSL/1.0.2k-fips] [vhost] [Apache:2.4.54,OpenSSL:1.0.2k] [d013228dbe097f7475b8958a949cc6ec]
https://redirect2.skyscanner.net [301] [GET] [text/html] [301 Moved Permanently] [Apache/2.4.54 () OpenSSL/1.0.2k-fips] [vhost] [Apache:2.4.54,OpenSSL:1.0.2k] [0a0de795ca95f9c03ef9ad545c74f6b9]
https://redirect.skyscanner.net [301] [GET] [text/html] [301 Moved Permanently] [Apache/2.4.54 () OpenSSL/1.0.2k-fips] [vhost] [Apache:2.4.54,OpenSSL:1.0.2k] [0a0de795ca95f9c03ef9ad545c74f6b9]
https://ro.skyscanner.net [301] [GET] [text/html] [301 Moved Permanently] [Apache/2.4.54 () OpenSSL/1.0.2k-fips] [vhost] [Apache:2.4.54,OpenSSL:1.0.2k] [12410296137a2dcf56652fb393fa4b78]
https://schedule-change.travel.skyscanner.net [404] [GET] [text/html] [404 Not Found] [cloudflare] [vhost] [cloudflare] [Cloudflare,Cloudflare Bot Management] [8eec510e57f5f732fd2cce73df7b73ef]
https://secure-pay.travel.skyscanner.net [404] [GET] [text/html] [404 Not Found] [cloudflare] [vhost] [cloudflare] [Cloudflare,Cloudflare Bot Management] [370e16c3b7dba286cff055f93b9a94d8]
https://secure-pay.travel.skyscanner.net [404] [GET] [text/html] [404 Not Found] [cloudflare] [vhost] [cloudflare] [Cloudflare,Cloudflare Bot Management] [8eec510e57f5f732fd2cce73df7b73ef]
https://secure.skyscanner.net [301] [GET] [text/html] [301 Moved Permanently] [Apache/2.4.54 () OpenSSL/1.0.2k-fips] [vhost] [Apache:2.4.54,OpenSSL:1.0.2k] [0a0de795ca95f9c03ef9ad545c74f6b9]
https://se.skyscanner.net [301] [GET] [text/html] [301 Moved Permanently] [Apache/2.4.54 () OpenSSL/1.0.2k-fips] [vhost] [Apache:2.4.54,OpenSSL:1.0.2k] [04730c50a7ec4244db463484866eb525]
https://sip.skyscanner.net [404] [GET] [text/plain] [] [RTC/7.0] [9f4997c1fe08ff121f4a30df79d5356a]
https://skyscanner.net [301] [GET] [text/html] [301 Moved Permanently] [Apache/2.4.54 () OpenSSL/1.0.2k-fips] [vhost] [Apache:2.4.54,OpenSSL:1.0.2k] [0a0de795ca95f9c03ef9ad545c74f6b9]
https://slipstream.skyscanner.net [200] [GET] [text/plain] [] [] [036fbc518b30da6faaa6bd989d2d3867]
https://support.business.skyscanner.net [301] [GET] [text/html] [] [cloudflare] [vhost] [cloudflare] [Cloudflare,Cloudflare Network Error Logging,Zendesk] [29cbf3d3b281c7cc96b9a4e19afcc0de]
https://talent.skyscanner.net [200] [GET] [text/html] [Skyscanner Talent Directory] [GitHub.com] [vhost] [Fastly,GitHub Pages,Varnish] [42a99a1dd98b7786811e6e638dda882f]
https://translate.skyscanner.net [301] [GET] [text/html] [301 Moved Permanently] [Apache/2.4.54 () OpenSSL/1.0.2k-fips] [vhost] [Apache:2.4.54,OpenSSL:1.0.2k] [0a0de795ca95f9c03ef9ad545c74f6b9]
https://traveller-support.skyscanner.net [301] [GET] [text/html] [] [cloudflare] [vhost] [cloudflare] [Cloudflare,Cloudflare Network Error Logging,Zendesk] [149cebe678efe9d2ac4810e48b392452]
https://travelpro.skyscanner.net [301] [GET] [text/html] [301 Moved Permanently] [Apache/2.4.54 () OpenSSL/1.0.2k-fips] [vhost] [Apache:2.4.54,OpenSSL:1.0.2k] [e44e567599e004f654a8d1b7de830654]
https://tr.skyscanner.net [301] [GET] [text/html] [301 Moved Permanently] [Apache/2.4.54 () OpenSSL/1.0.2k-fips] [vhost] [Apache:2.4.54,OpenSSL:1.0.2k] [fe0b9c149b9be96494001e62f4ee47a6]
https://widgets.skyscanner.net [404] [GET] [application/json] [] [kong/0.14.1] [378fa303c80d25091c727c26e56798f2]
https://w.skyscanner.net [301] [GET] [text/html] [301 Moved Permanently] [Apache/2.4.54 () OpenSSL/1.0.2k-fips] [Apache:2.4.54,OpenSSL:1.0.2k] [0a0de795ca95f9c03ef9ad545c74f6b9]
https://ww.skyscanner.net [301] [GET] [text/html] [301 Moved Permanently] [Apache/2.4.54 () OpenSSL/1.0.2k-fips] [vhost] [Apache:2.4.54,OpenSSL:1.0.2k] [0a0de795ca95f9c03ef9ad545c74f6b9]
https://www.business.skyscanner.net [301] [GET] [text/html] [301 Moved Permanently] [Apache/2.4.54 () OpenSSL/1.0.2k-fips] [Apache:2.4.54,OpenSSL:1.0.2k] [0a0de795ca95f9c03ef9ad545c74f6b9]
https://www.en.business.skyscanner.net [301] [GET] [] [] [Squarespace] [vhost] [Squarespace,Squarespace Commerce] [d41d8cd98f00b204e9800998ecf8427e]
https://www.forum.skyscanner.net [301] [GET] [text/html] [301 Moved Permanently] [Apache/2.4.54 () OpenSSL/1.0.2k-fips] [vhost] [Apache:2.4.54,OpenSSL:1.0.2k] [0a0de795ca95f9c03ef9ad545c74f6b9]
https://www.futuretech.skyscanner.net [401] [GET] [text/html] [FutureTech - Skyscanner — Secure] [Squarespace] [vhost] [Squarespace,Squarespace Commerce] [5367ac46dee41b7bf214a536b1c27559]
https://www.mailer.skyscanner.net [404] [GET] [text/html] [404 Not Found] [nginx] [Nginx] [70461da8b94c6ca5d2fda3260c5a8c3b]
https://www.mailer.skyscanner.net [404] [GET] [text/html] [404 Not Found] [nginx] [Nginx] [8e325dc2fea7c8900fc6c4b8c6c394fe]
https://www.partners.skyscanner.net [200] [GET] [text/html] [Skyscanner Partners | Solutions for Your Business] [cloudflare] [vhost] [Cloudflare,Cloudflare Bot Management,Cloudflare Network Error Logging,HubSpot,HubSpot CMS Hub] [818e2d15df1be88a306e36a9227e3ef7]
https://www.partners.skyscanner.net:8443 [403] [GET] [text/html] [Actions blocked] [cloudflare] [vhost] [Cloudflare,Cloudflare Bot Management,Cloudflare Network Error Logging] [25e2913a9a32fc77bcfbcc5fcdd4353b]
https://www.skyscanner.net [200] [GET] [text/html] [Compare Cheap Flights & Book Airline Tickets to Everywhere | Skyscanner] [istio-envoy] [vhost] [cloudfront] [Amazon Cloudfront,Amazon Web Services,Envoy,PerimeterX] [80044630cc24518e3a83e5b33bd912a7]
https://www.skyscanner.net [301] [GET] [text/plain] [] [istio-envoy] [vhost] [cloudfront] [Amazon Cloudfront,Amazon Web Services,Envoy,PerimeterX] [9f6adb3202e0992d90879fa7ba7cd954]
https://wwww.skyscanner.net [301] [GET] [text/html] [301 Moved Permanently] [Apache/2.4.54 () OpenSSL/1.0.2k-fips] [Apache:2.4.54,OpenSSL:1.0.2k] [0a0de795ca95f9c03ef9ad545c74f6b9]
https://yj.partners.api.skyscanner.net [200] [GET] [text/html] [Compare Cheap Flights & Book Airline Tickets to Everywhere | Skyscanner] [istio-envoy] [vhost] [cloudfront] [Amazon Cloudfront,Amazon Web Services,Envoy,PerimeterX] [a960f7f2f0b18f021ca12b9d5d7ecb69]
https://yj.partners.api.skyscanner.net [301] [GET] [text/plain] [] [istio-envoy] [vhost] [cloudfront] [Amazon Cloudfront,Amazon Web Services,Envoy,PerimeterX] [86b55fe74253324fbb23393b92ef47fc]
http://travel.skyscanner.net [200] [GET] [] [] [] [514eb157c352678fe6e6ffb103579bfa]
http://url4728.skyscanner.net [403] [GET] [text/html] [ERROR: The request could not be satisfied] [CloudFront] [cloudfront] [Amazon Cloudfront,Amazon Web Services] [6c5b0b3aa0493a34084b8001887dec5d]
http://www.partners.skyscanner.net:8080 [403] [GET] [text/html] [Actions blocked] [cloudflare] [vhost] [Cloudflare,Cloudflare Bot Management,Cloudflare Network Error Logging] [33051bf63b5ebc67fe654a6444634d4c]
http://www.travel.skyscanner.net [200] [GET] [] [] [] [514eb157c352678fe6e6ffb103579bfa]
