http://autodiscover.skyvegas.com [301] [GET] [] [] [Microsoft-IIS/10.0] [vhost] [IIS:10.0,Microsoft ASP.NET,Windows Server] [d41d8cd98f00b204e9800998ecf8427e]
https://account.skyvegas.com [302] [GET] [] [] [AkamaiGHost] [vhost] [d41d8cd98f00b204e9800998ecf8427e]
https://assets.skyvegas.com [403] [GET] [application/xml] [] [AmazonS3] [vhost] [cloudfront] [Amazon Cloudfront,Amazon S3,Amazon Web Services] [2349ea2932c1025855738258a85b5234]
https://assets.skyvegas.com [403] [GET] [application/xml] [] [AmazonS3] [vhost] [cloudfront] [Amazon Cloudfront,Amazon S3,Amazon Web Services] [4bb9cce4cd78759fe16c0cd98c5fdedf]
https://assets.test.skyvegas.com [403] [GET] [application/xml] [] [AmazonS3] [vhost] [cloudfront] [Amazon Cloudfront,Amazon S3,Amazon Web Services] [219c0b32aa4cffc37c368d3a0634e01f]
https://assets.test.skyvegas.com [403] [GET] [application/xml] [] [AmazonS3] [vhost] [cloudfront] [Amazon Cloudfront,Amazon S3,Amazon Web Services] [4c8bb8d692f4faff0b3aea72f46d0d4d]
https://casinoapp.skyvegas.com [403] [GET] [text/html] [403 Forbidden] [Apache] [vhost] [Apache] [bb8f534fbff5ee61a95af9c4740ae043]
https://games.casinogames.skyvegas.com [404] [GET] [text/html] [] [nginx] [vhost] [Nginx] [561b2c67698a217caf3c8cde633d7738]
https://messaging.skyvegas.com [403] [GET] [application/json] [] [] [vhost] [bc45704aad57d445b6dfa58b101071e3]
https://messaging.test.skyvegas.com [403] [GET] [text/html] [Access to this site has or may be restricted or prohibited from your current location] [AkamaiNetStorage] [vhost] [a0861620c853283cc7fcbef80e07138b]
https://m.skyvegas.com [302] [GET] [] [] [AkamaiGHost] [vhost] [d41d8cd98f00b204e9800998ecf8427e]
https://msoid.skyvegas.com [302] [GET] [text/html] [Object moved] [] [vhost] [azure] [67dc47621d0dca9dc8d849ee26494c3b]
https://m.staging.skyvegas.com [301] [GET] [] [] [AkamaiGHost] [vhost] [d41d8cd98f00b204e9800998ecf8427e]
https://nps.skyvegas.com [302] [GET] [] [] [AkamaiGHost] [vhost] [d41d8cd98f00b204e9800998ecf8427e]
https://skyvegas.com [302] [GET] [] [] [AkamaiGHost] [vhost] [d41d8cd98f00b204e9800998ecf8427e]
https://slots.casinogames.skyvegas.com [404] [GET] [text/html] [] [nginx] [vhost] [Nginx] [469662e2599b0afcfa69470def52a4fc]
https://slots.casinogames.skyvegas.com [404] [GET] [text/html] [] [nginx] [vhost] [Nginx] [96c5305258674b65902ed79e0c78ff92]
https://support.skyvegas.com [301] [GET] [] [] [] [vhost] [d41d8cd98f00b204e9800998ecf8427e]
https://www.nps.skyvegas.com [403] [GET] [text/html] [Access to this site has or may be restricted or prohibited from your current location] [AkamaiNetStorage] [vhost] [a0861620c853283cc7fcbef80e07138b]
https://www.skyvegas.com [302] [GET] [] [] [AkamaiGHost] [vhost] [d41d8cd98f00b204e9800998ecf8427e]
https://www.staging.skyvegas.com [403] [GET] [text/html] [Access to this site has or may be restricted or prohibited from your current location] [AkamaiNetStorage] [vhost] [a0861620c853283cc7fcbef80e07138b]
https://www.test2.skyvegas.com [403] [GET] [text/html] [Access to this site has or may be restricted or prohibited from your current location] [AkamaiNetStorage] [vhost] [a0861620c853283cc7fcbef80e07138b]
