http://dt-receiver.staging.sol-data.com:2082 [530] [GET] [text/html] [Argo Tunnel error | dt-receiver.staging.sol-data.com | Cloudflare] [cloudflare] [vhost] [cloudflare] [Cloudflare] [4fc13346b64b543a89901e9d7922d357]
http://dt-receiver.staging.sol-data.com:2086 [530] [GET] [text/html] [Argo Tunnel error | dt-receiver.staging.sol-data.com | Cloudflare] [cloudflare] [vhost] [cloudflare] [Cloudflare] [826661c2d809523469777482266bcdf2]
http://dt-receiver.staging.sol-data.com:8080 [530] [GET] [text/html] [Argo Tunnel error | dt-receiver.staging.sol-data.com | Cloudflare] [cloudflare] [vhost] [cloudflare] [Cloudflare] [4503b2a8c3acd99cf85e4c59d437e053]
http://dt-receiver.staging.sol-data.com:8880 [530] [GET] [text/html] [Argo Tunnel error | dt-receiver.staging.sol-data.com | Cloudflare] [cloudflare] [vhost] [cloudflare] [Cloudflare] [41759ee6329c612889bf9bc37fff54f4]
https://api.sol-data.com [404] [GET] [application/octet-stream] [] [cloudflare] [vhost] [cloudflare] [Cloudflare,Cloudflare Bot Management] [12e3b7e2b14aae4cf3be7d9a9b9bcc2f]
https://api-staging.sol-data.com [404] [GET] [application/octet-stream] [] [cloudflare] [vhost] [cloudflare] [Cloudflare,Cloudflare Bot Management] [12e3b7e2b14aae4cf3be7d9a9b9bcc2f]
https://dt-receiver.staging.sol-data.com:2083 [530] [GET] [text/html] [Argo Tunnel error | dt-receiver.staging.sol-data.com | Cloudflare] [cloudflare] [vhost] [cloudflare] [Cloudflare] [2795680e71fcd4e3621ede2c21b5ea9f]
https://dt-receiver.staging.sol-data.com [530] [GET] [text/html] [Argo Tunnel error | dt-receiver.staging.sol-data.com | Cloudflare] [cloudflare] [vhost] [cloudflare] [Cloudflare] [0db4045426d16fbd603ec071c1637823]
https://dt-receiver.staging.sol-data.com [530] [GET] [text/html] [Argo Tunnel error | dt-receiver.staging.sol-data.com | Cloudflare] [cloudflare] [vhost] [cloudflare] [Cloudflare] [36b7fb8fb74e66ebe692ad9e4dbd81ca]
https://dt-receiver.staging.sol-data.com:8443 [530] [GET] [text/html] [Argo Tunnel error | dt-receiver.staging.sol-data.com | Cloudflare] [cloudflare] [vhost] [cloudflare] [Cloudflare] [adb6f65273640d787110545fb75f9901]
https://js.sol-data.com [403] [GET] [application/xml] [] [AmazonS3] [vhost] [cloudfront] [Amazon Cloudfront,Amazon S3,Amazon Web Services] [1f18f018ca25547e22abc85d8d62ec30]
https://js.sol-data.com [403] [GET] [application/xml] [] [AmazonS3] [vhost] [cloudfront] [Amazon Cloudfront,Amazon S3,Amazon Web Services] [408e8ede51ed5c8705901a7990477a5a]
https://sol-http-1-production.sol-data.com [404] [GET] [application/octet-stream] [] [nginx/1.18.0] [Nginx:1.18.0] [12e3b7e2b14aae4cf3be7d9a9b9bcc2f]
https://sol-http-1-staging.sol-data.com [404] [GET] [application/octet-stream] [] [nginx/1.18.0] [Nginx:1.18.0] [12e3b7e2b14aae4cf3be7d9a9b9bcc2f]
https://sol-http-2-production.sol-data.com [404] [GET] [application/octet-stream] [] [nginx/1.18.0] [Nginx:1.18.0] [12e3b7e2b14aae4cf3be7d9a9b9bcc2f]
https://sol-http-2-staging.sol-data.com [404] [GET] [application/octet-stream] [] [nginx/1.18.0] [Nginx:1.18.0] [12e3b7e2b14aae4cf3be7d9a9b9bcc2f]
https://sol-http-3-production.sol-data.com [404] [GET] [application/octet-stream] [] [nginx/1.18.0] [Nginx:1.18.0] [12e3b7e2b14aae4cf3be7d9a9b9bcc2f]
https://sol-http-7-production.sol-data.com [404] [GET] [application/octet-stream] [] [nginx/1.18.0] [Nginx:1.18.0] [12e3b7e2b14aae4cf3be7d9a9b9bcc2f]
https://web.sol-data.com [404] [GET] [application/octet-stream] [] [cloudflare] [vhost] [cloudflare] [Cloudflare,Cloudflare Bot Management] [12e3b7e2b14aae4cf3be7d9a9b9bcc2f]
https://web-staging.sol-data.com [404] [GET] [application/octet-stream] [] [cloudflare] [vhost] [cloudflare] [Cloudflare,Cloudflare Bot Management] [12e3b7e2b14aae4cf3be7d9a9b9bcc2f]
