http://api-test.solarcity.com [403] [GET] [text/html] [403 - Forbidden: Access is denied.] [Microsoft-IIS/10.0] [IIS:10.0,Microsoft ASP.NET,Windows Server] [11ca4578cb026a23713aea6781b8ece3]
http://gw.solarcity.com:2013 [400] [GET] [text/html] [400 The plain HTTP request was sent to HTTPS port] [awselb/2.0] [32eb9c282b51928c4269fa14a63f8e31]
http://origin-login.solarcity.com [302] [GET] [] [] [BigIP] [F5 BigIP] [d41d8cd98f00b204e9800998ecf8427e]
http://prod-gw.scsg.solarcity.com:2013 [400] [GET] [text/html] [400 The plain HTTP request was sent to HTTPS port] [awselb/2.0] [039440a659131fc826f7796cfb3efba5]
https://api.solarcity.com [401] [GET] [text/html] [] [] [vhost] [38559c871fba28d992ead51549367f83]
https://hamilton-edge.scfs.solarcity.com [400] [GET] [text/html] [Invalid URL] [AkamaiGHost] [3d1d26f98eca6fcf1e75ed8e602a14f9]
https://hamilton-edge.scfs.solarcity.com [400] [GET] [text/html] [Invalid URL] [AkamaiGHost] [be85a654fe60587c3f9359dae0eb34b9]
https://isapi.solarcity.com [403] [GET] [text/html] [Access Denied] [AkamaiGHost] [vhost] [c161e42672448311c2c0bf7bd1fb3b19]
https://login.solarcity.com [403] [GET] [text/html] [Access Denied] [AkamaiGHost] [vhost] [8dc80a582db2ff6c6426e61f2639d660]
https://login.solarcity.com [403] [GET] [text/html] [Access Denied] [AkamaiGHost] [vhost] [ef1d2e14ee6eb14d771b3ed61612824b]
https://origin-sg-1.solarcity.com [401] [GET] [text/html] [401 - Unauthorized: Access is denied due to invalid credentials.] [Microsoft-IIS/10.0] [IIS:10.0,Microsoft ASP.NET:4.0.30319,Windows Server] [5720392716b0be81c8110c6f0598e01b]
https://origin-sg-1.solarcity.com [401] [GET] [text/html] [401 - Unauthorized: Access is denied due to invalid credentials.] [Microsoft-IIS/10.0] [IIS:10.0,Microsoft ASP.NET,Windows Server] [5720392716b0be81c8110c6f0598e01b]
https://origin-sg.solarcity.com [401] [GET] [text/html] [401 - Unauthorized: Access is denied due to invalid credentials.] [Microsoft-IIS/10.0] [IIS:10.0,Microsoft ASP.NET:4.0.30319,Windows Server] [5720392716b0be81c8110c6f0598e01b]
https://origin-sg.solarcity.com [401] [GET] [text/html] [401 - Unauthorized: Access is denied due to invalid credentials.] [Microsoft-IIS/10.0] [IIS:10.0,Microsoft ASP.NET,Windows Server] [5720392716b0be81c8110c6f0598e01b]
https://parser.solarcity.com [401] [GET] [text/html] [401 - Unauthorized: Access is denied due to invalid credentials.] [Microsoft-IIS/10.0] [IIS:10.0,Microsoft ASP.NET:4.0.30319,Windows Server] [5720392716b0be81c8110c6f0598e01b]
https://parser.solarcity.com [401] [GET] [text/html] [401 - Unauthorized: Access is denied due to invalid credentials.] [Microsoft-IIS/10.0] [IIS:10.0,Microsoft ASP.NET,Windows Server] [5720392716b0be81c8110c6f0598e01b]
https://payments.billing.solarcity.com [200] [GET] [text/html] [] [Apache/2.4.52 ()] [Apache:2.4.52] [79fbb7469af4b7797a35ad345db6068a]
https://payments.solarcity.com [200] [GET] [text/html] [] [Apache/2.4.52 ()] [Apache:2.4.52] [79fbb7469af4b7797a35ad345db6068a]
https://prod-athena-cust-alb.scfs.solarcity.com [503] [GET] [text/html] [503 Service Temporarily Unavailable] [awselb/2.0] [613f79233487af685baf4b32a2397ede]
https://prod-athena-cust-alb.scfs.solarcity.com [503] [GET] [text/html] [503 Service Temporarily Unavailable] [awselb/2.0] [81df4d3863debf3eceb5cf84251fd472]
https://prod-helios-cust-alb.scfs.solarcity.com [200] [GET] [text/html] [] [Apache/2.4.52 ()] [Apache:2.4.52] [89cf8e9713567447dd9616aab3093227]
https://secure-test.solarcity.com [302] [GET] [text/html] [Object moved] [Microsoft-IIS/10.0] [IIS:10.0,Microsoft ASP.NET:4.0.30319,Windows Server] [253da5d39a01f5601f32b127ec6d0008]
https://sg-1.solarcity.com [401] [GET] [text/html] [401 - Unauthorized: Access is denied due to invalid credentials.] [Microsoft-IIS/10.0] [IIS:10.0,Microsoft ASP.NET:4.0.30319,Windows Server] [5720392716b0be81c8110c6f0598e01b]
https://sg.solarcity.com [401] [GET] [text/html] [401 - Unauthorized: Access is denied due to invalid credentials.] [Microsoft-IIS/10.0] [IIS:10.0,Microsoft ASP.NET:4.0.30319,Windows Server] [5720392716b0be81c8110c6f0598e01b]
https://sg.solarcity.com [401] [GET] [text/html] [401 - Unauthorized: Access is denied due to invalid credentials.] [Microsoft-IIS/10.0] [IIS:10.0,Microsoft ASP.NET,Windows Server] [5720392716b0be81c8110c6f0598e01b]
https://solarbonds.solarcity.com [200] [GET] [text/html] [] [Apache/2.4.52 ()] [Apache:2.4.52] [89cf8e9713567447dd9616aab3093227]
https://solarcity.com [301] [GET] [] [] [LB] [d41d8cd98f00b204e9800998ecf8427e]
https://solarguard.solarcity.com [403] [GET] [text/html] [Access Denied] [AkamaiGHost] [vhost] [43c3e8ca4ea159b501f5261105894080]
https://solarguard.solarcity.com [403] [GET] [text/html] [Access Denied] [AkamaiGHost] [vhost] [6e0265a3b1fb1602b47c25eddc9e3c37]
https://warp.solarcity.com [403] [GET] [text/html] [Access Denied] [AkamaiGHost] [vhost] [038a1aa53ee20d726a52d5152ad6a96d]
https://warp.solarcity.com [403] [GET] [text/html] [Access Denied] [AkamaiGHost] [vhost] [d30673424cab41ec7f9b47d9d75f1d45]
https://webmail.solarcity.com [302] [GET] [] [] [Microsoft-IIS/10.0] [vhost] [IIS:10.0,Microsoft ASP.NET,Windows Server] [d41d8cd98f00b204e9800998ecf8427e]
https://www.solarbonds.solarcity.com [200] [GET] [text/html] [] [Apache/2.4.52 ()] [Apache:2.4.52] [89cf8e9713567447dd9616aab3093227]
https://www.solarcity.com [301] [GET] [] [] [LB] [d41d8cd98f00b204e9800998ecf8427e]
http://websocket-prod.scsg.solarcity.com:2013 [400] [GET] [text/html] [400 The plain HTTP request was sent to HTTPS port] [awselb/2.0] [32eb9c282b51928c4269fa14a63f8e31]
