http://api.spotifyforbrands.com [404] [GET] [text/html] [Error 404 (Not Found)!!1] [ghs] [b81150861bf911f947660cf73bce77f6]
http://app-engine-test.spotifyforbrands.com [404] [GET] [text/html] [Error 404 (Not Found)!!1] [ghs] [b81150861bf911f947660cf73bce77f6]
http://aroma0063.spotifyforbrands.com [404] [GET] [text/html] [Error 404 (Not Found)!!1] [ghs] [b81150861bf911f947660cf73bce77f6]
http://c114.spotifyforbrands.com [404] [GET] [text/html] [Error 404 (Not Found)!!1] [ghs] [b81150861bf911f947660cf73bce77f6]
http://cdn103.spotifyforbrands.com [404] [GET] [text/html] [Error 404 (Not Found)!!1] [ghs] [b81150861bf911f947660cf73bce77f6]
http://culturecompass.spotifyforbrands.com [404] [GET] [text/html] [Error 404 (Not Found)!!1] [ghs] [b81150861bf911f947660cf73bce77f6]
http://culturenextvol1-sea.spotifyforbrands.com [404] [GET] [text/html] [Error 404 (Not Found)!!1] [ghs] [b81150861bf911f947660cf73bce77f6]
http://customsegment.spotifyforbrands.com [404] [GET] [text/html] [Error 404 (Not Found)!!1] [ghs] [b81150861bf911f947660cf73bce77f6]
http://dan.spotifyforbrands.com [404] [GET] [text/html] [Error 404 (Not Found)!!1] [ghs] [b81150861bf911f947660cf73bce77f6]
http://demo.spotifyforbrands.com [404] [GET] [text/html] [Error 404 (Not Found)!!1] [ghs] [b81150861bf911f947660cf73bce77f6]
http://dhcpfa16.spotifyforbrands.com [404] [GET] [text/html] [Error 404 (Not Found)!!1] [ghs] [b81150861bf911f947660cf73bce77f6]
http://ipg.spotifyforbrands.com [404] [GET] [text/html] [Error 404 (Not Found)!!1] [ghs] [b81150861bf911f947660cf73bce77f6]
http://min0501.spotifyforbrands.com [404] [GET] [text/html] [Error 404 (Not Found)!!1] [ghs] [b81150861bf911f947660cf73bce77f6]
http://ohfashion.spotifyforbrands.com [404] [GET] [text/html] [Error 404 (Not Found)!!1] [ghs] [b81150861bf911f947660cf73bce77f6]
http://onlinegames.spotifyforbrands.com [404] [GET] [text/html] [Error 404 (Not Found)!!1] [ghs] [b81150861bf911f947660cf73bce77f6]
http://playlist-infographic.spotifyforbrands.com [404] [GET] [text/html] [Error 404 (Not Found)!!1] [ghs] [b81150861bf911f947660cf73bce77f6]
http://playlist-infographic-staging.spotifyforbrands.com [404] [GET] [text/html] [Error 404 (Not Found)!!1] [ghs] [b81150861bf911f947660cf73bce77f6]
http://playlist-staging.spotifyforbrands.com [404] [GET] [text/html] [Error 404 (Not Found)!!1] [ghs] [b81150861bf911f947660cf73bce77f6]
http://preview.spotifyforbrands.com [404] [GET] [text/html] [Error 404 (Not Found)!!1] [ghs] [b81150861bf911f947660cf73bce77f6]
http://publicis.spotifyforbrands.com [404] [GET] [text/html] [Error 404 (Not Found)!!1] [ghs] [b81150861bf911f947660cf73bce77f6]
http://salesportal.spotifyforbrands.com [404] [GET] [text/html] [Error 404 (Not Found)!!1] [ghs] [b81150861bf911f947660cf73bce77f6]
https://api1.spotifyforbrands.com [302] [GET] [text/plain] [] [Google Frontend] [vhost] [Express,Google App Engine,Google Cloud,Google Cloud Trace,Node.js] [1c7d56982c5e5a452caa5e1b01991277]
https://api1-staging.spotifyforbrands.com [302] [GET] [text/plain] [] [Google Frontend] [vhost] [Express,Google App Engine,Google Cloud,Google Cloud Trace,Node.js] [1c7d56982c5e5a452caa5e1b01991277]
https://api2.spotifyforbrands.com [302] [GET] [text/plain] [] [Google Frontend] [vhost] [Express,Google App Engine,Google Cloud,Google Cloud Trace,Node.js] [1c7d56982c5e5a452caa5e1b01991277]
https://asia.spotifyforbrands.com [302] [GET] [text/html] [] [PardotServer] [vhost] [Pardot] [d41d8cd98f00b204e9800998ecf8427e]
https://bose-segments.spotifyforbrands.com [200] [GET] [text/html] [Spotify | Audience Segment Explorer] [Google Frontend] [vhost] [Express,Google App Engine,Google Cloud,Google Cloud Trace,Google Tag Manager,Node.js] [1ec3b41df1740148e87fe8b90f0c6b72]
https://bose-segments-staging.spotifyforbrands.com [302] [GET] [text/html] [] [Google Frontend] [vhost] [Google App Engine] [d41d8cd98f00b204e9800998ecf8427e]
http://scontent-yyz1-1.spotifyforbrands.com [404] [GET] [text/html] [Error 404 (Not Found)!!1] [ghs] [b81150861bf911f947660cf73bce77f6]
https://creativeportal.spotifyforbrands.com [301] [GET] [text/html] [] [Apache] [vhost] [Apache,Varnish:6.1] [d41d8cd98f00b204e9800998ecf8427e]
https://creativeportfolio.spotifyforbrands.com [301] [GET] [text/html] [] [Apache] [vhost] [Apache,Varnish:6.1] [d41d8cd98f00b204e9800998ecf8427e]
https://creativeportfolio-staging.spotifyforbrands.com [302] [GET] [text/html] [] [Google Frontend] [vhost] [Google App Engine] [d41d8cd98f00b204e9800998ecf8427e]
https://demobuilder.spotifyforbrands.com [302] [GET] [text/plain] [] [Google Frontend] [vhost] [Express,Google App Engine,Google Cloud,Google Cloud Trace,Node.js] [0b7f2a5c390c3e89565b9eae391ad462]
https://demobuilder-staging.spotifyforbrands.com [200] [GET] [text/html] [Spotify Demo] [Google Frontend] [vhost] [Google App Engine,Google Cloud,Google Cloud Trace,Next.js,Node.js,React,webpack] [89dd91ccc94c62d084fa42ead399811e]
https://dentsu-partner.spotifyforbrands.com [200] [GET] [text/html] [Spotify for Brands] [Google Frontend] [vhost] [Express,Google App Engine,Google Cloud,Google Cloud Trace,Google Tag Manager,Node.js] [142edd69957b2d3654c52352ab6a3ca7]
https://dentsu-partner-staging.spotifyforbrands.com [200] [GET] [text/html] [Spotify for Brands] [Google Frontend] [vhost] [Express,Google App Engine,Google Cloud,Google Cloud Trace,Google Tag Manager,Node.js] [333732e38c94f9d117ded85440009034]
https://discovery.spotifyforbrands.com [200] [GET] [text/html] [Spotify for Brands] [Google Frontend] [vhost] [Express,Google App Engine,Google Cloud,Google Cloud Trace,Google Tag Manager,Node.js] [8aacbe9b9eeb510e1e063c8395dbb949]
https://discovery-staging.spotifyforbrands.com [200] [GET] [text/html] [Spotify for Brands] [Google Frontend] [vhost] [Express,Google App Engine,Google Cloud,Google Cloud Trace,Google Tag Manager,Node.js] [0299ecc37bd0c6b35e1701a6648ba052]
http://segments-dev.spotifyforbrands.com [404] [GET] [text/html] [Error 404 (Not Found)!!1] [ghs] [b81150861bf911f947660cf73bce77f6]
https://havas-partner.spotifyforbrands.com [200] [GET] [text/html] [Spotify for Brands] [Google Frontend] [vhost] [Express,Google App Engine,Google Cloud,Google Cloud Trace,Google Tag Manager,Node.js] [94727b8a332709a8024dac74da1818c6]
https://havas-partner-staging.spotifyforbrands.com [200] [GET] [text/html] [Spotify for Brands] [Google Frontend] [vhost] [Express,Google App Engine,Google Cloud,Google Cloud Trace,Google Tag Manager,Node.js] [2f10bc5fc2cdd5739689e0fc878671df]
https://havas-segments.spotifyforbrands.com [200] [GET] [text/html] [Spotify | Audience Segment Explorer] [Google Frontend] [vhost] [Express,Google App Engine,Google Cloud,Google Cloud Trace,Google Tag Manager,Node.js] [1ec3b41df1740148e87fe8b90f0c6b72]
https://havas-segments-staging.spotifyforbrands.com [302] [GET] [text/html] [] [Google Frontend] [vhost] [Google App Engine] [d41d8cd98f00b204e9800998ecf8427e]
https://ipg-partner.spotifyforbrands.com [200] [GET] [text/html] [Spotify for Brands] [Google Frontend] [vhost] [Express,Google App Engine,Google Cloud,Google Cloud Trace,Google Tag Manager,Node.js] [3d644b9253b84066a2ee5a120a5e492d]
https://ipg-partner-staging.spotifyforbrands.com [200] [GET] [text/html] [Spotify for Brands] [Google Frontend] [vhost] [Express,Google App Engine,Google Cloud,Google Cloud Trace,Google Tag Manager,Node.js] [184e99f527a8383d1137867780beeff5]
https://ipg-segments.spotifyforbrands.com [200] [GET] [text/html] [Spotify | Audience Segment Explorer] [Google Frontend] [vhost] [Express,Google App Engine,Google Cloud,Google Cloud Trace,Google Tag Manager,Node.js] [1ec3b41df1740148e87fe8b90f0c6b72]
https://ipg-segments-staging.spotifyforbrands.com [302] [GET] [text/html] [] [Google Frontend] [vhost] [Google App Engine] [d41d8cd98f00b204e9800998ecf8427e]
https://omg-segments.spotifyforbrands.com [200] [GET] [text/html] [Spotify | Audience Segment Explorer] [Google Frontend] [vhost] [Express,Google App Engine,Google Cloud,Google Cloud Trace,Google Tag Manager,Node.js] [1ec3b41df1740148e87fe8b90f0c6b72]
https://omg-segments-staging.spotifyforbrands.com [302] [GET] [text/html] [] [Google Frontend] [vhost] [Google App Engine] [d41d8cd98f00b204e9800998ecf8427e]
https://omnicom-partner.spotifyforbrands.com [200] [GET] [text/html] [Spotify for Brands] [Google Frontend] [vhost] [Express,Google App Engine,Google Cloud,Google Cloud Trace,Google Tag Manager,Node.js] [2a89e645df2e2e9212691970099fe1e6]
https://omnicom-partner-staging.spotifyforbrands.com [200] [GET] [text/html] [Spotify for Brands] [Google Frontend] [vhost] [Express,Google App Engine,Google Cloud,Google Cloud Trace,Google Tag Manager,Node.js] [a03ca60e0f155d026f779dfb0f741276]
https://partner.spotifyforbrands.com [200] [GET] [text/html] [Spotify for Brands] [Google Frontend] [vhost] [Express,Google App Engine,Google Cloud,Google Cloud Trace,Google Tag Manager,Node.js] [1cc6381b5d018be723c60724b4f36d4a]
https://partner-staging.spotifyforbrands.com [200] [GET] [text/html] [Spotify for Brands] [Google Frontend] [vhost] [Express,Google App Engine,Google Cloud,Google Cloud Trace,Google Tag Manager,Node.js] [07b82c2d7aa5b2c06e4ffa644fe42bca]
http://spotifyforbrands.com [404] [GET] [text/html] [Error 404 (Not Found)!!1] [ghs] [b81150861bf911f947660cf73bce77f6]
https://publicis-segments.spotifyforbrands.com [200] [GET] [text/html] [Spotify | Audience Segment Explorer] [Google Frontend] [vhost] [Express,Google App Engine,Google Cloud,Google Cloud Trace,Google Tag Manager,Node.js] [1ec3b41df1740148e87fe8b90f0c6b72]
https://publicis-segments-staging.spotifyforbrands.com [302] [GET] [text/html] [] [Google Frontend] [vhost] [Google App Engine] [d41d8cd98f00b204e9800998ecf8427e]
https://ru.spotifyforbrands.com [302] [GET] [text/plain] [] [Google Frontend] [vhost] [Express,Google App Engine,Google Cloud,Google Cloud Trace,Node.js] [5bae6fe4d0314eefc2a1a8c01a254bd9]
https://sea.spotifyforbrands.com [500] [GET] [application/json] [] [Google Frontend] [vhost] [Express,Google App Engine,Google Cloud,Google Cloud Trace,Node.js] [99914b932bd37a50b983c5e7c90ae93b]
https://segments.spotifyforbrands.com [200] [GET] [text/html] [Spotify | Audience Segment Explorer] [Google Frontend] [vhost] [Express,Google App Engine,Google Cloud,Google Cloud Trace,Google Tag Manager,Node.js] [1ec3b41df1740148e87fe8b90f0c6b72]
https://segments-staging.spotifyforbrands.com [302] [GET] [text/html] [] [Google Frontend] [vhost] [Google App Engine] [d41d8cd98f00b204e9800998ecf8427e]
https://wpp-partner.spotifyforbrands.com [200] [GET] [text/html] [Spotify for Brands] [Google Frontend] [vhost] [Express,Google App Engine,Google Cloud,Google Cloud Trace,Google Tag Manager,Node.js] [0abd73d18f475133ab99787f10a14945]
https://wpp-partner-staging.spotifyforbrands.com [200] [GET] [text/html] [Spotify for Brands] [Google Frontend] [vhost] [Express,Google App Engine,Google Cloud,Google Cloud Trace,Google Tag Manager,Node.js] [686e0d6d5529f5cd9eccec0cf0a9362c]
https://www.api1.spotifyforbrands.com [302] [GET] [text/plain] [] [Google Frontend] [vhost] [Express,Google App Engine,Google Cloud,Google Cloud Trace,Node.js] [1c7d56982c5e5a452caa5e1b01991277]
https://www.api1-staging.spotifyforbrands.com [302] [GET] [text/plain] [] [Google Frontend] [vhost] [Express,Google App Engine,Google Cloud,Google Cloud Trace,Node.js] [1c7d56982c5e5a452caa5e1b01991277]
https://www.api2.spotifyforbrands.com [302] [GET] [text/plain] [] [Google Frontend] [vhost] [Express,Google App Engine,Google Cloud,Google Cloud Trace,Node.js] [1c7d56982c5e5a452caa5e1b01991277]
https://www.bose-segments.spotifyforbrands.com [200] [GET] [text/html] [Spotify | Audience Segment Explorer] [Google Frontend] [vhost] [Express,Google App Engine,Google Cloud,Google Cloud Trace,Google Tag Manager,Node.js] [1ec3b41df1740148e87fe8b90f0c6b72]
https://www.bose-segments-staging.spotifyforbrands.com [302] [GET] [text/html] [] [Google Frontend] [vhost] [Google App Engine] [d41d8cd98f00b204e9800998ecf8427e]
https://www.creativeportal.spotifyforbrands.com [301] [GET] [text/html] [] [Apache] [vhost] [Apache,Varnish:6.1] [d41d8cd98f00b204e9800998ecf8427e]
https://www.creativeportfolio.spotifyforbrands.com [301] [GET] [text/html] [] [Apache] [vhost] [Apache,Varnish:6.1] [d41d8cd98f00b204e9800998ecf8427e]
https://www.creativeportfolio-staging.spotifyforbrands.com [302] [GET] [text/html] [] [Google Frontend] [vhost] [Google App Engine] [d41d8cd98f00b204e9800998ecf8427e]
https://www.deckbuilder.spotifyforbrands.com [301] [GET] [text/html] [] [Apache] [vhost] [Apache,Varnish:6.1] [d41d8cd98f00b204e9800998ecf8427e]
https://www.deckbuilder.spotifyforbrands.com [301] [GET] [text/html] [] [Apache] [vhost] [Apache,Varnish] [d41d8cd98f00b204e9800998ecf8427e]
https://www.demobuilder-staging.spotifyforbrands.com [200] [GET] [text/html] [Spotify Demo] [Google Frontend] [vhost] [Google App Engine,Google Cloud,Google Cloud Trace,Next.js,Node.js,React,webpack] [89dd91ccc94c62d084fa42ead399811e]
https://www.dentsu-partner.spotifyforbrands.com [500] [GET] [application/json] [] [Google Frontend] [vhost] [Express,Google App Engine,Google Cloud,Google Cloud Trace,Node.js] [59497a748b2174837c911f63db354f77]
https://www.dentsu-partner-staging.spotifyforbrands.com [500] [GET] [application/json] [] [Google Frontend] [vhost] [Express,Google App Engine,Google Cloud,Google Cloud Trace,Node.js] [faa997fa77c76ed13eddf39cf2a302f4]
https://www.discovery.spotifyforbrands.com [500] [GET] [application/json] [] [Google Frontend] [vhost] [Express,Google App Engine,Google Cloud,Google Cloud Trace,Node.js] [59497a748b2174837c911f63db354f77]
https://www.discovery-staging.spotifyforbrands.com [500] [GET] [application/json] [] [Google Frontend] [vhost] [Express,Google App Engine,Google Cloud,Google Cloud Trace,Node.js] [faa997fa77c76ed13eddf39cf2a302f4]
https://www.havas-partner.spotifyforbrands.com [500] [GET] [application/json] [] [Google Frontend] [vhost] [Express,Google App Engine,Google Cloud,Google Cloud Trace,Node.js] [59497a748b2174837c911f63db354f77]
https://www.havas-partner-staging.spotifyforbrands.com [500] [GET] [application/json] [] [Google Frontend] [vhost] [Express,Google App Engine,Google Cloud,Google Cloud Trace,Node.js] [faa997fa77c76ed13eddf39cf2a302f4]
https://www.havas-segments.spotifyforbrands.com [200] [GET] [text/html] [Spotify | Audience Segment Explorer] [Google Frontend] [vhost] [Express,Google App Engine,Google Cloud,Google Cloud Trace,Google Tag Manager,Node.js] [1ec3b41df1740148e87fe8b90f0c6b72]
https://www.havas-segments-staging.spotifyforbrands.com [302] [GET] [text/html] [] [Google Frontend] [vhost] [Google App Engine] [d41d8cd98f00b204e9800998ecf8427e]
https://www.ipg-partner.spotifyforbrands.com [500] [GET] [application/json] [] [Google Frontend] [vhost] [Express,Google App Engine,Google Cloud,Google Cloud Trace,Node.js] [59497a748b2174837c911f63db354f77]
https://www.ipg-partner-staging.spotifyforbrands.com [500] [GET] [application/json] [] [Google Frontend] [vhost] [Express,Google App Engine,Google Cloud,Google Cloud Trace,Node.js] [faa997fa77c76ed13eddf39cf2a302f4]
https://www.ipg-segments.spotifyforbrands.com [200] [GET] [text/html] [Spotify | Audience Segment Explorer] [Google Frontend] [vhost] [Express,Google App Engine,Google Cloud,Google Cloud Trace,Google Tag Manager,Node.js] [1ec3b41df1740148e87fe8b90f0c6b72]
https://www.ipg-segments-staging.spotifyforbrands.com [302] [GET] [text/html] [] [Google Frontend] [vhost] [Google App Engine] [d41d8cd98f00b204e9800998ecf8427e]
https://www.omg-segments.spotifyforbrands.com [200] [GET] [text/html] [Spotify | Audience Segment Explorer] [Google Frontend] [vhost] [Express,Google App Engine,Google Cloud,Google Cloud Trace,Google Tag Manager,Node.js] [1ec3b41df1740148e87fe8b90f0c6b72]
https://www.omg-segments-staging.spotifyforbrands.com [302] [GET] [text/html] [] [Google Frontend] [vhost] [Google App Engine] [d41d8cd98f00b204e9800998ecf8427e]
https://www.omnicom-partner.spotifyforbrands.com [500] [GET] [application/json] [] [Google Frontend] [vhost] [Express,Google App Engine,Google Cloud,Google Cloud Trace,Node.js] [59497a748b2174837c911f63db354f77]
https://www.omnicom-partner-staging.spotifyforbrands.com [500] [GET] [application/json] [] [Google Frontend] [vhost] [Express,Google App Engine,Google Cloud,Google Cloud Trace,Node.js] [faa997fa77c76ed13eddf39cf2a302f4]
https://www.partner.spotifyforbrands.com [500] [GET] [application/json] [] [Google Frontend] [vhost] [Express,Google App Engine,Google Cloud,Google Cloud Trace,Node.js] [59497a748b2174837c911f63db354f77]
https://www.partner-staging.spotifyforbrands.com [500] [GET] [application/json] [] [Google Frontend] [vhost] [Express,Google App Engine,Google Cloud,Google Cloud Trace,Node.js] [faa997fa77c76ed13eddf39cf2a302f4]
https://www.publicis-segments.spotifyforbrands.com [200] [GET] [text/html] [Spotify | Audience Segment Explorer] [Google Frontend] [vhost] [Express,Google App Engine,Google Cloud,Google Cloud Trace,Google Tag Manager,Node.js] [1ec3b41df1740148e87fe8b90f0c6b72]
https://www.publicis-segments-staging.spotifyforbrands.com [302] [GET] [text/html] [] [Google Frontend] [vhost] [Google App Engine] [d41d8cd98f00b204e9800998ecf8427e]
https://www.ru.spotifyforbrands.com [302] [GET] [text/plain] [] [Google Frontend] [vhost] [Express,Google App Engine,Google Cloud,Google Cloud Trace,Node.js] [38a48cd13adabadcfd49a0e9ce3a59c5]
https://www.sea.spotifyforbrands.com [500] [GET] [application/json] [] [Google Frontend] [vhost] [Express,Google App Engine,Google Cloud,Google Cloud Trace,Node.js] [99914b932bd37a50b983c5e7c90ae93b]
https://www.segments.spotifyforbrands.com [200] [GET] [text/html] [Spotify | Audience Segment Explorer] [Google Frontend] [vhost] [Express,Google App Engine,Google Cloud,Google Cloud Trace,Google Tag Manager,Node.js] [1ec3b41df1740148e87fe8b90f0c6b72]
https://www.segments-staging.spotifyforbrands.com [302] [GET] [text/html] [] [Google Frontend] [vhost] [Google App Engine] [d41d8cd98f00b204e9800998ecf8427e]
https://www.wpp-partner.spotifyforbrands.com [500] [GET] [application/json] [] [Google Frontend] [vhost] [Express,Google App Engine,Google Cloud,Google Cloud Trace,Node.js] [59497a748b2174837c911f63db354f77]
https://www.wpp-partner-staging.spotifyforbrands.com [500] [GET] [application/json] [] [Google Frontend] [vhost] [Express,Google App Engine,Google Cloud,Google Cloud Trace,Node.js] [faa997fa77c76ed13eddf39cf2a302f4]
http://tact.spotifyforbrands.com [404] [GET] [text/html] [Error 404 (Not Found)!!1] [ghs] [b81150861bf911f947660cf73bce77f6]
http://wrapped.spotifyforbrands.com [404] [GET] [text/html] [Error 404 (Not Found)!!1] [ghs] [b81150861bf911f947660cf73bce77f6]
http://www.culturenextvol1-sea.spotifyforbrands.com [404] [GET] [text/html] [Error 404 (Not Found)!!1] [ghs] [b81150861bf911f947660cf73bce77f6]
http://www.spotifyforbrands.com [404] [GET] [text/html] [Error 404 (Not Found)!!1] [ghs] [b81150861bf911f947660cf73bce77f6]
