http://docs.squareup.com [302] [GET] [text/html] [302 Moved] [ghs] [vhost] [bbada2624e7267bad9f16cf964680dff]
http://mail.squareup.com [301] [GET] [text/html] [301 Moved] [ghs] [vhost] [109678128b5230ab1c099bf8d1344248]
https://account.squareup.com [302] [GET] [text/html] [] [] [vhost] [c903e62ccb59b61a0f948eda8f9ca6ab]
https://admin.squareup.com [301] [GET] [text/html] [] [] [23590650df916750c3195e7fc5838b1f]
https://api-au.squareup.com [301] [GET] [text/html] [] [] [23590650df916750c3195e7fc5838b1f]
https://api-global.iad1.squareup.com [301] [GET] [text/html] [] [] [23590650df916750c3195e7fc5838b1f]
https://api-global.squareup.com [301] [GET] [text/html] [] [] [23590650df916750c3195e7fc5838b1f]
https://api.iad1.squareup.com [301] [GET] [text/html] [] [] [23590650df916750c3195e7fc5838b1f]
https://api-jp.nrt1.squareup.com [301] [GET] [text/html] [] [] [23590650df916750c3195e7fc5838b1f]
https://api-jp.squareup.com [301] [GET] [text/html] [] [] [23590650df916750c3195e7fc5838b1f]
https://api.nrt1.squareup.com [301] [GET] [text/html] [] [] [23590650df916750c3195e7fc5838b1f]
https://api.sjc1.squareup.com [301] [GET] [text/html] [] [] [23590650df916750c3195e7fc5838b1f]
https://api.squareup.com [301] [GET] [text/html] [] [] [23590650df916750c3195e7fc5838b1f]
https://app.squareup.com [301] [GET] [text/html] [] [] [23590650df916750c3195e7fc5838b1f]
https://blog.squareup.com [301] [GET] [text/html] [] [] [3b834e6b8647a9881145686d2e125022]
https://broadway.squareup.com [403] [GET] [text/html] [403 Forbidden] [awselb/2.0] [2e40045efe5134ada9942798c090d269]
https://buyer-portal.squareup.com [301] [GET] [text/html] [] [] [23590650df916750c3195e7fc5838b1f]
https://capital.squareup.com [301] [GET] [text/html] [] [] [23590650df916750c3195e7fc5838b1f]
https://careers.squareup.com [301] [GET] [text/html] [] [] [vhost] [b254540aa0b2daf4cc12505a599b3bfa]
https://connect.squareup.com [301] [GET] [text/html] [] [] [vhost] [6dcd96d1b47f100c4808f40012381063]
https://content-platforms.squareup.com [403] [GET] [text/html] [Sorry, you're forbidden from doing that (403)] [] [vhost] [4567ea92a21923ced663866e04e9b7b6]
https://corner-move.squareup.com [301] [GET] [text/html] [] [] [23590650df916750c3195e7fc5838b1f]
https://corner.squareup.com [301] [GET] [] [] [AmazonS3] [vhost] [cloudfront] [Amazon Cloudfront,Amazon S3,Amazon Web Services] [d41d8cd98f00b204e9800998ecf8427e]
https://design.squareup.com [301] [GET] [text/html] [] [] [vhost] [0de83e5d875de46708aa176db91d2739]
https://developer.squareup.com [301] [GET] [text/html] [] [] [vhost] [a62aaa2a3d5b24b9ce5b4ef8963454ab]
https://developers.squareup.com [301] [GET] [text/html] [] [] [vhost] [6dcd96d1b47f100c4808f40012381063]
https://docs.connect.squareup.com [301] [GET] [text/html] [] [] [vhost] [5cf9e5dd7ec46ee8b39d614757994410]
https://email.map.squareup.com [200] [GET] [application/octet-stream] [] [nginx] [Nginx] [9f36c1c909fa94ed5e7af41387ae3dae]
https://email.vms.squareup.com [404] [GET] [text/plain] [] [] [google] [595e88012a6521aae3e12cbebe76eb9e]
https://explorer-gateway.squareup.com [404] [GET] [text/html] [The page you were looking for doesn't exist (404)] [] [vhost] [4ead20c186eaf2f7c09d6627ab7c0102]
https://fulfillment.squareup.com [301] [GET] [text/html] [] [] [23590650df916750c3195e7fc5838b1f]
https://gemstash.squareup.com [503] [GET] [text/plain] [] [] [vhost] [376389c82d3c6e15c3c40b25e1701efc]
https://help.p.sjc1.squareup.com [301] [GET] [text/html] [] [] [23590650df916750c3195e7fc5838b1f]
https://help.squareup.com [301] [GET] [text/html] [] [] [vhost] [8d32145776ba767430317e28fd73ea4b]
https://ht.squareup.com [301] [GET] [text/html] [] [] [23590650df916750c3195e7fc5838b1f]
https://images.squareup.com [404] [GET] [text/html] [404 Not Found] [] [vhost] [70461da8b94c6ca5d2fda3260c5a8c3b]
https://imagestest.squareup.com [404] [GET] [text/html] [404 Not Found] [] [vhost] [8e325dc2fea7c8900fc6c4b8c6c394fe]
https://investors.squareup.com [301] [GET] [] [] [Varnish] [vhost] [fastly] [Fastly,Varnish] [d41d8cd98f00b204e9800998ecf8427e]
https://jobs.squareup.com [301] [GET] [text/html] [] [] [vhost] [9e5199a1f251d7d73069b9f87abdc624]
https://js.squareup.com [301] [GET] [text/html] [] [] [23590650df916750c3195e7fc5838b1f]
https://localizer.squareup.com [301] [GET] [text/html] [] [] [23590650df916750c3195e7fc5838b1f]
https://market.squareup.com [404] [GET] [text/html] [Page Not Found] [] [vhost] [7545b3b305251cce7bc1a4b9cae9814b]
https://my.squareup.com [301] [GET] [text/html] [] [] [23590650df916750c3195e7fc5838b1f]
https://nat.st.sjc1.squareup.com [301] [GET] [text/html] [] [] [23590650df916750c3195e7fc5838b1f]
https://non-disclosure.corp.squareup.com [420] [GET] [text/plain] [] [awselb/2.0] [d41d8cd98f00b204e9800998ecf8427e]
https://ocr-connect.squareup.com [301] [GET] [text/html] [] [] [23590650df916750c3195e7fc5838b1f]
https://origin-careers.squareup.com [301] [GET] [text/html] [] [] [23590650df916750c3195e7fc5838b1f]
https://pci-connect.squareup.com [301] [GET] [text/html] [] [] [23590650df916750c3195e7fc5838b1f]
https://privacy.squareup.com [301] [GET] [text/html] [] [] [23590650df916750c3195e7fc5838b1f]
https://profile.squareup.com [200] [GET] [text/html] [Square profile] [] [vhost] [0b71bf4f98c55f969561dad735d975d4]
https://regulator.squareup.com [301] [GET] [text/html] [] [] [23590650df916750c3195e7fc5838b1f]
https://restaurants.squareup.com [301] [GET] [text/html] [] [] [23590650df916750c3195e7fc5838b1f]
https://sa.squareup.com [404] [GET] [application/json] [] [] [vhost] [4027734f45335387f5067bb53be82ab6]
https://sc-connect.squareup.com [301] [GET] [text/html] [] [] [23590650df916750c3195e7fc5838b1f]
https://sdk.squareup.com [404] [GET] [text/html] [404 Not Found] [nginx/1.23.1] [vhost] [google] [Google Cloud,Google Cloud CDN,Nginx:1.23.1] [17824dbf3791e94315227cf49b34e4a0]
https://sentry.squareup.com [301] [GET] [text/html] [] [] [23590650df916750c3195e7fc5838b1f]
https://shuttle.squareup.com [302] [GET] [text/html] [] [nginx] [vhost] [Amazon ALB,Amazon Web Services,Nginx,RackCache,Ruby] [692976bd05c647f35b88290702891e11]
https://spiffe-oidc.squareup.com [403] [GET] [application/xml] [] [AmazonS3] [vhost] [cloudfront] [Amazon Cloudfront,Amazon S3,Amazon Web Services] [1d884aafd3677d9b672f2395ccabd3a7]
https://spiffe-oidc.squareup.com [403] [GET] [application/xml] [] [AmazonS3] [vhost] [cloudfront] [Amazon Cloudfront,Amazon S3,Amazon Web Services] [658241b621f8f8da1273948fc20abfc6]
https://squareup.com [301] [GET] [text/html] [] [] [vhost] [fastly] [Fastly,Varnish] [5b12363900ff201bceff414ff2375ecf]
https://supportprofile.squareup.com [403] [GET] [text/html] [Sorry, you're forbidden from doing that (403)] [] [vhost] [4567ea92a21923ced663866e04e9b7b6]
https://switchboard.squareup.com [403] [GET] [text/html] [Sorry, you're forbidden from doing that (403)] [] [vhost] [2a7f42a6646f40a96484f0f11f396add]
https://www.squareup.com [301] [GET] [text/html] [] [] [23590650df916750c3195e7fc5838b1f]
https://xmstest.squareup.com [403] [GET] [text/html] [403 Forbidden] [Varnish] [vhost] [fastly] [Fastly,Varnish] [695c6a98eb6d6db4aa0aafbb794a68d1]
https://xmstest.squareup.com [403] [GET] [text/html] [403 Forbidden] [Varnish] [vhost] [fastly] [Fastly,Varnish] [89c40a4e9e15fbe2099044e49fcdfd8b]
