http://api-id.streamlabs.com:2053 [400] [GET] [text/html] [400 The plain HTTP request was sent to HTTPS port] [cloudflare] [cloudflare] [Cloudflare] [cd58783500d7fa3c58f88eb0ba22f4f8]
http://api-id.streamlabs.com:2086 [301] [GET] [] [] [cloudflare] [cloudflare] [Cloudflare] [d41d8cd98f00b204e9800998ecf8427e]
http://api-id.streamlabs.com:2087 [400] [GET] [text/html] [400 The plain HTTP request was sent to HTTPS port] [cloudflare] [cloudflare] [Cloudflare] [cd58783500d7fa3c58f88eb0ba22f4f8]
http://api-id.streamlabs.com:2095 [301] [GET] [] [] [cloudflare] [cloudflare] [Cloudflare] [d41d8cd98f00b204e9800998ecf8427e]
http://api-id.streamlabs.com:8080 [301] [GET] [] [] [cloudflare] [cloudflare] [Cloudflare] [d41d8cd98f00b204e9800998ecf8427e]
http://api-id.streamlabs.com:8443 [400] [GET] [text/html] [400 The plain HTTP request was sent to HTTPS port] [cloudflare] [cloudflare] [Cloudflare] [20ad84d030031252141ca0b3fc0183f0]
http://aws.streamlabs.com:8080 [301] [GET] [] [] [cloudflare] [cloudflare] [Cloudflare] [d41d8cd98f00b204e9800998ecf8427e]
http://beta2.streamlabs.com:8080 [403] [GET] [text/plain] [] [cloudflare] [vhost] [cloudflare] [Cloudflare] [7b5ea53ba332630e5aca8e4abb807f70]
http://beta-overlays.streamlabs.com:8080 [301] [GET] [] [] [cloudflare] [cloudflare] [Cloudflare] [d41d8cd98f00b204e9800998ecf8427e]
http://beta.streamlabs.com:8080 [403] [GET] [text/plain] [] [cloudflare] [vhost] [cloudflare] [Cloudflare] [7b5ea53ba332630e5aca8e4abb807f70]
http://chatbot-api-beta.streamlabs.com:8080 [301] [GET] [] [] [cloudflare] [cloudflare] [Cloudflare] [d41d8cd98f00b204e9800998ecf8427e]
http://chatbot-api.streamlabs.com:8080 [301] [GET] [] [] [cloudflare] [cloudflare] [Cloudflare] [d41d8cd98f00b204e9800998ecf8427e]
http://chatbot-io.streamlabs.com:8080 [301] [GET] [] [] [cloudflare] [cloudflare] [Cloudflare] [d41d8cd98f00b204e9800998ecf8427e]
http://chatbot-sockets.streamlabs.com:8080 [301] [GET] [] [] [cloudflare] [cloudflare] [Cloudflare] [d41d8cd98f00b204e9800998ecf8427e]
http://chat-stage.streamlabs.com:8080 [301] [GET] [] [] [cloudflare] [cloudflare] [Cloudflare] [d41d8cd98f00b204e9800998ecf8427e]
http://contenthub-cdn.streamlabs.com:8080 [301] [GET] [] [] [cloudflare] [cloudflare] [Cloudflare] [d41d8cd98f00b204e9800998ecf8427e]
http://contenthub-stage.streamlabs.com:8080 [403] [GET] [text/plain] [] [cloudflare] [vhost] [cloudflare] [Cloudflare] [7b5ea53ba332630e5aca8e4abb807f70]
http://contenthub.streamlabs.com:8080 [301] [GET] [] [] [cloudflare] [cloudflare] [Cloudflare] [d41d8cd98f00b204e9800998ecf8427e]
http://designers.streamlabs.com:8080 [403] [GET] [text/plain] [] [cloudflare] [vhost] [cloudflare] [Cloudflare] [7b5ea53ba332630e5aca8e4abb807f70]
http://dev-logi.streamlabs.com:8080 [301] [GET] [] [] [cloudflare] [cloudflare] [Cloudflare] [d41d8cd98f00b204e9800998ecf8427e]
http://dev.streamlabs.com:8080 [301] [GET] [] [] [cloudflare] [cloudflare] [Cloudflare] [d41d8cd98f00b204e9800998ecf8427e]
http://discordbot.streamlabs.com:8080 [301] [GET] [] [] [cloudflare] [cloudflare] [Cloudflare] [d41d8cd98f00b204e9800998ecf8427e]
http://email-stats.streamlabs.com:8080 [301] [GET] [] [] [cloudflare] [cloudflare] [Cloudflare] [d41d8cd98f00b204e9800998ecf8427e]
http://ext-assets.streamlabs.com:8080 [301] [GET] [] [] [cloudflare] [cloudflare] [Cloudflare] [d41d8cd98f00b204e9800998ecf8427e]
http://facebook.streamlabs.com:8080 [301] [GET] [] [] [cloudflare] [cloudflare] [Cloudflare] [d41d8cd98f00b204e9800998ecf8427e]
http://facemasks-cdn.streamlabs.com:8080 [301] [GET] [] [] [cloudflare] [cloudflare] [Cloudflare] [d41d8cd98f00b204e9800998ecf8427e]
http://howto.streamlabs.com:8080 [301] [GET] [] [] [cloudflare] [cloudflare] [Cloudflare] [d41d8cd98f00b204e9800998ecf8427e]
http://ideas.streamlabs.com:8080 [301] [GET] [] [] [cloudflare] [cloudflare] [Cloudflare] [d41d8cd98f00b204e9800998ecf8427e]
http://io-test.streamlabs.com:8080 [301] [GET] [] [] [cloudflare] [cloudflare] [Cloudflare] [d41d8cd98f00b204e9800998ecf8427e]
http://jobs.streamlabs.com:8080 [301] [GET] [] [] [cloudflare] [cloudflare] [Cloudflare] [d41d8cd98f00b204e9800998ecf8427e]
http://logi.streamlabs.com:8080 [301] [GET] [] [] [cloudflare] [cloudflare] [Cloudflare] [d41d8cd98f00b204e9800998ecf8427e]
http://loyalty-io.streamlabs.com:8080 [301] [GET] [] [] [cloudflare] [cloudflare] [Cloudflare] [d41d8cd98f00b204e9800998ecf8427e]
http://media-handler.streamlabs.com:8080 [301] [GET] [] [] [cloudflare] [cloudflare] [Cloudflare] [d41d8cd98f00b204e9800998ecf8427e]
http://media.streamlabs.com:8080 [301] [GET] [] [] [cloudflare] [cloudflare] [Cloudflare] [d41d8cd98f00b204e9800998ecf8427e]
http://merch-beta.streamlabs.com:8080 [403] [GET] [text/plain] [] [cloudflare] [vhost] [cloudflare] [Cloudflare] [7b5ea53ba332630e5aca8e4abb807f70]
http://merchcdn.streamlabs.com:8080 [301] [GET] [] [] [cloudflare] [cloudflare] [Cloudflare] [d41d8cd98f00b204e9800998ecf8427e]
http://merch.streamlabs.com:8080 [301] [GET] [] [] [cloudflare] [cloudflare] [Cloudflare] [d41d8cd98f00b204e9800998ecf8427e]
http://mixer.streamlabs.com:8080 [301] [GET] [] [] [cloudflare] [cloudflare] [Cloudflare] [d41d8cd98f00b204e9800998ecf8427e]
http://ms.streamlabs.com:8080 [403] [GET] [text/plain] [] [cloudflare] [vhost] [cloudflare] [Cloudflare] [7b5ea53ba332630e5aca8e4abb807f70]
http://obsstudionodes3.streamlabs.com:8080 [301] [GET] [] [] [cloudflare] [cloudflare] [Cloudflare] [d41d8cd98f00b204e9800998ecf8427e]
http://obsstudios3.streamlabs.com:8080 [301] [GET] [] [] [cloudflare] [cloudflare] [Cloudflare] [d41d8cd98f00b204e9800998ecf8427e]
http://overlays-cdn.streamlabs.com:8080 [301] [GET] [] [] [cloudflare] [cloudflare] [Cloudflare] [d41d8cd98f00b204e9800998ecf8427e]
http://overlays.streamlabs.com:8080 [301] [GET] [] [] [cloudflare] [cloudflare] [Cloudflare] [d41d8cd98f00b204e9800998ecf8427e]
http://payments-dashboard.streamlabs.com:8080 [301] [GET] [] [] [cloudflare] [cloudflare] [Cloudflare] [d41d8cd98f00b204e9800998ecf8427e]
http://payments-dev.streamlabs.com:8080 [301] [GET] [] [] [cloudflare] [cloudflare] [Cloudflare] [d41d8cd98f00b204e9800998ecf8427e]
http://payments.streamlabs.com:8080 [301] [GET] [] [] [cloudflare] [cloudflare] [Cloudflare] [d41d8cd98f00b204e9800998ecf8427e]
http://platform-cdn.streamlabs.com:8080 [301] [GET] [] [] [cloudflare] [cloudflare] [Cloudflare] [d41d8cd98f00b204e9800998ecf8427e]
http://platform-io.streamlabs.com:8080 [301] [GET] [] [] [cloudflare] [cloudflare] [Cloudflare] [d41d8cd98f00b204e9800998ecf8427e]
http://platform.streamlabs.com:8080 [301] [GET] [] [] [cloudflare] [cloudflare] [Cloudflare] [d41d8cd98f00b204e9800998ecf8427e]
http://polly.streamlabs.com:8080 [301] [GET] [] [] [cloudflare] [cloudflare] [Cloudflare] [d41d8cd98f00b204e9800998ecf8427e]
http://r2d2.streamlabs.com:8080 [301] [GET] [] [] [cloudflare] [cloudflare] [Cloudflare] [d41d8cd98f00b204e9800998ecf8427e]
http://repo.streamlabs.com [301] [GET] [] [] [cloudflare] [cloudflare] [Cloudflare] [d41d8cd98f00b204e9800998ecf8427e]
http://repo.streamlabs.com:8080 [301] [GET] [] [] [cloudflare] [cloudflare] [Cloudflare] [d41d8cd98f00b204e9800998ecf8427e]
http://restream-api.streamlabs.com:8080 [301] [GET] [] [] [cloudflare] [cloudflare] [Cloudflare] [d41d8cd98f00b204e9800998ecf8427e]
http://restreambeta-ingest.streamlabs.com:1935 [200] [GET] [text/html] [Wowza Streaming Engine 4 Subscription Edition 4.8.8 build20201203191143] [WowzaStreamingEngine/4.8.8] [402463d6723154effa288786e59b1953]
http://restream-ingest.streamlabs.com:1935 [200] [GET] [text/html] [Wowza Streaming Engine 4 Subscription Edition 4.8.8.01 build20201216140014] [WowzaStreamingEngine/4.8.8.01] [552224c9b38d7f760a6d0af9fae962e9]
https://api-id.streamlabs.com:2083 [403] [GET] [text/plain] [] [cloudflare] [vhost] [cloudflare] [Cloudflare] [4f20b85ce5ebf225720e040314a7966a]
https://api-id.streamlabs.com [404] [GET] [application/json] [] [cloudflare] [vhost] [cloudflare] [Cloudflare] [0946f66b45fea7506f8d7434e22f3afc]
https://aws-io.streamlabs.com [404] [GET] [] [] [nginx/1.18.0 (Ubuntu)] [Nginx:1.18.0,Ubuntu] [d41d8cd98f00b204e9800998ecf8427e]
https://aws.streamlabs.com [200] [GET] [text/html] [] [cloudflare] [vhost] [cloudflare] [Cloudflare,Google Font API] [c521a868d22d70503a8394e952c6879b]
https://beta2.streamlabs.com [403] [GET] [text/plain] [] [cloudflare] [vhost] [cloudflare] [Cloudflare] [7b5ea53ba332630e5aca8e4abb807f70]
https://beta2.streamlabs.com:8443 [403] [GET] [text/plain] [] [cloudflare] [vhost] [cloudflare] [Cloudflare] [7b5ea53ba332630e5aca8e4abb807f70]
https://beta-overlays.streamlabs.com [302] [GET] [text/html] [Redirecting to https://streamlabs.com] [cloudflare] [vhost] [cloudflare] [Cloudflare] [54828e14ae91227374ddb81c3f21272f]
https://beta.streamlabs.com [403] [GET] [text/plain] [] [cloudflare] [vhost] [cloudflare] [Cloudflare] [7b5ea53ba332630e5aca8e4abb807f70]
https://beta.streamlabs.com:8443 [403] [GET] [text/plain] [] [cloudflare] [vhost] [cloudflare] [Cloudflare] [7b5ea53ba332630e5aca8e4abb807f70]
https://blog.streamlabs.com [307] [GET] [text/html] [] [openresty] [vhost] [Envoy,Nginx,OpenResty] [c3ef65afce471590375ad0a2ecd4e33c]
https://chatbot-api-beta.streamlabs.com [200] [GET] [text/html] [] [cloudflare] [vhost] [cloudflare] [Cloudflare] [06a6d02e4c7d83cca994773b68e53e7b]
https://chatbot-api.streamlabs.com [200] [GET] [text/html] [] [cloudflare] [vhost] [cloudflare] [Cloudflare] [06a6d02e4c7d83cca994773b68e53e7b]
https://chatbot-api.streamlabs.com:8443 [403] [GET] [text/html] [oops] [cloudflare] [vhost] [cloudflare] [Cloudflare] [d9d35bed4b2bf8eb8a6c7c7093293bd0]
https://chatbot-io.streamlabs.com [404] [GET] [application/json] [] [cloudflare] [vhost] [cloudflare] [Amazon ALB,Amazon Web Services,Cloudflare] [dbbd541018ac793774a0123fef485617]
https://chatbot-sockets.streamlabs.com [530] [GET] [text/html] [oops] [cloudflare] [vhost] [cloudflare] [Cloudflare] [175280070b5d469529286e8ebf4675a8]
https://chatbot-sockets.streamlabs.com [530] [GET] [text/html] [oops] [cloudflare] [vhost] [cloudflare] [Cloudflare] [4b5ba4342e7bb9a003b9719463ea347f]
https://chatbot-sockets.streamlabs.com:8443 [530] [GET] [text/html] [oops] [cloudflare] [vhost] [cloudflare] [Cloudflare] [34cb1afffa585894bf127fb32e0e0fb7]
https://chat-stage.streamlabs.com [503] [GET] [text/html] [503 Service Temporarily Unavailable] [cloudflare] [vhost] [cloudflare] [Cloudflare] [613f79233487af685baf4b32a2397ede]
https://chat-stage.streamlabs.com [503] [GET] [text/html] [503 Service Temporarily Unavailable] [cloudflare] [vhost] [cloudflare] [Cloudflare] [81df4d3863debf3eceb5cf84251fd472]
https://contenthub-cdn.streamlabs.com [403] [GET] [application/xml] [] [cloudflare] [vhost] [cloudflare] [Amazon Web Services,Cloudflare] [55b2350e64f9cefda61d0b582d91d71a]
https://contenthub-cdn.streamlabs.com [403] [GET] [application/xml] [] [cloudflare] [vhost] [cloudflare] [Amazon Web Services,Cloudflare] [95131bf4d4a3e5f49dca6681f5a9a55c]
https://contenthub-stage.streamlabs.com [403] [GET] [text/plain] [] [cloudflare] [vhost] [cloudflare] [Cloudflare] [7b5ea53ba332630e5aca8e4abb807f70]
https://contenthub-stage.streamlabs.com:8443 [403] [GET] [text/plain] [] [cloudflare] [vhost] [cloudflare] [Cloudflare] [7b5ea53ba332630e5aca8e4abb807f70]
https://contenthub.streamlabs.com [301] [GET] [] [] [cloudflare] [vhost] [cloudflare] [Cloudflare] [d41d8cd98f00b204e9800998ecf8427e]
https://contenthub.streamlabs.com:8443 [301] [GET] [] [] [cloudflare] [vhost] [cloudflare] [Cloudflare] [d41d8cd98f00b204e9800998ecf8427e]
https://designers.streamlabs.com [403] [GET] [text/plain] [] [cloudflare] [vhost] [cloudflare] [Cloudflare] [7b5ea53ba332630e5aca8e4abb807f70]
https://designers.streamlabs.com:8443 [403] [GET] [text/plain] [] [cloudflare] [vhost] [cloudflare] [Cloudflare] [7b5ea53ba332630e5aca8e4abb807f70]
https://dev-logi.streamlabs.com [403] [GET] [text/html] [oops] [cloudflare] [vhost] [cloudflare] [Cloudflare] [d9d35bed4b2bf8eb8a6c7c7093293bd0]
https://dev-logi.streamlabs.com [404] [GET] [text/plain] [] [cloudflare] [vhost] [cloudflare] [Cloudflare] [d41d8cd98f00b204e9800998ecf8427e]
https://dev-logi.streamlabs.com:8443 [403] [GET] [text/html] [oops] [cloudflare] [vhost] [cloudflare] [Cloudflare] [d9d35bed4b2bf8eb8a6c7c7093293bd0]
https://dev.streamlabs.com [200] [GET] [text/html] [Streamlabs API] [cloudflare] [vhost] [cloudflare] [AngularJS,Cloudflare,Heroku] [26e8635d701eb88b4ae21445a168c375]
https://dev.streamlabs.com [200] [GET] [text/html] [Streamlabs API] [cloudflare] [vhost] [cloudflare] [AngularJS,Cloudflare,Heroku] [ce91b5de6968bd5a180f0038070d93ea]
https://dev.streamlabs.com:8443 [403] [GET] [text/html] [Attention Required! | Cloudflare] [cloudflare] [vhost] [cloudflare] [Cloudflare] [b3ba830a4edf039f17cb163782ca2acb]
https://discordbot.streamlabs.com [200] [GET] [text/html] [] [cloudflare] [vhost] [cloudflare] [Cloudflare,Express,Node.js] [e1a1f0be30cefc7d857ea6408cd00a12]
https://email-stats.streamlabs.com [404] [GET] [text/html] [Error] [cloudflare] [vhost] [cloudflare] [Cloudflare,Express,Node.js] [da7da7d630292e7a2a7dda8ca87b3d39]
https://ext-assets.streamlabs.com [403] [GET] [application/xml] [] [cloudflare] [vhost] [cloudflare] [Amazon Web Services,Cloudflare] [9df93172550a8430240865928caac96b]
https://ext-assets.streamlabs.com [403] [GET] [application/xml] [] [cloudflare] [vhost] [cloudflare] [Amazon Web Services,Cloudflare] [a33b0945d2959071e6274dfade067f4a]
https://facebook.streamlabs.com [302] [GET] [text/html] [Redirecting to https://streamlabs.com/] [cloudflare] [vhost] [cloudflare] [Cloudflare] [d63e7cccb198a99e60bdf3147dfbb21e]
https://facebook.streamlabs.com [403] [GET] [text/html] [oops] [cloudflare] [vhost] [cloudflare] [Cloudflare] [d9d35bed4b2bf8eb8a6c7c7093293bd0]
https://facemasks-cdn.streamlabs.com [403] [GET] [application/xml] [] [cloudflare] [vhost] [cloudflare] [Amazon Web Services,Cloudflare] [13044af242eefabecdde33a242b9c51c]
https://facemasks-cdn.streamlabs.com [403] [GET] [application/xml] [] [cloudflare] [vhost] [cloudflare] [Amazon Web Services,Cloudflare] [f875a737a27c2c38ec4bb471441fffdc]
https://howto.streamlabs.com [301] [GET] [text/html] [] [cloudflare] [vhost] [cloudflare] [Cloudflare] [d41d8cd98f00b204e9800998ecf8427e]
https://ideas.streamlabs.com [301] [GET] [] [] [cloudflare] [vhost] [cloudflare] [Cloudflare] [d41d8cd98f00b204e9800998ecf8427e]
https://ideas.streamlabs.com:8443 [301] [GET] [] [] [cloudflare] [vhost] [cloudflare] [Cloudflare] [d41d8cd98f00b204e9800998ecf8427e]
https://io-test.streamlabs.com [403] [GET] [text/plain] [] [cloudflare] [vhost] [cloudflare] [Cloudflare] [4f20b85ce5ebf225720e040314a7966a]
https://io-test.streamlabs.com [530] [GET] [text/html] [oops] [cloudflare] [vhost] [cloudflare] [Cloudflare] [2d4f135d812761a45f0a8adf22748c3d]
https://io-test.streamlabs.com:8443 [530] [GET] [text/html] [oops] [cloudflare] [vhost] [cloudflare] [Cloudflare] [28dc8269b9375018d9229cc69c892da1]
https://jobs.streamlabs.com [301] [GET] [] [] [cloudflare] [vhost] [cloudflare] [Cloudflare] [d41d8cd98f00b204e9800998ecf8427e]
https://jobs.streamlabs.com:8443 [301] [GET] [] [] [cloudflare] [vhost] [cloudflare] [Cloudflare] [d41d8cd98f00b204e9800998ecf8427e]
http://slobs-cdn.streamlabs.com:8080 [301] [GET] [] [] [cloudflare] [cloudflare] [Cloudflare] [d41d8cd98f00b204e9800998ecf8427e]
https://logi.streamlabs.com [404] [GET] [text/plain] [] [cloudflare] [vhost] [cloudflare] [Cloudflare] [d41d8cd98f00b204e9800998ecf8427e]
https://loyalty-io.streamlabs.com [530] [GET] [text/html] [oops] [cloudflare] [vhost] [cloudflare] [Cloudflare] [0f4e6da544e8b13e655b3bd3e8929df5]
https://loyalty-io.streamlabs.com [530] [GET] [text/html] [oops] [cloudflare] [vhost] [cloudflare] [Cloudflare] [18abf9b146120a762c85ae69deea0b45]
https://loyalty-io.streamlabs.com:8443 [530] [GET] [text/html] [oops] [cloudflare] [vhost] [cloudflare] [Cloudflare] [f2635e99d86e8dad98fc5f84fddee291]
https://media-handler.streamlabs.com [403] [GET] [text/plain] [] [cloudflare] [vhost] [cloudflare] [Cloudflare] [4f20b85ce5ebf225720e040314a7966a]
https://media-handler.streamlabs.com [404] [GET] [text/html] [] [cloudflare] [vhost] [cloudflare] [Cloudflare] [8c7cc8be2cf689968d8d87f8badcaddb]
https://media.streamlabs.com [200] [GET] [text/html] [] [cloudflare] [vhost] [cloudflare] [Cloudflare,Google Font API] [c521a868d22d70503a8394e952c6879b]
https://merch-beta.streamlabs.com [403] [GET] [text/plain] [] [cloudflare] [vhost] [cloudflare] [Cloudflare] [7b5ea53ba332630e5aca8e4abb807f70]
https://merch-beta.streamlabs.com:8443 [403] [GET] [text/plain] [] [cloudflare] [vhost] [cloudflare] [Cloudflare] [7b5ea53ba332630e5aca8e4abb807f70]
https://merchcdn.streamlabs.com [403] [GET] [application/xml] [] [cloudflare] [vhost] [cloudflare] [Amazon Web Services,Cloudflare] [300f82120d6cadaf62e914dffe477e76]
https://merchcdn.streamlabs.com [403] [GET] [application/xml] [] [cloudflare] [vhost] [cloudflare] [Amazon Web Services,Cloudflare] [952957dd880a3f38ba1b880396914ab0]
https://merch.streamlabs.com [301] [GET] [] [] [cloudflare] [vhost] [cloudflare] [Cloudflare] [d41d8cd98f00b204e9800998ecf8427e]
https://merch.streamlabs.com:8443 [301] [GET] [] [] [cloudflare] [vhost] [cloudflare] [Cloudflare] [d41d8cd98f00b204e9800998ecf8427e]
https://mixer.streamlabs.com [200] [GET] [text/html] [] [cloudflare] [vhost] [cloudflare] [Cloudflare,Google Font API] [c521a868d22d70503a8394e952c6879b]
https://ms.streamlabs.com [403] [GET] [text/plain] [] [cloudflare] [vhost] [cloudflare] [Cloudflare] [7b5ea53ba332630e5aca8e4abb807f70]
https://ms.streamlabs.com:8443 [403] [GET] [text/plain] [] [cloudflare] [vhost] [cloudflare] [Cloudflare] [7b5ea53ba332630e5aca8e4abb807f70]
https://obsstudionodes3.streamlabs.com [403] [GET] [application/xml] [] [cloudflare] [vhost] [cloudflare] [Amazon Web Services,Cloudflare] [603bc2685df5923e75e2fd387c8476af]
https://obsstudionodes3.streamlabs.com [403] [GET] [application/xml] [] [cloudflare] [vhost] [cloudflare] [Amazon Web Services,Cloudflare] [fbdec0cbcead14205bd36a5ab162a63b]
https://obsstudios3.streamlabs.com [403] [GET] [application/xml] [] [cloudflare] [vhost] [cloudflare] [Amazon Web Services,Cloudflare] [17935ae23df3122074832a63636a251f]
https://obsstudios3.streamlabs.com [403] [GET] [application/xml] [] [cloudflare] [vhost] [cloudflare] [Amazon Web Services,Cloudflare] [bfd3f537b81a4474038f2435811bf588]
https://overlays-cdn.streamlabs.com [403] [GET] [application/xml] [] [cloudflare] [vhost] [cloudflare] [Amazon Web Services,Cloudflare] [d6a66c20a2ac1e7b14d9c682faae813f]
https://overlays-cdn.streamlabs.com [403] [GET] [application/xml] [] [cloudflare] [vhost] [cloudflare] [Amazon Web Services,Cloudflare] [f84f85ecea9297e82a96ffc5c5570231]
https://overlays.streamlabs.com [302] [GET] [text/html] [Redirecting to https://streamlabs.com] [cloudflare] [vhost] [cloudflare] [Cloudflare] [54828e14ae91227374ddb81c3f21272f]
https://payments-dashboard.streamlabs.com [200] [GET] [text/html] [Laravel] [cloudflare] [vhost] [cloudflare] [Cloudflare,Google Font API] [bacfb1684fe3e7099b477545593d2bb0]
https://payments-dev.streamlabs.com [200] [GET] [text/html] [Laravel] [cloudflare] [vhost] [cloudflare] [Cloudflare,Google Font API,Laravel,PHP] [bacfb1684fe3e7099b477545593d2bb0]
https://payments.streamlabs.com [200] [GET] [text/html] [Laravel] [cloudflare] [vhost] [cloudflare] [Cloudflare,Google Font API] [bacfb1684fe3e7099b477545593d2bb0]
http://sp-cdn.streamlabs.com:8080 [301] [GET] [] [] [cloudflare] [cloudflare] [Cloudflare] [d41d8cd98f00b204e9800998ecf8427e]
http://sp-dev.streamlabs.com:8080 [403] [GET] [text/plain] [] [cloudflare] [cloudflare] [Cloudflare] [7b5ea53ba332630e5aca8e4abb807f70]
https://platform-cdn.streamlabs.com [403] [GET] [application/xml] [] [cloudflare] [vhost] [cloudflare] [Amazon Web Services,Cloudflare] [637a27c87717d80b194ce5cfd0b36b15]
https://platform-cdn.streamlabs.com [403] [GET] [text/plain] [] [cloudflare] [vhost] [cloudflare] [Cloudflare] [4f20b85ce5ebf225720e040314a7966a]
https://platform-io.streamlabs.com [404] [GET] [] [] [cloudflare] [vhost] [cloudflare] [Amazon ALB,Amazon Web Services,Cloudflare] [d41d8cd98f00b204e9800998ecf8427e]
https://platform.streamlabs.com [200] [GET] [text/html] [Streamlabs Platform] [cloudflare] [vhost] [cloudflare] [Cloudflare,Google Font API] [1d8f40f8114e0830cd313ef961293540]
https://platform.streamlabs.com [200] [GET] [text/html] [Streamlabs Platform] [cloudflare] [vhost] [cloudflare] [Cloudflare,Google Font API] [75386cefc21334ce17ae2b9da45143a0]
https://points-api.streamlabs.com [404] [GET] [text/html] [] [nginx/1.12.2] [Nginx:1.12.2] [b8f2a7e41c8d9850ae07f5b7d098d2b2]
https://polly.streamlabs.com [200] [GET] [text/plain] [] [cloudflare] [vhost] [cloudflare] [Cloudflare] [741839f346d6e8126ae38ee76a96fd12]
http://sprite.streamlabs.com:8080 [301] [GET] [] [] [cloudflare] [cloudflare] [Cloudflare] [d41d8cd98f00b204e9800998ecf8427e]
http://sp-stage1.streamlabs.com:8080 [301] [GET] [] [] [cloudflare] [cloudflare] [Cloudflare] [d41d8cd98f00b204e9800998ecf8427e]
http://sp-stage2.streamlabs.com:8080 [301] [GET] [] [] [cloudflare] [cloudflare] [Cloudflare] [d41d8cd98f00b204e9800998ecf8427e]
http://sp.streamlabs.com:8080 [301] [GET] [] [] [cloudflare] [cloudflare] [Cloudflare] [d41d8cd98f00b204e9800998ecf8427e]
https://r2d2.streamlabs.com [200] [GET] [text/html] [] [cloudflare] [vhost] [cloudflare] [Cloudflare] [002a78bc3a968bbae5ef8229e4c99b76]
https://restream-api.streamlabs.com [530] [GET] [text/html] [oops] [cloudflare] [vhost] [cloudflare] [Cloudflare] [28d8c75fcc51cecdbfa53e4e15faca78]
https://restream-api.streamlabs.com [530] [GET] [text/html] [oops] [cloudflare] [vhost] [cloudflare] [Cloudflare] [67d84b8e47824e35ee82e3d17b3d786f]
https://restream-api.streamlabs.com:8443 [530] [GET] [text/html] [oops] [cloudflare] [vhost] [cloudflare] [Cloudflare] [2d655ebf31f45a0aa0f79c2279962e01]
https://slobs-cdn.streamlabs.com [403] [GET] [application/xml] [] [cloudflare] [vhost] [cloudflare] [Amazon Web Services,Cloudflare] [1203b1b888c6aa87796aeff0efb55f31]
https://slobs-cdn.streamlabs.com [403] [GET] [application/xml] [] [cloudflare] [vhost] [cloudflare] [Amazon Web Services,Cloudflare] [e2224143e52e193932be98b424ac51d4]
https://sockets.streamlabs.com [404] [GET] [] [] [nginx/1.18.0 (Ubuntu)] [Nginx:1.18.0,Ubuntu] [d41d8cd98f00b204e9800998ecf8427e]
https://sp-cdn.streamlabs.com [403] [GET] [application/xml] [] [cloudflare] [vhost] [cloudflare] [Amazon Web Services,Cloudflare] [a5ac221e08a617ca75b587aaa2ac9454]
https://sp-cdn.streamlabs.com [403] [GET] [application/xml] [] [cloudflare] [vhost] [cloudflare] [Amazon Web Services,Cloudflare] [e919ba12365c7cf9b55f0a8055c0ffe7]
https://sp-dev.streamlabs.com [403] [GET] [text/plain] [] [cloudflare] [vhost] [cloudflare] [Cloudflare] [7b5ea53ba332630e5aca8e4abb807f70]
https://sp-dev.streamlabs.com:8443 [403] [GET] [text/plain] [] [cloudflare] [vhost] [cloudflare] [Cloudflare] [7b5ea53ba332630e5aca8e4abb807f70]
https://sprite.streamlabs.com [302] [GET] [text/html] [Redirecting to https://streamlabs.com] [cloudflare] [vhost] [cloudflare] [Cloudflare,Laravel,PHP] [43625933e9657d65acdb8218d17a4863]
https://sp-stage1.streamlabs.com [503] [GET] [text/html] [503 Service Temporarily Unavailable] [cloudflare] [vhost] [cloudflare] [Cloudflare] [613f79233487af685baf4b32a2397ede]
https://sp-stage2.streamlabs.com [503] [GET] [text/html] [503 Service Temporarily Unavailable] [cloudflare] [vhost] [cloudflare] [Cloudflare] [613f79233487af685baf4b32a2397ede]
https://sp-stage2.streamlabs.com [503] [GET] [text/html] [503 Service Temporarily Unavailable] [cloudflare] [vhost] [cloudflare] [Cloudflare] [81df4d3863debf3eceb5cf84251fd472]
https://sp.streamlabs.com [302] [GET] [text/html] [Redirecting to https://streamlabs.com/login?r=https%3A%2F%2Fstreamlabs.com%2Fglobal%2Fidentity%3Fr%3Dhttps%3A%2F%2Fsp.streamlabs.com] [cloudflare] [vhost] [cloudflare] [Cloudflare] [713c7490c65fe443c8b425bc8760fa8f]
https://stage1.streamlabs.com [403] [GET] [text/plain] [] [cloudflare] [vhost] [cloudflare] [Cloudflare] [7b5ea53ba332630e5aca8e4abb807f70]
https://stage1.streamlabs.com:8443 [403] [GET] [text/plain] [] [cloudflare] [vhost] [cloudflare] [Cloudflare] [7b5ea53ba332630e5aca8e4abb807f70]
https://stage3.streamlabs.com [403] [GET] [text/plain] [] [cloudflare] [vhost] [cloudflare] [Cloudflare] [7b5ea53ba332630e5aca8e4abb807f70]
https://stage3.streamlabs.com:8443 [403] [GET] [text/plain] [] [cloudflare] [vhost] [cloudflare] [Cloudflare] [7b5ea53ba332630e5aca8e4abb807f70]
https://stage4.streamlabs.com [403] [GET] [text/plain] [] [cloudflare] [vhost] [cloudflare] [Cloudflare] [7b5ea53ba332630e5aca8e4abb807f70]
https://stage4.streamlabs.com:8443 [403] [GET] [text/plain] [] [cloudflare] [vhost] [cloudflare] [Cloudflare] [7b5ea53ba332630e5aca8e4abb807f70]
https://stage5.streamlabs.com [403] [GET] [text/plain] [] [cloudflare] [vhost] [cloudflare] [Cloudflare] [7b5ea53ba332630e5aca8e4abb807f70]
https://stage5.streamlabs.com:8443 [403] [GET] [text/plain] [] [cloudflare] [vhost] [cloudflare] [Cloudflare] [7b5ea53ba332630e5aca8e4abb807f70]
https://stage-io.streamlabs.com [404] [GET] [] [] [cloudflare] [vhost] [cloudflare] [Cloudflare] [d41d8cd98f00b204e9800998ecf8427e]
https://stats.streamlabs.com [200] [GET] [application/json] [] [cloudflare] [vhost] [cloudflare] [Cloudflare] [23430f0d1d35dc2e93615c3068e4f1bc]
https://stats.streamlabs.com [200] [GET] [application/json] [] [cloudflare] [vhost] [cloudflare] [Cloudflare] [2dabceca71bdc0f25a78a3df10795fa0]
https://status.streamlabs.com [301] [GET] [] [] [cloudflare] [vhost] [cloudflare] [Cloudflare] [d41d8cd98f00b204e9800998ecf8427e]
https://status.streamlabs.com:8443 [301] [GET] [] [] [cloudflare] [vhost] [cloudflare] [Cloudflare] [d41d8cd98f00b204e9800998ecf8427e]
https://streamlabels.streamlabs.com [200] [GET] [application/json] [] [cloudflare] [vhost] [cloudflare] [Cloudflare,Express,Node.js] [44be3c907e1aebe2ab5bfe3d90d50a61]
https://streamlabs.com [200] [GET] [text/html] [] [cloudflare] [vhost] [cloudflare] [Cloudflare,Google Font API] [c521a868d22d70503a8394e952c6879b]
https://support.streamlabs.com [301] [GET] [text/html] [] [cloudflare] [vhost] [cloudflare] [Cloudflare,Cloudflare Network Error Logging,Zendesk] [a3dc494af90311bc2ac036ba23c0a3d0]
http://stage1.streamlabs.com:8080 [403] [GET] [text/plain] [] [cloudflare] [vhost] [cloudflare] [Cloudflare] [7b5ea53ba332630e5aca8e4abb807f70]
http://stage3.streamlabs.com:8080 [403] [GET] [text/plain] [] [cloudflare] [vhost] [cloudflare] [Cloudflare] [7b5ea53ba332630e5aca8e4abb807f70]
http://stage4.streamlabs.com:8080 [403] [GET] [text/plain] [] [cloudflare] [vhost] [cloudflare] [Cloudflare] [7b5ea53ba332630e5aca8e4abb807f70]
http://stage5.streamlabs.com:8080 [403] [GET] [text/plain] [] [cloudflare] [vhost] [cloudflare] [Cloudflare] [7b5ea53ba332630e5aca8e4abb807f70]
http://stage-io.streamlabs.com:8080 [301] [GET] [] [] [cloudflare] [cloudflare] [Cloudflare] [d41d8cd98f00b204e9800998ecf8427e]
http://stats.streamlabs.com:8080 [301] [GET] [] [] [cloudflare] [cloudflare] [Cloudflare] [d41d8cd98f00b204e9800998ecf8427e]
http://status.streamlabs.com:8080 [301] [GET] [] [] [cloudflare] [cloudflare] [Cloudflare] [d41d8cd98f00b204e9800998ecf8427e]
http://streamlabels.streamlabs.com:8080 [301] [GET] [] [] [cloudflare] [cloudflare] [Cloudflare] [d41d8cd98f00b204e9800998ecf8427e]
http://streamlabs.com:2053 [400] [GET] [text/html] [400 The plain HTTP request was sent to HTTPS port] [cloudflare] [cloudflare] [Cloudflare] [cd58783500d7fa3c58f88eb0ba22f4f8]
http://streamlabs.com:2082 [301] [GET] [] [] [cloudflare] [cloudflare] [Cloudflare] [d41d8cd98f00b204e9800998ecf8427e]
http://streamlabs.com:2083 [400] [GET] [text/html] [400 The plain HTTP request was sent to HTTPS port] [cloudflare] [cloudflare] [Cloudflare] [20ad84d030031252141ca0b3fc0183f0]
http://streamlabs.com:2086 [301] [GET] [] [] [cloudflare] [cloudflare] [Cloudflare] [d41d8cd98f00b204e9800998ecf8427e]
http://streamlabs.com:2087 [400] [GET] [text/html] [400 The plain HTTP request was sent to HTTPS port] [cloudflare] [cloudflare] [Cloudflare] [20ad84d030031252141ca0b3fc0183f0]
http://streamlabs.com:2096 [400] [GET] [text/html] [400 The plain HTTP request was sent to HTTPS port] [cloudflare] [cloudflare] [Cloudflare] [cd58783500d7fa3c58f88eb0ba22f4f8]
http://streamlabs.com:8080 [301] [GET] [] [] [cloudflare] [cloudflare] [Cloudflare] [d41d8cd98f00b204e9800998ecf8427e]
http://streamlabs.com:8443 [400] [GET] [text/html] [400 The plain HTTP request was sent to HTTPS port] [cloudflare] [cloudflare] [Cloudflare] [cd58783500d7fa3c58f88eb0ba22f4f8]
http://streamlabs.com:8880 [301] [GET] [] [] [cloudflare] [cloudflare] [Cloudflare] [d41d8cd98f00b204e9800998ecf8427e]
https://twitch.streamlabs.com [302] [GET] [text/html] [Redirecting to https://streamlabs.com/] [cloudflare] [vhost] [cloudflare] [Cloudflare] [d63e7cccb198a99e60bdf3147dfbb21e]
http://support.streamlabs.com:8443 [400] [GET] [text/html] [400 The plain HTTP request was sent to HTTPS port] [cloudflare] [cloudflare] [Cloudflare] [20ad84d030031252141ca0b3fc0183f0]
https://www.streamlabs.com [301] [GET] [] [] [cloudflare] [vhost] [cloudflare] [Cloudflare] [d41d8cd98f00b204e9800998ecf8427e]
https://www.streamlabs.com:8443 [301] [GET] [] [] [cloudflare] [vhost] [cloudflare] [Cloudflare] [d41d8cd98f00b204e9800998ecf8427e]
https://xt.streamlabs.com [200] [GET] [text/html] [] [cloudflare] [vhost] [cloudflare] [Cloudflare,Google Font API] [c521a868d22d70503a8394e952c6879b]
https://youtube.streamlabs.com [302] [GET] [text/html] [Redirecting to https://streamlabs.com/] [cloudflare] [vhost] [cloudflare] [Cloudflare] [d63e7cccb198a99e60bdf3147dfbb21e]
http://twitch.streamlabs.com:8080 [301] [GET] [] [] [cloudflare] [cloudflare] [Cloudflare] [d41d8cd98f00b204e9800998ecf8427e]
http://www.streamlabs.com:8080 [301] [GET] [] [] [cloudflare] [cloudflare] [Cloudflare] [d41d8cd98f00b204e9800998ecf8427e]
http://xt.streamlabs.com:8080 [301] [GET] [] [] [cloudflare] [cloudflare] [Cloudflare] [d41d8cd98f00b204e9800998ecf8427e]
http://youtube.streamlabs.com:8080 [301] [GET] [] [] [cloudflare] [cloudflare] [Cloudflare] [d41d8cd98f00b204e9800998ecf8427e]
