http://edge-checkout-tree.stripe.com [403] [GET] [text/html] [ERROR: The request could not be satisfied] [CloudFront] [cloudfront] [Amazon Cloudfront,Amazon Web Services] [02e52a94192cf8bd22aab8e61d50106a]
http://edge-js-tree.stripe.com [403] [GET] [text/html] [ERROR: The request could not be satisfied] [CloudFront] [cloudfront] [Amazon Cloudfront,Amazon Web Services] [9f83ef663d4610951aeb7590ebee9f2e]
https://58.email.stripe.com [400] [GET] [] [] [] [vhost] [cloudfront] [Amazon Cloudfront,Amazon Web Services] [d41d8cd98f00b204e9800998ecf8427e]
https://59.email.stripe.com [400] [GET] [] [] [] [vhost] [cloudfront] [Amazon Cloudfront,Amazon Web Services] [d41d8cd98f00b204e9800998ecf8427e]
https://answers.stripe.com [301] [GET] [text/html] [301 Moved Permanently] [nginx] [vhost] [Nginx] [4f8e702cc244ec5d4de32740c0ecbd97]
https://api-83wzadmhqo.stripe.com [404] [GET] [application/json] [] [nginx] [Nginx] [27eab96c1dee61a4e6cfe11e1782ffa8]
https://api.stripe.com [404] [GET] [application/json] [] [nginx] [Nginx] [27eab96c1dee61a4e6cfe11e1782ffa8]
https://armada.stripe.com [302] [GET] [text/html] [302 Found] [nginx] [vhost] [Nginx] [aff950cab4c0265e21d401db15f1026d]
https://atlas.stripe.com [302] [GET] [application/octet-stream] [] [nginx] [vhost] [Nginx] [df17f5631e8f8ce06acd98fc806e789b]
https://auth.stripe.com [302] [GET] [text/html] [] [nginx] [vhost] [Nginx] [d41d8cd98f00b204e9800998ecf8427e]
https://barclays-hooks.stripe.com [301] [GET] [] [] [nginx] [vhost] [Nginx] [d41d8cd98f00b204e9800998ecf8427e]
https://billing.stripe.com [301] [GET] [] [] [nginx] [vhost] [Nginx] [d41d8cd98f00b204e9800998ecf8427e]
https://blik-hooks.stripe.com [404] [GET] [application/json] [] [nginx] [vhost] [Nginx] [27eab96c1dee61a4e6cfe11e1782ffa8]
https://blog.stripe.com [301] [GET] [text/html] [301 Moved Permanently] [nginx] [vhost] [Nginx] [4f8e702cc244ec5d4de32740c0ecbd97]
https://button.stripe.com [503] [GET] [text/html] [] [nginx] [vhost] [Nginx] [ff4ed829ffd04e9c6095842b07d11f09]
https://calendar.stripe.com [301] [GET] [text/html] [301 Moved Permanently] [nginx] [vhost] [Nginx] [4f8e702cc244ec5d4de32740c0ecbd97]
https://checkout.stripe.com [301] [GET] [] [] [Varnish] [vhost] [fastly] [Fastly,Varnish] [d41d8cd98f00b204e9800998ecf8427e]
https://climate.stripe.com [404] [GET] [text/html] [Stripe: Page not found] [nginx] [vhost] [Nginx] [23c62aa466a8b1a111bf7d3ef85fa5b2]
https://code.stripe.com [302] [GET] [text/html] [302 Found] [nginx] [vhost] [Nginx] [aff950cab4c0265e21d401db15f1026d]
https://community.stripe.com [301] [GET] [text/html] [301 Moved Permanently] [nginx] [vhost] [Nginx] [4f8e702cc244ec5d4de32740c0ecbd97]
https://connections-auth.stripe.com [302] [GET] [text/html] [] [nginx] [vhost] [Nginx] [d41d8cd98f00b204e9800998ecf8427e]
https://connect.stripe.com [303] [GET] [text/html] [] [nginx] [vhost] [Amazon S3,Amazon Web Services,Nginx,hCaptcha] [d41d8cd98f00b204e9800998ecf8427e]
https://dashboard-admin.stripe.com [301] [GET] [text/html] [301 Moved Permanently] [nginx] [vhost] [Nginx] [4f8e702cc244ec5d4de32740c0ecbd97]
https://dashboard-canary-1-percent.stripe.com [404] [GET] [text/html] [404 Not Found] [nginx] [Nginx] [370e16c3b7dba286cff055f93b9a94d8]
https://dashboard-canary-25-percent.stripe.com [303] [GET] [text/html] [] [nginx] [vhost] [Amazon S3,Amazon Web Services,Nginx,hCaptcha] [d41d8cd98f00b204e9800998ecf8427e]
https://dashboard-canary-50-percent.stripe.com [303] [GET] [text/html] [] [nginx] [vhost] [Amazon S3,Amazon Web Services,Nginx,hCaptcha] [d41d8cd98f00b204e9800998ecf8427e]
https://dashboard-canary-5-percent.stripe.com [303] [GET] [text/html] [] [nginx] [vhost] [Amazon S3,Amazon Web Services,Nginx,hCaptcha] [d41d8cd98f00b204e9800998ecf8427e]
https://dashboard.stripe.com [303] [GET] [text/html] [] [nginx] [vhost] [Amazon S3,Amazon Web Services,Nginx,hCaptcha] [d41d8cd98f00b204e9800998ecf8427e]
https://docs.stripe.com [301] [GET] [text/html] [301 Moved Permanently] [nginx] [vhost] [Nginx] [4f8e702cc244ec5d4de32740c0ecbd97]
https://edge-billing.stripe.com [301] [GET] [] [] [nginx] [vhost] [Nginx] [d41d8cd98f00b204e9800998ecf8427e]
https://edge-checkout.stripe.com [301] [GET] [] [] [Varnish] [vhost] [fastly] [Fastly,Varnish] [d41d8cd98f00b204e9800998ecf8427e]
https://edge-dashboard-admin.stripe.com [303] [GET] [text/html] [] [nginx] [vhost] [Amazon S3,Amazon Web Services,Nginx,hCaptcha] [d41d8cd98f00b204e9800998ecf8427e]
https://edge-dashboard.stripe.com [303] [GET] [text/html] [] [nginx] [vhost] [Amazon S3,Amazon Web Services,Nginx,hCaptcha] [d41d8cd98f00b204e9800998ecf8427e]
https://edge-js.stripe.com [404] [GET] [application/xml] [] [Cloudfront] [vhost] [cloudfront] [Amazon Cloudfront,Amazon Web Services] [2a6278443a51e2774b3dce254c32c9f7]
https://edge-manage.stripe.com [303] [GET] [text/html] [] [nginx] [vhost] [Amazon S3,Amazon Web Services,Nginx,hCaptcha] [d41d8cd98f00b204e9800998ecf8427e]
https://edge-pay.stripe.com [302] [GET] [application/json] [] [nginx] [vhost] [Nginx] [74e1dac82ea99b59ab652f9d512892e8]
https://edge.stripe.com [200] [GET] [text/html] [Stripe | Payment Processing Platform for the Internet] [nginx] [vhost] [Algolia,Contentful,Envoy,Nginx] [78d2a61acc6501895e913718dbe94300]
https://eidas-cert.stripe.com [404] [GET] [text/html] [404 Not Found] [nginx] [vhost] [Nginx] [370e16c3b7dba286cff055f93b9a94d8]
https://eidas-cert.stripe.com [404] [GET] [text/html] [404 Not Found] [nginx] [vhost] [Nginx] [8eec510e57f5f732fd2cce73df7b73ef]
https://email-57.stripe.com [404] [GET] [text/html] [404 Not Found] [nginx] [Nginx] [370e16c3b7dba286cff055f93b9a94d8]
https://email-74.stripe.com [404] [GET] [text/html] [404 Not Found] [nginx] [Nginx] [370e16c3b7dba286cff055f93b9a94d8]
https://email-74.stripe.com [404] [GET] [text/html] [404 Not Found] [nginx] [Nginx] [8eec510e57f5f732fd2cce73df7b73ef]
https://email-91.stripe.com [404] [GET] [text/html] [404 Not Found] [nginx] [Nginx] [370e16c3b7dba286cff055f93b9a94d8]
https://email-91.stripe.com [404] [GET] [text/html] [404 Not Found] [nginx] [Nginx] [8eec510e57f5f732fd2cce73df7b73ef]
https://enhance-public.stripe.com [404] [GET] [text/html] [404 Not Found] [nginx] [Nginx] [370e16c3b7dba286cff055f93b9a94d8]
https://errors.stripe.com [403] [GET] [text/html] [] [nginx] [vhost] [Nginx] [467c00a5db69af9647c6077f92af2d9f]
https://fe-nlb.stripe.com [404] [GET] [text/html] [404 Not Found] [nginx] [Nginx] [370e16c3b7dba286cff055f93b9a94d8]
https://filedrop.stripe.com [404] [GET] [text/html] [404 Not Found] [nginx] [Nginx] [8eec510e57f5f732fd2cce73df7b73ef]
https://files-global-bluegreen-iad.stripe.com [401] [GET] [application/json] [] [nginx] [vhost] [Basic,Nginx] [e7d47e750e24bed6f734bdf03e09d63a]
https://files-global-bluegreen-syd.stripe.com [401] [GET] [application/json] [] [nginx] [vhost] [Basic,Nginx] [e7d47e750e24bed6f734bdf03e09d63a]
https://files-global-fdub2.stripe.com [401] [GET] [application/json] [] [nginx] [vhost] [Basic,Nginx] [e7d47e750e24bed6f734bdf03e09d63a]
https://files-global-fnrt2.stripe.com [401] [GET] [application/json] [] [nginx] [vhost] [Basic,Nginx] [e7d47e750e24bed6f734bdf03e09d63a]
https://files-global-fsin2.stripe.com [401] [GET] [application/json] [] [nginx] [vhost] [Basic,Nginx] [e7d47e750e24bed6f734bdf03e09d63a]
https://files-global-tree.stripe.com [404] [GET] [text/html] [404 Not Found] [nginx] [Nginx] [8eec510e57f5f732fd2cce73df7b73ef]
https://files.stripe.com [401] [GET] [application/json] [] [nginx] [vhost] [Basic,Nginx] [e7d47e750e24bed6f734bdf03e09d63a]
https://frontend-global-fiad2.stripe.com [404] [GET] [] [] [nginx] [Nginx] [d41d8cd98f00b204e9800998ecf8427e]
https://frontend-global-fsin1.stripe.com [404] [GET] [] [] [nginx] [Nginx] [d41d8cd98f00b204e9800998ecf8427e]
https://frontend-global-tree.stripe.com [404] [GET] [] [] [nginx] [Nginx] [d41d8cd98f00b204e9800998ecf8427e]
https://gateway.stripe.com [404] [GET] [application/json] [] [nginx] [Nginx] [27eab96c1dee61a4e6cfe11e1782ffa8]
https://gator.stripe.com [404] [GET] [text/html] [404 Not Found] [nginx] [Nginx] [370e16c3b7dba286cff055f93b9a94d8]
https://gems.stripe.com [302] [GET] [text/html] [302 Found] [nginx] [vhost] [Nginx] [aff950cab4c0265e21d401db15f1026d]
https://global.stripe.com [404] [GET] [text/html] [404 Not Found] [nginx] [Nginx] [8eec510e57f5f732fd2cce73df7b73ef]
https://groups.stripe.com [301] [GET] [text/html] [301 Moved Permanently] [nginx] [vhost] [Nginx] [4f8e702cc244ec5d4de32740c0ecbd97]
https://hooks.stripe.com [302] [GET] [text/plain] [] [nginx] [vhost] [Nginx] [d41d8cd98f00b204e9800998ecf8427e]
https://identity-hooks.stripe.com [404] [GET] [application/json] [] [nginx] [vhost] [Nginx] [27eab96c1dee61a4e6cfe11e1782ffa8]
https://indonesia-bt.stripe.com [404] [GET] [application/json] [] [nginx] [vhost] [Nginx] [5e0471697b3f18dd704906c3b6adde32]
https://invoicedata.stripe.com [301] [GET] [] [] [nginx] [vhost] [Nginx] [d41d8cd98f00b204e9800998ecf8427e]
https://invoice.stripe.com [302] [GET] [] [] [CloudFront] [vhost] [cloudfront] [Amazon Cloudfront,Amazon Web Services] [d41d8cd98f00b204e9800998ecf8427e]
https://ip-54-186-23-98.stripe.com [404] [GET] [text/html] [404 Not Found] [nginx] [Nginx] [370e16c3b7dba286cff055f93b9a94d8]
https://ip-54-187-119-242.stripe.com [404] [GET] [text/html] [404 Not Found] [nginx] [Nginx] [370e16c3b7dba286cff055f93b9a94d8]
https://ip-54-187-159-182.stripe.com [404] [GET] [text/html] [404 Not Found] [nginx] [Nginx] [8eec510e57f5f732fd2cce73df7b73ef]
https://issuing-hooks-public.stripe.com [400] [GET] [text/html] [400 No required SSL certificate was sent] [nginx] [vhost] [Nginx] [08fee48a957bb5fb09679a318ee48bbc]
https://issuing-key.stripe.com [302] [GET] [text/html] [302 Found] [nginx] [vhost] [Nginx] [aff950cab4c0265e21d401db15f1026d]
https://js.stripe.com [404] [GET] [text/html] [] [Varnish] [vhost] [fastly] [Fastly,Varnish] [c5895b6941f94f1f94eaba819957fb74]
https://lists.stripe.com [301] [GET] [text/html] [301 Moved Permanently] [nginx] [vhost] [Nginx] [4f8e702cc244ec5d4de32740c0ecbd97]
https://lokalise-hooks.stripe.com [301] [GET] [text/html] [301 Moved Permanently] [nginx] [vhost] [Nginx] [4f8e702cc244ec5d4de32740c0ecbd97]
https://mail.stripe.com [301] [GET] [text/html] [301 Moved Permanently] [nginx] [vhost] [Nginx] [4f8e702cc244ec5d4de32740c0ecbd97]
https://media.stripe.com [301] [GET] [text/html] [301 Moved Permanently] [nginx] [vhost] [Nginx] [4f8e702cc244ec5d4de32740c0ecbd97]
https://m.stripe.com [301] [GET] [text/html] [301 Moved Permanently] [nginx] [Nginx] [4f8e702cc244ec5d4de32740c0ecbd97]
https://payments.stripe.com [301] [GET] [text/html] [301 Moved Permanently] [nginx] [vhost] [Nginx] [4f8e702cc244ec5d4de32740c0ecbd97]
https://press.stripe.com [200] [GET] [text/html] [Stripe Press — Ideas for progress] [nginx] [vhost] [Algolia,Contentful,Envoy,Nginx] [07a8e2a10e9a6053a585ca363ba6087a]
https://prod-js-tree.stripe.com [500] [GET] [text/html] [Fastly error: unknown domain prod-js-tree.stripe.com] [Varnish] [fastly] [Fastly,Varnish] [859bd54566f854f4e4f3cbf2be51b458]
https://prod-js-tree.stripe.com [500] [GET] [text/html] [Fastly error: unknown domain prod-js-tree.stripe.com] [Varnish] [fastly] [Fastly,Varnish] [abd9efdd259b338799f6aab2faad1fa1]
https://products.stripe.com [404] [GET] [text/html] [404 Not Found] [nginx] [Nginx] [370e16c3b7dba286cff055f93b9a94d8]
https://public.stripe.com [404] [GET] [text/html] [404 Not Found] [nginx] [Nginx] [8eec510e57f5f732fd2cce73df7b73ef]
https://qa-api-global-bluegreen.stripe.com [404] [GET] [application/json] [] [nginx] [Nginx] [27eab96c1dee61a4e6cfe11e1782ffa8]
https://qa-api.stripe.com [404] [GET] [application/json] [] [nginx] [Nginx] [27eab96c1dee61a4e6cfe11e1782ffa8]
https://qa-status.stripe.com [200] [GET] [text/html] [Stripe system status] [Cloudfront] [vhost] [cloudfront] [Amazon Cloudfront,Amazon Web Services,React] [4b6306baf98a7820769953748883f144]
https://q.stripe.com [200] [GET] [image/gif] [] [nginx] [vhost] [Nginx] [ad4b0f606e0f8465bc4c4c170b37e1a3]
https://sessions.stripe.com [302] [GET] [] [] [CloudFront] [vhost] [cloudfront] [Amazon Cloudfront,Amazon Web Services] [d41d8cd98f00b204e9800998ecf8427e]
https://shop.stripe.com [301] [GET] [text/html] [301 Moved Permanently] [nginx] [vhost] [Nginx] [4f8e702cc244ec5d4de32740c0ecbd97]
https://site-admin.stripe.com [301] [GET] [text/html] [301 Moved Permanently] [nginx] [vhost] [Nginx] [4f8e702cc244ec5d4de32740c0ecbd97]
https://sourcemaps.corp.stripe.com [404] [GET] [text/html] [404 Not Found] [nginx] [Nginx] [370e16c3b7dba286cff055f93b9a94d8]
https://sourcemaps.corp.stripe.com [404] [GET] [text/html] [404 Not Found] [nginx] [Nginx] [8eec510e57f5f732fd2cce73df7b73ef]
https://sourcemaps.stripe.com [204] [GET] [] [] [nginx] [vhost] [Nginx] [d41d8cd98f00b204e9800998ecf8427e]
https://static.stripe.com [404] [GET] [text/html] [404 Not Found] [nginx] [Nginx] [370e16c3b7dba286cff055f93b9a94d8]
https://static.stripe.com [404] [GET] [text/html] [404 Not Found] [nginx] [Nginx] [8eec510e57f5f732fd2cce73df7b73ef]
https://status.stripe.com [200] [GET] [text/html] [Stripe system status] [Cloudfront] [vhost] [cloudfront] [Amazon Cloudfront,Amazon Web Services,React] [4b6306baf98a7820769953748883f144]
https://stripe-cli.stripe.com [404] [GET] [text/html] [404 Not Found] [nginx] [Nginx] [370e16c3b7dba286cff055f93b9a94d8]
https://stripe-cli.stripe.com [404] [GET] [text/html] [404 Not Found] [nginx] [Nginx] [8eec510e57f5f732fd2cce73df7b73ef]
https://stripe.com [200] [GET] [text/html] [Stripe | Payment Processing Platform for the Internet] [nginx] [vhost] [Algolia,Contentful,Envoy,Nginx] [78d2a61acc6501895e913718dbe94300]
https://support.stripe.com [200] [GET] [text/html] [Stripe: Help & Support] [nginx] [vhost] [Amazon S3,Amazon Web Services,Envoy,Nginx,React] [6e8af212960d35d4ad1c71572a5ee965]
https://support.stripe.com [200] [GET] [text/html] [Stripe: Help & Support] [nginx] [vhost] [Amazon S3,Amazon Web Services,Envoy,Nginx,React] [feed39132ebbd8d55a5fc93350e2d483]
https://uploads.stripe.com [401] [GET] [application/json] [] [nginx] [vhost] [Basic,Nginx] [e7d47e750e24bed6f734bdf03e09d63a]
https://verificator-main.stripe.com [404] [GET] [text/html] [404 Not Found] [nginx] [Nginx] [8eec510e57f5f732fd2cce73df7b73ef]
https://verify.stripe.com [301] [GET] [] [] [nginx] [vhost] [Nginx] [d41d8cd98f00b204e9800998ecf8427e]
https://vip1-nw-public.stripe.com [404] [GET] [text/html] [404 Not Found] [nginx] [Nginx] [370e16c3b7dba286cff055f93b9a94d8]
https://vip1-nw-public.stripe.com [404] [GET] [text/html] [404 Not Found] [nginx] [Nginx] [8eec510e57f5f732fd2cce73df7b73ef]
https://vip2-nw-public.stripe.com [404] [GET] [text/html] [404 Not Found] [nginx] [Nginx] [370e16c3b7dba286cff055f93b9a94d8]
https://vip2-nw-public.stripe.com [404] [GET] [text/html] [404 Not Found] [nginx] [Nginx] [8eec510e57f5f732fd2cce73df7b73ef]
https://vip4-nw-public.stripe.com [404] [GET] [text/html] [404 Not Found] [nginx] [Nginx] [370e16c3b7dba286cff055f93b9a94d8]
https://vip4-nw-public.stripe.com [404] [GET] [text/html] [404 Not Found] [nginx] [Nginx] [8eec510e57f5f732fd2cce73df7b73ef]
https://www.stripe.com [301] [GET] [text/html] [301 Moved Permanently] [nginx] [vhost] [Nginx] [4f8e702cc244ec5d4de32740c0ecbd97]
