http://calendar.swiftype.com [302] [GET] [text/html] [302 Moved] [ghs] [vhost] [da4e287b568c55497489301fdc0a54c6]
http://docs.swiftype.com [302] [GET] [text/html] [302 Moved] [ghs] [vhost] [1198f87972eb38731dfb9b34ba40c71a]
http://download.swiftype.com:2052 [301] [GET] [] [] [cloudflare] [vhost] [cloudflare] [Cloudflare] [d41d8cd98f00b204e9800998ecf8427e]
http://download.swiftype.com:2053 [400] [GET] [text/html] [400 The plain HTTP request was sent to HTTPS port] [cloudflare] [cloudflare] [Cloudflare] [cd58783500d7fa3c58f88eb0ba22f4f8]
http://download.swiftype.com:2082 [301] [GET] [] [] [cloudflare] [vhost] [cloudflare] [Cloudflare] [d41d8cd98f00b204e9800998ecf8427e]
http://download.swiftype.com:2083 [400] [GET] [text/html] [400 The plain HTTP request was sent to HTTPS port] [cloudflare] [cloudflare] [Cloudflare] [cd58783500d7fa3c58f88eb0ba22f4f8]
http://download.swiftype.com:2086 [301] [GET] [] [] [cloudflare] [vhost] [cloudflare] [Cloudflare] [d41d8cd98f00b204e9800998ecf8427e]
http://download.swiftype.com:2087 [400] [GET] [text/html] [400 The plain HTTP request was sent to HTTPS port] [cloudflare] [cloudflare] [Cloudflare] [cd58783500d7fa3c58f88eb0ba22f4f8]
http://download.swiftype.com:2096 [400] [GET] [text/html] [400 The plain HTTP request was sent to HTTPS port] [cloudflare] [cloudflare] [Cloudflare] [cd58783500d7fa3c58f88eb0ba22f4f8]
http://download.swiftype.com:8080 [301] [GET] [] [] [cloudflare] [vhost] [cloudflare] [Cloudflare] [d41d8cd98f00b204e9800998ecf8427e]
http://download.swiftype.com:8443 [400] [GET] [text/html] [400 The plain HTTP request was sent to HTTPS port] [cloudflare] [cloudflare] [Cloudflare] [20ad84d030031252141ca0b3fc0183f0]
http://download.swiftype.com:8880 [301] [GET] [] [] [cloudflare] [vhost] [cloudflare] [Cloudflare] [d41d8cd98f00b204e9800998ecf8427e]
http://lp.swiftype.com:2053 [400] [GET] [text/html] [400 The plain HTTP request was sent to HTTPS port] [cloudflare] [cloudflare] [Cloudflare] [cd58783500d7fa3c58f88eb0ba22f4f8]
http://lp.swiftype.com:2083 [400] [GET] [text/html] [400 The plain HTTP request was sent to HTTPS port] [cloudflare] [cloudflare] [Cloudflare] [cd58783500d7fa3c58f88eb0ba22f4f8]
http://lp.swiftype.com:2087 [400] [GET] [text/html] [400 The plain HTTP request was sent to HTTPS port] [cloudflare] [cloudflare] [Cloudflare] [cd58783500d7fa3c58f88eb0ba22f4f8]
http://lp.swiftype.com:2096 [400] [GET] [text/html] [400 The plain HTTP request was sent to HTTPS port] [cloudflare] [cloudflare] [Cloudflare] [cd58783500d7fa3c58f88eb0ba22f4f8]
http://lp.swiftype.com:8443 [400] [GET] [text/html] [400 The plain HTTP request was sent to HTTPS port] [cloudflare] [cloudflare] [Cloudflare] [20ad84d030031252141ca0b3fc0183f0]
http://mail.swiftype.com [301] [GET] [text/html] [301 Moved] [ghs] [vhost] [49c525403546424afc640b98f503e0c7]
https://20.api.swiftype.com [404] [GET] [application/octet-stream] [] [] [4507962a8d14b632bfb92085c2fdfd02]
https://admin.swiftype.com [301] [GET] [text/html] [301 Moved Permanently] [] [vhost] [a60446a985813a23bbf73e9798c853d8]
https://afiseazacos.svc.api.swiftype.com [404] [GET] [application/octet-stream] [] [] [4507962a8d14b632bfb92085c2fdfd02]
https://ams03-api.swiftype.com [404] [GET] [text/plain] [] [] [c63c1bcd3ed459de3fe4ab3ac34c5411]
https://api-cdn-legacy.swiftype.com [500] [GET] [text/html] [Fastly error: unknown domain api-cdn-legacy.swiftype.com] [Varnish] [fastly] [Fastly,Varnish] [b7d00ab82523c34fba38a0fbe5a60868]
https://api-cdn-legacy.swiftype.com [500] [GET] [text/html] [Fastly error: unknown domain api-cdn-legacy.swiftype.com] [Varnish] [fastly] [Fastly,Varnish] [e35449b810254ededd4e2a27925f40c9]
https://api-cdn.swiftype.com [404] [GET] [application/octet-stream] [] [] [vhost] [fastly] [Fastly,Varnish] [4507962a8d14b632bfb92085c2fdfd02]
https://api-netflix.swiftype.com [404] [GET] [application/octet-stream] [] [] [vhost] [4507962a8d14b632bfb92085c2fdfd02]
https://api.swiftype.com [404] [GET] [application/octet-stream] [] [] [4507962a8d14b632bfb92085c2fdfd02]
https://app.swiftype.com [302] [GET] [text/html] [] [] [vhost] [RackCache,Ruby] [6a84e4f6217cc760bc17e63f37a05be9]
https://assets.swiftype.com [403] [GET] [application/octet-stream] [] [] [vhost] [fastly] [Fastly,Varnish] [c3a28c2e4e97982824afb32772831950]
https://blog.swiftype.com [200] [GET] [text/html] [The Swiftype Blog] [GitHub.com] [vhost] [Fastly,GitHub Pages,Google Tag Manager,Gravatar,Varnish,YouTube] [808e3461cb3f000d563c0b083cb51014]
https://canary-api.swiftype.com [404] [GET] [application/octet-stream] [] [] [4507962a8d14b632bfb92085c2fdfd02]
https://cc.swiftype.com [410] [GET] [application/octet-stream] [] [] [vhost] [53d2e1573a19d4a21693ec44813d22a3]
https://community.swiftype.com [200] [GET] [text/html] [Swiftype Community Forums] [nginx] [vhost] [Discourse,Nginx,Ruby on Rails] [448cce13f871d8bf9501949e1345137b]
https://community.swiftype.com [200] [GET] [text/html] [Swiftype Community Forums] [nginx] [vhost] [Discourse,Nginx,Ruby on Rails] [fd6cb301ea44cd9ab07098001085e26a]
https://dal12-api.swiftype.com [404] [GET] [application/octet-stream] [] [] [vhost] [4507962a8d14b632bfb92085c2fdfd02]
https://download.swiftype.com [403] [GET] [application/xml] [] [cloudflare] [vhost] [cloudflare] [Amazon Web Services,Cloudflare] [2b4a975746693c8e6a4f89701cc66991]
https://download.swiftype.com [403] [GET] [application/xml] [] [cloudflare] [vhost] [cloudflare] [Amazon Web Services,Cloudflare] [b759a9e7dd9fa69861f901f77fcaf532]
https://email.swiftype.com [200] [GET] [application/octet-stream] [] [nginx] [Nginx] [9f36c1c909fa94ed5e7af41387ae3dae]
https://ent.swiftype.com [301] [GET] [text/html] [301 Moved Permanently] [] [vhost] [a60446a985813a23bbf73e9798c853d8]
https://hooks.swiftype.com [403] [GET] [text/html] [403 Forbidden] [] [vhost] [22bba58de5219588540a37770d473cc9]
https://hooks.swiftype.com [403] [GET] [text/html] [403 Forbidden] [] [vhost] [9a7e35328edb0196db21ca9e865805c5]
https://host-1r8dhi.api.swiftype.com [404] [GET] [application/octet-stream] [] [] [4507962a8d14b632bfb92085c2fdfd02]
https://host-2376rb.api.swiftype.com [404] [GET] [application/octet-stream] [] [] [4507962a8d14b632bfb92085c2fdfd02]
https://host-2if2o9.api.swiftype.com [404] [GET] [application/octet-stream] [] [] [4507962a8d14b632bfb92085c2fdfd02]
https://host-2rqacf.api.swiftype.com [404] [GET] [application/octet-stream] [] [] [4507962a8d14b632bfb92085c2fdfd02]
https://host-2v4v9v.api.swiftype.com [404] [GET] [application/octet-stream] [] [] [4507962a8d14b632bfb92085c2fdfd02]
https://host-43ixck.api.swiftype.com [404] [GET] [application/octet-stream] [] [] [4507962a8d14b632bfb92085c2fdfd02]
https://host-4p5qtb.api.swiftype.com [404] [GET] [application/octet-stream] [] [] [4507962a8d14b632bfb92085c2fdfd02]
https://host-7g25jk.api.swiftype.com [404] [GET] [application/octet-stream] [] [] [4507962a8d14b632bfb92085c2fdfd02]
https://host-8yuugk.api.swiftype.com [404] [GET] [application/octet-stream] [] [] [4507962a8d14b632bfb92085c2fdfd02]
https://host-9ffeki.api.swiftype.com [404] [GET] [application/octet-stream] [] [] [4507962a8d14b632bfb92085c2fdfd02]
https://host-asdf.api.swiftype.com [404] [GET] [application/octet-stream] [] [] [4507962a8d14b632bfb92085c2fdfd02]
https://host-drz8hg.api.swiftype.com [404] [GET] [application/octet-stream] [] [] [4507962a8d14b632bfb92085c2fdfd02]
https://host-emqce4.api.swiftype.com [404] [GET] [application/octet-stream] [] [] [4507962a8d14b632bfb92085c2fdfd02]
https://host-eucj8i.api.swiftype.com [404] [GET] [application/octet-stream] [] [] [4507962a8d14b632bfb92085c2fdfd02]
https://host-gbimj9.api.swiftype.com [404] [GET] [application/octet-stream] [] [] [4507962a8d14b632bfb92085c2fdfd02]
https://host-hfgyun.api.swiftype.com [404] [GET] [application/octet-stream] [] [] [4507962a8d14b632bfb92085c2fdfd02]
https://host-jmrkp2.api.swiftype.com [404] [GET] [application/octet-stream] [] [] [4507962a8d14b632bfb92085c2fdfd02]
https://host-m356fs.api.swiftype.com [404] [GET] [application/octet-stream] [] [] [4507962a8d14b632bfb92085c2fdfd02]
https://host-nm1h2z.api.swiftype.com [404] [GET] [application/octet-stream] [] [] [4507962a8d14b632bfb92085c2fdfd02]
https://host-vdgrw7.api.swiftype.com [404] [GET] [application/octet-stream] [] [] [4507962a8d14b632bfb92085c2fdfd02]
https://host-vsn7xo.api.swiftype.com [404] [GET] [application/octet-stream] [] [] [4507962a8d14b632bfb92085c2fdfd02]
https://host-xxxx.api.swiftype.com [404] [GET] [application/octet-stream] [] [] [4507962a8d14b632bfb92085c2fdfd02]
https://host-xxxxx.api.swiftype.com [404] [GET] [application/octet-stream] [] [] [4507962a8d14b632bfb92085c2fdfd02]
https://local.api.swiftype.com [404] [GET] [application/octet-stream] [] [] [4507962a8d14b632bfb92085c2fdfd02]
https://lp.swiftype.com [301] [GET] [text/html] [] [cloudflare] [vhost] [cloudflare] [Cloudflare,Cloudflare Bot Management] [309d66599658c9fdb21426625391192e]
https://search-api-latency.swiftype.com [410] [GET] [application/octet-stream] [] [] [9bfe37341249e5bd8ab07267027a0705]
https://search-api.swiftype.com [404] [GET] [application/octet-stream] [] [] [vhost] [4507962a8d14b632bfb92085c2fdfd02]
https://search-cdn.swiftype.com [500] [GET] [text/html] [Fastly error: unknown domain search-cdn.swiftype.com] [Varnish] [fastly] [Fastly,Varnish] [969b348214e39c496f8abd4d771e7b89]
https://search-cdn.swiftype.com [500] [GET] [text/html] [Fastly error: unknown domain search-cdn.swiftype.com] [Varnish] [fastly] [Fastly,Varnish] [a2f59f069bc04194049229322f42369c]
https://search.swiftype.com [301] [GET] [text/html] [301 Moved Permanently] [] [vhost] [a60446a985813a23bbf73e9798c853d8]
https://static.swiftype.com [403] [GET] [application/octet-stream] [] [] [vhost] [c3a28c2e4e97982824afb32772831950]
https://status.swiftype.com [301] [GET] [] [] [Varnish] [vhost] [fastly] [Fastly,Varnish] [d41d8cd98f00b204e9800998ecf8427e]
https://www.api.swiftype.com [404] [GET] [application/octet-stream] [] [] [4507962a8d14b632bfb92085c2fdfd02]
https://www.swiftype.com [301] [GET] [text/html] [301 Moved Permanently] [] [vhost] [a60446a985813a23bbf73e9798c853d8]
