https://at.takeawayriders.com [302] [GET] [text/html] [] [] [vhost] [d41d8cd98f00b204e9800998ecf8427e]
https://at.takeawayriders.com [503] [GET] [text/html] [503 Service Temporarily Unavailable] [] [vhost] [3267dd8f0e96711dd54dbb1f5676b447]
https://be.takeawayriders.com [302] [GET] [text/html] [] [] [vhost] [d41d8cd98f00b204e9800998ecf8427e]
https://be.takeawayriders.com [503] [GET] [text/html] [503 Service Temporarily Unavailable] [] [vhost] [3267dd8f0e96711dd54dbb1f5676b447]
https://bg.takeawayriders.com [302] [GET] [text/html] [] [] [vhost] [d41d8cd98f00b204e9800998ecf8427e]
https://bg.takeawayriders.com [503] [GET] [text/html] [503 Service Temporarily Unavailable] [] [vhost] [3267dd8f0e96711dd54dbb1f5676b447]
https://ch.takeawayriders.com [302] [GET] [text/html] [] [] [vhost] [d41d8cd98f00b204e9800998ecf8427e]
https://ch.takeawayriders.com [503] [GET] [text/html] [503 Service Temporarily Unavailable] [] [vhost] [3267dd8f0e96711dd54dbb1f5676b447]
https://de.takeawayriders.com [302] [GET] [text/html] [] [] [vhost] [d41d8cd98f00b204e9800998ecf8427e]
https://de.takeawayriders.com [503] [GET] [text/html] [503 Service Temporarily Unavailable] [] [vhost] [80d85d8dee5d6b66ea68013f7ca3284a]
https://dk.takeawayriders.com [200] [GET] [text/html] [Denmark Just Eat Takeaway Knowledge Base – Just another Takeaway Knowledge Base Sites site] [] [vhost] [MySQL,PHP,WordPress:5.8.3] [f4e6c9eacddb5cdb52279b8c0dc51675]
https://dk.takeawayriders.com [503] [GET] [text/html] [503 Service Temporarily Unavailable] [] [vhost] [3267dd8f0e96711dd54dbb1f5676b447]
https://es.takeawayriders.com [503] [GET] [text/html] [503 Service Temporarily Unavailable] [] [vhost] [3267dd8f0e96711dd54dbb1f5676b447]
https://es.takeawayriders.com [503] [GET] [text/html] [503 Service Temporarily Unavailable] [] [vhost] [80d85d8dee5d6b66ea68013f7ca3284a]
https://fr.takeawayriders.com [503] [GET] [text/html] [503 Service Temporarily Unavailable] [] [vhost] [3267dd8f0e96711dd54dbb1f5676b447]
https://fr.takeawayriders.com [503] [GET] [text/html] [503 Service Temporarily Unavailable] [] [vhost] [80d85d8dee5d6b66ea68013f7ca3284a]
https://he.takeawayriders.com [404] [GET] [text/html] [404 Not Found] [] [370e16c3b7dba286cff055f93b9a94d8]
https://he.takeawayriders.com [404] [GET] [text/html] [404 Not Found] [] [8eec510e57f5f732fd2cce73df7b73ef]
https://ie.takeawayriders.com [503] [GET] [text/html] [503 Service Temporarily Unavailable] [] [vhost] [80d85d8dee5d6b66ea68013f7ca3284a]
https://il.takeawayriders.com [503] [GET] [text/html] [503 Service Temporarily Unavailable] [] [vhost] [3267dd8f0e96711dd54dbb1f5676b447]
https://il.takeawayriders.com [503] [GET] [text/html] [503 Service Temporarily Unavailable] [] [vhost] [80d85d8dee5d6b66ea68013f7ca3284a]
https://it.takeawayriders.com [503] [GET] [text/html] [503 Service Temporarily Unavailable] [] [vhost] [3267dd8f0e96711dd54dbb1f5676b447]
https://nl.takeawayriders.com [503] [GET] [text/html] [503 Service Temporarily Unavailable] [] [vhost] [3267dd8f0e96711dd54dbb1f5676b447]
https://nl.takeawayriders.com [503] [GET] [text/html] [503 Service Temporarily Unavailable] [] [vhost] [80d85d8dee5d6b66ea68013f7ca3284a]
https://no.takeawayriders.com [503] [GET] [text/html] [503 Service Temporarily Unavailable] [] [vhost] [80d85d8dee5d6b66ea68013f7ca3284a]
https://pl.takeawayriders.com [503] [GET] [text/html] [503 Service Temporarily Unavailable] [] [vhost] [3267dd8f0e96711dd54dbb1f5676b447]
https://pt.takeawayriders.com [503] [GET] [text/html] [503 Service Temporarily Unavailable] [] [vhost] [80d85d8dee5d6b66ea68013f7ca3284a]
https://ro.takeawayriders.com [503] [GET] [text/html] [503 Service Temporarily Unavailable] [] [vhost] [3267dd8f0e96711dd54dbb1f5676b447]
https://ro.takeawayriders.com [503] [GET] [text/html] [503 Service Temporarily Unavailable] [] [vhost] [80d85d8dee5d6b66ea68013f7ca3284a]
https://takeawayriders.com [302] [GET] [text/html] [] [cloudflare] [vhost] [cloudflare] [Cloudflare,Cloudflare Network Error Logging] [d41d8cd98f00b204e9800998ecf8427e]
https://uk.takeawayriders.com [503] [GET] [text/html] [503 Service Temporarily Unavailable] [] [vhost] [3267dd8f0e96711dd54dbb1f5676b447]
https://uk.takeawayriders.com [503] [GET] [text/html] [503 Service Temporarily Unavailable] [] [vhost] [80d85d8dee5d6b66ea68013f7ca3284a]
https://www.takeawayriders.com:2083 [521] [GET] [] [] [cloudflare] [vhost] [cloudflare] [Cloudflare,Cloudflare Network Error Logging] [d41d8cd98f00b204e9800998ecf8427e]
https://www.takeawayriders.com:2087 [521] [GET] [] [] [cloudflare] [vhost] [cloudflare] [Cloudflare,Cloudflare Network Error Logging] [d41d8cd98f00b204e9800998ecf8427e]
https://www.takeawayriders.com [302] [GET] [text/html] [] [cloudflare] [vhost] [cloudflare] [Cloudflare,Cloudflare Network Error Logging] [d41d8cd98f00b204e9800998ecf8427e]
https://www.takeawayriders.com:8443 [521] [GET] [] [] [cloudflare] [vhost] [cloudflare] [Cloudflare,Cloudflare Network Error Logging] [d41d8cd98f00b204e9800998ecf8427e]
http://www.takeawayriders.com:2086 [521] [GET] [] [] [cloudflare] [vhost] [cloudflare] [Cloudflare,Cloudflare Network Error Logging] [d41d8cd98f00b204e9800998ecf8427e]
http://www.takeawayriders.com:2095 [521] [GET] [] [] [cloudflare] [vhost] [cloudflare] [Cloudflare,Cloudflare Network Error Logging] [d41d8cd98f00b204e9800998ecf8427e]
http://www.takeawayriders.com:8080 [521] [GET] [] [] [cloudflare] [vhost] [cloudflare] [Cloudflare,Cloudflare Network Error Logging] [d41d8cd98f00b204e9800998ecf8427e]
http://www.takeawayriders.com:8880 [521] [GET] [] [] [cloudflare] [vhost] [cloudflare] [Cloudflare,Cloudflare Network Error Logging] [d41d8cd98f00b204e9800998ecf8427e]
