http://discord.tempus.finance [302] [GET] [text/html] [302 Moved] [ghs] [vhost] [1da065f59d444efb64355f8d17e36f14]
http://docs.tempus.finance:2082 [302] [GET] [] [] [cloudflare] [vhost] [cloudflare] [Cloudflare] [d41d8cd98f00b204e9800998ecf8427e]
http://docs.tempus.finance:2086 [302] [GET] [] [] [cloudflare] [vhost] [cloudflare] [Cloudflare] [d41d8cd98f00b204e9800998ecf8427e]
http://docs.tempus.finance:8080 [302] [GET] [] [] [cloudflare] [vhost] [cloudflare] [Cloudflare] [d41d8cd98f00b204e9800998ecf8427e]
http://docs.tempus.finance:8880 [302] [GET] [] [] [cloudflare] [vhost] [cloudflare] [Cloudflare] [d41d8cd98f00b204e9800998ecf8427e]
http://github.tempus.finance [302] [GET] [text/html] [302 Moved] [ghs] [vhost] [c0f2475a273044b31689b8b472dc982e]
http://medium.tempus.finance [302] [GET] [text/html] [302 Moved] [ghs] [vhost] [fae98ae0b2445d010b4a5d2645588836]
https://app.tempus.finance [200] [GET] [text/html] [Tempus App] [] [vhost] [Fastly,Google Font API] [3cb4a89f34ea664c00d1a644d868fc68]
https://docs.tempus.finance [200] [GET] [text/html] [Welcome to Tempus Docs - Tempus] [cloudflare] [vhost] [cloudflare] [Algolia,Cloudflare,Google Cloud,Google Cloud Trace,React] [781640df0baaf717f7d9d814f217594c]
https://docs.tempus.finance:2053 [200] [GET] [text/html] [Welcome to Tempus Docs - Tempus] [cloudflare] [vhost] [cloudflare] [Algolia,Cloudflare,Google Cloud,Google Cloud Trace,React] [a2e14067a3c1c93ceba871c69161ee2d]
https://docs.tempus.finance:2083 [200] [GET] [text/html] [Welcome to Tempus Docs - Tempus] [cloudflare] [vhost] [cloudflare] [Algolia,Cloudflare,Google Cloud,Google Cloud Trace,React] [07a897cda4d708972098bae7d92596a3]
https://docs.tempus.finance:2087 [200] [GET] [text/html] [Welcome to Tempus Docs - Tempus] [cloudflare] [vhost] [cloudflare] [Algolia,Cloudflare,Google Cloud,Google Cloud Trace,React] [9dc542a7693ebe34268486ea534606e7]
https://docs.tempus.finance:8443 [200] [GET] [text/html] [Welcome to Tempus Docs - Tempus] [cloudflare] [vhost] [cloudflare] [Algolia,Cloudflare,Google Cloud,Google Cloud Trace,React] [1880834c12dc8a4bdf14892890df90a3]
https://forum.tempus.finance [200] [GET] [text/html] [Tempus] [nginx] [vhost] [Discourse,Nginx,Ruby on Rails] [2d6d117816491c925af14e44bca97f8e]
https://forum.tempus.finance [200] [GET] [text/html] [Tempus] [nginx] [vhost] [Discourse,Nginx,Ruby on Rails] [d0d41c0708cc89d4f32b7f18aa25cc32]
https://network.tempus.finance [200] [GET] [application/json] [] [nginx/1.18.0 (Ubuntu)] [Nginx:1.18.0,Ubuntu] [52f78cf271c82f46efad92b7d41f4f8c]
https://storybook.tempus.finance [200] [GET] [text/html] [Webpack App] [] [vhost] [Fastly] [823c34e9b751084e4f744f0a2180ff9d]
https://tempus.finance [200] [GET] [text/html] [Tempus - Shaping the future of DeFi] [] [vhost] [fastly] [Fastly,Typekit] [50b73a513e657698981a5c0c4e10d10a]
https://testnet.tempus.finance [200] [GET] [text/html] [Tempus App] [] [vhost] [Fastly,Google Font API] [13337fd12f1a0754e6df832c1610f5a0]
https://testnet-v2.tempus.finance [200] [GET] [text/html] [Tempus App] [] [vhost] [Fastly,Google Font API] [b002172b3aba1238e07fba0a40ddd144]
https://vote.tempus.finance:1935 [403] [GET] [application/octet-stream] [] [nginx] [Nginx] [086d9069069ed62de536cbd4f326d0a9]
https://vote.tempus.finance [200] [GET] [text/html] [Snapshot] [BunnyCDN-SIL-915] [vhost] [Bunny,IPFS] [74fe4acc00519235bfd32759c7b59396]
https://www.tempus.finance [200] [GET] [text/html] [Tempus - Shaping the future of DeFi] [] [vhost] [fastly] [Fastly,Typekit] [50b73a513e657698981a5c0c4e10d10a]
http://twitter.tempus.finance [302] [GET] [text/html] [302 Moved] [ghs] [vhost] [b12fbd63c27591ab8d571c7922251e45]
http://vote.tempus.finance:8082 [403] [GET] [text/html] [403 Forbidden] [nginx] [vhost] [Nginx] [4f8afc2689243991dcede77ebc8b25c8]
http://vote.tempus.finance:8084 [403] [GET] [text/html] [403 Forbidden] [nginx] [vhost] [Nginx] [4f8afc2689243991dcede77ebc8b25c8]
http://vote.tempus.finance:8085 [403] [GET] [text/html] [403 Forbidden] [nginx] [vhost] [Nginx] [4f8afc2689243991dcede77ebc8b25c8]
