https://api-eng.vn.tesla.services [400] [GET] [text/html] [400 No required SSL certificate was sent] [] [08fee48a957bb5fb09679a318ee48bbc]
https://api.mp.tesla.services [404] [GET] [text/plain] [] [] [vhost] [ef81e41d11c9e7193ddd3d470dbb3eda]
https://api-prd.vn.tesla.services [400] [GET] [text/html] [400 No required SSL certificate was sent] [] [08fee48a957bb5fb09679a318ee48bbc]
https://apmv3.go.tesla.services [403] [GET] [application/xml] [] [AmazonS3] [vhost] [cloudfront] [Amazon Cloudfront,Amazon S3,Amazon Web Services] [67036ef933d4099747b581b65cd70757]
https://apmv3.go.tesla.services [403] [GET] [application/xml] [] [AmazonS3] [vhost] [cloudfront] [Amazon Cloudfront,Amazon S3,Amazon Web Services] [f6f893d067a82851660c60cfe9df8ef5]
https://audio.me.tesla.services [403] [GET] [text/xml] [] [CloudFront] [vhost] [cloudfront] [Amazon Cloudfront,Amazon Web Services] [40a481f43ca93bbbdd18621b439ea397]
https://autobidder-prd.sn.tesla.services [404] [GET] [text/html] [404 Not Found] [] [8eec510e57f5f732fd2cce73df7b73ef]
https://cn-north-1-api.mp.tesla.services [404] [GET] [text/html] [404 Not Found] [] [597ba0d4396e9c906225140ce907092c]
https://cn-north-1-api.mp.tesla.services [404] [GET] [text/html] [404 Not Found] [] [ad76203cbb9feb6a77342842816f7b51]
https://configupdate-eng.sn.tesla.services [400] [GET] [text/html] [400 No required SSL certificate was sent] [] [vhost] [08fee48a957bb5fb09679a318ee48bbc]
https://configupdate-prd.sn.tesla.services [400] [GET] [text/html] [400 No required SSL certificate was sent] [] [vhost] [6be05d19e4ca80eb3ef0a7f16f937f13]
https://connman.vn.tesla.services [404] [GET] [text/html] [404 Not Found] [nginx] [vhost] [cloudfront] [Amazon Cloudfront,Amazon Web Services,Nginx] [70461da8b94c6ca5d2fda3260c5a8c3b]
https://daws-kr.go.tesla.services [403] [GET] [text/html] [ERROR: The request could not be satisfied] [CloudFront] [vhost] [cloudfront] [Amazon Cloudfront,Amazon Web Services] [c1a9a9acf2f73943c72cd6007408be9a]
https://daws-kr.go.tesla.services [403] [GET] [text/html] [ERROR: The request could not be satisfied] [CloudFront] [vhost] [cloudfront] [Amazon Cloudfront,Amazon Web Services] [f5fc037dce89aff7b822c7dd689181b2]
https://daws.tesla.services [403] [GET] [application/xml] [] [AmazonS3] [vhost] [cloudfront] [Amazon Cloudfront,Amazon S3,Amazon Web Services] [1d8300e274fc861aa82e5debc65ca6f3]
https://daws.tesla.services [403] [GET] [application/xml] [] [AmazonS3] [vhost] [cloudfront] [Amazon Cloudfront,Amazon S3,Amazon Web Services] [b78cd86c157a4901b3df4bab4175d3b3]
https://deejay-eng.ui.tesla.services [503] [GET] [] [] [] [d41d8cd98f00b204e9800998ecf8427e]
https://deejay.prd.mp.tesla.services [404] [GET] [text/plain] [] [] [vhost] [595e88012a6521aae3e12cbebe76eb9e]
https://ercot-gambit-eng.sn.tesla.services [403] [GET] [application/json] [] [] [vhost] [bc45704aad57d445b6dfa58b101071e3]
https://ercot-gambit-prd.sn.tesla.services [403] [GET] [application/json] [] [] [bc45704aad57d445b6dfa58b101071e3]
https://gridlogic-api-eng.sn.tesla.services [400] [GET] [text/html] [400 No required SSL certificate was sent] [] [vhost] [08fee48a957bb5fb09679a318ee48bbc]
https://gridlogic-api.sn.tesla.services [400] [GET] [text/html] [400 No required SSL certificate was sent] [] [vhost] [08fee48a957bb5fb09679a318ee48bbc]
https://gridlogic.sn.tesla.services [404] [GET] [text/html] [404 Not Found] [] [370e16c3b7dba286cff055f93b9a94d8]
https://hermes-cn-north-prd.vn.tesla.services [400] [GET] [text/html] [400 No required SSL certificate was sent] [] [vhost] [08fee48a957bb5fb09679a318ee48bbc]
https://hermes-dev.do.tesla.services [403] [GET] [application/octet-stream] [] [nginx] [Nginx] [8105a66d3f9aa2fb6260a0786338636d]
https://hermes-dev.qd.tesla.services [403] [GET] [application/octet-stream] [] [nginx] [Nginx] [8105a66d3f9aa2fb6260a0786338636d]
https://hermes-eng.ap.tesla.services [403] [GET] [application/octet-stream] [] [nginx] [Nginx] [8105a66d3f9aa2fb6260a0786338636d]
https://hermes-eng.sc.tesla.services [403] [GET] [application/octet-stream] [] [nginx] [vhost] [Nginx] [8105a66d3f9aa2fb6260a0786338636d]
https://hermes-eng.sn.tesla.services [403] [GET] [application/octet-stream] [] [nginx] [Nginx] [8105a66d3f9aa2fb6260a0786338636d]
https://hermes-eng.vn.tesla.services [400] [GET] [text/html] [400 No required SSL certificate was sent] [] [vhost] [08fee48a957bb5fb09679a318ee48bbc]
https://hermes-eu-west-eng.vn.tesla.services [400] [GET] [text/html] [400 No required SSL certificate was sent] [] [vhost] [08fee48a957bb5fb09679a318ee48bbc]
https://hermes-eu-west-prd.vn.tesla.services [400] [GET] [text/html] [400 No required SSL certificate was sent] [] [vhost] [6be05d19e4ca80eb3ef0a7f16f937f13]
https://hermes-fat.qd.tesla.services [403] [GET] [application/octet-stream] [] [nginx] [Nginx] [8105a66d3f9aa2fb6260a0786338636d]
https://hermes-na-east-eng.vn.tesla.services [400] [GET] [text/html] [400 No required SSL certificate was sent] [] [vhost] [6be05d19e4ca80eb3ef0a7f16f937f13]
https://hermes-na-east-prd.vn.tesla.services [400] [GET] [text/html] [400 No required SSL certificate was sent] [] [vhost] [08fee48a957bb5fb09679a318ee48bbc]
https://hermes-na-west-eng.an.tesla.services [403] [GET] [application/octet-stream] [] [nginx] [Nginx] [8105a66d3f9aa2fb6260a0786338636d]
https://hermes-na-west-eng.vn.tesla.services [400] [GET] [text/html] [400 No required SSL certificate was sent] [] [vhost] [6be05d19e4ca80eb3ef0a7f16f937f13]
https://hermes-na-west-prd.an.tesla.services [403] [GET] [application/octet-stream] [] [nginx] [Nginx] [8105a66d3f9aa2fb6260a0786338636d]
https://hermes-na-west-prd.vn.tesla.services [400] [GET] [text/html] [400 No required SSL certificate was sent] [] [vhost] [6be05d19e4ca80eb3ef0a7f16f937f13]
https://hermes-prd.ap.tesla.services [403] [GET] [application/octet-stream] [] [nginx] [Nginx] [8105a66d3f9aa2fb6260a0786338636d]
https://hermes-prd.qd.tesla.services [403] [GET] [application/octet-stream] [] [nginx] [Nginx] [8105a66d3f9aa2fb6260a0786338636d]
https://hermes-prd.sc.tesla.services [403] [GET] [application/octet-stream] [] [nginx] [vhost] [Nginx] [8105a66d3f9aa2fb6260a0786338636d]
https://hermes-prd.sn.tesla.services [403] [GET] [application/octet-stream] [] [nginx] [Nginx] [8105a66d3f9aa2fb6260a0786338636d]
https://hermes-prd.vn.tesla.services [400] [GET] [text/html] [400 No required SSL certificate was sent] [] [vhost] [6be05d19e4ca80eb3ef0a7f16f937f13]
https://hermes-stream-cn-north-prd.vn.tesla.services [404] [GET] [text/html] [404 Not Found] [] [370e16c3b7dba286cff055f93b9a94d8]
https://hermes-stream-eng.sn.tesla.services [400] [GET] [text/html] [400 No required SSL certificate was sent] [] [vhost] [6be05d19e4ca80eb3ef0a7f16f937f13]
https://hermes-stream-eng.vn.tesla.services [400] [GET] [text/html] [400 No required SSL certificate was sent] [] [vhost] [08fee48a957bb5fb09679a318ee48bbc]
https://hermes-stream-eu-west-prd.vn.tesla.services [404] [GET] [text/html] [404 Not Found] [] [8eec510e57f5f732fd2cce73df7b73ef]
https://hermes-stream-na-east-eng.vn.tesla.services [404] [GET] [text/html] [404 Not Found] [] [8eec510e57f5f732fd2cce73df7b73ef]
https://hermes-stream-na-east-prd.vn.tesla.services [404] [GET] [text/html] [404 Not Found] [] [8eec510e57f5f732fd2cce73df7b73ef]
https://hermes-stream-na-west-eng.vn.tesla.services [404] [GET] [text/html] [404 Not Found] [] [8eec510e57f5f732fd2cce73df7b73ef]
https://hermes-stream-na-west-prd.vn.tesla.services [404] [GET] [text/html] [404 Not Found] [] [370e16c3b7dba286cff055f93b9a94d8]
https://hermes-stream-prd.sn.tesla.services [400] [GET] [text/html] [400 No required SSL certificate was sent] [] [vhost] [08fee48a957bb5fb09679a318ee48bbc]
https://hermes-stream-prd.vn.tesla.services [400] [GET] [text/html] [400 No required SSL certificate was sent] [] [vhost] [6be05d19e4ca80eb3ef0a7f16f937f13]
https://hermes-stream-sx-eng.vn.tesla.services [400] [GET] [text/html] [400 No required SSL certificate was sent] [] [vhost] [6be05d19e4ca80eb3ef0a7f16f937f13]
https://hermes-stream-sx-prd.vn.tesla.services [400] [GET] [text/html] [400 No required SSL certificate was sent] [] [vhost] [08fee48a957bb5fb09679a318ee48bbc]
https://hermes-sx-eng.vn.tesla.services [400] [GET] [text/html] [400 No required SSL certificate was sent] [] [vhost] [08fee48a957bb5fb09679a318ee48bbc]
https://hermes-sx-prd.vn.tesla.services [400] [GET] [text/html] [400 No required SSL certificate was sent] [] [vhost] [08fee48a957bb5fb09679a318ee48bbc]
https://images.me.tesla.services [200] [GET] [image/jpeg] [] [AmazonS3] [vhost] [cloudfront] [Amazon Cloudfront,Amazon S3,Amazon Web Services] [c5f3258080d20d4fc2727b86fa037529]
https://images.mp.tesla.services [200] [GET] [image/jpeg] [] [AmazonS3] [vhost] [cloudfront] [Amazon Cloudfront,Amazon S3,Amazon Web Services] [c5f3258080d20d4fc2727b86fa037529]
https://logupload-prod.vn.tesla.services [400] [GET] [text/html] [400 No required SSL certificate was sent] [] [vhost] [08fee48a957bb5fb09679a318ee48bbc]
https://maestro-eng.sn.tesla.services [400] [GET] [text/html] [400 No required SSL certificate was sent] [] [vhost] [6be05d19e4ca80eb3ef0a7f16f937f13]
https://maestro-prd.sn.tesla.services [400] [GET] [text/html] [400 No required SSL certificate was sent] [] [vhost] [08fee48a957bb5fb09679a318ee48bbc]
https://maps-eng.go.tesla.services [400] [GET] [text/html] [400 No required SSL certificate was sent] [] [vhost] [6be05d19e4ca80eb3ef0a7f16f937f13]
https://maps-prd.go.tesla.services [400] [GET] [text/html] [400 No required SSL certificate was sent] [] [vhost] [6be05d19e4ca80eb3ef0a7f16f937f13]
https://megaphone.sn.tesla.services [404] [GET] [text/html] [404 Not Found] [] [8eec510e57f5f732fd2cce73df7b73ef]
https://national-grid-contego-eng.sn.tesla.services [403] [GET] [application/json] [] [] [vhost] [bc45704aad57d445b6dfa58b101071e3]
https://national-grid-contego-prd.sn.tesla.services [403] [GET] [application/json] [] [] [vhost] [bc45704aad57d445b6dfa58b101071e3]
https://national-grid-eng.sn.tesla.services [403] [GET] [application/json] [] [] [vhost] [bc45704aad57d445b6dfa58b101071e3]
https://national-grid-prd.sn.tesla.services [403] [GET] [application/json] [] [] [vhost] [bc45704aad57d445b6dfa58b101071e3]
https://owner-api-dev.vn.tesla.services [404] [GET] [] [] [envoy] [vhost] [Envoy] [d0fbda9855d118740f1105334305c126]
https://portal.secengovp.tesla.services [502] [GET] [text/html] [502 Bad Gateway] [awselb/2.0] [2b04736d96787f2c09e31a234e40273e]
https://powerhub.sn.tesla.services [400] [GET] [text/html] [Invalid URL] [AkamaiGHost] [9a4c2b56cac631b73731473fd3467658]
https://qr-server-staging.mp.tesla.services [200] [GET] [text/html] [Tesla QRCode Service] [] [vhost] [12c2e3318b8a8ecc675d2bec7ef7cfba]
https://signaling-dev.vn.tesla.services [404] [GET] [text/html] [404 Not Found] [] [370e16c3b7dba286cff055f93b9a94d8]
https://signaling-prd.vn.tesla.services [404] [GET] [text/html] [404 Not Found] [] [370e16c3b7dba286cff055f93b9a94d8]
https://staging.mp.tesla.services [404] [GET] [text/plain] [] [] [vhost] [ef81e41d11c9e7193ddd3d470dbb3eda]
https://streaming-dev.vn.tesla.services [404] [GET] [text/html] [404 Not Found] [] [370e16c3b7dba286cff055f93b9a94d8]
https://streaming.vn.tesla.services [404] [GET] [text/html] [404 Not Found] [] [370e16c3b7dba286cff055f93b9a94d8]
https://telemetry-cn-north-eng.vn.tesla.services [404] [GET] [text/html] [404 Not Found] [] [370e16c3b7dba286cff055f93b9a94d8]
https://telemetry-dev.do.tesla.services [403] [GET] [application/octet-stream] [] [nginx] [Nginx] [8105a66d3f9aa2fb6260a0786338636d]
https://telemetry-eng.ap.tesla.services [403] [GET] [application/octet-stream] [] [nginx] [Nginx] [8105a66d3f9aa2fb6260a0786338636d]
https://telemetry-eng.vn.tesla.services [400] [GET] [text/html] [400 No required SSL certificate was sent] [] [vhost] [08fee48a957bb5fb09679a318ee48bbc]
https://telemetry-eu-west-eng.vn.tesla.services [404] [GET] [text/html] [404 Not Found] [] [8eec510e57f5f732fd2cce73df7b73ef]
https://telemetry-na-east-eng.vn.tesla.services [404] [GET] [text/html] [404 Not Found] [] [370e16c3b7dba286cff055f93b9a94d8]
https://telemetry-na-east-prd.an.tesla.services [403] [GET] [application/octet-stream] [] [nginx] [Nginx] [8105a66d3f9aa2fb6260a0786338636d]
https://telemetry-na-east-prd.vn.tesla.services [404] [GET] [text/html] [404 Not Found] [] [370e16c3b7dba286cff055f93b9a94d8]
https://telemetry-na-west-eng.an.tesla.services [403] [GET] [application/octet-stream] [] [nginx] [Nginx] [8105a66d3f9aa2fb6260a0786338636d]
https://telemetry-na-west-eng.vn.tesla.services [404] [GET] [text/html] [404 Not Found] [] [370e16c3b7dba286cff055f93b9a94d8]
https://telemetry-na-west-prd.an.tesla.services [403] [GET] [application/octet-stream] [] [nginx] [Nginx] [8105a66d3f9aa2fb6260a0786338636d]
https://telemetry-na-west-prd.vn.tesla.services [404] [GET] [text/html] [404 Not Found] [] [370e16c3b7dba286cff055f93b9a94d8]
https://telemetry-prd.ap.tesla.services [403] [GET] [application/octet-stream] [] [nginx] [Nginx] [8105a66d3f9aa2fb6260a0786338636d]
https://telemetry-prd.vn.tesla.services [400] [GET] [text/html] [400 No required SSL certificate was sent] [] [vhost] [6be05d19e4ca80eb3ef0a7f16f937f13]
https://truck-app-eng.sn.tesla.services [401] [GET] [text/html] [401 Authorization Required] [] [vhost] [Basic] [55f69d37caed0efafa4d15970ed5f18e]
https://wc-maestro-prd.sn.tesla.services [400] [GET] [text/html] [400 No required SSL certificate was sent] [] [vhost] [08fee48a957bb5fb09679a318ee48bbc]
https://x1.ap.tesla.services [200] [GET] [text/plain] [] [] [2896430fbdb40d2d67f30a5764a3990c]
http://tesla.services:2083 [400] [GET] [text/html] [400 The plain HTTP request was sent to HTTPS port] [cloudflare] [cloudflare] [Cloudflare] [20ad84d030031252141ca0b3fc0183f0]
http://tesla.services:2087 [400] [GET] [text/html] [400 The plain HTTP request was sent to HTTPS port] [cloudflare] [cloudflare] [Cloudflare] [cd58783500d7fa3c58f88eb0ba22f4f8]
http://tesla.services:8443 [400] [GET] [text/html] [400 The plain HTTP request was sent to HTTPS port] [cloudflare] [cloudflare] [Cloudflare] [cd58783500d7fa3c58f88eb0ba22f4f8]
