http://autodiscover.tesla.com [301] [GET] [] [] [Microsoft-IIS/10.0] [vhost] [IIS:10.0,Microsoft ASP.NET,Windows Server] [d41d8cd98f00b204e9800998ecf8427e]
http://financial-gw.tesla.com [302] [GET] [] [] [BigIP] [F5 BigIP] [d41d8cd98f00b204e9800998ecf8427e]
http://origin-mobile.tesla.com [302] [GET] [] [] [BigIP] [F5 BigIP] [d41d8cd98f00b204e9800998ecf8427e]
http://origin-sspr.tesla.com [302] [GET] [] [] [BigIP] [F5 BigIP] [d41d8cd98f00b204e9800998ecf8427e]
http://origin-www-auth.tesla.com [302] [GET] [] [] [LB] [d41d8cd98f00b204e9800998ecf8427e]
https://3.tesla.com [403] [GET] [text/html] [Access Denied] [AkamaiGHost] [vhost] [067570cf5ac3c9b0ed909897c9330a21]
https://3.tesla.com [403] [GET] [text/html] [Access Denied] [AkamaiGHost] [vhost] [aa2ec030cc414716fc5b8ceb97c9f158]
https://akamai-apigateway-automation.tesla.com [403] [GET] [text/html] [Access Denied] [AkamaiGHost] [vhost] [b5e1e4022a8016530d071da29f628758]
https://akamai-apigateway-automation.tesla.com [403] [GET] [text/html] [Access Denied] [AkamaiGHost] [vhost] [f700aa8322dedc0c89afedea7bbd3a2a]
https://akamai-apigateway-bender.tesla.com [403] [GET] [text/html] [Access Denied] [AkamaiGHost] [vhost] [6ad5c3a2768c1aed1f613b056c8dba28]
https://akamai-apigateway-bender.tesla.com [403] [GET] [text/html] [Access Denied] [AkamaiGHost] [vhost] [d320f88e8b5140ce2cc4877b54796550]
https://akamai-apigateway-captiveunderwriting.tesla.com [403] [GET] [text/html] [Access Denied] [AkamaiGHost] [vhost] [334e59b15c049689a92b55cb4ec2018a]
https://akamai-apigateway-captiveunderwriting.tesla.com [403] [GET] [text/html] [Access Denied] [AkamaiGHost] [vhost] [efa388e0f53232fd44eba4c928d8655d]
https://akamai-apigateway-deliveryopsapi1.tesla.com [403] [GET] [text/html] [Access Denied] [AkamaiGHost] [vhost] [eb3cf2a7202034dd2b8392b041641c52]
https://akamai-apigateway-deliveryopsapi.tesla.com [403] [GET] [application/problem+json] [Access Denied] [AkamaiGHost] [vhost] [72ff4e815d1f34ddc920802ea9033a25]
https://akamai-apigateway-deliveryopsapi.tesla.com [403] [GET] [application/problem+json] [Access Denied] [AkamaiGHost] [vhost] [98efb2bbd87445ed49db254a14844da5]
https://akamai-apigateway-deliveryopsvitu.tesla.com [403] [GET] [text/html] [Access Denied] [AkamaiGHost] [vhost] [28c870d7bad8df6f9560e42d5eed3d5c]
https://akamai-apigateway-deliveryopsvitu.tesla.com [403] [GET] [text/html] [Access Denied] [AkamaiGHost] [vhost] [2d28e94f10e59c8ca2c3bf6594d922ea]
https://akamai-apigateway-dev-captiveunderwriting.tesla.com [403] [GET] [application/problem+json] [Access Denied] [AkamaiGHost] [vhost] [55f5ab0a2e917341ac1b386e258195bc]
https://akamai-apigateway-dev-captiveunderwriting.tesla.com [403] [GET] [application/problem+json] [Access Denied] [AkamaiGHost] [vhost] [5bc31f0b77f55c6299f818beba95615b]
https://akamai-apigateway-dev-warptmsapiserver.tesla.com [403] [GET] [text/html] [Access Denied] [AkamaiGHost] [vhost] [3cbf98c7eb9ec7908a6a8191e50a165a]
https://akamai-apigateway-dev-warptmsapiserver.tesla.com [403] [GET] [text/html] [Access Denied] [AkamaiGHost] [vhost] [c6094700fd523faa785757f9883cf6f6]
https://akamai-apigateway-dev-warptmsapiserver-upgrade.tesla.com [403] [GET] [application/problem+json] [Access Denied] [AkamaiGHost] [vhost] [48aecb9a2cec54d95df614d52169f5b5]
https://akamai-apigateway-dev-warptmsapiserver-upgrade.tesla.com [403] [GET] [application/problem+json] [Access Denied] [AkamaiGHost] [vhost] [738c7fc27373dcfda303445bc1938725]
https://akamai-apigateway-ehs-stg.tesla.com [403] [GET] [text/html] [Access Denied] [AkamaiGHost] [vhost] [61d600852d3de11c4cf29bc5a3180e4a]
https://akamai-apigateway-ehs-stg.tesla.com [403] [GET] [text/html] [Access Denied] [AkamaiGHost] [vhost] [7bd866d2d15ad397aa3726637ac47a1c]
https://akamai-apigateway-ehs.tesla.com [403] [GET] [text/html] [Access Denied] [AkamaiGHost] [vhost] [18787bcbcf3f9bce14c6ae601949ba98]
https://akamai-apigateway-ehs.tesla.com [403] [GET] [text/html] [Access Denied] [AkamaiGHost] [vhost] [a02af29a43677500b7870e6e99c31e75]
https://akamai-apigateway-einvoicing.tesla.com [403] [GET] [text/html] [Access Denied] [AkamaiGHost] [vhost] [ba38f3b66d8eeea5d0cc6e5598e76e09]
https://akamai-apigateway-einvoicing.tesla.com [403] [GET] [text/html] [Access Denied] [AkamaiGHost] [vhost] [da352ddbd72144a3f4bcc621a526e121]
https://akamai-apigateway-finplateng-defi.tesla.com [503] [GET] [text/html] [Service Unavailable] [AkamaiGHost] [vhost] [b3c22e5a26b3898c798be6ad7d5ee31c]
https://akamai-apigateway-finplateng-routeone.tesla.com [503] [GET] [text/html] [Service Unavailable] [AkamaiGHost] [vhost] [de89e2c2b8a4db28732f1765d09ceeb5]
https://akamai-apigateway-finplateng.tesla.com [403] [GET] [text/html] [Access Denied] [AkamaiGHost] [vhost] [d16ac66d440c357bac3074454082f2e3]
https://akamai-apigateway-finplat-prd.tesla.com [403] [GET] [text/html] [Access Denied] [AkamaiGHost] [vhost] [3ad01b2005637f8794e3e27906f5bd0d]
https://akamai-apigateway-finplat-prd.tesla.com [403] [GET] [text/html] [Access Denied] [AkamaiGHost] [vhost] [47031ba72f5ae9e3778e89304bb07722]
https://akamai-apigateway-finplat-stg.tesla.com [403] [GET] [text/html] [Access Denied] [AkamaiGHost] [vhost] [566c26615e7df41dd63c897879a671a4]
https://akamai-apigateway-finplat-stg.tesla.com [403] [GET] [text/html] [Access Denied] [AkamaiGHost] [vhost] [fa0cc2975905186ed6ab2681a00f63a2]
https://akamai-apigateway-fta.tesla.com [403] [GET] [text/html] [Access Denied] [AkamaiGHost] [vhost] [3ddb39804d5b3159a534da4e6d185462]
https://akamai-apigateway-fta.tesla.com [403] [GET] [text/html] [Access Denied] [AkamaiGHost] [vhost] [e81132512424dd539ebbdf9578635621]
https://akamai-apigateway-inventorytxnextapi.tesla.com [403] [GET] [application/problem+json] [Access Denied] [AkamaiGHost] [vhost] [339e12cab2929351dff7be53c558048a]
https://akamai-apigateway-inventorytxnextapi.tesla.com [403] [GET] [application/problem+json] [Access Denied] [AkamaiGHost] [vhost] [bab48f95160ad02dfd2150316d7e4bcc]
https://akamai-apigateway-logisticsratesapi.tesla.com [403] [GET] [text/html] [Access Denied] [AkamaiGHost] [vhost] [29e7dd7f532393761aa36bb3f83f1827]
https://akamai-apigateway-logisticsratesapi.tesla.com [403] [GET] [text/html] [Access Denied] [AkamaiGHost] [vhost] [5a003186d4fea2070ffbf7378493533a]
https://akamai-apigateway-materials.tesla.com [403] [GET] [text/html] [Access Denied] [AkamaiGHost] [vhost] [5e7ca37df8b5319f54fe1d444c1beea4]
https://akamai-apigateway-materials.tesla.com [403] [GET] [text/html] [Access Denied] [AkamaiGHost] [vhost] [a7bc792e60aa2eb0df1118b16d6be416]
https://akamai-apigateway-mfs-supplier.tesla.com [403] [GET] [text/html] [Access Denied] [AkamaiGHost] [vhost] [974adc6c9b6fe6d8d88fc2dc1ca16cee]
https://akamai-apigateway-mfs-supplier.tesla.com [403] [GET] [text/html] [Access Denied] [AkamaiGHost] [vhost] [b0e4240c4526f235c83d92dd09859ca6]
https://akamai-apigateway-mfs-supplier-uat.tesla.com [403] [GET] [text/html] [Access Denied] [AkamaiGHost] [vhost] [45dc0bf6cf6ef991ebb7408fc10e6a32]
https://akamai-apigateway-mfs-supplier-uat.tesla.com [403] [GET] [text/html] [Access Denied] [AkamaiGHost] [vhost] [6d439c57bcf6224ab72fcf4ce97517dc]
https://akamai-apigateway-ops-warp3pl.tesla.com [403] [GET] [text/html] [Access Denied] [AkamaiGHost] [vhost] [e7b5fdee96ccbaa231636b6c13a9fd64]
https://akamai-apigateway-packaging2.tesla.com [403] [GET] [application/problem+json] [Access Denied] [AkamaiGHost] [vhost] [6377fcf0534f43d845e6ed5087efb81b]
https://akamai-apigateway-packaging2.tesla.com [403] [GET] [application/problem+json] [Access Denied] [AkamaiGHost] [vhost] [6ccb2ce8a93093ba0d0157ee8fca72da]
https://akamai-apigateway-payment.tesla.com [403] [GET] [text/html] [Access Denied] [AkamaiGHost] [vhost] [2dfb2cfe9bdd34560118e9b29018944d]
https://akamai-apigateway-payment.tesla.com [403] [GET] [text/html] [Access Denied] [AkamaiGHost] [vhost] [6fb8cf73c559377197c444f55e76d58b]
https://akamai-apigateway-prd-global-deliveryopsapi.tesla.com [403] [GET] [text/html] [Access Denied] [AkamaiGHost] [vhost] [49ca0baf295a7cd33df2b586bc445e15]
https://akamai-apigateway-prd-global-deliveryopsapi.tesla.com [403] [GET] [text/html] [Access Denied] [AkamaiGHost] [vhost] [7eee59909733911b5b4a2549cd976de5]
https://akamai-apigateway-procuretopayapi.tesla.com [403] [GET] [text/html] [Access Denied] [AkamaiGHost] [vhost] [1006a47add53e57baf18fb5a6959d8d1]
https://akamai-apigateway-procuretopayapi.tesla.com [403] [GET] [text/html] [Access Denied] [AkamaiGHost] [vhost] [20a012307f6963770cc389e15a9a914f]
https://akamai-apigateway-profileapi.tesla.com [403] [GET] [application/problem+json] [Access Denied] [AkamaiGHost] [vhost] [0feea798c87c7cbeae372daf51c6e862]
https://akamai-apigateway-profileapi.tesla.com [403] [GET] [application/problem+json] [Access Denied] [AkamaiGHost] [vhost] [9fc15fc76a25331db705623804dc17f5]
https://akamai-apigateway-qa-captiveunderwriting.tesla.com [403] [GET] [application/problem+json] [Access Denied] [AkamaiGHost] [vhost] [67879366ee196b36190ad72e26c8135c]
https://akamai-apigateway-qa-captiveunderwriting.tesla.com [403] [GET] [application/problem+json] [Access Denied] [AkamaiGHost] [vhost] [b40f1d04b0cdf35027ae64f1d3a50a00]
https://akamai-apigateway-scraprecycle.tesla.com [403] [GET] [text/html] [Access Denied] [AkamaiGHost] [vhost] [3a78c8b6a3bc3bd26ab064903242aa06]
https://akamai-apigateway-scraprecycle.tesla.com [403] [GET] [text/html] [Access Denied] [AkamaiGHost] [vhost] [b79fe5d0c2dd8a0623f5a1c48ecda308]
https://akamai-apigateway-shipmentplanningapi.tesla.com [403] [GET] [text/html] [Access Denied] [AkamaiGHost] [vhost] [2a14bf38a2f7f52c471842d6c8cbbf5e]
https://akamai-apigateway-shipmentplanningapi.tesla.com [403] [GET] [text/html] [Access Denied] [AkamaiGHost] [vhost] [976e10f5cd1aeb406e1b92724494651a]
https://akamai-apigateway-stg2-deliveryopsapi.tesla.com [403] [GET] [text/html] [Access Denied] [AkamaiGHost] [vhost] [00d014c0473606713f569421ac684ca3]
https://akamai-apigateway-stg2-deliveryopsapi.tesla.com [403] [GET] [text/html] [Access Denied] [AkamaiGHost] [vhost] [ada3287f73adee4a79012226d93c85d9]
https://akamai-apigateway-stg2-global-deliveryopsapi.tesla.com [403] [GET] [text/html] [Access Denied] [AkamaiGHost] [vhost] [0ac18e2056124ef7d28c857b878c04bd]
https://akamai-apigateway-stg2-global-deliveryopsapi.tesla.com [403] [GET] [text/html] [Access Denied] [AkamaiGHost] [vhost] [d3582a7a06df6d5d45d6fbe9c810ea50]
https://akamai-apigateway-stg-bender.tesla.com [403] [GET] [text/html] [Access Denied] [AkamaiGHost] [vhost] [861c50665f7878228e65d430531e40f3]
https://akamai-apigateway-stg-bender.tesla.com [403] [GET] [text/html] [Access Denied] [AkamaiGHost] [vhost] [d4a5c865d8a2e47cd53503ddf791e570]
https://akamai-apigateway-stg-captiveunderwriting.tesla.com [403] [GET] [application/problem+json] [Access Denied] [AkamaiGHost] [vhost] [40d1d4914cf2ba86c2083ea3c3bd907d]
https://akamai-apigateway-stg-captiveunderwriting.tesla.com [403] [GET] [application/problem+json] [Access Denied] [AkamaiGHost] [vhost] [9ef3510644a00f33ff1de7f6d911ccec]
https://akamai-apigateway-stg-deliveryopsapi1.tesla.com [403] [GET] [application/problem+json] [Access Denied] [AkamaiGHost] [vhost] [9d76b32e18afed95dd903b231805b6ce]
https://akamai-apigateway-stg-deliveryopsapi.tesla.com [403] [GET] [application/problem+json] [Access Denied] [AkamaiGHost] [vhost] [0be2e05cc927c37dd5b876fd3fcde16f]
https://akamai-apigateway-stg-deliveryopsapi.tesla.com [403] [GET] [application/problem+json] [Access Denied] [AkamaiGHost] [vhost] [d25074af25ad47b66ba7c006a1cf6d8f]
https://akamai-apigateway-stg-deliveryopsvitu.tesla.com [403] [GET] [application/problem+json] [Access Denied] [AkamaiGHost] [vhost] [7d58da3fa71fcea2918440b6492b4381]
https://akamai-apigateway-stg-deliveryopsvitu.tesla.com [403] [GET] [application/problem+json] [Access Denied] [AkamaiGHost] [vhost] [8380c339c8a3ac684bd5b98fa350fd6e]
https://akamai-apigateway-stg-einvoicing.tesla.com [403] [GET] [text/html] [Access Denied] [AkamaiGHost] [vhost] [835e11365c46675aa7b82af6dd3fc586]
https://akamai-apigateway-stg-einvoicing.tesla.com [403] [GET] [text/html] [Access Denied] [AkamaiGHost] [vhost] [a6b5678ee7540b7aedb3fa657a15cf85]
https://akamai-apigateway-stg-finplateng-defi.tesla.com [503] [GET] [text/html] [Service Unavailable] [AkamaiGHost] [vhost] [a67ca17fac748f67a90b7dcd8897aa99]
https://akamai-apigateway-stg-finplateng-routeone.tesla.com [503] [GET] [text/html] [Service Unavailable] [AkamaiGHost] [vhost] [3228be769b654a44daae76e5ce767b4f]
https://akamai-apigateway-stg-finplateng.tesla.com [403] [GET] [text/html] [Access Denied] [AkamaiGHost] [vhost] [38aad692b12a86c29bdbf4b422351ac5]
https://akamai-apigateway-stg-finplateng.tesla.com [403] [GET] [text/html] [Access Denied] [AkamaiGHost] [vhost] [48fd4de45b25a132b54ec75cf89ec3e3]
https://akamai-apigateway-stg-fta.tesla.com [403] [GET] [text/html] [Access Denied] [AkamaiGHost] [vhost] [aa8e195d3f9e9c3ed472dda72042edfe]
https://akamai-apigateway-stg-fta.tesla.com [403] [GET] [text/html] [Access Denied] [AkamaiGHost] [vhost] [d3b4afb73e31f28f660dad9d9eeb597a]
https://akamai-apigateway-stg-global-deliveryopsapi.tesla.com [403] [GET] [text/html] [Access Denied] [AkamaiGHost] [vhost] [138c7d1f76864d0aeefc837dfa860010]
https://akamai-apigateway-stg-global-deliveryopsapi.tesla.com [403] [GET] [text/html] [Access Denied] [AkamaiGHost] [vhost] [b848b5ad9b4ed78d997a0aa09384cf50]
https://akamai-apigateway-stg-inventorytxnextapi.tesla.com [403] [GET] [application/problem+json] [Access Denied] [AkamaiGHost] [vhost] [31bbfadfd38c0bd96a17d5983f5996b8]
https://akamai-apigateway-stg-inventorytxnextapi.tesla.com [403] [GET] [application/problem+json] [Access Denied] [AkamaiGHost] [vhost] [7fde6b8575d43770d81c18290621a067]
https://akamai-apigateway-stg-materials.tesla.com [403] [GET] [text/html] [Access Denied] [AkamaiGHost] [vhost] [9ee84bea1e046de726a29829eb3fc1f7]
https://akamai-apigateway-stg-materials.tesla.com [403] [GET] [text/html] [Access Denied] [AkamaiGHost] [vhost] [b4d38354193faaf85435e452e3101807]
https://akamai-apigateway-stg-ops-warp3pl.tesla.com [403] [GET] [text/html] [Access Denied] [AkamaiGHost] [vhost] [a0010e1bc1870589b87b2b0f361e8966]
https://akamai-apigateway-stg-ops-warp3pl.tesla.com [403] [GET] [text/html] [Access Denied] [AkamaiGHost] [vhost] [c9aeefc59b312f90cfefa87a2d1269f1]
https://akamai-apigateway-stg-packaging2.tesla.com [403] [GET] [application/problem+json] [Access Denied] [AkamaiGHost] [vhost] [89faec80db771c4475c48826b5a0e36a]
https://akamai-apigateway-stg-packaging2.tesla.com [403] [GET] [application/problem+json] [Access Denied] [AkamaiGHost] [vhost] [fa774b3f1ea6d3b4f8d4dfc34a0fe979]
https://akamai-apigateway-stg-payment.tesla.com [403] [GET] [application/problem+json] [Access Denied] [AkamaiGHost] [vhost] [9c293576732e5332a318908c959db132]
https://akamai-apigateway-stg-payment.tesla.com [403] [GET] [application/problem+json] [Access Denied] [AkamaiGHost] [vhost] [ea8cfc7167ee28f3aafb1664f1af546b]
https://akamai-apigateway-stg-procuretopayapi.tesla.com [403] [GET] [text/html] [Access Denied] [AkamaiGHost] [vhost] [20040dc4feacc7afe1a00262fe6a7b22]
https://akamai-apigateway-stg-procuretopayapi.tesla.com [403] [GET] [text/html] [Access Denied] [AkamaiGHost] [vhost] [718f2061dc588e74b9fc950ec6036ab2]
https://akamai-apigateway-stg-profileapi.tesla.com [403] [GET] [text/html] [Access Denied] [AkamaiGHost] [vhost] [9a9f3c811e14489c6ba083b234859d67]
https://akamai-apigateway-stg-profileapi.tesla.com [403] [GET] [text/html] [Access Denied] [AkamaiGHost] [vhost] [ea1c3cdd606a261b5e6099c81ffc8abc]
https://akamai-apigateway-stg-sandbox-automation.tesla.com [403] [GET] [text/html] [Access Denied] [AkamaiGHost] [vhost] [34e86a171c610b34251de0421b2bb2fb]
https://akamai-apigateway-stg-sandbox-automation.tesla.com [403] [GET] [text/html] [Access Denied] [AkamaiGHost] [vhost] [70d32f49533aebd5e3c6d7397406de5e]
https://akamai-apigateway-stg-shipmentplanningapi.tesla.com [403] [GET] [text/html] [Access Denied] [AkamaiGHost] [vhost] [3d755f54708b42acfcc3ee5e3ec7c4b4]
https://akamai-apigateway-stg-shipmentplanningapi.tesla.com [403] [GET] [text/html] [Access Denied] [AkamaiGHost] [vhost] [f6549eb4df615a1103a55513cd34e596]
https://akamai-apigateway-stg-teslarpsapi.tesla.com [403] [GET] [text/html] [Access Denied] [AkamaiGHost] [vhost] [3c31f95f5e79d4a43e32e9cd3f399e4b]
https://akamai-apigateway-stg-teslarpsapi.tesla.com [403] [GET] [text/html] [Access Denied] [AkamaiGHost] [vhost] [ad0167be95ff8ad5e01423b900a36346]
https://akamai-apigateway-stg-translationpipeline.tesla.com [403] [GET] [text/html] [Access Denied] [AkamaiGHost] [vhost] [419827df2bb1b34bb1b225b3e4626b90]
https://akamai-apigateway-stg-translationpipeline.tesla.com [403] [GET] [text/html] [Access Denied] [AkamaiGHost] [vhost] [e9e32a135d0645834e598c37c4dbbf44]
https://akamai-apigateway-stg-vendorpartsapi.tesla.com [403] [GET] [text/html] [Access Denied] [AkamaiGHost] [vhost] [0e0ed471e69cb5e63335a3f8e953dd7e]
https://akamai-apigateway-stg-vendorpartsapi.tesla.com [403] [GET] [text/html] [Access Denied] [AkamaiGHost] [vhost] [89f46fa0e39ecd41e3cd22129789df24]
https://akamai-apigateway-stg-warp3pl.tesla.com [403] [GET] [text/html] [Access Denied] [AkamaiGHost] [vhost] [3b5fef37110004ae51b88315f7fc61d0]
https://akamai-apigateway-stg-warp3pl.tesla.com [403] [GET] [text/html] [Access Denied] [AkamaiGHost] [vhost] [50d20bb9a7041ba2b658cf7e54b0cf0c]
https://akamai-apigateway-stg-warpassetapi.tesla.com [403] [GET] [text/html] [Access Denied] [AkamaiGHost] [vhost] [65784a2a0e6e6a368e075b5b431e6137]
https://akamai-apigateway-stg-warpassetapi.tesla.com [403] [GET] [text/html] [Access Denied] [AkamaiGHost] [vhost] [fefb41c82dde0f90c9dd754bc203b389]
https://akamai-apigateway-stg-warpcxml.tesla.com [403] [GET] [text/html] [Access Denied] [AkamaiGHost] [vhost] [64e06db8a6c258aacb49a8110d61105b]
https://akamai-apigateway-stg-warpcxml.tesla.com [403] [GET] [text/html] [Access Denied] [AkamaiGHost] [vhost] [f27a809d30541b42ce038ff2a1980655]
https://akamai-apigateway-stg-warpdashboardapi.tesla.com [403] [GET] [text/html] [Access Denied] [AkamaiGHost] [vhost] [7dae1c1177834ab141b842f2249978df]
https://akamai-apigateway-stg-warpdashboardapi.tesla.com [403] [GET] [text/html] [Access Denied] [AkamaiGHost] [vhost] [c969a08d7c15afc4c785afff1694df10]
https://akamai-apigateway-stg-warpedi.tesla.com [403] [GET] [text/html] [Access Denied] [AkamaiGHost] [vhost] [95839163f819bb6bec238fdcaaf82606]
https://akamai-apigateway-stg-warpedi.tesla.com [403] [GET] [text/html] [Access Denied] [AkamaiGHost] [vhost] [d2a3860216fa7300d1a9441aab29b72b]
https://akamai-apigateway-stg-warptmsapiserver.tesla.com [403] [GET] [text/html] [Access Denied] [AkamaiGHost] [vhost] [3accc5bbe77398c3fe131f6aad4e29ce]
https://akamai-apigateway-stg-warptmsapiserver.tesla.com [403] [GET] [text/html] [Access Denied] [AkamaiGHost] [vhost] [d05c5e0718798a813ff854a2d32268c2]
https://akamai-apigateway-stg-warptmsapiserver-upgrade.tesla.com [403] [GET] [application/problem+json] [Access Denied] [AkamaiGHost] [vhost] [119d506949371678974ed8a446a6ae7c]
https://akamai-apigateway-stg-warptmsapiserver-upgrade.tesla.com [403] [GET] [application/problem+json] [Access Denied] [AkamaiGHost] [vhost] [813afe3ac1cf58570e577b5a4ee85b20]
https://akamai-apigateway-teslarpsapi.tesla.com [403] [GET] [text/html] [Access Denied] [AkamaiGHost] [vhost] [094fac14095cce62844b1b945c18877a]
https://akamai-apigateway-teslarpsapi.tesla.com [403] [GET] [text/html] [Access Denied] [AkamaiGHost] [vhost] [dc7344905e0f615eede241aa0e1e7629]
https://akamai-apigateway-translationpipeline.tesla.com [403] [GET] [text/html] [Access Denied] [AkamaiGHost] [vhost] [184cd27ed3a07a24c45b8304254de04c]
https://akamai-apigateway-translationpipeline.tesla.com [403] [GET] [text/html] [Access Denied] [AkamaiGHost] [vhost] [9a84738d0783682c058bcc5fc731d026]
https://akamai-apigateway-uat-materials.tesla.com [403] [GET] [text/html] [Access Denied] [AkamaiGHost] [vhost] [2497e730fe695d4b0c0ed9ea3497ffa5]
https://akamai-apigateway-uat-materials.tesla.com [403] [GET] [text/html] [Access Denied] [AkamaiGHost] [vhost] [f36e02d1225c3338558ff073916fe5ac]
https://akamai-apigateway-vehicleextinfogw-prdsvc-st.tesla.com [403] [GET] [text/html] [Access Denied] [AkamaiGHost] [vhost] [17598e0aa8d814dc615554755e99a087]
https://akamai-apigateway-vehicleextinfogw-prdsvc-st.tesla.com [403] [GET] [text/html] [Access Denied] [AkamaiGHost] [vhost] [964b86ba43c778307da8ef748bd1c8b5]
https://akamai-apigateway-vendorpartsapi.tesla.com [403] [GET] [text/html] [Access Denied] [AkamaiGHost] [vhost] [1bcd38f53e09f8d4f2e3acfbadb0d5cb]
https://akamai-apigateway-vendorpartsapi.tesla.com [403] [GET] [text/html] [Access Denied] [AkamaiGHost] [vhost] [55ace596938b349960627a0eb4ebd4f7]
https://akamai-apigateway-warp3pl.tesla.com [403] [GET] [text/html] [Access Denied] [AkamaiGHost] [vhost] [6a898586ab6e7a6ec87966fca69a9170]
https://akamai-apigateway-warp3pl.tesla.com [403] [GET] [text/html] [Access Denied] [AkamaiGHost] [vhost] [aa2a052f182695b65d3a512a6f5ae52b]
https://akamai-apigateway-warpassetapi.tesla.com [403] [GET] [text/html] [Access Denied] [AkamaiGHost] [vhost] [5c7191b2dd167a3067597959bfbc221c]
https://akamai-apigateway-warpassetapi.tesla.com [403] [GET] [text/html] [Access Denied] [AkamaiGHost] [vhost] [814de9365b6cde6536d5af90bd08aa68]
https://akamai-apigateway-warpcxml.tesla.com [403] [GET] [text/html] [Access Denied] [AkamaiGHost] [vhost] [4592c124edccc76991de62496bac3cd6]
https://akamai-apigateway-warpcxml.tesla.com [403] [GET] [text/html] [Access Denied] [AkamaiGHost] [vhost] [a1a3c207b941c2525624c24b3455bc9f]
https://akamai-apigateway-warpdashboardapi.tesla.com [403] [GET] [text/html] [Access Denied] [AkamaiGHost] [vhost] [5d0f67f7b81c94e5ffef277c10c95785]
https://akamai-apigateway-warpdashboardapi.tesla.com [403] [GET] [text/html] [Access Denied] [AkamaiGHost] [vhost] [d198a3d8ef6c4ab94ea1bb7e42cae928]
https://akamai-apigateway-warpedi.tesla.com [403] [GET] [text/html] [Access Denied] [AkamaiGHost] [vhost] [2c325be26ca85398dee9e6e9b4d80835]
https://akamai-apigateway-warpedi.tesla.com [403] [GET] [text/html] [Access Denied] [AkamaiGHost] [vhost] [65ea53e83cebc85748b9ac5ec1add18c]
https://akamai-apigateway-warptmsapiserver.tesla.com [403] [GET] [text/html] [Access Denied] [AkamaiGHost] [vhost] [13ceb59a992f21504f743904217743e8]
https://akamai-apigateway-warptmsapiserver.tesla.com [403] [GET] [text/html] [Access Denied] [AkamaiGHost] [vhost] [867825e32f6c8a0bdc7a742c817cb5bb]
https://akamai-apigateway-warptmsapiserver-upgrade.tesla.com [403] [GET] [application/problem+json] [Access Denied] [AkamaiGHost] [vhost] [16002005122acc3bfc0c8d36d43fd701]
https://akamai-apigateway-warptmsapiserver-upgrade.tesla.com [403] [GET] [application/problem+json] [Access Denied] [AkamaiGHost] [vhost] [92851a6974c8db2a7ce7ecc81f025e8b]
https://akamai-apigateway-warptqpapi.tesla.com [403] [GET] [text/html] [Access Denied] [AkamaiGHost] [vhost] [0cc04b1e298edcc003d8da1e22df1833]
https://akamai-apigateway-warptqpapi.tesla.com [403] [GET] [text/html] [Access Denied] [AkamaiGHost] [vhost] [2439dff0f206888d3b01e05498f796b0]
https://akamai-apigateway-zip3-suppliersequence.tesla.com [403] [GET] [text/html] [Access Denied] [AkamaiGHost] [vhost] [06acc69aafe802c9e931e23fd48f54b2]
https://akamai-apigateway-zip3-suppliersequence.tesla.com [403] [GET] [text/html] [Access Denied] [AkamaiGHost] [vhost] [fdad23df8693e24913f0c732606c0a7c]
https://api-firebolt-dev.tesla.com [403] [GET] [text/html] [Access Denied] [AkamaiGHost] [vhost] [1b0ce1160134bcbbdba234721bea42f9]
https://api-firebolt-dev.tesla.com [403] [GET] [text/html] [Access Denied] [AkamaiGHost] [vhost] [aeefcbd63b504dbc9efe58dbd3cfa8cb]
https://api-firebolt-stage.tesla.com [403] [GET] [text/html] [Access Denied] [AkamaiGHost] [vhost] [667f2d63445a96025806d00296631faf]
https://api-firebolt-stage.tesla.com [403] [GET] [text/html] [Access Denied] [AkamaiGHost] [vhost] [7de7a168c30a5cf772dc79b5e124cd79]
https://api-firebolt.tesla.com [403] [GET] [text/html] [Access Denied] [AkamaiGHost] [vhost] [629957cbb890487fdc6abe095d4d6753]
https://api-firebolt.tesla.com [403] [GET] [text/html] [Access Denied] [AkamaiGHost] [vhost] [75a08e3e7225b9775fd34669098b3f9a]
https://apps.tesla.com [403] [GET] [text/html] [Access Denied] [AkamaiGHost] [vhost] [727a6169d38c9fa7aa623838bf9e165e]
https://apps.tesla.com [403] [GET] [text/html] [Access Denied] [AkamaiGHost] [vhost] [bb8ccd0d94dc6182127b45d170580447]
https://aurora-ordering-ext-qa.tesla.com [403] [GET] [text/html] [Access Denied] [AkamaiGHost] [vhost] [3c863fe8352cdda5bf634e030defc561]
https://aurora-ordering-ext-qa.tesla.com [403] [GET] [text/html] [Access Denied] [AkamaiGHost] [vhost] [92a46be11727fc70666851d3206b6b69]
https://aurora-ordering-ext.tesla.com [403] [GET] [text/html] [Access Denied] [AkamaiGHost] [vhost] [133a9353e3c9267044ebf9d01ccee84e]
https://aurora-ordering-ext.tesla.com [403] [GET] [text/html] [Access Denied] [AkamaiGHost] [vhost] [d0d5ade805fbc48c044b05db14ce444a]
https://auth-global-stage.tesla.com [403] [GET] [text/html] [Access Denied] [AkamaiGHost] [vhost] [22b868378939cd03e2c05c63e3e23cb2]
https://auth-global-stage.tesla.com [403] [GET] [text/html] [Access Denied] [AkamaiGHost] [vhost] [9f6eb0a2dd5e374e1d1b7fbc8495b3bb]
https://auth-global.tesla.com [403] [GET] [text/html] [Access Denied] [AkamaiGHost] [vhost] [427e42b0ae58c81343a73997eaef5899]
https://auth-global.tesla.com [403] [GET] [text/html] [Access Denied] [AkamaiGHost] [vhost] [ad94edcb1082ee35ab9f8242d3018ce7]
https://auth.tesla.com [403] [GET] [text/html] [Access Denied] [AkamaiGHost] [vhost] [5ae8cf8ce665f4a6180746e8051fbc3a]
https://auth.tesla.com [403] [GET] [text/html] [Access Denied] [AkamaiGHost] [vhost] [6ee6c2a89c9d153078d71487729178b1]
https://autobidder.powerhub.energy.tesla.com [403] [GET] [text/html] [Access Denied] [AkamaiGHost] [vhost] [d27a9f021c75194802e1839624668a24]
https://autobidder.powerhub.energy.tesla.com [403] [GET] [text/html] [Access Denied] [AkamaiGHost] [vhost] [da6c01184575765cb0f692b2d7b3f1d2]
https://billing.tesla.com [403] [GET] [text/html] [Access Denied] [AkamaiGHost] [vhost] [139323be4d1b6bf1120aa8a16208b672]
https://billing.tesla.com [403] [GET] [text/html] [Access Denied] [AkamaiGHost] [vhost] [bda8cf4c67e3af1fb45c6afeb12ad920]
https://bi.tesla.com [302] [GET] [text/html] [302 Found] [akamai/nginx] [Nginx] [fb20768b2df1d249deff93c695784b77]
https://bolt.tesla.com [403] [GET] [text/html] [Access Denied] [AkamaiGHost] [vhost] [3af0d4eb323b2710ac2d0a634f472372]
https://bolt.tesla.com [403] [GET] [text/html] [Access Denied] [AkamaiGHost] [vhost] [81d8df5526f448878a9216a7afad74b2]
https://business-ui-ownership.tesla.com [403] [GET] [text/html] [Access Denied] [AkamaiGHost] [vhost] [0a9d23891c96816dffafda717a18b7ac]
https://business-ui-ownership.tesla.com [403] [GET] [text/html] [Access Denied] [AkamaiGHost] [vhost] [b73f30e4386b8327091648b82c1b1fd1]
https://cdn-design.tesla.com [403] [GET] [text/html] [Access Denied] [AkamaiGHost] [vhost] [369d1283f11cdc2f8cd93c6e5a1dcf77]
https://cdn-design.tesla.com [403] [GET] [text/html] [Access Denied] [AkamaiGHost] [vhost] [a286ef69c93b9b4e68ba74f302f1df27]
https://cdns-content.tesla.com [403] [GET] [text/html] [Error] [AkamaiGHost] [vhost] [152ea6e87b21fc086c8edb6c73fa3914]
https://cdns-content.tesla.com [403] [GET] [text/html] [Error] [AkamaiGHost] [vhost] [264355149d9a8ddd7a7db169397706f1]
https://checkout-ui-assets.tesla.com [403] [GET] [text/html] [Access Denied] [AkamaiGHost] [vhost] [4cdb414cd10643ef00d9c85af67891a6]
https://checkout-ui-assets.tesla.com [403] [GET] [text/html] [Access Denied] [AkamaiGHost] [vhost] [e6645287649845e5de6a1029e83dee50]
https://cicerone.tesla.com [403] [GET] [text/html] [Access Denied] [AkamaiGHost] [vhost] [0410bdf6659479dabc2ad08014919617]
https://click.email.tesla.com [301] [GET] [] [] [AkamaiGHost] [d41d8cd98f00b204e9800998ecf8427e]
https://courses.tesla.com [403] [GET] [text/html] [Access Denied] [AkamaiGHost] [vhost] [f285965fc5846850af3fe8fab0a4b5d4]
https://courses.tesla.com [403] [GET] [text/html] [Access Denied] [AkamaiGHost] [vhost] [f9940cfee5641cbbd3ebef57ad995a45]
https://dataviz.tesla.com [302] [GET] [text/html] [302 Found] [akamai/nginx] [Nginx] [6a4a5b27f8abd6188182249bc9ab6e6d]
https://digitalassets-accounts.tesla.com [301] [GET] [] [] [Cloudinary] [vhost] [fastly] [d41d8cd98f00b204e9800998ecf8427e]
https://digitalassets-energy.tesla.com [301] [GET] [] [] [Cloudinary] [vhost] [fastly] [d41d8cd98f00b204e9800998ecf8427e]
https://digitalassets-learning.tesla.com [404] [GET] [image/gif] [] [Cloudinary] [fastly] [d41d8cd98f00b204e9800998ecf8427e]
https://digitalassets-shop.tesla.com [301] [GET] [] [] [Cloudinary] [vhost] [d41d8cd98f00b204e9800998ecf8427e]
https://digitalassets.tesla.com [301] [GET] [] [] [Cloudinary] [vhost] [d41d8cd98f00b204e9800998ecf8427e]
https://eaa-setup.tesla.com [302] [GET] [text/html] [302 Found] [akamai/nginx] [Nginx] [70344951f0709bc654525693b0289d02]
https://edr.tesla.com [403] [GET] [text/html] [Access Denied] [AkamaiGHost] [vhost] [adc395108379e1858dd2bb76cb32d4da]
https://edr.tesla.com [403] [GET] [text/html] [Access Denied] [AkamaiGHost] [vhost] [f3d63f7581f3e318c8f8b1365e7dfc1b]
https://ehs.tesla.com [403] [GET] [text/html] [Access Denied] [AkamaiGHost] [vhost] [46d8dae69fd80faa50859cf0be20f066]
https://ehs.tesla.com [403] [GET] [text/html] [Access Denied] [AkamaiGHost] [vhost] [a20d7e37f1d00ab6a33c4b73d41ae1ca]
https://einvoicing.tesla.com [403] [GET] [text/html] [Access Denied] [AkamaiGHost] [vhost] [cbdf72320805f6e470b3a920ca5b985d]
https://einvoicing.tesla.com [403] [GET] [text/html] [Access Denied] [AkamaiGHost] [vhost] [e436c7243f3c4db88e12189442d52fa3]
https://energydesk.tesla.com [400] [GET] [text/html] [400 Bad Request] [ZGS] [d6c04e4eb745292df372c0de6e76d82e]
https://energydesk.tesla.com [400] [GET] [text/html] [400 Bad Request] [ZGS] [e5d5aa6b7dcdeaa54db49ab3fee26705]
https://envoy-finplat-stg.tesla.com [403] [GET] [text/html] [Access Denied] [AkamaiGHost] [vhost] [3eb3e62fd363021d35864ba5afa66e02]
https://envoy-finplat-stg.tesla.com [403] [GET] [text/html] [Access Denied] [AkamaiGHost] [vhost] [4c2eb42f366d5d754e1fd689edc7a2c8]
https://envoy-finplat-sunlight.tesla.com [403] [GET] [text/html] [Access Denied] [AkamaiGHost] [vhost] [09d060af0b3337c94e60cf569b66b6ee]
https://envoy-finplat-sunlight.tesla.com [403] [GET] [text/html] [Access Denied] [AkamaiGHost] [vhost] [2434a185823c46a9a8c9596c81daceb6]
https://envoy-partnerleadsharing.tesla.com [403] [GET] [text/html] [Access Denied] [AkamaiGHost] [vhost] [52a20af31b9ac0abc9af6466df355ab4]
https://envoy-partnerleadsharing.tesla.com [403] [GET] [text/html] [Access Denied] [AkamaiGHost] [vhost] [fc184d2118c73ff14009a638988eaead]
https://envoy-partnertasks.tesla.com [403] [GET] [text/html] [Access Denied] [AkamaiGHost] [vhost] [3d022e202c101bd8bd04e2fc712fba14]
https://envoy-partnertasks.tesla.com [403] [GET] [text/html] [Access Denied] [AkamaiGHost] [vhost] [f575fde5a1fdccd09e6ca4666fa13c81]
https://epcapi.tesla.com [403] [GET] [text/html] [Access Denied] [AkamaiGHost] [vhost] [af0b10d97dede7d40dc5d7587171bfeb]
https://epcapi.tesla.com [403] [GET] [text/html] [Access Denied] [AkamaiGHost] [vhost] [c05443ebfd8e1a4ee26cf2e11b5d9a82]
https://epc.tesla.com [403] [GET] [text/html] [Access Denied] [AkamaiGHost] [vhost] [27df143f95a80dde4bdd99240d78169d]
https://epc.tesla.com [403] [GET] [text/html] [Access Denied] [AkamaiGHost] [vhost] [3eba9e12f97bddb236e7f23b4807f22d]
https://errlog-stage.tesla.com [403] [GET] [text/html] [Access Denied] [AkamaiGHost] [vhost] [4183f713a50f3c4b9e8b782b0e1775c6]
https://errlog-stage.tesla.com [403] [GET] [text/html] [Access Denied] [AkamaiGHost] [vhost] [e4ed87c50a87c90711ac8b2df5dcc009]
https://errlog.tesla.com [403] [GET] [text/html] [Access Denied] [AkamaiGHost] [vhost] [24e0b7af0eb59d18df0bdfd6650df5bc]
https://errlog.tesla.com [403] [GET] [text/html] [Access Denied] [AkamaiGHost] [vhost] [a751d5e21a56a01c657dce97043a8858]
https://external-sandbox-automation.tesla.com [403] [GET] [text/html] [Access Denied] [AkamaiGHost] [vhost] [8c9c7eabecca33a7f12536340581c156]
https://external-sandbox-automation.tesla.com [403] [GET] [text/html] [Access Denied] [AkamaiGHost] [vhost] [a26679f452bfa740999624bb2088fb7b]
https://financial-gw-stg.tesla.com [403] [GET] [text/html] [Access Denied] [AkamaiGHost] [vhost] [1ee98ab32c983ed15dc672eb719b78bb]
https://financial-gw-stg.tesla.com [403] [GET] [text/html] [Access Denied] [AkamaiGHost] [vhost] [bd588cd10c6c963b5c6e131e40d697c3]
https://finops.tesla.com [403] [GET] [text/html] [Access Denied] [AkamaiGHost] [vhost] [453ec94264192ddf9c14eeadad6b46d5]
https://finops.tesla.com [403] [GET] [text/html] [Access Denied] [AkamaiGHost] [vhost] [63915ac77f0333a115dcc6e831ea314e]
https://gridlogic.energy.tesla.com [403] [GET] [text/html] [Access Denied] [AkamaiGHost] [vhost] [1381ccb8abd602752d57cbb002e1844e]
https://gridlogic.energy.tesla.com [403] [GET] [text/html] [Access Denied] [AkamaiGHost] [vhost] [b1364b2337cbc7aa15059852149939dc]
https://grid.tesla.com [403] [GET] [text/html] [] [] [vhost] [30c5ba46bae8bdaf360fa5fbbd254dcd]
https://image.emails.tesla.com [301] [GET] [] [] [AkamaiGHost] [d41d8cd98f00b204e9800998ecf8427e]
https://image-emails.tesla.com [403] [GET] [text/html] [Access Denied] [AkamaiGHost] [vhost] [53f87b201a9e675e0ef511549f1500cd]
https://image-emails.tesla.com [403] [GET] [text/html] [Access Denied] [AkamaiGHost] [vhost] [e7103b9a924b7e6456c99eff83e3012f]
https://image.email.tesla.com [403] [GET] [text/html] [Access Denied] [AkamaiGHost] [vhost] [98e2e0b76e1fe33ef7caad54ddda191a]
https://image.email.tesla.com [403] [GET] [text/html] [Access Denied] [AkamaiGHost] [vhost] [c5bf1e983cd162b86724874e9b07e2dc]
http://simpleorigin.tesla.com [302] [GET] [] [] [BigIP] [F5 BigIP] [d41d8cd98f00b204e9800998ecf8427e]
http://SimpleOrigin.tesla.com [302] [GET] [] [] [BigIP] [F5 BigIP] [d41d8cd98f00b204e9800998ecf8427e]
https://inside.tesla.com [403] [GET] [text/html] [Access Denied] [AkamaiGHost] [vhost] [0590d62a64876902255e425388c8bb2e]
https://inside.tesla.com [403] [GET] [text/html] [Access Denied] [AkamaiGHost] [vhost] [a8aeb88e679e24789d024f13380b0ec4]
https://installations-ext-api.tesla.com [403] [GET] [text/html] [Access Denied] [AkamaiGHost] [vhost] [2b4420d9f68007885b9ba5f93e2c4c1b]
https://installations-ext-api.tesla.com [403] [GET] [text/html] [Access Denied] [AkamaiGHost] [vhost] [3eb9e72b10d2bb43d7627bb8d296311f]
https://inventory-assets.tesla.com [204] [GET] [text/html] [] [AkamaiGHost] [vhost] [d41d8cd98f00b204e9800998ecf8427e]
https://invest.tesla.com [503] [GET] [text/html] [Service Unavailable] [AkamaiGHost] [vhost] [92031d7e3137b613ee7bdc703e3d33dc]
https://invest.tesla.com [503] [GET] [text/html] [Service Unavailable] [AkamaiGHost] [vhost] [f3157f3d004a63a0866c1a45ba9c4c9b]
https://link.qa.tesla.com [404] [GET] [text/html] [404 Not Found] [nginx] [Nginx] [8e325dc2fea7c8900fc6c4b8c6c394fe]
https://links.tesla.com [403] [GET] [text/html] [Access Denied] [AkamaiGHost] [vhost] [049a467d28c2b4235d8378b1abc75327]
https://links.tesla.com [403] [GET] [text/html] [Access Denied] [AkamaiGHost] [vhost] [9b38b70e1270bcec2a7ae507f35462eb]
https://link.tesla.com [403] [GET] [text/html] [Access Denied] [AkamaiGHost] [vhost] [5255de689703bcb338dbeccc7ca4efa0]
https://link.tesla.com [403] [GET] [text/html] [Access Denied] [AkamaiGHost] [vhost] [ad823ac0515fd162e4d4db19d3606ed4]
https://livestreamapi.tesla.com [301] [GET] [] [] [AkamaiGHost] [d41d8cd98f00b204e9800998ecf8427e]
https://livestreamapi-test.tesla.com [301] [GET] [] [] [AkamaiGHost] [d41d8cd98f00b204e9800998ecf8427e]
https://livestream.tesla.com [403] [GET] [text/html] [Access Denied] [AkamaiGHost] [vhost] [28344647d00d6e6e881d852d67586405]
https://livestream.tesla.com [403] [GET] [text/html] [Access Denied] [AkamaiGHost] [vhost] [e084f30dc9c0db8683896bd20b1b2f60]
https://location-services-prd.tesla.com [403] [GET] [text/html] [Access Denied] [AkamaiGHost] [vhost] [a364713f30d7e318e566070d5f46333a]
https://location-services-prd.tesla.com [403] [GET] [text/html] [Access Denied] [AkamaiGHost] [vhost] [d86cd7a3f523dc88b1e20b0a7a135ff8]
https://logcollection.tesla.com [403] [GET] [text/html] [Access Denied] [AkamaiGHost] [vhost] [41decb6f3d00d9a1585e300d04f9312e]
https://logcollection.tesla.com [403] [GET] [text/html] [Access Denied] [AkamaiGHost] [vhost] [4e57ef6e328348278ec43436c5bf1ca3]
https://mfa-reset.tesla.com [403] [GET] [text/html] [Access Denied] [AkamaiGHost] [vhost] [19e19412ff90c873c67c7c24e001f76e]
https://mfa-reset.tesla.com [403] [GET] [text/html] [Access Denied] [AkamaiGHost] [vhost] [dc1fb576578cc49091865a9c8875e02b]
https://mfa.tesla.com [403] [GET] [text/html] [Access Denied] [AkamaiGHost] [vhost] [e775e62467f53d764b2d986a1d5e7039]
https://mfa.tesla.com [403] [GET] [text/html] [Access Denied] [AkamaiGHost] [vhost] [ea86d77d1b9555014707daab695f2dba]
https://mfs-supplier.tesla.com [403] [GET] [text/html] [Access Denied] [AkamaiGHost] [vhost] [0897768b8bb3047b00484616669232e2]
https://mfs-supplier.tesla.com [403] [GET] [text/html] [Access Denied] [AkamaiGHost] [vhost] [b3ea39daf8701292d27ca0f075d1a654]
https://mfs-supplier-uat.tesla.com [403] [GET] [text/html] [Access Denied] [AkamaiGHost] [vhost] [946de10e9ec44eef346d75dfa4353ce8]
https://mfs-supplier-uat.tesla.com [403] [GET] [text/html] [Access Denied] [AkamaiGHost] [vhost] [95e88579e784be2b8160bab1aaff4d4b]
https://mobile.tesla.com [403] [GET] [text/html] [Access Denied] [AkamaiGHost] [vhost] [3bb09ef626dfd861fbd47bf11dc107a8]
https://myapps.tesla.com [403] [GET] [text/html] [Access Denied] [AkamaiGHost] [vhost] [ad876a843f701584814deec064b995c5]
https://myapps.tesla.com [403] [GET] [text/html] [Access Denied] [AkamaiGHost] [vhost] [f3a4b033f9eb48507950329fd8fe3dc3]
https://onboard.tesla.com [403] [GET] [text/html] [Access Denied] [AkamaiGHost] [vhost] [36ee9cb01ded50162b559a8d93567407]
https://os.tesla.com [403] [GET] [text/html] [Access Denied] [AkamaiGHost] [vhost] [0eb7f2977fb6507832caf7eb705b500a]
https://os.tesla.com [403] [GET] [text/html] [Access Denied] [AkamaiGHost] [vhost] [e45396a8450e9bfa4847eb1ad2a8a4f0]
https://ownership.tesla.com [403] [GET] [text/html] [Access Denied] [AkamaiGHost] [vhost] [22f999db158c2b09dada0c8553106214]
https://ownership.tesla.com [403] [GET] [text/html] [Access Denied] [AkamaiGHost] [vhost] [fd6e8ed433453a15890172a288e9fa0d]
https://pages.emails.tesla.com [403] [GET] [text/html] [403 - Forbidden: Access is denied.] [] [11ca4578cb026a23713aea6781b8ece3]
https://pages.email.tesla.com [403] [GET] [text/html] [403 - Forbidden: Access is denied.] [] [11ca4578cb026a23713aea6781b8ece3]
https://partnerleadsharing.tesla.com [403] [GET] [text/html] [403 Not allowed] [Varnish] [Varnish] [daebf5de820f2c3825c66a03de77288a]
https://partners.tesla.com [403] [GET] [text/html] [Access Denied] [AkamaiGHost] [vhost] [780b67f01aff33328f6efcf2ec909f0e]
https://partners.tesla.com [403] [GET] [text/html] [Access Denied] [AkamaiGHost] [vhost] [7c014cc196d91b20e9751c89fb3dff8a]
https://powerhub.energy.tesla.com [403] [GET] [text/html] [Access Denied] [AkamaiGHost] [vhost] [6a33186590f85668056cc5f775673fcc]
https://powerhub.energy.tesla.com [403] [GET] [text/html] [Access Denied] [AkamaiGHost] [vhost] [89a0395b02742f6fb67d62964836674e]
https://profile.tesla.com [403] [GET] [text/html] [Access Denied] [AkamaiGHost] [vhost] [07921439dfc690e056a922fbf8affc3c]
https://profile.tesla.com [403] [GET] [text/html] [Access Denied] [AkamaiGHost] [vhost] [79ca29b523deeaa8b23292b33f8247ab]
https://pub.email.tesla.com [403] [GET] [text/html] [403 - Forbidden: Access is denied.] [] [11ca4578cb026a23713aea6781b8ece3]
https://ranger-api.tesla.com [403] [GET] [text/html] [Access Denied] [AkamaiGHost] [vhost] [b4d8dccc715418abd216f97e95cdb15f]
https://ranger-api.tesla.com [403] [GET] [text/html] [Access Denied] [AkamaiGHost] [vhost] [ca39955e330234258ea0837a4ad5c8cc]
https://referral.tesla.com [302] [GET] [text/html] [] [nginx] [vhost] [Nginx,PHP:5.5.38] [d41d8cd98f00b204e9800998ecf8427e]
https://referral.tesla.com:8443 [303] [GET] [text/html] [] [sw-cp-server] [d41d8cd98f00b204e9800998ecf8427e]
https://repair.tesla.com [403] [GET] [text/html] [Access Denied] [AkamaiGHost] [vhost] [21266498cd402ab2b935eb0198111904]
https://repair.tesla.com [403] [GET] [text/html] [Access Denied] [AkamaiGHost] [vhost] [b8f3c051e48503ee99374d66f9a72fed]
https://roadsideinvoice.tesla.com [403] [GET] [text/html] [Access Denied] [AkamaiGHost] [vhost] [49494078024f5341ac92ed1f356b4d67]
https://roadsideinvoice.tesla.com [403] [GET] [text/html] [Access Denied] [AkamaiGHost] [vhost] [ff5dc59ff83af2e1b585b28a922b7c30]
https://sales-prd.tesla.com [403] [GET] [text/html] [Access Denied] [AkamaiGHost] [vhost] [7b5e5395d1b6f8ad96f50fe536e0b007]
https://sales-prd.tesla.com [403] [GET] [text/html] [Access Denied] [AkamaiGHost] [vhost] [e49520305d02302bcf35593feecf4d2c]
https://schedule.tesla.com [403] [GET] [text/html] [Access Denied] [AkamaiGHost] [vhost] [16b53c7725da801df7406d1da35c786a]
https://schedule.tesla.com [403] [GET] [text/html] [Access Denied] [AkamaiGHost] [vhost] [d5b18c3a3a3e8436fbd1f1b0a620dc67]
https://secure-static-assets.tesla.com [403] [GET] [text/html] [Access Denied] [AkamaiGHost] [vhost] [1c26c20e0bf39af97c0fa0421ed39e3c]
https://secure-static-assets.tesla.com [403] [GET] [text/html] [Access Denied] [AkamaiGHost] [vhost] [927cb6b2a6ac8d6a908bc6d0ea22c154]
https://serviceapi-stg.tesla.com [403] [GET] [text/html] [Access Denied] [AkamaiGHost] [vhost] [3eec31017ada3925fe031da46128a8de]
https://serviceapi-stg.tesla.com [403] [GET] [text/html] [Access Denied] [AkamaiGHost] [vhost] [f29379617dd0a72ac56bfc55894d958f]
https://serviceapi.tesla.com [403] [GET] [text/html] [Access Denied] [AkamaiGHost] [vhost] [b69fbc05a8fa98084ffd56fd2707ba6a]
https://serviceapi.tesla.com [403] [GET] [text/html] [Access Denied] [AkamaiGHost] [vhost] [f02a582c05539f757d47588200e72228]
https://serviceapp.tesla.com [302] [GET] [text/html] [302 Found] [akamai/nginx] [vhost] [Nginx] [869e0131bfff2f28bc7c0397cc865410]
https://serviceapp.tesla.com [302] [GET] [text/html] [302 Found] [akamai/nginx] [vhost] [Nginx] [ddce6528b8b2ae62563aa48fb9c0a7be]
https://shop.tesla.com [403] [GET] [text/html] [Access Denied] [AkamaiGHost] [vhost] [ba38c051cb8649715dd22bc168682ffd]
https://shop.tesla.com [403] [GET] [text/html] [Access Denied] [AkamaiGHost] [vhost] [c0d63ff0ef5d4b2b73247bee895f833c]
https://sip.tesla.com [404] [GET] [text/plain] [] [RTC/7.0] [bf4d1f638ec4f03b807a5e2e24c6c273]
https://sso-dev.tesla.com [403] [GET] [text/html] [Access Denied] [AkamaiGHost] [vhost] [11ea50dac974239b6ee2f519ea4a6aab]
https://sso-dev.tesla.com [403] [GET] [text/html] [Access Denied] [AkamaiGHost] [vhost] [c2dc3437bdd1cb8f87a122afc319f1fc]
https://sso.tesla.com [403] [GET] [text/html] [Access Denied] [AkamaiGHost] [vhost] [5995360b59ca6b4b582b464fc2cfd7ab]
https://sso.tesla.com [403] [GET] [text/html] [Access Denied] [AkamaiGHost] [vhost] [ca93a8c16656f50f3d71c243bb25478b]
https://sspr.tesla.com [403] [GET] [text/html] [Access Denied] [AkamaiGHost] [vhost] [3df69c8a164d5107841cd87cdbbbc662]
https://sspr.tesla.com [403] [GET] [text/html] [Access Denied] [AkamaiGHost] [vhost] [4181cd94b977611fd3bf405403898a52]
https://stage-traffic-flow-test.tesla.com [403] [GET] [] [] [Varnish] [vhost] [Varnish] [d41d8cd98f00b204e9800998ecf8427e]
https://static-assets-pay.tesla.com [403] [GET] [text/html] [Access Denied] [AkamaiGHost] [vhost] [449a4c07774ce04bd757b84263503d8e]
https://static-assets-pay.tesla.com [403] [GET] [text/html] [Access Denied] [AkamaiGHost] [vhost] [61f8ec9ae4b04fa2050c191ccea4cee6]
https://static-assets.tesla.com [403] [GET] [text/html] [Access Denied] [AkamaiGHost] [vhost] [1875f98349a724271b948d431713e771]
https://static-assets.tesla.com [403] [GET] [text/html] [Access Denied] [AkamaiGHost] [vhost] [4c93e29615f29eb9010710e4ee3e0d79]
https://static-map.tesla.com [403] [GET] [text/html] [Access Denied] [AkamaiGHost] [vhost] [51862904e0a68a7940e1a7bf137f5c77]
https://static-map.tesla.com [403] [GET] [text/html] [Access Denied] [AkamaiGHost] [vhost] [a3fc13a734fbdac0fae4d3414901918b]
https://stg-uc-twilio-bpm-webhook.tesla.com [403] [GET] [text/html] [Access Denied] [AkamaiGHost] [vhost] [32b3af30eef31ba3250efd0a1c2ca69f]
https://stg-uc-twilio-bpm-webhook.tesla.com [403] [GET] [text/html] [Access Denied] [AkamaiGHost] [vhost] [7f4fbc2d64d4e9835347ed89fdef9f04]
https://tcc-graph-stg.tesla.com [403] [GET] [text/html] [Access Denied] [AkamaiGHost] [vhost] [0c29aeed9c9ab8c33e2a3d1ba45d5253]
https://tcc-graph-stg.tesla.com [403] [GET] [text/html] [Access Denied] [AkamaiGHost] [vhost] [770aa8dec9a1b875542690fb659ed434]
https://tcc-graph.tesla.com [403] [GET] [text/html] [Access Denied] [AkamaiGHost] [vhost] [2ec090705f7e9801fb59859b48aa3c5d]
https://tcc-graph.tesla.com [403] [GET] [text/html] [Access Denied] [AkamaiGHost] [vhost] [49b293eb41d0beed6910e259eeca2764]
https://tcc-gw-stg.tesla.com [403] [GET] [text/html] [Access Denied] [AkamaiGHost] [vhost] [879c85e84107666a57b8028a01f178e2]
https://tcc-gw-stg.tesla.com [403] [GET] [text/html] [Access Denied] [AkamaiGHost] [vhost] [bc2aee0c533a916af4c69dd51971c8b8]
https://tcc-gw.tesla.com [403] [GET] [text/html] [Access Denied] [AkamaiGHost] [vhost] [25660d014f9d4aa37e26e2f895815fbf]
https://tcc-gw.tesla.com [403] [GET] [text/html] [Access Denied] [AkamaiGHost] [vhost] [957613392e1ba2d67ce8084a7234b6df]
https://teamchat.tesla.com [403] [GET] [text/html] [Access Denied] [AkamaiGHost] [vhost] [464ec8a9a50f7b83dfcc8e6c923a8b97]
https://teamchat.tesla.com [403] [GET] [text/html] [Access Denied] [AkamaiGHost] [vhost] [f05e6a29e339b5a7f696ff444045b25f]
https://teslacdpna0.tesla.com [403] [GET] [text/html] [403 - Forbidden: Access is denied.] [Microsoft-IIS/8.5] [azure] [IIS:8.5,Microsoft ASP.NET,Windows Server] [11ca4578cb026a23713aea6781b8ece3]
https://tesla.com [403] [GET] [text/html] [Access Denied] [AkamaiGHost] [vhost] [5d1afe33b84c54a0951c00f7bb59c128]
https://tesla.com [403] [GET] [text/html] [Access Denied] [AkamaiGHost] [vhost] [c17f8de146165f105e22d7b17d189206]
https://teslatequila.tesla.com [200] [GET] [text/html] [] [AmazonS3] [vhost] [cloudfront] [Amazon Cloudfront,Amazon S3,Amazon Web Services,Gatsby:2.32.11,React,webpack] [a8c6e75d5cb3d055fa0734dfffd2c269]
https://three.tesla.com [403] [GET] [text/html] [Access Denied] [AkamaiGHost] [vhost] [0baf75049c180a3d1f06fb389539d857]
https://three.tesla.com [403] [GET] [text/html] [Access Denied] [AkamaiGHost] [vhost] [df507d29ebf93a0953f263295a02ac8a]
https://toolbox.tesla.com [403] [GET] [text/html] [Access Denied] [AkamaiGHost] [vhost] [6008c0ec3c22acd82abd30757291fc36]
https://toolbox.tesla.com [403] [GET] [text/html] [Access Denied] [AkamaiGHost] [vhost] [efd521ac0aa671264d0a4e9d3fcefc3d]
https://tradepartnertickets.tesla.com [403] [GET] [text/html] [Access Denied] [AkamaiGHost] [vhost] [0b30f6afc31b8c7786fc716d6b88e57a]
https://tradepartnertickets.tesla.com [403] [GET] [text/html] [Access Denied] [AkamaiGHost] [vhost] [a9c7e240ecf21a99dad1bdb5ab7d4eab]
https://trt.tesla.com [403] [GET] [text/html] [Access Denied] [AkamaiGHost] [vhost] [3df1b274fec338b004306e74f50d8355]
https://trt.tesla.com [403] [GET] [text/html] [Access Denied] [AkamaiGHost] [vhost] [68d3a0390ba208f44acbded410743f69]
https://url1894.tesla.com [404] [GET] [text/html] [404 Not Found] [nginx] [Nginx] [8e325dc2fea7c8900fc6c4b8c6c394fe]
https://url2547.tesla.com [404] [GET] [text/html] [404 Not Found] [nginx] [Nginx] [70461da8b94c6ca5d2fda3260c5a8c3b]
https://url4104.tesla.com [404] [GET] [text/html] [404 Not Found] [nginx] [Nginx] [70461da8b94c6ca5d2fda3260c5a8c3b]
https://url4104.tesla.com [404] [GET] [text/html] [404 Not Found] [nginx] [Nginx] [8e325dc2fea7c8900fc6c4b8c6c394fe]
https://url4211.tesla.com [404] [GET] [text/html] [404 Not Found] [nginx] [Nginx] [70461da8b94c6ca5d2fda3260c5a8c3b]
https://url4211.tesla.com [404] [GET] [text/html] [404 Not Found] [nginx] [Nginx] [8e325dc2fea7c8900fc6c4b8c6c394fe]
https://url4857.tesla.com [404] [GET] [text/html] [404 Not Found] [nginx] [Nginx] [70461da8b94c6ca5d2fda3260c5a8c3b]
https://url4857.tesla.com [404] [GET] [text/html] [404 Not Found] [nginx] [Nginx] [8e325dc2fea7c8900fc6c4b8c6c394fe]
https://url5196.tesla.com [404] [GET] [text/html] [404 Not Found] [nginx] [Nginx] [8e325dc2fea7c8900fc6c4b8c6c394fe]
https://url5347.tesla.com [404] [GET] [text/html] [404 Not Found] [nginx] [Nginx] [8e325dc2fea7c8900fc6c4b8c6c394fe]
https://url6661.tesla.com [404] [GET] [text/html] [404 Not Found] [nginx] [Nginx] [70461da8b94c6ca5d2fda3260c5a8c3b]
https://url6661.tesla.com [404] [GET] [text/html] [404 Not Found] [nginx] [Nginx] [8e325dc2fea7c8900fc6c4b8c6c394fe]
https://url7051.tesla.com [403] [GET] [text/html] [Access Denied] [AkamaiGHost] [vhost] [31c6c4a9a63b2aac1ac9d4bcaf437393]
https://url7051.tesla.com [403] [GET] [text/html] [Access Denied] [AkamaiGHost] [vhost] [fbe14d461d16ad2c99d1d27e2c216e81]
https://url8833.tesla.com [404] [GET] [text/html] [404 Not Found] [nginx] [Nginx] [70461da8b94c6ca5d2fda3260c5a8c3b]
https://vehicle-files.eng.euw1.vn.cloud.tesla.com [403] [GET] [text/html] [Access Denied] [AkamaiGHost] [vhost] [1bf33e25544677333cf7ab90b00da618]
https://vehicle-files.eng.euw1.vn.cloud.tesla.com [403] [GET] [text/html] [Access Denied] [AkamaiGHost] [vhost] [a03f8fe9b3cc24a46d7f9359228f6914]
https://vehicle-files.prd.usw2.vn.cloud.tesla.com [403] [GET] [application/xml] [] [AmazonS3] [vhost] [Amazon S3,Amazon Web Services] [5e0ea2aa998a70a3f78f7732e02a95ec]
https://vehicle-files.prd.usw2.vn.cloud.tesla.com [403] [GET] [application/xml] [] [AmazonS3] [vhost] [Amazon S3,Amazon Web Services] [f2432926c80edf8a407045f3cfa5689e]
https://view.email.tesla.com [302] [GET] [text/html] [Object moved] [] [0b9ef0192b2022a0b94f012083714795]
https://vmanage-alerts.tesla.com [403] [GET] [text/html] [Access Denied] [AkamaiGHost] [vhost] [ba993ae43271b107b47d56c5d34bb5e1]
https://vmanage-alerts.tesla.com [403] [GET] [text/html] [Access Denied] [AkamaiGHost] [vhost] [e5789aceed5febeaa0379711c8224129]
https://vpn1.tesla.com [404] [GET] [text/html] [Tesla Motors VPN] [] [57483f0bdd84bad11be6d81705117a48]
https://www.tesla.com [403] [GET] [text/html] [Access Denied] [AkamaiGHost] [vhost] [457abe12c8ec8d36d40813a53b28b7c5]
https://www.tesla.com [403] [GET] [text/html] [Access Denied] [AkamaiGHost] [vhost] [a1e916a7c6efbc795d6892370ad14525]
https://zta-setup.tesla.com [302] [GET] [text/html] [302 Found] [akamai/nginx] [Nginx] [fdecb96c6516e45ccc72f6f44e8f3d3f]
http://www-static-dev.tesla.com [302] [GET] [] [] [BigIP] [F5 BigIP] [d41d8cd98f00b204e9800998ecf8427e]
http://www-static-prod.tesla.com [302] [GET] [] [] [BigIP] [F5 BigIP] [d41d8cd98f00b204e9800998ecf8427e]
http://www-static-qa.tesla.com [302] [GET] [] [] [BigIP] [F5 BigIP] [d41d8cd98f00b204e9800998ecf8427e]
http://www-static-stage.tesla.com [302] [GET] [] [] [BigIP] [F5 BigIP] [d41d8cd98f00b204e9800998ecf8427e]
http://xapps.tesla.com [302] [GET] [text/html] [] [] [vhost] [81051bcc2cf1bedf378224b0a93e2877]
http://xmail.tesla.com [302] [GET] [text/html] [] [] [vhost] [81051bcc2cf1bedf378224b0a93e2877]
