http://autodiscover.teslamotors.com [301] [GET] [] [] [Microsoft-IIS/10.0] [vhost] [IIS:10.0,Microsoft ASP.NET,Windows Server] [d41d8cd98f00b204e9800998ecf8427e]
http://extconfl.teslamotors.com [302] [GET] [] [] [BigIP] [F5 BigIP] [d41d8cd98f00b204e9800998ecf8427e]
http://japan.teslamotors.com [302] [GET] [text/html] [] [] [vhost] [81051bcc2cf1bedf378224b0a93e2877]
http://origin-service.teslamotors.com [302] [GET] [] [] [LB] [d41d8cd98f00b204e9800998ecf8427e]
https://auth-stage.teslamotors.com [403] [GET] [text/html] [Access Denied] [AkamaiGHost] [vhost] [28736c7dc83299ea9b96a8a356532cf8]
https://auth-stage.teslamotors.com [403] [GET] [text/html] [Access Denied] [AkamaiGHost] [vhost] [5ddd45ee07ea38ae2b34e8741da134bd]
https://cartalk.teslamotors.com [403] [GET] [text/html] [Access Denied] [AkamaiGHost] [vhost] [996d63b0f8c3462b19e92985976e1388]
https://cartalk.teslamotors.com [403] [GET] [text/html] [Access Denied] [AkamaiGHost] [vhost] [c8892b17bf61f897ce2ba09c560fe4cf]
https://cn.teslamotors.com [301] [GET] [] [] [AkamaiGHost] [d41d8cd98f00b204e9800998ecf8427e]
https://cnvpn-ex.teslamotors.com [404] [GET] [text/html] [Tesla Motors VPN] [] [383ad42a108f4c5a592d627b07bebb42]
https://cnvpn-ex.teslamotors.com [404] [GET] [text/html] [Tesla Motors VPN] [] [57483f0bdd84bad11be6d81705117a48]
https://cnvpn.teslamotors.com [404] [GET] [text/html] [Tesla Motors VPN] [] [57483f0bdd84bad11be6d81705117a48]
https://csp.teslamotors.com [403] [GET] [text/html] [Access Denied] [AkamaiGHost] [vhost] [5638e7d563311e5a410c17671004617f]
https://drupal8-prod.teslamotors.com [403] [GET] [] [] [Varnish] [vhost] [Varnish] [d41d8cd98f00b204e9800998ecf8427e]
https://eaa-setup.teslamotors.com [401] [GET] [text/html] [] [akamai/nginx] [Nginx] [2f90d1b5d3cc9617370032a274b0de3a]
https://eaa-setup.teslamotors.com [401] [GET] [text/html] [] [akamai/nginx] [Nginx] [647df9997c3a16504af009887b254367]
https://euvpn1.teslamotors.com [404] [GET] [text/html] [Ivanti Connect Secure] [] [d2c75b484807f40c5f3f9413796f63c7]
https://euvpn.teslamotors.com [404] [GET] [text/html] [Pulse Connect Secure] [] [4938c375a85e932c4561d479b58a08bf]
https://exec.teslamotors.com [200] [GET] [text/html] [] [akamai/nginx] [AngularJS,Nginx] [1d0d6a9527f0ea9f4addb3f9d1974872]
https://exec.teslamotors.com [200] [GET] [text/html] [] [akamai/nginx] [AngularJS,Nginx] [363637654b062cdb5dc1b8e4f15a215e]
https://extconfluence.teslamotors.com [403] [GET] [text/html] [Access Denied] [AkamaiGHost] [vhost] [92db6f9b5d44717f0abb3b119cc3730a]
https://extconfluence.teslamotors.com [403] [GET] [text/html] [Access Denied] [AkamaiGHost] [vhost] [9a5ac89bf4f52cd2714850f6d14ffd16]
https://external.teslamotors.com [403] [GET] [text/html] [Access Denied] [AkamaiGHost] [vhost] [a9c16d64991828b2b5f8169735f6853c]
https://extgit.teslamotors.com [403] [GET] [text/html] [Access Denied] [AkamaiGHost] [vhost] [0f899cb8f2968dec5cc6d5d01b0cd706]
https://extgit.teslamotors.com [403] [GET] [text/html] [Access Denied] [AkamaiGHost] [vhost] [1d3a5660abf6db8debfbceffabd3af4d]
https://extissues.teslamotors.com [403] [GET] [text/html] [Access Denied] [AkamaiGHost] [vhost] [88f9d2b6750885d128d3723512748744]
https://extissues.teslamotors.com [403] [GET] [text/html] [Access Denied] [AkamaiGHost] [vhost] [b082adc60a24067f05d2c0e1004bf79a]
https://files.teslamotors.com [200] [GET] [text/html] [Axway SecureTransport | Login] [SecureTransport 5.3.0 (build: 1289)] [001126b4e836094979bbe6d51e6f265d]
https://fleet-api.teslamotors.com [404] [GET] [] [] [envoy] [vhost] [Envoy] [d0fbda9855d118740f1105334305c126]
https://fleetview.teslamotors.com [403] [GET] [text/html] [Access Denied] [AkamaiGHost] [vhost] [a0c5f49d79c3026d09f1a9e3d91bd06a]
https://fleetview.teslamotors.com [403] [GET] [text/html] [Access Denied] [AkamaiGHost] [vhost] [c4afb2ed18d1a2f18ca1a6532c82f4e1]
https://fvcarriers.teslamotors.com [301] [GET] [] [] [AkamaiGHost] [vhost] [d41d8cd98f00b204e9800998ecf8427e]
http://shop.uk.teslamotors.com:8080 [403] [GET] [text/html] [Attention Required! | Cloudflare] [cloudflare] [Cloudflare,Cloudflare Network Error Logging] [44b2749cd8b7b1517dc24549fedeead8]
https://hrosapi.teslamotors.com [403] [GET] [text/html] [Access Denied] [AkamaiGHost] [vhost] [88f1b32f7db8b9635d87413c0a4134b2]
https://hrosapi.teslamotors.com [403] [GET] [text/html] [Access Denied] [AkamaiGHost] [vhost] [ea676ace135bf4e16df05b20056fa604]
https://jss-retail.teslamotors.com:8443 [403] [GET] [] [] [Apache Tomcat] [Apache,Java] [aea0e4f6edf67b117ca08e62c4d987a9]
https://jss.teslamotors.com [403] [GET] [] [] [] [Java] [aea0e4f6edf67b117ca08e62c4d987a9]
https://jss.teslamotors.com:8443 [403] [GET] [] [] [Apache Tomcat] [Apache,Java] [aea0e4f6edf67b117ca08e62c4d987a9]
https://location.teslamotors.com [403] [GET] [text/html] [Access Denied] [AkamaiGHost] [vhost] [243ecb6acb30ffff4ed0405133f96048]
https://location.teslamotors.com [403] [GET] [text/html] [Access Denied] [AkamaiGHost] [vhost] [f13de35b0f435c08d85b7e51d1e56656]
https://my.teslamotors.com [301] [GET] [] [] [AkamaiGHost] [d41d8cd98f00b204e9800998ecf8427e]
https://onboarding-pre-delivery-prod.teslamotors.com [403] [GET] [text/html] [Access Denied] [AkamaiGHost] [vhost] [09735682c6f1ae75db26502fc8c14670]
https://onboarding-pre-delivery-prod.teslamotors.com [403] [GET] [text/html] [Access Denied] [AkamaiGHost] [vhost] [e7ede476e498d372e405222511abc0b3]
https://owner-api.teslamotors.com [404] [GET] [] [] [envoy] [vhost] [Envoy] [d0fbda9855d118740f1105334305c126]
https://packaging-v2-ui.teslamotors.com [403] [GET] [text/html] [Access Denied] [AkamaiGHost] [vhost] [6e83fc384deb26a587754481f2255be7]
https://packaging-v2-ui.teslamotors.com [403] [GET] [text/html] [Access Denied] [AkamaiGHost] [vhost] [e2d5babc40f048e932d3fb3fecf0596b]
https://partners.teslamotors.com [403] [GET] [text/html] [Access Denied] [AkamaiGHost] [vhost] [a4c024b7d6765700814da0cffc0aa004]
https://partners.teslamotors.com [403] [GET] [text/html] [Access Denied] [AkamaiGHost] [vhost] [f2e531819db325afd788a1c904ed8772]
https://resources.teslamotors.com [403] [GET] [text/html] [Access Denied] [AkamaiGHost] [vhost] [ccddc3f79e4a26cbcc495b4372d42d0f]
https://resources.teslamotors.com [403] [GET] [text/html] [Access Denied] [AkamaiGHost] [vhost] [fc43fa4d55b1772e4ee2affbf83d27b4]
https://rumcollector.teslamotors.com [403] [GET] [text/html] [Access Denied] [AkamaiGHost] [vhost] [540cb7154bd63e79887ae6dac3b44c79]
https://rumcollector.teslamotors.com [403] [GET] [text/html] [Access Denied] [AkamaiGHost] [vhost] [c11999df770036ea0ee9ebbb2148bcbb]
https://sales-stg.teslamotors.com [403] [GET] [text/html] [Access Denied] [AkamaiGHost] [vhost] [47d7f57fad8bd5d5056b75217f79726f]
https://sales-stg.teslamotors.com [403] [GET] [text/html] [Access Denied] [AkamaiGHost] [vhost] [a4d812af85313675f47fac7561b3a3da]
https://service.teslamotors.com [403] [GET] [text/html] [Access Denied] [AkamaiGHost] [vhost] [632c698a0d5f08923111675bffa3dcaa]
https://service.teslamotors.com [403] [GET] [text/html] [Access Denied] [AkamaiGHost] [vhost] [95b772fe7e96848e0fdb55dc917fb05d]
https://sgvpn.teslamotors.com [404] [GET] [text/html] [Pulse Connect Secure] [] [2ad383bf0616a843878f871fe4a8641b]
https://shop.uk.teslamotors.com [403] [GET] [text/html] [403 Forbidden] [cloudflare] [Cloudflare] [0127426bf3ba07ff7211399ddf5186c4]
https://shop.uk.teslamotors.com [403] [GET] [text/html] [403 Forbidden] [cloudflare] [Cloudflare] [c371fa8374a06a3c0535fc341d454236]
https://shop.uk.teslamotors.com:8443 [403] [GET] [text/html] [403 Forbidden] [cloudflare] [Cloudflare] [c371fa8374a06a3c0535fc341d454236]
https://signaling.dev.teslamotors.com [404] [GET] [text/html] [404 Not Found] [] [vhost] [8eec510e57f5f732fd2cce73df7b73ef]
https://signaling.vn.teslamotors.com [404] [GET] [text/html] [404 Not Found] [] [vhost] [8eec510e57f5f732fd2cce73df7b73ef]
https://sourcing.teslamotors.com [301] [GET] [] [] [AkamaiGHost] [vhost] [d41d8cd98f00b204e9800998ecf8427e]
https://stage2-my.teslamotors.com [503] [GET] [text/html] [Service Unavailable] [AkamaiGHost] [vhost] [d7daa18b7fcf8387012b2fbf30ae0ecc]
https://stage2-my.teslamotors.com [503] [GET] [text/html] [Service Unavailable] [AkamaiGHost] [vhost] [fa0136e696c4c4cff1154935c7b51090]
https://stage2.teslamotors.com [403] [GET] [text/html] [Access Denied] [AkamaiGHost] [vhost] [2741e34f9aee833140949812f0e83c04]
https://stage2.teslamotors.com [403] [GET] [text/html] [Access Denied] [AkamaiGHost] [vhost] [8fd542bd40c2a6c99611f0ac91878be1]
https://streaming.dev.teslamotors.com [404] [GET] [text/plain] [] [] [vhost] [595e88012a6521aae3e12cbebe76eb9e]
https://streaming.vn.teslamotors.com [404] [GET] [text/plain] [] [] [vhost] [595e88012a6521aae3e12cbebe76eb9e]
https://suppliers.teslamotors.com [403] [GET] [text/html] [Access Denied] [AkamaiGHost] [vhost] [82d76481f5952e8ef58085f4a9bc7705]
https://suppliers.teslamotors.com [403] [GET] [text/html] [Access Denied] [AkamaiGHost] [vhost] [abf3ecea67b9fe83c7929b228608361b]
https://trt.teslamotors.com [403] [GET] [text/html] [Access Denied] [AkamaiGHost] [vhost] [baa5995738013953e3aa97ac83b1967d]
https://trt.teslamotors.com [403] [GET] [text/html] [Access Denied] [AkamaiGHost] [vhost] [f3dd9d3faae436020f12d5b944eaf2bd]
https://upload.teslamotors.com [403] [GET] [text/html] [Access Denied] [AkamaiGHost] [vhost] [3382247c8df3eab2174233a9b0a38192]
https://upload.teslamotors.com [403] [GET] [text/html] [Access Denied] [AkamaiGHost] [vhost] [8e0b99e3aa73ccda5f8c844457c46668]
https://va.teslamotors.com [403] [GET] [text/html] [Error] [AkamaiGHost] [vhost] [7cd370d418c45f62dbf0982c341861fa]
https://va.teslamotors.com [403] [GET] [text/html] [Error] [AkamaiGHost] [vhost] [aadba8ca1de31741de3f9c56be2e5db8]
https://vehicle-files.teslamotors.com [403] [GET] [text/html] [Error] [AkamaiGHost] [vhost] [6f3a8e7534e5ec05a73977cc05912a55]
https://vehicle-files.teslamotors.com [403] [GET] [text/html] [Error] [AkamaiGHost] [vhost] [b612f3362b24f8054bbcd5dfce197d2b]
https://vpn-ex.teslamotors.com [404] [GET] [text/html] [Tesla Motors VPN] [] [57483f0bdd84bad11be6d81705117a48]
https://vpn.teslamotors.com [404] [GET] [text/html] [Tesla Motors VPN] [] [57483f0bdd84bad11be6d81705117a48]
https://westream.teslamotors.com [404] [GET] [] [] [AkamaiNetStorage] [vhost] [7605968e79d0ca095ab1231486d2b814]
https://www.teslamotors.com [403] [GET] [text/html] [Access Denied] [AkamaiGHost] [vhost] [1816fd788c04ca98331fa6b6b57a2b32]
https://www.teslamotors.com [403] [GET] [text/html] [Access Denied] [AkamaiGHost] [vhost] [8e781a2c1cccef46436456af165953e2]
https://www-test03.teslamotors.com [404] [GET] [text/html] [] [nginx] [Nginx] [893232516e5afd5aeeeab67a970d03cb]
http://training.teslamotors.com [301] [GET] [text/html] [] [] [vhost] [81051bcc2cf1bedf378224b0a93e2877]
http://w242.teslamotors.com [302] [GET] [] [] [LB] [d41d8cd98f00b204e9800998ecf8427e]
