http://3.tesla.cn [302] [GET] [] [] [BigIP] [F5 BigIP] [d41d8cd98f00b204e9800998ecf8427e]
http://autodiscover.tesla.cn [301] [GET] [] [] [Microsoft-IIS/10.0] [vhost] [IIS:10.0,Microsoft ASP.NET,Windows Server] [d41d8cd98f00b204e9800998ecf8427e]
http://origin-static-assets.tesla.cn [302] [GET] [] [] [BigIP] [F5 BigIP] [d41d8cd98f00b204e9800998ecf8427e]
https://apm.tesla.cn [403] [GET] [text/html] [Access Denied] [AkamaiGHost] [vhost] [1f8c2060091e0f7f548f682d350ebc0d]
https://apm.tesla.cn [403] [GET] [text/html] [Access Denied] [AkamaiGHost] [vhost] [b0488a086e3951479f4fbfe4624af077]
https://app.tesla.cn [403] [GET] [text/html] [Access Denied] [AkamaiGHost] [vhost] [2fcaa341c5dbffd7f8e373f3a1d8ba55]
https://app.tesla.cn [403] [GET] [text/html] [Access Denied] [AkamaiGHost] [vhost] [8dbd4827517cbd2a5d961c0d41db376b]
https://auth-stage.tesla.cn [403] [GET] [text/html] [Access Denied] [AkamaiGHost] [vhost] [c7b9f39e010727a51de470c762843d2f]
https://auth-stage.tesla.cn [403] [GET] [text/html] [Access Denied] [AkamaiGHost] [vhost] [e554f55308ea768ff4e62631f83caf90]
https://auth.tesla.cn [403] [GET] [text/html] [Access Denied] [AkamaiGHost] [vhost] [0284a7f39ae9db417234d13823f2ae10]
https://auth.tesla.cn [403] [GET] [text/html] [Access Denied] [AkamaiGHost] [vhost] [43221452ce77fb108bee706b7ccd07bf]
https://community.tesla.cn [403] [GET] [text/html] [Access Denied] [AkamaiGHost] [vhost] [af925eb8f7e50fbc2499afb95c0a2823]
https://community.tesla.cn [403] [GET] [text/html] [Access Denied] [AkamaiGHost] [vhost] [eef8502ebb9f84b7d61d1bb7185191d5]
https://crossdock.tesla.cn [403] [GET] [text/html] [Access Denied] [AkamaiGHost] [vhost] [772f53e601647feef7f7e4fa67fe5f8f]
https://crossdock.tesla.cn [403] [GET] [text/html] [Access Denied] [AkamaiGHost] [vhost] [7a8b9fc73f169956066066c5491e2828]
https://digitalassets-shop.tesla.cn [301] [GET] [] [] [Cloudinary] [vhost] [d41d8cd98f00b204e9800998ecf8427e]
https://digitalassets.tesla.cn [301] [GET] [] [] [Cloudinary] [vhost] [d41d8cd98f00b204e9800998ecf8427e]
https://enterpriseenrollment.tesla.cn [302] [GET] [] [] [Microsoft-IIS/10.0] [azure] [IIS:10.0,Microsoft ASP.NET:4.0.30319,Windows Server] [d41d8cd98f00b204e9800998ecf8427e]
https://enterpriseregistration.tesla.cn [404] [GET] [text/html] [Service] [] [azure] [17654c28a506596d05424ea295203bac]
https://events.tesla.cn [403] [GET] [text/html] [Access Denied] [AkamaiGHost] [vhost] [b06f950149eaa0c2ab503b72209ce40e]
https://events.tesla.cn [403] [GET] [text/html] [Access Denied] [AkamaiGHost] [vhost] [de4e421e40eb9231641f85ede5efa22e]
https://inside.tesla.cn [403] [GET] [text/html] [Access Denied] [AkamaiGHost] [vhost] [1c67b1e98a6030b6be3760116367623a]
https://inside.tesla.cn [403] [GET] [text/html] [Access Denied] [AkamaiGHost] [vhost] [f6562b2b861061a9df4ab2099f0dace6]
https://insurance.tesla.cn [404] [GET] [text/html] [404] [] [vhost] [952fa5852ff0f882d60ce394ef362e13]
https://livestreamapi.tesla.cn [403] [GET] [text/html] [Access Denied] [AkamaiGHost] [vhost] [96f20e0adc581b7240109933410a280c]
https://livestreamapi.tesla.cn [403] [GET] [text/html] [Access Denied] [AkamaiGHost] [vhost] [cf9f4194588c3578196cb69cf8cc692f]
https://livestream.tesla.cn [403] [GET] [text/html] [Access Denied] [AkamaiGHost] [vhost] [37d5b864cd551e4f66488b8db7bd2fcc]
https://livestream.tesla.cn [403] [GET] [text/html] [Access Denied] [AkamaiGHost] [vhost] [ba96aad2ed352aca0573fc9f188cb0a4]
https://location-services-prd.tesla.cn [403] [GET] [text/html] [Access Denied] [AkamaiGHost] [vhost] [929444efa2bb11c05df42f72f30da40b]
https://location-services-prd.tesla.cn [403] [GET] [text/html] [Access Denied] [AkamaiGHost] [vhost] [e0ec5f6cbd9a49991f05ffc3a7bb3f00]
https://lyncdiscover.tesla.cn [404] [GET] [application/json] [] [] [vhost] [Azure] [373397b4ebf514ea3578818e90f5f9b6]
https://media-server-me.tesla.cn [404] [GET] [text/plain] [] [] [vhost] [ef81e41d11c9e7193ddd3d470dbb3eda]
https://mfs-supplier-eng.mo.tesla.cn [403] [GET] [text/html] [Access Denied] [AkamaiGHost] [vhost] [ab571187c3ad7d788d57dcdfbcc9cbf9]
https://mfs-supplier-eng.mo.tesla.cn [403] [GET] [text/html] [Access Denied] [AkamaiGHost] [vhost] [da1e46630ac104f936c9276d52554476]
https://mfs-supplier.mo.tesla.cn [403] [GET] [text/html] [Access Denied] [AkamaiGHost] [vhost] [0b7ca13cd72c024ca92b7b23ea520d60]
https://mfs-supplier.mo.tesla.cn [403] [GET] [text/html] [Access Denied] [AkamaiGHost] [vhost] [cae7bb692105742b4d07f6615503a113]
https://model3.tesla.cn [403] [GET] [text/html] [Access Denied] [AkamaiGHost] [vhost] [4e90f0020ca53c3d8f2f2565afeca2d6]
https://model3.tesla.cn [403] [GET] [text/html] [Access Denied] [AkamaiGHost] [vhost] [53a3a604b411f3222bc0c053ae7edb36]
https://msoid.tesla.cn [302] [GET] [text/html] [Object moved] [] [vhost] [ee731a8c5f053e7e52f9107a1fbfcad8]
https://nav-prd-maps.tesla.cn [400] [GET] [text/html] [400 No required SSL certificate was sent] [] [vhost] [08fee48a957bb5fb09679a318ee48bbc]
https://nav-prd-maps.tesla.cn [400] [GET] [text/html] [400 No required SSL certificate was sent] [] [vhost] [6be05d19e4ca80eb3ef0a7f16f937f13]
https://onboarding-pre-delivery.tesla.cn [403] [GET] [text/html] [Access Denied] [AkamaiGHost] [vhost] [7ee008de36c13f0ca69b90130e611660]
https://onboarding-pre-delivery.tesla.cn [403] [GET] [text/html] [Access Denied] [AkamaiGHost] [vhost] [eafbb9d4bf83d68b3bef1e8d1a3f809a]
https://ownership.tesla.cn [403] [GET] [text/html] [Access Denied] [AkamaiGHost] [vhost] [0d6045bacfb1daf7575e668b9493e5ff]
https://ownership.tesla.cn [403] [GET] [text/html] [Access Denied] [AkamaiGHost] [vhost] [b8896cb83e45b97f0609034c853d5fda]
https://partners.tesla.cn [403] [GET] [text/html] [] [] [vhost] [6351030f724f6f42fd11ec9aa6ee8c76]
https://profile.tesla.cn [403] [GET] [text/html] [Access Denied] [AkamaiGHost] [vhost] [35660864f9167b6c21229e9e26274180]
https://profile.tesla.cn [403] [GET] [text/html] [Access Denied] [AkamaiGHost] [vhost] [d6a76e3c34bd16c4a71db3182bc6a710]
https://service.tesla.cn [403] [GET] [text/html] [Access Denied] [AkamaiGHost] [vhost] [52a73e32cd760a64651a1d291cf0d634]
https://service.tesla.cn [403] [GET] [text/html] [Access Denied] [AkamaiGHost] [vhost] [cc63f611dc2efd1a593da114b7e39f01]
https://shop.tesla.cn [403] [GET] [text/html] [Access Denied] [AkamaiGHost] [vhost] [0ac741ca540c2be19a0923ce1944f55c]
https://shop.tesla.cn [403] [GET] [text/html] [Access Denied] [AkamaiGHost] [vhost] [99841c97fdfee412b1e5652b17d7dfcf]
https://sip.tesla.cn [404] [GET] [text/plain] [] [RTC/7.0] [bf4d1f638ec4f03b807a5e2e24c6c273]
https://static-assets-pay.tesla.cn [403] [GET] [text/html] [Access Denied] [AkamaiGHost] [vhost] [15a9d6f41e80b9c8e78307c1360deb9b]
https://static-assets-pay.tesla.cn [403] [GET] [text/html] [Access Denied] [AkamaiGHost] [vhost] [8dbe0c928428d46bdbaa3c49e90113b2]
https://static-assets.tesla.cn [403] [GET] [text/html] [Access Denied] [AkamaiGHost] [vhost] [705d023cf90fa463c4d5921d910e19ce]
https://static-assets.tesla.cn [403] [GET] [text/html] [Access Denied] [AkamaiGHost] [vhost] [81352362c2cfdbe7db64193cd8baab2c]
https://tutorial.vn.cloud.tesla.cn [403] [GET] [application/xml] [] [AmazonS3] [vhost] [Amazon Cloudfront,Amazon S3,Amazon Web Services] [13caf5dcce5636fc41bb1f77c14256f0]
https://tutorial.vn.cloud.tesla.cn [403] [GET] [application/xml] [] [AmazonS3] [vhost] [Amazon Cloudfront,Amazon S3,Amazon Web Services] [4f4ab1bc3d020a846f5964795450ed53]
https://wechat-stg.tesla.cn [403] [GET] [text/html] [Access Denied] [AkamaiGHost] [vhost] [3606b9b4b5e8fb55a6c69aa9c2fc87d4]
https://wechat-stg.tesla.cn [403] [GET] [text/html] [Access Denied] [AkamaiGHost] [vhost] [fc85d245e4703c9597e1d060b41f64be]
https://wechat.tesla.cn [403] [GET] [text/html] [Access Denied] [AkamaiGHost] [vhost] [1b533c98c61336c2799e9f63f4805c02]
https://wechat.tesla.cn [403] [GET] [text/html] [Access Denied] [AkamaiGHost] [vhost] [ea5328c34a685d849d96117b061561f8]
https://www.tesla.cn [403] [GET] [text/html] [Access Denied] [AkamaiGHost] [vhost] [dfcad992fe4b79f19aa94c02621739b2]
https://www.tesla.cn [403] [GET] [text/html] [Access Denied] [AkamaiGHost] [vhost] [e2c99123e82ceb9fc056b07794352b74]
