http://autodiscover.tiktok.com [301] [GET] [] [] [Microsoft-IIS/10.0] [vhost] [IIS:10.0,Microsoft ASP.NET,Windows Server] [d41d8cd98f00b204e9800998ecf8427e]
https://activity.tiktok.com [404] [GET] [text/html] [404 Not Found] [nginx] [vhost] [Nginx] [8e325dc2fea7c8900fc6c4b8c6c394fe]
https://adsinsightslab.tiktok.com [502] [GET] [text/html] [ERROR: The request could not be satisfied] [CloudFront] [vhost] [cloudfront] [Amazon Cloudfront,Amazon Web Services] [1683e8dfd4cd0a253dbbc0008cd15920]
https://adsinsightslab.tiktok.com [502] [GET] [text/html] [ERROR: The request could not be satisfied] [CloudFront] [vhost] [cloudfront] [Amazon Cloudfront,Amazon Web Services] [3629c361abb723b576f7df359409f4c0]
https://ads-sg.tiktok.com [302] [GET] [text/html] [Redirecting...] [nginx] [vhost] [Nginx] [e460bdff6d382f5c9eefc7043bf1821b]
https://ads.tiktok.com [302] [GET] [text/html] [Redirecting...] [nginx] [vhost] [Nginx] [e460bdff6d382f5c9eefc7043bf1821b]
https://ads-va.tiktok.com [404] [GET] [text/html] [404 Not Found] [nginx] [vhost] [Nginx] [70461da8b94c6ca5d2fda3260c5a8c3b]
https://affiliate-id.tiktok.com [404] [GET] [text/html] [404 Not Found] [nginx] [vhost] [Nginx] [70461da8b94c6ca5d2fda3260c5a8c3b]
https://affiliate.tiktok.com [200] [GET] [text/html] [TikTok Shop Affiliate] [nginx] [vhost] [Nginx] [ccdc6736384960b7c9c398797942e7d2]
https://affiliate.tiktok.com [200] [GET] [text/html] [TikTok Shop Affiliate] [nginx] [vhost] [Nginx] [d0848edcf723a14c794eb634cdd35b95]
https://analytics-sg.tiktok.com [404] [GET] [text/html] [404 Not Found] [nginx] [vhost] [Nginx] [70461da8b94c6ca5d2fda3260c5a8c3b]
https://analytics.tiktok.com [404] [GET] [text/html] [404 Not Found] [nginx] [vhost] [Nginx] [8e325dc2fea7c8900fc6c4b8c6c394fe]
https://api-m.tiktok.com [404] [GET] [text/html] [404 Not Found] [nginx] [vhost] [Nginx] [70461da8b94c6ca5d2fda3260c5a8c3b]
https://api.tiktok.com [404] [GET] [text/html] [404 Not Found] [nginx] [vhost] [Nginx] [70461da8b94c6ca5d2fda3260c5a8c3b]
https://artists.tiktok.com [302] [GET] [text/html] [302 Found] [nginx] [vhost] [Nginx] [cfbeaf604823f038b8b46f0ac862b98c]
https://artist.tiktok.com [302] [GET] [text/html] [302 Found] [nginx] [vhost] [Nginx] [cfbeaf604823f038b8b46f0ac862b98c]
https://business-sso.tiktok.com [404] [GET] [text/plain] [] [nginx] [vhost] [Nginx] [d41d8cd98f00b204e9800998ecf8427e]
https://business.tiktok.com [200] [GET] [text/html] [TikTok Business Center] [nginx] [vhost] [Nginx] [4e9f7987d009abc4d1d61da602198bef]
https://business-tips.tiktok.com [200] [GET] [text/html] [Tiktok Tips] [] [vhost] [Fastly,Typekit] [443f23e05fd9ee5cddbecd6a547a43f1]
https://careers.tiktok.com [404] [GET] [text/plain] [] [nginx] [vhost] [Nginx] [764030f575902daac9795d84e37ea06e]
https://cc.tiktok.com [404] [GET] [text/html] [404 Not Found] [nginx] [vhost] [Nginx] [70461da8b94c6ca5d2fda3260c5a8c3b]
https://creatormarketplace.tiktok.com [200] [GET] [text/html] [TikTok Creator Marketplace] [nginx] [vhost] [Element UI,Nginx,Node.js,Nuxt.js,Vue.js] [6c0f8906a244cf670ab85f962095c40d]
https://creatormarketplace.tiktok.com [200] [GET] [text/html] [TikTok Creator Marketplace] [nginx] [vhost] [Element UI,Nginx,Node.js,Nuxt.js,Vue.js] [7159be59bf17cf320740150828e1db4d]
https://creatormarketplace-va.tiktok.com [403] [GET] [text/html] [403 Forbidden] [nginx] [vhost] [Nginx] [bc56979a0b381a791dd59713198a87fb]
https://developers.tiktok.com [200] [GET] [text/html] [TikTok for Developers | TikTok] [nginx] [vhost] [Frontity,Nginx,React,WordPress,webpack] [eeeda53ea4f49f71062979088e36c420]
https://developer.tiktok.com [301] [GET] [text/html] [301 Moved Permanently] [nginx] [vhost] [Nginx] [cd2e0e43980a00fb6a2742d3afd803b8]
https://effect-api-sg.tiktok.com [502] [GET] [text/html] [502 Bad Gateway] [nginx] [vhost] [Nginx] [8dce59ae8ddc42b04d1f7e2c0c95ec3d]
https://effect-api-va.tiktok.com [502] [GET] [text/html] [502 Bad Gateway] [nginx] [vhost] [Nginx] [261b1f079fa0a5c0c32d181e43440c05]
https://effect-api-va.tiktok.com [502] [GET] [text/html] [502 Bad Gateway] [nginx] [vhost] [Nginx] [8dce59ae8ddc42b04d1f7e2c0c95ec3d]
https://effect.tiktok.com [301] [GET] [text/html] [301 Moved Permanently] [nginx] [vhost] [Nginx] [cd2e0e43980a00fb6a2742d3afd803b8]
https://experiment.tiktok.com [404] [GET] [text/html] [404 Not Found] [nginx] [vhost] [Nginx] [70461da8b94c6ca5d2fda3260c5a8c3b]
https://experiment.tiktok.com [404] [GET] [text/html] [404 Not Found] [nginx] [vhost] [Nginx] [8e325dc2fea7c8900fc6c4b8c6c394fe]
https://feelgood-api.tiktok.com [404] [GET] [text/html] [404 Not Found] [nginx] [vhost] [Nginx] [8e325dc2fea7c8900fc6c4b8c6c394fe]
https://getstarted.tiktok.com [200] [GET] [text/html] [Get your business discovered on TikTok] [nginx] [vhost] [Nginx,Node.js,Nuxt.js,Vue.js] [c5441882a179cd28bfcf29cb59f8f641]
https://getstarted.tiktok.com [200] [GET] [text/html] [Get your business discovered on TikTok] [nginx] [vhost] [Nginx,Node.js,Nuxt.js,Vue.js] [e4ca55fd8308da52dcac9d0b22e979f2]
https://gma.tiktok.com [502] [GET] [text/html] [502 Bad Gateway] [nginx] [vhost] [Nginx] [8dce59ae8ddc42b04d1f7e2c0c95ec3d]
https://h1-16.tiktok.com [503] [GET] [text/html] [Error] [AkamaiGHost] [vhost] [8f2f6efc070a71174ca2e06b051fb82c]
https://h1-16.tiktok.com [503] [GET] [text/html] [Error] [AkamaiGHost] [vhost] [baf6e4ca698262e4021fb773421af876]
https://h2-16.tiktok.com [503] [GET] [text/html] [Error] [AkamaiGHost] [vhost] [7bcc26895d4cf47c838551a53a5b6c32]
https://h2-16.tiktok.com [503] [GET] [text/html] [Error] [AkamaiGHost] [vhost] [f41bd79214af720fc443ee2e384ec797]
https://image-va.tiktok.com [403] [GET] [text/html] [403 Forbidden] [nginx] [vhost] [Nginx] [4dec45889e09ec3ceb63fd65825d0f11]
https://image-va.tiktok.com [403] [GET] [text/html] [403 Forbidden] [nginx] [vhost] [Nginx] [bc56979a0b381a791dd59713198a87fb]
https://im-ws-sg.tiktok.com [404] [GET] [text/html] [404 Not Found] [nginx] [Nginx] [70461da8b94c6ca5d2fda3260c5a8c3b]
https://im-ws-sg.tiktok.com [404] [GET] [text/html] [404 Not Found] [nginx] [Nginx] [8e325dc2fea7c8900fc6c4b8c6c394fe]
https://im-ws-va.tiktok.com [404] [GET] [text/html] [404 Not Found] [nginx] [Nginx] [8e325dc2fea7c8900fc6c4b8c6c394fe]
https://in.tiktok.com [302] [GET] [text/html] [] [nginx] [vhost] [Nginx] [bc4507e76193f7e1ff4d46e93057dde8]
https://link.e.tiktok.com [404] [GET] [text/html] [404 Not Found] [nginx] [vhost] [cloudfront] [Amazon Cloudfront,Amazon Web Services,Nginx] [70461da8b94c6ca5d2fda3260c5a8c3b]
https://login.tiktok.com [301] [GET] [text/html] [301 Moved Permanently] [nginx] [vhost] [Nginx] [cd2e0e43980a00fb6a2742d3afd803b8]
https://m1-16.tiktok.com [503] [GET] [text/html] [Error] [AkamaiGHost] [vhost] [87f79d6fd8d5d111d21ca4319e1e9156]
https://m1-16.tiktok.com [503] [GET] [text/html] [Error] [AkamaiGHost] [vhost] [f60d31b6871312b44fda2d714e0614dd]
https://m2-16.tiktok.com [503] [GET] [text/html] [Error] [AkamaiGHost] [vhost] [8573409fa9f008c89af3f40820c915a7]
https://m2-16.tiktok.com [503] [GET] [text/html] [Error] [AkamaiGHost] [vhost] [a46bb28a96182e672d38eec7cc17f0ca]
https://media.tiktok.com [502] [GET] [text/html] [502 Bad Gateway] [nginx] [vhost] [Nginx] [8dce59ae8ddc42b04d1f7e2c0c95ec3d]
https://meteor.tiktok.com [404] [GET] [text/html] [404 Not Found] [nginx] [vhost] [Nginx] [70461da8b94c6ca5d2fda3260c5a8c3b]
https://mg.tiktok.com [404] [GET] [text/html] [404 Not Found] [nginx] [Nginx] [8e325dc2fea7c8900fc6c4b8c6c394fe]
https://m.tiktok.com [403] [GET] [text/html] [Access Denied] [AkamaiGHost] [vhost] [dd71ca4bf4a0d45860dda121716749b3]
https://m.tiktok.com [403] [GET] [text/html] [Access Denied] [AkamaiGHost] [vhost] [ff37b860210d82788cb3f7e579c2795b]
https://musician.tiktok.com [302] [GET] [text/html] [302 Found] [nginx] [vhost] [Nginx] [cfbeaf604823f038b8b46f0ac862b98c]
https://music.tiktok.com [403] [GET] [text/html] [403 Forbidden] [nginx] [vhost] [Nginx] [4dec45889e09ec3ceb63fd65825d0f11]
https://music.tiktok.com [403] [GET] [text/html] [403 Forbidden] [nginx] [vhost] [Nginx] [bc56979a0b381a791dd59713198a87fb]
https://newsroom.tiktok.com [302] [GET] [text/html] [] [nginx] [vhost] [Nginx] [f2fa66ea1fe9d480289c75c19ba023b0]
https://open-api.tiktok.com [404] [GET] [text/html] [404 Not Found] [nginx] [vhost] [Nginx] [8e325dc2fea7c8900fc6c4b8c6c394fe]
https://open-api-useast1a.tiktok.com [404] [GET] [text/html] [404 Not Found] [nginx] [vhost] [Nginx] [70461da8b94c6ca5d2fda3260c5a8c3b]
https://open-api-useast1a.tiktok.com [404] [GET] [text/html] [404 Not Found] [nginx] [vhost] [Nginx] [8e325dc2fea7c8900fc6c4b8c6c394fe]
https://s16-ies.tiktok.com [200] [GET] [application/octet-stream] [] [nginx] [vhost] [Nginx] [d41d8cd98f00b204e9800998ecf8427e]
https://s16-ies-useast2a.tiktok.com [403] [GET] [application/json] [] [nginx] [vhost] [Nginx] [f6386d13121f42784ad70bcda5aca1d2]
https://seller-id.tiktok.com [200] [GET] [text/html] [] [nginx] [vhost] [Nginx] [37aa880542a8836ff72192f8a5c09f39]
https://seller.tiktok.com [200] [GET] [text/html] [TikTok Shop Seller Center | Select Portal] [nginx] [vhost] [Nginx] [7d3b7a9d395942a1e8d3ef31c49eaef5]
https://seller-uk.tiktok.com [200] [GET] [text/html] [] [nginx] [vhost] [Nginx] [900159701945288434c7f566e00dffd4]
https://shop-id.tiktok.com [404] [GET] [text/html] [404 Not Found] [nginx] [vhost] [Nginx] [8e325dc2fea7c8900fc6c4b8c6c394fe]
https://shop.tiktok.com [302] [GET] [text/html] [] [nginx] [vhost] [Nginx] [ba986da9949fb264af5e175f131b1d9a]
https://shop-uk.tiktok.com [404] [GET] [text/html] [404 Not Found] [nginx] [vhost] [Nginx] [8e325dc2fea7c8900fc6c4b8c6c394fe]
https://spotlight.tiktok.com [302] [GET] [text/html] [302 Found] [nginx] [vhost] [Nginx] [cfbeaf604823f038b8b46f0ac862b98c]
https://suggestions.tiktok.com [404] [GET] [text/html] [404 Not Found] [nginx] [vhost] [Nginx] [70461da8b94c6ca5d2fda3260c5a8c3b]
https://support.tiktok.com [302] [GET] [text/html] [] [nginx] [vhost] [Nginx] [bc4507e76193f7e1ff4d46e93057dde8]
https://survey.tiktok.com [200] [GET] [text/html] [] [nginx] [vhost] [Nginx] [7f282af7a85e1c800afe8804b2bee875]
https://tiktok.com [301] [GET] [] [] [CloudFront] [vhost] [cloudfront] [Amazon Cloudfront,Amazon Web Services] [d41d8cd98f00b204e9800998ecf8427e]
https://t.tiktok.com [403] [GET] [text/html] [Access Denied] [AkamaiGHost] [vhost] [674456014575fdfcc7284486cb13594a]
https://t.tiktok.com [403] [GET] [text/html] [Access Denied] [AkamaiGHost] [vhost] [9bec1d999f933697ad57d0e4ad35ad12]
https://tv.tiktok.com [404] [GET] [text/html] [404 Not Found] [nginx] [vhost] [Nginx] [8e325dc2fea7c8900fc6c4b8c6c394fe]
https://url4077.ads-service.tiktok.com [404] [GET] [text/html] [404 Not Found] [nginx] [Nginx] [70461da8b94c6ca5d2fda3260c5a8c3b]
https://url4077.ads-service.tiktok.com [404] [GET] [text/html] [404 Not Found] [nginx] [Nginx] [8e325dc2fea7c8900fc6c4b8c6c394fe]
https://url4153.service.tiktok.com [404] [GET] [text/html] [404 Not Found] [nginx] [Nginx] [8e325dc2fea7c8900fc6c4b8c6c394fe]
https://url7709.account.tiktok.com [404] [GET] [text/html] [404 Not Found] [nginx] [Nginx] [70461da8b94c6ca5d2fda3260c5a8c3b]
https://us.tiktok.com [403] [GET] [text/html] [Access Denied] [AkamaiGHost] [vhost] [1f7faa45015a85972e060176b5bcc95e]
https://us.tiktok.com [403] [GET] [text/html] [Access Denied] [AkamaiGHost] [vhost] [d20732161db64f476e9e580b3c913526]
https://v16-web.tiktok.com [403] [GET] [text/html] [Access Denied] [AkamaiGHost] [vhost] [0179ab89396859008543a314a176b43b]
https://v16-web.tiktok.com [403] [GET] [text/html] [Access Denied] [AkamaiGHost] [vhost] [3c929a126325b34dbddd9eb75669afac]
https://v16-web-tv.tiktok.com [403] [GET] [text/html] [Access Denied] [AkamaiGHost] [vhost] [1faa996e28b0d1b961682ee6954f421b]
https://v16-web-tv.tiktok.com [403] [GET] [text/html] [Access Denied] [AkamaiGHost] [vhost] [6d870337fca11f2116c8548df6ca56a6]
https://vm.tiktok.com [302] [GET] [text/html] [] [nginx] [vhost] [Nginx] [e678472dddd67d479d82cb5314e773da]
https://vt.tiktok.com [302] [GET] [text/html] [] [nginx] [vhost] [Nginx] [e678472dddd67d479d82cb5314e773da]
https://webapp-sg.tiktok.com [403] [GET] [text/html] [403 Forbidden] [nginx] [vhost] [Nginx] [4dec45889e09ec3ceb63fd65825d0f11]
https://webapp-sg.tiktok.com [403] [GET] [text/html] [403 Forbidden] [nginx] [vhost] [Nginx] [bc56979a0b381a791dd59713198a87fb]
https://webapp-va.tiktok.com [403] [GET] [text/html] [403 Forbidden] [nginx] [vhost] [Nginx] [4dec45889e09ec3ceb63fd65825d0f11]
https://webapp-va.tiktok.com [403] [GET] [text/html] [403 Forbidden] [nginx] [vhost] [Nginx] [bc56979a0b381a791dd59713198a87fb]
https://webcast-m.tiktok.com [404] [GET] [text/html] [404 Not Found] [nginx] [vhost] [Nginx] [70461da8b94c6ca5d2fda3260c5a8c3b]
https://webcast.tiktok.com [404] [GET] [text/html] [404 Not Found] [nginx] [vhost] [Nginx] [70461da8b94c6ca5d2fda3260c5a8c3b]
https://webcast.tiktok.com [404] [GET] [text/html] [404 Not Found] [nginx] [vhost] [Nginx] [8e325dc2fea7c8900fc6c4b8c6c394fe]
https://webcast-t.tiktok.com [404] [GET] [text/html] [404 Not Found] [nginx] [vhost] [Nginx] [8e325dc2fea7c8900fc6c4b8c6c394fe]
https://www.tiktok.com [403] [GET] [text/html] [Access Denied] [AkamaiGHost] [vhost] [975c9ec8e74f38647c6b3e183512bbdf]
https://www.tiktok.com [403] [GET] [text/html] [Access Denied] [AkamaiGHost] [vhost] [f386bad277688ca8237fe684b4b5c9a1]
https://www-useast1a.tiktok.com [301] [GET] [text/html] [] [nginx] [vhost] [Nginx] [dfb424d492f51b0880fd5d009dc2f69f]
