https://activity-va.tiktokv.com [404] [GET] [text/html] [404 Not Found] [nginx] [vhost] [Nginx] [70461da8b94c6ca5d2fda3260c5a8c3b]
https://activity-va.tiktokv.com [404] [GET] [text/html] [404 Not Found] [nginx] [vhost] [Nginx] [8e325dc2fea7c8900fc6c4b8c6c394fe]
https://ad-instantpage-sg.tiktokv.com [404] [GET] [text/html] [404 Not Found] [nginx] [vhost] [Nginx] [70461da8b94c6ca5d2fda3260c5a8c3b]
https://ad-instantpage-va.tiktokv.com [404] [GET] [text/html] [404 Not Found] [nginx] [vhost] [Nginx] [70461da8b94c6ca5d2fda3260c5a8c3b]
https://ad-instantpage-va.tiktokv.com [404] [GET] [text/html] [404 Not Found] [nginx] [vhost] [Nginx] [8e325dc2fea7c8900fc6c4b8c6c394fe]
https://api15-h2-eagle.tiktokv.com [404] [GET] [text/html] [404 Not Found] [nginx] [vhost] [cloudfront] [Amazon Cloudfront,Amazon Web Services,Nginx] [8e325dc2fea7c8900fc6c4b8c6c394fe]
https://api15-h2.tiktokv.com [404] [GET] [text/html] [404 Not Found] [nginx] [vhost] [cloudfront] [Amazon Cloudfront,Amazon Web Services,Nginx] [8e325dc2fea7c8900fc6c4b8c6c394fe]
https://api15.tiktokv.com [404] [GET] [text/html] [404 Not Found] [nginx] [vhost] [cloudfront] [Amazon Cloudfront,Amazon Web Services,Nginx] [70461da8b94c6ca5d2fda3260c5a8c3b]
https://api16-core-c4-alisg.tiktokv.com [404] [GET] [text/html] [404 Not Found] [nginx] [vhost] [Nginx] [70461da8b94c6ca5d2fda3260c5a8c3b]
https://api16-core-c4-alisg.tiktokv.com [404] [GET] [text/html] [404 Not Found] [nginx] [vhost] [Nginx] [8e325dc2fea7c8900fc6c4b8c6c394fe]
https://api16-core-c6-alisg.tiktokv.com [404] [GET] [text/html] [404 Not Found] [nginx] [vhost] [Nginx] [70461da8b94c6ca5d2fda3260c5a8c3b]
https://api16-core-c6-alisg.tiktokv.com [404] [GET] [text/html] [404 Not Found] [nginx] [vhost] [Nginx] [8e325dc2fea7c8900fc6c4b8c6c394fe]
https://api16-core-c-alisg.tiktokv.com [404] [GET] [text/html] [404 Not Found] [nginx] [vhost] [Nginx] [70461da8b94c6ca5d2fda3260c5a8c3b]
https://api16-core-c-alisg.tiktokv.com [404] [GET] [text/html] [404 Not Found] [nginx] [vhost] [Nginx] [8e325dc2fea7c8900fc6c4b8c6c394fe]
https://api16-core-c.tiktokv.com [404] [GET] [text/html] [404 Not Found] [nginx] [vhost] [Nginx] [70461da8b94c6ca5d2fda3260c5a8c3b]
https://api16-core-c-useast1a.tiktokv.com [404] [GET] [text/html] [404 Not Found] [nginx] [vhost] [Nginx] [70461da8b94c6ca5d2fda3260c5a8c3b]
https://api16-core-c-useast1a.tiktokv.com [404] [GET] [text/html] [404 Not Found] [nginx] [vhost] [Nginx] [8e325dc2fea7c8900fc6c4b8c6c394fe]
https://api16-core-c-useast2a.tiktokv.com [404] [GET] [text/html] [404 Not Found] [nginx] [vhost] [Nginx] [70461da8b94c6ca5d2fda3260c5a8c3b]
https://api16-core-c-useast2a.tiktokv.com [404] [GET] [text/html] [404 Not Found] [nginx] [vhost] [Nginx] [8e325dc2fea7c8900fc6c4b8c6c394fe]
https://api16-core-i.tiktokv.com [404] [GET] [text/html] [404 Not Found] [nginx] [vhost] [Nginx] [8e325dc2fea7c8900fc6c4b8c6c394fe]
https://api16-core-n-alisg.tiktokv.com [404] [GET] [text/html] [404 Not Found] [nginx] [vhost] [Nginx] [70461da8b94c6ca5d2fda3260c5a8c3b]
https://api16-core-n-alisg.tiktokv.com [404] [GET] [text/html] [404 Not Found] [nginx] [vhost] [Nginx] [8e325dc2fea7c8900fc6c4b8c6c394fe]
https://api16-core-n-useast1a.tiktokv.com [404] [GET] [text/html] [404 Not Found] [nginx] [vhost] [Nginx] [70461da8b94c6ca5d2fda3260c5a8c3b]
https://api16-core-va.tiktokv.com [404] [GET] [text/html] [404 Not Found] [nginx] [vhost] [Nginx] [70461da8b94c6ca5d2fda3260c5a8c3b]
https://api16-normal-c4-alisg.tiktokv.com [404] [GET] [text/html] [404 Not Found] [nginx] [vhost] [Nginx] [70461da8b94c6ca5d2fda3260c5a8c3b]
https://api16-normal-c6-alisg.tiktokv.com [404] [GET] [text/html] [404 Not Found] [nginx] [vhost] [Nginx] [70461da8b94c6ca5d2fda3260c5a8c3b]
https://api16-normal-c6-alisg.tiktokv.com [404] [GET] [text/html] [404 Not Found] [nginx] [vhost] [Nginx] [8e325dc2fea7c8900fc6c4b8c6c394fe]
https://api16-normal-c-alisg.tiktokv.com [404] [GET] [text/html] [404 Not Found] [nginx] [vhost] [Nginx] [70461da8b94c6ca5d2fda3260c5a8c3b]
https://api16-normal-c-alisg.tiktokv.com [404] [GET] [text/html] [404 Not Found] [nginx] [vhost] [Nginx] [8e325dc2fea7c8900fc6c4b8c6c394fe]
https://api16-normal-c.tiktokv.com [404] [GET] [text/html] [404 Not Found] [nginx] [vhost] [Nginx] [70461da8b94c6ca5d2fda3260c5a8c3b]
https://api16-normal-c.tiktokv.com [404] [GET] [text/html] [404 Not Found] [nginx] [vhost] [Nginx] [8e325dc2fea7c8900fc6c4b8c6c394fe]
https://api16-normal-c-useast1a.tiktokv.com [404] [GET] [text/html] [404 Not Found] [nginx] [vhost] [Nginx] [8e325dc2fea7c8900fc6c4b8c6c394fe]
https://api16-normal-c-useast2a.tiktokv.com [404] [GET] [text/html] [404 Not Found] [nginx] [vhost] [Nginx] [8e325dc2fea7c8900fc6c4b8c6c394fe]
https://api16-normal-i-alisg.tiktokv.com [404] [GET] [text/html] [404 Not Found] [nginx] [vhost] [Nginx] [70461da8b94c6ca5d2fda3260c5a8c3b]
https://api16-normal-i-alisg.tiktokv.com [404] [GET] [text/html] [404 Not Found] [nginx] [vhost] [Nginx] [8e325dc2fea7c8900fc6c4b8c6c394fe]
https://api16-normal-i.tiktokv.com [404] [GET] [text/html] [404 Not Found] [nginx] [vhost] [Nginx] [70461da8b94c6ca5d2fda3260c5a8c3b]
https://api16-normal-i.tiktokv.com [404] [GET] [text/html] [404 Not Found] [nginx] [vhost] [Nginx] [8e325dc2fea7c8900fc6c4b8c6c394fe]
https://api16-normal-n-alisg.tiktokv.com [404] [GET] [text/html] [404 Not Found] [nginx] [vhost] [Nginx] [70461da8b94c6ca5d2fda3260c5a8c3b]
https://api16-normal-n.tiktokv.com [404] [GET] [text/html] [404 Not Found] [nginx] [vhost] [Nginx] [8e325dc2fea7c8900fc6c4b8c6c394fe]
https://api16-normal-v4.tiktokv.com [404] [GET] [text/html] [404 Not Found] [nginx] [vhost] [Nginx] [70461da8b94c6ca5d2fda3260c5a8c3b]
https://api16-normal-v6.tiktokv.com [404] [GET] [text/html] [404 Not Found] [nginx] [vhost] [Nginx] [70461da8b94c6ca5d2fda3260c5a8c3b]
https://api16-normal-v6.tiktokv.com [404] [GET] [text/html] [404 Not Found] [nginx] [vhost] [Nginx] [8e325dc2fea7c8900fc6c4b8c6c394fe]
https://api16.tiktokv.com [404] [GET] [text/html] [404 Not Found] [nginx] [vhost] [Nginx] [70461da8b94c6ca5d2fda3260c5a8c3b]
https://api16.tiktokv.com [404] [GET] [text/html] [404 Not Found] [nginx] [vhost] [Nginx] [8e325dc2fea7c8900fc6c4b8c6c394fe]
https://api16-va.tiktokv.com [404] [GET] [text/html] [404 Not Found] [nginx] [vhost] [Nginx] [70461da8b94c6ca5d2fda3260c5a8c3b]
https://api16-va.tiktokv.com [404] [GET] [text/html] [404 Not Found] [nginx] [vhost] [Nginx] [8e325dc2fea7c8900fc6c4b8c6c394fe]
https://api19-core-c4-alisg.tiktokv.com [404] [GET] [text/html] [404 Not Found] [nginx] [vhost] [fastly] [Fastly,Nginx,Varnish] [70461da8b94c6ca5d2fda3260c5a8c3b]
https://api19-core-c6-useast1a.tiktokv.com [404] [GET] [text/html] [404 Not Found] [nginx] [vhost] [fastly] [Fastly,Nginx,Varnish] [70461da8b94c6ca5d2fda3260c5a8c3b]
https://api19-core-c-alisg.tiktokv.com [404] [GET] [text/html] [404 Not Found] [nginx] [vhost] [fastly] [Fastly,Nginx,Varnish] [70461da8b94c6ca5d2fda3260c5a8c3b]
https://api19-core-c-useast1a.tiktokv.com [404] [GET] [text/html] [404 Not Found] [nginx] [vhost] [fastly] [Fastly,Nginx,Varnish] [70461da8b94c6ca5d2fda3260c5a8c3b]
https://api19-core-c-useast1a.tiktokv.com [404] [GET] [text/html] [404 Not Found] [nginx] [vhost] [fastly] [Fastly,Nginx,Varnish] [8e325dc2fea7c8900fc6c4b8c6c394fe]
https://api19-core-c-useast2a.tiktokv.com [404] [GET] [text/html] [404 Not Found] [nginx] [vhost] [fastly] [Fastly,Nginx,Varnish] [70461da8b94c6ca5d2fda3260c5a8c3b]
https://api19-core-c-useast2a.tiktokv.com [404] [GET] [text/html] [404 Not Found] [nginx] [vhost] [fastly] [Fastly,Nginx,Varnish] [8e325dc2fea7c8900fc6c4b8c6c394fe]
https://api19-core-n-useast1a.tiktokv.com [404] [GET] [text/html] [404 Not Found] [nginx] [vhost] [fastly] [Fastly,Nginx,Varnish] [70461da8b94c6ca5d2fda3260c5a8c3b]
https://api19-core-va.tiktokv.com [404] [GET] [text/html] [404 Not Found] [nginx] [vhost] [fastly] [Fastly,Nginx,Varnish] [70461da8b94c6ca5d2fda3260c5a8c3b]
https://api19-core-va.tiktokv.com [404] [GET] [text/html] [404 Not Found] [nginx] [vhost] [fastly] [Fastly,Nginx,Varnish] [8e325dc2fea7c8900fc6c4b8c6c394fe]
https://api19-normal-c6-alisg.tiktokv.com [404] [GET] [text/html] [404 Not Found] [nginx] [vhost] [fastly] [Fastly,Nginx,Varnish] [70461da8b94c6ca5d2fda3260c5a8c3b]
https://api19-normal-c6-alisg.tiktokv.com [404] [GET] [text/html] [404 Not Found] [nginx] [vhost] [fastly] [Fastly,Nginx,Varnish] [8e325dc2fea7c8900fc6c4b8c6c394fe]
https://api19-normal-c-alisg.tiktokv.com [404] [GET] [text/html] [404 Not Found] [nginx] [vhost] [fastly] [Fastly,Nginx,Varnish] [70461da8b94c6ca5d2fda3260c5a8c3b]
https://api19-normal-c-alisg.tiktokv.com [404] [GET] [text/html] [404 Not Found] [nginx] [vhost] [fastly] [Fastly,Nginx,Varnish] [8e325dc2fea7c8900fc6c4b8c6c394fe]
https://api19-normal-c-useast1a.tiktokv.com [404] [GET] [text/html] [404 Not Found] [nginx] [vhost] [fastly] [Fastly,Nginx,Varnish] [70461da8b94c6ca5d2fda3260c5a8c3b]
https://api19-normal-c-useast1a.tiktokv.com [404] [GET] [text/html] [404 Not Found] [nginx] [vhost] [fastly] [Fastly,Nginx,Varnish] [8e325dc2fea7c8900fc6c4b8c6c394fe]
https://api19-normal-c-useast2a.tiktokv.com [404] [GET] [text/html] [404 Not Found] [nginx] [vhost] [fastly] [Fastly,Nginx,Varnish] [70461da8b94c6ca5d2fda3260c5a8c3b]
https://api19.tiktokv.com [404] [GET] [text/html] [404 Not Found] [nginx] [vhost] [fastly] [Fastly,Nginx,Varnish] [70461da8b94c6ca5d2fda3260c5a8c3b]
https://api19.tiktokv.com [404] [GET] [text/html] [404 Not Found] [nginx] [vhost] [fastly] [Fastly,Nginx,Varnish] [8e325dc2fea7c8900fc6c4b8c6c394fe]
https://api19-va.tiktokv.com [404] [GET] [text/html] [404 Not Found] [nginx] [vhost] [fastly] [Fastly,Nginx,Varnish] [70461da8b94c6ca5d2fda3260c5a8c3b]
https://api19-va.tiktokv.com [404] [GET] [text/html] [404 Not Found] [nginx] [vhost] [fastly] [Fastly,Nginx,Varnish] [8e325dc2fea7c8900fc6c4b8c6c394fe]
https://api21-core-c4-alisg.tiktokv.com [404] [GET] [text/html] [404 Not Found] [nginx] [vhost] [fastly] [Fastly,Nginx,Varnish] [8e325dc2fea7c8900fc6c4b8c6c394fe]
https://api21-core-c6-alisg.tiktokv.com [404] [GET] [text/html] [404 Not Found] [nginx] [vhost] [fastly] [Fastly,Nginx,Varnish] [70461da8b94c6ca5d2fda3260c5a8c3b]
https://api21-core-c6-alisg.tiktokv.com [404] [GET] [text/html] [404 Not Found] [nginx] [vhost] [fastly] [Fastly,Nginx,Varnish] [8e325dc2fea7c8900fc6c4b8c6c394fe]
https://api21-core-c-alisg.tiktokv.com [404] [GET] [text/html] [404 Not Found] [nginx] [vhost] [fastly] [Fastly,Nginx,Varnish] [8e325dc2fea7c8900fc6c4b8c6c394fe]
https://api21-core-c-useast1a.tiktokv.com [404] [GET] [text/html] [404 Not Found] [nginx] [vhost] [fastly] [Fastly,Nginx,Varnish] [70461da8b94c6ca5d2fda3260c5a8c3b]
https://api21-core-c-useast1a.tiktokv.com [404] [GET] [text/html] [404 Not Found] [nginx] [vhost] [fastly] [Fastly,Nginx,Varnish] [8e325dc2fea7c8900fc6c4b8c6c394fe]
https://api21-core-c-useast2a.tiktokv.com [404] [GET] [text/html] [404 Not Found] [nginx] [vhost] [fastly] [Fastly,Nginx,Varnish] [70461da8b94c6ca5d2fda3260c5a8c3b]
https://api21-core-c-useast2a.tiktokv.com [404] [GET] [text/html] [404 Not Found] [nginx] [vhost] [fastly] [Fastly,Nginx,Varnish] [8e325dc2fea7c8900fc6c4b8c6c394fe]
https://api21-core-i-alisg.tiktokv.com [404] [GET] [text/html] [404 Not Found] [nginx] [vhost] [fastly] [Fastly,Nginx,Varnish] [8e325dc2fea7c8900fc6c4b8c6c394fe]
https://api21-core-n-alisg.tiktokv.com [404] [GET] [text/html] [404 Not Found] [nginx] [vhost] [fastly] [Fastly,Nginx,Varnish] [8e325dc2fea7c8900fc6c4b8c6c394fe]
https://api21-core-n.tiktokv.com [404] [GET] [text/html] [404 Not Found] [nginx] [vhost] [fastly] [Fastly,Nginx,Varnish] [70461da8b94c6ca5d2fda3260c5a8c3b]
https://api21-core-n-useast1a.tiktokv.com [404] [GET] [text/html] [404 Not Found] [nginx] [vhost] [fastly] [Fastly,Nginx,Varnish] [70461da8b94c6ca5d2fda3260c5a8c3b]
https://api21-core-va.tiktokv.com [404] [GET] [text/html] [404 Not Found] [nginx] [vhost] [fastly] [Fastly,Nginx,Varnish] [8e325dc2fea7c8900fc6c4b8c6c394fe]
https://api21-h2-eagle.tiktokv.com [404] [GET] [text/html] [404 Not Found] [nginx] [vhost] [fastly] [Fastly,Nginx,Varnish] [70461da8b94c6ca5d2fda3260c5a8c3b]
https://api21-h2-eagle.tiktokv.com [404] [GET] [text/html] [404 Not Found] [nginx] [vhost] [fastly] [Fastly,Nginx,Varnish] [8e325dc2fea7c8900fc6c4b8c6c394fe]
https://api21-h2.tiktokv.com [404] [GET] [text/html] [404 Not Found] [nginx] [vhost] [fastly] [Fastly,Nginx,Varnish] [70461da8b94c6ca5d2fda3260c5a8c3b]
https://api21-h2.tiktokv.com [404] [GET] [text/html] [404 Not Found] [nginx] [vhost] [fastly] [Fastly,Nginx,Varnish] [8e325dc2fea7c8900fc6c4b8c6c394fe]
https://api21-normal-c4-alisg.tiktokv.com [404] [GET] [text/html] [404 Not Found] [nginx] [vhost] [fastly] [Fastly,Nginx,Varnish] [70461da8b94c6ca5d2fda3260c5a8c3b]
https://api21-normal-c4-alisg.tiktokv.com [404] [GET] [text/html] [404 Not Found] [nginx] [vhost] [fastly] [Fastly,Nginx,Varnish] [8e325dc2fea7c8900fc6c4b8c6c394fe]
https://api21-normal-c6-alisg.tiktokv.com [404] [GET] [text/html] [404 Not Found] [nginx] [vhost] [fastly] [Fastly,Nginx,Varnish] [70461da8b94c6ca5d2fda3260c5a8c3b]
https://api21-normal-c-alisg.tiktokv.com [404] [GET] [text/html] [404 Not Found] [nginx] [vhost] [fastly] [Fastly,Nginx,Varnish] [8e325dc2fea7c8900fc6c4b8c6c394fe]
https://api21-normal-c-useast1a.tiktokv.com [503] [GET] [text/html] [503 hostname doesn't match against certificate] [Varnish] [vhost] [fastly] [Fastly,Varnish] [462537f92aadf1104c61c769823e7a50]
https://api21-normal-c-useast1a.tiktokv.com [503] [GET] [text/html] [503 hostname doesn't match against certificate] [Varnish] [vhost] [fastly] [Fastly,Varnish] [d3f16399c5036c6dbd773bc44c843785]
https://api21-normal-c-useast2a.tiktokv.com [404] [GET] [text/html] [404 Not Found] [nginx] [vhost] [fastly] [Fastly,Nginx,Varnish] [70461da8b94c6ca5d2fda3260c5a8c3b]
https://api21-normal-c-useast2a.tiktokv.com [404] [GET] [text/html] [404 Not Found] [nginx] [vhost] [fastly] [Fastly,Nginx,Varnish] [8e325dc2fea7c8900fc6c4b8c6c394fe]
https://api21-normal-i-alisg.tiktokv.com [404] [GET] [text/html] [404 Not Found] [nginx] [vhost] [fastly] [Fastly,Nginx,Varnish] [8e325dc2fea7c8900fc6c4b8c6c394fe]
https://api21-normal-n-alisg.tiktokv.com [404] [GET] [text/html] [404 Not Found] [nginx] [vhost] [fastly] [Fastly,Nginx,Varnish] [70461da8b94c6ca5d2fda3260c5a8c3b]
https://api21-quic.tiktokv.com [404] [GET] [text/html] [404 Not Found] [nginx] [vhost] [fastly] [Fastly,Nginx,Varnish] [8e325dc2fea7c8900fc6c4b8c6c394fe]
https://api21.tiktokv.com [404] [GET] [text/html] [404 Not Found] [nginx] [vhost] [fastly] [Fastly,Nginx,Varnish] [70461da8b94c6ca5d2fda3260c5a8c3b]
https://api21.tiktokv.com [404] [GET] [text/html] [404 Not Found] [nginx] [vhost] [fastly] [Fastly,Nginx,Varnish] [8e325dc2fea7c8900fc6c4b8c6c394fe]
https://api21-va.tiktokv.com [503] [GET] [text/html] [503 hostname doesn't match against certificate] [Varnish] [vhost] [fastly] [Fastly,Varnish] [0a78ad0e7ba7b8927e12c26abc039fd2]
https://api21-va.tiktokv.com [503] [GET] [text/html] [503 hostname doesn't match against certificate] [Varnish] [vhost] [fastly] [Fastly,Varnish] [91d7754a9587e7d52995971190b0b3d1]
https://api22-core-c4-alisg.tiktokv.com [404] [GET] [text/html] [404 Not Found] [nginx] [google] [Google Cloud,Google Cloud CDN,Nginx] [70461da8b94c6ca5d2fda3260c5a8c3b]
https://api22-core-c4-alisg.tiktokv.com [404] [GET] [text/html] [404 Not Found] [nginx] [google] [Google Cloud,Google Cloud CDN,Nginx] [8e325dc2fea7c8900fc6c4b8c6c394fe]
https://api22-core-c6-alisg.tiktokv.com [404] [GET] [text/html] [404 Not Found] [nginx] [google] [Google Cloud,Google Cloud CDN,Nginx] [70461da8b94c6ca5d2fda3260c5a8c3b]
https://api22-core-c6-alisg.tiktokv.com [404] [GET] [text/html] [404 Not Found] [nginx] [google] [Google Cloud,Google Cloud CDN,Nginx] [8e325dc2fea7c8900fc6c4b8c6c394fe]
https://api22-core-c6-useast1a.tiktokv.com [404] [GET] [text/html] [404 Not Found] [nginx] [google] [Google Cloud,Google Cloud CDN,Nginx] [70461da8b94c6ca5d2fda3260c5a8c3b]
https://api22-core-c6-useast1a.tiktokv.com [404] [GET] [text/html] [404 Not Found] [nginx] [google] [Google Cloud,Google Cloud CDN,Nginx] [8e325dc2fea7c8900fc6c4b8c6c394fe]
https://api22-core-c-alisg.tiktokv.com [404] [GET] [text/html] [404 Not Found] [nginx] [google] [Google Cloud,Google Cloud CDN,Nginx] [70461da8b94c6ca5d2fda3260c5a8c3b]
https://api22-core-c-alisg.tiktokv.com [404] [GET] [text/html] [404 Not Found] [nginx] [google] [Google Cloud,Google Cloud CDN,Nginx] [8e325dc2fea7c8900fc6c4b8c6c394fe]
https://api22-core-c-useast1a.tiktokv.com [404] [GET] [text/html] [404 Not Found] [nginx] [google] [Google Cloud,Google Cloud CDN,Nginx] [70461da8b94c6ca5d2fda3260c5a8c3b]
https://api22-core-c-useast1a.tiktokv.com [404] [GET] [text/html] [404 Not Found] [nginx] [google] [Google Cloud,Google Cloud CDN,Nginx] [8e325dc2fea7c8900fc6c4b8c6c394fe]
https://api22-core-c-useast2a.tiktokv.com [404] [GET] [text/html] [404 Not Found] [nginx] [google] [Google Cloud,Google Cloud CDN,Nginx] [8e325dc2fea7c8900fc6c4b8c6c394fe]
https://api22-core-c-useast2a.tiktokv.com [404] [GET] [text/html] [404 Not Found] [nginx] [vhost] [google] [Google Cloud,Google Cloud CDN,Nginx] [70461da8b94c6ca5d2fda3260c5a8c3b]
https://api22-core-h-alisg.tiktokv.com [404] [GET] [text/html] [404 Not Found] [nginx] [google] [Google Cloud,Google Cloud CDN,Nginx] [8e325dc2fea7c8900fc6c4b8c6c394fe]
https://api22-core-h-alisg.tiktokv.com [404] [GET] [text/html] [404 Not Found] [nginx] [vhost] [google] [Google Cloud,Google Cloud CDN,Nginx] [70461da8b94c6ca5d2fda3260c5a8c3b]
https://api22-core-n-alisg.tiktokv.com [404] [GET] [text/html] [404 Not Found] [nginx] [google] [Google Cloud,Google Cloud CDN,Nginx] [70461da8b94c6ca5d2fda3260c5a8c3b]
https://api22-core-n-alisg.tiktokv.com [404] [GET] [text/html] [404 Not Found] [nginx] [google] [Google Cloud,Google Cloud CDN,Nginx] [8e325dc2fea7c8900fc6c4b8c6c394fe]
https://api22-core-n-useast1a.tiktokv.com [404] [GET] [text/html] [404 Not Found] [nginx] [google] [Google Cloud,Google Cloud CDN,Nginx] [70461da8b94c6ca5d2fda3260c5a8c3b]
https://api22-core-n-useast1a.tiktokv.com [404] [GET] [text/html] [404 Not Found] [nginx] [google] [Google Cloud,Google Cloud CDN,Nginx] [8e325dc2fea7c8900fc6c4b8c6c394fe]
https://api22-h2-eagle.tiktokv.com [404] [GET] [text/html] [404 Not Found] [nginx] [Nginx] [70461da8b94c6ca5d2fda3260c5a8c3b]
https://api22-h2-eagle.tiktokv.com [404] [GET] [text/html] [404 Not Found] [nginx] [Nginx] [8e325dc2fea7c8900fc6c4b8c6c394fe]
https://api22-normal-c-alisg.tiktokv.com [404] [GET] [text/html] [404 Not Found] [nginx] [google] [Google Cloud,Google Cloud CDN,Nginx] [70461da8b94c6ca5d2fda3260c5a8c3b]
https://api22-normal-c.tiktokv.com [404] [GET] [text/html] [404 Not Found] [nginx] [google] [Google Cloud,Google Cloud CDN,Nginx] [8e325dc2fea7c8900fc6c4b8c6c394fe]
https://api22-normal-c.tiktokv.com [404] [GET] [text/html] [404 Not Found] [nginx] [vhost] [google] [Google Cloud,Google Cloud CDN,Nginx] [70461da8b94c6ca5d2fda3260c5a8c3b]
https://api22-normal-c-useast1a.tiktokv.com [404] [GET] [text/html] [404 Not Found] [nginx] [google] [Google Cloud,Google Cloud CDN,Nginx] [8e325dc2fea7c8900fc6c4b8c6c394fe]
https://api22-normal-c-useast2a.tiktokv.com [404] [GET] [text/html] [404 Not Found] [nginx] [google] [Google Cloud,Google Cloud CDN,Nginx] [8e325dc2fea7c8900fc6c4b8c6c394fe]
https://api22-normal-c-useast2a.tiktokv.com [404] [GET] [text/html] [404 Not Found] [nginx] [vhost] [google] [Google Cloud,Google Cloud CDN,Nginx] [70461da8b94c6ca5d2fda3260c5a8c3b]
https://api22-normal-h-alisg.tiktokv.com [404] [GET] [text/html] [404 Not Found] [nginx] [google] [Google Cloud,Google Cloud CDN,Nginx] [8e325dc2fea7c8900fc6c4b8c6c394fe]
https://api22-normal-h-alisg.tiktokv.com [404] [GET] [text/html] [404 Not Found] [nginx] [vhost] [google] [Google Cloud,Google Cloud CDN,Nginx] [70461da8b94c6ca5d2fda3260c5a8c3b]
https://api22-normal-n-alisg.tiktokv.com [404] [GET] [text/html] [404 Not Found] [nginx] [google] [Google Cloud,Google Cloud CDN,Nginx] [70461da8b94c6ca5d2fda3260c5a8c3b]
https://api22-normal-n-alisg.tiktokv.com [404] [GET] [text/html] [404 Not Found] [nginx] [google] [Google Cloud,Google Cloud CDN,Nginx] [8e325dc2fea7c8900fc6c4b8c6c394fe]
https://api22-normal-v4.tiktokv.com [404] [GET] [text/html] [404 Not Found] [nginx] [google] [Google Cloud,Google Cloud CDN,Nginx] [70461da8b94c6ca5d2fda3260c5a8c3b]
https://api22-quic.tiktokv.com [404] [GET] [text/html] [404 Not Found] [nginx] [google] [Google Cloud,Google Cloud CDN,Nginx] [8e325dc2fea7c8900fc6c4b8c6c394fe]
https://api30-core-c-alisg.tiktokv.com [404] [GET] [text/html] [404 Not Found] [Byte-nginx] [Nginx] [3bc57dc59741f9e9dc10051084600913]
https://api30-h2-eagle.tiktokv.com [403] [GET] [application/octet-stream] [] [Byte-nginx] [Nginx] [a40cc74b2f59bca1103a93e968291bce]
https://api30-h2.tiktokv.com [403] [GET] [application/octet-stream] [] [Byte-nginx] [Nginx] [68ee37d73482ca68b49248434f0a16b1]
https://api30-normal-n-useast1a.tiktokv.com [403] [GET] [application/octet-stream] [] [Byte-nginx] [Nginx] [df22f779cf434e3095054229f8bcd650]
https://api30.tiktokv.com [403] [GET] [application/octet-stream] [] [Byte-nginx] [Nginx] [8653221a0312f8ea556eb8e5f4529292]
https://api30-va.tiktokv.com [403] [GET] [application/octet-stream] [] [Byte-nginx] [Nginx] [1a619779a00c3b6945ae3011e79ab274]
https://api31-core-c-alisg.tiktokv.com [403] [GET] [application/octet-stream] [] [Byte-nginx] [Nginx] [b5cf3c81447acd91fbdb50e84ac751fa]
https://api31-core-c-useast1a.tiktokv.com [403] [GET] [application/octet-stream] [] [Byte-nginx] [Nginx] [23d77748f8b102dff3db302c75c07553]
https://api31-core-q-alisg.tiktokv.com [403] [GET] [application/octet-stream] [] [Byte-nginx] [Nginx] [9132f3cbbb9cced3765a62dc6f333215]
https://api31-core-q-useast1a.tiktokv.com [403] [GET] [application/octet-stream] [] [Byte-nginx] [Nginx] [04eaf68d49e17750d40d53edff03ddb7]
https://api31-normal-c-alisg.tiktokv.com [403] [GET] [application/octet-stream] [] [Byte-nginx] [Nginx] [7e9e92a314e4b0f6299cbd24b7dbc94e]
https://api31-normal-c-useast1a.tiktokv.com [403] [GET] [application/octet-stream] [] [Byte-nginx] [Nginx] [b31cb61deb9ad99ef7fff9ff69166bc9]
https://api31-normal-q-alisg.tiktokv.com [403] [GET] [application/octet-stream] [] [Byte-nginx] [Nginx] [eaa4f8cf4e38fb186c079ea155a105b8]
https://api31-normal-q-useast1a.tiktokv.com [403] [GET] [application/octet-stream] [] [Byte-nginx] [Nginx] [9c4f6bf8a737cd1a44c2948a6ec44ef6]
https://api32-normal-c-alisg.tiktokv.com [403] [GET] [application/octet-stream] [] [Byte-nginx] [Nginx] [ace9c89c48a1c7a263a1989a100e22be]
https://api33-core-c-alisg.tiktokv.com [404] [GET] [text/html] [404 Not Found] [Byte-nginx] [Nginx] [3bc57dc59741f9e9dc10051084600913]
https://api33-core-c-useast1a.tiktokv.com [403] [GET] [application/octet-stream] [] [Byte-nginx] [Nginx] [2a6f05b511bcd7c2d676a39178bbf83d]
https://api33-core-q-alisg.tiktokv.com [404] [GET] [text/html] [404 Not Found] [Byte-nginx] [Nginx] [3bc57dc59741f9e9dc10051084600913]
https://api33-core-q-useast1a.tiktokv.com [404] [GET] [text/html] [404 Not Found] [Byte-nginx] [Nginx] [3bc57dc59741f9e9dc10051084600913]
https://api33-normal-c-alisg.tiktokv.com [404] [GET] [text/html] [404 Not Found] [Byte-nginx] [Nginx] [3bc57dc59741f9e9dc10051084600913]
https://api33-normal-c-useast1a.tiktokv.com [403] [GET] [application/octet-stream] [] [Byte-nginx] [Nginx] [0d08c13111df44cd63b6e0d62ab0b806]
https://api33-normal-q-alisg.tiktokv.com [404] [GET] [text/html] [404 Not Found] [Byte-nginx] [Nginx] [3bc57dc59741f9e9dc10051084600913]
https://api33-normal-q-useast1a.tiktokv.com [404] [GET] [text/html] [404 Not Found] [Byte-nginx] [Nginx] [3bc57dc59741f9e9dc10051084600913]
https://api3-core-n-alisg.tiktokv.com [404] [GET] [text/html] [404 Not Found] [nginx] [Nginx] [70461da8b94c6ca5d2fda3260c5a8c3b]
https://api3-core-n-alisg.tiktokv.com [404] [GET] [text/html] [404 Not Found] [nginx] [Nginx] [8e325dc2fea7c8900fc6c4b8c6c394fe]
https://api53-core-c-alisg.tiktokv.com [404] [GET] [text/html] [404 Not Found] [nginx] [vhost] [GotiPath,Nginx] [70461da8b94c6ca5d2fda3260c5a8c3b]
https://api53-core-c-alisg.tiktokv.com [404] [GET] [text/html] [404 Not Found] [nginx] [vhost] [GotiPath,Nginx] [8e325dc2fea7c8900fc6c4b8c6c394fe]
https://api53-core-c-useast1a.tiktokv.com [404] [GET] [text/html] [404 Not Found] [nginx] [vhost] [GotiPath,Nginx] [70461da8b94c6ca5d2fda3260c5a8c3b]
https://api53-core-c-useast1a.tiktokv.com [404] [GET] [text/html] [404 Not Found] [nginx] [vhost] [GotiPath,Nginx] [8e325dc2fea7c8900fc6c4b8c6c394fe]
https://api53-normal-c-alisg.tiktokv.com [404] [GET] [text/html] [404 Not Found] [nginx] [vhost] [GotiPath,Nginx] [70461da8b94c6ca5d2fda3260c5a8c3b]
https://api53-normal-c-useast1a.tiktokv.com [404] [GET] [text/html] [404 Not Found] [nginx] [vhost] [GotiPath,Nginx] [70461da8b94c6ca5d2fda3260c5a8c3b]
https://api55-core-c-alisg.tiktokv.com [404] [GET] [text/html] [404 Not Found] [nginx] [vhost] [Nginx] [70461da8b94c6ca5d2fda3260c5a8c3b]
https://api55-core-c-alisg.tiktokv.com [404] [GET] [text/html] [404 Not Found] [nginx] [vhost] [Nginx] [8e325dc2fea7c8900fc6c4b8c6c394fe]
https://api55-core-c-useast1a.tiktokv.com [404] [GET] [text/html] [404 Not Found] [nginx] [vhost] [Nginx] [70461da8b94c6ca5d2fda3260c5a8c3b]
https://api55-core-c-useast1a.tiktokv.com [404] [GET] [text/html] [404 Not Found] [nginx] [vhost] [Nginx] [8e325dc2fea7c8900fc6c4b8c6c394fe]
https://api55-normal-c-alisg.tiktokv.com [404] [GET] [text/html] [404 Not Found] [nginx] [vhost] [Nginx] [70461da8b94c6ca5d2fda3260c5a8c3b]
https://api55-normal-c-alisg.tiktokv.com [404] [GET] [text/html] [404 Not Found] [nginx] [vhost] [Nginx] [8e325dc2fea7c8900fc6c4b8c6c394fe]
https://api55-normal-c-useast1a.tiktokv.com [404] [GET] [text/html] [404 Not Found] [nginx] [vhost] [Nginx] [70461da8b94c6ca5d2fda3260c5a8c3b]
https://api58-core-c-alisg.tiktokv.com [404] [GET] [text/html] [404 Not Found] [nginx] [Nginx] [70461da8b94c6ca5d2fda3260c5a8c3b]
https://api58-core-c-alisg.tiktokv.com [404] [GET] [text/html] [404 Not Found] [nginx] [Nginx] [8e325dc2fea7c8900fc6c4b8c6c394fe]
https://api58-core-c-alisg.tiktokv.com:444 [200] [GET] [text/html] [Welcome to nginx!] [nginx] [Nginx] [e3eb0a1df437f3f97a64aca5952c8ea0]
https://api58-core-c-alisg.tiktokv.com:8443 [200] [GET] [text/html] [Welcome to nginx!] [nginx] [Nginx] [e3eb0a1df437f3f97a64aca5952c8ea0]
https://api58-core-c-useast1a.tiktokv.com [404] [GET] [text/html] [404 Not Found] [nginx] [Nginx] [70461da8b94c6ca5d2fda3260c5a8c3b]
https://api58-core-c-useast1a.tiktokv.com:444 [200] [GET] [text/html] [Welcome to nginx!] [nginx] [Nginx] [e3eb0a1df437f3f97a64aca5952c8ea0]
https://api58-core-c-useast1a.tiktokv.com:8443 [200] [GET] [text/html] [Welcome to nginx!] [nginx] [Nginx] [e3eb0a1df437f3f97a64aca5952c8ea0]
https://api58-normal-c-alisg.tiktokv.com [404] [GET] [text/html] [404 Not Found] [nginx] [Nginx] [70461da8b94c6ca5d2fda3260c5a8c3b]
https://api58-normal-c-alisg.tiktokv.com:444 [200] [GET] [text/html] [Welcome to nginx!] [nginx] [Nginx] [e3eb0a1df437f3f97a64aca5952c8ea0]
https://api58-normal-c-alisg.tiktokv.com:8443 [200] [GET] [text/html] [Welcome to nginx!] [nginx] [Nginx] [e3eb0a1df437f3f97a64aca5952c8ea0]
https://api58-normal-c-useast1a.tiktokv.com [404] [GET] [text/html] [404 Not Found] [nginx] [Nginx] [70461da8b94c6ca5d2fda3260c5a8c3b]
https://api58-normal-c-useast1a.tiktokv.com [404] [GET] [text/html] [404 Not Found] [nginx] [Nginx] [8e325dc2fea7c8900fc6c4b8c6c394fe]
https://api58-normal-c-useast1a.tiktokv.com:444 [200] [GET] [text/html] [Welcome to nginx!] [nginx] [Nginx] [e3eb0a1df437f3f97a64aca5952c8ea0]
https://api58-normal-c-useast1a.tiktokv.com:8443 [200] [GET] [text/html] [Welcome to nginx!] [nginx] [Nginx] [e3eb0a1df437f3f97a64aca5952c8ea0]
https://api61-core-c-alisg.tiktokv.com [404] [GET] [text/html] [404 Not Found] [MNCDN-1095] [70461da8b94c6ca5d2fda3260c5a8c3b]
https://api61-core-c-alisg.tiktokv.com [404] [GET] [text/html] [404 Not Found] [MNCDN-1095] [8e325dc2fea7c8900fc6c4b8c6c394fe]
https://api61-core-c-useast1a.tiktokv.com [404] [GET] [text/html] [404 Not Found] [MNCDN-1095] [70461da8b94c6ca5d2fda3260c5a8c3b]
https://api61-normal-c-alisg.tiktokv.com [404] [GET] [text/html] [404 Not Found] [MNCDN-1095] [70461da8b94c6ca5d2fda3260c5a8c3b]
https://api61-normal-c-alisg.tiktokv.com [404] [GET] [text/html] [404 Not Found] [MNCDN-1095] [8e325dc2fea7c8900fc6c4b8c6c394fe]
https://api77-core-c-alisg.tiktokv.com [404] [GET] [text/html] [404 Not Found] [CDN77-Turbo] [CDN77] [70461da8b94c6ca5d2fda3260c5a8c3b]
https://api77-core-c-useast1a.tiktokv.com [404] [GET] [text/html] [404 Not Found] [CDN77-Turbo] [CDN77] [70461da8b94c6ca5d2fda3260c5a8c3b]
https://api77-core-c-useast1a.tiktokv.com [404] [GET] [text/html] [404 Not Found] [CDN77-Turbo] [CDN77] [8e325dc2fea7c8900fc6c4b8c6c394fe]
https://api77-normal-c-alisg.tiktokv.com [404] [GET] [text/html] [404 Not Found] [CDN77-Turbo] [CDN77] [70461da8b94c6ca5d2fda3260c5a8c3b]
https://api77-normal-c-alisg.tiktokv.com [404] [GET] [text/html] [404 Not Found] [CDN77-Turbo] [CDN77] [8e325dc2fea7c8900fc6c4b8c6c394fe]
https://api77-normal-c-useast1a.tiktokv.com [404] [GET] [text/html] [404 Not Found] [CDN77-Turbo] [CDN77] [70461da8b94c6ca5d2fda3260c5a8c3b]
https://api77-normal-c-useast1a.tiktokv.com [404] [GET] [text/html] [404 Not Found] [CDN77-Turbo] [CDN77] [8e325dc2fea7c8900fc6c4b8c6c394fe]
https://api-core-ru.tiktokv.com [404] [GET] [text/html] [404 Not Found] [nginx] [vhost] [Nginx] [8e325dc2fea7c8900fc6c4b8c6c394fe]
https://api-core.tiktokv.com [404] [GET] [text/html] [404 Not Found] [nginx] [vhost] [Nginx] [8e325dc2fea7c8900fc6c4b8c6c394fe]
https://api-core-va.tiktokv.com [404] [GET] [text/html] [404 Not Found] [nginx] [vhost] [Nginx] [70461da8b94c6ca5d2fda3260c5a8c3b]
https://api-core-va.tiktokv.com [404] [GET] [text/html] [404 Not Found] [nginx] [vhost] [Nginx] [8e325dc2fea7c8900fc6c4b8c6c394fe]
https://api-h2-eagle.tiktokv.com [404] [GET] [text/html] [404 Not Found] [nginx] [vhost] [Nginx] [70461da8b94c6ca5d2fda3260c5a8c3b]
https://api-h2-eagle.tiktokv.com [404] [GET] [text/html] [404 Not Found] [nginx] [vhost] [Nginx] [8e325dc2fea7c8900fc6c4b8c6c394fe]
https://api-h2.tiktokv.com [404] [GET] [text/html] [404 Not Found] [nginx] [vhost] [Nginx] [70461da8b94c6ca5d2fda3260c5a8c3b]
https://api-h2.tiktokv.com [404] [GET] [text/html] [404 Not Found] [nginx] [vhost] [Nginx] [8e325dc2fea7c8900fc6c4b8c6c394fe]
https://apiproxy-va.tiktokv.com [503] [GET] [text/html] [Error] [AkamaiGHost] [vhost] [8effd43470531ec4af53426a4840568b]
https://apiproxy-va.tiktokv.com [503] [GET] [text/html] [Error] [AkamaiGHost] [vhost] [a47dda1ba27d594724f89d593fdca4db]
https://api-ru.tiktokv.com [404] [GET] [text/html] [404 Not Found] [nginx] [vhost] [Nginx] [70461da8b94c6ca5d2fda3260c5a8c3b]
https://api-ru.tiktokv.com [404] [GET] [text/html] [404 Not Found] [nginx] [vhost] [Nginx] [8e325dc2fea7c8900fc6c4b8c6c394fe]
https://api-t1.tiktokv.com [404] [GET] [text/html] [404 Not Found] [nginx] [vhost] [fastly] [Fastly,Nginx,Varnish] [8e325dc2fea7c8900fc6c4b8c6c394fe]
https://api-t2.tiktokv.com [404] [GET] [text/html] [404 Not Found] [nginx] [vhost] [fastly] [Fastly,Nginx,Varnish] [70461da8b94c6ca5d2fda3260c5a8c3b]
https://api.tiktokv.com [404] [GET] [text/html] [404 Not Found] [nginx] [vhost] [Nginx] [8e325dc2fea7c8900fc6c4b8c6c394fe]
https://api-t.tiktokv.com [503] [GET] [text/html] [Error] [AkamaiGHost] [vhost] [43c6b1ea762ba815a079de219de6d61e]
https://api-t.tiktokv.com [503] [GET] [text/html] [Error] [AkamaiGHost] [vhost] [61cb7ed222c719ad3200609272436cff]
https://api-va.tiktokv.com [404] [GET] [text/html] [404 Not Found] [nginx] [vhost] [Nginx] [70461da8b94c6ca5d2fda3260c5a8c3b]
https://api-va.tiktokv.com [404] [GET] [text/html] [404 Not Found] [nginx] [vhost] [Nginx] [8e325dc2fea7c8900fc6c4b8c6c394fe]
https://app-va.tiktokv.com [502] [GET] [text/html] [502 Bad Gateway] [nginx] [vhost] [Nginx] [261b1f079fa0a5c0c32d181e43440c05]
https://app-va.tiktokv.com [502] [GET] [text/html] [502 Bad Gateway] [nginx] [vhost] [Nginx] [8dce59ae8ddc42b04d1f7e2c0c95ec3d]
https://business.tiktokv.com [404] [GET] [text/html] [404 Not Found] [nginx] [vhost] [Nginx] [70461da8b94c6ca5d2fda3260c5a8c3b]
https://business.tiktokv.com [404] [GET] [text/html] [404 Not Found] [nginx] [vhost] [Nginx] [8e325dc2fea7c8900fc6c4b8c6c394fe]
https://business-va.tiktokv.com [404] [GET] [text/html] [404 Not Found] [nginx] [vhost] [Nginx] [70461da8b94c6ca5d2fda3260c5a8c3b]
https://business-va.tiktokv.com [404] [GET] [text/html] [404 Not Found] [nginx] [vhost] [Nginx] [8e325dc2fea7c8900fc6c4b8c6c394fe]
https://campaign19-normal-useast5.us.tiktokv.com [404] [GET] [text/plain] [] [nginx] [vhost] [fastly] [Fastly,Nginx,Varnish] [9d1ead73e678fa2f51a70a933b0bf017]
https://checkorigin.tiktokv.com [404] [GET] [text/html] [404 Not Found] [nginx] [vhost] [Nginx] [70461da8b94c6ca5d2fda3260c5a8c3b]
https://checkorigin.tiktokv.com [404] [GET] [text/html] [404 Not Found] [nginx] [vhost] [Nginx] [8e325dc2fea7c8900fc6c4b8c6c394fe]
https://dm16-alisg.tiktokv.com [404] [GET] [text/html] [404 Not Found] [nginx] [vhost] [Nginx] [70461da8b94c6ca5d2fda3260c5a8c3b]
https://dm16-alisg.tiktokv.com [404] [GET] [text/html] [404 Not Found] [nginx] [vhost] [Nginx] [8e325dc2fea7c8900fc6c4b8c6c394fe]
https://dm16-test-va.tiktokv.com [404] [GET] [text/html] [404 Not Found] [nginx] [vhost] [Nginx] [70461da8b94c6ca5d2fda3260c5a8c3b]
https://dm16-test-va.tiktokv.com [404] [GET] [text/html] [404 Not Found] [nginx] [vhost] [Nginx] [8e325dc2fea7c8900fc6c4b8c6c394fe]
https://dm16.tiktokv.com [404] [GET] [text/html] [404 Not Found] [nginx] [vhost] [Nginx] [8e325dc2fea7c8900fc6c4b8c6c394fe]
https://dm16-useast1a.tiktokv.com [404] [GET] [text/html] [404 Not Found] [nginx] [vhost] [Nginx] [70461da8b94c6ca5d2fda3260c5a8c3b]
https://dm16-useast1a.tiktokv.com [404] [GET] [text/html] [404 Not Found] [nginx] [vhost] [Nginx] [8e325dc2fea7c8900fc6c4b8c6c394fe]
https://dm16-useast2a.tiktokv.com [503] [GET] [text/html] [503 Service Temporarily Unavailable] [nginx] [vhost] [Nginx] [27cb74e9c6ab203acfd7666b44254f5d]
https://dm16-useast2a.tiktokv.com [503] [GET] [text/html] [503 Service Temporarily Unavailable] [nginx] [vhost] [Nginx] [7772594fc0fcc01b962246dff814fcfd]
https://dm16-va.tiktokv.com [404] [GET] [text/html] [404 Not Found] [nginx] [vhost] [Nginx] [70461da8b94c6ca5d2fda3260c5a8c3b]
https://dm16-va.tiktokv.com [404] [GET] [text/html] [404 Not Found] [nginx] [vhost] [Nginx] [8e325dc2fea7c8900fc6c4b8c6c394fe]
https://dm22-alisg.tiktokv.com [404] [GET] [text/html] [404 Not Found] [nginx] [google] [Google Cloud,Google Cloud CDN,Nginx] [8e325dc2fea7c8900fc6c4b8c6c394fe]
https://dm22-alisg.tiktokv.com [404] [GET] [text/html] [404 Not Found] [nginx] [vhost] [google] [Google Cloud,Google Cloud CDN,Nginx] [70461da8b94c6ca5d2fda3260c5a8c3b]
https://frontier16-alisg.tiktokv.com [404] [GET] [text/html] [404 Not Found] [nginx] [vhost] [Nginx] [8e325dc2fea7c8900fc6c4b8c6c394fe]
https://frontier-ru.tiktokv.com [404] [GET] [text/html] [404 Not Found] [nginx] [vhost] [Nginx] [70461da8b94c6ca5d2fda3260c5a8c3b]
https://frontier.tiktokv.com [404] [GET] [text/html] [404 Not Found] [nginx] [Nginx] [8e325dc2fea7c8900fc6c4b8c6c394fe]
https://frontier-va.tiktokv.com [404] [GET] [text/html] [404 Not Found] [nginx] [Nginx] [70461da8b94c6ca5d2fda3260c5a8c3b]
https://frontier-va.tiktokv.com [404] [GET] [text/html] [404 Not Found] [nginx] [Nginx] [8e325dc2fea7c8900fc6c4b8c6c394fe]
https://gecko16-normal-c-useast1a.tiktokv.com [404] [GET] [text/html] [404 Not Found] [nginx] [vhost] [Nginx] [70461da8b94c6ca5d2fda3260c5a8c3b]
https://gecko16-normal-c-useast1a.tiktokv.com [404] [GET] [text/html] [404 Not Found] [nginx] [vhost] [Nginx] [8e325dc2fea7c8900fc6c4b8c6c394fe]
https://gecko16-normal-c-useast2a.tiktokv.com [404] [GET] [text/html] [404 Not Found] [nginx] [vhost] [Nginx] [70461da8b94c6ca5d2fda3260c5a8c3b]
https://gecko-sg.tiktokv.com [404] [GET] [text/html] [404 Not Found] [nginx] [vhost] [Nginx] [70461da8b94c6ca5d2fda3260c5a8c3b]
https://gecko-sg.tiktokv.com [404] [GET] [text/html] [404 Not Found] [nginx] [vhost] [Nginx] [8e325dc2fea7c8900fc6c4b8c6c394fe]
https://gecko-va.tiktokv.com [404] [GET] [text/html] [404 Not Found] [nginx] [vhost] [Nginx] [70461da8b94c6ca5d2fda3260c5a8c3b]
https://gecko-va.tiktokv.com [404] [GET] [text/html] [404 Not Found] [nginx] [vhost] [Nginx] [8e325dc2fea7c8900fc6c4b8c6c394fe]
https://hotapi-ru.tiktokv.com [502] [GET] [text/html] [502 Bad Gateway] [nginx] [vhost] [Nginx] [8dce59ae8ddc42b04d1f7e2c0c95ec3d]
https://hotapi-sg.tiktokv.com [502] [GET] [text/html] [502 Bad Gateway] [nginx] [vhost] [Nginx] [261b1f079fa0a5c0c32d181e43440c05]
https://hotapi-sg.tiktokv.com [502] [GET] [text/html] [502 Bad Gateway] [nginx] [vhost] [Nginx] [8dce59ae8ddc42b04d1f7e2c0c95ec3d]
https://hotapi-va.tiktokv.com [404] [GET] [text/plain] [] [nginx] [vhost] [Nginx] [595e88012a6521aae3e12cbebe76eb9e]
https://im16-normal-c-useast1a.tiktokv.com [200] [GET] [application/x-protobuf] [] [nginx] [vhost] [Nginx] [a399f0483314c5e69732c65c67a5c1a7]
https://im16-normal-c-useast1a.tiktokv.com [200] [GET] [application/x-protobuf] [] [nginx] [vhost] [Nginx] [de568bd2edfed88b9228049867628cbf]
https://im16-normal-c-useast2a.tiktokv.com [200] [GET] [application/x-protobuf] [] [nginx] [vhost] [Nginx] [2fcddefefb1ac9928dacee98f8adc617]
https://im16-normal-c-useast2a.tiktokv.com [200] [GET] [application/x-protobuf] [] [nginx] [vhost] [Nginx] [a4e58e278fc832dc304422c7fbc6d534]
https://im16-tmp-normal-useast1a.tiktokv.com [200] [GET] [application/x-protobuf] [] [nginx] [vhost] [Nginx] [bac1fe9b1233b7a6b11323c5b2b4d3e2]
https://im16-tmp-normal-useast1a.tiktokv.com [200] [GET] [application/x-protobuf] [] [nginx] [vhost] [Nginx] [cdb52f292afd171b3b736690f4197fc0]
https://image-sg-pub-test.tiktokv.com [403] [GET] [text/plain charset=utf-8] [] [nginx] [vhost] [Nginx] [386b58df0704c0ce170d1d0e5e19ccf3]
https://image-sg-pub.tiktokv.com [403] [GET] [text/plain charset=utf-8] [] [nginx] [vhost] [Nginx] [386b58df0704c0ce170d1d0e5e19ccf3]
https://image-sg.tiktokv.com [403] [GET] [text/html] [403 Forbidden] [nginx] [vhost] [Nginx] [4dec45889e09ec3ceb63fd65825d0f11]
https://image-sg.tiktokv.com [403] [GET] [text/html] [403 Forbidden] [nginx] [vhost] [Nginx] [bc56979a0b381a791dd59713198a87fb]
https://image-useast2a.tiktokv.com [403] [GET] [text/html] [403 Forbidden] [nginx] [vhost] [Nginx] [4dec45889e09ec3ceb63fd65825d0f11]
https://image-useast2a.tiktokv.com [403] [GET] [text/html] [403 Forbidden] [nginx] [vhost] [Nginx] [bc56979a0b381a791dd59713198a87fb]
https://image-va-pub-test.tiktokv.com [403] [GET] [text/plain charset=utf-8] [] [nginx] [vhost] [Nginx] [386b58df0704c0ce170d1d0e5e19ccf3]
https://image-va-pub-test-useast1a.tiktokv.com [403] [GET] [text/plain charset=utf-8] [] [nginx] [vhost] [Nginx] [386b58df0704c0ce170d1d0e5e19ccf3]
https://image-va-pub-test-useast2a.tiktokv.com [403] [GET] [text/plain charset=utf-8] [] [nginx] [vhost] [Nginx] [386b58df0704c0ce170d1d0e5e19ccf3]
https://image-va-pub-useast1a.tiktokv.com [403] [GET] [text/plain charset=utf-8] [] [nginx] [vhost] [Nginx] [386b58df0704c0ce170d1d0e5e19ccf3]
https://image-va-pub-useast2a.tiktokv.com [403] [GET] [text/plain charset=utf-8] [] [nginx] [vhost] [Nginx] [386b58df0704c0ce170d1d0e5e19ccf3]
https://image-va-useast1a.tiktokv.com [403] [GET] [text/html] [403 Forbidden] [nginx] [vhost] [Nginx] [bc56979a0b381a791dd59713198a87fb]
https://imapi-16.tiktokv.com [200] [GET] [application/x-protobuf] [] [nginx] [vhost] [Nginx] [e226c0edbe5aa21882309f135c62a5e8]
https://imapi-16.tiktokv.com [200] [GET] [application/x-protobuf] [] [nginx] [vhost] [Nginx] [fadaa8c1131ec026876aeaf73952391e]
https://im-va.tiktokv.com [200] [GET] [application/x-protobuf] [] [nginx] [vhost] [Nginx] [297e98aa406f3cc251632aae8014650e]
https://im-va.tiktokv.com [200] [GET] [application/x-protobuf] [] [nginx] [vhost] [Nginx] [c0972848c46491a611e8cff47bb1e3dd]
https://jsb16-normal-c-useast1a.tiktokv.com [404] [GET] [text/html] [404 Not Found] [nginx] [vhost] [Nginx] [8e325dc2fea7c8900fc6c4b8c6c394fe]
https://jsb-sg.tiktokv.com [404] [GET] [text/html] [404 Not Found] [nginx] [vhost] [Nginx] [70461da8b94c6ca5d2fda3260c5a8c3b]
https://jsb-sg.tiktokv.com [404] [GET] [text/html] [404 Not Found] [nginx] [vhost] [Nginx] [8e325dc2fea7c8900fc6c4b8c6c394fe]
https://jsb-va.tiktokv.com [404] [GET] [text/html] [404 Not Found] [nginx] [vhost] [Nginx] [70461da8b94c6ca5d2fda3260c5a8c3b]
https://jsb-va.tiktokv.com [404] [GET] [text/html] [404 Not Found] [nginx] [vhost] [Nginx] [8e325dc2fea7c8900fc6c4b8c6c394fe]
https://libra-sg.tiktokv.com [404] [GET] [text/html] [404 Not Found] [nginx] [vhost] [Nginx] [70461da8b94c6ca5d2fda3260c5a8c3b]
https://libra-sg.tiktokv.com [404] [GET] [text/html] [404 Not Found] [nginx] [vhost] [Nginx] [8e325dc2fea7c8900fc6c4b8c6c394fe]
https://libra-va.tiktokv.com [404] [GET] [text/html] [404 Not Found] [nginx] [vhost] [Nginx] [8e325dc2fea7c8900fc6c4b8c6c394fe]
https://log16-normal-c-useast2a.tiktokv.com [404] [GET] [text/html] [404 Not Found] [nginx] [vhost] [Nginx] [70461da8b94c6ca5d2fda3260c5a8c3b]
https://log16-normal-c-useast2a.tiktokv.com [404] [GET] [text/html] [404 Not Found] [nginx] [vhost] [Nginx] [8e325dc2fea7c8900fc6c4b8c6c394fe]
https://log58-normal-c-alisg.tiktokv.com [404] [GET] [text/html] [404 Not Found] [nginx] [Nginx] [8e325dc2fea7c8900fc6c4b8c6c394fe]
https://log58-normal-c-alisg.tiktokv.com:444 [200] [GET] [text/html] [Welcome to nginx!] [nginx] [Nginx] [e3eb0a1df437f3f97a64aca5952c8ea0]
https://log58-normal-c-alisg.tiktokv.com:8443 [200] [GET] [text/html] [Welcome to nginx!] [nginx] [Nginx] [e3eb0a1df437f3f97a64aca5952c8ea0]
https://log58-normal-c-useast1a.tiktokv.com:444 [200] [GET] [text/html] [Welcome to nginx!] [nginx] [Nginx] [e3eb0a1df437f3f97a64aca5952c8ea0]
https://log58-normal-c-useast1a.tiktokv.com:8443 [200] [GET] [text/html] [Welcome to nginx!] [nginx] [Nginx] [e3eb0a1df437f3f97a64aca5952c8ea0]
https://log77-normal-c-alisg.tiktokv.com [404] [GET] [text/html] [404 Not Found] [CDN77-Turbo] [CDN77] [70461da8b94c6ca5d2fda3260c5a8c3b]
https://log77-normal-c-alisg.tiktokv.com [404] [GET] [text/html] [404 Not Found] [CDN77-Turbo] [CDN77] [8e325dc2fea7c8900fc6c4b8c6c394fe]
https://log9-normal-c-useast1a.tiktokv.com:8088 [400] [GET] [text/html] [400 Bad Request] [nginx] [Nginx] [baac0967f7e353d0b3822b878905c46b]
https://log9-normal-c-useast1a.tiktokv.com:8090 [400] [GET] [text/html] [400 Bad Request] [nginx] [Nginx] [baac0967f7e353d0b3822b878905c46b]
https://log.tiktokv.com [404] [GET] [text/html] [404 Not Found] [nginx] [vhost] [Nginx] [70461da8b94c6ca5d2fda3260c5a8c3b]
https://log-va.tiktokv.com [504] [GET] [text/html] [504 Gateway Time-out] [nginx] [vhost] [Nginx] [2e7b9d6f18302f47f190831433d4f7c6]
https://log-va.tiktokv.com [504] [GET] [text/html] [504 Gateway Time-out] [nginx] [vhost] [Nginx] [d5fe747284e5f75f6327b70b02f6ff02]
https://mcs-sg.tiktokv.com [404] [GET] [text/plain] [] [nginx] [vhost] [Nginx] [53af239ee5d3e261545dededcb6ffd57]
https://mcs-va.tiktokv.com [404] [GET] [text/plain] [] [nginx] [vhost] [Nginx] [53af239ee5d3e261545dededcb6ffd57]
https://mcs-va-useast2a.tiktokv.com [404] [GET] [text/plain] [] [nginx] [vhost] [Nginx] [53af239ee5d3e261545dededcb6ffd57]
https://mon16-normal-c-useast1a.tiktokv.com [404] [GET] [text/html] [404 Not Found] [nginx] [vhost] [Nginx] [70461da8b94c6ca5d2fda3260c5a8c3b]
https://mon16-normal-c-useast2a.tiktokv.com [404] [GET] [text/html] [404 Not Found] [nginx] [vhost] [Nginx] [8e325dc2fea7c8900fc6c4b8c6c394fe]
https://mon-ru.tiktokv.com [404] [GET] [text/html] [404 Not Found] [nginx] [vhost] [Nginx] [8e325dc2fea7c8900fc6c4b8c6c394fe]
https://mon-sg.tiktokv.com [404] [GET] [text/html] [404 Not Found] [nginx] [vhost] [Nginx] [70461da8b94c6ca5d2fda3260c5a8c3b]
https://mon-sg.tiktokv.com [404] [GET] [text/html] [404 Not Found] [nginx] [vhost] [Nginx] [8e325dc2fea7c8900fc6c4b8c6c394fe]
https://mon.tiktokv.com [404] [GET] [text/html] [404 Not Found] [nginx] [vhost] [Nginx] [70461da8b94c6ca5d2fda3260c5a8c3b]
https://mon.tiktokv.com [404] [GET] [text/html] [404 Not Found] [nginx] [vhost] [Nginx] [8e325dc2fea7c8900fc6c4b8c6c394fe]
https://mon-useast2a.tiktokv.com [404] [GET] [text/html] [404 Not Found] [nginx] [Nginx] [8e325dc2fea7c8900fc6c4b8c6c394fe]
https://mon-va.tiktokv.com [404] [GET] [text/html] [404 Not Found] [nginx] [vhost] [Nginx] [70461da8b94c6ca5d2fda3260c5a8c3b]
https://mssdk-va.tiktokv.com [404] [GET] [text/html] [404 Not Found] [nginx] [vhost] [Nginx] [70461da8b94c6ca5d2fda3260c5a8c3b]
https://mssdk-va.tiktokv.com [404] [GET] [text/html] [404 Not Found] [nginx] [vhost] [Nginx] [8e325dc2fea7c8900fc6c4b8c6c394fe]
https://oec16-normal-alisg.tiktokv.com [404] [GET] [text/html] [404 Not Found] [nginx] [vhost] [Nginx] [70461da8b94c6ca5d2fda3260c5a8c3b]
https://oec16-normal-useast1a.tiktokv.com [404] [GET] [text/html] [404 Not Found] [nginx] [vhost] [Nginx] [70461da8b94c6ca5d2fda3260c5a8c3b]
https://oec16-normal-useast2a.tiktokv.com [404] [GET] [text/html] [404 Not Found] [nginx] [vhost] [Nginx] [70461da8b94c6ca5d2fda3260c5a8c3b]
https://oec16-normal-useast2a.tiktokv.com [404] [GET] [text/html] [404 Not Found] [nginx] [vhost] [Nginx] [8e325dc2fea7c8900fc6c4b8c6c394fe]
https://oec-api.tiktokv.com [404] [GET] [text/html] [404 Not Found] [nginx] [vhost] [Nginx] [70461da8b94c6ca5d2fda3260c5a8c3b]
https://oec-api.tiktokv.com [404] [GET] [text/html] [404 Not Found] [nginx] [vhost] [Nginx] [8e325dc2fea7c8900fc6c4b8c6c394fe]
https://open16-va.tiktokv.com [404] [GET] [text/html] [404 Not Found] [nginx] [vhost] [Nginx] [70461da8b94c6ca5d2fda3260c5a8c3b]
https://open16-va.tiktokv.com [404] [GET] [text/html] [404 Not Found] [nginx] [vhost] [Nginx] [8e325dc2fea7c8900fc6c4b8c6c394fe]
https://open16-va-useast2a.tiktokv.com [404] [GET] [text/html] [404 Not Found] [nginx] [vhost] [Nginx] [8e325dc2fea7c8900fc6c4b8c6c394fe]
https://rtlog.tiktokv.com [404] [GET] [text/html] [404 Not Found] [nginx] [vhost] [Nginx] [70461da8b94c6ca5d2fda3260c5a8c3b]
https://rtlog.tiktokv.com [404] [GET] [text/html] [404 Not Found] [nginx] [vhost] [Nginx] [8e325dc2fea7c8900fc6c4b8c6c394fe]
https://rtlog-va.tiktokv.com [404] [GET] [text/html] [404 Not Found] [nginx] [vhost] [Nginx] [70461da8b94c6ca5d2fda3260c5a8c3b]
https://rtlog-va.tiktokv.com [404] [GET] [text/html] [404 Not Found] [nginx] [vhost] [Nginx] [8e325dc2fea7c8900fc6c4b8c6c394fe]
https://sdfp16-normal-c-useast1a.tiktokv.com [502] [GET] [text/html] [502 Bad Gateway] [nginx] [vhost] [Nginx] [261b1f079fa0a5c0c32d181e43440c05]
https://sdfp16-normal-c-useast1a.tiktokv.com [502] [GET] [text/html] [502 Bad Gateway] [nginx] [vhost] [Nginx] [8dce59ae8ddc42b04d1f7e2c0c95ec3d]
https://sdfp16-tmp-normal-useast1a.tiktokv.com [502] [GET] [text/html] [502 Bad Gateway] [nginx] [vhost] [Nginx] [8dce59ae8ddc42b04d1f7e2c0c95ec3d]
https://sdfp-sg.tiktokv.com [503] [GET] [application/json] [] [nginx] [vhost] [Nginx] [445cb78d28b25fedf22152b2bceb05cc]
https://sdfp-va.tiktokv.com [502] [GET] [text/html] [502 Bad Gateway] [nginx] [vhost] [Nginx] [261b1f079fa0a5c0c32d181e43440c05]
https://sdfp-va.tiktokv.com [502] [GET] [text/html] [502 Bad Gateway] [nginx] [vhost] [Nginx] [8dce59ae8ddc42b04d1f7e2c0c95ec3d]
https://sdfp-va-useast2a.tiktokv.com [502] [GET] [text/html] [502 Bad Gateway] [nginx] [vhost] [Nginx] [261b1f079fa0a5c0c32d181e43440c05]
https://sdfp-va-useast2a.tiktokv.com [502] [GET] [text/html] [502 Bad Gateway] [nginx] [vhost] [Nginx] [8dce59ae8ddc42b04d1f7e2c0c95ec3d]
https://search16-normal-c-alisg.tiktokv.com [404] [GET] [text/html] [404 Not Found] [nginx] [vhost] [Nginx] [70461da8b94c6ca5d2fda3260c5a8c3b]
https://search16-normal-c-alisg.tiktokv.com [404] [GET] [text/html] [404 Not Found] [nginx] [vhost] [Nginx] [8e325dc2fea7c8900fc6c4b8c6c394fe]
https://search16-normal-c-useast1a.tiktokv.com [404] [GET] [text/html] [404 Not Found] [nginx] [vhost] [Nginx] [70461da8b94c6ca5d2fda3260c5a8c3b]
https://search16-normal-c-useast1a.tiktokv.com [404] [GET] [text/html] [404 Not Found] [nginx] [vhost] [Nginx] [8e325dc2fea7c8900fc6c4b8c6c394fe]
https://search19-normal-c-useast1a.tiktokv.com [404] [GET] [text/html] [404 Not Found] [nginx] [vhost] [fastly] [Fastly,Nginx,Varnish] [70461da8b94c6ca5d2fda3260c5a8c3b]
https://search19-normal-c-useast1a.tiktokv.com [404] [GET] [text/html] [404 Not Found] [nginx] [vhost] [fastly] [Fastly,Nginx,Varnish] [8e325dc2fea7c8900fc6c4b8c6c394fe]
https://search22-normal-c-alisg.tiktokv.com [404] [GET] [text/html] [404 Not Found] [nginx] [vhost] [google] [Google Cloud,Google Cloud CDN,Nginx] [70461da8b94c6ca5d2fda3260c5a8c3b]
https://search22-normal-c-alisg.tiktokv.com [404] [GET] [text/html] [404 Not Found] [nginx] [vhost] [google] [Google Cloud,Google Cloud CDN,Nginx] [8e325dc2fea7c8900fc6c4b8c6c394fe]
https://search22-normal-c-useast1a.tiktokv.com [404] [GET] [text/html] [404 Not Found] [nginx] [google] [Google Cloud,Google Cloud CDN,Nginx] [8e325dc2fea7c8900fc6c4b8c6c394fe]
https://search22-normal-c-useast1a.tiktokv.com [404] [GET] [text/html] [404 Not Found] [nginx] [vhost] [google] [Google Cloud,Google Cloud CDN,Nginx] [70461da8b94c6ca5d2fda3260c5a8c3b]
https://search.tiktokv.com [404] [GET] [text/html] [404 Not Found] [nginx] [vhost] [Nginx] [70461da8b94c6ca5d2fda3260c5a8c3b]
https://search.tiktokv.com [404] [GET] [text/html] [404 Not Found] [nginx] [vhost] [Nginx] [8e325dc2fea7c8900fc6c4b8c6c394fe]
https://search-va.tiktokv.com [404] [GET] [text/html] [404 Not Found] [nginx] [vhost] [Nginx] [70461da8b94c6ca5d2fda3260c5a8c3b]
https://smr-sg.tiktokv.com [404] [GET] [text/plain] [] [nginx] [vhost] [Nginx] [53af239ee5d3e261545dededcb6ffd57]
https://smr-va.tiktokv.com [404] [GET] [text/plain] [] [nginx] [vhost] [Nginx] [53af239ee5d3e261545dededcb6ffd57]
https://tiktokv.com [404] [GET] [text/html] [404 Not Found] [nginx] [vhost] [Nginx] [70461da8b94c6ca5d2fda3260c5a8c3b]
https://tiktokv.com [404] [GET] [text/html] [404 Not Found] [nginx] [vhost] [Nginx] [8e325dc2fea7c8900fc6c4b8c6c394fe]
https://tnc16-alisg.tiktokv.com [404] [GET] [text/html] [404 Not Found] [nginx] [vhost] [Nginx] [8e325dc2fea7c8900fc6c4b8c6c394fe]
https://tnc16-platform-alisg.tiktokv.com [404] [GET] [text/html] [404 Not Found] [nginx] [vhost] [Nginx] [70461da8b94c6ca5d2fda3260c5a8c3b]
https://tnc16-platform-alisg.tiktokv.com [404] [GET] [text/html] [404 Not Found] [nginx] [vhost] [Nginx] [8e325dc2fea7c8900fc6c4b8c6c394fe]
https://tnc16-platform-useast1a.tiktokv.com [404] [GET] [text/html] [404 Not Found] [nginx] [vhost] [Nginx] [70461da8b94c6ca5d2fda3260c5a8c3b]
https://tnc16-useast1a.tiktokv.com [404] [GET] [text/html] [404 Not Found] [nginx] [vhost] [Nginx] [70461da8b94c6ca5d2fda3260c5a8c3b]
https://tnc16-useast2a.tiktokv.com [503] [GET] [text/html] [Error] [AkamaiGHost] [vhost] [5a61314dbfc9df975aeef407c6587e3c]
https://tnc16-useast2a.tiktokv.com [503] [GET] [text/html] [Error] [AkamaiGHost] [vhost] [ef596776067c0966289c5168f19c4524]
https://tos-maliva16-up.tiktokv.com [504] [GET] [text/html] [504 Gateway Time-out] [nginx] [vhost] [Nginx] [2e7b9d6f18302f47f190831433d4f7c6]
https://tos-maliva19-up.tiktokv.com [504] [GET] [text/html] [504 Gateway Time-out] [nginx] [vhost] [fastly] [Fastly,Nginx,Varnish] [2e7b9d6f18302f47f190831433d4f7c6]
https://tos-maliva21-up.tiktokv.com [504] [GET] [text/html] [504 Gateway Time-out] [nginx] [vhost] [fastly] [Fastly,Nginx,Varnish] [2e7b9d6f18302f47f190831433d4f7c6]
https://tp-pay-mva.tiktokv.com [404] [GET] [text/html] [404 Not Found] [nginx] [vhost] [Nginx] [70461da8b94c6ca5d2fda3260c5a8c3b]
https://tp-pay-mva.tiktokv.com [404] [GET] [text/html] [404 Not Found] [nginx] [vhost] [Nginx] [8e325dc2fea7c8900fc6c4b8c6c394fe]
https://ttnet-useast2a.tiktokv.com [404] [GET] [text/html] [404 Not Found] [nginx] [Nginx] [8e325dc2fea7c8900fc6c4b8c6c394fe]
https://ugattribution-sg.tiktokv.com [404] [GET] [text/html] [404 Not Found] [nginx] [vhost] [Nginx] [70461da8b94c6ca5d2fda3260c5a8c3b]
https://ugattribution-sg.tiktokv.com [404] [GET] [text/html] [404 Not Found] [nginx] [vhost] [Nginx] [8e325dc2fea7c8900fc6c4b8c6c394fe]
https://upload22-normal-c-alisg.tiktokv.com [404] [GET] [text/html] [404 Not Found] [nginx] [vhost] [Nginx] [70461da8b94c6ca5d2fda3260c5a8c3b]
https://upload22-normal-c-alisg.tiktokv.com [404] [GET] [text/html] [404 Not Found] [nginx] [vhost] [Nginx] [8e325dc2fea7c8900fc6c4b8c6c394fe]
https://v16.tiktokv.com [503] [GET] [text/html] [Error] [AkamaiGHost] [vhost] [b4438d27bec8f637394a7c1edf069a36]
https://v16.tiktokv.com [503] [GET] [text/html] [Error] [AkamaiGHost] [vhost] [b9b30755ba3fc4912d48059ef48211b7]
https://v16-up.tiktokv.com [503] [GET] [text/html] [Error] [AkamaiGHost] [vhost] [65117ee4a304b21271b9f09f2f5e0f45]
https://v16-up.tiktokv.com [503] [GET] [text/html] [Error] [AkamaiGHost] [vhost] [ea3c865cba1422d67fae7aeaddca67b3]
https://vas-alisg16.tiktokv.com [404] [GET] [text/html] [404 Not Found] [nginx] [vhost] [Nginx] [8e325dc2fea7c8900fc6c4b8c6c394fe]
https://vas-maliva16.tiktokv.com [404] [GET] [text/html] [404 Not Found] [nginx] [vhost] [Nginx] [8e325dc2fea7c8900fc6c4b8c6c394fe]
https://vcs-sg.tiktokv.com [404] [GET] [text/plain] [] [nginx] [vhost] [Nginx] [53af239ee5d3e261545dededcb6ffd57]
https://vcs-va.tiktokv.com [404] [GET] [text/plain] [] [nginx] [vhost] [Nginx] [53af239ee5d3e261545dededcb6ffd57]
https://vcs-va-useast2a.tiktokv.com [404] [GET] [text/plain] [] [nginx] [vhost] [Nginx] [53af239ee5d3e261545dededcb6ffd57]
https://verification16-normal-c-useast1a.tiktokv.com [404] [GET] [text/plain] [] [nginx] [vhost] [Nginx] [53af239ee5d3e261545dededcb6ffd57]
https://verification16-normal-c-useast2a.tiktokv.com [404] [GET] [text/plain] [] [nginx] [vhost] [Nginx] [53af239ee5d3e261545dededcb6ffd57]
https://verification16-tmp-normal-useast1a.tiktokv.com [404] [GET] [text/plain] [] [nginx] [vhost] [Nginx] [53af239ee5d3e261545dededcb6ffd57]
https://verification-va.tiktokv.com [404] [GET] [text/plain] [] [nginx] [vhost] [Nginx] [53af239ee5d3e261545dededcb6ffd57]
https://verification-va-useast2a.tiktokv.com [404] [GET] [text/plain] [] [nginx] [vhost] [Nginx] [53af239ee5d3e261545dededcb6ffd57]
https://verify-sg.tiktokv.com [404] [GET] [text/plain] [] [nginx] [vhost] [Nginx] [53af239ee5d3e261545dededcb6ffd57]
https://video-sg.tiktokv.com [403] [GET] [text/html] [403 Forbidden] [nginx] [vhost] [Nginx] [4dec45889e09ec3ceb63fd65825d0f11]
https://video-tcs-sg.tiktokv.com [403] [GET] [text/html] [403 Forbidden] [nginx] [vhost] [Nginx] [4dec45889e09ec3ceb63fd65825d0f11]
https://video-tcs-va.tiktokv.com [403] [GET] [text/html] [403 Forbidden] [nginx] [vhost] [Nginx] [4dec45889e09ec3ceb63fd65825d0f11]
https://video-va.tiktokv.com [403] [GET] [text/html] [403 Forbidden] [nginx] [vhost] [Nginx] [bc56979a0b381a791dd59713198a87fb]
https://vod-maliva.tiktokv.com [400] [GET] [application/json] [] [nginx] [vhost] [Nginx] [0d34c37a113baa9bca870d502fc9b4a3]
https://vod-maliva.tiktokv.com [400] [GET] [application/json] [] [nginx] [vhost] [Nginx] [1d4f1e3d57db698928fcb883ee520224]
https://vod-sg.tiktokv.com [400] [GET] [application/json] [] [nginx] [vhost] [Nginx] [0291afa259bd49f87622e03bed0d5258]
https://vod-sg.tiktokv.com [400] [GET] [application/json] [] [nginx] [vhost] [Nginx] [ea31d54911eb2bc6502c5bad19b742d0]
https://v-va.tiktokv.com [200] [GET] [application/json] [] [nginx] [vhost] [Nginx] [a546b9702956622f15485805e9fef828]
https://webcast16-core-c-useast1a.tiktokv.com [404] [GET] [text/html] [404 Not Found] [nginx] [vhost] [Nginx] [8e325dc2fea7c8900fc6c4b8c6c394fe]
https://webcast16-core-c-useast2a.tiktokv.com [404] [GET] [text/html] [404 Not Found] [nginx] [vhost] [Nginx] [70461da8b94c6ca5d2fda3260c5a8c3b]
https://webcast16-normal-c-alisg.tiktokv.com [404] [GET] [text/html] [404 Not Found] [nginx] [vhost] [Nginx] [8e325dc2fea7c8900fc6c4b8c6c394fe]
https://webcast16-normal-c-useast1a.tiktokv.com [404] [GET] [text/html] [404 Not Found] [nginx] [vhost] [Nginx] [70461da8b94c6ca5d2fda3260c5a8c3b]
https://webcast16-normal-c-useast1a.tiktokv.com [404] [GET] [text/html] [404 Not Found] [nginx] [vhost] [Nginx] [8e325dc2fea7c8900fc6c4b8c6c394fe]
https://webcast16-normal-c-useast2a.tiktokv.com [404] [GET] [text/html] [404 Not Found] [nginx] [vhost] [Nginx] [70461da8b94c6ca5d2fda3260c5a8c3b]
https://webcast16-normal-c-useast2a.tiktokv.com [404] [GET] [text/html] [404 Not Found] [nginx] [vhost] [Nginx] [8e325dc2fea7c8900fc6c4b8c6c394fe]
https://webcast16.tiktokv.com [404] [GET] [text/html] [404 Not Found] [nginx] [vhost] [Nginx] [8e325dc2fea7c8900fc6c4b8c6c394fe]
https://webcast16-tmp-normal-useast1a.tiktokv.com [404] [GET] [text/html] [404 Not Found] [nginx] [vhost] [Nginx] [70461da8b94c6ca5d2fda3260c5a8c3b]
https://webcast16-tmp-normal-useast1a.tiktokv.com [404] [GET] [text/html] [404 Not Found] [nginx] [vhost] [Nginx] [8e325dc2fea7c8900fc6c4b8c6c394fe]
https://webcast16-va.tiktokv.com [404] [GET] [text/html] [404 Not Found] [nginx] [vhost] [Nginx] [8e325dc2fea7c8900fc6c4b8c6c394fe]
https://webcast16-ws-c-alisg.tiktokv.com [404] [GET] [text/html] [404 Not Found] [nginx] [vhost] [Nginx] [8e325dc2fea7c8900fc6c4b8c6c394fe]
https://webcast16-ws-c-va.tiktokv.com [404] [GET] [text/html] [404 Not Found] [nginx] [vhost] [Nginx] [8e325dc2fea7c8900fc6c4b8c6c394fe]
https://webcast19-core-c-alisg.tiktokv.com [404] [GET] [text/html] [404 Not Found] [nginx] [vhost] [fastly] [Fastly,Nginx,Varnish] [8e325dc2fea7c8900fc6c4b8c6c394fe]
https://webcast19-core-c-useast1a.tiktokv.com [404] [GET] [text/html] [404 Not Found] [nginx] [vhost] [fastly] [Fastly,Nginx,Varnish] [70461da8b94c6ca5d2fda3260c5a8c3b]
https://webcast19-core-c-useast2a.tiktokv.com [404] [GET] [text/html] [404 Not Found] [nginx] [vhost] [fastly] [Fastly,Nginx,Varnish] [70461da8b94c6ca5d2fda3260c5a8c3b]
https://webcast19-core-c-useast2a.tiktokv.com [404] [GET] [text/html] [404 Not Found] [nginx] [vhost] [fastly] [Fastly,Nginx,Varnish] [8e325dc2fea7c8900fc6c4b8c6c394fe]
https://webcast19-normal-c-alisg.tiktokv.com [404] [GET] [text/html] [404 Not Found] [nginx] [vhost] [fastly] [Fastly,Nginx,Varnish] [8e325dc2fea7c8900fc6c4b8c6c394fe]
https://webcast19-normal-c-useast1a.tiktokv.com [404] [GET] [text/html] [404 Not Found] [nginx] [vhost] [fastly] [Fastly,Nginx,Varnish] [70461da8b94c6ca5d2fda3260c5a8c3b]
https://webcast19-normal-c-useast1a.tiktokv.com [404] [GET] [text/html] [404 Not Found] [nginx] [vhost] [fastly] [Fastly,Nginx,Varnish] [8e325dc2fea7c8900fc6c4b8c6c394fe]
https://webcast19-normal-c-useast2a.tiktokv.com [404] [GET] [text/html] [404 Not Found] [nginx] [vhost] [fastly] [Fastly,Nginx,Varnish] [70461da8b94c6ca5d2fda3260c5a8c3b]
https://webcast19.tiktokv.com [404] [GET] [text/html] [404 Not Found] [nginx] [vhost] [fastly] [Fastly,Nginx,Varnish] [70461da8b94c6ca5d2fda3260c5a8c3b]
https://webcast19-va.tiktokv.com [404] [GET] [text/html] [404 Not Found] [nginx] [vhost] [fastly] [Fastly,Nginx,Varnish] [70461da8b94c6ca5d2fda3260c5a8c3b]
https://webcast19-va.tiktokv.com [404] [GET] [text/html] [404 Not Found] [nginx] [vhost] [fastly] [Fastly,Nginx,Varnish] [8e325dc2fea7c8900fc6c4b8c6c394fe]
https://webcast1.tiktokv.com [400] [GET] [text/html] [Invalid URL] [AkamaiGHost] [7991e61dcf8dd0f83cb0391f85712192]
https://webcast1.tiktokv.com [400] [GET] [text/html] [Invalid URL] [AkamaiGHost] [cf63e5a75385cee08d4ff29e7832e986]
https://webcast21-core-c-useast1a.tiktokv.com [404] [GET] [text/html] [404 Not Found] [nginx] [vhost] [fastly] [Fastly,Nginx,Varnish] [70461da8b94c6ca5d2fda3260c5a8c3b]
https://webcast21-core-c-useast1a.tiktokv.com [404] [GET] [text/html] [404 Not Found] [nginx] [vhost] [fastly] [Fastly,Nginx,Varnish] [8e325dc2fea7c8900fc6c4b8c6c394fe]
https://webcast21-core-c-useast2a.tiktokv.com [404] [GET] [text/html] [404 Not Found] [nginx] [vhost] [fastly] [Fastly,Nginx,Varnish] [70461da8b94c6ca5d2fda3260c5a8c3b]
https://webcast21-core-c-useast2a.tiktokv.com [404] [GET] [text/html] [404 Not Found] [nginx] [vhost] [fastly] [Fastly,Nginx,Varnish] [8e325dc2fea7c8900fc6c4b8c6c394fe]
https://webcast21-normal-c-alisg.tiktokv.com [404] [GET] [text/html] [404 Not Found] [nginx] [vhost] [fastly] [Fastly,Nginx,Varnish] [70461da8b94c6ca5d2fda3260c5a8c3b]
https://webcast21-normal-c-useast1a.tiktokv.com [404] [GET] [text/html] [404 Not Found] [nginx] [vhost] [fastly] [Fastly,Nginx,Varnish] [8e325dc2fea7c8900fc6c4b8c6c394fe]
https://webcast21-normal-c-useast2a.tiktokv.com [404] [GET] [text/html] [404 Not Found] [nginx] [vhost] [fastly] [Fastly,Nginx,Varnish] [8e325dc2fea7c8900fc6c4b8c6c394fe]
https://webcast21.tiktokv.com [404] [GET] [text/html] [404 Not Found] [nginx] [vhost] [fastly] [Fastly,Nginx,Varnish] [70461da8b94c6ca5d2fda3260c5a8c3b]
https://webcast21.tiktokv.com [404] [GET] [text/html] [404 Not Found] [nginx] [vhost] [fastly] [Fastly,Nginx,Varnish] [8e325dc2fea7c8900fc6c4b8c6c394fe]
https://webcast21-va.tiktokv.com [404] [GET] [text/html] [404 Not Found] [nginx] [vhost] [fastly] [Fastly,Nginx,Varnish] [70461da8b94c6ca5d2fda3260c5a8c3b]
https://webcast22-core-c-useast1a.tiktokv.com [404] [GET] [text/html] [404 Not Found] [nginx] [google] [Google Cloud,Google Cloud CDN,Nginx] [70461da8b94c6ca5d2fda3260c5a8c3b]
https://webcast22-core-c-useast1a.tiktokv.com [404] [GET] [text/html] [404 Not Found] [nginx] [vhost] [google] [Google Cloud,Google Cloud CDN,Nginx] [70461da8b94c6ca5d2fda3260c5a8c3b]
https://webcast22-normal-c-alisg.tiktokv.com [404] [GET] [text/html] [404 Not Found] [nginx] [google] [Google Cloud,Google Cloud CDN,Nginx] [8e325dc2fea7c8900fc6c4b8c6c394fe]
https://webcast22-normal-c-useast1a.tiktokv.com [404] [GET] [text/html] [404 Not Found] [nginx] [google] [Google Cloud,Google Cloud CDN,Nginx] [8e325dc2fea7c8900fc6c4b8c6c394fe]
https://webcast22-normal-c-useast1a.tiktokv.com [404] [GET] [text/html] [404 Not Found] [nginx] [vhost] [google] [Google Cloud,Google Cloud CDN,Nginx] [70461da8b94c6ca5d2fda3260c5a8c3b]
https://webcast22-normal-c-useast2a.tiktokv.com [404] [GET] [text/html] [404 Not Found] [nginx] [google] [Google Cloud,Google Cloud CDN,Nginx] [8e325dc2fea7c8900fc6c4b8c6c394fe]
https://webcast2.tiktokv.com [400] [GET] [text/html] [Invalid URL] [AkamaiGHost] [3b3c140a6fdcbf8f53f626f65e422512]
https://webcast2.tiktokv.com [400] [GET] [text/html] [Invalid URL] [AkamaiGHost] [e2e31846d93c69bbbb21471011406ef9]
https://webcast4.tiktokv.com [400] [GET] [text/html] [Invalid URL] [AkamaiGHost] [49eb696b4a552719ec36041317d430b4]
https://webcast4.tiktokv.com [400] [GET] [text/html] [Invalid URL] [AkamaiGHost] [8b1f26e83b13167de72c949eb0c9755c]
https://webcast5.tiktokv.com [400] [GET] [text/html] [Invalid URL] [AkamaiGHost] [2d13869d2eeb37ab422d8e7cfe472e6e]
https://webcast5.tiktokv.com [400] [GET] [text/html] [Invalid URL] [AkamaiGHost] [791016b9bed0d6518c02a71cecd903c2]
https://webcast-ru.tiktokv.com [404] [GET] [text/html] [404 Not Found] [nginx] [vhost] [Nginx] [8e325dc2fea7c8900fc6c4b8c6c394fe]
https://webcast.tiktokv.com [404] [GET] [text/html] [404 Not Found] [nginx] [vhost] [Nginx] [70461da8b94c6ca5d2fda3260c5a8c3b]
https://webcast.tiktokv.com [404] [GET] [text/html] [404 Not Found] [nginx] [vhost] [Nginx] [8e325dc2fea7c8900fc6c4b8c6c394fe]
https://webcast-useast1a.tiktokv.com [404] [GET] [text/html] [404 Not Found] [nginx] [vhost] [Nginx] [8e325dc2fea7c8900fc6c4b8c6c394fe]
https://webcast-useast2a.tiktokv.com [404] [GET] [text/html] [404 Not Found] [nginx] [vhost] [Nginx] [8e325dc2fea7c8900fc6c4b8c6c394fe]
https://webcast-va.tiktokv.com [404] [GET] [text/html] [404 Not Found] [nginx] [vhost] [Nginx] [70461da8b94c6ca5d2fda3260c5a8c3b]
https://webcast-va.tiktokv.com [404] [GET] [text/html] [404 Not Found] [nginx] [vhost] [Nginx] [8e325dc2fea7c8900fc6c4b8c6c394fe]
https://www.tiktokv.com [301] [GET] [text/html] [301 Moved Permanently] [nginx] [vhost] [Nginx] [cd2e0e43980a00fb6a2742d3afd803b8]
https://xlog16-normal-c-useast1a.tiktokv.com [404] [GET] [text/plain] [] [nginx] [vhost] [Nginx] [53af239ee5d3e261545dededcb6ffd57]
https://xlog16-normal-c-useast2a.tiktokv.com [404] [GET] [text/plain] [] [nginx] [vhost] [Nginx] [53af239ee5d3e261545dededcb6ffd57]
https://xlog.tiktokv.com [404] [GET] [text/plain] [] [nginx] [vhost] [Nginx] [53af239ee5d3e261545dededcb6ffd57]
https://xlog-va.tiktokv.com [404] [GET] [text/plain] [] [nginx] [vhost] [Nginx] [53af239ee5d3e261545dededcb6ffd57]
https://xlog-va-useast2a.tiktokv.com [404] [GET] [text/plain] [] [nginx] [vhost] [Nginx] [53af239ee5d3e261545dededcb6ffd57]
