http://docs.tokemak.xyz:2082 [302] [GET] [] [] [cloudflare] [vhost] [cloudflare] [Cloudflare] [d41d8cd98f00b204e9800998ecf8427e]
http://docs.tokemak.xyz:2086 [302] [GET] [] [] [cloudflare] [vhost] [cloudflare] [Cloudflare] [d41d8cd98f00b204e9800998ecf8427e]
http://docs.tokemak.xyz:8080 [302] [GET] [] [] [cloudflare] [vhost] [cloudflare] [Cloudflare] [d41d8cd98f00b204e9800998ecf8427e]
http://docs.tokemak.xyz:8880 [302] [GET] [] [] [cloudflare] [vhost] [cloudflare] [Cloudflare] [d41d8cd98f00b204e9800998ecf8427e]
http://ipfs.tokemak.xyz:2086 [301] [GET] [] [] [cloudflare] [vhost] [cloudflare] [Cloudflare,Cloudflare Bot Management] [d41d8cd98f00b204e9800998ecf8427e]
http://ipfs.tokemak.xyz:8080 [301] [GET] [] [] [cloudflare] [vhost] [cloudflare] [Cloudflare,Cloudflare Bot Management] [d41d8cd98f00b204e9800998ecf8427e]
http://ipfs.tokemak.xyz:8880 [301] [GET] [] [] [cloudflare] [vhost] [cloudflare] [Cloudflare,Cloudflare Bot Management] [d41d8cd98f00b204e9800998ecf8427e]
https://docs.tokemak.xyz [200] [GET] [text/html] [An Introduction to Tokemak - Tokemak: The Utility for Sustainable Liquidity] [cloudflare] [vhost] [cloudflare] [Algolia,Cloudflare,Google Cloud,Google Cloud Trace,React] [b08a17bf675ef2cb7083e6133610e5d3]
https://docs.tokemak.xyz:2083 [200] [GET] [text/html] [An Introduction to Tokemak - Tokemak: The Utility for Sustainable Liquidity] [cloudflare] [vhost] [cloudflare] [Algolia,Cloudflare,Google Cloud,Google Cloud Trace,React] [ba82baafa9bd86d276a0502d1285bede]
https://docs.tokemak.xyz:2087 [200] [GET] [text/html] [An Introduction to Tokemak - Tokemak: The Utility for Sustainable Liquidity] [cloudflare] [vhost] [cloudflare] [Algolia,Cloudflare,Google Cloud,Google Cloud Trace,React] [6a52a6f6ea1150fdec5886716b173041]
https://docs.tokemak.xyz:8443 [200] [GET] [text/html] [An Introduction to Tokemak - Tokemak: The Utility for Sustainable Liquidity] [cloudflare] [vhost] [cloudflare] [Algolia,Cloudflare,Google Cloud,Google Cloud Trace,React] [0bfafbdd4d93f6985a5aa71cd861e56e]
https://ipfs.tokemak.xyz [200] [GET] [application/octet-stream] [] [cloudflare] [vhost] [cloudflare] [Cloudflare,Cloudflare Bot Management] [d41d8cd98f00b204e9800998ecf8427e]
https://ipfs.tokemak.xyz:2053 [200] [GET] [application/octet-stream] [] [cloudflare] [vhost] [cloudflare] [Cloudflare,Cloudflare Bot Management] [d41d8cd98f00b204e9800998ecf8427e]
https://ipfs.tokemak.xyz:2087 [200] [GET] [application/octet-stream] [] [cloudflare] [vhost] [cloudflare] [Cloudflare,Cloudflare Bot Management] [d41d8cd98f00b204e9800998ecf8427e]
https://ipfs.tokemak.xyz:2096 [200] [GET] [application/octet-stream] [] [cloudflare] [vhost] [cloudflare] [Cloudflare,Cloudflare Bot Management] [d41d8cd98f00b204e9800998ecf8427e]
https://ipfs.tokemak.xyz [403] [GET] [text/plain] [] [cloudflare] [vhost] [cloudflare] [Cloudflare,Cloudflare Bot Management] [4f20b85ce5ebf225720e040314a7966a]
https://ipfs.tokemak.xyz:8443 [200] [GET] [application/octet-stream] [] [cloudflare] [vhost] [cloudflare] [Cloudflare,Cloudflare Bot Management] [d41d8cd98f00b204e9800998ecf8427e]
http://snapshot.tokemak.xyz:8082 [403] [GET] [text/html] [403 Forbidden] [nginx] [vhost] [Nginx] [4f8afc2689243991dcede77ebc8b25c8]
http://snapshot.tokemak.xyz:8084 [403] [GET] [text/html] [403 Forbidden] [nginx] [vhost] [Nginx] [4f8afc2689243991dcede77ebc8b25c8]
http://snapshot.tokemak.xyz:8085 [403] [GET] [text/html] [403 Forbidden] [nginx] [vhost] [Nginx] [4f8afc2689243991dcede77ebc8b25c8]
https://snapshot.tokemak.xyz:1935 [403] [GET] [application/octet-stream] [] [nginx] [Nginx] [086d9069069ed62de536cbd4f326d0a9]
https://snapshot.tokemak.xyz [200] [GET] [text/html] [Snapshot] [BunnyCDN-IL-463] [vhost] [Bunny,IPFS] [74fe4acc00519235bfd32759c7b59396]
https://snapshot.tokemak.xyz [200] [GET] [text/html] [Snapshot] [BunnyCDN-SIL-915] [vhost] [Bunny,IPFS] [74fe4acc00519235bfd32759c7b59396]
