https://1password-scim.live.aws.tomorrow.one [403] [GET] [text/html] [403 Forbidden] [] [vhost] [4b074b0b59693fa9f94fb71b175fb187]
https://1password-scim.live.aws.tomorrow.one [403] [GET] [text/html] [403 Forbidden] [] [vhost] [9fe3cb2b7313dc79bb477bc8fde184a7]
https://api.live.aws.tomorrow.one [400] [GET] [application/json] [] [] [vhost] [04f1fc7e3e879964ecb5b8a56b5a8eed]
https://api.live.aws.tomorrow.one [400] [GET] [application/json] [] [] [vhost] [97cd4ddc08900ab5f08226303bbfe129]
https://api.staging.aws.tomorrow.one [400] [GET] [application/json] [] [] [vhost] [2dadb7ae003bf134f0b87b0448d14893]
https://api.staging.aws.tomorrow.one [400] [GET] [application/json] [] [] [vhost] [d677d61caa0cf33131bf838f9ac7ff92]
https://api.tomorrow.one [400] [GET] [application/json] [] [] [vhost] [1412a9c71fce54f61db217c0025684a9]
https://api.tomorrow.one [400] [GET] [application/json] [] [] [vhost] [401cdeb5d81cc31e3200cc46bd6dcf84]
https://assets.tomorrow.one [403] [GET] [application/xml] [] [AmazonS3] [vhost] [cloudfront] [Amazon Cloudfront,Amazon S3,Amazon Web Services] [f36006826d48625577cfaae5acb93308]
https://assets.tomorrow.one [403] [GET] [application/xml] [] [AmazonS3] [vhost] [cloudfront] [Amazon Cloudfront,Amazon S3,Amazon Web Services] [f77b1677e013d252c8b774fdab37f429]
https://clicks.tomorrow.one [404] [GET] [text/html] [404 Not Found] [msys-http] [vhost] [cloudfront] [Amazon Cloudfront,Amazon Web Services] [ad76203cbb9feb6a77342842816f7b51]
https://community.live.aws.tomorrow.one [200] [GET] [text/html] [Community | Tomorrow] [] [Discourse,Google Tag Manager,Ruby on Rails] [922a17d804813c8e698dbc1e2f890caa]
https://community.live.aws.tomorrow.one [200] [GET] [text/html] [Community | Tomorrow] [] [Discourse,Google Tag Manager,Ruby on Rails] [bfa019bbf7c2442d6ad161e2c823b598]
https://community.tomorrow.one [200] [GET] [text/html] [Community | Tomorrow] [] [Discourse,Google Tag Manager,Ruby on Rails] [f552d52bf7124b76eb7d8629c090f249]
https://community.tomorrow.one [200] [GET] [text/html] [Community | Tomorrow] [] [Discourse,Ruby on Rails] [d38db1fcd9d3edb6d3e98cf6030f42c6]
https://content.live.aws.tomorrow.one [403] [GET] [application/xml] [] [AmazonS3] [vhost] [cloudfront] [Amazon Cloudfront,Amazon S3,Amazon Web Services] [190f8f51109f8be532d1784910f1381d]
https://content.live.aws.tomorrow.one [403] [GET] [application/xml] [] [AmazonS3] [vhost] [cloudfront] [Amazon Cloudfront,Amazon S3,Amazon Web Services] [466ebc1e771fc4901a8fbbb9f0cf5d29]
https://content.staging.aws.tomorrow.one [403] [GET] [application/xml] [] [AmazonS3] [vhost] [cloudfront] [Amazon Cloudfront,Amazon S3,Amazon Web Services] [5aa8922627a35f5807d863ff6ce4fb01]
https://content.staging.aws.tomorrow.one [403] [GET] [application/xml] [] [AmazonS3] [vhost] [cloudfront] [Amazon Cloudfront,Amazon S3,Amazon Web Services] [be35993d046877fbd8402a42faecba2f]
https://fslink.tomorrow.one [404] [GET] [text/plain] [] [] [d41d8cd98f00b204e9800998ecf8427e]
https://fwtrack1.tomorrow.one [404] [GET] [text/html] [404 Not Found] [nginx] [Nginx] [70461da8b94c6ca5d2fda3260c5a8c3b]
https://fwtrack.tomorrow.one [404] [GET] [text/plain] [] [awselb/2.0] [d41d8cd98f00b204e9800998ecf8427e]
https://get.tomorrow.one [301] [GET] [text/html] [301 Moved Permanently] [] [vhost] [4f8e702cc244ec5d4de32740c0ecbd97]
http://shop.tomorrow.one:2052 [403] [GET] [text/html] [Attention Required! | Cloudflare] [cloudflare] [Cloudflare,Cloudflare Network Error Logging] [1172222de9d8d90994546dac3b0af469]
http://shop.tomorrow.one:2082 [403] [GET] [text/html] [Attention Required! | Cloudflare] [cloudflare] [Cloudflare,Cloudflare Network Error Logging] [76d1be49f2f8a8fe3b883871c43d1744]
http://shop.tomorrow.one:2086 [403] [GET] [text/html] [Attention Required! | Cloudflare] [cloudflare] [Cloudflare,Cloudflare Network Error Logging] [bd0a07df585de5976f36072e4b494a5f]
http://shop.tomorrow.one:2095 [403] [GET] [text/html] [Attention Required! | Cloudflare] [cloudflare] [Cloudflare,Cloudflare Network Error Logging] [64355c830d2e94f4d90a1aab8003d8f8]
http://shop.tomorrow.one:8080 [403] [GET] [text/html] [Attention Required! | Cloudflare] [cloudflare] [Cloudflare,Cloudflare Network Error Logging] [8c02d0615576d291e353ba5aff701f9e]
http://shop.tomorrow.one:8880 [403] [GET] [text/html] [Attention Required! | Cloudflare] [cloudflare] [Cloudflare,Cloudflare Network Error Logging] [4a3a48e00de59a8663d6cf2baff4837f]
https://invest-guides.prototype.staging.aws.tomorrow.one [401] [GET] [text/html] [401 Authorization Required] [] [vhost] [Basic] [55f69d37caed0efafa4d15970ed5f18e]
https://jobs-faq.tomorrow.one [302] [GET] [text/html] [] [fwe] [vhost] [Envoy,RackCache,Ruby] [eda37979ac05941b3f2fad968389b97f]
https://lifestyle.prototype.staging.aws.tomorrow.one [401] [GET] [text/html] [401 Authorization Required] [] [vhost] [Basic] [55f69d37caed0efafa4d15970ed5f18e]
https://lifestyle.prototype.tomorrow.one [200] [GET] [text/html] [Tomorrow Benefits] [] [vhost] [e77797e7a5170ff65986c9cc0c41fdb2]
https://open.tomorrow.one [301] [GET] [text/html] [301 Moved Permanently] [] [vhost] [4f8e702cc244ec5d4de32740c0ecbd97]
https://openvpn1.live.aws.tomorrow.one [302] [GET] [text/html] [] [OpenVPN-AS] [vhost] [d41d8cd98f00b204e9800998ecf8427e]
https://openvpn2.live.aws.tomorrow.one [302] [GET] [text/html] [] [OpenVPN-AS] [vhost] [d41d8cd98f00b204e9800998ecf8427e]
https://openvpn.live.aws.tomorrow.one [302] [GET] [text/html] [] [OpenVPN-AS] [vhost] [d41d8cd98f00b204e9800998ecf8427e]
https://prototype.tomorrow.one [403] [GET] [text/html] [403 Forbidden] [] [vhost] [4b074b0b59693fa9f94fb71b175fb187]
https://sarma.staging.aws.tomorrow.one [403] [GET] [text/html] [403 Forbidden] [] [vhost] [4b074b0b59693fa9f94fb71b175fb187]
https://sarma.tomorrow.one [403] [GET] [text/html] [403 Forbidden] [] [vhost] [9fe3cb2b7313dc79bb477bc8fde184a7]
https://shop.tomorrow.one [200] [GET] [text/html] [Tomorrow Shop] [cloudflare] [vhost] [Cloudflare,Cloudflare Network Error Logging,Shopify] [341981dd05122b3c58fa51fcb5b07a69]
https://shop.tomorrow.one:2053 [403] [GET] [text/html] [Attention Required! | Cloudflare] [cloudflare] [vhost] [Cloudflare,Cloudflare Network Error Logging] [035550207cbbb21f9582ff019724f37e]
https://shop.tomorrow.one:2083 [403] [GET] [text/html] [Attention Required! | Cloudflare] [cloudflare] [vhost] [Cloudflare,Cloudflare Network Error Logging] [88d94343f4ef3e86cd2951bc75ddd83d]
https://shop.tomorrow.one:2087 [403] [GET] [text/html] [Attention Required! | Cloudflare] [cloudflare] [vhost] [Cloudflare,Cloudflare Network Error Logging] [886bb23cfed02e9c49ddefe77857b6e7]
https://shop.tomorrow.one:2096 [403] [GET] [text/html] [Attention Required! | Cloudflare] [cloudflare] [vhost] [Cloudflare,Cloudflare Network Error Logging] [b07044d2f1aa03807b2ff979d271d394]
https://shop.tomorrow.one:8443 [403] [GET] [text/html] [Attention Required! | Cloudflare] [cloudflare] [vhost] [Cloudflare,Cloudflare Network Error Logging] [b583529982f07a3018170daac31c6f52]
https://sign-up-canvas.prototype.staging.aws.tomorrow.one [401] [GET] [text/html] [401 Authorization Required] [] [vhost] [Basic] [28c5f434e4ab2e2a682400cb005fb08b]
https://sign-up-canvas.prototype.staging.aws.tomorrow.one [401] [GET] [text/html] [401 Authorization Required] [] [vhost] [Basic] [55f69d37caed0efafa4d15970ed5f18e]
https://sign-up-canvas.prototype.tomorrow.one [200] [GET] [text/html] [Tomorrow] [] [vhost] [96a5482d3d8abb92ec58a44140d987c4]
https://staging.aws.tomorrow.one [404] [GET] [text/plain] [] [] [efa6ba503d1db3c0aeb36d2dfe12081a]
https://support.tomorrow.one [302] [GET] [text/html] [] [fwe] [vhost] [Envoy,RackCache,Ruby] [806f32f283c5d9882a309e9afef07301]
https://symmetry-paving-canvas-unmanned.prototype.tomorrow.one [401] [GET] [text/html] [401 Authorization Required] [] [vhost] [Basic] [28c5f434e4ab2e2a682400cb005fb08b]
https://symmetry-paving-canvas-unmanned.prototype.tomorrow.one [401] [GET] [text/html] [401 Authorization Required] [] [vhost] [Basic] [55f69d37caed0efafa4d15970ed5f18e]
https://tomorrow.one [301] [GET] [text/html] [301 Moved Permanently] [] [vhost] [4f8e702cc244ec5d4de32740c0ecbd97]
https://www.tomorrow.one [301] [GET] [text/html] [301 Moved Permanently] [] [vhost] [4f8e702cc244ec5d4de32740c0ecbd97]
