http://blog.trello.com:8080 [403] [GET] [text/html] [Actions blocked] [cloudflare] [vhost] [Cloudflare,Cloudflare Bot Management,Cloudflare Network Error Logging] [04e307242f4dafa9f06bde49e87456a7]
http://br.blog.trello.com:2082 [403] [GET] [text/html] [Actions blocked] [cloudflare] [vhost] [Cloudflare,Cloudflare Bot Management,Cloudflare Network Error Logging] [35c41541bb7bf81ee5c24da9d0b23ec5]
http://br.blog.trello.com:2086 [403] [GET] [text/html] [Actions blocked] [cloudflare] [vhost] [Cloudflare,Cloudflare Bot Management,Cloudflare Network Error Logging] [36f343a0bd99e43492d9db9ea8c3e185]
http://br.blog.trello.com:2095 [403] [GET] [text/html] [Actions blocked] [cloudflare] [vhost] [Cloudflare,Cloudflare Bot Management,Cloudflare Network Error Logging] [ad3d0a11175152ca220d3a6fb1034b2a]
http://br.blog.trello.com:8080 [403] [GET] [text/html] [Actions blocked] [cloudflare] [vhost] [Cloudflare,Cloudflare Bot Management,Cloudflare Network Error Logging] [5eae04584e04971d7564ad3cdd7d034d]
http://br.blog.trello.com:8880 [403] [GET] [text/html] [Actions blocked] [cloudflare] [vhost] [Cloudflare,Cloudflare Bot Management,Cloudflare Network Error Logging] [3baf041b93e4f5079adc5df5c35a8af5]
http://info.trello.com:8080 [403] [GET] [text/html] [Actions blocked] [cloudflare] [vhost] [Cloudflare,Cloudflare Bot Management,Cloudflare Network Error Logging] [8270f86d7c646b194b42947bf5e1e4dd]
http://mclick.trello.com [409] [GET] [text/plain] [] [cloudflare] [cloudflare] [Cloudflare] [f6bbbdc9b05a5af96b6b7e618ee357cc]
https://admin.trello.com [404] [GET] [text/html] [Sorry, the page you're looking for cannot be found] [globaledge-envoy] [aee1f66dd320d65503fd3ac69ccf2086]
https://api-gateway.trello.com [404] [GET] [] [] [globaledge-envoy] [vhost] [d41d8cd98f00b204e9800998ecf8427e]
https://api.trello.com [301] [GET] [] [] [globaledge-envoy] [vhost] [Envoy] [d41d8cd98f00b204e9800998ecf8427e]
https://blog.trello.com [200] [GET] [text/html] [Trello Blog | Helping teams work better, together.] [cloudflare] [vhost] [Cloudflare,Cloudflare Bot Management,Cloudflare Network Error Logging,Google Tag Manager,HubSpot,HubSpot CMS Hub] [4ca446e315f5c1baae0f71e5fd923f10]
https://blog.trello.com [200] [GET] [text/html] [Trello Blog | Helping teams work better, together.] [cloudflare] [vhost] [Cloudflare,Cloudflare Bot Management,Cloudflare Network Error Logging,Google Tag Manager,HubSpot,HubSpot CMS Hub] [e8d8248ec3f433ef7c10929a4fb99ec0]
https://blog.trello.com:8443 [403] [GET] [text/html] [Actions blocked] [cloudflare] [vhost] [Cloudflare,Cloudflare Bot Management,Cloudflare Network Error Logging] [93ae9ae5857a39af775bf039d1a710c5]
https://br.blog.trello.com:2053 [403] [GET] [text/html] [Actions blocked] [cloudflare] [vhost] [Cloudflare,Cloudflare Bot Management,Cloudflare Network Error Logging] [009412bd613308a0217895f203e1440d]
https://br.blog.trello.com:2083 [403] [GET] [text/html] [Actions blocked] [cloudflare] [vhost] [Cloudflare,Cloudflare Bot Management,Cloudflare Network Error Logging] [255d104d7df30e395dc24238fc7cde38]
https://br.blog.trello.com:2087 [403] [GET] [text/html] [Actions blocked] [cloudflare] [vhost] [Cloudflare,Cloudflare Bot Management,Cloudflare Network Error Logging] [22523b8c5bed480238f311a32afd321a]
https://br.blog.trello.com:2096 [403] [GET] [text/html] [Actions blocked] [cloudflare] [vhost] [Cloudflare,Cloudflare Bot Management,Cloudflare Network Error Logging] [fc48b95882eeb13d4cd08cc7e234e350]
https://br.blog.trello.com [301] [GET] [] [] [cloudflare] [vhost] [Cloudflare,Cloudflare Bot Management,Cloudflare Network Error Logging] [d41d8cd98f00b204e9800998ecf8427e]
https://br.blog.trello.com:8443 [403] [GET] [text/html] [Actions blocked] [cloudflare] [vhost] [Cloudflare,Cloudflare Bot Management,Cloudflare Network Error Logging] [a1d676af3d0fc181ebe993e4df90437d]
https://c.trello.com [403] [GET] [application/xml] [] [AmazonS3] [vhost] [cloudfront] [Amazon Cloudfront,Amazon S3,Amazon Web Services] [52e598ad920c00071cf0983e949389ec]
https://c.trello.com [403] [GET] [application/xml] [] [AmazonS3] [vhost] [cloudfront] [Amazon Cloudfront,Amazon S3,Amazon Web Services] [8c65ed3c6a3958f31be8da3fe09d2145]
https://design.trello.com [301] [GET] [] [] [AmazonS3] [vhost] [cloudfront] [Amazon Cloudfront,Amazon S3,Amazon Web Services] [d41d8cd98f00b204e9800998ecf8427e]
https://developers.trello.com [200] [GET] [text/html] [Redirecter] [AmazonS3] [vhost] [cloudfront] [Amazon Cloudfront,Amazon S3,Amazon Web Services] [c096e8867e17cd22f1e2f1c7067a89be]
https://dnstest.trello.com [302] [GET] [text/html] [302 Moved] [HTTP server (unknown)] [4603cd027760d24928f83c9f6530313c]
https://go.trello.com [503] [GET] [text/html] [Service temporarily unavailable, try again later] [globaledge-envoy] [vhost] [aa334045c09c0d6f0576a362a6cf8fa7]
https://help.trello.com [301] [GET] [] [] [globaledge-envoy] [vhost] [d41d8cd98f00b204e9800998ecf8427e]
https://info.trello.com [301] [GET] [] [] [cloudflare] [vhost] [Cloudflare,Cloudflare Bot Management,Cloudflare Network Error Logging] [d41d8cd98f00b204e9800998ecf8427e]
https://info.trello.com:8443 [403] [GET] [text/html] [Actions blocked] [cloudflare] [vhost] [Cloudflare,Cloudflare Bot Management,Cloudflare Network Error Logging] [982f2489e714d82681aa4d4ee6b1acde]
https://r53.trello.com [302] [GET] [text/html] [302 Moved] [HTTP server (unknown)] [4603cd027760d24928f83c9f6530313c]
https://sptrack.trello.com [404] [GET] [text/plain] [404 Not Found] [msys-http] [vhost] [cloudfront] [Amazon Cloudfront,Amazon Web Services] [1525bf648f8863382b299a8ffe15b544]
https://status.trello.com [301] [GET] [] [] [AmazonS3] [vhost] [cloudfront] [Amazon Cloudfront,Amazon S3,Amazon Web Services] [d41d8cd98f00b204e9800998ecf8427e]
https://support.trello.com [301] [GET] [] [] [AmazonS3] [vhost] [cloudfront] [Amazon Cloudfront,Amazon S3,Amazon Web Services] [d41d8cd98f00b204e9800998ecf8427e]
https://tech.trello.com [200] [GET] [text/html] [Tech at Trello] [AmazonS3] [vhost] [cloudfront] [Amazon Cloudfront,Amazon S3,Amazon Web Services] [2a03319eb9beaf825e7baf48c2d12c72]
https://trello.com [200] [GET] [text/html] [Manage Your Team’s Projects From Anywhere | Trello] [globaledge-envoy] [vhost] [Contentful,Envoy,Express,Node.js,React] [04e236fff4d30e0e01ac36d9373bef8c]
https://trello.com [200] [GET] [text/html] [Manage Your Team’s Projects From Anywhere | Trello] [globaledge-envoy] [vhost] [Contentful,Envoy,Express,Node.js,React] [2013cd8f91e6236e8f6965595a5ee0c2]
https://www.trello.com [200] [GET] [text/html] [Manage Your Team’s Projects From Anywhere | Trello] [globaledge-envoy] [vhost] [Contentful,Envoy,Express,Node.js,React] [052ecf54c23babdf65b43a1ad131368b]
https://www.trello.com [200] [GET] [text/html] [Manage Your Team’s Projects From Anywhere | Trello] [globaledge-envoy] [vhost] [Contentful,Envoy,Express,Node.js,React] [e1156a8c3fe6dd5c383ff75b3105f0b1]
