https://box.staging.trello.services [200] [GET] [text/html] [] [envoy] [vhost] [cloudfront] [Amazon Cloudfront,Amazon Web Services,Envoy] [2cc5ce76a661a7c935afcff919a9abb7]
https://box.trello.services [200] [GET] [text/html] [] [envoy] [vhost] [cloudfront] [Amazon Cloudfront,Amazon Web Services,Envoy] [cdbfcbd77064c5be6e7b2eb23685a620]
https://calendar.staging.trello.services [200] [GET] [text/plain] [] [envoy] [vhost] [cloudfront] [Amazon Cloudfront,Amazon Web Services,Envoy] [e0aa021e21dddbd6d8cecec71e9cf564]
https://calendar.trello.services [200] [GET] [text/plain] [] [envoy] [vhost] [cloudfront] [Amazon Cloudfront,Amazon Web Services,Envoy] [e0aa021e21dddbd6d8cecec71e9cf564]
https://card-aging.staging.trello.services [200] [GET] [text/plain] [] [envoy] [vhost] [cloudfront] [Amazon Cloudfront,Amazon Web Services,Envoy] [e0aa021e21dddbd6d8cecec71e9cf564]
https://card-aging.trello.services [200] [GET] [text/plain] [] [envoy] [vhost] [cloudfront] [Amazon Cloudfront,Amazon Web Services,Envoy] [e0aa021e21dddbd6d8cecec71e9cf564]
https://card-fields.staging.trello.services [200] [GET] [text/html] [] [envoy] [vhost] [cloudfront] [Amazon Cloudfront,Amazon Web Services,Envoy] [4718e3b4d09d5d4093c0a409c8905666]
https://card-fields.trello.services [200] [GET] [text/html] [] [envoy] [vhost] [cloudfront] [Amazon Cloudfront,Amazon Web Services,Envoy] [2f56b008297f0f3e468543ca8f21bf51]
https://card-snooze.staging.trello.services [200] [GET] [text/html] [] [envoy] [vhost] [cloudfront] [Amazon Cloudfront,Amazon Web Services,Envoy] [c4115ea160adad2213e95cb47f171be8]
https://card-snooze.trello.services [200] [GET] [text/html] [] [envoy] [vhost] [cloudfront] [Amazon Cloudfront,Amazon Web Services,Envoy] [6a93f89008bb42353a3e5fcd4d0f366c]
https://confluence.staging.trello.services [200] [GET] [text/html] [Confluence Power-Up] [envoy] [vhost] [cloudfront] [Amazon Cloudfront,Amazon Web Services,Envoy] [65022cfc9cd9f6ab23247dd781beabb2]
https://confluence.trello.services [200] [GET] [text/html] [Confluence Power-Up] [envoy] [vhost] [cloudfront] [Amazon Cloudfront,Amazon Web Services,Envoy] [5322f437e87ab8b01a332aaf5926f98a]
https://evernote.staging.trello.services [200] [GET] [text/html] [] [envoy] [vhost] [cloudfront] [Amazon Cloudfront,Amazon Web Services,Envoy] [06250a3a4d785a8e9b387d57dd90e581]
https://evernote.trello.services [200] [GET] [text/html] [] [envoy] [vhost] [cloudfront] [Amazon Cloudfront,Amazon Web Services,Envoy] [3fbebebbe92297e4bb34e913c5bc8a26]
https://giphy.staging.trello.services [200] [GET] [text/html] [] [envoy] [vhost] [cloudfront] [Amazon Cloudfront,Amazon Web Services,Envoy] [1037ad89d0d0b01cd58ae4dc2f8cd751]
https://giphy.trello.services [200] [GET] [text/html] [] [envoy] [vhost] [cloudfront] [Amazon Cloudfront,Amazon Web Services,Envoy] [705cfa48e90815812b2965388717f839]
https://github.staging.trello.services [200] [GET] [text/html] [GitHub Power-Up] [envoy] [vhost] [cloudfront] [Amazon Cloudfront,Amazon Web Services,Envoy] [2c2161dee2dbb99e894cb96b05f0c442]
https://github.trello.services [200] [GET] [text/html] [GitHub Power-Up] [envoy] [vhost] [cloudfront] [Amazon Cloudfront,Amazon Web Services,Envoy] [60a212e9941ecab8835b810b882f2cff]
https://google-drive.staging.trello.services [200] [GET] [text/html] [Google Drive Power-Up] [envoy] [vhost] [cloudfront] [Amazon Cloudfront,Amazon Web Services,Envoy] [a1a45b1a12f35e7807cd5bbbca791596]
https://google-drive.trello.services [200] [GET] [text/html] [Google Drive Power-Up] [envoy] [vhost] [cloudfront] [Amazon Cloudfront,Amazon Web Services,Envoy] [d4a0b8ac43bbc3264456d864e5600bcb]
https://google-hangouts.staging.trello.services [200] [GET] [text/html] [] [envoy] [vhost] [cloudfront] [Amazon Cloudfront,Amazon Web Services,Envoy] [0d618ded38c4c7cf4891b0b86dbf9519]
https://google-hangouts.trello.services [200] [GET] [text/html] [] [envoy] [vhost] [cloudfront] [Amazon Cloudfront,Amazon Web Services,Envoy] [9824e5b1ce096ad2cbcf24ffc640893e]
https://integrations.staging.trello.services [200] [GET] [text/html] [] [envoy] [vhost] [cloudfront] [Amazon Cloudfront,Amazon Web Services,Envoy] [76dd309cc60d222322d65740ee66f346]
https://integrations.trello.services [200] [GET] [text/html] [] [envoy] [vhost] [cloudfront] [Amazon Cloudfront,Amazon Web Services,Envoy] [c8befac3b5d6c937f7ef4ac84139e9f7]
https://list-limits.staging.trello.services [200] [GET] [text/html] [] [envoy] [vhost] [cloudfront] [Amazon Cloudfront,Amazon Web Services,Envoy] [d323e4b3942337298dbbb6c0cdbc29e3]
https://list-limits.trello.services [200] [GET] [text/html] [] [envoy] [vhost] [cloudfront] [Amazon Cloudfront,Amazon Web Services,Envoy] [68f67c5e946a85295accd0d5755d0520]
https://mailchimp.staging.trello.services [200] [GET] [text/html] [] [envoy] [vhost] [cloudfront] [Amazon Cloudfront,Amazon Web Services,Envoy] [c64b5978dec412f0ed21aa6feaa087f0]
https://mailchimp.trello.services [200] [GET] [text/html] [] [envoy] [vhost] [cloudfront] [Amazon Cloudfront,Amazon Web Services,Envoy] [603f5f1a8dca4308e7b8f885b4232a0b]
https://map.staging.trello.services [200] [GET] [text/plain] [] [envoy] [vhost] [cloudfront] [Amazon Cloudfront,Amazon Web Services,Envoy] [e0aa021e21dddbd6d8cecec71e9cf564]
https://onedrive.staging.trello.services [200] [GET] [text/html] [] [envoy] [vhost] [cloudfront] [Amazon Cloudfront,Amazon Web Services,Envoy] [3dea9ceaa1e4141ed42c9d7e6cbcf58b]
https://onedrive.trello.services [200] [GET] [text/html] [] [envoy] [vhost] [cloudfront] [Amazon Cloudfront,Amazon Web Services,Envoy] [f625441a86cc1fbf38b498df45852051]
https://origin.staging.trello.services [200] [GET] [text/plain] [] [envoy] [Envoy] [e0aa021e21dddbd6d8cecec71e9cf564]
https://origin.trello.services [200] [GET] [text/plain] [] [envoy] [Envoy] [e0aa021e21dddbd6d8cecec71e9cf564]
https://package-tracker.staging.trello.services [200] [GET] [text/html] [] [envoy] [vhost] [cloudfront] [Amazon Cloudfront,Amazon Web Services,Envoy] [ebdad9632fae475b4113489c659bd0e6]
https://package-tracker.trello.services [200] [GET] [text/html] [] [envoy] [vhost] [cloudfront] [Amazon Cloudfront,Amazon Web Services,Envoy] [39e68320ef9d207851bccef8da5a2719]
https://plugins.staging.trello.services [200] [GET] [text/plain] [] [envoy] [vhost] [cloudfront] [Amazon Cloudfront,Amazon Web Services,Envoy] [e0aa021e21dddbd6d8cecec71e9cf564]
https://plugin.staging.trello.services [200] [GET] [text/plain] [] [envoy] [vhost] [cloudfront] [Amazon Cloudfront,Amazon Web Services,Envoy] [e0aa021e21dddbd6d8cecec71e9cf564]
https://plugins.trello.services [200] [GET] [text/plain] [] [envoy] [vhost] [cloudfront] [Amazon Cloudfront,Amazon Web Services,Envoy] [e0aa021e21dddbd6d8cecec71e9cf564]
https://plugin.trello.services [200] [GET] [text/plain] [] [envoy] [vhost] [cloudfront] [Amazon Cloudfront,Amazon Web Services,Envoy] [e0aa021e21dddbd6d8cecec71e9cf564]
https://readme.staging.trello.services [200] [GET] [text/html] [Trello ReadMe Power-Up] [envoy] [vhost] [cloudfront] [Amazon Cloudfront,Amazon Web Services,Envoy] [6f827bb01df2612736d66a4e1d551426]
https://readme.trello.services [200] [GET] [text/html] [Trello ReadMe Power-Up] [envoy] [vhost] [cloudfront] [Amazon Cloudfront,Amazon Web Services,Envoy] [5d754f5c444527f7982bbc21ac4ef428]
https://recurring-cards.staging.trello.services [200] [GET] [text/html] [] [envoy] [vhost] [cloudfront] [Amazon Cloudfront,Amazon Web Services,Envoy] [7935f8ba865be26cf2789f4ecdf336f9]
https://recurring-cards.trello.services [200] [GET] [text/html] [] [envoy] [vhost] [cloudfront] [Amazon Cloudfront,Amazon Web Services,Envoy] [a0d1ff45fa87fe52da5e76467e0d2c94]
https://salesforce.staging.trello.services [200] [GET] [text/html] [] [envoy] [vhost] [cloudfront] [Amazon Cloudfront,Amazon Web Services,Envoy] [1866af46faec9e42321c78fe2a60d172]
https://salesforce.trello.services [200] [GET] [text/html] [] [envoy] [vhost] [cloudfront] [Amazon Cloudfront,Amazon Web Services,Envoy] [fcf843d026f76ae90bb4b769f32f97e7]
https://slack-chat.staging.trello.services [200] [GET] [text/plain] [] [] [vhost] [cloudfront] [Amazon Cloudfront,Amazon Web Services,Express,Node.js] [e0aa021e21dddbd6d8cecec71e9cf564]
https://slack-chat.trello.services [200] [GET] [text/plain] [] [] [vhost] [cloudfront] [Amazon Cloudfront,Amazon Web Services,Express,Node.js] [e0aa021e21dddbd6d8cecec71e9cf564]
https://slack.staging.trello.services [200] [GET] [text/plain] [] [envoy] [vhost] [cloudfront] [Amazon Cloudfront,Amazon Web Services,Envoy] [e0aa021e21dddbd6d8cecec71e9cf564]
https://slack.trello.services [200] [GET] [text/plain] [] [envoy] [vhost] [cloudfront] [Amazon Cloudfront,Amazon Web Services,Envoy] [e0aa021e21dddbd6d8cecec71e9cf564]
https://surveymonkey.staging.trello.services [200] [GET] [text/html] [] [envoy] [vhost] [cloudfront] [Amazon Cloudfront,Amazon Web Services,Envoy] [ab9f33f2ed4c53692010ff8a40dd0b9e]
https://surveymonkey.trello.services [200] [GET] [text/html] [] [envoy] [vhost] [cloudfront] [Amazon Cloudfront,Amazon Web Services,Envoy] [b3a11e6906b7cb1974b7445afde8ca8c]
https://twitter.staging.trello.services [200] [GET] [text/html] [] [envoy] [vhost] [cloudfront] [Amazon Cloudfront,Amazon Web Services,Envoy] [6ec04868c70b36c9fbce8e662b5b56a2]
https://twitter.trello.services [200] [GET] [text/html] [] [envoy] [vhost] [cloudfront] [Amazon Cloudfront,Amazon Web Services,Envoy] [e3ad08b630b46e1b872effbcc1c31a5a]
https://voting.staging.trello.services [200] [GET] [text/plain] [] [envoy] [vhost] [cloudfront] [Amazon Cloudfront,Amazon Web Services,Envoy] [e0aa021e21dddbd6d8cecec71e9cf564]
https://voting.trello.services [200] [GET] [text/plain] [] [envoy] [vhost] [cloudfront] [Amazon Cloudfront,Amazon Web Services,Envoy] [e0aa021e21dddbd6d8cecec71e9cf564]
https://zendesk.staging.trello.services [200] [GET] [text/html] [] [envoy] [vhost] [cloudfront] [Amazon Cloudfront,Amazon Web Services,Envoy] [15763df01414656e1900eb8aeac02563]
https://zendesk.trello.services [200] [GET] [text/html] [] [envoy] [vhost] [cloudfront] [Amazon Cloudfront,Amazon Web Services,Envoy] [f562084dafd6e74807a59c1f37236216]
