http://android-adr-docs.mobile.tstaging.com [403] [GET] [text/html] [403 Forbidden] [AmazonS3] [vhost] [Amazon S3,Amazon Web Services] [b73463dffa06fea41cdb346587bd783c]
http://keepalive-cloudfront.ue1.d3.tstaging.com [301] [GET] [text/html] [301 Moved Permanently] [CloudFront] [vhost] [cloudfront] [Amazon Cloudfront,Amazon Web Services] [e4e384d6672787c1bb2a9b500114f1f5]
http://keepalive.ue1.d2.tstaging.com [301] [GET] [text/html] [301 Moved Permanently] [awselb/2.0] [vhost] [4aa7a432bb447f094408f1bd6229c605]
https://airflow.ue1.d1.tstaging.com [200] [GET] [text/html] [Welcome to nginx!] [nginx/1.13.9] [vhost] [Nginx:1.13.9] [e3eb0a1df437f3f97a64aca5952c8ea0]
https://airflow.ue1.d3.tstaging.com [503] [GET] [] [] [] [d41d8cd98f00b204e9800998ecf8427e]
https://airflow.ue1.stg1.tstaging.com [200] [GET] [text/html] [Welcome to nginx!] [nginx/1.13.9] [vhost] [Nginx:1.13.9] [e3eb0a1df437f3f97a64aca5952c8ea0]
https://api-cloudfront.a.ue1.stg1.tstaging.com [404] [GET] [] [] [nginx] [vhost] [Nginx] [d41d8cd98f00b204e9800998ecf8427e]
https://api-cloudfront.ue1.d3.tstaging.com [200] [GET] [text/html] [Welcome to nginx!] [nginx/1.13.9] [vhost] [cloudfront] [Amazon Cloudfront,Amazon Web Services,Nginx:1.13.9] [e3eb0a1df437f3f97a64aca5952c8ea0]
https://api-cloudfront.ue1.stg1.tstaging.com [404] [GET] [] [] [nginx] [vhost] [Nginx] [d41d8cd98f00b204e9800998ecf8427e]
https://api.s11.tstaging.com [502] [GET] [text/html] [ERROR: The request could not be satisfied] [CloudFront] [vhost] [cloudfront] [Amazon Cloudfront,Amazon Web Services] [9a94c5992d28b57bc465551e82145af7]
https://api.s11.tstaging.com [502] [GET] [text/html] [ERROR: The request could not be satisfied] [CloudFront] [vhost] [cloudfront] [Amazon Cloudfront,Amazon Web Services] [9c11cb7f6c90360a59a6b41370810ae0]
https://api.ue1.d1.tstaging.com [404] [GET] [] [] [nginx] [vhost] [Nginx] [d41d8cd98f00b204e9800998ecf8427e]
https://api.ue1.d3.tstaging.com [503] [GET] [] [] [] [d41d8cd98f00b204e9800998ecf8427e]
https://api.ue1.d4.tstaging.com [404] [GET] [] [] [nginx] [vhost] [Nginx] [d41d8cd98f00b204e9800998ecf8427e]
https://api.ue1.stg1.tstaging.com [404] [GET] [] [] [nginx] [vhost] [cloudfront] [Amazon Cloudfront,Amazon Web Services,Nginx] [d41d8cd98f00b204e9800998ecf8427e]
https://botrank.ue1.d1.tstaging.com [403] [GET] [text/html] [403 Forbidden] [nginx/1.13.9] [vhost] [Nginx:1.13.9] [2db2161f5f170aa97a4ebc90c980f2cf]
https://botrank.ue1.d3.tstaging.com [503] [GET] [] [] [] [d41d8cd98f00b204e9800998ecf8427e]
https://botrank.ue1.d4.tstaging.com [403] [GET] [text/html] [403 Forbidden] [nginx/1.13.9] [vhost] [Nginx:1.13.9] [2db2161f5f170aa97a4ebc90c980f2cf]
https://botrank.ue1.stg1.tstaging.com [403] [GET] [text/html] [403 Forbidden] [nginx/1.13.9] [vhost] [Nginx:1.13.9] [ff0a4cd9136fa9ace51f4db63c510fce]
https://clientmodels.ue1.d1.tstaging.com [403] [GET] [application/xml] [] [AmazonS3] [vhost] [cloudfront] [Amazon Cloudfront,Amazon S3,Amazon Web Services] [f49253c02f53c4948e2dfc8617a60d70]
https://fakebook.ue1.d1.tstaging.com [502] [GET] [text/html] [502 Bad Gateway] [nginx/1.13.9] [vhost] [Nginx:1.13.9] [bd63470edb6c592feb165f12ab6551b1]
https://flower.ue1.d1.tstaging.com [503] [GET] [] [] [] [d41d8cd98f00b204e9800998ecf8427e]
https://images-ssl-v2.ue1.d3.tstaging.com [200] [GET] [text/html] [imgix - Image Processing On-Demand, Served By CDN] [Varnish] [vhost] [cloudfront] [Amazon Cloudfront,Amazon Web Services,Fastly] [67ee862b2705a87c72f74315ef411e48]
https://imageupload.s11.tstaging.com [502] [GET] [text/html] [ERROR: The request could not be satisfied] [CloudFront] [vhost] [cloudfront] [Amazon Cloudfront,Amazon Web Services] [b9bc7593444ce9d4e880196f9eedcddc]
https://imageupload.s11.tstaging.com [502] [GET] [text/html] [ERROR: The request could not be satisfied] [CloudFront] [vhost] [cloudfront] [Amazon Cloudfront,Amazon Web Services] [c50e976f3ff311171d12e501746c0088]
https://keepalive-cloudfront.a.ue1.stg1.tstaging.com [404] [GET] [] [] [nginx] [vhost] [Nginx] [d41d8cd98f00b204e9800998ecf8427e]
https://keepalive-cloudfront.ue1.stg1.tstaging.com [404] [GET] [] [] [nginx] [vhost] [Nginx] [d41d8cd98f00b204e9800998ecf8427e]
https://keepalive.ue1.d1.tstaging.com [404] [GET] [] [] [] [vhost] [d41d8cd98f00b204e9800998ecf8427e]
https://keepalive.ue1.d3.tstaging.com [503] [GET] [text/html] [503 Service Temporarily Unavailable] [awselb/2.0] [vhost] [613f79233487af685baf4b32a2397ede]
https://keepalive.ue1.d3.tstaging.com [503] [GET] [text/html] [503 Service Temporarily Unavailable] [awselb/2.0] [vhost] [81df4d3863debf3eceb5cf84251fd472]
https://keepalive.ue1.stg1.tstaging.com [404] [GET] [] [] [] [vhost] [cloudfront] [Amazon Cloudfront,Amazon Web Services] [d41d8cd98f00b204e9800998ecf8427e]
https://linktest.ue1.d1.tstaging.com [400] [GET] [] [] [] [vhost] [cloudfront] [Amazon Cloudfront,Amazon Web Services] [d41d8cd98f00b204e9800998ecf8427e]
https://previewmapping.ue1.d1.tstaging.com [403] [GET] [application/xml] [] [AmazonS3] [vhost] [cloudfront] [Amazon Cloudfront,Amazon S3,Amazon Web Services] [62f4e8dc627a5f49b37d64ba4e9e00e7]
https://previewmapping.ue1.d1.tstaging.com [403] [GET] [application/xml] [] [AmazonS3] [vhost] [cloudfront] [Amazon Cloudfront,Amazon S3,Amazon Web Services] [d5c07425e91995483e2d1f28f8f1716e]
https://previewmapping.ue1.d2.tstaging.com [502] [GET] [text/html] [ERROR: The request could not be satisfied] [CloudFront] [vhost] [cloudfront] [Amazon Cloudfront,Amazon Web Services] [a3d2a62bd64bef9162028c212a0b8b13]
https://previewmapping.ue1.d3.tstaging.com [502] [GET] [text/html] [ERROR: The request could not be satisfied] [CloudFront] [vhost] [cloudfront] [Amazon Cloudfront,Amazon Web Services] [026892947955c8189684f9adf4b020f2]
https://previewmapping.ue1.d3.tstaging.com [502] [GET] [text/html] [ERROR: The request could not be satisfied] [CloudFront] [vhost] [cloudfront] [Amazon Cloudfront,Amazon Web Services] [75cb7b6e99cfc0d9a649718edb2a3cd2]
https://previewmapping.ue1.d4.tstaging.com [502] [GET] [text/html] [ERROR: The request could not be satisfied] [CloudFront] [vhost] [cloudfront] [Amazon Cloudfront,Amazon Web Services] [08647960cfab1ac022db1a61eeb60cec]
https://previewmapping.ue1.stg1.tstaging.com [403] [GET] [application/xml] [] [AmazonS3] [vhost] [cloudfront] [Amazon Cloudfront,Amazon S3,Amazon Web Services] [4ae891502531a64c055d51fb8036b342]
https://previewmapping.ue1.stg1.tstaging.com [403] [GET] [application/xml] [] [AmazonS3] [vhost] [cloudfront] [Amazon Cloudfront,Amazon S3,Amazon Web Services] [5fc515c876b893c9ff2fc5fa9f48576d]
https://quickfire.ue1.d1.tstaging.com [200] [GET] [text/html] [Welcome to nginx!] [nginx/1.13.9] [vhost] [Nginx:1.13.9] [e3eb0a1df437f3f97a64aca5952c8ea0]
https://quickfire.ue1.d4.tstaging.com [200] [GET] [text/html] [Welcome to nginx!] [nginx/1.13.9] [vhost] [Nginx:1.13.9] [e3eb0a1df437f3f97a64aca5952c8ea0]
https://quickfire.ue1.stg1.tstaging.com [200] [GET] [text/html] [Welcome to nginx!] [nginx/1.13.9] [vhost] [Nginx:1.13.9] [e3eb0a1df437f3f97a64aca5952c8ea0]
https://rapidfirepublish.ue1.stg1.tstaging.com [200] [GET] [] [] [nginx/1.15.6] [vhost] [Nginx:1.15.6] [d41d8cd98f00b204e9800998ecf8427e]
https://rapidfire.ue1.d1.tstaging.com [200] [GET] [text/html] [Welcome to nginx!] [nginx/1.13.9] [vhost] [Nginx:1.13.9] [e3eb0a1df437f3f97a64aca5952c8ea0]
https://rapidfire.ue1.d3.tstaging.com [503] [GET] [] [] [] [d41d8cd98f00b204e9800998ecf8427e]
https://rapidfire.ue1.d4.tstaging.com [200] [GET] [text/html] [Welcome to nginx!] [nginx/1.13.9] [vhost] [Nginx:1.13.9] [e3eb0a1df437f3f97a64aca5952c8ea0]
https://rapidfire.ue1.stg1.tstaging.com [200] [GET] [text/html] [Welcome to nginx!] [nginx/1.13.9] [vhost] [Nginx:1.13.9] [e3eb0a1df437f3f97a64aca5952c8ea0]
https://story-assets.ue1.d1.tstaging.com [403] [GET] [application/xml] [] [AmazonS3] [vhost] [cloudfront] [Amazon Cloudfront,Amazon S3,Amazon Web Services] [2c68789e4e897f9e739c34ad684cded0]
https://story-assets.ue1.d1.tstaging.com [403] [GET] [application/xml] [] [AmazonS3] [vhost] [cloudfront] [Amazon Cloudfront,Amazon S3,Amazon Web Services] [8ae131b5a1918b4862e37c1e63abb1e1]
https://story-assets.ue1.stg1.tstaging.com [403] [GET] [text/xml] [] [CloudFront] [vhost] [cloudfront] [Amazon Cloudfront,Amazon Web Services] [40a481f43ca93bbbdd18621b439ea397]
https://testrail.ue1.d1.tstaging.com [502] [GET] [text/html] [502 Bad Gateway] [nginx/1.13.9] [vhost] [Nginx:1.13.9] [bd63470edb6c592feb165f12ab6551b1]
