http://advantage.uber.com [301] [GET] [] [] [ufe] [d41d8cd98f00b204e9800998ecf8427e]
http://dba.usuppliers.uber.com [302] [GET] [] [] [BigIP] [F5 BigIP] [d41d8cd98f00b204e9800998ecf8427e]
http://docs.uber.com [302] [GET] [text/html] [302 Moved] [ghs] [vhost] [8092286fc98695787c54d536c98221b9]
http://elevate.uber.com [200] [GET] [text/html] [] [Google Frontend] [vhost] [Google App Engine,Google Cloud,Google Cloud Trace] [d41d8cd98f00b204e9800998ecf8427e]
http://emobility-comms.uber.com [301] [GET] [] [] [ufe] [d41d8cd98f00b204e9800998ecf8427e]
http://groups.uber.com [302] [GET] [text/html] [302 Moved] [ghs] [vhost] [99c73c4975ebc72ea4fcc034657940b4]
http://mail.uber.com [301] [GET] [text/html] [301 Moved] [ghs] [vhost] [bc6d307c0becafe10e5b8356a5c617f4]
http://mkto.uber.com [530] [GET] [text/html] [Origin DNS error | mkto.uber.com | Cloudflare] [cloudflare] [cloudflare] [Cloudflare] [91a7f2b3ebc5229700e2d265fbf24bf5]
http://pgwebhook.uber.com [301] [GET] [] [] [ufe] [d41d8cd98f00b204e9800998ecf8427e]
https://15205598.uber.com [404] [GET] [text/html] [404 Not Found] [nginx] [Nginx] [70461da8b94c6ca5d2fda3260c5a8c3b]
https://15205598.uber.com [404] [GET] [text/html] [404 Not Found] [nginx] [Nginx] [8e325dc2fea7c8900fc6c4b8c6c394fe]
https://4460893.sodigital.uber.com [404] [GET] [text/html] [404 Not Found] [nginx] [Nginx] [8e325dc2fea7c8900fc6c4b8c6c394fe]
https://accessibility.uber.com [301] [GET] [] [] [ufe] [vhost] [google] [Google Cloud,Google Cloud CDN] [d41d8cd98f00b204e9800998ecf8427e]
https://accounts.uber.com [404] [GET] [] [] [ufe] [vhost] [d41d8cd98f00b204e9800998ecf8427e]
https://ad.uber.com [301] [GET] [] [] [ufe] [vhost] [google] [Google Cloud,Google Cloud CDN] [d41d8cd98f00b204e9800998ecf8427e]
https://advertiser.uber.com [302] [GET] [text/html] [302 Found] [ufe] [vhost] [google] [Envoy,Google Cloud,Google Cloud CDN] [82c98e8e012b79c922655461171cc2fa]
https://ae.uber.com [404] [GET] [text/plain] [] [ufe] [vhost] [google] [Envoy,Google Cloud,Google Cloud CDN] [595e88012a6521aae3e12cbebe76eb9e]
https://airwatch3p-staging.uber.com [404] [GET] [] [] [ufe] [vhost] [d41d8cd98f00b204e9800998ecf8427e]
https://airwatch3p.uber.com [404] [GET] [] [] [ufe] [vhost] [d41d8cd98f00b204e9800998ecf8427e]
https://alpha-cn-dca1.cfe.uber.com [405] [GET] [application/json] [] [ufe] [google] [Envoy,Google Cloud,Google Cloud CDN] [334c2243bd7f284b609382aa13906343]
https://alpha-cn-sjc1.cfe.uber.com [405] [GET] [application/json] [] [ufe] [google] [Envoy,Google Cloud,Google Cloud CDN] [334c2243bd7f284b609382aa13906343]
https://amp.uber.com [301] [GET] [] [] [ufe] [vhost] [google] [Google Cloud,Google Cloud CDN] [d41d8cd98f00b204e9800998ecf8427e]
https://api-maps.uber.com [502] [GET] [text/html] [Error - Uber] [ufe] [vhost] [google] [Envoy,Google Cloud,Google Cloud CDN] [6b000aa36f4905eb31aa7b9a7753c12c]
https://api.uber.com [301] [GET] [text/html] [301 Moved Permanently] [ufe] [vhost] [Envoy] [3ea1c8d079b38532a6e01a96216ba5e2]
https://approvalservice.uber.com [404] [GET] [] [] [ufe] [vhost] [d41d8cd98f00b204e9800998ecf8427e]
https://appsec-analysis.uber.com [404] [GET] [] [] [ufe] [vhost] [google] [Google Cloud,Google Cloud CDN] [d41d8cd98f00b204e9800998ecf8427e]
https://aptarchive.uber.com [403] [GET] [text/html] [403 Forbidden] [ufe] [vhost] [Envoy] [f724078001a5acdfe82f92ad9f79ec92]
https://ar.uber.com [301] [GET] [text/html] [301 Moved Permanently] [ufe] [vhost] [Envoy] [3ea1c8d079b38532a6e01a96216ba5e2]
https://assets.uber.com [302] [GET] [text/html] [] [frontify] [vhost] [Amazon ALB,Amazon Web Services,PHP,Sqreen] [d41d8cd98f00b204e9800998ecf8427e]
https://atg-partners.uber.com [302] [GET] [text/html] [302 Found] [ufe] [vhost] [google] [Envoy,Google Cloud,Google Cloud CDN] [82c98e8e012b79c922655461171cc2fa]
https://a.uber.com [301] [GET] [text/html] [301 Moved Permanently] [ufe] [vhost] [google] [Envoy,Google Cloud,Google Cloud CDN] [3ea1c8d079b38532a6e01a96216ba5e2]
https://auth3-staging.uber.com [404] [GET] [text/plain] [] [ufe] [vhost] [google] [Envoy,Google Cloud,Google Cloud CDN] [9d1ead73e678fa2f51a70a933b0bf017]
https://auth3.uber.com [404] [GET] [text/plain] [] [ufe] [vhost] [Envoy] [9d1ead73e678fa2f51a70a933b0bf017]
https://auth-faq.uber.com [301] [GET] [] [] [ufe] [vhost] [google] [Google Cloud,Google Cloud CDN] [d41d8cd98f00b204e9800998ecf8427e]
https://auth-help.uber.com [301] [GET] [] [] [ufe] [vhost] [google] [Google Cloud,Google Cloud CDN] [d41d8cd98f00b204e9800998ecf8427e]
https://authn-foo.uber.com [301] [GET] [] [] [ufe] [vhost] [d41d8cd98f00b204e9800998ecf8427e]
https://auth-staging-dns.uber.com [404] [GET] [text/html] [404 Not Found] [ufe] [vhost] [google] [Envoy,Google Cloud,Google Cloud CDN] [597ba0d4396e9c906225140ce907092c]
https://auth-staging-dns.uber.com [404] [GET] [text/html] [404 Not Found] [ufe] [vhost] [google] [Envoy,Google Cloud,Google Cloud CDN] [ad76203cbb9feb6a77342842816f7b51]
https://auth-staging.uber.com [404] [GET] [text/plain] [] [ufe] [vhost] [google] [Envoy,Google Cloud,Google Cloud CDN] [9d1ead73e678fa2f51a70a933b0bf017]
https://auth-test2.uber.com [404] [GET] [text/html] [404 Not Found] [ufe] [vhost] [Envoy] [597ba0d4396e9c906225140ce907092c]
https://auth-test2.uber.com [404] [GET] [text/html] [404 Not Found] [ufe] [vhost] [Envoy] [ad76203cbb9feb6a77342842816f7b51]
https://auth-test.uber.com [404] [GET] [text/html] [404 Not Found] [ufe] [vhost] [Envoy] [597ba0d4396e9c906225140ce907092c]
https://auth-test.uber.com [404] [GET] [text/html] [404 Not Found] [ufe] [vhost] [Envoy] [ad76203cbb9feb6a77342842816f7b51]
https://auth.uber.com [404] [GET] [text/html] [404 Not Found] [ufe] [vhost] [google] [Envoy,Google Cloud,Google Cloud CDN] [597ba0d4396e9c906225140ce907092c]
https://autor.uber.com [404] [GET] [] [] [ufe] [vhost] [google] [Google Cloud,Google Cloud CDN] [d41d8cd98f00b204e9800998ecf8427e]
https://base-design-docs-controller.uber.com [404] [GET] [text/html] [Error] [ufe] [vhost] [google] [Envoy,Express,Google Cloud,Google Cloud CDN,Node.js] [da7da7d630292e7a2a7dda8ca87b3d39]
https://base.uber.com [301] [GET] [] [] [ufe] [vhost] [google] [Google Cloud,Google Cloud CDN] [d41d8cd98f00b204e9800998ecf8427e]
https://bb-dca1.uber.com [307] [GET] [text/html] [307 Temporary Redirect] [ufe] [Envoy] [62019120e2e6b6a77d348c07ed5801aa]
https://bb-sjc1.uber.com [307] [GET] [text/html] [307 Temporary Redirect] [ufe] [Envoy] [62019120e2e6b6a77d348c07ed5801aa]
https://be1.cfe.uber.com [405] [GET] [application/json] [] [ufe] [google] [Envoy,Google Cloud,Google Cloud CDN] [334c2243bd7f284b609382aa13906343]
https://beacon.uber.com [301] [GET] [] [] [ufe] [vhost] [google] [Google Cloud,Google Cloud CDN] [d41d8cd98f00b204e9800998ecf8427e]
https://be-geo.cfe.uber.com [405] [GET] [application/json] [] [ufe] [google] [Envoy,Google Cloud,Google Cloud CDN] [334c2243bd7f284b609382aa13906343]
https://beta.uber.com [307] [GET] [text/html] [307 Temporary Redirect] [ufe] [google] [Envoy,Google Cloud,Google Cloud CDN] [62019120e2e6b6a77d348c07ed5801aa]
https://bill-faq.uber.com [301] [GET] [] [] [ufe] [vhost] [google] [Google Cloud,Google Cloud CDN] [d41d8cd98f00b204e9800998ecf8427e]
https://bill-help.uber.com [301] [GET] [] [] [ufe] [vhost] [google] [Google Cloud,Google Cloud CDN] [d41d8cd98f00b204e9800998ecf8427e]
https://biz-beta.uber.com [302] [GET] [text/html] [302 Found] [ufe] [vhost] [Envoy] [82c98e8e012b79c922655461171cc2fa]
https://biz-eats.uber.com [301] [GET] [text/html] [301 Moved Permanently] [ufe] [vhost] [Envoy] [3ea1c8d079b38532a6e01a96216ba5e2]
https://biz.uber.com [302] [GET] [text/html] [302 Found] [ufe] [vhost] [Envoy] [82c98e8e012b79c922655461171cc2fa]
https://blackbird-staging.uber.com [404] [GET] [] [] [ufe] [vhost] [google] [Google Cloud,Google Cloud CDN] [d41d8cd98f00b204e9800998ecf8427e]
https://blackbird.uber.com [404] [GET] [] [] [ufe] [vhost] [google] [Google Cloud,Google Cloud CDN] [d41d8cd98f00b204e9800998ecf8427e]
https://blackswan.uber.com [200] [GET] [text/plain] [] [ufe] [vhost] [Envoy] [d41d8cd98f00b204e9800998ecf8427e]
https://bliss-events-stage.uber.com [200] [GET] [text/plain] [] [ufe] [vhost] [Envoy] [444bcb3a3fcf8389296c49467f27e1d6]
https://bliss-events.uber.com [200] [GET] [text/plain] [] [ufe] [vhost] [Envoy] [444bcb3a3fcf8389296c49467f27e1d6]
https://blogapi.uber.com [403] [GET] [text/html] [403 Forbidden] [nginx] [Nginx] [4b074b0b59693fa9f94fb71b175fb187]
https://blogapi.uber.com [403] [GET] [text/html] [403 Forbidden] [nginx] [Nginx] [9fe3cb2b7313dc79bb477bc8fde184a7]
https://blogcdn.uber.com [200] [GET] [text/html] [] [NetDNA-cache/2.2] [MaxCDN] [bfb2eb2f7969a0ba8bfd2fd161acfc60]
https://blog.uber.com [301] [GET] [text/html] [301 Moved Permanently] [nginx] [vhost] [google] [Nginx] [4f8e702cc244ec5d4de32740c0ecbd97]
https://bonjour-proxy.uber.com [302] [GET] [text/html] [302 Found] [ufe] [vhost] [Envoy] [82c98e8e012b79c922655461171cc2fa]
https://bonjour-qa.uber.com [302] [GET] [text/html] [302 Found] [ufe] [vhost] [Envoy] [82c98e8e012b79c922655461171cc2fa]
https://bonjour-staging.uber.com [302] [GET] [text/html] [302 Found] [ufe] [vhost] [google] [Envoy,Google Cloud,Google Cloud CDN] [82c98e8e012b79c922655461171cc2fa]
https://bonjour.uber.com [302] [GET] [text/html] [302 Found] [ufe] [vhost] [google] [Envoy,Google Cloud,Google Cloud CDN] [82c98e8e012b79c922655461171cc2fa]
https://brand.uber.com [302] [GET] [text/html] [] [frontify] [vhost] [Amazon ALB,Amazon Web Services,PHP,Sqreen] [d41d8cd98f00b204e9800998ecf8427e]
https://brand-web-staging.uber.com [404] [GET] [text/plain] [] [ufe] [vhost] [Envoy] [9d1ead73e678fa2f51a70a933b0bf017]
https://business-beta.uber.com [302] [GET] [text/html] [302 Found] [ufe] [vhost] [Envoy] [82c98e8e012b79c922655461171cc2fa]
https://businesses.uber.com [302] [GET] [text/html] [] [cloudflare] [vhost] [cloudflare] [Cloudflare,Cloudflare Bot Management] [0b0bfe0e19b2dbfb5dc3ce0f45b90060]
https://business-staging.uber.com [302] [GET] [text/html] [302 Found] [ufe] [vhost] [Envoy] [82c98e8e012b79c922655461171cc2fa]
https://business.uber.com [302] [GET] [text/html] [302 Found] [ufe] [vhost] [Envoy] [82c98e8e012b79c922655461171cc2fa]
https://bz.uber.com [301] [GET] [] [] [ufe] [vhost] [google] [Google Cloud,Google Cloud CDN] [d41d8cd98f00b204e9800998ecf8427e]
https://call-prompts-static.uber.com [400] [GET] [application/xml] [] [ufe] [vhost] [google] [Envoy,Google Cloud,Google Cloud CDN] [4dc07897bdcb88159d1c1a0f5d6000ab]
https://call-prompts-static.uber.com [400] [GET] [application/xml] [] [ufe] [vhost] [google] [Envoy,Google Cloud,Google Cloud CDN] [7eceea3d776e03472157acf221ddc5fd]
https://call-prompts.uber.com [400] [GET] [application/xml] [] [ufe] [vhost] [google] [Envoy,Google Cloud,Google Cloud CDN] [a0bb1c0dac4f11f70024b827f32623cb]
https://call-prompts.uber.com [400] [GET] [application/xml] [] [ufe] [vhost] [google] [Envoy,Google Cloud,Google Cloud CDN] [e70d081d59f7adb1742ff8136a787a87]
https://candidate-experience-staging.uber.com [503] [GET] [text/html] [Error - Uber] [ufe] [vhost] [google] [Envoy,Google Cloud,Google Cloud CDN] [6b000aa36f4905eb31aa7b9a7753c12c]
https://careers.uber.com [301] [GET] [] [] [ufe] [vhost] [google] [Google Cloud,Google Cloud CDN] [d41d8cd98f00b204e9800998ecf8427e]
https://cdg.uber.com [404] [GET] [] [] [ufe] [vhost] [d41d8cd98f00b204e9800998ecf8427e]
https://central-beta.uber.com [301] [GET] [text/html] [301 Moved Permanently] [ufe] [vhost] [google] [Envoy,Google Cloud,Google Cloud CDN] [3ea1c8d079b38532a6e01a96216ba5e2]
https://central.uber.com [301] [GET] [text/html] [301 Moved Permanently] [ufe] [vhost] [google] [Envoy,Google Cloud,Google Cloud CDN] [3ea1c8d079b38532a6e01a96216ba5e2]
https://central-v2.uber.com [302] [GET] [text/html] [302 Found] [ufe] [vhost] [google] [Envoy,Google Cloud,Google Cloud CDN] [82c98e8e012b79c922655461171cc2fa]
https://charter.uber.com [302] [GET] [text/html] [302 Found] [ufe] [vhost] [google] [Envoy,Google Cloud,Google Cloud CDN] [82c98e8e012b79c922655461171cc2fa]
https://ci.uber.com [301] [GET] [] [] [ufe] [vhost] [google] [Google Cloud,Google Cloud CDN] [d41d8cd98f00b204e9800998ecf8427e]
https://click.uber.com [404] [GET] [text/plain] [404 Not Found] [ufe] [vhost] [google] [Envoy,Google Cloud,Google Cloud CDN] [2aaf312c25b110606bd7a718e65b426f]
https://clients.uber.com [301] [GET] [] [] [ufe] [vhost] [google] [Google Cloud,Google Cloud CDN] [d41d8cd98f00b204e9800998ecf8427e]
https://cloud-integrations-stage.uber.com [403] [GET] [text/html] [403 Forbidden] [] [bad2e8579dcdb79399aac2064216a37d]
https://cn.cfe.uber.com [405] [GET] [application/json] [] [ufe] [google] [Envoy,Google Cloud,Google Cloud CDN] [334c2243bd7f284b609382aa13906343]
https://cnc.uber.com [400] [GET] [application/xml] [] [ufe] [vhost] [google] [Envoy,Google Cloud,Google Cloud CDN] [52e956123d864906f8a3eac21554e618]
https://cnc.uber.com [400] [GET] [application/xml] [] [ufe] [vhost] [google] [Envoy,Google Cloud,Google Cloud CDN] [ee88f396397f7dd6e41ca92f8017b49d]
https://cn-dc1.uber.com [405] [GET] [application/json] [] [ufe] [vhost] [Envoy] [334c2243bd7f284b609382aa13906343]
https://cn-dca1.uber.com [405] [GET] [application/json] [] [ufe] [vhost] [Envoy] [334c2243bd7f284b609382aa13906343]
https://cn-ecg.cfe.uber.com [405] [GET] [application/json] [] [ufe] [google] [Envoy,Google Cloud,Google Cloud CDN] [334c2243bd7f284b609382aa13906343]
https://cn-freight.uber.com [405] [GET] [application/json] [] [ufe] [vhost] [Envoy] [334c2243bd7f284b609382aa13906343]
https://cn-geo1.uber.com [405] [GET] [application/json] [] [ufe] [vhost] [google] [Envoy,Google Cloud,Google Cloud CDN] [334c2243bd7f284b609382aa13906343]
https://cn-phx2.cfe.uber.com [405] [GET] [application/json] [] [ufe] [google] [Envoy,Google Cloud,Google Cloud CDN] [334c2243bd7f284b609382aa13906343]
https://cn-phx2.uber.com [405] [GET] [application/json] [] [ufe] [vhost] [Envoy] [334c2243bd7f284b609382aa13906343]
https://cn-sjc1.uber.com [405] [GET] [application/json] [] [ufe] [vhost] [Envoy] [334c2243bd7f284b609382aa13906343]
https://cn-staging.cfe.uber.com [405] [GET] [application/json] [] [ufe] [google] [Envoy,Google Cloud,Google Cloud CDN] [334c2243bd7f284b609382aa13906343]
https://cn-staging-dca1.uber.com [405] [GET] [application/json] [] [ufe] [vhost] [Envoy] [334c2243bd7f284b609382aa13906343]
https://cn-staging-dca4.cfe.uber.com [405] [GET] [application/json] [] [ufe] [google] [Envoy,Google Cloud,Google Cloud CDN] [334c2243bd7f284b609382aa13906343]
https://cn-staging-dca4.uber.com [307] [GET] [text/html] [307 Temporary Redirect] [ufe] [vhost] [Envoy] [62019120e2e6b6a77d348c07ed5801aa]
https://cn-staging-dca8.cfe.uber.com [405] [GET] [application/json] [] [ufe] [google] [Envoy,Google Cloud,Google Cloud CDN] [334c2243bd7f284b609382aa13906343]
https://cn-staging-dca8.uber.com [307] [GET] [text/html] [307 Temporary Redirect] [ufe] [vhost] [Envoy] [62019120e2e6b6a77d348c07ed5801aa]
https://cn-staging-phx2.cfe.uber.com [405] [GET] [application/json] [] [ufe] [google] [Envoy,Google Cloud,Google Cloud CDN] [334c2243bd7f284b609382aa13906343]
https://cn-staging-phx2.uber.com [405] [GET] [application/json] [] [ufe] [vhost] [Envoy] [334c2243bd7f284b609382aa13906343]
https://cn-staging-sjc1.uber.com [405] [GET] [application/json] [] [ufe] [vhost] [Envoy] [334c2243bd7f284b609382aa13906343]
https://cn-staging-sjc4.cfe.uber.com [405] [GET] [application/json] [] [ufe] [google] [Envoy,Google Cloud,Google Cloud CDN] [334c2243bd7f284b609382aa13906343]
https://cn-staging-sjc4.uber.com [307] [GET] [text/html] [307 Temporary Redirect] [ufe] [Envoy] [62019120e2e6b6a77d348c07ed5801aa]
https://cn-staging.uber.com [405] [GET] [application/json] [] [ufe] [vhost] [Envoy] [334c2243bd7f284b609382aa13906343]
https://cn.uber.com [405] [GET] [application/json] [] [ufe] [vhost] [Envoy] [334c2243bd7f284b609382aa13906343]
https://conecta.uber.com [301] [GET] [] [] [ufe] [vhost] [google] [Google Cloud,Google Cloud CDN] [d41d8cd98f00b204e9800998ecf8427e]
https://contact.uber.com [301] [GET] [] [] [sfdcedge] [vhost] [d41d8cd98f00b204e9800998ecf8427e]
https://cpg-api-19208a97.uber.com [404] [GET] [] [] [ufe] [vhost] [google] [Google Cloud,Google Cloud CDN] [d41d8cd98f00b204e9800998ecf8427e]
https://cpg-api-b27c7352.uber.com [404] [GET] [] [] [ufe] [vhost] [google] [Google Cloud,Google Cloud CDN] [d41d8cd98f00b204e9800998ecf8427e]
https://cpg-api-ef83c3b4.uber.com [404] [GET] [] [] [ufe] [vhost] [google] [Google Cloud,Google Cloud CDN] [d41d8cd98f00b204e9800998ecf8427e]
https://csp.uber.com [404] [GET] [] [] [ufe] [vhost] [d41d8cd98f00b204e9800998ecf8427e]
https://data.uber.com [301] [GET] [] [] [ufe] [vhost] [google] [Google Cloud,Google Cloud CDN] [d41d8cd98f00b204e9800998ecf8427e]
https://db-spares-base22-dca1.prod.uber.com [307] [GET] [text/html] [307 Temporary Redirect] [ufe] [Envoy] [62019120e2e6b6a77d348c07ed5801aa]
https://dbspares-base81-dca1.prod.uber.com [307] [GET] [text/html] [307 Temporary Redirect] [ufe] [Envoy] [62019120e2e6b6a77d348c07ed5801aa]
https://dca1-geo.cfe.uber.com [405] [GET] [application/json] [] [ufe] [google] [Envoy,Google Cloud,Google Cloud CDN] [334c2243bd7f284b609382aa13906343]
https://dclb-dca1.uber.com [405] [GET] [application/json] [] [ufe] [vhost] [Envoy] [334c2243bd7f284b609382aa13906343]
https://dclb-geo.uber.com [307] [GET] [text/html] [307 Temporary Redirect] [ufe] [Envoy] [62019120e2e6b6a77d348c07ed5801aa]
https://dclb-phx.uber.com [307] [GET] [text/html] [307 Temporary Redirect] [ufe] [Envoy] [62019120e2e6b6a77d348c07ed5801aa]
https://dclb-staging-phx2.uber.com [405] [GET] [application/json] [] [ufe] [vhost] [Envoy] [334c2243bd7f284b609382aa13906343]
https://dclb.uber.com [405] [GET] [application/json] [] [ufe] [vhost] [Envoy] [334c2243bd7f284b609382aa13906343]
https://delivery.uber.com [301] [GET] [] [] [ufe] [vhost] [google] [Google Cloud,Google Cloud CDN] [d41d8cd98f00b204e9800998ecf8427e]
https://design.uber.com [301] [GET] [] [] [ufe] [vhost] [google] [Google Cloud,Google Cloud CDN] [d41d8cd98f00b204e9800998ecf8427e]
https://destination-web.uber.com [200] [GET] [text/html] [Destination:Web Meetup Series] [ufe] [vhost] [Envoy] [7cfc634deefda574a62c806276b6f3e6]
https://devbuilds.uber.com [403] [GET] [application/xml] [] [AmazonS3] [vhost] [cloudfront] [Amazon Cloudfront,Amazon S3,Amazon Web Services] [4e2f3e2da086dadf3bf1d4c6f407bd87]
https://devbuilds.uber.com [403] [GET] [application/xml] [] [AmazonS3] [vhost] [cloudfront] [Amazon Cloudfront,Amazon S3,Amazon Web Services] [ae7e4d31fbab75d0b5d1f2d9969bd157]
https://developers.uber.com [301] [GET] [] [] [ufe] [vhost] [google] [Google Cloud,Google Cloud CDN] [d41d8cd98f00b204e9800998ecf8427e]
https://developer.uber.com [200] [GET] [text/html] [Developers | Uber] [ufe] [vhost] [google] [Envoy,Google Cloud,Google Cloud CDN] [d435b21d9e1d561a5a3530f2923c6663]
https://developer.uber.com [200] [GET] [text/html] [Developers | Uber] [ufe] [vhost] [google] [Envoy,Google Cloud,Google Cloud CDN] [fc4cbc438b5969c2f4661dcc9c677697]
https://direct-beta.uber.com [302] [GET] [text/html] [302 Found] [ufe] [vhost] [google] [Envoy,Google Cloud,Google Cloud CDN] [82c98e8e012b79c922655461171cc2fa]
https://direct.uber.com [302] [GET] [text/html] [302 Found] [ufe] [vhost] [google] [Envoy,Google Cloud,Google Cloud CDN] [82c98e8e012b79c922655461171cc2fa]
https://dome-web.uber.com [404] [GET] [text/plain] [] [ufe] [vhost] [google] [Envoy,Google Cloud,Google Cloud CDN] [9d1ead73e678fa2f51a70a933b0bf017]
https://dost.uber.com [301] [GET] [] [] [ufe] [vhost] [google] [Google Cloud,Google Cloud CDN] [d41d8cd98f00b204e9800998ecf8427e]
https://downloads.uber.com [301] [GET] [] [] [ufe] [vhost] [d41d8cd98f00b204e9800998ecf8427e]
https://driverinjuryprotection.uber.com [302] [GET] [text/html] [302 Found] [ufe] [vhost] [google] [Envoy,Google Cloud,Google Cloud CDN] [82c98e8e012b79c922655461171cc2fa]
https://drivers.uber.com [302] [GET] [text/html] [302 Found] [ufe] [vhost] [google] [Envoy,Google Cloud,Google Cloud CDN] [82c98e8e012b79c922655461171cc2fa]
https://driver-success.uber.com [404] [GET] [text/plain] [] [ufe] [vhost] [google] [Envoy,Google Cloud,Google Cloud CDN] [9d1ead73e678fa2f51a70a933b0bf017]
https://eastwood.uber.com [404] [GET] [] [] [ufe] [vhost] [d41d8cd98f00b204e9800998ecf8427e]
https://eats.uber.com [301] [GET] [text/html] [301 Moved Permanently] [ufe] [vhost] [google] [Envoy,Google Cloud,Google Cloud CDN] [3ea1c8d079b38532a6e01a96216ba5e2]
https://ecgsitegenerationtestpp.uber.com [502] [GET] [text/html] [Error - Uber] [ufe] [vhost] [google] [Envoy,Google Cloud,Google Cloud CDN] [6b000aa36f4905eb31aa7b9a7753c12c]
https://ecgsitegenerationtest.uber.com [301] [GET] [] [] [ufe] [vhost] [google] [Google Cloud,Google Cloud CDN] [d41d8cd98f00b204e9800998ecf8427e]
https://ecsapi-staging.uber.com [307] [GET] [text/html] [307 Temporary Redirect] [ufe] [Envoy] [62019120e2e6b6a77d348c07ed5801aa]
https://ecsapi.uber.com [307] [GET] [text/html] [307 Temporary Redirect] [ufe] [Envoy] [62019120e2e6b6a77d348c07ed5801aa]
https://edgetest-all.uber.com [404] [GET] [text/plain] [] [ufe] [vhost] [Envoy] [595e88012a6521aae3e12cbebe76eb9e]
https://edgetest-phx2.uber.com [404] [GET] [text/plain] [] [ufe] [vhost] [Envoy] [595e88012a6521aae3e12cbebe76eb9e]
https://eem.uber.com [302] [GET] [text/html] [302 Found] [ufe] [vhost] [google] [Envoy,Google Cloud,Google Cloud CDN] [82c98e8e012b79c922655461171cc2fa]
https://elevatenetwork-b.uber.com [302] [GET] [text/html] [302 Found] [ufe] [vhost] [Envoy] [82c98e8e012b79c922655461171cc2fa]
https://elevatenetwork-b.uber.com [401] [GET] [application/json] [] [ufe] [vhost] [Basic,Envoy] [6d293d00e0397bf431a114cff49e7f74]
https://elevatenetwork.uber.com [302] [GET] [text/html] [302 Found] [ufe] [vhost] [Envoy] [82c98e8e012b79c922655461171cc2fa]
https://email.uber.com [404] [GET] [text/html] [404 Not Found] [ufe] [vhost] [google] [Envoy,Google Cloud,Google Cloud CDN] [70461da8b94c6ca5d2fda3260c5a8c3b]
https://email.uber.com [404] [GET] [text/html] [404 Not Found] [ufe] [vhost] [google] [Envoy,Google Cloud,Google Cloud CDN] [8e325dc2fea7c8900fc6c4b8c6c394fe]
https://empresas.uber.com [404] [GET] [] [] [ufe] [vhost] [google] [Google Cloud,Google Cloud CDN] [d41d8cd98f00b204e9800998ecf8427e]
https://engineering.uber.com [301] [GET] [text/html] [301 Moved Permanently] [nginx] [vhost] [google] [Nginx] [4f8e702cc244ec5d4de32740c0ecbd97]
https://epichealth-staging.uber.com [302] [GET] [text/html] [302 Found] [ufe] [vhost] [google] [Envoy,Google Cloud,Google Cloud CDN] [82c98e8e012b79c922655461171cc2fa]
https://escuela.uber.com [301] [GET] [] [] [ufe] [vhost] [google] [Google Cloud,Google Cloud CDN] [d41d8cd98f00b204e9800998ecf8427e]
https://events-staging.uber.com [302] [GET] [text/html] [302 Found] [ufe] [vhost] [google] [Envoy,Google Cloud,Google Cloud CDN] [82c98e8e012b79c922655461171cc2fa]
https://event.uber.com [302] [GET] [text/html] [302 Found] [ufe] [vhost] [Envoy] [82c98e8e012b79c922655461171cc2fa]
https://experience.uber.com [301] [GET] [] [] [ufe] [vhost] [google] [Google Cloud,Google Cloud CDN] [d41d8cd98f00b204e9800998ecf8427e]
https://explore-staging.uber.com [302] [GET] [text/html] [302 Found] [ufe] [vhost] [google] [Envoy,Google Cloud,Google Cloud CDN] [82c98e8e012b79c922655461171cc2fa]
https://explore-staging.uber.com [401] [GET] [application/json] [] [ufe] [vhost] [google] [Basic,Envoy,Google Cloud,Google Cloud CDN] [9f0209284aa2148051e90e212817f123]
https://explore.uber.com [302] [GET] [text/html] [302 Found] [ufe] [vhost] [google] [Envoy,Google Cloud,Google Cloud CDN] [82c98e8e012b79c922655461171cc2fa]
https://exxonmobil.uber.com [301] [GET] [] [] [ufe] [vhost] [google] [Google Cloud,Google Cloud CDN] [d41d8cd98f00b204e9800998ecf8427e]
https://fantom-b.uber.com [302] [GET] [text/html] [302 Found] [ufe] [vhost] [Envoy] [82c98e8e012b79c922655461171cc2fa]
https://fantom-staging.uber.com [302] [GET] [text/html] [302 Found] [ufe] [vhost] [Envoy] [82c98e8e012b79c922655461171cc2fa]
https://fleetdm.uber.com [301] [GET] [] [] [ufe] [vhost] [google] [Google Cloud,Google Cloud CDN] [d41d8cd98f00b204e9800998ecf8427e]
https://fleetmatch.uber.com [301] [GET] [] [] [ufe] [vhost] [google] [Google Cloud,Google Cloud CDN] [d41d8cd98f00b204e9800998ecf8427e]
https://fleets.uber.com [301] [GET] [] [] [ufe] [vhost] [google] [Google Cloud,Google Cloud CDN] [d41d8cd98f00b204e9800998ecf8427e]
https://fleet.uber.com [301] [GET] [] [] [ufe] [vhost] [google] [Google Cloud,Google Cloud CDN] [d41d8cd98f00b204e9800998ecf8427e]
https://floweco-staging.uber.com [404] [GET] [] [] [ufe] [vhost] [google] [Google Cloud,Google Cloud CDN] [d41d8cd98f00b204e9800998ecf8427e]
https://fly.uber.com [302] [GET] [text/html] [302 Found] [ufe] [vhost] [google] [Envoy,Google Cloud,Google Cloud CDN] [82c98e8e012b79c922655461171cc2fa]
https://free.uber.com [301] [GET] [] [] [ufe] [vhost] [google] [Google Cloud,Google Cloud CDN] [d41d8cd98f00b204e9800998ecf8427e]
https://freightbonjour-staging.uber.com [302] [GET] [text/html] [302 Found] [ufe] [vhost] [google] [Envoy,Google Cloud,Google Cloud CDN] [82c98e8e012b79c922655461171cc2fa]
https://freightbonjour.uber.com [302] [GET] [text/html] [302 Found] [ufe] [vhost] [Envoy] [82c98e8e012b79c922655461171cc2fa]
https://freightcarrier-staging.uber.com [404] [GET] [text/html] [404 Not Found] [ufe] [vhost] [google] [Envoy,Google Cloud,Google Cloud CDN] [ad76203cbb9feb6a77342842816f7b51]
https://freightcarrier-testing.uber.com [404] [GET] [text/html] [404 Not Found] [ufe] [vhost] [google] [Envoy,Google Cloud,Google Cloud CDN] [ad76203cbb9feb6a77342842816f7b51]
https://freight-inflow.uber.com [404] [GET] [] [] [ufe] [vhost] [google] [Google Cloud,Google Cloud CDN] [d41d8cd98f00b204e9800998ecf8427e]
https://freight-marketing-web-staging.uber.com [302] [GET] [text/html] [302 Found] [ufe] [vhost] [Envoy] [82c98e8e012b79c922655461171cc2fa]
https://freight-marketing-web-staging.uber.com [401] [GET] [application/json] [] [ufe] [vhost] [Basic,Envoy] [d69d24afcc1a1ebcb349092ab62a7279]
https://freight-ops-lite-staging.uber.com [404] [GET] [text/plain] [] [ufe] [vhost] [Envoy] [9d1ead73e678fa2f51a70a933b0bf017]
https://freight-ops-lite.uber.com [404] [GET] [text/plain] [] [ufe] [vhost] [Envoy] [9d1ead73e678fa2f51a70a933b0bf017]
https://freight-plus.uber.com [404] [GET] [text/plain] [] [ufe] [vhost] [google] [Envoy,Google Cloud,Google Cloud CDN] [9d1ead73e678fa2f51a70a933b0bf017]
https://freight-support.uber.com [404] [GET] [text/plain] [] [ufe] [vhost] [Envoy] [9d1ead73e678fa2f51a70a933b0bf017]
https://freighttableau.uber.com [403] [GET] [text/html] [403 Forbidden] [ufe] [vhost] [google] [Envoy,Google Cloud,Google Cloud CDN] [735272b9ddede509dfbb7039bfe4a1f4]
https://freighttableau.uber.com [403] [GET] [text/html] [403 Forbidden] [ufe] [vhost] [google] [Envoy,Google Cloud,Google Cloud CDN] [8b181bb6767bc5795dcf17341a387e5b]
https://freight.uber.com [301] [GET] [] [] [ufe] [vhost] [google] [Google Cloud,Google Cloud CDN] [d41d8cd98f00b204e9800998ecf8427e]
https://fresh.uber.com [301] [GET] [] [] [ufe] [vhost] [google] [Google Cloud,Google Cloud CDN] [d41d8cd98f00b204e9800998ecf8427e]
https://frontends-all.uber.com [307] [GET] [text/html] [307 Temporary Redirect] [ufe] [Envoy] [62019120e2e6b6a77d348c07ed5801aa]
https://frontends-cloud.uber.com [307] [GET] [text/html] [307 Temporary Redirect] [ufe] [google] [Envoy,Google Cloud,Google Cloud CDN] [62019120e2e6b6a77d348c07ed5801aa]
https://frontends-dc.uber.com [307] [GET] [text/html] [307 Temporary Redirect] [ufe] [Envoy] [62019120e2e6b6a77d348c07ed5801aa]
https://frontends-geo.uber.com [307] [GET] [text/html] [307 Temporary Redirect] [ufe] [Envoy] [62019120e2e6b6a77d348c07ed5801aa]
https://frontends-primary.uber.com [307] [GET] [text/html] [307 Temporary Redirect] [ufe] [Envoy] [62019120e2e6b6a77d348c07ed5801aa]
https://frontends.uber.com [307] [GET] [text/html] [307 Temporary Redirect] [ufe] [Envoy] [62019120e2e6b6a77d348c07ed5801aa]
https://frontier-ivr.uber.com [404] [GET] [text/html] [Error] [ufe] [vhost] [google] [Envoy,Google Cloud,Google Cloud CDN] [da7da7d630292e7a2a7dda8ca87b3d39]
https://fusionjs-sync-bot.uber.com [404] [GET] [text/html] [404 Not Found] [ufe] [vhost] [google] [Envoy,Google Cloud,Google Cloud CDN] [597ba0d4396e9c906225140ce907092c]
https://fusionjs-sync-bot.uber.com [404] [GET] [text/html] [404 Not Found] [ufe] [vhost] [google] [Envoy,Google Cloud,Google Cloud CDN] [ad76203cbb9feb6a77342842816f7b51]
https://geo1.cfe.uber.com [405] [GET] [application/json] [] [ufe] [google] [Envoy,Google Cloud,Google Cloud CDN] [334c2243bd7f284b609382aa13906343]
https://geo-dca1.cfe.uber.com [405] [GET] [application/json] [] [ufe] [google] [Envoy,Google Cloud,Google Cloud CDN] [334c2243bd7f284b609382aa13906343]
https://geo-frontends-all-dca1.uber.com [307] [GET] [text/html] [307 Temporary Redirect] [ufe] [Envoy] [62019120e2e6b6a77d348c07ed5801aa]
https://geo-frontends-all-phx2.uber.com [307] [GET] [text/html] [307 Temporary Redirect] [ufe] [Envoy] [62019120e2e6b6a77d348c07ed5801aa]
https://geo-frontends-dca1.uber.com [307] [GET] [text/html] [307 Temporary Redirect] [ufe] [Envoy] [62019120e2e6b6a77d348c07ed5801aa]
https://geo-frontends-phx2.uber.com [307] [GET] [text/html] [307 Temporary Redirect] [ufe] [Envoy] [62019120e2e6b6a77d348c07ed5801aa]
https://geo-sjc1.cfe.uber.com [405] [GET] [application/json] [] [ufe] [google] [Envoy,Google Cloud,Google Cloud CDN] [334c2243bd7f284b609382aa13906343]
https://getmatched-staging.uber.com [301] [GET] [] [] [ufe] [vhost] [google] [Google Cloud,Google Cloud CDN] [d41d8cd98f00b204e9800998ecf8427e]
https://getmatched.uber.com [301] [GET] [] [] [ufe] [vhost] [d41d8cd98f00b204e9800998ecf8427e]
https://getrush.uber.com [301] [GET] [] [] [ufe] [vhost] [google] [Google Cloud,Google Cloud CDN] [d41d8cd98f00b204e9800998ecf8427e]
https://get.uber.com [301] [GET] [text/html] [301 Moved Permanently] [ufe] [vhost] [google] [Envoy,Google Cloud,Google Cloud CDN] [3ea1c8d079b38532a6e01a96216ba5e2]
https://gi.uber.com [404] [GET] [] [] [ufe] [vhost] [d41d8cd98f00b204e9800998ecf8427e]
https://googlefffffffffbdedc85.uber.com [404] [GET] [text/html] [Error 404 (Not Found)!!1] [] [b81150861bf911f947660cf73bce77f6]
https://go.uber.com [301] [GET] [] [] [ufe] [vhost] [google] [Google Cloud,Google Cloud CDN] [d41d8cd98f00b204e9800998ecf8427e]
https://gratitude.uber.com [302] [GET] [text/html] [302 Found] [ufe] [vhost] [google] [Envoy,Google Cloud,Google Cloud CDN] [82c98e8e012b79c922655461171cc2fa]
https://grocery.uber.com [302] [GET] [text/html] [302 Found] [ufe] [vhost] [Envoy] [82c98e8e012b79c922655461171cc2fa]
https://groove.uber.com [302] [GET] [text/html] [] [] [vhost] [489d9bc9fed013a0a925cbfaa547334a]
https://gslink.uber.com [404] [GET] [text/html] [404 Not Found] [nginx] [Nginx] [70461da8b94c6ca5d2fda3260c5a8c3b]
https://gslink.uber.com [404] [GET] [text/html] [404 Not Found] [nginx] [Nginx] [8e325dc2fea7c8900fc6c4b8c6c394fe]
https://guestpasses.uber.com [302] [GET] [text/html] [302 Found] [ufe] [vhost] [Envoy] [82c98e8e012b79c922655461171cc2fa]
https://guest.uber.com [302] [GET] [text/html] [302 Found] [ufe] [vhost] [Envoy] [82c98e8e012b79c922655461171cc2fa]
https://hatch.uber.com [301] [GET] [] [] [ufe] [vhost] [google] [Google Cloud,Google Cloud CDN] [d41d8cd98f00b204e9800998ecf8427e]
https://hcv-supplier-staging.uber.com [302] [GET] [text/html] [302 Found] [ufe] [vhost] [google] [Envoy,Google Cloud,Google Cloud CDN] [82c98e8e012b79c922655461171cc2fa]
https://hcv-supplier.uber.com [302] [GET] [text/html] [302 Found] [ufe] [vhost] [google] [Envoy,Google Cloud,Google Cloud CDN] [82c98e8e012b79c922655461171cc2fa]
https://health-cerner.uber.com [503] [GET] [text/html] [Error - Uber] [ufe] [vhost] [Envoy] [6b000aa36f4905eb31aa7b9a7753c12c]
https://health.uber.com [301] [GET] [text/html] [301 Moved Permanently] [ufe] [vhost] [google] [Envoy,Google Cloud,Google Cloud CDN] [3ea1c8d079b38532a6e01a96216ba5e2]
https://helloworldgcp.uber.com [503] [GET] [text/html] [Error - Uber] [ufe] [vhost] [google] [Envoy,Google Cloud,Google Cloud CDN] [6b000aa36f4905eb31aa7b9a7753c12c]
https://helloworld.uber.com [503] [GET] [text/html] [Error - Uber] [ufe] [vhost] [Envoy] [6b000aa36f4905eb31aa7b9a7753c12c]
https://help-stage.uber.com [404] [GET] [text/plain] [] [ufe] [vhost] [google] [Envoy,Google Cloud,Google Cloud CDN] [9d1ead73e678fa2f51a70a933b0bf017]
https://help.uber.com [404] [GET] [text/plain] [] [ufe] [vhost] [google] [Envoy,Google Cloud,Google Cloud CDN] [9d1ead73e678fa2f51a70a933b0bf017]
https://hero.uber.com [302] [GET] [text/html] [302 Found] [ufe] [vhost] [google] [Envoy,Google Cloud,Google Cloud CDN] [82c98e8e012b79c922655461171cc2fa]
https://hulk.uber.com [302] [GET] [text/html] [302 Found] [ufe] [vhost] [Envoy] [82c98e8e012b79c922655461171cc2fa]
https://i18n.uber.com [404] [GET] [] [] [ufe] [vhost] [d41d8cd98f00b204e9800998ecf8427e]
https://iadm-staging.uber.com [302] [GET] [text/html] [302 Found] [ufe] [vhost] [google] [Envoy,Google Cloud,Google Cloud CDN] [82c98e8e012b79c922655461171cc2fa]
https://iadm.uber.com [301] [GET] [] [] [ufe] [vhost] [google] [Google Cloud,Google Cloud CDN] [d41d8cd98f00b204e9800998ecf8427e]
https://icinga01-dca1.prod.uber.com [307] [GET] [text/html] [307 Temporary Redirect] [ufe] [Envoy] [62019120e2e6b6a77d348c07ed5801aa]
https://incentives.uber.com [302] [GET] [text/html] [302 Found] [ufe] [vhost] [google] [Envoy,Google Cloud,Google Cloud CDN] [82c98e8e012b79c922655461171cc2fa]
https://inquiries.uber.com [404] [GET] [text/plain] [] [ufe] [vhost] [google] [Envoy,Google Cloud,Google Cloud CDN] [9d1ead73e678fa2f51a70a933b0bf017]
https://insurance.uber.com [404] [GET] [text/html] [404 Not Found] [ufe] [vhost] [Envoy] [ad76203cbb9feb6a77342842816f7b51]
https://interuss-dss.uber.com [503] [GET] [text/html] [Error - Uber] [ufe] [vhost] [google] [Envoy,Google Cloud,Google Cloud CDN] [6b000aa36f4905eb31aa7b9a7753c12c]
https://investor.uber.com [301] [GET] [text/html] [Object moved] [cloudflare] [vhost] [cloudflare] [Cloudflare,Cloudflare Bot Management] [0742cea627efb0681ed716a36ee3cb81]
https://investor.uber.com [301] [GET] [text/html] [Object moved] [cloudflare] [vhost] [cloudflare] [Cloudflare,Cloudflare Bot Management] [9b1b927331fb1fcaaf3cba826e9708d9]
https://io.uber.com [404] [GET] [text/html] [404 Not Found] [ufe] [vhost] [google] [Envoy,Google Cloud,Google Cloud CDN] [597ba0d4396e9c906225140ce907092c]
https://io.uber.com [404] [GET] [text/html] [404 Not Found] [ufe] [vhost] [google] [Envoy,Google Cloud,Google Cloud CDN] [ad76203cbb9feb6a77342842816f7b51]
http://sit.usuppliers.uber.com [302] [GET] [] [] [BigIP] [F5 BigIP] [d41d8cd98f00b204e9800998ecf8427e]
https://jobs.uber.com [301] [GET] [] [] [ufe] [vhost] [google] [Google Cloud,Google Cloud CDN] [d41d8cd98f00b204e9800998ecf8427e]
https://join.uber.com [301] [GET] [] [] [ufe] [vhost] [google] [Google Cloud,Google Cloud CDN] [d41d8cd98f00b204e9800998ecf8427e]
https://jump.uber.com [301] [GET] [] [] [ufe] [vhost] [d41d8cd98f00b204e9800998ecf8427e]
https://kcp-gateway.uber.com [503] [GET] [text/html] [Error - Uber] [ufe] [vhost] [Envoy] [6b000aa36f4905eb31aa7b9a7753c12c]
https://kiosk-node-api-staging.uber.com [307] [GET] [text/html] [307 Temporary Redirect] [ufe] [google] [Envoy,Google Cloud,Google Cloud CDN] [62019120e2e6b6a77d348c07ed5801aa]
http://slack-aaa-staging.uber.com [301] [GET] [] [] [ufe] [d41d8cd98f00b204e9800998ecf8427e]
https://ladyeng.uber.com [200] [GET] [text/html] [ladyeng] [ufe] [vhost] [Envoy,React] [5fc4ffabd84dbeb57298b9129b2efe4b]
https://ladyeng.uber.com [200] [GET] [text/html] [ladyeng] [ufe] [vhost] [Envoy,React] [8fc4e9c2d96ba80bc8e3cbbd83bf7bc3]
https://lantern-experiment.uber.com [404] [GET] [text/html] [Error] [ufe] [vhost] [Envoy] [da7da7d630292e7a2a7dda8ca87b3d39]
https://lert.uber.com [200] [GET] [text/html] [] [sfdcedge] [vhost] [ApexPages,Salesforce] [72d38327750000f2abb2f018e3a8d3c9]
https://lert.uber.com [200] [GET] [text/html] [] [sfdcedge] [vhost] [ApexPages,Salesforce] [c5e373cdbac9bd6474538d6734d2d278]
https://link.recruitermail.uber.com [404] [GET] [text/html] [404 Not Found] [nginx] [Nginx] [8e325dc2fea7c8900fc6c4b8c6c394fe]
https://liveops.uber.com [403] [GET] [text/html] [403 Forbidden] [ufe] [vhost] [Envoy] [735272b9ddede509dfbb7039bfe4a1f4]
https://liveops.uber.com [403] [GET] [text/html] [403 Forbidden] [ufe] [vhost] [Envoy] [8b181bb6767bc5795dcf17341a387e5b]
https://lobby-cms.uber.com [200] [GET] [text/html] [uber-hqlobby-cms-fe] [ufe] [vhost] [Envoy] [66070aaca77a97e993409831b6a42965]
https://local.uber.com [307] [GET] [text/html] [307 Temporary Redirect] [ufe] [google] [Envoy,Google Cloud,Google Cloud CDN] [62019120e2e6b6a77d348c07ed5801aa]
https://login.uber.com [404] [GET] [text/html] [404 Not Found] [ufe] [vhost] [Envoy] [597ba0d4396e9c906225140ce907092c]
https://login.uber.com [404] [GET] [text/html] [404 Not Found] [ufe] [vhost] [Envoy] [ad76203cbb9feb6a77342842816f7b51]
https://lost.uber.com [301] [GET] [] [] [ufe] [vhost] [google] [Google Cloud,Google Cloud CDN] [d41d8cd98f00b204e9800998ecf8427e]
https://m2.uber.com [301] [GET] [] [] [ufe] [vhost] [google] [Google Cloud,Google Cloud CDN] [d41d8cd98f00b204e9800998ecf8427e]
https://mail.prod.uber.com [404] [GET] [text/html] [404 Not Found] [nginx] [Nginx] [8e325dc2fea7c8900fc6c4b8c6c394fe]
https://marketplace.uber.com [301] [GET] [] [] [ufe] [vhost] [google] [Google Cloud,Google Cloud CDN] [d41d8cd98f00b204e9800998ecf8427e]
https://meh-staging.uber.com [400] [GET] [text/plain] [] [ufe] [vhost] [google] [Envoy,Google Cloud,Google Cloud CDN] [5f89645fbd26a68c1fb15fa46743cd87]
https://meh.uber.com [400] [GET] [text/plain] [] [ufe] [vhost] [google] [Envoy,Google Cloud,Google Cloud CDN] [5f89645fbd26a68c1fb15fa46743cd87]
https://messages-staging.uber.com [302] [GET] [text/html] [302 Found] [ufe] [vhost] [Envoy] [82c98e8e012b79c922655461171cc2fa]
https://messages.uber.com [302] [GET] [text/html] [302 Found] [ufe] [vhost] [google] [Envoy,Google Cloud,Google Cloud CDN] [82c98e8e012b79c922655461171cc2fa]
https://mission-control-web.uber.com [404] [GET] [] [] [ufe] [vhost] [google] [Google Cloud,Google Cloud CDN] [d41d8cd98f00b204e9800998ecf8427e]
https://mobile-content.uber.com [400] [GET] [application/xml] [] [ufe] [vhost] [google] [Envoy,Google Cloud,Google Cloud CDN] [9db6c66601421dbf02f63440372676a3]
https://mobile-content.uber.com [400] [GET] [application/xml] [] [ufe] [vhost] [google] [Envoy,Google Cloud,Google Cloud CDN] [f1cd4b3e0b1cb0e96d051deb6d40415b]
https://movement-preprod.uber.com [302] [GET] [text/html] [302 Found] [ufe] [vhost] [google] [Envoy,Google Cloud,Google Cloud CDN] [82c98e8e012b79c922655461171cc2fa]
https://movement.uber.com [302] [GET] [text/plain] [] [ufe] [vhost] [Envoy,Express,Node.js] [c45a4f6b544925013b41e2d870ab5358]
https://mutombo.uber.com [301] [GET] [] [] [ufe] [vhost] [d41d8cd98f00b204e9800998ecf8427e]
https://mx-static.uber.com [400] [GET] [application/xml] [] [ufe] [vhost] [google] [Envoy,Google Cloud,Google Cloud CDN] [0dceda0d9b866f0c40bce79a2a8eb5d4]
https://mx-static.uber.com [400] [GET] [application/xml] [] [ufe] [vhost] [google] [Envoy,Google Cloud,Google Cloud CDN] [8650c0929dc978b7e3c10505a3ff63b0]
https://myprivacy.uber.com [404] [GET] [] [] [ufe] [vhost] [google] [Google Cloud,Google Cloud CDN] [d41d8cd98f00b204e9800998ecf8427e]
https://newsroomapi.uber.com [403] [GET] [text/html] [403 Forbidden] [nginx] [Nginx] [4b074b0b59693fa9f94fb71b175fb187]
https://newsroomapi.uber.com [403] [GET] [text/html] [403 Forbidden] [nginx] [Nginx] [9fe3cb2b7313dc79bb477bc8fde184a7]
https://notifier.uber.com [301] [GET] [] [] [ufe] [vhost] [d41d8cd98f00b204e9800998ecf8427e]
https://nycvideo.uber.com [301] [GET] [] [] [ufe] [vhost] [google] [Google Cloud,Google Cloud CDN] [d41d8cd98f00b204e9800998ecf8427e]
https://office-space-staging.uber.com [302] [GET] [text/html] [302 Found] [ufe] [vhost] [Envoy] [82c98e8e012b79c922655461171cc2fa]
https://offthehook.uber.com [503] [GET] [text/html] [Error - Uber] [ufe] [vhost] [google] [Envoy,Google Cloud,Google Cloud CDN] [6b000aa36f4905eb31aa7b9a7753c12c]
https://onboarding.uber.com [404] [GET] [text/html] [404 Not Found] [ufe] [vhost] [Envoy] [597ba0d4396e9c906225140ce907092c]
https://onboarding.uber.com [404] [GET] [text/html] [404 Not Found] [ufe] [vhost] [Envoy] [ad76203cbb9feb6a77342842816f7b51]
https://opensource.uber.com [301] [GET] [] [] [ufe] [vhost] [google] [Google Cloud,Google Cloud CDN] [d41d8cd98f00b204e9800998ecf8427e]
https://order-tracker.uber.com [404] [GET] [text/plain] [] [ufe] [vhost] [google] [Envoy,Google Cloud,Google Cloud CDN] [9d1ead73e678fa2f51a70a933b0bf017]
https://p2.uber.com [301] [GET] [] [] [ufe] [vhost] [google] [Google Cloud,Google Cloud CDN] [d41d8cd98f00b204e9800998ecf8427e]
https://p3.uber.com [302] [GET] [text/html] [302 Found] [ufe] [vhost] [google] [Envoy,Google Cloud,Google Cloud CDN] [82c98e8e012b79c922655461171cc2fa]
https://parking-staging.uber.com [302] [GET] [text/html] [302 Found] [ufe] [vhost] [google] [Envoy,Google Cloud,Google Cloud CDN] [82c98e8e012b79c922655461171cc2fa]
https://parking.uber.com [302] [GET] [text/html] [302 Found] [ufe] [vhost] [google] [Envoy,Google Cloud,Google Cloud CDN] [82c98e8e012b79c922655461171cc2fa]
https://partners2.uber.com [301] [GET] [] [] [ufe] [vhost] [google] [Google Cloud,Google Cloud CDN] [d41d8cd98f00b204e9800998ecf8427e]
https://partners-platform.uber.com [302] [GET] [text/plain] [] [ufe] [vhost] [Envoy,Express,Node.js] [cdd719eaac346e180023e44ba4e11bc8]
https://partners-staging.uber.com [302] [GET] [text/html] [302 Found] [ufe] [vhost] [google] [Envoy,Google Cloud,Google Cloud CDN] [82c98e8e012b79c922655461171cc2fa]
https://partners.uber.com [301] [GET] [text/html] [301 Moved Permanently] [ufe] [vhost] [Envoy] [3ea1c8d079b38532a6e01a96216ba5e2]
https://partner-surveys.uber.com [302] [GET] [text/html] [302 Found] [ufe] [vhost] [google] [Envoy,Google Cloud,Google Cloud CDN] [82c98e8e012b79c922655461171cc2fa]
https://partner.uber.com [301] [GET] [] [] [ufe] [vhost] [google] [Google Cloud,Google Cloud CDN] [d41d8cd98f00b204e9800998ecf8427e]
https://pass.uber.com [404] [GET] [text/html] [404 Not Found] [ufe] [vhost] [google] [Envoy,Google Cloud,Google Cloud CDN] [ad76203cbb9feb6a77342842816f7b51]
https://payment-providers.uber.com [404] [GET] [text/plain] [] [ufe] [vhost] [Envoy] [595e88012a6521aae3e12cbebe76eb9e]
https://payments-staging.uber.com [302] [GET] [text/html] [] [ufe] [vhost] [google] [Envoy,Google Cloud,Google Cloud CDN] [091e3b00def10b047fe2a06a0078fa7d]
https://payments-staging.uber.com [302] [GET] [text/html] [] [ufe] [vhost] [google] [Envoy,Google Cloud,Google Cloud CDN,PayPal] [091e3b00def10b047fe2a06a0078fa7d]
https://payments.uber.com [302] [GET] [text/html] [] [ufe] [vhost] [google] [Envoy,Google Cloud,Google Cloud CDN,PayPal] [091e3b00def10b047fe2a06a0078fa7d]
https://paypay-help.uber.com [302] [GET] [text/html] [302 Found] [ufe] [vhost] [google] [Envoy,Google Cloud,Google Cloud CDN] [82c98e8e012b79c922655461171cc2fa]
https://paypay.uber.com [302] [GET] [text/html] [302 Found] [ufe] [vhost] [google] [Envoy,Google Cloud,Google Cloud CDN] [82c98e8e012b79c922655461171cc2fa]
https://pending.uber.com [301] [GET] [] [] [ufe] [vhost] [google] [Google Cloud,Google Cloud CDN] [d41d8cd98f00b204e9800998ecf8427e]
https://pharma.uber.com [302] [GET] [text/html] [302 Found] [ufe] [vhost] [google] [Envoy,Google Cloud,Google Cloud CDN] [82c98e8e012b79c922655461171cc2fa]
https://photography.uber.com [503] [GET] [text/html] [Application Error] [Cowboy] [vhost] [Cowboy] [8c772af5c5f6e790a7ac1e8b0f5ce734]
https://photos.uber.com [503] [GET] [text/html] [Application Error] [Cowboy] [vhost] [Cowboy] [8c772af5c5f6e790a7ac1e8b0f5ce734]
https://photo.uber.com [301] [GET] [] [] [ufe] [vhost] [google] [Google Cloud,Google Cloud CDN] [d41d8cd98f00b204e9800998ecf8427e]
https://places-mobile.uber.com [302] [GET] [text/html] [302 Found] [ufe] [vhost] [google] [Envoy,Google Cloud,Google Cloud CDN] [82c98e8e012b79c922655461171cc2fa]
https://plus.uber.com [404] [GET] [text/html] [404 Not Found] [ufe] [vhost] [Envoy] [597ba0d4396e9c906225140ce907092c]
https://plus.uber.com [404] [GET] [text/html] [404 Not Found] [ufe] [vhost] [Envoy] [ad76203cbb9feb6a77342842816f7b51]
https://postmaster.uber.com [404] [GET] [text/html] [404 Not Found] [ufe] [vhost] [Envoy] [597ba0d4396e9c906225140ce907092c]
https://postmaster.uber.com [404] [GET] [text/html] [404 Not Found] [ufe] [vhost] [Envoy] [ad76203cbb9feb6a77342842816f7b51]
https://privacy.uber.com [301] [GET] [] [] [ufe] [vhost] [d41d8cd98f00b204e9800998ecf8427e]
https://product-platform.uber.com [301] [GET] [] [] [ufe] [vhost] [google] [Google Cloud,Google Cloud CDN] [d41d8cd98f00b204e9800998ecf8427e]
https://profiles.uber.com [301] [GET] [] [] [ufe] [vhost] [google] [Google Cloud,Google Cloud CDN] [d41d8cd98f00b204e9800998ecf8427e]
https://pt-jump.uber.com [301] [GET] [] [] [ufe] [vhost] [google] [Google Cloud,Google Cloud CDN] [d41d8cd98f00b204e9800998ecf8427e]
https://pt.uber.com [301] [GET] [] [] [ufe] [vhost] [google] [Google Cloud,Google Cloud CDN] [d41d8cd98f00b204e9800998ecf8427e]
https://publicsafety.uber.com [200] [GET] [text/html] [] [sfdcedge] [vhost] [ApexPages,Salesforce] [0eef5e7a06e8c7331894e5cd682cf0cf]
https://publicsafety.uber.com [200] [GET] [text/html] [] [sfdcedge] [vhost] [ApexPages,Salesforce] [7f04079abb6472399003235c7731e7bb]
https://pusher.uber.com [404] [GET] [] [] [ufe] [vhost] [google] [Google Cloud,Google Cloud CDN] [d41d8cd98f00b204e9800998ecf8427e]
https://querybuilder.uber.com [301] [GET] [] [] [ufe] [vhost] [google] [Google Cloud,Google Cloud CDN] [d41d8cd98f00b204e9800998ecf8427e]
https://quic-cn.cfe.uber.com [405] [GET] [application/json] [] [ufe] [google] [Envoy,Google Cloud,Google Cloud CDN] [334c2243bd7f284b609382aa13906343]
https://quic-cn-sjc1.cfe.uber.com [405] [GET] [application/json] [] [ufe] [google] [Envoy,Google Cloud,Google Cloud CDN] [334c2243bd7f284b609382aa13906343]
https://ramendca.uber.com [404] [GET] [] [] [ufe] [vhost] [d41d8cd98f00b204e9800998ecf8427e]
https://ramenphx.uber.com [404] [GET] [text/html] [404 Not Found] [ufe] [vhost] [google] [Envoy,Google Cloud,Google Cloud CDN] [597ba0d4396e9c906225140ce907092c]
https://ramenphx.uber.com [404] [GET] [text/html] [404 Not Found] [ufe] [vhost] [google] [Envoy,Google Cloud,Google Cloud CDN] [ad76203cbb9feb6a77342842816f7b51]
https://receipts.uber.com [404] [GET] [text/html] [404 - Not Found] [ufe] [vhost] [Envoy,React] [a101e42f24bf20682b0b0bfc0eefc8f6]
https://redeem-beta.uber.com [404] [GET] [text/plain] [] [ufe] [vhost] [Envoy] [9d1ead73e678fa2f51a70a933b0bf017]
https://redeem.uber.com [404] [GET] [text/plain] [] [ufe] [vhost] [Envoy] [9d1ead73e678fa2f51a70a933b0bf017]
https://reimagine.uber.com [302] [GET] [text/html] [302 Found] [ufe] [vhost] [google] [Envoy,Google Cloud,Google Cloud CDN] [82c98e8e012b79c922655461171cc2fa]
https://render-receipts.uber.com [503] [GET] [text/html] [Error - Uber] [ufe] [vhost] [google] [Envoy,Google Cloud,Google Cloud CDN] [6b000aa36f4905eb31aa7b9a7753c12c]
https://research.uber.com [301] [GET] [] [] [ufe] [vhost] [google] [Google Cloud,Google Cloud CDN] [d41d8cd98f00b204e9800998ecf8427e]
https://reset-campaign.uber.com [503] [GET] [text/html] [Error - Uber] [ufe] [vhost] [Envoy] [6b000aa36f4905eb31aa7b9a7753c12c]
https://restaurant-dashboard.uber.com [302] [GET] [text/html] [302 Found] [ufe] [vhost] [google] [Envoy,Google Cloud,Google Cloud CDN] [82c98e8e012b79c922655461171cc2fa]
https://restauranthelp.uber.com [301] [GET] [] [] [sfdcedge] [vhost] [d41d8cd98f00b204e9800998ecf8427e]
https://restaurant-help.uber.com [301] [GET] [] [] [ufe] [vhost] [google] [Google Cloud,Google Cloud CDN] [d41d8cd98f00b204e9800998ecf8427e]
https://restaurant-signup-staging.uber.com [302] [GET] [text/html] [] [ufe] [vhost] [google] [Amazon S3,Amazon Web Services,Envoy,Google Cloud,Google Cloud CDN,PayPal,Rokt] [3325d8f2fa785fff71dc40c1038418f8]
https://restaurant-staging.uber.com [301] [GET] [text/html] [301 Moved Permanently] [ufe] [vhost] [google] [Envoy,Google Cloud,Google Cloud CDN] [3ea1c8d079b38532a6e01a96216ba5e2]
https://restaurants.uber.com [404] [GET] [text/html] [404 - Page not found] [cloudflare] [vhost] [cloudflare] [Cloudflare,Cloudflare Bot Management,Google Font API] [c648c8949d7ecc0b0dbcbb15dcb84841]
https://rewards-beta.uber.com [302] [GET] [text/html] [302 Found] [ufe] [vhost] [google] [Envoy,Google Cloud,Google Cloud CDN] [82c98e8e012b79c922655461171cc2fa]
https://rewards.uber.com [302] [GET] [text/html] [302 Found] [ufe] [vhost] [google] [Envoy,Google Cloud,Google Cloud CDN] [82c98e8e012b79c922655461171cc2fa]
https://riders-staging.uber.com [302] [GET] [text/html] [302 Found] [ufe] [vhost] [Envoy] [82c98e8e012b79c922655461171cc2fa]
https://riders-staging.uber.com [401] [GET] [application/json] [] [ufe] [vhost] [Basic,Envoy] [45ba702e0008c64c2413a32977ec2594]
https://riders.uber.com [302] [GET] [text/html] [302 Found] [ufe] [vhost] [Envoy] [82c98e8e012b79c922655461171cc2fa]
https://rider.uber.com [301] [GET] [] [] [ufe] [vhost] [google] [Google Cloud,Google Cloud CDN] [d41d8cd98f00b204e9800998ecf8427e]
https://safetycenter-staging.uber.com [302] [GET] [text/html] [302 Found] [ufe] [vhost] [Envoy] [82c98e8e012b79c922655461171cc2fa]
https://safetycenter.uber.com [302] [GET] [text/html] [302 Found] [ufe] [vhost] [Envoy] [82c98e8e012b79c922655461171cc2fa]
https://safetyreport.uber.com [301] [GET] [text/html] [301 Moved Permanently] [nginx] [vhost] [google] [Nginx] [4f8e702cc244ec5d4de32740c0ecbd97]
https://sandbox-api.uber.com [301] [GET] [text/html] [301 Moved Permanently] [ufe] [vhost] [Envoy] [3ea1c8d079b38532a6e01a96216ba5e2]
https://sao1.uber.com [404] [GET] [text/html] [404 Not Found] [ufe] [vhost] [Envoy] [597ba0d4396e9c906225140ce907092c]
https://sao1.uber.com [404] [GET] [text/html] [404 Not Found] [ufe] [vhost] [Envoy] [ad76203cbb9feb6a77342842816f7b51]
https://sao2.uber.com [404] [GET] [text/html] [404 Not Found] [ufe] [vhost] [Envoy] [ad76203cbb9feb6a77342842816f7b51]
https://sao.uber.com [404] [GET] [text/html] [404 Not Found] [ufe] [vhost] [Envoy] [597ba0d4396e9c906225140ce907092c]
https://sao.uber.com [404] [GET] [text/html] [404 Not Found] [ufe] [vhost] [Envoy] [ad76203cbb9feb6a77342842816f7b51]
https://sbx.usuppliers.uber.com [302] [GET] [text/html] [302 Found] [] [9f50d0c2b606e2b60a2184db4ea0e104]
https://sched.uber.com [301] [GET] [] [] [ufe] [vhost] [google] [Google Cloud,Google Cloud CDN] [d41d8cd98f00b204e9800998ecf8427e]
https://security.uber.com [301] [GET] [] [] [ufe] [vhost] [google] [Google Cloud,Google Cloud CDN] [d41d8cd98f00b204e9800998ecf8427e]
https://settlement.uber.com [307] [GET] [text/html] [307 Temporary Redirect] [ufe] [google] [Envoy,Google Cloud,Google Cloud CDN] [62019120e2e6b6a77d348c07ed5801aa]
https://share-beta.uber.com [404] [GET] [] [] [ufe] [vhost] [google] [Google Cloud,Google Cloud CDN] [d41d8cd98f00b204e9800998ecf8427e]
https://share.uber.com [301] [GET] [] [] [ufe] [vhost] [google] [Google Cloud,Google Cloud CDN] [d41d8cd98f00b204e9800998ecf8427e]
https://shortener.uber.com [503] [GET] [text/html] [Error - Uber] [ufe] [vhost] [google] [Envoy,Google Cloud,Google Cloud CDN] [6b000aa36f4905eb31aa7b9a7753c12c]
https://smartsheet.uber.com [404] [GET] [text/html] [404 Not Found] [Apache] [vhost] [Amazon ALB,Amazon Web Services,Apache] [62962daa1b19bbcc2db10b7bfd531ea6]
https://split.uber.com [301] [GET] [] [] [ufe] [vhost] [google] [Google Cloud,Google Cloud CDN] [d41d8cd98f00b204e9800998ecf8427e]
https://spotlight.uber.com [302] [GET] [text/html] [302 Found] [ufe] [vhost] [google] [Envoy,Google Cloud,Google Cloud CDN] [82c98e8e012b79c922655461171cc2fa]
https://static-maps.uber.com [404] [GET] [] [] [ufe] [vhost] [google] [Google Cloud,Google Cloud CDN] [d41d8cd98f00b204e9800998ecf8427e]
https://static.uber.com [403] [GET] [application/xml] [] [AmazonS3] [vhost] [cloudfront] [Amazon Cloudfront,Amazon S3,Amazon Web Services] [3a1c4ec6ca4e9d03929729b6ab47689f]
https://static.uber.com [403] [GET] [application/xml] [] [AmazonS3] [vhost] [cloudfront] [Amazon Cloudfront,Amazon S3,Amazon Web Services] [c0946aa92362b5d632d8c695e2d5b7d3]
https://subscriptions.uber.com [301] [GET] [] [] [ufe] [vhost] [google] [Google Cloud,Google Cloud CDN] [d41d8cd98f00b204e9800998ecf8427e]
https://supplier-demo.uber.com [302] [GET] [text/html] [302 Found] [ufe] [vhost] [google] [Envoy,Google Cloud,Google Cloud CDN] [82c98e8e012b79c922655461171cc2fa]
https://supplier-experimental.uber.com [302] [GET] [text/html] [302 Found] [ufe] [vhost] [google] [Envoy,Google Cloud,Google Cloud CDN] [82c98e8e012b79c922655461171cc2fa]
https://support.uber.com [301] [GET] [] [] [ufe] [vhost] [google] [Google Cloud,Google Cloud CDN] [d41d8cd98f00b204e9800998ecf8427e]
https://survey-lo.uber.com [404] [GET] [text/plain] [] [ufe] [vhost] [google] [Envoy,Google Cloud,Google Cloud CDN] [9d1ead73e678fa2f51a70a933b0bf017]
https://survey.uber.com [302] [GET] [text/html] [302 Found] [ufe] [vhost] [google] [Envoy,Google Cloud,Google Cloud CDN] [82c98e8e012b79c922655461171cc2fa]
https://swimapi-staging.uber.com [307] [GET] [text/html] [307 Temporary Redirect] [ufe] [Envoy] [62019120e2e6b6a77d348c07ed5801aa]
https://swimapi.uber.com [307] [GET] [text/html] [307 Temporary Redirect] [ufe] [Envoy] [62019120e2e6b6a77d348c07ed5801aa]
https://switchboard-staging.uber.com [404] [GET] [] [] [ufe] [vhost] [d41d8cd98f00b204e9800998ecf8427e]
https://switchboard.uber.com [404] [GET] [application/json] [] [ufe] [vhost] [Envoy] [e7a95cf3f21c5be42bde6ac14bf9407f]
https://switchboard.uber.com [404] [GET] [application/json] [] [ufe] [vhost] [Envoy] [e9dffc96cd04efa8f8b28a5c9c508b06]
https://t2.uber.com [301] [GET] [] [] [ufe] [vhost] [google] [Google Cloud,Google Cloud CDN] [d41d8cd98f00b204e9800998ecf8427e]
https://tb-origin-staging.uber.com [403] [GET] [text/html] [403 Forbidden] [ufe] [vhost] [google] [Envoy,Google Cloud,Google Cloud CDN] [735272b9ddede509dfbb7039bfe4a1f4]
https://tb-origin.uber.com [403] [GET] [text/html] [403 Forbidden] [ufe] [vhost] [google] [Envoy,Google Cloud,Google Cloud CDN] [735272b9ddede509dfbb7039bfe4a1f4]
https://tb-origin.uber.com [403] [GET] [text/html] [403 Forbidden] [ufe] [vhost] [google] [Envoy,Google Cloud,Google Cloud CDN] [8b181bb6767bc5795dcf17341a387e5b]
https://tbs-static.uber.com [403] [GET] [text/xml] [] [CloudFront] [vhost] [cloudfront] [Amazon Cloudfront,Amazon Web Services] [40a481f43ca93bbbdd18621b439ea397]
https://tb-static.uber.com [401] [GET] [application/xml] [] [ufe] [vhost] [cloudfront] [Amazon Cloudfront,Amazon Web Services,Envoy] [0718578dd000ebe4ccdd1340aa4dad25]
https://tb-static.uber.com [401] [GET] [application/xml] [] [ufe] [vhost] [cloudfront] [Amazon Cloudfront,Amazon Web Services,Envoy] [4a827f6d5f57cccd5a13cfb68fe1d97a]
https://tc.uber.com [404] [GET] [] [] [ufe] [vhost] [google] [Google Cloud,Google Cloud CDN] [d41d8cd98f00b204e9800998ecf8427e]
https://tdottest1.uber.com [302] [GET] [text/html] [] [] [vhost] [d41d8cd98f00b204e9800998ecf8427e]
https://team.uber.com [301] [GET] [] [] [ufe] [vhost] [google] [Google Cloud,Google Cloud CDN] [d41d8cd98f00b204e9800998ecf8427e]
https://te-cn.cfe.uber.com [405] [GET] [application/json] [] [ufe] [google] [Envoy,Google Cloud,Google Cloud CDN] [334c2243bd7f284b609382aa13906343]
https://te-cn-dca1.cfe.uber.com [405] [GET] [application/json] [] [ufe] [google] [Envoy,Google Cloud,Google Cloud CDN] [334c2243bd7f284b609382aa13906343]
https://te-cn-phx2.cfe.uber.com [405] [GET] [application/json] [] [ufe] [google] [Envoy,Google Cloud,Google Cloud CDN] [334c2243bd7f284b609382aa13906343]
https://te-cn-sjc1.cfe.uber.com [405] [GET] [application/json] [] [ufe] [google] [Envoy,Google Cloud,Google Cloud CDN] [334c2243bd7f284b609382aa13906343]
https://te-cn-sjc1.cfe.uber.com [405] [GET] [application/json] [] [ufe] [vhost] [google] [Envoy,Google Cloud,Google Cloud CDN] [334c2243bd7f284b609382aa13906343]
https://temp.uber.com [301] [GET] [] [] [ufe] [vhost] [google] [Google Cloud,Google Cloud CDN] [d41d8cd98f00b204e9800998ecf8427e]
https://terra-cognitae-staging.uber.com [404] [GET] [] [] [ufe] [vhost] [google] [Google Cloud,Google Cloud CDN] [d41d8cd98f00b204e9800998ecf8427e]
https://thankatruckdriver.uber.com [406] [GET] [text/plain] [] [ufe] [vhost] [google] [Envoy,Google Cloud,Google Cloud CDN] [c188123a8479f44786e8e1ac01f38500]
https://theresa-test.uber.com [301] [GET] [] [] [ufe] [vhost] [google] [Google Cloud,Google Cloud CDN] [d41d8cd98f00b204e9800998ecf8427e]
https://todayblog.uber.com [301] [GET] [] [] [ufe] [vhost] [google] [Google Cloud,Google Cloud CDN] [d41d8cd98f00b204e9800998ecf8427e]
https://tools.uber.com [301] [GET] [] [] [ufe] [vhost] [google] [Google Cloud,Google Cloud CDN] [d41d8cd98f00b204e9800998ecf8427e]
https://track.uber.com [301] [GET] [] [] [ufe] [vhost] [google] [Google Cloud,Google Cloud CDN] [d41d8cd98f00b204e9800998ecf8427e]
https://transit.uber.com [302] [GET] [text/html] [302 Found] [ufe] [vhost] [google] [Envoy,Google Cloud,Google Cloud CDN] [82c98e8e012b79c922655461171cc2fa]
https://transparencyreport.uber.com [302] [GET] [text/html] [] [nginx] [vhost] [google] [Nginx,WP Engine,WordPress] [d41d8cd98f00b204e9800998ecf8427e]
https://travel.uber.com [302] [GET] [text/html] [302 Found] [ufe] [vhost] [Envoy] [82c98e8e012b79c922655461171cc2fa]
https://trip.uber.com [302] [GET] [text/html] [] [ufe] [vhost] [google] [Envoy,Google Cloud,Google Cloud CDN] [0571c9cd0bd644471bd4b72cf4dcfaff]
https://t.uber.com [302] [GET] [text/html] [] [] [vhost] [d41d8cd98f00b204e9800998ecf8427e]
https://u475-dca1.prod.uber.com [307] [GET] [text/html] [307 Temporary Redirect] [ufe] [Envoy] [62019120e2e6b6a77d348c07ed5801aa]
https://uber.com [301] [GET] [text/html] [301 Moved Permanently] [ufe] [vhost] [google] [Envoy,Google Cloud,Google Cloud CDN] [3ea1c8d079b38532a6e01a96216ba5e2]
https://uber-com-careers.uber.com [302] [GET] [text/html] [302 Found] [ufe] [vhost] [Envoy] [82c98e8e012b79c922655461171cc2fa]
https://ubercom-staging.uber.com [406] [GET] [text/plain] [] [ufe] [vhost] [google] [Envoy,Google Cloud,Google Cloud CDN] [c188123a8479f44786e8e1ac01f38500]
https://uc-staging.uber.com [403] [GET] [text/html] [403 Forbidden] [ufe] [vhost] [Envoy] [735272b9ddede509dfbb7039bfe4a1f4]
https://uc-staging.uber.com [403] [GET] [text/html] [403 Forbidden] [ufe] [vhost] [Envoy] [8b181bb6767bc5795dcf17341a387e5b]
https://uc.uber.com [403] [GET] [text/html] [403 Forbidden] [ufe] [vhost] [Envoy] [735272b9ddede509dfbb7039bfe4a1f4]
https://ukvideo.uber.com [301] [GET] [] [] [ufe] [vhost] [google] [Google Cloud,Google Cloud CDN] [d41d8cd98f00b204e9800998ecf8427e]
https://unsubscribe.uber.com [301] [GET] [] [] [ufe] [vhost] [google] [Google Cloud,Google Cloud CDN] [d41d8cd98f00b204e9800998ecf8427e]
https://uprotect.uber.com [404] [GET] [text/html] [404 Not Found] [ufe] [vhost] [google] [Envoy,Google Cloud,Google Cloud CDN] [597ba0d4396e9c906225140ce907092c]
https://uprotect.uber.com [404] [GET] [text/html] [404 Not Found] [ufe] [vhost] [google] [Envoy,Google Cloud,Google Cloud CDN] [ad76203cbb9feb6a77342842816f7b51]
https://usuppliers.uber.com [302] [GET] [text/html] [302 Found] [] [715bd633dcb443302a96bdd6ba6db0e3]
https://utmbeta-staging.uber.com [503] [GET] [text/html] [Error - Uber] [ufe] [vhost] [Envoy] [6b000aa36f4905eb31aa7b9a7753c12c]
https://utmbeta.uber.com [503] [GET] [text/html] [Error - Uber] [ufe] [vhost] [Envoy] [6b000aa36f4905eb31aa7b9a7753c12c]
https://uview-node-api.uber.com [503] [GET] [text/html] [Error - Uber] [ufe] [vhost] [Envoy] [6b000aa36f4905eb31aa7b9a7753c12c]
https://vault-staging.uber.com [301] [GET] [] [] [ufe] [vhost] [google] [Google Cloud,Google Cloud CDN] [d41d8cd98f00b204e9800998ecf8427e]
https://vault.uber.com [301] [GET] [] [] [ufe] [vhost] [google] [Google Cloud,Google Cloud CDN] [d41d8cd98f00b204e9800998ecf8427e]
https://vehicle-solutions-staging.uber.com [301] [GET] [text/html] [301 Moved Permanently] [ufe] [vhost] [Envoy] [3ea1c8d079b38532a6e01a96216ba5e2]
https://vehicle-solutions.uber.com [301] [GET] [text/html] [301 Moved Permanently] [ufe] [vhost] [Envoy] [3ea1c8d079b38532a6e01a96216ba5e2]
https://vehicle-staging.uber.com [301] [GET] [] [] [ufe] [vhost] [google] [Google Cloud,Google Cloud CDN] [d41d8cd98f00b204e9800998ecf8427e]
https://vehicle.uber.com [301] [GET] [] [] [ufe] [vhost] [google] [Google Cloud,Google Cloud CDN] [d41d8cd98f00b204e9800998ecf8427e]
https://verifier.uber.com [301] [GET] [] [] [ufe] [vhost] [google] [Google Cloud,Google Cloud CDN] [d41d8cd98f00b204e9800998ecf8427e]
https://verify.uber.com [302] [GET] [text/html] [302 Found] [ufe] [vhost] [Envoy] [82c98e8e012b79c922655461171cc2fa]
https://viaduct.uber.com [404] [GET] [text/plain] [] [ufe] [vhost] [google] [Envoy,Google Cloud,Google Cloud CDN] [9d1ead73e678fa2f51a70a933b0bf017]
https://video-support-api-staging.uber.com [503] [GET] [text/html] [Error - Uber] [ufe] [vhost] [Envoy] [6b000aa36f4905eb31aa7b9a7753c12c]
https://video-support-callback-staging.uber.com [404] [GET] [text/plain] [] [ufe] [vhost] [google] [Envoy,Google Cloud,Google Cloud CDN] [595e88012a6521aae3e12cbebe76eb9e]
https://video-support-callback.uber.com [404] [GET] [text/plain] [] [ufe] [vhost] [google] [Envoy,Google Cloud,Google Cloud CDN] [595e88012a6521aae3e12cbebe76eb9e]
https://video-support.uber.com [404] [GET] [text/plain] [] [ufe] [vhost] [google] [Envoy,Google Cloud,Google Cloud CDN] [9d1ead73e678fa2f51a70a933b0bf017]
https://vouchers-staging.uber.com [302] [GET] [text/html] [302 Found] [ufe] [vhost] [google] [Envoy,Google Cloud,Google Cloud CDN] [82c98e8e012b79c922655461171cc2fa]
https://vouchers.uber.com [302] [GET] [text/html] [302 Found] [ufe] [vhost] [google] [Envoy,Google Cloud,Google Cloud CDN] [82c98e8e012b79c922655461171cc2fa]
https://vsdispatch.uber.com [302] [GET] [text/html] [302 Found] [ufe] [vhost] [Envoy] [82c98e8e012b79c922655461171cc2fa]
https://vs-terms.uber.com [404] [GET] [text/html] [404 Not Found] [ufe] [vhost] [google] [Envoy,Google Cloud,Google Cloud CDN] [597ba0d4396e9c906225140ce907092c]
https://vs-terms.uber.com [404] [GET] [text/html] [404 Not Found] [ufe] [vhost] [google] [Envoy,Google Cloud,Google Cloud CDN] [ad76203cbb9feb6a77342842816f7b51]
https://v.uber.com [301] [GET] [] [] [ufe] [vhost] [google] [Google Cloud,Google Cloud CDN] [d41d8cd98f00b204e9800998ecf8427e]
https://wallet-staging.uber.com [302] [GET] [text/html] [302 Found] [ufe] [vhost] [google] [Envoy,Google Cloud,Google Cloud CDN] [82c98e8e012b79c922655461171cc2fa]
https://wallet.uber.com [302] [GET] [text/html] [302 Found] [ufe] [vhost] [google] [Envoy,Google Cloud,Google Cloud CDN] [82c98e8e012b79c922655461171cc2fa]
https://wav-staging.uber.com [301] [GET] [text/html] [301 Moved Permanently] [ufe] [vhost] [Envoy] [3ea1c8d079b38532a6e01a96216ba5e2]
https://wav.uber.com [301] [GET] [text/html] [301 Moved Permanently] [ufe] [vhost] [Envoy] [3ea1c8d079b38532a6e01a96216ba5e2]
https://webber.uber.com [301] [GET] [] [] [ufe] [vhost] [google] [Google Cloud,Google Cloud CDN] [d41d8cd98f00b204e9800998ecf8427e]
https://web-breeze-test-1.uber.com [302] [GET] [text/html] [302 Found] [ufe] [vhost] [Envoy] [82c98e8e012b79c922655461171cc2fa]
https://webjoin.uber.com [301] [GET] [] [] [ufe] [vhost] [google] [Google Cloud,Google Cloud CDN] [d41d8cd98f00b204e9800998ecf8427e]
https://web-platform-bot.uber.com [301] [GET] [text/html] [301 Moved Permanently] [ufe] [vhost] [google] [Envoy,Google Cloud,Google Cloud CDN] [3ea1c8d079b38532a6e01a96216ba5e2]
https://webview-staging.uber.com [302] [GET] [text/html] [302 Found] [ufe] [vhost] [Envoy] [82c98e8e012b79c922655461171cc2fa]
https://widgets.uber.com [502] [GET] [text/html] [Error - Uber] [ufe] [vhost] [Envoy] [6b000aa36f4905eb31aa7b9a7753c12c]
https://works.uber.com [301] [GET] [] [] [ufe] [vhost] [google] [Google Cloud,Google Cloud CDN] [d41d8cd98f00b204e9800998ecf8427e]
https://www.blog.uber.com [302] [GET] [text/html] [] [nginx] [vhost] [google] [Nginx,WP Engine,WordPress] [d41d8cd98f00b204e9800998ecf8427e]
https://www.uber.com [406] [GET] [text/plain] [] [ufe] [vhost] [google] [Envoy,Google Cloud,Google Cloud CDN] [c188123a8479f44786e8e1ac01f38500]
https://xlb.uber.com [302] [GET] [text/html] [302 Found] [ufe] [vhost] [google] [Envoy,Google Cloud,Google Cloud CDN] [82c98e8e012b79c922655461171cc2fa]
https://xn--9q8h.uber.com [302] [GET] [text/html] [302 Found] [ufe] [vhost] [google] [Envoy,Google Cloud,Google Cloud CDN] [82c98e8e012b79c922655461171cc2fa]
https://x.uber.com [301] [GET] [text/html] [301 Moved Permanently] [ufe] [vhost] [Envoy] [3ea1c8d079b38532a6e01a96216ba5e2]
https://zero2.uber.com [502] [GET] [text/html] [Error - Uber] [ufe] [vhost] [Envoy] [6b000aa36f4905eb31aa7b9a7753c12c]
https://z.uber.com [302] [GET] [text/html] [] [] [vhost] [d41d8cd98f00b204e9800998ecf8427e]
http://test-auth.uber.com [301] [GET] [] [] [ufe] [d41d8cd98f00b204e9800998ecf8427e]
http://trips-gateway-pairing-staging.uber.com [301] [GET] [] [] [ufe] [d41d8cd98f00b204e9800998ecf8427e]
http://trips-gateway-pairing.uber.com [301] [GET] [] [] [ufe] [d41d8cd98f00b204e9800998ecf8427e]
http://uat.usuppliers.uber.com [302] [GET] [] [] [BigIP] [F5 BigIP] [d41d8cd98f00b204e9800998ecf8427e]
http://vip-gateway.uber.com [301] [GET] [] [] [ufe] [d41d8cd98f00b204e9800998ecf8427e]
http://www.lert.uber.com [301] [GET] [text/html] [] [] [vhost] [81051bcc2cf1bedf378224b0a93e2877]
