http://calendar.ubnt.com [302] [GET] [text/html] [302 Moved] [ghs] [vhost] [77541b5ba2d8ccf510f9a506df3ef523]
http://dev-config.ubnt.com:8080 [302] [GET] [text/html] [302 Found] [nginx] [Nginx] [aff950cab4c0265e21d401db15f1026d]
http://dev-elite-billing.ubnt.com:8080 [503] [GET] [text/html] [503 Service Temporarily Unavailable] [awselb/2.0] [81df4d3863debf3eceb5cf84251fd472]
http://dev-fw-update2.ubnt.com [301] [GET] [text/html] [301 Moved Permanently] [CloudFront] [vhost] [cloudfront] [Amazon Cloudfront,Amazon Web Services] [e4e384d6672787c1bb2a9b500114f1f5]
http://dev-store.ubnt.com:2052 [403] [GET] [text/html] [Attention Required! | Cloudflare] [cloudflare] [Cloudflare,Cloudflare Network Error Logging] [2b224d16d4c856a9fed1153d316ecc09]
http://dev-store.ubnt.com:2082 [403] [GET] [text/html] [Attention Required! | Cloudflare] [cloudflare] [Cloudflare,Cloudflare Network Error Logging] [8b512ba294ac3cf8cecc16f57961e7b6]
http://dev-store.ubnt.com:2086 [403] [GET] [text/html] [Attention Required! | Cloudflare] [cloudflare] [Cloudflare,Cloudflare Network Error Logging] [d921ad67c86d2017887904e36359b146]
http://dev-store.ubnt.com:2095 [403] [GET] [text/html] [Attention Required! | Cloudflare] [cloudflare] [Cloudflare,Cloudflare Network Error Logging] [2c5444e0912a523f9c8565a0f6e709d8]
http://dev-store.ubnt.com:8080 [403] [GET] [text/html] [Attention Required! | Cloudflare] [cloudflare] [Cloudflare,Cloudflare Network Error Logging] [f8e74b1cec23ae474dbcfd5cbc4be394]
http://dev-store.ubnt.com:8880 [403] [GET] [text/html] [Attention Required! | Cloudflare] [cloudflare] [Cloudflare,Cloudflare Network Error Logging] [e2233e7f6c043f76bc29ab28a74b6635]
http://dev-ubnt-redirect.ubnt.com:8080 [503] [GET] [text/html] [503 Service Temporarily Unavailable] [awselb/2.0] [81df4d3863debf3eceb5cf84251fd472]
http://dev-unifi-go.ubnt.com:8080 [301] [GET] [text/html] [Redirecting...] [gunicorn/19.8.1] [Python,gunicorn:19.8.1] [c41ed388569634b3a7c274018b25412c]
http://dev-unms-micro.ubnt.com:8080 [503] [GET] [text/html] [503 Service Temporarily Unavailable] [awselb/2.0] [613f79233487af685baf4b32a2397ede]
http://dl-origin.ubnt.com [403] [GET] [text/html] [403 Forbidden] [Apache] [Apache] [bb8f534fbff5ee61a95af9c4740ae043]
http://docs.ubnt.com [302] [GET] [text/html] [302 Moved] [ghs] [vhost] [69a4f00544cd1ed80ae34a13e34c6081]
http://ir.ubnt.com [301] [GET] [text/html] [301 Moved Permanently] [] [vhost] [0d2025547d8004437a5b0b5242e78a02]
http://lt.corp.ubnt.com:9081 [302] [GET] [] [] [Jetty(9.4.14.v20181114)] [Java,Jetty:9.4.14] [d41d8cd98f00b204e9800998ecf8427e]
http://mail.ubnt.com [301] [GET] [text/html] [301 Moved] [ghs] [vhost] [875f52104efa8be4f34d8f6339b276b1]
http://repo.svc.ubnt.com [404] [GET] [text/html] [404 Not Found] [AmazonS3] [vhost] [Amazon S3,Amazon Web Services] [448ad21ad6d18ce852569c73b652a9a7]
http://repo.ubnt.com [403] [GET] [text/html] [403 Forbidden] [Apache] [Apache] [bb8f534fbff5ee61a95af9c4740ae043]
http://riga.corp.ubnt.com [200] [GET] [text/html] [] [nginx] [Nginx] [99914b932bd37a50b983c5e7c90ae93b]
https://aircrm.ubnt.com [301] [GET] [text/html] [301 Moved Permanently] [nginx] [Nginx] [4f8e702cc244ec5d4de32740c0ecbd97]
https://airlink-be.ubnt.com [200] [GET] [application/json] [] [nginx/1.19.6] [Nginx:1.19.6] [c1ba58b05f6245f221ad65391fa6690b]
https://airlink.ubnt.com [301] [GET] [text/html] [301 Moved Permanently] [nginx] [Nginx] [4f8e702cc244ec5d4de32740c0ecbd97]
https://airmax.ubnt.com [301] [GET] [text/html] [301 Moved Permanently] [nginx] [Nginx] [4f8e702cc244ec5d4de32740c0ecbd97]
https://airos-api.ubnt.com [403] [GET] [text/html] [403 Forbidden] [Apache/2] [Apache:2] [eafa9a46abf629077c17e1f562721098]
https://api.ubnt.com [404] [GET] [text/html] [Not Found] [nginx] [vhost] [cloudfront] [Amazon Cloudfront,Amazon Web Services,Nginx] [2656344fcb74480508f78dc69f01630c]
https://app-switcher.ubnt.com [200] [GET] [text/html] [UniFi Application Switcher] [nginx] [Nginx] [f071de8d6001c03d948f3ea1734981ca]
https://billing-assets-prod.ec2-us-west-1.us1.svc.ubnt.com [503] [GET] [text/html] [503 Service Temporarily Unavailable] [awselb/2.0] [613f79233487af685baf4b32a2397ede]
https://blog.ubnt.com [301] [GET] [text/html] [301 Moved Permanently] [nginx] [Nginx] [4f8e702cc244ec5d4de32740c0ecbd97]
https://careers.ubnt.com [301] [GET] [text/html] [301 Moved Permanently] [nginx] [Nginx] [4f8e702cc244ec5d4de32740c0ecbd97]
https://cloudaccess.svc.ubnt.com [403] [GET] [application/json] [] [] [vhost] [cloudfront] [Amazon Cloudfront,Amazon Web Services] [905b1fbb26e082557ff0b3b3553cda6c]
https://community.ubnt.com [301] [GET] [text/html] [301 Moved Permanently] [nginx] [Nginx] [4f8e702cc244ec5d4de32740c0ecbd97]
https://compliance.ubnt.com [301] [GET] [text/html] [301 Moved Permanently] [nginx] [Nginx] [4f8e702cc244ec5d4de32740c0ecbd97]
https://conference.ubnt.com [301] [GET] [text/html] [301 Moved Permanently] [nginx] [Nginx] [4f8e702cc244ec5d4de32740c0ecbd97]
https://config.ubnt.com [302] [GET] [text/html] [302 Found] [nginx] [vhost] [cloudfront] [Amazon Cloudfront,Amazon Web Services,Nginx] [aff950cab4c0265e21d401db15f1026d]
https://demo.ubnt.com [301] [GET] [text/html] [301 Moved Permanently] [nginx] [Nginx] [4f8e702cc244ec5d4de32740c0ecbd97]
https://dev-account.ubnt.com [301] [GET] [text/html] [301 Moved Permanently] [nginx] [Nginx] [4f8e702cc244ec5d4de32740c0ecbd97]
https://dev-airlink.ubnt.com [301] [GET] [text/html] [301 Moved Permanently] [nginx] [Nginx] [4f8e702cc244ec5d4de32740c0ecbd97]
https://dev-config.ubnt.com [302] [GET] [text/html] [302 Found] [nginx] [Nginx] [aff950cab4c0265e21d401db15f1026d]
https://dev-config.ubnt.com:8443 [302] [GET] [text/html] [302 Found] [nginx] [Nginx] [aff950cab4c0265e21d401db15f1026d]
https://dev-demo.ubnt.com [301] [GET] [text/html] [301 Moved Permanently] [nginx] [Nginx] [4f8e702cc244ec5d4de32740c0ecbd97]
https://dev-direct.ubnt.com [301] [GET] [text/html] [301 Moved Permanently] [nginx] [Nginx] [4f8e702cc244ec5d4de32740c0ecbd97]
https://dev-elite-billing.ubnt.com [503] [GET] [text/html] [503 Service Temporarily Unavailable] [awselb/2.0] [81df4d3863debf3eceb5cf84251fd472]
https://dev-elite-billing.ubnt.com:8443 [503] [GET] [text/html] [503 Service Temporarily Unavailable] [awselb/2.0] [81df4d3863debf3eceb5cf84251fd472]
https://dev-home.ubnt.com [301] [GET] [text/html] [301 Moved Permanently] [nginx] [Nginx] [4f8e702cc244ec5d4de32740c0ecbd97]
https://dev-sso.ubnt.com [404] [GET] [text/html] [Not Found] [nginx] [vhost] [cloudfront] [Amazon Cloudfront,Amazon Web Services,Nginx] [09641d9d4e7c25a1acf2554e90724be3]
https://dev-sso.ubnt.com [404] [GET] [text/html] [Not Found] [nginx] [vhost] [cloudfront] [Amazon Cloudfront,Amazon Web Services,Nginx] [8040128778f33f8ad3f91b8575cfce97]
https://dev-static.ubnt.com [302] [GET] [text/html] [302 Found] [nginx] [vhost] [cloudfront] [Amazon Cloudfront,Amazon Web Services,Nginx] [aff950cab4c0265e21d401db15f1026d]
https://dev-store.ubnt.com:2053 [403] [GET] [text/html] [Attention Required! | Cloudflare] [cloudflare] [vhost] [Cloudflare,Cloudflare Network Error Logging] [7d38e9cdb36dd0426fbf055264866505]
https://dev-store.ubnt.com:2083 [403] [GET] [text/html] [Attention Required! | Cloudflare] [cloudflare] [vhost] [Cloudflare,Cloudflare Network Error Logging] [328cc53cb0102c6cdabafd823e908b66]
https://dev-store.ubnt.com:2087 [403] [GET] [text/html] [Attention Required! | Cloudflare] [cloudflare] [vhost] [Cloudflare,Cloudflare Network Error Logging] [fec6ce41c4055d4fa6604147c84e5d18]
https://dev-store.ubnt.com:2096 [403] [GET] [text/html] [Attention Required! | Cloudflare] [cloudflare] [vhost] [Cloudflare,Cloudflare Network Error Logging] [4ab93a96a308ed85d714464d7b6d8180]
https://dev-store.ubnt.com [302] [GET] [text/html] [] [cloudflare] [vhost] [Cloudflare,Cloudflare Network Error Logging,Shopify] [c9c1ff2aa661a3cb89aabc05647f3e5d]
https://dev-store.ubnt.com:8443 [403] [GET] [text/html] [Attention Required! | Cloudflare] [cloudflare] [vhost] [Cloudflare,Cloudflare Network Error Logging] [3f0b3a2633d969e1a1942ce36d0ed383]
https://dev-training.ubnt.com [301] [GET] [] [] [lighttpd/1.4.55] [vhost] [lighttpd:1.4.55] [d41d8cd98f00b204e9800998ecf8427e]
https://dev.ubnt.com [403] [GET] [text/html] [403 Forbidden] [Apache/2] [Apache:2] [d2f56bd7fd91c028b9e6c9a60c568449]
https://dev-ubnt-redirect.ubnt.com [301] [GET] [text/html] [301 Moved Permanently] [nginx] [Nginx] [4f8e702cc244ec5d4de32740c0ecbd97]
https://dev-ubnt-redirect.ubnt.com:8443 [503] [GET] [text/html] [503 Service Temporarily Unavailable] [awselb/2.0] [81df4d3863debf3eceb5cf84251fd472]
https://dev-unifi-ethermagic-micro.ubnt.com [301] [GET] [text/html] [301 Moved Permanently] [nginx] [Nginx] [4f8e702cc244ec5d4de32740c0ecbd97]
https://dev-unifi-go.ubnt.com [302] [GET] [text/html] [Redirecting...] [gunicorn/19.8.1] [Python,gunicorn:19.8.1] [165348528a0a8656d9c7104c34b15adf]
https://dev-unifi-go.ubnt.com:8443 [302] [GET] [text/html] [Redirecting...] [gunicorn/19.8.1] [Python,gunicorn:19.8.1] [165348528a0a8656d9c7104c34b15adf]
https://dev-unifi-mesh-micro.ubnt.com [301] [GET] [text/html] [301 Moved Permanently] [nginx] [Nginx] [4f8e702cc244ec5d4de32740c0ecbd97]
https://dev-unifi-micro.ubnt.com [301] [GET] [text/html] [301 Moved Permanently] [nginx] [Nginx] [4f8e702cc244ec5d4de32740c0ecbd97]
https://dev-unifi.ubnt.com [301] [GET] [text/html] [301 Moved Permanently] [nginx] [vhost] [cloudfront] [Amazon Cloudfront,Amazon Web Services,Nginx] [4f8e702cc244ec5d4de32740c0ecbd97]
https://dev-unms-demo.ubnt.com [301] [GET] [text/html] [301 Moved Permanently] [nginx] [Nginx] [4f8e702cc244ec5d4de32740c0ecbd97]
https://dev-unms-micro.ubnt.com [403] [GET] [text/html] [Sign In] [nginx] [Nginx] [fe4e6ad737f1363f2c5bf2876bbae799]
https://dev-unms-micro.ubnt.com:8443 [503] [GET] [text/html] [503 Service Temporarily Unavailable] [awselb/2.0] [81df4d3863debf3eceb5cf84251fd472]
https://dev-www.ubnt.com [301] [GET] [text/html] [301 Moved Permanently] [nginx] [Nginx] [4f8e702cc244ec5d4de32740c0ecbd97]
https://direct.ubnt.com [301] [GET] [text/html] [301 Moved Permanently] [nginx] [Nginx] [4f8e702cc244ec5d4de32740c0ecbd97]
https://dl.ubnt.com [404] [GET] [text/html] [] [Apache] [vhost] [cloudfront] [Amazon Cloudfront,Amazon Web Services,Apache,Font Awesome,Google Font API] [f5e3836d84838c926eabae4c4be47331]
https://documentation.ubnt.com [301] [GET] [text/html] [301 Moved Permanently] [nginx] [Nginx] [4f8e702cc244ec5d4de32740c0ecbd97]
https://downloads.ubnt.com [301] [GET] [text/html] [301 Moved Permanently] [nginx] [Nginx] [4f8e702cc244ec5d4de32740c0ecbd97]
https://download.ubnt.com [301] [GET] [text/html] [301 Moved Permanently] [nginx] [Nginx] [4f8e702cc244ec5d4de32740c0ecbd97]
https://elevation-link.ubnt.com [403] [GET] [application/xml] [] [AmazonS3] [vhost] [cloudfront] [Amazon Cloudfront,Amazon S3,Amazon Web Services] [56f961730c86680085134792185383f3]
https://elevation-link.ubnt.com [403] [GET] [application/xml] [] [AmazonS3] [vhost] [cloudfront] [Amazon Cloudfront,Amazon S3,Amazon Web Services] [ce834c094ae528b4cf2e4eca0ff36002]
https://elite-billing.ubnt.com [302] [GET] [text/html] [Redirecting...] [gunicorn/19.8.1] [Python,gunicorn:19.8.1] [ee506f975c9cd094160d4a0d0d87ae5f]
https://elite-device.svc.ubnt.com [500] [GET] [application/json] [] [awselb/2.0] [d41d8cd98f00b204e9800998ecf8427e]
https://elite.ubnt.com [301] [GET] [text/html] [301 Moved Permanently] [nginx] [Nginx] [4f8e702cc244ec5d4de32740c0ecbd97]
https://ethermagic.ubnt.com [301] [GET] [text/html] [301 Moved Permanently] [nginx] [Nginx] [4f8e702cc244ec5d4de32740c0ecbd97]
https://eu.ubnt.com [301] [GET] [text/html] [301 Moved Permanently] [nginx] [Nginx] [4f8e702cc244ec5d4de32740c0ecbd97]
https://exams.ubnt.com [301] [GET] [text/html] [301 Moved Permanently] [nginx] [Nginx] [4f8e702cc244ec5d4de32740c0ecbd97]
https://experts.ubnt.com [301] [GET] [text/html] [301 Moved Permanently] [nginx] [Nginx] [4f8e702cc244ec5d4de32740c0ecbd97]
https://fiber.ubnt.com [301] [GET] [text/html] [301 Moved Permanently] [nginx] [Nginx] [4f8e702cc244ec5d4de32740c0ecbd97]
https://financing.ubnt.com [301] [GET] [text/html] [301 Moved Permanently] [nginx] [Nginx] [4f8e702cc244ec5d4de32740c0ecbd97]
https://forum-es.ubnt.com [301] [GET] [text/html] [301 Moved Permanently] [nginx] [Nginx] [4f8e702cc244ec5d4de32740c0ecbd97]
https://forum-pt.ubnt.com [301] [GET] [text/html] [301 Moved Permanently] [nginx] [Nginx] [4f8e702cc244ec5d4de32740c0ecbd97]
https://forum.ubnt.com [301] [GET] [text/html] [301 Moved Permanently] [nginx] [Nginx] [4f8e702cc244ec5d4de32740c0ecbd97]
https://fw-download.ubnt.com [403] [GET] [application/xml] [] [AmazonS3] [vhost] [cloudfront] [Amazon Cloudfront,Amazon S3,Amazon Web Services] [13f74f62a81d85c79a76795b203d5653]
https://fw-download.ubnt.com [403] [GET] [application/xml] [] [AmazonS3] [vhost] [cloudfront] [Amazon Cloudfront,Amazon S3,Amazon Web Services] [fecf66335a0a8679fc7269ee7214997d]
https://fw-update.ubnt.com [404] [GET] [application/json] [] [] [98db852f61504f975f136da683b58305]
https://help-center-assets.ubnt.com [200] [GET] [text/html] [Ubiquiti Networks Support and Help Center] [nginx/1.11.13] [vhost] [cloudfront] [Amazon Cloudfront,Amazon Web Services,Nginx:1.11.13] [4eb90ee582f6ff97c7f20d1746432821]
https://help.ubnt.com [301] [GET] [text/html] [301 Moved Permanently] [nginx] [Nginx] [4f8e702cc244ec5d4de32740c0ecbd97]
https://inwall-hd.ubnt.com [301] [GET] [text/html] [301 Moved Permanently] [nginx] [Nginx] [4f8e702cc244ec5d4de32740c0ecbd97]
https://inwall.ubnt.com [301] [GET] [text/html] [301 Moved Permanently] [nginx] [Nginx] [4f8e702cc244ec5d4de32740c0ecbd97]
https://kb.ubnt.com [301] [GET] [text/html] [301 Moved Permanently] [nginx] [Nginx] [4f8e702cc244ec5d4de32740c0ecbd97]
https://link.ubnt.com [301] [GET] [text/html] [301 Moved Permanently] [nginx/1.21.6] [Nginx:1.21.6] [ff3438f1699724c1ce3d071d2ca210c2]
https://ltu.ubnt.com [301] [GET] [text/html] [301 Moved Permanently] [nginx] [Nginx] [4f8e702cc244ec5d4de32740c0ecbd97]
https://mfi.ubnt.com [301] [GET] [text/html] [301 Moved Permanently] [nginx] [Nginx] [4f8e702cc244ec5d4de32740c0ecbd97]
https://nanohd.ubnt.com [301] [GET] [text/html] [301 Moved Permanently] [nginx] [Nginx] [4f8e702cc244ec5d4de32740c0ecbd97]
https://ping.ubnt.com [302] [GET] [text/html] [302 Moved] [HTTP server (unknown)] [4603cd027760d24928f83c9f6530313c]
https://prd-dev.ubnt.com [403] [GET] [text/html] [403 Forbidden] [Apache/2] [Apache:2] [04f12d7ef44eace16dbfb27457319e8a]
https://prd-ufv-updates.ubnt.com [404] [GET] [text/html] [Error] [] [Express,Node.js] [da7da7d630292e7a2a7dda8ca87b3d39]
https://prd-www-cdn.ubnt.com [403] [GET] [application/xml] [] [AmazonS3] [vhost] [cloudfront] [Amazon Cloudfront,Amazon S3,Amazon Web Services] [ba489295669e8bb49833c088e0b084ef]
https://prd-www-cdn.ubnt.com [403] [GET] [application/xml] [] [AmazonS3] [vhost] [cloudfront] [Amazon Cloudfront,Amazon S3,Amazon Web Services] [f7c99bd56c7a0f8f0b093ac0cd5610cf]
https://prd-www.ubnt.com [200] [GET] [text/html] [Ubiquiti - Rethinking IT] [nginx] [Google Font API,Nginx,React] [fa0c444a527bf5c1c579c112f603b16f]
https://protect.ubnt.com [301] [GET] [text/html] [301 Moved Permanently] [nginx] [Nginx] [4f8e702cc244ec5d4de32740c0ecbd97]
https://redirect.ubnt.com [301] [GET] [text/html] [301 Moved Permanently] [nginx] [Nginx] [4f8e702cc244ec5d4de32740c0ecbd97]
https://rma.ubnt.com [301] [GET] [text/html] [301 Moved Permanently] [nginx] [Nginx] [4f8e702cc244ec5d4de32740c0ecbd97]
https://sdn.ubnt.com [301] [GET] [text/html] [301 Moved Permanently] [nginx] [Nginx] [4f8e702cc244ec5d4de32740c0ecbd97]
https://security.ubnt.com [301] [GET] [text/html] [301 Moved Permanently] [nginx] [Nginx] [4f8e702cc244ec5d4de32740c0ecbd97]
https://shutdown.ubnt.com [301] [GET] [text/html] [301 Moved Permanently] [nginx] [Nginx] [4f8e702cc244ec5d4de32740c0ecbd97]
https://speed.ubnt.com [301] [GET] [text/html] [301 Moved Permanently] [nginx] [Nginx] [4f8e702cc244ec5d4de32740c0ecbd97]
https://sso-stage.ubnt.com [404] [GET] [text/html] [Not Found] [nginx] [vhost] [cloudfront] [Amazon Cloudfront,Amazon Web Services,Nginx] [fb3e27250c42393e2d7f58903524883b]
https://sso.ubnt.com [404] [GET] [text/html] [Not Found] [nginx] [vhost] [cloudfront] [Amazon Cloudfront,Amazon Web Services,Nginx] [2656344fcb74480508f78dc69f01630c]
https://staging-account.ubnt.com [301] [GET] [text/html] [301 Moved Permanently] [nginx] [Nginx] [4f8e702cc244ec5d4de32740c0ecbd97]
https://static.ubnt.com [302] [GET] [text/html] [302 Found] [nginx] [vhost] [cloudfront] [Amazon Cloudfront,Amazon Web Services,Nginx] [aff950cab4c0265e21d401db15f1026d]
https://status.ubnt.com [301] [GET] [text/html] [301 Moved Permanently] [nginx] [Nginx] [4f8e702cc244ec5d4de32740c0ecbd97]
https://stg-airlink.ubnt.com [301] [GET] [text/html] [301 Moved Permanently] [nginx] [Nginx] [4f8e702cc244ec5d4de32740c0ecbd97]
https://stg-config.ubnt.com [302] [GET] [text/html] [302 Found] [nginx] [Nginx] [aff950cab4c0265e21d401db15f1026d]
https://stg-demo.ubnt.com [301] [GET] [text/html] [301 Moved Permanently] [nginx] [Nginx] [4f8e702cc244ec5d4de32740c0ecbd97]
https://stg-dev.ubnt.com [403] [GET] [text/html] [403 Forbidden] [Apache/2] [Apache:2] [463132a8a2147e6120f0bbdbf76bd462]
https://stg-elevation-link.ubnt.com [403] [GET] [application/xml] [] [AmazonS3] [vhost] [cloudfront] [Amazon Cloudfront,Amazon S3,Amazon Web Services] [23fda3ddded97b3c2d67c86924a55004]
https://stg-elevation-link.ubnt.com [403] [GET] [application/xml] [] [AmazonS3] [vhost] [cloudfront] [Amazon Cloudfront,Amazon S3,Amazon Web Services] [5fe5b45c31611ebd53e69d8ac762fc77]
https://stg-elite-billing.ubnt.com [302] [GET] [text/html] [Redirecting...] [gunicorn/19.8.1] [Python,gunicorn:19.8.1] [ee506f975c9cd094160d4a0d0d87ae5f]
https://stg-sso.ubnt.com [404] [GET] [text/html] [Not Found] [nginx] [vhost] [cloudfront] [Amazon Cloudfront,Amazon Web Services,Nginx] [9ce972a6530f06aa8b3c49c5cd63da7f]
https://stg-static.ubnt.com [503] [GET] [text/html] [503 Service Temporarily Unavailable] [awselb/2.0] [vhost] [cloudfront] [Amazon Cloudfront,Amazon Web Services] [81df4d3863debf3eceb5cf84251fd472]
https://stg-ubnt-careers.ubnt.com [301] [GET] [text/html] [301 Moved Permanently] [nginx] [Nginx] [4f8e702cc244ec5d4de32740c0ecbd97]
https://stg-unifi-mesh-micro.ubnt.com [301] [GET] [text/html] [301 Moved Permanently] [nginx] [Nginx] [4f8e702cc244ec5d4de32740c0ecbd97]
https://stg-unifi-micro.ubnt.com [301] [GET] [text/html] [301 Moved Permanently] [nginx] [Nginx] [4f8e702cc244ec5d4de32740c0ecbd97]
https://stg-unifi.ubnt.com [301] [GET] [text/html] [301 Moved Permanently] [nginx] [vhost] [cloudfront] [Amazon Cloudfront,Amazon Web Services,Nginx] [4f8e702cc244ec5d4de32740c0ecbd97]
https://stg-unms-demo.ubnt.com [301] [GET] [text/html] [301 Moved Permanently] [nginx] [Nginx] [4f8e702cc244ec5d4de32740c0ecbd97]
https://stg-unms-micro.ubnt.com [301] [GET] [text/html] [301 Moved Permanently] [nginx] [Nginx] [4f8e702cc244ec5d4de32740c0ecbd97]
https://stg-www-cdn.ubnt.com [403] [GET] [application/xml] [] [AmazonS3] [vhost] [cloudfront] [Amazon Cloudfront,Amazon S3,Amazon Web Services] [41e3d7339c166b4b88f3f31d16f8354d]
https://stg-www-cdn.ubnt.com [403] [GET] [application/xml] [] [AmazonS3] [vhost] [cloudfront] [Amazon Cloudfront,Amazon S3,Amazon Web Services] [47d4b76e8262f192ab496ff6feaf550c]
https://stg-www.ubnt.com [301] [GET] [text/html] [301 Moved Permanently] [nginx] [Nginx] [4f8e702cc244ec5d4de32740c0ecbd97]
https://store.ubnt.com [301] [GET] [text/html] [301 Moved Permanently] [nginx] [Nginx] [4f8e702cc244ec5d4de32740c0ecbd97]
https://style-guide.ubnt.com [403] [GET] [text/html] [Sign In] [nginx/1.11.13] [Nginx:1.11.13] [1c72a5d16fc0feb93feca447f3fdaf16]
https://sunlink-prod.ec2-us-west-1.us1.svc.ubnt.com [200] [GET] [text/html] [SunMax] [nginx] [AngularJS,Google Font API,Nginx] [c0e1b357fcd86e57c6ba0515e093e10f]
https://sunlink.ubnt.com [301] [GET] [text/html] [301 Moved Permanently] [nginx] [Nginx] [4f8e702cc244ec5d4de32740c0ecbd97]
https://sunmax.ubnt.com [301] [GET] [text/html] [301 Moved Permanently] [nginx] [Nginx] [4f8e702cc244ec5d4de32740c0ecbd97]
https://support.ubnt.com [301] [GET] [text/html] [301 Moved Permanently] [nginx] [Nginx] [4f8e702cc244ec5d4de32740c0ecbd97]
https://switch.ubnt.com [301] [GET] [text/html] [301 Moved Permanently] [nginx] [Nginx] [4f8e702cc244ec5d4de32740c0ecbd97]
https://testing-demo.ubnt.com [301] [GET] [text/html] [301 Moved Permanently] [nginx] [Nginx] [4f8e702cc244ec5d4de32740c0ecbd97]
http://stg-link.ubnt.com [301] [GET] [text/html] [301 Moved Permanently] [CloudFront] [vhost] [cloudfront] [Amazon Cloudfront,Amazon Web Services] [e4e384d6672787c1bb2a9b500114f1f5]
https://training.ubnt.com [301] [GET] [] [] [lighttpd/1.4.55] [vhost] [lighttpd:1.4.55] [d41d8cd98f00b204e9800998ecf8427e]
https://tr.ubnt.com [302] [GET] [text/html] [] [nginx/1.12.2] [Nginx:1.12.2,PHP] [d41d8cd98f00b204e9800998ecf8427e]
https://tr.ubnt.com [302] [GET] [text/html] [] [nginx/1.4.6 (Ubuntu)] [Nginx:1.4.6,PHP,Ubuntu] [d41d8cd98f00b204e9800998ecf8427e]
https://ubnt.com [301] [GET] [text/html] [301 Moved Permanently] [nginx] [Nginx] [4f8e702cc244ec5d4de32740c0ecbd97]
https://ucrm-billing-stats.ubnt.com [302] [GET] [text/html] [302 Found] [nginx] [Nginx] [cfbeaf604823f038b8b46f0ac862b98c]
https://ucrm-demo.ubnt.com [301] [GET] [text/html] [301 Moved Permanently] [nginx] [Nginx] [4f8e702cc244ec5d4de32740c0ecbd97]
https://ucrm.ubnt.com [301] [GET] [text/html] [301 Moved Permanently] [nginx] [Nginx] [4f8e702cc244ec5d4de32740c0ecbd97]
https://ulabs.ubnt.com [301] [GET] [text/html] [301 Moved Permanently] [nginx] [Nginx] [4f8e702cc244ec5d4de32740c0ecbd97]
https://unifi-elite.ubnt.com [301] [GET] [text/html] [301 Moved Permanently] [nginx] [Nginx] [4f8e702cc244ec5d4de32740c0ecbd97]
https://unifi-go.ubnt.com [302] [GET] [text/html] [Redirecting...] [gunicorn/19.8.1] [Python,gunicorn:19.8.1] [165348528a0a8656d9c7104c34b15adf]
https://unifi-hd.ubnt.com [301] [GET] [text/html] [301 Moved Permanently] [nginx] [Nginx] [4f8e702cc244ec5d4de32740c0ecbd97]
https://unifi-led.ubnt.com [301] [GET] [text/html] [301 Moved Permanently] [nginx] [Nginx] [4f8e702cc244ec5d4de32740c0ecbd97]
https://unifi-mesh-contest.ubnt.com [301] [GET] [text/html] [301 Moved Permanently] [nginx] [Nginx] [4f8e702cc244ec5d4de32740c0ecbd97]
https://unifi-mesh.ubnt.com [301] [GET] [text/html] [301 Moved Permanently] [nginx] [Nginx] [4f8e702cc244ec5d4de32740c0ecbd97]
https://unifi-nanohd.ubnt.com [301] [GET] [text/html] [301 Moved Permanently] [nginx] [Nginx] [4f8e702cc244ec5d4de32740c0ecbd97]
https://unifi-planner.ubnt.com [301] [GET] [text/html] [301 Moved Permanently] [nginx] [Nginx] [4f8e702cc244ec5d4de32740c0ecbd97]
https://unifi-protect.ubnt.com [301] [GET] [text/html] [301 Moved Permanently] [nginx] [Nginx] [4f8e702cc244ec5d4de32740c0ecbd97]
https://unifi-report.ubnt.com [404] [GET] [text/plain] [] [] [9d1ead73e678fa2f51a70a933b0bf017]
https://unifi-sdn.ubnt.com [301] [GET] [text/html] [301 Moved Permanently] [nginx] [Nginx] [4f8e702cc244ec5d4de32740c0ecbd97]
https://unifi-shd.ubnt.com [301] [GET] [text/html] [301 Moved Permanently] [nginx] [Nginx] [4f8e702cc244ec5d4de32740c0ecbd97]
https://unifi-stage.ubnt.com [301] [GET] [text/html] [301 Moved Permanently] [nginx] [vhost] [cloudfront] [Amazon Cloudfront,Amazon Web Services,Nginx] [4f8e702cc244ec5d4de32740c0ecbd97]
https://unifi.ubnt.com [301] [GET] [text/html] [301 Moved Permanently] [nginx] [vhost] [cloudfront] [Amazon Cloudfront,Amazon Web Services,Nginx] [4f8e702cc244ec5d4de32740c0ecbd97]
https://unifi-video.ubnt.com [301] [GET] [text/html] [301 Moved Permanently] [nginx] [Nginx] [4f8e702cc244ec5d4de32740c0ecbd97]
https://unifi-xg.ubnt.com [301] [GET] [text/html] [301 Moved Permanently] [nginx] [Nginx] [4f8e702cc244ec5d4de32740c0ecbd97]
https://unms-demo.ubnt.com [301] [GET] [text/html] [301 Moved Permanently] [nginx] [Nginx] [4f8e702cc244ec5d4de32740c0ecbd97]
https://unms-go.ubnt.com [302] [GET] [text/html] [Redirecting...] [gunicorn/19.8.1] [Python,gunicorn:19.8.1] [165348528a0a8656d9c7104c34b15adf]
https://unms.ubnt.com [301] [GET] [text/html] [301 Moved Permanently] [nginx] [Nginx] [4f8e702cc244ec5d4de32740c0ecbd97]
https://unstable-demo.ubnt.com [301] [GET] [text/html] [301 Moved Permanently] [nginx] [Nginx] [4f8e702cc244ec5d4de32740c0ecbd97]
https://video-dev.ubnt.com [301] [GET] [text/html] [301 Moved Permanently] [nginx] [Nginx] [4f8e702cc244ec5d4de32740c0ecbd97]
https://video-stage.ubnt.com [301] [GET] [text/html] [301 Moved Permanently] [nginx] [Nginx] [4f8e702cc244ec5d4de32740c0ecbd97]
https://video.ubnt.com [301] [GET] [text/html] [301 Moved Permanently] [nginx] [Nginx] [4f8e702cc244ec5d4de32740c0ecbd97]
https://wiki.ubnt.com [301] [GET] [text/html] [301 Moved Permanently] [nginx] [Nginx] [4f8e702cc244ec5d4de32740c0ecbd97]
https://www.ubnt.com [301] [GET] [text/html] [301 Moved Permanently] [nginx] [Nginx] [4f8e702cc244ec5d4de32740c0ecbd97]
http://tw.corp.ubnt.com:8080 [302] [GET] [] [] [] [d41d8cd98f00b204e9800998ecf8427e]
