http://blog.uphold.com:2082 [403] [GET] [text/plain] [] [cloudflare] [vhost] [cloudflare] [Cloudflare,Cloudflare Bot Management] [4f20b85ce5ebf225720e040314a7966a]
http://blog.uphold.com:2086 [301] [GET] [] [] [cloudflare] [vhost] [cloudflare] [Cloudflare,Cloudflare Bot Management] [d41d8cd98f00b204e9800998ecf8427e]
http://blog.uphold.com:2095 [301] [GET] [] [] [cloudflare] [vhost] [cloudflare] [Cloudflare,Cloudflare Bot Management] [d41d8cd98f00b204e9800998ecf8427e]
http://blog.uphold.com:8080 [301] [GET] [] [] [cloudflare] [vhost] [cloudflare] [Cloudflare,Cloudflare Bot Management] [d41d8cd98f00b204e9800998ecf8427e]
http://blog.uphold.com:8880 [301] [GET] [] [] [cloudflare] [vhost] [cloudflare] [Cloudflare,Cloudflare Bot Management] [d41d8cd98f00b204e9800998ecf8427e]
http://crl.uphold.com [301] [GET] [] [] [cloudflare] [vhost] [cloudflare] [Cloudflare,Cloudflare Bot Management] [d41d8cd98f00b204e9800998ecf8427e]
https://api-campaigns.uphold.com [403] [GET] [application/json] [] [cloudflare] [vhost] [cloudflare] [Cloudflare,Cloudflare Bot Management] [905b1fbb26e082557ff0b3b3553cda6c]
https://api-openbanking-sandbox.uphold.com [404] [GET] [application/json] [] [cloudflare] [vhost] [cloudflare] [Cloudflare,Cloudflare Bot Management] [5d07deac15dbfe5f526c198d453615ea]
https://api-openbanking.uphold.com [404] [GET] [application/json] [] [cloudflare] [vhost] [cloudflare] [Cloudflare,Cloudflare Bot Management] [5d07deac15dbfe5f526c198d453615ea]
https://api-sandbox.uphold.com [404] [GET] [application/json] [] [cloudflare] [vhost] [cloudflare] [Cloudflare,Cloudflare Bot Management] [5d07deac15dbfe5f526c198d453615ea]
https://api.uphold.com [404] [GET] [application/json] [] [cloudflare] [vhost] [cloudflare] [Cloudflare,Cloudflare Bot Management] [5d07deac15dbfe5f526c198d453615ea]
https://attachment.uphold.com [301] [GET] [text/html] [301 Moved Permanently] [Apache] [vhost] [Apache] [7278e0ddbf92045c00c674f33944d1bc]
https://blog.uphold.com [200] [GET] [text/html] [Uphold Blog - Buy, Sell, and Send BTC, XRP, And MORE In Seconds] [cloudflare] [vhost] [cloudflare] [Cloudflare,Cloudflare Bot Management,Font Awesome,Google Font API,Gravatar,MySQL,PHP,Typekit,WordPress,WordPress.com] [15c8986c6f99bdfb6197aa62d3802e79]
https://blog.uphold.com [200] [GET] [text/html] [Uphold Blog - Buy, Sell, and Send BTC, XRP, And MORE In Seconds] [cloudflare] [vhost] [cloudflare] [Cloudflare,Cloudflare Bot Management,Font Awesome,Google Font API,Gravatar,MySQL,PHP,Typekit,WordPress,WordPress.com] [913d2ff256d9f7e6a71388e3d63c7fec]
https://blog.uphold.com:2083 [403] [GET] [text/html] [Uphold - Buy, Sell, and Send BTC, XRP, And MORE In Seconds] [cloudflare] [vhost] [cloudflare] [Cloudflare,Cloudflare Bot Management] [80e5f392b26d2a75b7317df5b6f54205]
https://blog.uphold.com:2087 [403] [GET] [text/html] [Uphold - Buy, Sell, and Send BTC, XRP, And MORE In Seconds] [cloudflare] [vhost] [cloudflare] [Cloudflare,Cloudflare Bot Management] [80e5f392b26d2a75b7317df5b6f54205]
https://blog.uphold.com:8443 [403] [GET] [text/plain] [] [cloudflare] [vhost] [cloudflare] [Cloudflare,Cloudflare Bot Management] [4f20b85ce5ebf225720e040314a7966a]
https://cdn.uphold.com [403] [GET] [text/html] [403 Forbidden] [cloudflare] [vhost] [cloudflare] [Amazon Web Services,Cloudflare,Cloudflare Bot Management] [a35c67620bfdbe7b97265c37800ab524]
https://cdn.uphold.com [403] [GET] [text/html] [403 Forbidden] [cloudflare] [vhost] [cloudflare] [Amazon Web Services,Cloudflare,Cloudflare Bot Management] [f9ccf6d05208674900da2be9a54adf8c]
https://cms.uphold.com [503] [GET] [text/plain] [] [awselb/2.0] [d41d8cd98f00b204e9800998ecf8427e]
https://developer.uphold.com [302] [GET] [] [] [cloudflare] [vhost] [cloudflare] [Cloudflare,Cloudflare Bot Management] [d41d8cd98f00b204e9800998ecf8427e]
https://email.gh-mail.uphold.com [200] [GET] [application/octet-stream] [] [nginx] [Nginx] [9f36c1c909fa94ed5e7af41387ae3dae]
https://email.help.uphold.com [403] [GET] [text/html] [403 Forbidden] [cloudflare] [cloudflare] [Cloudflare] [0127426bf3ba07ff7211399ddf5186c4]
https://email.help.uphold.com [403] [GET] [text/html] [403 Forbidden] [cloudflare] [cloudflare] [Cloudflare] [c371fa8374a06a3c0535fc341d454236]
https://email-unboxed.uphold.com [404] [GET] [] [] [cloudflare] [vhost] [cloudflare] [Cloudflare,Cloudflare Bot Management,Google Cloud,Google Cloud CDN] [d41d8cd98f00b204e9800998ecf8427e]
https://e-sandbox.uphold.com [404] [GET] [] [] [cloudflare] [vhost] [cloudflare] [Cloudflare,Cloudflare Bot Management,Google Cloud,Google Cloud CDN] [d41d8cd98f00b204e9800998ecf8427e]
https://e.uphold.com [404] [GET] [] [] [cloudflare] [vhost] [cloudflare] [Cloudflare,Cloudflare Bot Management,Google Cloud,Google Cloud CDN] [d41d8cd98f00b204e9800998ecf8427e]
https://ilp-gateway-sandbox.uphold.com [200] [GET] [text/plain] [] [cloudflare] [vhost] [cloudflare] [Cloudflare,Cloudflare Bot Management] [e0aa021e21dddbd6d8cecec71e9cf564]
https://ilp-gateway.uphold.com [200] [GET] [text/plain] [] [cloudflare] [vhost] [cloudflare] [Cloudflare,Cloudflare Bot Management] [e0aa021e21dddbd6d8cecec71e9cf564]
https://ilp-sandbox.uphold.com [404] [GET] [application/json] [] [cloudflare] [vhost] [cloudflare] [Cloudflare,Cloudflare Bot Management] [5d07deac15dbfe5f526c198d453615ea]
https://ilp.uphold.com [404] [GET] [application/json] [] [cloudflare] [vhost] [cloudflare] [Cloudflare,Cloudflare Bot Management] [5d07deac15dbfe5f526c198d453615ea]
https://leaderboard.uphold.com [530] [GET] [text/html] [Uphold - Buy, Sell, and Send BTC, XRP, And MORE In Seconds] [cloudflare] [vhost] [cloudflare] [Cloudflare] [1c29d6f6714a3e3c588704217c85de9f]
https://leaderboard.uphold.com [530] [GET] [text/html] [Uphold - Buy, Sell, and Send BTC, XRP, And MORE In Seconds] [cloudflare] [vhost] [cloudflare] [Cloudflare] [d04b33d31cfb4bff98e7c6cb44aba902]
https://pki.uphold.com [200] [GET] [text/html] [] [cloudflare] [vhost] [cloudflare] [Amazon Web Services,Cloudflare,Cloudflare Bot Management] [7353d71c6574516b362fc99ee14e7be5]
https://static-attachment.uphold.com [302] [GET] [text/html] [302 Found] [Apache] [vhost] [Apache] [b3fb4be54466b8b0047d33a46ab4276e]
https://status.uphold.com [200] [GET] [text/html] [Uphold Status] [] [vhost] [Atlassian Statuspage,Fastly] [e3dddd155be7db47643970dd52c7e276]
https://support.uphold.com [301] [GET] [text/html] [] [cloudflare] [vhost] [cloudflare] [Cloudflare,Cloudflare Network Error Logging,Zendesk] [db108cb0d16e21d114638f745b29f300]
https://trends-sandbox.uphold.com [404] [GET] [text/html] [404 Not Found] [cloudflare] [vhost] [cloudflare] [Cloudflare,Cloudflare Bot Management] [434bb1998b2cdcc59686812ae708a9de]
https://trends.uphold.com [404] [GET] [text/html] [404 Not Found] [cloudflare] [vhost] [cloudflare] [Cloudflare,Cloudflare Bot Management] [434bb1998b2cdcc59686812ae708a9de]
https://trends.uphold.com [404] [GET] [text/html] [404 Not Found] [cloudflare] [vhost] [cloudflare] [Cloudflare,Cloudflare Bot Management] [5a5e8efb2b060a20e1e745e3f0115664]
http://support.uphold.com:2083 [400] [GET] [text/html] [400 The plain HTTP request was sent to HTTPS port] [cloudflare] [cloudflare] [Cloudflare] [cd58783500d7fa3c58f88eb0ba22f4f8]
http://support.uphold.com:2087 [400] [GET] [text/html] [400 The plain HTTP request was sent to HTTPS port] [cloudflare] [cloudflare] [Cloudflare] [20ad84d030031252141ca0b3fc0183f0]
http://support.uphold.com:8443 [400] [GET] [text/html] [400 The plain HTTP request was sent to HTTPS port] [cloudflare] [cloudflare] [Cloudflare] [cd58783500d7fa3c58f88eb0ba22f4f8]
https://wallet-sandbox.uphold.com [200] [GET] [text/html] [Wallet] [cloudflare] [vhost] [cloudflare] [Amazon S3,Amazon Web Services,Cloudflare,Cloudflare Bot Management] [fe54fafca52f7662223eac4acde9d530]
https://wallet.uphold.com [200] [GET] [text/html] [Wallet] [cloudflare] [vhost] [cloudflare] [Cloudflare,Cloudflare Bot Management] [8136683cc15e99643cf1d0be14f60abf]
https://wallet.uphold.com [403] [GET] [text/html] [Uphold - Buy, Sell, and Send BTC, XRP, And MORE In Seconds] [cloudflare] [vhost] [cloudflare] [Cloudflare,Cloudflare Bot Management] [80e5f392b26d2a75b7317df5b6f54205]
https://website-sandbox.uphold.com [302] [GET] [] [] [cloudflare] [vhost] [cloudflare] [Cloudflare,Cloudflare Bot Management] [d41d8cd98f00b204e9800998ecf8427e]
https://website.uphold.com [302] [GET] [] [] [cloudflare] [vhost] [cloudflare] [Cloudflare,Cloudflare Bot Management] [d41d8cd98f00b204e9800998ecf8427e]
https://widget-sandbox.uphold.com [404] [GET] [application/json] [] [cloudflare] [vhost] [cloudflare] [Cloudflare,Cloudflare Bot Management] [5d07deac15dbfe5f526c198d453615ea]
https://www.uphold.com [301] [GET] [] [] [cloudflare] [vhost] [cloudflare] [Cloudflare,Cloudflare Bot Management] [d41d8cd98f00b204e9800998ecf8427e]
https://zendesk1.uphold.com [403] [GET] [text/plain] [] [cloudflare] [vhost] [cloudflare] [Cloudflare,Cloudflare Bot Management] [1e592c666f49ec5d3c8933c571646d79]
https://zendesk2.uphold.com [403] [GET] [text/plain] [] [cloudflare] [vhost] [cloudflare] [Cloudflare,Cloudflare Bot Management] [1e592c666f49ec5d3c8933c571646d79]
https://zendesk3.uphold.com [403] [GET] [text/plain] [] [cloudflare] [vhost] [cloudflare] [Cloudflare,Cloudflare Bot Management] [1e592c666f49ec5d3c8933c571646d79]
https://zendesk4.uphold.com [403] [GET] [text/plain] [] [cloudflare] [vhost] [cloudflare] [Cloudflare,Cloudflare Bot Management] [1e592c666f49ec5d3c8933c571646d79]
