http://help.venmo.com:2083 [400] [GET] [text/html] [400 The plain HTTP request was sent to HTTPS port] [cloudflare] [cloudflare] [Cloudflare] [20ad84d030031252141ca0b3fc0183f0]
http://help.venmo.com:2087 [400] [GET] [text/html] [400 The plain HTTP request was sent to HTTPS port] [cloudflare] [cloudflare] [Cloudflare] [20ad84d030031252141ca0b3fc0183f0]
http://help.venmo.com:2096 [400] [GET] [text/html] [400 The plain HTTP request was sent to HTTPS port] [cloudflare] [cloudflare] [Cloudflare] [cd58783500d7fa3c58f88eb0ba22f4f8]
http://help.venmo.com:8443 [400] [GET] [text/html] [400 The plain HTTP request was sent to HTTPS port] [cloudflare] [cloudflare] [Cloudflare] [20ad84d030031252141ca0b3fc0183f0]
https://ablinks.email.venmo.com [404] [GET] [text/html] [404 Not Found] [nginx] [vhost] [cloudfront] [Amazon Cloudfront,Amazon Web Services,Nginx] [70461da8b94c6ca5d2fda3260c5a8c3b]
https://account.betaweb.venmo.com [403] [GET] [text/html] [ERROR: The request could not be satisfied] [CloudFront] [cloudfront] [Amazon Cloudfront,Amazon Web Services] [5e0ba1e8f40780c0555f101ffb8b922e]
https://account.betaweb.venmo.com [403] [GET] [text/html] [ERROR: The request could not be satisfied] [CloudFront] [cloudfront] [Amazon Cloudfront,Amazon Web Services] [cb5046eef00acddbc41981c61a7082d8]
https://account.venmo.com [404] [GET] [text/html] [Venmo | Page Not Found] [nginx] [vhost] [cloudfront] [Amazon Cloudfront,Amazon Web Services,Nginx] [a4932442b5c219866bca075f2c51e688]
https://api.beta.venmo.com [403] [GET] [text/html] [ERROR: The request could not be satisfied] [CloudFront] [cloudfront] [Amazon Cloudfront,Amazon Web Services] [4bff6448d049ae51d55256ae46af935e]
https://api.beta.venmo.com [403] [GET] [text/html] [ERROR: The request could not be satisfied] [CloudFront] [cloudfront] [Amazon Cloudfront,Amazon Web Services] [c83da02dfb54a406095268d38e441062]
https://api.venmo.com [404] [GET] [text/html] [Venmo | Page Not Found] [nginx] [vhost] [Nginx] [a4932442b5c219866bca075f2c51e688]
https://betadash.venmo.com [403] [GET] [text/html] [ERROR: The request could not be satisfied] [CloudFront] [cloudfront] [Amazon Cloudfront,Amazon Web Services] [81cde428229675528ccb07502a7edfa6]
https://betadash.venmo.com [403] [GET] [text/html] [ERROR: The request could not be satisfied] [CloudFront] [cloudfront] [Amazon Cloudfront,Amazon Web Services] [b291326abdd91335ae37529057bef5bf]
https://beta.venmo.com [403] [GET] [text/html] [ERROR: The request could not be satisfied] [CloudFront] [cloudfront] [Amazon Cloudfront,Amazon Web Services] [316b5cf1efcb6cdf75f3db76d17d1bba]
https://beta.venmo.com [403] [GET] [text/html] [ERROR: The request could not be satisfied] [CloudFront] [cloudfront] [Amazon Cloudfront,Amazon Web Services] [819afa5ead2d28ade6f55c6eefe3edac]
https://betavu.venmo.com [403] [GET] [text/html] [ERROR: The request could not be satisfied] [CloudFront] [cloudfront] [Amazon Cloudfront,Amazon Web Services] [2ab6a10a3b09a8a7c0cc677a75751060]
https://betavu.venmo.com [403] [GET] [text/html] [ERROR: The request could not be satisfied] [CloudFront] [cloudfront] [Amazon Cloudfront,Amazon Web Services] [ba023466a07e7b81797b9490ca1a15dd]
https://betaweb.venmo.com [403] [GET] [text/html] [ERROR: The request could not be satisfied] [CloudFront] [cloudfront] [Amazon Cloudfront,Amazon Web Services] [e5a6fa253a2498a6f8e22d4adb140373]
https://betaweb.venmo.com [403] [GET] [text/html] [ERROR: The request could not be satisfied] [CloudFront] [cloudfront] [Amazon Cloudfront,Amazon Web Services] [e6ceff383da014c79b5d68eaafcdad66]
https://blog.venmo.com [403] [GET] [text/html] [403 Forbidden] [Squarespace] [Squarespace,Squarespace Commerce] [8eb2b1d5a354a94b74293e85d2696342]
https://blog.venmo.com [404] [GET] [text/html] [Squarespace - Website Expired] [Squarespace] [vhost] [Squarespace,Squarespace Commerce] [36de5d06e9b7edf2a75087b545564eee]
https://cdn1.venmo.com [403] [GET] [application/xml] [] [AmazonS3] [vhost] [cloudfront] [Amazon Cloudfront,Amazon S3,Amazon Web Services] [cc410310c0c3ddc62a37ce85d19e6764]
https://cdn1.venmo.com [403] [GET] [application/xml] [] [AmazonS3] [vhost] [cloudfront] [Amazon Cloudfront,Amazon S3,Amazon Web Services] [f77d25e747ab96acb3083e12f964a430]
http://screenshots.venmo.com [403] [GET] [text/html] [403 Forbidden] [AmazonS3] [vhost] [Amazon S3,Amazon Web Services] [e8d839c267be5243b0e5b4ddaf71c277]
https://dast.fortifytest.venmo.com [301] [GET] [text/html] [301 Moved Permanently] [nginx] [Nginx] [4f8e702cc244ec5d4de32740c0ecbd97]
https://developer-api-staging.venmo.com [403] [GET] [text/html] [ERROR: The request could not be satisfied] [CloudFront] [cloudfront] [Amazon Cloudfront,Amazon Web Services] [95463c885cdfd2723ad0a78bb208a0b7]
https://developer-api-staging.venmo.com [403] [GET] [text/html] [ERROR: The request could not be satisfied] [CloudFront] [cloudfront] [Amazon Cloudfront,Amazon Web Services] [a758450d889359d0009a50de31b56c77]
https://developer.venmo.com [404] [GET] [text/html] [Venmo | Page Not Found] [nginx] [vhost] [cloudfront] [Amazon Cloudfront,Amazon Web Services,Nginx] [a4932442b5c219866bca075f2c51e688]
https://emoji.venmo.com [200] [GET] [application/xml] [] [AmazonS3] [vhost] [cloudfront] [Amazon Cloudfront,Amazon S3,Amazon Web Services] [e82b1af4e7e9ba07dc4d6d998c81893c]
https://fortifytest.venmo.com [301] [GET] [text/html] [301 Moved Permanently] [nginx] [Nginx] [4f8e702cc244ec5d4de32740c0ecbd97]
https://get.venmo.com [307] [GET] [] [] [openresty] [vhost] [Nginx,OpenResty] [d41d8cd98f00b204e9800998ecf8427e]
https://giveaway.venmo.com [301] [GET] [text/html] [301 Moved Permanently] [nginx] [Nginx] [4f8e702cc244ec5d4de32740c0ecbd97]
https://help.venmo.com [301] [GET] [text/html] [] [cloudflare] [vhost] [cloudflare] [Cloudflare,Cloudflare Network Error Logging,Zendesk] [945ea6b54959c8ce3bcc5c9f4f22aca1]
https://id.sandbox.venmo.com [302] [GET] [] [] [] [vhost] [fastly] [Fastly,Varnish] [d41d8cd98f00b204e9800998ecf8427e]
https://id.venmo.com [302] [GET] [] [] [] [vhost] [fastly] [Fastly,Varnish] [d41d8cd98f00b204e9800998ecf8427e]
https://media.venmo.com [403] [GET] [application/xml] [] [AmazonS3] [vhost] [Amazon S3,Amazon Web Services] [b554ad90d8310c86d05e596c7c2b5fdf]
https://media.venmo.com [403] [GET] [application/xml] [] [AmazonS3] [vhost] [Amazon S3,Amazon Web Services] [ed4a9752fb5c3a143f5a618ee3023bec]
https://ml.qa.venmo.com [403] [GET] [application/json] [] [] [vhost] [bc45704aad57d445b6dfa58b101071e3]
https://my-vector.venmo.com [301] [GET] [text/html] [301 Moved Permanently] [nginx] [Nginx] [4f8e702cc244ec5d4de32740c0ecbd97]
https://ops.venmo.com [301] [GET] [text/html] [301 Moved Permanently] [nginx] [Nginx] [4f8e702cc244ec5d4de32740c0ecbd97]
https://pics.venmo.com [200] [GET] [text/html] [Redirect] [AmazonS3] [vhost] [cloudfront] [Amazon Cloudfront,Amazon S3,Amazon Web Services] [7a33ae4909622160e552bce2c2c67fee]
https://platform.venmo.com [403] [GET] [application/xml] [] [AmazonS3] [vhost] [cloudfront] [Amazon Cloudfront,Amazon S3,Amazon Web Services] [2658db4171fd537bfbc3ea5593e239fd]
https://platform.venmo.com [403] [GET] [application/xml] [] [AmazonS3] [vhost] [cloudfront] [Amazon Cloudfront,Amazon S3,Amazon Web Services] [a47d863aee52dac0e1e3f7f904f920f7]
https://referrals.qa.venmo.com [403] [GET] [application/json] [] [] [vhost] [905b1fbb26e082557ff0b3b3553cda6c]
https://s3.venmo.com [301] [GET] [text/html] [301 Moved Permanently] [nginx] [Nginx] [4f8e702cc244ec5d4de32740c0ecbd97]
https://scope.beta.venmo.com [403] [GET] [text/html] [ERROR: The request could not be satisfied] [CloudFront] [cloudfront] [Amazon Cloudfront,Amazon Web Services] [1017910d419925ccc0a6c4ba0bd2a512]
https://scope.beta.venmo.com [403] [GET] [text/html] [ERROR: The request could not be satisfied] [CloudFront] [cloudfront] [Amazon Cloudfront,Amazon Web Services] [688685cbdbc961ad111ed0b11dd38c8e]
https://scope.venmo.com [403] [GET] [text/html] [403 Forbidden] [nginx] [vhost] [Nginx] [4b074b0b59693fa9f94fb71b175fb187]
https://staging-api.venmo.com [403] [GET] [text/html] [ERROR: The request could not be satisfied] [CloudFront] [cloudfront] [Amazon Cloudfront,Amazon Web Services] [0c5f4f548b1aba9da245b04c11d55b11]
https://staging-api.venmo.com [403] [GET] [text/html] [ERROR: The request could not be satisfied] [CloudFront] [cloudfront] [Amazon Cloudfront,Amazon Web Services] [cd8a6240aab2b103feb404819ed45167]
https://venmo.com [406] [GET] [text/html] [406 Not Acceptable] [nginx] [vhost] [cloudfront] [Amazon Cloudfront,Amazon Web Services,Nginx] [d11d08902b1817b126aaef8d851f0d82]
https://www.beta.venmo.com [403] [GET] [text/html] [ERROR: The request could not be satisfied] [CloudFront] [cloudfront] [Amazon Cloudfront,Amazon Web Services] [a40e0262af744467d01effdc50c599d3]
https://www.beta.venmo.com [403] [GET] [text/html] [ERROR: The request could not be satisfied] [CloudFront] [cloudfront] [Amazon Cloudfront,Amazon Web Services] [da99748dd7694220e6bf6d4a024cc5da]
https://www.blog.venmo.com [301] [GET] [] [] [Squarespace] [vhost] [Squarespace,Squarespace Commerce] [d41d8cd98f00b204e9800998ecf8427e]
https://www.venmo.com [301] [GET] [text/html] [301 Moved Permanently] [nginx] [vhost] [cloudfront] [Amazon Cloudfront,Amazon Web Services,Nginx] [4f8e702cc244ec5d4de32740c0ecbd97]
