https://acc.inclusief.volkskrant.nl [301] [GET] [] [] [AkamaiGHost] [vhost] [d41d8cd98f00b204e9800998ecf8427e]
https://accounts.volkskrant.nl [200] [GET] [text/html] [] [] [Microsoft ASP.NET] [d41d8cd98f00b204e9800998ecf8427e]
https://actie.volkskrant.nl [404] [GET] [text/html] [-] [NCSA/1.4.2] [d57424ca602fa39a59d65a02e43e5e55]
https://advertorial.volkskrant.nl [403] [GET] [text/html] [Access Denied] [AkamaiGHost] [vhost] [4b92efc269f98554b8cad9bc6b85db52]
https://advertorial.volkskrant.nl [403] [GET] [text/html] [Access Denied] [AkamaiGHost] [vhost] [fa217e4097b7720dd4dea50d1bd9483d]
https://beta.volkskrant.nl [403] [GET] [text/html] [Access Denied] [AkamaiGHost] [vhost] [4147ab73595224e36d1829f81a2f5fbb]
https://beta.volkskrant.nl [403] [GET] [text/html] [Access Denied] [AkamaiGHost] [vhost] [6e1877c94959de9d28998417e3850bcf]
https://brandedcontent.volkskrant.nl [403] [GET] [text/html] [Access Denied] [AkamaiGHost] [vhost] [1ce6d51a2f0042bb61ba113f09cb541a]
https://brandedcontent.volkskrant.nl [403] [GET] [text/html] [Access Denied] [AkamaiGHost] [vhost] [479a43f83f8043b2b14dd9e071f66ffa]
https://cmp.volkskrant.nl [403] [GET] [application/xml] [] [AmazonS3] [vhost] [cloudfront] [Amazon Cloudfront,Amazon S3,Amazon Web Services] [21d8b8b2a877293f5e9bcfba07640f55]
https://cmp.volkskrant.nl [403] [GET] [application/xml] [] [AmazonS3] [vhost] [cloudfront] [Amazon Cloudfront,Amazon S3,Amazon Web Services] [4833458ab52961de76877fb22ee761cc]
https://dev-service.volkskrant.nl [400] [GET] [text/html] [Invalid URL] [AkamaiGHost] [267229131ea0f5e74d7c4abf8a91497e]
https://dev-service.volkskrant.nl [400] [GET] [text/html] [Invalid URL] [AkamaiGHost] [28b624bd8d42359157341ecc2480e80c]
https://digitalekrant.volkskrant.nl [302] [GET] [text/html] [] [nginx] [vhost] [Nginx] [d41d8cd98f00b204e9800998ecf8427e]
https://e.email.volkskrant.nl [200] [GET] [text/html] [You received emails from this domain, didn't you?] [nginx] [Nginx,Webflow] [c0666cde79e5426946974302fe3307c3]
https://esales-test.volkskrant.nl [503] [GET] [text/html] [Service Unavailable] [AkamaiGHost] [vhost] [043a99c3d288ac939ad9c3f4daf67fd1]
https://esales-test.volkskrant.nl [503] [GET] [text/html] [Service Unavailable] [AkamaiGHost] [vhost] [15ef762691d5f2ba4c54b45e3a027bf9]
https://esales.volkskrant.nl [403] [GET] [text/html] [Access Denied] [AkamaiGHost] [vhost] [1fb558587339bbc997e7d69c15c0c4cf]
https://esales.volkskrant.nl [403] [GET] [text/html] [Access Denied] [AkamaiGHost] [vhost] [24d66cc1f8de15e7666134e9c8c5211e]
https://ims.volkskrant.nl [403] [GET] [text/html] [403 - Forbidden: Access is denied.] [] [vhost] [11ca4578cb026a23713aea6781b8ece3]
https://inclusief.volkskrant.nl [301] [GET] [] [] [AkamaiGHost] [vhost] [d41d8cd98f00b204e9800998ecf8427e]
https://krant.volkskrant.nl [302] [GET] [text/html] [] [nginx] [vhost] [Nginx,PHP] [d41d8cd98f00b204e9800998ecf8427e]
https://labs.volkskrant.nl [302] [GET] [text/html] [] [nginx/1.14.0 (Ubuntu)] [Nginx:1.14.0,Ubuntu] [d41d8cd98f00b204e9800998ecf8427e]
https://landingpage.volkskrant.nl [403] [GET] [text/html] [Access Denied] [AkamaiGHost] [vhost] [20d45e2b43e16602f11fe3394b1eb6cd]
https://landingpage.volkskrant.nl [403] [GET] [text/html] [Access Denied] [AkamaiGHost] [vhost] [7fd59a874880e6d9ad38b7d785d6b896]
https://lezersreizen.volkskrant.nl [404] [GET] [text/plain] [] [awselb/2.0] [2296e789c8b48dd525d924aa236a61e0]
https://login2.volkskrant.nl [403] [GET] [text/html] [Access Denied] [AkamaiGHost] [vhost] [60d065f62fcadf209fdca3415083059d]
https://login2.volkskrant.nl [403] [GET] [text/html] [Access Denied] [AkamaiGHost] [vhost] [7cca753d9daa49c6ea3a54efabc40e58]
https://login.volkskrant.nl [403] [GET] [text/html] [Access Denied] [AkamaiGHost] [vhost] [02c6f69675150981ce20ad23738a1270]
https://login.volkskrant.nl [403] [GET] [text/html] [Access Denied] [AkamaiGHost] [vhost] [b93ae1833f281317dac3a58ecb035f50]
https://marketingactie.volkskrant.nl [403] [GET] [text/html] [Access Denied] [AkamaiGHost] [vhost] [e24b0f4339f231886e5f157e3b99f5ea]
https://marketingactie.volkskrant.nl [403] [GET] [text/html] [Access Denied] [AkamaiGHost] [vhost] [f931a4d9f03406f114f1c778d6172ab1]
https://mijnomgeving-acc.volkskrant.nl [403] [GET] [text/html] [Access Denied] [] [vhost] [039120086fb8e1958ca894db31ca9a4a]
https://mijnomgeving-acc.volkskrant.nl [403] [GET] [text/html] [Access Denied] [] [vhost] [ad43f8f8b63d1237c5c8e00d7caed6c2]
https://mijnomgeving.volkskrant.nl [403] [GET] [text/html] [Access Denied] [] [vhost] [d1a63c2d0c433b16032de8905bc90144]
https://mijnomgeving.volkskrant.nl [403] [GET] [text/html] [Access Denied] [] [vhost] [db095d59e15c817060bc383600be4748]
https://mijn.volkskrant.nl [403] [GET] [text/html] [Access Denied] [] [vhost] [4a718449b30181ffbb40cfd71afb4d56]
https://mijn.volkskrant.nl [403] [GET] [text/html] [Access Denied] [] [vhost] [a62d88422c8dc8ee2a5533f95556e4f6]
https://mobile-vkgo-acc.volkskrant.nl [401] [GET] [text/html] [Access Denied] [AkamaiGHost] [vhost] [Basic] [89645e46b01eb3f53f77338799eaac10]
https://mobile-vkgo-acc.volkskrant.nl [401] [GET] [text/html] [Access Denied] [AkamaiGHost] [vhost] [Basic] [9185a4209de8e98b657f0b1b67434d8c]
https://mobile.volkskrant.nl [403] [GET] [text/html] [Access Denied] [AkamaiGHost] [vhost] [31864290c78ef08e429ca6232f9927e8]
https://mobile.volkskrant.nl [403] [GET] [text/html] [Access Denied] [AkamaiGHost] [vhost] [3ace8952e02109ecdc869330afb6fa3f]
https://myaccount.volkskrant.nl [403] [GET] [text/html] [Access Denied] [AkamaiGHost] [vhost] [e4392e786b41457a396a26de6c91023a]
https://myaccount.volkskrant.nl [403] [GET] [text/html] [Access Denied] [AkamaiGHost] [vhost] [ed7f61b95b4056510122024bc52fc965]
https://openredactie.volkskrant.nl [200] [GET] [text/html] [Open Redactie] [nginx/1.14.0 (Ubuntu)] [vhost] [Nginx:1.14.0,Node.js,Nuxt.js,Ubuntu,Vue.js] [bb9f308a0a597625ffbaaecfafe7caf3]
https://pdf-archive.volkskrant.nl [403] [GET] [application/xml] [] [AmazonS3] [vhost] [Amazon Cloudfront,Amazon S3,Amazon Web Services] [5c51cbb230e8a53c53e78ae97ec7a5d8]
https://pdf-archive.volkskrant.nl [403] [GET] [application/xml] [] [AmazonS3] [vhost] [Amazon Cloudfront,Amazon S3,Amazon Web Services] [770495997618663c0fd7a623c0a03fca]
https://pmail.volkskrant.nl [200] [GET] [text/html] [] [nginx] [vhost] [Nginx] [8cd38890681852d184cbc40bbbd8ed43]
https://prod.volkskrant.nl [400] [GET] [text/html] [Invalid URL] [AkamaiGHost] [a170964d3456b48e5fc97f401f94c615]
https://prod.volkskrant.nl [400] [GET] [text/html] [Invalid URL] [AkamaiGHost] [f9dc53e4b233ff5deaec1f99d61d6f7e]
https://service.volkskrant.nl [301] [GET] [] [] [BigIP] [F5 BigIP] [d41d8cd98f00b204e9800998ecf8427e]
https://social.volkskrant.nl [200] [GET] [text/html] [] [] [Microsoft ASP.NET] [d41d8cd98f00b204e9800998ecf8427e]
https://story.volkskrant.nl [403] [GET] [text/html] [Access Denied] [AkamaiGHost] [vhost] [25f8a72430dc28eadddee53509383c35]
https://story.volkskrant.nl [403] [GET] [text/html] [Access Denied] [AkamaiGHost] [vhost] [8108d097eaac7923be005a50787c557c]
https://temptation.volkskrant.nl [403] [GET] [application/xml] [] [AmazonS3] [vhost] [Amazon S3,Amazon Web Services] [265b1e611f0368292dfac4c615281d22]
https://temptation.volkskrant.nl [403] [GET] [application/xml] [] [AmazonS3] [vhost] [Amazon S3,Amazon Web Services] [e798b6b9f5d97ac0a68cca2469852580]
https://test-openredactie.volkskrant.nl [200] [GET] [text/html] [Open Redactie] [nginx/1.14.0 (Ubuntu)] [vhost] [Nginx:1.14.0,Node.js,Nuxt.js,Ubuntu,Vue.js] [f22fed3c85817a7b162c0c48e6ed8bbc]
https://t.volkskrant.nl [400] [GET] [] [] [] [vhost] [d41d8cd98f00b204e9800998ecf8427e]
https://video.volkskrant.nl [403] [GET] [text/html] [Access Denied] [AkamaiGHost] [vhost] [46f29616ad739e8010b68c3f5502a609]
https://video.volkskrant.nl [403] [GET] [text/html] [Access Denied] [AkamaiGHost] [vhost] [ffd8c040e3dd94cb63a8dbcbbe426db1]
https://vkgo-acc.volkskrant.nl [401] [GET] [text/html] [Access Denied] [AkamaiGHost] [vhost] [Basic] [477cc114f5cc25f031afc9e238074a0d]
https://vkgo-acc.volkskrant.nl [401] [GET] [text/html] [Access Denied] [AkamaiGHost] [vhost] [Basic] [ee8afe881133ec42e6f68808344ce95d]
https://volkskrant.nl [403] [GET] [text/html] [Access Denied] [AkamaiGHost] [vhost] [31cc80d4d5df73e280965272947cde4b]
https://volkskrant.nl [403] [GET] [text/html] [Access Denied] [AkamaiGHost] [vhost] [ecfc5f7838d49ef7f93998517357c557]
https://web.volkskrant.nl [200] [GET] [text/html] [You received emails from this domain, didn't you?] [nginx] [Nginx,Webflow] [c0666cde79e5426946974302fe3307c3]
https://webwinkel.volkskrant.nl [403] [GET] [text/html] [Access Denied] [AkamaiGHost] [vhost] [7959f269428bac37c5af3c9775aa02f8]
https://webwinkel.volkskrant.nl [403] [GET] [text/html] [Access Denied] [AkamaiGHost] [vhost] [c219101a835ac0b3493e82118323effb]
https://welkom.staging.volkskrant.nl [401] [GET] [text/html] [401 Unauthorized] [Apache] [vhost] [Apache,Basic] [118a489422be0c5ca0cecf3bb7903c7e]
https://welkom.volkskrant.nl [403] [GET] [text/html] [Access Denied] [AkamaiGHost] [vhost] [795d2d8f242859ffe193e393ee146873]
https://welkom.volkskrant.nl [403] [GET] [text/html] [Access Denied] [AkamaiGHost] [vhost] [f4431931875c74dcc00f1c16f3822592]
https://wiki.volkskrant.nl [200] [GET] [text/html] [] [nginx/1.14.0 (Ubuntu)] [vhost] [Nginx:1.14.0,Ubuntu] [eaa3ed1a7c625b7e466f27894d729c0f]
https://winkel.volkskrant.nl [301] [GET] [text/html] [Document Moved] [Microsoft-IIS/10.0] [vhost] [azure] [IIS:10.0,Windows Server] [9275c78ef83965c97389e85801703d86]
https://www.acceptance.volkskrant.nl [401] [GET] [text/html] [Access Denied] [AkamaiGHost] [vhost] [Basic] [0f5db981f7fece9667dcab1daf833391]
https://www.acceptance.volkskrant.nl [401] [GET] [text/html] [Access Denied] [AkamaiGHost] [vhost] [Basic] [d233a19df683ab774bb0ea71920f5666]
https://www.photo.volkskrant.nl [403] [GET] [text/html] [Access Denied] [AkamaiGHost] [vhost] [044d55ffebea21182b0f5c2120f133d3]
https://www.photo.volkskrant.nl [403] [GET] [text/html] [Access Denied] [AkamaiGHost] [vhost] [32851a9c58a0f140bd11e57aaa4067d8]
https://www.volkskrant.nl [403] [GET] [text/html] [Access Denied] [AkamaiGHost] [vhost] [231d113ce0f56927637368188c3a4dfb]
https://www.volkskrant.nl [403] [GET] [text/html] [Access Denied] [AkamaiGHost] [vhost] [abd8a24c750221de1d429a3aec09d6b7]
