http://api.vvs.finance:2083 [400] [GET] [text/html] [400 The plain HTTP request was sent to HTTPS port] [cloudflare] [cloudflare] [Cloudflare] [cd58783500d7fa3c58f88eb0ba22f4f8]
http://api.vvs.finance:2087 [400] [GET] [text/html] [400 The plain HTTP request was sent to HTTPS port] [cloudflare] [cloudflare] [Cloudflare] [cd58783500d7fa3c58f88eb0ba22f4f8]
http://docs.vvs.finance:2082 [302] [GET] [] [] [cloudflare] [vhost] [cloudflare] [Cloudflare] [d41d8cd98f00b204e9800998ecf8427e]
http://docs.vvs.finance:2086 [302] [GET] [] [] [cloudflare] [vhost] [cloudflare] [Cloudflare] [d41d8cd98f00b204e9800998ecf8427e]
http://docs.vvs.finance:8080 [302] [GET] [] [] [cloudflare] [vhost] [cloudflare] [Cloudflare] [d41d8cd98f00b204e9800998ecf8427e]
http://docs.vvs.finance:8880 [302] [GET] [] [] [cloudflare] [vhost] [cloudflare] [Cloudflare] [d41d8cd98f00b204e9800998ecf8427e]
http://graph.vvs.finance:2082 [200] [GET] [text/plain] [] [cloudflare] [vhost] [cloudflare] [Cloudflare,Cloudflare Bot Management] [75a2fe556e01f4f2478f5919e3db0314]
http://graph.vvs.finance:2095 [200] [GET] [text/plain] [] [cloudflare] [vhost] [cloudflare] [Cloudflare,Cloudflare Bot Management] [75a2fe556e01f4f2478f5919e3db0314]
http://graph.vvs.finance:8080 [200] [GET] [text/plain] [] [cloudflare] [vhost] [cloudflare] [Cloudflare,Cloudflare Bot Management] [75a2fe556e01f4f2478f5919e3db0314]
http://rpc.vvs.finance:2083 [400] [GET] [text/html] [400 The plain HTTP request was sent to HTTPS port] [cloudflare] [cloudflare] [Cloudflare] [cd58783500d7fa3c58f88eb0ba22f4f8]
http://rpc.vvs.finance:2087 [400] [GET] [text/html] [400 The plain HTTP request was sent to HTTPS port] [cloudflare] [cloudflare] [Cloudflare] [20ad84d030031252141ca0b3fc0183f0]
https://api.vvs.finance [404] [GET] [application/json] [] [cloudflare] [vhost] [cloudflare] [Cloudflare,Cloudflare Bot Management] [2c7ef3e2a869dd3196f197e7c6b27070]
https://docs.vvs.finance [200] [GET] [text/html] [Meet VVS Finance - VVS] [cloudflare] [vhost] [cloudflare] [Algolia,Cloudflare,Google Cloud,Google Cloud Trace,React] [8fa50e532e1485278e600797b1ff0872]
https://docs.vvs.finance:2083 [200] [GET] [text/html] [Meet VVS Finance - VVS] [cloudflare] [vhost] [cloudflare] [Algolia,Cloudflare,Google Cloud,Google Cloud Trace,React] [972abc571dbfee622280ea5fd87ebe7b]
https://docs.vvs.finance:2087 [200] [GET] [text/html] [Meet VVS Finance - VVS] [cloudflare] [vhost] [cloudflare] [Algolia,Cloudflare,Google Cloud,Google Cloud Trace,React] [2b731596c669d1fc47692b7d30ed388d]
https://docs.vvs.finance:8443 [200] [GET] [text/html] [Meet VVS Finance - VVS] [cloudflare] [vhost] [cloudflare] [Algolia,Cloudflare,Google Cloud,Google Cloud Trace,React] [4171fec466aa2240f15c6c4f4121c7c1]
https://graph.vvs.finance [200] [GET] [text/plain] [] [cloudflare] [vhost] [cloudflare] [Cloudflare,Cloudflare Bot Management] [75a2fe556e01f4f2478f5919e3db0314]
https://graph.vvs.finance:2083 [200] [GET] [text/plain] [] [cloudflare] [vhost] [cloudflare] [Cloudflare,Cloudflare Bot Management] [75a2fe556e01f4f2478f5919e3db0314]
https://graph.vvs.finance:2087 [200] [GET] [text/plain] [] [cloudflare] [vhost] [cloudflare] [Cloudflare,Cloudflare Bot Management] [75a2fe556e01f4f2478f5919e3db0314]
https://graph.vvs.finance:8443 [200] [GET] [text/plain] [] [cloudflare] [vhost] [cloudflare] [Cloudflare,Cloudflare Bot Management] [75a2fe556e01f4f2478f5919e3db0314]
https://rpc.vvs.finance [404] [GET] [application/json] [] [cloudflare] [vhost] [cloudflare] [Cloudflare,Cloudflare Bot Management] [2c7ef3e2a869dd3196f197e7c6b27070]
https://vvs.finance [200] [GET] [text/html] [VVS Finance | Simple DeFi Trading For All] [cloudflare] [vhost] [cloudflare] [Amazon Cloudfront,Amazon Web Services,Cloudflare,Cloudflare Bot Management,Google Font API,Google Tag Manager,Typekit] [6a1faf5392c076629dce501df5f39983]
https://vvs.finance [200] [GET] [text/html] [VVS Finance | Simple DeFi Trading For All] [cloudflare] [vhost] [cloudflare] [Amazon Cloudfront,Amazon Web Services,Cloudflare,Cloudflare Bot Management,Google Font API,Google Tag Manager,Typekit] [bf0938722bc196cf3b26a5adfa120947]
https://www.vvs.finance:2083 [301] [GET] [] [] [cloudflare] [vhost] [cloudflare] [Cloudflare,Cloudflare Bot Management] [d41d8cd98f00b204e9800998ecf8427e]
https://www.vvs.finance:2087 [301] [GET] [] [] [cloudflare] [vhost] [cloudflare] [Cloudflare,Cloudflare Bot Management] [d41d8cd98f00b204e9800998ecf8427e]
https://www.vvs.finance [301] [GET] [] [] [cloudflare] [vhost] [cloudflare] [Cloudflare,Cloudflare Bot Management] [d41d8cd98f00b204e9800998ecf8427e]
https://www.vvs.finance:8443 [301] [GET] [] [] [cloudflare] [vhost] [cloudflare] [Cloudflare,Cloudflare Bot Management] [d41d8cd98f00b204e9800998ecf8427e]
http://vvs.finance:2083 [400] [GET] [text/html] [400 The plain HTTP request was sent to HTTPS port] [cloudflare] [cloudflare] [Cloudflare] [20ad84d030031252141ca0b3fc0183f0]
http://vvs.finance:2087 [400] [GET] [text/html] [400 The plain HTTP request was sent to HTTPS port] [cloudflare] [cloudflare] [Cloudflare] [cd58783500d7fa3c58f88eb0ba22f4f8]
