http://autodiscover.xoom.com [301] [GET] [] [] [Microsoft-IIS/10.0] [vhost] [IIS:10.0,Microsoft ASP.NET,Windows Server] [d41d8cd98f00b204e9800998ecf8427e]
http://okta.xoom.com [404] [GET] [text/html] [Error 404 (Not Found)!!1] [ghs] [b81150861bf911f947660cf73bce77f6]
https://api.xoom.com [404] [GET] [application/octet-stream] [] [] [vhost] [27ea13efb09d93d51c46fb56970949ed]
https://blog.xoom.com [403] [GET] [text/html] [Error Page] [sfdcedge] [209aa3b0aee15ae06aa3cd5d3b0eda1e]
https://blog.xoom.com [403] [GET] [text/html] [Error Page] [sfdcedge] [8fbd1c9d8bbdeb7f38f5f93e15c718f2]
https://click.messages.xoom.com [403] [GET] [text/html] [403 - Forbidden: Access is denied.] [] [11ca4578cb026a23713aea6781b8ece3]
https://embed.xoom.com [406] [GET] [text/html] [Xoom, a PayPal Service] [] [vhost] [fastly] [Fastly,Varnish] [f57b12e5e5d58456d157dd6d79df5e5e]
https://help.xoom.com [301] [GET] [] [] [sfdcedge] [vhost] [d41d8cd98f00b204e9800998ecf8427e]
https://id.xoom.com [302] [GET] [] [] [] [vhost] [fastly] [Fastly,Varnish] [d41d8cd98f00b204e9800998ecf8427e]
https://image.messages.xoom.com [403] [GET] [text/html] [Access Denied] [AkamaiGHost] [vhost] [707aba0331e2024b5f95e52d2a6f6576]
https://image.messages.xoom.com [403] [GET] [text/html] [Access Denied] [AkamaiGHost] [vhost] [ef674ad22ea8349e6dd6870cdeb9a5f0]
https://lyncdiscover.xoom.com [404] [GET] [application/json] [] [] [vhost] [Azure] [373397b4ebf514ea3578818e90f5f9b6]
https://messages.xoom.com [403] [GET] [text/html] [403 - Forbidden: Access is denied.] [] [11ca4578cb026a23713aea6781b8ece3]
https://mobile.xoom.com [406] [GET] [text/html] [] [] [vhost] [d6455754262591744799537c01ecb4b7]
https://m.xoom.com [301] [GET] [text/html] [301 Moved Permanently] [] [vhost] [fastly] [Fastly,Varnish] [3ea1c8d079b38532a6e01a96216ba5e2]
https://news.xoom.com [301] [GET] [] [] [sfdcedge] [vhost] [d41d8cd98f00b204e9800998ecf8427e]
https://pages.messages.xoom.com [403] [GET] [text/html] [403 - Forbidden: Access is denied.] [] [11ca4578cb026a23713aea6781b8ece3]
https://pages.xoom.com [403] [GET] [text/html] [403 - Forbidden: Access is denied.] [] [11ca4578cb026a23713aea6781b8ece3]
https://panvpntest.xoom.com [200] [GET] [text/html] [] [] [f91a416be352a03c76b6ce8f948eda4d]
https://panvpn.xoom.com [200] [GET] [text/html] [] [] [f91a416be352a03c76b6ce8f948eda4d]
https://partnerships.xoom.com [406] [GET] [text/html] [] [] [vhost] [d6455754262591744799537c01ecb4b7]
https://partner.xoom.com [406] [GET] [text/html] [Xoom, a PayPal Service] [] [vhost] [fastly] [Fastly,Varnish] [f57b12e5e5d58456d157dd6d79df5e5e]
https://refer.xoom.com [204] [GET] [application/json] [] [Extole] [d41d8cd98f00b204e9800998ecf8427e]
https://sip.xoom.com [404] [GET] [text/plain] [] [RTC/7.0] [a710485958bd681d0bbcdf2e3a0d818a]
https://sjc-panvpn.xoom.com [200] [GET] [text/html] [] [] [f91a416be352a03c76b6ce8f948eda4d]
https://t.xoom.com [404] [GET] [] [] [ECAcc (saa/83DD)] [vhost] [Azure,Azure CDN] [d41d8cd98f00b204e9800998ecf8427e]
https://view.messages.xoom.com [302] [GET] [text/html] [Object moved] [] [0b9ef0192b2022a0b94f012083714795]
https://webservices.xoom.com [301] [GET] [text/html] [301 Moved Permanently] [] [vhost] [3ea1c8d079b38532a6e01a96216ba5e2]
https://www.xoom.com [406] [GET] [text/html] [Xoom, a PayPal Service] [] [vhost] [fastly] [Fastly,Varnish] [f57b12e5e5d58456d157dd6d79df5e5e]
https://xoom.com [302] [GET] [text/html] [302 Found] [] [27775e943b151f4c766eb01f65c2e2ce]
http://videos.xoom.com [200] [GET] [text/html] [Xoom Videos] [GSE] [vhost] [Blogger,Java,OpenGSE,Python] [b635333081160345ff7249680d4e315d]
