http://alpha.yin.finance:8086 [400] [GET] [text/html] [Bad Request (400)] [gunicorn] [Python,gunicorn] [d4fa651ac72fe0026823084e47702b7b]
http://docs.yin.finance:2082 [302] [GET] [] [] [cloudflare] [vhost] [cloudflare] [Cloudflare] [d41d8cd98f00b204e9800998ecf8427e]
http://docs.yin.finance:2086 [302] [GET] [] [] [cloudflare] [vhost] [cloudflare] [Cloudflare] [d41d8cd98f00b204e9800998ecf8427e]
http://docs.yin.finance:8080 [302] [GET] [] [] [cloudflare] [vhost] [cloudflare] [Cloudflare] [d41d8cd98f00b204e9800998ecf8427e]
http://docs.yin.finance:8880 [302] [GET] [] [] [cloudflare] [vhost] [cloudflare] [Cloudflare] [d41d8cd98f00b204e9800998ecf8427e]
https://alpha.yin.finance [200] [GET] [text/html] [YIN - Multi-strategy NFT liquidity optimizer] [nginx/1.21.4] [Google Font API,Nginx:1.21.4] [7db7208e0d3496f8da79c870ad7b20b8]
https://app.yin.finance [200] [GET] [text/html] [YIN - Multi-strategy NFT liquidity optimizer] [nginx/1.21.4] [Google Font API,Nginx:1.21.4] [799d70ccb2ad446f55b5665c587d3da6]
https://devhome.yin.finance [200] [GET] [text/html] [YinFinance] [nginx/1.21.4] [vhost] [Nginx:1.21.4] [15e52b4d2e914b376dc809c399851a81]
https://dev.yin.finance [200] [GET] [text/html] [YIN - Multi-strategy NFT liquidity optimizer] [nginx/1.21.4] [Google Font API,Nginx:1.21.4] [aa0a8c8385bff247cc529c5f5ea294ae]
https://docs.yin.finance [200] [GET] [text/html] [Official YIN Documentation - YIN] [cloudflare] [vhost] [cloudflare] [Algolia,Cloudflare,Google Cloud,Google Cloud Trace,React] [4e8465d24494f92e68dc1c45d1977fae]
https://docs.yin.finance:2083 [403] [GET] [text/html] [Attention Required! | Cloudflare] [cloudflare] [vhost] [cloudflare] [Cloudflare] [1b4ef26f897acd1a07ac49ea3fb1510f]
https://docs.yin.finance:2087 [200] [GET] [text/html] [Official YIN Documentation - YIN] [cloudflare] [vhost] [cloudflare] [Algolia,Cloudflare,Google Cloud,Google Cloud Trace,React] [8b8acbf7bd2a0e43821db5adf0f2727e]
https://docs.yin.finance:8443 [200] [GET] [text/html] [Official YIN Documentation - YIN] [cloudflare] [vhost] [cloudflare] [Algolia,Cloudflare,Google Cloud,Google Cloud Trace,React] [41e192d77ff2c48fff36871ca7c00115]
https://faucet.yin.finance [200] [GET] [text/html] [YIN Finance Faucet] [GitHub.com] [vhost] [Fastly,GitHub Pages,React,Varnish] [52073123154dfa505572bb0ca02086e2]
https://gov.yin.finance [200] [GET] [text/html] [YIN Finance - YIN Finance - Multi-strategy NFT liquidity optimizer] [nginx] [vhost] [Discourse,Nginx,Ruby on Rails] [c1d22504457f22df7b5e3d3ae7c71254]
https://gov.yin.finance [200] [GET] [text/html] [YIN Finance - YIN Finance - Multi-strategy NFT liquidity optimizer] [nginx] [vhost] [Discourse,Nginx,Ruby on Rails] [dfe66623f89c4012d0133a4214ab9bd0]
https://www.yin.finance [200] [GET] [text/html] [YIN - Multi-strategy NFT liquidity optimizer] [nginx/1.21.4] [Google Font API,Nginx:1.21.4] [7db7208e0d3496f8da79c870ad7b20b8]
https://yin.finance [200] [GET] [text/html] [YIN - Multi-strategy NFT liquidity optimizer] [nginx/1.21.4] [vhost] [Nginx:1.21.4] [bc5c1abb1d65f30d218dc33bb6f473eb]
http://www.yin.finance:8086 [400] [GET] [text/html] [Bad Request (400)] [gunicorn] [Python,gunicorn] [d4fa651ac72fe0026823084e47702b7b]
http://yin.finance:8086 [400] [GET] [text/html] [Bad Request (400)] [gunicorn] [Python,gunicorn] [d4fa651ac72fe0026823084e47702b7b]
