http://docs.yop.finance:2082 [302] [GET] [] [] [cloudflare] [vhost] [cloudflare] [Cloudflare] [d41d8cd98f00b204e9800998ecf8427e]
http://docs.yop.finance:2086 [302] [GET] [] [] [cloudflare] [vhost] [cloudflare] [Cloudflare] [d41d8cd98f00b204e9800998ecf8427e]
http://docs.yop.finance:8080 [302] [GET] [] [] [cloudflare] [vhost] [cloudflare] [Cloudflare] [d41d8cd98f00b204e9800998ecf8427e]
http://docs.yop.finance:8880 [302] [GET] [] [] [cloudflare] [vhost] [cloudflare] [Cloudflare] [d41d8cd98f00b204e9800998ecf8427e]
https://app.yop.finance:2083 [403] [GET] [text/html] [Attention Required! | Cloudflare] [cloudflare] [vhost] [cloudflare] [Cloudflare,Cloudflare Network Error Logging] [a17ee024d199bfcdd8ba0120f2e3550a]
https://app.yop.finance:2087 [403] [GET] [text/html] [Attention Required! | Cloudflare] [cloudflare] [vhost] [cloudflare] [Cloudflare,Cloudflare Network Error Logging] [f0f608bae4e3c9eacb947901d7bb313e]
https://app.yop.finance [403] [GET] [text/html] [Attention Required! | Cloudflare] [cloudflare] [vhost] [cloudflare] [Cloudflare,Cloudflare Network Error Logging] [091c60cc16f63ad2418cff20ec87e539]
https://app.yop.finance [403] [GET] [text/html] [Attention Required! | Cloudflare] [cloudflare] [vhost] [cloudflare] [Cloudflare,Cloudflare Network Error Logging] [75886c929e88e9b5119a55efdce5d185]
https://app.yop.finance:8443 [403] [GET] [text/html] [Attention Required! | Cloudflare] [cloudflare] [vhost] [cloudflare] [Cloudflare,Cloudflare Network Error Logging] [240417d34076e413b889b26a6f14d32a]
https://cdn.yop.finance [403] [GET] [application/xml] [] [AmazonS3] [vhost] [cloudfront] [Amazon Cloudfront,Amazon S3,Amazon Web Services] [018b225d8e6730b354f268d513c8e8f8]
https://docs.yop.finance [200] [GET] [text/html] [Welcome - YOP Documentation] [cloudflare] [vhost] [cloudflare] [Algolia,Cloudflare,Google Cloud,Google Cloud Trace,React] [5f7a6ac64ecc2a7a2b02ea2bcaac34da]
https://docs.yop.finance:2053 [200] [GET] [text/html] [Welcome - YOP Documentation] [cloudflare] [vhost] [cloudflare] [Algolia,Cloudflare,Google Cloud,Google Cloud Trace,React] [b3ae35cfd5754d6902976023d4f3a8c2]
https://docs.yop.finance:2083 [200] [GET] [text/html] [Welcome - YOP Documentation] [cloudflare] [vhost] [cloudflare] [Algolia,Cloudflare,Google Cloud,Google Cloud Trace,React] [ba404b2b2168f782e68ea97277f61519]
https://docs.yop.finance:2087 [200] [GET] [text/html] [Welcome - YOP Documentation] [cloudflare] [vhost] [cloudflare] [Algolia,Cloudflare,Google Cloud,Google Cloud Trace,React] [3a18f0d78821c63e091349aad18634a5]
https://docs.yop.finance:8443 [200] [GET] [text/html] [Welcome - YOP Documentation] [cloudflare] [vhost] [cloudflare] [Algolia,Cloudflare,Google Cloud,Google Cloud Trace,React] [7de7238a03eecb2bf073b1b35b2e206d]
https://legacystaking.yop.finance:2083 [403] [GET] [text/html] [Attention Required! | Cloudflare] [cloudflare] [vhost] [cloudflare] [Cloudflare,Cloudflare Network Error Logging] [f858427fed2d9f44079da10be0173311]
https://legacystaking.yop.finance:2087 [403] [GET] [text/html] [Attention Required! | Cloudflare] [cloudflare] [vhost] [cloudflare] [Cloudflare,Cloudflare Network Error Logging] [9f6f01aa92fc6df8d69686b1b8fbf3aa]
https://legacystaking.yop.finance [403] [GET] [text/html] [Attention Required! | Cloudflare] [cloudflare] [vhost] [cloudflare] [Cloudflare,Cloudflare Network Error Logging] [44bdc73c5ea90328b8e18b512f8af9c5]
https://legacystaking.yop.finance [403] [GET] [text/html] [Attention Required! | Cloudflare] [cloudflare] [vhost] [cloudflare] [Cloudflare,Cloudflare Network Error Logging] [c89d1dc9a956241bcb66e2c81b1c01f9]
https://legacystaking.yop.finance:8443 [403] [GET] [text/html] [Attention Required! | Cloudflare] [cloudflare] [vhost] [cloudflare] [Cloudflare,Cloudflare Network Error Logging] [615c187f8c14ac9eaa39c6e5754b5752]
https://preview.yop.finance:2083 [403] [GET] [text/html] [Attention Required! | Cloudflare] [cloudflare] [vhost] [cloudflare] [Cloudflare,Cloudflare Network Error Logging] [d62841e62502a267b7fd2b77e6343c3c]
https://preview.yop.finance:2087 [403] [GET] [text/html] [Attention Required! | Cloudflare] [cloudflare] [vhost] [cloudflare] [Cloudflare,Cloudflare Network Error Logging] [3eec40fb3798e5b131d37e3418c5199b]
https://preview.yop.finance [403] [GET] [text/html] [Attention Required! | Cloudflare] [cloudflare] [vhost] [cloudflare] [Cloudflare,Cloudflare Network Error Logging] [0a4f95718382506e54cada91c1ea6ad9]
https://preview.yop.finance [403] [GET] [text/html] [Attention Required! | Cloudflare] [cloudflare] [vhost] [cloudflare] [Cloudflare,Cloudflare Network Error Logging] [f33763e7e3f5784af1b337a820284aa8]
https://preview.yop.finance:8443 [403] [GET] [text/html] [Attention Required! | Cloudflare] [cloudflare] [vhost] [cloudflare] [Cloudflare,Cloudflare Network Error Logging] [3ac1f6d7f4dd654099ea4d617a4f389d]
http://sp-track.yop.finance:10001 [404] [GET] [text/html] [Page Not Found] [] [ddf9a82c0c7bf563800c8b280e1e6ec9]
https://sp-track.yop.finance [404] [GET] [text/html] [Page Not Found] [openresty] [Nginx,OpenResty] [ddf9a82c0c7bf563800c8b280e1e6ec9]
https://staking.yop.finance:2083 [403] [GET] [text/html] [Attention Required! | Cloudflare] [cloudflare] [vhost] [cloudflare] [Cloudflare,Cloudflare Network Error Logging] [4eefaadc1154e158f6d9acc77f2d0853]
https://staking.yop.finance:2087 [403] [GET] [text/html] [Attention Required! | Cloudflare] [cloudflare] [vhost] [cloudflare] [Cloudflare,Cloudflare Network Error Logging] [41387532f46a420a95ac5a1f61dae385]
https://staking.yop.finance [403] [GET] [text/html] [Attention Required! | Cloudflare] [cloudflare] [vhost] [cloudflare] [Cloudflare,Cloudflare Network Error Logging] [3a19ba5de739c0e65b19bbb8d9cc1d1f]
https://staking.yop.finance [403] [GET] [text/html] [Attention Required! | Cloudflare] [cloudflare] [vhost] [cloudflare] [Cloudflare,Cloudflare Network Error Logging] [71e2b86c6696dc7509980e3514455c1d]
https://staking.yop.finance:8443 [403] [GET] [text/html] [Attention Required! | Cloudflare] [cloudflare] [vhost] [cloudflare] [Cloudflare,Cloudflare Network Error Logging] [ece8d1df6fe18b944c42c08bcf1580af]
https://www.yop.finance:2083 [403] [GET] [text/html] [Attention Required! | Cloudflare] [cloudflare] [vhost] [cloudflare] [Cloudflare,Cloudflare Network Error Logging] [ca1d6328ab729bf19236eff48be424d1]
https://www.yop.finance:2087 [403] [GET] [text/html] [Attention Required! | Cloudflare] [cloudflare] [vhost] [cloudflare] [Cloudflare,Cloudflare Network Error Logging] [340f10c852e32791395160835453a74e]
https://www.yop.finance [403] [GET] [text/html] [Attention Required! | Cloudflare] [cloudflare] [vhost] [cloudflare] [Cloudflare,Cloudflare Network Error Logging] [04ba9fa23db053edd1e2c006ec403b8b]
https://www.yop.finance [403] [GET] [text/html] [Attention Required! | Cloudflare] [cloudflare] [vhost] [cloudflare] [Cloudflare,Cloudflare Network Error Logging] [1814478f2ffbe6d1bcee180e942880ca]
https://www.yop.finance:8443 [403] [GET] [text/html] [Attention Required! | Cloudflare] [cloudflare] [vhost] [cloudflare] [Cloudflare,Cloudflare Network Error Logging] [ace6ebc5858fb13414d3ed4cdeca7895]
https://yop.finance:2083 [403] [GET] [text/html] [Attention Required! | Cloudflare] [cloudflare] [cloudflare] [Cloudflare,Cloudflare Network Error Logging] [96e03508f292244bb1cfeb55ec221b4c]
https://yop.finance:2087 [403] [GET] [text/html] [Attention Required! | Cloudflare] [cloudflare] [cloudflare] [Cloudflare,Cloudflare Network Error Logging] [64de079401c46760cd2dfb39ba97ffe2]
https://yop.finance [403] [GET] [text/html] [Attention Required! | Cloudflare] [cloudflare] [cloudflare] [Cloudflare,Cloudflare Network Error Logging] [38c224fe50fef1f00a4ffc860aee43e9]
https://yop.finance [403] [GET] [text/html] [Attention Required! | Cloudflare] [cloudflare] [cloudflare] [Cloudflare,Cloudflare Network Error Logging] [ec477f1613a5d0a0e98a37518b733464]
https://yop.finance:8443 [403] [GET] [text/html] [Attention Required! | Cloudflare] [cloudflare] [cloudflare] [Cloudflare,Cloudflare Network Error Logging] [2e138a6ba356a0fba5e270b2968d8ff0]
http://www.yop.finance:2082 [302] [GET] [] [] [cloudflare] [vhost] [cloudflare] [Cloudflare,Cloudflare Network Error Logging] [d41d8cd98f00b204e9800998ecf8427e]
http://www.yop.finance:2086 [302] [GET] [] [] [cloudflare] [vhost] [cloudflare] [Cloudflare,Cloudflare Network Error Logging] [d41d8cd98f00b204e9800998ecf8427e]
http://www.yop.finance:2095 [302] [GET] [] [] [cloudflare] [vhost] [cloudflare] [Cloudflare,Cloudflare Network Error Logging] [d41d8cd98f00b204e9800998ecf8427e]
http://www.yop.finance:8880 [302] [GET] [] [] [cloudflare] [vhost] [cloudflare] [Cloudflare,Cloudflare Network Error Logging] [d41d8cd98f00b204e9800998ecf8427e]
