http://help.zapper.fi:2053 [400] [GET] [text/html] [400 The plain HTTP request was sent to HTTPS port] [cloudflare] [cloudflare] [Cloudflare] [cd58783500d7fa3c58f88eb0ba22f4f8]
http://help.zapper.fi:2083 [400] [GET] [text/html] [400 The plain HTTP request was sent to HTTPS port] [cloudflare] [cloudflare] [Cloudflare] [20ad84d030031252141ca0b3fc0183f0]
http://help.zapper.fi:2087 [400] [GET] [text/html] [400 The plain HTTP request was sent to HTTPS port] [cloudflare] [cloudflare] [Cloudflare] [20ad84d030031252141ca0b3fc0183f0]
http://help.zapper.fi:2096 [400] [GET] [text/html] [400 The plain HTTP request was sent to HTTPS port] [cloudflare] [cloudflare] [Cloudflare] [20ad84d030031252141ca0b3fc0183f0]
http://help.zapper.fi:8443 [400] [GET] [text/html] [400 The plain HTTP request was sent to HTTPS port] [cloudflare] [cloudflare] [Cloudflare] [20ad84d030031252141ca0b3fc0183f0]
http://ipfs.zapper.fi:2053 [400] [GET] [text/html] [400 The plain HTTP request was sent to HTTPS port] [cloudflare] [cloudflare] [Cloudflare] [20ad84d030031252141ca0b3fc0183f0]
http://ipfs.zapper.fi:2082 [404] [GET] [text/plain] [] [cloudflare] [vhost] [cloudflare] [Cloudflare,Cloudflare Bot Management,IPFS] [701d5d908bbd4156e085a7783a14b454]
http://ipfs.zapper.fi:2083 [400] [GET] [text/html] [400 The plain HTTP request was sent to HTTPS port] [cloudflare] [cloudflare] [Cloudflare] [20ad84d030031252141ca0b3fc0183f0]
http://ipfs.zapper.fi:2086 [404] [GET] [text/plain] [] [cloudflare] [vhost] [cloudflare] [Cloudflare,Cloudflare Bot Management,IPFS] [529209b5ab82209bb8d7c0d0f513d395]
http://ipfs.zapper.fi:2087 [400] [GET] [text/html] [400 The plain HTTP request was sent to HTTPS port] [cloudflare] [cloudflare] [Cloudflare] [20ad84d030031252141ca0b3fc0183f0]
http://ipfs.zapper.fi:2096 [400] [GET] [text/html] [400 The plain HTTP request was sent to HTTPS port] [cloudflare] [cloudflare] [Cloudflare] [cd58783500d7fa3c58f88eb0ba22f4f8]
http://ipfs.zapper.fi:8080 [404] [GET] [text/plain] [] [cloudflare] [vhost] [cloudflare] [Cloudflare,Cloudflare Bot Management,IPFS] [89eee9592fdb82f90e5009b1dd219a89]
http://ipfs.zapper.fi:8443 [400] [GET] [text/html] [400 The plain HTTP request was sent to HTTPS port] [cloudflare] [cloudflare] [Cloudflare] [cd58783500d7fa3c58f88eb0ba22f4f8]
http://ipfs.zapper.fi:8880 [403] [GET] [text/html] [Attention Required! | Cloudflare] [cloudflare] [vhost] [cloudflare] [Cloudflare,Cloudflare Bot Management] [fcb865f99e1b5dbb1f6ed97d4cbb863a]
https://analytics-api.zapper.fi [404] [GET] [text/html] [Error] [] [google] [Express,Google Cloud,Google Cloud CDN,Node.js] [da7da7d630292e7a2a7dda8ca87b3d39]
https://api.zapper.fi:2053 [521] [GET] [] [] [cloudflare] [vhost] [cloudflare] [Cloudflare,Cloudflare Bot Management] [d41d8cd98f00b204e9800998ecf8427e]
https://api.zapper.fi:2083 [525] [GET] [] [] [cloudflare] [vhost] [cloudflare] [Cloudflare,Cloudflare Bot Management] [d41d8cd98f00b204e9800998ecf8427e]
https://api.zapper.fi:2087 [521] [GET] [] [] [cloudflare] [vhost] [cloudflare] [Cloudflare,Cloudflare Bot Management] [d41d8cd98f00b204e9800998ecf8427e]
https://api.zapper.fi [404] [GET] [application/json] [] [cloudflare] [vhost] [cloudflare] [Cloudflare,Cloudflare Bot Management,Google Cloud,Google Cloud CDN] [093206c775ab5f7ce396f1b67fcae5bb]
https://api.zapper.fi:8443 [521] [GET] [] [] [cloudflare] [vhost] [cloudflare] [Cloudflare,Cloudflare Bot Management] [d41d8cd98f00b204e9800998ecf8427e]
https://features.zapper.fi [200] [GET] [text/html] [Zapper Feedback] [] [vhost] [React] [06fad58a5bc5a7cd437eb83bf6a16e9d]
https://features.zapper.fi [200] [GET] [text/html] [Zapper Feedback] [] [vhost] [React] [3ceeef554ddea5104f2bc6c7be2f5338]
https://help.zapper.fi [301] [GET] [text/html] [] [cloudflare] [vhost] [cloudflare] [Cloudflare,Cloudflare Network Error Logging,Zendesk] [1da04f417abf52e712a5d66ce4c64526]
https://ipfs.zapper.fi [403] [GET] [text/html] [Attention Required! | Cloudflare] [cloudflare] [vhost] [cloudflare] [Cloudflare,Cloudflare Bot Management] [d496f3bb9366999d848abae37d8dc129]
https://ipfs.zapper.fi [404] [GET] [text/plain] [] [cloudflare] [vhost] [cloudflare] [Cloudflare,Cloudflare Bot Management,IPFS] [405c9d9a85d6f07aaee701c2903f39b6]
https://learn.zapper.fi [404] [GET] [text/html] [404 - Page not found] [openresty] [Fastly,Nginx,OpenResty,Varnish] [1d9896e6c6994806305469581db3bf1d]
https://sse.zapper.fi [404] [GET] [] [] [] [google] [Google Cloud,Google Cloud CDN] [ec65a3dc9c958c8350012207a7e11c7d]
https://translate.zapper.fi [200] [GET] [text/html] [] [openresty] [vhost] [Google Font API,Google Tag Manager,Nginx,OpenResty,Sentry:5.12.4] [60dc61d1e1e612c9173d6dfe14cf820b]
https://translate.zapper.fi [200] [GET] [text/html] [] [openresty] [vhost] [Google Font API,Google Tag Manager,Nginx,OpenResty,Sentry:5.12.4] [ce64540edbab8e8eb9d30f1ee3b7bb3e]
https://web.zapper.fi:2053 [403] [GET] [text/plain] [] [cloudflare] [vhost] [cloudflare] [Cloudflare,Cloudflare Bot Management] [7b5ea53ba332630e5aca8e4abb807f70]
https://web.zapper.fi:2083 [403] [GET] [text/plain] [] [cloudflare] [vhost] [cloudflare] [Cloudflare,Cloudflare Bot Management] [7b5ea53ba332630e5aca8e4abb807f70]
https://web.zapper.fi:2087 [403] [GET] [text/plain] [] [cloudflare] [vhost] [cloudflare] [Cloudflare,Cloudflare Bot Management] [7b5ea53ba332630e5aca8e4abb807f70]
https://web.zapper.fi [403] [GET] [text/plain] [] [cloudflare] [vhost] [cloudflare] [Cloudflare,Cloudflare Bot Management] [7b5ea53ba332630e5aca8e4abb807f70]
https://web.zapper.fi:8443 [403] [GET] [text/plain] [] [cloudflare] [vhost] [cloudflare] [Cloudflare,Cloudflare Bot Management] [7b5ea53ba332630e5aca8e4abb807f70]
http://tv.zapper.fi [302] [GET] [text/html] [] [] [vhost] [753c644f689a4cf581a073f3e9391834]
http://web.zapper.fi:2082 [403] [GET] [text/plain] [] [cloudflare] [vhost] [cloudflare] [Cloudflare,Cloudflare Bot Management] [7b5ea53ba332630e5aca8e4abb807f70]
http://web.zapper.fi:2086 [403] [GET] [text/plain] [] [cloudflare] [vhost] [cloudflare] [Cloudflare,Cloudflare Bot Management] [7b5ea53ba332630e5aca8e4abb807f70]
http://web.zapper.fi:8080 [403] [GET] [text/plain] [] [cloudflare] [vhost] [cloudflare] [Cloudflare,Cloudflare Bot Management] [7b5ea53ba332630e5aca8e4abb807f70]
