https://api-pre.zenlink.pro [404] [GET] [text/plain] [] [] [vhost] [53af239ee5d3e261545dededcb6ffd57]
https://api.zenlink.pro [404] [GET] [text/plain] [] [] [vhost] [53af239ee5d3e261545dededcb6ffd57]
https://devparachain-pre.zenlink.pro [404] [GET] [text/plain] [] [] [595e88012a6521aae3e12cbebe76eb9e]
https://dex.zenlink.pro [200] [GET] [text/html] [Zenlink] [Tengine] [vhost] [Tengine] [56c33b890582d899b4e9bbbab7e81028]
https://grafana.zenlink.pro [302] [GET] [text/html] [] [] [vhost] [cb0b177a86bb404bfe3fb7697196e9b7]
https://slotvault-pre.zenlink.pro [200] [GET] [text/html] [Zenlink] [Tengine] [vhost] [Sentry:5.20.0,Tengine] [6c1ee882e42319b009097579856f1020]
https://slotvault.zenlink.pro [200] [GET] [text/html] [Zenlink] [Tengine] [vhost] [Sentry:5.20.0,Tengine] [3cb8f75d6724e6909f80d21ab54d3461]
https://testnet200-pre.zenlink.pro [404] [GET] [text/plain] [] [] [595e88012a6521aae3e12cbebe76eb9e]
https://testnet200.zenlink.pro [404] [GET] [text/plain] [] [] [595e88012a6521aae3e12cbebe76eb9e]
https://testnet200.zenlink.pro:8080 [404] [GET] [text/plain] [] [] [595e88012a6521aae3e12cbebe76eb9e]
https://testnet300-pre.zenlink.pro [404] [GET] [text/plain] [] [] [595e88012a6521aae3e12cbebe76eb9e]
https://testnet300.zenlink.pro [404] [GET] [text/plain] [] [] [595e88012a6521aae3e12cbebe76eb9e]
https://testnet300.zenlink.pro:8080 [404] [GET] [text/plain] [] [] [595e88012a6521aae3e12cbebe76eb9e]
https://testnetrococo-pre.zenlink.pro [404] [GET] [text/plain] [] [] [595e88012a6521aae3e12cbebe76eb9e]
https://testnetrococo.zenlink.pro [404] [GET] [text/plain] [] [] [595e88012a6521aae3e12cbebe76eb9e]
https://testnetrococo.zenlink.pro:8080 [404] [GET] [text/plain] [] [] [595e88012a6521aae3e12cbebe76eb9e]
https://wiki.zenlink.pro [200] [GET] [text/html] [What is Zenlink - Zenlink] [cloudflare] [vhost] [cloudflare] [Algolia,Cloudflare,Google Cloud,Google Cloud Trace,React] [83ee8a14ab1880e9ca8f0b7826854dd0]
https://wiki.zenlink.pro:2083 [200] [GET] [text/html] [What is Zenlink - Zenlink] [cloudflare] [vhost] [cloudflare] [Algolia,Cloudflare,Google Cloud,Google Cloud Trace,React] [590b86f548999878a5654b08571be40c]
https://wiki.zenlink.pro:2087 [200] [GET] [text/html] [What is Zenlink - Zenlink] [cloudflare] [vhost] [cloudflare] [Algolia,Cloudflare,Google Cloud,Google Cloud Trace,React] [96c8c57e0fbe9a28adf4c18d7516d6a2]
https://wiki.zenlink.pro:8443 [200] [GET] [text/html] [What is Zenlink - Zenlink] [cloudflare] [vhost] [cloudflare] [Algolia,Cloudflare,Google Cloud,Google Cloud Trace,React] [c68b3f9b8a3662028e99f2ccd119ba41]
https://www.zenlink.pro [200] [GET] [text/html] [] [AliyunOSS] [vhost] [cloudfront] [Amazon Cloudfront,Amazon Web Services,Gatsby:2.32.13,React,webpack] [7a67c7db43a41ae8c10ad0d0fecc2f68]
https://zenlink.pro [200] [GET] [text/html] [] [AliyunOSS] [vhost] [cloudfront] [Amazon Cloudfront,Amazon Web Services,Gatsby:2.32.13,React,webpack] [7a67c7db43a41ae8c10ad0d0fecc2f68]
http://website.zenlink.pro [403] [GET] [text/html] [ERROR: The request could not be satisfied] [CloudFront] [cloudfront] [Amazon Cloudfront,Amazon Web Services] [d585be44fbe4dc24c026ccfd71b7625d]
http://wiki.zenlink.pro:2082 [302] [GET] [] [] [cloudflare] [vhost] [cloudflare] [Cloudflare] [d41d8cd98f00b204e9800998ecf8427e]
http://wiki.zenlink.pro:2086 [302] [GET] [] [] [cloudflare] [vhost] [cloudflare] [Cloudflare] [d41d8cd98f00b204e9800998ecf8427e]
http://wiki.zenlink.pro:8080 [302] [GET] [] [] [cloudflare] [vhost] [cloudflare] [Cloudflare] [d41d8cd98f00b204e9800998ecf8427e]
http://wiki.zenlink.pro:8880 [302] [GET] [] [] [cloudflare] [vhost] [cloudflare] [Cloudflare] [d41d8cd98f00b204e9800998ecf8427e]
