http://knowledgegraph.zomans.com [302] [GET] [text/html] [302 Found] [akamai/nginx] [Nginx] [c82b2923ba9bf6a01ded979621614a6c]
https://access.zomans.com [200] [GET] [text/html] [] [akamai/nginx] [AngularJS,Nginx] [151c89f4c779dc1a42e6c93f895e6c88]
https://access.zomans.com [200] [GET] [text/html] [] [akamai/nginx] [AngularJS,Nginx] [831dbd5fecf847a3e60bec9f51d24b99]
https://adhoc-presto.zomans.com [302] [GET] [text/html] [302 Found] [akamai/nginx] [Nginx] [6c749f9774a6a2367e74f31a2e411fa3]
https://adhoc-presto.zomans.com [302] [GET] [text/html] [302 Found] [akamai/nginx] [Nginx] [8b206cae097181e8a15909096d4ad975]
https://admin.zomans.com [302] [GET] [text/html] [302 Found] [akamai/nginx] [vhost] [Nginx] [3c739dbb921cf93a11e73caf976bd89a]
https://admin.zomans.com [302] [GET] [text/html] [302 Found] [akamai/nginx] [vhost] [Nginx] [a8884a1bc65cc81ba950293396c09aff]
https://airflow-hpanalytics.zomans.com [302] [GET] [text/html] [302 Found] [akamai/nginx] [Nginx] [12a7d7b34181e048bef72605f656e304]
https://airflow-hpanalytics.zomans.com [302] [GET] [text/html] [302 Found] [akamai/nginx] [Nginx] [f5613592f9ad124fb5c485310be48215]
https://alertmanager.zomans.com [302] [GET] [text/html] [302 Found] [akamai/nginx] [Nginx] [f24a19e6bca29ace52c261b2edb31f97]
https://alertmanager.zomans.com [302] [GET] [text/html] [302 Found] [akamai/nginx] [Nginx] [fae7e6f76c986b21697bccbfcf82873e]
https://amundsen.zomans.com [302] [GET] [text/html] [302 Found] [akamai/nginx] [Nginx] [385da21eba5fb6c39bd11bd4ffa1360d]
https://amundsen.zomans.com [302] [GET] [text/html] [302 Found] [akamai/nginx] [Nginx] [9fad053f03b24db3a3885d7942f986b4]
https://android-jenkins.zomans.com [302] [GET] [text/html] [302 Found] [akamai/nginx] [Nginx] [02bb22f97dd04bd78c7c1a0214dfed80]
https://android-jenkins.zomans.com [302] [GET] [text/html] [302 Found] [akamai/nginx] [Nginx] [83f08f02510bd74ec50596c56b1c90c5]
https://api.zomans.com [302] [GET] [text/html] [302 Found] [akamai/nginx] [Nginx] [21cf2436818c97c973b5f33c0c7a19d1]
https://api.zomans.com [302] [GET] [text/html] [302 Found] [akamai/nginx] [Nginx] [583ccefb0645b0e204536088e4f0d00b]
https://artifacts.zomans.com [401] [GET] [text/plain] [] [akamai/nginx] [Basic,Nginx] [a2ea232f9e46fd19210e635637b80e93]
https://aws.zomans.com [302] [GET] [text/html] [302 Found] [akamai/nginx] [Nginx] [04a082fca4abf48c0ac42bf7d9c70e38]
https://aws.zomans.com [302] [GET] [text/html] [302 Found] [akamai/nginx] [Nginx] [6446b9ed3d07f1ac29c2a69460d040d0]
https://chronos.zomans.com [302] [GET] [text/html] [302 Found] [akamai/nginx] [Nginx] [8a7b76cbdb829b026e69fbf94303e4fb]
https://chronos.zomans.com [302] [GET] [text/html] [302 Found] [akamai/nginx] [Nginx] [c91598e4ff970dd48914b3b5d2e940bb]
https://cloudm.zomans.com [302] [GET] [text/html] [302 Found] [akamai/nginx] [Nginx] [01ff8ce75dfecd00135f9c02de1fbc4e]
https://cloudm.zomans.com [302] [GET] [text/html] [302 Found] [akamai/nginx] [Nginx] [3a71b571ee38a2b8e9733c168c8d5c6a]
https://dashboards.zomans.com [302] [GET] [text/html] [302 Found] [akamai/nginx] [Nginx] [7297744104b72b1321982d8c509c1787]
https://dashboards.zomans.com [302] [GET] [text/html] [302 Found] [akamai/nginx] [Nginx] [ff1d81f54da3819243560279555aaa8d]
https://devhpadmin.zomans.com [302] [GET] [text/html] [302 Found] [akamai/nginx] [Nginx] [b7ec71d744ed2167cc5870dbeb3c9102]
https://devhpadmin.zomans.com [302] [GET] [text/html] [302 Found] [akamai/nginx] [Nginx] [dc3e0129432bfbc79ef519841763c569]
https://dev-metabase-hpanalytics-ext.zomans.com [302] [GET] [text/html] [302 Found] [akamai/nginx] [Nginx] [4d1888f853115d4aa1248aefc206f89f]
https://dev-metabase-hpanalytics-ext.zomans.com [302] [GET] [text/html] [302 Found] [akamai/nginx] [Nginx] [4d224d70283362308407e39813e43f1e]
https://dev-metabase-hpanalytics.zomans.com [302] [GET] [text/html] [302 Found] [akamai/nginx] [Nginx] [26ed1c32ded57e0fff13871af433e9e3]
https://dev-metabase-hpanalytics.zomans.com [302] [GET] [text/html] [302 Found] [akamai/nginx] [Nginx] [685f4d50a16683ead7dd2a5ca0bb553d]
https://dominos-external.zomans.com [302] [GET] [text/html] [302 Found] [akamai/nginx] [Nginx] [9092153016f2df98815b669e9e5ebf91]
https://dominos-external.zomans.com [302] [GET] [text/html] [302 Found] [akamai/nginx] [Nginx] [922ee25bade7ba80199e30a499faec86]
https://dominos.zomans.com [302] [GET] [text/html] [302 Found] [akamai/nginx] [Nginx] [6b59c5911c6cc10daff000ce985b73b9]
https://dominos.zomans.com [302] [GET] [text/html] [302 Found] [akamai/nginx] [Nginx] [fc6f53bc502f61ed9bfae0bf98316a71]
https://eaa-client.zomans.com [200] [GET] [text/html] [] [akamai/nginx] [AngularJS,Nginx] [66a73fdae9c3b5a4782705998eb11c82]
https://eaa-client.zomans.com [200] [GET] [text/html] [] [akamai/nginx] [AngularJS,Nginx] [ed6e31e2c8f031e546172bd9cc9a1629]
https://external-access.zomans.com [200] [GET] [text/html] [] [akamai/nginx] [AngularJS,Nginx] [0d16c81b743078155aa56c00b00b8d88]
https://external-access.zomans.com [200] [GET] [text/html] [] [akamai/nginx] [AngularJS,Nginx] [11109e2b32baa45702731de498d4b460]
https://external.zomans.com [302] [GET] [text/html] [302 Found] [akamai/nginx] [vhost] [Nginx] [0fac82246db686da83823b21321f3b14]
https://external.zomans.com [302] [GET] [text/html] [302 Found] [akamai/nginx] [vhost] [Nginx] [851c3138cf40ca8235fa20dfcc952133]
https://feedingindia.zomans.com [302] [GET] [text/html] [302 Found] [akamai/nginx] [Nginx] [93664afc8addf3a7799856f568ef907f]
https://feedingindia.zomans.com [302] [GET] [text/html] [302 Found] [akamai/nginx] [Nginx] [c01a965889e13012cfc80d4bb5eafb57]
https://fi-admin.zomans.com [302] [GET] [text/html] [302 Found] [akamai/nginx] [Nginx] [7185a0aacd005209da86192e5f4e5944]
https://fi-admin.zomans.com [302] [GET] [text/html] [302 Found] [akamai/nginx] [Nginx] [cc25027d8cb77f765d4f767ce5e59d39]
https://grafana.zomans.com [302] [GET] [text/html] [302 Found] [akamai/nginx] [Nginx] [6c9a826b8b4f6fce1430ce4d14a89e41]
https://grafana.zomans.com [302] [GET] [text/html] [302 Found] [akamai/nginx] [Nginx] [fe0b559493424a2b06ea91175a1fcde0]
https://hp-access.zomans.com [200] [GET] [text/html] [] [akamai/nginx] [AngularJS,Nginx] [320566d1b881f9b387ee27397d38ca5e]
https://hp-access.zomans.com [200] [GET] [text/html] [] [akamai/nginx] [AngularJS,Nginx] [5ffcb2a1131e05852dd14a7e4442c8d3]
https://hpadmin-ext.zomans.com [302] [GET] [text/html] [302 Found] [akamai/nginx] [Nginx] [55c41f49f437355d9afd6b376da626e5]
https://hpadmin-ext.zomans.com [302] [GET] [text/html] [302 Found] [akamai/nginx] [Nginx] [e785433ec4e2976c637218e155861a2c]
https://hpadminpod-ext.zomans.com [302] [GET] [text/html] [302 Found] [akamai/nginx] [Nginx] [6f4bfc7a1f12835cf52c054899611269]
https://hpadminpod-ext.zomans.com [302] [GET] [text/html] [302 Found] [akamai/nginx] [Nginx] [9489478dfe7cb6133212997eb97f4848]
https://hpadminpod.zomans.com [302] [GET] [text/html] [302 Found] [akamai/nginx] [Nginx] [0777d674097da8fc959890238840aba8]
https://hpadminpod.zomans.com [302] [GET] [text/html] [302 Found] [akamai/nginx] [Nginx] [7e0e234116f4f18a9df8db4b0ba3aaa9]
https://hpadmin.zomans.com [302] [GET] [text/html] [302 Found] [akamai/nginx] [Nginx] [c720c1469f9cdbb1ddc7f917c751435d]
https://hpadmin.zomans.com [302] [GET] [text/html] [302 Found] [akamai/nginx] [Nginx] [fbfd06323a8b5e97706d6c9b866e8b99]
https://hpdd.zomans.com [302] [GET] [text/html] [302 Found] [akamai/nginx] [Nginx] [757d2a31c970d6e7e66f07f62765e718]
https://hpdd.zomans.com [302] [GET] [text/html] [302 Found] [akamai/nginx] [Nginx] [d58b04d550355ef22b2fc9de27972bd5]
https://hpwms.zomans.com [302] [GET] [text/html] [302 Found] [akamai/nginx] [Nginx] [24dbcca00019a262fb8b00b8f7127026]
https://hpwms.zomans.com [302] [GET] [text/html] [302 Found] [akamai/nginx] [Nginx] [2c43a43a1640cbf611048d1e692d9bdc]
https://hpwmsz.zomans.com [302] [GET] [text/html] [302 Found] [akamai/nginx] [Nginx] [2b35d9031d6cdbeaee2b060e038a2d84]
https://hpwmsz.zomans.com [302] [GET] [text/html] [302 Found] [akamai/nginx] [Nginx] [7f89c8b6c125da83cade1a8126e357a9]
https://jenkins.zomans.com [302] [GET] [text/html] [302 Found] [akamai/nginx] [Nginx] [d547d72fee2e3c7881ac68fd15ddc938]
https://jenkins.zomans.com [302] [GET] [text/html] [302 Found] [akamai/nginx] [Nginx] [dcc46a39398fb62b1c03971c08905b44]
https://jupyterlab.zomans.com [302] [GET] [text/html] [302 Found] [akamai/nginx] [Nginx] [2cdd83cf8652b5c2156231ca233a3016]
https://jupyterlab.zomans.com [302] [GET] [text/html] [302 Found] [akamai/nginx] [Nginx] [c11b8bbf2027c53ce2f635d8f7e53e57]
https://kibana.zomans.com [302] [GET] [text/html] [302 Found] [akamai/nginx] [Nginx] [8657c38f8ab51f4aa5d7a99828395839]
https://kibana.zomans.com [302] [GET] [text/html] [302 Found] [akamai/nginx] [Nginx] [a8905d3ad8323e2d8ed76f3b82dec672]
https://mfinmis.zomans.com [302] [GET] [text/html] [302 Found] [akamai/nginx] [Nginx] [6f38ae20fbf3aa583080bcac33aeb0bd]
https://mfinmis.zomans.com [302] [GET] [text/html] [302 Found] [akamai/nginx] [Nginx] [a69aa266b50d3e7680b9e52f2387780b]
https://mraph.zomans.com [302] [GET] [text/html] [302 Found] [akamai/nginx] [Nginx] [b76159edeec0030fa426624e797fc7f2]
https://mraph.zomans.com [302] [GET] [text/html] [302 Found] [akamai/nginx] [Nginx] [cc5469b3069696393f6948c3d98ec756]
https://observability.zomans.com [302] [GET] [text/html] [302 Found] [akamai/nginx] [Nginx] [2cd59d0057455455a746c2ea07b3077e]
https://observability.zomans.com [302] [GET] [text/html] [302 Found] [akamai/nginx] [Nginx] [b4a4ca4c5c299429e122d04594e13aa8]
https://ops.zomans.com [302] [GET] [text/html] [302 Found] [akamai/nginx] [Nginx] [da067814461676327d4015f3e403644d]
https://ops.zomans.com [302] [GET] [text/html] [302 Found] [akamai/nginx] [Nginx] [f291328a5568b156d01e81e7233cd8c7]
https://prodhpadmin-ext.zomans.com [302] [GET] [text/html] [302 Found] [akamai/nginx] [Nginx] [ddaebddabc707e03cedde46fa9e936e4]
https://prodhpadmin-ext.zomans.com [302] [GET] [text/html] [302 Found] [akamai/nginx] [Nginx] [e7bbcffb486f97c6aeaf056895834811]
https://prodhpadmin.zomans.com [302] [GET] [text/html] [302 Found] [akamai/nginx] [Nginx] [5b433809b612ec1102839b051e81ac0f]
https://prodhpadmin.zomans.com [302] [GET] [text/html] [302 Found] [akamai/nginx] [Nginx] [f0f07361cde7e0710740ac3a040fc1c2]
https://pwastaging.zomans.com [200] [GET] [text/html] [React App] [AmazonS3] [vhost] [cloudfront] [Amazon Cloudfront,Amazon S3,Amazon Web Services] [0f022b5df6fbc52725ef567368ffe8dd]
https://quicksilver.zomans.com [302] [GET] [text/html] [302 Found] [akamai/nginx] [Nginx] [974a50c6ec249e50a6ec1d9ea85cab15]
https://quicksilver.zomans.com [302] [GET] [text/html] [302 Found] [akamai/nginx] [Nginx] [fcf4c72bdd3f955cc2e459d3db2cb698]
https://rap-access.zomans.com [200] [GET] [text/html] [] [akamai/nginx] [AngularJS,Nginx] [03cc99ea03e8efc86bc310ac2e6309e9]
https://rap-access.zomans.com [200] [GET] [text/html] [] [akamai/nginx] [AngularJS,Nginx] [f83d46b1065acbc5e4389fb8f403d924]
https://redash.zomans.com [302] [GET] [text/html] [302 Found] [akamai/nginx] [Nginx] [0a0607c592c21c9b065504312d595b1f]
https://redash.zomans.com [302] [GET] [text/html] [302 Found] [akamai/nginx] [Nginx] [9145785ddd58fc809a57b99a73794bc8]
https://reporting-presto.zomans.com [302] [GET] [text/html] [302 Found] [akamai/nginx] [Nginx] [592623a49c3c3d71a97098b1167d3e67]
https://reporting-presto.zomans.com [302] [GET] [text/html] [302 Found] [akamai/nginx] [Nginx] [e99f7af6f071b8aadef698469b228395]
https://rstudio.zomans.com [302] [GET] [text/html] [302 Found] [akamai/nginx] [Nginx] [14495a832a218a4d67cc0cf7f155b8f7]
https://rstudio.zomans.com [302] [GET] [text/html] [302 Found] [akamai/nginx] [Nginx] [f36200f47ee5e54b80ed46ac4978f4de]
https://securitywebhook.zomans.com [200] [GET] [text/plain] [] [awselb/2.0] [vhost] [26b63f278101527e06a5547719568bb5]
https://sentryinternal.zomans.com [302] [GET] [text/html] [302 Found] [akamai/nginx] [Nginx] [2a37d6b33efeec3427ec99a62851c9a7]
https://sentryinternal.zomans.com [302] [GET] [text/html] [302 Found] [akamai/nginx] [Nginx] [7f920936adbe6844f28e98a4db39bca5]
https://sentry.zomans.com [302] [GET] [text/html] [302 Found] [akamai/nginx] [Nginx] [3f22fddc68d8cfe35647a0d2e4bbe3df]
https://sentry.zomans.com [302] [GET] [text/html] [302 Found] [akamai/nginx] [Nginx] [e11dec5d852218a7e358d868ca56ab8d]
https://sharing.zomans.com [302] [GET] [text/html] [302 Found] [akamai/nginx] [Nginx] [295e503a04acf1af2e8d97a902480693]
https://sharing.zomans.com [302] [GET] [text/html] [302 Found] [akamai/nginx] [Nginx] [8b277a1ef463658a604bba363d0d1f5b]
https://slackbot.zomans.com [403] [GET] [text/plain] [] [] [vhost] [e06d1ba70f1331e9f9a113cc2f887d3f]
https://sng-dd3.zomans.com [302] [GET] [text/html] [302 Found] [akamai/nginx] [Nginx] [203e35c0ac0d04db104b665f781f0060]
https://sng-dd3.zomans.com [302] [GET] [text/html] [302 Found] [akamai/nginx] [Nginx] [d1dd77c5665aebe55d21d0718cfabad7]
https://solro2cluster.zomans.com [302] [GET] [text/html] [302 Found] [akamai/nginx] [Nginx] [5643902c22b1dc5394be873ea2563973]
https://solro2cluster.zomans.com [302] [GET] [text/html] [302 Found] [akamai/nginx] [Nginx] [f6662fe2f90f4777ebf34775f4c95b03]
https://stag-airflow.zomans.com [302] [GET] [text/html] [302 Found] [akamai/nginx] [Nginx] [0326cfd285328bc36c114a839c73b424]
https://stag-airflow.zomans.com [302] [GET] [text/html] [302 Found] [akamai/nginx] [Nginx] [9da5eb8b9131a432950a23cf91b95c64]
https://stg-kibana.zomans.com [302] [GET] [text/html] [302 Found] [akamai/nginx] [Nginx] [7504a0eeb502b1d2957f6b6b0aca9263]
https://stg-kibana.zomans.com [302] [GET] [text/html] [302 Found] [akamai/nginx] [Nginx] [ffaf04c46708050a2791ade209a91617]
https://stream.zomans.com [403] [GET] [text/html] [403 Forbidden] [Tengine] [vhost] [Tengine] [f9fe2e9a4770fe7ef4eebdbd6385299d]
https://tableau.zomans.com [200] [GET] [text/html] [] [Tableau] [vhost] [AngularJS] [942435ca1be597d3982c9e415296579e]
https://thanos-prod.zomans.com [302] [GET] [text/html] [302 Found] [akamai/nginx] [Nginx] [88d047ac6b959ed1beb7ca21d98368fe]
https://thanos-prod.zomans.com [302] [GET] [text/html] [302 Found] [akamai/nginx] [Nginx] [fe247c10f025bcad89fc8e5906c9d275]
https://thanos.zomans.com [302] [GET] [text/html] [302 Found] [akamai/nginx] [Nginx] [79da0d87ce1a3b45b6b2cf0b1c59e1ce]
https://thanos.zomans.com [302] [GET] [text/html] [302 Found] [akamai/nginx] [Nginx] [c3ef2753c7ea3bf29f2ae393485e08c5]
https://weblate.zomans.com [302] [GET] [text/html] [302 Found] [akamai/nginx] [Nginx] [1d7a3ff88469379f5694fd206ab719ed]
https://weblate.zomans.com [302] [GET] [text/html] [302 Found] [akamai/nginx] [Nginx] [b8d3922777b3da30763bc93b9de401cb]
https://webuikit.zomans.com [302] [GET] [text/html] [302 Found] [akamai/nginx] [Nginx] [001a6a6a713c203da4724e83b59cc09b]
https://webuikit.zomans.com [302] [GET] [text/html] [302 Found] [akamai/nginx] [Nginx] [316d32e90816bb7cc7abb6734c0b4678]
https://wiki.zomans.com [302] [GET] [text/html] [302 Found] [akamai/nginx] [Nginx] [2cdb4b94f21c3a5c747d23bcde022828]
https://wiki.zomans.com [302] [GET] [text/html] [302 Found] [akamai/nginx] [Nginx] [b82b8f4eec4856ee7c874d0dd4fea379]
