http://mail.zomato.com [301] [GET] [text/html] [301 Moved] [ghs] [vhost] [237942cb7696d796dfe0bb5c5b404725]
https://148api.zomato.com [301] [GET] [text/html] [301 Moved Permanently] [envoy] [vhost] [Envoy] [7366486f637a04acb703e9af11001593]
https://accounts.zomato.com [404] [GET] [text/html] [Not Found] [envoy] [vhost] [Envoy] [1e802f830edbc4f1e9802ce40a5352c6]
https://apimail.zomato.com [404] [GET] [text/html] [404 Not Found] [nginx] [Nginx] [70461da8b94c6ca5d2fda3260c5a8c3b]
https://apimail.zomato.com [404] [GET] [text/html] [404 Not Found] [nginx] [Nginx] [8e325dc2fea7c8900fc6c4b8c6c394fe]
https://api-staging.zomato.com [301] [GET] [text/html] [301 Moved Permanently] [awselb/2.0] [vhost] [4aa7a432bb447f094408f1bd6229c605]
https://api.zomato.com [301] [GET] [text/html] [301 Moved Permanently] [envoy] [vhost] [Envoy] [11eab54d4418a0472644a127b8aeec6d]
https://auth2.zomato.com [404] [GET] [text/plain] [] [] [vhost] [595e88012a6521aae3e12cbebe76eb9e]
https://book.zomato.com [302] [GET] [text/html] [Document Moved] [ZomatoBook/2.0] [vhost] [Amazon ALB,Amazon Web Services] [e86e741d3cefb393d0368dee3822aaf2]
https://business.zomato.com [200] [GET] [text/html] [Zomato] [envoy] [vhost] [Envoy,Google Tag Manager,PHP] [2822927e7de2781264f16c36d76e7d76]
https://business.zomato.com [429] [GET] [text/html] [] [envoy] [vhost] [Envoy,PHP] [e403b9ee556b56db46eae94bf40866d8]
https://cc2.zomato.com [200] [GET] [] [] [] [vhost] [Amazon ALB,Amazon Web Services] [0b365c2ddc0c83f7b15d5194f9f0ad86]
https://ccc.zomato.com [200] [GET] [] [] [] [vhost] [0b365c2ddc0c83f7b15d5194f9f0ad86]
https://cc.zomato.com [200] [GET] [] [] [] [vhost] [Amazon ALB,Amazon Web Services] [0b365c2ddc0c83f7b15d5194f9f0ad86]
https://cert2.zomato.com [200] [GET] [application/json] [] [AmazonS3] [vhost] [cloudfront] [Amazon Cloudfront,Amazon S3,Amazon Web Services] [78a509ae949a7f4982c0d8cd3de94972]
https://cert3.zomato.com [200] [GET] [application/json] [] [AmazonS3] [vhost] [cloudfront] [Amazon Cloudfront,Amazon S3,Amazon Web Services] [78a509ae949a7f4982c0d8cd3de94972]
https://chat.zomato.com [503] [GET] [text/html] [503 Service Temporarily Unavailable] [awselb/2.0] [vhost] [613f79233487af685baf4b32a2397ede]
https://chat.zomato.com [503] [GET] [text/html] [503 Service Temporarily Unavailable] [awselb/2.0] [vhost] [81df4d3863debf3eceb5cf84251fd472]
https://culture.zomato.com [301] [GET] [text/html] [301 Moved Permanently] [awselb/2.0] [vhost] [4aa7a432bb447f094408f1bd6229c605]
https://developers.zomato.com [302] [GET] [text/html] [Zomato Developers] [envoy] [vhost] [Envoy,Google Tag Manager,PHP] [70e6a5a3c002c2cb82e2112d5697e72f]
https://developers.zomato.com [302] [GET] [text/html] [Zomato Developers] [envoy] [vhost] [Envoy,Google Tag Manager,PHP] [aa1141f2d5a74338f3270e03fea7a2c6]
https://engineering.zomato.com [301] [GET] [text/html] [301 Moved Permanently] [awselb/2.0] [vhost] [4aa7a432bb447f094408f1bd6229c605]
https://hyperlocal.zomato.com [503] [GET] [text/html] [503 Service Temporarily Unavailable] [awselb/2.0] [vhost] [613f79233487af685baf4b32a2397ede]
https://jumbo.zomato.com [404] [GET] [text/plain] [] [] [vhost] [d41d8cd98f00b204e9800998ecf8427e]
https://link.zomato.com [404] [GET] [text/plain] [] [openresty/1.21.4.1] [Nginx,OpenResty:1.21.4.1] [a9b24901fc28dc8d21a1bba23679731c]
https://maps.zomato.com [403] [GET] [text/html] [403 Forbidden] [Apache] [vhost] [Apache] [0152ed695f4291488741d98ba066d280]
https://mobile.zomato.com [301] [GET] [] [] [AkamaiGHost] [vhost] [d41d8cd98f00b204e9800998ecf8427e]
https://mum.zomato.com [200] [GET] [text/plain] [] [] [vhost] [e0aa021e21dddbd6d8cecec71e9cf564]
https://m.zomato.com [301] [GET] [] [] [AkamaiGHost] [vhost] [d41d8cd98f00b204e9800998ecf8427e]
https://payments-preprod.zomato.com [301] [GET] [text/html] [] [Not Akamai] [vhost] [d41d8cd98f00b204e9800998ecf8427e]
https://pwa.zomato.com [200] [GET] [text/html] [React App] [AmazonS3] [vhost] [Amazon Cloudfront,Amazon S3,Amazon Web Services] [8ebe2845878e168036a3d3da89e96046]
https://reviews.zomato.com [503] [GET] [text/html] [503 Service Temporarily Unavailable] [awselb/2.0] [vhost] [613f79233487af685baf4b32a2397ede]
https://reviews.zomato.com [503] [GET] [text/html] [503 Service Temporarily Unavailable] [awselb/2.0] [vhost] [81df4d3863debf3eceb5cf84251fd472]
https://secretx.zomato.com [302] [GET] [text/html] [Redirecting...] [envoy] [vhost] [Envoy] [f37c414d17dc69b3dfbbc1d679409091]
https://sentry.zomato.com [403] [GET] [text/plain] [] [awselb/2.0] [vhost] [e06d1ba70f1331e9f9a113cc2f887d3f]
https://techblog.zomato.com [301] [GET] [text/html] [] [nginx] [Nginx] [d41d8cd98f00b204e9800998ecf8427e]
https://trackemail2.zomato.com [404] [GET] [text/html] [404 Not Found] [nginx] [Nginx] [70461da8b94c6ca5d2fda3260c5a8c3b]
https://trackemail.zomato.com [404] [GET] [text/html] [404 Not Found] [nginx] [Nginx] [70461da8b94c6ca5d2fda3260c5a8c3b]
https://trackemail.zomato.com [404] [GET] [text/html] [404 Not Found] [nginx] [Nginx] [8e325dc2fea7c8900fc6c4b8c6c394fe]
https://upload.zomato.com [404] [GET] [text/plain] [] [] [vhost] [595e88012a6521aae3e12cbebe76eb9e]
https://webuikit.zomato.com [200] [GET] [text/html] [Zomato] [envoy] [vhost] [Envoy,Google Tag Manager,PHP] [47fc0de6776590dbb2470314e70f6603]
https://webuikit.zomato.com [200] [GET] [text/html] [Zomato] [envoy] [vhost] [Envoy,Google Tag Manager,PHP] [d772a2a8b2c1e7f9f88ae1a79d0f3516]
https://winecellar.zomato.com [403] [GET] [text/html] [] [] [vhost] [4ecc0d90eec1cea3e9db96583a1bb9c2]
https://ws-callcenter.zomato.com [200] [GET] [] [] [] [vhost] [0b365c2ddc0c83f7b15d5194f9f0ad86]
https://ws-content.zomato.com [200] [GET] [] [] [] [vhost] [Express,Node.js] [e5abe3768bea4051b3f92f633b5f1482]
https://ws-logistics.zomato.com [200] [GET] [] [] [] [vhost] [3647b7a0f978a5c65905f19865b16582]
https://www.techblog.zomato.com [301] [GET] [text/html] [301 Moved Permanently] [nginx] [vhost] [Nginx] [4f8e702cc244ec5d4de32740c0ecbd97]
https://zomato.com [301] [GET] [text/html] [301 Moved Permanently] [awselb/2.0] [vhost] [4aa7a432bb447f094408f1bd6229c605]
https://zpay.zomato.com [301] [GET] [text/html] [] [Not Akamai] [vhost] [d41d8cd98f00b204e9800998ecf8427e]
https://zwstatic.zomato.com [200] [GET] [application/xml] [] [AmazonS3] [vhost] [Amazon Cloudfront,Amazon S3,Amazon Web Services] [71b52ef6a63c4f86188e668c6878dfaa]
