[amqp] berush.com:5672
[amqp] w.berush.com:5672
[amqp] ww.berush.com:5672
[amqp] www.berush.com:5672
[] berush.com:9530
[] cf.berush.com:8988
[ctf] 01-fizz-buzz.berush.com:84
[ctf] 060-class-as-a-module.berush.com:84
[ctf] 10-semtix-server.berush.com:84
[ctf] 120-32-1.berush.com:84
[ctf] 2016-04-20-androidtestexample.berush.com:84
[ctf] 39m.berush.com:84
[ctf] 8d-local.berush.com:84
[ctf] account.berush.com:84
[ctf] aeskulab.berush.com:84
[ctf] agentmodel.berush.com:84
[ctf] ampcentral-cvsroot.berush.com:84
[ctf] apd4wubk3ei0psiwrz82w74sux8weyq4.berush.com:84
[ctf] api.berush.com:84
[ctf] apieu.berush.com:84
[ctf] apiv1.berush.com:84
[ctf] au2file.berush.com:84
[ctf] azurehelloworld.berush.com:84
[ctf] bandcampy.berush.com:84
[ctf] basiccompose.berush.com:84
[ctf] bbboutique.berush.com:84
[ctf] benchtop.berush.com:84
[ctf] berush.com:84
[ctf] beta.berush.com:84
[ctf] beta.mall.berush.com:84
[ctf] bnpparibas.berush.com:84
[ctf] boardadd.berush.com:84
[ctf] button-cropped.berush.com:84
[ctf] cbraille.berush.com:84
[ctf] cf.berush.com:84
[ctf] cf-lax1.berush.com:84
[ctf] common-graphics.berush.com:84
[ctf] content-exposition.berush.com:84
[ctf] converttored.berush.com:84
[ctf] correlatedvariants.berush.com:84
[ctf] ctmirror.berush.com:84
[ctf] cubesatreleaseconcept.berush.com:84
[ctf] cusmanhofex01.cu.berush.com:84
[ctf] dao-repository.berush.com:84
[ctf] datamash.berush.com:84
[ctf] decoderserial.berush.com:84
[ctf] demoopencart.berush.com:84
[ctf] depject.berush.com:84
[ctf] deploy-virtualmachine.berush.com:84
[ctf] device2763935-f647228d-local.berush.com:84
[ctf] domrob-ote.berush.com:84
[ctf] editor-webapp.berush.com:84
[ctf] educationandtraining.berush.com:84
[ctf] egoterm.berush.com:84
[ctf] emplymnt.berush.com:84
[ctf] en-im.berush.com:84
[ctf] errorcorrection.berush.com:84
[ctf] evaluation-web.berush.com:84
[ctf] face-eng.berush.com:84
[ctf] fastqlib.berush.com:84
[ctf] fdroidgit.berush.com:84
[ctf] filamentbot.berush.com:84
[ctf] generic-schematic-elements.berush.com:84
[ctf] getmime.berush.com:84
[ctf] hakbins.berush.com:84
[ctf] halma.berush.com:84
[ctf] hard6.berush.com:84
[ctf] haveapi-fs.berush.com:84
[ctf] hidestackoverflowdeletedanswers.berush.com:84
[ctf] i2cdetect.berush.com:84
[ctf] iapproductinfo.berush.com:84
[ctf] inductionapplet.berush.com:84
[ctf] instalarapachephpmysql.berush.com:84
[ctf] interactiveplot.berush.com:84
[ctf] keymochitests.berush.com:84
[ctf] langfile.berush.com:84
[ctf] loaddatacustomers.berush.com:84
[ctf] lpviewanimation.berush.com:84
[ctf] mail.gladiolus.gladiolus-web10755.berush.berush.com:84
[ctf] manageronly.berush.com:84
[ctf] media1.berush.com:84
[ctf] media.berush.com:84
[ctf] media-net.berush.com:84
[ctf] memwild.berush.com:84
[ctf] mysql04.kaplast.berush.com:84
[ctf] netsgiro.berush.com:84
[ctf] networkled.berush.com:84
[ctf] nightly-2015-05-18.berush.com:84
[ctf] novacast.berush.com:84
[ctf] nyxnyx.berush.com:84
[ctf] opensoc-indexing.berush.com:84
[ctf] page-pipe.berush.com:84
[ctf] phystricksmantisse.berush.com:84
[ctf] pimp.berush.com:84
[ctf] pm.berush.com:84
[ctf] polytexnic.berush.com:84
[ctf] privwww.berush.com:84
[ctf] readmeattachments.berush.com:84
[ctf] ru.berush.com:84
[ctf] running8.berush.com:84
[ctf] saveputtywinscp.berush.com:84
[ctf] seasalt.berush.com:84
[ctf] service255-amy-l-applebaum.berush.com:84
[ctf] sqlshell.berush.com:84
[ctf] src2.berush.com:84
[ctf] stage-120-passed.berush.com:84
[ctf] static.berush.com:84
[ctf] svgsupport.berush.com:84
[ctf] swagger-account.berush.com:84
[ctf] t6.berush.com:84
[ctf] tahosting.berush.com:84
[ctf] teaser.berush.com:84
[ctf] tei2docx-fn.berush.com:84
[ctf] terminal-visualizer.berush.com:84
[ctf] tesora-dve-install-community.berush.com:84
[ctf] test.berush.com:84
[ctf] test-b-portal.berush.com:84
[ctf] touchpadhandler.berush.com:84
[ctf] uk-secure.berush.com:84
[ctf] unauthorized.berush.com:84
[ctf] vcrurlconnectiontests.berush.com:84
[ctf] w.berush.com:84
[ctf] wilmgpvpn.berush.com:84
[ctf] ww.berush.com:84
[ctf] www.berush.com:84
[ctf] wwwlax.berush.com:84
[ctf] xecryption-decrypt.berush.com:84
[ctf] xmodmapvim.berush.com:84
[ctf] xrx3o8ervp8nzoxacdbpqmvqtiinmk9v.berush.com:84
[dn6-nlm-aud] 01-fizz-buzz.berush.com:195
[dn6-nlm-aud] 060-class-as-a-module.berush.com:195
[dn6-nlm-aud] 10-semtix-server.berush.com:195
[dn6-nlm-aud] 120-32-1.berush.com:195
[dn6-nlm-aud] 2016-04-20-androidtestexample.berush.com:195
[dn6-nlm-aud] 39m.berush.com:195
[dn6-nlm-aud] 8d-local.berush.com:195
[dn6-nlm-aud] account.berush.com:195
[dn6-nlm-aud] aeskulab.berush.com:195
[dn6-nlm-aud] agentmodel.berush.com:195
[dn6-nlm-aud] ampcentral-cvsroot.berush.com:195
[dn6-nlm-aud] apd4wubk3ei0psiwrz82w74sux8weyq4.berush.com:195
[dn6-nlm-aud] api.berush.com:195
[dn6-nlm-aud] apieu.berush.com:195
[dn6-nlm-aud] apiv1.berush.com:195
[dn6-nlm-aud] au2file.berush.com:195
[dn6-nlm-aud] azurehelloworld.berush.com:195
[dn6-nlm-aud] bandcampy.berush.com:195
[dn6-nlm-aud] basiccompose.berush.com:195
[dn6-nlm-aud] bbboutique.berush.com:195
[dn6-nlm-aud] benchtop.berush.com:195
[dn6-nlm-aud] berush.com:195
[dn6-nlm-aud] beta.berush.com:195
[dn6-nlm-aud] beta.mall.berush.com:195
[dn6-nlm-aud] bnpparibas.berush.com:195
[dn6-nlm-aud] boardadd.berush.com:195
[dn6-nlm-aud] button-cropped.berush.com:195
[dn6-nlm-aud] cbraille.berush.com:195
[dn6-nlm-aud] cf-lax1.berush.com:195
[dn6-nlm-aud] common-graphics.berush.com:195
[dn6-nlm-aud] content-exposition.berush.com:195
[dn6-nlm-aud] converttored.berush.com:195
[dn6-nlm-aud] correlatedvariants.berush.com:195
[dn6-nlm-aud] ctmirror.berush.com:195
[dn6-nlm-aud] cubesatreleaseconcept.berush.com:195
[dn6-nlm-aud] cusmanhofex01.cu.berush.com:195
[dn6-nlm-aud] dao-repository.berush.com:195
[dn6-nlm-aud] datamash.berush.com:195
[dn6-nlm-aud] decoderserial.berush.com:195
[dn6-nlm-aud] demoopencart.berush.com:195
[dn6-nlm-aud] depject.berush.com:195
[dn6-nlm-aud] deploy-virtualmachine.berush.com:195
[dn6-nlm-aud] device2763935-f647228d-local.berush.com:195
[dn6-nlm-aud] domrob-ote.berush.com:195
[dn6-nlm-aud] editor-webapp.berush.com:195
[dn6-nlm-aud] educationandtraining.berush.com:195
[dn6-nlm-aud] egoterm.berush.com:195
[dn6-nlm-aud] emplymnt.berush.com:195
[dn6-nlm-aud] en-im.berush.com:195
[dn6-nlm-aud] errorcorrection.berush.com:195
[dn6-nlm-aud] evaluation-web.berush.com:195
[dn6-nlm-aud] face-eng.berush.com:195
[dn6-nlm-aud] fastqlib.berush.com:195
[dn6-nlm-aud] fdroidgit.berush.com:195
[dn6-nlm-aud] filamentbot.berush.com:195
[dn6-nlm-aud] generic-schematic-elements.berush.com:195
[dn6-nlm-aud] getmime.berush.com:195
[dn6-nlm-aud] hakbins.berush.com:195
[dn6-nlm-aud] halma.berush.com:195
[dn6-nlm-aud] hard6.berush.com:195
[dn6-nlm-aud] haveapi-fs.berush.com:195
[dn6-nlm-aud] hidestackoverflowdeletedanswers.berush.com:195
[dn6-nlm-aud] i2cdetect.berush.com:195
[dn6-nlm-aud] iapproductinfo.berush.com:195
[dn6-nlm-aud] inductionapplet.berush.com:195
[dn6-nlm-aud] instalarapachephpmysql.berush.com:195
[dn6-nlm-aud] interactiveplot.berush.com:195
[dn6-nlm-aud] keymochitests.berush.com:195
[dn6-nlm-aud] langfile.berush.com:195
[dn6-nlm-aud] loaddatacustomers.berush.com:195
[dn6-nlm-aud] lpviewanimation.berush.com:195
[dn6-nlm-aud] mail.gladiolus.gladiolus-web10755.berush.berush.com:195
[dn6-nlm-aud] manageronly.berush.com:195
[dn6-nlm-aud] media1.berush.com:195
[dn6-nlm-aud] media.berush.com:195
[dn6-nlm-aud] media-net.berush.com:195
[dn6-nlm-aud] memwild.berush.com:195
[dn6-nlm-aud] mysql04.kaplast.berush.com:195
[dn6-nlm-aud] netsgiro.berush.com:195
[dn6-nlm-aud] networkled.berush.com:195
[dn6-nlm-aud] nightly-2015-05-18.berush.com:195
[dn6-nlm-aud] novacast.berush.com:195
[dn6-nlm-aud] nyxnyx.berush.com:195
[dn6-nlm-aud] opensoc-indexing.berush.com:195
[dn6-nlm-aud] page-pipe.berush.com:195
[dn6-nlm-aud] phystricksmantisse.berush.com:195
[dn6-nlm-aud] pimp.berush.com:195
[dn6-nlm-aud] pm.berush.com:195
[dn6-nlm-aud] polytexnic.berush.com:195
[dn6-nlm-aud] privwww.berush.com:195
[dn6-nlm-aud] readmeattachments.berush.com:195
[dn6-nlm-aud] ru.berush.com:195
[dn6-nlm-aud] running8.berush.com:195
[dn6-nlm-aud] saveputtywinscp.berush.com:195
[dn6-nlm-aud] seasalt.berush.com:195
[dn6-nlm-aud] service255-amy-l-applebaum.berush.com:195
[dn6-nlm-aud] sqlshell.berush.com:195
[dn6-nlm-aud] src2.berush.com:195
[dn6-nlm-aud] stage-120-passed.berush.com:195
[dn6-nlm-aud] static.berush.com:195
[dn6-nlm-aud] svgsupport.berush.com:195
[dn6-nlm-aud] swagger-account.berush.com:195
[dn6-nlm-aud] t6.berush.com:195
[dn6-nlm-aud] tahosting.berush.com:195
[dn6-nlm-aud] teaser.berush.com:195
[dn6-nlm-aud] tei2docx-fn.berush.com:195
[dn6-nlm-aud] terminal-visualizer.berush.com:195
[dn6-nlm-aud] tesora-dve-install-community.berush.com:195
[dn6-nlm-aud] test.berush.com:195
[dn6-nlm-aud] test-b-portal.berush.com:195
[dn6-nlm-aud] touchpadhandler.berush.com:195
[dn6-nlm-aud] uk-secure.berush.com:195
[dn6-nlm-aud] unauthorized.berush.com:195
[dn6-nlm-aud] vcrurlconnectiontests.berush.com:195
[dn6-nlm-aud] w.berush.com:195
[dn6-nlm-aud] wilmgpvpn.berush.com:195
[dn6-nlm-aud] ww.berush.com:195
[dn6-nlm-aud] www.berush.com:195
[dn6-nlm-aud] wwwlax.berush.com:195
[dn6-nlm-aud] xecryption-decrypt.berush.com:195
[dn6-nlm-aud] xmodmapvim.berush.com:195
[dn6-nlm-aud] xrx3o8ervp8nzoxacdbpqmvqtiinmk9v.berush.com:195
[dnp] 01-fizz-buzz.berush.com:20000
[dnp] 060-class-as-a-module.berush.com:20000
[dnp] 10-semtix-server.berush.com:20000
[dnp] 120-32-1.berush.com:20000
[dnp] 2016-04-20-androidtestexample.berush.com:20000
[dnp] 39m.berush.com:20000
[dnp] 8d-local.berush.com:20000
[dnp] account.berush.com:20000
[dnp] aeskulab.berush.com:20000
[dnp] agentmodel.berush.com:20000
[dnp] ampcentral-cvsroot.berush.com:20000
[dnp] apd4wubk3ei0psiwrz82w74sux8weyq4.berush.com:20000
[dnp] api.berush.com:20000
[dnp] apieu.berush.com:20000
[dnp] apiv1.berush.com:20000
[dnp] au2file.berush.com:20000
[dnp] azurehelloworld.berush.com:20000
[dnp] bandcampy.berush.com:20000
[dnp] basiccompose.berush.com:20000
[dnp] bbboutique.berush.com:20000
[dnp] benchtop.berush.com:20000
[dnp] berush.com:20000
[dnp] beta.berush.com:20000
[dnp] beta.mall.berush.com:20000
[dnp] bnpparibas.berush.com:20000
[dnp] boardadd.berush.com:20000
[dnp] button-cropped.berush.com:20000
[dnp] cbraille.berush.com:20000
[dnp] cf.berush.com:20000
[dnp] cf-lax1.berush.com:20000
[dnp] common-graphics.berush.com:20000
[dnp] content-exposition.berush.com:20000
[dnp] converttored.berush.com:20000
[dnp] correlatedvariants.berush.com:20000
[dnp] ctmirror.berush.com:20000
[dnp] cubesatreleaseconcept.berush.com:20000
[dnp] cusmanhofex01.cu.berush.com:20000
[dnp] dao-repository.berush.com:20000
[dnp] datamash.berush.com:20000
[dnp] decoderserial.berush.com:20000
[dnp] demoopencart.berush.com:20000
[dnp] depject.berush.com:20000
[dnp] deploy-virtualmachine.berush.com:20000
[dnp] device2763935-f647228d-local.berush.com:20000
[dnp] domrob-ote.berush.com:20000
[dnp] editor-webapp.berush.com:20000
[dnp] educationandtraining.berush.com:20000
[dnp] egoterm.berush.com:20000
[dnp] emplymnt.berush.com:20000
[dnp] en-im.berush.com:20000
[dnp] errorcorrection.berush.com:20000
[dnp] evaluation-web.berush.com:20000
[dnp] face-eng.berush.com:20000
[dnp] fastqlib.berush.com:20000
[dnp] fdroidgit.berush.com:20000
[dnp] filamentbot.berush.com:20000
[dnp] generic-schematic-elements.berush.com:20000
[dnp] getmime.berush.com:20000
[dnp] hakbins.berush.com:20000
[dnp] halma.berush.com:20000
[dnp] hard6.berush.com:20000
[dnp] haveapi-fs.berush.com:20000
[dnp] hidestackoverflowdeletedanswers.berush.com:20000
[dnp] i2cdetect.berush.com:20000
[dnp] iapproductinfo.berush.com:20000
[dnp] inductionapplet.berush.com:20000
[dnp] instalarapachephpmysql.berush.com:20000
[dnp] interactiveplot.berush.com:20000
[dnp] keymochitests.berush.com:20000
[dnp] langfile.berush.com:20000
[dnp] loaddatacustomers.berush.com:20000
[dnp] lpviewanimation.berush.com:20000
[dnp] mail.gladiolus.gladiolus-web10755.berush.berush.com:20000
[dnp] manageronly.berush.com:20000
[dnp] media1.berush.com:20000
[dnp] media.berush.com:20000
[dnp] media-net.berush.com:20000
[dnp] memwild.berush.com:20000
[dnp] mysql04.kaplast.berush.com:20000
[dnp] netsgiro.berush.com:20000
[dnp] networkled.berush.com:20000
[dnp] nightly-2015-05-18.berush.com:20000
[dnp] novacast.berush.com:20000
[dnp] nyxnyx.berush.com:20000
[dnp] opensoc-indexing.berush.com:20000
[dnp] page-pipe.berush.com:20000
[dnp] phystricksmantisse.berush.com:20000
[dnp] pimp.berush.com:20000
[dnp] pm.berush.com:20000
[dnp] polytexnic.berush.com:20000
[dnp] privwww.berush.com:20000
[dnp] readmeattachments.berush.com:20000
[dnp] ru.berush.com:20000
[dnp] running8.berush.com:20000
[dnp] saveputtywinscp.berush.com:20000
[dnp] seasalt.berush.com:20000
[dnp] service255-amy-l-applebaum.berush.com:20000
[dnp] sqlshell.berush.com:20000
[dnp] src2.berush.com:20000
[dnp] stage-120-passed.berush.com:20000
[dnp] static.berush.com:20000
[dnp] svgsupport.berush.com:20000
[dnp] swagger-account.berush.com:20000
[dnp] t6.berush.com:20000
[dnp] tahosting.berush.com:20000
[dnp] teaser.berush.com:20000
[dnp] tei2docx-fn.berush.com:20000
[dnp] terminal-visualizer.berush.com:20000
[dnp] tesora-dve-install-community.berush.com:20000
[dnp] test.berush.com:20000
[dnp] test-b-portal.berush.com:20000
[dnp] touchpadhandler.berush.com:20000
[dnp] uk-secure.berush.com:20000
[dnp] unauthorized.berush.com:20000
[dnp] vcrurlconnectiontests.berush.com:20000
[dnp] w.berush.com:20000
[dnp] wilmgpvpn.berush.com:20000
[dnp] ww.berush.com:20000
[dnp] www.berush.com:20000
[dnp] wwwlax.berush.com:20000
[dnp] xecryption-decrypt.berush.com:20000
[dnp] xmodmapvim.berush.com:20000
[dnp] xrx3o8ervp8nzoxacdbpqmvqtiinmk9v.berush.com:20000
[d-s-n] berush.com:8086
[d-s-n] w.berush.com:8086
[d-s-n] ww.berush.com:8086
[d-s-n] www.berush.com:8086
[ff-annunc] cf.berush.com:1089
[globalcatLDAPssl] berush.com:3269
[globalcatLDAPssl] w.berush.com:3269
[globalcatLDAPssl] ww.berush.com:3269
[globalcatLDAPssl] www.berush.com:3269
[http] 01-fizz-buzz.berush.com:80
[http] 060-class-as-a-module.berush.com:80
[http] 10-semtix-server.berush.com:80
[http] 120-32-1.berush.com:80
[http] 2016-04-20-androidtestexample.berush.com:80
[http] 39m.berush.com:80
[http] 8d-local.berush.com:80
[http] account.berush.com:80
[http] aeskulab.berush.com:80
[http] agentmodel.berush.com:80
[http] ampcentral-cvsroot.berush.com:80
[http] apd4wubk3ei0psiwrz82w74sux8weyq4.berush.com:80
[http] api.berush.com:80
[http] apieu.berush.com:80
[http] apiv1.berush.com:80
[http] au2file.berush.com:80
[http] azurehelloworld.berush.com:80
[http] bandcampy.berush.com:80
[http] basiccompose.berush.com:80
[http] bbboutique.berush.com:80
[http] benchtop.berush.com:80
[http] berush.com:80
[http] beta.berush.com:80
[http] beta.mall.berush.com:80
[http] bnpparibas.berush.com:80
[http] boardadd.berush.com:80
[http] button-cropped.berush.com:80
[http] cbraille.berush.com:80
[http] cf.berush.com:80
[http] cf-lax1.berush.com:80
[http] common-graphics.berush.com:80
[http] content-exposition.berush.com:80
[http] converttored.berush.com:80
[http] correlatedvariants.berush.com:80
[http] ctmirror.berush.com:80
[http] cubesatreleaseconcept.berush.com:80
[http] cusmanhofex01.cu.berush.com:80
[http] dao-repository.berush.com:80
[http] datamash.berush.com:80
[http] decoderserial.berush.com:80
[http] demoopencart.berush.com:80
[http] depject.berush.com:80
[http] deploy-virtualmachine.berush.com:80
[http] device2763935-f647228d-local.berush.com:80
[http] domrob-ote.berush.com:80
[http] editor-webapp.berush.com:80
[http] educationandtraining.berush.com:80
[http] egoterm.berush.com:80
[http] emplymnt.berush.com:80
[http] en-im.berush.com:80
[http] errorcorrection.berush.com:80
[http] evaluation-web.berush.com:80
[http] face-eng.berush.com:80
[http] fastqlib.berush.com:80
[http] fdroidgit.berush.com:80
[http] filamentbot.berush.com:80
[http] generic-schematic-elements.berush.com:80
[http] getmime.berush.com:80
[http] hakbins.berush.com:80
[http] halma.berush.com:80
[http] hard6.berush.com:80
[http] haveapi-fs.berush.com:80
[http] hidestackoverflowdeletedanswers.berush.com:80
[http] i2cdetect.berush.com:80
[http] iapproductinfo.berush.com:80
[http] inductionapplet.berush.com:80
[http] instalarapachephpmysql.berush.com:80
[http] interactiveplot.berush.com:80
[http] keymochitests.berush.com:80
[http] langfile.berush.com:80
[http] loaddatacustomers.berush.com:80
[http] lpviewanimation.berush.com:80
[http] mail.berush.com:80
[http] mail.gladiolus.gladiolus-web10755.berush.berush.com:80
[http] manageronly.berush.com:80
[http] media1.berush.com:80
[http] media.berush.com:80
[http] media-net.berush.com:80
[http] memwild.berush.com:80
[http] mysql04.kaplast.berush.com:80
[http] netsgiro.berush.com:80
[http] networkled.berush.com:80
[http] nightly-2015-05-18.berush.com:80
[http] novacast.berush.com:80
[http] nyxnyx.berush.com:80
[http] opensoc-indexing.berush.com:80
[http] page-pipe.berush.com:80
[http] phystricksmantisse.berush.com:80
[http] pimp.berush.com:80
[http] pm.berush.com:80
[http] polytexnic.berush.com:80
[http] privwww.berush.com:80
[http-proxy] berush.com:8080
[http-proxy] w.berush.com:8080
[http-proxy] ww.berush.com:8080
[http-proxy] www.berush.com:8080
[http] readmeattachments.berush.com:80
[http] ru.berush.com:80
[http] running8.berush.com:80
[https-alt] api.berush.com:8443
[https-alt] cf.berush.com:8443
[https-alt] pm.berush.com:8443
[https-alt] www.berush.com:8443
[http] saveputtywinscp.berush.com:80
[https] berush.com:443
[http] seasalt.berush.com:80
[http] service255-amy-l-applebaum.berush.com:80
[https] mail.berush.com:443
[http] sqlshell.berush.com:80
[http] src2.berush.com:80
[http] stage-120-passed.berush.com:80
[http] static.berush.com:80
[http] svgsupport.berush.com:80
[http] swagger-account.berush.com:80
[https] w.berush.com:443
[https] ww.berush.com:443
[https] www.berush.com:443
[http] t6.berush.com:80
[http] tahosting.berush.com:80
[http] teaser.berush.com:80
[http] tei2docx-fn.berush.com:80
[http] terminal-visualizer.berush.com:80
[http] tesora-dve-install-community.berush.com:80
[http] test.berush.com:80
[http] test-b-portal.berush.com:80
[http] touchpadhandler.berush.com:80
[http] uk-secure.berush.com:80
[http] unauthorized.berush.com:80
[http] vcrurlconnectiontests.berush.com:80
[http] w.berush.com:80
[http] wilmgpvpn.berush.com:80
[http] ww.berush.com:80
[http] www.berush.com:80
[http] wwwlax.berush.com:80
[http] xecryption-decrypt.berush.com:80
[http] xmodmapvim.berush.com:80
[http] xrx3o8ervp8nzoxacdbpqmvqtiinmk9v.berush.com:80
[ies-lm] cf.berush.com:1443
[imap] 01-fizz-buzz.berush.com:143
[imap] 060-class-as-a-module.berush.com:143
[imap] 10-semtix-server.berush.com:143
[imap] 120-32-1.berush.com:143
[imap] 2016-04-20-androidtestexample.berush.com:143
[imap] 39m.berush.com:143
[imap] 8d-local.berush.com:143
[imap] account.berush.com:143
[imap] aeskulab.berush.com:143
[imap] agentmodel.berush.com:143
[imap] ampcentral-cvsroot.berush.com:143
[imap] apd4wubk3ei0psiwrz82w74sux8weyq4.berush.com:143
[imap] api.berush.com:143
[imap] apieu.berush.com:143
[imap] apiv1.berush.com:143
[imap] au2file.berush.com:143
[imap] azurehelloworld.berush.com:143
[imap] bandcampy.berush.com:143
[imap] basiccompose.berush.com:143
[imap] bbboutique.berush.com:143
[imap] benchtop.berush.com:143
[imap] berush.com:143
[imap] beta.berush.com:143
[imap] beta.mall.berush.com:143
[imap] bnpparibas.berush.com:143
[imap] boardadd.berush.com:143
[imap] button-cropped.berush.com:143
[imap] cbraille.berush.com:143
[imap] cf.berush.com:143
[imap] cf-lax1.berush.com:143
[imap] common-graphics.berush.com:143
[imap] content-exposition.berush.com:143
[imap] converttored.berush.com:143
[imap] correlatedvariants.berush.com:143
[imap] ctmirror.berush.com:143
[imap] cubesatreleaseconcept.berush.com:143
[imap] cusmanhofex01.cu.berush.com:143
[imap] dao-repository.berush.com:143
[imap] datamash.berush.com:143
[imap] decoderserial.berush.com:143
[imap] demoopencart.berush.com:143
[imap] depject.berush.com:143
[imap] deploy-virtualmachine.berush.com:143
[imap] device2763935-f647228d-local.berush.com:143
[imap] domrob-ote.berush.com:143
[imap] editor-webapp.berush.com:143
[imap] educationandtraining.berush.com:143
[imap] egoterm.berush.com:143
[imap] emplymnt.berush.com:143
[imap] en-im.berush.com:143
[imap] errorcorrection.berush.com:143
[imap] evaluation-web.berush.com:143
[imap] face-eng.berush.com:143
[imap] fastqlib.berush.com:143
[imap] fdroidgit.berush.com:143
[imap] filamentbot.berush.com:143
[imap] generic-schematic-elements.berush.com:143
[imap] getmime.berush.com:143
[imap] hakbins.berush.com:143
[imap] halma.berush.com:143
[imap] hard6.berush.com:143
[imap] haveapi-fs.berush.com:143
[imap] hidestackoverflowdeletedanswers.berush.com:143
[imap] i2cdetect.berush.com:143
[imap] iapproductinfo.berush.com:143
[imap] inductionapplet.berush.com:143
[imap] instalarapachephpmysql.berush.com:143
[imap] interactiveplot.berush.com:143
[imap] keymochitests.berush.com:143
[imap] langfile.berush.com:143
[imap] loaddatacustomers.berush.com:143
[imap] lpviewanimation.berush.com:143
[imap] mail.gladiolus.gladiolus-web10755.berush.berush.com:143
[imap] manageronly.berush.com:143
[imap] media1.berush.com:143
[imap] media.berush.com:143
[imap] media-net.berush.com:143
[imap] memwild.berush.com:143
[imap] mysql04.kaplast.berush.com:143
[imap] netsgiro.berush.com:143
[imap] networkled.berush.com:143
[imap] nightly-2015-05-18.berush.com:143
[imap] novacast.berush.com:143
[imap] nyxnyx.berush.com:143
[imap] opensoc-indexing.berush.com:143
[imap] page-pipe.berush.com:143
[imap] phystricksmantisse.berush.com:143
[imap] pimp.berush.com:143
[imap] pm.berush.com:143
[imap] polytexnic.berush.com:143
[imap] privwww.berush.com:143
[imap] readmeattachments.berush.com:143
[imap] ru.berush.com:143
[imap] running8.berush.com:143
[imap] saveputtywinscp.berush.com:143
[imaps] berush.com:993
[imap] seasalt.berush.com:143
[imap] service255-amy-l-applebaum.berush.com:143
[imap] sqlshell.berush.com:143
[imap] src2.berush.com:143
[imap] stage-120-passed.berush.com:143
[imap] static.berush.com:143
[imap] svgsupport.berush.com:143
[imap] swagger-account.berush.com:143
[imaps] w.berush.com:993
[imaps] ww.berush.com:993
[imaps] www.berush.com:993
[imap] t6.berush.com:143
[imap] tahosting.berush.com:143
[imap] teaser.berush.com:143
[imap] tei2docx-fn.berush.com:143
[imap] terminal-visualizer.berush.com:143
[imap] tesora-dve-install-community.berush.com:143
[imap] test.berush.com:143
[imap] test-b-portal.berush.com:143
[imap] touchpadhandler.berush.com:143
[imap] uk-secure.berush.com:143
[imap] unauthorized.berush.com:143
[imap] vcrurlconnectiontests.berush.com:143
[imap] w.berush.com:143
[imap] wilmgpvpn.berush.com:143
[imap] ww.berush.com:143
[imap] www.berush.com:143
[imap] wwwlax.berush.com:143
[imap] xecryption-decrypt.berush.com:143
[imap] xmodmapvim.berush.com:143
[imap] xrx3o8ervp8nzoxacdbpqmvqtiinmk9v.berush.com:143
[jetdirect] berush.com:9100
[jetdirect] w.berush.com:9100
[jetdirect] ww.berush.com:9100
[jetdirect] www.berush.com:9100
[ldap] cf.berush.com:389
[ldapssl] berush.com:636
[ldapssl] w.berush.com:636
[ldapssl] ww.berush.com:636
[ldapssl] www.berush.com:636
[memcache] berush.com:11211
[memcache] w.berush.com:11211
[memcache] ww.berush.com:11211
[memcache] www.berush.com:11211
[micromuse-ncpw] berush.com:9600
[micromuse-ncpw] w.berush.com:9600
[micromuse-ncpw] ww.berush.com:9600
[micromuse-ncpw] www.berush.com:9600
[mit-ml-dev] berush.com:83
[mit-ml-dev] w.berush.com:83
[mit-ml-dev] ww.berush.com:83
[mit-ml-dev] www.berush.com:83
[mqtt] berush.com:1883
[mqtt] w.berush.com:1883
[mqtt] ww.berush.com:1883
[mqtt] www.berush.com:1883
[ncd-conf] cf.berush.com:5999
[nntp] 01-fizz-buzz.berush.com:119
[nntp] 060-class-as-a-module.berush.com:119
[nntp] 10-semtix-server.berush.com:119
[nntp] 120-32-1.berush.com:119
[nntp] 2016-04-20-androidtestexample.berush.com:119
[nntp] 39m.berush.com:119
[nntp] 8d-local.berush.com:119
[nntp] account.berush.com:119
[nntp] aeskulab.berush.com:119
[nntp] agentmodel.berush.com:119
[nntp] ampcentral-cvsroot.berush.com:119
[nntp] apd4wubk3ei0psiwrz82w74sux8weyq4.berush.com:119
[nntp] api.berush.com:119
[nntp] apieu.berush.com:119
[nntp] apiv1.berush.com:119
[nntp] au2file.berush.com:119
[nntp] azurehelloworld.berush.com:119
[nntp] bandcampy.berush.com:119
[nntp] basiccompose.berush.com:119
[nntp] bbboutique.berush.com:119
[nntp] benchtop.berush.com:119
[nntp] berush.com:119
[nntp] beta.berush.com:119
[nntp] beta.mall.berush.com:119
[nntp] bnpparibas.berush.com:119
[nntp] boardadd.berush.com:119
[nntp] button-cropped.berush.com:119
[nntp] cbraille.berush.com:119
[nntp] cf.berush.com:119
[nntp] cf-lax1.berush.com:119
[nntp] common-graphics.berush.com:119
[nntp] content-exposition.berush.com:119
[nntp] converttored.berush.com:119
[nntp] correlatedvariants.berush.com:119
[nntp] ctmirror.berush.com:119
[nntp] cubesatreleaseconcept.berush.com:119
[nntp] cusmanhofex01.cu.berush.com:119
[nntp] dao-repository.berush.com:119
[nntp] datamash.berush.com:119
[nntp] decoderserial.berush.com:119
[nntp] demoopencart.berush.com:119
[nntp] depject.berush.com:119
[nntp] deploy-virtualmachine.berush.com:119
[nntp] device2763935-f647228d-local.berush.com:119
[nntp] domrob-ote.berush.com:119
[nntp] editor-webapp.berush.com:119
[nntp] educationandtraining.berush.com:119
[nntp] egoterm.berush.com:119
[nntp] emplymnt.berush.com:119
[nntp] en-im.berush.com:119
[nntp] errorcorrection.berush.com:119
[nntp] evaluation-web.berush.com:119
[nntp] face-eng.berush.com:119
[nntp] fastqlib.berush.com:119
[nntp] fdroidgit.berush.com:119
[nntp] filamentbot.berush.com:119
[nntp] generic-schematic-elements.berush.com:119
[nntp] getmime.berush.com:119
[nntp] hakbins.berush.com:119
[nntp] halma.berush.com:119
[nntp] hard6.berush.com:119
[nntp] haveapi-fs.berush.com:119
[nntp] hidestackoverflowdeletedanswers.berush.com:119
[nntp] i2cdetect.berush.com:119
[nntp] iapproductinfo.berush.com:119
[nntp] inductionapplet.berush.com:119
[nntp] instalarapachephpmysql.berush.com:119
[nntp] interactiveplot.berush.com:119
[nntp] keymochitests.berush.com:119
[nntp] langfile.berush.com:119
[nntp] loaddatacustomers.berush.com:119
[nntp] lpviewanimation.berush.com:119
[nntp] mail.gladiolus.gladiolus-web10755.berush.berush.com:119
[nntp] manageronly.berush.com:119
[nntp] media1.berush.com:119
[nntp] media.berush.com:119
[nntp] media-net.berush.com:119
[nntp] memwild.berush.com:119
[nntp] mysql04.kaplast.berush.com:119
[nntp] netsgiro.berush.com:119
[nntp] networkled.berush.com:119
[nntp] nightly-2015-05-18.berush.com:119
[nntp] novacast.berush.com:119
[nntp] nyxnyx.berush.com:119
[nntp] opensoc-indexing.berush.com:119
[nntp] page-pipe.berush.com:119
[nntp] phystricksmantisse.berush.com:119
[nntp] pimp.berush.com:119
[nntp] pm.berush.com:119
[nntp] polytexnic.berush.com:119
[nntp] privwww.berush.com:119
[nntp] readmeattachments.berush.com:119
[nntp] ru.berush.com:119
[nntp] running8.berush.com:119
[nntp] saveputtywinscp.berush.com:119
[nntp] seasalt.berush.com:119
[nntp] service255-amy-l-applebaum.berush.com:119
[nntp] sqlshell.berush.com:119
[nntp] src2.berush.com:119
[nntp] stage-120-passed.berush.com:119
[nntp] static.berush.com:119
[nntp] svgsupport.berush.com:119
[nntp] swagger-account.berush.com:119
[nntp] t6.berush.com:119
[nntp] tahosting.berush.com:119
[nntp] teaser.berush.com:119
[nntp] tei2docx-fn.berush.com:119
[nntp] terminal-visualizer.berush.com:119
[nntp] tesora-dve-install-community.berush.com:119
[nntp] test.berush.com:119
[nntp] test-b-portal.berush.com:119
[nntp] touchpadhandler.berush.com:119
[nntp] uk-secure.berush.com:119
[nntp] unauthorized.berush.com:119
[nntp] vcrurlconnectiontests.berush.com:119
[nntp] w.berush.com:119
[nntp] wilmgpvpn.berush.com:119
[nntp] ww.berush.com:119
[nntp] www.berush.com:119
[nntp] wwwlax.berush.com:119
[nntp] xecryption-decrypt.berush.com:119
[nntp] xmodmapvim.berush.com:119
[nntp] xrx3o8ervp8nzoxacdbpqmvqtiinmk9v.berush.com:119
[opsmessaging] 01-fizz-buzz.berush.com:8090
[opsmessaging] 060-class-as-a-module.berush.com:8090
[opsmessaging] 10-semtix-server.berush.com:8090
[opsmessaging] 120-32-1.berush.com:8090
[opsmessaging] 2016-04-20-androidtestexample.berush.com:8090
[opsmessaging] 39m.berush.com:8090
[opsmessaging] 8d-local.berush.com:8090
[opsmessaging] account.berush.com:8090
[opsmessaging] aeskulab.berush.com:8090
[opsmessaging] agentmodel.berush.com:8090
[opsmessaging] ampcentral-cvsroot.berush.com:8090
[opsmessaging] apd4wubk3ei0psiwrz82w74sux8weyq4.berush.com:8090
[opsmessaging] api.berush.com:8090
[opsmessaging] apieu.berush.com:8090
[opsmessaging] apiv1.berush.com:8090
[opsmessaging] au2file.berush.com:8090
[opsmessaging] azurehelloworld.berush.com:8090
[opsmessaging] bandcampy.berush.com:8090
[opsmessaging] basiccompose.berush.com:8090
[opsmessaging] bbboutique.berush.com:8090
[opsmessaging] benchtop.berush.com:8090
[opsmessaging] berush.com:8090
[opsmessaging] beta.berush.com:8090
[opsmessaging] beta.mall.berush.com:8090
[opsmessaging] bnpparibas.berush.com:8090
[opsmessaging] boardadd.berush.com:8090
[opsmessaging] button-cropped.berush.com:8090
[opsmessaging] cbraille.berush.com:8090
[opsmessaging] cf.berush.com:8090
[opsmessaging] cf-lax1.berush.com:8090
[opsmessaging] common-graphics.berush.com:8090
[opsmessaging] content-exposition.berush.com:8090
[opsmessaging] converttored.berush.com:8090
[opsmessaging] correlatedvariants.berush.com:8090
[opsmessaging] ctmirror.berush.com:8090
[opsmessaging] cubesatreleaseconcept.berush.com:8090
[opsmessaging] cusmanhofex01.cu.berush.com:8090
[opsmessaging] dao-repository.berush.com:8090
[opsmessaging] datamash.berush.com:8090
[opsmessaging] decoderserial.berush.com:8090
[opsmessaging] demoopencart.berush.com:8090
[opsmessaging] depject.berush.com:8090
[opsmessaging] deploy-virtualmachine.berush.com:8090
[opsmessaging] device2763935-f647228d-local.berush.com:8090
[opsmessaging] domrob-ote.berush.com:8090
[opsmessaging] editor-webapp.berush.com:8090
[opsmessaging] educationandtraining.berush.com:8090
[opsmessaging] egoterm.berush.com:8090
[opsmessaging] emplymnt.berush.com:8090
[opsmessaging] en-im.berush.com:8090
[opsmessaging] errorcorrection.berush.com:8090
[opsmessaging] evaluation-web.berush.com:8090
[opsmessaging] face-eng.berush.com:8090
[opsmessaging] fastqlib.berush.com:8090
[opsmessaging] fdroidgit.berush.com:8090
[opsmessaging] filamentbot.berush.com:8090
[opsmessaging] generic-schematic-elements.berush.com:8090
[opsmessaging] getmime.berush.com:8090
[opsmessaging] hakbins.berush.com:8090
[opsmessaging] halma.berush.com:8090
[opsmessaging] hard6.berush.com:8090
[opsmessaging] haveapi-fs.berush.com:8090
[opsmessaging] hidestackoverflowdeletedanswers.berush.com:8090
[opsmessaging] i2cdetect.berush.com:8090
[opsmessaging] iapproductinfo.berush.com:8090
[opsmessaging] inductionapplet.berush.com:8090
[opsmessaging] instalarapachephpmysql.berush.com:8090
[opsmessaging] interactiveplot.berush.com:8090
[opsmessaging] keymochitests.berush.com:8090
[opsmessaging] langfile.berush.com:8090
[opsmessaging] loaddatacustomers.berush.com:8090
[opsmessaging] lpviewanimation.berush.com:8090
[opsmessaging] mail.gladiolus.gladiolus-web10755.berush.berush.com:8090
[opsmessaging] manageronly.berush.com:8090
[opsmessaging] media1.berush.com:8090
[opsmessaging] media.berush.com:8090
[opsmessaging] media-net.berush.com:8090
[opsmessaging] memwild.berush.com:8090
[opsmessaging] mysql04.kaplast.berush.com:8090
[opsmessaging] netsgiro.berush.com:8090
[opsmessaging] networkled.berush.com:8090
[opsmessaging] nightly-2015-05-18.berush.com:8090
[opsmessaging] novacast.berush.com:8090
[opsmessaging] nyxnyx.berush.com:8090
[opsmessaging] opensoc-indexing.berush.com:8090
[opsmessaging] page-pipe.berush.com:8090
[opsmessaging] phystricksmantisse.berush.com:8090
[opsmessaging] pimp.berush.com:8090
[opsmessaging] pm.berush.com:8090
[opsmessaging] polytexnic.berush.com:8090
[opsmessaging] privwww.berush.com:8090
[opsmessaging] readmeattachments.berush.com:8090
[opsmessaging] ru.berush.com:8090
[opsmessaging] running8.berush.com:8090
[opsmessaging] saveputtywinscp.berush.com:8090
[opsmessaging] seasalt.berush.com:8090
[opsmessaging] service255-amy-l-applebaum.berush.com:8090
[opsmessaging] sqlshell.berush.com:8090
[opsmessaging] src2.berush.com:8090
[opsmessaging] stage-120-passed.berush.com:8090
[opsmessaging] static.berush.com:8090
[opsmessaging] svgsupport.berush.com:8090
[opsmessaging] swagger-account.berush.com:8090
[opsmessaging] t6.berush.com:8090
[opsmessaging] tahosting.berush.com:8090
[opsmessaging] teaser.berush.com:8090
[opsmessaging] tei2docx-fn.berush.com:8090
[opsmessaging] terminal-visualizer.berush.com:8090
[opsmessaging] tesora-dve-install-community.berush.com:8090
[opsmessaging] test.berush.com:8090
[opsmessaging] test-b-portal.berush.com:8090
[opsmessaging] touchpadhandler.berush.com:8090
[opsmessaging] uk-secure.berush.com:8090
[opsmessaging] unauthorized.berush.com:8090
[opsmessaging] vcrurlconnectiontests.berush.com:8090
[opsmessaging] w.berush.com:8090
[opsmessaging] wilmgpvpn.berush.com:8090
[opsmessaging] ww.berush.com:8090
[opsmessaging] www.berush.com:8090
[opsmessaging] wwwlax.berush.com:8090
[opsmessaging] xecryption-decrypt.berush.com:8090
[opsmessaging] xmodmapvim.berush.com:8090
[opsmessaging] xrx3o8ervp8nzoxacdbpqmvqtiinmk9v.berush.com:8090
[pop3] 01-fizz-buzz.berush.com:110
[pop3] 060-class-as-a-module.berush.com:110
[pop3] 10-semtix-server.berush.com:110
[pop3] 120-32-1.berush.com:110
[pop3] 2016-04-20-androidtestexample.berush.com:110
[pop3] 39m.berush.com:110
[pop3] 8d-local.berush.com:110
[pop3] account.berush.com:110
[pop3] aeskulab.berush.com:110
[pop3] agentmodel.berush.com:110
[pop3] ampcentral-cvsroot.berush.com:110
[pop3] apd4wubk3ei0psiwrz82w74sux8weyq4.berush.com:110
[pop3] api.berush.com:110
[pop3] apieu.berush.com:110
[pop3] apiv1.berush.com:110
[pop3] au2file.berush.com:110
[pop3] azurehelloworld.berush.com:110
[pop3] bandcampy.berush.com:110
[pop3] basiccompose.berush.com:110
[pop3] bbboutique.berush.com:110
[pop3] benchtop.berush.com:110
[pop3] berush.com:110
[pop3] beta.berush.com:110
[pop3] beta.mall.berush.com:110
[pop3] bnpparibas.berush.com:110
[pop3] boardadd.berush.com:110
[pop3] button-cropped.berush.com:110
[pop3] cbraille.berush.com:110
[pop3] cf.berush.com:110
[pop3] cf-lax1.berush.com:110
[pop3] common-graphics.berush.com:110
[pop3] content-exposition.berush.com:110
[pop3] converttored.berush.com:110
[pop3] correlatedvariants.berush.com:110
[pop3] ctmirror.berush.com:110
[pop3] cubesatreleaseconcept.berush.com:110
[pop3] cusmanhofex01.cu.berush.com:110
[pop3] dao-repository.berush.com:110
[pop3] datamash.berush.com:110
[pop3] decoderserial.berush.com:110
[pop3] demoopencart.berush.com:110
[pop3] depject.berush.com:110
[pop3] deploy-virtualmachine.berush.com:110
[pop3] device2763935-f647228d-local.berush.com:110
[pop3] domrob-ote.berush.com:110
[pop3] editor-webapp.berush.com:110
[pop3] educationandtraining.berush.com:110
[pop3] egoterm.berush.com:110
[pop3] emplymnt.berush.com:110
[pop3] en-im.berush.com:110
[pop3] errorcorrection.berush.com:110
[pop3] evaluation-web.berush.com:110
[pop3] face-eng.berush.com:110
[pop3] fastqlib.berush.com:110
[pop3] fdroidgit.berush.com:110
[pop3] filamentbot.berush.com:110
[pop3] generic-schematic-elements.berush.com:110
[pop3] getmime.berush.com:110
[pop3] hakbins.berush.com:110
[pop3] halma.berush.com:110
[pop3] hard6.berush.com:110
[pop3] haveapi-fs.berush.com:110
[pop3] hidestackoverflowdeletedanswers.berush.com:110
[pop3] i2cdetect.berush.com:110
[pop3] iapproductinfo.berush.com:110
[pop3] inductionapplet.berush.com:110
[pop3] instalarapachephpmysql.berush.com:110
[pop3] interactiveplot.berush.com:110
[pop3] keymochitests.berush.com:110
[pop3] langfile.berush.com:110
[pop3] loaddatacustomers.berush.com:110
[pop3] lpviewanimation.berush.com:110
[pop3] mail.gladiolus.gladiolus-web10755.berush.berush.com:110
[pop3] manageronly.berush.com:110
[pop3] media1.berush.com:110
[pop3] media.berush.com:110
[pop3] media-net.berush.com:110
[pop3] memwild.berush.com:110
[pop3] mysql04.kaplast.berush.com:110
[pop3] netsgiro.berush.com:110
[pop3] networkled.berush.com:110
[pop3] nightly-2015-05-18.berush.com:110
[pop3] novacast.berush.com:110
[pop3] nyxnyx.berush.com:110
[pop3] opensoc-indexing.berush.com:110
[pop3] page-pipe.berush.com:110
[pop3] phystricksmantisse.berush.com:110
[pop3] pimp.berush.com:110
[pop3] pm.berush.com:110
[pop3] polytexnic.berush.com:110
[pop3] privwww.berush.com:110
[pop3] readmeattachments.berush.com:110
[pop3] ru.berush.com:110
[pop3] running8.berush.com:110
[pop3] saveputtywinscp.berush.com:110
[pop3s] berush.com:995
[pop3] seasalt.berush.com:110
[pop3] service255-amy-l-applebaum.berush.com:110
[pop3] sqlshell.berush.com:110
[pop3] src2.berush.com:110
[pop3] stage-120-passed.berush.com:110
[pop3] static.berush.com:110
[pop3] svgsupport.berush.com:110
[pop3] swagger-account.berush.com:110
[pop3s] w.berush.com:995
[pop3s] ww.berush.com:995
[pop3s] www.berush.com:995
[pop3] t6.berush.com:110
[pop3] tahosting.berush.com:110
[pop3] teaser.berush.com:110
[pop3] tei2docx-fn.berush.com:110
[pop3] terminal-visualizer.berush.com:110
[pop3] tesora-dve-install-community.berush.com:110
[pop3] test.berush.com:110
[pop3] test-b-portal.berush.com:110
[pop3] touchpadhandler.berush.com:110
[pop3] uk-secure.berush.com:110
[pop3] unauthorized.berush.com:110
[pop3] vcrurlconnectiontests.berush.com:110
[pop3] w.berush.com:110
[pop3] wilmgpvpn.berush.com:110
[pop3] ww.berush.com:110
[pop3] www.berush.com:110
[pop3] wwwlax.berush.com:110
[pop3] xecryption-decrypt.berush.com:110
[pop3] xmodmapvim.berush.com:110
[pop3] xrx3o8ervp8nzoxacdbpqmvqtiinmk9v.berush.com:110
[postgresql] berush.com:5432
[postgresql] w.berush.com:5432
[postgresql] ww.berush.com:5432
[postgresql] www.berush.com:5432
[redis] berush.com:6379
[redis] w.berush.com:6379
[redis] ww.berush.com:6379
[redis] www.berush.com:6379
[rtmp] berush.com:1935
[rtmp] w.berush.com:1935
[rtmp] ww.berush.com:1935
[rtmp] www.berush.com:1935
[submission] berush.com:587
[submission] w.berush.com:587
[submission] ww.berush.com:587
[submission] www.berush.com:587
[unknown] berush.com:8099
[unknown] cf.berush.com:8085
[unknown] w.berush.com:8099
[unknown] ww.berush.com:8099
[unknown] www.berush.com:8099
[vnc-1] berush.com:5901
[vnc-1] w.berush.com:5901
[vnc-1] ww.berush.com:5901
[vnc-1] www.berush.com:5901
[vnc] berush.com:5900
[vnc] w.berush.com:5900
[vnc] ww.berush.com:5900
[vnc] www.berush.com:5900
[wap-wsp] 01-fizz-buzz.berush.com:9200
[wap-wsp] 060-class-as-a-module.berush.com:9200
[wap-wsp] 10-semtix-server.berush.com:9200
[wap-wsp] 120-32-1.berush.com:9200
[wap-wsp] 2016-04-20-androidtestexample.berush.com:9200
[wap-wsp] 39m.berush.com:9200
[wap-wsp] 8d-local.berush.com:9200
[wap-wsp] account.berush.com:9200
[wap-wsp] aeskulab.berush.com:9200
[wap-wsp] agentmodel.berush.com:9200
[wap-wsp] ampcentral-cvsroot.berush.com:9200
[wap-wsp] apd4wubk3ei0psiwrz82w74sux8weyq4.berush.com:9200
[wap-wsp] api.berush.com:9200
[wap-wsp] apieu.berush.com:9200
[wap-wsp] apiv1.berush.com:9200
[wap-wsp] au2file.berush.com:9200
[wap-wsp] azurehelloworld.berush.com:9200
[wap-wsp] bandcampy.berush.com:9200
[wap-wsp] basiccompose.berush.com:9200
[wap-wsp] bbboutique.berush.com:9200
[wap-wsp] benchtop.berush.com:9200
[wap-wsp] berush.com:9200
[wap-wsp] beta.berush.com:9200
[wap-wsp] beta.mall.berush.com:9200
[wap-wsp] bnpparibas.berush.com:9200
[wap-wsp] boardadd.berush.com:9200
[wap-wsp] button-cropped.berush.com:9200
[wap-wsp] cbraille.berush.com:9200
[wap-wsp] cf.berush.com:9200
[wap-wsp] cf-lax1.berush.com:9200
[wap-wsp] common-graphics.berush.com:9200
[wap-wsp] content-exposition.berush.com:9200
[wap-wsp] converttored.berush.com:9200
[wap-wsp] correlatedvariants.berush.com:9200
[wap-wsp] ctmirror.berush.com:9200
[wap-wsp] cubesatreleaseconcept.berush.com:9200
[wap-wsp] cusmanhofex01.cu.berush.com:9200
[wap-wsp] dao-repository.berush.com:9200
[wap-wsp] datamash.berush.com:9200
[wap-wsp] decoderserial.berush.com:9200
[wap-wsp] demoopencart.berush.com:9200
[wap-wsp] depject.berush.com:9200
[wap-wsp] deploy-virtualmachine.berush.com:9200
[wap-wsp] device2763935-f647228d-local.berush.com:9200
[wap-wsp] domrob-ote.berush.com:9200
[wap-wsp] editor-webapp.berush.com:9200
[wap-wsp] educationandtraining.berush.com:9200
[wap-wsp] egoterm.berush.com:9200
[wap-wsp] emplymnt.berush.com:9200
[wap-wsp] en-im.berush.com:9200
[wap-wsp] errorcorrection.berush.com:9200
[wap-wsp] evaluation-web.berush.com:9200
[wap-wsp] face-eng.berush.com:9200
[wap-wsp] fastqlib.berush.com:9200
[wap-wsp] fdroidgit.berush.com:9200
[wap-wsp] filamentbot.berush.com:9200
[wap-wsp] generic-schematic-elements.berush.com:9200
[wap-wsp] getmime.berush.com:9200
[wap-wsp] hakbins.berush.com:9200
[wap-wsp] halma.berush.com:9200
[wap-wsp] hard6.berush.com:9200
[wap-wsp] haveapi-fs.berush.com:9200
[wap-wsp] hidestackoverflowdeletedanswers.berush.com:9200
[wap-wsp] i2cdetect.berush.com:9200
[wap-wsp] iapproductinfo.berush.com:9200
[wap-wsp] inductionapplet.berush.com:9200
[wap-wsp] instalarapachephpmysql.berush.com:9200
[wap-wsp] interactiveplot.berush.com:9200
[wap-wsp] keymochitests.berush.com:9200
[wap-wsp] langfile.berush.com:9200
[wap-wsp] loaddatacustomers.berush.com:9200
[wap-wsp] lpviewanimation.berush.com:9200
[wap-wsp] mail.gladiolus.gladiolus-web10755.berush.berush.com:9200
[wap-wsp] manageronly.berush.com:9200
[wap-wsp] media1.berush.com:9200
[wap-wsp] media.berush.com:9200
[wap-wsp] media-net.berush.com:9200
[wap-wsp] memwild.berush.com:9200
[wap-wsp] mysql04.kaplast.berush.com:9200
[wap-wsp] netsgiro.berush.com:9200
[wap-wsp] networkled.berush.com:9200
[wap-wsp] nightly-2015-05-18.berush.com:9200
[wap-wsp] novacast.berush.com:9200
[wap-wsp] nyxnyx.berush.com:9200
[wap-wsp] opensoc-indexing.berush.com:9200
[wap-wsp] page-pipe.berush.com:9200
[wap-wsp] phystricksmantisse.berush.com:9200
[wap-wsp] pimp.berush.com:9200
[wap-wsp] pm.berush.com:9200
[wap-wsp] polytexnic.berush.com:9200
[wap-wsp] privwww.berush.com:9200
[wap-wsp] readmeattachments.berush.com:9200
[wap-wsp] ru.berush.com:9200
[wap-wsp] running8.berush.com:9200
[wap-wsp] saveputtywinscp.berush.com:9200
[wap-wsp] seasalt.berush.com:9200
[wap-wsp] service255-amy-l-applebaum.berush.com:9200
[wap-wsp] sqlshell.berush.com:9200
[wap-wsp] src2.berush.com:9200
[wap-wsp] stage-120-passed.berush.com:9200
[wap-wsp] static.berush.com:9200
[wap-wsp] svgsupport.berush.com:9200
[wap-wsp] swagger-account.berush.com:9200
[wap-wsp] t6.berush.com:9200
[wap-wsp] tahosting.berush.com:9200
[wap-wsp] teaser.berush.com:9200
[wap-wsp] tei2docx-fn.berush.com:9200
[wap-wsp] terminal-visualizer.berush.com:9200
[wap-wsp] tesora-dve-install-community.berush.com:9200
[wap-wsp] test.berush.com:9200
[wap-wsp] test-b-portal.berush.com:9200
[wap-wsp] touchpadhandler.berush.com:9200
[wap-wsp] uk-secure.berush.com:9200
[wap-wsp] unauthorized.berush.com:9200
[wap-wsp] vcrurlconnectiontests.berush.com:9200
[wap-wsp] w.berush.com:9200
[wap-wsp] wilmgpvpn.berush.com:9200
[wap-wsp] ww.berush.com:9200
[wap-wsp] www.berush.com:9200
[wap-wsp] wwwlax.berush.com:9200
[wap-wsp] xecryption-decrypt.berush.com:9200
[wap-wsp] xmodmapvim.berush.com:9200
[wap-wsp] xrx3o8ervp8nzoxacdbpqmvqtiinmk9v.berush.com:9200
[] w.berush.com:9530
[whois] berush.com:43
[whois] w.berush.com:43
[whois] ww.berush.com:43
[whois] www.berush.com:43
[] ww.berush.com:9530
[] www.berush.com:9530
[XmlIpcRegSvc] cf.berush.com:9092
[xmpp-client] berush.com:5222
[xmpp-client] w.berush.com:5222
[xmpp-client] ww.berush.com:5222
[xmpp-client] www.berush.com:5222
