[aero] www.zimride.fb.com:8060
[aero] zimride.fb.com:8060
[afs3-callback] www.zimride.fb.com:7001
[afs3-callback] zimride.fb.com:7001
[amqp] www.zimride.fb.com:5672
[amqp] zimride.fb.com:5672
[avt-profile-2] www.zimride.fb.com:5005
[avt-profile-2] zimride.fb.com:5005
[cbt] www.zimride.fb.com:7777
[cbt] zimride.fb.com:7777
[cisco-sccp] www.zimride.fb.com:2000
[cisco-sccp] zimride.fb.com:2000
[clearvisn] investor.fb.com:2052
[ddi-tcp-2] www.zimride.fb.com:8889
[ddi-tcp-2] zimride.fb.com:8889
[distinct32] www.zimride.fb.com:9998
[distinct32] zimride.fb.com:9998
[dnox] www.zimride.fb.com:4022
[dnox] zimride.fb.com:4022
[domain] a.ns.fb.com:53
[domain] b.ns.fb.com:53
[domain] c.ns.fb.com:53
[domain] d.ns.fb.com:53
[domain] www.zimride.fb.com:53
[domain] zimride.fb.com:53
[drm-production] www.zimride.fb.com:7171
[drm-production] zimride.fb.com:7171
[eli] investor.fb.com:2087
[eli] www.zimride.fb.com:2087
[eli] zimride.fb.com:2087
[esmagent] www.zimride.fb.com:5601
[esmagent] zimride.fb.com:5601
[freeciv] www.zimride.fb.com:5555
[freeciv] zimride.fb.com:5555
[gnunet] investor.fb.com:2086
[gnunet] www.zimride.fb.com:2086
[gnunet] zimride.fb.com:2086
[hotline] www.zimride.fb.com:1234
[hotline] zimride.fb.com:1234
[http] 0003-pt-br.facebookbrand-2018-dev.fb.com:80
[http] 0121wip.facebookbrand-2018-dev.fb.com:80
[http] 033online.facebookbrand-2018-dev.fb.com:80
[http] 052500.facebookbrand-2018-dev.fb.com:80
[http] 05dgw.facebookbrand-preprod.fb.com:80
[http] 0621dfd.facebookbrand-2018-dev.fb.com:80
[http] 06694910.facebookbrand-2018-dev.fb.com:80
[http] 082682.facebookbrand-2018-dev.fb.com:80
[http] 08i91.facebookbrand-2018-dev.fb.com:80
[http] 08l21.facebookbrand-2018-dev.fb.com:80
[http] 09ar.facebookbrand-2018-dev.fb.com:80
[http] 0acea.facebookbrand-2018-dev.fb.com:80
[http] 0ans.facebookbrand-2018-dev.fb.com:80
[http] 0antbr.facebookbrand-2018-dev.fb.com:80
[http] 0authfiles78t98799.facebookbrand-2018-dev.fb.com:80
[http] 0aw48j.facebookbrand-2018-dev.fb.com:80
[http] 0bd8a6ms5xl8tfas0uhrfm80b.facebookbrand-2018-dev.fb.com:80
[http] 0c801c53c1114e128504e0ca98dca5ea.facebookbrand-2018-dev.fb.com:80
[http] 0crzr.facebookbrand-2018-dev.fb.com:80
[http] 0facebook360vi.facebookbrand-2018-dev.fb.com:80
[http] 0famfgq.facebookbrand-2018-dev.fb.com:80
[http] 0fs1tf3.facebookbrand-2018-dev.fb.com:80
[http] 0-fsour.facebookbrand-2018-dev.fb.com:80
[http] 0fssw.facebookbrand-2018-dev.fb.com:80
[http] 0gd7v.facebookbrand-2018-dev.fb.com:80
[http] 0getr.facebookbrand-2018-dev.fb.com:80
[http] 0i8u16.facebookbrand-2018-dev.fb.com:80
[http] 0j9z2gvao.facebookbrand-2018-dev.fb.com:80
[http] 0jvwt56.facebookbrand-2018-dev.fb.com:80
[http] 0kaqckwu.facebookbrand-2018-dev.fb.com:80
[http] 0kxvv.facebookbrand-2018-dev.fb.com:80
[http] 0lmne.facebookbrand-2018-dev.fb.com:80
[http] 0o4c55sgfhtn3oqu.facebookbrand-2018-dev.fb.com:80
[http] 0ook665video.facebookbrand-2018-dev.fb.com:80
[http] 0ormentrol0hans.facebookbrand-2018-dev.fb.com:80
[http] 0ovp5v.facebookbrand-2018-dev.fb.com:80
[http] 0p2qz.facebookbrand-2018-dev.fb.com:80
[http] 0pqx.facebookbrand-2018-dev.fb.com:80
[http] 0qk5d.facebookbrand-2018-dev.fb.com:80
[http] 0r8m.facebookbrand-2018-dev.fb.com:80
[http] 0raj3.facebookbrand-2018-dev.fb.com:80
[http] 0sexyprincess86.facebookbrand-2018-dev.fb.com:80
[http] 0sfeedback.facebookbrand-2018-dev.fb.com:80
[http] 0spreprototype.facebookbrand-2018-dev.fb.com:80
[http] 0t-br.facebookbrand-2018-dev.fb.com:80
[http] 0tcka.facebookbrand-2018-dev.fb.com:80
[http] 0tinzx5ctu-u1et-r0o6wdlr3lcnpk6.facebookbrand-2018-dev.fb.com:80
[http] 0tmy.facebookbrand-2018-dev.fb.com:80
[http] 0utsrqponmlkji.facebookbrand-2018-dev.fb.com:80
[http] 0vgzhsuh20.facebookbrand-2018-dev.fb.com:80
[http] 0w9yysp.facebookbrand-2018-dev.fb.com:80
[http] 0wyt6.facebookbrand-2018-dev.fb.com:80
[http] 0xfo8cy.facebookbrand-2018-dev.fb.com:80
[http] 0yc46fm.facebookbrand-2018-dev.fb.com:80
[http] 0yd7p.facebookbrand-2018-dev.fb.com:80
[http] 0yuk2.facebookbrand-2018-dev.fb.com:80
[http] 100000000f75.facebookbrand-2018-dev.fb.com:80
[http] 100021146ma.facebookbrand-2018-dev.fb.com:80
[http] 1000tacosdecanastax1200pesos.facebookbrand-2018-dev.fb.com:80
[http] 1001livres.facebookbrand-2018-dev.fb.com:80
[http] 1006577.facebookbrand-2018-dev.fb.com:80
[http] 100waystolivewell.facebookbrand-2018-dev.fb.com:80
[http] 1010es-la.facebookbrand-2018-dev.fb.com:80
[http] 101dingenomtedoen.facebookbrand-2018-dev.fb.com:80
[http] 102013-aisweb.facebookbrand-2018-dev.fb.com:80
[http] 10-2013tr.facebookbrand-2018-dev.fb.com:80
[http] 1024as.facebookbrand-2018-dev.fb.com:80
[http] 1038prairieavenue.facebookbrand-2018-dev.fb.com:80
[http] 104106205198inaddrarpa.facebookbrand-2018-dev.fb.com:80
[http] 106308.facebookbrand-2018-dev.fb.com:80
[http] 1080pk1.facebookbrand-2018-dev.fb.com:80
[http] 109123221137.facebookbrand-2018-dev.fb.com:80
[http] 1099486137.facebookbrand-2018-dev.fb.com:80
[http] 10analyticspt-br.facebookbrand-2018-dev.fb.com:80
[http] 10backend-pt-pt.facebookbrand-2018-dev.fb.com:80
[http] 10bi.facebookbrand-2018-dev.fb.com:80
[http] 10-brazilzh-hans.facebookbrand-2018-dev.fb.com:80
[http] 10coco.facebookbrand-2018-dev.fb.com:80
[http] 10data-ja.facebookbrand-2018-dev.fb.com:80
[http] 10demo-ko-kr.facebookbrand-2018-dev.fb.com:80
[http] 10e1a.facebookbrand-2018-dev.fb.com:80
[http] 10es-la-7.facebookbrand-2018-dev.fb.com:80
[http] 10gymiliou.facebookbrand-2018-dev.fb.com:80
[http] 10-helm.facebookbrand-2018-dev.fb.com:80
[http] 10-ja.facebookbrand-2018-dev.fb.com:80
[http] 10legal.facebookbrand-2018-dev.fb.com:80
[http] 10mob.facebookbrand-2018-dev.fb.com:80
[http] 10ns6.facebookbrand-2018-dev.fb.com:80
[http] 10-property.facebookbrand-2018-dev.fb.com:80
[http] 10-ru.facebookbrand-2018-dev.fb.com:80
[http] 10silver.facebookbrand-2018-dev.fb.com:80
[http] 10teena.facebookbrand-2018-dev.fb.com:80
[http] 10test11.facebookbrand-2018-dev.fb.com:80
[http] 10video.facebookbrand-2018-dev.fb.com:80
[http] 10-yaroslavl.facebookbrand-2018-dev.fb.com:80
[http] 10zh-hans.facebookbrand-2018-dev.fb.com:80
[http] 11-10es-la.facebookbrand-2018-dev.fb.com:80
[http] 11110169.facebookbrand-2018-dev.fb.com:80
[http] 1-11192521403954.facebookbrand-2018-dev.fb.com:80
[http] 11.11-es-la.facebookbrand-2018-dev.fb.com:80
[http] 1-12-ko-kr.facebookbrand-2018-dev.fb.com:80
[http] 11-b-coressabores2012.facebookbrand-2018-dev.fb.com:80
[http] 11-bts.facebookbrand-2018-dev.fb.com:80
[http] 11-bucket-de.facebookbrand-2018-dev.fb.com:80
[http] 11-cloudfrontzh-hans.facebookbrand-2018-dev.fb.com:80
[http] 11-dsl.facebookbrand-2018-dev.fb.com:80
[http] 11-g2.facebookbrand-2018-dev.fb.com:80
[http] 11-home1.facebookbrand-2018-dev.fb.com:80
[http] 11-ko-kr-6.facebookbrand-2018-dev.fb.com:80
[http] 11-notes.facebookbrand-2018-dev.fb.com:80
[http] 11-speedtest1.facebookbrand-2018-dev.fb.com:80
[http] 11-sr2.facebookbrand-2018-dev.fb.com:80
[http] 11-story.facebookbrand-2018-dev.fb.com:80
[http] 11-visa.facebookbrand-2018-dev.fb.com:80
[http] 1-2016es.facebookbrand-2018-dev.fb.com:80
[http] 1412.facebookbrand-preprod.fb.com:80
[http] 1-5-pt-pt.facebookbrand-2018-dev.fb.com:80
[http] 17.11-ar.facebookbrand-2018-dev.fb.com:80
[http] 1-8-appstore.facebookbrand-2018-dev.fb.com:80
[http] 1-8-en.facebookbrand-2018-dev.fb.com:80
[http] 18wus.facebookbrand-preprod.fb.com:80
[http] 19.10-es-la.facebookbrand-2018-dev.fb.com:80
[http] 1-aisweb-3.facebookbrand-2018-dev.fb.com:80
[http] 1-av.facebookbrand-2018-dev.fb.com:80
[http] 1-cloudfrontru.facebookbrand-2018-dev.fb.com:80
[http] 1-cms1coressabores2012.facebookbrand-2018-dev.fb.com:80
[http] 1-en-9.facebookbrand-2018-dev.fb.com:80
[http] 1-js4h97ik0qtb.facebookbrand-2018-dev.fb.com:80
[http] 1-ru.facebookbrand-2018-dev.fb.com:80
[http] 360.fb.com:80
[http] 360video.fb.com:80
[http] 360videos.fb.com:80
[http] 4.www.1.facebookbrand-2018-dev.fb.com:80
[http] 9i.facebookbrand-release.fb.com:80
[http] a.10zh-hant.facebookbrand-2018-dev.fb.com:80
[http] about.fb.com:80
[http] abpstories.fb.com:80
[http] access.fb.com:80
[http] active.www.facebookbrand-preprod.fb.com:80
[http] admin.100.facebookbrand-2018-dev.fb.com:80
[http] adminaffordablevaccines.facebookbrand-preprod.fb.com:80
[http] affordablevaccines.facebookbrand-preprod.fb.com:80
[http] agencies.fb.com:80
[http] ai.fb.com:80
[http] aisweb.facebookbrand-2018-dev.fb.com:80
[http] alniddfatis-vip2.facebookbrand-release.fb.com:80
[http] alnnggts403-dmz2.facebookbrand-release.fb.com:80
[http-alt] bom-o2-primary.supernova.fb.com:8000
[http-alt] cm.primary.bom.2.bio.ap-southeast-1.supernova.fb.com:8000
[http-alt] www.zimride.fb.com:8000
[http-alt] zimride.fb.com:8000
[http] antivirus-extension.facebookbrand-preprod.fb.com:80
[http] antivirus-for-all.facebookbrand-release.fb.com:80
[http] aotearoanz.fb.com:80
[http] apacpolicy.fb.com:80
[http] apmms.fb.com:80
[http] aprenda-dev.fb.com:80
[http] aprenda.fb.com:80
[http] aprenda-preprod.fb.com:80
[http] aprenda-uat.fb.com:80
[http] aprenda-usdev.fb.com:80
[http] aprenda-uspreprod.fb.com:80
[http] aprenda-usuat.fb.com:80
[http] aprende-dev.fb.com:80
[http] aprende.fb.com:80
[http] aprende-preprod.fb.com:80
[http] aprende-uat.fb.com:80
[http] aprende-usdev.fb.com:80
[http] aprende-uspreprod.fb.com:80
[http] aprende-usuat.fb.com:80
[http] ar.facebookbrand-2018-dev.fb.com:80
[http] ar.facebookbrand-2018.fb.com:80
[http] ar.facebookbrand-2018-preprod.fb.com:80
[http] ar.facebookbrand-2018-release.fb.com:80
[http] ar.facebookbrand-dev.fb.com:80
[http] ar.facebookbrand-preprod.fb.com:80
[http] ar.facebookbrand-release.fb.com:80
[http] argentina.fb.com:80
[http] ar.yearinreview.fb.com:80
[http] asahdigital.fb.com:80
[http] audio360.fb.com:80
[http] au.newsroom.fb.com:80
[http] australia.fb.com:80
[http] autodiscover.bi.fb.com:80
[http] autodiscover.binariof.fb.com:80
[http] autodiscover.business.fb.com:80
[http] autodiscover.cl.fb.com:80
[http] autodiscover.co.fb.com:80
[http] autodiscover.comm.fb.com:80
[http] autodiscover.creators.fb.com:80
[http] autodiscover.dro.fb.com:80
[http] autodiscover.extern.fb.com:80
[http] autodiscover.fb.com:80
[http] autodiscover.fbp.fb.com:80
[http] autodiscover.fmp.fb.com:80
[http] autodiscover.infra.fb.com:80
[http] autodiscover.infraoutpost.fb.com:80
[http] autodiscover.mediapartnerships.fb.com:80
[http] autodiscover.mo.fb.com:80
[http] autodiscover.ob.fb.com:80
[http] autodiscover.pdo.fb.com:80
[http] autodiscover.przestrzen.fb.com:80
[http] autodiscover.rp.fb.com:80
[http] autodiscover.supportcenter.fb.com:80
[http] autodiscover.support.fb.com:80
[http] autodiscover.uxr.fb.com:80
[http] autodiscover.waco.fb.com:80
[http] autodiscover.wa.fb.com:80
[http] autos.fb.com:80
[http] au.yearinreview.fb.com:80
[http] avira-free-antivirus.facebookbrand-preprod.fb.com:80
[http] beatsunlocked.fb.com:80
[http] belajarmenjaga.fb.com:80
[http] benefits.fb.com:80
[http] binario-f.fb.com:80
[http] binariof.fb.com:80
[http] biz.fb.com:80
[http] brasil.fb.com:80
[http] brazil.fb.com:80
[http] br.instantarticles.fb.com:80
[http] br.newsroom.fb.com:80
[http] br.yearinreview.fb.com:80
[http] businesspartners.fb.com:80
[http] buy.fb.com:80
[http] ca.newsroom.fb.com:80
[http] careerconnections.fb.com:80
[http] cdp.fb.com:80
[http] ch.instantarticles.fb.com:80
[http] cityguides.fb.com:80
[http] classof2020.fb.com:80
[http] code-dev.fb.com:80
[http] code.fb.com:80
[http] colombia.fb.com:80
[http] communities.fb.com:80
[http] connectivity.fb.com:80
[http] contentdistributionpolicies.fb.com:80
[http] contentdistributionpolicy.fb.com:80
[http] content.fb.com:80
[http] coressabores2012.facebookbrand-2018-dev.fb.com:80
[http] coronarytorture.facebookbrand-release.fb.com:80
[http] counterspeech.fb.com:80
[http] covid-survey.dataforgood.fb.com:80
[http] creative.fb.com:80
[http] creativehub.fb.com:80
[http] da-dk.facebookbrand-2018-dev.fb.com:80
[http] da-dk.facebookbrand-2018.fb.com:80
[http] da-dk.facebookbrand-2018-preprod.fb.com:80
[http] da-dk.facebookbrand-2018-release.fb.com:80
[http] da-dk.facebookbrand-dev.fb.com:80
[http] da-dk.facebookbrand-preprod.fb.com:80
[http] da-dk.facebookbrand-release.fb.com:80
[http] datacenters.fb.com:80
[http] dataforgood.fb.com:80
[http] dataportability.fb.com:80
[http] de.events.fb.com:80
[http] de.facebookbrand-2018-dev.fb.com:80
[http] de.facebookbrand-2018.fb.com:80
[http] de.facebookbrand-2018-preprod.fb.com:80
[http] de.facebookbrand-2018-release.fb.com:80
[http] de.facebookbrand-dev.fb.com:80
[http] de.facebookbrand-preprod.fb.com:80
[http] de.facebookbrand-release.fb.com:80
[http] de.instantarticles.fb.com:80
[http] demotrainingportal.fb.com:80
[http] de.newsroom.fb.com:80
[http] depannage-ordinateur-windows-virus.facebookbrand-dev.fb.com:80
[http] de.sustainability.fb.com:80
[http] deutschland.fb.com:80
[http] developerevents.fb.com:80
[http] dev.fb.com:80
[http] de.yearinreview.fb.com:80
[http] digitaleslernen.fb.com:80
[http] digitaleslernzentrum.fb.com:80
[http] digitalskill.fb.com:80
[http] digitalskills.fb.com:80
[http] digitalskillsmichigan.fb.com:80
[http] digitalskillsus.fb.com:80
[http] digitaltayo.fb.com:80
[http] digitaltraining.fb.com:80
[http] diversity.fb.com:80
[http] diversityreport.fb.com:80
[http] donate.fb.com:80
[http] donations.fb.com:80
[http] ds1-dev.fb.com:80
[http] ds1-preprod.fb.com:80
[http] ds1-uat.fb.com:80
[http] ds1-usdev.fb.com:80
[http] ds1-uspreprod.fb.com:80
[http] ds1-usuat.fb.com:80
[http] ds2-dev.fb.com:80
[http] ds2-preprod.fb.com:80
[http] economy.fb.com:80
[http] education.fb.com:80
[http] edu.fb.com:80
[http] ehrenamt.fb.com:80
[http] email.frlstudies.fb.com:80
[http] emeapolicycovidhub.fb.com:80
[http] en.facebookbrand-2018-dev.fb.com:80
[http] en.facebookbrand-2018.fb.com:80
[http] en.facebookbrand-2018-preprod.fb.com:80
[http] en.facebookbrand-2018-release.fb.com:80
[http] en.facebookbrand-dev.fb.com:80
[http] en.facebookbrand-preprod.fb.com:80
[http] en.facebookbrand-release.fb.com:80
[http] engineerfortheweek.fb.com:80
[http] engineering.fb.com:80
[http] enterpriseenrollment.fb.com:80
[http] enterpriseregistration.fb.com:80
[http] es.events.fb.com:80
[http] es.facebookbrand-2018-dev.fb.com:80
[http] es.facebookbrand-2018.fb.com:80
[http] es.facebookbrand-2018-preprod.fb.com:80
[http] es.facebookbrand-2018-release.fb.com:80
[http] es.facebookbrand-dev.fb.com:80
[http] es.facebookbrand-preprod.fb.com:80
[http] es.facebookbrand-release.fb.com:80
[http] es-hub.fb.com:80
[http] eshub.fb.com:80
[http] es.instantarticles.fb.com:80
[http] es-la.facebookbrand-2018-dev.fb.com:80
[http] es-la.facebookbrand-2018.fb.com:80
[http] es-la.facebookbrand-2018-preprod.fb.com:80
[http] es-la.facebookbrand-2018-release.fb.com:80
[http] es-la.facebookbrand-dev.fb.com:80
[http] es-la.facebookbrand-preprod.fb.com:80
[http] es-la.facebookbrand-release.fb.com:80
[http] es.newsroom.fb.com:80
[http] espana.fb.com:80
[http] es.sustainability.fb.com:80
[http] estacaohack.fb.com:80
[http] es.techprep.fb.com:80
[http] es.yearinreview.fb.com:80
[http] eu-dev.fb.com:80
[http] eu.fb.com:80
[http] eu-preprod.fb.com:80
[http] europeanunion.fb.com:80
[http] events.fb.com:80
[http] expresswifi.fb.com:80
[http] f1-dev.fb.com:80
[http] f1-preprod.fb.com:80
[http] f1-uat.fb.com:80
[http] f1-usdev.fb.com:80
[http] f1-uspreprod.fb.com:80
[http] f1-usuat.fb.com:80
[http] facebook360.fb.com:80
[http] facebookatunga.fb.com:80
[http] facebookbrand-2018-dev.fb.com:80
[http] facebookbrand-2018.fb.com:80
[http] facebookbrand-2018-preprod.fb.com:80
[http] facebookbrand-2018-release.fb.com:80
[http] facebookbrand-dev.fb.com:80
[http] facebookbrand-preprod.fb.com:80
[http] facebookbrand-release.fb.com:80
[http] facebookforums.fb.com:80
[http] facebookinnigeria.fb.com:80
[http] fb.com:80
[http] fbindia.fb.com:80
[http] fightcovidmisinfo.fb.com:80
[http] formation.fb.com:80
[http] fort.fb.com:80
[http] forwardtogether.fb.com:80
[http] france.fb.com:80
[http] free.fb.com:80
[http] fr.events.fb.com:80
[http] fr.facebookbrand-2018-dev.fb.com:80
[http] fr.facebookbrand-2018.fb.com:80
[http] fr.facebookbrand-2018-preprod.fb.com:80
[http] fr.facebookbrand-2018-release.fb.com:80
[http] fr.facebookbrand-dev.fb.com:80
[http] fr.facebookbrand-preprod.fb.com:80
[http] fr.facebookbrand-release.fb.com:80
[http] fr.instantarticles.fb.com:80
[http] frljourneymap.fb.com:80
[http] fr.newsroom.fb.com:80
[http] fr.sustainability.fb.com:80
[http] fr.yearinreview.fb.com:80
[http] fs.fb.com:80
[http] gb.newsroom.fb.com:80
[http] germany.fb.com:80
[http] giftofgiving.fb.com:80
[http] go.fb.com:80
[http] going-global.fb.com:80
[http] graph-hack.fb.com:80
[http] groups.fb.com:80
[http] gs.fb.com:80
[http] hacktober.fb.com:80
[http] hardquestions.fb.com:80
[http] hardquestionstour.fb.com:80
[http] h.fb.com:80
[http] hk.instantarticles.fb.com:80
[http] humanrights.fb.com:80
[http] id.instantarticles.fb.com:80
[http] immersivelearningacademy.fb.com:80
[http] impara-dev.fb.com:80
[http] impara.fb.com:80
[http] impara-preprod.fb.com:80
[http] impara-uat.fb.com:80
[http] impara-usdev.fb.com:80
[http] impara-uspreprod.fb.com:80
[http] impara-usuat.fb.com:80
[http] indiaeconomy.fb.com:80
[http] india.fb.com:80
[http] indonesia.fb.com:80
[http] initiatives.france.fb.com:80
[http] in.newsroom.fb.com:80
[http] innovationlabkorea-en.fb.com:80
[http] innovationlabkorea.fb.com:80
[http] insidefeed.fb.com:80
[http] insights.fb.com:80
[http] inspired.fb.com:80
[http] instantarticles.fb.com:80
[http] investor.fb.com:80
[http] in.yearinreview.fb.com:80
[http] istasyon.fb.com:80
[http] italia.fb.com:80
[http] italy.fb.com:80
[http] it.events.fb.com:80
[http] it.facebookbrand-2018-dev.fb.com:80
[http] it.facebookbrand-2018.fb.com:80
[http] it.facebookbrand-2018-preprod.fb.com:80
[http] it.facebookbrand-2018-release.fb.com:80
[http] it.facebookbrand-dev.fb.com:80
[http] it.facebookbrand-preprod.fb.com:80
[http] it.facebookbrand-release.fb.com:80
[http] it.instantarticles.fb.com:80
[http] it.newsroom.fb.com:80
[http] it.yearinreview.fb.com:80
[http] ja.facebookbrand-2018-dev.fb.com:80
[http] ja.facebookbrand-2018.fb.com:80
[http] ja.facebookbrand-2018-preprod.fb.com:80
[http] ja.facebookbrand-2018-release.fb.com:80
[http] ja.facebookbrand-dev.fb.com:80
[http] ja.facebookbrand-preprod.fb.com:80
[http] ja.facebookbrand-release.fb.com:80
[http] ja.newsroom.fb.com:80
[http] jawbreaker.facebookbrand-2018-preprod.fb.com:80
[http] jp.instantarticles.fb.com:80
[http] jp.yearinreview.fb.com:80
[http] keepingthepromise.fb.com:80
[http] ko-kr.facebookbrand-2018-dev.fb.com:80
[http] ko-kr.facebookbrand-2018.fb.com:80
[http] ko-kr.facebookbrand-2018-preprod.fb.com:80
[http] ko-kr.facebookbrand-2018-release.fb.com:80
[http] ko-kr.facebookbrand-dev.fb.com:80
[http] ko-kr.facebookbrand-preprod.fb.com:80
[http] ko-kr.facebookbrand-release.fb.com:80
[http] ko.newsroom.fb.com:80
[http] korea.fb.com:80
[http] kr.instantarticles.fb.com:80
[http] kr.yearinreview.fb.com:80
[http] l1-dev.fb.com:80
[http] l1-preprod.fb.com:80
[http] l1-uat.fb.com:80
[http] l1-usdev.fb.com:80
[http] l1-uspreprod.fb.com:80
[http] l1-usuat.fb.com:80
[http] ldnlabcreators.fb.com:80
[http] ldnlab.fb.com:80
[http] learn.fb.com:80
[http] learn.terragraph.fb.com:80
[http] learntoprotect.fb.com:80
[http] learn-us-dev.fb.com:80
[http] learn-us-preprod.fb.com:80
[http] learn-us-uat.fb.com:80
[http] learn-us-usdev.fb.com:80
[http] learn-us-uspreprod.fb.com:80
[http] learn-us-usuat.fb.com:80
[http] lernen.fb.com:80
[http] linux.fb.com:80
[http] live.fb.com:80
[http] loncov3.facebookbrand-preprod.fb.com:80
[http] loncov5.facebookbrand-dev.fb.com:80
[http] ltam.newsroom.fb.com:80
[http] madeby.fb.com:80
[http] madebyyou.fb.com:80
[http] managingbias.fb.com:80
[http] media.fb.com:80
[http] messenger.fb.com:80
[http] messengernews.fb.com:80
[http] messengerplatform.fb.com:80
[http] mexico.fb.com:80
[http] middlemileinfra.fb.com:80
[http] minecraft-virusz.facebookbrand-preprod.fb.com:80
[http] mx.instantarticles.fb.com:80
[http] mx.yearinreview.fb.com:80
[http] mydigitalworld.fb.com:80
[http] newsfeed.fb.com:80
[http] newsroom.fb.com:80
[http] n.fb.com:80
[http] nghub.fb.com:80
[http] nigeria.fb.com:80
[http] nl.facebookbrand-2018-dev.fb.com:80
[http] nl.facebookbrand-2018.fb.com:80
[http] nl.facebookbrand-2018-preprod.fb.com:80
[http] nl.facebookbrand-2018-release.fb.com:80
[http] nl.facebookbrand-dev.fb.com:80
[http] nl.facebookbrand-preprod.fb.com:80
[http] nl.facebookbrand-release.fb.com:80
[http] nonprofits.fb.com:80
[http] npe.fb.com:80
[http] oculusforbusiness.fb.com:80
[http] oculusweb.fb.com:80
[http] openg.fb.com:80
[http] opensource.fb.com:80
[http] pay.fb.com:80
[http] peoplepractices.fb.com:80
[http] phabricator.cstools.fb.com:80
[http] phabricator.fb.com:80
[http] phabricatorfiles.cstools.fb.com:80
[http] phabricatorfiles.fb.com:80
[http] phabricatorfiles.intern.fb.com:80
[http] phabricatorfiles.internmc.fb.com:80
[http] phabricator.intern.fb.com:80
[http] phabricator.internmc.fb.com:80
[http] philippines.fb.com:80
[http] pilipinas.fb.com:80
[http] placetips.fb.com:80
[http] pl.facebookbrand-2018-dev.fb.com:80
[http] pl.facebookbrand-2018.fb.com:80
[http] pl.facebookbrand-2018-preprod.fb.com:80
[http] pl.facebookbrand-2018-release.fb.com:80
[http] pl.facebookbrand-dev.fb.com:80
[http] pl.facebookbrand-preprod.fb.com:80
[http] pl.facebookbrand-release.fb.com:80
[http] pmp.fb.com:80
[http] poland.fb.com:80
[http] politics.fb.com:80
[http] polska.fb.com:80
[http] portal.fb.com:80
[http] preventivehealth.fb.com:80
[http] privacytech.fb.com:80
[http] programswhatsapp.fb.com:80
[http-proxy] hyd-o10-primary.supernova.fb.com:8080
[http-proxy] investor.fb.com:8080
[http-proxy] www.zimride.fb.com:8080
[http-proxy] zimride.fb.com:8080
[http] przestrzen.fb.com:80
[http] pt-br.facebookbrand-2018-dev.fb.com:80
[http] pt-br.facebookbrand-2018.fb.com:80
[http] pt-br.facebookbrand-2018-preprod.fb.com:80
[http] pt-br.facebookbrand-2018-release.fb.com:80
[http] pt-br.facebookbrand-dev.fb.com:80
[http] pt-br.facebookbrand-preprod.fb.com:80
[http] pt-br.facebookbrand-release.fb.com:80
[http] pt.events.fb.com:80
[http] pt-pt.facebookbrand-2018-dev.fb.com:80
[http] pt-pt.facebookbrand-2018.fb.com:80
[http] pt-pt.facebookbrand-2018-preprod.fb.com:80
[http] pt-pt.facebookbrand-2018-release.fb.com:80
[http] pt-pt.facebookbrand-dev.fb.com:80
[http] pt-pt.facebookbrand-preprod.fb.com:80
[http] pt-pt.facebookbrand-release.fb.com:80
[http] questday.fb.com:80
[http] quill.fb.com:80
[http] realitylabsacademy.fb.com:80
[http] reports.fb.com:80
[http] research.fb.com:80
[http] rightsmanager.fb.com:80
[http] router-reboot-story.fb.com:80
[http] rozwoj-dev.fb.com:80
[http] rozwoj.fb.com:80
[http] rozwoj-preprod.fb.com:80
[http] rozwoj-uat.fb.com:80
[http] rozwoj-usdev.fb.com:80
[http] rozwoj-uspreprod.fb.com:80
[http] rozwoj-usuat.fb.com:80
[http] ru.facebookbrand-2018-dev.fb.com:80
[http] ru.facebookbrand-2018.fb.com:80
[http] ru.facebookbrand-2018-preprod.fb.com:80
[http] ru.facebookbrand-2018-release.fb.com:80
[http] ru.facebookbrand-dev.fb.com:80
[http] ru.facebookbrand-preprod.fb.com:80
[http] ru.facebookbrand-release.fb.com:80
[http] ru.instantarticles.fb.com:80
[https] 0003-pt-br.facebookbrand-2018-dev.fb.com:443
[https] 0121wip.facebookbrand-2018-dev.fb.com:443
[https] 033online.facebookbrand-2018-dev.fb.com:443
[https] 052500.facebookbrand-2018-dev.fb.com:443
[https] 05dgw.facebookbrand-preprod.fb.com:443
[https] 0621dfd.facebookbrand-2018-dev.fb.com:443
[https] 06694910.facebookbrand-2018-dev.fb.com:443
[https] 082682.facebookbrand-2018-dev.fb.com:443
[https] 08i91.facebookbrand-2018-dev.fb.com:443
[https] 08l21.facebookbrand-2018-dev.fb.com:443
[https] 09ar.facebookbrand-2018-dev.fb.com:443
[https] 0acea.facebookbrand-2018-dev.fb.com:443
[https] 0ans.facebookbrand-2018-dev.fb.com:443
[https] 0antbr.facebookbrand-2018-dev.fb.com:443
[https] 0authfiles78t98799.facebookbrand-2018-dev.fb.com:443
[https] 0aw48j.facebookbrand-2018-dev.fb.com:443
[https] 0bd8a6ms5xl8tfas0uhrfm80b.facebookbrand-2018-dev.fb.com:443
[https] 0c801c53c1114e128504e0ca98dca5ea.facebookbrand-2018-dev.fb.com:443
[https] 0crzr.facebookbrand-2018-dev.fb.com:443
[https] 0facebook360vi.facebookbrand-2018-dev.fb.com:443
[https] 0famfgq.facebookbrand-2018-dev.fb.com:443
[https] 0fs1tf3.facebookbrand-2018-dev.fb.com:443
[https] 0-fsour.facebookbrand-2018-dev.fb.com:443
[https] 0fssw.facebookbrand-2018-dev.fb.com:443
[https] 0gd7v.facebookbrand-2018-dev.fb.com:443
[https] 0getr.facebookbrand-2018-dev.fb.com:443
[https] 0i8u16.facebookbrand-2018-dev.fb.com:443
[https] 0j9z2gvao.facebookbrand-2018-dev.fb.com:443
[https] 0jvwt56.facebookbrand-2018-dev.fb.com:443
[https] 0kaqckwu.facebookbrand-2018-dev.fb.com:443
[https] 0kxvv.facebookbrand-2018-dev.fb.com:443
[https] 0lmne.facebookbrand-2018-dev.fb.com:443
[https] 0o4c55sgfhtn3oqu.facebookbrand-2018-dev.fb.com:443
[https] 0ook665video.facebookbrand-2018-dev.fb.com:443
[https] 0ormentrol0hans.facebookbrand-2018-dev.fb.com:443
[https] 0ovp5v.facebookbrand-2018-dev.fb.com:443
[https] 0p2qz.facebookbrand-2018-dev.fb.com:443
[https] 0pqx.facebookbrand-2018-dev.fb.com:443
[https] 0qk5d.facebookbrand-2018-dev.fb.com:443
[https] 0r8m.facebookbrand-2018-dev.fb.com:443
[https] 0raj3.facebookbrand-2018-dev.fb.com:443
[https] 0sexyprincess86.facebookbrand-2018-dev.fb.com:443
[https] 0sfeedback.facebookbrand-2018-dev.fb.com:443
[https] 0spreprototype.facebookbrand-2018-dev.fb.com:443
[https] 0t-br.facebookbrand-2018-dev.fb.com:443
[https] 0tcka.facebookbrand-2018-dev.fb.com:443
[https] 0tinzx5ctu-u1et-r0o6wdlr3lcnpk6.facebookbrand-2018-dev.fb.com:443
[https] 0tmy.facebookbrand-2018-dev.fb.com:443
[https] 0utsrqponmlkji.facebookbrand-2018-dev.fb.com:443
[https] 0vgzhsuh20.facebookbrand-2018-dev.fb.com:443
[https] 0w9yysp.facebookbrand-2018-dev.fb.com:443
[https] 0wyt6.facebookbrand-2018-dev.fb.com:443
[https] 0xfo8cy.facebookbrand-2018-dev.fb.com:443
[https] 0yc46fm.facebookbrand-2018-dev.fb.com:443
[https] 0yd7p.facebookbrand-2018-dev.fb.com:443
[https] 0yuk2.facebookbrand-2018-dev.fb.com:443
[https] 100000000f75.facebookbrand-2018-dev.fb.com:443
[https] 100021146ma.facebookbrand-2018-dev.fb.com:443
[https] 1000tacosdecanastax1200pesos.facebookbrand-2018-dev.fb.com:443
[https] 1001livres.facebookbrand-2018-dev.fb.com:443
[https] 1006577.facebookbrand-2018-dev.fb.com:443
[https] 100waystolivewell.facebookbrand-2018-dev.fb.com:443
[https] 1010es-la.facebookbrand-2018-dev.fb.com:443
[https] 101dingenomtedoen.facebookbrand-2018-dev.fb.com:443
[https] 102013-aisweb.facebookbrand-2018-dev.fb.com:443
[https] 10-2013tr.facebookbrand-2018-dev.fb.com:443
[https] 1024as.facebookbrand-2018-dev.fb.com:443
[https] 1038prairieavenue.facebookbrand-2018-dev.fb.com:443
[https] 104106205198inaddrarpa.facebookbrand-2018-dev.fb.com:443
[https] 106308.facebookbrand-2018-dev.fb.com:443
[https] 1080pk1.facebookbrand-2018-dev.fb.com:443
[https] 109123221137.facebookbrand-2018-dev.fb.com:443
[https] 1099486137.facebookbrand-2018-dev.fb.com:443
[https] 10analyticspt-br.facebookbrand-2018-dev.fb.com:443
[https] 10backend-pt-pt.facebookbrand-2018-dev.fb.com:443
[https] 10bi.facebookbrand-2018-dev.fb.com:443
[https] 10-brazilzh-hans.facebookbrand-2018-dev.fb.com:443
[https] 10coco.facebookbrand-2018-dev.fb.com:443
[https] 10data-ja.facebookbrand-2018-dev.fb.com:443
[https] 10demo-ko-kr.facebookbrand-2018-dev.fb.com:443
[https] 10e1a.facebookbrand-2018-dev.fb.com:443
[https] 10es-la-7.facebookbrand-2018-dev.fb.com:443
[https] 10gymiliou.facebookbrand-2018-dev.fb.com:443
[https] 10-helm.facebookbrand-2018-dev.fb.com:443
[https] 10-ja.facebookbrand-2018-dev.fb.com:443
[https] 10legal.facebookbrand-2018-dev.fb.com:443
[https] 10mob.facebookbrand-2018-dev.fb.com:443
[https] 10ns6.facebookbrand-2018-dev.fb.com:443
[https] 10-property.facebookbrand-2018-dev.fb.com:443
[https] 10-ru.facebookbrand-2018-dev.fb.com:443
[https] 10silver.facebookbrand-2018-dev.fb.com:443
[https] 10teena.facebookbrand-2018-dev.fb.com:443
[https] 10test11.facebookbrand-2018-dev.fb.com:443
[https] 10video.facebookbrand-2018-dev.fb.com:443
[https] 10-yaroslavl.facebookbrand-2018-dev.fb.com:443
[https] 10zh-hans.facebookbrand-2018-dev.fb.com:443
[https] 11-10es-la.facebookbrand-2018-dev.fb.com:443
[https] 11110169.facebookbrand-2018-dev.fb.com:443
[https] 1-11192521403954.facebookbrand-2018-dev.fb.com:443
[https] 11.11-es-la.facebookbrand-2018-dev.fb.com:443
[https] 1-12-ko-kr.facebookbrand-2018-dev.fb.com:443
[https] 11-b-coressabores2012.facebookbrand-2018-dev.fb.com:443
[https] 11-bts.facebookbrand-2018-dev.fb.com:443
[https] 11-bucket-de.facebookbrand-2018-dev.fb.com:443
[https] 11-cloudfrontzh-hans.facebookbrand-2018-dev.fb.com:443
[https] 11-dsl.facebookbrand-2018-dev.fb.com:443
[https] 11-g2.facebookbrand-2018-dev.fb.com:443
[https] 11-home1.facebookbrand-2018-dev.fb.com:443
[https] 11-ko-kr-6.facebookbrand-2018-dev.fb.com:443
[https] 11-notes.facebookbrand-2018-dev.fb.com:443
[https] 11-speedtest1.facebookbrand-2018-dev.fb.com:443
[https] 11-sr2.facebookbrand-2018-dev.fb.com:443
[https] 11-story.facebookbrand-2018-dev.fb.com:443
[https] 11-visa.facebookbrand-2018-dev.fb.com:443
[https] 1-2016es.facebookbrand-2018-dev.fb.com:443
[https] 1412.facebookbrand-preprod.fb.com:443
[https] 1-5-pt-pt.facebookbrand-2018-dev.fb.com:443
[https] 17.11-ar.facebookbrand-2018-dev.fb.com:443
[https] 1-8-appstore.facebookbrand-2018-dev.fb.com:443
[https] 1-8-en.facebookbrand-2018-dev.fb.com:443
[https] 18wus.facebookbrand-preprod.fb.com:443
[https] 19.10-es-la.facebookbrand-2018-dev.fb.com:443
[https] 1-aisweb-3.facebookbrand-2018-dev.fb.com:443
[https] 1-av.facebookbrand-2018-dev.fb.com:443
[https] 1-cloudfrontru.facebookbrand-2018-dev.fb.com:443
[https] 1-cms1coressabores2012.facebookbrand-2018-dev.fb.com:443
[https] 1-en-9.facebookbrand-2018-dev.fb.com:443
[https] 1-js4h97ik0qtb.facebookbrand-2018-dev.fb.com:443
[https] 1-ru.facebookbrand-2018-dev.fb.com:443
[https] 360.fb.com:443
[https] 360video.fb.com:443
[https] 360videos.fb.com:443
[https] 4.www.1.facebookbrand-2018-dev.fb.com:443
[https] 9i.facebookbrand-release.fb.com:443
[https] a.10zh-hant.facebookbrand-2018-dev.fb.com:443
[https] about.fb.com:443
[https] abpstories.fb.com:443
[https] access.fb.com:443
[https] acs.global.dev.us-west-2.vdi.fb.com:443
[https] acs.global.prod.ap-south-1.vdi.fb.com:443
[https] acs.global.prod.ap-southeast-1.vdi.fb.com:443
[https] acs.global.prod.eu-west-2.vdi.fb.com:443
[https] acs.global.prod.us-east-1.vdi.fb.com:443
[https] acs.global.prod.us-east-2.vdi.fb.com:443
[https] acs.global.prod.us-west-2.vdi.fb.com:443
[https] acs.regional.dev.us-west-2.vdi.fb.com:443
[https] acs.regional.prod.ap-south-1.vdi.fb.com:443
[https] acs.regional.prod.ap-southeast-1.vdi.fb.com:443
[https] acs.regional.prod.eu-west-2.vdi.fb.com:443
[https] acs.regional.prod.us-east-1.vdi.fb.com:443
[https] acs.regional.prod.us-east-2.vdi.fb.com:443
[https] acs.regional.prod.us-west-2.vdi.fb.com:443
[https] active.www.facebookbrand-preprod.fb.com:443
[https] admin.100.facebookbrand-2018-dev.fb.com:443
[https] adminaffordablevaccines.facebookbrand-preprod.fb.com:443
[https] ads-manager-dev.status.fb.com:443
[https] ads-manager.status.fb.com:443
[https] ads-transparency-dev.status.fb.com:443
[https] ads-transparency.status.fb.com:443
[https] affordablevaccines.facebookbrand-preprod.fb.com:443
[https] agencies.fb.com:443
[https] ai.fb.com:443
[https] aisweb.facebookbrand-2018-dev.fb.com:443
[https] alniddfatis-vip2.facebookbrand-release.fb.com:443
[https] alnnggts403-dmz2.facebookbrand-release.fb.com:443
[https-alt] wcz04.fava.fb.com:8443
[https-alt] wcz11.fava.fb.com:8443
[https-alt] wcz14.fava.fb.com:8443
[https-alt] wcz23.fava.fb.com:8443
[https-alt] wcz26.fava.fb.com:8443
[https-alt] wcz51.fava.fb.com:8443
[https-alt] www.zimride.fb.com:8443
[https-alt] zimride.fb.com:8443
[https] antivirus-extension.facebookbrand-preprod.fb.com:443
[https] antivirus-for-all.facebookbrand-release.fb.com:443
[https] aotearoanz.fb.com:443
[https] apacpolicy.fb.com:443
[https] apmms.fb.com:443
[https] aprenda-dev.fb.com:443
[https] aprenda.fb.com:443
[https] aprenda-preprod.fb.com:443
[https] aprenda-uat.fb.com:443
[https] aprenda-usdev.fb.com:443
[https] aprenda-uspreprod.fb.com:443
[https] aprenda-usuat.fb.com:443
[https] aprende-dev.fb.com:443
[https] aprende.fb.com:443
[https] aprende-preprod.fb.com:443
[https] aprende-uat.fb.com:443
[https] aprende-usdev.fb.com:443
[https] aprende-uspreprod.fb.com:443
[https] aprende-usuat.fb.com:443
[https] ar.facebookbrand-2018-dev.fb.com:443
[https] ar.facebookbrand-2018.fb.com:443
[https] ar.facebookbrand-2018-preprod.fb.com:443
[https] ar.facebookbrand-2018-release.fb.com:443
[https] ar.facebookbrand-dev.fb.com:443
[https] ar.facebookbrand-preprod.fb.com:443
[https] ar.facebookbrand-release.fb.com:443
[https] argentina.fb.com:443
[https] ar.yearinreview.fb.com:443
[https] asahdigital.fb.com:443
[https] ash-fsoutpost.fb.com:443
[https] ath-o1-primary.supernova.fb.com:443
[https] ath-o1-secondary.supernova.fb.com:443
[https] ath-o1.supernova.fb.com:443
[https] audio360.fb.com:443
[https] au.newsroom.fb.com:443
[https] australia.fb.com:443
[https] autos.fb.com:443
[https] au.yearinreview.fb.com:443
[https] avira-free-antivirus.facebookbrand-preprod.fb.com:443
[https] bcn-o1-primary.supernova.fb.com:443
[https] bcn-o1-secondary.supernova.fb.com:443
[https] bcn-o1.supernova.fb.com:443
[https] beatsunlocked.fb.com:443
[https] belajarmenjaga.fb.com:443
[https] benefits.fb.com:443
[https] binario-f.fb.com:443
[https] binariof.fb.com:443
[https] biz.fb.com:443
[https] bkk-o1-primary.supernova.fb.com:443
[https] bkk-o1-secondary.supernova.fb.com:443
[https] bkk-o1.supernova.fb.com:443
[https] bog-o1-primary.supernova.fb.com:443
[https] bog-o1-secondary.supernova.fb.com:443
[https] bog-o1.supernova.fb.com:443
[https] bog-o2-primary.supernova.fb.com:443
[https] bog-o2-secondary.supernova.fb.com:443
[https] bog-o2.supernova.fb.com:443
[https] bom-o1-primary.supernova.fb.com:443
[https] bom-o1-secondary.supernova.fb.com:443
[https] bom-o1.supernova.fb.com:443
[https] bom-o2-primary.supernova.fb.com:443
[https] bom-o2-secondary.supernova.fb.com:443
[https] bom-o2.supernova.fb.com:443
[https] bom-o4-primary.supernova.fb.com:443
[https] bom-o4.supernova.fb.com:443
[https] brasil.fb.com:443
[https] brazil.fb.com:443
[https] br.instantarticles.fb.com:443
[https] br.newsroom.fb.com:443
[https] br.yearinreview.fb.com:443
[https] businesspartners.fb.com:443
[https] buy.fb.com:443
[https] ca.newsroom.fb.com:443
[https] careerconnections.fb.com:443
[https] cdp.fb.com:443
[https] ch.instantarticles.fb.com:443
[https] cityguides.fb.com:443
[https] classof2020.fb.com:443
[https] cm.iad-1.prod.us-east-1.vdi.fb.com:443
[https] cm.pdx-1.dev.us-west-2.vdi.fb.com:443
[https] cm.pdx-2.prod.us-west-2.vdi.fb.com:443
[https] cm.primary.ath.1.cop.eu-central-1.supernova.fb.com:443
[https] cm.primary.bcn.1.coo.eu-west-2.supernova.fb.com:443
[https] cm.primary.bkk.1.coo.ap-southeast-1.supernova.fb.com:443
[https] cm.primary.bog.1.cop.ca-central-1.supernova.fb.com:443
[https] cm.primary.bom.1.coo.ap-southeast-1.supernova.fb.com:443
[https] cm.primary.bom.2.bio.ap-southeast-1.supernova.fb.com:443
[https] cm.primary.bom.4.bcp.ap-south-1.supernova.fb.com:443
[https] cm.primary.crk.1.cbi.ap-southeast-1.supernova.fb.com:443
[https] cm.primary.dmo.1.coo.dev.us-west-2.supernova.fb.com:443
[https] cm.primary.dmo.2.coo.eu-west-2.supernova.fb.com:443
[https] cm.primary.dmo.3.coo.us-west-2.supernova.fb.com:443
[https] cm.primary.dmo.4.coo.ap-southeast-1.supernova.fb.com:443
[https] cm.primary.dub.1.coo.eu-west-1.supernova.fb.com:443
[https] cm.primary.dub.2.cbi.eu-west-1.supernova.fb.com:443
[https] cm.primary.dub.4.cbi.eu-west-1.supernova.fb.com:443
[https] cm.primary.dvo.1.bio.ap-south-1.supernova.fb.com:443
[https] cm.primary.ess.1.coo.eu-west-2.supernova.fb.com:443
[https] cm.primary.hyd.2.bio.ap-southeast-1.supernova.fb.com:443
[https] cm.primary.hyd.4.coo.ap-south-1.supernova.fb.com:443
[https] cm.primary.hyd.6.com.ap-south-1.supernova.fb.com:443
[https] cm.primary.hyd.7.bio.ap-south-1.supernova.fb.com:443
[https] cm.primary.hyd.8.cop.ap-south-1.supernova.fb.com:443
[https] cm.primary.idr.1.com.ap-south-1.supernova.fb.com:443
[https] cm.primary.idr.2.pdo.ap-south-1.supernova.fb.com:443
[https] cm.primary.kul.1.coo.ap-southeast-1.supernova.fb.com:443
[https] cm.primary.lis.1.coo.eu-west-1.supernova.fb.com:443
[https] cm.primary.lis.3.wps.eu-west-2.supernova.fb.com:443
[https] cm.primary.mac.1.rnp.ap-south-1.supernova.fb.com:443
[https] cm.primary.mac.2.com.ap-southeast-1.supernova.fb.com:443
[https] cm.primary.mac.3.bio.ap-southeast-1.supernova.fb.com:443
[https] cm.primary.mnl.1.coo.ap-southeast-1.supernova.fb.com:443
[https] cm.primary.mnl.3.coo.ap-southeast-1.supernova.fb.com:443
[https] cm.primary.mnl.6.bio.ap-south-1.supernova.fb.com:443
[https] cm.primary.mnl.7.com.ap-south-1.supernova.fb.com:443
[https] cm.primary.mnl.8.rnp.ap-south-1.supernova.fb.com:443
[https] cm.primary.nbo.1.coo.eu-central-1.supernova.fb.com:443
[https] cm.primary.pdx.1.bcp.us-west-2.supernova.fb.com:443
[https] cm.primary.rix.1.coo.eu-west-2.supernova.fb.com:443
[https] cm.primary.sin.1.coo.ap-southeast-1.supernova.fb.com:443
[https] cm.primary.sin.3.fpl.ap-southeast-1.supernova.fb.com:443
[https] cm.primary.sof.1.coo.eu-central-1.supernova.fb.com:443
[https] cm.secondary.bcn.1.coo.eu-west-1.supernova.fb.com:443
[https] cm.secondary.bkk.1.coo.ap-northeast-1.supernova.fb.com:443
[https] cm.secondary.bog.1.cop.us-east-1.supernova.fb.com:443
[https] cm.secondary.bom.1.coo.ap-northeast-1.supernova.fb.com:443
[https] cm.secondary.bom.2.bio.ap-northeast-1.supernova.fb.com:443
[https] cm.secondary.crk.1.cbi.ap-northeast-1.supernova.fb.com:443
[https] cm.secondary.dub.1.coo.eu-west-2.supernova.fb.com:443
[https] cm.secondary.dub.2.cbi.eu-west-2.supernova.fb.com:443
[https] cm.secondary.dub.4.cbi.eu-west-2.supernova.fb.com:443
[https] cm.secondary.dvo.1.bio.ap-southeast-1.supernova.fb.com:443
[https] cm.secondary.ess.1.coo.eu-west-1.supernova.fb.com:443
[https] cm.secondary.hyd.2.bio.ap-northeast-1.supernova.fb.com:443
[https] cm.secondary.hyd.4.coo.ap-southeast-1.supernova.fb.com:443
[https] cm.secondary.hyd.7.bio.ap-southeast-1.supernova.fb.com:443
[https] cm.secondary.hyd.8.cop.ap-southeast-1.supernova.fb.com:443
[https] cm.secondary.idr.1.com.ap-southeast-1.supernova.fb.com:443
[https] cm.secondary.idr.2.pdo.ap-southeast-1.supernova.fb.com:443
[https] cm.secondary.kul.1.coo.ap-northeast-1.supernova.fb.com:443
[https] cm.secondary.lis.1.coo.eu-west-2.supernova.fb.com:443
[https] cm.secondary.lis.3.wps.eu-central-1.supernova.fb.com:443
[https] cm.secondary.mac.1.rnp.ap-southeast-1.supernova.fb.com:443
[https] cm.secondary.mac.2.com.ap-south-1.supernova.fb.com:443
[https] cm.secondary.mac.3.bio.ap-south-1.supernova.fb.com:443
[https] cm.secondary.mnl.1.coo.ap-northeast-1.supernova.fb.com:443
[https] cm.secondary.mnl.3.coo.ap-northeast-1.supernova.fb.com:443
[https] cm.secondary.mnl.6.bio.ap-southeast-1.supernova.fb.com:443
[https] cm.secondary.mnl.7.com.ap-southeast-1.supernova.fb.com:443
[https] cm.secondary.mnl.8.rnp.ap-southeast-1.supernova.fb.com:443
[https] cm.secondary.nbo.1.coo.eu-west-1.supernova.fb.com:443
[https] cm.secondary.rix.1.coo.eu-west-1.supernova.fb.com:443
[https] cm.secondary.sin.1.coo.ap-northeast-1.supernova.fb.com:443
[https] cm.secondary.sin.3.fpl.ap-northeast-1.supernova.fb.com:443
[https] cm.secondary.sof.1.coo.eu-west-1.supernova.fb.com:443
[https] code-dev.fb.com:443
[https] code.fb.com:443
[https] colombia.fb.com:443
[https] commerce-dev.status.fb.com:443
[https] commerce.status.fb.com:443
[https] communities.fb.com:443
[https] connectivity.fb.com:443
[https] contentdistributionpolicies.fb.com:443
[https] contentdistributionpolicy.fb.com:443
[https] content.fb.com:443
[https] coressabores2012.facebookbrand-2018-dev.fb.com:443
[https] coronarytorture.facebookbrand-release.fb.com:443
[https] counterspeech.fb.com:443
[https] covid-survey.dataforgood.fb.com:443
[https] creative.fb.com:443
[https] creativehub.fb.com:443
[https] crk-o1-primary.supernova.fb.com:443
[https] crk-o1-secondary.supernova.fb.com:443
[https] crk-o1.supernova.fb.com:443
[https] da-dk.facebookbrand-2018-dev.fb.com:443
[https] da-dk.facebookbrand-2018.fb.com:443
[https] da-dk.facebookbrand-2018-preprod.fb.com:443
[https] da-dk.facebookbrand-2018-release.fb.com:443
[https] da-dk.facebookbrand-dev.fb.com:443
[https] da-dk.facebookbrand-preprod.fb.com:443
[https] da-dk.facebookbrand-release.fb.com:443
[https] datacenters.fb.com:443
[https] dataforgood.fb.com:443
[https] dataportability.fb.com:443
[https] de.events.fb.com:443
[https] de.facebookbrand-2018-dev.fb.com:443
[https] de.facebookbrand-2018.fb.com:443
[https] de.facebookbrand-2018-preprod.fb.com:443
[https] de.facebookbrand-2018-release.fb.com:443
[https] de.facebookbrand-dev.fb.com:443
[https] de.facebookbrand-preprod.fb.com:443
[https] de.facebookbrand-release.fb.com:443
[https] de.instantarticles.fb.com:443
[https] demo.supernova.fb.com:443
[https] demotrainingportal.fb.com:443
[https] de.newsroom.fb.com:443
[https] depannage-ordinateur-windows-virus.facebookbrand-dev.fb.com:443
[https] de.sustainability.fb.com:443
[https] deutschland.fb.com:443
[https] developerevents.fb.com:443
[https] dev.fb.com:443
[https] de.yearinreview.fb.com:443
[https] digitaleslernen.fb.com:443
[https] digitaleslernzentrum.fb.com:443
[https] digitalskill.fb.com:443
[https] digitalskills.fb.com:443
[https] digitalskillsmichigan.fb.com:443
[https] digitalskillsus.fb.com:443
[https] digitaltayo.fb.com:443
[https] digitaltraining.fb.com:443
[https] diversity.fb.com:443
[https] diversityreport.fb.com:443
[https] dmo-o1-primary.supernova.fb.com:443
[https] dmo-o1.supernova.fb.com:443
[https] dmo-o2-primary.supernova.fb.com:443
[https] dmo-o2.supernova.fb.com:443
[https] dmo-o3-primary.supernova.fb.com:443
[https] dmo-o3.supernova.fb.com:443
[https] dmo-o4-primary.supernova.fb.com:443
[https] dmo-o4.supernova.fb.com:443
[https] donate.fb.com:443
[https] donations.fb.com:443
[https] ds1-dev.fb.com:443
[https] ds1-preprod.fb.com:443
[https] ds1-uat.fb.com:443
[https] ds1-usdev.fb.com:443
[https] ds1-uspreprod.fb.com:443
[https] ds1-usuat.fb.com:443
[https] ds2-dev.fb.com:443
[https] ds2-preprod.fb.com:443
[https] dub-o1-primary.supernova.fb.com:443
[https] dub-o1-secondary.supernova.fb.com:443
[https] dub-o1.supernova.fb.com:443
[https] dub-o2-primary.supernova.fb.com:443
[https] dub-o2-secondary.supernova.fb.com:443
[https] dub-o2.supernova.fb.com:443
[https] dub-o4-primary.supernova.fb.com:443
[https] dub-o4-secondary.supernova.fb.com:443
[https] dub-o4.supernova.fb.com:443
[https] dvo-o1-primary.supernova.fb.com:443
[https] dvo-o1-secondary.supernova.fb.com:443
[https] dvo-o1.supernova.fb.com:443
[http] search.fb.com:80
[https] economy.fb.com:443
[https] education.fb.com:443
[https] edu.fb.com:443
[http] seformer.fb.com:80
[https] ehrenamt.fb.com:443
[https] email.frlstudies.fb.com:443
[https] emeapolicycovidhub.fb.com:443
[https] en.facebookbrand-2018-dev.fb.com:443
[https] en.facebookbrand-2018.fb.com:443
[https] en.facebookbrand-2018-preprod.fb.com:443
[https] en.facebookbrand-2018-release.fb.com:443
[https] en.facebookbrand-dev.fb.com:443
[https] en.facebookbrand-preprod.fb.com:443
[https] en.facebookbrand-release.fb.com:443
[https] engineerfortheweek.fb.com:443
[https] engineering.fb.com:443
[https] enterpriseenrollment.fb.com:443
[https] enterpriseregistration.fb.com:443
[https] es.events.fb.com:443
[https] es.facebookbrand-2018-dev.fb.com:443
[https] es.facebookbrand-2018.fb.com:443
[https] es.facebookbrand-2018-preprod.fb.com:443
[https] es.facebookbrand-2018-release.fb.com:443
[https] es.facebookbrand-dev.fb.com:443
[https] es.facebookbrand-preprod.fb.com:443
[https] es.facebookbrand-release.fb.com:443
[https] es-hub.fb.com:443
[https] eshub.fb.com:443
[https] es.instantarticles.fb.com:443
[https] es-la.facebookbrand-2018-dev.fb.com:443
[https] es-la.facebookbrand-2018.fb.com:443
[https] es-la.facebookbrand-2018-preprod.fb.com:443
[https] es-la.facebookbrand-2018-release.fb.com:443
[https] es-la.facebookbrand-dev.fb.com:443
[https] es-la.facebookbrand-preprod.fb.com:443
[https] es-la.facebookbrand-release.fb.com:443
[https] es.newsroom.fb.com:443
[https] espana.fb.com:443
[https] ess-o1-primary.supernova.fb.com:443
[https] ess-o1-secondary.supernova.fb.com:443
[https] ess-o1.supernova.fb.com:443
[https] es.sustainability.fb.com:443
[https] estacaohack.fb.com:443
[https] es.techprep.fb.com:443
[https] es.yearinreview.fb.com:443
[https] eu-dev.fb.com:443
[https] eu.fb.com:443
[https] eu-preprod.fb.com:443
[https] europeanunion.fb.com:443
[https] events.fb.com:443
[https] expresswifi.fb.com:443
[https] f1-dev.fb.com:443
[https] f1-preprod.fb.com:443
[https] f1-uat.fb.com:443
[https] f1-usdev.fb.com:443
[https] f1-uspreprod.fb.com:443
[https] f1-usuat.fb.com:443
[https] facebook360.fb.com:443
[https] facebookatunga.fb.com:443
[https] facebookbrand-2018-dev.fb.com:443
[https] facebookbrand-2018.fb.com:443
[https] facebookbrand-2018-preprod.fb.com:443
[https] facebookbrand-2018-release.fb.com:443
[https] facebookbrand-dev.fb.com:443
[https] facebookbrand-preprod.fb.com:443
[https] facebookbrand-release.fb.com:443
[https] facebookforums.fb.com:443
[https] facebookinnigeria.fb.com:443
[https] fb.com:443
[http] s.fb.com:80
[https] fbindia.fb.com:443
[https] fbs-dev.status.fb.com:443
[https] fbs.status.fb.com:443
[https] fightcovidmisinfo.fb.com:443
[https] formation.fb.com:443
[https] fort.fb.com:443
[https] forwardtogether.fb.com:443
[https] france.fb.com:443
[https] free.fb.com:443
[https] fr.events.fb.com:443
[https] fr.facebookbrand-2018-dev.fb.com:443
[https] fr.facebookbrand-2018.fb.com:443
[https] fr.facebookbrand-2018-preprod.fb.com:443
[https] fr.facebookbrand-2018-release.fb.com:443
[https] fr.facebookbrand-dev.fb.com:443
[https] fr.facebookbrand-preprod.fb.com:443
[https] fr.facebookbrand-release.fb.com:443
[https] fr.instantarticles.fb.com:443
[https] frljourneymap.fb.com:443
[https] fr.newsroom.fb.com:443
[https] fr.sustainability.fb.com:443
[https] fr.yearinreview.fb.com:443
[https] fs.fb.com:443
[https] fsoutpost.fb.com:443
[https] gb.newsroom.fb.com:443
[https] germany.fb.com:443
[https] giftofgiving.fb.com:443
[https] go.fb.com:443
[https] going-global.fb.com:443
[https] graph-api.status.fb.com:443
[https] graph-hack.fb.com:443
[https] groups.fb.com:443
[https] gs.fb.com:443
[https] hacktober.fb.com:443
[https] hardquestions.fb.com:443
[https] hardquestionstour.fb.com:443
[http] sheleadstechin.fb.com:80
[http] shemeansbusiness.fb.com:80
[https] h.fb.com:443
[https] hk.instantarticles.fb.com:443
[https] humanrights.fb.com:443
[https] hyd-o10-primary.supernova.fb.com:443
[https] hyd-o10.supernova.fb.com:443
[https] hyd-o2-primary.supernova.fb.com:443
[https] hyd-o2-secondary.supernova.fb.com:443
[https] hyd-o2.supernova.fb.com:443
[https] hyd-o4-primary.supernova.fb.com:443
[https] hyd-o4-secondary.supernova.fb.com:443
[https] hyd-o4.supernova.fb.com:443
[https] hyd-o6-primary.supernova.fb.com:443
[https] hyd-o6-secondary.supernova.fb.com:443
[https] hyd-o6.supernova.fb.com:443
[https] hyd-o7-primary.supernova.fb.com:443
[https] hyd-o7-secondary.supernova.fb.com:443
[https] hyd-o7.supernova.fb.com:443
[https] hyd-o8-primary.supernova.fb.com:443
[https] hyd-o8-secondary.supernova.fb.com:443
[https] hyd-o8.supernova.fb.com:443
[https] iad-1.vdi.fb.com:443
[https] id.instantarticles.fb.com:443
[https] idr-o1-primary.supernova.fb.com:443
[https] idr-o1-secondary.supernova.fb.com:443
[https] idr-o1.supernova.fb.com:443
[https] idr-o2-primary.supernova.fb.com:443
[https] idr-o2-secondary.supernova.fb.com:443
[https] idr-o2.supernova.fb.com:443
[http] signal.fb.com:80
[https] immersivelearningacademy.fb.com:443
[https] impara-dev.fb.com:443
[https] impara.fb.com:443
[https] impara-preprod.fb.com:443
[https] impara-uat.fb.com:443
[https] impara-usdev.fb.com:443
[https] impara-uspreprod.fb.com:443
[https] impara-usuat.fb.com:443
[https] indiaeconomy.fb.com:443
[https] india.fb.com:443
[https] indonesia.fb.com:443
[https] initiatives.france.fb.com:443
[https] in.newsroom.fb.com:443
[https] innovationlabkorea-en.fb.com:443
[https] innovationlabkorea.fb.com:443
[https] insidefeed.fb.com:443
[https] insights.fb.com:443
[https] inspired.fb.com:443
[https] instantarticles.fb.com:443
[https] in.yearinreview.fb.com:443
[https] istasyon.fb.com:443
[https] italia.fb.com:443
[https] italy.fb.com:443
[https] it.events.fb.com:443
[https] it.facebookbrand-2018-dev.fb.com:443
[https] it.facebookbrand-2018.fb.com:443
[https] it.facebookbrand-2018-preprod.fb.com:443
[https] it.facebookbrand-2018-release.fb.com:443
[https] it.facebookbrand-dev.fb.com:443
[https] it.facebookbrand-preprod.fb.com:443
[https] it.facebookbrand-release.fb.com:443
[https] it.instantarticles.fb.com:443
[https] it.newsroom.fb.com:443
[https] it.yearinreview.fb.com:443
[https] ja.facebookbrand-2018-dev.fb.com:443
[https] ja.facebookbrand-2018.fb.com:443
[https] ja.facebookbrand-2018-preprod.fb.com:443
[https] ja.facebookbrand-2018-release.fb.com:443
[https] ja.facebookbrand-dev.fb.com:443
[https] ja.facebookbrand-preprod.fb.com:443
[https] ja.facebookbrand-release.fb.com:443
[https] ja.newsroom.fb.com:443
[https] jawbreaker.facebookbrand-2018-preprod.fb.com:443
[https] jp.instantarticles.fb.com:443
[https] jp.yearinreview.fb.com:443
[https] keepingthepromise.fb.com:443
[https] ko-kr.facebookbrand-2018-dev.fb.com:443
[https] ko-kr.facebookbrand-2018.fb.com:443
[https] ko-kr.facebookbrand-2018-preprod.fb.com:443
[https] ko-kr.facebookbrand-2018-release.fb.com:443
[https] ko-kr.facebookbrand-dev.fb.com:443
[https] ko-kr.facebookbrand-preprod.fb.com:443
[https] ko-kr.facebookbrand-release.fb.com:443
[https] ko.newsroom.fb.com:443
[https] korea.fb.com:443
[https] kr.instantarticles.fb.com:443
[https] kr.yearinreview.fb.com:443
[https] l1-dev.fb.com:443
[https] l1-preprod.fb.com:443
[https] l1-uat.fb.com:443
[https] l1-usdev.fb.com:443
[https] l1-uspreprod.fb.com:443
[https] l1-usuat.fb.com:443
[https] ldnlabcreators.fb.com:443
[https] ldnlab.fb.com:443
[https] learn.fb.com:443
[https] learn.terragraph.fb.com:443
[https] learntoprotect.fb.com:443
[https] learn-us-dev.fb.com:443
[https] learn-us-preprod.fb.com:443
[https] learn-us-uat.fb.com:443
[https] learn-us-usdev.fb.com:443
[https] learn-us-uspreprod.fb.com:443
[https] learn-us-usuat.fb.com:443
[https] lerequest.fb.com:443
[https] lerequest-lookaside.fb.com:443
[https] lernen.fb.com:443
[https] linux.fb.com:443
[https] lis-o1-primary.supernova.fb.com:443
[https] lis-o1-secondary.supernova.fb.com:443
[https] lis-o1.supernova.fb.com:443
[https] lis-o3-primary.supernova.fb.com:443
[https] lis-o3-secondary.supernova.fb.com:443
[https] lis-o3.supernova.fb.com:443
[https] live.ath.1.cop.eu-central-1.supernova.fb.com:443
[https] live.bcn.1.coo.eu-west-2.supernova.fb.com:443
[https] live.bkk.1.coo.ap-southeast-1.supernova.fb.com:443
[https] live.bom.1.coo.ap-southeast-1.supernova.fb.com:443
[https] live.bom.2.bio.ap-southeast-1.supernova.fb.com:443
[https] live.bom.4.bcp.ap-south-1.supernova.fb.com:443
[https] live.crk.1.cbi.ap-southeast-1.supernova.fb.com:443
[https] live.dmo.1.coo.dev.us-west-2.supernova.fb.com:443
[https] live.dmo.2.coo.eu-west-2.supernova.fb.com:443
[https] live.dmo.3.coo.us-west-2.supernova.fb.com:443
[https] live.dmo.4.coo.ap-southeast-1.supernova.fb.com:443
[https] live.dub.1.coo.eu-west-1.supernova.fb.com:443
[https] live.dub.2.cbi.eu-west-1.supernova.fb.com:443
[https] live.dub.4.cbi.eu-west-1.supernova.fb.com:443
[https] live.dvo.1.bio.ap-south-1.supernova.fb.com:443
[https] live.ess.1.coo.eu-west-2.supernova.fb.com:443
[https] live.fb.com:443
[https] live.hyd.2.bio.ap-southeast-1.supernova.fb.com:443
[https] live.hyd.4.coo.ap-south-1.supernova.fb.com:443
[https] live.iad-1.prod.us-east-1.vdi.fb.com:443
[https] live.idr.1.com.ap-south-1.supernova.fb.com:443
[https] live.idr.2.pdo.ap-south-1.supernova.fb.com:443
[https] live.kul.1.coo.ap-southeast-1.supernova.fb.com:443
[https] live.lis.1.coo.eu-west-1.supernova.fb.com:443
[https] live.lis.3.wps.eu-west-2.supernova.fb.com:443
[https] live.mac.2.com.ap-southeast-1.supernova.fb.com:443
[https] live.mac.3.bio.ap-southeast-1.supernova.fb.com:443
[https] live.mnl.1.coo.ap-southeast-1.supernova.fb.com:443
[https] live.mnl.3.coo.ap-southeast-1.supernova.fb.com:443
[https] live.mnl.6.bio.ap-south-1.supernova.fb.com:443
[https] live.mnl.7.com.ap-south-1.supernova.fb.com:443
[https] live.mnl.8.rnp.ap-south-1.supernova.fb.com:443
[https] live.nbo.1.coo.eu-central-1.supernova.fb.com:443
[https] live.pdx.1.bcp.us-west-2.supernova.fb.com:443
[https] live.pdx-1.dev.us-west-2.vdi.fb.com:443
[https] live.pdx-2.prod.us-west-2.vdi.fb.com:443
[https] live.rix.1.coo.eu-west-2.supernova.fb.com:443
[https] live.sin.1.coo.ap-southeast-1.supernova.fb.com:443
[https] live.sin.3.fpl.ap-southeast-1.supernova.fb.com:443
[https] live.sof.1.coo.eu-central-1.supernova.fb.com:443
[https] loncov3.facebookbrand-preprod.fb.com:443
[https] loncov5.facebookbrand-dev.fb.com:443
[https] ltam.newsroom.fb.com:443
[https] mac-o1-primary.supernova.fb.com:443
[https] mac-o1-secondary.supernova.fb.com:443
[https] mac-o1.supernova.fb.com:443
[https] mac-o2-primary.supernova.fb.com:443
[https] mac-o2-secondary.supernova.fb.com:443
[https] mac-o2.supernova.fb.com:443
[https] mac-o3-primary.supernova.fb.com:443
[https] mac-o3-secondary.supernova.fb.com:443
[https] madeby.fb.com:443
[https] madebyyou.fb.com:443
[https] managingbias.fb.com:443
[https] media.fb.com:443
[https] messenger.fb.com:443
[https] messengernews.fb.com:443
[https] messengerplatform.fb.com:443
[https] mexico.fb.com:443
[https] middlemileinfra.fb.com:443
[https] minecraft-virusz.facebookbrand-preprod.fb.com:443
[https] mnl-o1-primary.supernova.fb.com:443
[https] mnl-o1-secondary.supernova.fb.com:443
[https] mnl-o1.supernova.fb.com:443
[https] mnl-o3-primary.supernova.fb.com:443
[https] mnl-o3-secondary.supernova.fb.com:443
[https] mnl-o3.supernova.fb.com:443
[https] mnl-o6-primary.supernova.fb.com:443
[https] mnl-o6-secondary.supernova.fb.com:443
[https] mnl-o6.supernova.fb.com:443
[https] mnl-o7-primary.supernova.fb.com:443
[https] mnl-o7-secondary.supernova.fb.com:443
[https] mnl-o7.supernova.fb.com:443
[https] mnl-o8-primary.supernova.fb.com:443
[https] mnl-o8-secondary.supernova.fb.com:443
[https] mnl-o8.supernova.fb.com:443
[https] mx.instantarticles.fb.com:443
[https] mx.yearinreview.fb.com:443
[https] mydigitalworld.fb.com:443
[https] my-od-1.fb.com:443
[https] my-od-2.fb.com:443
[https] my-od-3.fb.com:443
[https] my-od-4.fb.com:443
[https] my-od-5.fb.com:443
[https] my-od.fb.com:443
[https] nbo-o1-primary.supernova.fb.com:443
[https] nbo-o1-secondary.supernova.fb.com:443
[https] nbo-o1.supernova.fb.com:443
[https] newsfeed.fb.com:443
[https] newsroom.fb.com:443
[https] n.fb.com:443
[https] nghub.fb.com:443
[https] nigeria.fb.com:443
[https] nl.facebookbrand-2018-dev.fb.com:443
[https] nl.facebookbrand-2018.fb.com:443
[https] nl.facebookbrand-2018-preprod.fb.com:443
[https] nl.facebookbrand-2018-release.fb.com:443
[https] nl.facebookbrand-dev.fb.com:443
[https] nl.facebookbrand-preprod.fb.com:443
[https] nl.facebookbrand-release.fb.com:443
[https] nonprofits.fb.com:443
[https] npe.fb.com:443
[http] socialgood.fb.com:80
[http] socialimpact.fb.com:80
[https] oculusforbusiness.fb.com:443
[https] oculusweb.fb.com:443
[https] openg.fb.com:443
[http] soydigitalco.fb.com:80
[http] soydigitalcr.fb.com:80
[http] soydigital.fb.com:80
[http] soydigitalmx.fb.com:80
[http] spain.fb.com:80
[http] sparkar.fb.com:80
[http] sparkar-partners.fb.com:80
[https] pay.fb.com:443
[https] pdx-2.vdi.fb.com:443
[https] pdx-o1-primary.supernova.fb.com:443
[https] pdx-o1.supernova.fb.com:443
[https] peoplepractices.fb.com:443
[https] phabricator.cstools.fb.com:443
[https] phabricator.fb.com:443
[https] phabricatorfiles.cstools.fb.com:443
[https] phabricatorfiles.fb.com:443
[https] phabricatorfiles.intern.fb.com:443
[https] phabricatorfiles.internmc.fb.com:443
[https] phabricator.intern.fb.com:443
[https] phabricator.internmc.fb.com:443
[https] philippines.fb.com:443
[https] pilipinas.fb.com:443
[https] placetips.fb.com:443
[https] pl.facebookbrand-2018-dev.fb.com:443
[https] pl.facebookbrand-2018.fb.com:443
[https] pl.facebookbrand-2018-preprod.fb.com:443
[https] pl.facebookbrand-2018-release.fb.com:443
[https] pl.facebookbrand-dev.fb.com:443
[https] pl.facebookbrand-preprod.fb.com:443
[https] pl.facebookbrand-release.fb.com:443
[https] pmp.fb.com:443
[https] poland.fb.com:443
[https] politics.fb.com:443
[https] polska.fb.com:443
[https] portal.fb.com:443
[https] preventivehealth.fb.com:443
[https] privacytech.fb.com:443
[https] prod-acs.vdi.fb.com:443
[https] programswhatsapp.fb.com:443
[https] przestrzen.fb.com:443
[https] pt-br.facebookbrand-2018-dev.fb.com:443
[https] pt-br.facebookbrand-2018.fb.com:443
[https] pt-br.facebookbrand-2018-preprod.fb.com:443
[https] pt-br.facebookbrand-2018-release.fb.com:443
[https] pt-br.facebookbrand-dev.fb.com:443
[https] pt-br.facebookbrand-preprod.fb.com:443
[https] pt-br.facebookbrand-release.fb.com:443
[https] pt.events.fb.com:443
[https] pt-pt.facebookbrand-2018-dev.fb.com:443
[https] pt-pt.facebookbrand-2018.fb.com:443
[https] pt-pt.facebookbrand-2018-preprod.fb.com:443
[https] pt-pt.facebookbrand-2018-release.fb.com:443
[https] pt-pt.facebookbrand-dev.fb.com:443
[https] pt-pt.facebookbrand-preprod.fb.com:443
[https] pt-pt.facebookbrand-release.fb.com:443
[https] questday.fb.com:443
[https] quill.fb.com:443
[https] realitylabsacademy.fb.com:443
[https] reports.fb.com:443
[https] research.fb.com:443
[https] rightsmanager.fb.com:443
[https] rix-o1-primary.supernova.fb.com:443
[https] rix-o1-secondary.supernova.fb.com:443
[https] rix-o1.supernova.fb.com:443
[https] rix-o3-primary.supernova.fb.com:443
[https] rix-o3-secondary.supernova.fb.com:443
[https] rix-o3.supernova.fb.com:443
[https] router-reboot-story.fb.com:443
[https] rozwoj-dev.fb.com:443
[https] rozwoj.fb.com:443
[https] rozwoj-preprod.fb.com:443
[https] rozwoj-uat.fb.com:443
[https] rozwoj-usdev.fb.com:443
[https] rozwoj-uspreprod.fb.com:443
[https] rozwoj-usuat.fb.com:443
[https] ru.facebookbrand-2018-dev.fb.com:443
[https] ru.facebookbrand-2018.fb.com:443
[https] ru.facebookbrand-2018-preprod.fb.com:443
[https] ru.facebookbrand-2018-release.fb.com:443
[https] ru.facebookbrand-dev.fb.com:443
[https] ru.facebookbrand-preprod.fb.com:443
[https] ru.facebookbrand-release.fb.com:443
[https] ru.instantarticles.fb.com:443
[https] search.fb.com:443
[https] seformer.fb.com:443
[https] s.fb.com:443
[https] sheleadstechin.fb.com:443
[https] shemeansbusiness.fb.com:443
[https] signal.fb.com:443
[https] sin-o1-primary.supernova.fb.com:443
[https] sin-o1-secondary.supernova.fb.com:443
[https] sin-o1.supernova.fb.com:443
[https] sin-o3-primary.supernova.fb.com:443
[https] sin-o3-secondary.supernova.fb.com:443
[https] sin-o3.supernova.fb.com:443
[https] snc-fsoutpost.fb.com:443
[https] socialgood.fb.com:443
[https] socialimpact.fb.com:443
[https] sof-o1-primary.supernova.fb.com:443
[https] sof-o1-secondary.supernova.fb.com:443
[https] sof-o1.supernova.fb.com:443
[https] soydigitalco.fb.com:443
[https] soydigitalcr.fb.com:443
[https] soydigital.fb.com:443
[https] soydigitalmx.fb.com:443
[https] spain.fb.com:443
[https] sparkar.fb.com:443
[https] sparkar-partners.fb.com:443
[https] startupevents.fb.com:443
[https] startup.fb.com:443
[https] startupgarage.fb.com:443
[https] startuphub.fb.com:443
[https] startups.fb.com:443
[https] status.fb.com:443
[https] stories.fb.com:443
[https] su1-dev.fb.com:443
[https] su1-preprod.fb.com:443
[https] su1-uat.fb.com:443
[https] su1-usdev.fb.com:443
[https] su1-uspreprod.fb.com:443
[https] su1-usuat.fb.com:443
[https] surround360.fb.com:443
[https] sustainabilitybeta.fb.com:443
[https] sustainability.fb.com:443
[https] sv-se.facebookbrand-2018-dev.fb.com:443
[https] sv-se.facebookbrand-2018.fb.com:443
[https] sv-se.facebookbrand-2018-preprod.fb.com:443
[https] sv-se.facebookbrand-2018-release.fb.com:443
[https] sv-se.facebookbrand-dev.fb.com:443
[https] sv-se.facebookbrand-preprod.fb.com:443
[https] sv-se.facebookbrand-release.fb.com:443
[http] startupevents.fb.com:80
[http] startup.fb.com:80
[http] startupgarage.fb.com:80
[http] startuphub.fb.com:80
[http] startups.fb.com:80
[http] status.fb.com:80
[https] tech.fb.com:443
[https] techprep.fb.com:443
[https] techstart.fb.com:443
[https] test.supernova.fb.com:443
[https] th.instantarticles.fb.com:443
[https] threatexchange.fb.com:443
[https] thrive.fb.com:443
[http] stories.fb.com:80
[https] transparency.fb.com:443
[https] tr.facebookbrand-2018-dev.fb.com:443
[https] tr.facebookbrand-2018.fb.com:443
[https] tr.facebookbrand-2018-preprod.fb.com:443
[https] tr.facebookbrand-2018-release.fb.com:443
[https] tr.facebookbrand-dev.fb.com:443
[https] tr.facebookbrand-preprod.fb.com:443
[https] tr.facebookbrand-release.fb.com:443
[https] tw.instantarticles.fb.com:443
[http] su1-dev.fb.com:80
[http] su1-preprod.fb.com:80
[http] su1-uat.fb.com:80
[http] su1-usdev.fb.com:80
[http] su1-uspreprod.fb.com:80
[http] su1-usuat.fb.com:80
[https] uk.yearinreview.fb.com:443
[http] surround360.fb.com:80
[http] sustainabilitybeta.fb.com:80
[http] sustainability.fb.com:80
[https] videoapp.fb.com:443
[https] vieprivee.fb.com:443
[https] viewpoints.fb.com:443
[https] virus-design.facebookbrand-preprod.fb.com:443
[https] vi-vn.facebookbrand-2018-dev.fb.com:443
[https] vi-vn.facebookbrand-2018.fb.com:443
[https] vi-vn.facebookbrand-2018-preprod.fb.com:443
[https] vi-vn.facebookbrand-2018-release.fb.com:443
[https] vi-vn.facebookbrand-dev.fb.com:443
[https] vi-vn.facebookbrand-preprod.fb.com:443
[https] vi-vn.facebookbrand-release.fb.com:443
[https] vn.instantarticles.fb.com:443
[https] vrfitness.fb.com:443
[https] vrforinclusion.fb.com:443
[http] sv-se.facebookbrand-2018-dev.fb.com:80
[http] sv-se.facebookbrand-2018.fb.com:80
[http] sv-se.facebookbrand-2018-preprod.fb.com:80
[http] sv-se.facebookbrand-2018-release.fb.com:80
[http] sv-se.facebookbrand-dev.fb.com:80
[http] sv-se.facebookbrand-preprod.fb.com:80
[http] sv-se.facebookbrand-release.fb.com:80
[https] vsp.fb.com:443
[https] wethinkdigital.fb.com:443
[https] whatsapp-business-api.status.fb.com:443
[https] whatsapppolicy.fb.com:443
[https] wi-fi.fb.com:443
[https] wifi.fb.com:443
[https] workplaceblog.fb.com:443
[https] workplace.fb.com:443
[https] www.360.fb.com:443
[https] www.360video.fb.com:443
[https] www.360videos.fb.com:443
[https] www.about.fb.com:443
[https] www.abpstories.fb.com:443
[https] www.access.fb.com:443
[https] www.agencies.fb.com:443
[https] www.ai.fb.com:443
[https] www.aotearoanz.fb.com:443
[https] www.apacpolicy.fb.com:443
[https] www.apmms.fb.com:443
[https] www.aprenda-dev.fb.com:443
[https] www.aprenda.fb.com:443
[https] www.aprenda-preprod.fb.com:443
[https] www.aprenda-uat.fb.com:443
[https] www.aprenda-usdev.fb.com:443
[https] www.aprenda-uspreprod.fb.com:443
[https] www.aprenda-usuat.fb.com:443
[https] www.aprende-dev.fb.com:443
[https] www.aprende.fb.com:443
[https] www.aprende-preprod.fb.com:443
[https] www.aprende-uat.fb.com:443
[https] www.aprende-usdev.fb.com:443
[https] www.aprende-uspreprod.fb.com:443
[https] www.aprende-usuat.fb.com:443
[https] www.argentina.fb.com:443
[https] www.asahdigital.fb.com:443
[https] www.audio360.fb.com:443
[https] www.australia.fb.com:443
[https] www.beatsunlocked.fb.com:443
[https] www.belajarmenjaga.fb.com:443
[https] www.binario-f.fb.com:443
[https] www.binariof.fb.com:443
[https] www.brasil.fb.com:443
[https] www.brazil.fb.com:443
[https] www.businesspartners.fb.com:443
[https] www.buy.fb.com:443
[https] www.careerconnections.fb.com:443
[https] www.cdp.fb.com:443
[https] www.cityguides.fb.com:443
[https] www.classof2020.fb.com:443
[https] www.code-dev.fb.com:443
[https] www.code.fb.com:443
[https] www.colombia.fb.com:443
[https] www.communities.fb.com:443
[https] www.connectivity.fb.com:443
[https] www.contentdistributionpolicies.fb.com:443
[https] www.contentdistributionpolicy.fb.com:443
[https] www.counterspeech.fb.com:443
[https] www.datacenters.fb.com:443
[https] www.dataforgood.fb.com:443
[https] www.dataportability.fb.com:443
[https] www.demotrainingportal.fb.com:443
[https] www.de.sustainability.fb.com:443
[https] www.deutschland.fb.com:443
[https] www.developerevents.fb.com:443
[https] www.digitaleslernen.fb.com:443
[https] www.digitaleslernzentrum.fb.com:443
[https] www.digitalskill.fb.com:443
[https] www.digitalskills.fb.com:443
[https] www.digitalskillsmichigan.fb.com:443
[https] www.digitalskillsus.fb.com:443
[https] www.digitaltayo.fb.com:443
[https] www.digitaltraining.fb.com:443
[https] www.diversity.fb.com:443
[https] www.diversityreport.fb.com:443
[https] www.donations.fb.com:443
[https] www.ds1-usdev.fb.com:443
[https] www.ds1-uspreprod.fb.com:443
[https] www.ds1-usuat.fb.com:443
[https] www.ds2-dev.fb.com:443
[https] www.ds2-preprod.fb.com:443
[https] www.education.fb.com:443
[https] www.edu.fb.com:443
[https] www.ehrenamt.fb.com:443
[https] www.emeapolicycovidhub.fb.com:443
[https] www.engineerfortheweek.fb.com:443
[https] www.engineering.fb.com:443
[https] www.es-hub.fb.com:443
[https] www.eshub.fb.com:443
[https] www.espana.fb.com:443
[https] www.es.sustainability.fb.com:443
[https] www.estacaohack.fb.com:443
[https] www.eu-dev.fb.com:443
[https] www.eu.fb.com:443
[https] www.eu-preprod.fb.com:443
[https] www.europeanunion.fb.com:443
[https] www.events.fb.com:443
[https] www.expresswifi.fb.com:443
[https] www.f1-dev.fb.com:443
[https] www.f1-preprod.fb.com:443
[https] www.f1-usdev.fb.com:443
[https] www.f1-uspreprod.fb.com:443
[https] www.f1-usuat.fb.com:443
[https] www.facebook360.fb.com:443
[https] www.facebookatunga.fb.com:443
[https] www.facebookforums.fb.com:443
[https] www.facebookinnigeria.fb.com:443
[https] www.fb.com:443
[https] www.fbindia.fb.com:443
[https] www.fightcovidmisinfo.fb.com:443
[https] www.formation.fb.com:443
[https] www.fort.fb.com:443
[https] www.forwardtogether.fb.com:443
[https] www.france.fb.com:443
[https] www.frljourneymap.fb.com:443
[https] www.fr.sustainability.fb.com:443
[https] www.germany.fb.com:443
[https] www.going-global.fb.com:443
[https] www.graph-hack.fb.com:443
[https] www.gs.fb.com:443
[https] www.hacktober.fb.com:443
[https] www.hardquestions.fb.com:443
[https] www.hardquestionstour.fb.com:443
[https] www.humanrights.fb.com:443
[https] www.immersivelearningacademy.fb.com:443
[https] www.impara-dev.fb.com:443
[https] www.impara.fb.com:443
[https] www.impara-preprod.fb.com:443
[https] www.impara-uat.fb.com:443
[https] www.impara-usdev.fb.com:443
[https] www.impara-uspreprod.fb.com:443
[https] www.impara-usuat.fb.com:443
[https] www.indiaeconomy.fb.com:443
[https] www.india.fb.com:443
[https] www.indonesia.fb.com:443
[https] www.innovationlabkorea-en.fb.com:443
[https] www.innovationlabkorea.fb.com:443
[https] www.insidefeed.fb.com:443
[https] www.insights.fb.com:443
[https] www.inspired.fb.com:443
[https] www.instantarticles.fb.com:443
[https] www.istasyon.fb.com:443
[https] www.italia.fb.com:443
[https] www.italy.fb.com:443
[https] www.keepingthepromise.fb.com:443
[https] www.korea.fb.com:443
[https] www.l1-dev.fb.com:443
[https] www.l1-preprod.fb.com:443
[https] www.l1-usdev.fb.com:443
[https] www.l1-uspreprod.fb.com:443
[https] www.l1-usuat.fb.com:443
[https] www.learn.fb.com:443
[https] www.learntoprotect.fb.com:443
[https] www.learn-us-dev.fb.com:443
[https] www.learn-us-preprod.fb.com:443
[https] www.learn-us-uat.fb.com:443
[https] www.learn-us-usdev.fb.com:443
[https] www.learn-us-uspreprod.fb.com:443
[https] www.learn-us-usuat.fb.com:443
[https] www.lernen.fb.com:443
[https] www.linux.fb.com:443
[https] www.live.fb.com:443
[https] www.madebyyou.fb.com:443
[https] www.managingbias.fb.com:443
[https] www.media.fb.com:443
[https] www.messenger.fb.com:443
[https] www.messengernews.fb.com:443
[https] www.messengerplatform.fb.com:443
[https] www.mexico.fb.com:443
[https] www.middlemileinfra.fb.com:443
[https] www.mydigitalworld.fb.com:443
[https] www.newsfeed.fb.com:443
[https] www.newsroom.fb.com:443
[https] www.nghub.fb.com:443
[https] www.nigeria.fb.com:443
[https] www.nonprofits.fb.com:443
[https] www.npe.fb.com:443
[https] www.openg.fb.com:443
[https] www.peoplepractices.fb.com:443
[https] www.philippines.fb.com:443
[https] www.pilipinas.fb.com:443
[https] www.placetips.fb.com:443
[https] www.pmp.fb.com:443
[https] www.poland.fb.com:443
[https] www.politics.fb.com:443
[https] www.polska.fb.com:443
[https] www.privacytech.fb.com:443
[https] www.programswhatsapp.fb.com:443
[https] www.przestrzen.fb.com:443
[https] www.questday.fb.com:443
[https] www.realitylabsacademy.fb.com:443
[https] www.research.fb.com:443
[https] www.rightsmanager.fb.com:443
[https] www.router-reboot-story.fb.com:443
[https] www.rozwoj-dev.fb.com:443
[https] www.rozwoj.fb.com:443
[https] www.rozwoj-preprod.fb.com:443
[https] www.rozwoj-uat.fb.com:443
[https] www.rozwoj-usdev.fb.com:443
[https] www.rozwoj-uspreprod.fb.com:443
[https] www.rozwoj-usuat.fb.com:443
[https] www.seformer.fb.com:443
[https] www.sheleadstechin.fb.com:443
[https] www.shemeansbusiness.fb.com:443
[https] www.socialgood.fb.com:443
[https] www.socialimpact.fb.com:443
[https] www.soydigitalco.fb.com:443
[https] www.soydigitalcr.fb.com:443
[https] www.soydigital.fb.com:443
[https] www.soydigitalmx.fb.com:443
[https] www.spain.fb.com:443
[https] www.sparkar.fb.com:443
[https] www.sparkar-partners.fb.com:443
[https] www.startupevents.fb.com:443
[https] www.startup.fb.com:443
[https] www.startupgarage.fb.com:443
[https] www.startuphub.fb.com:443
[https] www.startups.fb.com:443
[https] www.status.fb.com:443
[https] www.stories.fb.com:443
[https] www.su1-usdev.fb.com:443
[https] www.su1-uspreprod.fb.com:443
[https] www.su1-usuat.fb.com:443
[https] www.surround360.fb.com:443
[https] www.sustainabilitybeta.fb.com:443
[https] www.sustainability.fb.com:443
[https] www.tech.fb.com:443
[https] www.techprep.fb.com:443
[https] www.techstart.fb.com:443
[https] www.threatexchange.fb.com:443
[https] www.thrive.fb.com:443
[https] www.transparency.fb.com:443
[https] www.videoapp.fb.com:443
[https] www.viewpoints.fb.com:443
[https] www.vrfitness.fb.com:443
[https] www.vrforinclusion.fb.com:443
[https] www.wethinkdigital.fb.com:443
[https] www.whatsapppolicy.fb.com:443
[https] www.wi-fi.fb.com:443
[https] www.wifi.fb.com:443
[https] www.workplaceblog.fb.com:443
[https] www.yearinreview.fb.com:443
[https] www.your.fb.com:443
[https] www.yourhome.fb.com:443
[https] www.zona.fb.com:443
[https] yearinreview.fb.com:443
[https] yourbusinessstory.fb.com:443
[https] your.fb.com:443
[https] yourhome.fb.com:443
[https] zh-hans.facebookbrand-2018-dev.fb.com:443
[https] zh-hans.facebookbrand-2018.fb.com:443
[https] zh-hans.facebookbrand-2018-preprod.fb.com:443
[https] zh-hans.facebookbrand-2018-release.fb.com:443
[https] zh-hans.facebookbrand-dev.fb.com:443
[https] zh-hans.facebookbrand-preprod.fb.com:443
[https] zh-hans.facebookbrand-release.fb.com:443
[https] zh-hant.facebookbrand-2018-dev.fb.com:443
[https] zh-hant.facebookbrand-2018.fb.com:443
[https] zh-hant.facebookbrand-2018-preprod.fb.com:443
[https] zh-hant.facebookbrand-2018-release.fb.com:443
[https] zh-hant.facebookbrand-dev.fb.com:443
[https] zh-hant.facebookbrand-preprod.fb.com:443
[https] zh-hant.facebookbrand-release.fb.com:443
[https] z-m-portal.fb.com:443
[https] zona.fb.com:443
[http] tech.fb.com:80
[http] techprep.fb.com:80
[http] techstart.fb.com:80
[http] th.instantarticles.fb.com:80
[http] threatexchange.fb.com:80
[http] thrive.fb.com:80
[http] transparency.fb.com:80
[http] tr.facebookbrand-2018-dev.fb.com:80
[http] tr.facebookbrand-2018.fb.com:80
[http] tr.facebookbrand-2018-preprod.fb.com:80
[http] tr.facebookbrand-2018-release.fb.com:80
[http] tr.facebookbrand-dev.fb.com:80
[http] tr.facebookbrand-preprod.fb.com:80
[http] tr.facebookbrand-release.fb.com:80
[http] tw.instantarticles.fb.com:80
[http] uk.yearinreview.fb.com:80
[http] videoapp.fb.com:80
[http] vieprivee.fb.com:80
[http] viewpoints.fb.com:80
[http] virus-design.facebookbrand-preprod.fb.com:80
[http] vi-vn.facebookbrand-2018-dev.fb.com:80
[http] vi-vn.facebookbrand-2018.fb.com:80
[http] vi-vn.facebookbrand-2018-preprod.fb.com:80
[http] vi-vn.facebookbrand-2018-release.fb.com:80
[http] vi-vn.facebookbrand-dev.fb.com:80
[http] vi-vn.facebookbrand-preprod.fb.com:80
[http] vi-vn.facebookbrand-release.fb.com:80
[http] vn.instantarticles.fb.com:80
[http] vrfitness.fb.com:80
[http] vrforinclusion.fb.com:80
[http] vsp.fb.com:80
[http] wethinkdigital.fb.com:80
[http] whatsapppolicy.fb.com:80
[http] wi-fi.fb.com:80
[http] wifi.fb.com:80
[http] workplaceblog.fb.com:80
[http] workplace.fb.com:80
[http] www.360.fb.com:80
[http] www.360video.fb.com:80
[http] www.360videos.fb.com:80
[http] www.about.fb.com:80
[http] www.abpstories.fb.com:80
[http] www.access.fb.com:80
[http] www.agencies.fb.com:80
[http] www.ai.fb.com:80
[http] www.aotearoanz.fb.com:80
[http] www.apacpolicy.fb.com:80
[http] www.apmms.fb.com:80
[http] www.aprenda-dev.fb.com:80
[http] www.aprenda.fb.com:80
[http] www.aprenda-preprod.fb.com:80
[http] www.aprenda-uat.fb.com:80
[http] www.aprenda-usdev.fb.com:80
[http] www.aprenda-uspreprod.fb.com:80
[http] www.aprenda-usuat.fb.com:80
[http] www.aprende-dev.fb.com:80
[http] www.aprende.fb.com:80
[http] www.aprende-preprod.fb.com:80
[http] www.aprende-uat.fb.com:80
[http] www.aprende-usdev.fb.com:80
[http] www.aprende-uspreprod.fb.com:80
[http] www.aprende-usuat.fb.com:80
[http] www.argentina.fb.com:80
[http] www.asahdigital.fb.com:80
[http] www.audio360.fb.com:80
[http] www.australia.fb.com:80
[http] www.beatsunlocked.fb.com:80
[http] www.belajarmenjaga.fb.com:80
[http] www.binario-f.fb.com:80
[http] www.binariof.fb.com:80
[http] www.brasil.fb.com:80
[http] www.brazil.fb.com:80
[http] www.businesspartners.fb.com:80
[http] www.buy.fb.com:80
[http] www.careerconnections.fb.com:80
[http] www.cdp.fb.com:80
[http] www.cityguides.fb.com:80
[http] www.classof2020.fb.com:80
[http] www.code-dev.fb.com:80
[http] www.code.fb.com:80
[http] www.colombia.fb.com:80
[http] www.communities.fb.com:80
[http] www.connectivity.fb.com:80
[http] www.contentdistributionpolicies.fb.com:80
[http] www.contentdistributionpolicy.fb.com:80
[http] www.counterspeech.fb.com:80
[http] www.datacenters.fb.com:80
[http] www.dataforgood.fb.com:80
[http] www.dataportability.fb.com:80
[http] www.demotrainingportal.fb.com:80
[http] www.de.sustainability.fb.com:80
[http] www.deutschland.fb.com:80
[http] www.developerevents.fb.com:80
[http] www.digitaleslernen.fb.com:80
[http] www.digitaleslernzentrum.fb.com:80
[http] www.digitalskill.fb.com:80
[http] www.digitalskills.fb.com:80
[http] www.digitalskillsmichigan.fb.com:80
[http] www.digitalskillsus.fb.com:80
[http] www.digitaltayo.fb.com:80
[http] www.digitaltraining.fb.com:80
[http] www.diversity.fb.com:80
[http] www.diversityreport.fb.com:80
[http] www.donations.fb.com:80
[http] www.ds1-usdev.fb.com:80
[http] www.ds1-uspreprod.fb.com:80
[http] www.ds1-usuat.fb.com:80
[http] www.ds2-dev.fb.com:80
[http] www.ds2-preprod.fb.com:80
[http] www.education.fb.com:80
[http] www.edu.fb.com:80
[http] www.ehrenamt.fb.com:80
[http] www.emeapolicycovidhub.fb.com:80
[http] www.engineerfortheweek.fb.com:80
[http] www.engineering.fb.com:80
[http] www.es-hub.fb.com:80
[http] www.eshub.fb.com:80
[http] www.espana.fb.com:80
[http] www.es.sustainability.fb.com:80
[http] www.estacaohack.fb.com:80
[http] www.eu-dev.fb.com:80
[http] www.eu.fb.com:80
[http] www.eu-preprod.fb.com:80
[http] www.europeanunion.fb.com:80
[http] www.events.fb.com:80
[http] www.expresswifi.fb.com:80
[http] www.f1-dev.fb.com:80
[http] www.f1-preprod.fb.com:80
[http] www.f1-usdev.fb.com:80
[http] www.f1-uspreprod.fb.com:80
[http] www.f1-usuat.fb.com:80
[http] www.facebook360.fb.com:80
[http] www.facebookatunga.fb.com:80
[http] www.facebookforums.fb.com:80
[http] www.facebookinnigeria.fb.com:80
[http] www.fb.com:80
[http] www.fbindia.fb.com:80
[http] www.fightcovidmisinfo.fb.com:80
[http] www.formation.fb.com:80
[http] www.fort.fb.com:80
[http] www.forwardtogether.fb.com:80
[http] www.france.fb.com:80
[http] www.frljourneymap.fb.com:80
[http] www.fr.sustainability.fb.com:80
[http] www.germany.fb.com:80
[http] www.going-global.fb.com:80
[http] www.graph-hack.fb.com:80
[http] www.gs.fb.com:80
[http] www.hacktober.fb.com:80
[http] www.hardquestions.fb.com:80
[http] www.hardquestionstour.fb.com:80
[http] www.humanrights.fb.com:80
[http] www.immersivelearningacademy.fb.com:80
[http] www.impara-dev.fb.com:80
[http] www.impara.fb.com:80
[http] www.impara-preprod.fb.com:80
[http] www.impara-uat.fb.com:80
[http] www.impara-usdev.fb.com:80
[http] www.impara-uspreprod.fb.com:80
[http] www.impara-usuat.fb.com:80
[http] www.indiaeconomy.fb.com:80
[http] www.india.fb.com:80
[http] www.indonesia.fb.com:80
[http] www.innovationlabkorea-en.fb.com:80
[http] www.innovationlabkorea.fb.com:80
[http] www.insidefeed.fb.com:80
[http] www.insights.fb.com:80
[http] www.inspired.fb.com:80
[http] www.instantarticles.fb.com:80
[http] www.istasyon.fb.com:80
[http] www.italia.fb.com:80
[http] www.italy.fb.com:80
[http] www.keepingthepromise.fb.com:80
[http] www.korea.fb.com:80
[http] www.l1-dev.fb.com:80
[http] www.l1-preprod.fb.com:80
[http] www.l1-usdev.fb.com:80
[http] www.l1-uspreprod.fb.com:80
[http] www.l1-usuat.fb.com:80
[http] www.learn.fb.com:80
[http] www.learntoprotect.fb.com:80
[http] www.learn-us-dev.fb.com:80
[http] www.learn-us-preprod.fb.com:80
[http] www.learn-us-uat.fb.com:80
[http] www.learn-us-usdev.fb.com:80
[http] www.learn-us-uspreprod.fb.com:80
[http] www.learn-us-usuat.fb.com:80
[http] www.lernen.fb.com:80
[http] www.linux.fb.com:80
[http] www.live.fb.com:80
[http] www.madebyyou.fb.com:80
[http] www.managingbias.fb.com:80
[http] www.media.fb.com:80
[http] www.messenger.fb.com:80
[http] www.messengernews.fb.com:80
[http] www.messengerplatform.fb.com:80
[http] www.mexico.fb.com:80
[http] www.middlemileinfra.fb.com:80
[http] www.mydigitalworld.fb.com:80
[http] www.newsfeed.fb.com:80
[http] www.newsroom.fb.com:80
[http] www.nghub.fb.com:80
[http] www.nigeria.fb.com:80
[http] www.nonprofits.fb.com:80
[http] www.npe.fb.com:80
[http] www.openg.fb.com:80
[http] www.opensource.fb.com:80
[http] www.peoplepractices.fb.com:80
[http] www.philippines.fb.com:80
[http] www.pilipinas.fb.com:80
[http] www.placetips.fb.com:80
[http] www.pmp.fb.com:80
[http] www.poland.fb.com:80
[http] www.politics.fb.com:80
[http] www.polska.fb.com:80
[http] www.privacytech.fb.com:80
[http] www.programswhatsapp.fb.com:80
[http] www.przestrzen.fb.com:80
[http] www.questday.fb.com:80
[http] www.realitylabsacademy.fb.com:80
[http] www.research.fb.com:80
[http] www.rightsmanager.fb.com:80
[http] www.router-reboot-story.fb.com:80
[http] www.rozwoj-dev.fb.com:80
[http] www.rozwoj.fb.com:80
[http] www.rozwoj-preprod.fb.com:80
[http] www.rozwoj-uat.fb.com:80
[http] www.rozwoj-usdev.fb.com:80
[http] www.rozwoj-uspreprod.fb.com:80
[http] www.rozwoj-usuat.fb.com:80
[http] www.seformer.fb.com:80
[http] www.sheleadstechin.fb.com:80
[http] www.shemeansbusiness.fb.com:80
[http] www.socialgood.fb.com:80
[http] www.socialimpact.fb.com:80
[http] www.soydigitalco.fb.com:80
[http] www.soydigitalcr.fb.com:80
[http] www.soydigital.fb.com:80
[http] www.soydigitalmx.fb.com:80
[http] www.spain.fb.com:80
[http] www.sparkar.fb.com:80
[http] www.sparkar-partners.fb.com:80
[http] www.startupevents.fb.com:80
[http] www.startup.fb.com:80
[http] www.startupgarage.fb.com:80
[http] www.startuphub.fb.com:80
[http] www.startups.fb.com:80
[http] www.status.fb.com:80
[http] www.stories.fb.com:80
[http] www.su1-usdev.fb.com:80
[http] www.su1-uspreprod.fb.com:80
[http] www.su1-usuat.fb.com:80
[http] www.surround360.fb.com:80
[http] www.sustainabilitybeta.fb.com:80
[http] www.sustainability.fb.com:80
[http] www.tech.fb.com:80
[http] www.techprep.fb.com:80
[http] www.techstart.fb.com:80
[http] www.threatexchange.fb.com:80
[http] www.thrive.fb.com:80
[http] www.transparency.fb.com:80
[http] www.videoapp.fb.com:80
[http] www.viewpoints.fb.com:80
[http] www.vrfitness.fb.com:80
[http] www.vrforinclusion.fb.com:80
[http] www.wethinkdigital.fb.com:80
[http] www.whatsapppolicy.fb.com:80
[http] www.wi-fi.fb.com:80
[http] www.wifi.fb.com:80
[http] www.workplaceblog.fb.com:80
[http] www.yearinreview.fb.com:80
[http] www.your.fb.com:80
[http] www.yourhome.fb.com:80
[http] www.zimride.fb.com:80
[http] www.zimride.fb.com:8008
[http] www.zona.fb.com:80
[http] yearinreview.fb.com:80
[http] yourbusinessstory.fb.com:80
[http] your.fb.com:80
[http] yourhome.fb.com:80
[http] zh-hans.facebookbrand-2018-dev.fb.com:80
[http] zh-hans.facebookbrand-2018.fb.com:80
[http] zh-hans.facebookbrand-2018-preprod.fb.com:80
[http] zh-hans.facebookbrand-2018-release.fb.com:80
[http] zh-hans.facebookbrand-dev.fb.com:80
[http] zh-hans.facebookbrand-preprod.fb.com:80
[http] zh-hans.facebookbrand-release.fb.com:80
[http] zh-hant.facebookbrand-2018-dev.fb.com:80
[http] zh-hant.facebookbrand-2018.fb.com:80
[http] zh-hant.facebookbrand-2018-preprod.fb.com:80
[http] zh-hant.facebookbrand-2018-release.fb.com:80
[http] zh-hant.facebookbrand-dev.fb.com:80
[http] zh-hant.facebookbrand-preprod.fb.com:80
[http] zh-hant.facebookbrand-release.fb.com:80
[http] zimride.fb.com:80
[http] zimride.fb.com:8008
[http] z-m-portal.fb.com:80
[http] zona.fb.com:80
[ibm-db2] www.zimride.fb.com:50000
[ibm-db2] zimride.fb.com:50000
[ice-srouter] www.zimride.fb.com:4064
[ice-srouter] zimride.fb.com:4064
[infowave] investor.fb.com:2082
[micromuse-ncpw] www.zimride.fb.com:9600
[micromuse-ncpw] zimride.fb.com:9600
[mit-ml-dev] www.zimride.fb.com:83
[mit-ml-dev] zimride.fb.com:83
[ms-wbt-server] www.zimride.fb.com:3389
[ms-wbt-server] zimride.fb.com:3389
[nbx-ser] investor.fb.com:2095
[polipo] www.zimride.fb.com:8123
[polipo] zimride.fb.com:8123
[powerexchange] www.zimride.fb.com:2480
[powerexchange] zimride.fb.com:2480
[ppp] www.zimride.fb.com:3000
[ppp] zimride.fb.com:3000
[radsec] investor.fb.com:2083
[radsec] www.zimride.fb.com:2083
[radsec] zimride.fb.com:2083
[rtsp] www.zimride.fb.com:554
[rtsp] zimride.fb.com:554
[scp-config] www.zimride.fb.com:10001
[scp-config] zimride.fb.com:10001
[sip-tls] vc.fb.com:5061
[sip] vc.fb.com:5060
[sophos] vc.fb.com:8192
[ssh] sftp-apac.fb.com:22
[ssh] sftp-emea.fb.com:22
[ssh] sftp.fb.com:22
[submission] www.zimride.fb.com:587
[submission] zimride.fb.com:587
[sun-answerbook] www.zimride.fb.com:8888
[sun-answerbook] zimride.fb.com:8888
[sunwebadmin] www.zimride.fb.com:8800
[sunwebadmin] zimride.fb.com:8800
[unknown] www.zimride.fb.com:10443
[unknown] zimride.fb.com:10443
[vcom-tunnel] bog-o1-secondary.supernova.fb.com:8001
[vcom-tunnel] www.zimride.fb.com:8001
[vcom-tunnel] zimride.fb.com:8001
[vnc-http] www.zimride.fb.com:5800
[vnc-http] zimride.fb.com:5800
[vop] idr-o2-primary.supernova.fb.com:4433
[wap-wsp] www.zimride.fb.com:9200
[wap-wsp] zimride.fb.com:9200
[wsman] www.zimride.fb.com:5985
[wsman] zimride.fb.com:5985
[wsm-server] www.zimride.fb.com:5006
[wsm-server] zimride.fb.com:5006
[] www.zimride.fb.com:60001
[] www.zimride.fb.com:8112
[] www.zimride.fb.com:8126
[] www.zimride.fb.com:9530
[X11:1] www.zimride.fb.com:6001
[X11:1] zimride.fb.com:6001
[X11] www.zimride.fb.com:6000
[X11] zimride.fb.com:6000
[xfer] www.zimride.fb.com:82
[xfer] zimride.fb.com:82
[xmltec-xmlmail] www.zimride.fb.com:9091
[xmltec-xmlmail] zimride.fb.com:9091
[xmpp] www.zimride.fb.com:8010
[xmpp] zimride.fb.com:8010
[yo-main] www.zimride.fb.com:4040
[yo-main] zimride.fb.com:4040
[zeus-admin] www.zimride.fb.com:9090
[zeus-admin] zimride.fb.com:9090
[] zimride.fb.com:60001
[] zimride.fb.com:8112
[] zimride.fb.com:8126
[] zimride.fb.com:9530
