[amqp] care.api.qa-milestone.internal.onduo.com:5672
[] care.api.qa-milestone.internal.onduo.com:9530
[ctf] care.api.qa-milestone.internal.onduo.com:84
[dnp] care.api.qa-milestone.internal.onduo.com:20000
[globalcatLDAP] care.api.qa-milestone.internal.onduo.com:3268
[globalcatLDAPssl] care.api.qa-milestone.internal.onduo.com:3269
[http] care.api.qa-milestone.internal.onduo.com:80
[http] demo.onduo.com:80
[http-proxy] demo.onduo.com:8080
[https] care.api.qa-milestone.internal.onduo.com:443
[imap] care.api.qa-milestone.internal.onduo.com:143
[kme-trap-port] care.api.qa-milestone.internal.onduo.com:2081
[ldap] care.api.qa-milestone.internal.onduo.com:389
[ldapssl] care.api.qa-milestone.internal.onduo.com:636
[mit-ml-dev] care.api.qa-milestone.internal.onduo.com:83
[mqtt] care.api.qa-milestone.internal.onduo.com:1883
[mysql] care.api.qa-milestone.internal.onduo.com:3306
[opsmessaging] care.api.qa-milestone.internal.onduo.com:8090
[pop3s] care.api.qa-milestone.internal.onduo.com:995
[postgresql] care.api.qa-milestone.internal.onduo.com:5432
[radsec] care.api.qa-milestone.internal.onduo.com:2083
[redis] care.api.qa-milestone.internal.onduo.com:6379
[smtps] care.api.qa-milestone.internal.onduo.com:465
[submission] care.api.qa-milestone.internal.onduo.com:587
[su-mit-tg] care.api.qa-milestone.internal.onduo.com:89
[unknown] care.api.qa-milestone.internal.onduo.com:8099
[vnc] care.api.qa-milestone.internal.onduo.com:5900
[xmpp-client] care.api.qa-milestone.internal.onduo.com:5222
