[cddbp-alt] docs.raydex.org:8880
[cddbp-alt] raydex.org:8880
[cddbp-alt] testnet.raydex.org:8880
[cddbp-alt] www.testnet.raydex.org:8880
[eli] docs.raydex.org:2087
[eli] raydex.org:2087
[eli] testnet.raydex.org:2087
[eli] www.testnet.raydex.org:2087
[http-proxy] docs.raydex.org:8080
[http-proxy] raydex.org:8080
[http-proxy] testnet.raydex.org:8080
[http-proxy] www.testnet.raydex.org:8080
[https] docs.raydex.org:443
[https] raydex.org:443
[https] testnet.raydex.org:443
[https] www.raydex.org:443
[https] www.testnet.raydex.org:443
[http] testnet.raydex.org:80
[http] www.raydex.org:80
[http] www.testnet.raydex.org:80
[infowave] testnet.raydex.org:2082
[infowave] www.testnet.raydex.org:2082
[nbx-ser] testnet.raydex.org:2095
[radsec] testnet.raydex.org:2083
[radsec] www.testnet.raydex.org:2083
