0003-pt-br.facebookbrand-2018-dev.fb.com
0121wip.facebookbrand-2018-dev.fb.com
033online.facebookbrand-2018-dev.fb.com
052500.facebookbrand-2018-dev.fb.com
05dgw.facebookbrand-preprod.fb.com
0621dfd.facebookbrand-2018-dev.fb.com
06694910.facebookbrand-2018-dev.fb.com
082682.facebookbrand-2018-dev.fb.com
08i91.facebookbrand-2018-dev.fb.com
08l21.facebookbrand-2018-dev.fb.com
09ar.facebookbrand-2018-dev.fb.com
0acea.facebookbrand-2018-dev.fb.com
0ans.facebookbrand-2018-dev.fb.com
0antbr.facebookbrand-2018-dev.fb.com
0authfiles78t98799.facebookbrand-2018-dev.fb.com
0aw48j.facebookbrand-2018-dev.fb.com
0bd8a6ms5xl8tfas0uhrfm80b.facebookbrand-2018-dev.fb.com
0c801c53c1114e128504e0ca98dca5ea.facebookbrand-2018-dev.fb.com
0crzr.facebookbrand-2018-dev.fb.com
0facebook360vi.facebookbrand-2018-dev.fb.com
0famfgq.facebookbrand-2018-dev.fb.com
0fs1tf3.facebookbrand-2018-dev.fb.com
0-fsour.facebookbrand-2018-dev.fb.com
0fssw.facebookbrand-2018-dev.fb.com
0gd7v.facebookbrand-2018-dev.fb.com
0getr.facebookbrand-2018-dev.fb.com
0i8u16.facebookbrand-2018-dev.fb.com
0j9z2gvao.facebookbrand-2018-dev.fb.com
0jvwt56.facebookbrand-2018-dev.fb.com
0kaqckwu.facebookbrand-2018-dev.fb.com
0kxvv.facebookbrand-2018-dev.fb.com
0lmne.facebookbrand-2018-dev.fb.com
0o4c55sgfhtn3oqu.facebookbrand-2018-dev.fb.com
0ook665video.facebookbrand-2018-dev.fb.com
0ormentrol0hans.facebookbrand-2018-dev.fb.com
0ovp5v.facebookbrand-2018-dev.fb.com
0p2qz.facebookbrand-2018-dev.fb.com
0pqx.facebookbrand-2018-dev.fb.com
0qk5d.facebookbrand-2018-dev.fb.com
0r8m.facebookbrand-2018-dev.fb.com
0raj3.facebookbrand-2018-dev.fb.com
0sexyprincess86.facebookbrand-2018-dev.fb.com
0sfeedback.facebookbrand-2018-dev.fb.com
0spreprototype.facebookbrand-2018-dev.fb.com
0t-br.facebookbrand-2018-dev.fb.com
0tcka.facebookbrand-2018-dev.fb.com
0tinzx5ctu-u1et-r0o6wdlr3lcnpk6.facebookbrand-2018-dev.fb.com
0tmy.facebookbrand-2018-dev.fb.com
0utsrqponmlkji.facebookbrand-2018-dev.fb.com
0vgzhsuh20.facebookbrand-2018-dev.fb.com
0w9yysp.facebookbrand-2018-dev.fb.com
0wyt6.facebookbrand-2018-dev.fb.com
0xfo8cy.facebookbrand-2018-dev.fb.com
0yc46fm.facebookbrand-2018-dev.fb.com
0yd7p.facebookbrand-2018-dev.fb.com
0yuk2.facebookbrand-2018-dev.fb.com
100000000f75.facebookbrand-2018-dev.fb.com
100021146ma.facebookbrand-2018-dev.fb.com
1000tacosdecanastax1200pesos.facebookbrand-2018-dev.fb.com
1001livres.facebookbrand-2018-dev.fb.com
1006577.facebookbrand-2018-dev.fb.com
100waystolivewell.facebookbrand-2018-dev.fb.com
1010es-la.facebookbrand-2018-dev.fb.com
101dingenomtedoen.facebookbrand-2018-dev.fb.com
102013-aisweb.facebookbrand-2018-dev.fb.com
10-2013tr.facebookbrand-2018-dev.fb.com
1024as.facebookbrand-2018-dev.fb.com
1038prairieavenue.facebookbrand-2018-dev.fb.com
104106205198inaddrarpa.facebookbrand-2018-dev.fb.com
106308.facebookbrand-2018-dev.fb.com
1080pk1.facebookbrand-2018-dev.fb.com
109123221137.facebookbrand-2018-dev.fb.com
1099486137.facebookbrand-2018-dev.fb.com
10analyticspt-br.facebookbrand-2018-dev.fb.com
10backend-pt-pt.facebookbrand-2018-dev.fb.com
10bi.facebookbrand-2018-dev.fb.com
10-brazilzh-hans.facebookbrand-2018-dev.fb.com
10coco.facebookbrand-2018-dev.fb.com
10data-ja.facebookbrand-2018-dev.fb.com
10demo-ko-kr.facebookbrand-2018-dev.fb.com
10e1a.facebookbrand-2018-dev.fb.com
10es-la-7.facebookbrand-2018-dev.fb.com
10gymiliou.facebookbrand-2018-dev.fb.com
10-helm.facebookbrand-2018-dev.fb.com
10-ja.facebookbrand-2018-dev.fb.com
10legal.facebookbrand-2018-dev.fb.com
10mob.facebookbrand-2018-dev.fb.com
10ns6.facebookbrand-2018-dev.fb.com
10-property.facebookbrand-2018-dev.fb.com
10-ru.facebookbrand-2018-dev.fb.com
10silver.facebookbrand-2018-dev.fb.com
10teena.facebookbrand-2018-dev.fb.com
10test11.facebookbrand-2018-dev.fb.com
10video.facebookbrand-2018-dev.fb.com
10-yaroslavl.facebookbrand-2018-dev.fb.com
10zh-hans.facebookbrand-2018-dev.fb.com
11-10es-la.facebookbrand-2018-dev.fb.com
11110169.facebookbrand-2018-dev.fb.com
1-11192521403954.facebookbrand-2018-dev.fb.com
11.11-es-la.facebookbrand-2018-dev.fb.com
1-12-ko-kr.facebookbrand-2018-dev.fb.com
11-b-coressabores2012.facebookbrand-2018-dev.fb.com
11-bts.facebookbrand-2018-dev.fb.com
11-bucket-de.facebookbrand-2018-dev.fb.com
11-cloudfrontzh-hans.facebookbrand-2018-dev.fb.com
11-dsl.facebookbrand-2018-dev.fb.com
11-g2.facebookbrand-2018-dev.fb.com
11-home1.facebookbrand-2018-dev.fb.com
11-ko-kr-6.facebookbrand-2018-dev.fb.com
11-notes.facebookbrand-2018-dev.fb.com
11-speedtest1.facebookbrand-2018-dev.fb.com
11-sr2.facebookbrand-2018-dev.fb.com
11-story.facebookbrand-2018-dev.fb.com
11-visa.facebookbrand-2018-dev.fb.com
1-2016es.facebookbrand-2018-dev.fb.com
1412.facebookbrand-preprod.fb.com
1-5-pt-pt.facebookbrand-2018-dev.fb.com
17.11-ar.facebookbrand-2018-dev.fb.com
1-8-appstore.facebookbrand-2018-dev.fb.com
1-8-en.facebookbrand-2018-dev.fb.com
18wus.facebookbrand-preprod.fb.com
19.10-es-la.facebookbrand-2018-dev.fb.com
1-aisweb-3.facebookbrand-2018-dev.fb.com
1-av.facebookbrand-2018-dev.fb.com
1-cloudfrontru.facebookbrand-2018-dev.fb.com
1-cms1coressabores2012.facebookbrand-2018-dev.fb.com
1-en-9.facebookbrand-2018-dev.fb.com
1-js4h97ik0qtb.facebookbrand-2018-dev.fb.com
1.ntp.vip.facebook.com.fb.com
1-ru.facebookbrand-2018-dev.fb.com
2.ntp.vip.facebook.com.fb.com
360.fb.com
360video.fb.com
360videos.fb.com
3ll54-3-78-248-253-9.fb.com
3.ntp.vip.facebook.com.fb.com
4aa54-2-82-224-87-91.fb.com
4.ntp.vip.facebook.com.fb.com
4.www.1.facebookbrand-2018-dev.fb.com
5ba29-1-78-239-159-50.fb.com
7ga66-1-78-215-98-1.fb.com
8-101.80-90.static-ip.oleane.fb.com
9hm79-1-78-216-211-180.fb.com
9i.facebookbrand-release.fb.com
a.10zh-hant.facebookbrand-2018-dev.fb.com
a135.nl.myastro.fb.com
a1.fb.com
about.fb.com
abpstories.fb.com
access.fb.com
accounts.fb.com
accounts.signal.fb.com
acs.global.dev.us-west-2.vdi.fb.com
acs.global.prod.ap-south-1.vdi.fb.com
acs.global.prod.ap-southeast-1.vdi.fb.com
acs.global.prod.eu-west-2.vdi.fb.com
acs.global.prod.us-east-1.vdi.fb.com
acs.global.prod.us-east-2.vdi.fb.com
acs.global.prod.us-west-2.vdi.fb.com
acs.regional.dev.us-west-2.vdi.fb.com
acs.regional.prod.ap-south-1.vdi.fb.com
acs.regional.prod.ap-southeast-1.vdi.fb.com
acs.regional.prod.eu-west-2.vdi.fb.com
acs.regional.prod.us-east-1.vdi.fb.com
acs.regional.prod.us-east-2.vdi.fb.com
acs.regional.prod.us-west-2.vdi.fb.com
active.www.facebookbrand-preprod.fb.com
admin.100.facebookbrand-2018-dev.fb.com
adminaffordablevaccines.facebookbrand-preprod.fb.com
ads-manager-dev.status.fb.com
ads-manager.status.fb.com
ads-transparency-dev.status.fb.com
ads-transparency.status.fb.com
adweek.fb.com
ae0.pr01.cdg1.fb.com
ae0.pr02.cdg1.fb.com
affordablevaccines.facebookbrand-preprod.fb.com
agencies.fb.com
ai.fb.com
aim73-1-78-229-190-49.fb.com
aisweb.facebookbrand-2018-dev.fb.com
ak14.newsroom.fb.com
alniddfatis-vip2.facebookbrand-release.fb.com
alnnggts403-dmz2.facebookbrand-release.fb.com
ams-htldc301.htl.fb.com
ams-htldc302.htl.fb.com
ams-htldc303.htl.fb.com
ams-htldc304.htl.fb.com
ams-htldc305.htl.fb.com
ams-htldc306.htl.fb.com
anantes-251-1-4-246.w83-195.abo.wanadoo.fb.com
a.ns.fb.com
antivirus-extension.facebookbrand-preprod.fb.com
antivirus-for-all.facebookbrand-release.fb.com
aotearoanz.fb.com
apacpolicy.fb.com
api.fb.com
api.status.fb.com
api.techprep.fb.com
apmms.fb.com
apple.com.fb.com
appstore.fb.com
appstoretest.fb.com
aprenda-dev.fb.com
aprenda.fb.com
aprenda-preprod.fb.com
aprenda-uat.fb.com
aprenda-usdev.fb.com
aprenda-uspreprod.fb.com
aprenda-usuat.fb.com
aprende-dev.fb.com
aprende.fb.com
aprende-preprod.fb.com
aprende-uat.fb.com
aprende-usdev.fb.com
aprende-uspreprod.fb.com
aprende-usuat.fb.com
aqu33-4-82-233-52-84.fb.com
ar15114.ws.pu.ruease.fb.com
archive.fbbrc.fb.com
archive.igbrc.fb.com
ar.facebookbrand-2018-dev.fb.com
ar.facebookbrand-2018.fb.com
ar.facebookbrand-2018-preprod.fb.com
ar.facebookbrand-2018-release.fb.com
ar.facebookbrand-dev.fb.com
ar.facebookbrand-preprod.fb.com
ar.facebookbrand-release.fb.com
argentina.fb.com
aruba-master.fb.com
ar.yearinreview.fb.com
asahdigital.fb.com
ash-appstore.fb.com
ash-fsoutpost.fb.com
ash-fs.sales.fb.com
ash-ldc101.fbdevlab.fb.com
ash-ldc201.fbdevlab.fb.com
ash-opdc101.outpost.fb.com
ash-opdc102.outpost.fb.com
ash-opdc201.outpost.fb.com
ash-opdc202.outpost.fb.com
ash-vsp.fb.com
ath-o1-primary.supernova.fb.com
ath-o1-secondary.supernova.fb.com
ath-o1.supernova.fb.com
ath-o2-primary.supernova.fb.com
ath-o2-secondary.supernova.fb.com
ath-o2.supernova.fb.com
ath-o3-primary.supernova.fb.com
ath-o3-secondary.supernova.fb.com
ath-o3.supernova.fb.com
audience.fb.com
audienceinsightsprototype.fb.com
audio360.fb.com
audio.fb.com
au.newsroom.fb.com
australia.fb.com
autodiscover.bi.fb.com
autodiscover.binariof.fb.com
autodiscover.business.fb.com
autodiscover.cl.fb.com
autodiscover.co.fb.com
autodiscover.comm.fb.com
autodiscover.creators.fb.com
autodiscover.dro.fb.com
autodiscover.extern.fb.com
autodiscover.fb.com
autodiscover.fbp.fb.com
autodiscover.fmp.fb.com
autodiscover.infra.fb.com
autodiscover.infraoutpost.fb.com
autodiscover.mediapartnerships.fb.com
autodiscover.mo.fb.com
autodiscover.ob.fb.com
autodiscover.pdo.fb.com
autodiscover.przestrzen.fb.com
autodiscover.rp.fb.com
autodiscover.sales.fb.com
autodiscover.supportcenter.fb.com
autodiscover.support.fb.com
autodiscover.uxr.fb.com
autodiscover.waco.fb.com
autodiscover.wa.fb.com
autos.fb.com
au.yearinreview.fb.com
avira-free-antivirus.facebookbrand-preprod.fb.com
avk84-2-82-245-235-210.fb.com
bastion.primary.bcn.1.coo.eu-west-2.supernova.fb.com
bastion.primary.bcn.2.coo.eu-central-1.supernova.fb.com
bastion.primary.ber.2.coo.eu-central-1.supernova.fb.com
bastion.primary.bkk.1.coo.ap-southeast-1.supernova.fb.com
bastion.primary.bkk.2.coo.ap-southeast-1.supernova.fb.com
bastion.primary.bom.1.coo.ap-southeast-1.supernova.fb.com
bastion.primary.bom.2.bio.ap-southeast-1.supernova.fb.com
bastion.primary.bom.3.coo.ap-southeast-1.supernova.fb.com
bastion.primary.bom.4.cbi.ap-south-1.supernova.fb.com
bastion.primary.cmn.1.coo.eu-central-1.supernova.fb.com
bastion.primary.cmn.2.coo.eu-central-1.supernova.fb.com
bastion.primary.dfw.1.coo.us-east-1.supernova.fb.com
bastion.primary.dfw.2.coo.us-east-1.supernova.fb.com
bastion.primary.dmo.1.coo.dev.us-west-2.supernova.fb.com
bastion.primary.dub.1.coo.eu-west-1.supernova.fb.com
bastion.primary.dub.3.coo.eu-west-1.supernova.fb.com
bastion.primary.dub.4.cbi.eu-west-1.supernova.fb.com
bastion.primary.ess.1.coo.eu-west-2.supernova.fb.com
bastion.primary.ess.2.coo.eu-central-1.supernova.fb.com
bastion.primary.hyd.1.coo.ap-southeast-1.supernova.fb.com
bastion.primary.hyd.2.bio.ap-southeast-1.supernova.fb.com
bastion.primary.hyd.3.coo.ap-southeast-1.supernova.fb.com
bastion.primary.kul.1.coo.ap-southeast-1.supernova.fb.com
bastion.primary.lis.1.coo.eu-west-1.supernova.fb.com
bastion.primary.lis.2.coo.eu-west-1.supernova.fb.com
bastion.primary.lis.3.wps.eu-west-2.supernova.fb.com
bastion.primary.mnl.1.coo.ap-southeast-1.supernova.fb.com
bastion.primary.mnl.2.pdo.ap-southeast-1.supernova.fb.com
bastion.primary.mnl.3.coo.ap-southeast-1.supernova.fb.com
bastion.primary.mnl.4.coo.ap-southeast-1.supernova.fb.com
bastion.primary.mnl.5.coo.ap-southeast-1.supernova.fb.com
bastion.primary.nbo.1.coo.eu-central-1.supernova.fb.com
bastion.primary.nbo.2.coo.eu-central-1.supernova.fb.com
bastion.primary.osb.1.osb.us-east-1.supernova.fb.com
bastion.primary.osb.3.osb.ap-southeast-1.supernova.fb.com
bastion.primary.rix.1.coo.eu-west-2.supernova.fb.com
bastion.primary.rix.2.coo.eu-west-1.supernova.fb.com
bastion.primary.sin.1.coo.ap-southeast-1.supernova.fb.com
bastion.primary.sin.2.coo.ap-southeast-1.supernova.fb.com
bastion.primary.sin.3.fpl.ap-southeast-1.supernova.fb.com
bastion.primary.sof.1.coo.eu-central-1.supernova.fb.com
bastion.primary.sof.2.coo.eu-central-1.supernova.fb.com
bastion.primary.tst.0.coo.dev.us-west-2.supernova.fb.com
bastion.primary.tst.100.coo.dev.us-west-2.supernova.fb.com
bastion.primary.tst.101.coo.dev.us-west-2.supernova.fb.com
bastion.primary.tst.1.coo.dev.us-west-2.supernova.fb.com
bastion.primary.tst.200.coo.dev.us-west-2.supernova.fb.com
bastion.primary.tst.2.coo.dev.us-west-2.supernova.fb.com
bastion.primary.tst.3.coo.dev.us-west-2.supernova.fb.com
bastion.primary.tst.4.coo.dev.us-west-2.supernova.fb.com
bastion.primary.tst.5.coo.dev.us-west-2.supernova.fb.com
bastion.primary.tst.6.coo.dev.us-west-2.supernova.fb.com
bastion.primary.tst.99.coo.dev.us-west-2.supernova.fb.com
bastion.primary.waw.1.coo.eu-west-1.supernova.fb.com
bastion.primary.waw.2.coo.eu-west-1.supernova.fb.com
bastion.secondary.bcn.1.coo.eu-west-1.supernova.fb.com
bastion.secondary.bcn.2.coo.eu-west-1.supernova.fb.com
bastion.secondary.ber.1.coo.eu-west-2.supernova.fb.com
bastion.secondary.ber.2.coo.eu-west-1.supernova.fb.com
bastion.secondary.bkk.1.coo.ap-northeast-1.supernova.fb.com
bastion.secondary.bkk.3.coo.ap-northeast-1.supernova.fb.com
bastion.secondary.bom.1.coo.ap-northeast-1.supernova.fb.com
bastion.secondary.bom.2.bio.ap-northeast-1.supernova.fb.com
bastion.secondary.bom.3.coo.ap-northeast-1.supernova.fb.com
bastion.secondary.cmn.1.coo.eu-west-2.supernova.fb.com
bastion.secondary.cmn.2.coo.eu-west-2.supernova.fb.com
bastion.secondary.dfw.1.coo.us-west-2.supernova.fb.com
bastion.secondary.dfw.2.coo.us-west-2.supernova.fb.com
bastion.secondary.dub.1.coo.eu-west-2.supernova.fb.com
bastion.secondary.dub.2.cbi.eu-west-2.supernova.fb.com
bastion.secondary.dub.3.coo.eu-west-2.supernova.fb.com
bastion.secondary.dub.4.cbi.eu-west-2.supernova.fb.com
bastion.secondary.ess.1.coo.eu-west-1.supernova.fb.com
bastion.secondary.hyd.1.coo.ap-northeast-1.supernova.fb.com
bastion.secondary.hyd.2.bio.ap-northeast-1.supernova.fb.com
bastion.secondary.hyd.3.coo.ap-northeast-1.supernova.fb.com
bastion.secondary.lis.1.coo.eu-west-2.supernova.fb.com
bastion.secondary.lis.2.coo.eu-central-1.supernova.fb.com
bastion.secondary.lis.3.wps.eu-central-1.supernova.fb.com
bastion.secondary.mnl.1.coo.ap-northeast-1.supernova.fb.com
bastion.secondary.mnl.2.pdo.ap-northeast-1.supernova.fb.com
bastion.secondary.mnl.3.coo.ap-northeast-1.supernova.fb.com
bastion.secondary.mnl.4.coo.ap-northeast-1.supernova.fb.com
bastion.secondary.mnl.5.coo.ap-northeast-1.supernova.fb.com
bastion.secondary.nbo.1.coo.eu-west-1.supernova.fb.com
bastion.secondary.nbo.2.coo.eu-west-1.supernova.fb.com
bastion.secondary.osb.1.osb.us-west-2.supernova.fb.com
bastion.secondary.osb.2.osb.eu-west-2.supernova.fb.com
bastion.secondary.osb.3.osb.ap-northeast-1.supernova.fb.com
bastion.secondary.rix.1.coo.eu-west-1.supernova.fb.com
bastion.secondary.rix.2.coo.eu-west-2.supernova.fb.com
bastion.secondary.sin.1.coo.ap-northeast-1.supernova.fb.com
bastion.secondary.sin.2.coo.ap-northeast-1.supernova.fb.com
bastion.secondary.sin.3.fpl.ap-northeast-1.supernova.fb.com
bastion.secondary.sof.1.coo.eu-west-1.supernova.fb.com
bastion.secondary.sof.2.coo.eu-west-1.supernova.fb.com
bastion.secondary.tst.100.coo.dev.us-west-2.supernova.fb.com
bastion.secondary.tst.101.coo.dev.us-west-2.supernova.fb.com
bastion.secondary.tst.1.coo.dev.us-west-2.supernova.fb.com
bastion.secondary.tst.2.coo.dev.us-west-2.supernova.fb.com
bastion.secondary.tst.99.coo.dev.us-west-2.supernova.fb.com
bcn-o1-primary.supernova.fb.com
bcn-o1-secondary.supernova.fb.com
bcn-o1.supernova.fb.com
bcn-o2-primary.supernova.fb.com
bcn-o2-secondary.supernova.fb.com
bcn-o2.supernova.fb.com
beatsunlocked.fb.com
belajarmenjaga.fb.com
benefits.fb.com
ber-o1-primary.supernova.fb.com
ber-o1-secondary.supernova.fb.com
ber-o1.supernova.fb.com
ber-o2-primary.supernova.fb.com
ber-o2-secondary.supernova.fb.com
ber-o2.supernova.fb.com
bga27-1-78-217-37-226.fb.com
binario-f.fb.com
binariof.fb.com
biz.fb.com
bkk-o1-primary.supernova.fb.com
bkk-o1-secondary.supernova.fb.com
bkk-o1.supernova.fb.com
bkk-o2-primary.supernova.fb.com
bkk-o2-secondary.supernova.fb.com
bkk-o2.supernova.fb.com
bkk-o3-primary.supernova.fb.com
bkk-o3-secondary.supernova.fb.com
bkk-o3.supernova.fb.com
b.ns.fb.com
bog-o1-primary.supernova.fb.com
bog-o1-secondary.supernova.fb.com
bog-o1.supernova.fb.com
bog-o2-primary.supernova.fb.com
bog-o2-secondary.supernova.fb.com
bog-o2.supernova.fb.com
bog-o3-primary.supernova.fb.com
bog-o3-secondary.supernova.fb.com
bog-o3.supernova.fb.com
bog-o4-primary.supernova.fb.com
bog-o4-secondary.supernova.fb.com
bog-o4.supernova.fb.com
bom-o1-primary.supernova.fb.com
bom-o1-secondary.supernova.fb.com
bom-o1.supernova.fb.com
bom-o2-primary.supernova.fb.com
bom-o2-secondary.supernova.fb.com
bom-o2.supernova.fb.com
bom-o3-primary.supernova.fb.com
bom-o3.supernova.fb.com
bom-o4-primary.supernova.fb.com
bom-o4.supernova.fb.com
bom-o5-primary.supernova.fb.com
bom-o5.supernova.fb.com
bou49-1-78-234-37-84.fb.com
brasil.fb.com
brazil.fb.com
bri05-1-78-215-174-88.fb.com
bri81-1-78-246-175-139.fb.com
br.instantarticles.fb.com
brn29-3-78-245-6-144.fb.com
brn91-3-82-229-130-113.fb.com
br.newsroom.fb.com
broker.primary.bcn.1.coo.eu-west-2.supernova.fb.com
broker.primary.bcn.2.coo.eu-central-1.supernova.fb.com
broker.primary.ber.1.coo.eu-central-1.supernova.fb.com
broker.primary.ber.2.coo.eu-central-1.supernova.fb.com
broker.primary.bkk.1.coo.ap-southeast-1.supernova.fb.com
broker.primary.bkk.2.coo.ap-southeast-1.supernova.fb.com
broker.primary.bom.1.coo.ap-southeast-1.supernova.fb.com
broker.primary.bom.2.bio.ap-southeast-1.supernova.fb.com
broker.primary.bom.3.coo.ap-southeast-1.supernova.fb.com
broker.primary.cmn.1.coo.eu-central-1.supernova.fb.com
broker.primary.cmn.2.coo.eu-central-1.supernova.fb.com
broker.primary.dfw.1.coo.us-east-1.supernova.fb.com
broker.primary.dfw.2.coo.us-east-1.supernova.fb.com
broker.primary.dmo.1.coo.dev.us-west-2.supernova.fb.com
broker.primary.dub.1.coo.eu-west-1.supernova.fb.com
broker.primary.dub.2.cbi.eu-west-1.supernova.fb.com
broker.primary.dub.3.coo.eu-west-1.supernova.fb.com
broker.primary.dub.4.cbi.eu-west-1.supernova.fb.com
broker.primary.ess.1.coo.eu-west-2.supernova.fb.com
broker.primary.ess.2.coo.eu-central-1.supernova.fb.com
broker.primary.hyd.1.coo.ap-southeast-1.supernova.fb.com
broker.primary.kul.1.coo.ap-southeast-1.supernova.fb.com
broker.primary.lis.1.coo.eu-west-1.supernova.fb.com
broker.primary.lis.2.coo.eu-west-1.supernova.fb.com
broker.primary.lis.3.wps.eu-west-2.supernova.fb.com
broker.primary.mnl.1.coo.ap-southeast-1.supernova.fb.com
broker.primary.mnl.2.pdo.ap-southeast-1.supernova.fb.com
broker.primary.mnl.3.coo.ap-southeast-1.supernova.fb.com
broker.primary.mnl.4.coo.ap-southeast-1.supernova.fb.com
broker.primary.mnl.5.coo.ap-southeast-1.supernova.fb.com
broker.primary.nbo.1.coo.eu-central-1.supernova.fb.com
broker.primary.nbo.2.coo.eu-central-1.supernova.fb.com
broker.primary.osb.1.osb.us-east-1.supernova.fb.com
broker.primary.osb.3.osb.ap-southeast-1.supernova.fb.com
broker.primary.rix.1.coo.eu-west-2.supernova.fb.com
broker.primary.rix.2.coo.eu-west-1.supernova.fb.com
broker.primary.sin.1.coo.ap-southeast-1.supernova.fb.com
broker.primary.sin.2.coo.ap-southeast-1.supernova.fb.com
broker.primary.sin.3.fpl.ap-southeast-1.supernova.fb.com
broker.primary.sof.1.coo.eu-central-1.supernova.fb.com
broker.primary.sof.2.coo.eu-central-1.supernova.fb.com
broker.primary.tst.0.coo.dev.us-west-2.supernova.fb.com
broker.primary.tst.100.coo.dev.us-west-2.supernova.fb.com
broker.primary.tst.101.coo.dev.us-west-2.supernova.fb.com
broker.primary.tst.1.coo.dev.us-west-2.supernova.fb.com
broker.primary.tst.200.coo.dev.us-west-2.supernova.fb.com
broker.primary.tst.2.coo.dev.us-west-2.supernova.fb.com
broker.primary.tst.3.coo.dev.us-west-2.supernova.fb.com
broker.primary.tst.4.coo.dev.us-west-2.supernova.fb.com
broker.primary.tst.5.coo.dev.us-west-2.supernova.fb.com
broker.primary.tst.6.coo.dev.us-west-2.supernova.fb.com
broker.primary.tst.99.coo.dev.us-west-2.supernova.fb.com
broker.primary.waw.1.coo.eu-west-1.supernova.fb.com
broker.primary.waw.2.coo.eu-west-1.supernova.fb.com
broker.secondary.bcn.1.coo.eu-west-1.supernova.fb.com
broker.secondary.bcn.2.coo.eu-west-1.supernova.fb.com
broker.secondary.ber.1.coo.eu-west-2.supernova.fb.com
broker.secondary.ber.2.coo.eu-west-1.supernova.fb.com
broker.secondary.bkk.1.coo.ap-northeast-1.supernova.fb.com
broker.secondary.bkk.2.coo.ap-northeast-1.supernova.fb.com
broker.secondary.bkk.3.coo.ap-northeast-1.supernova.fb.com
broker.secondary.bom.1.coo.ap-northeast-1.supernova.fb.com
broker.secondary.bom.2.bio.ap-northeast-1.supernova.fb.com
broker.secondary.bom.3.coo.ap-northeast-1.supernova.fb.com
broker.secondary.cmn.1.coo.eu-west-2.supernova.fb.com
broker.secondary.cmn.2.coo.eu-west-2.supernova.fb.com
broker.secondary.dfw.1.coo.us-west-2.supernova.fb.com
broker.secondary.dfw.2.coo.us-west-2.supernova.fb.com
broker.secondary.dub.1.coo.eu-west-2.supernova.fb.com
broker.secondary.dub.3.coo.eu-west-2.supernova.fb.com
broker.secondary.dub.4.cbi.eu-west-2.supernova.fb.com
broker.secondary.ess.2.coo.eu-west-1.supernova.fb.com
broker.secondary.hyd.1.coo.ap-northeast-1.supernova.fb.com
broker.secondary.hyd.2.bio.ap-northeast-1.supernova.fb.com
broker.secondary.hyd.3.coo.ap-northeast-1.supernova.fb.com
broker.secondary.lis.1.coo.eu-west-2.supernova.fb.com
broker.secondary.lis.2.coo.eu-central-1.supernova.fb.com
broker.secondary.lis.3.wps.eu-central-1.supernova.fb.com
broker.secondary.mnl.1.coo.ap-northeast-1.supernova.fb.com
broker.secondary.mnl.2.pdo.ap-northeast-1.supernova.fb.com
broker.secondary.mnl.3.coo.ap-northeast-1.supernova.fb.com
broker.secondary.mnl.4.coo.ap-northeast-1.supernova.fb.com
broker.secondary.nbo.2.coo.eu-west-1.supernova.fb.com
broker.secondary.osb.1.osb.us-west-2.supernova.fb.com
broker.secondary.osb.2.osb.eu-west-2.supernova.fb.com
broker.secondary.osb.3.osb.ap-northeast-1.supernova.fb.com
broker.secondary.rix.1.coo.eu-west-1.supernova.fb.com
broker.secondary.rix.2.coo.eu-west-2.supernova.fb.com
broker.secondary.sin.1.coo.ap-northeast-1.supernova.fb.com
broker.secondary.sin.2.coo.ap-northeast-1.supernova.fb.com
broker.secondary.sof.1.coo.eu-west-1.supernova.fb.com
broker.secondary.tst.100.coo.dev.us-west-2.supernova.fb.com
broker.secondary.tst.101.coo.dev.us-west-2.supernova.fb.com
broker.secondary.tst.1.coo.dev.us-west-2.supernova.fb.com
broker.secondary.tst.2.coo.dev.us-west-2.supernova.fb.com
br.yearinreview.fb.com
bub62-3-78-237-8-41.fb.com
buck.vip.fb.com
businesspartners.fb.com
buy.fb.com
c0017-1-82-245-15-10.fb.com
c7x66-1-78-200-226-197.fb.com
ca.newsroom.fb.com
cannes.fb.com
careerconnections.fb.com
cdp.fb.com
ceii.fb.com
cer68-2-78-240-251-208.fb.com
chat.fb.com
che01-1-78-199-135-83.fb.com
chef.thefacebook.com.fb.com
chf02-1-82-240-79-206.fb.com
ch.instantarticles.fb.com
chm13-2-78-215-70-209.fb.com
cho49-2-88-161-156-68.fb.com
ci-fbcode.fb.com
cityguides.fb.com
classof2020.fb.com
client8.fb.com
cm.iad-1.prod.us-east-1.vdi.fb.com
cmn-o1-primary.supernova.fb.com
cmn-o1-secondary.supernova.fb.com
cmn-o1.supernova.fb.com
cmn-o2-primary.supernova.fb.com
cmn-o2-secondary.supernova.fb.com
cmn-o2.supernova.fb.com
cm.pdx-1.dev.us-west-2.vdi.fb.com
cm.pdx-2.prod.us-west-2.vdi.fb.com
cm.primary.ath.1.cop.eu-central-1.supernova.fb.com
cm.primary.bcn.1.coo.eu-west-2.supernova.fb.com
cm.primary.bcn.2.coo.eu-central-1.supernova.fb.com
cm.primary.ber.1.coo.eu-central-1.supernova.fb.com
cm.primary.ber.2.coo.eu-central-1.supernova.fb.com
cm.primary.bkk.1.coo.ap-southeast-1.supernova.fb.com
cm.primary.bkk.2.coo.ap-southeast-1.supernova.fb.com
cm.primary.bkk.3.coo.ap-southeast-1.supernova.fb.com
cm.primary.bog.1.cop.ca-central-1.supernova.fb.com
cm.primary.bom.1.coo.ap-southeast-1.supernova.fb.com
cm.primary.bom.2.bio.ap-southeast-1.supernova.fb.com
cm.primary.bom.3.coo.ap-southeast-1.supernova.fb.com
cm.primary.bom.4.bcp.ap-south-1.supernova.fb.com
cm.primary.bom.4.cbi.ap-south-1.supernova.fb.com
cm.primary.bom.5.coo.ap-south-1.supernova.fb.com
cm.primary.cmn.1.coo.eu-central-1.supernova.fb.com
cm.primary.cmn.2.coo.eu-central-1.supernova.fb.com
cm.primary.crk.1.cbi.ap-southeast-1.supernova.fb.com
cm.primary.dfw.1.coo.us-east-1.supernova.fb.com
cm.primary.dfw.2.coo.us-east-1.supernova.fb.com
cm.primary.dmo.1.coo.dev.us-west-2.supernova.fb.com
cm.primary.dmo.2.coo.eu-west-2.supernova.fb.com
cm.primary.dmo.3.coo.us-west-2.supernova.fb.com
cm.primary.dmo.4.coo.ap-southeast-1.supernova.fb.com
cm.primary.dub.1.coo.eu-west-1.supernova.fb.com
cm.primary.dub.2.cbi.eu-west-1.supernova.fb.com
cm.primary.dub.3.coo.eu-west-1.supernova.fb.com
cm.primary.dub.4.cbi.eu-west-1.supernova.fb.com
cm.primary.dvo.1.bio.ap-south-1.supernova.fb.com
cm.primary.ess.1.coo.eu-west-2.supernova.fb.com
cm.primary.hyd.1.coo.ap-southeast-1.supernova.fb.com
cm.primary.hyd.2.bio.ap-southeast-1.supernova.fb.com
cm.primary.hyd.3.coo.ap-southeast-1.supernova.fb.com
cm.primary.hyd.4.coo.ap-south-1.supernova.fb.com
cm.primary.hyd.5.coo.ap-south-1.supernova.fb.com
cm.primary.hyd.6.com.ap-south-1.supernova.fb.com
cm.primary.hyd.7.bio.ap-south-1.supernova.fb.com
cm.primary.hyd.8.cop.ap-south-1.supernova.fb.com
cm.primary.hyd.9.cop.ap-south-1.supernova.fb.com
cm.primary.idr.1.com.ap-south-1.supernova.fb.com
cm.primary.idr.2.pdo.ap-south-1.supernova.fb.com
cm.primary.kul.1.coo.ap-southeast-1.supernova.fb.com
cm.primary.kul.2.coo.ap-southeast-1.supernova.fb.com
cm.primary.lis.1.coo.eu-west-1.supernova.fb.com
cm.primary.lis.2.coo.eu-west-1.supernova.fb.com
cm.primary.lis.3.wps.eu-west-2.supernova.fb.com
cm.primary.mac.1.rnp.ap-south-1.supernova.fb.com
cm.primary.mac.2.com.ap-southeast-1.supernova.fb.com
cm.primary.mac.3.bio.ap-southeast-1.supernova.fb.com
cm.primary.mnl.1.coo.ap-southeast-1.supernova.fb.com
cm.primary.mnl.2.pdo.ap-southeast-1.supernova.fb.com
cm.primary.mnl.3.coo.ap-southeast-1.supernova.fb.com
cm.primary.mnl.4.coo.ap-southeast-1.supernova.fb.com
cm.primary.mnl.5.coo.ap-southeast-1.supernova.fb.com
cm.primary.mnl.6.bio.ap-south-1.supernova.fb.com
cm.primary.mnl.7.com.ap-south-1.supernova.fb.com
cm.primary.mnl.8.rnp.ap-south-1.supernova.fb.com
cm.primary.nbo.1.coo.eu-central-1.supernova.fb.com
cm.primary.nbo.2.coo.eu-central-1.supernova.fb.com
cm.primary.nrt.1.coo.ap-northeast-1.supernova.fb.com
cm.primary.nrt.2.coo.ap-northeast-1.supernova.fb.com
cm.primary.osb.1.osb.us-east-1.supernova.fb.com
cm.primary.osb.3.osb.ap-southeast-1.supernova.fb.com
cm.primary.pdx.1.bcp.us-west-2.supernova.fb.com
cm.primary.rix.1.coo.eu-west-2.supernova.fb.com
cm.primary.rix.2.coo.eu-west-1.supernova.fb.com
cm.primary.sin.1.coo.ap-southeast-1.supernova.fb.com
cm.primary.sin.2.coo.ap-southeast-1.supernova.fb.com
cm.primary.sin.3.fpl.ap-southeast-1.supernova.fb.com
cm.primary.sof.1.coo.eu-central-1.supernova.fb.com
cm.primary.sof.2.coo.eu-central-1.supernova.fb.com
cm.primary.tst.0.coo.dev.us-west-2.supernova.fb.com
cm.primary.tst.100.coo.dev.us-west-2.supernova.fb.com
cm.primary.tst.101.coo.dev.us-west-2.supernova.fb.com
cm.primary.tst.1.coo.dev.us-west-2.supernova.fb.com
cm.primary.tst.2.coo.dev.us-west-2.supernova.fb.com
cm.primary.tst.3.coo.dev.us-west-2.supernova.fb.com
cm.primary.tst.4.coo.dev.us-west-2.supernova.fb.com
cm.primary.tst.5.coo.dev.us-west-2.supernova.fb.com
cm.primary.tst.6.coo.dev.us-west-2.supernova.fb.com
cm.primary.tst.99.coo.dev.us-west-2.supernova.fb.com
cm.primary.waw.1.coo.eu-west-1.supernova.fb.com
cm.primary.waw.2.coo.eu-west-1.supernova.fb.com
cm.secondary.bcn.1.coo.eu-west-1.supernova.fb.com
cm.secondary.bcn.2.coo.eu-west-1.supernova.fb.com
cm.secondary.ber.1.coo.eu-west-2.supernova.fb.com
cm.secondary.ber.2.coo.eu-west-1.supernova.fb.com
cm.secondary.bkk.1.coo.ap-northeast-1.supernova.fb.com
cm.secondary.bkk.2.coo.ap-northeast-1.supernova.fb.com
cm.secondary.bog.1.cop.us-east-1.supernova.fb.com
cm.secondary.bom.1.coo.ap-northeast-1.supernova.fb.com
cm.secondary.bom.2.bio.ap-northeast-1.supernova.fb.com
cm.secondary.bom.3.coo.ap-northeast-1.supernova.fb.com
cm.secondary.bom.5.coo.me-south-1.supernova.fb.com
cm.secondary.cmn.1.coo.eu-west-2.supernova.fb.com
cm.secondary.cmn.2.coo.eu-west-2.supernova.fb.com
cm.secondary.crk.1.cbi.ap-northeast-1.supernova.fb.com
cm.secondary.dfw.1.coo.us-west-2.supernova.fb.com
cm.secondary.dfw.2.coo.us-west-2.supernova.fb.com
cm.secondary.dmo.1.coo.dev.us-west-2.supernova.fb.com
cm.secondary.dub.1.coo.eu-west-2.supernova.fb.com
cm.secondary.dub.2.cbi.eu-west-2.supernova.fb.com
cm.secondary.dub.3.coo.eu-west-2.supernova.fb.com
cm.secondary.dub.4.cbi.eu-west-2.supernova.fb.com
cm.secondary.dvo.1.bio.ap-southeast-1.supernova.fb.com
cm.secondary.ess.1.coo.eu-west-1.supernova.fb.com
cm.secondary.ess.2.coo.eu-west-1.supernova.fb.com
cm.secondary.hyd.1.coo.ap-northeast-1.supernova.fb.com
cm.secondary.hyd.2.bio.ap-northeast-1.supernova.fb.com
cm.secondary.hyd.3.coo.ap-northeast-1.supernova.fb.com
cm.secondary.hyd.4.coo.ap-southeast-1.supernova.fb.com
cm.secondary.hyd.5.coo.ap-southeast-1.supernova.fb.com
cm.secondary.hyd.7.bio.ap-southeast-1.supernova.fb.com
cm.secondary.hyd.8.cop.ap-southeast-1.supernova.fb.com
cm.secondary.hyd.9.cop.ap-southeast-1.supernova.fb.com
cm.secondary.idr.1.com.ap-southeast-1.supernova.fb.com
cm.secondary.idr.2.pdo.ap-southeast-1.supernova.fb.com
cm.secondary.kul.1.coo.ap-northeast-1.supernova.fb.com
cm.secondary.kul.2.coo.ap-northeast-1.supernova.fb.com
cm.secondary.lis.1.coo.eu-west-2.supernova.fb.com
cm.secondary.lis.2.coo.eu-central-1.supernova.fb.com
cm.secondary.lis.3.wps.eu-central-1.supernova.fb.com
cm.secondary.mac.1.rnp.ap-southeast-1.supernova.fb.com
cm.secondary.mac.2.com.ap-south-1.supernova.fb.com
cm.secondary.mac.3.bio.ap-south-1.supernova.fb.com
cm.secondary.mnl.1.coo.ap-northeast-1.supernova.fb.com
cm.secondary.mnl.2.pdo.ap-northeast-1.supernova.fb.com
cm.secondary.mnl.3.coo.ap-northeast-1.supernova.fb.com
cm.secondary.mnl.4.coo.ap-northeast-1.supernova.fb.com
cm.secondary.mnl.5.coo.ap-northeast-1.supernova.fb.com
cm.secondary.mnl.6.bio.ap-southeast-1.supernova.fb.com
cm.secondary.mnl.7.com.ap-southeast-1.supernova.fb.com
cm.secondary.mnl.8.rnp.ap-southeast-1.supernova.fb.com
cm.secondary.nbo.1.coo.eu-west-1.supernova.fb.com
cm.secondary.nbo.2.coo.eu-west-1.supernova.fb.com
cm.secondary.nrt.1.coo.ap-southeast-1.supernova.fb.com
cm.secondary.nrt.2.coo.ap-southeast-1.supernova.fb.com
cm.secondary.osb.1.osb.us-west-2.supernova.fb.com
cm.secondary.osb.2.osb.eu-west-2.supernova.fb.com
cm.secondary.osb.3.osb.ap-northeast-1.supernova.fb.com
cm.secondary.rix.1.coo.eu-west-1.supernova.fb.com
cm.secondary.rix.2.coo.eu-west-2.supernova.fb.com
cm.secondary.sin.1.coo.ap-northeast-1.supernova.fb.com
cm.secondary.sin.2.coo.ap-northeast-1.supernova.fb.com
cm.secondary.sin.3.fpl.ap-northeast-1.supernova.fb.com
cm.secondary.sof.1.coo.eu-west-1.supernova.fb.com
cm.secondary.sof.2.coo.eu-west-1.supernova.fb.com
cm.secondary.tst.100.coo.dev.us-west-2.supernova.fb.com
cm.secondary.tst.101.coo.dev.us-west-2.supernova.fb.com
cm.secondary.tst.1.coo.dev.us-west-2.supernova.fb.com
cm.secondary.tst.2.coo.dev.us-west-2.supernova.fb.com
cm.secondary.waw.1.coo.eu-west-2.supernova.fb.com
cm.secondary.waw.2.coo.eu-west-2.supernova.fb.com
cmsg.primary.dmo.1.coo.dev.us-west-2.supernova.fb.com
c.ns.fb.com
cob77-1-88-179-90-136.fb.com
code-dev.fb.com
code.fb.com
code-paris-2019.fb.com
cogna.fb.com
colombia.fb.com
com59-1-88-173-170-82.fb.com
com.fb.com
commerce-dev.status.fb.com
commerce.status.fb.com
communities.fb.com
connectivity.fb.com
contacts.fb.com
contentdistributionpolicies.fb.com
contentdistributionpolicy.fb.com
content.fb.com
control.fb.com
coressabores2012.facebookbrand-2018-dev.fb.com
coronarytorture.facebookbrand-release.fb.com
counterspeech.fb.com
covid-survey.dataforgood.fb.com
cpeoffice.thefacebook.com.fb.com
cpespace.thefacebook.com.fb.com
creative.fb.com
creativehub.fb.com
crj95-5-82-243-62-214.fb.com
crk-o1-primary.supernova.fb.com
crk-o1-secondary.supernova.fb.com
crk-o1.supernova.fb.com
css.fb.com
cth08-1-88-182-208-166.fb.com
d5c50234.fb.com
da-dk.facebookbrand-2018-dev.fb.com
da-dk.facebookbrand-2018.fb.com
da-dk.facebookbrand-2018-preprod.fb.com
da-dk.facebookbrand-2018-release.fb.com
da-dk.facebookbrand-dev.fb.com
da-dk.facebookbrand-preprod.fb.com
da-dk.facebookbrand-release.fb.com
datacenters.fb.com
dataforgood.fb.com
dataportability.fb.com
de-cix.dfw1.fb.com
de-cix.dfw2.fb.com
de-cix.nyc1.fb.com
de-cix.nyc.fb.com
de.events.fb.com
de.facebookbrand-2018-dev.fb.com
de.facebookbrand-2018.fb.com
de.facebookbrand-2018-preprod.fb.com
de.facebookbrand-2018-release.fb.com
de.facebookbrand-dev.fb.com
de.facebookbrand-preprod.fb.com
de.facebookbrand-release.fb.com
de.instantarticles.fb.com
demo.supernova.fb.com
demotrainingportal.fb.com
de.newsroom.fb.com
depannage-ordinateur-windows-virus.facebookbrand-dev.fb.com
de.rim-kardease.fb.com
de.sustainability.fb.com
deutschland-dev.fb.com
deutschland.fb.com
deutschland-preprod.fb.com
devapi.status.fb.com
dev.cloud.fb.com
dev.demolab.fb.com
developerevents.fb.com
dev.fb.com
dev.vault.code42.fb.com
de.yearinreview.fb.com
dfw-o1-primary.supernova.fb.com
dfw-o1-secondary.supernova.fb.com
dfw-o1.supernova.fb.com
dfw-o2-primary.supernova.fb.com
digitaleslernen.fb.com
digitaleslernzentrum.fb.com
digitalimprintz.comslernzentrum.fb.com
digitalskill.fb.com
digitalskills.fb.com
digitalskillsmichigan.fb.com
digitalskillsus.fb.com
digitaltayo.fb.com
digitaltraining.fb.com
discoverreceiver.fb.com
diversity.fb.com
diversityreport.fb.com
dmo-o1-primary.supernova.fb.com
dmo-o1.supernova.fb.com
dmo-o2-primary.supernova.fb.com
dmo-o2.supernova.fb.com
dmo-o3-primary.supernova.fb.com
dmo-o3.supernova.fb.com
dmo-o4-primary.supernova.fb.com
dmo-o4.supernova.fb.com
d.ns.fb.com
docs.fb.com
docsupload.fb.com
dol39-4-78-219-154-37.fb.com
donate.fb.com
donations.fb.com
ds1-dev.fb.com
ds1-preprod.fb.com
ds1-uat.fb.com
ds1-usdev.fb.com
ds1-uspreprod.fb.com
ds1-usuat.fb.com
ds2-dev.fb.com
ds2-preprod.fb.com
dub-o1-primary.supernova.fb.com
dub-o1-secondary.supernova.fb.com
dub-o1.supernova.fb.com
dub-o2-primary.supernova.fb.com
dub-o2-secondary.supernova.fb.com
dub-o2.supernova.fb.com
dub-o3-primary.supernova.fb.com
dub-o3-secondary.supernova.fb.com
dub-o3.supernova.fb.com
dub-o4-primary.supernova.fb.com
dub-o4-secondary.supernova.fb.com
dub-o4.supernova.fb.com
dvo-o1-primary.supernova.fb.com
dvo-o1-secondary.supernova.fb.com
dvo-o1.supernova.fb.com
eaccounts.fb.com
economy.fb.com
econtacts.fb.com
econtrol.fb.com
ecr.cloud.fb.com
ecss.fb.com
edocs.fb.com
edocsupload.fb.com
education.fb.com
edu.fb.com
edw-mstr.fb.com
edw-mstr.vvv.fb.com
edw-tableau.fb.com
edw-tableau.vvv.fb.com
eexportwriter.fb.com
ehrenamt.fb.com
eimg.fb.com
ejs.fb.com
elevateandcelebrate.fb.com
elt.fb.com
email.frlstudies.fb.com
emeapolicycovidhub.fb.com
en.facebookbrand-2018-dev.fb.com
en.facebookbrand-2018.fb.com
en.facebookbrand-2018-preprod.fb.com
en.facebookbrand-2018-release.fb.com
en.facebookbrand-dev.fb.com
en.facebookbrand-preprod.fb.com
en.facebookbrand-release.fb.com
engineerfortheweek.fb.com
engineering.fb.com
engineeroftheweek.fb.com
enterpriseenrollment.fb.com
enterpriseregistration.fb.com
epdf.fb.com
epdfviewer.fb.com
epreviewwriter.fb.com
esearch.fb.com
es.events.fb.com
es.facebookbrand-2018-dev.fb.com
es.facebookbrand-2018.fb.com
es.facebookbrand-2018-preprod.fb.com
es.facebookbrand-2018-release.fb.com
es.facebookbrand-dev.fb.com
es.facebookbrand-preprod.fb.com
es.facebookbrand-release.fb.com
esheet.fb.com
es-hub.fb.com
eshub.fb.com
es.instantarticles.fb.com
esl59-1-78-219-171-174.fb.com
es-la.facebookbrand-2018-dev.fb.com
es-la.facebookbrand-2018.fb.com
es-la.facebookbrand-2018-preprod.fb.com
es-la.facebookbrand-2018-release.fb.com
es-la.facebookbrand-dev.fb.com
es-la.facebookbrand-preprod.fb.com
es-la.facebookbrand-release.fb.com
es.newsroom.fb.com
espana.fb.com
ess-o1-primary.supernova.fb.com
ess-o1-secondary.supernova.fb.com
ess-o1.supernova.fb.com
ess-o2-primary.supernova.fb.com
ess-o2-secondary.supernova.fb.com
es.sustainability.fb.com
estacaohack.fb.com
es.techprep.fb.com
es.yearinreview.fb.com
etaccounts.fb.com
etcontacts.fb.com
etcontrol.fb.com
etcss.fb.com
etdocs.fb.com
etdocsupload.fb.com
etexportwriter.fb.com
ethicsweek.fb.com
etimg.fb.com
etjs.fb.com
etlt.fb.com
etpdf.fb.com
etpdfviewer.fb.com
etpreviewwriter.fb.com
etr77-1-88-176-107-250.fb.com
etsearch.fb.com
etsheet.fb.com
etwmsadmin.fb.com
etwms.fb.com
etwriter2.fb.com
etwriter3.fb.com
etwriter.fb.com
eu141-1-82-237-213-83.fb.com
eu-dev.fb.com
eu.fb.com
eu-preprod.fb.com
europeanunion.fb.com
events.fb.com
ewmsadmin.fb.com
ewms.fb.com
ewriter2.fb.com
ewriter3.fb.com
ewriter.fb.com
exchange.fb.com
exportwriter.fb.com
expresswifi.fb.com
f1-dev.fb.com
f1-preprod.fb.com
f1-uat.fb.com
f1-usdev.fb.com
f1-uspreprod.fb.com
f1-usuat.fb.com
facebook360.fb.com
facebookatunga.fb.com
facebookbrand-2018-dev.fb.com
facebookbrand-2018.fb.com
facebookbrand-2018-preprod.fb.com
facebookbrand-2018-release.fb.com
facebookbrand-dev.fb.com
facebookbrand-preprod.fb.com
facebookbrand-release.fb.com
facebook.com.fb.com
facebookforums.fb.com
facebook-icd-autopay.fb.com
facebookinnigeria.fb.com
fau42-5-88-165-45-143.fb.com
fava.fb.com
.fb.com
fb.com
fbindia.fb.com
fb-peer-sea-spectrum-1.fb.com
fbs-dev.status.fb.com
fbs.status.fb.com
feedback.fb.com
fgb68-1-88-185-13-120.fb.com
fightcovidmisinfo.fb.com
file.fb.com
files.fb.com
flughafensaarbrücken.fb.com
fmc.fb.com
formation.fb.com
fort.fb.com
forwardtogether.fb.com
f-preprod.fb.com
france-dev.fb.com
france.fb.com
france-preprod.fb.com
frc-appstore.fb.com
frc-cpespace.thefacebook.com.fb.com
frc-fsoutpost.fb.com
frc-fs.sales.fb.com
frc-logrelay01.thefacebook.com.fb.com
frc-logrelay02.thefacebook.com.fb.com
frc-logrelay03.thefacebook.com.fb.com
frc-logrelay04.thefacebook.com.fb.com
frc-logrelay05.thefacebook.com.fb.com
frc-logrelay06.thefacebook.com.fb.com
frc-logrelay07.thefacebook.com.fb.com
frc-logrelay08.thefacebook.com.fb.com
frc-logrelay09.thefacebook.com.fb.com
frc-logrelay10.thefacebook.com.fb.com
frc-logrelay12.thefacebook.com.fb.com
frc-logrelay13.thefacebook.com.fb.com
frc-logrelay14.thefacebook.com.fb.com
frc-logrelay15.thefacebook.com.fb.com
frc-logrelay16.thefacebook.com.fb.com
frc-logrelay17.thefacebook.com.fb.com
frc-logrelay18.thefacebook.com.fb.com
frc-logrelay19.thefacebook.com.fb.com
frc-logrelay20.thefacebook.com.fb.com
frc-opdc01.outpost.fb.com
frc-opdc02.outpost.fb.com
frc-vsp.fb.com
free.fb.com
fr.events.fb.com
fr.facebookbrand-2018-dev.fb.com
fr.facebookbrand-2018.fb.com
fr.facebookbrand-2018-preprod.fb.com
fr.facebookbrand-2018-release.fb.com
fr.facebookbrand-dev.fb.com
fr.facebookbrand-preprod.fb.com
fr.facebookbrand-release.fb.com
fr.instantarticles.fb.com
frljourneymap.fb.com
fr.newsroom.fb.com
fr.sustainability.fb.com
fr.yearinreview.fb.com
fs.fb.com
fs.fbdevlab.fb.com
fs.outpost.fb.com
fsoutpost.fb.com
fsp.fb.com
fs.sales.fb.com
fw.fb.com
gad13-3-88-177-227-47.fb.com
gb.newsroom.fb.com
germany.fb.com
giftofgiving.fb.com
gli74-2-88-160-192-230.fb.com
globalsecurity.fb.com
go2020.fb.com
go.fb.com
going-global.fb.com
gou06-1-82-224-99-161.fb.com
graph-api.status.fb.com
graph-hack.fb.com
gre92-8-88-163-157-79.fb.com
groups.fb.com
gs.fb.com
hacktober.fb.com
hardquestions.fb.com
hardquestionstour.fb.com
hau59-3-88-161-176-16.fb.com
hcn-152-44.hanspaul-city.fb.com
here.fb.com
h.fb.com
hi5.fb.com
hi.fb.com
hk.instantarticles.fb.com
hmt25-1-83-152-65-68.fb.com
humanrights.fb.com
hyd-o10-primary.supernova.fb.com
hyd-o10.supernova.fb.com
hyd-o1-primary.supernova.fb.com
hyd-o1-secondary.supernova.fb.com
hyd-o1.supernova.fb.com
hyd-o2-primary.supernova.fb.com
hyd-o2-secondary.supernova.fb.com
hyd-o2.supernova.fb.com
hyd-o3-primary.supernova.fb.com
hyd-o3-secondary.supernova.fb.com
hyd-o3.supernova.fb.com
hyd-o4-primary.supernova.fb.com
hyd-o4-secondary.supernova.fb.com
hyd-o4.supernova.fb.com
hyd-o5-primary.supernova.fb.com
hyd-o5-secondary.supernova.fb.com
hyd-o5.supernova.fb.com
hyd-o6-primary.supernova.fb.com
hyd-o6-secondary.supernova.fb.com
hyd-o6.supernova.fb.com
hyd-o7-primary.supernova.fb.com
hyd-o7-secondary.supernova.fb.com
hyd-o7.supernova.fb.com
hyd-o8-primary.supernova.fb.com
hyd-o8-secondary.supernova.fb.com
hyd-o8.supernova.fb.com
hyd-o9-primary.supernova.fb.com
hyd-o9-secondary.supernova.fb.com
hyd-o9.supernova.fb.com
iad-1.vdi.fb.com
id.instantarticles.fb.com
idr-o1-primary.supernova.fb.com
idr-o1-secondary.supernova.fb.com
idr-o1.supernova.fb.com
idr-o2-primary.supernova.fb.com
idr-o2-secondary.supernova.fb.com
idr-o2.supernova.fb.com
idr-o3.supernova.fb.com
imap.fb.com
img.fb.com
immersivelearningacademy.fb.com
impara-dev.fb.com
impara.fb.com
impara-preprod.fb.com
impara-uat.fb.com
impara-usdev.fb.com
impara-uspreprod.fb.com
impara-usuat.fb.com
indiaeconomy.fb.com
india.fb.com
indonesia.fb.com
initiatives.france.fb.com
in.newsroom.fb.com
innovationlabkorea-en.fb.com
innovationlabkorea.fb.com
insidefeed.fb.com
insights.fb.com
inspired.fb.com
instantarticles.fb.com
internalcheck.apple.com.fb.com
investor.fb.com
in.yearinreview.fb.com
ise-frl.frl.fb.com
iss84-1-78-229-77-86.fb.com
istasyon.fb.com
italia.fb.com
italy.fb.com
it.events.fb.com
it.facebookbrand-2018-dev.fb.com
it.facebookbrand-2018.fb.com
it.facebookbrand-2018-preprod.fb.com
it.facebookbrand-2018-release.fb.com
it.facebookbrand-dev.fb.com
it.facebookbrand-preprod.fb.com
it.facebookbrand-release.fb.com
it.instantarticles.fb.com
it.newsroom.fb.com
it.yearinreview.fb.com
ja.facebookbrand-2018-dev.fb.com
ja.facebookbrand-2018.fb.com
ja.facebookbrand-2018-preprod.fb.com
ja.facebookbrand-2018-release.fb.com
ja.facebookbrand-dev.fb.com
ja.facebookbrand-preprod.fb.com
ja.facebookbrand-release.fb.com
ja.newsroom.fb.com
jawbreaker.facebookbrand-2018-preprod.fb.com
jeo74-1-78-212-73-120.fb.com
jo137-2-82-246-117-141.fb.com
jp.instantarticles.fb.com
jp.yearinreview.fb.com
js.fb.com
juv34-1-82-224-138-22.fb.com
keepingthepromise.fb.com
ko-kr.facebookbrand-2018-dev.fb.com
ko-kr.facebookbrand-2018.fb.com
ko-kr.facebookbrand-2018-preprod.fb.com
ko-kr.facebookbrand-2018-release.fb.com
ko-kr.facebookbrand-dev.fb.com
ko-kr.facebookbrand-preprod.fb.com
ko-kr.facebookbrand-release.fb.com
ko.newsroom.fb.com
korea.fb.com
kpn32-1-78-204-57-222.fb.com
kr.instantarticles.fb.com
kr.yearinreview.fb.com
l1-dev.fb.com
l1-preprod.fb.com
l1-uat.fb.com
l1-usdev.fb.com
l1-uspreprod.fb.com
l1-usuat.fb.com
lag77-3-82-247-51-117.fb.com
latam-hacks-2020.fb.com
lch73-2-78-203-219-158.fb.com
ldap.fbdevlab.fb.com
ldap.htl.fb.com
ldap.outpost.fb.com
ldap.sales.fb.com
ldnlabcreators.fb.com
ldnlab.fb.com
learn.fb.com
learn.terragraph.fb.com
learntoprotect.fb.com
learn-us-dev.fb.com
learn-us-preprod.fb.com
learn-us-uat.fb.com
learn-us-usdev.fb.com
learn-us-uspreprod.fb.com
learn-us-usuat.fb.com
legacy.vault.code42.fb.com
lerequest.fb.com
lerequest-lookaside.fb.com
lernen.fb.com
lhr-cpespace.thefacebook.com.fb.com
lhr-htldc301.htl.fb.com
lhr-htldc302.htl.fb.com
lhr-htldc303.htl.fb.com
lhr-htldc304.htl.fb.com
lhr-htldc305.htl.fb.com
lhr-htldc306.htl.fb.com
lhr-logrelay01.thefacebook.com.fb.com
lhr-logrelay02.thefacebook.com.fb.com
lhr-logrelay03.thefacebook.com.fb.com
lhr-logrelay04.thefacebook.com.fb.com
lhr-logrelay05.thefacebook.com.fb.com
lhr-logrelay06.thefacebook.com.fb.com
lhr-logrelay07.thefacebook.com.fb.com
lhr-logrelay08.thefacebook.com.fb.com
lhr-logrelay09.thefacebook.com.fb.com
lhr-logrelay10.thefacebook.com.fb.com
lhr-logrelay12.thefacebook.com.fb.com
lhr-logrelay13.thefacebook.com.fb.com
lhr-logrelay14.thefacebook.com.fb.com
lhr-logrelay15.thefacebook.com.fb.com
lhr-opdc01.outpost.fb.com
lhr-opdc02.outpost.fb.com
lhr-opdc101.outpost.fb.com
lhr-opdc102.outpost.fb.com
lhr-opdc201.outpost.fb.com
lhr-opdc202.outpost.fb.com
lie77-4-88-189-121-217.fb.com
likefleet.com.fb.com
linux.fb.com
lis-o1-primary.supernova.fb.com
lis-o1-secondary.supernova.fb.com
lis-o1.supernova.fb.com
lis-o2-primary.supernova.fb.com
lis-o2-secondary.supernova.fb.com
lis-o2.supernova.fb.com
lis-o3-primary.supernova.fb.com
lis-o3-secondary.supernova.fb.com
lis-o3.supernova.fb.com
live.ath.1.cop.eu-central-1.supernova.fb.com
live.ath.2.lpo.eu-central-1.supernova.fb.com
live.bcn.1.coo.eu-west-2.supernova.fb.com
live.bcn.2.coo.eu-central-1.supernova.fb.com
live.ber.1.coo.eu-central-1.supernova.fb.com
live.ber.2.coo.eu-central-1.supernova.fb.com
live.bkk.1.coo.ap-southeast-1.supernova.fb.com
live.bkk.2.coo.ap-southeast-1.supernova.fb.com
live.bkk.3.coo.ap-southeast-1.supernova.fb.com
live.bom.1.coo.ap-southeast-1.supernova.fb.com
live.bom.2.bio.ap-southeast-1.supernova.fb.com
live.bom.3.coo.ap-southeast-1.supernova.fb.com
live.bom.4.bcp.ap-south-1.supernova.fb.com
live.bom.4.cbi.ap-south-1.supernova.fb.com
live.bom.5.coo.ap-south-1.supernova.fb.com
live.cmn.1.coo.eu-central-1.supernova.fb.com
live.cmn.2.coo.eu-central-1.supernova.fb.com
live.crk.1.cbi.ap-southeast-1.supernova.fb.com
live.dfw.1.coo.us-east-1.supernova.fb.com
live.dfw.2.coo.us-east-1.supernova.fb.com
live.dmo.1.coo.dev.us-west-2.supernova.fb.com
live.dmo.2.coo.eu-west-2.supernova.fb.com
live.dmo.3.coo.us-west-2.supernova.fb.com
live.dmo.4.coo.ap-southeast-1.supernova.fb.com
live.dub.1.coo.eu-west-1.supernova.fb.com
live.dub.2.cbi.eu-west-1.supernova.fb.com
live.dub.3.coo.eu-west-1.supernova.fb.com
live.dub.4.cbi.eu-west-1.supernova.fb.com
live.dvo.1.bio.ap-south-1.supernova.fb.com
live.ess.1.coo.eu-west-2.supernova.fb.com
live.ess.2.coo.eu-central-1.supernova.fb.com
live.fb.com
live.hyd.1.coo.ap-southeast-1.supernova.fb.com
live.hyd.2.bio.ap-southeast-1.supernova.fb.com
live.hyd.3.coo.ap-southeast-1.supernova.fb.com
live.hyd.4.coo.ap-south-1.supernova.fb.com
live.hyd.5.coo.ap-south-1.supernova.fb.com
live.hyd.9.cop.ap-south-1.supernova.fb.com
live.iad-1.prod.us-east-1.vdi.fb.com
live.idr.1.com.ap-south-1.supernova.fb.com
live.idr.2.pdo.ap-south-1.supernova.fb.com
live.kul.1.coo.ap-southeast-1.supernova.fb.com
live.lis.1.coo.eu-west-1.supernova.fb.com
live.lis.2.coo.eu-west-1.supernova.fb.com
live.lis.3.wps.eu-west-2.supernova.fb.com
live.mac.2.com.ap-southeast-1.supernova.fb.com
live.mac.3.bio.ap-southeast-1.supernova.fb.com
live.mnl.1.coo.ap-southeast-1.supernova.fb.com
live.mnl.2.pdo.ap-southeast-1.supernova.fb.com
live.mnl.3.coo.ap-southeast-1.supernova.fb.com
live.mnl.4.coo.ap-southeast-1.supernova.fb.com
live.mnl.5.coo.ap-southeast-1.supernova.fb.com
live.mnl.6.bio.ap-south-1.supernova.fb.com
live.mnl.7.com.ap-south-1.supernova.fb.com
live.mnl.8.rnp.ap-south-1.supernova.fb.com
live.nbo.1.coo.eu-central-1.supernova.fb.com
live.nbo.2.coo.eu-central-1.supernova.fb.com
live.osb.1.osb.us-east-1.supernova.fb.com
live.osb.2.osb.eu-west-1.supernova.fb.com
live.osb.3.osb.ap-southeast-1.supernova.fb.com
live.pdx.1.bcp.us-west-2.supernova.fb.com
live.pdx-1.dev.us-west-2.vdi.fb.com
live.pdx-2.prod.us-west-2.vdi.fb.com
live.rix.1.coo.eu-west-2.supernova.fb.com
live.sin.1.coo.ap-southeast-1.supernova.fb.com
live.sin.3.fpl.ap-southeast-1.supernova.fb.com
live.sof.1.coo.eu-central-1.supernova.fb.com
live.sof.2.coo.eu-central-1.supernova.fb.com
live.tst.0.coo.dev.us-west-2.supernova.fb.com
live.tst.100.coo.dev.us-west-2.supernova.fb.com
live.tst.101.coo.dev.us-west-2.supernova.fb.com
live.tst.1.coo.dev.us-west-2.supernova.fb.com
live.tst.2.coo.dev.us-west-2.supernova.fb.com
live.tst.3.coo.dev.us-west-2.supernova.fb.com
live.tst.4.coo.dev.us-west-2.supernova.fb.com
live.tst.5.coo.dev.us-west-2.supernova.fb.com
live.tst.6.coo.dev.us-west-2.supernova.fb.com
live.waw.1.coo.eu-west-1.supernova.fb.com
live.waw.2.coo.eu-west-1.supernova.fb.com
local.fb.com
loncov3.facebookbrand-preprod.fb.com
loncov5.facebookbrand-dev.fb.com
lon-hack-2019.fb.com
lookaside.fb.com
louiscamille.freeboxos.fb.com
lqr56-1-78-202-179-187.fb.com
ltam.newsroom.fb.com
lt.fb.com
mac33-2-82-225-99-214.fb.com
mac-o1-primary.supernova.fb.com
mac-o1-secondary.supernova.fb.com
mac-o1.supernova.fb.com
mac-o2-primary.supernova.fb.com
mac-o2-secondary.supernova.fb.com
mac-o2.supernova.fb.com
mac-o3-primary.supernova.fb.com
mac-o3-secondary.supernova.fb.com
madeby.fb.com
madebykorea.fb.com
madebyyou.fb.com
mail.fb.com
man06-2-88-167-46-97.fb.com
managingbias.fb.com
m-audience.fb.com
media.fb.com
mel77-7-83-152-9-1.fb.com
messenger.fb.com
messengernews.fb.com
messengerplatform.fb.com
meu77-6-78-223-224-127.fb.com
mexico.fb.com
m.fb.com
middlemileinfra.fb.com
min31-6-78-227-66-129.fb.com
minecraft-virusz.facebookbrand-preprod.fb.com
mnl-o1-primary.supernova.fb.com
mnl-o1-secondary.supernova.fb.com
mnl-o1.supernova.fb.com
mnl-o2-primary.supernova.fb.com
mnl-o2-secondary.supernova.fb.com
mnl-o2.supernova.fb.com
mnl-o3-primary.supernova.fb.com
mnl-o3-secondary.supernova.fb.com
mnl-o3.supernova.fb.com
mnl-o4-primary.supernova.fb.com
mnl-o4-secondary.supernova.fb.com
mnl-o4.supernova.fb.com
mnl-o5-primary.supernova.fb.com
mnl-o5-secondary.supernova.fb.com
mnl-o5.supernova.fb.com
mnl-o6-primary.supernova.fb.com
mnl-o6-secondary.supernova.fb.com
mnl-o6.supernova.fb.com
mnl-o7-primary.supernova.fb.com
mnl-o7-secondary.supernova.fb.com
mnl-o7.supernova.fb.com
mnl-o8-primary.supernova.fb.com
mnl-o8-secondary.supernova.fb.com
mnl-o8.supernova.fb.com
mobilemoves.fb.com
mobilemovespeople.fb.com
mor29-2-78-235-61-24.fb.com
mp-ess.fb.com
mrb31-2-88-125-195-122.fb.com
mrc56-1-88-123-161-173.fb.com
mss83-1-78-198-65-59.fb.com
mta.sales1.fb.com
mtc16-1-78-205-169-148.fb.com
music.fb.com
mx.fb.com
mx.instantarticles.fb.com
mx.yearinreview.fb.com
mydigitalworld.fb.com
my-od-1.fb.com
my-od-2.fb.com
my-od-3.fb.com
my-od-4.fb.com
my-od-5.fb.com
my-od.fb.com
nai86-1-88-173-254-68.fb.com
nap13-8-78-239-39-199.fb.com
nbo-o1-primary.supernova.fb.com
nbo-o1-secondary.supernova.fb.com
nbo-o1.supernova.fb.com
nbo-o2-primary.supernova.fb.com
nbo-o2-secondary.supernova.fb.com
nbo-o2.supernova.fb.com
ner74-1-88-188-152-67.fb.com
netnod-ix-ge-a-sth-4470.fb.com
netnod-ix-ge-b-sth-1500.fb.com
netnod-ix-ge-b-sth-4470.fb.com
newsfeed.fb.com
newsroom.fb.com
n.fb.com
nghub.fb.com
nigeria.fb.com
nl.facebookbrand-2018-dev.fb.com
nl.facebookbrand-2018.fb.com
nl.facebookbrand-2018-preprod.fb.com
nl.facebookbrand-2018-release.fb.com
nl.facebookbrand-dev.fb.com
nl.facebookbrand-preprod.fb.com
nl.facebookbrand-release.fb.com
nonprofits.fb.com
npe.fb.com
nrt-htldc01.htl.fb.com
nrt-htldc02.htl.fb.com
nrt-htldc03.htl.fb.com
nrt-htldc04.htl.fb.com
nrt-htldc301.htl.fb.com
nrt-htldc302.htl.fb.com
nrt-htldc303.htl.fb.com
nrt-htldc304.htl.fb.com
nrt-htldc305.htl.fb.com
nrt-htldc306.htl.fb.com
nrt-o1-primary.supernova.fb.com
nrt-o1-secondary.supernova.fb.com
nrt-o2-primary.supernova.fb.com
nrt-o2-secondary.supernova.fb.com
nrt-o2.supernova.fb.com
ntp.vip.facebook.com.fb.com
oculusforbusiness.fb.com
oculusweb.fb.com
opdc102.outpost.fb.com
open.fb.com
openg.fb.com
opensource.fb.com
operamini.fb.com
osb-o1-primary.supernova.fb.com
osb-o1-secondary.supernova.fb.com
osb-o1.supernova.fb.com
osb-o2-primary.supernova.fb.com
osb-o2-secondary.supernova.fb.com
osb-o2.supernova.fb.com
osb-o3-primary.supernova.fb.com
osb-o3-secondary.supernova.fb.com
osb-o3.supernova.fb.com
outpost.fb.com
owa.fb.com
paccounts.fb.com
padmin.fb.com
pay.fb.com
pchat.fb.com
pcontacts.fb.com
pcontrol.fb.com
pcss.fb.com
pdf.fb.com
pdfviewer.fb.com
pdocs.fb.com
pdocsupload.fb.com
pdv01-1-78-213-247-59.fb.com
pdx-2.vdi.fb.com
pdx-o1-primary.supernova.fb.com
pdx-o1.supernova.fb.com
pehmeätpaketit.fb.com
peoplepractices.fb.com
per74-1-78-227-150-193.fb.com
pet84-3-78-203-153-198.fb.com
pexportwriter.fb.com
phabricator.cstools.fb.com
phabricator.fb.com
phabricatorfiles.cstools.fb.com
phabricatorfiles.fb.com
phabricatorfiles.intern.fb.com
phabricatorfiles.internmc.fb.com
phabricator.intern.fb.com
phabricator.internmc.fb.com
philippines.fb.com
pilipinas.fb.com
pimg.fb.com
pjs.fb.com
pki.thefacebook.com.fb.com
placetips.fb.com
pl.facebookbrand-2018-dev.fb.com
pl.facebookbrand-2018.fb.com
pl.facebookbrand-2018-preprod.fb.com
pl.facebookbrand-2018-release.fb.com
pl.facebookbrand-dev.fb.com
pl.facebookbrand-preprod.fb.com
pl.facebookbrand-release.fb.com
plt.fb.com
pmmresourcecenter.fb.com
pmp.fb.com
poczta.fb.com
poland.fb.com
politics.fb.com
polska.fb.com
ponzjwitics.fb.com
pop.fb.com
portal.fb.com
ppdf.fb.com
ppdfviewer.fb.com
ppreviewwriter.fb.com
preventivehealth.fb.com
previewwriter.fb.com
primary.tst.99.coo.dev.us-west-2.supernova.fb.com
privacytech.fb.com
prn-adfsproxy01.fb.com
prn-adfsproxy02.fb.com
prn-appstore.fb.com
prn-appstoretest.fb.com
prn-cpesentry01.thefacebook.com.fb.com
prn-cpespace.thefacebook.com.fb.com
prn-exchdc01.thefacebook.com.fb.com
prn-exchdc02.thefacebook.com.fb.com
prn-exchdc06.thefacebook.com.fb.com
prn-exchdc08.thefacebook.com.fb.com
prn-fsoutpost.fb.com
prn-fs.sales.fb.com
prn-isupplydevvip01.fb.com
prn-logrelay01.thefacebook.com.fb.com
prn-logrelay02.thefacebook.com.fb.com
prn-logrelay03.thefacebook.com.fb.com
prn-logrelay04.thefacebook.com.fb.com
prn-logrelay05.thefacebook.com.fb.com
prn-logrelay06.thefacebook.com.fb.com
prn-logrelay07.thefacebook.com.fb.com
prn-logrelay08.thefacebook.com.fb.com
prn-logrelay09.thefacebook.com.fb.com
prn-logrelay10.thefacebook.com.fb.com
prn-logrelay11.thefacebook.com.fb.com
prn-logrelay12.thefacebook.com.fb.com
prn-logrelay13.thefacebook.com.fb.com
prn-logrelay15.thefacebook.com.fb.com
prn-logrelay17.thefacebook.com.fb.com
prn-logrelay18.thefacebook.com.fb.com
prn-logrelay20.thefacebook.com.fb.com
prn-opdc01.outpost.fb.com
prn-opdc02.outpost.fb.com
prn-salesdc02.sales.fb.com
prn-salesfs01.sales.fb.com
prn-salesfs021.sales.fb.com
prn-salessdc01.sales.fb.com
prn-vsp.fb.com
prn-vsptest.fb.com
prod-acs.vdi.fb.com
prod.vault.code42.fb.com
programswhatsapp.fb.com
przestrzen.fb.com
psearch.fb.com
psheet.fb.com
psync.fb.com
pt-br.facebookbrand-2018-dev.fb.com
pt-br.facebookbrand-2018.fb.com
pt-br.facebookbrand-2018-preprod.fb.com
pt-br.facebookbrand-2018-release.fb.com
pt-br.facebookbrand-dev.fb.com
pt-br.facebookbrand-preprod.fb.com
pt-br.facebookbrand-release.fb.com
pt.events.fb.com
pt-pt.facebookbrand-2018-dev.fb.com
pt-pt.facebookbrand-2018.fb.com
pt-pt.facebookbrand-2018-preprod.fb.com
pt-pt.facebookbrand-2018-release.fb.com
pt-pt.facebookbrand-dev.fb.com
pt-pt.facebookbrand-preprod.fb.com
pt-pt.facebookbrand-release.fb.com
pulse.fb.com
pwmsadmin.fb.com
pwms.fb.com
pwriter.fb.com
qcg01.fava.fb.com
qcg04.fava.fb.com
qcg11.fava.fb.com
qcg14.fava.fb.com
qcg17.fava.fb.com
qcg1.fava.fb.com
qcg20.fava.fb.com
qcg51.fava.fb.com
qcg.fava.fb.com
qci1.fava.fb.com
qci1.hi5.fb.com
qmf01.fava.fb.com
qmf02.fava.fb.com
qmf04.fava.fb.com
qmf11.fava.fb.com
qmf12.fava.fb.com
qmf16.fava.fb.com
qmf18.fava.fb.com
qmf1.fava.fb.com
qmf21.fava.fb.com
qmf24.fava.fb.com
qmf26.fava.fb.com
qmf29.fava.fb.com
qmf2.fava.fb.com
qmf3.fava.fb.com
qmf4.fava.fb.com
qmf.fava.fb.com
qmn01.fava.fb.com
qmn04.fava.fb.com
qmn11.fava.fb.com
qmn14.fava.fb.com
qmn17.fava.fb.com
qmn20.fava.fb.com
qmn23.fava.fb.com
qmn26.fava.fb.com
qmn.fava.fb.com
qq.fb.com
questday.fb.com
quill.fb.com
ra.fb.com
ralab.fb.com
realitylabsacademy.fb.com
reports.fb.com
research.fb.com
review.buffy.fb.com
review.fb.com
rightsmanager.fb.com
rix-o1-primary.supernova.fb.com
rix-o1-secondary.supernova.fb.com
rix-o1.supernova.fb.com
rix-o2-primary.supernova.fb.com
rix-o2-secondary.supernova.fb.com
rix-o2.supernova.fb.com
rix-o3-primary.supernova.fb.com
rix-o3-secondary.supernova.fb.com
rix-o3.supernova.fb.com
roa76-8-78-226-188-23.fb.com
roc16-2-88-163-101-82.fb.com
router-reboot-story.fb.com
rozwoj-dev.fb.com
rozwoj.fb.com
rozwoj-preprod.fb.com
rozwoj-uat.fb.com
rozwoj-usdev.fb.com
rozwoj-uspreprod.fb.com
rozwoj-usuat.fb.com
rti71-1-82-227-100-211.fb.com
ru.facebookbrand-2018-dev.fb.com
ru.facebookbrand-2018.fb.com
ru.facebookbrand-2018-preprod.fb.com
ru.facebookbrand-2018-release.fb.com
ru.facebookbrand-dev.fb.com
ru.facebookbrand-preprod.fb.com
ru.facebookbrand-release.fb.com
ru.instantarticles.fb.com
ryz76-1-88-187-10-15.fb.com
sales1.fb.com
sales2.fb.com
sales.fb.com
sam14-1-78-243-204-144.fb.com
san1-test-yang.fb.com
san2-test-yang.fb.com
search.fb.com
secondary.tst.99.coo.dev.us-west-2.supernova.fb.com
seformer.fb.com
seg49-1-78-209-66-18.fb.com
sentry.fb.com
s.fb.com
sftp-apac.fb.com
sftp-emea.fb.com
sftp-ext.fb.com
sftp.fb.com
sftp.glbx.fb.com
sftp-int.fb.com
sge91-2-82-227-32-33.fb.com
sg-hack-2019.fb.com
sheet.fb.com
sheleadstechin.fb.com
shemeansbusiness.fb.com
signal.fb.com
sin-cpespace.thefacebook.com.fb.com
sin-htldc301.htl.fb.com
sin-htldc302.htl.fb.com
sin-htldc303.htl.fb.com
sin-htldc304.htl.fb.com
sin-htldc305.htl.fb.com
sin-htldc306.htl.fb.com
sin-logrelay11.thefacebook.com.fb.com
sin-logrelay12.thefacebook.com.fb.com
sin-logrelay13.thefacebook.com.fb.com
sin-logrelay14.thefacebook.com.fb.com
sin-logrelay15.thefacebook.com.fb.com
sin-logrelay16.thefacebook.com.fb.com
sin-o1-primary.supernova.fb.com
sin-o1-secondary.supernova.fb.com
sin-o1.supernova.fb.com
sin-o2-primary.supernova.fb.com
sin-o2-secondary.supernova.fb.com
sin-o2.supernova.fb.com
sin-o3-primary.supernova.fb.com
sin-o3-secondary.supernova.fb.com
sin-o3.supernova.fb.com
sin-opdc01.outpost.fb.com
sin-opdc02.outpost.fb.com
sin-opdc101.outpost.fb.com
sin-opdc102.outpost.fb.com
sin-opdc201.outpost.fb.com
sin-opdc202.outpost.fb.com
sju13-4-88-161-81-219.fb.com
smartphonerecycling.fb.com
smartrestart.fb.com
smtp.fb.com
snc1.fava.fb.com
snc2.fava.fb.com
snc3.fava.fb.com
snc-fsoutpost.fb.com
snc-ldc101.fbdevlab.fb.com
snc-ldc201.fbdevlab.fb.com
snc-opdc101.outpost.fb.com
snc-opdc102.outpost.fb.com
snc-opdc201.outpost.fb.com
snc-opdc202.outpost.fb.com
sne56-1-88-180-129-171.fb.com
socialgood.fb.com
socialimpact.fb.com
sof-o1-primary.supernova.fb.com
sof-o1-secondary.supernova.fb.com
sof-o1.supernova.fb.com
sof-o2-primary.supernova.fb.com
sof-o2-secondary.supernova.fb.com
sof-o2.supernova.fb.com
soulcycle.fb.com
soydigitalco.fb.com
soydigitalcr.fb.com
soydigital.fb.com
soydigitalmx.fb.com
spain.fb.com
spam.fb.com
sparkar.fb.com
sparkar-partners.fb.com
_spf.fb.com
spf.fb.com
staging.api.fb.com
star.fb.com
startupevents.fb.com
startup.fb.com
startupgarage-dev.fb.com
startupgarage.fb.com
startupgarage-preprod.fb.com
startuphub.fb.com
startups.fb.com
status.fb.com
stories.fb.com
stream-api.signal.fb.com
streaming.fb.com
stream.music.fb.com
su1-dev.fb.com
su1-preprod.fb.com
su1-uat.fb.com
su1-usdev.fb.com
su1-uspreprod.fb.com
su1-usuat.fb.com
sundance.fb.com
supernova.fb.com
surround360.fb.com
sustainabilitybeta.fb.com
sustainability.fb.com
sv-se.facebookbrand-2018-dev.fb.com
sv-se.facebookbrand-2018.fb.com
sv-se.facebookbrand-2018-preprod.fb.com
sv-se.facebookbrand-2018-release.fb.com
sv-se.facebookbrand-dev.fb.com
sv-se.facebookbrand-preprod.fb.com
sv-se.facebookbrand-release.fb.com
sync.fb.com
taccounts.fb.com
tca83-8-83-153-146-16.fb.com
tcontacts.fb.com
tcontrol.fb.com
tcss.fb.com
td.fb.com
tdocs.fb.com
tdocsupload.fb.com
tech.fb.com
techprep.fb.com
techstart.fb.com
teradici-trusted-license-test.supernova.fb.com
terragraph.fb.com
test.supernova.fb.com
test-yang.fb.com
texportwriter.fb.com
thefacebook.com.fb.com
th.instantarticles.fb.com
threatexchange.fb.com
thrive.fb.com
timg.fb.com
tjs.fb.com
tlt.fb.com
tlv-hack-2019.fb.com
tpdf.fb.com
tpdfviewer.fb.com
tpreviewwriter.fb.com
transparency.fb.com
tr.facebookbrand-2018-dev.fb.com
tr.facebookbrand-2018.fb.com
tr.facebookbrand-2018-preprod.fb.com
tr.facebookbrand-2018-release.fb.com
tr.facebookbrand-dev.fb.com
tr.facebookbrand-preprod.fb.com
tr.facebookbrand-release.fb.com
tsearch.fb.com
tsheet.fb.com
tst-o0-primary.supernova.fb.com
tst-o0.supernova.fb.com
tst-o1-primary.supernova.fb.com
tst-o1-secondary.supernova.fb.com
tst-o1.supernova.fb.com
tst-o2-primary.supernova.fb.com
tst-o2-secondary.supernova.fb.com
tst-o2.supernova.fb.com
tst-o3-primary.supernova.fb.com
tst-o3.supernova.fb.com
tst-o4-primary.supernova.fb.com
tst-o4.supernova.fb.com
tst-o5-primary.supernova.fb.com
tst-o5.supernova.fb.com
tst-o6-primary.supernova.fb.com
tst-o6.supernova.fb.com
tsync.fb.com
tv.fb.com
tw.instantarticles.fb.com
twms0.fb.com
twms1.fb.com
twms3.fb.com
twms4.fb.com
twms5.fb.com
twms6.fb.com
twms7.fb.com
twms8.fb.com
twms9.fb.com
twmsadmin.fb.com
twms.fb.com
twriter2.fb.com
twriter3.fb.com
twriter.fb.com
uk.yearinreview.fb.com
upp.fb.com
vab08-2-78-215-215-202.fb.com
vault.code42.fb.com
vc.fb.com
vcr.fb.com
vdi-apac-legacy.supernova.fb.com
vdi-apac.supernova.fb.com
vdi-ap-southeast-2.supernova.fb.com
vdi-dub-legacy.supernova.fb.com
vdi-dub.supernova.fb.com
vdi-dub-test.supernova.fb.com
vdi-emea-legacy.supernova.fb.com
vdi-emea.supernova.fb.com
vdi-emea-test.supernova.fb.com
vdi.fb.com
vdi-iad.supernova.fb.com
vdi-ldn.supernova.fb.com
vdi-legacy.supernova.fb.com
vdi-lhr-legacy.supernova.fb.com
vdi-lhr.supernova.fb.com
vdi-lhr-test.supernova.fb.com
vdi-noram.supernova.fb.com
vdi-nrt.supernova.fb.com
vdi-pdx.supernova.fb.com
vdi-sin-legacy.supernova.fb.com
vdi-sin.supernova.fb.com
vdi-sin-test.supernova.fb.com
vdi.supernova.fb.com
vdi-syd.supernova.fb.com
vdi-tok.supernova.fb.com
vdi-usor.supernova.fb.com
vdi-usva.supernova.fb.com
vdlkfecidsi.simplesite.com.supernova.fb.com
ver27-3-83-155-204-175.fb.com
videoapp.fb.com
vieprivee.fb.com
viewpoints.fb.com
vip.facebook.com.fb.com
vip-vsp.fb.com
virus-design.facebookbrand-preprod.fb.com
vi-vn.facebookbrand-2018-dev.fb.com
vi-vn.facebookbrand-2018.fb.com
vi-vn.facebookbrand-2018-preprod.fb.com
vi-vn.facebookbrand-2018-release.fb.com
vi-vn.facebookbrand-dev.fb.com
vi-vn.facebookbrand-preprod.fb.com
vi-vn.facebookbrand-release.fb.com
vn.instantarticles.fb.com
vrfitness.fb.com
vrforinclusion.fb.com
vsp.fb.com
vsptest.fb.com
wcz01.fava.fb.com
wcz02.fava.fb.com
wcz04.fava.fb.com
wcz11.fava.fb.com
wcz14.fava.fb.com
wcz17.fava.fb.com
wcz1.fava.fb.com
wcz20.fava.fb.com
wcz23.fava.fb.com
wcz26.fava.fb.com
wcz2.fava.fb.com
wcz51.fava.fb.com
wcz.fava.fb.com
web.fb.com
wethinkdigital.fb.com
whatsapp-business-api.status.fb.com
whatsapppolicy.fb.com
whiteout.fb.com
whq1.fava.fb.com
whq1.hi5.fb.com
wicys2019ctf.fb.com
wi-fi.fb.com
wifi.fb.com
wms0.fb.com
wms1.fb.com
wms2.fb.com
wms3.fb.com
wms4.fb.com
wms5.fb.com
wms6.fb.com
wms7.fb.com
wms8.fb.com
wms9.fb.com
wmsadmin.fb.com
wms.fb.com
wmx01.fava.fb.com
wmx02.fava.fb.com
wmx04.fava.fb.com
wmx11.fava.fb.com
wmx14.fava.fb.com
wmx17.fava.fb.com
wmx1.fava.fb.com
wmx20.fava.fb.com
wmx23.fava.fb.com
wmx38.fava.fb.com
wmx41.fava.fb.com
wmx44.fava.fb.com
wmx47.fava.fb.com
wmx4.fava.fb.com
wmx53.fava.fb.com
wmx56.fava.fb.com
wmx62.fava.fb.com
wmx.fava.fb.com
wmxst1.fava.fb.com
wmxst.fava.fb.com
work.fb.com
workplaceblog.fb.com
workplace.fb.com
wp.fb.com
writer2.fb.com
writer3.fb.com
writer.fb.com
www.360.fb.com
www.360video.fb.com
www.360videos.fb.com
www.about.fb.com
www.abpstories.fb.com
www.access.fb.com
www.agencies.fb.com
www.ai.fb.com
www.aotearoanz.fb.com
www.apacpolicy.fb.com
www.api.techprep.fb.com
www.apmms.fb.com
www.aprenda-dev.fb.com
www.aprenda.fb.com
www.aprenda-preprod.fb.com
www.aprenda-uat.fb.com
www.aprenda-usdev.fb.com
www.aprenda-uspreprod.fb.com
www.aprenda-usuat.fb.com
www.aprende-dev.fb.com
www.aprende.fb.com
www.aprende-preprod.fb.com
www.aprende-uat.fb.com
www.aprende-usdev.fb.com
www.aprende-uspreprod.fb.com
www.aprende-usuat.fb.com
www.archive.fbbrc.fb.com
www.archive.igbrc.fb.com
www.argentina.fb.com
www.asahdigital.fb.com
www.audio360.fb.com
www.australia.fb.com
www.beatsunlocked.fb.com
www.belajarmenjaga.fb.com
www.binario-f.fb.com
www.binariof.fb.com
www.brasil.fb.com
www.brazil.fb.com
www.businesspartners.fb.com
www.buy.fb.com
www.careerconnections.fb.com
www.cdp.fb.com
www.cityguides.fb.com
www.classof2020.fb.com
www.code-dev.fb.com
www.code.fb.com
www.colombia.fb.com
www.communities.fb.com
www.connectivity.fb.com
www.contentdistributionpolicies.fb.com
www.contentdistributionpolicy.fb.com
www.content.fb.com
www.counterspeech.fb.com
www.datacenters.fb.com
www.dataforgood.fb.com
www.dataportability.fb.com
www.demotrainingportal.fb.com
www.de.sustainability.fb.com
www.deutschland-dev.fb.com
www.deutschland.fb.com
www.deutschland-preprod.fb.com
www.developerevents.fb.com
www.digitaleslernen.fb.com
www.digitaleslernzentrum.fb.com
www.digitalskill.fb.com
www.digitalskills.fb.com
www.digitalskillsmichigan.fb.com
www.digitalskillsus.fb.com
www.digitaltayo.fb.com
www.digitaltraining.fb.com
www.diversity.fb.com
www.diversityreport.fb.com
www.donations.fb.com
www.ds1-usdev.fb.com
www.ds1-uspreprod.fb.com
www.ds1-usuat.fb.com
www.ds2-dev.fb.com
www.ds2-preprod.fb.com
www.education.fb.com
www.edu.fb.com
www.ehrenamt.fb.com
www.emeapolicycovidhub.fb.com
www.engineerfortheweek.fb.com
www.engineering.fb.com
www.es-hub.fb.com
www.eshub.fb.com
www.esocialsecurity.com.eshub.fb.com
www.espana.fb.com
www.es.sustainability.fb.com
www.estacaohack.fb.com
www.es.techprep.fb.com
www.eu-dev.fb.com
www.eu.fb.com
www.eu-preprod.fb.com
www.europeanunion.fb.com
www.events.fb.com
www.expresswifi.fb.com
www.f1-dev.fb.com
www.f1-preprod.fb.com
www.f1-usdev.fb.com
www.f1-uspreprod.fb.com
www.f1-usuat.fb.com
www.facebook360.fb.com
www.facebookatunga.fb.com
www.facebookforums.fb.com
www.facebook-icd-autopay.fb.com
www.facebookinnigeria.fb.com
www.fb.com
www.fbindia.fb.com
www.fightcovidmisinfo.fb.com
www.fmc.fb.com
www.formation.fb.com
www.fort.fb.com
www.forwardtogether.fb.com
www.france-dev.fb.com
www.france.fb.com
www.france-preprod.fb.com
www.frljourneymap.fb.com
www.fr.sustainability.fb.com
www.fs.outpost.fb.com
www.fsoutpost.fb.com
www.fs.sales.fb.com
www.germany.fb.com
www.go.fb.com
www.going-global.fb.com
www.graph-hack.fb.com
www.gs.fb.com
www.hacktober.fb.com
www.hardquestions.fb.com
www.hardquestionstour.fb.com
www.humanrights.fb.com
www.immersivelearningacademy.fb.com
www.impara-dev.fb.com
www.impara.fb.com
www.impara-preprod.fb.com
www.impara-uat.fb.com
www.impara-usdev.fb.com
www.impara-uspreprod.fb.com
www.impara-usuat.fb.com
www.indiaeconomy.fb.com
www.india.fb.com
www.indonesia.fb.com
www.initiatives.france.fb.com
www.innovationlabkorea-en.fb.com
www.innovationlabkorea.fb.com
www.insidefeed.fb.com
www.insights.fb.com
www.inspired.fb.com
www.instantarticles.fb.com
www.investor.fb.com
www.istasyon.fb.com
www.italia.fb.com
www.italy.fb.com
www.keepingthepromise.fb.com
www.korea.fb.com
www.l1-dev.fb.com
www.l1-preprod.fb.com
www.l1-usdev.fb.com
www.l1-uspreprod.fb.com
www.l1-usuat.fb.com
www.ldap.sales.fb.com
www.learn.fb.com
www.learntoprotect.fb.com
www.learn-us-dev.fb.com
www.learn-us-preprod.fb.com
www.learn-us-uat.fb.com
www.learn-us-usdev.fb.com
www.learn-us-uspreprod.fb.com
www.learn-us-usuat.fb.com
www.lernen.fb.com
www.linux.fb.com
www.live.fb.com
www.madeby.fb.com
www.madebykorea.fb.com
www.madebyyou.fb.com
www.managingbias.fb.com
www.media.fb.com
www.messenger.fb.com
www.messengernews.fb.com
www.messengerplatform.fb.com
www.mexico.fb.com
www.middlemileinfra.fb.com
www.mobilemovespeople.fb.com
www.mydigitalworld.fb.com
www.newsfeed.fb.com
www.newsroom.fb.com
www.nghub.fb.com
www.nigeria.fb.com
www.nikkicollette.comia.fb.com
www.nonprofits.fb.com
www.npe.fb.com
www.open.fb.com
www.openg.fb.com
www.opensource.fb.com
www.peoplepractices.fb.com
www.phabricatorfiles.internmc.fb.com
www.phabricator.internmc.fb.com
www.philippines.fb.com
www.pilipinas.fb.com
www.placetips.fb.com
www.pmp.fb.com
www.poland.fb.com
www.politics.fb.com
www.polska.fb.com
www.privacytech.fb.com
www.programswhatsapp.fb.com
www.przestrzen.fb.com
www.questday.fb.com
www.quill.fb.com
www.realitylabsacademy.fb.com
www.research.fb.com
www.rightsmanager.fb.com
www.router-reboot-story.fb.com
www.rozwoj-dev.fb.com
www.rozwoj.fb.com
www.rozwoj-preprod.fb.com
www.rozwoj-uat.fb.com
www.rozwoj-usdev.fb.com
www.rozwoj-uspreprod.fb.com
www.rozwoj-usuat.fb.com
www.seformer.fb.com
www.sheleadstechin.fb.com
www.shemeansbusiness.fb.com
www.smartrestart.fb.com
www.socialgood.fb.com
www.socialimpact.fb.com
www.soydigitalco.fb.com
www.soydigitalcr.fb.com
www.soydigital.fb.com
www.soydigitalmx.fb.com
www.spain.fb.com
www.sparkar.fb.com
www.sparkar-partners.fb.com
www.startupevents.fb.com
www.startup.fb.com
www.startupgarage-dev.fb.com
www.startupgarage.fb.com
www.startupgarage-preprod.fb.com
www.startuphub.fb.com
www.startups.fb.com
www.status.fb.com
www.stories.fb.com
www.su1-usdev.fb.com
www.su1-uspreprod.fb.com
www.su1-usuat.fb.com
www.surround360.fb.com
www.sustainabilitybeta.fb.com
www.sustainability.fb.com
www.tech.fb.com
www.techprep.fb.com
www.techstart.fb.com
www.terragraph.fb.com
www.threatexchange.fb.com
www.thrive.fb.com
www.transparency.fb.com
www.videoapp.fb.com
www.viewpoints.fb.com
www.vrfitness.fb.com
www.vrforinclusion.fb.com
www.wethinkdigital.fb.com
www.whatsapppolicy.fb.com
www.wi-fi.fb.com
www.wifi.fb.com
www.workplaceblog.fb.com
www.yearinreview.fb.com
www.your.fb.com
www.yourhome.fb.com
www.zimride.fb.com
www.zona.fb.com
wymx11.fava.fb.com
wymx32.fava.fb.com
wymx41.fava.fb.com
wymx44.fava.fb.com
wymx53.fava.fb.com
wymxst1.fava.fb.com
xn--oi8h.likefleet.com.fb.com
yearinreview.fb.com
ygtb1.fb.com
yourbusinessstory.fb.com
your.fb.com
yourhome.fb.com
zh-hans.facebookbrand-2018-dev.fb.com
zh-hans.facebookbrand-2018.fb.com
zh-hans.facebookbrand-2018-preprod.fb.com
zh-hans.facebookbrand-2018-release.fb.com
zh-hans.facebookbrand-dev.fb.com
zh-hans.facebookbrand-preprod.fb.com
zh-hans.facebookbrand-release.fb.com
zh-hant.facebookbrand-2018-dev.fb.com
zh-hant.facebookbrand-2018.fb.com
zh-hant.facebookbrand-2018-preprod.fb.com
zh-hant.facebookbrand-2018-release.fb.com
zh-hant.facebookbrand-dev.fb.com
zh-hant.facebookbrand-preprod.fb.com
zh-hant.facebookbrand-release.fb.com
zimride.fb.com
z-m-portal.fb.com
zona.fb.com
zrimk.fb.com
