2fbusiness.instagram.com
2fhelp.instagram.com
2fwww.instagram.com
3dwww.instagram.com
93873a6bfb41d.instagram.com
about.instagram.com
accountscenter.instagram.com
admin.instagram.com
adminmc.instagram.com
a.ish.instagram.com
ak.instagram.com
alto4.instagram.com
a.ns.c10r.instagram.com
a.ns.instagram.com
api.instagram.com
applink.instagram.com
approval.instagram.com
auth.instagram.com
autodiscover.instagram.com
badges.instagram.com
beta.instagram.com
beta.latest.instagram.com
b.i.instagram.com
b.ish.instagram.com
black.instagram.com
black.ish.instagram.com
blog.business.instagram.com
blog.instagram.com
b.ns.c10r.instagram.com
b.ns.instagram.com
bolt.instagram.com
bp.instagram.com
brand.instagram.com
b.secure.instagram.com
business.instagram.com
call.instagram.com
chat.instagram.com
checkout.instagram.com
china-geo.instagram.com
china-geo-p15.instagram.com
china-geo-p42.instagram.com
c.ish.instagram.com
c.ns.c10r.instagram.com
c.ns.instagram.com
community.instagram.com
creators.instagram.com
creatorsupport.instagram.com
default-geo.instagram.com
default-geo-p15.instagram.com
default-geo-p42.instagram.com
developer.instagram.com
developers.instagram.com
developers.latest.instagram.com
d.ish.instagram.com
distilleryimage0.ak.instagram.com
distilleryimage0.instagram.com
distilleryimage10.ak.instagram.com
distilleryimage10.instagram.com
distilleryimage11.ak.instagram.com
distilleryimage11.instagram.com
distilleryimage1.ak.instagram.com
distilleryimage1.instagram.com
distilleryimage2.ak.instagram.com
distilleryimage2.instagram.com
distilleryimage3.ak.instagram.com
distilleryimage3.instagram.com
distilleryimage4.ak.instagram.com
distilleryimage4.instagram.com
distilleryimage5.ak.instagram.com
distilleryimage5.instagram.com
distilleryimage6.ak.instagram.com
distilleryimage6.instagram.com
distilleryimage7.ak.instagram.com
distilleryimage7.instagram.com
distilleryimage8.ak.instagram.com
distilleryimage8.instagram.com
distilleryimage9.ak.instagram.com
distilleryimage9.instagram.com
distilleryvesper0-0.ak.instagram.com
distilleryvesper0-12.ak.instagram.com
distilleryvesper0-16.ak.instagram.com
distilleryvesper0-4.ak.instagram.com
distilleryvesper0-8.ak.instagram.com
distilleryvesper10-10.ak.instagram.com
distilleryvesper10-14.ak.instagram.com
distilleryvesper10-18.ak.instagram.com
distilleryvesper10-2.ak.instagram.com
distilleryvesper10-6.ak.instagram.com
distilleryvesper11-11.ak.instagram.com
distilleryvesper11-15.ak.instagram.com
distilleryvesper11-19.ak.instagram.com
distilleryvesper1-13.ak.instagram.com
distilleryvesper11-3.ak.instagram.com
distilleryvesper1-17.ak.instagram.com
distilleryvesper11-7.ak.instagram.com
distilleryvesper1-1.ak.instagram.com
distilleryvesper1-5.ak.instagram.com
distilleryvesper1-9.ak.instagram.com
distilleryvesper2-10.ak.instagram.com
distilleryvesper2-14.ak.instagram.com
distilleryvesper2-18.ak.instagram.com
distilleryvesper2-2.ak.instagram.com
distilleryvesper2-6.ak.instagram.com
distilleryvesper3-11.ak.instagram.com
distilleryvesper3-15.ak.instagram.com
distilleryvesper3-19.ak.instagram.com
distilleryvesper3-3.ak.instagram.com
distilleryvesper3-7.ak.instagram.com
distilleryvesper4-0.ak.instagram.com
distilleryvesper4-12.ak.instagram.com
distilleryvesper4-16.ak.instagram.com
distilleryvesper4-4.ak.instagram.com
distilleryvesper4-8.ak.instagram.com
distilleryvesper5-13.ak.instagram.com
distilleryvesper5-17.ak.instagram.com
distilleryvesper5-1.ak.instagram.com
distilleryvesper5-5.ak.instagram.com
distilleryvesper5-9.ak.instagram.com
distilleryvesper6-10.ak.instagram.com
distilleryvesper6-14.ak.instagram.com
distilleryvesper6-18.ak.instagram.com
distilleryvesper6-2.ak.instagram.com
distilleryvesper6-6.ak.instagram.com
distilleryvesper7-11.ak.instagram.com
distilleryvesper7-15.ak.instagram.com
distilleryvesper7-19.ak.instagram.com
distilleryvesper7-3.ak.instagram.com
distilleryvesper7-7.ak.instagram.com
distilleryvesper8-0.ak.instagram.com
distilleryvesper8-12.ak.instagram.com
distilleryvesper8-16.ak.instagram.com
distilleryvesper8-4.ak.instagram.com
distilleryvesper8-8.ak.instagram.com
distilleryvesper9-17.ak.instagram.com
distilleryvesper9-1.ak.instagram.com
distilleryvesper9-5.ak.instagram.com
distilleryvesper9-9.ak.instagram.com
django.ish.instagram.com
_dmarc.instagram.com
d.ns.c10r.instagram.com
d.ns.instagram.com
downtumbre.instagram.com
drc-geo.instagram.com
drc-geo-p15.instagram.com
drc-geo-p42.instagram.com
dyi.www.instagram.com
e213fe91ec09f.instagram.com
e2e.instagram.com
ec2proxy.instagram.com
edge-chat.instagram.com
e.ish.instagram.com
employee.instagram.com
en-gb.latest.instagram.com
engineering.instagram.com
eulauretta.instagram.com
familycenter.instagram.com
fc.instagram.com
f.ish.instagram.com
gateway.instagram.com
geo.instagram.com
geo-p15.instagram.com
geo-p42.instagram.com
g.instagram.com
grammys.instagram.com
graph-fallback.instagram.com
graph.instagram.com
graphql.instagram.com
help.hyperlase.beta.latest.instagram.com
help.instagram.com
help.latest.instagram.com
hostmaster.hostmaster.www.instagram.com
httwww.instagram.com
hyperlapse.instagram.com
i.b.instagram.com
iglite-d.instagram.com
iglite-p3.c10r.instagram.com
iglite-p42.c10r.instagram.com
iglite-z.instagram.com
i.instagram.com
images.ak.instagram.com
images.instagram.com
img.instagram.com
iness.instagram.com
instagram.c10r.facebook.comwww.instagram.com
instagram.c10r.instagram.com
instagram.com
instagram-www.instagram.com
intern.instagram.com
iran-geo.instagram.com
iran-geo-p15.instagram.com
iran-geo-p42.instagram.com
ish.instagram.com
jennifer6.instagram.com
joox.instagram.com
latest.instagram.com
l.instagram.com
live-dev.instagram.com
live-upload.instagram.com
live-upload-staging.instagram.com
live-vp-dev.instagram.com
live-vp-upload.instagram.com
l.latest.instagram.com
logger.instagram.com
lookaside.instagram.com
mail.instagram.com
maps.instagram.com
m.help.instagram.com
m.instagram.com
my-od-1.instagram.com
my-od-2.instagram.com
my-od-3.instagram.com
my-od-4.instagram.com
my-od-5.instagram.com
my-od.instagram.com
o1.email.instagram.com
od.instagram.com
pandemic0105.latest.instagram.com
parents.instagram.com
partners.business.instagram.com
pengguna.instagram.com
photos-a.ak.instagram.com
photos-b.ak.instagram.com
photos-c.ak.instagram.com
photos-d.ak.instagram.com
photos-e.ak.instagram.com
photos-f.ak.instagram.com
photos-g.ak.instagram.com
photos-h.ak.instagram.com
p.instagram.com
platform.instagram.com
play.instagram.com
preprod.instagram.com
prerelease.instagram.com
privacycenter.instagram.com
privacycenter.latest.instagram.com
privacy.instagram.com
prize.instagram.com
prod.instagram.com
reg-e2ee.instagram.com
research.instagram.com
safety.instagram.com
scontent.cdninstagram.com
secure.instagram.com
secure.latest.instagram.com
sensu.instagram.com
shopping.instagram.com
shortwave.instagram.com
star.fallback.c10r.instagram.com
star.g.instagram.com
star-mini.c10r.facebook.comwww.instagram.com
static.ak.instagram.com
streaming-graph.instagram.com
support.instagram.com
survey.instagram.com
telegraph-ash.instagram.com
telegraph-ec2.instagram.com
telegraph-ec2proxy.instagram.com
telegraph.instagram.com
trunkstable.instagram.com
unknownjapan.instagram.com
upload-ec2.instagram.com
upload.instagram.com
videos-a-0.ak.instagram.com
videos-a-10.ak.instagram.com
videos-a-11.ak.instagram.com
videos-a-12.ak.instagram.com
videos-a-13.ak.instagram.com
videos-a-14.ak.instagram.com
videos-a-15.ak.instagram.com
videos-a-16.ak.instagram.com
videos-a-17.ak.instagram.com
videos-a-18.ak.instagram.com
videos-a-19.ak.instagram.com
videos-a-1.ak.instagram.com
videos-a-2.ak.instagram.com
videos-a-3.ak.instagram.com
videos-a-4.ak.instagram.com
videos-a-5.ak.instagram.com
videos-a-6.ak.instagram.com
videos-a-7.ak.instagram.com
videos-a-8.ak.instagram.com
videos-a-9.ak.instagram.com
videos-b-0.ak.instagram.com
videos-b-10.ak.instagram.com
videos-b-11.ak.instagram.com
videos-b-12.ak.instagram.com
videos-b-13.ak.instagram.com
videos-b-14.ak.instagram.com
videos-b-15.ak.instagram.com
videos-b-16.ak.instagram.com
videos-b-17.ak.instagram.com
videos-b-18.ak.instagram.com
videos-b-19.ak.instagram.com
videos-b-1.ak.instagram.com
videos-b-2.ak.instagram.com
videos-b-3.ak.instagram.com
videos-b-4.ak.instagram.com
videos-b-5.ak.instagram.com
videos-b-6.ak.instagram.com
videos-b-7.ak.instagram.com
videos-b-8.ak.instagram.com
videos-b-9.ak.instagram.com
videos-c-0.ak.instagram.com
videos-c-10.ak.instagram.com
videos-c-11.ak.instagram.com
videos-c-12.ak.instagram.com
videos-c-13.ak.instagram.com
videos-c-14.ak.instagram.com
videos-c-15.ak.instagram.com
videos-c-16.ak.instagram.com
videos-c-17.ak.instagram.com
videos-c-18.ak.instagram.com
videos-c-19.ak.instagram.com
videos-c-1.ak.instagram.com
videos-c-2.ak.instagram.com
videos-c-3.ak.instagram.com
videos-c-4.ak.instagram.com
videos-c-5.ak.instagram.com
videos-c-6.ak.instagram.com
videos-c-7.ak.instagram.com
videos-c-8.ak.instagram.com
videos-c-9.ak.instagram.com
videos-d-0.ak.instagram.com
videos-d-10.ak.instagram.com
videos-d-11.ak.instagram.com
videos-d-12.ak.instagram.com
videos-d-13.ak.instagram.com
videos-d-14.ak.instagram.com
videos-d-15.ak.instagram.com
videos-d-16.ak.instagram.com
videos-d-17.ak.instagram.com
videos-d-18.ak.instagram.com
videos-d-19.ak.instagram.com
videos-d-1.ak.instagram.com
videos-d-2.ak.instagram.com
videos-d-3.ak.instagram.com
videos-d-4.ak.instagram.com
videos-d-5.ak.instagram.com
videos-d-6.ak.instagram.com
videos-d-7.ak.instagram.com
videos-d-8.ak.instagram.com
videos-d-9.ak.instagram.com
videos-e-0.ak.instagram.com
videos-e-10.ak.instagram.com
videos-e-11.ak.instagram.com
videos-e-12.ak.instagram.com
videos-e-13.ak.instagram.com
videos-e-14.ak.instagram.com
videos-e-15.ak.instagram.com
videos-e-16.ak.instagram.com
videos-e-17.ak.instagram.com
videos-e-18.ak.instagram.com
videos-e-19.ak.instagram.com
videos-e-1.ak.instagram.com
videos-e-2.ak.instagram.com
videos-e-3.ak.instagram.com
videos-e-4.ak.instagram.com
videos-e-5.ak.instagram.com
videos-e-6.ak.instagram.com
videos-e-7.ak.instagram.com
videos-e-8.ak.instagram.com
videos-e-9.ak.instagram.com
videos-f-0.ak.instagram.com
videos-f-10.ak.instagram.com
videos-f-11.ak.instagram.com
videos-f-12.ak.instagram.com
videos-f-13.ak.instagram.com
videos-f-14.ak.instagram.com
videos-f-15.ak.instagram.com
videos-f-16.ak.instagram.com
videos-f-17.ak.instagram.com
videos-f-18.ak.instagram.com
videos-f-19.ak.instagram.com
videos-f-1.ak.instagram.com
videos-f-2.ak.instagram.com
videos-f-3.ak.instagram.com
videos-f-4.ak.instagram.com
videos-f-5.ak.instagram.com
videos-f-6.ak.instagram.com
videos-f-7.ak.instagram.com
videos-f-8.ak.instagram.com
videos-f-9.ak.instagram.com
videos-g-0.ak.instagram.com
videos-g-10.ak.instagram.com
videos-g-11.ak.instagram.com
videos-g-12.ak.instagram.com
videos-g-13.ak.instagram.com
videos-g-14.ak.instagram.com
videos-g-15.ak.instagram.com
videos-g-16.ak.instagram.com
videos-g-17.ak.instagram.com
videos-g-18.ak.instagram.com
videos-g-19.ak.instagram.com
videos-g-1.ak.instagram.com
videos-g-2.ak.instagram.com
videos-g-3.ak.instagram.com
videos-g-4.ak.instagram.com
videos-g-5.ak.instagram.com
videos-g-6.ak.instagram.com
videos-g-7.ak.instagram.com
videos-g-8.ak.instagram.com
videos-g-9.ak.instagram.com
videos-h-0.ak.instagram.com
videos-h-10.ak.instagram.com
videos-h-11.ak.instagram.com
videos-h-12.ak.instagram.com
videos-h-13.ak.instagram.com
videos-h-14.ak.instagram.com
videos-h-15.ak.instagram.com
videos-h-16.ak.instagram.com
videos-h-17.ak.instagram.com
videos-h-18.ak.instagram.com
videos-h-19.ak.instagram.com
videos-h-1.ak.instagram.com
videos-h-2.ak.instagram.com
videos-h-3.ak.instagram.com
videos-h-4.ak.instagram.com
videos-h-5.ak.instagram.com
videos-h-6.ak.instagram.com
videos-h-7.ak.instagram.com
videos-h-8.ak.instagram.com
videos-h-9.ak.instagram.com
vxcode.instagram.com
wallets.instagram.com
web-chat-e2ee.instagram.com
wellbeing.instagram.com
white.instagram.com
white.ish.instagram.com
wildcardvpc.instagram.com
www.engineering.instagram.com
www.help.instagram.com
www.instagram.com
www.intern.instagram.com
www.l.instagram.com
www.secure.instagram.com
xweb.instagram.com
z-p15.dyi.www.instagram.com
z-p15.graph.instagram.com
z-p15.i.instagram.com
z-p15-instagram.c10r.instagram.com
z-p15.lookaside.instagram.com
z-p15.maps.instagram.com
z-p15.m.instagram.com
z-p15.upload.instagram.com
z-p15.www.instagram.com
z-p3.www.instagram.com
z-p42.dyi.www.instagram.com
z-p42.graph.instagram.com
z-p42.i.instagram.com
z-p42-instagram.c10r.instagram.com
z-p42.lookaside.instagram.com
z-p42.maps.instagram.com
z-p42.m.instagram.com
z-p42.upload.instagram.com
z-p42.www.instagram.com
z-p4.dyi.www.instagram.com
z-p4.graph.instagram.com
z-p4.i.instagram.com
z.p4.i.instagram.com
z-p4.lookaside.instagram.com
z-p4.maps.instagram.com
z-p4.m.instagram.com
z-p4.upload.instagram.com
z-p4.www.instagram.com
