0.0.0.0.0.0.0.0.0.0.0.0.0.0.0.internet.org
0-226-104-36.0.internet.org
0-226-188-56.0.internet.org
03.internet.org
05596759fbd529bc6-euweinfo5.web1.qa2.beta.internet.org
0.beta.internet.org
0.internet.org
0.wap.internet.org
0.ziyadbazed.sb.internet.org
101.internet.org
10net.0.internet.org
11192521403954.internet.org
122.internet.org
153.internet.org
15.internet.org
162.internet.org
16vira-96-118-166-220all.internet.org
176.internet.org
177.internet.org
185.internet.org
187.internet.org
194.internet.org
1c1covid19.internet.org
1.internet.org
1nfo.internet.org
1www.internet.org
2019covid19.internet.org
201.internet.org
203.internet.org
205.internet.org
20euweinfo5.web1.qa2.beta.internet.org
220-226-104-36.0.internet.org
220-226-188-56.0.internet.org
221.internet.org
23.internet.org
240.internet.org
248.internet.org
252finfo.internet.org
26.internet.org
32.internet.org
39973.standalone.ccpl.xwf.internet.org
39c39.internet.org
39fc3.internet.org
3g.internet.org
3.internet.org
4186-xsec.internet.org
432.standalone.ccpl.xwf.internet.org
46.internet.org
4-time-viruses.internet.org
4-virus-du-temps.internet.org
58.wap.internet.org
5.internet.org
5kbtopcovid19.internet.org
60.internet.org
61.internet.org
6.internet.org
80ljhou1vy.internet.org
84nf.internet.org
85.internet.org
8.internet.org
9-22.internet.org
9dp.google.com.internet.org
a02.internet.org
a2.internet.org
academico.internet.org
acceso.internet.org
access.internet.org
accountsecuritylockdown.internet.org
achat-chloroquine.internet.org
ac.internet.org
acp.internet.org
ad.internet.org
adistance.internet.org
admin1.internet.org
admin1-pandemicflu.gamestore.internet.org
admin.internet.org
adm.internet.org
admin.www.tncovvlzzzlbstl.internet.org
adserver.internet.org
ads.internet.org
ads.xwf-ads-dev.xwf.internet.org
ads.xwf-ads-eu-north-1-dev.xwf.internet.org
ads.xwf-ads-prod-mumbai.xwf.internet.org
adult.internet.org
affiliate.internet.org
affiliates.internet.org
af-south-1-prod.k8s.apdata.xsec.internet.org
af-za.internet.org
agenda.internet.org
a.internet.org
airjaldi.in.xwf.internet.org
airjaldiqa.in.xwf.internet.org
airtel.internet.org
airtel.in.xwf.internet.org
aixiudie.world.internet.org
alabama.internet.org
ali1688s.internet.org
alisinangvirus.internet.org
alpha.internet.org
alt.th.xwf.internet.org
alumni.devna.internet.org
alumni.internet.org
amardesheshop-com.0.internet.org
ana.internet.org
analytics.internet.org
analyzer.internet.org
andika.virus.internet.org
andongsoju.internet.org
ann.internet.org
announce.internet.org
annuaire.antivirus.helpcenter.internet.org
annuaire.internet.org
anothermask.internet.org
antivirus1.internet.org
antivirus1.internet.org.internet.org
antivirus1-n3643109v9v0g5qpl.internet.org
antivirus1n6844.internet.org
antivirus1-n6cbc4.internet.org
antivirus1.n85964.internet.org
antivirus1ntern.internet.org
antivirusadminpawlitic.internet.org
antivirusadminqlserver.0.wap.internet.org
antivirusadmin-uji.cozsdsasfdsafdsfcsdcfdssadfsasadwewfcsrefba.internet.org
antivirusapp.internet.org
antivirus.bol.internet.org
antivirus.cdn4.internet.org
antiviruscure.internet.org
antivirus-dev.osapps.dev-eu.internet.org
antivirus.diagrams.fr.internet.org
antivirus.helpcenter.internet.org
anti-virus.internet.org
antivirus-jira.internet.org
antiviruskfb.internet.org
antivirus.mobi.internet.org
antivirus-number.internet.org
antivirus.nummus.internet.org
antivirusprenh.facebook.internet.org
antiviruspre.standalone.ccpl.xwf.internet.org
antivirusrt.app.internet.org
antivirus.secure.internet.org
antivirus.tracking.internet.org
anywhere.internet.org
aode.world.internet.org
ao.hgf.edcba98.wy.secured.internet.org
aolantivirus.internet.org
ap.app1.internet.org
apartmanikorona.internet.org
apdata.xseeuropewest.internet.org
api2-backup.internet.org
api-dev.internet.org
api.in.ccpl.xwf.internet.org
api.internal.standalone.xwf.internet.org
api.internet.org
api.sg.xwf.internet.org
apis.internet.org
api.staging.xwf.internet.org
api.standalone.xwf.internet.org
api.test.xwf.internet.org
app1-virus.internet.org
app.internet.org
apps.internet.org
aproxy.internet.org
ap-south-1-prod.ads.ccpl.internet.org
ap-south-1-prod.ads.xsec.internet.org
ap-south-1-prod.apdata.ccpl.internet.org
ap-south-1-prod.direct.ccpl.internet.org
ap-south-1-prod.k8s.apdata.ccpl.internet.org
ap-south-1-prod-maas.ccpl.xwf.internet.org
ap-south-1-qa.direct.xwf.internet.org
ap-south-1-qa.k8s.apdata.xwf-datanalytics.internet.org
ap-south-1-qa.k8s.apdata.xwf.internet.org
ap-southeast-1-dev.apdata.xsec.internet.org
ap-southeast-1-dev.direct.xsec.internet.org
ap-southeast-1-dev.k8s.apdata.xsec.internet.org
ap-southeast-1-prod.ads.xsec.internet.org
ap-southeast-1-prod.apdata.xwf.internet.org
ap-southeast-1-prod.direct.xsec.internet.org
ap-southeast-1-prod.k8s.apdata.xsec.internet.org
ap-southeast-1-qa.apdata.xsec.internet.org
ap-southeast-1-qa.direct.xsec.internet.org
ap-southeast-1-qa.k8s.apdata.xsec.internet.org
ar-ar.internet.org
archieve.internet.org
archive.internet.org
archiv.internet.org
argon.internet.org
ar.internet.org
arion-br.br.xsec.internet.org
art.internet.org
asiste.pemex.com.internet.org
asiste.pemex.covidyo.internet.org
askimaskim.internet.org
assets2.internet.org
assets5.internet.org
assets.internet.org
atlas.internet.org
atlassian-02.internet.org
att.internet.org
atyponeocovid19-sa.internet.org
atyponeocovidev-sa.internet.org
atyponeocovidev.sa.internet.org
aum.internet.org
australiauncovered.internet.org
auth-hack.internet.org
auth.internet.org
autoconfig.beta.internet.org
autoconfig.blog.internet.org
autoconfig.crm.internet.org
autoconfig.email.internet.org
autoconfig.forums.internet.org
autoconfig.travel.internet.org
autodiscover.beta.internet.org
autodiscover.blog.internet.org
autodiscover.email.internet.org
autodiscover.internet.org
autodiscover.new.internet.org
autodiscover.search.internet.org
auto.internet.org
automotive.internet.org
av.internet.org
avirus3.internet.org
avirus3-napi.internet.org
avirus3-nsun-0.internet.org
aws.internet.org
axis.internet.org
azzatssins-avirus3.internet.org
azzatssins.internet.org
b2b.internet.org
babajob-co0m.0.beta.internet.org
babasandeepwebsite-ngrok-com.0.beta.internet.org
bach.internet.org
backup-1.internet.org
backup3.internet.org
backup.internet.org
baidu.internet.org
baijialepukeyouxiqiutuijian.internet.org
banner.internet.org
barncover.internet.org
bb.internet.org
bbs.internet.org
bdemo-sg.sg.xwf.internet.org
bd-ffl-hub-unicore-io.0.internet.org
bd-gem-hub-unicore-io.0.internet.org
bd-mama-hub-unicore-io.0.internet.org
benno-test.xwf.internet.org
beta.billing.bid.stopcovid19.internet.org
beta.internet.org
beta.xwfbucky.internet.org
bg3-maskan.internet.org
bg-bg.internet.org
bgvirus.internet.org
bigboobsuncovered.internet.org
bigpond.internet.org
bikroy-com.0.internet.org
bing.comcapk.internet.org
b.internet.org
bip.internet.org
biztalk.internet.org
bj.internet.org
blackvirus.internet.org
blocked.internet.org
blog.internet.org
blogs.internet.org
bluetownqa.beta.xwf.internet.org
bluetownqa.xdub1.xwf.internet.org
bluetown.xdub1.xwf.internet.org
bnc.standalone.ccpl.xwf.internet.org
bn-in.internet.org
bn.internet.org
board.internet.org
bol.internet.org
book.internet.org
bookkate-internet.internet.org
bookmarks.internet.org
bozkandistancelearnadmin.internet.org
brancoveanu.internet.org
brand-info.internet.org
brand.internet.org
braziltest-br.br.xwf.internet.org
broadcast-ip.internet.org
browserwatch.internet.org
bsd01.internet.org
bsnlqa-in.in.ccpl.internet.org
bsnlqa-in.in.redirectorredirectorpl.internet.org
bsnlqa-in.in.xwf.internet.org
bt.brh.internet.org
bugs.internet.org
business.internet.org
buy-masquerade-masks.internet.org
c4.internet.org
cable.internet.org
cache.internet.org
cacti.internet.org
caesar-diary.internet.org
ca-es.internet.org
ca.internet.org
calendar.internet.org
cal.internet.org
callisto.internet.org
calvinomask.internet.org
calypso.internet.org
campaign.internet.org
camping.internet.org
capk.internet.org
careers.internet.org
casas-mitula-com-co.0.beta.internet.org
cas.internet.org
casper.internet.org
catalog.internet.org
cc.internet.org
ccoronacv.internet.org
ccpl.xwf.internet.org
ccs.internet.org
cdn1.internet.org
cdn2.internet.org
cdn4.internet.org
cdn.internet.org
cdn-klimg-com.0.internet.org
cdn.ncnd.internet.org
celcom.rastream.com.internet.org
cellc.internet.org
cellc-za.za.xsec.internet.org
centos.internet.org
cfc.internet.org
chaos.internet.org
chase.internet.org
chat2.internet.org
chat.internet.org
chloroquine.internet.org
chyber-phreaker.internet.org
cincovillas.internet.org
c.internet.org
ciokrcavid1.internet.org
ciphercloud.netvision.in.xwf.internet.org
cisco-capwap-controller.internet.org
cisco.internet.org
cis.internet.org
citrix.internet.org
ciupacovidiudaniel.internet.org
ckb-mascara.internet.org
classifieds.internet.org
class.internet.org
clg16-lacouronne.0.internet.org
client.internet.org
clients.internet.org
clinicalart-atelier-nae-comask.internet.org
cloudapp.internet.org
cloudflare.internet.org
cloudflare-resolve-to.internet.org
cloud.internet.org
club.internet.org
cms.internet.org
cn.internet.org
cnmaestro.hughes.mx.xwf.internet.org
cnmaestro.hughes.xwf.internet.org
cnmaestro.iconnectwe.in.xwf.internet.org
cnmaestro.mwc.xwf.internet.org
cnmaestro.mwc.xwf.mascara1.internet.org
cnmaestro.netvision.in.xwf.internet.org
cnmaestro.waw.xwf.internet.org
coba.internet.org
coba.jurus.internet.org
code.internet.org
comcapk.internet.org
comdnss4764b10.internet.org
com.internet.org
com.iprivoxy-2.internet.org
community.internet.org
com-services-vip.internet.org
com.ucmobile.internet.org
comune.internet.org
conex.internet.org
conference.internet.org
connect.internet.org
connect-staging-6.internet.org
connect-staging.internet.org
consultant.internet.org
content2.internet.org
content.internet.org
control.internet.org
controller.in.ccpl.xwf.internet.org
controller.sg.xwf.internet.org
controlpanel.internet.org
coollinkqa.beta.xwfbucky.internet.org
coollinkqa.beta.xwf.internet.org
coollink.xdub1.xwf.internet.org
corona10.internet.org
corona2.internet.org
coronaair.internet.org
corona-australia.internet.org
coronabd.internet.org
corona.canary.production.manhattan.internet.org
coronalite.internet.org
coronaria.internet.org
coronarytorture.labelinwww.notebook.us-east-1.internet.org
coronatsel.internet.org
coronaviruswa.internet.org
corp.internet.org
correo.internet.org
covid-1935.internet.org
covid-19.internet.org
covid19.internet.org
covid19.n43078.internet.org
covid19.nfb.internet.org
covid19.z.internet.org
covidapi.internet.org
covkid.internet.org
covkidkoken.internet.org
cox.internet.org
cozsdsasfdsafdsfcsdcfdssadfsasadwewfcsrefba.internet.org
cp4.internet.org
cpanel.en.internet.org
cpanel.internet.org
cp.internet.org
crc.internet.org
criticalink-org.0.internet.org
crm.internet.org
cronos.internet.org
cs-cz.internet.org
cse.internet.org
cs.internet.org
css.internet.org
cupmask.cn.internet.org
cushoncovers.internet.org
cust108.standalone.ccpl.xwf.internet.org
cust30.internet.org
cust3.internet.org
cust3.standalone.ccpl.xwf.internet.org
cust91.internet.org
cust95.internet.org
cvs.internet.org
cyber-phreaker-medan.0.internet.org
cyber-phreaker-medan.internet.org
cy-gb.internet.org
da-dk.internet.org
data1.internet.org
data.internet.org
datamaskin.internet.org
db1.internet.org
db2.internet.org
dbadmin.internet.org
db.internet.org
dc.internet.org
dcr-rcrp-01.internet.org
dcvs.internet.org
dd.internet.org
dealer.internet.org
dec.standalone.ccpl.xwf.internet.org
de-de.internet.org
de.internet.org
delhi-quikr-com.0.internet.org
demo.internet.org
deposit.world.internet.org
design.internet.org
dev1.internet.org
dev2.internet.org
dev-analytics.standalone.xwf.internet.org
devel.internet.org
development.internet.org
develop.standalone.ccpl.xwf.internet.org
dev-empowerwomen-org.0.beta.internet.org
dev-empowerwomen-org.0.internet.org
dev-eu.internet.org
dev.internet.org
devna.internet.org
devserver.internet.org
dev.standalone.xwf.internet.org
dev.tncovvlzzzlbstl.internet.org
devtokenizer.in.xwf.internet.org
diagrams.fr.internet.org
dialin.internet.org
diendan.internet.org
digicel.internet.org
digilander.internet.org
digital.internet.org
d.internet.org
direct.internet.org
directory.internet.org
discovidev.sa.internet.org
disk.internet.org
distanceassachusetts.internet.org
distance-education.internet.org
distancelearning.internet.org
distancelearn-napi-dev.internet.org
distance-pilot.internet.org
distance.ts.io.ioq-inpiniti1.internet.org
distributers.internet.org
djezzy.internet.org
dl.internet.org
_dmarc.internet.org
dnetqa.beta.xwf.internet.org
dnetqa.xsin1.xwf.internet.org
dnet.xsin1.xwf.internet.org
dns1.internet.org
dns2.internet.org
dns3.internet.org
dns4.internet.org
dns.internet.org
doc.internet.org
docker3.internet.org
docs.internet.org
domain.internet.org
dom.internet.org
dorijancovran.internet.org
down.internet.org
download.internet.org
downloads.internet.org
drupal.internet.org
dtc.internet.org
dude.there.is.so.much.free.porn.on.the.internet.org
dummy.internet.org
dvoisqa-in.in.ccpl.internet.org
dvr.internet.org
dynamicip.internet.org
dynamics.internet.org
e0.internet.org
eastus2.cloudapp.internet.org
easyhyperlinks-com.0.internet.org
easytv-br.br.xsec.internet.org
ebayaran.internet.org
ebay.internet.org
ebscovideo.internet.org
ecovida.internet.org
ecovidrio.internet.org
edison.internet.org
edu.internet.org
e.internet.org
eks.standalone.ccpl.xwf.internet.org
elasticsearch-3.internet.org
elearning.internet.org
electronics.internet.org
el-gr.internet.org
elite-expresswifi.internet.org
elite-operamini.internet.org
email.internet.org
emailquarantine.internet.org
emask.internet.org
emlvirus.internet.org
empresas.internet.org
en-gb.internet.org
eng.internet.org
english.internet.org
eng.opusmobiled69.internet.org
enigma.internet.org
en.internet.org
en-m-wikipedia-org.0.beta.internet.org
en-m-wikipedia-org.0.internet.org
ensload-in.in.xsec.internet.org
envymask.internet.org
epesi.internet.org
epstein-barr-virus.internet.org
erp.internet.org
error.internet.org
es-es.internet.org
es.internet.org
es-la.internet.org
es-m-wikipedia-org.0.internet.org
espacovida.internet.org
eu-central-1-dev.apdata.xwf.internet.org
eu-central-1-prod.apdata.xwf.internet.org
eu-central-1-qa.ads.xwf.internet.org
eu-central-1-qa.apdata.xwf.internet.org
eu-central-1-qa.direct.xwf.internet.org
eu-central-1-qa.k8s.apdata.xwf.internet.org
eu-es.internet.org
eu-west-1-dev.ads.xwf.internet.org
eu-west-1-dev.apdata.xsec.internet.org
eu-west-1-dev.apdata.xwf.internet.org
eu-west-1-dev.direct.4186-xsec.internet.org
eu-west-1-dev.direct.us-aromatic-bake-xsec.internet.org
eu-west-1-dev.direct.xsec.internet.org
eu-west-1-dev.direct.xwf.internet.org
eu-west-1-dev.k8s.apdata.xsec.internet.org
eu-west-1-dev.k8s.apdata.xwf.internet.org
eu-west-1-prod.ads.xsec.internet.org
eu-west-1-prod.apdata.xwf.internet.org
eu-west-1-prod.direct.xsec.internet.org
eu-west-1-prod.k8s.apdata.xsec.internet.org
eu-west-2-dev.ads.xwf.internet.org
eu-west-2-dev.apdata.xwf.internet.org
eu-west-2-dev.direct.xwf.internet.org
eu-west-2-dev.k8s.apdata.xwf.internet.org
eu-west-2-prod.apdata.xwf.internet.org
eu-west-3-qa.apdata.xwf.internet.org
eu-west-3-qa.k8s.apdata.xsec.internet.org
eu-west-3-staging.ads.xwf.internet.org
eval.internet.org
event.internet.org
events.internet.org
exchange.internet.org
exch.internet.org
extranet.internet.org
f5.internet.org
facebook.com.internet.org
facebook.internet.org
fairview.internet.org
falcon-distance.internet.org
falcon.internet.org
faq.internet.org
fax.internet.org
fb.axis.internet.org
fb.internet.org
fb.me.internet.org
fbpqa.beta.xwf.internet.org
fbtokenizerdogfood.in.xwf.internet.org
fedyancovy.internet.org
feedback.internet.org
feeds.internet.org
ff.internet.org
ffs-statemployeebecpanel.fmonboarding.build.internet.org
fiamwifi-ng.ng.xsec.internet.org
fi-fi.internet.org
file.internet.org
files.internet.org
filestore.internet.org
finance.internet.org
financovani.internet.org
f.internet.org
fios.internet.org
fitness.internet.org
fitness-orthopedicsadmin.internet.org
flower.internet.org
fluentd.in.ccpl.xwf.internet.org
fogbugz.internet.org
forelockmasked.internet.org
forms.internet.org
foros.internet.org
forum1.internet.org
forum.internet.org
forums.internet.org
foto.internet.org
foundation.internet.org
fovid.internet.org
franklincovey.internet.org
fr-ca.internet.org
freddy.internet.org
free-antivirus1.internet.org
freebasic.internet.org
freebasics.com.internet.org
freebasics.internet.org
freedom.internet.org
free.internet.org
freemaildomains.internet.org
free.porn.in.the.internet.org
free.porn.on.the.internet.org
fr-fr.internet.org
fr.internet.org
fs1.internet.org
fs.internet.org
ftp1.internet.org
ftp2.internet.org
ftp.internet.org
fuera.internet.org
funcovida.internet.org
futa.internet.org
fw1.internet.org
fw.internet.org
fw-quarantine1-nocdmz.internet.org
g1.internet.org
gagagatora.internet.org
gallery.internet.org
galway.internet.org
game.internet.org
games.internet.org
gate.internet.org
gatekeeper.internet.org
gateway.internet.org
gauss.internet.org
geo.internet.org
gesamtdrehungen.internet.org
gifts.internet.org
g.internet.org
gitalist01.internet.org
gitalist02.internet.org
gitalist03.internet.org
git.internet.org
git.tncovvlzzzlbstl.internet.org
gitweb-3.internet.org
globe.internet.org
globe-ph.ph.xwf.internet.org
glol.internet.org
gmail.internet.org
god.internet.org
go.internet.org
gojangi.tokenizer.xwf.internet.org
goldenkitchencoventry.internet.org
google.internet.org
gotoqa-in.in.xwf.internet.org
gotoqa-in.standalone.xwf.internet.org
goto-seikotsuin.internet.org
govi-ie.ie.xwf.internet.org
gozambiajobs-com.0.beta.internet.org
gozambiajobs-com.0.internet.org
gr7n.internet.org
graph.internet.org
graphite1.internet.org
grc2go.internet.org
groups.internet.org
gundamgogogo.internet.org
gurgaonba9.standalone.ccpl.xwf.internet.org
guru.internet.org
gw2.internet.org
gw.internet.org
h2.internet.org
h3.internet.org
h4.internet.org
h6.internet.org
h7.internet.org
habari.xdub1.xwf.internet.org
hacking.internet.org
hack.internet.org
hallo.internet.org
hancovina.trustpass.internet.org
happymasksalesman.internet.org
haproxy03.internet.org
haproxy3.internet.org
hdiniz-br.br.xsec.internet.org
health.internet.org
heart.internet.org
he-il.internet.org
helpcenter.internet.org
helpdesk.internet.org
help.internet.org
helponline.internet.org
hermes.internet.org
h.facebook.internet.org
hfclqa-in.in.ccpl.internet.org
hh.internet.org
hi-in.internet.org
h.internet.org
hispasat-br.br.xsec.internet.org
hispasat-br.standalone.xsec.internet.org
hobby.internet.org
hokkaido.internet.org
home2.internet.org
home.internet.org
homepage1.internet.org
homepage2.internet.org
homepage3.internet.org
homepage.internet.org
honeypot.internet.org
hongyunyulecheng.internet.org
host12.internet.org
host2.internet.org
host9.internet.org
hosting.internet.org
host.internet.org
hotaruvirus.internet.org
howto.internet.org
hpc.internet.org
hpvirusradars.internet.org
hr-hr.internet.org
hr.internet.org
httpbin-internet.xwf.internet.org
httpbin-zerorated.xwf.internet.org
httpd.internet.org
http-m-inquirer-net.0.internet.org
http-m-prothom--alo-com.0.internet.org
http-m-wattpad-com.0.internet.org
httpsecurevirus.internet.org
hudsoncovecapital.internet.org
hughes-br.br.xsec.internet.org
hughesqa-in.in.ccpl.internet.org
hu-hu.internet.org
hu.internet.org
humara.internet.org
i3.internet.org
iconnectwe.in.ccpl.internet.org
iconnectwe.in.xwf.internet.org
iconnectweqa.beta.xwf.internet.org
iconnectweqa.in.xwf.internet.org
id-ask-com.0.internet.org
id-id.internet.org
id.internet.org
id-mnm-hub-unicore-io.0.internet.org
id-m-wikipedia-org.0.internet.org
idp.internet.org
ifd154.internet.org
iimahd.internet.org
i.internet.org
iis.internet.org
ilopandemic.internet.org
image.internet.org
images1.internet.org
images2.internet.org
images3.internet.org
images4.internet.org
images5.internet.org
images6.internet.org
images8.internet.org
images.internet.org
imap.internet.org
imdosat.0.internet.org
img17on.the.internet.org
img1.internet.org
img2.internet.org
img3.internet.org
img.internet.org
im.internet.org
in.ccpl.xwf.internet.org
incovi.internet.org
indosat.0.internet.org
indosat.com.internet.org
indosat.internet.org
infectionmetro.internet.org
info.beta.internet.org
info.internet.org
infolab.internet.org
informatik.internet.org
infr.search.internet.org
in.internet.org
ini.web.lagi.uji.coba.jurus.internet.org
in-mama-hub-unicore-io.0.internet.org
instant.indosat.com.internet.org
inst.internet.org
internet.org
internet.org.internet.org
internetorg-mitula-com-co.0.beta.internet.org
in.the.internet.org
intra.internet.org
intranet.internet.org
iobrbrjbr4-gemaskop.internet.org
iocs525614.internet.org
io.iocs525614.internet.org
io.ioqexpertiza-producciones.internet.org
ion-in.in.ccpl.internet.org
ioq-117f.zlgfacebook-virus.internet.org
ioqexpertizsmtp17creatingwebsite-maskolis.internet.org
ioq-rayman.ladymatr678antivirusadmin.internet.org
iorg-bola-net.0.internet.org
iorg-kapanlagi-com.0.internet.org
iorg-merdeka-com.0.internet.org
ios10virus.internet.org
iota.standalone.ccpl.xwf.internet.org
ipfixe.internet.org
iph.internet.org
iphone.internet.org
ip.internet.org
iprivoxy-2.internet.org
ipv4.google.com.internet.org
ipv4info.comdnss4764b10.internet.org
ipv4.internet.org
irc.internet.org
isizwe.dev.xwf.internet.org
isizweqa.beta.xwf.internet.org
isizweqa.dev.xwf.internet.org
isizwe.sandbox.xwf.internet.org
isizwe.xdub1.xwf.internet.org
issogrado-com.0.beta.internet.org
is.so.much.free.porn.in.the.internet.org
is.so.much.free.porn.on.the.internet.org
it.internet.org
it-it.internet.org
itv.internet.org
iway-ug.ug.xsec.internet.org
jabber.internet.org
ja-jp.internet.org
jamshedpur-quikr-com.0.internet.org
javascript.internet.org
jawabarat.internet.org
jenkins-01.internet.org
jira.dev.16viruswall.internet.org
jira.gwy.internet.org
jira.internet.org
job.internet.org
jobs-bdjobs-com.0.internet.org
jobs.internet.org
johncovered.internet.org
joomla3.internet.org
jordancoverdale.internet.org
jp.internet.org
jp.obmsbke.truevisions.tv.zero.facebook.com.internet.org
jprm.0.internet.org
js.internet.org
j.standalone.ccpl.xwf.internet.org
jupiter.ece.lvhn.internet.org
jupiter.internet.org
jurus.internet.org
k2.internet.org
k3.internet.org
k4.internet.org
k5.internet.org
kastrolers.internet.org
kaviruspnet.internet.org
kiosk.internet.org
kk.internet.org
ko-kr.internet.org
korejskamaska.internet.org
kproxy.com.internet.org
kris.internet.org
k-tominaga-net-cspsquarantine51.internet.org
ku1720.internet.org
kuki-crt.wacproxy.xwf.internet.org
kuki.wacproxy.xwf.internet.org
lab.internet.org
labs.internet.org
ladymatr678antivirusadmin.internet.org
lagi.uji.coba.jurus.internet.org
lagmaskinen.internet.org
lambda.internet.org
lambda-s3-files.xwf.internet.org
ldap.internet.org
legacy.internet.org
lemigo.internet.org
l-gal.internet.org
library.internet.org
lincoln.internet.org
line.com.internet.orgzero.truevisions.tv.internet.org
line.naver.jp.obmsbke.truevisions.tv.zero.facebook.com.internet.org
link.internet.org
linux.internet.org
lion.internet.org
lions.internet.org
list.internet.org
lists.internet.org
live.internet.org
lmesqa.beta.xwf.internet.org
loadrunner.internet.org
local.internet.org
lockdown.rtbs.aws.internet.org
loghost.internet.org
login.internet.org
logo.internet.org
logs.standalone.xwf.internet.org
longdistance.internet.org
loopback.internet.org
love.internet.org
lpch.internet.org
lp.internet.org
lsind-in.in.xwf.internet.org
lsind-in.standalone.xwf.internet.org
lsqagtlopf-br.br.xwf.internet.org
lsqagtlopf-br.standalone.xwf.internet.org
lsqapl-br.br.xwf.internet.org
lt-lt.internet.org
ly.internet.org
lyncdiscover.internet.org
lync.internet.org
lyygogo.internet.org
m1.internet.org
m2.internet.org
m4.internet.org
m6.internet.org
m-aajtak-in.0.internet.org
m-accuweather-com.0.internet.org
mahesh-virus.internet.org
mail01.internet.org
mail1.internet.org
mail2.internet.org
mail3.internet.org
mail4.internet.org
mail5.internet.org
mailadmin.internet.org
mailer.internet.org
mailers.internet.org
mailhost.internet.org
mailing.internet.org
mail.internet.org
mailman.internet.org
mailout.internet.org
mailserver.internet.org
main.internet.org
maka.internet.org
m-amarujala-com.0.internet.org
manage.internet.org
manager.internet.org
mantis.internet.org
map.internet.org
maps.internet.org
marketing.internet.org
market.internet.org
mars.internet.org
mask17.internet.org
maskeduatopennet.internet.org
masko.internet.org
mask-sg.pay.internet.org
mask-sg.pay.razer.com.s3-external-1.internet.org
masksj.internet.org
masku1.internet.org
mask-uat-sg.pay.razer.com.s3-external-1.internet.org
masku.internet.org
maskyoo_dynamic.internet.org
massachusetts.internet.org
master.internet.org
math.internet.org
maven.internet.org
mb2.internet.org
mbasic.internet.org
m-bdnews24-com.0.internet.org
m-bikroy-com.0.internet.org
m-bing-com.0.internet.org
mb.internet.org
mc.internet.org
mdm.internet.org
media.internet.org
medistusantivirus.internet.org
meet.internet.org
me.internet.org
member.internet.org
members.internet.org
members.standalone.ccpl.xwf.internet.org
mezhvencovij-uplotnitel.internet.org
m.facebook.internet.org
mf.internet.org
m-goal-com.0.internet.org
miami.internet.org
m--id-jobstreet-co-id.0.internet.org
mi.internet.org
military.internet.org
milwaukee.internet.org
m.inca-es.internet.org
mini.internet.org
m.instant.indosat.com.internet.org
m.internet.org
mirror.internet.org
ml-in.internet.org
ml.internet.org
m-maya-com-bd.0.internet.org
m-merdeka-com.0.internet.org
mm.internet.org
mobi.internet.org
mobile.internet.org
mobile-nation-co-ke.0.internet.org
mobil.internet.org
mobi-supersport-com.0.internet.org
mo.indosat.com.internet.org
m-olx-co-id.0.internet.org
mongodb-02.internet.org
monitoring.internet.org
monitor.internet.org
moodle.internet.org
mpibpc.internet.org
mpk.internet.org
mpls.internet.org
mrtg.internet.org
msavencov.internet.org
ms.internet.org
ms-my.internet.org
msoid.internet.org
mssql.internet.org
much.free.porn.in.the.internet.org
much.free.porn.on.the.internet.org
muhunupothamuluthange.internet.org
mumbai.internet.org
mumbai-quikr-com.0.internet.org
munin.internet.org
museum.internet.org
music.internet.org
musik.internet.org
mvn.internet.org
m-wattpad-com.0.internet.org
mweb.internet.org
mx01.internet.org
mx1.internet.org
mx3.internet.org
mx.internet.org
myhome.internet.org
my.internet.org
my-od-1.internet.org
my-od.internet.org
mysite.internet.org
mysql.internet.org
myxovirus.internet.org
n0.internet.org
n126-131.antivirus1.internet.org
n180lanqiubifenmasku.internet.org
n2.internet.org
n391adcorona.internet.org
n43078.internet.org
n67b-avirus3.internet.org
n734fantivirus1.internet.org
n85964.internet.org
n888qipaiyouxixiazaipingtadistance.internet.org
nagios.internet.org
narchive.internet.org
naudistancelearnadmin.internet.org
naum.internet.org
nautodiscover.internet.org
nb-no.internet.org
ncnd.internet.org
ncom.internet.org
nconnect.internet.org
ncoverkiezingen.internet.org
ncovgstrategiespre.internet.org
ncovoipa06e.internet.org
ncovoltron.internet.org
ncovw8.internet.org
nelite-expresswifi.internet.org
nelite-operamindistance.internet.org
nelite-operaminiantivirus1.internet.org
neocovid19.sa.internet.org
neocovidev-sa.internet.org
netcam.tokenizer.xwf.internet.org
netell.xsao1.xwf.internet.org
net.internet.org
netplus-in.in.ccpl.internet.org
netplus-in.in.xwf.internet.org
netvision.in.ccpl.internet.org
netvision.in.xwf.internet.org
netvisionqa.in.xwf.internet.org
netvisionqa.standalone.xwf.internet.org
netvision.standalone.xwf.internet.org
network-ip.internet.org
newcoronanew.internet.org
new.internet.org
news-abs--cbn-com.0.beta.internet.org
news.internet.org
newsletter.internet.org
nfb.internet.org
nf.internet.org
nfo.internet.org
nfree.internet.org
ngod.internet.org
ngo.internet.org
nhacking.internet.org
night.internet.org
nightmask3.internet.org
nindosat.internet.org
nintra.internet.org
njavascript.internet.org
nkastrolers-viruswall.internet.org
nl.internet.org
nl-nl.internet.org
nmbasic.internet.org
nms.sg.xwf.internet.org
nms.staging.xwf.internet.org
nn.internet.org
noc.internet.org
node2.internet.org
n.o.internet.org
no.internet.org
nonsene.internet.org
norske.internet.org
northwest.internet.org
nothing.internet.org
npew.internet.org
ns01.internet.org
ns10.internet.org
ns11.internet.org
ns12.internet.org
ns1.internet.org
ns2a.internet.org
ns2.internet.org
ns3.internet.org
ns4.internet.org
ns5.internet.org
ns6.internet.org
ns70.internet.org
ns7.internet.org
ns8.internet.org
nsc.internet.org
ns.internet.org
nsmart.portals-covid19.internet.org
nsun-0.internet.org
ntp1.internet.org
ntp.internet.org
nummus.internet.org
nwebopedia.internet.org
nw.internet.org
oa.internet.org
oak.internet.org
oakland.internet.org
o.beta.internet.org
obmsbke.truevisions.tv.zero.facebook.com.internet.org
obon-th.th.xsec.internet.org
odincovo.internet.org
office.internet.org
offices.internet.org
ofp.1.xwf.internet.org
ofp.xwf.internet.org
ogin.internet.org
oiengine-com.0.beta.internet.org
o.internet.org
old.internet.org
oldmail.internet.org
oldsite.internet.org
olx-co-id.0.internet.org
one-in.in.ccpl.internet.org
one-in.in.xwf.internet.org
online.internet.org
onomichi.internet.org
on.the.internet.org
oonvare.internet.org
openforum-hbs-org.0.beta.internet.org
openview.internet.org
openvpn.internet.org
operamini.com.internet.org
opx.cfc.internet.org
orbit.internet.org
order.internet.org
org.internet.org
orgzero.truevisions.tv.internet.org
origin-boldsky-com.0.internet.org
origin.internet.org
osapps.dev-eu.internet.org
outlook.internet.org
owa.internet.org
owfms.ucentral.pe.xwf.internet.org
owgw.ucentral.pe.xwf.internet.org
owgw-ui.ucentral.pe.xwf.internet.org
owprov.ucentral.pe.xwf.internet.org
owprov-ui.ucentral.pe.xwf.internet.org
owsec.ucentral.pe.xwf.internet.org
pacificovida.eastus2.cloudapp.internet.org
pagerduty03.internet.org
painel.antivirus.bol.internet.org
pa-in.internet.org
panel.internet.org
parking.internet.org
park.internet.org
partner.internet.org
partners.internet.org
passport.internet.org
pay.internet.org
payment.internet.org
pbx.internet.org
pc18.internet.org
pc38.internet.org
pc4.internet.org
pda.internet.org
pemex.com.internet.org
pemex.com.iprivoxy-2.internet.org
people.internet.org
pet.internet.org
pew.internet.org
pgsql.internet.org
phabricator-1.internet.org
ph-ask-com.0.internet.org
phd.internet.org
phoenix.internet.org
photo.internet.org
photos.internet.org
phpgroupware.internet.org
php.internet.org
phplist.internet.org
phpmyadmin.internet.org
physics.internet.org
pico.np.xwf.internet.org
picosoft.np.xwf.internet.org
p.internet.org
pisos-mitula-com.0.beta.internet.org
pisos-mitula-compa.0.beta.internet.org
pitweb-02.internet.org
pivotal.internet.org
piwik-3.internet.org
pixel.internet.org
planetfiber.th.xwf.internet.org
planisware.internet.org
plato.internet.org
plesk.internet.org
pl-pl.internet.org
pma.internet.org
po4h.internet.org
podcast.internet.org
polipo-03.internet.org
pools.internet.org
pop3.internet.org
pop.internet.org
porn.in.the.internet.org
porn.on.the.internet.org
portal1.internet.org
portal.internet.org
portals-covid19.internet.org
portals.internet.org
postgres-2.internet.org
postgres-3.internet.org
postgresd01.internet.org
postgresd3.internet.org
post.internet.org
postpushprod-gn.gn.xsec.internet.org
postpushprod-in.in.ccpl.internet.org
postpushprod-th.th.xsec.internet.org
postpushqa-in.in.xwf.internet.org
pp.internet.org
pplant.dev.internet.org
ppp21.internet.org
ppp23.internet.org
ppp8.internet.org
practitest.internet.org
pre.internet.org
preprod.internet.org
presse.internet.org
press.internet.org
pretes-al.direct.xwf-proteccioncivil.internet.org
preview.internet.org
primavera.internet.org
pr.internet.org
privoxy-2.internet.org
privoxy.internet.org
prodbr-analytics.standalone.xsec.internet.org
prod-empresarial.internet.org
production-heroku-vaccination.internet.org
prof.internet.org
pro.internet.org
project.internet.org
projects.internet.org
prometheus-2.internet.org
promo.internet.org
provincia.internet.org
proxy.internet.org
pt-br.internet.org
pt.internet.org
pt-pt.internet.org
public.internet.org
pubs.internet.org
pup.internet.org
puppet1.internet.org
pureagent.internet.org
push.internet.org
qa-analytics.standalone.xwf.internet.org
qadiscovidev2.sa.internet.org
qa.internet.org
qa-logs.standalone.xwf.internet.org
qa.standalone.xwf.internet.org
qatokenizer.in.xwf.internet.org
qatokenizer.in.xwf.pc-182.internet.org
quantum.internet.org
quarantinenm.internet.org
quarantine-nocdmz.internet.org
queen.internet.org
r1.internet.org
r2.internet.org
rad.internet.org
radio.internet.org
radiomaria.internet.org
radius.internet.org
range86-128.internet.org
range86-130.internet.org
range86-146.internet.org
range86-152.internet.org
range86-160.internet.org
range86-171.internet.org
rank.internet.org
rastream.com.internet.org
read-worldreader-org.0.internet.org
recruiting.internet.org
redirect.internet.org
redmine.internet.org
regione.internet.org
registerhere-vaccine.internet.org
register.internet.org
registrar.internet.org
reklam.internet.org
relay-01.internet.org
relay02.internet.org
relay.internet.org
remote.internet.org
renieslaptopengr.internet.org
report.internet.org
research.internet.org
resellers.internet.org
result.internet.org
resume.internet.org
retrovirus.internet.org
reviews.internet.org
roadmap2.internet.org
robi.bd.xwf.internet.org
robi.cwf.xwf.internet.org
rootsweb.internet.org
ro-ro.internet.org
router.internet.org
roy815.internet.org
rss.internet.org
rtelnet.internet.org
rt.internet.org
rttys.ucentral.pe.xwf.internet.org
ru.m.xhamt-ru.internet.org
ru-ru.beta.internet.org
ru-ru.internet.org
ryan.internet.org
s17.internet.org
s1.internet.org
s204.internet.org
s207.internet.org
s271.internet.org
s2.internet.org
s320.internet.org
s336.internet.org
s347.internet.org
s3.internet.org
s416.internet.org
s447.internet.org
s454.internet.org
s467.internet.org
s475.internet.org
s4.internet.org
s8.internet.org
sa-east-1-prod.ads.xsec.internet.org
sa-east-1-prod.direct.xsec.internet.org
sa-east-1-prod.k8s.apdata.xsec.internet.org
sa-east-1-qa.apdata.xsec.internet.org
safaricom.internet.org
sa.internet.org
sales.internet.org
saltlake.internet.org
sametime.internet.org
samp.internet.org
sandbox.internet.org
sanjose.internet.org
sapcovid19.internet.org
sas-reg-0162.sasgww.google.com.internet.org
sb.internet.org
schools.internet.org
sc.internet.org
search.internet.org
secure.internet.org
seg.internet.org
sendmail.standalone.ccpl.xwf.internet.org
seo.internet.org
server13.internet.org
server19.internet.org
server1.internet.org
server2.internet.org
server4.operamini.com.internet.org
server7.internet.org
server-8080.internet.org
server-80.internet.org
server.internet.org
service.internet.org
services.internet.org
se.standalone.ccpl.xwf.internet.org
sexy.internet.org
sftp.ccpl.internet.org
sftp.internet.org
sg4.internet.org
sg.xwf.internet.org
shadowvirus.internet.org
shaildhar2.in.xwf.internet.org
shaildhar.in.ccpl.internet.org
shaildhar.in.xwf.internet.org
shaildharqa.in.xwf.internet.org
shaildharqa.standalone.xwf.internet.org
share.internet.org
shine.internet.org
shms2.internet.org
shop.internet.org
shopping.internet.org
sidu.internet.org
sierracharlie.users.internet.org
sierra.internet.org
sign.internet.org
simon.internet.org
simpleticket.internet.org
s.internet.org
sip.internet.org
sitebuilder.internet.org
site.internet.org
sites.internet.org
sixxvirus.internet.org
sk-sk.internet.org
skybits-cm.cm.xsec.internet.org
sl.cims.si.internet.org
slovari.internet.org
slsg.internet.org
sl-si.internet.org
smart.antivirus.mobi.internet.org
smart.com.ph.internet.org
smartph.internet.org
smart.portals.internet.org
sms.internet.org
smsproxy.internet.org
smsproxy.xwf.distancelearnadmin.internet.org
smsproxy.xwf.internet.org
smsproxy.xwf.mascara1.internet.org
smtp1.internet.org
smtp2.internet.org
smtp3.internet.org
smtp.internet.org
snc8.internet.org
snort-01.internet.org
snort-02.internet.org
soa.internet.org
software.internet.org
software.standalone.ccpl.xwf.internet.org
sol.internet.org
so.much.free.porn.in.the.internet.org
so.much.free.porn.on.the.internet.org
southdakota.internet.org
spam.internet.org
spamquarantine.internet.org
spark.internet.org
speedtest.internet.org
sp.internet.org
sport.internet.org
sports.internet.org
spp.internet.org
spring.internet.org
sql.internet.org
squirrelmail-02.internet.org
sr-rs.internet.org
srv6.internet.org
ssd.internet.org
sshdb.us.internet.org
ssh.internet.org
ss.internet.org
ssl01.internet.org
ssl.internet.org
sslvpn.internet.org
sso.internet.org
staff.internet.org
stage.internet.org
stager2.internet.org
staging-babajob-com.0.beta.internet.org
staging.internet.org
staging-logs.standalone.xwf.internet.org
staging-openforum-hbs-org.0.beta.internet.org
staging.standalone.xwf.internet.org
staging.xwf.internet.org
standalone.ccpl.xwf.internet.org
standalone.xsec.internet.org
standalone.xwf.internet.org
star.internet.org
starnet.al.xwf.internet.org
start.internet.org
static1.internet.org
static2.internet.org
static.internet.org
stat.internet.org
stats.internet.org
status.internet.org
steam.internet.org
stg.internet.org
stimulusdoa.internet.org
stimulusengineering.internet.org
st.internet.org
stl2mo.internet.org
stlsmo.internet.org
stock.internet.org
stopcovid19.internet.org
storage.internet.org
store.internet.org
stork.nsmart.portals.internet.org
storm.internet.org
streaming.internet.org
stream.internet.org
student.internet.org
studio.internet.org
study.internet.org
sulaiman.unlimited.sshdb.us.internet.org
sun-0.internet.org
suncellular.internet.org
sun.internet.org
sunset.internet.org
sunshine.internet.org
support.internet.org
supportworks.internet.org
surat-quikr-com.0.internet.org
surf.ke.xsec.internet.org
surf-test.xwf.internet.org
suricata-03.internet.org
suricata-1.internet.org
survey.internet.org
sutinta19.internet.org
sv.internet.org
svk.internet.org
svn.internet.org
sv-se.internet.org
swfbtesting.narxwf.internet.org
swfbtesting.xwf.internet.org
sympa.internet.org
symposium.internet.org
syncovh.internet.org
syncovh.opx.cfc.internet.org
sys.internet.org
syslogs.internet.org
t4.internet.org
ta-in.internet.org
tamvan.internet.org
taurus.internet.org
tcm.internet.org
teacher.internet.org
tech.internet.org
te-in.internet.org
telcel.internet.org
telkomsel.internet.org
telstra.internet.org
telstra.iph.internet.org
telstra.iph.quarantine.internet.org
temp.internet.org
test123.internet.org
test1.internet.org
test2.internet.org
test3.internet.org
test7.internet.org
testalf-br.br.xwf.internet.org
test-apex.internet.org
test-babajob-com.0.beta.internet.org
tester.internet.org
testing.internet.org
test-in.standalone.xwf.internet.org
test.internet.org
testmanager.internet.org
testrail.internet.org
testtest.internet.org
thaicom.xwf.internet.org
the-distancelearn.internet.org
the.internet.org
thekafkapandemic.internet.org
thekittencovers.ns1.internet.org
thelist.internet.org
there.is.so.much.free.porn.in.the.internet.org
there.is.so.much.free.porn.on.the.internet.org
there.much.lagi.porn.0.the.internet.org
thevaccinesuk.internet.org
thevirus.internet.org
think.internet.org
th-th.internet.org
thumbs.internet.org
ticket.internet.org
tickets.internet.org
tigo.internet.org
tikona.in.ccpl.internet.org
tikona.in.hexnps653-ccpl.internet.org
tikona.in.xwf.internet.org
tikonaqa.in.xwf.internet.org
tikonaqa.standalone.xwf.internet.org
time.internet.org
t.internet.org
tinyproxy2.internet.org
tj.internet.org
tl-ph.internet.org
tlwquarantine1.internet.org
tm.internet.org
tncovvlzzzlbstl.internet.org
tntph.internet.org
tokenizerdogfood2.in.xwf.internet.org
tokenizerdogfood.in.xwf.internet.org
tokenizertes-al.al.xwf.internet.org
tokenizer.xwf.internet.org
tokopriamaskulin.internet.org
tomask.internet.org
tools.internet.org
top100.internet.org
top-antivirus.internet.org
tor-02.internet.org
tor.internet.org
torrelay-02.internet.org
torrelay-2.internet.org
torrelay3.internet.org
tower-01.internet.org
trac.internet.org
tracker.internet.org
tracking.internet.org
track.internet.org
traffic.internet.org
training.internet.org
trainingmask.internet.org
travel.internet.org
tribunale.internet.org
tr-tr.internet.org
truevisions.tv.zero.facebook.com.internet.org
trustpass.internet.org
tsel.internet.org
ts.internet.org
ts.io.ioq-117f.zlgfacebook-virus.internet.org
ts.io.ioq-rayman.ladymatr678antivirusadmin.internet.org
ts.io.iowrb-www.bouncr.internet.org
turismo.internet.org
turk.internet.org
tv.internet.org
t-virus.internet.org
tv.zero.facebook.com.internet.org
tw.internet.org
tz-gem-unicore-io.0.internet.org
tz-mama-unicore-io.0.internet.org
uat-vaccines.internet.org
ucmobile.internet.org
u.internet.org
uji.coba.jurus.internet.org
uk.internet.org
ulyanovsk.internet.org
umaskbento.internet.org
um.internet.org
uncoverapi.internet.org
unhcr.internet.org
uni.internet.org
union.internet.org
unitepolaris-iconsultant-launts.mgmt.toronto.internet.org
univ.internet.org
unlimited.internet.org
unlimited.sshdb.us.internet.org
unreal.internet.org
update.internet.org
up.internet.org
upload.internet.org
upload-wikimedia-org.0.internet.org
us-aromatic-bake-xsec.internet.org
usbank.internet.org
user.internet.org
users.internet.org
us.internet.org
us-west-2-dev.direct.xwf.internet.org
us-west-2.direct.xwf.internet.org
us-west-2-qa.apdata.xwf.internet.org
us-west-2.xwfv3.xwf.internet.org
v1ru-ru.internet.org
v2.internet.org
vaccine-dev.internet.org
vaccineewtimes.internet.org
vaccines.internet.org
vaccinethere.is.so.much.free.porn.in.the.internet.org
vaccin.internet.org
vacina.internet.org
vader.internet.org
vadodara-quikr-com.0.internet.org
validip.internet.org
varnish.internet.org
vcappprodmaskan.internet.org
vc.internet.org
vector.internet.org
vendor.internet.org
vftest-gh.af.xwf.internet.org
viber.internet.org
video.internet.org
view.internet.org
vilcom-in.in.ccpl.internet.org
v.internet.org
vip.internet.org
virus0316freebasic.internet.org
virus0316.internet.org
virus0316nisic.sites.infr.search.internet.org
virus0316s4.internet.org
virus1-virus.internet.org
virus2000.internet.org
virus-design.internet.org
virus-detect.internet.org
virus.g1.internet.org
virus-hu.internet.org
virusid-ask-com.0.internet.org
virusinfectednetwork.internet.org
virus.internet.org
virusisrbija.internet.org
virus.mtsby.cdn.ncnd.internet.org
virusmusic.internet.org
virusn373a4.internet.org
virusnex.internet.org
virusom0-1.internet.org
virus-out-st.internet.org
virusperformance.internet.org
viruspot.internet.org
viruspred.internet.org
virusscanner.internet.org
virusscan.westeurope.cloudapp.internet.org
virussite.internet.org
virusswb.blog.internet.org
virustotal.internet.org
virusts.io.iocs525614.internet.org
virus-w1.internet.org
viruswall.internet.org
viruswall-n88-15.internet.org
viruswall-nhacking.internet.org
virus-x.mpibpc.internet.org
viva.internet.org
vi-vn.internet.org
vl.internet.org
vodafone-gh.af.xwf.internet.org
vod.internet.org
vo.internet.org
voip.internet.org
vpn1.internet.org
vpn2.internet.org
vpn.cc.internet.org
vpn.cg.cust11.eg.4ntern.internet.org
vpn.internet.org
vpn.viruswall.internet.org
vps.internet.org
w3.internet.org
wahyu.tamvan.internet.org
wallet.internet.org
wan-phx2-internet.internet.org
wap.internet.org
wateekalydon.internet.org
wateen.internet.org
web01.internet.org
web17.internet.org
web18.internet.org
web1.internet.org
web2.internet.org
web3.internet.org
web4.internet.org
web5325.internet.org
web5474.internet.org
web5.internet.org
web6774.internet.org
web8.internet.org
webcon.internet.org
webdisk.beta.internet.org
webdisk.internet.org
webdisk.mobile.internet.org
web.internet.org
web.lagi.uji.coba.jurus.internet.org
webmail2.internet.org
webmail.internet.org
webopedia.internet.org
webpass.internet.org
webring.internet.org
wenku.internet.org
westeurope.cloudapp.internet.org
whm.internet.org
who.internet.org
wifi.internet.org
wikigeminivirus.internet.org
wiki.internet.org
win2k3.internet.org
win5antivirus2.internet.org
win5.internet.org
win8.internet.org
windows2.internet.org
winrunner.internet.org
w.internet.org
wisolutions-co.co.xsec.internet.org
wlan.internet.org
work.internet.org
worldlinkhospitality-np.np.xsec.internet.org
worldlink.np.xwf.internet.org
worldwideweb.internet.org
wp.internet.org
wrt.tokenizer.xwf.internet.org
ws2.internet.org
ws.ede-ciphercloud-loadtesting.xwf.internet.org
ws.internet.org
ws.netvision.in.xwf.internet.org
ww2.internet.org
ww5.internet.org
ww.internet.org
www1.internet.org
www2.internet.org
www2s.internet.org
www2.sugoi.internet.org
www2u.internet.org
www3.internet.org
www4b.internet.org
www.4.git.tncovvlzzzlbstl.internet.org
www4.internet.org
www5a.internet.org
www5b.internet.org
www5c.internet.org
www5d.internet.org
www5f.internet.org
www5.internet.org
www6.internet.org
www7a.internet.org
www7b.internet.org
www7.internet.org
www.admin.www.tncovvlzzzlbstl.internet.org
www.amikids.internet.org
www.andika.virus.internet.org
www.antivirus.www-test.alumni.devna.internet.org
www.api.internet.org
www.archive.internet.org
www-ask-com.0.internet.org
www.ask.internet.org
www.att.internet.org
www.aum.internet.org
www-babajob-com.0.beta.internet.org
www-babajob-com.0.internet.org
www-bbc-com.0.internet.org
www.bebsnlqa-ina.internet.org
www.beta-2.internet.org
www.beta.internet.org
www-boldsky-com.0.internet.org
www.bt.internet.org
www.ca.internet.org
www.car-line.internet.org
www.catholic.internet.org
www.cc.internet.org
www.crc.internet.org
www.cs.internet.org
www.demos.internet.org
www-detik-com.0.internet.org
www-detik-com.0.ziyadbazed.sb.internet.org
www-dev.internet.org
www.distanceobrbrjbr4-9ue.internet.org
www.dorijancovran.internet.org
www.drupal.internet.org
www.dude.internet.org
www.dude.there.is.so.much.free.porn.in.the.internet.org
www.du.internet.org
www.dukung.internet.org
www.education.internet.org
www.emlvirus.internet.org
www-eplans-com.0.beta.internet.org
www.fairview.internet.org
www.forum.internet.org
www.foto.internet.org
www.ftp.internet.org
www.gatelordsread-worldreader-org.0.internet.org
www-gmanetwork-com.0.internet.org
www.google.com.internet.org
www-google-co-zm.0.beta.internet.org
www-google-co-zm.0.internet.org
www.graph.internet.org
www.h.internet.org
www.indosat.com.internet.org
www-infeccionvaginal.internet.org
www.info.internet.org
www.internet.org
www.iphone.internet.org
www.i.y.internet.org
www-jamiiforums-com.0.internet.org
www-kelase-com.0.internet.org
www-kijiji-ca.0.beta.internet.org
www.login.internet.org
www.lvhn.internet.org
www.maskinso.guildtestweb2118.dri66etpjv-3-admin.staging-rmtc.internet.org
www.med.internet.org
www-merdeka-com.0.internet.org
www-mitula-com.0.beta.internet.org
www-mitula-com-co.0.beta.internet.org
www-mitula-mx.0.beta.internet.org
www.mm.internet.org
www.mobile-nation-co-ke.0.internet.org
www.munich.internet.org
www.news.internet.org
www.nsk.internet.org
www.omri.sb.internet.org
www.partners.internet.org
www.pesoandsense-com.0.internet.org
www.pew.internet.org
www.php.internet.org
www.plb1.internet.org
www.portfolio.internet.org
www.preview.internet.org
www-quarantaine.internet.org
www-quikr-com.0.internet.org
www-quikr-com.o.internet.org
www-realestateview-com-au.0.beta.internet.org
www-rightmove-co-uk.0.beta.internet.org
www.samsung202.app.hca-es.internet.org
www.service.internet.org
www.seton.internet.org
www.sidu.internet.org
www-s.internet.org
www.smmc.internet.org
www.social.internet.org
www.stalker.internet.org
www.start.internet.org
www.sugoi.internet.org
www.tncovvlzzzlbstl.internet.org
www.tv.internet.org
www.uji.coba.internet.org
www.uji.cozsdsasfdsafdsfcsdcfdssadfsasadwewfcsrefba.internet.org
www.virus.g1.internet.org
www.virusid-ask-com.0.internet.org
www.virusn373a4.internet.org
www.virus-w1.internet.org
www.wah.ini.web.lagi.uji.coba.jurus.internet.org
www.wcmg-perinatology.internet.org
www.webopedia.internet.org
wwww.internet.org
www.world.internet.org
www.www.ziraat.internet.org
www-yahoo-com.0.internet.org
www-yahoo-com.0.ziyadbazed.sb.internet.org
www.yg4wm58qb.internet.org
www-youtube-com.0.beta.internet.org
wxsxc.internet.org
xj.internet.org
xn--kaffemaskin-till-fretaget-gsc.internet.org
xroads.internet.org
xw.0.internet.org
xwfbucky.internet.org
xwfct.internet.org
xwfct.in.xwf.internet.org
xwfdev1-br.br.xwf.internet.org
xwfdev1-br.standalone.xwf.internet.org
xwfdev2-in.in.xwf.internet.org
xwfdev2-in.standalone.xwf.internet.org
xwf.internet.org
xwfofpdev-br.br.xwf.internet.org
xwfofpdev-br.standalone.xwf.internet.org
xwf.weboffice.internet.org
xyh.internet.org
yahclick-za.za.xsec.internet.org
yahoo.internet.org
yboss.internet.org
yeast-infection.internet.org
yeastinfection.internet.org
yeni.internet.org
yes-my.my.xsec.internet.org
y.internet.org
yokohama.internet.org
you.internet.org
young.internet.org
yuntaimuying.world.internet.org
zabbix.internet.org
zain.internet.org
zen.internet.org
zero.facebook.com.internet.org
zero.internet.org
zero.line.com.internet.orgzero.truevisions.tv.internet.org
zeus.internet.org
zh-cn.internet.org
zh-hk.internet.org
zh-tw.internet.org
zimbra.internet.org
z.internet.org
ziraat.internet.org
ziyadbazed.sb.internet.org
zlgfacebook-virus.internet.org
z-log.internet.org
zwww.antiviruskfb.internet.org
