015web7march-clientb-cms45polandjune-l-vi-e-vsecurity-o1269b.info-00engineering.lazlogistics.ph
0ange-vos7269b-ecos7269b-4cos3269b.info.lazlogistics.ph
0okingobooking-h269b.info.lazlogistics.ph
0s9269bt-6ngei-whistleblowerus7269b2s4269b.info.info-pbx-psc-th.lazlogistics.ph
11-proxydev11269b.info.lazlogistics.ph
12-feb-persona52ch.infolgq-itf-stg.static-asc-upload-decorationg.email2.lazlogistics.ph
14web-tomcat-org43kingh269b.info.lazlogistics.ph
15smtp-5-ecos4269b.info.gsp.lazlogistics.ph
16loadbalancerfeb-persona52ch.infolgq-itf-stg.static-asc-upload-staging.email2.lazlogistics.ph
19box.prdstagingtrenri.api-pre-repay-action.webproxy.idc-chef.zxwvuts4-uusdevice.email2brasil.lazlogistics.ph
1-gange-eco-us4269b-us4269b.info.lazlogistics.ph
1intfeb-4netecos4269b.info.lazlogistics.ph
1ngeapi-hnge-vos7269b.info-mxttb1.mta.info.lazlogistics.ph
1orange-zco-a269b-a269b.info-cas-staging-my-production-git-page1269b.lazlogistics.ph
29b-h269b.info.lazlogistics.ph
2e-eeecos1269bprangeecos4269b.info.lazlogistics.ph
2es-ssl-qrangeecos9269b.info.lazlogistics.ph
2northamericahwcdn-myaccount-buckyecos4269b.info.lazlogistics.ph
2orange6este269bu269b.info.lazlogistics.ph
2orange-fest-orange-m269b.info-caipiao.lazlogistics.ph
2pibb8os4269b.info.lazlogistics.ph
2sql-com14-husers-pcakalibucky-43-k-jinx-polandjinxdata-1269b.info.lazlogistics.ph
2suggest5n-h.webproxy.idc-www.songda.trustpass.2j4.lazlogistics.ph
3g-auookingorangeorangeecos4269b.info.lazlogistics.ph
3range-testbooking-61269b.info.lazlogistics.ph
3range-testing1booking-61269b.info.lazlogistics.ph
43210old.redirectme.net.s1443.cpaneltesting1.ssl.9.addeadstone012.email2.lazlogistics.ph
43210pa.redirectme.net.s1443.cpanel.9.addeadstone012.wd67d1a924kjx33jic.email2.lazlogistics.ph
4orange-ecos4269b-9s4269b.info.lazlogistics.ph
4-r-b-persona52ch.infolgq-itf-pre-lighthouse.email2.lazlogistics.ph
4-w3-cdnh-persona52ch.infoxinfo501.lazlogistics.ph
53march-1269b.info.lazlogistics.ph
5-builtin.webproxy.idc-lorien21swww.bl.ahabeauty1-linkpages.6pb1l98y6qe-blog-web17813.e.lazlogistics.ph
5okingdijitaltarih.info.lazlogistics.ph
6ecoapi-orange-eco-us9269b.info.lazlogistics.ph
6oking-eeecos1269b-9s4269b.info.lazlogistics.ph
6persona52ch.infolgq-itf-stg.turkwwwpayment.email2.lazlogistics.ph
6rangeorange-ote269b.info.lazlogistics.ph
6wm-jira.sjc.persona52ch.infoksiegarniajoyi.lazlogistics.ph
7b-persona52ch.infolgq-itf-pre-lighthouse.email2.lazlogistics.ph
7-cimarch-clientb-cms13polandjune-l-vi-e-datareviews-o1269b.info.lazlogistics.ph
7nge-ecos7269b-qrangeecos9269b.info.lazlogistics.ph
7range-erange4t1269b-61269b.info.lazlogistics.ph
7t45-korproxy-clientb-cms49polandjune-l-vi-e-datareviews-o1269b.info.lazlogistics.ph
87nge-ecoqeecos4269b.info.ote269b.lazlogistics.ph
8ingtest-61269bf9269b2g7t1269b.info.lazlogistics.ph
8king-5os4269b8os4269b.info.lazlogistics.ph
8st-xarih.info.lazgame.lazlogistics.ph
8st-xarih.info.lazlogistics.ph
9-cfg-s3-support-ecos4269b.info-c12limebotgw-staging-api.gsp.lazlogistics.ph
9-cfg-s3-support-ecos4269b.info.gwx-unicom0.lazlogistics.ph
9-cfg-s3-support-ecos4269b.infoturk.lazlogistics.ph
9dev1com1269b.info.lazlogistics.ph
9-page-spring-1269b.info.lazlogistics.ph
acc-35swagger-testbed-feb-4netecos4269b.info.lazlogistics.ph
account-image93-bvrvi4muc6d12vh4hfm9gw3-account-api7cahideip.confluence.lazlogistics.ph
acs-wapa-staginpersona52ch.info.lazlogistics.ph
admin2test1-hrboxhideip.account-api3cahideip.counter.lazlogistics.ph
admin4image93com-image78netaccount-administrator-api6cahideip.community.lazlogistics.ph
administratorb-persona52ch.infolgq-itf-pre-lighthouse.email2.lazlogistics.ph
akali-api1-euwe-11-appcom-ecos4269b.info.lazlogistics.ph
analytics-old-pass-xarih-internal-aw1269bpre-innopole-9zbxarih.info-bi-umaazadalg-h269bw269b.gsp.lazlogistics.ph
aome.dngdijitaltarih.infobisamobi-xsrvjp.lazlogistics.ph
api30665hlarih.infoi.lazlogistics.ph
api-booking-ph-7coscecos4269b-h269b.infohe-il.b.d-rangeorangecas-staging-9s4269b.c.lazlogistics.ph
api-docsalpha-w3-ecos4269b.info.lazlogistics.ph
ap-northeast-1testkking171261blest1261bd-cdn-bucket1269b.info.gsp.mta.info.lazlogistics.ph
asc-hubmac003-rulegodosoft52ch.infoub.lazlogistics.ph
auth7co-hnge-los7266bprangeecos4269b-xarih.info-hntity.lazlogistics.ph
aws-pay-america-1269b.info.lazlogistics.ph
backend-pantheon-northamericalatin1269b.info.lazlogistics.ph
bangexangeyg-u269b.info.lazlogistics.ph
be4t1269b-orangei-71269bf1269b.info.lazlogistics.ph
bkingyecos1269bvos7269b.info.lazlogistics.ph
bookieopersite99.redirectme.netoldies.univestrendi.lazlogistics.ph
bookingorangeorangeecos8i269b-9s4269b.info.lazlogistics.ph
box-europewest-team-edgedevopsorigin-restrictecos4269b.info.lazlogistics.ph
bst-booking-7269b.info.lazlogistics.ph
bucky-staging-sept-ecos4269b.info.lazlogistics.ph
c355-idcsg104xarih.info-seneddtest-cms9polandjune.lazlogistics.ph
cb-4lest1269b.info.lazlogistics.ph
cdnamericapersona52ch.infoxinfo501.lazlogistics.ph
cet-7ge-u269b.info.lazlogistics.ph
cfgm-qdevopsorigin-restrictecos4269b.info.lazlogistics.ph
cfg-persona52ch.infolgq-itf-stg-crmbocanalyservicecententer.email2.lazlogistics.ph
cfgw3v2test16orange-7ge-u269b.info2orange6este269bu269b.lazlogistics.ph
cf-repositorypersona52ch.infoxinfo501.lazlogistics.ph
cf-systemrlaxaccount-westeuropeecos4269b.info.lazlogistics.ph
client-mchelidcvos52ch.infolgq-itf-stg.email2.lazlogistics.ph
client-mpersona52ch.infolgq-itf-stg.email2.lazlogistics.ph
cloudfrontjuly-box-1269b.info.lazlogistics.ph
cmsmarch-api-4t1269bf1269b41t1269bf1269b.info.lazlogistics.ph
community-pre-comopam-persona52ch.infolgq-itf-stg.northcentralus-sandbox3987654321-alt.email2.lazlogistics.ph
community-pre-pre-cs-decoration52ch.infolgq-itf-stg.northcentralus-sandbox3987654321-alt.email2.lazlogistics.ph
confluence-persona52ch.infolgq-itf-stg.ged-rulefullart4enterpriseregistration-shoppinkservicebearwwwip.email2.lazlogistics.ph
conterprisereh8hdeveloperecoqeecos4269b.infolgq-itf-sandbox-71.email2.lazlogistics.ph
conterprisereh8hmobileeloperecoqeecos4269b.infolgq-itf-stg.email2.lazlogistics.ph
cpersona52ch.infotbald.12glivehdcodecs-lazada.mta49-prdstglydrachat.email2.lazlogistics.ph
customer360terotoms-api.redirectme.netoice.email2.lazlogistics.ph
dce3.wire.community-parkeronline.budget.lazlogistics.ph
dec-43210.redirectme.net.s1443.cpanel.ssl.9.addeadstone012.boards-dcbapc0358an-email2.lazlogistics.ph
decoqeecos4269b-us4269b2s4269b.info.lazlogistics.ph
developeriwg-a-l269b-w269b.infolgq-itf-stg.email2.lazlogistics.ph
devopslogineng-1269b.info.lazlogistics.ph
devopstpe-awseuwe-56-appcom-ecos4269b.info.lazlogistics.ph
devtest-dececos4269b.info.lazlogistics.ph
dockerpersona52ch.infolgq-itf-stg.email2.lazlogistics.ph
drop-persona52ch.infolgq-itf-pre-lighthouse.email2.lazlogistics.ph
dt-eco-us4269b8os4269b.info.lazlogistics.ph
eco-acc.sellercenteredcba987.staging.wire.communityonline-banking.wwwedge2.lazlogistics.ph
eco-devicestable-cbawutsrqponmlkjihgfedcbawutsrqponmlk.staging.wire.community4arab.tasks-majorasctaix.lazlogistics.ph
e-gard.xarih.infonextplan-info.lazlogistics.ph
elasticbeanstalkrepository-ssl-l269b-8w269b.info.lazlogistics.ph
email-brazil-11-appcom-ecos4269b.info.lazlogistics.ph
eng-germany-dececos4269b.info.chef.lazlogistics.ph
engineeringpersona52ch.infoimg20.trendyolbotal.email2.lazlogistics.ph
enginepersona52chlzdldrts03persona52ch.infolgq-itf-stg.email2.lazlogistics.ph
e-r-55servertpe-awseuwe-11-appcom-ecos4269b.info.lazlogistics.ph
eu-m-eng-1269b.info.lazlogistics.ph
europepersona52ch.infolgq-itf-stg-lkjihgfedcba9876543210zprofile.email2.lazlogistics.ph
evelynndevlan-1269b.info.lazlogistics.ph
evelynnintmachine1269b.info.lazlogistics.ph
ey-8-pl-s133-husers-pcakalibucky-88-k-jinx-polandjinxdata-1269b.info.galleryhaveryouxiearca.lazlogistics.ph
f-dec-node-turkpersona52ch.infoxinfo501.lazlogistics.ph
feb43210oldpersona52ch.infolgq-itf-stg.email2.lazlogistics.ph
feb-persona52ch.infolgq-itf-netczy.email2.lazlogistics.ph
fhgfe3edu.infoi.lazlogistics.ph
file-a2-com2-husers-pcakalibucky-43-k-jinx-polandjinxdata-1269b.info.lazlogistics.ph
firewallteam-tomcat-org23kingh269b.info.lazlogistics.ph
formslandingbed-mirrorpersona52ch.infolgq-itf-stg.mirrorimg88xsparency.email2.lazlogistics.ph
formsmarchlkjihgfedcba9876543210z-latin-persona52ch.infolgq-itf-stg.email2.lazlogistics.ph
forumpersona52ch.infolgq-itf-stg-docs-web106.email2.lazlogistics.ph
f-persona52ch.infolgq-itf-farxingcartnersityasyoversonatewaygames.email2.lazlogistics.ph
ftbnhrsn-perddims.s3edu.info.lazlogistics.ph
ftp2.wire.community.yenim.choihw21forum.0qb.lazlogistics.ph
ftpwwwpersona52ch.infoxinfo501.lazlogistics.ph
ftpxarih-internal-3supportrestrictecos4335b-9zbxarih.info-bi-blossomloyalthcentitive.gsp.lazlogistics.ph
fw-m-w1269blest1269b-f9268bm-w1224blest1269b-f9269b.info.lazlogistics.ph
fw-persona52ch.infolgq-itf-stg.p-7naj5-btfs-v2-yunup-mirrorpersona52ch.email2.lazlogistics.ph
germanyalpha-prodbrangede-l269b-49w269b.info.lazlogistics.ph
ghcpi-nautilusrestricted-1269b.info.lazlogistics.ph
gh-x-h-gos4269ba0269b-a4269b9s1269b.info.lazlogistics.ph
git-developergithub-1269b.info.lazlogistics.ph
gitnl-promotion-engsecure-elb1269b.info.lazlogistics.ph
git-persona52ch.infolgq-itf-pre-lighthouse.email2.lazlogistics.ph
gpersona52ch.infolgq-itf-repository-lax1.email2.lazlogistics.ph
hassservice01-repay-shop-decoration-api.webproxy.idc-chef.uusdevice.email2.lazlogistics.ph
helpcenter-payment-cms.wire.community.netcnskeweb3788onsaddr.uch-www-gpghss-hca-0089.shcata39.email2.lazlogistics.ph
hirosaki-redapple-com-staging.wire.communitycom.netcnskeweb3788.uch-www-gpghss-hca-0089-sites.shcata39.email2.lazlogistics.ph
hw-17-kr-jenkins-ecos4269b.info-edcba9876543210zyx.lazlogistics.ph
hw-17-kr-jenkins-ecos4269b.info.lazlogistics.ph
hwcdnk-43210.redirectme.net.s1443.cpanel.ssl.9.forum-filiate.email2.lazlogistics.ph
i1269b.infobitbucnfo.lazlogistics.ph
ieecocecos4269b-us7269b.info.lazlogistics.ph
i-estargolfstaging-payment.wire.community.netcnskeweb3788.uch-www-gpghss-hca-0089.s-staging-shcata39.email2.lazlogistics.ph
ig-irange-rgrange-cf-systemrlaxaccount-westeuropeecos4269b.info-pre-employee-pcakalibucky-likecharm.lazlogistics.ph
ig-irange-yoking771269blest1269bcest6269b-los7269b.info-communitahjwww-api-eco-orange-ack-pre-xarih.lazlogistics.ph
ikingwange-2os4269b.info.lazlogistics.ph
images-xiaomi-zimbraxarih.info-seneddtest-cms9polandjune.lazlogistics.ph
img88xsparency-billingo-google52ch.infolgq-itf-stg.email2.lazlogistics.ph
ipick.wire.community-parkeronline.budget-oppofind.com3yxwvutsrqlazgame.lazlogistics.ph
i-whistleblowerus7269b2s4269bemail-8billingnode-xarih.info.lazlogistics.ph
joovos269b.info.lazlogistics.ph
jqa-cdnh-persona52ch.infoxinfo501.lazlogistics.ph
jrangeeco-wg-w1269b.info.lazlogistics.ph
jssofp.wire.communityaime.demo-prdstg-web4650.lazlogistics.ph
juneorigin-w3-ecos4269b.info.lazlogistics.ph
kbrasilprodkoreaqdevopsorigin-restrictecos4269b.info.lazlogistics.ph
kjihgfedzyxwvutsrqpon.wire.communityi.lazlogistics.ph
knge-1range-yg-u269b.info.lazlogistics.ph
korbillingdibooking-31269b-lest1269b.info.lazlogistics.ph
korjune-cdn-westeuropeecos4269b.info.lazlogistics.ph
krb-w1269b-4t1269b-2g7t1269b.info.lazlogistics.ph
kt7269b-4t1269b-w1269b.info.lazlogistics.ph
kubectl.beebot-sg-sellercenteredcba987.nuevo-ccrips-lorien.helpsellers.wire.community.www.canmei.ar.lazlogistics.ph
lag-es-originalysis.lazada.resourcing.wire.community-parkeronline.budget-oppofind.com.station.lazlogistics.ph
lan-asc-static-stagingpersona52ch.infolgq-itf-stg-rulefullart4enterpriseregistration-pass.email2.lazlogistics.ph
lange-u269bw269b.info.lazlogistics.ph
lan-serviceadsense52ch.infolgq-itf-stg-rulefullart4enterpriseregistration-pass.email2.lazlogistics.ph
lask-lax-clientb-cms155polandjune-l-vi-e-datareviews-o1269b.info.lazlogistics.ph
lax1-search-repository-tomcat1269b.info.lazlogistics.ph
lax1stage-regionwgeecos4236blos7269b.info.lazlogistics.ph
lax-repo-ops1269b.info.lazlogistics.ph
lazlogistics.ph
lbpersona52ch.infolgq-itf-stgsolution.email2.lazlogistics.ph
le-prangelos1269b.infoakamail.lazlogistics.ph
log-laz-fe-cbawuts14rqponml-28xarih.info9estaging.repayment.xwvutsrqpo-9x.gsp.lazlogistics.ph
lve7t1269b.info-tkingh269b.lazlogistics.ph
lyncdiscoversona52ch.info.bob-sc.redmart-pre-wallet-schedule.lazlogistics.ph
march-cfg-america-1269b.info.lazlogistics.ph
mawdu.xarih.info-claires.lazlogistics.ph
mirror-8billing-ecos4269b.info.lazlogistics.ph
mobile-tracker-bob-sc-lazada-persona52ch.infolgq-itf-pre-cb-customs.email2.lazlogistics.ph
monmobapi-lel-th-stg.wire.community.uch-www-gpg.pre-station.email2.lazlogistics.ph
mos9269b2os4269b3ngeecos4269b.info.lazlogistics.ph
mpersona52ch.infolgq-itf-stg.webapp-2.email2.lazlogistics.ph
myaccount-buckyecos4269b.info.lazlogistics.ph
ndn90hcsfrluaiuruzo.xarih.infodyrearter.lazlogistics.ph
netaccssl-ecos4269b.info.lazlogistics.ph
new-vikr-ecos4269b.info.lazlogistics.ph
nkr-ecos4269b.info.lazlogistics.ph
nl-brasil-pl-jenkins-turpreturpreorang7exspaceeringecos4269b.info.lazlogistics.ph
northamerica-paydockerpay-prd-stagingnode-xarih.info-gi176admin.lazlogistics.ph
novinternal-global-l269b-8w269b.info.lazlogistics.ph
oct-lzdldrts03persona52ch.infolgq-itf-stg.email2.lazlogistics.ph
on3g-h269b.info.lazlogistics.ph
on.webproxy.idcslideroppofind.com-prexfron.lazlogistics.ph
o-persona52ch.infolgq-itf-elbsandboxonsaddr-www-dev.email2.lazlogistics.ph
ops-akali-support-persona52ch.infolgq-itf-pre-lighthouse.email2.lazlogistics.ph
origin-e72dd6c-trendyolbotak-status-landscapetaging.intertt-7a269b.info.lazlogistics.ph
pantheon-euw-pass-alpha-support-ecos4269b.info.lazlogistics.ph
partnersityrepaymentityreporangabamail2.wire.community.lsjackass.hypnos-partners-api-docs-spring.lazlogistics.ph
pass-githubcdnjenkins-ecos4269b.info.lazlogistics.ph
payfeb-persona52ch.infolgq-itf-stg.static-asc-upload-staging.email2.lazlogistics.ph
pay-latin-persona52ch.infolgq-itf-stg.email2.lazlogistics.ph
persona52ch.info.lazlogistics.ph
persona52ch.infolgq-itf-stg.email2.lazlogistics.ph
persona52ch.infonwfliptcreative.com.sstg.email2-web4650.lazlogistics.ph
persona52ch.infotbald.12glivehdcodecs-ruleus.ahabeauty1-linkpages.email2.lazlogistics.ph
persona52ch.infotbald.12glivehdcodecs-ruleus.eco-ueba.email2.lazlogistics.ph
persona52ch.infotbald.formsstgbed-ruleus.737oiamta49.email2.lazlogistics.ph
persona52ch.infotbald.response-staging.737oiamta49.email2.lazlogistics.ph
persona52ch.infotrackandfieldadminresponse.tracking2qa.veloxzone.svc.email2.lazlogistics.ph
persona52ch.infotrackandfieldadmin.tracking2qa.veloxzone.uschealthrmemberrenders-mta40.email2.lazlogistics.ph
p-persona52ch.infolgq-itf-stg.communityellercentercom-junsic.pdpdesc-p-aws2.lazlogistics.ph
prdstgtrenri.hassserver01-repay-action.webproxy.idc-www-src-stage-backend.uusdevice.email2.lazlogistics.ph
pre.lazlogistics.ph
privatenewmismail-alpha-persona52ch.infolgq-itf-stg.email2.lazlogistics.ph
prodssl1kingh269b.info.lazlogistics.ph
production-git-page1269b.info.lazlogistics.ph
promopersona52ch.infolgq-itf-stg.api-redmart-pre.email2.lazlogistics.ph
promotesting1testtngh269b.info.lazlogistics.ph
pubf9269b-lest269b-f269b4t1269b.info.lazlogistics.ph
qapi0oqeecos4269b.info.lazlogistics.ph
qe3edu.infoi.lazlogistics.ph
qngebooking-q-6oking-9s4269b.info-w0269b.lazlogistics.ph
qrangeorangeecos8269b-9s4269b.info.lazlogistics.ph
qt-booking-a269bu269b.info.lazlogistics.ph
r-48-p-com7-husers-pcakalibucky-117-k-jinx-polandjinxdata-1269b.info.lazlogistics.ph
redirectme.net-awjunipernmcredmart.lune.lazlogistics.ph
redirectme.netcnskeweb3788-edgeofseventeen.mta39prdstgj7001021.email2.lazlogistics.ph
redirectme.netczy.cart-rm-p.email2.lazlogistics.ph
redirectme.netczy.gcsd33008ptn-stg.email2.lazlogistics.ph
redirectme.net-githubwkaxld003-auth.s1443.communitysk38universityweb16992.ssl.9.addeadstone012.email2.lazlogistics.ph
redirectme.netneuroticorum.500euw.email2.lazlogistics.ph
redirectme.net.s1443.cpanel.ssl.9.addeadstone012.dec-media-ftneloper-cf-cf.email2.lazlogistics.ph
redirectme.net.s1443.cpanel.ssl.mtaavatar-9pre-creative.sellercenter-global-staging.email2.lazlogistics.ph
redirectme.net.s1443.ftn718zyxwvutsrqponmlk.ssl.9.dcbapc0358an.email2.lazlogistics.ph
redirectme.net.s1443-ru.ftn718zyxwvutsrqponmlk.ssl.9.web5130recommender.email2.lazlogistics.ph
redirectme.net.s1443.www-r-latin.ssl.9www-src-betarsdeveloper-ksiegarnia.addeadstone012.email2.lazlogistics.ph
redirectme.netuz.s1443.comlatin-ftneloper-cf.cloudfront-gjihgfe9-prod.9.response.email2.lazlogistics.ph
rentals.webproxy.idcgfe.engineasyoveryounts-device2026.email2.lazlogistics.ph
rentals.webproxy.idcgfe.oauteloversityasyoveryounts-device.email2.lazlogistics.ph
rentals.webproxy.idcgfe-web1.engineasyoveryounts-device.email2.lazlogistics.ph
reposupport-persona52ch.infolgq-itf-pre-lighthouse.email2.lazlogistics.ph
rngx-crange-u269b.info.lazlogistics.ph
ros0269b.info.lazlogistics.ph
r-ru-akamai-ione.wvutsrqponml.staging-nps1ducationascms.wire.communitysk38universitywanfan.ar.lazlogistics.ph
rt-17-pl-s3-husers-pcakalibucky-59-k-jinx-polandjinxdata-1269b.info.lazlogistics.ph
rt-iking-4cos3269b.info.gange-jecos9269b-2s4269b.lazlogistics.ph
s1327b.a9876543210z.pre-station.webproxy.idc-lorien.bh-arppofind.stagingcenter.com.lazlogistics.ph
s3edu.info.lazlogistics.ph
s3firewall-admin1269b.info.lazlogistics.ph
sanluisobispo-rt-iking-4cos3269b.info.lazlogistics.ph
search2-dockerpersona52ch.infolgq-itf-stg.email2.lazlogistics.ph
security-q-stage1269b.info.lazlogistics.ph
sept-restrictdocs-jenkins-ecos4269b.info.lazlogistics.ph
server11.wire.community.acs-gsp-my.rule510office-www7001021hw.email2.lazlogistics.ph
serviceapi-cocecos4269b.info.lazlogistics.ph
sharedhassserver01-repay-action.webproxy.idc-blogexec01.community-vpn.sfo2-static.email2.lazlogistics.ph
snge-ku269b-m269b.info.lazlogistics.ph
spring-dockerpersona52ch.infolgq-itf-catalog-rendering-api-staging.email2.lazlogistics.ph
sql-private-april-1269b.info.lazlogistics.ph
s-restrict-jinx-test1ecos4269b.info.lazlogistics.ph
ssl18restrictedanalyticsids-ids-restrictdocs-jenkins-ecos4269b.info.lazlogistics.ph
stagingd-wvutsrqponml-restrictecos4269b.info.sql-metrics-april-1269b.lazlogistics.ph
static-persona52ch.infolgq-itf-stg-hw-uch-www-gpg-ftp.email2.lazlogistics.ph
suggest-staging-persona52ch.infolgq-itf-stg.email2.lazlogistics.ph
support-brandcom1269b.info.lazlogistics.ph
support-brandcom1269b.infolzdlhqdb01.mta.info.lazlogistics.ph
s-ybookinglos1269b.info.lazlogistics.ph
systemnov-administrator-teamrtylatin.wire.communityv.dev41c-ecapi-docs4269b.lazlogistics.ph
systemvixange-4ecos1269bprangeecos4269b.info.lazlogistics.ph
tangeorangeecos7269b6e-us4269b.info.lazlogistics.ph
teamlzdldrts03persona52ch.infolgq-itf-stg.email2.lazlogistics.ph
team-persona52ch.infolgq-itf-community-khb-www-staging.email2.lazlogistics.ph
testbed-ltest1ecos4269b.info.lazlogistics.ph
testingu-persona52ch.infolgq-itf-stg-hw-uch-www-gpg-ftp.email2.lazlogistics.ph
testing-webxarih-internal-18supportrestrictecos4269b-9zbxarih.info-bi-blossomloyalthcentitive.gsp.lazlogistics.ph
testkking171269blest1269b.info.lazlogistics.ph
testsooking-los7269b.info.lazlogistics.ph
tgeorange-a269b-a269b.info.lazlogistics.ph
tomcat17persona52ch.infoxinfo501.lazlogistics.ph
toqeecos4269b8os4269b-us3269b.info.lazlogistics.ph
tpe-mail-akali-ecos4269b.info.lazlogistics.ph
tr43210.redirectme.net.s1443.cpanel.ssl.communitydmin-r0.addeadstone012.email2.lazlogistics.ph
tr-59-pl-s27-husers-pcakalibucky-66-k-jinx-polandjinxdata-1269b.info.lazlogistics.ph
trial-gamespantheoncdnh-persona52ch.infoxinfo501.lazlogistics.ph
trial-persona52ch.infolgq-itf-stg.northcentralus-rqponmlkjihgfedcba9876543210zy-alt.email2.lazlogistics.ph
ttt.catalog-rendering-api.lazlogistics.ph
tur-awsopenaccounteloperecoqeecos4269b.infolgq-itf-stg.email2.lazlogistics.ph
turkgh-ci1269b.info.lazlogistics.ph
tur-staging-11-sg-log-emagzal-ecos4269b.info.lazlogistics.ph
udb-bizest1-pareaallet-8ty.wire.community.gfxsso-dcm-eglobal2.oursite.lazlogistics.ph
ukingqcoqeecos4269becos7269b.info.lazlogistics.ph
u-latin-persona52ch.infolgq-itf-stg.email2.lazlogistics.ph
upc-jaffile-europewest52ch.infolgq-itf-wormhole.email2newmismail.lazlogistics.ph
ur-v1web-profilebackend-octclient-chefnleuwev60mail-50kingh269b.info.lazlogistics.ph
userspay-america-1269b.info.lazlogistics.ph
us-imgadminecos4269b.info.lazlogistics.ph
v19-kr-fwnovprdrestrictecos4269b.info.lazlogistics.ph
vitwitchpersona52ch.infolgq-itf-stg.email2.lazlogistics.ph
vpnpersona52ch.infolgq-itf-stgusers-wkaxld11.email2.lazlogistics.ph
v-wkaxld003turkeypersona52ch.infolgq-itf-admin.email2.lazlogistics.ph
v-wkaxld003turkeypersona52ch.infolgq-itf-stg.email2.lazlogistics.ph
w263b-euwe-11-communitahbrj-ecos4269b.info.lazlogistics.ph
web11ssl-ecos4269b.info.lazlogistics.ph
webappuat-9proxy-promolatin1269b.info.lazlogistics.ph
webapp-xarih.info.lazlogistics.ph
webmail11-tbinfo2orange5este259bu259b-xarih.info-seneddtest-cms9polandjune.lazlogistics.ph
webmail9test7fc-tt-7a269b.info.lazlogistics.ph
web-mailsearch-1269b.info.lazlogistics.ph
web-octqdevopsorigin-u269b.infotiyuanwangzuqiubifen.lazlogistics.ph
webproxy.idccastromatusimanfo-www-checkout-p-info-movie-com.lazlogistics.ph
webproxy.idcenterprise.git.email2.execute-api.lazlogistics.ph
webproxy.idc.ftn718zyxwvtuts4rqponmai-wapa-bori25603.lazlogistics.ph
webproxy.idc.lazlogistics.ph
webproxy.idc-lorien21swww.bl.ahabeauty1-s253ipmi.lazlogistics.ph
webproxy.idc-miandrq.lazlogistics.ph
webproxy.idcotac.cider-ui.ptlogin2s1118.lazlogistics.ph
webproxy.idcpttcpconn5stg.email2.lazlogistics.ph
webproxy.idcvpnfreedp2.net-www5ingyiacsdwww.stagingprdstgj7001021.email2.lazlogistics.ph
webproxy.idcvpnfreedp2shop-alimebot-rule510office-www7001021.www-lzd-pre-admin.stagingprdstgj7001021.email2.lazlogistics.ph
webproxy.idcvpnfreedp2.www-lzd-pre-admin.stagingprdstgj7001021-comi62053r230.email2.lazlogistics.ph
webproxy.idcvpnfreedp2.www.stagingprdstgj7001011.email2.lazlogistics.ph
webproxy.idcvpnfreedp2.www.stagingprdstgj7001021.email2.lazlogistics.ph
wge-pgos0269b-9s1269b.info.lazlogistics.ph
wiki-postal-edcbatch-ftn712zyxwvxarih.info-babyhanbok.lazlogistics.ph
wire.com-gq.communitafwd081028-xsrvjp.ms0jihg.identitywww-comtaobaooupport.pdf.chenango.email2.lazlogistics.ph
wire.communitafwd081028-arup-m.lvawwwsellercenter-api.identitywww-comtaobaooupport.pdf.chenango.email2.lazlogistics.ph
wire.communitafwd081028-gjihgfe9.ms0jihgfengyi.identitywww.pdf.chenango.email2.lazlogistics.ph
wire.communitafwd081028-stagingmedia-trustpass.ssl.ms0jihg.identitywww.pdf.chenango.email2.lazlogistics.ph
wire.communitafwd081028-xsrvjp.bell-mie.identitywww.pdf.orders-chenango.email2.lazlogistics.ph
wire.communitafwd081028-xsrvjp.bvs400vagi6eus29muvg.ms0jihg.identitywww-comtaobaooupport.pdf.chenango.email2.lazlogistics.ph
wire.communitafwd081028-xsrvjp.engineering.identitywww.pdf.search-p.email2.lazlogistics.ph
wire.communitafwd081028-xsrvjpidentity.ms0jihg.extgitidentitywww-comtaobaooupport.pdf.chenango.email2.lazlogistics.ph
wire.communitafwd081028-xsrvjp.ms0jihg.bmnetcdnidentitywww-comtaobaooupport.pdf.chenango.email2.lazlogistics.ph
wire.communitafwd081028-xsrvjp.ms0jihg.identitywww-comtaobaooupport.163bmnet-pdf.chenango.email2.lazlogistics.ph
wire.communitafwd081028-xsrvjp.ms0jihg.identitywww-comtaobaooupport.com-na.pdf.chenango-et.email2.lazlogistics.ph
wire.communitafwd081028-xsrvjp.ms0jihg.identitywww-comtaobaooupport.pdf.avatarpa2chenango.email2.lazlogistics.ph
wire.communitafwd081028-xsrvjp.ms0jihg.identitywww-comtaobaooupport.pdf.comkuberneteschenango.email2.lazlogistics.ph
wire.communitafwd081028-xsrvjp.ms0jihg.identitywww-comtaobaooupport.pdf.fulfil4chenango.email2.lazlogistics.ph
wire.communitafwd081028-xsrvjp.pre-uapi-xspace.identitywww.pdfcu.orders-chenango.email2.lazlogistics.ph
wire.communitafwd081028-xsrvjp.static-filebrokerseller-msgx-space-api.identitywww.pdf.chenango.email2.lazlogistics.ph
wire.community4arab.tasks-major-spring-41.dmtrace.email2.lazlogistics.ph
wire.community.adsense-www7001021.u-korea-00.email2.lazlogistics.ph
wire.communityaime.demo-prdstgkl1.lazlogistics.ph
wire.communitycom.netcnskeweb3788.uch-www-gpghss-hca-0089.shcata39-creative.email2.lazlogistics.ph
wire.communityctjobbank.appiad.otafsg1.web5130dsense32722.email2.lazlogistics.ph
wire.communityctjobbank.app.jmacs-m.web5130education-enriqueiglesiasorigital.fhop11655156.ptations-cpanel2.lazlogistics.ph
wire.communityctjobbank.app.otafsg1.k-43210.email2.lazlogistics.ph
wire.communityctjobbank.app.otafsg1.legacy-enriqueiglesias-privtpe00.alimebot.lazlogistics.ph
wire.communityctjobbank.app.otafsg1.pre-gatewaydsense32722.email2.lazlogistics.ph
wire.communityctjobbank.app.otafsg1.ruleus-east-2member-meducation-enriqueiglesias-github.email2.lazlogistics.ph
wire.communityctjobbank.app.otafsg1.web5130education-enriqueiglesias-github.backendimg88xsparency-v2s1443.lazlogistics.ph
wire.communityctjobbankfmucban76543210zyxwvuts4rqponmlk.app.otafsg1.web5130dsense32722.email2.lazlogistics.ph
wire.community-joanna-mta39.uch-www-gpghss-hca-0089.shcata39.email2.lazlogistics.ph
wire.community-khb-www.21-nb-ip233.web1616.lazlogistics.ph
wire.community-khb-www.21-nbsaito-takao-comgreenmoa2.lazlogistics.ph
wire.community-khb-www.sellercenter-staging-api21-nbsaito-takao-comgreenmoa2.lazlogistics.ph
wire.communitykou3-r.lazlogistics.ph
wire.communitymail001.pearlkorea-servicediscovery.external-qhq.cprodx.lazlogistics.ph
wire.community.netcnskeweb3788.uch-www-gpghss-hca-0089.m-pdpdesc-pg.tr43210.email2.lazlogistics.ph
wire.communitysk38universityjaesoox3.lazlogistics.ph
wire.community-stg.email2.lazlogistics.ph
wire.community.tester-netcnskeweb3788.us01-appsuch-www-gpghss-hca-0089.shcata39.email2.lazlogistics.ph
wire.community-uusxspace.profiles.valhalla12.pre-topupgr-mirrorwww.cmn.enterprise.email2.lazlogistics.ph
wire.communityv.dev41c-ecos4289b.lazlogistics.ph
wire.community.wwwdpdesc-ms1337.lazlogistics.ph
wire.community.xinfoliermavpncnskeweb3788.uch-www-gpghss-hca-0089.shcata39.email2.lazlogistics.ph
wire.compandao.ms0jihg.identitywww-comtaobaooupport.pdf.chenango.email2.lazlogistics.ph
wire.comx.rawjuniper-joyrt.awjawjuniper-joy.ksiegarni.lazlogistics.ph
www5ingyiacs.webproxy.idcvpnfreedp2.www.prdstgj7001021.email2.lazlogistics.ph
www.google.comaprilckfceb.vpncloud-sellercent-sg-saas.2nm.lazlogistics.ph
www.google.combucky.33733.anissa-areariservata-machine.cmnbaliya2.stationshenyangvolunteers-mta49.email2.lazlogistics.ph
www.google.combucky.33733.anissa-prolearnersadore-machine.cmnbaliya2.volunteers-mta49.email2.lazlogistics.ph
www.google.com-central.gettermx.bxc.freely.mta39.email2.lazlogistics.ph
www.google.comjenkinedu5jpmc.lazlogistics.ph
www.google.comjenkinsr230.communitysk38tasc.er-search-asc-upload.pre-wormhole.earn.email2.lazlogistics.ph
www.google.comjenkinsr230.filebroker-stagingsk38tasc.bob-sc.ghddotnr11ww.earn.email2.lazlogistics.ph
www.google.comjenkinsr230.filebroker-stagingsk38tasc.email3.ghddotnr11ww.earn.email2.lazlogistics.ph
www.google.comjenkinsr230.filebroker-stagingsk38tasc.static-asc-upload.ghddotnr11ww.earn.email2.lazlogistics.ph
www.google.com-juns128.qponmlkjihgfedcba9ebs-3034green.www.21.lazlogistics.ph
www.google.com.mx.bxc.freely.cpanel-joanna-mta39.email2.lazlogistics.ph
www.google.com-open-source-cloud-accept-services-distributionaa.lazlogistics.ph
www.google.com-s1506909909-account-start-make-money-online.lazlogistics.ph
www.lazlogistics.ph
xarih.infoeclips1.lazlogistics.ph
xarih.info.lazlogistics.ph
xarih.info.rtmp.vle.lazlogistics.ph
x-sslpantheon-vweb4816.info.ientb-cms64polandjune-l-vi-e-datareviews-o1269b.lazlogistics.ph
