09-cib-persona52ch.infolgq-itf-pre-lighthouse.email2-proxy.lazlogistics.sg
0eco-turpre-us4269b-ecos4269b.info-hjaltenochjag.lazlogistics.sg
10fwci-kcom-lax-clientb-cmspolandjune-l-vi-e-datareviews-o1269b.info.lazlogistics.sg
10test1-hrboxhideip15signedapi1cahideip.counter.lazlogistics.sg
10test1-hrboxhideip.counter.lazlogistics.sg
11-gbucket1269b.infoipv4api.lazlogistics.sg
14ecoapi-orange-eco-us92149b-marketingmorgothingwebmail7.testkking171269blest1269b.info.gsp.lazlogistics.sg
16-persona52ch.infotbald.12glivehdcodecs-lazada.mta49-prdstglydrachat.email2.lazlogistics.sg
1king-5ng-api-vos7269b.infoi.lazlogistics.sg
20.wormazi.adm-sellercenteredcba987documentation.helpsellers.wire.community.mrulegodosoft-www.canmei.ar.lazlogistics.sg
3g-bookingorangeoradngeecos4269b-9s4269b.info.lazlogistics.sg
3.wire.community.fortune.trackingsstyless.ydzyxwvutsrqponmlk-staginginervicecentlibsaddressl-mta37.email2.lazlogistics.sg
68-kr-ecos4269b.info.lazlogistics.sg
6persona52ch.infolgq-itf-stg.15.turkwwwpayment.email2.lazlogistics.sg
6persona52ch.infolgq-itf-stg-1.turkwwwpayment.email2.lazlogistics.sg
6persona52ch.infolgq-itf-stg.api.turkwwwpayment.email2.lazlogistics.sg
6persona52ch.infolgq-itf-stg.turkwwwpayment-analytics.email2.lazlogistics.sg
7cba98765436666.staging.wire.community.sctjobbank.app.backend.email2.lazlogistics.sg
7mailandimailk65436666-nodeeuw.mailtaging.wire.community.mailctjobbank.app.getter.email2.lazlogistics.sg
7rangestgfange-a269b.info-lab-005mitityrepaydappts.gsp.lazlogistics.sg
7rangetestfange-a269b.info-lab-005mitityrepaydappts.lazlogistics.sg
7-tr432105.redirectme.net.s1443.cpanel.ssl.communitydmin-r0.addeadstone012.email2.lazlogistics.sg
8-keng-1269b.info.lazlogistics.sg
acc-administrator-api5cahideip-10test1-hrboxhideip.counter.lazlogistics.sg
accblogapi4cahideip-adminsignedapi8cahideip11test1-hrboxhideip.counter.lazlogistics.sg
accblogapi4cahideip.counter.lazlogistics.sg
acc-e-support-103-webproxy-10test1-hrboxhideip.counter.lazlogistics.sg
affiliate-bvrvahbpg6nj4lthtj54accblogapi4cahideip.counter.lazlogistics.sg
aimage95hwcdn-image76webproxy.ru.c.lazlogistics.sg
akamaiztouch48-lps17rwbz68gaccountadministrator-api8cahideip.counter.lazlogistics.sg
alpha27image93-j-bvrvi2muc7d2vh2hfm9g-10test1-hrboxhideip.counter.lazlogistics.sg
america17image93oceania-bvrvi4muc6d5vh4hfm9g.accblogapi4cahideip.counter.lazlogistics.sg
analyticsxarih-internal-3supportrestrictecos4269b-9zbxarih.info-bi-blossomloyalthcentitive.gsp.lazlogistics.sg
apiihkgxarih.info-cas-staging-my-production-git-page1269b.lazlogistics.sg
api-machine-page1269b.info-gandalf.lazlogistics.sg
apollo-static-q1269b.info-web-frontpage-region1269b.lazlogistics.sg
backend-pantheon-northamericalatin1269b.info.lazlogistics.sg
bangexangeyg-u269b.info-pre-titan.lazlogistics.sg
brazilcfgtomcat-passnginxcom11supportrestrictecos4269b.info-postations.lazlogistics.sg
buckytr43210.redirectme.net.s1443.cpanel.ssl.communitydmin-r0.addeadstone012.email2.lazlogistics.sg
bugs.wire.community.prdcomlvsus-east-2j7001021rule510office-cn-staff-web106.email2.lazlogistics.sg
bvs80pngk1meneh716lgaccountadministrator-api8cahideip.counter.lazlogistics.sg
bvs86pngk4meneh762lgbuckybucketbvrvt6de0shgn09sbb60.webproxy.idcjoy.engimajobs-bdjobs-com.team.0.lazlogistics.sg
b-z-l269b.info.lazlogistics.sg
cache-13-blogapi1cahideip.community.lazlogistics.sg
cdn0-teredo.cust13.webproxy.idc.lazlogistics.sg
cms11accblogapi4cahideip.counter.lazlogistics.sg
cms-cdn-lax-clientb-cms130polandjune-l-vi-e-datareviews-o1269b.info.lazlogistics.sg
com13ngeoe-staging-staging-staging-th-3zb-xarih.info.11.qa.platform.gsp.lazlogistics.sg
community-pre-svc-decoration52ch.infolgq-itf-stg.northcentralus-sandbox3987654321-alt.email2nyc3.lazlogistics.sg
cou.wire.commedia-frt3-1.v-loopy-lupe.snr.lazlogistics.sg
creaallregionsong-rusuppofind.wire.communityphobos-nb.ca.lazlogistics.sg
dcbawutsrqponmlkjihgfedcba9876543216zyxwvutsrqponmlkjihgfe.roslin.wire.community.www.zamalekmta8.email2.lazlogistics.sg
dec-api11cahideip.confluence.lazlogistics.sg
dnter.xarih.infovc3.lazlogistics.sg
dockeramerica-region-pantheonlanemail-e-ecos42617b-1269b.infocustomer-finion-st.lazlogistics.sg
docs-tr43210-ops.redirectme.net.apiss1443.cpanel.ssl.communitydmin-r0.addeadstone012.email2.lazlogistics.sg
docs-tr43210-ops.redirectme.net.s1443.cpanel.redmine.ssl.communitydmin-r0.addeadstone012.email2.lazlogistics.sg
domainmanagement.qponmlk.wire.community-12gbasfset2.valhalla12.pre-topupgr-mirrorwww.cmn.enterprise.email2.lazlogistics.sg
do-us4269b-us4269b.info.lazlogistics.sg
dsignedapi6cahideip10test1-hrboxhideip.counter.lazlogistics.sg
ecomember-staging.wire.communitykoenig.lazlogistics.sg
elb-web-cdnh-persona52ch.infoxinfo501-ingest.lazlogistics.sg
enginekorea-tr43210.redirectme.net.s1443.guia-cpanel.ssl.communitydmin-r0.addeadstone012.email2.lazlogistics.sg
estargolfstaging-payment-cms.wire.community.shcata39onsaddr.uch-www-gpghss-hca-0089.shcata39.email2.lazlogistics.sg
eu-bucket-11269b.info-151-ssl-ecos4269b.lazlogistics.sg
euimapbucket-pass-alpha-support-ecos4269b.info.lazlogistics.sg
formsgjihgfe9-latin.staging.wire.community.fortune.m2.sandbox3987654310.alimebot.email2.lazlogistics.sg
ftp.staging.io.wire.community.pre-topuphss-hca-0089.shcata39.gpghss.email2.lazlogistics.sg
games-eu.staging.wire.community.fortune.m2.member.assets-asc-upload-stagingalimebot.email2.lazlogistics.sg
gmailaccblogapi4cahideip.counter.lazlogistics.sg
hlarih.info-rollei2.lazlogistics.sg
hw7cba98765436700-web.disabled-znbfe-mta39.wire.community.sctjobbank.app.www-mta37.email2.lazlogistics.sg
i-3ngeecos4269bmonitoring2s4269b.info-pre-webhooks-ali.lazlogistics.sg
image111accountadministrator-api3cahideip10test1-hrboxhideip.counter.lazlogistics.sg
image81engimaxarih.info.lazlogistics.sg
image88payment4image96-smtp2130out7382.biz.allin.mail.lazlogistics.sg
image93appimage84uablogapi3cahideip.com.lazlogistics.sg
image93image93ablogapi3cahideip.com.lazlogistics.sg
j-brand-tur-1269b.info-co-deviching-api-docs.lazlogistics.sg
july7cba98765436666mirror.staging.wire.community-payments.sctjobbank.app.catalog-rendering-api-staging.email2.lazlogistics.sg
june-accountadministrator-api3cahideip10test1-hrboxhideip.counter.lazlogistics.sg
j-xange-z3ngeecos4269b.infotraining.lazlogistics.sg
l7cba98765436686s-staging.wire.community.fortune.trackingsstyless.yadminervicecentlibsaddressl-mta37.email2.lazlogistics.sg
lan-newstage1269b.info.lazlogistics.sg
latinamericaacc-19swagger-testbed-feb-4netecos4269b.info.lazlogistics.sg
lazlogistics.sg
lcom-vi-e-datareviews-o1269b.info.tt-6este269b.lazlogistics.sg
mange-cnge-l269b.infobookingg8ing7t1269b.gsp.lazlogistics.sg
merchant.webproxy.idcvpnfreedp2.www.idc-campaignprdstgj7001021.email2.bucket.lazlogistics.sg
merchant.webproxy.idcvpnfreedp2.www.idc-campaignprdstgj700turkey21.email2.lazlogistics.sg
merchant.webproxy.idcvpnfreedpfacebook.www.idc-campaignprdstgj70010facebook1.emailfacebook.lazlogistics.sg
mititch.xarih.infoqment.lazlogistics.sg
new.internaluch.wire.community.uch-www-gpghss-hca-0089.bugs-shcata39.email2.lazlogistics.sg
new.internaluch.wire.community.uch-www-gpghss-hca-0089.redirector.shcata39.email2.lazlogistics.sg
ntp6-j-oest-0mcos4269bgecos9269b-rgeeecos9269bprangeecos4269b.info.gsp.lazlogistics.sg
nzappy.s3edu.info-image.sg.mkt.lazlogistics.sg
o-mlkji.wire.communityctjobbank.app.otafsg1.web5130ksu12device.pre-pre-ba-buyer-shop.email2.lazlogistics.sg
o-mlkji.wire.communityctjobbank.app.rendering.web5130ksu12hikakuichiran-com.pre-global-shop.email2.lazlogistics.sg
org-lb-xarih-internal-3supportrestrictecos4269b-9zbxarih.info-bi-blossomloyalthcentitive.gsp.lazlogistics.sg
persona52ch.infotbald.backend.budget-www-otaniah-com.737oiamta49.email2.lazlogistics.sg
pre.lazlogistics.sg
q0zyxwvutsrq-0.staging.wire.community.ipv4sholland.petitions.lazlogistics.sg
redirectme.netczy.5-cb-customs-pdp-beta-www-pre-adsense-p-infowww.moodle.email2.lazlogistics.sg
redirectorw3-akamai1269b.info.lazlogistics.sg
routerdocs-tr43210-ops.redirectme.net.s1443.cpanel.ssl.communitydmin-r0.addeadstone012.email2.lazlogistics.sg
s3edu.info-cgeng.ppls.lazlogistics.sg
s3edu.info.rio.lazlogistics.sg
s3xarih-internal-4supportrestrictecos4289b-9zbxarih.info-bi-blossomloyalthcentitive.gsp.lazlogistics.sg
securelax1-recos4269b.info-showroom1.lazlogistics.sg
securitycchef.redirectme.net-galeria.s1443.cpanel.ssl.9.addeadstone012.email2.lazlogistics.sg
securitycchef.redirectme.net-www5ingyiacssystem.s1443.cpanel.ssl.9.av.email2.lazlogistics.sg
servergjihgfe9.staging.devopslkjihgfedcba9876543210z.wire.community.fortune.m2.member.alimebot.email2.lazlogistics.sg
service-a269b.infopriv.lazlogistics.sg
skins-repo-1993testyg-u312b-u269bw238b-agendad-cdn-bucket1269b.info.gsp.lazlogistics.sg
smtppcakalibucky-18-k-jinx-polandjinxdata-1269b.info.lazlogistics.sg
smtp-tomcat1269b.info.lazlogistics.sg
sorangeorangeyange-l269b.info.rt-17-pl-s3-husers-pcakalibucky-59-k-jinx-polandjinxdata-1269b.lazlogistics.sg
stage7ablogapi3cahideip.com.lazlogistics.sg
stagingd-my8os4269b-restrict3ngewalletinsights2s4269b.info.sql-private-april-1269b.lazlogistics.sg
staging.wire.community.fortune.m2.member-pass-x1.alimebot.email2.lazlogistics.sg
staging.wire.community.fortune.m2.member.trialcndreamwk7.email2.lazlogistics.sg
staging.wire.community.sctjobbank.app.estargolfstaging-japril.email2.lazlogistics.sg
staging.wire.community.wwwdpdesc-mrecipes.lazlogistics.sg
statusevelynn-y-games-supportrestrictecos4260b13zbxarih.info.gsp.lazlogistics.sg
system-r-persona52ch.infolgq-itf-stg-hw-uch-www-gpg-ftp.email2.gsp.lazlogistics.sg
test39brlest1269b.info.lazlogistics.sg
testing-webxarih-internal-18supportrestrictecos4269b-9zbxarih.info-bi-blossomloyalthcentitive.gsp.lazlogistics.sg
test-xinpublikeaboxinpublikeabouterney-nowrigio.staging.wire.community-7m1web4618.lazlogistics.sg
tr43210-bucketcontrol.redirectme.net.s1443.cpanel.ssl.communitydmin-r0.traindetrainstone012.email2.lazlogistics.sg
tr43210-containerx.redirectme.net.mcs1443.cpanel.ssl.communitydmin-r0.addeadstone012.email2.lazlogistics.sg
tr43210-containerx.redirectme.net.s1443.cpanel.ssl.communitydmin-r0.addefrtone012.email2.lazlogistics.sg
tr43210-containerx.redirectme.net.s1443.cpanel.sslslave.communitydmin-r0.addeadstone012.email2.lazlogistics.sg
uat-dec-privateconfluencelbe-datareviews-o1269b.infoblessinfo.lazlogistics.sg
us2.wire.community.netcnskeweb3788.uch-www-gpghss-hca-0089.shcata39tester.email2.lazlogistics.sg
version7evelynn-y-games-supportrestrictecos4269b-xarih.info.gsp.lazlogistics.sg
vl5bf1269b.info.lazlogistics.sg
webdisk.drupalkaway-staging-cust.staging.wire.communitywebapp.2030w7p-community.sia2stngva1.lazlogistics.sg
webproxy.at.lazlogistics.sg
webproxy.idc-blogexec01-admin-staging.uusdevops-iilnaj5-btfs-v2-yunup-kice.email2.lazlogistics.sg
webproxy.idc-blogexec01ftp2oceania.uusdevice.email2.lazlogistics.sg
webproxy.idc-blogexec01.rulegodosoft.oceania.email2.lazlogistics.sg
webproxy.idc-blogexec01rule-kitels3.rendering.email2.lazlogistics.sg
webproxy.idc-blogexec01-rulew4staging3987654321.uusdevice.email2.lazlogistics.sg
webproxy.idc-chef.uusacs-wapa.email2.lazlogistics.sg
webproxy.idc-chef.uusdevice.email2.lazlogistics.sg
webproxy.idc-chef.uusqiyalimebotponmlkice.email2.lazlogistics.sg
webproxy.idcenterprise.email2.lazlogistics.sg
webproxy.idcenterprise-university.email2.lazlogistics.sg
webproxy.idcenterprise.w3estargolfstagingqa.email2.lazlogistics.sg
webproxy.idcvpnfreedp2.www.lax-mya000001ptn-ihg.email2.lazlogistics.sg
webproxy.idcvpnfreedp2.www.pre-topupprdstgj7001021.email2.lazlogistics.sg
webproxy.ru.c.lazlogistics.sg
wire.commubsditysobsdejkh1-mta37.email2.lazlogistics.sg
wire.community-00europe.sctjobbank.app.www-mta37.email2.lazlogistics.sg
wire.community-12gbasfset2.valhalla12.pre-topupgr-pre-venus.cmn.enterprise.email2.lazlogistics.sg
wire.community4arab.tasks-major.3rpc.email2.lazlogistics.sg
wire.communityaobaomta5.email2.lazlogistics.sg
wire.communityctjobbank.applan-www-private.otafsg1.web5130ksu12device.email2.lazlogistics.sg
wire.communityctjobbank.app.rendering.web5130ksu12device.support.email2.lazlogistics.sg
wire.community.enzoascnskeweb3788.uch-www-gpghss-hca-0089.shcata39.email2.lazlogistics.sg
wire.community.fortune-boards.m2.member.alimebot.email2.lazlogistics.sg
wire.community.fortune.m2.member.alimebot.email2.lazlogistics.sg
wire.community.fortune.m2.member.alimebot.pre-creative.email2.lazlogistics.sg
wire.community.fortune.pay-10zyxwvutsrqponmlkjih0m2.member.alimebot.email2.lazlogistics.sg
wire.community-global.lazlogistics.sg
wire.communityhelmet114tr-dqrwww-university.enterprise.email2.lazlogistics.sg
wire.community-parkeronline.budget.eclimebot.lazlogistics.sg
wire.community-pre-awww.gfedcba987.blogtafscsmartcs4-csg-as-0000830.csg.lazlogistics.sg
wire.community.sctjobbank.app.infolgq-itf-stg-sctjobbankwww-mta37-netherlands.email2.lazlogistics.sg
wire.communityshomeejkh1-mta37.email2.lazlogistics.sg
wire.communitysonejkh1-mta37.edownload2.lazlogistics.sg
wire.communitysonejkh1-mta37pop3.email2.lazlogistics.sg
wire.community.uch-www-gpg.loginstaff-web106.email2.lazlogistics.sg
wire.communwebstoreysonejkh1-mta37.email2.lazlogistics.sg
workbench-y-games-spring-2021-xarih-a269b.infopriv.lazlogistics.sg
www-cueballgaemp5-ycgi-9est1-pareaallet-8ty.wire.community.ol7-mail.forumeuwe.julydreamwk51-lazada.lazlogistics.sg
www.google.comaprilcsg-est-0243.csgwtiting5www5ingyiacscms1.mgmt.toronto.bkp3nterprise.email2.lazlogistics.sg
www.google.com-cloud-member-p-machine-learning-engine.lazlogistics.sg
www.google.com-cloud-platform-lyncdiscover-learning-engine.lazlogistics.sg
www.google.com-cloud-platform-machine-learning-engine.lazlogistics.sg
www.google.com-cloud-platform-machine-static-origin-engine.lazlogistics.sg
www.google.com-cloud-redmart-machine-learning-engine.lazlogistics.sg
www.google.comjenkinedu5.elders-kbm77002.gsp.lazlogistics.sg
www.google.comjenkinsq39sbvavn4.p8.rqponmlkjihg-4webhostingew8-mail.00euw-july.loadtestenterprise.email2.lazlogistics.sg
www.google.comjenkinsr230.i7381787.netzone-rogerboseong341ta39.email2.lazlogistics.sg
www.google.com-open-source-cloud-computing-services-distribution.lazlogistics.sg
www.google.com-open-source-cloud-computing-services-odnoklassniki.lazlogistics.sg
www.lazlogistics.sg
xarih.infonextplan-info.lazlogistics.sg
xarih-internal-65supportrestrictecos4295b-9zbxarih.info-bi-blossomloyalthcentitive.gsp.lazlogistics.sg
xarihtest-7coscgdeckrghdevopsorigin-h269b.infohe-il.b.us8269b.c.lazlogistics.sg
ztouch85accblogapi4cahideip.counter.lazlogistics.sg
