accounts.onduo.com
accounts.playground.internal.onduo.com
accounts.staging.onduo.com
aovpn.onduo.com
authform.onduo.com
autopush.internal.onduo.com
badcall.onduo.com
calendar.onduo.com
care.api.playground.internal.onduo.com
click.email1.onduo.com
click.email.onduo.com
clicks2.onduo.com
cloud.email1.onduo.com
cloud.email.onduo.com
console.dev.onduo.com
console.onduo.com
curious.onduo.com
da.onduo.com
demo.onduo.com
develop.onduo.com
dev.internal.onduo.com
docs.onduo.com
drive.onduo.com
email1.onduo.com
email.dev.onduo.com
email.gh-mail.onduo.com
email.notify.onduo.com
email.onduo.com
email.staging.onduo.com
enroll.onduo.com
enroll.staging.onduo.com
enterpriseenrollment.onduo.com
fbtest.onduo.com
firebasetest.onduo.com
get.onduo.com
go.onduo.com
herokudev.onduo.com
herokuqa.onduo.com
home.onduo.com
hqvpn.onduo.com
hr.onduo.com
image.email1.onduo.com
image.email.onduo.com
imvpn.onduo.com
ithelp.onduo.com
jira.onduo.com
jobs.onduo.com
join.onduo.com
localhost.email.onduo.com
login.dev.internal.onduo.com
login.playground.internal.onduo.com
login.qa-express.internal.onduo.com
login.qa-milestone.internal.onduo.com
login.qa-summative.internal.onduo.com
mail.onduo.com
memberclaims.onduo.com
mta2.email.onduo.com
mta.email1.onduo.com
mta.email.onduo.com
newuser.onduo.com
onduo.com
pages.email1.onduo.com
pages.email.onduo.com
playground.internal.onduo.com
primasun-enroll.dev.onduo.com
primasun-enroll.onduo.com
primasun-enroll.staging.onduo.com
process.onduo.com
program.dev.onduo.com
program.onduo.com
qa-express.internal.onduo.com
qa-milestone.internal.onduo.com
qa-summative.internal.onduo.com
sales.onduo.com
sftp-dev.onduo.com
sftp.onduo.com
sites.onduo.com
spam.onduo.com
sso-jhaspire.onduo.com
sso-jhaspire.staging.onduo.com
sso-sharecare.onduo.com
sso-sharecare.staging.onduo.com
staging-accounts.onduo.com
staging-enroll.onduo.com
staging.onduo.com
start.onduo.com
static.onduo.com
static.staging.onduo.com
tableaudev.onduo.com
tableau.onduo.com
vault.onduo.com
view.email1.onduo.com
view.email.onduo.com
vpnhq.onduo.com
walgreens.onduo.com
wiki.onduo.com
www.get.onduo.com
www.onduo.com
www.primasun-enroll.dev.onduo.com
www.primasun-enroll.onduo.com
www.primasun-enroll.staging.onduo.com
www.tableaudev.onduo.com
www.tableau.onduo.com
