0.r1.unverified-forwarding.projectbaseline.com
102.r3.unverified-forwarding.projectbaseline.com
109.r4.unverified-forwarding.projectbaseline.com
116.r2.unverified-forwarding.projectbaseline.com
blog.projectbaseline.com
click.projectbaseline.com
cloud.projectbaseline.com
corona-pad4.projectbaseline.com
ctls.projectbaseline.com
dashboard.projectbaseline.com
dev-cdn-1.projectbaseline.com
go.projectbaseline.com
gsfc.projectbaseline.com
hostmta.projectbaseline.com
image.projectbaseline.com
macnica-poc-oid.projectbaseline.com
macnica-pocpayext.projectbaseline.com
msg.projectbaseline.com
mta.projectbaseline.com
_.projectbaseline.com
projectbaseline.com
ptr.projectbaseline.com
pts0c.projectbaseline.com
pttpage.projectbaseline.com
search.projectbaseline.com
unverified-forwarding.projectbaseline.com
view.projectbaseline.com
www.projectbaseline.com
yourprogramforgottosendanonce.projectbaseline.com
