20.verily.com
360-security-antivirus-free.it.verily.com
818-v-ironmask.verily.com
abra-labeling.api.verily.com
abra-labeling-demo.api.verily.com
abra-labeling-dev.api.verily.com
abra-labeling-dev-ehr-viewer-abra-labeling.api.verily.com
abra-labeling-dev-labeler-backend-abra-labeling.api.verily.com
abra-labeling-dev-scheduler-flask-abra-labeling.api.verily.com
abra-labeling-dev-sql-proxy-abra-labeling.api.verily.com
agway-dev-dynamo-https.api.verily.com
akuariummaskoki.verily.com
amir-antivirus.verily.com
analytics-dev-dynamo.api.verily.com
analytics-prod-dynamo.api.verily.com
analytics-staging-dynamo.api.verily.com
analytics-staging-dynamo-https.api.verily.com
anonymousmask.verily.com
antivirus-2018.verily.com
antivirus-38b65.verily.com
antivirus-extension.verily.com
antivirus-for-all.verily.com
antivirus-free.verily.com
antivirus-security-free.br.verily.com
antivirus-security-free.verily.com
antivirus.verily.com
api.helix-pilot.verily.com
api.helix.verily.com
aquarium-dev.api.verily.com
aquarium-eng.api.verily.com
aquarium-staging.api.verily.com
aquarium-study.api.verily.com
arda-camera-dev-aquarium-cluster2.api.verily.com
arda-camera-dev-aquarium-cluster.api.verily.com
arda-camera-dev-credential-api-cluster.api.verily.com
arda-camera-dev-flask-bazel-example-cluster.api.verily.com
arda-camera-staging-aquarium-aquarium-cluster.api.verily.com
argentinasinvacunas.verily.com
atlantis-life.api.verily.com
atlantis-trailblazer.api.verily.com
auth.healthy-dev.verily.com
auth.healthy-staging2.verily.com
auth.healthy-staging.verily.com
auth.healthy.verily.com
auth.helix-pilot.verily.com
auth.helix.verily.com
avast-premier-antivirus.en.verily.com
avg-antivirus-free.en.verily.com
avg-anti-virus-free.it.verily.com
avg-antivirus-free.verily.com
avira-free-antivirus.en.verily.com
avira-free-antivirus.fr.verily.com
avira-free-antivirus.it.verily.com
avira-free-antivirus.ko.verily.com
avira-free-antivirus.verily.com
avira-free-antivirus.vi.verily.com
baidu-antivirus.en.verily.com
baidu_antivirus.th.verily.com
beagle-fusion.api.verily.com
beagle-fusion-dev.api.verily.com
beaglefusiondev.api.verily.com
beagle-fusion.verily.com
bfdev2.api.verily.com
bf-dev.api.verily.com
bf-dev-two.api.verily.com
blog.verily.com
bokepcorona.verily.com
br.verily.com
buatmaskerwajah.verily.com
bucket-browser.api.verily.com
bucket-browser-dev.api.verily.com
bukatopengmu07.verily.com
buy-antivirus-uk.verily.com
cekvirus.verily.com
cloud.verily.com
cocovida.verily.com
coronanachrichten.verily.com
coronarenderer.verily.com
coronasdk.verily.com
corona.verily.com
corputh.hecorplthy-dev.verily.com
covid-19-api.verily.com
covid19.verily.com
datafoundation-airflow-dev.api.verily.com
datafoundation-cql-engine-dev.api.verily.com
datafoundation-cql-hapi.api.verily.com
datafoundation-cql-hapi-dev.api.verily.com
datafoundation-cql-runner-dev.api.verily.com
datafoundation-haw-dev.api.verily.com
dbt-cloud-dev.api.verily.com
dbt.verily.com
demo2-dev-jbp-20200512-1-https.api.verily.com
demosvc-dev-release-0723-rc0-https.api.verily.com
detenganlavacuna.verily.com
dev.cloud.verily.com
devices-fleet-monitor-dev.api.verily.com
dev.lab-results.verily.com
dev.plato.verily.com
dev.retinal.verily.com
dev-tech-talk.api.verily.com
digital-pathology-lumea-inference-dev.api.verily.com
di-grafana-dev.api.verily.com
di-grafana-prod.api.verily.com
distanceeducation.verily.com
distance-ed.verily.com
dmi-console-test2.api.verily.com
dmi-console-test.api.verily.com
donvirus.verily.com
dp-ehr-dev-ss-http-cluster.api.verily.com
dramaskfan.verily.com
dr-web-anti-virus-light-free.br.verily.com
dynamo-test-infra-palanaeum.api.verily.com
e2e-0624a-dev-release-0624-https.api.verily.com
e2e-0624-dev-release0519-https.api.verily.com
e2e-0624-dev-release-0624-https.api.verily.com
e2e-0723-dev-release0519-https.api.verily.com
e2e-0723-prod-release0519-https.api.verily.com
e2e-dev-release-0618a-https.api.verily.com
e2e-dev-release-0618-https.api.verily.com
e2e-prod-release-0618-https.api.verily.com
e2e-s1-dev-release0519-https.api.verily.com
e2e-s1-prod-release0519-https.api.verily.com
ebsbokepcorona.verily.com
ebscovideos.verily.com
ecdc.verily.com
enengine.verily.com
en.verily.com
escan-anti-virus.en.verily.com
eset_nod32_antivirus.hu.verily.com
eset-nod32-antivirus.it.verily.com
eset-nod32-antivirus.th.verily.com
eset_nod32_antivirus.tr.verily.com
eset-nod32-antivirus.tr.verily.com
eset-nod32-antivirus.verily.com
fido-dev-onduo-https.api.verily.com
foodvaccine.verily.com
fr.verily.com
ghostfacemask.verily.com
ghsync.api.verily.com
ghsync-dev.api.verily.com
ghsync-staging.api.verily.com
gitsync1-dev-zhq-051520-a-https.api.verily.com
gothedistance.verily.com
go.verily.com
gradle-enterprise-prod-helm-cluster.api.verily.com
granular-uw-dev-rater-fe-cluster.api.verily.com
granular-uw-hackathon-orchest-rater-cluster.api.verily.com
granular-uw-hackathon-rater-fe-cluster.api.verily.com
granular-uw-maciej-scratch-dashboard-be-cluster.api.verily.com
grpc-dev-xyan-test-https.api.verily.com
grudge-pandemic.verily.com
healthy-dash.verily.com
healthy-dev.verily.com
healthy-staging2.verily.com
healthy-staging.verily.com
healthy.verily.com
helix-pilot.verily.com
helix.verily.com
helloworld-dev-rayt-demo-https.api.verily.com
helpstopthevirus.verily.com
help.verily.com
highmark-nba-dev-core-engine-dev-gke.api.verily.com
hu.verily.com
infectionprevention.verily.com
infections.verily.com
interferon.verily.com
it.verily.com
kaspersky-anti-virus.en.verily.com
kaspersky-free-antivirus.en.verily.com
koronaii.verily.com
korona-na-monetach.verily.com
ko.verily.com
labelstudio-dev2.api.verily.com
labelstudio-dev.api.verily.com
lab-results.verily.com
lacouronne.verily.com
linebinevaskemaskine.verily.com
longer-service-dev-jt-200529-a-https.api.verily.com
lp.verily.com
mabinogi.verily.com
mamaskruemel.verily.com
mascara-tutankhamon-microsite.verily.com
mascara.verily.com
maskedfp.verily.com
maskedrider.verily.com
maskepphajhosszabbitas.verily.com
maskingbodysuits.verily.com
maskingcentral.verily.com
maskman626.verily.com
maskofgoblin.verily.com
maskomuter.verily.com
maskrtnici.verily.com
mask.verily.com
mcafee-antivirus-plus.en.verily.com
mcafee-antivirus-plus.verily.com
melhor-antivirus.br.verily.com
message-automation-demo.api.verily.com
messy.verily.com
metamask.verily.com
middle-distance-classic.verily.com
monitoring-app-dev.api.verily.com
m.sapporovaccine.verily.com
muhunupothamuluthange.verily.com
new-svc-dev-jt-post-v2.api.verily.com
new-svc-dev-jt-post-v2-https.api.verily.com
ng-helm-manifest-democluster.api.verily.com
nicovideo.verily.com
nonprod-validic-sensorsuite.api.verily.com
norovirus.verily.com
norton_antivirus.en.verily.com
norton-antivirus.en.verily.com
norton-antivirus.verily.com
oayo.verily.com
onduo-autopush-console.api.verily.com
onduo-autopush-console-webapp-default-cluster.api.verily.com
onduo-console.api.verily.com
onduo-demo-console.api.verily.com
onduo-demo-mobile-api-gateway.api.verily.com
onduo-dev-console.api.verily.com
onduo-dev-mobile-api-gateway.api.verily.com
onduo-dev-mobile-api-gateway-default-cluster.api.verily.com
onduo-dev-shared-frontend-console-webapp-cluster.api.verily.com
onduo-playground-admin-frontend-webserver.api.verily.com
onduo-playground-care-api-gateway.api.verily.com
onduo-playground-care-hub-webserver.api.verily.com
onduo-playground-console.api.verily.com
onduo-playground-mobile-api-gateway.api.verily.com
onduo-prod-mobile-api-gateway.api.verily.com
onduo-qa-express-console.api.verily.com
onduo-qa-express-mobile-api-gateway.api.verily.com
onduo-qa-milestone-console.api.verily.com
onduo-qa-milestone-mobile-api-gateway.api.verily.com
onduo-qa-summative.api.verily.com
onduo-qa-summative-mobile-api-gateway.api.verily.com
onduo-shared-frontend-dev.api.verily.com
osa-app-preprod.verily.com
osa-app-staging.verily.com
osa-app.verily.com
page.verily.com
painel.antivirus.verily.com
panda-free-antivirus.en.verily.com
panda-free-antivirus.it.verily.com
patch-dev.verily.com
patch-staging.verily.com
patch.verily.com
pc-lab-data-dev.api.verily.com
platform-eng-dev-karissa-test-misc-services.api.verily.com
platform-eng-dev-test-node-gql-misc-services.api.verily.com
platform-eng-dev-test-react-misc-services.api.verily.com
platform-eng-react-service.api.verily.com
platform-eng-testing-react-service-cluster.api.verily.com
plato.verily.com
policy-bot-dev3.api.verily.com
policy-bot-dev.api.verily.com
policy-bot-staging.api.verily.com
portal-autopush-sensorsuite.api.verily.com
prm.api.verily.com
publichealth.verily.com
python-service-dev.api.verily.com
quarter-virus.verily.com
quick-heal-antivirus-pro-16.en.verily.com
r20200618rc5-dev-engprod-https.api.verily.com
react-20211118.api.verily.com
react-graphql-test2.api.verily.com
redox-dev.api.verily.com
redox-prod.api.verily.com
redox-staging.api.verily.com
regionservice-dev-carusom-test-https.api.verily.com
release-0723-rc2-dev-engprod-https.api.verily.com
release-0723-rc2-prod-engprod-https.api.verily.com
removeviruswithease.verily.com
repo-watch-fixer.api.verily.com
repo-watch-fixer-dev.api.verily.com
repo-watch-fixer-staging.api.verily.com
respiratory-research.verily.com
respiratorysystemsinfo.verily.com
respiratorytherapycave.verily.com
respiratory.verily.com
retina-dev.api.verily.com
reviewnb.api.verily.com
reviewnb-webhooks.api.verily.com
sam-dev.api.verily.com
samstentz-https.api.verily.com
sapporovaccine.verily.com
scv-d-dev-jt-200529-a-https.api.verily.com
senitopeng.verily.com
sensorsuite.api.verily.com
sensorsuite-autopush.api.verily.com
sensorsuite-preprod.api.verily.com
service-route-demo.api.verily.com
share.verily.com
shortcut-virus-remover.software.verily.com
sid-dev.api.verily.com
sid-eng.api.verily.com
sid-staging.api.verily.com
sid-study.api.verily.com
sleepmask.verily.com
smadav-antivirus-2016.en.verily.com
software.verily.com
sourcegraph.api.verily.com
sourcegraph-dev.api.verily.com
sourcegraph-staging.api.verily.com
split-service-dev-carusom-test-https.api.verily.com
split-service-prod-carusom-test-https.api.verily.com
staging.cloud.verily.com
staging.engine1.yql.sp2.verily.com
staging.plato.verily.com
staging-tech-talk.api.verily.com
stargazer-prm-admin-dev.api.verily.com
stargazer-prm-autopush.api.verily.com
stargazer-prm-autopush-web.api.verily.com
stargazer-prm-dev-admin.api.verily.com
stargazer-prm-dev-admin-console-backend-cluster.api.verily.com
stargazer-prm-dev.api.verily.com
stargazer-prm-dev-checkin-backend-cluster.api.verily.com
stargazer-prm-dev-cloudsql-proxy-cluster.api.verily.com
stargazer-prm-dev-ehr-integration.api.verily.com
stargazer-prm-dev-ehr-integration-ehr-cluster.api.verily.com
stargazer-prm-dev-ehr-service.api.verily.com
stargazer-prm-dev-ehr-web-cluster.api.verily.com
stargazer-prm-dev-embedded-dev-test-harness.api.verily.com
stargazer-prm-dev-embedded-test-harness.api.verily.com
stargazer-prm-dev-iac.api.verily.com
stargazer-prm-dev-iac-backend.api.verily.com
stargazer-prm-dev-internal-admin-console.api.verily.com
stargazer-prm-dev-pgadmin4-cluster.api.verily.com
stargazer-prm-dev-teleretinal-service.api.verily.com
stargazer-prm-dev-teleretinal-service-cluster.api.verily.com
stargazer-prm-single-spa-prototype-dev.api.verily.com
stargazer-prm-staging.api.verily.com
stargazer-prm-staging-embedded-test-harness.api.verily.com
stargazer-prm-staging-web.api.verily.com
stargazer-prm-study.api.verily.com
stargazer-prm-study-auth-proto.api.verily.com
stargazer-prm-study-checkin-backend.api.verily.com
stargazer-prm-study-embedded-test-harness.api.verily.com
stargazer-prm-study-iap-proto.api.verily.com
studyhub-autopush-sensorsuite.api.verily.com
studyhub-dev-sensorsuite.api.verily.com
studyhub-preprod-sensorsuite.api.verily.com
studyhub-prod-sensorsuite.api.verily.com
studyhub-staging-sensorsuite.api.verily.com
support.verily.com
svc01-prod-release-0723-rc0-https.api.verily.com
svc02-dev-release-0709-rc1-https.api.verily.com
svc02-dev-release-0723-rc1-https.api.verily.com
svc02-prod-release-0709-rc1-https.api.verily.com
svc02-staging-release-0723-rc1-https.api.verily.com
svc-200622-pre-dev-jt-200529-a-https.api.verily.com
svc-20200422-prod-engprod-https.api.verily.com
svc28-dev-release-0723-rc0-https.api.verily.com
svc28-prod-release-0723-rc0-https.api.verily.com
svc2-dev-r-0730-rc0-https.api.verily.com
svc-2-dev-release-0709-rc1-https.api.verily.com
svc-2-prod-release-0709-rc1-https.api.verily.com
svc-a-dev-jt-200529-a-https.api.verily.com
svc-a-dev-release-0629-01-https.api.verily.com
svc-a-dev-release-0629-rc1-https.api.verily.com
svc-a-staging-release-0723-rc1-https.api.verily.com
svc-b-dev-jt-200529-a-https.api.verily.com
svc-d-dev-jt-200529-a-https.api.verily.com
svc-d-dev-release-0723-rc0-https.api.verily.com
svc-dev-jt-20200716-a-https.api.verily.com
svc-d-prod-release-0723-rc0-https.api.verily.com
svc-e-dev-jt-200529-a-https.api.verily.com
svc-post-dev-rc0-20200627-https.api.verily.com
svc-pre-dev-jt-pre-v1-5-https.api.verily.com
svc-zz-dev-engprod-https.api.verily.com
t0625-1-dev-jbp-20200625-0-https.api.verily.com
t0701-1-dev-jbp-20200625-0-https.api.verily.com
tanagra-test.api.verily.com
teekaewpreecha2555.verily.com
terra-autopush-ecm.api.verily.com
terra-autopush-sam.api.verily.com
terra-autopush-ui-terra.api.verily.com
terra-autopush-wsm.api.verily.com
terra-devel-ecm.api.verily.com
terra-devel-externalcreds-manager.api.verily.com
terra-devel-rbs.api.verily.com
terra-devel-sam.api.verily.com
terra-devel-sam-terra.api.verily.com
terra-devel-ui-terra.api.verily.com
terra-devel-wsm.api.verily.com
terra-dev-workspace.api.verily.com
terra-preprod-ecm.api.verily.com
terra-preprod-sam.api.verily.com
terra-preprod-sam-terra.api.verily.com
terra-preprod-ui-terra.api.verily.com
terra-preprod-wsm.api.verily.com
terra-sam.api.verily.com
terra-staging-ecm.api.verily.com
terra-staging-sam.api.verily.com
terra-staging-sam-terra.api.verily.com
terra-staging-ui-terra.api.verily.com
terra-staging-wsm.api.verily.com
terra-ui.api.verily.com
terra-ui-terra.api.verily.com
terra.verily.com
terra-wsm.api.verily.com
test-200616-0-dev-jbp-20200512-1-https.api.verily.com
test-dev-release-0723-rc0-https.api.verily.com
test-prod-release-0723-rc0-https.api.verily.com
test-rollous-prod-carusom-test-https.api.verily.com
test-sql-sandbox.api.verily.com
themaskedmoron.verily.com
the-mask.verily.com
thevaccinesuk.verily.com
th.verily.com
tolakviruss.verily.com
toltoallomaskereso.verily.com
torimaskepp.verily.com
totalav-essential-antivirus.fr.verily.com
totalav-essential-antivirus.verily.com
tr.verily.com
uniformy-a-maskace.verily.com
unverified-forwarding.verily.com
v3doc.api.verily.com
v3doc-gke.api.verily.com
vaccine-bc-huang.verily.com
vaccine-schedule.ecdc.verily.com
vaccines.verily.com
vaccine.verily.com
vaccin-voyage-ghparis10.verily.com
vacunatorio.verily.com
validation-report-dev.api.verily.com
validic-sensorsuite.api.verily.com
value-suite-cpe-autopush.api.verily.com
value-suite-cpe-dev.api.verily.com
value-suite-cpe-staging.api.verily.com
value-suite-dev-oi-fe-server-vvs-gke-dev.api.verily.com
value-suite-dev-pje-fe-client-vvs-gke-dev.api.verily.com
value-suite-emory-dev-oi-fe-client-vs-gke.api.verily.com
value-suite-emory-dev-oi-fe-server.api.verily.com
value-suite-oi-autopush.api.verily.com
value-suite-oi-dev.api.verily.com
value-suite-oi-emory-preprod.api.verily.com
value-suite-oi-emory-prod.api.verily.com
value-suite-oi-fe-dev.api.verily.com
value-suite-oi-fe-server-dev.api.verily.com
value-suite-oi-staging.api.verily.com
value-suite-pje-autopush.api.verily.com
value-suite-pje-dev.api.verily.com
vampiros-a-mascara.verily.com
vc-react.api.verily.com
vc-releases-dra-dev-demo-0125-gke-cluster.api.verily.com
vc-releases-dra-dev-demo-release-20210802.api.verily.com
vc-releases-dra-dev-dev0301-dev0301.api.verily.com
vc-releases-dra-staging-demo-release20210318rc2.api.verily.com
vc-releases-dra-staging-n0405-t0405.api.verily.com
vee-verbgotest-cluster.api.verily.com
vendor-portal.verily.com
verily.com
verily-datascience-dev3-policy-bot-cluster.api.verily.com
verily-datascience-test-flask-service.api.verily.com
verily-eng-edu-adriannawenz-ai-adriannawenz.api.verily.com
verily-eng-edu-alexlaurin-ai-alexlaurin.api.verily.com
verily-eng-edu-carusom-ai-carusom-http-cluster.api.verily.com
verily-eng-edu-carusom-docker-cluster.api.verily.com
verily-eng-edu-carusom-sql-carusom-sql-cluster.api.verily.com
verily-eng-edu-daron-ai-daronmcintosh.api.verily.com
verily-eng-edu-frankf-ai-frankf-http-cluster.api.verily.com
verily-eng-edu-jkae-ai-jkae-http-cluster.api.verily.com
verily-eng-edu-limuxiao-ai-2-limuxiao.api.verily.com
verily-eng-edu-lixzhang-dev-lixzhang-a-cluster.api.verily.com
verily-eng-edu-lixzhang-mysql-lixzhang-g-cluster.api.verily.com
verily-eng-edu-lixzhang-mysql-lixzhang-r-cluster.api.verily.com
verily-eng-edu-lixzhang-ng-lixzhang-r-cluster.api.verily.com
verily-eng-edu-lixzhang-sql-lixzhang-g-cluster.api.verily.com
verily-eng-edu-lixzhang-sql-lixzhang-r-cluster.api.verily.com
verily-eng-edu-lixzhang-sql-lixzhang-sql-cluster.api.verily.com
verily-eng-edu-mrodusek-ai-mrodusek-http.api.verily.com
verily-eng-edu-regev-ai-regevcohen-http-cluster.api.verily.com
verily-eng-edu-ss-http.api.verily.com
verily-eng-edu-zfilip-ai-zfilip-http-cluster.api.verily.com
verily-eng-edu-zfilip-sql-zfilip-sql-cluster.api.verily.com
verilygroups-test.api.verily.com
verily-plato-demos-dev-demo-ng-democluster.api.verily.com
verily-plato-demos-dev-monorepo1-democluster.api.verily.com
verily-plato-demos-dev-monorepo-democluster.api.verily.com
verily-plato-demos-dev-ng-20211014-democluster.api.verily.com
verily-plato-demos-react-20211118.api.verily.com
verily-plato-demos-staging-demo-ng-democluster.api.verily.com
verily-plato-demos-stg-ng-20211014-democluster.api.verily.com
verily-tanagra-dev-ui-cluster.api.verily.com
vhp-assessment-engine-dev-fe-client-cluster.api.verily.com
vhp-enrollment-ahernsdorf-ai-ahernsdorf.api.verily.com
vhp-enrollment-dev-fe-client-cluster.api.verily.com
vhp-trisotech.api.verily.com
vhp-trisotech-dev.api.verily.com
vhp-workflows-dev-camunda-service-camunda-worker.api.verily.com
vhp-workflows-dev-chxx-trisotech.api.verily.com
vhp-workflows-dev-trisotech.api.verily.com
virus0826.verily.com
virus-20.verily.com
virusdesk.verily.com
virusirto.verily.com
viruslex.verily.com
virusscan.verily.com
virus.verily.com
viruswriter.verily.com
vi.verily.com
vph.api.verily.com
vph-autopush.api.verily.com
vph-staging.api.verily.com
vrc-prm.api.verily.com
walkingmask.verily.com
ww2.verily.com
www.thiswebsitedoesnotexist.verily.com
www.verily.com
www.vuecli.verily.com
www.yoda.verily.com
yellowfevervaccine.verily.com
