0.whatsapp.com
10.72.105.165www.whatsapp.com
123.xl.whatsapp.com
171.33.52.7web.whatsapp.com
2fapi.whatsapp.com
2ffaq.whatsapp.com
501-971v.whatsapp.com
63.whatsapp.com
account.whatsapp.com
alpha.whatsapp.com
api.whatsapp.com
apl.whatsapp.com
autodiscover.whatsapp.com
axishitz.whatsapp.com
axis.whatsapp.com
betablog.whatsapp.com
betal.whatsapp.com
beta.whatsapp.com
bin-nokia.whatsapp.com
blogl.whatsapp.com
blog.whatsapp.com
bug.whatsapp.com
business.whatsapp.com
b.whatsapp.com
c6.whatsapp.com
calendar.whatsapp.com
call.whatsapp.com
cdn.whatsapp.com
chat.whatsapp.com
clients6.google.comw1.web.whatsapp.com
contact.whatsapp.com
c.whatsapp.com
dev-web-beta.whatsapp.com
dev-web.whatsapp.com
download.whatsapp.com
dyn.web.whatsapp.com
e17.whatsapp.com
e3.whatsapp.com
e7.whatsapp.com
faq.whatsapp.com
fb.whatsapp.com
ftl.whatsapp.com
gamma.whatsapp.com
gb.whatsapp.com
gmail.whatsapp.com
graph.whatsapp.com
indosat.whatsapp.com
internetcall.whatsapp.com
in.whatsapp.com
lerequest-lookaside.whatsapp.com
lerequest.whatsapp.com
mail.whatsapp.com
manga.whatsapp.com
_media_cache_v2_.whatsapp.com
media.whatsapp.com
mmg.whatsapp.com
mmx.whatsapp.com
music.whatsapp.com
m.whatsapp.com
my-od-1.whatsapp.com
my-od-2.whatsapp.com
my-od-3.whatsapp.com
my-od-4.whatsapp.com
my-od-5.whatsapp.com
my-od.whatsapp.com
nokia.whatsapp.com
ns1.whatsapp.com
n.whatsapp.com
payments-localisation.whatsapp.com
pixel.whatsapp.com
ratings.whatsapp.com
sjc.whatsapp.com
smtp101.sjc.whatsapp.com
stats.whatsapp.com
support.whatsapp.com
telkomsel.whatsapp.com
test-web.whatsapp.com
translate-dev.whatsapp.com
translate.whatsapp.com
tri.whatsapp.com
up.web.whatsapp.com
vudeo.whatsapp.com
vvv.whatsapp.com
vv.whatsapp.com
v.whatsapp.com
w0.web.whatsapp.com
w0.whatsapp.com
w10.web.whatsapp.com
w1.web-t.whatsapp.com
w1.web.whatsapp.com
w2.web-t.whatsapp.com
w2.web.whatsapp.com
w3.web-t.whatsapp.com
w3.web.whatsapp.com
w4.web-t.whatsapp.com
w4.web.whatsapp.com
w5.web.whatsapp.com
w6.web.whatsapp.com
w7.web.whatsapp.com
w8.web.whatsapp.com
w9.web.whatsapp.com
webdev.whatsapp.com
web-t.whatsapp.com
web.whatsapp.com
web.whatsapp.comweb.whatsapp.com
whatsapp.com
ww1.whatsapp.com
wwe.whatsapp.com
w.whatsapp.com
wwl.whatsapp.com
wwq.whatsapp.com
www.cdn.whatsapp.com
www.faq.whatsapp.com
wwwl.whatsapp.com
www.telkomsel.whatsapp.com
www.v.whatsapp.com
www.web.whatsapp.com
www.whatsapp.com
www.xl.whatsapp.com
xl.whatsapp.com
youshouldopenweb.whatsapp.com
